 + ++++++++++++++++++++++++++++++++++++++++++++++++++++++++++++++++++++ +
 +                                                                      +
 +           You have chose to blind your fitting according to          +
 +                omega_ref * (1 + (R +/- deltaR) *10^{-6})             +
 +                                                                      +
 + ++++++++++++++++++++++++++++++++++++++++++++++++++++++++++++++++++++ +
In main()...
reading format from /gm2data/zkhechad/run45/envelope/formats/formatB_sBin_constraintOn.txt
pBinTau 	= 0  
pBinPhi 	= 0  
constraintau 	= 1 
includeMopTerm 	= 0    
constrainMop    = 0   
Parameters after format file: pBinTau 0 pBinPhi 0 constraintau 1 includeMopTerm 0 constrainMop 0 c_e_scale 0.000000 
reading cbo reference file (full fit) from /gm2data/zkhechad/cboTemplates/Run4CBOTemplates/fullFits/run4/sBin_constraintOn_cE0.0_seed0_run4_calo17.root
A_CBO 0.009291 w_CBO 2.326535 phi_CBO 1.607848 N0 3083493.360911 R -60.483843 tau 64.408135 
Reading cboRef file /gm2data/zkhechad/cboTemplates/Run4CBOTemplates//cboIsolate/run4_calo17.root
deltaT 164.120000
windowBins = 1100
fitting sliding window 2320 from bin 2523 at 376.431600 to bin 3623 at 540.551600 (1100 bins)

Reading data from /gm2data/cornell/histograms/aMethod/histogram_a_run4.root
fitting cbo isolate
 **********
 **    1 **SET PRINTOUT            1
 **********
 **********
 **    2 **SET NOWARNINGS 
 **********
 PARAMETER DEFINITIONS:
    NO.   NAME         VALUE      STEP SIZE      LIMITS
     1 A_CBO        9.29121e-03  1.00000e-05     no limits
     2 w_CBO        2.32653e+00  1.00000e-02    2.00000e+00  3.00000e+00
     3 phi_CBO      1.60785e+00  1.00000e-02    0.00000e+00  6.28319e+00
 **********
 **    3 **MIGRAD
 **********
 FIRST CALL TO USER FUNCTION AT NEW START POINT, WITH IFLAG=4.
 START MIGRAD MINIMIZATION.  STRATEGY  1.  CONVERGENCE WHEN EDM .LT. 1.00e-04
 FCN=0.240823 FROM MIGRAD    STATUS=INITIATE       12 CALLS          13 TOTAL
                     EDM= unknown      STRATEGY= 1      NO ERROR MATRIX       
  EXT PARAMETER               CURRENT GUESS       STEP         FIRST   
  NO.   NAME      VALUE            ERROR          SIZE      DERIVATIVE 
   1  A_CBO        9.29121e-03   1.00000e-05   1.00000e-05   7.09551e+00
   2  w_CBO        2.32653e+00   1.00000e-02   2.13267e-02   2.27178e+00
   3  phi_CBO      1.60785e+00   1.00000e-02   3.64731e-03  -2.73258e-02
 MIGRAD MINIMIZATION HAS CONVERGED.
 MIGRAD WILL VERIFY CONVERGENCE AND ERROR MATRIX.
 COVARIANCE MATRIX CALCULATED SUCCESSFULLY
 FCN=0.217366 FROM HESSE     STATUS=OK             16 CALLS          59 TOTAL
                     EDM=9.74738e-05    STRATEGY= 1      ERROR MATRIX ACCURATE 
  EXT PARAMETER                                   STEP         FIRST   
  NO.   NAME      VALUE            ERROR          SIZE      DERIVATIVE 
   1  A_CBO        3.00079e-03   4.39086e-02   2.29606e-05  -4.16905e-03
   2  w_CBO        2.32617e+00   3.50159e-01   3.66125e-05   3.51046e-02
   3  phi_CBO      1.76354e+00   4.55226e+00   2.81444e-03  -1.50761e-04
 MIGRAD MINIMIZATION HAS CONVERGED.
 FCN=0.217316 FROM MIGRAD    STATUS=CONVERGED      82 CALLS          83 TOTAL
                     EDM=5.09896e-06    STRATEGY= 1  ERROR MATRIX UNCERTAINTY  16.5 per cent
  EXT PARAMETER                                   STEP         FIRST   
  NO.   NAME      VALUE            ERROR          SIZE      DERIVATIVE 
   1  A_CBO        3.02557e-03   4.23373e-02   6.07696e-06   6.68621e-03
   2  w_CBO        2.32472e+00   2.27528e-01  -1.10820e-03  -4.65384e-02
   3  phi_CBO      1.11449e+00   4.16123e+00  -9.12911e-02   6.26287e-04
 EXTERNAL ERROR MATRIX.    NDIM=  25    NPAR=  3    ERR DEF=1
  1.792e-03 -5.703e-04 -2.713e-01 
 -5.703e-04  5.645e-02  2.458e+01 
 -2.713e-01  2.458e+01  1.079e+04 
 PARAMETER  CORRELATION COEFFICIENTS  
       NO.  GLOBAL      1      2      3
        1  0.08112   1.000 -0.057 -0.062
        2  0.99594  -0.057  1.000  0.996
        3  0.99594  -0.062  0.996  1.000
setting A_CBO=0.003026 w_CBO=2.324717, phi_CBO=1.114486
done fitting cbo isolate
 **********
 **    1 **SET PRINTOUT            1
 **********
 **********
 **    2 **SET NOWARNINGS 
 **********
 PARAMETER DEFINITIONS:
    NO.   NAME         VALUE      STEP SIZE      LIMITS
     1 N0           3.08349e+06  1.00000e+02     no limits
     2 tau          6.44081e+01  constant
     3 A0           3.45384e-01  1.00000e-04     no limits
     4 phi          4.12005e+00  1.00000e-02     no limits
     5 R           -6.04838e+01  constant
     6 A_CBO        3.02557e-03  1.00000e-05     no limits
     7 w_CBO        2.32472e+00  1.00000e-03     no limits
     8 phi_CBO      1.11449e+00  1.00000e-04     no limits
     9 ANx2         3.59468e-04  constant
    10 pNx2         5.65332e+00  constant
    11 ANy1         0.00000e+00  constant
    12 pNy1         0.00000e+00  constant
    13 w_y          0.00000e+00  constant
    14 ANy2         0.00000e+00  constant
    15 pNy2         0.00000e+00  constant
    16 w_vw         0.00000e+00  constant
    17 LM           1.25147e-04  constant
    18 wCBO_expCoeff   0.00000e+00  constant
    19 wCBO_expOffset   0.00000e+00  constant
    20 wCBO_expT    0.00000e+00  constant
    21 wCBO_linCoeff   0.00000e+00  constant
    22 wCBO_const   0.00000e+00  constant
MINUIT - FIT ONLY WIGGLE
 **********
 **    3 **FIX            5
 **********
 PARAMETER    5  IS CONSTANT.   IGNORED.
 **********
 **    4 **FIX            6
 **********
 **********
 **    5 **FIX            7
 **********
 **********
 **    6 **FIX            8
 **********
 **********
 **    7 **FIX            9
 **********
 PARAMETER    9  IS CONSTANT.   IGNORED.
 **********
 **    8 **FIX           10
 **********
 PARAMETER   10  IS CONSTANT.   IGNORED.
 **********
 **    9 **FIX           11
 **********
 PARAMETER   11  IS CONSTANT.   IGNORED.
 **********
 **   10 **FIX           12
 **********
 PARAMETER   12  IS CONSTANT.   IGNORED.
 **********
 **   11 **FIX           13
 **********
 PARAMETER   13  IS CONSTANT.   IGNORED.
 **********
 **   12 **FIX           14
 **********
 PARAMETER   14  IS CONSTANT.   IGNORED.
 **********
 **   13 **FIX           15
 **********
 PARAMETER   15  IS CONSTANT.   IGNORED.
 **********
 **   14 **FIX           16
 **********
 PARAMETER   16  IS CONSTANT.   IGNORED.
 **********
 **   15 **MIGRAD
 **********
 FIRST CALL TO USER FUNCTION AT NEW START POINT, WITH IFLAG=4.
 START MIGRAD MINIMIZATION.  STRATEGY  1.  CONVERGENCE WHEN EDM .LT. 1.00e-04
 FCN=311.513 FROM MIGRAD    STATUS=INITIATE       12 CALLS          13 TOTAL
                     EDM= unknown      STRATEGY= 1      NO ERROR MATRIX       
  EXT PARAMETER               CURRENT GUESS       STEP         FIRST   
  NO.   NAME      VALUE            ERROR          SIZE      DERIVATIVE 
   1  N0           3.08349e+06   1.00000e+02   1.00000e+02   1.24816e-03
   2  tau          6.44081e+01   constant   
   3  A0           3.45384e-01   1.00000e-04   1.00000e-04  -2.01161e+03
   4  phi          4.12005e+00   1.00000e-02   1.00000e-02  -7.91517e+01
   5  R           -6.04838e+01   constant   
   6  A_CBO        3.02557e-03     fixed    
   7  w_CBO        2.32472e+00     fixed    
   8  phi_CBO      1.11449e+00     fixed    
   9  ANx2         3.59468e-04   constant   
  10  pNx2         5.65332e+00   constant   
  11  ANy1         0.00000e+00   constant   
  12  pNy1         0.00000e+00   constant   
  13  w_y          0.00000e+00   constant   
  14  ANy2         0.00000e+00   constant   
  15  pNy2         0.00000e+00   constant   
  16  w_vw         0.00000e+00   constant   
  17  LM           1.25147e-04   constant   
  18  wCBO_expCoeff   0.00000e+00   constant   
  19  wCBO_expOffset   0.00000e+00   constant   
  20  wCBO_expT    0.00000e+00   constant   
  21  wCBO_linCoeff   0.00000e+00   constant   
  22  wCBO_const   0.00000e+00   constant   
 MIGRAD MINIMIZATION HAS CONVERGED.
 MIGRAD WILL VERIFY CONVERGENCE AND ERROR MATRIX.
 COVARIANCE MATRIX CALCULATED SUCCESSFULLY
 FCN=309.404 FROM MIGRAD    STATUS=CONVERGED      42 CALLS          43 TOTAL
                     EDM=6.40427e-08    STRATEGY= 1      ERROR MATRIX ACCURATE 
  EXT PARAMETER                                   STEP         FIRST   
  NO.   NAME      VALUE            ERROR          SIZE      DERIVATIVE 
   1  N0           3.08123e+06   1.91440e+03   1.56341e+01   8.59107e-08
   2  tau          6.44081e+01   constant   
   3  A0           3.46071e-01   8.34704e-04   7.17992e-06   3.23128e-01
   4  phi          4.12023e+00   2.49203e-03   2.14343e-05   6.59567e-02
   5  R           -6.04838e+01   constant   
   6  A_CBO        3.02557e-03     fixed    
   7  w_CBO        2.32472e+00     fixed    
   8  phi_CBO      1.11449e+00     fixed    
   9  ANx2         3.59468e-04   constant   
  10  pNx2         5.65332e+00   constant   
  11  ANy1         0.00000e+00   constant   
  12  pNy1         0.00000e+00   constant   
  13  w_y          0.00000e+00   constant   
  14  ANy2         0.00000e+00   constant   
  15  pNy2         0.00000e+00   constant   
  16  w_vw         0.00000e+00   constant   
  17  LM           1.25147e-04   constant   
  18  wCBO_expCoeff   0.00000e+00   constant   
  19  wCBO_expOffset   0.00000e+00   constant   
  20  wCBO_expT    0.00000e+00   constant   
  21  wCBO_linCoeff   0.00000e+00   constant   
  22  wCBO_const   0.00000e+00   constant   
 EXTERNAL ERROR MATRIX.    NDIM=  25    NPAR=  3    ERR DEF=1
  3.665e+06  2.014e-02  7.817e-02 
  2.014e-02  6.967e-07 -1.717e-08 
  7.817e-02 -1.717e-08  6.210e-06 
 PARAMETER  CORRELATION COEFFICIENTS  
       NO.  GLOBAL      1      3      4
        1  0.02076   1.000  0.013  0.016
        3  0.01518   0.013  1.000 -0.008
        4  0.01844   0.016 -0.008  1.000
MINUIT - FIT ONLY 1-CBO + other amplitudes 
 **********
 **   16 **RES 
 **********
                   PARAMETER    8  phi_CBO RESTORED TO VARIABLE.
                   PARAMETER    7  w_CBO RESTORED TO VARIABLE.
                   PARAMETER    6  A_CBO RESTORED TO VARIABLE.
 **********
 **   17 **FIX            0
 **********
 PARAMETER    0  IS UNDEFINED. IGNORED.
 **********
 **   18 **FIX            1
 **********
 **********
 **   19 **FIX            2
 **********
 PARAMETER    2  IS CONSTANT.   IGNORED.
 **********
 **   20 **FIX            3
 **********
 **********
 **   21 **FIX            4
 **********
 **********
 **   22 **FIX            9
 **********
 PARAMETER    9  IS CONSTANT.   IGNORED.
 **********
 **   23 **FIX           11
 **********
 PARAMETER   11  IS CONSTANT.   IGNORED.
 **********
 **   24 **FIX           12
 **********
 PARAMETER   12  IS CONSTANT.   IGNORED.
 **********
 **   25 **FIX           14
 **********
 PARAMETER   14  IS CONSTANT.   IGNORED.
 **********
 **   26 **FIX           15
 **********
 PARAMETER   15  IS CONSTANT.   IGNORED.
 **********
 **   27 **FIX           16
 **********
 PARAMETER   16  IS CONSTANT.   IGNORED.
 **********
 **   28 **MIGRAD
 **********
 START MIGRAD MINIMIZATION.  STRATEGY  1.  CONVERGENCE WHEN EDM .LT. 1.00e-04
 FCN=309.404 FROM MIGRAD    STATUS=INITIATE       12 CALLS          55 TOTAL
                     EDM= unknown      STRATEGY= 1      NO ERROR MATRIX       
  EXT PARAMETER               CURRENT GUESS       STEP         FIRST   
  NO.   NAME      VALUE            ERROR          SIZE      DERIVATIVE 
   1  N0           3.08123e+06     fixed    
   2  tau          6.44081e+01   constant   
   3  A0           3.46071e-01     fixed    
   4  phi          4.12023e+00     fixed    
   5  R           -6.04838e+01   constant   
   6  A_CBO        3.02557e-03   1.00000e-05   1.00000e-05   1.65781e+03
   7  w_CBO        2.32472e+00   1.00000e-03   1.00000e-03   8.46185e+01
   8  phi_CBO      1.11449e+00   1.00000e-04   1.00000e-04   2.97601e-01
   9  ANx2         3.59468e-04   constant   
  10  pNx2         5.65332e+00   constant   
  11  ANy1         0.00000e+00   constant   
  12  pNy1         0.00000e+00   constant   
  13  w_y          0.00000e+00   constant   
  14  ANy2         0.00000e+00   constant   
  15  pNy2         0.00000e+00   constant   
  16  w_vw         0.00000e+00   constant   
  17  LM           1.25147e-04   constant   
  18  wCBO_expCoeff   0.00000e+00   constant   
  19  wCBO_expOffset   0.00000e+00   constant   
  20  wCBO_expT    0.00000e+00   constant   
  21  wCBO_linCoeff   0.00000e+00   constant   
  22  wCBO_const   0.00000e+00   constant   
 MIGRAD MINIMIZATION HAS CONVERGED.
 MIGRAD WILL VERIFY CONVERGENCE AND ERROR MATRIX.
 COVARIANCE MATRIX CALCULATED SUCCESSFULLY
 FCN=308.814 FROM MIGRAD    STATUS=CONVERGED      62 CALLS         105 TOTAL
                     EDM=6.23958e-07    STRATEGY= 1      ERROR MATRIX ACCURATE 
  EXT PARAMETER                                   STEP         FIRST   
  NO.   NAME      VALUE            ERROR          SIZE      DERIVATIVE 
   1  N0           3.08123e+06     fixed    
   2  tau          6.44081e+01   constant   
   3  A0           3.46071e-01     fixed    
   4  phi          4.12023e+00     fixed    
   5  R           -6.04838e+01   constant   
   6  A_CBO        2.38683e-03   8.79163e-04   7.55532e-06  -3.50562e-01
   7  w_CBO        2.32417e+00   2.27810e-03   6.81980e-06   1.25779e+00
   8  phi_CBO      8.60225e-01   1.05997e+00   3.17472e-03  -2.92119e-03
   9  ANx2         3.59468e-04   constant   
  10  pNx2         5.65332e+00   constant   
  11  ANy1         0.00000e+00   constant   
  12  pNy1         0.00000e+00   constant   
  13  w_y          0.00000e+00   constant   
  14  ANy2         0.00000e+00   constant   
  15  pNy2         0.00000e+00   constant   
  16  w_vw         0.00000e+00   constant   
  17  LM           1.25147e-04   constant   
  18  wCBO_expCoeff   0.00000e+00   constant   
  19  wCBO_expOffset   0.00000e+00   constant   
  20  wCBO_expT    0.00000e+00   constant   
  21  wCBO_linCoeff   0.00000e+00   constant   
  22  wCBO_const   0.00000e+00   constant   
 EXTERNAL ERROR MATRIX.    NDIM=  25    NPAR=  3    ERR DEF=1
  7.729e-07 -2.487e-08 -1.208e-05 
 -2.487e-08  5.190e-06  2.265e-03 
 -1.208e-05  2.265e-03  1.124e+00 
 PARAMETER  CORRELATION COEFFICIENTS  
       NO.  GLOBAL      6      7      8
        6  0.01299   1.000 -0.012 -0.013
        7  0.93788  -0.012  1.000  0.938
        8  0.93788  -0.013  0.938  1.000
MINUIT - FIT ONLY 1-CBO
 **********
 **   29 **RES 
 **********
                   PARAMETER    4  phi RESTORED TO VARIABLE.
                   PARAMETER    3  A0 RESTORED TO VARIABLE.
                   PARAMETER    1  N0 RESTORED TO VARIABLE.
 **********
 **   30 **FIX            0
 **********
 PARAMETER    0  IS UNDEFINED. IGNORED.
 **********
 **   31 **FIX            1
 **********
 **********
 **   32 **FIX            2
 **********
 PARAMETER    2  IS CONSTANT.   IGNORED.
 **********
 **   33 **FIX            3
 **********
 **********
 **   34 **FIX            4
 **********
 **********
 **   35 **FIX            8
 **********
 **********
 **   36 **FIX            9
 **********
 PARAMETER    9  IS CONSTANT.   IGNORED.
 **********
 **   37 **FIX           11
 **********
 PARAMETER   11  IS CONSTANT.   IGNORED.
 **********
 **   38 **FIX           12
 **********
 PARAMETER   12  IS CONSTANT.   IGNORED.
 **********
 **   39 **FIX           13
 **********
 PARAMETER   13  IS CONSTANT.   IGNORED.
 **********
 **   40 **FIX           15
 **********
 PARAMETER   15  IS CONSTANT.   IGNORED.
 **********
 **   41 **FIX           16
 **********
 PARAMETER   16  IS CONSTANT.   IGNORED.
 **********
 **   42 **MIGRAD
 **********
 START MIGRAD MINIMIZATION.  STRATEGY  1.  CONVERGENCE WHEN EDM .LT. 1.00e-04
 FCN=308.814 FROM MIGRAD    STATUS=INITIATE        4 CALLS         109 TOTAL
                     EDM= unknown      STRATEGY= 1      NO ERROR MATRIX       
  EXT PARAMETER               CURRENT GUESS       STEP         FIRST   
  NO.   NAME      VALUE            ERROR          SIZE      DERIVATIVE 
   1  N0           3.08123e+06     fixed    
   2  tau          6.44081e+01   constant   
   3  A0           3.46071e-01     fixed    
   4  phi          4.12023e+00     fixed    
   5  R           -6.04838e+01   constant   
   6  A_CBO        2.38683e-03   8.79163e-04   7.55532e-06  -3.50562e-01
   7  w_CBO        2.32417e+00   2.27810e-03   6.81980e-06   1.25820e+00
   8  phi_CBO      8.60225e-01     fixed    
   9  ANx2         3.59468e-04   constant   
  10  pNx2         5.65332e+00   constant   
  11  ANy1         0.00000e+00   constant   
  12  pNy1         0.00000e+00   constant   
  13  w_y          0.00000e+00   constant   
  14  ANy2         0.00000e+00   constant   
  15  pNy2         0.00000e+00   constant   
  16  w_vw         0.00000e+00   constant   
  17  LM           1.25147e-04   constant   
  18  wCBO_expCoeff   0.00000e+00   constant   
  19  wCBO_expOffset   0.00000e+00   constant   
  20  wCBO_expT    0.00000e+00   constant   
  21  wCBO_linCoeff   0.00000e+00   constant   
  22  wCBO_const   0.00000e+00   constant   
 MIGRAD MINIMIZATION HAS CONVERGED.
 MIGRAD WILL VERIFY CONVERGENCE AND ERROR MATRIX.
 COVARIANCE MATRIX CALCULATED SUCCESSFULLY
 FCN=308.814 FROM MIGRAD    STATUS=CONVERGED      21 CALLS         126 TOTAL
                     EDM=4.50794e-13    STRATEGY= 1      ERROR MATRIX ACCURATE 
  EXT PARAMETER                                   STEP         FIRST   
  NO.   NAME      VALUE            ERROR          SIZE      DERIVATIVE 
   1  N0           3.08123e+06     fixed    
   2  tau          6.44081e+01   constant   
   3  A0           3.46071e-01     fixed    
   4  phi          4.12023e+00     fixed    
   5  R           -6.04838e+01   constant   
   6  A_CBO        2.38696e-03   8.79089e-04   7.55533e-06   8.41141e-04
   7  w_CBO        2.32417e+00   7.90420e-04   6.79341e-06  -7.53069e-04
   8  phi_CBO      8.60225e-01     fixed    
   9  ANx2         3.59468e-04   constant   
  10  pNx2         5.65332e+00   constant   
  11  ANy1         0.00000e+00   constant   
  12  pNy1         0.00000e+00   constant   
  13  w_y          0.00000e+00   constant   
  14  ANy2         0.00000e+00   constant   
  15  pNy2         0.00000e+00   constant   
  16  w_vw         0.00000e+00   constant   
  17  LM           1.25147e-04   constant   
  18  wCBO_expCoeff   0.00000e+00   constant   
  19  wCBO_expOffset   0.00000e+00   constant   
  20  wCBO_expT    0.00000e+00   constant   
  21  wCBO_linCoeff   0.00000e+00   constant   
  22  wCBO_const   0.00000e+00   constant   
 EXTERNAL ERROR MATRIX.    NDIM=  25    NPAR=  2    ERR DEF=1
  7.728e-07 -4.007e-10 
 -4.007e-10  6.248e-07 
 PARAMETER  CORRELATION COEFFICIENTS  
       NO.  GLOBAL      6      7
        6  0.00058   1.000 -0.001
        7  0.00058  -0.001  1.000
MINUIT - FIT ONLY 2-CBO
 **********
 **   43 **RES 
 **********
                   PARAMETER    8  phi_CBO RESTORED TO VARIABLE.
                   PARAMETER    4  phi RESTORED TO VARIABLE.
                   PARAMETER    3  A0 RESTORED TO VARIABLE.
                   PARAMETER    1  N0 RESTORED TO VARIABLE.
 **********
 **   44 **FIX            0
 **********
 PARAMETER    0  IS UNDEFINED. IGNORED.
 **********
 **   45 **FIX            1
 **********
 **********
 **   46 **FIX            2
 **********
 PARAMETER    2  IS CONSTANT.   IGNORED.
 **********
 **   47 **FIX            3
 **********
 **********
 **   48 **FIX            4
 **********
 **********
 **   49 **FIX            5
 **********
 PARAMETER    5  IS CONSTANT.   IGNORED.
 **********
 **   50 **FIX            6
 **********
 **********
 **   51 **FIX            7
 **********
 **********
 **   52 **FIX           10
 **********
 PARAMETER   10  IS CONSTANT.   IGNORED.
 **********
 **   53 **FIX           11
 **********
 PARAMETER   11  IS CONSTANT.   IGNORED.
 **********
 **   54 **FIX           12
 **********
 PARAMETER   12  IS CONSTANT.   IGNORED.
 **********
 **   55 **FIX           13
 **********
 PARAMETER   13  IS CONSTANT.   IGNORED.
 **********
 **   56 **FIX           14
 **********
 PARAMETER   14  IS CONSTANT.   IGNORED.
 **********
 **   57 **FIX           15
 **********
 PARAMETER   15  IS CONSTANT.   IGNORED.
 **********
 **   58 **FIX           16
 **********
 PARAMETER   16  IS CONSTANT.   IGNORED.
 **********
 **   59 **MIGRAD
 **********
 START MIGRAD MINIMIZATION.  STRATEGY  1.  CONVERGENCE WHEN EDM .LT. 1.00e-04
 FCN=308.814 FROM MIGRAD    STATUS=INITIATE        2 CALLS         128 TOTAL
                     EDM= unknown      STRATEGY= 1      NO ERROR MATRIX       
  EXT PARAMETER               CURRENT GUESS       STEP         FIRST   
  NO.   NAME      VALUE            ERROR          SIZE      DERIVATIVE 
   1  N0           3.08123e+06     fixed    
   2  tau          6.44081e+01   constant   
   3  A0           3.46071e-01     fixed    
   4  phi          4.12023e+00     fixed    
   5  R           -6.04838e+01   constant   
   6  A_CBO        2.38696e-03     fixed    
   7  w_CBO        2.32417e+00     fixed    
   8  phi_CBO      8.60225e-01   1.05997e+00   1.05997e+00  -3.83243e-04
   9  ANx2         3.59468e-04   constant   
  10  pNx2         5.65332e+00   constant   
  11  ANy1         0.00000e+00   constant   
  12  pNy1         0.00000e+00   constant   
  13  w_y          0.00000e+00   constant   
  14  ANy2         0.00000e+00   constant   
  15  pNy2         0.00000e+00   constant   
  16  w_vw         0.00000e+00   constant   
  17  LM           1.25147e-04   constant   
  18  wCBO_expCoeff   0.00000e+00   constant   
  19  wCBO_expOffset   0.00000e+00   constant   
  20  wCBO_expT    0.00000e+00   constant   
  21  wCBO_linCoeff   0.00000e+00   constant   
  22  wCBO_const   0.00000e+00   constant   
 MIGRAD MINIMIZATION HAS CONVERGED.
 MIGRAD WILL VERIFY CONVERGENCE AND ERROR MATRIX.
 COVARIANCE MATRIX CALCULATED SUCCESSFULLY
 FCN=308.814 FROM MIGRAD    STATUS=CONVERGED      12 CALLS         138 TOTAL
                     EDM=2.08455e-15    STRATEGY= 1      ERROR MATRIX ACCURATE 
  EXT PARAMETER                                   STEP         FIRST   
  NO.   NAME      VALUE            ERROR          SIZE      DERIVATIVE 
   1  N0           3.08123e+06     fixed    
   2  tau          6.44081e+01   constant   
   3  A0           3.46071e-01     fixed    
   4  phi          4.12023e+00     fixed    
   5  R           -6.04838e+01   constant   
   6  A_CBO        2.38696e-03     fixed    
   7  w_CBO        2.32417e+00     fixed    
   8  phi_CBO      8.60251e-01   3.67768e-01   3.16078e-03   1.75569e-07
   9  ANx2         3.59468e-04   constant   
  10  pNx2         5.65332e+00   constant   
  11  ANy1         0.00000e+00   constant   
  12  pNy1         0.00000e+00   constant   
  13  w_y          0.00000e+00   constant   
  14  ANy2         0.00000e+00   constant   
  15  pNy2         0.00000e+00   constant   
  16  w_vw         0.00000e+00   constant   
  17  LM           1.25147e-04   constant   
  18  wCBO_expCoeff   0.00000e+00   constant   
  19  wCBO_expOffset   0.00000e+00   constant   
  20  wCBO_expT    0.00000e+00   constant   
  21  wCBO_linCoeff   0.00000e+00   constant   
  22  wCBO_const   0.00000e+00   constant   
 EXTERNAL ERROR MATRIX.    NDIM=  25    NPAR=  1    ERR DEF=1
  1.353e-01 
MINUIT - FIT ONLY 1-y
 **********
 **   60 **RES 
 **********
                   PARAMETER    7  w_CBO RESTORED TO VARIABLE.
                   PARAMETER    6  A_CBO RESTORED TO VARIABLE.
                   PARAMETER    4  phi RESTORED TO VARIABLE.
                   PARAMETER    3  A0 RESTORED TO VARIABLE.
                   PARAMETER    1  N0 RESTORED TO VARIABLE.
 **********
 **   61 **FIX            0
 **********
 PARAMETER    0  IS UNDEFINED. IGNORED.
 **********
 **   62 **FIX            1
 **********
 **********
 **   63 **FIX            2
 **********
 PARAMETER    2  IS CONSTANT.   IGNORED.
 **********
 **   64 **FIX            3
 **********
 **********
 **   65 **FIX            4
 **********
 **********
 **   66 **FIX            5
 **********
 PARAMETER    5  IS CONSTANT.   IGNORED.
 **********
 **   67 **FIX            6
 **********
 **********
 **   68 **FIX            7
 **********
 **********
 **   69 **FIX            8
 **********
 **********
 **   70 **FIX            9
 **********
 PARAMETER    9  IS CONSTANT.   IGNORED.
 **********
 **   71 **FIX           13
 **********
 PARAMETER   13  IS CONSTANT.   IGNORED.
 **********
 **   72 **FIX           14
 **********
 PARAMETER   14  IS CONSTANT.   IGNORED.
 **********
 **   73 **FIX           15
 **********
 PARAMETER   15  IS CONSTANT.   IGNORED.
 **********
 **   74 **FIX           16
 **********
 PARAMETER   16  IS CONSTANT.   IGNORED.
 **********
 **   75 **MIGRAD
 **********
MINUIT - FIT ONLY 2-y
 **********
 **   76 **RES 
 **********
                   PARAMETER    8  phi_CBO RESTORED TO VARIABLE.
                   PARAMETER    7  w_CBO RESTORED TO VARIABLE.
                   PARAMETER    6  A_CBO RESTORED TO VARIABLE.
                   PARAMETER    4  phi RESTORED TO VARIABLE.
                   PARAMETER    3  A0 RESTORED TO VARIABLE.
                   PARAMETER    1  N0 RESTORED TO VARIABLE.
 **********
 **   77 **FIX            0
 **********
 PARAMETER    0  IS UNDEFINED. IGNORED.
 **********
 **   78 **FIX            1
 **********
 **********
 **   79 **FIX            2
 **********
 PARAMETER    2  IS CONSTANT.   IGNORED.
 **********
 **   80 **FIX            3
 **********
 **********
 **   81 **FIX            4
 **********
 **********
 **   82 **FIX            5
 **********
 PARAMETER    5  IS CONSTANT.   IGNORED.
 **********
 **   83 **FIX            6
 **********
 **********
 **   84 **FIX            7
 **********
 **********
 **   85 **FIX            8
 **********
 **********
 **   86 **FIX            9
 **********
 PARAMETER    9  IS CONSTANT.   IGNORED.
 **********
 **   87 **FIX           10
 **********
 PARAMETER   10  IS CONSTANT.   IGNORED.
 **********
 **   88 **FIX           11
 **********
 PARAMETER   11  IS CONSTANT.   IGNORED.
 **********
 **   89 **FIX           12
 **********
 PARAMETER   12  IS CONSTANT.   IGNORED.
 **********
 **   90 **FIX           16
 **********
 PARAMETER   16  IS CONSTANT.   IGNORED.
 **********
 **   91 **MIGRAD
 **********
MINUIT - FIT ALTOGETHER
 **********
 **   92 **RES 
 **********
                   PARAMETER    8  phi_CBO RESTORED TO VARIABLE.
                   PARAMETER    7  w_CBO RESTORED TO VARIABLE.
                   PARAMETER    6  A_CBO RESTORED TO VARIABLE.
                   PARAMETER    4  phi RESTORED TO VARIABLE.
                   PARAMETER    3  A0 RESTORED TO VARIABLE.
                   PARAMETER    1  N0 RESTORED TO VARIABLE.
 **********
 **   93 **MIGRAD
 **********
 START MIGRAD MINIMIZATION.  STRATEGY  1.  CONVERGENCE WHEN EDM .LT. 1.00e-04
 FCN=308.814 FROM MIGRAD    STATUS=INITIATE       12 CALLS         150 TOTAL
                     EDM= unknown      STRATEGY= 1      NO ERROR MATRIX       
  EXT PARAMETER               CURRENT GUESS       STEP         FIRST   
  NO.   NAME      VALUE            ERROR          SIZE      DERIVATIVE 
   1  N0           3.08123e+06   1.91440e+03   1.91440e+03   1.21868e-06
   2  tau          6.44081e+01   constant   
   3  A0           3.46071e-01   8.34704e-04   8.34704e-04   7.79938e+00
   4  phi          4.12023e+00   2.49203e-03   2.49203e-03  -6.60367e+00
   5  R           -6.04838e+01   constant   
   6  A_CBO        2.38696e-03   8.79089e-04   8.79089e-04   1.22340e-03
   7  w_CBO        2.32417e+00   7.90420e-04   7.90420e-04  -1.67919e-01
   8  phi_CBO      8.60251e-01   3.67768e-01   3.67768e-01   1.48503e-07
   9  ANx2         3.59468e-04   constant   
  10  pNx2         5.65332e+00   constant   
  11  ANy1         0.00000e+00   constant   
  12  pNy1         0.00000e+00   constant   
  13  w_y          0.00000e+00   constant   
  14  ANy2         0.00000e+00   constant   
  15  pNy2         0.00000e+00   constant   
  16  w_vw         0.00000e+00   constant   
  17  LM           1.25147e-04   constant   
  18  wCBO_expCoeff   0.00000e+00   constant   
  19  wCBO_expOffset   0.00000e+00   constant   
  20  wCBO_expT    0.00000e+00   constant   
  21  wCBO_linCoeff   0.00000e+00   constant   
  22  wCBO_const   0.00000e+00   constant   
 MIGRAD MINIMIZATION HAS CONVERGED.
 MIGRAD WILL VERIFY CONVERGENCE AND ERROR MATRIX.
 COVARIANCE MATRIX CALCULATED SUCCESSFULLY
 FCN=308.814 FROM MIGRAD    STATUS=CONVERGED      65 CALLS         203 TOTAL
                     EDM=8.94971e-08    STRATEGY= 1      ERROR MATRIX ACCURATE 
  EXT PARAMETER                                   STEP         FIRST   
  NO.   NAME      VALUE            ERROR          SIZE      DERIVATIVE 
   1  N0           3.08123e+06   1.91445e+03   1.56192e+01  -9.87488e-08
   2  tau          6.44081e+01   constant   
   3  A0           3.46068e-01   8.34969e-04   7.17301e-06   2.03987e-01
   4  phi          4.12025e+00   2.49225e-03   2.14142e-05  -6.44767e-03
   5  R           -6.04838e+01   constant   
   6  A_CBO        2.38696e-03   8.79237e-04   7.55532e-06   2.16181e-01
   7  w_CBO        2.32417e+00   2.27834e-03   6.79326e-06  -6.82837e-02
   8  phi_CBO      8.60251e-01   1.06021e+00   3.16078e-03  -1.23626e-04
   9  ANx2         3.59468e-04   constant   
  10  pNx2         5.65332e+00   constant   
  11  ANy1         0.00000e+00   constant   
  12  pNy1         0.00000e+00   constant   
  13  w_y          0.00000e+00   constant   
  14  ANy2         0.00000e+00   constant   
  15  pNy2         0.00000e+00   constant   
  16  w_vw         0.00000e+00   constant   
  17  LM           1.25147e-04   constant   
  18  wCBO_expCoeff   0.00000e+00   constant   
  19  wCBO_expOffset   0.00000e+00   constant   
  20  wCBO_expT    0.00000e+00   constant   
  21  wCBO_linCoeff   0.00000e+00   constant   
  22  wCBO_const   0.00000e+00   constant   
 EXTERNAL ERROR MATRIX.    NDIM=  25    NPAR=  6    ERR DEF=1
  3.665e+06  1.989e-02  7.790e-02  6.395e-03 -1.882e-02 -1.117e+01 
  1.989e-02  6.972e-07 -1.690e-08 -1.930e-09  2.596e-08  1.785e-05 
  7.790e-02 -1.690e-08  6.211e-06 -2.615e-08  7.360e-09  5.776e-06 
  6.395e-03 -1.930e-09 -2.615e-08  7.731e-07 -2.495e-08 -1.221e-05 
 -1.882e-02  2.596e-08  7.360e-09 -2.495e-08  5.191e-06  2.265e-03 
 -1.117e+01  1.785e-05  5.776e-06 -1.221e-05  2.265e-03  1.124e+00 
 PARAMETER  CORRELATION COEFFICIENTS  
       NO.  GLOBAL      1      3      4      6      7      8
        1  0.02193   1.000  0.012  0.016  0.004 -0.004 -0.006
        3  0.02952   0.012  1.000 -0.008 -0.003  0.014  0.020
        4  0.02216   0.016 -0.008  1.000 -0.012  0.001  0.002
        6  0.01831   0.004 -0.003 -0.012  1.000 -0.012 -0.013
        7  0.93789  -0.004  0.014  0.001 -0.012  1.000  0.938
        8  0.93791  -0.006  0.020  0.002 -0.013  0.938  1.000
MINUIT - REFIT 5-PARAM
 **********
 **   94 **FIX            5
 **********
 PARAMETER    5  IS CONSTANT.   IGNORED.
 **********
 **   95 **FIX            6
 **********
 **********
 **   96 **FIX            7
 **********
 **********
 **   97 **FIX            8
 **********
 **********
 **   98 **FIX            9
 **********
 PARAMETER    9  IS CONSTANT.   IGNORED.
 **********
 **   99 **FIX           10
 **********
 PARAMETER   10  IS CONSTANT.   IGNORED.
 **********
 **  100 **FIX           11
 **********
 PARAMETER   11  IS CONSTANT.   IGNORED.
 **********
 **  101 **FIX           12
 **********
 PARAMETER   12  IS CONSTANT.   IGNORED.
 **********
 **  102 **FIX           13
 **********
 PARAMETER   13  IS CONSTANT.   IGNORED.
 **********
 **  103 **FIX           14
 **********
 PARAMETER   14  IS CONSTANT.   IGNORED.
 **********
 **  104 **FIX           15
 **********
 PARAMETER   15  IS CONSTANT.   IGNORED.
 **********
 **  105 **FIX           16
 **********
 PARAMETER   16  IS CONSTANT.   IGNORED.
 **********
 **  106 **MIGRAD
 **********
 START MIGRAD MINIMIZATION.  STRATEGY  1.  CONVERGENCE WHEN EDM .LT. 1.00e-04
 FCN=308.814 FROM MIGRAD    STATUS=INITIATE        6 CALLS         209 TOTAL
                     EDM=4.02003e-08    STRATEGY= 1  ERROR MATRIX UNCERTAINTY  50.0 per cent
  EXT PARAMETER                APPROXIMATE        STEP         FIRST   
  NO.   NAME      VALUE            ERROR          SIZE      DERIVATIVE 
   1  N0           3.08123e+06   1.91440e+03   1.56192e+01  -9.87488e-08
   2  tau          6.44081e+01   constant   
   3  A0           3.46068e-01   8.34701e-04   7.17301e-06   2.03987e-01
   4  phi          4.12025e+00   2.49206e-03   2.14142e-05  -6.44843e-03
   5  R           -6.04838e+01   constant   
   6  A_CBO        2.38696e-03     fixed    
   7  w_CBO        2.32417e+00     fixed    
   8  phi_CBO      8.60251e-01     fixed    
   9  ANx2         3.59468e-04   constant   
  10  pNx2         5.65332e+00   constant   
  11  ANy1         0.00000e+00   constant   
  12  pNy1         0.00000e+00   constant   
  13  w_y          0.00000e+00   constant   
  14  ANy2         0.00000e+00   constant   
  15  pNy2         0.00000e+00   constant   
  16  w_vw         0.00000e+00   constant   
  17  LM           1.25147e-04   constant   
  18  wCBO_expCoeff   0.00000e+00   constant   
  19  wCBO_expOffset   0.00000e+00   constant   
  20  wCBO_expT    0.00000e+00   constant   
  21  wCBO_linCoeff   0.00000e+00   constant   
  22  wCBO_const   0.00000e+00   constant   
 MIGRAD MINIMIZATION HAS CONVERGED.
 MIGRAD WILL VERIFY CONVERGENCE AND ERROR MATRIX.
 COVARIANCE MATRIX CALCULATED SUCCESSFULLY
 FCN=308.814 FROM MIGRAD    STATUS=CONVERGED      31 CALLS         234 TOTAL
                     EDM=5.42574e-18    STRATEGY= 1      ERROR MATRIX ACCURATE 
  EXT PARAMETER                                   STEP         FIRST   
  NO.   NAME      VALUE            ERROR          SIZE      DERIVATIVE 
   1  N0           3.08123e+06   1.91440e+03   1.56192e+01   4.09425e-13
   2  tau          6.44081e+01   constant   
   3  A0           3.46068e-01   8.34701e-04   7.17301e-06  -1.58492e-06
   4  phi          4.12025e+00   2.49206e-03   2.14143e-05   1.16132e-06
   5  R           -6.04838e+01   constant   
   6  A_CBO        2.38696e-03     fixed    
   7  w_CBO        2.32417e+00     fixed    
   8  phi_CBO      8.60251e-01     fixed    
   9  ANx2         3.59468e-04   constant   
  10  pNx2         5.65332e+00   constant   
  11  ANy1         0.00000e+00   constant   
  12  pNy1         0.00000e+00   constant   
  13  w_y          0.00000e+00   constant   
  14  ANy2         0.00000e+00   constant   
  15  pNy2         0.00000e+00   constant   
  16  w_vw         0.00000e+00   constant   
  17  LM           1.25147e-04   constant   
  18  wCBO_expCoeff   0.00000e+00   constant   
  19  wCBO_expOffset   0.00000e+00   constant   
  20  wCBO_expT    0.00000e+00   constant   
  21  wCBO_linCoeff   0.00000e+00   constant   
  22  wCBO_const   0.00000e+00   constant   
 EXTERNAL ERROR MATRIX.    NDIM=  25    NPAR=  3    ERR DEF=1
  3.665e+06  2.014e-02  7.820e-02 
  2.014e-02  6.967e-07 -1.712e-08 
  7.820e-02 -1.712e-08  6.210e-06 
 PARAMETER  CORRELATION COEFFICIENTS  
       NO.  GLOBAL      1      3      4
        1  0.02076   1.000  0.013  0.016
        3  0.01517   0.013  1.000 -0.008
        4  0.01843   0.016 -0.008  1.000
MINUIT - 2CBO + Y
 **********
 **  107 **RES 
 **********
                   PARAMETER    8  phi_CBO RESTORED TO VARIABLE.
                   PARAMETER    7  w_CBO RESTORED TO VARIABLE.
                   PARAMETER    6  A_CBO RESTORED TO VARIABLE.
 **********
 **  108 **FIX            0
 **********
 PARAMETER    0  IS UNDEFINED. IGNORED.
 **********
 **  109 **FIX            1
 **********
 **********
 **  110 **FIX            2
 **********
 PARAMETER    2  IS CONSTANT.   IGNORED.
 **********
 **  111 **FIX            3
 **********
 **********
 **  112 **FIX            4
 **********
 **********
 **  113 **FIX            5
 **********
 PARAMETER    5  IS CONSTANT.   IGNORED.
 **********
 **  114 **FIX            6
 **********
 **********
 **  115 **FIX            7
 **********
 **********
 **  116 **FIX           16
 **********
 PARAMETER   16  IS CONSTANT.   IGNORED.
 **********
 **  117 **MIGRAD
 **********
 START MIGRAD MINIMIZATION.  STRATEGY  1.  CONVERGENCE WHEN EDM .LT. 1.00e-04
 FCN=308.814 FROM MIGRAD    STATUS=INITIATE        2 CALLS         236 TOTAL
                     EDM= unknown      STRATEGY= 1      NO ERROR MATRIX       
  EXT PARAMETER               CURRENT GUESS       STEP         FIRST   
  NO.   NAME      VALUE            ERROR          SIZE      DERIVATIVE 
   1  N0           3.08123e+06     fixed    
   2  tau          6.44081e+01   constant   
   3  A0           3.46068e-01     fixed    
   4  phi          4.12025e+00     fixed    
   5  R           -6.04838e+01   constant   
   6  A_CBO        2.38696e-03     fixed    
   7  w_CBO        2.32417e+00     fixed    
   8  phi_CBO      8.60251e-01   3.67863e-01   3.67863e-01  -1.11960e-04
   9  ANx2         3.59468e-04   constant   
  10  pNx2         5.65332e+00   constant   
  11  ANy1         0.00000e+00   constant   
  12  pNy1         0.00000e+00   constant   
  13  w_y          0.00000e+00   constant   
  14  ANy2         0.00000e+00   constant   
  15  pNy2         0.00000e+00   constant   
  16  w_vw         0.00000e+00   constant   
  17  LM           1.25147e-04   constant   
  18  wCBO_expCoeff   0.00000e+00   constant   
  19  wCBO_expOffset   0.00000e+00   constant   
  20  wCBO_expT    0.00000e+00   constant   
  21  wCBO_linCoeff   0.00000e+00   constant   
  22  wCBO_const   0.00000e+00   constant   
 MIGRAD MINIMIZATION HAS CONVERGED.
 MIGRAD WILL VERIFY CONVERGENCE AND ERROR MATRIX.
 COVARIANCE MATRIX CALCULATED SUCCESSFULLY
 FCN=308.814 FROM MIGRAD    STATUS=CONVERGED      12 CALLS         246 TOTAL
                     EDM=2.08455e-15    STRATEGY= 1      ERROR MATRIX ACCURATE 
  EXT PARAMETER                                   STEP         FIRST   
  NO.   NAME      VALUE            ERROR          SIZE      DERIVATIVE 
   1  N0           3.08123e+06     fixed    
   2  tau          6.44081e+01   constant   
   3  A0           3.46068e-01     fixed    
   4  phi          4.12025e+00     fixed    
   5  R           -6.04838e+01   constant   
   6  A_CBO        2.38696e-03     fixed    
   7  w_CBO        2.32417e+00     fixed    
   8  phi_CBO      8.60258e-01   3.67775e-01   3.16084e-03   1.75566e-07
   9  ANx2         3.59468e-04   constant   
  10  pNx2         5.65332e+00   constant   
  11  ANy1         0.00000e+00   constant   
  12  pNy1         0.00000e+00   constant   
  13  w_y          0.00000e+00   constant   
  14  ANy2         0.00000e+00   constant   
  15  pNy2         0.00000e+00   constant   
  16  w_vw         0.00000e+00   constant   
  17  LM           1.25147e-04   constant   
  18  wCBO_expCoeff   0.00000e+00   constant   
  19  wCBO_expOffset   0.00000e+00   constant   
  20  wCBO_expT    0.00000e+00   constant   
  21  wCBO_linCoeff   0.00000e+00   constant   
  22  wCBO_const   0.00000e+00   constant   
 EXTERNAL ERROR MATRIX.    NDIM=  25    NPAR=  1    ERR DEF=1
  1.353e-01 
MINUIT - MINOS
 **********
 **  118 **RES 
 **********
                   PARAMETER    7  w_CBO RESTORED TO VARIABLE.
                   PARAMETER    6  A_CBO RESTORED TO VARIABLE.
                   PARAMETER    4  phi RESTORED TO VARIABLE.
                   PARAMETER    3  A0 RESTORED TO VARIABLE.
                   PARAMETER    1  N0 RESTORED TO VARIABLE.
 **********
 **  119 **MIG      2.5e+04        0.01
 **********
 START MIGRAD MINIMIZATION.  STRATEGY  1.  CONVERGENCE WHEN EDM .LT. 1.00e-05
 FCN=308.814 FROM MIGRAD    STATUS=INITIATE       12 CALLS         258 TOTAL
                     EDM= unknown      STRATEGY= 1      NO ERROR MATRIX       
  EXT PARAMETER               CURRENT GUESS       STEP         FIRST   
  NO.   NAME      VALUE            ERROR          SIZE      DERIVATIVE 
   1  N0           3.08123e+06   1.91440e+03   1.91440e+03   9.69281e-11
   2  tau          6.44081e+01   constant   
   3  A0           3.46068e-01   8.34701e-04   8.34701e-04  -1.05095e-03
   4  phi          4.12025e+00   2.49206e-03   2.49206e-03  -4.83310e-05
   5  R           -6.04838e+01   constant   
   6  A_CBO        2.38696e-03   8.79237e-04   8.79237e-04   2.15248e-01
   7  w_CBO        2.32417e+00   2.27816e-03   2.27816e-03  -1.20530e-01
   8  phi_CBO      8.60258e-01   3.67775e-01   3.16084e-03   1.48478e-07
   9  ANx2         3.59468e-04   constant   
  10  pNx2         5.65332e+00   constant   
  11  ANy1         0.00000e+00   constant   
  12  pNy1         0.00000e+00   constant   
  13  w_y          0.00000e+00   constant   
  14  ANy2         0.00000e+00   constant   
  15  pNy2         0.00000e+00   constant   
  16  w_vw         0.00000e+00   constant   
  17  LM           1.25147e-04   constant   
  18  wCBO_expCoeff   0.00000e+00   constant   
  19  wCBO_expOffset   0.00000e+00   constant   
  20  wCBO_expT    0.00000e+00   constant   
  21  wCBO_linCoeff   0.00000e+00   constant   
  22  wCBO_const   0.00000e+00   constant   
 MIGRAD MINIMIZATION HAS CONVERGED.
 MIGRAD WILL VERIFY CONVERGENCE AND ERROR MATRIX.
 COVARIANCE MATRIX CALCULATED SUCCESSFULLY
 FCN=308.814 FROM MIGRAD    STATUS=CONVERGED      67 CALLS         313 TOTAL
                     EDM=3.36017e-08    STRATEGY= 1      ERROR MATRIX ACCURATE 
  EXT PARAMETER                                   STEP         FIRST   
  NO.   NAME      VALUE            ERROR          SIZE      DERIVATIVE 
   1  N0           3.08123e+06   1.91445e+03   1.56192e+01   2.51059e-10
   2  tau          6.44081e+01   constant   
   3  A0           3.46068e-01   8.34969e-04   7.17301e-06   1.17013e-03
   4  phi          4.12025e+00   2.49225e-03   2.14143e-05  -8.16378e-04
   5  R           -6.04838e+01   constant   
   6  A_CBO        2.38688e-03   8.79237e-04   7.55533e-06  -8.62018e-05
   7  w_CBO        2.32417e+00   2.27834e-03   6.79331e-06  -1.53858e-04
   8  phi_CBO      8.60258e-01   1.06021e+00   3.16084e-03  -2.44206e-04
   9  ANx2         3.59468e-04   constant   
  10  pNx2         5.65332e+00   constant   
  11  ANy1         0.00000e+00   constant   
  12  pNy1         0.00000e+00   constant   
  13  w_y          0.00000e+00   constant   
  14  ANy2         0.00000e+00   constant   
  15  pNy2         0.00000e+00   constant   
  16  w_vw         0.00000e+00   constant   
  17  LM           1.25147e-04   constant   
  18  wCBO_expCoeff   0.00000e+00   constant   
  19  wCBO_expOffset   0.00000e+00   constant   
  20  wCBO_expT    0.00000e+00   constant   
  21  wCBO_linCoeff   0.00000e+00   constant   
  22  wCBO_const   0.00000e+00   constant   
 EXTERNAL ERROR MATRIX.    NDIM=  25    NPAR=  6    ERR DEF=1
  3.665e+06  1.989e-02  7.790e-02  6.395e-03 -1.882e-02 -1.117e+01 
  1.989e-02  6.972e-07 -1.690e-08 -1.930e-09  2.596e-08  1.784e-05 
  7.790e-02 -1.690e-08  6.211e-06 -2.615e-08  7.359e-09  5.776e-06 
  6.395e-03 -1.930e-09 -2.615e-08  7.731e-07 -2.495e-08 -1.221e-05 
 -1.882e-02  2.596e-08  7.359e-09 -2.495e-08  5.191e-06  2.265e-03 
 -1.117e+01  1.784e-05  5.776e-06 -1.221e-05  2.265e-03  1.124e+00 
 PARAMETER  CORRELATION COEFFICIENTS  
       NO.  GLOBAL      1      3      4      6      7      8
        1  0.02193   1.000  0.012  0.016  0.004 -0.004 -0.006
        3  0.02952   0.012  1.000 -0.008 -0.003  0.014  0.020
        4  0.02216   0.016 -0.008  1.000 -0.012  0.001  0.002
        6  0.01831   0.004 -0.003 -0.012  1.000 -0.012 -0.013
        7  0.93789  -0.004  0.014  0.001 -0.012  1.000  0.938
        8  0.93790  -0.006  0.020  0.002 -0.013  0.938  1.000
 **********
 **  120 **MINO      2.5e+04
 **********
 FCN=308.814 FROM MINOS     STATUS=SUCCESSFUL   1206 CALLS        1519 TOTAL
                     EDM=3.36017e-08    STRATEGY= 1      ERROR MATRIX ACCURATE 
  EXT PARAMETER                  PARABOLIC         MINOS ERRORS        
  NO.   NAME      VALUE            ERROR      NEGATIVE      POSITIVE   
   1  N0           3.08123e+06   1.91445e+03  -1.91445e+03   1.91444e+03
   2  tau          6.44081e+01   constant   
   3  A0           3.46068e-01   8.34969e-04  -8.34974e-04   8.34964e-04
   4  phi          4.12025e+00   2.49225e-03  -2.49222e-03   2.49228e-03
   5  R           -6.04838e+01   constant   
   6  A_CBO        2.38688e-03   8.79237e-04  -8.79173e-04   8.79170e-04
   7  w_CBO        2.32417e+00   2.27834e-03  -7.63673e-03   3.09716e-03
   8  phi_CBO      8.60258e-01   1.06021e+00  -3.36983e+00   1.36800e+00
   9  ANx2         3.59468e-04   constant   
  10  pNx2         5.65332e+00   constant   
  11  ANy1         0.00000e+00   constant   
  12  pNy1         0.00000e+00   constant   
  13  w_y          0.00000e+00   constant   
  14  ANy2         0.00000e+00   constant   
  15  pNy2         0.00000e+00   constant   
  16  w_vw         0.00000e+00   constant   
  17  LM           1.25147e-04   constant   
  18  wCBO_expCoeff   0.00000e+00   constant   
  19  wCBO_expOffset   0.00000e+00   constant   
  20  wCBO_expT    0.00000e+00   constant   
  21  wCBO_linCoeff   0.00000e+00   constant   
  22  wCBO_const   0.00000e+00   constant   
 **********
 **  121 **SHO COR 
 **********
 PARAMETER  CORRELATION COEFFICIENTS  
       NO.  GLOBAL      1      3      4      6      7      8
        1  0.02193   1.000  0.012  0.016  0.004 -0.004 -0.006
        3  0.02952   0.012  1.000 -0.008 -0.003  0.014  0.020
        4  0.02216   0.016 -0.008  1.000 -0.012  0.001  0.002
        6  0.01831   0.004 -0.003 -0.012  1.000 -0.012 -0.013
        7  0.93789  -0.004  0.014  0.001 -0.012  1.000  0.938
        8  0.93790  -0.006  0.020  0.002 -0.013  0.938  1.000
