 + ++++++++++++++++++++++++++++++++++++++++++++++++++++++++++++++++++++ +
 +                                                                      +
 +           You have chose to blind your fitting according to          +
 +                omega_ref * (1 + (R +/- deltaR) *10^{-6})             +
 +                                                                      +
 + ++++++++++++++++++++++++++++++++++++++++++++++++++++++++++++++++++++ +
In main()...
reading format from /gm2data/zkhechad/run45/envelope/formats/formatB_sBin_constraintOn.txt
pBinTau 	= 0  
pBinPhi 	= 0  
constraintau 	= 1 
includeMopTerm 	= 0    
constrainMop    = 0   
Parameters after format file: pBinTau 0 pBinPhi 0 constraintau 1 includeMopTerm 0 constrainMop 0 c_e_scale 0.000000 
reading cbo reference file (full fit) from /gm2data/zkhechad/cboTemplates/Run4CBOTemplates/fullFits/run4/sBin_constraintOn_cE0.0_seed0_run4_calo20.root
A_CBO 0.007307 w_CBO 2.326921 phi_CBO 1.268494 N0 3181980.382925 R -61.000535 tau 64.408953 
Reading cboRef file /gm2data/zkhechad/cboTemplates/Run4CBOTemplates//cboIsolate/run4_calo20.root
deltaT 164.120000
windowBins = 1100
fitting sliding window 2420 from bin 2623 at 391.351600 to bin 3723 at 555.471600 (1100 bins)

Reading data from /gm2data/cornell/histograms/aMethod/histogram_a_run4.root
fitting cbo isolate
 **********
 **    1 **SET PRINTOUT            1
 **********
 **********
 **    2 **SET NOWARNINGS 
 **********
 PARAMETER DEFINITIONS:
    NO.   NAME         VALUE      STEP SIZE      LIMITS
     1 A_CBO        7.30680e-03  1.00000e-05     no limits
     2 w_CBO        2.32692e+00  1.00000e-02    2.00000e+00  3.00000e+00
     3 phi_CBO      1.26849e+00  1.00000e-02    0.00000e+00  6.28319e+00
 **********
 **    3 **MIGRAD
 **********
 FIRST CALL TO USER FUNCTION AT NEW START POINT, WITH IFLAG=4.
 START MIGRAD MINIMIZATION.  STRATEGY  1.  CONVERGENCE WHEN EDM .LT. 1.00e-04
 FCN=0.324624 FROM MIGRAD    STATUS=INITIATE       12 CALLS          13 TOTAL
                     EDM= unknown      STRATEGY= 1      NO ERROR MATRIX       
  EXT PARAMETER               CURRENT GUESS       STEP         FIRST   
  NO.   NAME      VALUE            ERROR          SIZE      DERIVATIVE 
   1  A_CBO        7.30680e-03   1.00000e-05   1.00000e-05   6.24445e+00
   2  w_CBO        2.32692e+00   1.00000e-02   2.13202e-02   1.48526e+00
   3  phi_CBO      1.26849e+00   1.00000e-02   3.96494e-03  -1.66572e-02
 MIGRAD MINIMIZATION HAS CONVERGED.
 MIGRAD WILL VERIFY CONVERGENCE AND ERROR MATRIX.
 COVARIANCE MATRIX CALCULATED SUCCESSFULLY
 FCN=0.306524 FROM MIGRAD    STATUS=CONVERGED      60 CALLS          61 TOTAL
                     EDM=2.61682e-05    STRATEGY= 1      ERROR MATRIX ACCURATE 
  EXT PARAMETER                                   STEP         FIRST   
  NO.   NAME      VALUE            ERROR          SIZE      DERIVATIVE 
   1  A_CBO        1.82486e-03   4.27782e-02   2.38169e-05   1.27983e-02
   2  w_CBO        2.32647e+00   6.59026e-01   6.70617e-05  -3.37369e-03
   3  phi_CBO      1.51013e+00   3.19614e+00   5.42236e-03  -4.20654e-05
 EXTERNAL ERROR MATRIX.    NDIM=  25    NPAR=  3    ERR DEF=1
  1.830e-03 -1.399e-03 -6.827e-01 
 -1.399e-03  2.344e-01  1.138e+02 
 -6.827e-01  1.138e+02  5.583e+04 
 PARAMETER  CORRELATION COEFFICIENTS  
       NO.  GLOBAL      1      2      3
        1  0.06764   1.000 -0.068 -0.068
        2  0.99508  -0.068  1.000  0.995
        3  0.99508  -0.068  0.995  1.000
setting A_CBO=0.001825 w_CBO=2.326474, phi_CBO=1.510129
done fitting cbo isolate
 **********
 **    1 **SET PRINTOUT            1
 **********
 **********
 **    2 **SET NOWARNINGS 
 **********
 PARAMETER DEFINITIONS:
    NO.   NAME         VALUE      STEP SIZE      LIMITS
     1 N0           3.18198e+06  1.00000e+02     no limits
     2 tau          6.44090e+01  constant
     3 A0           3.64685e-01  1.00000e-04     no limits
     4 phi          4.11970e+00  1.00000e-02     no limits
     5 R           -6.10005e+01  constant
     6 A_CBO        1.82486e-03  1.00000e-05     no limits
     7 w_CBO        2.32647e+00  1.00000e-03     no limits
     8 phi_CBO      1.51013e+00  1.00000e-04     no limits
     9 ANx2         1.86992e-04  constant
    10 pNx2         5.81164e+00  constant
    11 ANy1         0.00000e+00  constant
    12 pNy1         0.00000e+00  constant
    13 w_y          0.00000e+00  constant
    14 ANy2         8.35747e-03  1.00000e-04     no limits
    15 pNy2         4.18605e+00  constant
    16 w_vw         1.43216e+01  constant
    17 LM           7.21641e-05  constant
    18 wCBO_expCoeff   0.00000e+00  constant
    19 wCBO_expOffset   0.00000e+00  constant
    20 wCBO_expT    0.00000e+00  constant
    21 wCBO_linCoeff   0.00000e+00  constant
    22 wCBO_const   0.00000e+00  constant
MINUIT - FIT ONLY WIGGLE
 **********
 **    3 **FIX            5
 **********
 PARAMETER    5  IS CONSTANT.   IGNORED.
 **********
 **    4 **FIX            6
 **********
 **********
 **    5 **FIX            7
 **********
 **********
 **    6 **FIX            8
 **********
 **********
 **    7 **FIX            9
 **********
 PARAMETER    9  IS CONSTANT.   IGNORED.
 **********
 **    8 **FIX           10
 **********
 PARAMETER   10  IS CONSTANT.   IGNORED.
 **********
 **    9 **FIX           11
 **********
 PARAMETER   11  IS CONSTANT.   IGNORED.
 **********
 **   10 **FIX           12
 **********
 PARAMETER   12  IS CONSTANT.   IGNORED.
 **********
 **   11 **FIX           13
 **********
 PARAMETER   13  IS CONSTANT.   IGNORED.
 **********
 **   12 **FIX           14
 **********
 **********
 **   13 **FIX           15
 **********
 PARAMETER   15  IS CONSTANT.   IGNORED.
 **********
 **   14 **FIX           16
 **********
 PARAMETER   16  IS CONSTANT.   IGNORED.
 **********
 **   15 **MIGRAD
 **********
 FIRST CALL TO USER FUNCTION AT NEW START POINT, WITH IFLAG=4.
 START MIGRAD MINIMIZATION.  STRATEGY  1.  CONVERGENCE WHEN EDM .LT. 1.00e-04
 FCN=404.42 FROM MIGRAD    STATUS=INITIATE       12 CALLS          13 TOTAL
                     EDM= unknown      STRATEGY= 1      NO ERROR MATRIX       
  EXT PARAMETER               CURRENT GUESS       STEP         FIRST   
  NO.   NAME      VALUE            ERROR          SIZE      DERIVATIVE 
   1  N0           3.18198e+06   1.00000e+02   1.00000e+02   3.67423e-04
   2  tau          6.44090e+01   constant   
   3  A0           3.64685e-01   1.00000e-04   1.00000e-04  -2.44546e+02
   4  phi          4.11970e+00   1.00000e-02   1.00000e-02   4.02016e+02
   5  R           -6.10005e+01   constant   
   6  A_CBO        1.82486e-03     fixed    
   7  w_CBO        2.32647e+00     fixed    
   8  phi_CBO      1.51013e+00     fixed    
   9  ANx2         1.86992e-04   constant   
  10  pNx2         5.81164e+00   constant   
  11  ANy1         0.00000e+00   constant   
  12  pNy1         0.00000e+00   constant   
  13  w_y          0.00000e+00   constant   
  14  ANy2         8.35747e-03     fixed    
  15  pNy2         4.18605e+00   constant   
  16  w_vw         1.43216e+01   constant   
  17  LM           7.21641e-05   constant   
  18  wCBO_expCoeff   0.00000e+00   constant   
  19  wCBO_expOffset   0.00000e+00   constant   
  20  wCBO_expT    0.00000e+00   constant   
  21  wCBO_linCoeff   0.00000e+00   constant   
  22  wCBO_const   0.00000e+00   constant   
 MIGRAD MINIMIZATION HAS CONVERGED.
 MIGRAD WILL VERIFY CONVERGENCE AND ERROR MATRIX.
 COVARIANCE MATRIX CALCULATED SUCCESSFULLY
 FCN=403.976 FROM MIGRAD    STATUS=CONVERGED      42 CALLS          43 TOTAL
                     EDM=1.05242e-08    STRATEGY= 1      ERROR MATRIX ACCURATE 
  EXT PARAMETER                                   STEP         FIRST   
  NO.   NAME      VALUE            ERROR          SIZE      DERIVATIVE 
   1  N0           3.18112e+06   2.19210e+03   2.01411e+01  -3.88213e-08
   2  tau          6.44090e+01   constant   
   3  A0           3.64783e-01   9.16324e-04   9.00293e-06  -1.20835e-01
   4  phi          4.11834e+00   2.62363e-03   2.57766e-05   1.28584e-02
   5  R           -6.10005e+01   constant   
   6  A_CBO        1.82486e-03     fixed    
   7  w_CBO        2.32647e+00     fixed    
   8  phi_CBO      1.51013e+00     fixed    
   9  ANx2         1.86992e-04   constant   
  10  pNx2         5.81164e+00   constant   
  11  ANy1         0.00000e+00   constant   
  12  pNy1         0.00000e+00   constant   
  13  w_y          0.00000e+00   constant   
  14  ANy2         8.35747e-03     fixed    
  15  pNy2         4.18605e+00   constant   
  16  w_vw         1.43216e+01   constant   
  17  LM           7.21641e-05   constant   
  18  wCBO_expCoeff   0.00000e+00   constant   
  19  wCBO_expOffset   0.00000e+00   constant   
  20  wCBO_expT    0.00000e+00   constant   
  21  wCBO_linCoeff   0.00000e+00   constant   
  22  wCBO_const   0.00000e+00   constant   
 EXTERNAL ERROR MATRIX.    NDIM=  25    NPAR=  3    ERR DEF=1
  4.805e+06  3.102e-02 -9.741e-02 
  3.102e-02  8.396e-07 -6.418e-09 
 -9.741e-02 -6.418e-09  6.883e-06 
 PARAMETER  CORRELATION COEFFICIENTS  
       NO.  GLOBAL      1      3      4
        1  0.02289   1.000  0.015 -0.017
        3  0.01563   0.015  1.000 -0.003
        4  0.01711  -0.017 -0.003  1.000
MINUIT - FIT ONLY 1-CBO + other amplitudes 
 **********
 **   16 **RES 
 **********
                   PARAMETER   14  ANy2 RESTORED TO VARIABLE.
                   PARAMETER    8  phi_CBO RESTORED TO VARIABLE.
                   PARAMETER    7  w_CBO RESTORED TO VARIABLE.
                   PARAMETER    6  A_CBO RESTORED TO VARIABLE.
 **********
 **   17 **FIX            0
 **********
 PARAMETER    0  IS UNDEFINED. IGNORED.
 **********
 **   18 **FIX            1
 **********
 **********
 **   19 **FIX            2
 **********
 PARAMETER    2  IS CONSTANT.   IGNORED.
 **********
 **   20 **FIX            3
 **********
 **********
 **   21 **FIX            4
 **********
 **********
 **   22 **FIX            9
 **********
 PARAMETER    9  IS CONSTANT.   IGNORED.
 **********
 **   23 **FIX           11
 **********
 PARAMETER   11  IS CONSTANT.   IGNORED.
 **********
 **   24 **FIX           12
 **********
 PARAMETER   12  IS CONSTANT.   IGNORED.
 **********
 **   25 **FIX           14
 **********
 **********
 **   26 **FIX           15
 **********
 PARAMETER   15  IS CONSTANT.   IGNORED.
 **********
 **   27 **FIX           16
 **********
 PARAMETER   16  IS CONSTANT.   IGNORED.
 **********
 **   28 **MIGRAD
 **********
 START MIGRAD MINIMIZATION.  STRATEGY  1.  CONVERGENCE WHEN EDM .LT. 1.00e-04
 FCN=403.976 FROM MIGRAD    STATUS=INITIATE       10 CALLS          53 TOTAL
                     EDM= unknown      STRATEGY= 1      NO ERROR MATRIX       
  EXT PARAMETER               CURRENT GUESS       STEP         FIRST   
  NO.   NAME      VALUE            ERROR          SIZE      DERIVATIVE 
   1  N0           3.18112e+06     fixed    
   2  tau          6.44090e+01   constant   
   3  A0           3.64783e-01     fixed    
   4  phi          4.11834e+00     fixed    
   5  R           -6.10005e+01   constant   
   6  A_CBO        1.82486e-03   1.00000e-05   1.00000e-05   2.91470e+02
   7  w_CBO        2.32647e+00   1.00000e-03   1.00000e-03   5.38790e+02
   8  phi_CBO      1.51013e+00   1.00000e-04   1.00000e-04  -1.07134e+00
   9  ANx2         1.86992e-04   constant   
  10  pNx2         5.81164e+00   constant   
  11  ANy1         0.00000e+00   constant   
  12  pNy1         0.00000e+00   constant   
  13  w_y          0.00000e+00   constant   
  14  ANy2         8.35747e-03     fixed    
  15  pNy2         4.18605e+00   constant   
  16  w_vw         1.43216e+01   constant   
  17  LM           7.21641e-05   constant   
  18  wCBO_expCoeff   0.00000e+00   constant   
  19  wCBO_expOffset   0.00000e+00   constant   
  20  wCBO_expT    0.00000e+00   constant   
  21  wCBO_linCoeff   0.00000e+00   constant   
  22  wCBO_const   0.00000e+00   constant   
 MIGRAD MINIMIZATION HAS CONVERGED.
 MIGRAD WILL VERIFY CONVERGENCE AND ERROR MATRIX.
 COVARIANCE MATRIX CALCULATED SUCCESSFULLY
 FCN=403.864 FROM MIGRAD    STATUS=CONVERGED      60 CALLS         103 TOTAL
                     EDM=2.60719e-07    STRATEGY= 1      ERROR MATRIX ACCURATE 
  EXT PARAMETER                                   STEP         FIRST   
  NO.   NAME      VALUE            ERROR          SIZE      DERIVATIVE 
   1  N0           3.18112e+06     fixed    
   2  tau          6.44090e+01   constant   
   3  A0           3.64783e-01     fixed    
   4  phi          4.11834e+00     fixed    
   5  R           -6.10005e+01   constant   
   6  A_CBO        1.70877e-03   9.76485e-04   9.59208e-06  -7.34956e-01
   7  w_CBO        2.32621e+00   2.67381e-03   1.15845e-05   5.25498e-02
   8  phi_CBO      1.55729e+00   1.29065e+00   5.59217e-03  -1.45719e-04
   9  ANx2         1.86992e-04   constant   
  10  pNx2         5.81164e+00   constant   
  11  ANy1         0.00000e+00   constant   
  12  pNy1         0.00000e+00   constant   
  13  w_y          0.00000e+00   constant   
  14  ANy2         8.35747e-03     fixed    
  15  pNy2         4.18605e+00   constant   
  16  w_vw         1.43216e+01   constant   
  17  LM           7.21641e-05   constant   
  18  wCBO_expCoeff   0.00000e+00   constant   
  19  wCBO_expOffset   0.00000e+00   constant   
  20  wCBO_expT    0.00000e+00   constant   
  21  wCBO_linCoeff   0.00000e+00   constant   
  22  wCBO_const   0.00000e+00   constant   
 EXTERNAL ERROR MATRIX.    NDIM=  25    NPAR=  3    ERR DEF=1
  9.535e-07 -4.489e-08 -2.222e-05 
 -4.489e-08  7.149e-06  3.098e-03 
 -2.222e-05  3.098e-03  1.666e+00 
 PARAMETER  CORRELATION COEFFICIENTS  
       NO.  GLOBAL      6      7      8
        6  0.01790   1.000 -0.017 -0.018
        7  0.89760  -0.017  1.000  0.898
        8  0.89760  -0.018  0.898  1.000
MINUIT - FIT ONLY 1-CBO
 **********
 **   29 **RES 
 **********
                   PARAMETER   14  ANy2 RESTORED TO VARIABLE.
                   PARAMETER    4  phi RESTORED TO VARIABLE.
                   PARAMETER    3  A0 RESTORED TO VARIABLE.
                   PARAMETER    1  N0 RESTORED TO VARIABLE.
 **********
 **   30 **FIX            0
 **********
 PARAMETER    0  IS UNDEFINED. IGNORED.
 **********
 **   31 **FIX            1
 **********
 **********
 **   32 **FIX            2
 **********
 PARAMETER    2  IS CONSTANT.   IGNORED.
 **********
 **   33 **FIX            3
 **********
 **********
 **   34 **FIX            4
 **********
 **********
 **   35 **FIX            8
 **********
 **********
 **   36 **FIX            9
 **********
 PARAMETER    9  IS CONSTANT.   IGNORED.
 **********
 **   37 **FIX           11
 **********
 PARAMETER   11  IS CONSTANT.   IGNORED.
 **********
 **   38 **FIX           12
 **********
 PARAMETER   12  IS CONSTANT.   IGNORED.
 **********
 **   39 **FIX           13
 **********
 PARAMETER   13  IS CONSTANT.   IGNORED.
 **********
 **   40 **FIX           15
 **********
 PARAMETER   15  IS CONSTANT.   IGNORED.
 **********
 **   41 **FIX           16
 **********
 PARAMETER   16  IS CONSTANT.   IGNORED.
 **********
 **   42 **MIGRAD
 **********
 START MIGRAD MINIMIZATION.  STRATEGY  1.  CONVERGENCE WHEN EDM .LT. 1.00e-04
 FCN=403.864 FROM MIGRAD    STATUS=INITIATE        8 CALLS         111 TOTAL
                     EDM= unknown      STRATEGY= 1      NO ERROR MATRIX       
  EXT PARAMETER               CURRENT GUESS       STEP         FIRST   
  NO.   NAME      VALUE            ERROR          SIZE      DERIVATIVE 
   1  N0           3.18112e+06     fixed    
   2  tau          6.44090e+01   constant   
   3  A0           3.64783e-01     fixed    
   4  phi          4.11834e+00     fixed    
   5  R           -6.10005e+01   constant   
   6  A_CBO        1.70877e-03   9.76485e-04   9.59208e-06  -7.34956e-01
   7  w_CBO        2.32621e+00   2.67381e-03   1.15845e-05   5.23033e-02
   8  phi_CBO      1.55729e+00     fixed    
   9  ANx2         1.86992e-04   constant   
  10  pNx2         5.81164e+00   constant   
  11  ANy1         0.00000e+00   constant   
  12  pNy1         0.00000e+00   constant   
  13  w_y          0.00000e+00   constant   
  14  ANy2         8.35747e-03   1.00000e-04   1.00000e-04   1.77180e+04
  15  pNy2         4.18605e+00   constant   
  16  w_vw         1.43216e+01   constant   
  17  LM           7.21641e-05   constant   
  18  wCBO_expCoeff   0.00000e+00   constant   
  19  wCBO_expOffset   0.00000e+00   constant   
  20  wCBO_expT    0.00000e+00   constant   
  21  wCBO_linCoeff   0.00000e+00   constant   
  22  wCBO_const   0.00000e+00   constant   
 MIGRAD MINIMIZATION HAS CONVERGED.
 MIGRAD WILL VERIFY CONVERGENCE AND ERROR MATRIX.
 COVARIANCE MATRIX CALCULATED SUCCESSFULLY
 FCN=329.322 FROM MIGRAD    STATUS=CONVERGED      38 CALLS         141 TOTAL
                     EDM=3.29973e-10    STRATEGY= 1      ERROR MATRIX ACCURATE 
  EXT PARAMETER                                   STEP         FIRST   
  NO.   NAME      VALUE            ERROR          SIZE      DERIVATIVE 
   1  N0           3.18112e+06     fixed    
   2  tau          6.44090e+01   constant   
   3  A0           3.64783e-01     fixed    
   4  phi          4.11834e+00     fixed    
   5  R           -6.10005e+01   constant   
   6  A_CBO        1.71172e-03   9.76341e-04   8.66446e-06  -2.22390e-02
   7  w_CBO        2.32620e+00   1.17708e-03   1.04527e-05  -1.17046e-02
   8  phi_CBO      1.55729e+00     fixed    
   9  ANx2         1.86992e-04   constant   
  10  pNx2         5.81164e+00   constant   
  11  ANy1         0.00000e+00   constant   
  12  pNy1         0.00000e+00   constant   
  13  w_y          0.00000e+00   constant   
  14  ANy2        -5.68207e-05   9.74577e-04   8.64878e-06   4.36031e-04
  15  pNy2         4.18605e+00   constant   
  16  w_vw         1.43216e+01   constant   
  17  LM           7.21641e-05   constant   
  18  wCBO_expCoeff   0.00000e+00   constant   
  19  wCBO_expOffset   0.00000e+00   constant   
  20  wCBO_expT    0.00000e+00   constant   
  21  wCBO_linCoeff   0.00000e+00   constant   
  22  wCBO_const   0.00000e+00   constant   
 EXTERNAL ERROR MATRIX.    NDIM=  25    NPAR=  3    ERR DEF=1
  9.532e-07 -2.864e-09 -2.435e-10 
 -2.864e-09  1.386e-06  8.587e-10 
 -2.435e-10  8.587e-10  9.498e-07 
 PARAMETER  CORRELATION COEFFICIENTS  
       NO.  GLOBAL      6      7     14
        6  0.00250   1.000 -0.002 -0.000
        7  0.00260  -0.002  1.000  0.001
       14  0.00079  -0.000  0.001  1.000
MINUIT - FIT ONLY 2-CBO
 **********
 **   43 **RES 
 **********
                   PARAMETER    8  phi_CBO RESTORED TO VARIABLE.
                   PARAMETER    4  phi RESTORED TO VARIABLE.
                   PARAMETER    3  A0 RESTORED TO VARIABLE.
                   PARAMETER    1  N0 RESTORED TO VARIABLE.
 **********
 **   44 **FIX            0
 **********
 PARAMETER    0  IS UNDEFINED. IGNORED.
 **********
 **   45 **FIX            1
 **********
 **********
 **   46 **FIX            2
 **********
 PARAMETER    2  IS CONSTANT.   IGNORED.
 **********
 **   47 **FIX            3
 **********
 **********
 **   48 **FIX            4
 **********
 **********
 **   49 **FIX            5
 **********
 PARAMETER    5  IS CONSTANT.   IGNORED.
 **********
 **   50 **FIX            6
 **********
 **********
 **   51 **FIX            7
 **********
 **********
 **   52 **FIX           10
 **********
 PARAMETER   10  IS CONSTANT.   IGNORED.
 **********
 **   53 **FIX           11
 **********
 PARAMETER   11  IS CONSTANT.   IGNORED.
 **********
 **   54 **FIX           12
 **********
 PARAMETER   12  IS CONSTANT.   IGNORED.
 **********
 **   55 **FIX           13
 **********
 PARAMETER   13  IS CONSTANT.   IGNORED.
 **********
 **   56 **FIX           14
 **********
 **********
 **   57 **FIX           15
 **********
 PARAMETER   15  IS CONSTANT.   IGNORED.
 **********
 **   58 **FIX           16
 **********
 PARAMETER   16  IS CONSTANT.   IGNORED.
 **********
 **   59 **MIGRAD
 **********
 START MIGRAD MINIMIZATION.  STRATEGY  1.  CONVERGENCE WHEN EDM .LT. 1.00e-04
 FCN=329.322 FROM MIGRAD    STATUS=INITIATE        2 CALLS         143 TOTAL
                     EDM= unknown      STRATEGY= 1      NO ERROR MATRIX       
  EXT PARAMETER               CURRENT GUESS       STEP         FIRST   
  NO.   NAME      VALUE            ERROR          SIZE      DERIVATIVE 
   1  N0           3.18112e+06     fixed    
   2  tau          6.44090e+01   constant   
   3  A0           3.64783e-01     fixed    
   4  phi          4.11834e+00     fixed    
   5  R           -6.10005e+01   constant   
   6  A_CBO        1.71172e-03     fixed    
   7  w_CBO        2.32620e+00     fixed    
   8  phi_CBO      1.55729e+00   1.29065e+00   1.29065e+00   1.47814e-03
   9  ANx2         1.86992e-04   constant   
  10  pNx2         5.81164e+00   constant   
  11  ANy1         0.00000e+00   constant   
  12  pNy1         0.00000e+00   constant   
  13  w_y          0.00000e+00   constant   
  14  ANy2        -5.68207e-05     fixed    
  15  pNy2         4.18605e+00   constant   
  16  w_vw         1.43216e+01   constant   
  17  LM           7.21641e-05   constant   
  18  wCBO_expCoeff   0.00000e+00   constant   
  19  wCBO_expOffset   0.00000e+00   constant   
  20  wCBO_expT    0.00000e+00   constant   
  21  wCBO_linCoeff   0.00000e+00   constant   
  22  wCBO_const   0.00000e+00   constant   
 MIGRAD MINIMIZATION HAS CONVERGED.
 MIGRAD WILL VERIFY CONVERGENCE AND ERROR MATRIX.
 COVARIANCE MATRIX CALCULATED SUCCESSFULLY
 FCN=329.322 FROM MIGRAD    STATUS=CONVERGED      12 CALLS         153 TOTAL
                     EDM=4.76299e-15    STRATEGY= 1      ERROR MATRIX ACCURATE 
  EXT PARAMETER                                   STEP         FIRST   
  NO.   NAME      VALUE            ERROR          SIZE      DERIVATIVE 
   1  N0           3.18112e+06     fixed    
   2  tau          6.44090e+01   constant   
   3  A0           3.64783e-01     fixed    
   4  phi          4.11834e+00     fixed    
   5  R           -6.10005e+01   constant   
   6  A_CBO        1.71172e-03     fixed    
   7  w_CBO        2.32620e+00     fixed    
   8  phi_CBO      1.55705e+00   5.68014e-01   5.04079e-03   1.71829e-07
   9  ANx2         1.86992e-04   constant   
  10  pNx2         5.81164e+00   constant   
  11  ANy1         0.00000e+00   constant   
  12  pNy1         0.00000e+00   constant   
  13  w_y          0.00000e+00   constant   
  14  ANy2        -5.68207e-05     fixed    
  15  pNy2         4.18605e+00   constant   
  16  w_vw         1.43216e+01   constant   
  17  LM           7.21641e-05   constant   
  18  wCBO_expCoeff   0.00000e+00   constant   
  19  wCBO_expOffset   0.00000e+00   constant   
  20  wCBO_expT    0.00000e+00   constant   
  21  wCBO_linCoeff   0.00000e+00   constant   
  22  wCBO_const   0.00000e+00   constant   
 EXTERNAL ERROR MATRIX.    NDIM=  25    NPAR=  1    ERR DEF=1
  3.226e-01 
MINUIT - FIT ONLY 1-y
 **********
 **   60 **RES 
 **********
                   PARAMETER   14  ANy2 RESTORED TO VARIABLE.
                   PARAMETER    7  w_CBO RESTORED TO VARIABLE.
                   PARAMETER    6  A_CBO RESTORED TO VARIABLE.
                   PARAMETER    4  phi RESTORED TO VARIABLE.
                   PARAMETER    3  A0 RESTORED TO VARIABLE.
                   PARAMETER    1  N0 RESTORED TO VARIABLE.
 **********
 **   61 **FIX            0
 **********
 PARAMETER    0  IS UNDEFINED. IGNORED.
 **********
 **   62 **FIX            1
 **********
 **********
 **   63 **FIX            2
 **********
 PARAMETER    2  IS CONSTANT.   IGNORED.
 **********
 **   64 **FIX            3
 **********
 **********
 **   65 **FIX            4
 **********
 **********
 **   66 **FIX            5
 **********
 PARAMETER    5  IS CONSTANT.   IGNORED.
 **********
 **   67 **FIX            6
 **********
 **********
 **   68 **FIX            7
 **********
 **********
 **   69 **FIX            8
 **********
 **********
 **   70 **FIX            9
 **********
 PARAMETER    9  IS CONSTANT.   IGNORED.
 **********
 **   71 **FIX           13
 **********
 PARAMETER   13  IS CONSTANT.   IGNORED.
 **********
 **   72 **FIX           14
 **********
 **********
 **   73 **FIX           15
 **********
 PARAMETER   15  IS CONSTANT.   IGNORED.
 **********
 **   74 **FIX           16
 **********
 PARAMETER   16  IS CONSTANT.   IGNORED.
 **********
 **   75 **MIGRAD
 **********
MINUIT - FIT ONLY 2-y
 **********
 **   76 **RES 
 **********
                   PARAMETER   14  ANy2 RESTORED TO VARIABLE.
                   PARAMETER    8  phi_CBO RESTORED TO VARIABLE.
                   PARAMETER    7  w_CBO RESTORED TO VARIABLE.
                   PARAMETER    6  A_CBO RESTORED TO VARIABLE.
                   PARAMETER    4  phi RESTORED TO VARIABLE.
                   PARAMETER    3  A0 RESTORED TO VARIABLE.
                   PARAMETER    1  N0 RESTORED TO VARIABLE.
 **********
 **   77 **FIX            0
 **********
 PARAMETER    0  IS UNDEFINED. IGNORED.
 **********
 **   78 **FIX            1
 **********
 **********
 **   79 **FIX            2
 **********
 PARAMETER    2  IS CONSTANT.   IGNORED.
 **********
 **   80 **FIX            3
 **********
 **********
 **   81 **FIX            4
 **********
 **********
 **   82 **FIX            5
 **********
 PARAMETER    5  IS CONSTANT.   IGNORED.
 **********
 **   83 **FIX            6
 **********
 **********
 **   84 **FIX            7
 **********
 **********
 **   85 **FIX            8
 **********
 **********
 **   86 **FIX            9
 **********
 PARAMETER    9  IS CONSTANT.   IGNORED.
 **********
 **   87 **FIX           10
 **********
 PARAMETER   10  IS CONSTANT.   IGNORED.
 **********
 **   88 **FIX           11
 **********
 PARAMETER   11  IS CONSTANT.   IGNORED.
 **********
 **   89 **FIX           12
 **********
 PARAMETER   12  IS CONSTANT.   IGNORED.
 **********
 **   90 **FIX           16
 **********
 PARAMETER   16  IS CONSTANT.   IGNORED.
 **********
 **   91 **MIGRAD
 **********
 START MIGRAD MINIMIZATION.  STRATEGY  1.  CONVERGENCE WHEN EDM .LT. 1.00e-04
 FCN=329.322 FROM MIGRAD    STATUS=INITIATE        2 CALLS         155 TOTAL
                     EDM= unknown      STRATEGY= 1      NO ERROR MATRIX       
  EXT PARAMETER               CURRENT GUESS       STEP         FIRST   
  NO.   NAME      VALUE            ERROR          SIZE      DERIVATIVE 
   1  N0           3.18112e+06     fixed    
   2  tau          6.44090e+01   constant   
   3  A0           3.64783e-01     fixed    
   4  phi          4.11834e+00     fixed    
   5  R           -6.10005e+01   constant   
   6  A_CBO        1.71172e-03     fixed    
   7  w_CBO        2.32620e+00     fixed    
   8  phi_CBO      1.55705e+00     fixed    
   9  ANx2         1.86992e-04   constant   
  10  pNx2         5.81164e+00   constant   
  11  ANy1         0.00000e+00   constant   
  12  pNy1         0.00000e+00   constant   
  13  w_y          0.00000e+00   constant   
  14  ANy2        -5.68207e-05   9.74577e-04   9.74577e-04  -1.19631e-04
  15  pNy2         4.18605e+00   constant   
  16  w_vw         1.43216e+01   constant   
  17  LM           7.21641e-05   constant   
  18  wCBO_expCoeff   0.00000e+00   constant   
  19  wCBO_expOffset   0.00000e+00   constant   
  20  wCBO_expT    0.00000e+00   constant   
  21  wCBO_linCoeff   0.00000e+00   constant   
  22  wCBO_const   0.00000e+00   constant   
 MIGRAD MINIMIZATION HAS CONVERGED.
 MIGRAD WILL VERIFY CONVERGENCE AND ERROR MATRIX.
 COVARIANCE MATRIX CALCULATED SUCCESSFULLY
 FCN=329.322 FROM MIGRAD    STATUS=CONVERGED      17 CALLS         170 TOTAL
                     EDM=1.69877e-13    STRATEGY= 1      ERROR MATRIX ACCURATE 
  EXT PARAMETER                                   STEP         FIRST   
  NO.   NAME      VALUE            ERROR          SIZE      DERIVATIVE 
   1  N0           3.18112e+06     fixed    
   2  tau          6.44090e+01   constant   
   3  A0           3.64783e-01     fixed    
   4  phi          4.11834e+00     fixed    
   5  R           -6.10005e+01   constant   
   6  A_CBO        1.71172e-03     fixed    
   7  w_CBO        2.32620e+00     fixed    
   8  phi_CBO      1.55705e+00     fixed    
   9  ANx2         1.86992e-04   constant   
  10  pNx2         5.81164e+00   constant   
  11  ANy1         0.00000e+00   constant   
  12  pNy1         0.00000e+00   constant   
  13  w_y          0.00000e+00   constant   
  14  ANy2        -5.68209e-05   9.74577e-04   8.64878e-06  -5.98090e-04
  15  pNy2         4.18605e+00   constant   
  16  w_vw         1.43216e+01   constant   
  17  LM           7.21641e-05   constant   
  18  wCBO_expCoeff   0.00000e+00   constant   
  19  wCBO_expOffset   0.00000e+00   constant   
  20  wCBO_expT    0.00000e+00   constant   
  21  wCBO_linCoeff   0.00000e+00   constant   
  22  wCBO_const   0.00000e+00   constant   
 EXTERNAL ERROR MATRIX.    NDIM=  25    NPAR=  1    ERR DEF=1
  9.498e-07 
MINUIT - FIT ALTOGETHER
 **********
 **   92 **RES 
 **********
                   PARAMETER    8  phi_CBO RESTORED TO VARIABLE.
                   PARAMETER    7  w_CBO RESTORED TO VARIABLE.
                   PARAMETER    6  A_CBO RESTORED TO VARIABLE.
                   PARAMETER    4  phi RESTORED TO VARIABLE.
                   PARAMETER    3  A0 RESTORED TO VARIABLE.
                   PARAMETER    1  N0 RESTORED TO VARIABLE.
 **********
 **   93 **MIGRAD
 **********
 START MIGRAD MINIMIZATION.  STRATEGY  1.  CONVERGENCE WHEN EDM .LT. 1.00e-04
 FCN=329.322 FROM MIGRAD    STATUS=INITIATE       14 CALLS         184 TOTAL
                     EDM= unknown      STRATEGY= 1      NO ERROR MATRIX       
  EXT PARAMETER               CURRENT GUESS       STEP         FIRST   
  NO.   NAME      VALUE            ERROR          SIZE      DERIVATIVE 
   1  N0           3.18112e+06   2.19210e+03   2.19210e+03  -4.86458e-05
   2  tau          6.44090e+01   constant   
   3  A0           3.64783e-01   9.16324e-04   9.16324e-04  -1.83173e+01
   4  phi          4.11834e+00   2.62363e-03   2.62363e-03  -3.89928e+00
   5  R           -6.10005e+01   constant   
   6  A_CBO        1.71172e-03   9.76341e-04   9.76341e-04  -2.42293e-02
   7  w_CBO        2.32620e+00   1.17708e-03   1.17708e-03   6.28346e-01
   8  phi_CBO      1.55705e+00   5.68014e-01   5.68014e-01   1.46273e-07
   9  ANx2         1.86992e-04   constant   
  10  pNx2         5.81164e+00   constant   
  11  ANy1         0.00000e+00   constant   
  12  pNy1         0.00000e+00   constant   
  13  w_y          0.00000e+00   constant   
  14  ANy2        -5.68209e-05   9.74577e-04   8.64878e-06  -5.98192e-04
  15  pNy2         4.18605e+00   constant   
  16  w_vw         1.43216e+01   constant   
  17  LM           7.21641e-05   constant   
  18  wCBO_expCoeff   0.00000e+00   constant   
  19  wCBO_expOffset   0.00000e+00   constant   
  20  wCBO_expT    0.00000e+00   constant   
  21  wCBO_linCoeff   0.00000e+00   constant   
  22  wCBO_const   0.00000e+00   constant   
 MIGRAD MINIMIZATION HAS CONVERGED.
 MIGRAD WILL VERIFY CONVERGENCE AND ERROR MATRIX.
 COVARIANCE MATRIX CALCULATED SUCCESSFULLY
 FCN=329.319 FROM MIGRAD    STATUS=CONVERGED      95 CALLS         265 TOTAL
                     EDM=5.66139e-07    STRATEGY= 1      ERROR MATRIX ACCURATE 
  EXT PARAMETER                                   STEP         FIRST   
  NO.   NAME      VALUE            ERROR          SIZE      DERIVATIVE 
   1  N0           3.18124e+06   2.19245e+03   1.81904e+01  -7.35953e-09
   2  tau          6.44090e+01   constant   
   3  A0           3.64791e-01   9.16545e-04   8.13058e-06  -3.33027e-01
   4  phi          4.11835e+00   2.62381e-03   2.32788e-05   1.23073e-01
   5  R           -6.10005e+01   constant   
   6  A_CBO        1.71122e-03   9.76594e-04   8.66406e-06   2.13561e-01
   7  w_CBO        2.32620e+00   2.67079e-03   1.04470e-05  -3.94917e-01
   8  phi_CBO      1.55728e+00   1.28904e+00   5.04145e-03   1.38140e-03
   9  ANx2         1.86992e-04   constant   
  10  pNx2         5.81164e+00   constant   
  11  ANy1         0.00000e+00   constant   
  12  pNy1         0.00000e+00   constant   
  13  w_y          0.00000e+00   constant   
  14  ANy2        -5.68120e-05   9.74542e-04   8.64843e-06  -3.28234e-03
  15  pNy2         4.18605e+00   constant   
  16  w_vw         1.43216e+01   constant   
  17  LM           7.21641e-05   constant   
  18  wCBO_expCoeff   0.00000e+00   constant   
  19  wCBO_expOffset   0.00000e+00   constant   
  20  wCBO_expT    0.00000e+00   constant   
  21  wCBO_linCoeff   0.00000e+00   constant   
  22  wCBO_const   0.00000e+00   constant   
 EXTERNAL ERROR MATRIX.    NDIM=  25    NPAR=  7    ERR DEF=1
  4.807e+06  3.180e-02 -9.783e-02 -1.930e-02  1.742e-02  2.469e+01  6.769e-04 
  3.180e-02  8.401e-07 -6.622e-09 -1.124e-08  7.292e-09  1.320e-05 -2.521e-10 
 -9.783e-02 -6.622e-09  6.884e-06 -2.414e-08 -1.223e-08 -2.155e-05 -1.897e-09 
 -1.930e-02 -1.124e-08 -2.414e-08  9.537e-07 -4.111e-08 -2.072e-05 -2.373e-10 
  1.742e-02  7.292e-09 -1.223e-08 -4.111e-08  7.133e-06  3.090e-03  1.015e-09 
  2.469e+01  1.320e-05 -2.155e-05 -2.072e-05  3.090e-03  1.662e+00  8.753e-08 
  6.769e-04 -2.521e-10 -1.897e-09 -2.373e-10  1.015e-09  8.753e-08  9.497e-07 
 PARAMETER  CORRELATION COEFFICIENTS  
       NO.  GLOBAL      1      3      4      6      7      8     14
        1  0.02831   1.000  0.016 -0.017 -0.009  0.003  0.009  0.000
        3  0.02791   0.016  1.000 -0.003 -0.013  0.003  0.011 -0.000
        4  0.02248  -0.017 -0.003  1.000 -0.009 -0.002 -0.006 -0.001
        6  0.02449  -0.009 -0.013 -0.009  1.000 -0.016 -0.016 -0.000
        7  0.89759   0.003  0.003 -0.002 -0.016  1.000  0.898  0.000
        8  0.89762   0.009  0.011 -0.006 -0.016  0.898  1.000  0.000
       14  0.00116   0.000 -0.000 -0.001 -0.000  0.000  0.000  1.000
MINUIT - REFIT 5-PARAM
 **********
 **   94 **FIX            5
 **********
 PARAMETER    5  IS CONSTANT.   IGNORED.
 **********
 **   95 **FIX            6
 **********
 **********
 **   96 **FIX            7
 **********
 **********
 **   97 **FIX            8
 **********
 **********
 **   98 **FIX            9
 **********
 PARAMETER    9  IS CONSTANT.   IGNORED.
 **********
 **   99 **FIX           10
 **********
 PARAMETER   10  IS CONSTANT.   IGNORED.
 **********
 **  100 **FIX           11
 **********
 PARAMETER   11  IS CONSTANT.   IGNORED.
 **********
 **  101 **FIX           12
 **********
 PARAMETER   12  IS CONSTANT.   IGNORED.
 **********
 **  102 **FIX           13
 **********
 PARAMETER   13  IS CONSTANT.   IGNORED.
 **********
 **  103 **FIX           14
 **********
 **********
 **  104 **FIX           15
 **********
 PARAMETER   15  IS CONSTANT.   IGNORED.
 **********
 **  105 **FIX           16
 **********
 PARAMETER   16  IS CONSTANT.   IGNORED.
 **********
 **  106 **MIGRAD
 **********
 START MIGRAD MINIMIZATION.  STRATEGY  1.  CONVERGENCE WHEN EDM .LT. 1.00e-04
 FCN=329.319 FROM MIGRAD    STATUS=INITIATE        6 CALLS         271 TOTAL
                     EDM=1.24053e-07    STRATEGY= 1  ERROR MATRIX UNCERTAINTY  50.0 per cent
  EXT PARAMETER                APPROXIMATE        STEP         FIRST   
  NO.   NAME      VALUE            ERROR          SIZE      DERIVATIVE 
   1  N0           3.18124e+06   2.19214e+03   1.81904e+01  -7.35961e-09
   2  tau          6.44090e+01   constant   
   3  A0           3.64791e-01   9.16300e-04   8.13058e-06  -3.33027e-01
   4  phi          4.11835e+00   2.62354e-03   2.32788e-05   1.23073e-01
   5  R           -6.10005e+01   constant   
   6  A_CBO        1.71122e-03     fixed    
   7  w_CBO        2.32620e+00     fixed    
   8  phi_CBO      1.55728e+00     fixed    
   9  ANx2         1.86992e-04   constant   
  10  pNx2         5.81164e+00   constant   
  11  ANy1         0.00000e+00   constant   
  12  pNy1         0.00000e+00   constant   
  13  w_y          0.00000e+00   constant   
  14  ANy2        -5.68120e-05     fixed    
  15  pNy2         4.18605e+00   constant   
  16  w_vw         1.43216e+01   constant   
  17  LM           7.21641e-05   constant   
  18  wCBO_expCoeff   0.00000e+00   constant   
  19  wCBO_expOffset   0.00000e+00   constant   
  20  wCBO_expT    0.00000e+00   constant   
  21  wCBO_linCoeff   0.00000e+00   constant   
  22  wCBO_const   0.00000e+00   constant   
 MIGRAD MINIMIZATION HAS CONVERGED.
 MIGRAD WILL VERIFY CONVERGENCE AND ERROR MATRIX.
 COVARIANCE MATRIX CALCULATED SUCCESSFULLY
 FCN=329.319 FROM MIGRAD    STATUS=CONVERGED      31 CALLS         296 TOTAL
                     EDM=1.02918e-17    STRATEGY= 1      ERROR MATRIX ACCURATE 
  EXT PARAMETER                                   STEP         FIRST   
  NO.   NAME      VALUE            ERROR          SIZE      DERIVATIVE 
   1  N0           3.18124e+06   2.19214e+03   1.81904e+01   7.03105e-14
   2  tau          6.44090e+01   constant   
   3  A0           3.64791e-01   9.16300e-04   8.13058e-06   3.67044e-06
   4  phi          4.11835e+00   2.62353e-03   2.32788e-05  -1.15378e-06
   5  R           -6.10005e+01   constant   
   6  A_CBO        1.71122e-03     fixed    
   7  w_CBO        2.32620e+00     fixed    
   8  phi_CBO      1.55728e+00     fixed    
   9  ANx2         1.86992e-04   constant   
  10  pNx2         5.81164e+00   constant   
  11  ANy1         0.00000e+00   constant   
  12  pNy1         0.00000e+00   constant   
  13  w_y          0.00000e+00   constant   
  14  ANy2        -5.68120e-05     fixed    
  15  pNy2         4.18605e+00   constant   
  16  w_vw         1.43216e+01   constant   
  17  LM           7.21641e-05   constant   
  18  wCBO_expCoeff   0.00000e+00   constant   
  19  wCBO_expOffset   0.00000e+00   constant   
  20  wCBO_expT    0.00000e+00   constant   
  21  wCBO_linCoeff   0.00000e+00   constant   
  22  wCBO_const   0.00000e+00   constant   
 EXTERNAL ERROR MATRIX.    NDIM=  25    NPAR=  3    ERR DEF=1
  4.805e+06  3.103e-02 -9.742e-02 
  3.103e-02  8.396e-07 -6.388e-09 
 -9.742e-02 -6.388e-09  6.883e-06 
 PARAMETER  CORRELATION COEFFICIENTS  
       NO.  GLOBAL      1      3      4
        1  0.02289   1.000  0.015 -0.017
        3  0.01563   0.015  1.000 -0.003
        4  0.01711  -0.017 -0.003  1.000
MINUIT - 2CBO + Y
 **********
 **  107 **RES 
 **********
                   PARAMETER   14  ANy2 RESTORED TO VARIABLE.
                   PARAMETER    8  phi_CBO RESTORED TO VARIABLE.
                   PARAMETER    7  w_CBO RESTORED TO VARIABLE.
                   PARAMETER    6  A_CBO RESTORED TO VARIABLE.
 **********
 **  108 **FIX            0
 **********
 PARAMETER    0  IS UNDEFINED. IGNORED.
 **********
 **  109 **FIX            1
 **********
 **********
 **  110 **FIX            2
 **********
 PARAMETER    2  IS CONSTANT.   IGNORED.
 **********
 **  111 **FIX            3
 **********
 **********
 **  112 **FIX            4
 **********
 **********
 **  113 **FIX            5
 **********
 PARAMETER    5  IS CONSTANT.   IGNORED.
 **********
 **  114 **FIX            6
 **********
 **********
 **  115 **FIX            7
 **********
 **********
 **  116 **FIX           16
 **********
 PARAMETER   16  IS CONSTANT.   IGNORED.
 **********
 **  117 **MIGRAD
 **********
 START MIGRAD MINIMIZATION.  STRATEGY  1.  CONVERGENCE WHEN EDM .LT. 1.00e-04
 FCN=329.319 FROM MIGRAD    STATUS=INITIATE        4 CALLS         300 TOTAL
                     EDM= unknown      STRATEGY= 1      NO ERROR MATRIX       
  EXT PARAMETER               CURRENT GUESS       STEP         FIRST   
  NO.   NAME      VALUE            ERROR          SIZE      DERIVATIVE 
   1  N0           3.18124e+06     fixed    
   2  tau          6.44090e+01   constant   
   3  A0           3.64791e-01     fixed    
   4  phi          4.11835e+00     fixed    
   5  R           -6.10005e+01   constant   
   6  A_CBO        1.71122e-03     fixed    
   7  w_CBO        2.32620e+00     fixed    
   8  phi_CBO      1.55728e+00   5.68367e-01   5.68367e-01   1.36430e-03
   9  ANx2         1.86992e-04   constant   
  10  pNx2         5.81164e+00   constant   
  11  ANy1         0.00000e+00   constant   
  12  pNy1         0.00000e+00   constant   
  13  w_y          0.00000e+00   constant   
  14  ANy2        -5.68120e-05   9.74541e-04   9.74541e-04  -3.45086e-03
  15  pNy2         4.18605e+00   constant   
  16  w_vw         1.43216e+01   constant   
  17  LM           7.21641e-05   constant   
  18  wCBO_expCoeff   0.00000e+00   constant   
  19  wCBO_expOffset   0.00000e+00   constant   
  20  wCBO_expT    0.00000e+00   constant   
  21  wCBO_linCoeff   0.00000e+00   constant   
  22  wCBO_const   0.00000e+00   constant   
 MIGRAD MINIMIZATION HAS CONVERGED.
 MIGRAD WILL VERIFY CONVERGENCE AND ERROR MATRIX.
 COVARIANCE MATRIX CALCULATED SUCCESSFULLY
 FCN=329.319 FROM MIGRAD    STATUS=CONVERGED      21 CALLS         317 TOTAL
                     EDM=1.30267e-13    STRATEGY= 1      ERROR MATRIX ACCURATE 
  EXT PARAMETER                                   STEP         FIRST   
  NO.   NAME      VALUE            ERROR          SIZE      DERIVATIVE 
   1  N0           3.18124e+06     fixed    
   2  tau          6.44090e+01   constant   
   3  A0           3.64791e-01     fixed    
   4  phi          4.11835e+00     fixed    
   5  R           -6.10005e+01   constant   
   6  A_CBO        1.71122e-03     fixed    
   7  w_CBO        2.32620e+00     fixed    
   8  phi_CBO      1.55706e+00   5.68178e-01   5.04222e-03   1.77557e-07
   9  ANx2         1.86992e-04   constant   
  10  pNx2         5.81164e+00   constant   
  11  ANy1         0.00000e+00   constant   
  12  pNy1         0.00000e+00   constant   
  13  w_y          0.00000e+00   constant   
  14  ANy2        -5.68104e-05   9.74541e-04   8.64843e-06  -5.13360e-04
  15  pNy2         4.18605e+00   constant   
  16  w_vw         1.43216e+01   constant   
  17  LM           7.21641e-05   constant   
  18  wCBO_expCoeff   0.00000e+00   constant   
  19  wCBO_expOffset   0.00000e+00   constant   
  20  wCBO_expT    0.00000e+00   constant   
  21  wCBO_linCoeff   0.00000e+00   constant   
  22  wCBO_const   0.00000e+00   constant   
 EXTERNAL ERROR MATRIX.    NDIM=  25    NPAR=  2    ERR DEF=1
  3.228e-01 -3.567e-07 
 -3.567e-07  9.497e-07 
 PARAMETER  CORRELATION COEFFICIENTS  
       NO.  GLOBAL      8     14
        8  0.00064   1.000 -0.001
       14  0.00064  -0.001  1.000
MINUIT - MINOS
 **********
 **  118 **RES 
 **********
                   PARAMETER    7  w_CBO RESTORED TO VARIABLE.
                   PARAMETER    6  A_CBO RESTORED TO VARIABLE.
                   PARAMETER    4  phi RESTORED TO VARIABLE.
                   PARAMETER    3  A0 RESTORED TO VARIABLE.
                   PARAMETER    1  N0 RESTORED TO VARIABLE.
 **********
 **  119 **MIG      2.5e+04        0.01
 **********
 START MIGRAD MINIMIZATION.  STRATEGY  1.  CONVERGENCE WHEN EDM .LT. 1.00e-05
 FCN=329.319 FROM MIGRAD    STATUS=INITIATE       14 CALLS         331 TOTAL
                     EDM= unknown      STRATEGY= 1      NO ERROR MATRIX       
  EXT PARAMETER               CURRENT GUESS       STEP         FIRST   
  NO.   NAME      VALUE            ERROR          SIZE      DERIVATIVE 
   1  N0           3.18124e+06   2.19214e+03   2.19214e+03   4.67439e-09
   2  tau          6.44090e+01   constant   
   3  A0           3.64791e-01   9.16300e-04   9.16300e-04   1.60307e-02
   4  phi          4.11835e+00   2.62353e-03   2.62353e-03  -3.16186e-03
   5  R           -6.10005e+01   constant   
   6  A_CBO        1.71122e-03   9.76594e-04   9.76594e-04   2.12612e-01
   7  w_CBO        2.32620e+00   2.67045e-03   2.67045e-03   2.02619e-01
   8  phi_CBO      1.55706e+00   5.68178e-01   5.04222e-03   1.50614e-07
   9  ANx2         1.86992e-04   constant   
  10  pNx2         5.81164e+00   constant   
  11  ANy1         0.00000e+00   constant   
  12  pNy1         0.00000e+00   constant   
  13  w_y          0.00000e+00   constant   
  14  ANy2        -5.68104e-05   9.74541e-04   8.64843e-06  -5.13038e-04
  15  pNy2         4.18605e+00   constant   
  16  w_vw         1.43216e+01   constant   
  17  LM           7.21641e-05   constant   
  18  wCBO_expCoeff   0.00000e+00   constant   
  19  wCBO_expOffset   0.00000e+00   constant   
  20  wCBO_expT    0.00000e+00   constant   
  21  wCBO_linCoeff   0.00000e+00   constant   
  22  wCBO_const   0.00000e+00   constant   
 MIGRAD MINIMIZATION HAS CONVERGED.
 MIGRAD WILL VERIFY CONVERGENCE AND ERROR MATRIX.
 COVARIANCE MATRIX CALCULATED SUCCESSFULLY
 FCN=329.319 FROM MIGRAD    STATUS=CONVERGED      81 CALLS         398 TOTAL
                     EDM=1.17823e-07    STRATEGY= 1      ERROR MATRIX ACCURATE 
  EXT PARAMETER                                   STEP         FIRST   
  NO.   NAME      VALUE            ERROR          SIZE      DERIVATIVE 
   1  N0           3.18124e+06   2.19245e+03   1.81904e+01  -1.83366e-09
   2  tau          6.44090e+01   constant   
   3  A0           3.64791e-01   9.16545e-04   8.13058e-06  -6.71879e-03
   4  phi          4.11835e+00   2.62381e-03   2.32788e-05  -5.15415e-05
   5  R           -6.10005e+01   constant   
   6  A_CBO        1.71112e-03   9.76594e-04   8.66405e-06  -3.31503e-04
   7  w_CBO        2.32620e+00   2.67079e-03   1.04483e-05  -1.74435e-04
   8  phi_CBO      1.55706e+00   1.28905e+00   5.04221e-03   3.76937e-04
   9  ANx2         1.86992e-04   constant   
  10  pNx2         5.81164e+00   constant   
  11  ANy1         0.00000e+00   constant   
  12  pNy1         0.00000e+00   constant   
  13  w_y          0.00000e+00   constant   
  14  ANy2        -5.68101e-05   9.74542e-04   8.64843e-06   1.34083e-04
  15  pNy2         4.18605e+00   constant   
  16  w_vw         1.43216e+01   constant   
  17  LM           7.21641e-05   constant   
  18  wCBO_expCoeff   0.00000e+00   constant   
  19  wCBO_expOffset   0.00000e+00   constant   
  20  wCBO_expT    0.00000e+00   constant   
  21  wCBO_linCoeff   0.00000e+00   constant   
  22  wCBO_const   0.00000e+00   constant   
 EXTERNAL ERROR MATRIX.    NDIM=  25    NPAR=  7    ERR DEF=1
  4.807e+06  3.180e-02 -9.782e-02 -1.930e-02  1.742e-02  2.469e+01  6.769e-04 
  3.180e-02  8.401e-07 -6.621e-09 -1.124e-08  7.290e-09  1.320e-05 -2.521e-10 
 -9.782e-02 -6.621e-09  6.884e-06 -2.413e-08 -1.223e-08 -2.156e-05 -1.897e-09 
 -1.930e-02 -1.124e-08 -2.413e-08  9.537e-07 -4.111e-08 -2.063e-05 -2.373e-10 
  1.742e-02  7.290e-09 -1.223e-08 -4.111e-08  7.133e-06  3.090e-03  1.015e-09 
  2.469e+01  1.320e-05 -2.156e-05 -2.063e-05  3.090e-03  1.662e+00  8.753e-08 
  6.769e-04 -2.521e-10 -1.897e-09 -2.373e-10  1.015e-09  8.753e-08  9.497e-07 
 PARAMETER  CORRELATION COEFFICIENTS  
       NO.  GLOBAL      1      3      4      6      7      8     14
        1  0.02831   1.000  0.016 -0.017 -0.009  0.003  0.009  0.000
        3  0.02791   0.016  1.000 -0.003 -0.013  0.003  0.011 -0.000
        4  0.02248  -0.017 -0.003  1.000 -0.009 -0.002 -0.006 -0.001
        6  0.02445  -0.009 -0.013 -0.009  1.000 -0.016 -0.016 -0.000
        7  0.89759   0.003  0.003 -0.002 -0.016  1.000  0.898  0.000
        8  0.89761   0.009  0.011 -0.006 -0.016  0.898  1.000  0.000
       14  0.00116   0.000 -0.000 -0.001 -0.000  0.000  0.000  1.000
 **********
 **  120 **MINO      2.5e+04
 **********
 FCN=329.319 FROM MINOS     STATUS=SUCCESSFUL   2287 CALLS        2685 TOTAL
                     EDM=1.17823e-07    STRATEGY= 1      ERROR MATRIX ACCURATE 
  EXT PARAMETER                  PARABOLIC         MINOS ERRORS        
  NO.   NAME      VALUE            ERROR      NEGATIVE      POSITIVE   
   1  N0           3.18124e+06   2.19245e+03  -2.19244e+03   2.19244e+03
   2  tau          6.44090e+01   constant   
   3  A0           3.64791e-01   9.16545e-04  -9.16553e-04   9.16534e-04
   4  phi          4.11835e+00   2.62381e-03  -2.62377e-03   2.62387e-03
   5  R           -6.10005e+01   constant   
   6  A_CBO        1.71112e-03   9.76594e-04  -9.76468e-04   9.76489e-04
   7  w_CBO        2.32620e+00   2.67079e-03  -9.82667e-03   9.63367e-03
   8  phi_CBO      1.55706e+00   1.28905e+00  -4.33115e+00   4.24421e+00
   9  ANx2         1.86992e-04   constant   
  10  pNx2         5.81164e+00   constant   
  11  ANy1         0.00000e+00   constant   
  12  pNy1         0.00000e+00   constant   
  13  w_y          0.00000e+00   constant   
  14  ANy2        -5.68101e-05   9.74542e-04  -9.74542e-04   9.74542e-04
  15  pNy2         4.18605e+00   constant   
  16  w_vw         1.43216e+01   constant   
  17  LM           7.21641e-05   constant   
  18  wCBO_expCoeff   0.00000e+00   constant   
  19  wCBO_expOffset   0.00000e+00   constant   
  20  wCBO_expT    0.00000e+00   constant   
  21  wCBO_linCoeff   0.00000e+00   constant   
  22  wCBO_const   0.00000e+00   constant   
 **********
 **  121 **SHO COR 
 **********
 PARAMETER  CORRELATION COEFFICIENTS  
       NO.  GLOBAL      1      3      4      6      7      8     14
        1  0.02831   1.000  0.016 -0.017 -0.009  0.003  0.009  0.000
        3  0.02791   0.016  1.000 -0.003 -0.013  0.003  0.011 -0.000
        4  0.02248  -0.017 -0.003  1.000 -0.009 -0.002 -0.006 -0.001
        6  0.02445  -0.009 -0.013 -0.009  1.000 -0.016 -0.016 -0.000
        7  0.89759   0.003  0.003 -0.002 -0.016  1.000  0.898  0.000
        8  0.89761   0.009  0.011 -0.006 -0.016  0.898  1.000  0.000
       14  0.00116   0.000 -0.000 -0.001 -0.000  0.000  0.000  1.000
