 + ++++++++++++++++++++++++++++++++++++++++++++++++++++++++++++++++++++ +
 +                                                                      +
 +           You have chose to blind your fitting according to          +
 +                omega_ref * (1 + (R +/- deltaR) *10^{-6})             +
 +                                                                      +
 + ++++++++++++++++++++++++++++++++++++++++++++++++++++++++++++++++++++ +
In main()...
reading format from /gm2data/zkhechad/run45/envelope/formats/formatB_sBin_constraintOn.txt
pBinTau 	= 0  
pBinPhi 	= 0  
constraintau 	= 1 
includeMopTerm 	= 0    
constrainMop    = 0   
Parameters after format file: pBinTau 0 pBinPhi 0 constraintau 1 includeMopTerm 0 constrainMop 0 c_e_scale 0.000000 
reading cbo reference file (full fit) from /gm2data/zkhechad/cboTemplates/Run4CBOTemplates/fullFits/run4/sBin_constraintOn_cE0.0_seed0_run4_calo23.root
A_CBO 0.010020 w_CBO 2.326571 phi_CBO 3.324358 N0 2994604.828788 R -61.069952 tau 64.405626 
Reading cboRef file /gm2data/zkhechad/cboTemplates/Run4CBOTemplates//cboIsolate/run4_calo23.root
deltaT 164.120000
windowBins = 1100
fitting sliding window 2500 from bin 2703 at 403.287600 to bin 3803 at 567.407600 (1100 bins)

Reading data from /gm2data/cornell/histograms/aMethod/histogram_a_run4.root
fitting cbo isolate
 **********
 **    1 **SET PRINTOUT            1
 **********
 **********
 **    2 **SET NOWARNINGS 
 **********
 PARAMETER DEFINITIONS:
    NO.   NAME         VALUE      STEP SIZE      LIMITS
     1 A_CBO        1.00201e-02  1.00000e-05     no limits
     2 w_CBO        2.32657e+00  1.00000e-02    2.00000e+00  3.00000e+00
     3 phi_CBO      3.32436e+00  1.00000e-02    0.00000e+00  6.28319e+00
 **********
 **    3 **MIGRAD
 **********
 FIRST CALL TO USER FUNCTION AT NEW START POINT, WITH IFLAG=4.
 START MIGRAD MINIMIZATION.  STRATEGY  1.  CONVERGENCE WHEN EDM .LT. 1.00e-04
 FCN=0.389561 FROM MIGRAD    STATUS=INITIATE       12 CALLS          13 TOTAL
                     EDM= unknown      STRATEGY= 1      NO ERROR MATRIX       
  EXT PARAMETER               CURRENT GUESS       STEP         FIRST   
  NO.   NAME      VALUE            ERROR          SIZE      DERIVATIVE 
   1  A_CBO        1.00201e-02   1.00000e-05   1.00000e-05   8.69530e+00
   2  w_CBO        2.32657e+00   1.00000e-02   2.13261e-02   1.88560e+00
   3  phi_CBO      3.32436e+00   1.00000e-02   3.18850e-03  -2.55875e-02
 MIGRAD MINIMIZATION HAS CONVERGED.
 MIGRAD WILL VERIFY CONVERGENCE AND ERROR MATRIX.
 COVARIANCE MATRIX CALCULATED SUCCESSFULLY
 FCN=0.354958 FROM MIGRAD    STATUS=CONVERGED      57 CALLS          58 TOTAL
                     EDM=1.84496e-05    STRATEGY= 1      ERROR MATRIX ACCURATE 
  EXT PARAMETER                                   STEP         FIRST   
  NO.   NAME      VALUE            ERROR          SIZE      DERIVATIVE 
   1  A_CBO        2.23971e-03   4.33311e-02   2.42455e-05  -8.69679e-03
   2  w_CBO        2.32625e+00   3.67516e-01   5.02753e-05   3.12975e-02
   3  phi_CBO      3.47293e+00   3.98804e+00   3.67213e-03  -3.45476e-04
 EXTERNAL ERROR MATRIX.    NDIM=  25    NPAR=  3    ERR DEF=1
  1.878e-03 -3.216e-03 -1.541e+00 
 -3.216e-03  1.784e-01  8.623e+01 
 -1.541e+00  8.623e+01  4.204e+04 
 PARAMETER  CORRELATION COEFFICIENTS  
       NO.  GLOBAL      1      2      3
        1  0.17655   1.000 -0.176 -0.173
        2  0.99571  -0.176  1.000  0.996
        3  0.99570  -0.173  0.996  1.000
setting A_CBO=0.002240 w_CBO=2.326249, phi_CBO=3.472928
done fitting cbo isolate
 **********
 **    1 **SET PRINTOUT            1
 **********
 **********
 **    2 **SET NOWARNINGS 
 **********
 PARAMETER DEFINITIONS:
    NO.   NAME         VALUE      STEP SIZE      LIMITS
     1 N0           2.99460e+06  1.00000e+02     no limits
     2 tau          6.44056e+01  constant
     3 A0           3.43521e-01  1.00000e-04     no limits
     4 phi          4.11984e+00  1.00000e-02     no limits
     5 R           -6.10700e+01  constant
     6 A_CBO        2.23971e-03  1.00000e-05     no limits
     7 w_CBO        2.32512e+00  1.00000e-03    0.00000e+00  2.33512e+00
     8 phi_CBO      3.47293e+00  1.00000e-04     no limits
     9 ANx2         5.14298e-04  1.00000e-06     no limits
    10 pNx2         2.57364e+00  1.00000e-03     no limits
    11 ANy1         0.00000e+00  constant
    12 pNy1         0.00000e+00  constant
    13 w_y          0.00000e+00  constant
    14 ANy2         4.00000e-03  1.00000e-04     no limits
    15 pNy2         3.40463e+00  1.00000e-07     no limits
    16 w_vw         1.44513e+01  1.00000e-02    1.15611e+01  1.73416e+01
    17 LM           2.35248e-05  constant
MINUIT - FIT ONLY WIGGLE
 **********
 **    3 **FIX            5
 **********
 PARAMETER    5  IS CONSTANT.   IGNORED.
 **********
 **    4 **FIX            6
 **********
 **********
 **    5 **FIX            7
 **********
 **********
 **    6 **FIX            8
 **********
 **********
 **    7 **FIX            9
 **********
 **********
 **    8 **FIX           10
 **********
 **********
 **    9 **FIX           11
 **********
 PARAMETER   11  IS CONSTANT.   IGNORED.
 **********
 **   10 **FIX           12
 **********
 PARAMETER   12  IS CONSTANT.   IGNORED.
 **********
 **   11 **FIX           13
 **********
 PARAMETER   13  IS CONSTANT.   IGNORED.
 **********
 **   12 **FIX           14
 **********
 **********
 **   13 **FIX           15
 **********
 **********
 **   14 **FIX           16
 **********
 **********
 **   15 **MIGRAD
 **********
 FIRST CALL TO USER FUNCTION AT NEW START POINT, WITH IFLAG=4.
 START MIGRAD MINIMIZATION.  STRATEGY  1.  CONVERGENCE WHEN EDM .LT. 1.00e-04
 FCN=329.439 FROM MIGRAD    STATUS=INITIATE       12 CALLS          13 TOTAL
                     EDM= unknown      STRATEGY= 1      NO ERROR MATRIX       
  EXT PARAMETER               CURRENT GUESS       STEP         FIRST   
  NO.   NAME      VALUE            ERROR          SIZE      DERIVATIVE 
   1  N0           2.99460e+06   1.00000e+02   1.00000e+02   4.30015e-04
   2  tau          6.44056e+01   constant   
   3  A0           3.43521e-01   1.00000e-04   1.00000e-04   3.28635e+02
   4  phi          4.11984e+00   1.00000e-02   1.00000e-02  -2.47723e+02
   5  R           -6.10700e+01   constant   
   6  A_CBO        2.23971e-03     fixed    
   7  w_CBO        2.32512e+00     fixed    
   8  phi_CBO      3.47293e+00     fixed    
   9  ANx2         5.14298e-04     fixed    
  10  pNx2         2.57364e+00     fixed    
  11  ANy1         0.00000e+00   constant   
  12  pNy1         0.00000e+00   constant   
  13  w_y          0.00000e+00   constant   
  14  ANy2         4.00000e-03     fixed    
  15  pNy2         3.40463e+00     fixed    
  16  w_vw         1.44513e+01     fixed    
  17  LM           2.35248e-05   constant   
 MIGRAD MINIMIZATION HAS CONVERGED.
 MIGRAD WILL VERIFY CONVERGENCE AND ERROR MATRIX.
 COVARIANCE MATRIX CALCULATED SUCCESSFULLY
 FCN=329.015 FROM MIGRAD    STATUS=CONVERGED      42 CALLS          43 TOTAL
                     EDM=1.53852e-10    STRATEGY= 1      ERROR MATRIX ACCURATE 
  EXT PARAMETER                                   STEP         FIRST   
  NO.   NAME      VALUE            ERROR          SIZE      DERIVATIVE 
   1  N0           2.99346e+06   2.31203e+03   1.90470e+01   1.48123e-09
   2  tau          6.44056e+01   constant   
   3  A0           3.43344e-01   1.04237e-03   9.24607e-06   3.33902e-03
   4  phi          4.12104e+00   3.13093e-03   2.77717e-05   5.37159e-03
   5  R           -6.10700e+01   constant   
   6  A_CBO        2.23971e-03     fixed    
   7  w_CBO        2.32512e+00     fixed    
   8  phi_CBO      3.47293e+00     fixed    
   9  ANx2         5.14298e-04     fixed    
  10  pNx2         2.57364e+00     fixed    
  11  ANy1         0.00000e+00   constant   
  12  pNy1         0.00000e+00   constant   
  13  w_y          0.00000e+00   constant   
  14  ANy2         4.00000e-03     fixed    
  15  pNy2         3.40463e+00     fixed    
  16  w_vw         1.44513e+01     fixed    
  17  LM           2.35248e-05   constant   
 EXTERNAL ERROR MATRIX.    NDIM=  25    NPAR=  3    ERR DEF=1
  5.345e+06  2.532e-03  3.487e-02 
  2.532e-03  1.087e-06  1.215e-08 
  3.487e-02  1.215e-08  9.803e-06 
 PARAMETER  CORRELATION COEFFICIENTS  
       NO.  GLOBAL      1      3      4
        1  0.00493   1.000  0.001  0.005
        3  0.00386   0.001  1.000  0.004
        4  0.00609   0.005  0.004  1.000
MINUIT - FIT ONLY 1-CBO + other amplitudes 
 **********
 **   16 **RES 
 **********
                   PARAMETER   16  w_vw RESTORED TO VARIABLE.
                   PARAMETER   15  pNy2 RESTORED TO VARIABLE.
                   PARAMETER   14  ANy2 RESTORED TO VARIABLE.
                   PARAMETER   10  pNx2 RESTORED TO VARIABLE.
                   PARAMETER    9  ANx2 RESTORED TO VARIABLE.
                   PARAMETER    8  phi_CBO RESTORED TO VARIABLE.
                   PARAMETER    7  w_CBO RESTORED TO VARIABLE.
                   PARAMETER    6  A_CBO RESTORED TO VARIABLE.
 **********
 **   17 **FIX            0
 **********
 PARAMETER    0  IS UNDEFINED. IGNORED.
 **********
 **   18 **FIX            1
 **********
 **********
 **   19 **FIX            2
 **********
 PARAMETER    2  IS CONSTANT.   IGNORED.
 **********
 **   20 **FIX            3
 **********
 **********
 **   21 **FIX            4
 **********
 **********
 **   22 **FIX            9
 **********
 **********
 **   23 **FIX           11
 **********
 PARAMETER   11  IS CONSTANT.   IGNORED.
 **********
 **   24 **FIX           12
 **********
 PARAMETER   12  IS CONSTANT.   IGNORED.
 **********
 **   25 **FIX           14
 **********
 **********
 **   26 **FIX           15
 **********
 **********
 **   27 **FIX           16
 **********
 **********
 **   28 **MIGRAD
 **********
 START MIGRAD MINIMIZATION.  STRATEGY  1.  CONVERGENCE WHEN EDM .LT. 1.00e-04
 FCN=329.015 FROM MIGRAD    STATUS=INITIATE       14 CALLS          57 TOTAL
                     EDM= unknown      STRATEGY= 1      NO ERROR MATRIX       
  EXT PARAMETER               CURRENT GUESS       STEP         FIRST   
  NO.   NAME      VALUE            ERROR          SIZE      DERIVATIVE 
   1  N0           2.99346e+06     fixed    
   2  tau          6.44056e+01   constant   
   3  A0           3.43344e-01     fixed    
   4  phi          4.12104e+00     fixed    
   5  R           -6.10700e+01   constant   
   6  A_CBO        2.23971e-03   1.00000e-05   1.00000e-05   2.13451e+02
   7  w_CBO        2.32512e+00   1.00000e-03   1.00000e-03  -3.90425e+02
   8  phi_CBO      3.47293e+00   1.00000e-04   1.00000e-04   4.63634e+00
   9  ANx2         5.14298e-04     fixed    
  10  pNx2         2.57364e+00   1.00000e-03   1.00000e-03   4.72953e-01
  11  ANy1         0.00000e+00   constant   
  12  pNy1         0.00000e+00   constant   
  13  w_y          0.00000e+00   constant   
  14  ANy2         4.00000e-03     fixed    
  15  pNy2         3.40463e+00     fixed    
  16  w_vw         1.44513e+01     fixed    
  17  LM           2.35248e-05   constant   
 MIGRAD MINIMIZATION HAS CONVERGED.
 MIGRAD WILL VERIFY CONVERGENCE AND ERROR MATRIX.
 COVARIANCE MATRIX CALCULATED SUCCESSFULLY
 FCN=327.572 FROM MIGRAD    STATUS=CONVERGED     113 CALLS         156 TOTAL
                     EDM=7.47715e-06    STRATEGY= 1      ERROR MATRIX ACCURATE 
  EXT PARAMETER                                   STEP         FIRST   
  NO.   NAME      VALUE            ERROR          SIZE      DERIVATIVE 
   1  N0           2.99346e+06     fixed    
   2  tau          6.44056e+01   constant   
   3  A0           3.43344e-01     fixed    
   4  phi          4.12104e+00     fixed    
   5  R           -6.10700e+01   constant   
   6  A_CBO        2.44332e-03   1.09706e-03   9.67207e-06  -1.22257e+00
   7  w_CBO        2.32487e+00   8.82985e-03   4.81386e-05  -4.06713e-02
   8  phi_CBO      2.82696e+00   4.05994e+00   3.95375e-03   2.26793e-03
   9  ANx2         5.14298e-04     fixed    
  10  pNx2         1.70576e+00   8.48890e+00   1.38909e-02  -4.22130e-04
  11  ANy1         0.00000e+00   constant   
  12  pNy1         0.00000e+00   constant   
  13  w_y          0.00000e+00   constant   
  14  ANy2         4.00000e-03     fixed    
  15  pNy2         3.40463e+00     fixed    
  16  w_vw         1.44513e+01     fixed    
  17  LM           2.35248e-05   constant   
 EXTERNAL ERROR MATRIX.    NDIM=  25    NPAR=  4    ERR DEF=1
  1.204e-06 -8.556e-07 -3.901e-04 -8.028e-04 
 -8.556e-07  7.805e-05  3.565e-02  7.370e-02 
 -3.901e-04  3.565e-02  1.648e+01  3.367e+01 
 -8.028e-04  7.370e-02  3.367e+01  7.206e+01 
 PARAMETER  CORRELATION COEFFICIENTS  
       NO.  GLOBAL      6      7      8     10
        6  0.08833   1.000 -0.088 -0.088 -0.086
        7  0.99546  -0.088  1.000  0.994  0.983
        8  0.99393  -0.088  0.994  1.000  0.977
       10  0.98277  -0.086  0.983  0.977  1.000
MINUIT - FIT ONLY 1-CBO
 **********
 **   29 **RES 
 **********
                   PARAMETER   16  w_vw RESTORED TO VARIABLE.
                   PARAMETER   15  pNy2 RESTORED TO VARIABLE.
                   PARAMETER   14  ANy2 RESTORED TO VARIABLE.
                   PARAMETER    9  ANx2 RESTORED TO VARIABLE.
                   PARAMETER    4  phi RESTORED TO VARIABLE.
                   PARAMETER    3  A0 RESTORED TO VARIABLE.
                   PARAMETER    1  N0 RESTORED TO VARIABLE.
 **********
 **   30 **FIX            0
 **********
 PARAMETER    0  IS UNDEFINED. IGNORED.
 **********
 **   31 **FIX            1
 **********
 **********
 **   32 **FIX            2
 **********
 PARAMETER    2  IS CONSTANT.   IGNORED.
 **********
 **   33 **FIX            3
 **********
 **********
 **   34 **FIX            4
 **********
 **********
 **   35 **FIX            8
 **********
 **********
 **   36 **FIX            9
 **********
 **********
 **   37 **FIX           11
 **********
 PARAMETER   11  IS CONSTANT.   IGNORED.
 **********
 **   38 **FIX           12
 **********
 PARAMETER   12  IS CONSTANT.   IGNORED.
 **********
 **   39 **FIX           13
 **********
 PARAMETER   13  IS CONSTANT.   IGNORED.
 **********
 **   40 **FIX           15
 **********
 **********
 **   41 **FIX           16
 **********
 **********
 **   42 **MIGRAD
 **********
 START MIGRAD MINIMIZATION.  STRATEGY  1.  CONVERGENCE WHEN EDM .LT. 1.00e-04
 FCN=327.572 FROM MIGRAD    STATUS=INITIATE       10 CALLS         166 TOTAL
                     EDM= unknown      STRATEGY= 1      NO ERROR MATRIX       
  EXT PARAMETER               CURRENT GUESS       STEP         FIRST   
  NO.   NAME      VALUE            ERROR          SIZE      DERIVATIVE 
   1  N0           2.99346e+06     fixed    
   2  tau          6.44056e+01   constant   
   3  A0           3.43344e-01     fixed    
   4  phi          4.12104e+00     fixed    
   5  R           -6.10700e+01   constant   
   6  A_CBO        2.44332e-03   1.09706e-03   9.67207e-06  -1.22257e+00
   7  w_CBO        2.32487e+00   8.82985e-03   4.81386e-05  -4.11333e-02
   8  phi_CBO      2.82696e+00     fixed    
   9  ANx2         5.14298e-04     fixed    
  10  pNx2         1.70576e+00   8.48890e+00   1.38909e-02  -4.22165e-04
  11  ANy1         0.00000e+00   constant   
  12  pNy1         0.00000e+00   constant   
  13  w_y          0.00000e+00   constant   
  14  ANy2         4.00000e-03   1.00000e-04   1.00000e-04   9.40446e+03
  15  pNy2         3.40463e+00     fixed    
  16  w_vw         1.44513e+01     fixed    
  17  LM           2.35248e-05   constant   
 MIGRAD MINIMIZATION HAS CONVERGED.
 MIGRAD WILL VERIFY CONVERGENCE AND ERROR MATRIX.
 COVARIANCE MATRIX CALCULATED SUCCESSFULLY
 FCN=301.161 FROM MIGRAD    STATUS=CONVERGED      61 CALLS         217 TOTAL
                     EDM=1.36452e-06    STRATEGY= 1      ERROR MATRIX ACCURATE 
  EXT PARAMETER                                   STEP         FIRST   
  NO.   NAME      VALUE            ERROR          SIZE      DERIVATIVE 
   1  N0           2.99346e+06     fixed    
   2  tau          6.44056e+01   constant   
   3  A0           3.43344e-01     fixed    
   4  phi          4.12104e+00     fixed    
   5  R           -6.10700e+01   constant   
   6  A_CBO        2.44042e-03   1.09283e-03   9.27499e-06  -1.44851e+00
   7  w_CBO        2.32488e+00   9.72793e-04   4.62180e-05  -8.06334e-02
   8  phi_CBO      2.82696e+00     fixed    
   9  ANx2         5.14298e-04     fixed    
  10  pNx2         1.72681e+00   1.80809e+00   1.32592e-02   2.57637e-04
  11  ANy1         0.00000e+00   constant   
  12  pNy1         0.00000e+00   constant   
  13  w_y          0.00000e+00   constant   
  14  ANy2        -1.61667e-03   1.09292e-03   9.27629e-06  -5.45682e-04
  15  pNy2         3.40463e+00     fixed    
  16  w_vw         1.44513e+01     fixed    
  17  LM           2.35248e-05   constant   
 EXTERNAL ERROR MATRIX.    NDIM=  25    NPAR=  4    ERR DEF=1
  1.194e-06 -1.225e-08 -6.495e-06  6.264e-10 
 -1.225e-08  9.463e-07  8.858e-04 -3.317e-09 
 -6.495e-06  8.858e-04  3.269e+00 -4.220e-06 
  6.264e-10 -3.317e-09 -4.220e-06  1.194e-06 
 PARAMETER  CORRELATION COEFFICIENTS  
       NO.  GLOBAL      6      7     10     14
        6  0.01190   1.000 -0.012 -0.003  0.001
        7  0.50368  -0.012  1.000  0.504 -0.003
       10  0.50359  -0.003  0.504  1.000 -0.002
       14  0.00323   0.001 -0.003 -0.002  1.000
MINUIT - FIT ONLY 2-CBO
 **********
 **   43 **RES 
 **********
                   PARAMETER   16  w_vw RESTORED TO VARIABLE.
                   PARAMETER   15  pNy2 RESTORED TO VARIABLE.
                   PARAMETER    9  ANx2 RESTORED TO VARIABLE.
                   PARAMETER    8  phi_CBO RESTORED TO VARIABLE.
                   PARAMETER    4  phi RESTORED TO VARIABLE.
                   PARAMETER    3  A0 RESTORED TO VARIABLE.
                   PARAMETER    1  N0 RESTORED TO VARIABLE.
 **********
 **   44 **FIX            0
 **********
 PARAMETER    0  IS UNDEFINED. IGNORED.
 **********
 **   45 **FIX            1
 **********
 **********
 **   46 **FIX            2
 **********
 PARAMETER    2  IS CONSTANT.   IGNORED.
 **********
 **   47 **FIX            3
 **********
 **********
 **   48 **FIX            4
 **********
 **********
 **   49 **FIX            5
 **********
 PARAMETER    5  IS CONSTANT.   IGNORED.
 **********
 **   50 **FIX            6
 **********
 **********
 **   51 **FIX            7
 **********
 **********
 **   52 **FIX           10
 **********
 **********
 **   53 **FIX           11
 **********
 PARAMETER   11  IS CONSTANT.   IGNORED.
 **********
 **   54 **FIX           12
 **********
 PARAMETER   12  IS CONSTANT.   IGNORED.
 **********
 **   55 **FIX           13
 **********
 PARAMETER   13  IS CONSTANT.   IGNORED.
 **********
 **   56 **FIX           14
 **********
 **********
 **   57 **FIX           15
 **********
 **********
 **   58 **FIX           16
 **********
 **********
 **   59 **MIGRAD
 **********
 START MIGRAD MINIMIZATION.  STRATEGY  1.  CONVERGENCE WHEN EDM .LT. 1.00e-04
 FCN=301.161 FROM MIGRAD    STATUS=INITIATE        6 CALLS         223 TOTAL
                     EDM= unknown      STRATEGY= 1      NO ERROR MATRIX       
  EXT PARAMETER               CURRENT GUESS       STEP         FIRST   
  NO.   NAME      VALUE            ERROR          SIZE      DERIVATIVE 
   1  N0           2.99346e+06     fixed    
   2  tau          6.44056e+01   constant   
   3  A0           3.43344e-01     fixed    
   4  phi          4.12104e+00     fixed    
   5  R           -6.10700e+01   constant   
   6  A_CBO        2.44042e-03     fixed    
   7  w_CBO        2.32488e+00     fixed    
   8  phi_CBO      2.82696e+00   4.05994e+00   4.05994e+00   3.88074e-03
   9  ANx2         5.14298e-04   1.00000e-06   1.00000e-06  -7.30833e+02
  10  pNx2         1.72681e+00     fixed    
  11  ANy1         0.00000e+00   constant   
  12  pNy1         0.00000e+00   constant   
  13  w_y          0.00000e+00   constant   
  14  ANy2        -1.61667e-03     fixed    
  15  pNy2         3.40463e+00     fixed    
  16  w_vw         1.44513e+01     fixed    
  17  LM           2.35248e-05   constant   
 MIGRAD MINIMIZATION HAS CONVERGED.
 MIGRAD WILL VERIFY CONVERGENCE AND ERROR MATRIX.
 COVARIANCE MATRIX CALCULATED SUCCESSFULLY
 FCN=301.002 FROM MIGRAD    STATUS=CONVERGED      30 CALLS         247 TOTAL
                     EDM=2.64712e-13    STRATEGY= 1      ERROR MATRIX ACCURATE 
  EXT PARAMETER                                   STEP         FIRST   
  NO.   NAME      VALUE            ERROR          SIZE      DERIVATIVE 
   1  N0           2.99346e+06     fixed    
   2  tau          6.44056e+01   constant   
   3  A0           3.43344e-01     fixed    
   4  phi          4.12104e+00     fixed    
   5  R           -6.10700e+01   constant   
   6  A_CBO        2.44042e-03     fixed    
   7  w_CBO        2.32488e+00     fixed    
   8  phi_CBO      2.82564e+00   4.47296e-01   3.79544e-03  -1.62667e-06
   9  ANx2         9.50697e-04   1.09281e-03   9.27287e-06   1.85435e-06
  10  pNx2         1.72681e+00     fixed    
  11  ANy1         0.00000e+00   constant   
  12  pNy1         0.00000e+00   constant   
  13  w_y          0.00000e+00   constant   
  14  ANy2        -1.61667e-03     fixed    
  15  pNy2         3.40463e+00     fixed    
  16  w_vw         1.44513e+01     fixed    
  17  LM           2.35248e-05   constant   
 EXTERNAL ERROR MATRIX.    NDIM=  25    NPAR=  2    ERR DEF=1
  2.001e-01 -2.553e-06 
 -2.553e-06  1.194e-06 
 PARAMETER  CORRELATION COEFFICIENTS  
       NO.  GLOBAL      8      9
        8  0.00522   1.000 -0.005
        9  0.00522  -0.005  1.000
MINUIT - FIT ONLY 1-y
 **********
 **   60 **RES 
 **********
                   PARAMETER   16  w_vw RESTORED TO VARIABLE.
                   PARAMETER   15  pNy2 RESTORED TO VARIABLE.
                   PARAMETER   14  ANy2 RESTORED TO VARIABLE.
                   PARAMETER   10  pNx2 RESTORED TO VARIABLE.
                   PARAMETER    7  w_CBO RESTORED TO VARIABLE.
                   PARAMETER    6  A_CBO RESTORED TO VARIABLE.
                   PARAMETER    4  phi RESTORED TO VARIABLE.
                   PARAMETER    3  A0 RESTORED TO VARIABLE.
                   PARAMETER    1  N0 RESTORED TO VARIABLE.
 **********
 **   61 **FIX            0
 **********
 PARAMETER    0  IS UNDEFINED. IGNORED.
 **********
 **   62 **FIX            1
 **********
 **********
 **   63 **FIX            2
 **********
 PARAMETER    2  IS CONSTANT.   IGNORED.
 **********
 **   64 **FIX            3
 **********
 **********
 **   65 **FIX            4
 **********
 **********
 **   66 **FIX            5
 **********
 PARAMETER    5  IS CONSTANT.   IGNORED.
 **********
 **   67 **FIX            6
 **********
 **********
 **   68 **FIX            7
 **********
 **********
 **   69 **FIX            8
 **********
 **********
 **   70 **FIX            9
 **********
 **********
 **   71 **FIX           13
 **********
 PARAMETER   13  IS CONSTANT.   IGNORED.
 **********
 **   72 **FIX           14
 **********
 **********
 **   73 **FIX           15
 **********
 **********
 **   74 **FIX           16
 **********
 **********
 **   75 **MIGRAD
 **********
 START MIGRAD MINIMIZATION.  STRATEGY  1.  CONVERGENCE WHEN EDM .LT. 1.00e-04
 FCN=301.002 FROM MIGRAD    STATUS=INITIATE        4 CALLS         251 TOTAL
                     EDM= unknown      STRATEGY= 1      NO ERROR MATRIX       
  EXT PARAMETER               CURRENT GUESS       STEP         FIRST   
  NO.   NAME      VALUE            ERROR          SIZE      DERIVATIVE 
   1  N0           2.99346e+06     fixed    
   2  tau          6.44056e+01   constant   
   3  A0           3.43344e-01     fixed    
   4  phi          4.12104e+00     fixed    
   5  R           -6.10700e+01   constant   
   6  A_CBO        2.44042e-03     fixed    
   7  w_CBO        2.32488e+00     fixed    
   8  phi_CBO      2.82564e+00     fixed    
   9  ANx2         9.50697e-04     fixed    
  10  pNx2         1.72681e+00   1.80809e+00   1.80809e+00   1.30457e-03
  11  ANy1         0.00000e+00   constant   
  12  pNy1         0.00000e+00   constant   
  13  w_y          0.00000e+00   constant   
  14  ANy2        -1.61667e-03     fixed    
  15  pNy2         3.40463e+00     fixed    
  16  w_vw         1.44513e+01     fixed    
  17  LM           2.35248e-05   constant   
 MIGRAD MINIMIZATION HAS CONVERGED.
 MIGRAD WILL VERIFY CONVERGENCE AND ERROR MATRIX.
 COVARIANCE MATRIX CALCULATED SUCCESSFULLY
 FCN=301.002 FROM MIGRAD    STATUS=CONVERGED      14 CALLS         261 TOTAL
                     EDM=5.46046e-15    STRATEGY= 1      ERROR MATRIX ACCURATE 
  EXT PARAMETER                                   STEP         FIRST   
  NO.   NAME      VALUE            ERROR          SIZE      DERIVATIVE 
   1  N0           2.99346e+06     fixed    
   2  tau          6.44056e+01   constant   
   3  A0           3.43344e-01     fixed    
   4  phi          4.12104e+00     fixed    
   5  R           -6.10700e+01   constant   
   6  A_CBO        2.44042e-03     fixed    
   7  w_CBO        2.32488e+00     fixed    
   8  phi_CBO      2.82564e+00     fixed    
   9  ANx2         9.50697e-04     fixed    
  10  pNx2         1.72595e+00   1.14843e+00   9.74494e-03   9.09967e-08
  11  ANy1         0.00000e+00   constant   
  12  pNy1         0.00000e+00   constant   
  13  w_y          0.00000e+00   constant   
  14  ANy2        -1.61667e-03     fixed    
  15  pNy2         3.40463e+00     fixed    
  16  w_vw         1.44513e+01     fixed    
  17  LM           2.35248e-05   constant   
 EXTERNAL ERROR MATRIX.    NDIM=  25    NPAR=  1    ERR DEF=1
  1.319e+00 
MINUIT - FIT ONLY 2-y
 **********
 **   76 **RES 
 **********
                   PARAMETER   16  w_vw RESTORED TO VARIABLE.
                   PARAMETER   15  pNy2 RESTORED TO VARIABLE.
                   PARAMETER   14  ANy2 RESTORED TO VARIABLE.
                   PARAMETER    9  ANx2 RESTORED TO VARIABLE.
                   PARAMETER    8  phi_CBO RESTORED TO VARIABLE.
                   PARAMETER    7  w_CBO RESTORED TO VARIABLE.
                   PARAMETER    6  A_CBO RESTORED TO VARIABLE.
                   PARAMETER    4  phi RESTORED TO VARIABLE.
                   PARAMETER    3  A0 RESTORED TO VARIABLE.
                   PARAMETER    1  N0 RESTORED TO VARIABLE.
 **********
 **   77 **FIX            0
 **********
 PARAMETER    0  IS UNDEFINED. IGNORED.
 **********
 **   78 **FIX            1
 **********
 **********
 **   79 **FIX            2
 **********
 PARAMETER    2  IS CONSTANT.   IGNORED.
 **********
 **   80 **FIX            3
 **********
 **********
 **   81 **FIX            4
 **********
 **********
 **   82 **FIX            5
 **********
 PARAMETER    5  IS CONSTANT.   IGNORED.
 **********
 **   83 **FIX            6
 **********
 **********
 **   84 **FIX            7
 **********
 **********
 **   85 **FIX            8
 **********
 **********
 **   86 **FIX            9
 **********
 **********
 **   87 **FIX           10
 **********
 **********
 **   88 **FIX           11
 **********
 PARAMETER   11  IS CONSTANT.   IGNORED.
 **********
 **   89 **FIX           12
 **********
 PARAMETER   12  IS CONSTANT.   IGNORED.
 **********
 **   90 **FIX           16
 **********
 **********
 **   91 **MIGRAD
 **********
 START MIGRAD MINIMIZATION.  STRATEGY  1.  CONVERGENCE WHEN EDM .LT. 1.00e-04
 FCN=301.002 FROM MIGRAD    STATUS=INITIATE        6 CALLS         267 TOTAL
                     EDM= unknown      STRATEGY= 1      NO ERROR MATRIX       
  EXT PARAMETER               CURRENT GUESS       STEP         FIRST   
  NO.   NAME      VALUE            ERROR          SIZE      DERIVATIVE 
   1  N0           2.99346e+06     fixed    
   2  tau          6.44056e+01   constant   
   3  A0           3.43344e-01     fixed    
   4  phi          4.12104e+00     fixed    
   5  R           -6.10700e+01   constant   
   6  A_CBO        2.44042e-03     fixed    
   7  w_CBO        2.32488e+00     fixed    
   8  phi_CBO      2.82564e+00     fixed    
   9  ANx2         9.50697e-04     fixed    
  10  pNx2         1.72595e+00     fixed    
  11  ANy1         0.00000e+00   constant   
  12  pNy1         0.00000e+00   constant   
  13  w_y          0.00000e+00   constant   
  14  ANy2        -1.61667e-03   1.09292e-03   1.09292e-03   1.05566e+00
  15  pNy2         3.40463e+00   1.00000e-07   1.00000e-07   1.30813e+00
  16  w_vw         1.44513e+01     fixed    
  17  LM           2.35248e-05   constant   
 MIGRAD MINIMIZATION HAS CONVERGED.
 MIGRAD WILL VERIFY CONVERGENCE AND ERROR MATRIX.
 COVARIANCE MATRIX CALCULATED SUCCESSFULLY
 FCN=300.806 FROM MIGRAD    STATUS=CONVERGED      35 CALLS         296 TOTAL
                     EDM=4.84949e-09    STRATEGY= 1      ERROR MATRIX ACCURATE 
  EXT PARAMETER                                   STEP         FIRST   
  NO.   NAME      VALUE            ERROR          SIZE      DERIVATIVE 
   1  N0           2.99346e+06     fixed    
   2  tau          6.44056e+01   constant   
   3  A0           3.43344e-01     fixed    
   4  phi          4.12104e+00     fixed    
   5  R           -6.10700e+01   constant   
   6  A_CBO        2.44042e-03     fixed    
   7  w_CBO        2.32488e+00     fixed    
   8  phi_CBO      2.82564e+00     fixed    
   9  ANx2         9.50697e-04     fixed    
  10  pNx2         1.72595e+00     fixed    
  11  ANy1         0.00000e+00   constant   
  12  pNy1         0.00000e+00   constant   
  13  w_y          0.00000e+00   constant   
  14  ANy2        -1.68739e-03   1.09262e-03   9.26830e-06  -9.00712e-02
  15  pNy2         3.11486e+00   6.47134e-01   5.48860e-03   5.97596e-06
  16  w_vw         1.44513e+01     fixed    
  17  LM           2.35248e-05   constant   
 EXTERNAL ERROR MATRIX.    NDIM=  25    NPAR=  2    ERR DEF=1
  1.194e-06  1.126e-06 
  1.126e-06  4.188e-01 
 PARAMETER  CORRELATION COEFFICIENTS  
       NO.  GLOBAL     14     15
       14  0.00159   1.000  0.002
       15  0.00159   0.002  1.000
MINUIT - FIT ALTOGETHER
 **********
 **   92 **RES 
 **********
                   PARAMETER   16  w_vw RESTORED TO VARIABLE.
                   PARAMETER   10  pNx2 RESTORED TO VARIABLE.
                   PARAMETER    9  ANx2 RESTORED TO VARIABLE.
                   PARAMETER    8  phi_CBO RESTORED TO VARIABLE.
                   PARAMETER    7  w_CBO RESTORED TO VARIABLE.
                   PARAMETER    6  A_CBO RESTORED TO VARIABLE.
                   PARAMETER    4  phi RESTORED TO VARIABLE.
                   PARAMETER    3  A0 RESTORED TO VARIABLE.
                   PARAMETER    1  N0 RESTORED TO VARIABLE.
 **********
 **   93 **MIGRAD
 **********
 START MIGRAD MINIMIZATION.  STRATEGY  1.  CONVERGENCE WHEN EDM .LT. 1.00e-04
 FCN=300.806 FROM MIGRAD    STATUS=INITIATE       24 CALLS         320 TOTAL
                     EDM= unknown      STRATEGY= 1      NO ERROR MATRIX       
  EXT PARAMETER               CURRENT GUESS       STEP         FIRST   
  NO.   NAME      VALUE            ERROR          SIZE      DERIVATIVE 
   1  N0           2.99346e+06   2.31203e+03   2.31203e+03  -2.67758e-05
   2  tau          6.44056e+01   constant   
   3  A0           3.43344e-01   1.04237e-03   1.04237e-03  -2.15262e+01
   4  phi          4.12104e+00   3.13093e-03   3.13093e-03   1.12940e+00
   5  R           -6.10700e+01   constant   
   6  A_CBO        2.44042e-03   1.09283e-03   1.09283e-03  -1.31249e+00
   7  w_CBO        2.32488e+00   9.72793e-04   9.72793e-04  -4.15915e+00
   8  phi_CBO      2.82564e+00   4.47296e-01   4.47296e-01   2.92170e-03
   9  ANx2         9.50697e-04   1.09281e-03   1.09281e-03  -2.43038e+00
  10  pNx2         1.72595e+00   1.14843e+00   1.14843e+00   1.37892e-03
  11  ANy1         0.00000e+00   constant   
  12  pNy1         0.00000e+00   constant   
  13  w_y          0.00000e+00   constant   
  14  ANy2        -1.68739e-03   1.09262e-03   9.26830e-06  -9.00714e-02
  15  pNy2         3.11486e+00   6.47134e-01   5.48860e-03   6.05627e-06
  16  w_vw         1.44513e+01   1.00000e-02   1.00000e-02  -3.32367e+02
  17  LM           2.35248e-05   constant   
 MIGRAD MINIMIZATION HAS CONVERGED.
 FCN=300.057 FROM MIGRAD    STATUS=CONVERGED     173 CALLS         469 TOTAL
                     EDM=3.97367e-06    STRATEGY= 1  ERROR MATRIX UNCERTAINTY   2.2 per cent
  EXT PARAMETER                                   STEP         FIRST   
  NO.   NAME      VALUE            ERROR          SIZE      DERIVATIVE 
   1  N0           2.99353e+06   2.35739e+03   7.57770e+00   2.41716e-08
   2  tau          6.44056e+01   constant   
   3  A0           3.43355e-01   1.04541e-03   1.33177e-06  -1.28579e-01
   4  phi          4.12104e+00   3.12941e-03   7.58314e-07  -2.70072e-01
   5  R           -6.10700e+01   constant   
   6  A_CBO        2.43498e-03   1.09237e-03   1.39973e-07   7.91009e-01
   7  w_CBO        2.32553e+00   1.02788e-03   6.21839e-05  -4.39239e-01
   8  phi_CBO      3.12372e+00   5.62429e-01   5.15532e-04  -4.08689e-03
   9  ANx2         9.73074e-04   1.09325e-03   1.71028e-07  -4.65696e-01
  10  pNx2         2.34013e+00   1.33449e+00   1.87003e-04  -1.51153e-03
  11  ANy1         0.00000e+00   constant   
  12  pNy1         0.00000e+00   constant   
  13  w_y          0.00000e+00   constant   
  14  ANy2        -1.93172e-03   1.18465e-03   7.37064e-06  -1.19300e-01
  15  pNy2         8.13312e+00   6.26076e+00   3.18995e-02  -9.02885e-04
  16  w_vw         1.44624e+01   1.37409e-02   2.86577e-05   2.06513e+00
  17  LM           2.35248e-05   constant   
 EXTERNAL ERROR MATRIX.    NDIM=  25    NPAR= 11    ERR DEF=1
  5.557e+06 
  3.676e-02  1.093e-06 
  2.858e-02  4.456e-09  9.793e-06 
 -1.667e-02 -2.545e-09  3.110e-09  1.193e-06 
  4.757e-02  1.006e-08  1.886e-09 -8.612e-09  1.057e-06 
  2.009e+01  2.640e-06  2.922e-06 -1.689e-07  3.645e-04  3.163e-01 
  1.549e-02  2.498e-09 -4.027e-10 -8.087e-11  2.707e-08  8.231e-06  1.195e-06 
  4.458e+01  5.702e-06  5.390e-06  3.438e-07  7.651e-04  2.328e-01  1.633e-05  1.781e+00 
 -5.758e-02 -7.336e-09  1.712e-08  2.483e-09 -1.572e-07 -8.464e-05 -6.868e-09 -1.770e-04  1.403e-06 
  2.157e+02  3.767e-05  4.069e-05 -4.513e-05  4.937e-03  2.387e+00  1.732e-04  4.932e+00 -1.526e-03  3.920e+01 
  4.506e-01  7.707e-08  7.099e-08 -9.831e-08  1.087e-05  5.247e-03  3.871e-07  1.084e-02 -3.328e-06  8.569e-02  1.888e-04 
 PARAMETER  CORRELATION COEFFICIENTS  
       NO.  GLOBAL      1      3      4      6      7      8      9     10     14     15     16
        1  0.03405   1.000  0.015  0.004 -0.006  0.020  0.015  0.006  0.014 -0.021  0.015  0.014
        3  0.01918   0.015  1.000  0.001 -0.002  0.009  0.004  0.002  0.004 -0.006  0.006  0.005
        4  0.00864   0.004  0.001  1.000  0.001  0.001  0.002 -0.000  0.001  0.005  0.002  0.002
        6  0.01457  -0.006 -0.002  0.001  1.000 -0.008 -0.000 -0.000  0.000  0.002 -0.007 -0.007
        7  0.79843   0.020  0.009  0.001 -0.008  1.000  0.630  0.024  0.558 -0.129  0.767  0.769
        8  0.71589   0.015  0.004  0.002 -0.000  0.630  1.000  0.013  0.310 -0.127  0.678  0.679
        9  0.02967   0.006  0.002 -0.000 -0.000  0.024  0.013  1.000  0.011 -0.005  0.025  0.026
       10  0.63509   0.014  0.004  0.001  0.000  0.558  0.310  0.011  1.000 -0.112  0.590  0.591
       14  0.21156  -0.021 -0.006  0.005  0.002 -0.129 -0.127 -0.005 -0.112  1.000 -0.206 -0.204
       15  0.99609   0.015  0.006  0.002 -0.007  0.767  0.678  0.025  0.590 -0.206  1.000  0.996
       16  0.99613   0.014  0.005  0.002 -0.007  0.769  0.679  0.026  0.591 -0.204  0.996  1.000
MINUIT - REFIT 5-PARAM
 **********
 **   94 **FIX            5
 **********
 PARAMETER    5  IS CONSTANT.   IGNORED.
 **********
 **   95 **FIX            6
 **********
 **********
 **   96 **FIX            7
 **********
 **********
 **   97 **FIX            8
 **********
 **********
 **   98 **FIX            9
 **********
 **********
 **   99 **FIX           10
 **********
 **********
 **  100 **FIX           11
 **********
 PARAMETER   11  IS CONSTANT.   IGNORED.
 **********
 **  101 **FIX           12
 **********
 PARAMETER   12  IS CONSTANT.   IGNORED.
 **********
 **  102 **FIX           13
 **********
 PARAMETER   13  IS CONSTANT.   IGNORED.
 **********
 **  103 **FIX           14
 **********
 **********
 **  104 **FIX           15
 **********
 **********
 **  105 **FIX           16
 **********
 **********
 **  106 **MIGRAD
 **********
 START MIGRAD MINIMIZATION.  STRATEGY  1.  CONVERGENCE WHEN EDM .LT. 1.00e-04
 FCN=300.057 FROM MIGRAD    STATUS=INITIATE        6 CALLS         475 TOTAL
                     EDM=4.59553e-07    STRATEGY= 1  ERROR MATRIX UNCERTAINTY  50.0 per cent
  EXT PARAMETER                APPROXIMATE        STEP         FIRST   
  NO.   NAME      VALUE            ERROR          SIZE      DERIVATIVE 
   1  N0           2.99353e+06   2.35629e+03   7.57770e+00   2.41716e-08
   2  tau          6.44056e+01   constant   
   3  A0           3.43355e-01   1.04533e-03   1.33177e-06  -1.28579e-01
   4  phi          4.12104e+00   3.12932e-03   7.58314e-07  -2.70072e-01
   5  R           -6.10700e+01   constant   
   6  A_CBO        2.43498e-03     fixed    
   7  w_CBO        2.32553e+00     fixed    
   8  phi_CBO      3.12372e+00     fixed    
   9  ANx2         9.73074e-04     fixed    
  10  pNx2         2.34013e+00     fixed    
  11  ANy1         0.00000e+00   constant   
  12  pNy1         0.00000e+00   constant   
  13  w_y          0.00000e+00   constant   
  14  ANy2        -1.93172e-03     fixed    
  15  pNy2         8.13312e+00     fixed    
  16  w_vw         1.44624e+01     fixed    
  17  LM           2.35248e-05   constant   
 MIGRAD MINIMIZATION HAS CONVERGED.
 MIGRAD WILL VERIFY CONVERGENCE AND ERROR MATRIX.
 COVARIANCE MATRIX CALCULATED SUCCESSFULLY
 FCN=300.057 FROM MIGRAD    STATUS=CONVERGED      29 CALLS         498 TOTAL
                     EDM=3.15779e-12    STRATEGY= 1      ERROR MATRIX ACCURATE 
  EXT PARAMETER                                   STEP         FIRST   
  NO.   NAME      VALUE            ERROR          SIZE      DERIVATIVE 
   1  N0           2.99353e+06   2.31207e+03   1.81924e+01  -4.30612e-10
   2  tau          6.44056e+01   constant   
   3  A0           3.43355e-01   1.04235e-03   8.83088e-06  -1.95438e-03
   4  phi          4.12104e+00   3.13081e-03   2.65243e-05  -3.41541e-04
   5  R           -6.10700e+01   constant   
   6  A_CBO        2.43498e-03     fixed    
   7  w_CBO        2.32553e+00     fixed    
   8  phi_CBO      3.12372e+00     fixed    
   9  ANx2         9.73074e-04     fixed    
  10  pNx2         2.34013e+00     fixed    
  11  ANy1         0.00000e+00   constant   
  12  pNy1         0.00000e+00   constant   
  13  w_y          0.00000e+00   constant   
  14  ANy2        -1.93172e-03     fixed    
  15  pNy2         8.13312e+00     fixed    
  16  w_vw         1.44624e+01     fixed    
  17  LM           2.35248e-05   constant   
 EXTERNAL ERROR MATRIX.    NDIM=  25    NPAR=  3    ERR DEF=1
  5.346e+06  2.554e-03  3.486e-02 
  2.554e-03  1.086e-06  1.230e-08 
  3.486e-02  1.230e-08  9.802e-06 
 PARAMETER  CORRELATION COEFFICIENTS  
       NO.  GLOBAL      1      3      4
        1  0.00493   1.000  0.001  0.005
        3  0.00391   0.001  1.000  0.004
        4  0.00611   0.005  0.004  1.000
MINUIT - 2CBO + Y
 **********
 **  107 **RES 
 **********
                   PARAMETER   16  w_vw RESTORED TO VARIABLE.
                   PARAMETER   15  pNy2 RESTORED TO VARIABLE.
                   PARAMETER   14  ANy2 RESTORED TO VARIABLE.
                   PARAMETER   10  pNx2 RESTORED TO VARIABLE.
                   PARAMETER    9  ANx2 RESTORED TO VARIABLE.
                   PARAMETER    8  phi_CBO RESTORED TO VARIABLE.
                   PARAMETER    7  w_CBO RESTORED TO VARIABLE.
                   PARAMETER    6  A_CBO RESTORED TO VARIABLE.
 **********
 **  108 **FIX            0
 **********
 PARAMETER    0  IS UNDEFINED. IGNORED.
 **********
 **  109 **FIX            1
 **********
 **********
 **  110 **FIX            2
 **********
 PARAMETER    2  IS CONSTANT.   IGNORED.
 **********
 **  111 **FIX            3
 **********
 **********
 **  112 **FIX            4
 **********
 **********
 **  113 **FIX            5
 **********
 PARAMETER    5  IS CONSTANT.   IGNORED.
 **********
 **  114 **FIX            6
 **********
 **********
 **  115 **FIX            7
 **********
 **********
 **  116 **FIX           16
 **********
 **********
 **  117 **MIGRAD
 **********
 START MIGRAD MINIMIZATION.  STRATEGY  1.  CONVERGENCE WHEN EDM .LT. 1.00e-04
 FCN=300.057 FROM MIGRAD    STATUS=INITIATE       10 CALLS         508 TOTAL
                     EDM= unknown      STRATEGY= 1      NO ERROR MATRIX       
  EXT PARAMETER               CURRENT GUESS       STEP         FIRST   
  NO.   NAME      VALUE            ERROR          SIZE      DERIVATIVE 
   1  N0           2.99353e+06     fixed    
   2  tau          6.44056e+01   constant   
   3  A0           3.43355e-01     fixed    
   4  phi          4.12104e+00     fixed    
   5  R           -6.10700e+01   constant   
   6  A_CBO        2.43498e-03     fixed    
   7  w_CBO        2.32553e+00     fixed    
   8  phi_CBO      3.12372e+00   4.36545e-01   4.36545e-01  -4.07868e-03
   9  ANx2         9.73074e-04   1.09293e-03   1.09293e-03  -4.65174e-01
  10  pNx2         2.34013e+00   1.10531e+00   1.10531e+00  -1.51685e-03
  11  ANy1         0.00000e+00   constant   
  12  pNy1         0.00000e+00   constant   
  13  w_y          0.00000e+00   constant   
  14  ANy2        -1.93172e-03   1.17105e-03   1.17105e-03  -1.20927e-01
  15  pNy2         8.13312e+00   3.41274e+00   3.41274e+00  -9.08939e-04
  16  w_vw         1.44624e+01     fixed    
  17  LM           2.35248e-05   constant   
 MIGRAD MINIMIZATION HAS CONVERGED.
 MIGRAD WILL VERIFY CONVERGENCE AND ERROR MATRIX.
 COVARIANCE MATRIX CALCULATED SUCCESSFULLY
 FCN=300.057 FROM MIGRAD    STATUS=CONVERGED      52 CALLS         550 TOTAL
                     EDM=1.58928e-10    STRATEGY= 1      ERROR MATRIX ACCURATE 
  EXT PARAMETER                                   STEP         FIRST   
  NO.   NAME      VALUE            ERROR          SIZE      DERIVATIVE 
   1  N0           2.99353e+06     fixed    
   2  tau          6.44056e+01   constant   
   3  A0           3.43355e-01     fixed    
   4  phi          4.12104e+00     fixed    
   5  R           -6.10700e+01   constant   
   6  A_CBO        2.43498e-03     fixed    
   7  w_CBO        2.32553e+00     fixed    
   8  phi_CBO      3.12413e+00   4.48409e-01   3.79889e-03  -1.74892e-05
   9  ANx2         9.73351e-04   1.09267e-03   9.25693e-06   1.13963e-02
  10  pNx2         2.34109e+00   1.12186e+00   9.50561e-03  -8.22901e-06
  11  ANy1         0.00000e+00   constant   
  12  pNy1         0.00000e+00   constant   
  13  w_y          0.00000e+00   constant   
  14  ANy2        -1.93165e-03   1.09300e-03   9.26004e-06  -2.97719e-03
  15  pNy2         8.13327e+00   5.65079e-01   4.78730e-03  -2.42303e-06
  16  w_vw         1.44624e+01     fixed    
  17  LM           2.35248e-05   constant   
 EXTERNAL ERROR MATRIX.    NDIM=  25    NPAR=  5    ERR DEF=1
  2.011e-01 -2.357e-06  2.707e-03  1.226e-06  3.768e-04 
 -2.357e-06  1.194e-06 -7.516e-06 -2.165e-09 -2.468e-06 
  2.707e-03 -7.516e-06  1.259e+00  3.188e-08  3.259e-04 
  1.226e-06 -2.165e-09  3.188e-08  1.195e-06  1.083e-06 
  3.768e-04 -2.468e-06  3.259e-04  1.083e-06  3.193e-01 
 PARAMETER  CORRELATION COEFFICIENTS  
       NO.  GLOBAL      8      9     10     14     15
        8  0.00775   1.000 -0.005  0.005  0.003  0.001
        9  0.00892  -0.005  1.000 -0.006 -0.002 -0.004
       10  0.00815   0.005 -0.006  1.000  0.000  0.001
       14  0.00354   0.003 -0.002  0.000  1.000  0.002
       15  0.00463   0.001 -0.004  0.001  0.002  1.000
MINUIT - MINOS
 **********
 **  118 **RES 
 **********
                   PARAMETER   16  w_vw RESTORED TO VARIABLE.
                   PARAMETER    7  w_CBO RESTORED TO VARIABLE.
                   PARAMETER    6  A_CBO RESTORED TO VARIABLE.
                   PARAMETER    4  phi RESTORED TO VARIABLE.
                   PARAMETER    3  A0 RESTORED TO VARIABLE.
                   PARAMETER    1  N0 RESTORED TO VARIABLE.
 **********
 **  119 **MIG      2.5e+04        0.01
 **********
 START MIGRAD MINIMIZATION.  STRATEGY  1.  CONVERGENCE WHEN EDM .LT. 1.00e-05
 FCN=300.057 FROM MIGRAD    STATUS=INITIATE       22 CALLS         572 TOTAL
                     EDM= unknown      STRATEGY= 1      NO ERROR MATRIX       
  EXT PARAMETER               CURRENT GUESS       STEP         FIRST   
  NO.   NAME      VALUE            ERROR          SIZE      DERIVATIVE 
   1  N0           2.99353e+06   2.31207e+03   2.31207e+03   3.97676e-09
   2  tau          6.44056e+01   constant   
   3  A0           3.43355e-01   1.04235e-03   1.04235e-03   1.20605e-02
   4  phi          4.12104e+00   3.13081e-03   3.13081e-03  -2.82268e-03
   5  R           -6.10700e+01   constant   
   6  A_CBO        2.43498e-03   1.09237e-03   1.09237e-03   7.58503e-01
   7  w_CBO        2.32553e+00   1.02785e-03   1.02785e-03  -9.31846e-01
   8  phi_CBO      3.12413e+00   4.48409e-01   3.79889e-03  -1.72415e-05
   9  ANx2         9.73351e-04   1.09267e-03   9.25693e-06   1.13963e-02
  10  pNx2         2.34109e+00   1.12186e+00   9.50561e-03  -8.32076e-06
  11  ANy1         0.00000e+00   constant   
  12  pNy1         0.00000e+00   constant   
  13  w_y          0.00000e+00   constant   
  14  ANy2        -1.93165e-03   1.09300e-03   9.26004e-06  -2.97719e-03
  15  pNy2         8.13327e+00   5.65079e-01   4.78730e-03  -2.37754e-06
  16  w_vw         1.44624e+01   1.20799e-03   1.20799e-03   8.81211e-01
  17  LM           2.35248e-05   constant   
 MIGRAD MINIMIZATION HAS CONVERGED.
 MIGRAD WILL VERIFY CONVERGENCE AND ERROR MATRIX.
 COVARIANCE MATRIX CALCULATED SUCCESSFULLY
 FCN=300.057 FROM MIGRAD    STATUS=CONVERGED     220 CALLS         770 TOTAL
                     EDM=1.28163e-06    STRATEGY= 1      ERROR MATRIX ACCURATE 
  EXT PARAMETER                                   STEP         FIRST   
  NO.   NAME      VALUE            ERROR          SIZE      DERIVATIVE 
   1  N0           2.99353e+06   2.31221e+03   1.81924e+01   8.95099e-08
   2  tau          6.44056e+01   constant   
   3  A0           3.43355e-01   1.04254e-03   8.83087e-06  -1.01007e-01
   4  phi          4.12104e+00   3.13178e-03   2.65243e-05  -1.62085e-01
   5  R           -6.10700e+01   constant   
   6  A_CBO        2.43217e-03   1.10018e-03   9.25883e-06   6.13236e-02
   7  w_CBO        2.32575e+00   8.11800e-03   4.31731e-05  -9.14269e-02
   8  phi_CBO      3.22358e+00   3.73989e+00   3.80289e-03   8.55468e-04
   9  ANx2         9.79991e-04   1.10781e-03   9.25645e-06   3.69184e-02
  10  pNx2         2.54699e+00   7.77359e+00   9.44033e-03   2.10040e-04
  11  ANy1         0.00000e+00   constant   
  12  pNy1         0.00000e+00   constant   
  13  w_y          0.00000e+00   constant   
  14  ANy2        -1.93169e-03   1.09420e-03   9.26004e-06  -2.85323e-02
  15  pNy2         8.12020e+00   5.50516e+00   4.78723e-03  -1.69163e-03
  16  w_vw         1.44624e+01   1.20535e-02   3.62655e-06   1.97386e+00
  17  LM           2.35248e-05   constant   
 EXTERNAL ERROR MATRIX.    NDIM=  25    NPAR= 11    ERR DEF=1
  5.346e+06 
  2.509e-03  1.087e-06 
  3.300e-02  1.256e-08  9.808e-06 
 -2.260e-02  6.546e-09  7.430e-08  1.210e-06 
 -4.056e-02 -1.052e-07  1.726e-07 -1.005e-06  6.597e-05 
 -1.992e+01 -5.419e-05  7.514e-05 -4.588e-04  3.016e-02  1.399e+01 
  3.465e-03 -4.934e-10  1.979e-09 -2.142e-08  1.485e-06  6.764e-04  1.227e-06 
 -5.060e+01 -9.431e-05  1.850e-04 -9.470e-04  6.249e-02  2.857e+01  1.399e-03  6.043e+01 
 -4.221e-03  7.261e-10  6.887e-09  1.414e-09 -6.572e-09 -1.722e-06 -2.519e-09 -6.064e-06  1.197e-06 
 -2.382e+01  7.446e-06  3.749e-05  9.094e-07  1.670e-05  1.520e-02 -1.591e-05  1.938e-02  2.806e-04  3.031e+01 
 -4.934e-02  1.564e-08  6.714e-08 -5.749e-10  1.564e-08  2.298e-05 -3.008e-08  2.178e-05  6.155e-07  6.601e-02  1.453e-04 
 PARAMETER  CORRELATION COEFFICIENTS  
       NO.  GLOBAL      1      3      4      6      7      8      9     10     14     15     16
        1  0.01211   1.000  0.001  0.005 -0.009 -0.002 -0.002  0.001 -0.003 -0.002 -0.002 -0.002
        3  0.01963   0.001  1.000  0.004  0.006 -0.012 -0.014 -0.000 -0.012  0.001  0.001  0.001
        4  0.02559   0.005  0.004  1.000  0.022  0.007  0.006  0.001  0.008  0.002  0.002  0.002
        6  0.11525  -0.009  0.006  0.022  1.000 -0.112 -0.112 -0.018 -0.111  0.001  0.000 -0.000
        7  0.99570  -0.002 -0.012  0.007 -0.112  1.000  0.993  0.165  0.990 -0.001  0.000  0.000
        8  0.99277  -0.002 -0.014  0.006 -0.112  0.993  1.000  0.163  0.983 -0.000  0.001  0.001
        9  0.16527   0.001 -0.000  0.001 -0.018  0.165  0.163  1.000  0.162 -0.002 -0.003 -0.002
       10  0.98967  -0.003 -0.012  0.008 -0.111  0.990  0.983  0.162  1.000 -0.001  0.000  0.000
       14  0.04688  -0.002  0.001  0.002  0.001 -0.001 -0.000 -0.002 -0.001  1.000  0.047  0.047
       15  0.99472  -0.002  0.001  0.002  0.000  0.000  0.001 -0.003  0.000  0.047  1.000  0.995
       16  0.99472  -0.002  0.001  0.002 -0.000  0.000  0.001 -0.002  0.000  0.047  0.995  1.000
 **********
 **  120 **MINO      2.5e+04
 **********
 FCN=300.057 FROM MINOS     STATUS=SUCCESSFUL   5384 CALLS        6154 TOTAL
                     EDM=1.28163e-06    STRATEGY= 1      ERROR MATRIX ACCURATE 
  EXT PARAMETER                  PARABOLIC         MINOS ERRORS        
  NO.   NAME      VALUE            ERROR      NEGATIVE      POSITIVE   
   1  N0           2.99353e+06   2.31221e+03  -2.31245e+03   2.31197e+03
   2  tau          6.44056e+01   constant   
   3  A0           3.43355e-01   1.04254e-03  -1.04248e-03   1.04260e-03
   4  phi          4.12104e+00   3.13178e-03  -3.13106e-03   3.13258e-03
   5  R           -6.10700e+01   constant   
   6  A_CBO        2.43217e-03   1.10018e-03  -1.09918e-03   1.09633e-03
   7  w_CBO        2.32575e+00   8.11800e-03  -9.90321e-03   8.35356e-03
   8  phi_CBO      3.22358e+00   3.73989e+00  -4.53659e+00   3.84417e+00
   9  ANx2         9.79991e-04   1.10781e-03  -3.07133e-03   1.11137e-03
  10  pNx2         2.54699e+00   7.77359e+00  -9.01409e+00   3.63789e+01
  11  ANy1         0.00000e+00   constant   
  12  pNy1         0.00000e+00   constant   
  13  w_y          0.00000e+00   constant   
  14  ANy2        -1.93169e-03   1.09420e-03  -1.09299e-03   1.09302e-03
  15  pNy2         8.12020e+00   5.50516e+00  -6.01898e+00   6.02508e+00
  16  w_vw         1.44624e+01   1.20535e-02  -1.32842e-02   1.33036e-02
  17  LM           2.35248e-05   constant   
 **********
 **  121 **SHO COR 
 **********
 PARAMETER  CORRELATION COEFFICIENTS  
       NO.  GLOBAL      1      3      4      6      7      8      9     10     14     15     16
        1  0.01211   1.000  0.001  0.005 -0.009 -0.002 -0.002  0.001 -0.003 -0.002 -0.002 -0.002
        3  0.01963   0.001  1.000  0.004  0.006 -0.012 -0.014 -0.000 -0.012  0.001  0.001  0.001
        4  0.02559   0.005  0.004  1.000  0.022  0.007  0.006  0.001  0.008  0.002  0.002  0.002
        6  0.11525  -0.009  0.006  0.022  1.000 -0.112 -0.112 -0.018 -0.111  0.001  0.000 -0.000
        7  0.99570  -0.002 -0.012  0.007 -0.112  1.000  0.993  0.165  0.990 -0.001  0.000  0.000
        8  0.99277  -0.002 -0.014  0.006 -0.112  0.993  1.000  0.163  0.983 -0.000  0.001  0.001
        9  0.16527   0.001 -0.000  0.001 -0.018  0.165  0.163  1.000  0.162 -0.002 -0.003 -0.002
       10  0.98967  -0.003 -0.012  0.008 -0.111  0.990  0.983  0.162  1.000 -0.001  0.000  0.000
       14  0.04688  -0.002  0.001  0.002  0.001 -0.001 -0.000 -0.002 -0.001  1.000  0.047  0.047
       15  0.99472  -0.002  0.001  0.002  0.000  0.000  0.001 -0.003  0.000  0.047  1.000  0.995
       16  0.99472  -0.002  0.001  0.002 -0.000  0.000  0.001 -0.002  0.000  0.047  0.995  1.000
