 + ++++++++++++++++++++++++++++++++++++++++++++++++++++++++++++++++++++ +
 +                                                                      +
 +           You have chose to blind your fitting according to          +
 +                omega_ref * (1 + (R +/- deltaR) *10^{-6})             +
 +                                                                      +
 + ++++++++++++++++++++++++++++++++++++++++++++++++++++++++++++++++++++ +
In main()...
reading format from /gm2data/zkhechad/run45/envelope/formats/formatB_sBin_constraintOn.txt
pBinTau 	= 0  
pBinPhi 	= 0  
constraintau 	= 1 
includeMopTerm 	= 0    
constrainMop    = 0   
Parameters after format file: pBinTau 0 pBinPhi 0 constraintau 1 includeMopTerm 0 constrainMop 0 c_e_scale 0.000000 
reading cbo reference file (full fit) from /gm2data/zkhechad/cboTemplates/Run4CBOTemplates/fullFits/run4/sBin_constraintOn_cE0.0_seed0_run4_calo12.root
A_CBO 0.007990 w_CBO 2.327632 phi_CBO 5.471864 N0 3435893.469287 R -59.911173 tau 64.398066 
Reading cboRef file /gm2data/zkhechad/cboTemplates/Run4CBOTemplates//cboIsolate/run4_calo12.root
deltaT 164.120000
windowBins = 1100
fitting sliding window 1120 from bin 1323 at 197.391600 to bin 2423 at 361.511600 (1100 bins)

Reading data from /gm2data/cornell/histograms/aMethod/histogram_a_run4.root
fitting cbo isolate
 **********
 **    1 **SET PRINTOUT            1
 **********
 **********
 **    2 **SET NOWARNINGS 
 **********
 PARAMETER DEFINITIONS:
    NO.   NAME         VALUE      STEP SIZE      LIMITS
     1 A_CBO        7.98954e-03  1.00000e-05     no limits
     2 w_CBO        2.32763e+00  1.00000e-02    2.00000e+00  3.00000e+00
     3 phi_CBO      5.47186e+00  1.00000e-02    0.00000e+00  6.28319e+00
 **********
 **    3 **MIGRAD
 **********
 FIRST CALL TO USER FUNCTION AT NEW START POINT, WITH IFLAG=4.
 START MIGRAD MINIMIZATION.  STRATEGY  1.  CONVERGENCE WHEN EDM .LT. 1.00e-04
 FCN=0.0270573 FROM MIGRAD    STATUS=INITIATE       12 CALLS          13 TOTAL
                     EDM= unknown      STRATEGY= 1      NO ERROR MATRIX       
  EXT PARAMETER               CURRENT GUESS       STEP         FIRST   
  NO.   NAME      VALUE            ERROR          SIZE      DERIVATIVE 
   1  A_CBO        7.98954e-03   1.00000e-05   1.00000e-05   5.39662e+00
   2  w_CBO        2.32763e+00   1.00000e-02   2.13083e-02   2.39991e-01
   3  phi_CBO      5.47186e+00   1.00000e-02   4.74617e-03  -3.35365e-03
 MIGRAD MINIMIZATION HAS CONVERGED.
 MIGRAD WILL VERIFY CONVERGENCE AND ERROR MATRIX.
 COVARIANCE MATRIX CALCULATED SUCCESSFULLY
 FCN=0.0137793 FROM MIGRAD    STATUS=CONVERGED      49 CALLS          50 TOTAL
                     EDM=2.21067e-05    STRATEGY= 1      ERROR MATRIX ACCURATE 
  EXT PARAMETER                                   STEP         FIRST   
  NO.   NAME      VALUE            ERROR          SIZE      DERIVATIVE 
   1  A_CBO        3.06828e-03   4.28342e-02   2.09863e-05  -1.47344e-02
   2  w_CBO        2.32750e+00   2.59326e-01   5.17543e-05   6.08266e-03
   3  phi_CBO      5.49508e+00   3.53070e+00   3.40039e-03   8.18199e-05
 EXTERNAL ERROR MATRIX.    NDIM=  25    NPAR=  3    ERR DEF=1
  1.835e-03 -9.943e-04 -2.774e-01 
 -9.943e-04  7.549e-02  2.084e+01 
 -2.774e-01  2.084e+01  5.946e+03 
 PARAMETER  CORRELATION COEFFICIENTS  
       NO.  GLOBAL      1      2      3
        1  0.08463   1.000 -0.084 -0.084
        2  0.98368  -0.084  1.000  0.984
        3  0.98367  -0.084  0.984  1.000
setting A_CBO=0.003068 w_CBO=2.327504, phi_CBO=5.495080
done fitting cbo isolate
 **********
 **    1 **SET PRINTOUT            1
 **********
 **********
 **    2 **SET NOWARNINGS 
 **********
 PARAMETER DEFINITIONS:
    NO.   NAME         VALUE      STEP SIZE      LIMITS
     1 N0           3.43589e+06  1.00000e+02     no limits
     2 tau          6.43981e+01  constant
     3 A0           3.53663e-01  1.00000e-04     no limits
     4 phi          4.11774e+00  1.00000e-02     no limits
     5 R           -5.99112e+01  constant
     6 A_CBO        3.06828e-03  1.00000e-05     no limits
     7 w_CBO        2.32590e+00  1.00000e-03    0.00000e+00  2.33590e+00
     8 phi_CBO      5.49508e+00  1.00000e-04     no limits
     9 ANx2         3.16301e-04  1.00000e-06     no limits
    10 pNx2         1.53957e+00  1.00000e-03     no limits
    11 ANy1         0.00000e+00  constant
    12 pNy1         0.00000e+00  constant
    13 w_y          0.00000e+00  constant
    14 ANy2         4.00000e-03  1.00000e-04     no limits
    15 pNy2         1.44040e+00  1.00000e-07     no limits
    16 w_vw         1.44513e+01  1.00000e-02    1.15611e+01  1.73416e+01
    17 LM          -2.49463e-04  constant
MINUIT - FIT ONLY WIGGLE
 **********
 **    3 **FIX            5
 **********
 PARAMETER    5  IS CONSTANT.   IGNORED.
 **********
 **    4 **FIX            6
 **********
 **********
 **    5 **FIX            7
 **********
 **********
 **    6 **FIX            8
 **********
 **********
 **    7 **FIX            9
 **********
 **********
 **    8 **FIX           10
 **********
 **********
 **    9 **FIX           11
 **********
 PARAMETER   11  IS CONSTANT.   IGNORED.
 **********
 **   10 **FIX           12
 **********
 PARAMETER   12  IS CONSTANT.   IGNORED.
 **********
 **   11 **FIX           13
 **********
 PARAMETER   13  IS CONSTANT.   IGNORED.
 **********
 **   12 **FIX           14
 **********
 **********
 **   13 **FIX           15
 **********
 **********
 **   14 **FIX           16
 **********
 **********
 **   15 **MIGRAD
 **********
 FIRST CALL TO USER FUNCTION AT NEW START POINT, WITH IFLAG=4.
 START MIGRAD MINIMIZATION.  STRATEGY  1.  CONVERGENCE WHEN EDM .LT. 1.00e-04
 FCN=698.729 FROM MIGRAD    STATUS=INITIATE       12 CALLS          13 TOTAL
                     EDM= unknown      STRATEGY= 1      NO ERROR MATRIX       
  EXT PARAMETER               CURRENT GUESS       STEP         FIRST   
  NO.   NAME      VALUE            ERROR          SIZE      DERIVATIVE 
   1  N0           3.43589e+06   1.00000e+02   1.00000e+02  -6.82994e-04
   2  tau          6.43981e+01   constant   
   3  A0           3.53663e-01   1.00000e-04   1.00000e-04  -3.21590e+03
   4  phi          4.11774e+00   1.00000e-02   1.00000e-02  -8.36831e+02
   5  R           -5.99112e+01   constant   
   6  A_CBO        3.06828e-03     fixed    
   7  w_CBO        2.32590e+00     fixed    
   8  phi_CBO      5.49508e+00     fixed    
   9  ANx2         3.16301e-04     fixed    
  10  pNx2         1.53957e+00     fixed    
  11  ANy1         0.00000e+00   constant   
  12  pNy1         0.00000e+00   constant   
  13  w_y          0.00000e+00   constant   
  14  ANy2         4.00000e-03     fixed    
  15  pNy2         1.44040e+00     fixed    
  16  w_vw         1.44513e+01     fixed    
  17  LM          -2.49463e-04   constant   
 MIGRAD MINIMIZATION HAS CONVERGED.
 MIGRAD WILL VERIFY CONVERGENCE AND ERROR MATRIX.
 COVARIANCE MATRIX CALCULATED SUCCESSFULLY
 FCN=698.538 FROM MIGRAD    STATUS=CONVERGED      42 CALLS          43 TOTAL
                     EDM=3.98638e-08    STRATEGY= 1      ERROR MATRIX ACCURATE 
  EXT PARAMETER                                   STEP         FIRST   
  NO.   NAME      VALUE            ERROR          SIZE      DERIVATIVE 
   1  N0           3.43599e+06   5.07134e+02   6.52276e+00   4.95760e-07
   2  tau          6.43981e+01   constant   
   3  A0           3.53726e-01   1.97559e-04   2.55100e-06  -1.89026e-01
   4  phi          4.11788e+00   5.78813e-04   7.47372e-06  -2.22409e-01
   5  R           -5.99112e+01   constant   
   6  A_CBO        3.06828e-03     fixed    
   7  w_CBO        2.32590e+00     fixed    
   8  phi_CBO      5.49508e+00     fixed    
   9  ANx2         3.16301e-04     fixed    
  10  pNx2         1.53957e+00     fixed    
  11  ANy1         0.00000e+00   constant   
  12  pNy1         0.00000e+00   constant   
  13  w_y          0.00000e+00   constant   
  14  ANy2         4.00000e-03     fixed    
  15  pNy2         1.44040e+00     fixed    
  16  w_vw         1.44513e+01     fixed    
  17  LM          -2.49463e-04   constant   
 EXTERNAL ERROR MATRIX.    NDIM=  25    NPAR=  3    ERR DEF=1
  2.572e+05  1.465e-03  4.968e-03 
  1.465e-03  3.903e-08 -9.435e-10 
  4.968e-03 -9.435e-10  3.350e-07 
 PARAMETER  CORRELATION COEFFICIENTS  
       NO.  GLOBAL      1      3      4
        1  0.02246   1.000  0.015  0.017
        3  0.01692   0.015  1.000 -0.008
        4  0.01894   0.017 -0.008  1.000
MINUIT - FIT ONLY 1-CBO + other amplitudes 
 **********
 **   16 **RES 
 **********
                   PARAMETER   16  w_vw RESTORED TO VARIABLE.
                   PARAMETER   15  pNy2 RESTORED TO VARIABLE.
                   PARAMETER   14  ANy2 RESTORED TO VARIABLE.
                   PARAMETER   10  pNx2 RESTORED TO VARIABLE.
                   PARAMETER    9  ANx2 RESTORED TO VARIABLE.
                   PARAMETER    8  phi_CBO RESTORED TO VARIABLE.
                   PARAMETER    7  w_CBO RESTORED TO VARIABLE.
                   PARAMETER    6  A_CBO RESTORED TO VARIABLE.
 **********
 **   17 **FIX            0
 **********
 PARAMETER    0  IS UNDEFINED. IGNORED.
 **********
 **   18 **FIX            1
 **********
 **********
 **   19 **FIX            2
 **********
 PARAMETER    2  IS CONSTANT.   IGNORED.
 **********
 **   20 **FIX            3
 **********
 **********
 **   21 **FIX            4
 **********
 **********
 **   22 **FIX            9
 **********
 **********
 **   23 **FIX           11
 **********
 PARAMETER   11  IS CONSTANT.   IGNORED.
 **********
 **   24 **FIX           12
 **********
 PARAMETER   12  IS CONSTANT.   IGNORED.
 **********
 **   25 **FIX           14
 **********
 **********
 **   26 **FIX           15
 **********
 **********
 **   27 **FIX           16
 **********
 **********
 **   28 **MIGRAD
 **********
 START MIGRAD MINIMIZATION.  STRATEGY  1.  CONVERGENCE WHEN EDM .LT. 1.00e-04
 FCN=698.157 FROM MIGRAD    STATUS=INITIATE       31 CALLS          74 TOTAL
                     EDM= unknown      STRATEGY= 1      NO ERROR MATRIX       
  EXT PARAMETER               CURRENT GUESS       STEP         FIRST   
  NO.   NAME      VALUE            ERROR          SIZE      DERIVATIVE 
   1  N0           3.43599e+06     fixed    
   2  tau          6.43981e+01   constant   
   3  A0           3.53726e-01     fixed    
   4  phi          4.11788e+00     fixed    
   5  R           -5.99112e+01   constant   
   6  A_CBO        3.06828e-03   1.00000e-05   0.00000e+00   2.28228e+03
   7  w_CBO        2.32590e+00   1.00000e-03   0.00000e+00  -6.60719e+03
   8  phi_CBO      5.49508e+00   1.00000e-04   0.00000e+00   1.82066e+02
   9  ANx2         3.16301e-04     fixed    
  10  pNx2         1.66872e+00   1.00000e-03   1.29144e-01  -2.93467e+00
  11  ANy1         0.00000e+00   constant   
  12  pNy1         0.00000e+00   constant   
  13  w_y          0.00000e+00   constant   
  14  ANy2         4.00000e-03     fixed    
  15  pNy2         1.44040e+00     fixed    
  16  w_vw         1.44513e+01     fixed    
  17  LM          -2.49463e-04   constant   
 MIGRAD MINIMIZATION HAS CONVERGED.
 MIGRAD WILL VERIFY CONVERGENCE AND ERROR MATRIX.
 COVARIANCE MATRIX CALCULATED SUCCESSFULLY
 FCN=657.212 FROM MIGRAD    STATUS=CONVERGED     153 CALLS         196 TOTAL
                     EDM=3.16337e-07    STRATEGY= 1      ERROR MATRIX ACCURATE 
  EXT PARAMETER                                   STEP         FIRST   
  NO.   NAME      VALUE            ERROR          SIZE      DERIVATIVE 
   1  N0           3.43599e+06     fixed    
   2  tau          6.43981e+01   constant   
   3  A0           3.53726e-01     fixed    
   4  phi          4.11788e+00     fixed    
   5  R           -5.99112e+01   constant   
   6  A_CBO        3.28362e-03   2.08854e-04   2.61610e-06   2.35559e+00
   7  w_CBO        2.32599e+00   1.53045e-03   2.09111e-05  -3.20314e-01
   8  phi_CBO      5.11484e+00   3.79447e-01   7.95537e-04   8.25590e-03
   9  ANx2         3.16301e-04     fixed    
  10  pNx2         9.44530e+00   1.12131e+00   1.02346e-02   3.66777e-04
  11  ANy1         0.00000e+00   constant   
  12  pNy1         0.00000e+00   constant   
  13  w_y          0.00000e+00   constant   
  14  ANy2         4.00000e-03     fixed    
  15  pNy2         1.44040e+00     fixed    
  16  w_vw         1.44513e+01     fixed    
  17  LM          -2.49463e-04   constant   
 EXTERNAL ERROR MATRIX.    NDIM=  25    NPAR=  4    ERR DEF=1
  4.362e-08  4.002e-09  1.003e-06  2.928e-06 
  4.002e-09  2.342e-06  5.725e-04  1.176e-03 
  1.003e-06  5.725e-04  1.440e-01  2.878e-01 
  2.928e-06  1.176e-03  2.878e-01  1.257e+00 
 PARAMETER  CORRELATION COEFFICIENTS  
       NO.  GLOBAL      6      7      8     10
        6  0.01376   1.000  0.013  0.013  0.013
        7  0.98621   0.013  1.000  0.986  0.685
        8  0.98590   0.013  0.986  1.000  0.676
       10  0.68527   0.013  0.685  0.676  1.000
MINUIT - FIT ONLY 1-CBO
 **********
 **   29 **RES 
 **********
                   PARAMETER   16  w_vw RESTORED TO VARIABLE.
                   PARAMETER   15  pNy2 RESTORED TO VARIABLE.
                   PARAMETER   14  ANy2 RESTORED TO VARIABLE.
                   PARAMETER    9  ANx2 RESTORED TO VARIABLE.
                   PARAMETER    4  phi RESTORED TO VARIABLE.
                   PARAMETER    3  A0 RESTORED TO VARIABLE.
                   PARAMETER    1  N0 RESTORED TO VARIABLE.
 **********
 **   30 **FIX            0
 **********
 PARAMETER    0  IS UNDEFINED. IGNORED.
 **********
 **   31 **FIX            1
 **********
 **********
 **   32 **FIX            2
 **********
 PARAMETER    2  IS CONSTANT.   IGNORED.
 **********
 **   33 **FIX            3
 **********
 **********
 **   34 **FIX            4
 **********
 **********
 **   35 **FIX            8
 **********
 **********
 **   36 **FIX            9
 **********
 **********
 **   37 **FIX           11
 **********
 PARAMETER   11  IS CONSTANT.   IGNORED.
 **********
 **   38 **FIX           12
 **********
 PARAMETER   12  IS CONSTANT.   IGNORED.
 **********
 **   39 **FIX           13
 **********
 PARAMETER   13  IS CONSTANT.   IGNORED.
 **********
 **   40 **FIX           15
 **********
 **********
 **   41 **FIX           16
 **********
 **********
 **   42 **MIGRAD
 **********
 START MIGRAD MINIMIZATION.  STRATEGY  1.  CONVERGENCE WHEN EDM .LT. 1.00e-04
 FCN=657.212 FROM MIGRAD    STATUS=INITIATE       10 CALLS         206 TOTAL
                     EDM= unknown      STRATEGY= 1      NO ERROR MATRIX       
  EXT PARAMETER               CURRENT GUESS       STEP         FIRST   
  NO.   NAME      VALUE            ERROR          SIZE      DERIVATIVE 
   1  N0           3.43599e+06     fixed    
   2  tau          6.43981e+01   constant   
   3  A0           3.53726e-01     fixed    
   4  phi          4.11788e+00     fixed    
   5  R           -5.99112e+01   constant   
   6  A_CBO        3.28362e-03   2.08854e-04   2.61610e-06   2.35559e+00
   7  w_CBO        2.32599e+00   1.53045e-03   2.09111e-05  -3.21527e-01
   8  phi_CBO      5.11484e+00     fixed    
   9  ANx2         3.16301e-04     fixed    
  10  pNx2         9.44530e+00   1.12131e+00   1.02346e-02   3.66525e-04
  11  ANy1         0.00000e+00   constant   
  12  pNy1         0.00000e+00   constant   
  13  w_y          0.00000e+00   constant   
  14  ANy2         4.00000e-03   1.00000e-04   1.00000e-04   1.78200e+05
  15  pNy2         1.44040e+00     fixed    
  16  w_vw         1.44513e+01     fixed    
  17  LM          -2.49463e-04   constant   
 MIGRAD MINIMIZATION HAS CONVERGED.
 MIGRAD WILL VERIFY CONVERGENCE AND ERROR MATRIX.
 COVARIANCE MATRIX CALCULATED SUCCESSFULLY
 FCN=311.735 FROM MIGRAD    STATUS=CONVERGED      51 CALLS         247 TOTAL
                     EDM=2.23384e-06    STRATEGY= 1      ERROR MATRIX ACCURATE 
  EXT PARAMETER                                   STEP         FIRST   
  NO.   NAME      VALUE            ERROR          SIZE      DERIVATIVE 
   1  N0           3.43599e+06     fixed    
   2  tau          6.43981e+01   constant   
   3  A0           3.53726e-01     fixed    
   4  phi          4.11788e+00     fixed    
   5  R           -5.99112e+01   constant   
   6  A_CBO        3.28166e-03   2.08837e-04   1.80327e-06  -7.54455e-02
   7  w_CBO        2.32599e+00   2.56294e-04   1.44100e-05  -2.55533e-01
   8  phi_CBO      5.11484e+00     fixed    
   9  ANx2         3.16301e-04     fixed    
  10  pNx2         9.44630e+00   8.19070e-01   6.99165e-03  -2.44820e-03
  11  ANy1         0.00000e+00   constant   
  12  pNy1         0.00000e+00   constant   
  13  w_y          0.00000e+00   constant   
  14  ANy2         1.22589e-04   2.08609e-04   1.80132e-06  -1.21446e-03
  15  pNy2         1.44040e+00     fixed    
  16  w_vw         1.44513e+01     fixed    
  17  LM          -2.49463e-04   constant   
 EXTERNAL ERROR MATRIX.    NDIM=  25    NPAR=  4    ERR DEF=1
  4.361e-08  2.066e-11  9.119e-07  2.067e-11 
  2.066e-11  6.569e-08  3.152e-05 -2.121e-11 
  9.119e-07  3.152e-05  6.709e-01 -2.356e-08 
  2.067e-11 -2.121e-11 -2.356e-08  4.352e-08 
 PARAMETER  CORRELATION COEFFICIENTS  
       NO.  GLOBAL      6      7     10     14
        6  0.00537   1.000  0.000  0.005  0.000
        7  0.15017   0.000  1.000  0.150 -0.000
       10  0.15026   0.005  0.150  1.000 -0.000
       14  0.00062   0.000 -0.000 -0.000  1.000
MINUIT - FIT ONLY 2-CBO
 **********
 **   43 **RES 
 **********
                   PARAMETER   16  w_vw RESTORED TO VARIABLE.
                   PARAMETER   15  pNy2 RESTORED TO VARIABLE.
                   PARAMETER    9  ANx2 RESTORED TO VARIABLE.
                   PARAMETER    8  phi_CBO RESTORED TO VARIABLE.
                   PARAMETER    4  phi RESTORED TO VARIABLE.
                   PARAMETER    3  A0 RESTORED TO VARIABLE.
                   PARAMETER    1  N0 RESTORED TO VARIABLE.
 **********
 **   44 **FIX            0
 **********
 PARAMETER    0  IS UNDEFINED. IGNORED.
 **********
 **   45 **FIX            1
 **********
 **********
 **   46 **FIX            2
 **********
 PARAMETER    2  IS CONSTANT.   IGNORED.
 **********
 **   47 **FIX            3
 **********
 **********
 **   48 **FIX            4
 **********
 **********
 **   49 **FIX            5
 **********
 PARAMETER    5  IS CONSTANT.   IGNORED.
 **********
 **   50 **FIX            6
 **********
 **********
 **   51 **FIX            7
 **********
 **********
 **   52 **FIX           10
 **********
 **********
 **   53 **FIX           11
 **********
 PARAMETER   11  IS CONSTANT.   IGNORED.
 **********
 **   54 **FIX           12
 **********
 PARAMETER   12  IS CONSTANT.   IGNORED.
 **********
 **   55 **FIX           13
 **********
 PARAMETER   13  IS CONSTANT.   IGNORED.
 **********
 **   56 **FIX           14
 **********
 **********
 **   57 **FIX           15
 **********
 **********
 **   58 **FIX           16
 **********
 **********
 **   59 **MIGRAD
 **********
 START MIGRAD MINIMIZATION.  STRATEGY  1.  CONVERGENCE WHEN EDM .LT. 1.00e-04
 FCN=311.735 FROM MIGRAD    STATUS=INITIATE        6 CALLS         253 TOTAL
                     EDM= unknown      STRATEGY= 1      NO ERROR MATRIX       
  EXT PARAMETER               CURRENT GUESS       STEP         FIRST   
  NO.   NAME      VALUE            ERROR          SIZE      DERIVATIVE 
   1  N0           3.43599e+06     fixed    
   2  tau          6.43981e+01   constant   
   3  A0           3.53726e-01     fixed    
   4  phi          4.11788e+00     fixed    
   5  R           -5.99112e+01   constant   
   6  A_CBO        3.28166e-03     fixed    
   7  w_CBO        2.32599e+00     fixed    
   8  phi_CBO      5.11484e+00   3.79447e-01   3.79447e-01   1.39583e-01
   9  ANx2         3.16301e-04   1.00000e-06   1.00000e-06   4.89167e+03
  10  pNx2         9.44630e+00     fixed    
  11  ANy1         0.00000e+00   constant   
  12  pNy1         0.00000e+00   constant   
  13  w_y          0.00000e+00   constant   
  14  ANy2         1.22589e-04     fixed    
  15  pNy2         1.44040e+00     fixed    
  16  w_vw         1.44513e+01     fixed    
  17  LM          -2.49463e-04   constant   
 MIGRAD MINIMIZATION HAS CONVERGED.
 MIGRAD WILL VERIFY CONVERGENCE AND ERROR MATRIX.
 COVARIANCE MATRIX CALCULATED SUCCESSFULLY
 FCN=311.474 FROM MIGRAD    STATUS=CONVERGED      30 CALLS         277 TOTAL
                     EDM=2.00435e-13    STRATEGY= 1      ERROR MATRIX ACCURATE 
  EXT PARAMETER                                   STEP         FIRST   
  NO.   NAME      VALUE            ERROR          SIZE      DERIVATIVE 
   1  N0           3.43599e+06     fixed    
   2  tau          6.43981e+01   constant   
   3  A0           3.53726e-01     fixed    
   4  phi          4.11788e+00     fixed    
   5  R           -5.99112e+01   constant   
   6  A_CBO        3.28166e-03     fixed    
   7  w_CBO        2.32599e+00     fixed    
   8  phi_CBO      5.11468e+00   6.35427e-02   5.48453e-04  -9.96373e-06
   9  ANx2         2.09745e-04   2.08729e-04   1.80159e-06   1.52237e-05
  10  pNx2         9.44630e+00     fixed    
  11  ANy1         0.00000e+00   constant   
  12  pNy1         0.00000e+00   constant   
  13  w_y          0.00000e+00   constant   
  14  ANy2         1.22589e-04     fixed    
  15  pNy2         1.44040e+00     fixed    
  16  w_vw         1.44513e+01     fixed    
  17  LM          -2.49463e-04   constant   
 EXTERNAL ERROR MATRIX.    NDIM=  25    NPAR=  2    ERR DEF=1
  4.038e-03 -5.047e-08 
 -5.047e-08  4.357e-08 
 PARAMETER  CORRELATION COEFFICIENTS  
       NO.  GLOBAL      8      9
        8  0.00381   1.000 -0.004
        9  0.00381  -0.004  1.000
MINUIT - FIT ONLY 1-y
 **********
 **   60 **RES 
 **********
                   PARAMETER   16  w_vw RESTORED TO VARIABLE.
                   PARAMETER   15  pNy2 RESTORED TO VARIABLE.
                   PARAMETER   14  ANy2 RESTORED TO VARIABLE.
                   PARAMETER   10  pNx2 RESTORED TO VARIABLE.
                   PARAMETER    7  w_CBO RESTORED TO VARIABLE.
                   PARAMETER    6  A_CBO RESTORED TO VARIABLE.
                   PARAMETER    4  phi RESTORED TO VARIABLE.
                   PARAMETER    3  A0 RESTORED TO VARIABLE.
                   PARAMETER    1  N0 RESTORED TO VARIABLE.
 **********
 **   61 **FIX            0
 **********
 PARAMETER    0  IS UNDEFINED. IGNORED.
 **********
 **   62 **FIX            1
 **********
 **********
 **   63 **FIX            2
 **********
 PARAMETER    2  IS CONSTANT.   IGNORED.
 **********
 **   64 **FIX            3
 **********
 **********
 **   65 **FIX            4
 **********
 **********
 **   66 **FIX            5
 **********
 PARAMETER    5  IS CONSTANT.   IGNORED.
 **********
 **   67 **FIX            6
 **********
 **********
 **   68 **FIX            7
 **********
 **********
 **   69 **FIX            8
 **********
 **********
 **   70 **FIX            9
 **********
 **********
 **   71 **FIX           13
 **********
 PARAMETER   13  IS CONSTANT.   IGNORED.
 **********
 **   72 **FIX           14
 **********
 **********
 **   73 **FIX           15
 **********
 **********
 **   74 **FIX           16
 **********
 **********
 **   75 **MIGRAD
 **********
 START MIGRAD MINIMIZATION.  STRATEGY  1.  CONVERGENCE WHEN EDM .LT. 1.00e-04
 FCN=311.474 FROM MIGRAD    STATUS=INITIATE        2 CALLS         279 TOTAL
                     EDM= unknown      STRATEGY= 1      NO ERROR MATRIX       
  EXT PARAMETER               CURRENT GUESS       STEP         FIRST   
  NO.   NAME      VALUE            ERROR          SIZE      DERIVATIVE 
   1  N0           3.43599e+06     fixed    
   2  tau          6.43981e+01   constant   
   3  A0           3.53726e-01     fixed    
   4  phi          4.11788e+00     fixed    
   5  R           -5.99112e+01   constant   
   6  A_CBO        3.28166e-03     fixed    
   7  w_CBO        2.32599e+00     fixed    
   8  phi_CBO      5.11468e+00     fixed    
   9  ANx2         2.09745e-04     fixed    
  10  pNx2         9.44630e+00   8.19070e-01   8.19070e-01  -2.68501e-03
  11  ANy1         0.00000e+00   constant   
  12  pNy1         0.00000e+00   constant   
  13  w_y          0.00000e+00   constant   
  14  ANy2         1.22589e-04     fixed    
  15  pNy2         1.44040e+00     fixed    
  16  w_vw         1.44513e+01     fixed    
  17  LM          -2.49463e-04   constant   
 MIGRAD MINIMIZATION HAS CONVERGED.
 MIGRAD WILL VERIFY CONVERGENCE AND ERROR MATRIX.
 COVARIANCE MATRIX CALCULATED SUCCESSFULLY
 FCN=311.474 FROM MIGRAD    STATUS=CONVERGED      12 CALLS         289 TOTAL
                     EDM=6.83111e-16    STRATEGY= 1      ERROR MATRIX ACCURATE 
  EXT PARAMETER                                   STEP         FIRST   
  NO.   NAME      VALUE            ERROR          SIZE      DERIVATIVE 
   1  N0           3.43599e+06     fixed    
   2  tau          6.43981e+01   constant   
   3  A0           3.53726e-01     fixed    
   4  phi          4.11788e+00     fixed    
   5  R           -5.99112e+01   constant   
   6  A_CBO        3.28166e-03     fixed    
   7  w_CBO        2.32599e+00     fixed    
   8  phi_CBO      5.11468e+00     fixed    
   9  ANx2         2.09745e-04     fixed    
  10  pNx2         9.44763e+00   9.94661e-01   8.58521e-03   3.71608e-08
  11  ANy1         0.00000e+00   constant   
  12  pNy1         0.00000e+00   constant   
  13  w_y          0.00000e+00   constant   
  14  ANy2         1.22589e-04     fixed    
  15  pNy2         1.44040e+00     fixed    
  16  w_vw         1.44513e+01     fixed    
  17  LM          -2.49463e-04   constant   
 EXTERNAL ERROR MATRIX.    NDIM=  25    NPAR=  1    ERR DEF=1
  9.894e-01 
MINUIT - FIT ONLY 2-y
 **********
 **   76 **RES 
 **********
                   PARAMETER   16  w_vw RESTORED TO VARIABLE.
                   PARAMETER   15  pNy2 RESTORED TO VARIABLE.
                   PARAMETER   14  ANy2 RESTORED TO VARIABLE.
                   PARAMETER    9  ANx2 RESTORED TO VARIABLE.
                   PARAMETER    8  phi_CBO RESTORED TO VARIABLE.
                   PARAMETER    7  w_CBO RESTORED TO VARIABLE.
                   PARAMETER    6  A_CBO RESTORED TO VARIABLE.
                   PARAMETER    4  phi RESTORED TO VARIABLE.
                   PARAMETER    3  A0 RESTORED TO VARIABLE.
                   PARAMETER    1  N0 RESTORED TO VARIABLE.
 **********
 **   77 **FIX            0
 **********
 PARAMETER    0  IS UNDEFINED. IGNORED.
 **********
 **   78 **FIX            1
 **********
 **********
 **   79 **FIX            2
 **********
 PARAMETER    2  IS CONSTANT.   IGNORED.
 **********
 **   80 **FIX            3
 **********
 **********
 **   81 **FIX            4
 **********
 **********
 **   82 **FIX            5
 **********
 PARAMETER    5  IS CONSTANT.   IGNORED.
 **********
 **   83 **FIX            6
 **********
 **********
 **   84 **FIX            7
 **********
 **********
 **   85 **FIX            8
 **********
 **********
 **   86 **FIX            9
 **********
 **********
 **   87 **FIX           10
 **********
 **********
 **   88 **FIX           11
 **********
 PARAMETER   11  IS CONSTANT.   IGNORED.
 **********
 **   89 **FIX           12
 **********
 PARAMETER   12  IS CONSTANT.   IGNORED.
 **********
 **   90 **FIX           16
 **********
 **********
 **   91 **MIGRAD
 **********
 START MIGRAD MINIMIZATION.  STRATEGY  1.  CONVERGENCE WHEN EDM .LT. 1.00e-04
 FCN=311.474 FROM MIGRAD    STATUS=INITIATE        6 CALLS         295 TOTAL
                     EDM= unknown      STRATEGY= 1      NO ERROR MATRIX       
  EXT PARAMETER               CURRENT GUESS       STEP         FIRST   
  NO.   NAME      VALUE            ERROR          SIZE      DERIVATIVE 
   1  N0           3.43599e+06     fixed    
   2  tau          6.43981e+01   constant   
   3  A0           3.53726e-01     fixed    
   4  phi          4.11788e+00     fixed    
   5  R           -5.99112e+01   constant   
   6  A_CBO        3.28166e-03     fixed    
   7  w_CBO        2.32599e+00     fixed    
   8  phi_CBO      5.11468e+00     fixed    
   9  ANx2         2.09745e-04     fixed    
  10  pNx2         9.44763e+00     fixed    
  11  ANy1         0.00000e+00   constant   
  12  pNy1         0.00000e+00   constant   
  13  w_y          0.00000e+00   constant   
  14  ANy2         1.22589e-04   2.08609e-04   2.08609e-04  -4.47981e+00
  15  pNy2         1.44040e+00   1.00000e-07   1.00000e-07   2.84432e-01
  16  w_vw         1.44513e+01     fixed    
  17  LM          -2.49463e-04   constant   
 MIGRAD MINIMIZATION HAS CONVERGED.
 MIGRAD WILL VERIFY CONVERGENCE AND ERROR MATRIX.
 COVARIANCE MATRIX CALCULATED SUCCESSFULLY
 FCN=311.416 FROM MIGRAD    STATUS=CONVERGED      37 CALLS         326 TOTAL
                     EDM=2.24213e-08    STRATEGY= 1      ERROR MATRIX ACCURATE 
  EXT PARAMETER                                   STEP         FIRST   
  NO.   NAME      VALUE            ERROR          SIZE      DERIVATIVE 
   1  N0           3.43599e+06     fixed    
   2  tau          6.43981e+01   constant   
   3  A0           3.53726e-01     fixed    
   4  phi          4.11788e+00     fixed    
   5  R           -5.99112e+01   constant   
   6  A_CBO        3.28166e-03     fixed    
   7  w_CBO        2.32599e+00     fixed    
   8  phi_CBO      5.11468e+00     fixed    
   9  ANx2         2.09745e-04     fixed    
  10  pNx2         9.44763e+00     fixed    
  11  ANy1         0.00000e+00   constant   
  12  pNy1         0.00000e+00   constant   
  13  w_y          0.00000e+00   constant   
  14  ANy2         1.32746e-04   2.08683e-04   1.80101e-06   1.01414e+00
  15  pNy2         1.04965e+00   1.57222e+00   1.35635e-02   5.82660e-06
  16  w_vw         1.44513e+01     fixed    
  17  LM          -2.49463e-04   constant   
 EXTERNAL ERROR MATRIX.    NDIM=  25    NPAR=  2    ERR DEF=1
  4.355e-08 -2.538e-06 
 -2.538e-06  2.472e+00 
 PARAMETER  CORRELATION COEFFICIENTS  
       NO.  GLOBAL     14     15
       14  0.00774   1.000 -0.008
       15  0.00774  -0.008  1.000
MINUIT - FIT ALTOGETHER
 **********
 **   92 **RES 
 **********
                   PARAMETER   16  w_vw RESTORED TO VARIABLE.
                   PARAMETER   10  pNx2 RESTORED TO VARIABLE.
                   PARAMETER    9  ANx2 RESTORED TO VARIABLE.
                   PARAMETER    8  phi_CBO RESTORED TO VARIABLE.
                   PARAMETER    7  w_CBO RESTORED TO VARIABLE.
                   PARAMETER    6  A_CBO RESTORED TO VARIABLE.
                   PARAMETER    4  phi RESTORED TO VARIABLE.
                   PARAMETER    3  A0 RESTORED TO VARIABLE.
                   PARAMETER    1  N0 RESTORED TO VARIABLE.
 **********
 **   93 **MIGRAD
 **********
 START MIGRAD MINIMIZATION.  STRATEGY  1.  CONVERGENCE WHEN EDM .LT. 1.00e-04
 FCN=311.416 FROM MIGRAD    STATUS=INITIATE       24 CALLS         350 TOTAL
                     EDM= unknown      STRATEGY= 1      NO ERROR MATRIX       
  EXT PARAMETER               CURRENT GUESS       STEP         FIRST   
  NO.   NAME      VALUE            ERROR          SIZE      DERIVATIVE 
   1  N0           3.43599e+06   5.07134e+02   5.07134e+02  -2.22457e-04
   2  tau          6.43981e+01   constant   
   3  A0           3.53726e-01   1.97559e-04   1.97559e-04   9.23697e+02
   4  phi          4.11788e+00   5.78813e-04   5.78813e-04  -1.12613e+02
   5  R           -5.99112e+01   constant   
   6  A_CBO        3.28166e-03   2.08837e-04   2.08837e-04   1.16687e+01
   7  w_CBO        2.32599e+00   2.56294e-04   2.56294e-04  -1.24749e+01
   8  phi_CBO      5.11468e+00   6.35427e-02   6.35427e-02   1.28231e-02
   9  ANx2         2.09745e-04   2.08729e-04   2.08729e-04  -4.16528e+00
  10  pNx2         9.44763e+00   9.94661e-01   9.94661e-01  -1.56262e-04
  11  ANy1         0.00000e+00   constant   
  12  pNy1         0.00000e+00   constant   
  13  w_y          0.00000e+00   constant   
  14  ANy2         1.32746e-04   2.08683e-04   1.80101e-06   1.01414e+00
  15  pNy2         1.04965e+00   1.57222e+00   1.35635e-02   5.75960e-06
  16  w_vw         1.44513e+01   1.00000e-02   1.00000e-02  -6.91368e+00
  17  LM          -2.49463e-04   constant   
 MIGRAD MINIMIZATION HAS CONVERGED.
 MIGRAD WILL VERIFY CONVERGENCE AND ERROR MATRIX.
 COVARIANCE MATRIX CALCULATED SUCCESSFULLY
 FCN=311.397 FROM HESSE     STATUS=OK            100 CALLS         547 TOTAL
                     EDM=0.000123977    STRATEGY= 1      ERROR MATRIX ACCURATE 
  EXT PARAMETER                                   STEP         FIRST   
  NO.   NAME      VALUE            ERROR          SIZE      DERIVATIVE 
   1  N0           3.43601e+06   5.07151e+02   4.35894e+00  -6.29964e-08
   2  tau          6.43981e+01   constant   
   3  A0           3.53708e-01   1.97616e-04   1.70472e-06  -1.25298e-01
   4  phi          4.11790e+00   5.79002e-04   4.99475e-06  -2.34977e+00
   5  R           -5.99112e+01   constant   
   6  A_CBO        3.28208e-03   2.08891e-04   1.80228e-06   5.09704e+00
   7  w_CBO        2.32610e+00   1.56537e-03   1.44814e-05   2.80642e-01
   8  phi_CBO      5.14007e+00   3.87904e-01   5.47986e-04   1.75850e-02
   9  ANx2         2.07429e-04   2.11900e-04   1.80132e-06   6.70186e-01
  10  pNx2         9.50165e+00   1.27405e+00   8.61579e-03   2.29521e-03
  11  ANy1         0.00000e+00   constant   
  12  pNy1         0.00000e+00   constant   
  13  w_y          0.00000e+00   constant   
  14  ANy2         1.33224e-04   2.09359e-04   1.80084e-06   7.29180e+00
  15  pNy2         1.46894e+00   1.10406e+01   1.35488e-02   5.79656e-04
  16  w_vw         1.44527e+01   3.70903e-02   1.57064e-05  -1.95124e+00
  17  LM          -2.49463e-04   constant   
 MIGRAD MINIMIZATION HAS CONVERGED.
 FCN=311.397 FROM MIGRAD    STATUS=CONVERGED     244 CALLS         570 TOTAL
                     EDM=7.19382e-07    STRATEGY= 1  ERROR MATRIX UNCERTAINTY   0.0 per cent
  EXT PARAMETER                                   STEP         FIRST   
  NO.   NAME      VALUE            ERROR          SIZE      DERIVATIVE 
   1  N0           3.43601e+06   5.07151e+02   3.24987e-02  -1.16551e-10
   2  tau          6.43981e+01   constant   
   3  A0           3.53708e-01   1.97616e-04  -1.42130e-08  -3.73744e-03
   4  phi          4.11790e+00   5.79042e-04   4.53193e-07  -7.41403e-04
   5  R           -5.99112e+01   constant   
   6  A_CBO        3.28196e-03   2.08917e-04  -1.21406e-07   1.92280e-01
   7  w_CBO        2.32609e+00   1.57173e-03  -5.88059e-05  -8.14613e-03
   8  phi_CBO      5.13787e+00   3.89336e-01  -2.20428e-03   3.09541e-04
   9  ANx2         2.07613e-04   2.11881e-04   1.84247e-07   2.60817e-01
  10  pNx2         9.49604e+00   1.27652e+00  -5.60966e-03  -1.40308e-05
  11  ANy1         0.00000e+00   constant   
  12  pNy1         0.00000e+00   constant   
  13  w_y          0.00000e+00   constant   
  14  ANy2         1.32904e-04   2.06786e-04  -3.20294e-07  -7.81970e+00
  15  pNy2         1.57075e+00   1.09551e+01   1.01807e-01   5.96941e-05
  16  w_vw         1.44531e+01   3.68188e-02   1.20400e-04  -2.65694e-02
  17  LM          -2.49463e-04   constant   
 EXTERNAL ERROR MATRIX.    NDIM=  25    NPAR= 11    ERR DEF=1
  2.572e+05 
  1.449e-03  3.905e-08 
  4.975e-03 -9.464e-10  3.353e-07 
  5.110e-04 -7.745e-10 -1.069e-09  4.365e-08 
 -2.838e-03  1.996e-09 -1.767e-08  3.177e-09  2.470e-06 
 -6.746e-01  6.226e-07 -4.680e-06  8.034e-07  6.037e-04  1.516e-01 
 -2.258e-05 -1.204e-11  6.732e-10  1.527e-11 -5.717e-08 -1.402e-05  4.489e-08 
  4.682e-01 -4.971e-07 -9.415e-06  2.594e-06  1.235e-03  3.022e-01 -2.991e-05  1.630e+00 
  4.943e-05 -2.232e-11  6.176e-10 -1.352e-10 -1.115e-08 -2.768e-06  2.504e-10 -7.074e-06  4.276e-08 
  1.540e+01 -1.348e-05 -8.506e-06 -6.867e-07  7.737e-05  2.133e-02 -1.921e-05  3.268e-02 -5.139e-05  1.200e+02 
  4.838e-02 -4.320e-08 -2.679e-08 -3.926e-09  2.189e-07  6.103e-05 -6.216e-08  8.750e-05 -1.631e-07  3.992e-01  1.356e-03 
 PARAMETER  CORRELATION COEFFICIENTS  
       NO.  GLOBAL      1      3      4      6      7      8      9     10     14     15     16
        1  0.02375   1.000  0.014  0.017  0.005 -0.004 -0.003 -0.000  0.001  0.000  0.003  0.003
        3  0.02994   0.014  1.000 -0.008 -0.019  0.006  0.008 -0.000 -0.002 -0.001 -0.006 -0.006
        4  0.03055   0.017 -0.008  1.000 -0.009 -0.019 -0.021  0.005 -0.013  0.005 -0.001 -0.001
        6  0.02436   0.005 -0.019 -0.009  1.000  0.010  0.010  0.000  0.010 -0.003 -0.000 -0.001
        7  0.98680  -0.004  0.006 -0.019  0.010  1.000  0.987 -0.172  0.616 -0.034  0.004  0.004
        8  0.98659  -0.003  0.008 -0.021  0.010  0.987  1.000 -0.170  0.608 -0.034  0.005  0.004
        9  0.17200  -0.000 -0.000  0.005  0.000 -0.172 -0.170  1.000 -0.111  0.006 -0.008 -0.008
       10  0.61572   0.001 -0.002 -0.013  0.010  0.616  0.608 -0.111  1.000 -0.027  0.002  0.002
       14  0.04271   0.000 -0.001  0.005 -0.003 -0.034 -0.034  0.006 -0.027  1.000 -0.023 -0.021
       15  0.98971   0.003 -0.006 -0.001 -0.000  0.004  0.005 -0.008  0.002 -0.023  1.000  0.990
       16  0.98971   0.003 -0.006 -0.001 -0.001  0.004  0.004 -0.008  0.002 -0.021  0.990  1.000
MINUIT - REFIT 5-PARAM
 **********
 **   94 **FIX            5
 **********
 PARAMETER    5  IS CONSTANT.   IGNORED.
 **********
 **   95 **FIX            6
 **********
 **********
 **   96 **FIX            7
 **********
 **********
 **   97 **FIX            8
 **********
 **********
 **   98 **FIX            9
 **********
 **********
 **   99 **FIX           10
 **********
 **********
 **  100 **FIX           11
 **********
 PARAMETER   11  IS CONSTANT.   IGNORED.
 **********
 **  101 **FIX           12
 **********
 PARAMETER   12  IS CONSTANT.   IGNORED.
 **********
 **  102 **FIX           13
 **********
 PARAMETER   13  IS CONSTANT.   IGNORED.
 **********
 **  103 **FIX           14
 **********
 **********
 **  104 **FIX           15
 **********
 **********
 **  105 **FIX           16
 **********
 **********
 **  106 **MIGRAD
 **********
 START MIGRAD MINIMIZATION.  STRATEGY  1.  CONVERGENCE WHEN EDM .LT. 1.00e-04
 FCN=311.397 FROM MIGRAD    STATUS=INITIATE        6 CALLS         576 TOTAL
                     EDM=4.56071e-13    STRATEGY= 1  ERROR MATRIX UNCERTAINTY  50.0 per cent
  EXT PARAMETER                APPROXIMATE        STEP         FIRST   
  NO.   NAME      VALUE            ERROR          SIZE      DERIVATIVE 
   1  N0           3.43601e+06   5.07136e+02   3.24987e-02  -1.16577e-10
   2  tau          6.43981e+01   constant   
   3  A0           3.53708e-01   1.97556e-04  -1.42130e-08  -3.73744e-03
   4  phi          4.11790e+00   5.78875e-04   4.53193e-07  -7.41266e-04
   5  R           -5.99112e+01   constant   
   6  A_CBO        3.28196e-03     fixed    
   7  w_CBO        2.32609e+00     fixed    
   8  phi_CBO      5.13787e+00     fixed    
   9  ANx2         2.07613e-04     fixed    
  10  pNx2         9.49604e+00     fixed    
  11  ANy1         0.00000e+00   constant   
  12  pNy1         0.00000e+00   constant   
  13  w_y          0.00000e+00   constant   
  14  ANy2         1.32904e-04     fixed    
  15  pNy2         1.57075e+00     fixed    
  16  w_vw         1.44531e+01     fixed    
  17  LM          -2.49463e-04   constant   
 MIGRAD MINIMIZATION HAS CONVERGED.
 MIGRAD WILL VERIFY CONVERGENCE AND ERROR MATRIX.
 COVARIANCE MATRIX CALCULATED SUCCESSFULLY
 FCN=311.397 FROM MIGRAD    STATUS=CONVERGED      33 CALLS         603 TOTAL
                     EDM=1.51564e-18    STRATEGY= 1      ERROR MATRIX ACCURATE 
  EXT PARAMETER                                   STEP         FIRST   
  NO.   NAME      VALUE            ERROR          SIZE      DERIVATIVE 
   1  N0           3.43601e+06   5.07136e+02   4.35894e+00   3.58618e-13
   2  tau          6.43981e+01   constant   
   3  A0           3.53708e-01   1.97556e-04   1.70471e-06   1.75060e-06
   4  phi          4.11790e+00   5.78853e-04   4.99475e-06  -2.93051e-06
   5  R           -5.99112e+01   constant   
   6  A_CBO        3.28196e-03     fixed    
   7  w_CBO        2.32609e+00     fixed    
   8  phi_CBO      5.13787e+00     fixed    
   9  ANx2         2.07613e-04     fixed    
  10  pNx2         9.49604e+00     fixed    
  11  ANy1         0.00000e+00   constant   
  12  pNy1         0.00000e+00   constant   
  13  w_y          0.00000e+00   constant   
  14  ANy2         1.32904e-04     fixed    
  15  pNy2         1.57075e+00     fixed    
  16  w_vw         1.44531e+01     fixed    
  17  LM          -2.49463e-04   constant   
 EXTERNAL ERROR MATRIX.    NDIM=  25    NPAR=  3    ERR DEF=1
  2.572e+05  1.464e-03  4.970e-03 
  1.464e-03  3.903e-08 -9.406e-10 
  4.970e-03 -9.406e-10  3.351e-07 
 PARAMETER  CORRELATION COEFFICIENTS  
       NO.  GLOBAL      1      3      4
        1  0.02246   1.000  0.015  0.017
        3  0.01689   0.015  1.000 -0.008
        4  0.01893   0.017 -0.008  1.000
MINUIT - 2CBO + Y
 **********
 **  107 **RES 
 **********
                   PARAMETER   16  w_vw RESTORED TO VARIABLE.
                   PARAMETER   15  pNy2 RESTORED TO VARIABLE.
                   PARAMETER   14  ANy2 RESTORED TO VARIABLE.
                   PARAMETER   10  pNx2 RESTORED TO VARIABLE.
                   PARAMETER    9  ANx2 RESTORED TO VARIABLE.
                   PARAMETER    8  phi_CBO RESTORED TO VARIABLE.
                   PARAMETER    7  w_CBO RESTORED TO VARIABLE.
                   PARAMETER    6  A_CBO RESTORED TO VARIABLE.
 **********
 **  108 **FIX            0
 **********
 PARAMETER    0  IS UNDEFINED. IGNORED.
 **********
 **  109 **FIX            1
 **********
 **********
 **  110 **FIX            2
 **********
 PARAMETER    2  IS CONSTANT.   IGNORED.
 **********
 **  111 **FIX            3
 **********
 **********
 **  112 **FIX            4
 **********
 **********
 **  113 **FIX            5
 **********
 PARAMETER    5  IS CONSTANT.   IGNORED.
 **********
 **  114 **FIX            6
 **********
 **********
 **  115 **FIX            7
 **********
 **********
 **  116 **FIX           16
 **********
 **********
 **  117 **MIGRAD
 **********
 START MIGRAD MINIMIZATION.  STRATEGY  1.  CONVERGENCE WHEN EDM .LT. 1.00e-04
 FCN=311.397 FROM MIGRAD    STATUS=INITIATE       10 CALLS         613 TOTAL
                     EDM= unknown      STRATEGY= 1      NO ERROR MATRIX       
  EXT PARAMETER               CURRENT GUESS       STEP         FIRST   
  NO.   NAME      VALUE            ERROR          SIZE      DERIVATIVE 
   1  N0           3.43601e+06     fixed    
   2  tau          6.43981e+01   constant   
   3  A0           3.53708e-01     fixed    
   4  phi          4.11790e+00     fixed    
   5  R           -5.99112e+01   constant   
   6  A_CBO        3.28196e-03     fixed    
   7  w_CBO        2.32609e+00     fixed    
   8  phi_CBO      5.13787e+00   6.35454e-02   6.35454e-02   3.09482e-04
   9  ANx2         2.07613e-04   2.08734e-04   2.08734e-04   2.60810e-01
  10  pNx2         9.49604e+00   1.00592e+00   1.00592e+00  -1.40251e-05
  11  ANy1         0.00000e+00   constant   
  12  pNy1         0.00000e+00   constant   
  13  w_y          0.00000e+00   constant   
  14  ANy2         1.32904e-04   2.06657e-04   2.06657e-04  -7.81970e+00
  15  pNy2         1.57075e+00   1.09518e+01   1.09518e+01   5.96952e-05
  16  w_vw         1.44531e+01     fixed    
  17  LM          -2.49463e-04   constant   
 MIGRAD MINIMIZATION HAS CONVERGED.
 MIGRAD WILL VERIFY CONVERGENCE AND ERROR MATRIX.
 COVARIANCE MATRIX CALCULATED SUCCESSFULLY
 FCN=311.397 FROM MIGRAD    STATUS=CONVERGED      56 CALLS         659 TOTAL
                     EDM=1.32201e-12    STRATEGY= 1      ERROR MATRIX ACCURATE 
  EXT PARAMETER                                   STEP         FIRST   
  NO.   NAME      VALUE            ERROR          SIZE      DERIVATIVE 
   1  N0           3.43601e+06     fixed    
   2  tau          6.43981e+01   constant   
   3  A0           3.53708e-01     fixed    
   4  phi          4.11790e+00     fixed    
   5  R           -5.99112e+01   constant   
   6  A_CBO        3.28196e-03     fixed    
   7  w_CBO        2.32609e+00     fixed    
   8  phi_CBO      5.13787e+00   6.35350e-02   5.48311e-04  -7.69438e-06
   9  ANx2         2.07607e-04   2.08727e-04   1.80132e-06   3.31777e-03
  10  pNx2         9.49604e+00   1.00494e+00   8.67251e-03   1.10033e-07
  11  ANy1         0.00000e+00   constant   
  12  pNy1         0.00000e+00   constant   
  13  w_y          0.00000e+00   constant   
  14  ANy2         1.33074e-04   2.08642e-04   1.80058e-06  -5.17265e-04
  15  pNy2         1.57067e+00   1.56850e+00   1.35448e-02   8.79788e-07
  16  w_vw         1.44531e+01     fixed    
  17  LM          -2.49463e-04   constant   
 EXTERNAL ERROR MATRIX.    NDIM=  25    NPAR=  5    ERR DEF=1
  4.037e-03 -5.014e-08  3.272e-04  2.845e-09  1.766e-04 
 -5.014e-08  4.357e-08 -1.142e-06 -2.430e-11 -6.372e-07 
  3.272e-04 -1.142e-06  1.010e+00 -1.143e-09 -4.933e-04 
  2.845e-09 -2.430e-11 -1.143e-09  4.353e-08 -2.487e-06 
  1.766e-04 -6.372e-07 -4.933e-04 -2.487e-06  2.460e+00 
 PARAMETER  CORRELATION COEFFICIENTS  
       NO.  GLOBAL      8      9     10     14     15
        8  0.00660   1.000 -0.004  0.005  0.000  0.002
        9  0.00692  -0.004  1.000 -0.005 -0.001 -0.002
       10  0.00747   0.005 -0.005  1.000 -0.000 -0.000
       14  0.00763   0.000 -0.001 -0.000  1.000 -0.008
       15  0.00805   0.002 -0.002 -0.000 -0.008  1.000
MINUIT - MINOS
 **********
 **  118 **RES 
 **********
                   PARAMETER   16  w_vw RESTORED TO VARIABLE.
                   PARAMETER    7  w_CBO RESTORED TO VARIABLE.
                   PARAMETER    6  A_CBO RESTORED TO VARIABLE.
                   PARAMETER    4  phi RESTORED TO VARIABLE.
                   PARAMETER    3  A0 RESTORED TO VARIABLE.
                   PARAMETER    1  N0 RESTORED TO VARIABLE.
 **********
 **  119 **MIG      2.5e+04        0.01
 **********
 START MIGRAD MINIMIZATION.  STRATEGY  1.  CONVERGENCE WHEN EDM .LT. 1.00e-05
 FCN=311.397 FROM MIGRAD    STATUS=INITIATE       22 CALLS         681 TOTAL
                     EDM= unknown      STRATEGY= 1      NO ERROR MATRIX       
  EXT PARAMETER               CURRENT GUESS       STEP         FIRST   
  NO.   NAME      VALUE            ERROR          SIZE      DERIVATIVE 
   1  N0           3.43601e+06   5.07136e+02   5.07136e+02  -9.93841e-10
   2  tau          6.43981e+01   constant   
   3  A0           3.53708e-01   1.97556e-04   1.97556e-04   6.31021e-03
   4  phi          4.11790e+00   5.78853e-04   5.78853e-04  -7.35508e-04
   5  R           -5.99112e+01   constant   
   6  A_CBO        3.28196e-03   2.08917e-04   2.08917e-04   1.91900e-01
   7  w_CBO        2.32609e+00   1.57166e-03   1.57166e-03   1.49178e-03
   8  phi_CBO      5.13787e+00   6.35350e-02   5.48311e-04  -7.53644e-06
   9  ANx2         2.07607e-04   2.08727e-04   1.80132e-06   3.31550e-03
  10  pNx2         9.49604e+00   1.00494e+00   8.67251e-03   1.00242e-07
  11  ANy1         0.00000e+00   constant   
  12  pNy1         0.00000e+00   constant   
  13  w_y          0.00000e+00   constant   
  14  ANy2         1.33074e-04   2.08642e-04   1.80058e-06  -5.15182e-04
  15  pNy2         1.57067e+00   1.56850e+00   1.35448e-02   8.69081e-07
  16  w_vw         1.44531e+01   5.26960e-03   5.26960e-03   2.38141e-02
  17  LM          -2.49463e-04   constant   
 MIGRAD MINIMIZATION HAS CONVERGED.
 MIGRAD WILL VERIFY CONVERGENCE AND ERROR MATRIX.
 COVARIANCE MATRIX CALCULATED SUCCESSFULLY
 FCN=311.397 FROM MIGRAD    STATUS=CONVERGED     153 CALLS         812 TOTAL
                     EDM=5.05285e-08    STRATEGY= 1      ERROR MATRIX ACCURATE 
  EXT PARAMETER                                   STEP         FIRST   
  NO.   NAME      VALUE            ERROR          SIZE      DERIVATIVE 
   1  N0           3.43601e+06   5.07151e+02   4.35894e+00   4.14334e-10
   2  tau          6.43981e+01   constant   
   3  A0           3.53708e-01   1.97616e-04   1.70471e-06  -4.22571e-03
   4  phi          4.11790e+00   5.79002e-04   4.99475e-06  -5.83542e-04
   5  R           -5.99112e+01   constant   
   6  A_CBO        3.28195e-03   2.08892e-04   1.80229e-06  -1.10361e-02
   7  w_CBO        2.32609e+00   1.56527e-03   1.45376e-05   2.09190e-04
   8  phi_CBO      5.13787e+00   3.87880e-01   5.48311e-04   4.20568e-05
   9  ANx2         2.07607e-04   2.11895e-04   1.80132e-06   1.64488e-04
  10  pNx2         9.49604e+00   1.27315e+00   8.67261e-03   5.08209e-07
  11  ANy1         0.00000e+00   constant   
  12  pNy1         0.00000e+00   constant   
  13  w_y          0.00000e+00   constant   
  14  ANy2         1.33074e-04   2.09606e-04   1.80058e-06   1.51612e-04
  15  pNy2         1.57067e+00   1.09207e+01   1.35360e-02   2.89352e-05
  16  w_vw         1.44531e+01   3.67242e-02   1.57499e-05   9.70403e-05
  17  LM          -2.49463e-04   constant   
 EXTERNAL ERROR MATRIX.    NDIM=  25    NPAR= 11    ERR DEF=1
  2.572e+05 
  1.449e-03  3.905e-08 
  4.973e-03 -9.461e-10  3.352e-07 
  5.127e-04 -7.751e-10 -1.043e-09  4.364e-08 
 -2.783e-03  1.984e-09 -1.676e-08  2.772e-09  2.450e-06 
 -6.612e-01  6.196e-07 -4.454e-06  7.025e-07  5.989e-04  1.505e-01 
 -2.249e-05 -1.210e-11  6.735e-10  1.846e-11 -5.711e-08 -1.401e-05  4.490e-08 
  4.967e-01 -5.011e-07 -8.869e-06  2.330e-06  1.223e-03  2.994e-01 -2.966e-05  1.621e+00 
  8.357e-06 -3.968e-12  4.216e-11  3.546e-12  1.288e-10  2.913e-08 -5.244e-12  8.293e-08  4.393e-08 
  1.494e+01 -1.321e-05 -9.449e-06  2.756e-06  9.555e-05  2.627e-02 -1.474e-05  3.741e-02 -2.195e-04  1.193e+02 
  4.680e-02 -4.233e-08 -3.126e-08  8.175e-09  3.053e-07  8.394e-05 -4.746e-08  1.190e-04 -7.373e-07  3.969e-01  1.349e-03 
 PARAMETER  CORRELATION COEFFICIENTS  
       NO.  GLOBAL      1      3      4      6      7      8      9     10     14     15     16
        1  0.02374   1.000  0.014  0.017  0.005 -0.004 -0.003 -0.000  0.001  0.000  0.003  0.003
        3  0.02991   0.014  1.000 -0.008 -0.019  0.006  0.008 -0.000 -0.002 -0.000 -0.006 -0.006
        4  0.02956   0.017 -0.008  1.000 -0.009 -0.018 -0.020  0.005 -0.012  0.000 -0.001 -0.001
        6  0.02361   0.005 -0.019 -0.009  1.000  0.008  0.009  0.000  0.009  0.000  0.001  0.001
        7  0.98670  -0.004  0.006 -0.018  0.008  1.000  0.986 -0.172  0.614  0.000  0.006  0.005
        8  0.98649  -0.003  0.008 -0.020  0.009  0.986  1.000 -0.170  0.606  0.000  0.006  0.006
        9  0.17242  -0.000 -0.000  0.005  0.000 -0.172 -0.170  1.000 -0.110 -0.000 -0.006 -0.006
       10  0.61399   0.001 -0.002 -0.012  0.009  0.614  0.606 -0.110  1.000  0.000  0.003  0.003
       14  0.09609   0.000 -0.000  0.000  0.000  0.000  0.000 -0.000  0.000  1.000 -0.096 -0.096
       15  0.98963   0.003 -0.006 -0.001  0.001  0.006  0.006 -0.006  0.003 -0.096  1.000  0.990
       16  0.98963   0.003 -0.006 -0.001  0.001  0.005  0.006 -0.006  0.003 -0.096  0.990  1.000
 **********
 **  120 **MINO      2.5e+04
 **********
                         POSITIVE MINOS ERROR NOT CALCULATED FOR PARAMETER 10
                         NEGATIVE MINOS ERROR NOT CALCULATED FOR PARAMETER 10
                         POSITIVE MINOS ERROR NOT CALCULATED FOR PARAMETER 15
                         NEGATIVE MINOS ERROR NOT CALCULATED FOR PARAMETER 15
                         POSITIVE MINOS ERROR NOT CALCULATED FOR PARAMETER 16
 MIGRAD FAILS WITH STRATEGY=0.   WILL TRY WITH STRATEGY=1.
                         NEGATIVE MINOS ERROR NOT CALCULATED FOR PARAMETER 16
 FCN=311.397 FROM MINOS     STATUS=PROBLEMS    10910 CALLS       11722 TOTAL
                     EDM=5.05285e-08    STRATEGY= 1      ERROR MATRIX ACCURATE 
  EXT PARAMETER                  PARABOLIC         MINOS ERRORS        
  NO.   NAME      VALUE            ERROR      NEGATIVE      POSITIVE   
   1  N0           3.43601e+06   5.07151e+02  -5.07151e+02   5.07150e+02
   2  tau          6.43981e+01   constant   
   3  A0           3.53708e-01   1.97616e-04  -1.97616e-04   1.97616e-04
   4  phi          4.11790e+00   5.79002e-04  -5.79001e-04   5.79004e-04
   5  R           -5.99112e+01   constant   
   6  A_CBO        3.28195e-03   2.08892e-04  -2.08900e-04   2.08898e-04
   7  w_CBO        2.32609e+00   1.56527e-03  -1.56448e-03   1.57234e-03
   8  phi_CBO      5.13787e+00   3.87880e-01  -3.87713e-01   3.89520e-01
   9  ANx2         2.07607e-04   2.11895e-04  -2.11817e-04   2.11710e-04
  10  pNx2         9.49604e+00   1.27315e+00                            
  11  ANy1         0.00000e+00   constant   
  12  pNy1         0.00000e+00   constant   
  13  w_y          0.00000e+00   constant   
  14  ANy2         1.33074e-04   2.09606e-04  -5.67821e-04   2.08638e-04
  15  pNy2         1.57067e+00   1.09207e+01                            
  16  w_vw         1.44531e+01   3.67242e-02                            
  17  LM          -2.49463e-04   constant   
 **********
 **  121 **SHO COR 
 **********
 PARAMETER  CORRELATION COEFFICIENTS  
       NO.  GLOBAL      1      3      4      6      7      8      9     10     14     15     16
        1  0.02374   1.000  0.014  0.017  0.005 -0.004 -0.003 -0.000  0.001  0.000  0.003  0.003
        3  0.02991   0.014  1.000 -0.008 -0.019  0.006  0.008 -0.000 -0.002 -0.000 -0.006 -0.006
        4  0.02956   0.017 -0.008  1.000 -0.009 -0.018 -0.020  0.005 -0.012  0.000 -0.001 -0.001
        6  0.02361   0.005 -0.019 -0.009  1.000  0.008  0.009  0.000  0.009  0.000  0.001  0.001
        7  0.98670  -0.004  0.006 -0.018  0.008  1.000  0.986 -0.172  0.614  0.000  0.006  0.005
        8  0.98649  -0.003  0.008 -0.020  0.009  0.986  1.000 -0.170  0.606  0.000  0.006  0.006
        9  0.17242  -0.000 -0.000  0.005  0.000 -0.172 -0.170  1.000 -0.110 -0.000 -0.006 -0.006
       10  0.61399   0.001 -0.002 -0.012  0.009  0.614  0.606 -0.110  1.000  0.000  0.003  0.003
       14  0.09609   0.000 -0.000  0.000  0.000  0.000  0.000 -0.000  0.000  1.000 -0.096 -0.096
       15  0.98963   0.003 -0.006 -0.001  0.001  0.006  0.006 -0.006  0.003 -0.096  1.000  0.990
       16  0.98963   0.003 -0.006 -0.001  0.001  0.005  0.006 -0.006  0.003 -0.096  0.990  1.000
