 + ++++++++++++++++++++++++++++++++++++++++++++++++++++++++++++++++++++ +
 +                                                                      +
 +           You have chose to blind your fitting according to          +
 +                omega_ref * (1 + (R +/- deltaR) *10^{-6})             +
 +                                                                      +
 + ++++++++++++++++++++++++++++++++++++++++++++++++++++++++++++++++++++ +
In main()...
reading format from /gm2data/zkhechad/run45/envelope/formats/formatB_sBin_constraintOn.txt
pBinTau 	= 0  
pBinPhi 	= 0  
constraintau 	= 1 
includeMopTerm 	= 0    
constrainMop    = 0   
Parameters after format file: pBinTau 0 pBinPhi 0 constraintau 1 includeMopTerm 0 constrainMop 0 c_e_scale 0.000000 
reading cbo reference file (full fit) from /gm2data/zkhechad/cboTemplates/Run4CBOTemplates/fullFits/run4/sBin_constraintOn_cE0.0_seed0_run4_calo21.root
A_CBO 0.009954 w_CBO 2.326310 phi_CBO 2.942572 N0 2740148.315147 R -59.181603 tau 64.402317 
Reading cboRef file /gm2data/zkhechad/cboTemplates/Run4CBOTemplates//cboIsolate/run4_calo21.root
deltaT 164.120000
windowBins = 1100
fitting sliding window 1260 from bin 1463 at 218.279600 to bin 2563 at 382.399600 (1100 bins)

Reading data from /gm2data/cornell/histograms/aMethod/histogram_a_run4.root
fitting cbo isolate
 **********
 **    1 **SET PRINTOUT            1
 **********
 **********
 **    2 **SET NOWARNINGS 
 **********
 PARAMETER DEFINITIONS:
    NO.   NAME         VALUE      STEP SIZE      LIMITS
     1 A_CBO        9.95405e-03  1.00000e-05     no limits
     2 w_CBO        2.32631e+00  1.00000e-02    2.00000e+00  3.00000e+00
     3 phi_CBO      2.94257e+00  1.00000e-02    0.00000e+00  6.28319e+00
 **********
 **    3 **MIGRAD
 **********
 FIRST CALL TO USER FUNCTION AT NEW START POINT, WITH IFLAG=4.
 START MIGRAD MINIMIZATION.  STRATEGY  1.  CONVERGENCE WHEN EDM .LT. 1.00e-04
 FCN=0.0415766 FROM MIGRAD    STATUS=INITIATE       12 CALLS          13 TOTAL
                     EDM= unknown      STRATEGY= 1      NO ERROR MATRIX       
  EXT PARAMETER               CURRENT GUESS       STEP         FIRST   
  NO.   NAME      VALUE            ERROR          SIZE      DERIVATIVE 
   1  A_CBO        9.95405e-03   1.00000e-05   1.00000e-05   7.05183e+00
   2  w_CBO        2.32631e+00   1.00000e-02   2.13305e-02   2.49039e-02
   3  phi_CBO      2.94257e+00   1.00000e-02   3.18951e-03   1.35305e-03
 MIGRAD MINIMIZATION HAS CONVERGED.
 MIGRAD WILL VERIFY CONVERGENCE AND ERROR MATRIX.
 COVARIANCE MATRIX CALCULATED SUCCESSFULLY
 FCN=0.0190006 FROM HESSE     STATUS=OK             16 CALLS          42 TOTAL
                     EDM=6.64124e-05    STRATEGY= 1      ERROR MATRIX ACCURATE 
  EXT PARAMETER                                   STEP         FIRST   
  NO.   NAME      VALUE            ERROR          SIZE      DERIVATIVE 
   1  A_CBO        3.55178e-03   4.29982e-02   2.10030e-05  -5.28443e-04
   2  w_CBO        2.32629e+00   2.43651e-01   4.24986e-05   1.32829e-02
   3  phi_CBO      2.93140e+00   4.34527e+00   1.88919e-03   3.74115e-04
 MIGRAD MINIMIZATION HAS CONVERGED.
 FCN=0.0189363 FROM MIGRAD    STATUS=CONVERGED      48 CALLS          49 TOTAL
                     EDM=1.10306e-06    STRATEGY= 1  ERROR MATRIX UNCERTAINTY   0.4 per cent
  EXT PARAMETER                                   STEP         FIRST   
  NO.   NAME      VALUE            ERROR          SIZE      DERIVATIVE 
   1  A_CBO        3.59916e-03   4.23650e-02   4.73744e-05   3.31651e-02
   2  w_CBO        2.32422e+00   2.38585e-01  -4.43607e-03  -1.63839e-02
   3  phi_CBO      2.32052e+00   4.65919e+00  -1.97469e-01   3.46724e-04
 EXTERNAL ERROR MATRIX.    NDIM=  25    NPAR=  3    ERR DEF=1
  1.795e-03 -5.184e-04 -1.570e-01 
 -5.184e-04  6.268e-02  1.805e+01 
 -1.570e-01  1.805e+01  5.335e+03 
 PARAMETER  CORRELATION COEFFICIENTS  
       NO.  GLOBAL      1      2      3
        1  0.05129   1.000 -0.049 -0.051
        2  0.98724  -0.049  1.000  0.987
        3  0.98724  -0.051  0.987  1.000
setting A_CBO=0.003599 w_CBO=2.324217, phi_CBO=2.320520
done fitting cbo isolate
 **********
 **    1 **SET PRINTOUT            1
 **********
 **********
 **    2 **SET NOWARNINGS 
 **********
 PARAMETER DEFINITIONS:
    NO.   NAME         VALUE      STEP SIZE      LIMITS
     1 N0           2.74015e+06  1.00000e+02     no limits
     2 tau          6.44023e+01  constant
     3 A0           3.54223e-01  1.00000e-04     no limits
     4 phi          4.11631e+00  1.00000e-02     no limits
     5 R           -5.91816e+01  constant
     6 A_CBO        3.59916e-03  1.00000e-05     no limits
     7 w_CBO        2.32422e+00  1.00000e-03    0.00000e+00  2.36000e+00
     8 phi_CBO      2.32052e+00  1.00000e-04     no limits
     9 ANx2         7.44254e-04  1.00000e-06     no limits
    10 pNx2         1.53785e+00  1.00000e-03     no limits
    11 ANy1         0.00000e+00  constant
    12 pNy1         0.00000e+00  constant
    13 w_y          0.00000e+00  constant
    14 ANy2         4.00000e-03  1.00000e-04     no limits
    15 pNy2         3.64406e+00  1.00000e-07     no limits
    16 w_vw         1.44513e+01  1.00000e-02    1.15611e+01  1.73416e+01
    17 LM          -4.99363e-05  constant
MINUIT - FIT ONLY WIGGLE
 **********
 **    3 **FIX            5
 **********
 PARAMETER    5  IS CONSTANT.   IGNORED.
 **********
 **    4 **FIX            6
 **********
 **********
 **    5 **FIX            7
 **********
 **********
 **    6 **FIX            8
 **********
 **********
 **    7 **FIX            9
 **********
 **********
 **    8 **FIX           10
 **********
 **********
 **    9 **FIX           11
 **********
 PARAMETER   11  IS CONSTANT.   IGNORED.
 **********
 **   10 **FIX           12
 **********
 PARAMETER   12  IS CONSTANT.   IGNORED.
 **********
 **   11 **FIX           13
 **********
 PARAMETER   13  IS CONSTANT.   IGNORED.
 **********
 **   12 **FIX           14
 **********
 **********
 **   13 **FIX           15
 **********
 **********
 **   14 **FIX           16
 **********
 **********
 **   15 **MIGRAD
 **********
 FIRST CALL TO USER FUNCTION AT NEW START POINT, WITH IFLAG=4.
 START MIGRAD MINIMIZATION.  STRATEGY  1.  CONVERGENCE WHEN EDM .LT. 1.00e-04
 FCN=501.049 FROM MIGRAD    STATUS=INITIATE       12 CALLS          13 TOTAL
                     EDM= unknown      STRATEGY= 1      NO ERROR MATRIX       
  EXT PARAMETER               CURRENT GUESS       STEP         FIRST   
  NO.   NAME      VALUE            ERROR          SIZE      DERIVATIVE 
   1  N0           2.74015e+06   1.00000e+02   1.00000e+02  -1.49956e-03
   2  tau          6.44023e+01   constant   
   3  A0           3.54223e-01   1.00000e-04   1.00000e-04   9.39851e+02
   4  phi          4.11631e+00   1.00000e-02   1.00000e-02   1.90763e+03
   5  R           -5.91816e+01   constant   
   6  A_CBO        3.59916e-03     fixed    
   7  w_CBO        2.32422e+00     fixed    
   8  phi_CBO      2.32052e+00     fixed    
   9  ANx2         7.44254e-04     fixed    
  10  pNx2         1.53785e+00     fixed    
  11  ANy1         0.00000e+00   constant   
  12  pNy1         0.00000e+00   constant   
  13  w_y          0.00000e+00   constant   
  14  ANy2         4.00000e-03     fixed    
  15  pNy2         3.64406e+00     fixed    
  16  w_vw         1.44513e+01     fixed    
  17  LM          -4.99363e-05   constant   
 MIGRAD MINIMIZATION HAS CONVERGED.
 MIGRAD WILL VERIFY CONVERGENCE AND ERROR MATRIX.
 COVARIANCE MATRIX CALCULATED SUCCESSFULLY
 FCN=500.373 FROM MIGRAD    STATUS=CONVERGED      42 CALLS          43 TOTAL
                     EDM=1.41763e-07    STRATEGY= 1      ERROR MATRIX ACCURATE 
  EXT PARAMETER                                   STEP         FIRST   
  NO.   NAME      VALUE            ERROR          SIZE      DERIVATIVE 
   1  N0           2.74035e+06   5.25651e+02   5.72048e+00  -6.72492e-07
   2  tau          6.44023e+01   constant   
   3  A0           3.54195e-01   2.54487e-04   2.78091e-06   1.26180e+00
   4  phi          4.11578e+00   7.50411e-04   8.20417e-06  -3.31991e-01
   5  R           -5.91816e+01   constant   
   6  A_CBO        3.59916e-03     fixed    
   7  w_CBO        2.32422e+00     fixed    
   8  phi_CBO      2.32052e+00     fixed    
   9  ANx2         7.44254e-04     fixed    
  10  pNx2         1.53785e+00     fixed    
  11  ANy1         0.00000e+00   constant   
  12  pNy1         0.00000e+00   constant   
  13  w_y          0.00000e+00   constant   
  14  ANy2         4.00000e-03     fixed    
  15  pNy2         3.64406e+00     fixed    
  16  w_vw         1.44513e+01     fixed    
  17  LM          -4.99363e-05   constant   
 EXTERNAL ERROR MATRIX.    NDIM=  25    NPAR=  3    ERR DEF=1
  2.763e+05  4.299e-03  3.010e-03 
  4.299e-03  6.476e-08  7.860e-10 
  3.010e-03  7.860e-10  5.631e-07 
 PARAMETER  CORRELATION COEFFICIENTS  
       NO.  GLOBAL      1      3      4
        1  0.03300   1.000  0.032  0.008
        3  0.03237   0.032  1.000  0.004
        4  0.00856   0.008  0.004  1.000
MINUIT - FIT ONLY 1-CBO + other amplitudes 
 **********
 **   16 **RES 
 **********
                   PARAMETER   16  w_vw RESTORED TO VARIABLE.
                   PARAMETER   15  pNy2 RESTORED TO VARIABLE.
                   PARAMETER   14  ANy2 RESTORED TO VARIABLE.
                   PARAMETER   10  pNx2 RESTORED TO VARIABLE.
                   PARAMETER    9  ANx2 RESTORED TO VARIABLE.
                   PARAMETER    8  phi_CBO RESTORED TO VARIABLE.
                   PARAMETER    7  w_CBO RESTORED TO VARIABLE.
                   PARAMETER    6  A_CBO RESTORED TO VARIABLE.
 **********
 **   17 **FIX            0
 **********
 PARAMETER    0  IS UNDEFINED. IGNORED.
 **********
 **   18 **FIX            1
 **********
 **********
 **   19 **FIX            2
 **********
 PARAMETER    2  IS CONSTANT.   IGNORED.
 **********
 **   20 **FIX            3
 **********
 **********
 **   21 **FIX            4
 **********
 **********
 **   22 **FIX            9
 **********
 **********
 **   23 **FIX           11
 **********
 PARAMETER   11  IS CONSTANT.   IGNORED.
 **********
 **   24 **FIX           12
 **********
 PARAMETER   12  IS CONSTANT.   IGNORED.
 **********
 **   25 **FIX           14
 **********
 **********
 **   26 **FIX           15
 **********
 **********
 **   27 **FIX           16
 **********
 **********
 **   28 **MIGRAD
 **********
 START MIGRAD MINIMIZATION.  STRATEGY  1.  CONVERGENCE WHEN EDM .LT. 1.00e-04
 FCN=498.731 FROM MIGRAD    STATUS=INITIATE       48 CALLS          91 TOTAL
                     EDM= unknown      STRATEGY= 1      NO ERROR MATRIX       
  EXT PARAMETER               CURRENT GUESS       STEP         FIRST   
  NO.   NAME      VALUE            ERROR          SIZE      DERIVATIVE 
   1  N0           2.74035e+06     fixed    
   2  tau          6.44023e+01   constant   
   3  A0           3.54195e-01     fixed    
   4  phi          4.11578e+00     fixed    
   5  R           -5.91816e+01   constant   
   6  A_CBO        3.59916e-03   1.00000e-05   0.00000e+00  -1.00423e+04
   7  w_CBO        2.32422e+00   1.00000e-03   0.00000e+00   1.38413e+02
   8  phi_CBO      2.32052e+00   1.00000e-04   0.00000e+00  -7.87405e+00
   9  ANx2         7.44254e-04     fixed    
  10  pNx2         3.35185e-01   1.00000e-03  -1.09333e+00   1.12168e+00
  11  ANy1         0.00000e+00   constant   
  12  pNy1         0.00000e+00   constant   
  13  w_y          0.00000e+00   constant   
  14  ANy2         4.00000e-03     fixed    
  15  pNy2         3.64406e+00     fixed    
  16  w_vw         1.44513e+01     fixed    
  17  LM          -4.99363e-05   constant   
 MIGRAD MINIMIZATION HAS CONVERGED.
 MIGRAD WILL VERIFY CONVERGENCE AND ERROR MATRIX.
 COVARIANCE MATRIX CALCULATED SUCCESSFULLY
 FCN=495.8 FROM MIGRAD    STATUS=CONVERGED     133 CALLS         176 TOTAL
                     EDM=1.95979e-06    STRATEGY= 1      ERROR MATRIX ACCURATE 
  EXT PARAMETER                                   STEP         FIRST   
  NO.   NAME      VALUE            ERROR          SIZE      DERIVATIVE 
   1  N0           2.74035e+06     fixed    
   2  tau          6.44023e+01   constant   
   3  A0           3.54195e-01     fixed    
   4  phi          4.11578e+00     fixed    
   5  R           -5.91816e+01   constant   
   6  A_CBO        3.97434e-03   2.70975e-04   2.94768e-06  -2.36636e+00
   7  w_CBO        2.32546e+00   1.91673e-03   9.64697e-06  -3.75692e-01
   8  phi_CBO      2.67014e+00   5.12866e-01   7.43160e-04   8.80760e-04
   9  ANx2         7.44254e-04     fixed    
  10  pNx2         4.98962e-01   1.99378e+00   1.24499e-02   1.30633e-04
  11  ANy1         0.00000e+00   constant   
  12  pNy1         0.00000e+00   constant   
  13  w_y          0.00000e+00   constant   
  14  ANy2         4.00000e-03     fixed    
  15  pNy2         3.64406e+00     fixed    
  16  w_vw         1.44513e+01     fixed    
  17  LM          -4.99363e-05   constant   
 EXTERNAL ERROR MATRIX.    NDIM=  25    NPAR=  4    ERR DEF=1
  7.343e-08 -1.193e-08 -3.120e-06 -1.666e-05 
 -1.193e-08  3.674e-06  9.743e-04  3.130e-03 
 -3.120e-06  9.743e-04  2.630e-01  8.308e-01 
 -1.666e-05  3.130e-03  8.308e-01  3.975e+00 
 PARAMETER  CORRELATION COEFFICIENTS  
       NO.  GLOBAL      6      7      8     10
        6  0.03121   1.000 -0.023 -0.022 -0.031
        7  0.99137  -0.023  1.000  0.991  0.819
        8  0.99110  -0.022  0.991  1.000  0.813
       10  0.81905  -0.031  0.819  0.813  1.000
MINUIT - FIT ONLY 1-CBO
 **********
 **   29 **RES 
 **********
                   PARAMETER   16  w_vw RESTORED TO VARIABLE.
                   PARAMETER   15  pNy2 RESTORED TO VARIABLE.
                   PARAMETER   14  ANy2 RESTORED TO VARIABLE.
                   PARAMETER    9  ANx2 RESTORED TO VARIABLE.
                   PARAMETER    4  phi RESTORED TO VARIABLE.
                   PARAMETER    3  A0 RESTORED TO VARIABLE.
                   PARAMETER    1  N0 RESTORED TO VARIABLE.
 **********
 **   30 **FIX            0
 **********
 PARAMETER    0  IS UNDEFINED. IGNORED.
 **********
 **   31 **FIX            1
 **********
 **********
 **   32 **FIX            2
 **********
 PARAMETER    2  IS CONSTANT.   IGNORED.
 **********
 **   33 **FIX            3
 **********
 **********
 **   34 **FIX            4
 **********
 **********
 **   35 **FIX            8
 **********
 **********
 **   36 **FIX            9
 **********
 **********
 **   37 **FIX           11
 **********
 PARAMETER   11  IS CONSTANT.   IGNORED.
 **********
 **   38 **FIX           12
 **********
 PARAMETER   12  IS CONSTANT.   IGNORED.
 **********
 **   39 **FIX           13
 **********
 PARAMETER   13  IS CONSTANT.   IGNORED.
 **********
 **   40 **FIX           15
 **********
 **********
 **   41 **FIX           16
 **********
 **********
 **   42 **MIGRAD
 **********
 START MIGRAD MINIMIZATION.  STRATEGY  1.  CONVERGENCE WHEN EDM .LT. 1.00e-04
 FCN=495.8 FROM MIGRAD    STATUS=INITIATE       10 CALLS         186 TOTAL
                     EDM= unknown      STRATEGY= 1      NO ERROR MATRIX       
  EXT PARAMETER               CURRENT GUESS       STEP         FIRST   
  NO.   NAME      VALUE            ERROR          SIZE      DERIVATIVE 
   1  N0           2.74035e+06     fixed    
   2  tau          6.44023e+01   constant   
   3  A0           3.54195e-01     fixed    
   4  phi          4.11578e+00     fixed    
   5  R           -5.91816e+01   constant   
   6  A_CBO        3.97434e-03   2.70975e-04   2.94768e-06  -2.36636e+00
   7  w_CBO        2.32546e+00   1.91673e-03   9.64697e-06  -3.76188e-01
   8  phi_CBO      2.67014e+00     fixed    
   9  ANx2         7.44254e-04     fixed    
  10  pNx2         4.98962e-01   1.99378e+00   1.24499e-02   1.30354e-04
  11  ANy1         0.00000e+00   constant   
  12  pNy1         0.00000e+00   constant   
  13  w_y          0.00000e+00   constant   
  14  ANy2         4.00000e-03   1.00000e-04   1.00000e-04   1.05207e+05
  15  pNy2         3.64406e+00     fixed    
  16  w_vw         1.44513e+01     fixed    
  17  LM          -4.99363e-05   constant   
 MIGRAD MINIMIZATION HAS CONVERGED.
 MIGRAD WILL VERIFY CONVERGENCE AND ERROR MATRIX.
 COVARIANCE MATRIX CALCULATED SUCCESSFULLY
 FCN=292.182 FROM MIGRAD    STATUS=CONVERGED      61 CALLS         237 TOTAL
                     EDM=1.33994e-07    STRATEGY= 1      ERROR MATRIX ACCURATE 
  EXT PARAMETER                                   STEP         FIRST   
  NO.   NAME      VALUE            ERROR          SIZE      DERIVATIVE 
   1  N0           2.74035e+06     fixed    
   2  tau          6.44023e+01   constant   
   3  A0           3.54195e-01     fixed    
   4  phi          4.11578e+00     fixed    
   5  R           -5.91816e+01   constant   
   6  A_CBO        3.97765e-03   2.70901e-04   2.26442e-06   1.95999e-01
   7  w_CBO        2.32546e+00   2.54996e-04   7.40630e-06   4.48735e-01
   8  phi_CBO      2.67014e+00     fixed    
   9  ANx2         7.44254e-04     fixed    
  10  pNx2         4.62164e-01   1.11299e+00   9.15861e-03   2.31433e-04
  11  ANy1         0.00000e+00   constant   
  12  pNy1         0.00000e+00   constant   
  13  w_y          0.00000e+00   constant   
  14  ANy2         1.29188e-04   2.71265e-04   2.26793e-06  -2.40113e-04
  15  pNy2         3.64406e+00     fixed    
  16  w_vw         1.44513e+01     fixed    
  17  LM          -4.99363e-05   constant   
 EXTERNAL ERROR MATRIX.    NDIM=  25    NPAR=  4    ERR DEF=1
  7.339e-08 -3.412e-10 -6.232e-06 -6.243e-11 
 -3.412e-10  6.502e-08  4.990e-05 -8.732e-11 
 -6.232e-06  4.990e-05  1.239e+00  6.354e-07 
 -6.243e-11 -8.732e-11  6.354e-07  7.358e-08 
 PARAMETER  CORRELATION COEFFICIENTS  
       NO.  GLOBAL      6      7     10     14
        6  0.02073   1.000 -0.005 -0.021 -0.001
        7  0.17582  -0.005  1.000  0.176 -0.001
       10  0.17694  -0.021  0.176  1.000  0.002
       14  0.00280  -0.001 -0.001  0.002  1.000
MINUIT - FIT ONLY 2-CBO
 **********
 **   43 **RES 
 **********
                   PARAMETER   16  w_vw RESTORED TO VARIABLE.
                   PARAMETER   15  pNy2 RESTORED TO VARIABLE.
                   PARAMETER    9  ANx2 RESTORED TO VARIABLE.
                   PARAMETER    8  phi_CBO RESTORED TO VARIABLE.
                   PARAMETER    4  phi RESTORED TO VARIABLE.
                   PARAMETER    3  A0 RESTORED TO VARIABLE.
                   PARAMETER    1  N0 RESTORED TO VARIABLE.
 **********
 **   44 **FIX            0
 **********
 PARAMETER    0  IS UNDEFINED. IGNORED.
 **********
 **   45 **FIX            1
 **********
 **********
 **   46 **FIX            2
 **********
 PARAMETER    2  IS CONSTANT.   IGNORED.
 **********
 **   47 **FIX            3
 **********
 **********
 **   48 **FIX            4
 **********
 **********
 **   49 **FIX            5
 **********
 PARAMETER    5  IS CONSTANT.   IGNORED.
 **********
 **   50 **FIX            6
 **********
 **********
 **   51 **FIX            7
 **********
 **********
 **   52 **FIX           10
 **********
 **********
 **   53 **FIX           11
 **********
 PARAMETER   11  IS CONSTANT.   IGNORED.
 **********
 **   54 **FIX           12
 **********
 PARAMETER   12  IS CONSTANT.   IGNORED.
 **********
 **   55 **FIX           13
 **********
 PARAMETER   13  IS CONSTANT.   IGNORED.
 **********
 **   56 **FIX           14
 **********
 **********
 **   57 **FIX           15
 **********
 **********
 **   58 **FIX           16
 **********
 **********
 **   59 **MIGRAD
 **********
 START MIGRAD MINIMIZATION.  STRATEGY  1.  CONVERGENCE WHEN EDM .LT. 1.00e-04
 FCN=292.182 FROM MIGRAD    STATUS=INITIATE        6 CALLS         243 TOTAL
                     EDM= unknown      STRATEGY= 1      NO ERROR MATRIX       
  EXT PARAMETER               CURRENT GUESS       STEP         FIRST   
  NO.   NAME      VALUE            ERROR          SIZE      DERIVATIVE 
   1  N0           2.74035e+06     fixed    
   2  tau          6.44023e+01   constant   
   3  A0           3.54195e-01     fixed    
   4  phi          4.11578e+00     fixed    
   5  R           -5.91816e+01   constant   
   6  A_CBO        3.97765e-03     fixed    
   7  w_CBO        2.32546e+00     fixed    
   8  phi_CBO      2.67014e+00   5.12866e-01   5.12866e-01   2.05261e-01
   9  ANx2         7.44254e-04   1.00000e-06   1.00000e-06   1.79835e+04
  10  pNx2         4.62164e-01     fixed    
  11  ANy1         0.00000e+00   constant   
  12  pNy1         0.00000e+00   constant   
  13  w_y          0.00000e+00   constant   
  14  ANy2         1.29188e-04     fixed    
  15  pNy2         3.64406e+00     fixed    
  16  w_vw         1.44513e+01     fixed    
  17  LM          -4.99363e-05   constant   
 MIGRAD MINIMIZATION HAS CONVERGED.
 MIGRAD WILL VERIFY CONVERGENCE AND ERROR MATRIX.
 COVARIANCE MATRIX CALCULATED SUCCESSFULLY
 FCN=286.246 FROM MIGRAD    STATUS=CONVERGED      28 CALLS         265 TOTAL
                     EDM=2.24342e-11    STRATEGY= 1      ERROR MATRIX ACCURATE 
  EXT PARAMETER                                   STEP         FIRST   
  NO.   NAME      VALUE            ERROR          SIZE      DERIVATIVE 
   1  N0           2.74035e+06     fixed    
   2  tau          6.44023e+01   constant   
   3  A0           3.54195e-01     fixed    
   4  phi          4.11578e+00     fixed    
   5  R           -5.91816e+01   constant   
   6  A_CBO        3.97765e-03     fixed    
   7  w_CBO        2.32546e+00     fixed    
   8  phi_CBO      2.66816e+00   6.82339e-02   5.64647e-04   9.81691e-05
   9  ANx2         8.41477e-05   2.70944e-04   2.24212e-06  -3.13737e-05
  10  pNx2         4.62164e-01     fixed    
  11  ANy1         0.00000e+00   constant   
  12  pNy1         0.00000e+00   constant   
  13  w_y          0.00000e+00   constant   
  14  ANy2         1.29188e-04     fixed    
  15  pNy2         3.64406e+00     fixed    
  16  w_vw         1.44513e+01     fixed    
  17  LM          -4.99363e-05   constant   
 EXTERNAL ERROR MATRIX.    NDIM=  25    NPAR=  2    ERR DEF=1
  4.656e-03  1.669e-07 
  1.669e-07  7.341e-08 
 PARAMETER  CORRELATION COEFFICIENTS  
       NO.  GLOBAL      8      9
        8  0.00903   1.000  0.009
        9  0.00903   0.009  1.000
MINUIT - FIT ONLY 1-y
 **********
 **   60 **RES 
 **********
                   PARAMETER   16  w_vw RESTORED TO VARIABLE.
                   PARAMETER   15  pNy2 RESTORED TO VARIABLE.
                   PARAMETER   14  ANy2 RESTORED TO VARIABLE.
                   PARAMETER   10  pNx2 RESTORED TO VARIABLE.
                   PARAMETER    7  w_CBO RESTORED TO VARIABLE.
                   PARAMETER    6  A_CBO RESTORED TO VARIABLE.
                   PARAMETER    4  phi RESTORED TO VARIABLE.
                   PARAMETER    3  A0 RESTORED TO VARIABLE.
                   PARAMETER    1  N0 RESTORED TO VARIABLE.
 **********
 **   61 **FIX            0
 **********
 PARAMETER    0  IS UNDEFINED. IGNORED.
 **********
 **   62 **FIX            1
 **********
 **********
 **   63 **FIX            2
 **********
 PARAMETER    2  IS CONSTANT.   IGNORED.
 **********
 **   64 **FIX            3
 **********
 **********
 **   65 **FIX            4
 **********
 **********
 **   66 **FIX            5
 **********
 PARAMETER    5  IS CONSTANT.   IGNORED.
 **********
 **   67 **FIX            6
 **********
 **********
 **   68 **FIX            7
 **********
 **********
 **   69 **FIX            8
 **********
 **********
 **   70 **FIX            9
 **********
 **********
 **   71 **FIX           13
 **********
 PARAMETER   13  IS CONSTANT.   IGNORED.
 **********
 **   72 **FIX           14
 **********
 **********
 **   73 **FIX           15
 **********
 **********
 **   74 **FIX           16
 **********
 **********
 **   75 **MIGRAD
 **********
 START MIGRAD MINIMIZATION.  STRATEGY  1.  CONVERGENCE WHEN EDM .LT. 1.00e-04
 FCN=286.246 FROM MIGRAD    STATUS=INITIATE        2 CALLS         267 TOTAL
                     EDM= unknown      STRATEGY= 1      NO ERROR MATRIX       
  EXT PARAMETER               CURRENT GUESS       STEP         FIRST   
  NO.   NAME      VALUE            ERROR          SIZE      DERIVATIVE 
   1  N0           2.74035e+06     fixed    
   2  tau          6.44023e+01   constant   
   3  A0           3.54195e-01     fixed    
   4  phi          4.11578e+00     fixed    
   5  R           -5.91816e+01   constant   
   6  A_CBO        3.97765e-03     fixed    
   7  w_CBO        2.32546e+00     fixed    
   8  phi_CBO      2.66816e+00     fixed    
   9  ANx2         8.41477e-05     fixed    
  10  pNx2         4.62164e-01   1.11299e+00   1.11299e+00  -4.16569e-04
  11  ANy1         0.00000e+00   constant   
  12  pNy1         0.00000e+00   constant   
  13  w_y          0.00000e+00   constant   
  14  ANy2         1.29188e-04     fixed    
  15  pNy2         3.64406e+00     fixed    
  16  w_vw         1.44513e+01     fixed    
  17  LM          -4.99363e-05   constant   
 MIGRAD MINIMIZATION HAS CONVERGED.
 MIGRAD WILL VERIFY CONVERGENCE AND ERROR MATRIX.
 COVARIANCE MATRIX CALCULATED SUCCESSFULLY
 FCN=286.246 FROM MIGRAD    STATUS=CONVERGED      12 CALLS         277 TOTAL
                     EDM=1.47448e-18    STRATEGY= 1      ERROR MATRIX ACCURATE 
  EXT PARAMETER                                   STEP         FIRST   
  NO.   NAME      VALUE            ERROR          SIZE      DERIVATIVE 
   1  N0           2.74035e+06     fixed    
   2  tau          6.44023e+01   constant   
   3  A0           3.54195e-01     fixed    
   4  phi          4.11578e+00     fixed    
   5  R           -5.91816e+01   constant   
   6  A_CBO        3.97765e-03     fixed    
   7  w_CBO        2.32546e+00     fixed    
   8  phi_CBO      2.66816e+00     fixed    
   9  ANx2         8.41477e-05     fixed    
  10  pNx2         4.64329e-01   3.22422e+00   2.66815e-02   5.32611e-10
  11  ANy1         0.00000e+00   constant   
  12  pNy1         0.00000e+00   constant   
  13  w_y          0.00000e+00   constant   
  14  ANy2         1.29188e-04     fixed    
  15  pNy2         3.64406e+00     fixed    
  16  w_vw         1.44513e+01     fixed    
  17  LM          -4.99363e-05   constant   
 EXTERNAL ERROR MATRIX.    NDIM=  25    NPAR=  1    ERR DEF=1
  1.040e+01 
MINUIT - FIT ONLY 2-y
 **********
 **   76 **RES 
 **********
                   PARAMETER   16  w_vw RESTORED TO VARIABLE.
                   PARAMETER   15  pNy2 RESTORED TO VARIABLE.
                   PARAMETER   14  ANy2 RESTORED TO VARIABLE.
                   PARAMETER    9  ANx2 RESTORED TO VARIABLE.
                   PARAMETER    8  phi_CBO RESTORED TO VARIABLE.
                   PARAMETER    7  w_CBO RESTORED TO VARIABLE.
                   PARAMETER    6  A_CBO RESTORED TO VARIABLE.
                   PARAMETER    4  phi RESTORED TO VARIABLE.
                   PARAMETER    3  A0 RESTORED TO VARIABLE.
                   PARAMETER    1  N0 RESTORED TO VARIABLE.
 **********
 **   77 **FIX            0
 **********
 PARAMETER    0  IS UNDEFINED. IGNORED.
 **********
 **   78 **FIX            1
 **********
 **********
 **   79 **FIX            2
 **********
 PARAMETER    2  IS CONSTANT.   IGNORED.
 **********
 **   80 **FIX            3
 **********
 **********
 **   81 **FIX            4
 **********
 **********
 **   82 **FIX            5
 **********
 PARAMETER    5  IS CONSTANT.   IGNORED.
 **********
 **   83 **FIX            6
 **********
 **********
 **   84 **FIX            7
 **********
 **********
 **   85 **FIX            8
 **********
 **********
 **   86 **FIX            9
 **********
 **********
 **   87 **FIX           10
 **********
 **********
 **   88 **FIX           11
 **********
 PARAMETER   11  IS CONSTANT.   IGNORED.
 **********
 **   89 **FIX           12
 **********
 PARAMETER   12  IS CONSTANT.   IGNORED.
 **********
 **   90 **FIX           16
 **********
 **********
 **   91 **MIGRAD
 **********
 START MIGRAD MINIMIZATION.  STRATEGY  1.  CONVERGENCE WHEN EDM .LT. 1.00e-04
 FCN=286.246 FROM MIGRAD    STATUS=INITIATE        6 CALLS         283 TOTAL
                     EDM= unknown      STRATEGY= 1      NO ERROR MATRIX       
  EXT PARAMETER               CURRENT GUESS       STEP         FIRST   
  NO.   NAME      VALUE            ERROR          SIZE      DERIVATIVE 
   1  N0           2.74035e+06     fixed    
   2  tau          6.44023e+01   constant   
   3  A0           3.54195e-01     fixed    
   4  phi          4.11578e+00     fixed    
   5  R           -5.91816e+01   constant   
   6  A_CBO        3.97765e-03     fixed    
   7  w_CBO        2.32546e+00     fixed    
   8  phi_CBO      2.66816e+00     fixed    
   9  ANx2         8.41477e-05     fixed    
  10  pNx2         4.64329e-01     fixed    
  11  ANy1         0.00000e+00   constant   
  12  pNy1         0.00000e+00   constant   
  13  w_y          0.00000e+00   constant   
  14  ANy2         1.29188e-04   2.71265e-04   2.71265e-04  -3.16791e+01
  15  pNy2         3.64406e+00   1.00000e-07   1.00000e-07   6.25713e-01
  16  w_vw         1.44513e+01     fixed    
  17  LM          -4.99363e-05   constant   
 MIGRAD MINIMIZATION HAS CONVERGED.
 MIGRAD WILL VERIFY CONVERGENCE AND ERROR MATRIX.
 COVARIANCE MATRIX CALCULATED SUCCESSFULLY
 FCN=285.816 FROM MIGRAD    STATUS=CONVERGED      43 CALLS         320 TOTAL
                     EDM=1.42683e-07    STRATEGY= 1      ERROR MATRIX ACCURATE 
  EXT PARAMETER                                   STEP         FIRST   
  NO.   NAME      VALUE            ERROR          SIZE      DERIVATIVE 
   1  N0           2.74035e+06     fixed    
   2  tau          6.44023e+01   constant   
   3  A0           3.54195e-01     fixed    
   4  phi          4.11578e+00     fixed    
   5  R           -5.91816e+01   constant   
   6  A_CBO        3.97765e-03     fixed    
   7  w_CBO        2.32546e+00     fixed    
   8  phi_CBO      2.66816e+00     fixed    
   9  ANx2         8.41477e-05     fixed    
  10  pNx2         4.64329e-01     fixed    
  11  ANy1         0.00000e+00   constant   
  12  pNy1         0.00000e+00   constant   
  13  w_y          0.00000e+00   constant   
  14  ANy2         2.20561e-04   2.71099e-04   2.24183e-06   1.52668e+00
  15  pNy2         2.70607e+00   1.22955e+00   1.02887e-02   2.76148e-04
  16  w_vw         1.44513e+01     fixed    
  17  LM          -4.99363e-05   constant   
 EXTERNAL ERROR MATRIX.    NDIM=  25    NPAR=  2    ERR DEF=1
  7.349e-08 -1.445e-06 
 -1.445e-06  1.512e+00 
 PARAMETER  CORRELATION COEFFICIENTS  
       NO.  GLOBAL     14     15
       14  0.00434   1.000 -0.004
       15  0.00434  -0.004  1.000
MINUIT - FIT ALTOGETHER
 **********
 **   92 **RES 
 **********
                   PARAMETER   16  w_vw RESTORED TO VARIABLE.
                   PARAMETER   10  pNx2 RESTORED TO VARIABLE.
                   PARAMETER    9  ANx2 RESTORED TO VARIABLE.
                   PARAMETER    8  phi_CBO RESTORED TO VARIABLE.
                   PARAMETER    7  w_CBO RESTORED TO VARIABLE.
                   PARAMETER    6  A_CBO RESTORED TO VARIABLE.
                   PARAMETER    4  phi RESTORED TO VARIABLE.
                   PARAMETER    3  A0 RESTORED TO VARIABLE.
                   PARAMETER    1  N0 RESTORED TO VARIABLE.
 **********
 **   93 **MIGRAD
 **********
 START MIGRAD MINIMIZATION.  STRATEGY  1.  CONVERGENCE WHEN EDM .LT. 1.00e-04
 FCN=285.816 FROM MIGRAD    STATUS=INITIATE       24 CALLS         344 TOTAL
                     EDM= unknown      STRATEGY= 1      NO ERROR MATRIX       
  EXT PARAMETER               CURRENT GUESS       STEP         FIRST   
  NO.   NAME      VALUE            ERROR          SIZE      DERIVATIVE 
   1  N0           2.74035e+06   5.25651e+02   5.25651e+02  -1.02248e-04
   2  tau          6.44023e+01   constant   
   3  A0           3.54195e-01   2.54487e-04   2.54487e-04   1.74769e+01
   4  phi          4.11578e+00   7.50411e-04   7.50411e-04   2.48837e+01
   5  R           -5.91816e+01   constant   
   6  A_CBO        3.97765e-03   2.70901e-04   2.70901e-04   6.63863e+00
   7  w_CBO        2.32546e+00   2.54996e-04   2.54996e-04   3.84609e+01
   8  phi_CBO      2.66816e+00   6.82339e-02   6.82339e-02  -3.96579e-02
   9  ANx2         8.41477e-05   2.70944e-04   2.70944e-04   6.48233e+00
  10  pNx2         4.64329e-01   3.22422e+00   3.22422e+00  -5.33284e-04
  11  ANy1         0.00000e+00   constant   
  12  pNy1         0.00000e+00   constant   
  13  w_y          0.00000e+00   constant   
  14  ANy2         2.20561e-04   2.71099e-04   2.24183e-06   1.52668e+00
  15  pNy2         2.70607e+00   1.22955e+00   1.02887e-02   2.76209e-04
  16  w_vw         1.44513e+01   1.00000e-02   1.00000e-02  -3.21102e+01
  17  LM          -4.99363e-05   constant   
 MIGRAD MINIMIZATION HAS CONVERGED.
 FCN=285.658 FROM MIGRAD    STATUS=CONVERGED     247 CALLS         567 TOTAL
                     EDM=3.51288e-06    STRATEGY= 1  ERROR MATRIX UNCERTAINTY   0.7 per cent
  EXT PARAMETER                                   STEP         FIRST   
  NO.   NAME      VALUE            ERROR          SIZE      DERIVATIVE 
   1  N0           2.74036e+06   5.24888e+02   9.62616e-01   1.78171e-07
   2  tau          6.44023e+01   constant   
   3  A0           3.54195e-01   2.55292e-04  -6.08529e-07   3.08652e+00
   4  phi          4.11577e+00   7.50812e-04   3.18310e-07   8.66915e-01
   5  R           -5.91816e+01   constant   
   6  A_CBO        3.97739e-03   2.70879e-04   8.40465e-08  -2.83931e-02
   7  w_CBO        2.32526e+00   1.78080e-03   1.85579e-05  -1.15348e+00
   8  phi_CBO      2.61542e+00   4.78018e-01   1.28281e-03   1.70610e-02
   9  ANx2         8.33060e-05   2.70982e-04  -2.65816e-08   1.41458e-01
  10  pNx2         3.03342e-01   3.54542e+00   4.35565e-03   5.96435e-06
  11  ANy1         0.00000e+00   constant   
  12  pNy1         0.00000e+00   constant   
  13  w_y          0.00000e+00   constant   
  14  ANy2         2.43301e-04   2.73941e-04   2.01499e-06  -6.05347e+00
  15  pNy2         8.98062e+00   1.39797e+01   7.65608e-02   3.72975e-04
  16  w_vw         1.44745e+01   5.08078e-02   1.01370e-04  -1.46057e-01
  17  LM          -4.99363e-05   constant   
 EXTERNAL ERROR MATRIX.    NDIM=  25    NPAR= 11    ERR DEF=1
  2.755e+05 
  3.190e-03  6.517e-08 
  2.450e-04 -1.815e-10  5.637e-07 
  3.006e-04 -3.488e-11  1.172e-10  7.338e-08 
 -9.255e-03 -6.216e-09  7.314e-09  2.933e-09  3.171e-06 
 -2.780e+00 -1.709e-06  1.749e-06  8.359e-07  8.425e-04  2.285e-01 
  8.858e-05 -1.618e-11 -3.634e-12  9.675e-14  9.977e-09  2.853e-06  7.343e-08 
 -3.680e+00 -4.843e-06  6.118e-06  2.705e-06  2.602e-03  6.928e-01  8.707e-06  1.257e+01 
  2.582e-03 -8.069e-10  1.662e-09  2.761e-10 -3.851e-09 -1.429e-06 -4.592e-11 -2.500e-06  7.504e-08 
 -1.946e+02  7.540e-05 -1.196e-04 -1.609e-05  4.629e-05  3.049e-02  1.355e-05 -4.268e-02 -2.183e-05  1.954e+02 
 -7.099e-01  2.699e-07 -4.397e-07 -5.701e-08  3.419e-07  1.592e-04  5.100e-08 -2.079e-07 -1.275e-07  7.080e-01  2.582e-03 
 PARAMETER  CORRELATION COEFFICIENTS  
       NO.  GLOBAL      1      3      4      6      7      8      9     10     14     15     16
        1  0.04228   1.000  0.024  0.001  0.002 -0.010 -0.011  0.001 -0.002  0.018 -0.027 -0.027
        3  0.03728   0.024  1.000 -0.001 -0.001 -0.014 -0.014 -0.000 -0.005 -0.012  0.021  0.021
        4  0.01550   0.001 -0.001  1.000  0.001  0.005  0.005 -0.000  0.002  0.008 -0.011 -0.012
        6  0.00924   0.002 -0.001  0.001  1.000  0.006  0.006  0.000  0.003  0.004 -0.004 -0.004
        7  0.98974  -0.010 -0.014  0.005  0.006  1.000  0.990  0.021  0.412 -0.008  0.002  0.004
        8  0.98970  -0.011 -0.014  0.005  0.006  0.990  1.000  0.022  0.409 -0.011  0.005  0.007
        9  0.02367   0.001 -0.000 -0.000  0.000  0.021  0.022  1.000  0.009 -0.001  0.004  0.004
       10  0.41216  -0.002 -0.005  0.002  0.003  0.412  0.409  0.009  1.000 -0.003 -0.001 -0.000
       14  0.05420   0.018 -0.012  0.008  0.004 -0.008 -0.011 -0.001 -0.003  1.000 -0.006 -0.009
       15  0.99678  -0.027  0.021 -0.011 -0.004  0.002  0.005  0.004 -0.001 -0.006  1.000  0.997
       16  0.99678  -0.027  0.021 -0.012 -0.004  0.004  0.007  0.004 -0.000 -0.009  0.997  1.000
MINUIT - REFIT 5-PARAM
 **********
 **   94 **FIX            5
 **********
 PARAMETER    5  IS CONSTANT.   IGNORED.
 **********
 **   95 **FIX            6
 **********
 **********
 **   96 **FIX            7
 **********
 **********
 **   97 **FIX            8
 **********
 **********
 **   98 **FIX            9
 **********
 **********
 **   99 **FIX           10
 **********
 **********
 **  100 **FIX           11
 **********
 PARAMETER   11  IS CONSTANT.   IGNORED.
 **********
 **  101 **FIX           12
 **********
 PARAMETER   12  IS CONSTANT.   IGNORED.
 **********
 **  102 **FIX           13
 **********
 PARAMETER   13  IS CONSTANT.   IGNORED.
 **********
 **  103 **FIX           14
 **********
 **********
 **  104 **FIX           15
 **********
 **********
 **  105 **FIX           16
 **********
 **********
 **  106 **MIGRAD
 **********
 START MIGRAD MINIMIZATION.  STRATEGY  1.  CONVERGENCE WHEN EDM .LT. 1.00e-04
 FCN=285.658 FROM MIGRAD    STATUS=INITIATE        6 CALLS         573 TOTAL
                     EDM=6.59833e-07    STRATEGY= 1  ERROR MATRIX UNCERTAINTY  50.0 per cent
  EXT PARAMETER                APPROXIMATE        STEP         FIRST   
  NO.   NAME      VALUE            ERROR          SIZE      DERIVATIVE 
   1  N0           2.74036e+06   5.24575e+02   9.62616e-01   1.78171e-07
   2  tau          6.44023e+01   constant   
   3  A0           3.54195e-01   2.55190e-04  -6.08529e-07   3.08652e+00
   4  phi          4.11577e+00   7.50722e-04   3.18310e-07   8.66915e-01
   5  R           -5.91816e+01   constant   
   6  A_CBO        3.97739e-03     fixed    
   7  w_CBO        2.32526e+00     fixed    
   8  phi_CBO      2.61542e+00     fixed    
   9  ANx2         8.33060e-05     fixed    
  10  pNx2         3.03342e-01     fixed    
  11  ANy1         0.00000e+00   constant   
  12  pNy1         0.00000e+00   constant   
  13  w_y          0.00000e+00   constant   
  14  ANy2         2.43301e-04     fixed    
  15  pNy2         8.98062e+00     fixed    
  16  w_vw         1.44745e+01     fixed    
  17  LM          -4.99363e-05   constant   
 MIGRAD MINIMIZATION HAS CONVERGED.
 MIGRAD WILL VERIFY CONVERGENCE AND ERROR MATRIX.
 COVARIANCE MATRIX CALCULATED SUCCESSFULLY
 FCN=285.658 FROM MIGRAD    STATUS=CONVERGED      29 CALLS         596 TOTAL
                     EDM=7.09206e-11    STRATEGY= 1      ERROR MATRIX ACCURATE 
  EXT PARAMETER                                   STEP         FIRST   
  NO.   NAME      VALUE            ERROR          SIZE      DERIVATIVE 
   1  N0           2.74036e+06   5.25651e+02   4.32548e+00   2.14335e-08
   2  tau          6.44023e+01   constant   
   3  A0           3.54195e-01   2.54488e-04   2.10277e-06  -3.66785e-03
   4  phi          4.11577e+00   7.50400e-04   6.20338e-06   5.00293e-03
   5  R           -5.91816e+01   constant   
   6  A_CBO        3.97739e-03     fixed    
   7  w_CBO        2.32526e+00     fixed    
   8  phi_CBO      2.61542e+00     fixed    
   9  ANx2         8.33060e-05     fixed    
  10  pNx2         3.03342e-01     fixed    
  11  ANy1         0.00000e+00   constant   
  12  pNy1         0.00000e+00   constant   
  13  w_y          0.00000e+00   constant   
  14  ANy2         2.43301e-04     fixed    
  15  pNy2         8.98062e+00     fixed    
  16  w_vw         1.44745e+01     fixed    
  17  LM          -4.99363e-05   constant   
 EXTERNAL ERROR MATRIX.    NDIM=  25    NPAR=  3    ERR DEF=1
  2.763e+05  4.299e-03  3.010e-03 
  4.299e-03  6.476e-08  7.914e-10 
  3.010e-03  7.914e-10  5.631e-07 
 PARAMETER  CORRELATION COEFFICIENTS  
       NO.  GLOBAL      1      3      4
        1  0.03300   1.000  0.032  0.008
        3  0.03237   0.032  1.000  0.004
        4  0.00857   0.008  0.004  1.000
MINUIT - 2CBO + Y
 **********
 **  107 **RES 
 **********
                   PARAMETER   16  w_vw RESTORED TO VARIABLE.
                   PARAMETER   15  pNy2 RESTORED TO VARIABLE.
                   PARAMETER   14  ANy2 RESTORED TO VARIABLE.
                   PARAMETER   10  pNx2 RESTORED TO VARIABLE.
                   PARAMETER    9  ANx2 RESTORED TO VARIABLE.
                   PARAMETER    8  phi_CBO RESTORED TO VARIABLE.
                   PARAMETER    7  w_CBO RESTORED TO VARIABLE.
                   PARAMETER    6  A_CBO RESTORED TO VARIABLE.
 **********
 **  108 **FIX            0
 **********
 PARAMETER    0  IS UNDEFINED. IGNORED.
 **********
 **  109 **FIX            1
 **********
 **********
 **  110 **FIX            2
 **********
 PARAMETER    2  IS CONSTANT.   IGNORED.
 **********
 **  111 **FIX            3
 **********
 **********
 **  112 **FIX            4
 **********
 **********
 **  113 **FIX            5
 **********
 PARAMETER    5  IS CONSTANT.   IGNORED.
 **********
 **  114 **FIX            6
 **********
 **********
 **  115 **FIX            7
 **********
 **********
 **  116 **FIX           16
 **********
 **********
 **  117 **MIGRAD
 **********
 START MIGRAD MINIMIZATION.  STRATEGY  1.  CONVERGENCE WHEN EDM .LT. 1.00e-04
 FCN=285.658 FROM MIGRAD    STATUS=INITIATE       10 CALLS         606 TOTAL
                     EDM= unknown      STRATEGY= 1      NO ERROR MATRIX       
  EXT PARAMETER               CURRENT GUESS       STEP         FIRST   
  NO.   NAME      VALUE            ERROR          SIZE      DERIVATIVE 
   1  N0           2.74036e+06     fixed    
   2  tau          6.44023e+01   constant   
   3  A0           3.54195e-01     fixed    
   4  phi          4.11577e+00     fixed    
   5  R           -5.91816e+01   constant   
   6  A_CBO        3.97739e-03     fixed    
   7  w_CBO        2.32526e+00     fixed    
   8  phi_CBO      2.61542e+00   6.84547e-02   6.84547e-02   1.69133e-02
   9  ANx2         8.33060e-05   2.70908e-04   2.70908e-04   1.55582e-01
  10  pNx2         3.03342e-01   3.23029e+00   3.23029e+00   6.42824e-06
  11  ANy1         0.00000e+00   constant   
  12  pNy1         0.00000e+00   constant   
  13  w_y          0.00000e+00   constant   
  14  ANy2         2.43301e-04   2.73866e-04   2.73866e-04  -6.05266e+00
  15  pNy2         8.98062e+00   1.39767e+01   1.39767e+01   3.72011e-04
  16  w_vw         1.44745e+01     fixed    
  17  LM          -4.99363e-05   constant   
 MIGRAD MINIMIZATION HAS CONVERGED.
 MIGRAD WILL VERIFY CONVERGENCE AND ERROR MATRIX.
 COVARIANCE MATRIX CALCULATED SUCCESSFULLY
 FCN=285.658 FROM MIGRAD    STATUS=CONVERGED      54 CALLS         650 TOTAL
                     EDM=9.76785e-11    STRATEGY= 1      ERROR MATRIX ACCURATE 
  EXT PARAMETER                                   STEP         FIRST   
  NO.   NAME      VALUE            ERROR          SIZE      DERIVATIVE 
   1  N0           2.74036e+06     fixed    
   2  tau          6.44023e+01   constant   
   3  A0           3.54195e-01     fixed    
   4  phi          4.11577e+00     fixed    
   5  R           -5.91816e+01   constant   
   6  A_CBO        3.97739e-03     fixed    
   7  w_CBO        2.32526e+00     fixed    
   8  phi_CBO      2.61538e+00   6.82385e-02   5.64104e-04  -3.02295e-05
   9  ANx2         8.33003e-05   2.70977e-04   2.23988e-06   4.91391e-02
  10  pNx2         3.03308e-01   3.25729e+00   2.69241e-02   1.16542e-06
  11  ANy1         0.00000e+00   constant   
  12  pNy1         0.00000e+00   constant   
  13  w_y          0.00000e+00   constant   
  14  ANy2         2.43524e-04   2.71261e-04   2.24250e-06   2.82335e-03
  15  pNy2         8.98039e+00   1.11282e+00   9.20376e-03  -8.12235e-07
  16  w_vw         1.44745e+01     fixed    
  17  LM          -4.99363e-05   constant   
 EXTERNAL ERROR MATRIX.    NDIM=  25    NPAR=  5    ERR DEF=1
  4.656e-03  1.603e-07  9.763e-04  1.911e-08 -1.508e-04 
  1.603e-07  7.343e-08 -1.232e-05 -1.147e-10  5.115e-07 
  9.763e-04 -1.232e-05  1.061e+01  5.735e-07 -6.078e-03 
  1.911e-08 -1.147e-10  5.735e-07  7.358e-08 -1.633e-06 
 -1.508e-04  5.115e-07 -6.078e-03 -1.633e-06  1.238e+00 
 PARAMETER  CORRELATION COEFFICIENTS  
       NO.  GLOBAL      8      9     10     14     15
        8  0.01003   1.000  0.009  0.004  0.001 -0.002
        9  0.01662   0.009  1.000 -0.014 -0.002  0.002
       10  0.01478   0.004 -0.014  1.000  0.001 -0.002
       14  0.00576   0.001 -0.002  0.001  1.000 -0.005
       15  0.00623  -0.002  0.002 -0.002 -0.005  1.000
MINUIT - MINOS
 **********
 **  118 **RES 
 **********
                   PARAMETER   16  w_vw RESTORED TO VARIABLE.
                   PARAMETER    7  w_CBO RESTORED TO VARIABLE.
                   PARAMETER    6  A_CBO RESTORED TO VARIABLE.
                   PARAMETER    4  phi RESTORED TO VARIABLE.
                   PARAMETER    3  A0 RESTORED TO VARIABLE.
                   PARAMETER    1  N0 RESTORED TO VARIABLE.
 **********
 **  119 **MIG      2.5e+04        0.01
 **********
 START MIGRAD MINIMIZATION.  STRATEGY  1.  CONVERGENCE WHEN EDM .LT. 1.00e-05
 FCN=285.658 FROM MIGRAD    STATUS=INITIATE       22 CALLS         672 TOTAL
                     EDM= unknown      STRATEGY= 1      NO ERROR MATRIX       
  EXT PARAMETER               CURRENT GUESS       STEP         FIRST   
  NO.   NAME      VALUE            ERROR          SIZE      DERIVATIVE 
   1  N0           2.74036e+06   5.25651e+02   5.25651e+02   2.16609e-08
   2  tau          6.44023e+01   constant   
   3  A0           3.54195e-01   2.54488e-04   2.54488e-04  -5.70189e-02
   4  phi          4.11577e+00   7.50400e-04   7.50400e-04   1.91353e-03
   5  R           -5.91816e+01   constant   
   6  A_CBO        3.97739e-03   2.70879e-04   2.70879e-04   3.25719e-02
   7  w_CBO        2.32526e+00   1.78077e-03   1.78077e-03   1.31696e-01
   8  phi_CBO      2.61538e+00   6.82385e-02   5.64104e-04  -3.00438e-05
   9  ANx2         8.33003e-05   2.70977e-04   2.23988e-06   4.91389e-02
  10  pNx2         3.03308e-01   3.25729e+00   2.69241e-02   1.12812e-06
  11  ANy1         0.00000e+00   constant   
  12  pNy1         0.00000e+00   constant   
  13  w_y          0.00000e+00   constant   
  14  ANy2         2.43524e-04   2.71261e-04   2.24250e-06   2.82187e-03
  15  pNy2         8.98039e+00   1.11282e+00   9.20376e-03  -8.19940e-07
  16  w_vw         1.44745e+01   4.07525e-03   4.07525e-03   1.51124e-01
  17  LM          -4.99363e-05   constant   
 MIGRAD MINIMIZATION HAS CONVERGED.
 MIGRAD WILL VERIFY CONVERGENCE AND ERROR MATRIX.
 COVARIANCE MATRIX CALCULATED SUCCESSFULLY
 FCN=285.658 FROM MIGRAD    STATUS=CONVERGED     149 CALLS         799 TOTAL
                     EDM=3.78214e-06    STRATEGY= 1      ERROR MATRIX ACCURATE 
  EXT PARAMETER                                   STEP         FIRST   
  NO.   NAME      VALUE            ERROR          SIZE      DERIVATIVE 
   1  N0           2.74036e+06   5.25687e+02   4.32548e+00  -6.05595e-10
   2  tau          6.44023e+01   constant   
   3  A0           3.54195e-01   2.54582e-04   2.10277e-06   5.58926e-03
   4  phi          4.11577e+00   7.50616e-04   6.20338e-06   9.10648e-04
   5  R           -5.91816e+01   constant   
   6  A_CBO        3.97739e-03   2.70918e-04   2.23902e-06  -9.14907e-04
   7  w_CBO        2.32526e+00   1.77944e-03   7.40233e-06  -2.29664e-03
   8  phi_CBO      2.61538e+00   4.76345e-01   5.64104e-04   1.71673e-03
   9  ANx2         8.32985e-05   2.71016e-04   2.23988e-06  -3.33567e-03
  10  pNx2         3.03302e-01   3.56543e+00   2.69253e-02   2.27208e-06
  11  ANy1         0.00000e+00   constant   
  12  pNy1         0.00000e+00   constant   
  13  w_y          0.00000e+00   constant   
  14  ANy2         2.43524e-04   2.73202e-04   2.24250e-06   4.34089e-05
  15  pNy2         8.98039e+00   1.40749e+01   9.19952e-03   1.88905e-04
  16  w_vw         1.44745e+01   5.09626e-02   1.15260e-05  -1.30655e-03
  17  LM          -4.99363e-05   constant   
 EXTERNAL ERROR MATRIX.    NDIM=  25    NPAR= 11    ERR DEF=1
  2.763e+05 
  4.300e-03  6.481e-08 
  3.101e-03  7.398e-10  5.634e-07 
  1.232e-03 -3.132e-10  4.284e-09  7.340e-08 
 -3.262e-03 -1.035e-08  8.010e-09 -1.603e-09  3.166e-06 
 -8.303e-01 -2.975e-06  2.156e-06 -3.745e-07  8.389e-04  2.269e-01 
  4.728e-04  2.144e-11  9.363e-10  5.817e-11  7.238e-09  2.077e-06  7.345e-08 
  3.416e+00 -1.097e-05  1.945e-05 -7.135e-06  2.579e-03  6.843e-01 -6.422e-06  1.271e+01 
  1.607e-04 -8.588e-11  4.342e-10 -1.073e-10  1.088e-09  3.213e-07 -1.581e-10  1.866e-06  7.464e-08 
 -3.576e+01  7.908e-06 -6.632e-05  5.141e-06 -1.795e-04 -5.368e-02  2.010e-05 -3.196e-01 -4.576e-04  1.981e+02 
 -1.268e-01  2.791e-08 -2.339e-07  1.789e-08 -6.286e-07 -1.883e-04  7.123e-08 -1.120e-03 -1.656e-06  7.151e-01  2.597e-03 
 PARAMETER  CORRELATION COEFFICIENTS  
       NO.  GLOBAL      1      3      4      6      7      8      9     10     14     15     16
        1  0.03502   1.000  0.032  0.008  0.009 -0.003 -0.003  0.003  0.002  0.001 -0.005 -0.005
        3  0.04223   0.032  1.000  0.004 -0.005 -0.023 -0.025  0.000 -0.012 -0.001  0.002  0.002
        4  0.02548   0.008  0.004  1.000  0.021  0.006  0.006  0.005  0.007  0.002 -0.006 -0.006
        6  0.02470   0.009 -0.005  0.021  1.000 -0.003 -0.003  0.001 -0.007 -0.001  0.001  0.001
        7  0.98972  -0.003 -0.023  0.006 -0.003  1.000  0.990  0.015  0.407  0.002 -0.007 -0.007
        8  0.98969  -0.003 -0.025  0.006 -0.003  0.990  1.000  0.016  0.403  0.002 -0.008 -0.008
        9  0.02371   0.003  0.000  0.005  0.001  0.015  0.016  1.000 -0.007 -0.002  0.005  0.005
       10  0.40687   0.002 -0.012  0.007 -0.007  0.407  0.403 -0.007  1.000  0.002 -0.006 -0.006
       14  0.11912   0.001 -0.001  0.002 -0.001  0.002  0.002 -0.002  0.002  1.000 -0.119 -0.119
       15  0.99687  -0.005  0.002 -0.006  0.001 -0.007 -0.008  0.005 -0.006 -0.119  1.000  0.997
       16  0.99687  -0.005  0.002 -0.006  0.001 -0.007 -0.008  0.005 -0.006 -0.119  0.997  1.000
 **********
 **  120 **MINO      2.5e+04
 **********
                         POSITIVE MINOS ERROR NOT CALCULATED FOR PARAMETER 10
                         NEGATIVE MINOS ERROR NOT CALCULATED FOR PARAMETER 10
                         POSITIVE MINOS ERROR NOT CALCULATED FOR PARAMETER 15
                         NEGATIVE MINOS ERROR NOT CALCULATED FOR PARAMETER 15
                         POSITIVE MINOS ERROR NOT CALCULATED FOR PARAMETER 16
 FCN=284.348 FROM MINOS     STATUS=NEW MINIMU  10360 CALLS       11159 TOTAL
                     EDM= unknown      STRATEGY= 1      NO ERROR MATRIX       
  EXT PARAMETER                  PARABOLIC         MINOS ERRORS        
  NO.   NAME      VALUE            ERROR      NEGATIVE      POSITIVE   
   1  N0           2.74036e+06   5.24997e+02  -5.25683e+02   5.25691e+02
   2  tau          6.44023e+01   constant   
   3  A0           3.54195e-01   2.54485e-04  -2.54582e-04   2.54583e-04
   4  phi          4.11577e+00   7.49764e-04  -7.50616e-04   7.50617e-04
   5  R           -5.91816e+01   constant   
   6  A_CBO        3.97766e-03   2.71094e-04  -2.70918e-04   2.70916e-04
   7  w_CBO        2.32526e+00   1.77154e-03  -1.78027e-03   1.78580e-03
   8  phi_CBO      2.61502e+00   4.73882e-01  -4.76724e-01   4.77795e-01
   9  ANx2         8.33779e-05   2.70481e-04  -4.37614e-04   2.71017e-04
  10  pNx2         3.01757e-01   3.51145e+00                            
  11  ANy1         0.00000e+00   constant   
  12  pNy1         0.00000e+00   constant   
  13  w_y          0.00000e+00   constant   
  14  ANy2         3.94713e-04   2.73092e-04  -7.56620e-04   2.71261e-04
  15  pNy2        -3.53486e+00   7.11005e-01                            
  16  w_vw         1.40420e+01   5.09626e-02                            
  17  LM          -4.99363e-05   constant   
 NEW MINIMUM FOUND.  GO BACK TO MINIMIZATION STEP.
 =================================================
                                                  V
                                                  V
                                                  V
                                               VVVVVVV
                                                VVVVV
                                                 VVV
                                                  V

 START MIGRAD MINIMIZATION.  STRATEGY  1.  CONVERGENCE WHEN EDM .LT. 5.00e-05
 FCN=284.348 FROM MIGRAD    STATUS=INITIATE       24 CALLS       11183 TOTAL
                     EDM= unknown      STRATEGY= 1      NO ERROR MATRIX       
  EXT PARAMETER               CURRENT GUESS       STEP         FIRST   
  NO.   NAME      VALUE            ERROR          SIZE      DERIVATIVE 
   1  N0           2.74036e+06   5.24997e+02  -8.47960e-02  -1.92557e-06
   2  tau          6.44023e+01   constant   
   3  A0           3.54195e-01   2.54485e-04  -1.09588e-08  -2.50686e-01
   4  phi          4.11577e+00   7.49764e-04  -5.46552e-08  -1.06806e+00
   5  R           -5.91816e+01   constant   
   6  A_CBO        3.97766e-03   2.71094e-04   5.02946e-08   4.41197e+00
   7  w_CBO        2.32526e+00   1.77154e-03   1.25968e-07   3.36797e-01
   8  phi_CBO      2.61502e+00   4.73882e-01   7.63433e-06  -6.76522e-03
   9  ANx2         8.33779e-05   2.70481e-04   2.81081e-08   2.41250e+00
  10  pNx2         3.01757e-01   3.51145e+00   1.61574e-03   6.24312e-04
  11  ANy1         0.00000e+00   constant   
  12  pNy1         0.00000e+00   constant   
  13  w_y          0.00000e+00   constant   
  14  ANy2         3.94713e-04   2.73092e-04   1.34795e-05   4.84281e+00
  15  pNy2        -3.53486e+00   7.11005e-01   1.75720e-02  -3.62358e-03
  16  w_vw         1.40420e+01   5.09626e-02   5.09626e-02  -2.52098e+02
  17  LM          -4.99363e-05   constant   
 MIGRAD MINIMIZATION HAS CONVERGED.
 MIGRAD WILL VERIFY CONVERGENCE AND ERROR MATRIX.
 COVARIANCE MATRIX CALCULATED SUCCESSFULLY
 FCN=283.849 FROM MIGRAD    STATUS=CONVERGED     247 CALLS       11406 TOTAL
                     EDM=8.61007e-06    STRATEGY= 1      ERROR MATRIX ACCURATE 
  EXT PARAMETER                                   STEP         FIRST   
  NO.   NAME      VALUE            ERROR          SIZE      DERIVATIVE 
   1  N0           2.74036e+06   5.25683e+02   4.31181e+00  -8.66597e-07
   2  tau          6.44023e+01   constant   
   3  A0           3.54195e-01   2.54582e-04   2.09613e-06   7.00788e-01
   4  phi          4.11577e+00   7.50603e-04   6.18377e-06  -6.41355e-01
   5  R           -5.91816e+01   constant   
   6  A_CBO        3.97757e-03   2.70918e-04   2.23194e-06   2.04843e+00
   7  w_CBO        2.32526e+00   1.77929e-03   7.37874e-06   4.24145e-01
   8  phi_CBO      2.61503e+00   4.76301e-01   5.62319e-04   1.97492e-03
   9  ANx2         8.36455e-05   2.71014e-04   2.23282e-06   1.56871e+00
  10  pNx2         2.96824e-01   3.55332e+00   2.67958e-02   2.04470e-04
  11  ANy1         0.00000e+00   constant   
  12  pNy1         0.00000e+00   constant   
  13  w_y          0.00000e+00   constant   
  14  ANy2         4.38230e-04   2.71200e-04   2.23383e-06  -2.33229e+00
  15  pNy2        -9.16433e-01   3.58610e+00   5.10416e-03   2.35426e-04
  16  w_vw         1.40519e+01   1.32704e-02   6.59850e-06  -5.29041e-02
  17  LM          -4.99363e-05   constant   
 EXTERNAL ERROR MATRIX.    NDIM=  25    NPAR= 11    ERR DEF=1
  2.763e+05 
  4.302e-03  6.481e-08 
  3.092e-03  7.420e-10  5.634e-07 
  1.233e-03 -3.131e-10  4.286e-09  7.340e-08 
 -3.287e-03 -1.035e-08  7.964e-09 -1.634e-09  3.166e-06 
 -8.375e-01 -2.973e-06  2.143e-06 -3.825e-07  8.387e-04  2.269e-01 
  4.725e-04  2.415e-11  9.326e-10  6.125e-11  6.695e-09  1.933e-06  7.345e-08 
  3.384e+00 -1.094e-05  1.937e-05 -7.132e-06  2.576e-03  6.833e-01 -7.699e-06  1.263e+01 
 -2.879e-05  3.602e-12 -4.842e-12 -3.444e-11 -1.985e-10 -5.634e-08 -1.793e-11 -9.582e-07  7.355e-08 
 -4.792e+00  9.648e-07 -8.029e-06  4.516e-07 -2.043e-05 -6.167e-03  2.210e-06 -3.138e-02 -3.044e-05  1.286e+01 
 -1.617e-02  2.788e-09 -2.607e-08  1.017e-09 -6.202e-08 -1.887e-05  6.620e-09 -9.155e-05 -1.120e-07  4.688e-02  1.761e-04 
 PARAMETER  CORRELATION COEFFICIENTS  
       NO.  GLOBAL      1      3      4      6      7      8      9     10     14     15     16
        1  0.03478   1.000  0.032  0.008  0.009 -0.004 -0.003  0.003  0.002 -0.000 -0.003 -0.002
        3  0.04219   0.032  1.000  0.004 -0.005 -0.023 -0.025  0.000 -0.012  0.000  0.001  0.001
        4  0.02484   0.008  0.004  1.000  0.021  0.006  0.006  0.005  0.007 -0.000 -0.003 -0.003
        6  0.02466   0.009 -0.005  0.021  1.000 -0.003 -0.003  0.001 -0.007 -0.000  0.000  0.000
        7  0.98972  -0.004 -0.023  0.006 -0.003  1.000  0.990  0.014  0.407 -0.000 -0.003 -0.003
        8  0.98969  -0.003 -0.025  0.006 -0.003  0.990  1.000  0.015  0.404 -0.000 -0.004 -0.003
        9  0.02315   0.003  0.000  0.005  0.001  0.014  0.015  1.000 -0.008 -0.000  0.002  0.002
       10  0.40772   0.002 -0.012  0.007 -0.007  0.407  0.404 -0.008  1.000 -0.001 -0.002 -0.002
       14  0.03137  -0.000  0.000 -0.000 -0.000 -0.000 -0.000 -0.000 -0.001  1.000 -0.031 -0.031
       15  0.98500  -0.003  0.001 -0.003  0.000 -0.003 -0.004  0.002 -0.002 -0.031  1.000  0.985
       16  0.98500  -0.002  0.001 -0.003  0.000 -0.003 -0.003  0.002 -0.002 -0.031  0.985  1.000
                         POSITIVE MINOS ERROR NOT CALCULATED FOR PARAMETER 10
                         NEGATIVE MINOS ERROR NOT CALCULATED FOR PARAMETER 10
 FCN=283.849 FROM MINOS     STATUS=PROBLEMS     3810 CALLS       15216 TOTAL
                     EDM=8.61007e-06    STRATEGY= 1      ERROR MATRIX ACCURATE 
  EXT PARAMETER                  PARABOLIC         MINOS ERRORS        
  NO.   NAME      VALUE            ERROR      NEGATIVE      POSITIVE   
   1  N0           2.74036e+06   5.25683e+02  -5.25563e+02   5.25805e+02
   2  tau          6.44023e+01   constant   
   3  A0           3.54195e-01   2.54582e-04  -2.54593e-04   2.54573e-04
   4  phi          4.11577e+00   7.50603e-04  -7.50443e-04   7.50770e-04
   5  R           -5.91816e+01   constant   
   6  A_CBO        3.97757e-03   2.70918e-04  -2.70991e-04   2.70844e-04
   7  w_CBO        2.32526e+00   1.77929e-03  -1.78283e-03   1.78286e-03
   8  phi_CBO      2.61503e+00   4.76301e-01  -4.77398e-01   4.77012e-01
   9  ANx2         8.36455e-05   2.71014e-04  -4.38236e-04   2.70945e-04
  10  pNx2         2.96824e-01   3.55332e+00                            
  11  ANy1         0.00000e+00   constant   
  12  pNy1         0.00000e+00   constant   
  13  w_y          0.00000e+00   constant   
  14  ANy2         4.38230e-04   2.71200e-04  -2.70981e-04   2.71154e-04
  15  pNy2        -9.16433e-01   3.58610e+00  -4.01922e+00   4.06506e+00
  16  w_vw         1.40519e+01   1.32704e-02  -1.51926e-02   1.54839e-02
  17  LM          -4.99363e-05   constant   
 **********
 **  121 **SHO COR 
 **********
 PARAMETER  CORRELATION COEFFICIENTS  
       NO.  GLOBAL      1      3      4      6      7      8      9     10     14     15     16
        1  0.03478   1.000  0.032  0.008  0.009 -0.004 -0.003  0.003  0.002 -0.000 -0.003 -0.002
        3  0.04219   0.032  1.000  0.004 -0.005 -0.023 -0.025  0.000 -0.012  0.000  0.001  0.001
        4  0.02484   0.008  0.004  1.000  0.021  0.006  0.006  0.005  0.007 -0.000 -0.003 -0.003
        6  0.02466   0.009 -0.005  0.021  1.000 -0.003 -0.003  0.001 -0.007 -0.000  0.000  0.000
        7  0.98972  -0.004 -0.023  0.006 -0.003  1.000  0.990  0.014  0.407 -0.000 -0.003 -0.003
        8  0.98969  -0.003 -0.025  0.006 -0.003  0.990  1.000  0.015  0.404 -0.000 -0.004 -0.003
        9  0.02315   0.003  0.000  0.005  0.001  0.014  0.015  1.000 -0.008 -0.000  0.002  0.002
       10  0.40772   0.002 -0.012  0.007 -0.007  0.407  0.404 -0.008  1.000 -0.001 -0.002 -0.002
       14  0.03137  -0.000  0.000 -0.000 -0.000 -0.000 -0.000 -0.000 -0.001  1.000 -0.031 -0.031
       15  0.98500  -0.003  0.001 -0.003  0.000 -0.003 -0.004  0.002 -0.002 -0.031  1.000  0.985
       16  0.98500  -0.002  0.001 -0.003  0.000 -0.003 -0.003  0.002 -0.002 -0.031  0.985  1.000
