 + ++++++++++++++++++++++++++++++++++++++++++++++++++++++++++++++++++++ +
 +                                                                      +
 +           You have chose to blind your fitting according to          +
 +                omega_ref * (1 + (R +/- deltaR) *10^{-6})             +
 +                                                                      +
 + ++++++++++++++++++++++++++++++++++++++++++++++++++++++++++++++++++++ +
In main()...
reading format from /gm2data/zkhechad/run45/envelope/formats/formatB_sBin_constraintOn.txt
pBinTau 	= 0  
pBinPhi 	= 0  
constraintau 	= 1 
includeMopTerm 	= 0    
constrainMop    = 0   
Parameters after format file: pBinTau 0 pBinPhi 0 constraintau 1 includeMopTerm 0 constrainMop 0 c_e_scale 0.000000 
reading cbo reference file (full fit) from /gm2data/zkhechad/cboTemplates/Run4CBOTemplates/fullFits/run4/sBin_constraintOn_cE0.0_seed0_run4_calo1.root
A_CBO 0.008450 w_CBO 2.327583 phi_CBO 2.512904 N0 3416164.907261 R -60.829491 tau 64.397625 
Reading cboRef file /gm2data/zkhechad/cboTemplates/Run4CBOTemplates//cboIsolate/run4_calo1.root
deltaT 164.120000
windowBins = 1100
fitting sliding window 1500 from bin 1703 at 254.087600 to bin 2803 at 418.207600 (1100 bins)

Reading data from /gm2data/cornell/histograms/aMethod/histogram_a_run4.root
fitting cbo isolate
 **********
 **    1 **SET PRINTOUT            1
 **********
 **********
 **    2 **SET NOWARNINGS 
 **********
 PARAMETER DEFINITIONS:
    NO.   NAME         VALUE      STEP SIZE      LIMITS
     1 A_CBO        8.44960e-03  1.00000e-05     no limits
     2 w_CBO        2.32758e+00  1.00000e-02    2.00000e+00  3.00000e+00
     3 phi_CBO      2.51290e+00  1.00000e-02    0.00000e+00  6.28319e+00
 **********
 **    3 **MIGRAD
 **********
 FIRST CALL TO USER FUNCTION AT NEW START POINT, WITH IFLAG=4.
 START MIGRAD MINIMIZATION.  STRATEGY  1.  CONVERGENCE WHEN EDM .LT. 1.00e-04
 FCN=0.0522646 FROM MIGRAD    STATUS=INITIATE       12 CALLS          13 TOTAL
                     EDM= unknown      STRATEGY= 1      NO ERROR MATRIX       
  EXT PARAMETER               CURRENT GUESS       STEP         FIRST   
  NO.   NAME      VALUE            ERROR          SIZE      DERIVATIVE 
   1  A_CBO        8.44960e-03   1.00000e-05   1.00000e-05   6.16057e+00
   2  w_CBO        2.32758e+00   1.00000e-02   2.13091e-02   1.48372e+00
   3  phi_CBO      2.51290e+00   1.00000e-02   3.24882e-03  -2.69998e-02
 MIGRAD MINIMIZATION HAS CONVERGED.
 MIGRAD WILL VERIFY CONVERGENCE AND ERROR MATRIX.
 COVARIANCE MATRIX CALCULATED SUCCESSFULLY
 FCN=0.0344533 FROM HESSE     STATUS=OK             16 CALLS          59 TOTAL
                     EDM=0.000130158    STRATEGY= 1      ERROR MATRIX ACCURATE 
  EXT PARAMETER                                   STEP         FIRST   
  NO.   NAME      VALUE            ERROR          SIZE      DERIVATIVE 
   1  A_CBO        3.00119e-03   4.37053e-02   2.12105e-05   5.73242e-04
   2  w_CBO        2.32704e+00   2.84931e-01   4.68611e-05   3.07369e-02
   3  phi_CBO      2.65202e+00   4.32854e+00   2.38131e-03   8.36893e-05
 MIGRAD MINIMIZATION HAS CONVERGED.
 FCN=0.0343407 FROM MIGRAD    STATUS=CONVERGED      67 CALLS          68 TOTAL
                     EDM=7.9128e-06    STRATEGY= 1  ERROR MATRIX UNCERTAINTY   3.4 per cent
  EXT PARAMETER                                   STEP         FIRST   
  NO.   NAME      VALUE            ERROR          SIZE      DERIVATIVE 
   1  A_CBO        3.08746e-03   4.24412e-02   8.62664e-05   5.73781e-02
   2  w_CBO        2.32419e+00   2.61404e-01  -6.09474e-03  -5.54568e-02
   3  phi_CBO      1.73355e+00   3.47776e+00  -3.08270e-01   1.07871e-03
 EXTERNAL ERROR MATRIX.    NDIM=  25    NPAR=  3    ERR DEF=1
  1.801e-03 -1.080e-03 -3.632e-01 
 -1.080e-03  7.692e-02  2.405e+01 
 -3.632e-01  2.405e+01  7.671e+03 
 PARAMETER  CORRELATION COEFFICIENTS  
       NO.  GLOBAL      1      2      3
        1  0.10391   1.000 -0.092 -0.098
        2  0.99006  -0.092  1.000  0.990
        3  0.99007  -0.098  0.990  1.000
setting A_CBO=0.003087 w_CBO=2.324186, phi_CBO=1.733552
done fitting cbo isolate
 **********
 **    1 **SET PRINTOUT            1
 **********
 **********
 **    2 **SET NOWARNINGS 
 **********
 PARAMETER DEFINITIONS:
    NO.   NAME         VALUE      STEP SIZE      LIMITS
     1 N0           3.41616e+06  1.00000e+02     no limits
     2 tau          6.43976e+01  constant
     3 A0           3.54950e-01  1.00000e-04     no limits
     4 phi          4.12292e+00  1.00000e-02     no limits
     5 R           -6.08295e+01  constant
     6 A_CBO        3.08746e-03  1.00000e-05     no limits
     7 w_CBO        2.32419e+00  1.00000e-03     no limits
     8 phi_CBO      1.73355e+00  1.00000e-04     no limits
     9 ANx2         2.24467e-04  constant
    10 pNx2         2.31915e+00  constant
    11 ANy1         0.00000e+00  constant
    12 pNy1         0.00000e+00  constant
    13 w_y          0.00000e+00  constant
    14 ANy2         1.49899e-02  1.00000e-04     no limits
    15 pNy2         4.64502e+00  constant
    16 w_vw         1.43138e+01  constant
    17 LM          -1.76320e-04  constant
    18 wCBO_expCoeff   0.00000e+00  constant
    19 wCBO_expOffset   0.00000e+00  constant
    20 wCBO_expT    0.00000e+00  constant
    21 wCBO_linCoeff   0.00000e+00  constant
    22 wCBO_const   0.00000e+00  constant
MINUIT - FIT ONLY WIGGLE
 **********
 **    3 **FIX            5
 **********
 PARAMETER    5  IS CONSTANT.   IGNORED.
 **********
 **    4 **FIX            6
 **********
 **********
 **    5 **FIX            7
 **********
 **********
 **    6 **FIX            8
 **********
 **********
 **    7 **FIX            9
 **********
 PARAMETER    9  IS CONSTANT.   IGNORED.
 **********
 **    8 **FIX           10
 **********
 PARAMETER   10  IS CONSTANT.   IGNORED.
 **********
 **    9 **FIX           11
 **********
 PARAMETER   11  IS CONSTANT.   IGNORED.
 **********
 **   10 **FIX           12
 **********
 PARAMETER   12  IS CONSTANT.   IGNORED.
 **********
 **   11 **FIX           13
 **********
 PARAMETER   13  IS CONSTANT.   IGNORED.
 **********
 **   12 **FIX           14
 **********
 **********
 **   13 **FIX           15
 **********
 PARAMETER   15  IS CONSTANT.   IGNORED.
 **********
 **   14 **FIX           16
 **********
 PARAMETER   16  IS CONSTANT.   IGNORED.
 **********
 **   15 **MIGRAD
 **********
 FIRST CALL TO USER FUNCTION AT NEW START POINT, WITH IFLAG=4.
 START MIGRAD MINIMIZATION.  STRATEGY  1.  CONVERGENCE WHEN EDM .LT. 1.00e-04
 FCN=2422.3 FROM MIGRAD    STATUS=INITIATE       12 CALLS          13 TOTAL
                     EDM= unknown      STRATEGY= 1      NO ERROR MATRIX       
  EXT PARAMETER               CURRENT GUESS       STEP         FIRST   
  NO.   NAME      VALUE            ERROR          SIZE      DERIVATIVE 
   1  N0           3.41616e+06   1.00000e+02   1.00000e+02   8.86735e-04
   2  tau          6.43976e+01   constant   
   3  A0           3.54950e-01   1.00000e-04   1.00000e-04  -3.77685e+03
   4  phi          4.12292e+00   1.00000e-02   1.00000e-02   3.47048e+02
   5  R           -6.08295e+01   constant   
   6  A_CBO        3.08746e-03     fixed    
   7  w_CBO        2.32419e+00     fixed    
   8  phi_CBO      1.73355e+00     fixed    
   9  ANx2         2.24467e-04   constant   
  10  pNx2         2.31915e+00   constant   
  11  ANy1         0.00000e+00   constant   
  12  pNy1         0.00000e+00   constant   
  13  w_y          0.00000e+00   constant   
  14  ANy2         1.49899e-02     fixed    
  15  pNy2         4.64502e+00   constant   
  16  w_vw         1.43138e+01   constant   
  17  LM          -1.76320e-04   constant   
  18  wCBO_expCoeff   0.00000e+00   constant   
  19  wCBO_expOffset   0.00000e+00   constant   
  20  wCBO_expT    0.00000e+00   constant   
  21  wCBO_linCoeff   0.00000e+00   constant   
  22  wCBO_const   0.00000e+00   constant   
 MIGRAD MINIMIZATION HAS CONVERGED.
 MIGRAD WILL VERIFY CONVERGENCE AND ERROR MATRIX.
 COVARIANCE MATRIX CALCULATED SUCCESSFULLY
 FCN=2421.82 FROM MIGRAD    STATUS=CONVERGED      42 CALLS          43 TOTAL
                     EDM=5.35282e-08    STRATEGY= 1      ERROR MATRIX ACCURATE 
  EXT PARAMETER                                   STEP         FIRST   
  NO.   NAME      VALUE            ERROR          SIZE      DERIVATIVE 
   1  N0           3.41590e+06   7.84806e+02   1.86864e+01   2.39713e-07
   2  tau          6.43976e+01   constant   
   3  A0           3.55126e-01   3.07076e-04   7.37911e-06   1.50306e-01
   4  phi          4.12277e+00   8.97563e-04   2.15682e-05  -2.96378e-01
   5  R           -6.08295e+01   constant   
   6  A_CBO        3.08746e-03     fixed    
   7  w_CBO        2.32419e+00     fixed    
   8  phi_CBO      1.73355e+00     fixed    
   9  ANx2         2.24467e-04   constant   
  10  pNx2         2.31915e+00   constant   
  11  ANy1         0.00000e+00   constant   
  12  pNy1         0.00000e+00   constant   
  13  w_y          0.00000e+00   constant   
  14  ANy2         1.49899e-02     fixed    
  15  pNy2         4.64502e+00   constant   
  16  w_vw         1.43138e+01   constant   
  17  LM          -1.76320e-04   constant   
  18  wCBO_expCoeff   0.00000e+00   constant   
  19  wCBO_expOffset   0.00000e+00   constant   
  20  wCBO_expT    0.00000e+00   constant   
  21  wCBO_linCoeff   0.00000e+00   constant   
  22  wCBO_const   0.00000e+00   constant   
 EXTERNAL ERROR MATRIX.    NDIM=  25    NPAR=  3    ERR DEF=1
  6.159e+05  3.831e-03  1.213e-02 
  3.831e-03  9.430e-08 -2.417e-09 
  1.213e-02 -2.417e-09  8.056e-07 
 PARAMETER  CORRELATION COEFFICIENTS  
       NO.  GLOBAL      1      3      4
        1  0.02354   1.000  0.016  0.017
        3  0.01829   0.016  1.000 -0.009
        4  0.01944   0.017 -0.009  1.000
MINUIT - FIT ONLY 1-CBO + other amplitudes 
 **********
 **   16 **RES 
 **********
                   PARAMETER   14  ANy2 RESTORED TO VARIABLE.
                   PARAMETER    8  phi_CBO RESTORED TO VARIABLE.
                   PARAMETER    7  w_CBO RESTORED TO VARIABLE.
                   PARAMETER    6  A_CBO RESTORED TO VARIABLE.
 **********
 **   17 **FIX            0
 **********
 PARAMETER    0  IS UNDEFINED. IGNORED.
 **********
 **   18 **FIX            1
 **********
 **********
 **   19 **FIX            2
 **********
 PARAMETER    2  IS CONSTANT.   IGNORED.
 **********
 **   20 **FIX            3
 **********
 **********
 **   21 **FIX            4
 **********
 **********
 **   22 **FIX            9
 **********
 PARAMETER    9  IS CONSTANT.   IGNORED.
 **********
 **   23 **FIX           11
 **********
 PARAMETER   11  IS CONSTANT.   IGNORED.
 **********
 **   24 **FIX           12
 **********
 PARAMETER   12  IS CONSTANT.   IGNORED.
 **********
 **   25 **FIX           14
 **********
 **********
 **   26 **FIX           15
 **********
 PARAMETER   15  IS CONSTANT.   IGNORED.
 **********
 **   27 **FIX           16
 **********
 PARAMETER   16  IS CONSTANT.   IGNORED.
 **********
 **   28 **MIGRAD
 **********
 START MIGRAD MINIMIZATION.  STRATEGY  1.  CONVERGENCE WHEN EDM .LT. 1.00e-04
 FCN=2421.82 FROM MIGRAD    STATUS=INITIATE       12 CALLS          55 TOTAL
                     EDM= unknown      STRATEGY= 1      NO ERROR MATRIX       
  EXT PARAMETER               CURRENT GUESS       STEP         FIRST   
  NO.   NAME      VALUE            ERROR          SIZE      DERIVATIVE 
   1  N0           3.41590e+06     fixed    
   2  tau          6.43976e+01   constant   
   3  A0           3.55126e-01     fixed    
   4  phi          4.12277e+00     fixed    
   5  R           -6.08295e+01   constant   
   6  A_CBO        3.08746e-03   1.00000e-05   1.00000e-05  -2.01277e+03
   7  w_CBO        2.32419e+00   1.00000e-03   1.00000e-03  -1.96568e+02
   8  phi_CBO      1.73355e+00   1.00000e-04   1.00000e-04   1.13443e+00
   9  ANx2         2.24467e-04   constant   
  10  pNx2         2.31915e+00   constant   
  11  ANy1         0.00000e+00   constant   
  12  pNy1         0.00000e+00   constant   
  13  w_y          0.00000e+00   constant   
  14  ANy2         1.49899e-02     fixed    
  15  pNy2         4.64502e+00   constant   
  16  w_vw         1.43138e+01   constant   
  17  LM          -1.76320e-04   constant   
  18  wCBO_expCoeff   0.00000e+00   constant   
  19  wCBO_expOffset   0.00000e+00   constant   
  20  wCBO_expT    0.00000e+00   constant   
  21  wCBO_linCoeff   0.00000e+00   constant   
  22  wCBO_const   0.00000e+00   constant   
 MIGRAD MINIMIZATION HAS CONVERGED.
 MIGRAD WILL VERIFY CONVERGENCE AND ERROR MATRIX.
 COVARIANCE MATRIX CALCULATED SUCCESSFULLY
 FCN=2421.63 FROM MIGRAD    STATUS=CONVERGED      72 CALLS         115 TOTAL
                     EDM=2.42671e-06    STRATEGY= 1      ERROR MATRIX ACCURATE 
  EXT PARAMETER                                   STEP         FIRST   
  NO.   NAME      VALUE            ERROR          SIZE      DERIVATIVE 
   1  N0           3.41590e+06     fixed    
   2  tau          6.43976e+01   constant   
   3  A0           3.55126e-01     fixed    
   4  phi          4.12277e+00     fixed    
   5  R           -6.08295e+01   constant   
   6  A_CBO        3.19699e-03   3.25437e-04   7.81583e-06  -4.27724e+00
   7  w_CBO        2.32319e+00   3.86347e-03   8.06565e-06   1.67252e+00
   8  phi_CBO      1.42712e+00   1.16746e+00   2.43744e-03  -4.17787e-03
   9  ANx2         2.24467e-04   constant   
  10  pNx2         2.31915e+00   constant   
  11  ANy1         0.00000e+00   constant   
  12  pNy1         0.00000e+00   constant   
  13  w_y          0.00000e+00   constant   
  14  ANy2         1.49899e-02     fixed    
  15  pNy2         4.64502e+00   constant   
  16  w_vw         1.43138e+01   constant   
  17  LM          -1.76320e-04   constant   
  18  wCBO_expCoeff   0.00000e+00   constant   
  19  wCBO_expOffset   0.00000e+00   constant   
  20  wCBO_expT    0.00000e+00   constant   
  21  wCBO_linCoeff   0.00000e+00   constant   
  22  wCBO_const   0.00000e+00   constant   
 EXTERNAL ERROR MATRIX.    NDIM=  25    NPAR=  3    ERR DEF=1
  1.059e-07 -4.726e-08 -1.423e-05 
 -4.726e-08  1.493e-05  4.493e-03 
 -1.423e-05  4.493e-03  1.363e+00 
 PARAMETER  CORRELATION COEFFICIENTS  
       NO.  GLOBAL      6      7      8
        6  0.03759   1.000 -0.038 -0.037
        7  0.99621  -0.038  1.000  0.996
        8  0.99621  -0.037  0.996  1.000
MINUIT - FIT ONLY 1-CBO
 **********
 **   29 **RES 
 **********
                   PARAMETER   14  ANy2 RESTORED TO VARIABLE.
                   PARAMETER    4  phi RESTORED TO VARIABLE.
                   PARAMETER    3  A0 RESTORED TO VARIABLE.
                   PARAMETER    1  N0 RESTORED TO VARIABLE.
 **********
 **   30 **FIX            0
 **********
 PARAMETER    0  IS UNDEFINED. IGNORED.
 **********
 **   31 **FIX            1
 **********
 **********
 **   32 **FIX            2
 **********
 PARAMETER    2  IS CONSTANT.   IGNORED.
 **********
 **   33 **FIX            3
 **********
 **********
 **   34 **FIX            4
 **********
 **********
 **   35 **FIX            8
 **********
 **********
 **   36 **FIX            9
 **********
 PARAMETER    9  IS CONSTANT.   IGNORED.
 **********
 **   37 **FIX           11
 **********
 PARAMETER   11  IS CONSTANT.   IGNORED.
 **********
 **   38 **FIX           12
 **********
 PARAMETER   12  IS CONSTANT.   IGNORED.
 **********
 **   39 **FIX           13
 **********
 PARAMETER   13  IS CONSTANT.   IGNORED.
 **********
 **   40 **FIX           15
 **********
 PARAMETER   15  IS CONSTANT.   IGNORED.
 **********
 **   41 **FIX           16
 **********
 PARAMETER   16  IS CONSTANT.   IGNORED.
 **********
 **   42 **MIGRAD
 **********
 START MIGRAD MINIMIZATION.  STRATEGY  1.  CONVERGENCE WHEN EDM .LT. 1.00e-04
 FCN=2421.63 FROM MIGRAD    STATUS=INITIATE        8 CALLS         123 TOTAL
                     EDM= unknown      STRATEGY= 1      NO ERROR MATRIX       
  EXT PARAMETER               CURRENT GUESS       STEP         FIRST   
  NO.   NAME      VALUE            ERROR          SIZE      DERIVATIVE 
   1  N0           3.41590e+06     fixed    
   2  tau          6.43976e+01   constant   
   3  A0           3.55126e-01     fixed    
   4  phi          4.12277e+00     fixed    
   5  R           -6.08295e+01   constant   
   6  A_CBO        3.19699e-03   3.25437e-04   7.81583e-06  -4.27724e+00
   7  w_CBO        2.32319e+00   3.86347e-03   8.06565e-06   1.67275e+00
   8  phi_CBO      1.42712e+00     fixed    
   9  ANx2         2.24467e-04   constant   
  10  pNx2         2.31915e+00   constant   
  11  ANy1         0.00000e+00   constant   
  12  pNy1         0.00000e+00   constant   
  13  w_y          0.00000e+00   constant   
  14  ANy2         1.49899e-02   1.00000e-04   1.00000e-04   2.81072e+05
  15  pNy2         4.64502e+00   constant   
  16  w_vw         1.43138e+01   constant   
  17  LM          -1.76320e-04   constant   
  18  wCBO_expCoeff   0.00000e+00   constant   
  19  wCBO_expOffset   0.00000e+00   constant   
  20  wCBO_expT    0.00000e+00   constant   
  21  wCBO_linCoeff   0.00000e+00   constant   
  22  wCBO_const   0.00000e+00   constant   
 MIGRAD MINIMIZATION HAS CONVERGED.
 MIGRAD WILL VERIFY CONVERGENCE AND ERROR MATRIX.
 COVARIANCE MATRIX CALCULATED SUCCESSFULLY
 FCN=337.723 FROM MIGRAD    STATUS=CONVERGED      38 CALLS         153 TOTAL
                     EDM=1.72679e-07    STRATEGY= 1      ERROR MATRIX ACCURATE 
  EXT PARAMETER                                   STEP         FIRST   
  NO.   NAME      VALUE            ERROR          SIZE      DERIVATIVE 
   1  N0           3.41590e+06     fixed    
   2  tau          6.43976e+01   constant   
   3  A0           3.55126e-01     fixed    
   4  phi          4.12277e+00     fixed    
   5  R           -6.08295e+01   constant   
   6  A_CBO        3.18722e-03   3.25225e-04   2.92266e-06  -9.40022e-01
   7  w_CBO        2.32321e+00   3.36909e-04   3.02286e-06  -1.49115e+00
   8  phi_CBO      1.42712e+00     fixed    
   9  ANx2         2.24467e-04   constant   
  10  pNx2         2.31915e+00   constant   
  11  ANy1         0.00000e+00   constant   
  12  pNy1         0.00000e+00   constant   
  13  w_y          0.00000e+00   constant   
  14  ANy2         1.61591e-04   3.24826e-04   2.91906e-06   2.62830e-03
  15  pNy2         4.64502e+00   constant   
  16  w_vw         1.43138e+01   constant   
  17  LM          -1.76320e-04   constant   
  18  wCBO_expCoeff   0.00000e+00   constant   
  19  wCBO_expOffset   0.00000e+00   constant   
  20  wCBO_expT    0.00000e+00   constant   
  21  wCBO_linCoeff   0.00000e+00   constant   
  22  wCBO_const   0.00000e+00   constant   
 EXTERNAL ERROR MATRIX.    NDIM=  25    NPAR=  3    ERR DEF=1
  1.058e-07 -1.766e-10  7.595e-11 
 -1.766e-10  1.135e-07 -1.604e-10 
  7.595e-11 -1.604e-10  1.055e-07 
 PARAMETER  CORRELATION COEFFICIENTS  
       NO.  GLOBAL      6      7     14
        6  0.00176   1.000 -0.002  0.001
        7  0.00218  -0.002  1.000 -0.001
       14  0.00163   0.001 -0.001  1.000
MINUIT - FIT ONLY 2-CBO
 **********
 **   43 **RES 
 **********
                   PARAMETER    8  phi_CBO RESTORED TO VARIABLE.
                   PARAMETER    4  phi RESTORED TO VARIABLE.
                   PARAMETER    3  A0 RESTORED TO VARIABLE.
                   PARAMETER    1  N0 RESTORED TO VARIABLE.
 **********
 **   44 **FIX            0
 **********
 PARAMETER    0  IS UNDEFINED. IGNORED.
 **********
 **   45 **FIX            1
 **********
 **********
 **   46 **FIX            2
 **********
 PARAMETER    2  IS CONSTANT.   IGNORED.
 **********
 **   47 **FIX            3
 **********
 **********
 **   48 **FIX            4
 **********
 **********
 **   49 **FIX            5
 **********
 PARAMETER    5  IS CONSTANT.   IGNORED.
 **********
 **   50 **FIX            6
 **********
 **********
 **   51 **FIX            7
 **********
 **********
 **   52 **FIX           10
 **********
 PARAMETER   10  IS CONSTANT.   IGNORED.
 **********
 **   53 **FIX           11
 **********
 PARAMETER   11  IS CONSTANT.   IGNORED.
 **********
 **   54 **FIX           12
 **********
 PARAMETER   12  IS CONSTANT.   IGNORED.
 **********
 **   55 **FIX           13
 **********
 PARAMETER   13  IS CONSTANT.   IGNORED.
 **********
 **   56 **FIX           14
 **********
 **********
 **   57 **FIX           15
 **********
 PARAMETER   15  IS CONSTANT.   IGNORED.
 **********
 **   58 **FIX           16
 **********
 PARAMETER   16  IS CONSTANT.   IGNORED.
 **********
 **   59 **MIGRAD
 **********
 START MIGRAD MINIMIZATION.  STRATEGY  1.  CONVERGENCE WHEN EDM .LT. 1.00e-04
 FCN=337.723 FROM MIGRAD    STATUS=INITIATE        2 CALLS         155 TOTAL
                     EDM= unknown      STRATEGY= 1      NO ERROR MATRIX       
  EXT PARAMETER               CURRENT GUESS       STEP         FIRST   
  NO.   NAME      VALUE            ERROR          SIZE      DERIVATIVE 
   1  N0           3.41590e+06     fixed    
   2  tau          6.43976e+01   constant   
   3  A0           3.55126e-01     fixed    
   4  phi          4.12277e+00     fixed    
   5  R           -6.08295e+01   constant   
   6  A_CBO        3.18722e-03     fixed    
   7  w_CBO        2.32321e+00     fixed    
   8  phi_CBO      1.42712e+00   1.16746e+00   1.16746e+00   3.69420e-01
   9  ANx2         2.24467e-04   constant   
  10  pNx2         2.31915e+00   constant   
  11  ANy1         0.00000e+00   constant   
  12  pNy1         0.00000e+00   constant   
  13  w_y          0.00000e+00   constant   
  14  ANy2         1.61591e-04     fixed    
  15  pNy2         4.64502e+00   constant   
  16  w_vw         1.43138e+01   constant   
  17  LM          -1.76320e-04   constant   
  18  wCBO_expCoeff   0.00000e+00   constant   
  19  wCBO_expOffset   0.00000e+00   constant   
  20  wCBO_expT    0.00000e+00   constant   
  21  wCBO_linCoeff   0.00000e+00   constant   
  22  wCBO_const   0.00000e+00   constant   
 MIGRAD MINIMIZATION HAS CONVERGED.
 MIGRAD WILL VERIFY CONVERGENCE AND ERROR MATRIX.
 COVARIANCE MATRIX CALCULATED SUCCESSFULLY
 FCN=337.722 FROM MIGRAD    STATUS=CONVERGED      12 CALLS         165 TOTAL
                     EDM=2.38776e-15    STRATEGY= 1      ERROR MATRIX ACCURATE 
  EXT PARAMETER                                   STEP         FIRST   
  NO.   NAME      VALUE            ERROR          SIZE      DERIVATIVE 
   1  N0           3.41590e+06     fixed    
   2  tau          6.43976e+01   constant   
   3  A0           3.55126e-01     fixed    
   4  phi          4.12277e+00     fixed    
   5  R           -6.08295e+01   constant   
   6  A_CBO        3.18722e-03     fixed    
   7  w_CBO        2.32321e+00     fixed    
   8  phi_CBO      1.42520e+00   1.01806e-01   9.14883e-04   6.78791e-07
   9  ANx2         2.24467e-04   constant   
  10  pNx2         2.31915e+00   constant   
  11  ANy1         0.00000e+00   constant   
  12  pNy1         0.00000e+00   constant   
  13  w_y          0.00000e+00   constant   
  14  ANy2         1.61591e-04     fixed    
  15  pNy2         4.64502e+00   constant   
  16  w_vw         1.43138e+01   constant   
  17  LM          -1.76320e-04   constant   
  18  wCBO_expCoeff   0.00000e+00   constant   
  19  wCBO_expOffset   0.00000e+00   constant   
  20  wCBO_expT    0.00000e+00   constant   
  21  wCBO_linCoeff   0.00000e+00   constant   
  22  wCBO_const   0.00000e+00   constant   
 EXTERNAL ERROR MATRIX.    NDIM=  25    NPAR=  1    ERR DEF=1
  1.036e-02 
MINUIT - FIT ONLY 1-y
 **********
 **   60 **RES 
 **********
                   PARAMETER   14  ANy2 RESTORED TO VARIABLE.
                   PARAMETER    7  w_CBO RESTORED TO VARIABLE.
                   PARAMETER    6  A_CBO RESTORED TO VARIABLE.
                   PARAMETER    4  phi RESTORED TO VARIABLE.
                   PARAMETER    3  A0 RESTORED TO VARIABLE.
                   PARAMETER    1  N0 RESTORED TO VARIABLE.
 **********
 **   61 **FIX            0
 **********
 PARAMETER    0  IS UNDEFINED. IGNORED.
 **********
 **   62 **FIX            1
 **********
 **********
 **   63 **FIX            2
 **********
 PARAMETER    2  IS CONSTANT.   IGNORED.
 **********
 **   64 **FIX            3
 **********
 **********
 **   65 **FIX            4
 **********
 **********
 **   66 **FIX            5
 **********
 PARAMETER    5  IS CONSTANT.   IGNORED.
 **********
 **   67 **FIX            6
 **********
 **********
 **   68 **FIX            7
 **********
 **********
 **   69 **FIX            8
 **********
 **********
 **   70 **FIX            9
 **********
 PARAMETER    9  IS CONSTANT.   IGNORED.
 **********
 **   71 **FIX           13
 **********
 PARAMETER   13  IS CONSTANT.   IGNORED.
 **********
 **   72 **FIX           14
 **********
 **********
 **   73 **FIX           15
 **********
 PARAMETER   15  IS CONSTANT.   IGNORED.
 **********
 **   74 **FIX           16
 **********
 PARAMETER   16  IS CONSTANT.   IGNORED.
 **********
 **   75 **MIGRAD
 **********
MINUIT - FIT ONLY 2-y
 **********
 **   76 **RES 
 **********
                   PARAMETER   14  ANy2 RESTORED TO VARIABLE.
                   PARAMETER    8  phi_CBO RESTORED TO VARIABLE.
                   PARAMETER    7  w_CBO RESTORED TO VARIABLE.
                   PARAMETER    6  A_CBO RESTORED TO VARIABLE.
                   PARAMETER    4  phi RESTORED TO VARIABLE.
                   PARAMETER    3  A0 RESTORED TO VARIABLE.
                   PARAMETER    1  N0 RESTORED TO VARIABLE.
 **********
 **   77 **FIX            0
 **********
 PARAMETER    0  IS UNDEFINED. IGNORED.
 **********
 **   78 **FIX            1
 **********
 **********
 **   79 **FIX            2
 **********
 PARAMETER    2  IS CONSTANT.   IGNORED.
 **********
 **   80 **FIX            3
 **********
 **********
 **   81 **FIX            4
 **********
 **********
 **   82 **FIX            5
 **********
 PARAMETER    5  IS CONSTANT.   IGNORED.
 **********
 **   83 **FIX            6
 **********
 **********
 **   84 **FIX            7
 **********
 **********
 **   85 **FIX            8
 **********
 **********
 **   86 **FIX            9
 **********
 PARAMETER    9  IS CONSTANT.   IGNORED.
 **********
 **   87 **FIX           10
 **********
 PARAMETER   10  IS CONSTANT.   IGNORED.
 **********
 **   88 **FIX           11
 **********
 PARAMETER   11  IS CONSTANT.   IGNORED.
 **********
 **   89 **FIX           12
 **********
 PARAMETER   12  IS CONSTANT.   IGNORED.
 **********
 **   90 **FIX           16
 **********
 PARAMETER   16  IS CONSTANT.   IGNORED.
 **********
 **   91 **MIGRAD
 **********
 START MIGRAD MINIMIZATION.  STRATEGY  1.  CONVERGENCE WHEN EDM .LT. 1.00e-04
 FCN=337.722 FROM MIGRAD    STATUS=INITIATE        2 CALLS         167 TOTAL
                     EDM= unknown      STRATEGY= 1      NO ERROR MATRIX       
  EXT PARAMETER               CURRENT GUESS       STEP         FIRST   
  NO.   NAME      VALUE            ERROR          SIZE      DERIVATIVE 
   1  N0           3.41590e+06     fixed    
   2  tau          6.43976e+01   constant   
   3  A0           3.55126e-01     fixed    
   4  phi          4.12277e+00     fixed    
   5  R           -6.08295e+01   constant   
   6  A_CBO        3.18722e-03     fixed    
   7  w_CBO        2.32321e+00     fixed    
   8  phi_CBO      1.42520e+00     fixed    
   9  ANx2         2.24467e-04   constant   
  10  pNx2         2.31915e+00   constant   
  11  ANy1         0.00000e+00   constant   
  12  pNy1         0.00000e+00   constant   
  13  w_y          0.00000e+00   constant   
  14  ANy2         1.61591e-04   3.24826e-04   3.24826e-04   2.18280e-01
  15  pNy2         4.64502e+00   constant   
  16  w_vw         1.43138e+01   constant   
  17  LM          -1.76320e-04   constant   
  18  wCBO_expCoeff   0.00000e+00   constant   
  19  wCBO_expOffset   0.00000e+00   constant   
  20  wCBO_expT    0.00000e+00   constant   
  21  wCBO_linCoeff   0.00000e+00   constant   
  22  wCBO_const   0.00000e+00   constant   
 MIGRAD MINIMIZATION HAS CONVERGED.
 MIGRAD WILL VERIFY CONVERGENCE AND ERROR MATRIX.
 COVARIANCE MATRIX CALCULATED SUCCESSFULLY
 FCN=337.722 FROM MIGRAD    STATUS=CONVERGED      10 CALLS         175 TOTAL
                     EDM=6.05162e-20    STRATEGY= 1      ERROR MATRIX ACCURATE 
  EXT PARAMETER                                   STEP         FIRST   
  NO.   NAME      VALUE            ERROR          SIZE      DERIVATIVE 
   1  N0           3.41590e+06     fixed    
   2  tau          6.43976e+01   constant   
   3  A0           3.55126e-01     fixed    
   4  phi          4.12277e+00     fixed    
   5  R           -6.08295e+01   constant   
   6  A_CBO        3.18722e-03     fixed    
   7  w_CBO        2.32321e+00     fixed    
   8  phi_CBO      1.42520e+00     fixed    
   9  ANx2         2.24467e-04   constant   
  10  pNx2         2.31915e+00   constant   
  11  ANy1         0.00000e+00   constant   
  12  pNy1         0.00000e+00   constant   
  13  w_y          0.00000e+00   constant   
  14  ANy2         1.61580e-04   3.24826e-04   2.91906e-06  -1.07103e-06
  15  pNy2         4.64502e+00   constant   
  16  w_vw         1.43138e+01   constant   
  17  LM          -1.76320e-04   constant   
  18  wCBO_expCoeff   0.00000e+00   constant   
  19  wCBO_expOffset   0.00000e+00   constant   
  20  wCBO_expT    0.00000e+00   constant   
  21  wCBO_linCoeff   0.00000e+00   constant   
  22  wCBO_const   0.00000e+00   constant   
 EXTERNAL ERROR MATRIX.    NDIM=  25    NPAR=  1    ERR DEF=1
  1.055e-07 
MINUIT - FIT ALTOGETHER
 **********
 **   92 **RES 
 **********
                   PARAMETER    8  phi_CBO RESTORED TO VARIABLE.
                   PARAMETER    7  w_CBO RESTORED TO VARIABLE.
                   PARAMETER    6  A_CBO RESTORED TO VARIABLE.
                   PARAMETER    4  phi RESTORED TO VARIABLE.
                   PARAMETER    3  A0 RESTORED TO VARIABLE.
                   PARAMETER    1  N0 RESTORED TO VARIABLE.
 **********
 **   93 **MIGRAD
 **********
 START MIGRAD MINIMIZATION.  STRATEGY  1.  CONVERGENCE WHEN EDM .LT. 1.00e-04
 FCN=337.722 FROM MIGRAD    STATUS=INITIATE       14 CALLS         189 TOTAL
                     EDM= unknown      STRATEGY= 1      NO ERROR MATRIX       
  EXT PARAMETER               CURRENT GUESS       STEP         FIRST   
  NO.   NAME      VALUE            ERROR          SIZE      DERIVATIVE 
   1  N0           3.41590e+06   7.84806e+02   7.84806e+02  -1.35047e-03
   2  tau          6.43976e+01   constant   
   3  A0           3.55126e-01   3.07076e-04   3.07076e-04   9.67173e+02
   4  phi          4.12277e+00   8.97563e-04   8.97563e-04   4.31731e+01
   5  R           -6.08295e+01   constant   
   6  A_CBO        3.18722e-03   3.25225e-04   3.25225e-04  -9.21373e-01
   7  w_CBO        2.32321e+00   3.36909e-04   3.36909e-04   1.09831e+02
   8  phi_CBO      1.42520e+00   1.01806e-01   1.01806e-01   1.97579e-06
   9  ANx2         2.24467e-04   constant   
  10  pNx2         2.31915e+00   constant   
  11  ANy1         0.00000e+00   constant   
  12  pNy1         0.00000e+00   constant   
  13  w_y          0.00000e+00   constant   
  14  ANy2         1.61580e-04   3.24826e-04   2.91906e-06  -5.84196e-08
  15  pNy2         4.64502e+00   constant   
  16  w_vw         1.43138e+01   constant   
  17  LM          -1.76320e-04   constant   
  18  wCBO_expCoeff   0.00000e+00   constant   
  19  wCBO_expOffset   0.00000e+00   constant   
  20  wCBO_expT    0.00000e+00   constant   
  21  wCBO_linCoeff   0.00000e+00   constant   
  22  wCBO_const   0.00000e+00   constant   
 MIGRAD MINIMIZATION HAS CONVERGED.
 MIGRAD WILL VERIFY CONVERGENCE AND ERROR MATRIX.
 COVARIANCE MATRIX CALCULATED SUCCESSFULLY
 FCN=337.361 FROM MIGRAD    STATUS=CONVERGED     146 CALLS         321 TOTAL
                     EDM=1.10341e-05    STRATEGY= 1      ERROR MATRIX ACCURATE 
  EXT PARAMETER                                   STEP         FIRST   
  NO.   NAME      VALUE            ERROR          SIZE      DERIVATIVE 
   1  N0           3.41631e+06   7.84876e+02   6.98365e+00   1.30187e-07
   2  tau          6.43976e+01   constant   
   3  A0           3.55085e-01   3.07191e-04   2.75762e-06   2.40190e+00
   4  phi          4.12275e+00   8.98165e-04   8.06046e-06   3.34369e-01
   5  R           -6.08295e+01   constant   
   6  A_CBO        3.18479e-03   3.25429e-04   2.92044e-06   4.69704e+00
   7  w_CBO        2.32211e+00   4.26640e-03   3.02312e-06   7.60486e-01
   8  phi_CBO      1.09496e+00   1.28928e+00   9.13564e-04   8.26318e-04
   9  ANx2         2.24467e-04   constant   
  10  pNx2         2.31915e+00   constant   
  11  ANy1         0.00000e+00   constant   
  12  pNy1         0.00000e+00   constant   
  13  w_y          0.00000e+00   constant   
  14  ANy2         1.60784e-04   3.24795e-04   2.91715e-06   5.59765e-01
  15  pNy2         4.64502e+00   constant   
  16  w_vw         1.43138e+01   constant   
  17  LM          -1.76320e-04   constant   
  18  wCBO_expCoeff   0.00000e+00   constant   
  19  wCBO_expOffset   0.00000e+00   constant   
  20  wCBO_expT    0.00000e+00   constant   
  21  wCBO_linCoeff   0.00000e+00   constant   
  22  wCBO_const   0.00000e+00   constant   
 EXTERNAL ERROR MATRIX.    NDIM=  25    NPAR=  7    ERR DEF=1
  6.160e+05  3.782e-03  1.220e-02 -1.300e-03  1.329e-02  4.142e+00 -2.790e-04 
  3.782e-03  9.437e-08 -2.567e-09  1.675e-09 -2.362e-08 -7.446e-06  3.160e-10 
  1.220e-02 -2.567e-09  8.067e-07  2.756e-09  1.265e-07  3.903e-05  9.561e-11 
 -1.300e-03  1.675e-09  2.756e-09  1.059e-07  4.967e-08  1.499e-05  9.851e-11 
  1.329e-02 -2.362e-08  1.265e-07  4.967e-08  1.820e-05  5.483e-03  8.664e-09 
  4.142e+00 -7.446e-06  3.903e-05  1.499e-05  5.483e-03  1.662e+00  2.673e-06 
 -2.790e-04  3.160e-10  9.561e-11  9.851e-11  8.664e-09  2.673e-06  1.055e-07 
 PARAMETER  CORRELATION COEFFICIENTS  
       NO.  GLOBAL      1      3      4      6      7      8     14
        1  0.02450   1.000  0.016  0.017 -0.005  0.004  0.004 -0.001
        3  0.03292   0.016  1.000 -0.009  0.017 -0.018 -0.019  0.003
        4  0.04044   0.017 -0.009  1.000  0.009  0.033  0.034  0.000
        6  0.04107  -0.005  0.017  0.009  1.000  0.036  0.036  0.001
        7  0.99687   0.004 -0.018  0.033  0.036  1.000  0.997  0.006
        8  0.99687   0.004 -0.019  0.034  0.036  0.997  1.000  0.006
       14  0.00744  -0.001  0.003  0.000  0.001  0.006  0.006  1.000
MINUIT - REFIT 5-PARAM
 **********
 **   94 **FIX            5
 **********
 PARAMETER    5  IS CONSTANT.   IGNORED.
 **********
 **   95 **FIX            6
 **********
 **********
 **   96 **FIX            7
 **********
 **********
 **   97 **FIX            8
 **********
 **********
 **   98 **FIX            9
 **********
 PARAMETER    9  IS CONSTANT.   IGNORED.
 **********
 **   99 **FIX           10
 **********
 PARAMETER   10  IS CONSTANT.   IGNORED.
 **********
 **  100 **FIX           11
 **********
 PARAMETER   11  IS CONSTANT.   IGNORED.
 **********
 **  101 **FIX           12
 **********
 PARAMETER   12  IS CONSTANT.   IGNORED.
 **********
 **  102 **FIX           13
 **********
 PARAMETER   13  IS CONSTANT.   IGNORED.
 **********
 **  103 **FIX           14
 **********
 **********
 **  104 **FIX           15
 **********
 PARAMETER   15  IS CONSTANT.   IGNORED.
 **********
 **  105 **FIX           16
 **********
 PARAMETER   16  IS CONSTANT.   IGNORED.
 **********
 **  106 **MIGRAD
 **********
 START MIGRAD MINIMIZATION.  STRATEGY  1.  CONVERGENCE WHEN EDM .LT. 1.00e-04
 FCN=337.361 FROM MIGRAD    STATUS=INITIATE        6 CALLS         327 TOTAL
                     EDM=4.02554e-07    STRATEGY= 1  ERROR MATRIX UNCERTAINTY  50.0 per cent
  EXT PARAMETER                APPROXIMATE        STEP         FIRST   
  NO.   NAME      VALUE            ERROR          SIZE      DERIVATIVE 
   1  N0           3.41631e+06   7.84857e+02   6.98365e+00   1.30186e-07
   2  tau          6.43976e+01   constant   
   3  A0           3.55085e-01   3.07076e-04   2.75762e-06   2.40190e+00
   4  phi          4.12275e+00   8.97600e-04   8.06046e-06   3.34360e-01
   5  R           -6.08295e+01   constant   
   6  A_CBO        3.18479e-03     fixed    
   7  w_CBO        2.32211e+00     fixed    
   8  phi_CBO      1.09496e+00     fixed    
   9  ANx2         2.24467e-04   constant   
  10  pNx2         2.31915e+00   constant   
  11  ANy1         0.00000e+00   constant   
  12  pNy1         0.00000e+00   constant   
  13  w_y          0.00000e+00   constant   
  14  ANy2         1.60784e-04     fixed    
  15  pNy2         4.64502e+00   constant   
  16  w_vw         1.43138e+01   constant   
  17  LM          -1.76320e-04   constant   
  18  wCBO_expCoeff   0.00000e+00   constant   
  19  wCBO_expOffset   0.00000e+00   constant   
  20  wCBO_expT    0.00000e+00   constant   
  21  wCBO_linCoeff   0.00000e+00   constant   
  22  wCBO_const   0.00000e+00   constant   
 MIGRAD MINIMIZATION HAS CONVERGED.
 MIGRAD WILL VERIFY CONVERGENCE AND ERROR MATRIX.
 COVARIANCE MATRIX CALCULATED SUCCESSFULLY
 FCN=337.361 FROM MIGRAD    STATUS=CONVERGED      33 CALLS         354 TOTAL
                     EDM=4.36306e-18    STRATEGY= 1      ERROR MATRIX ACCURATE 
  EXT PARAMETER                                   STEP         FIRST   
  NO.   NAME      VALUE            ERROR          SIZE      DERIVATIVE 
   1  N0           3.41631e+06   7.84857e+02   6.98365e+00   3.13371e-12
   2  tau          6.43976e+01   constant   
   3  A0           3.55085e-01   3.07076e-04   2.75761e-06   4.48339e-06
   4  phi          4.12275e+00   8.97600e-04   8.06048e-06   8.81515e-07
   5  R           -6.08295e+01   constant   
   6  A_CBO        3.18479e-03     fixed    
   7  w_CBO        2.32211e+00     fixed    
   8  phi_CBO      1.09496e+00     fixed    
   9  ANx2         2.24467e-04   constant   
  10  pNx2         2.31915e+00   constant   
  11  ANy1         0.00000e+00   constant   
  12  pNy1         0.00000e+00   constant   
  13  w_y          0.00000e+00   constant   
  14  ANy2         1.60784e-04     fixed    
  15  pNy2         4.64502e+00   constant   
  16  w_vw         1.43138e+01   constant   
  17  LM          -1.76320e-04   constant   
  18  wCBO_expCoeff   0.00000e+00   constant   
  19  wCBO_expOffset   0.00000e+00   constant   
  20  wCBO_expT    0.00000e+00   constant   
  21  wCBO_linCoeff   0.00000e+00   constant   
  22  wCBO_const   0.00000e+00   constant   
 EXTERNAL ERROR MATRIX.    NDIM=  25    NPAR=  3    ERR DEF=1
  6.160e+05  3.826e-03  1.212e-02 
  3.826e-03  9.430e-08 -2.413e-09 
  1.212e-02 -2.413e-09  8.057e-07 
 PARAMETER  CORRELATION COEFFICIENTS  
       NO.  GLOBAL      1      3      4
        1  0.02352   1.000  0.016  0.017
        3  0.01826   0.016  1.000 -0.009
        4  0.01944   0.017 -0.009  1.000
MINUIT - 2CBO + Y
 **********
 **  107 **RES 
 **********
                   PARAMETER   14  ANy2 RESTORED TO VARIABLE.
                   PARAMETER    8  phi_CBO RESTORED TO VARIABLE.
                   PARAMETER    7  w_CBO RESTORED TO VARIABLE.
                   PARAMETER    6  A_CBO RESTORED TO VARIABLE.
 **********
 **  108 **FIX            0
 **********
 PARAMETER    0  IS UNDEFINED. IGNORED.
 **********
 **  109 **FIX            1
 **********
 **********
 **  110 **FIX            2
 **********
 PARAMETER    2  IS CONSTANT.   IGNORED.
 **********
 **  111 **FIX            3
 **********
 **********
 **  112 **FIX            4
 **********
 **********
 **  113 **FIX            5
 **********
 PARAMETER    5  IS CONSTANT.   IGNORED.
 **********
 **  114 **FIX            6
 **********
 **********
 **  115 **FIX            7
 **********
 **********
 **  116 **FIX           16
 **********
 PARAMETER   16  IS CONSTANT.   IGNORED.
 **********
 **  117 **MIGRAD
 **********
 START MIGRAD MINIMIZATION.  STRATEGY  1.  CONVERGENCE WHEN EDM .LT. 1.00e-04
 FCN=337.361 FROM MIGRAD    STATUS=INITIATE        4 CALLS         358 TOTAL
                     EDM= unknown      STRATEGY= 1      NO ERROR MATRIX       
  EXT PARAMETER               CURRENT GUESS       STEP         FIRST   
  NO.   NAME      VALUE            ERROR          SIZE      DERIVATIVE 
   1  N0           3.41631e+06     fixed    
   2  tau          6.43976e+01   constant   
   3  A0           3.55085e-01     fixed    
   4  phi          4.12275e+00     fixed    
   5  R           -6.08295e+01   constant   
   6  A_CBO        3.18479e-03     fixed    
   7  w_CBO        2.32211e+00     fixed    
   8  phi_CBO      1.09496e+00   1.01897e-01   1.01897e-01   7.81108e-04
   9  ANx2         2.24467e-04   constant   
  10  pNx2         2.31915e+00   constant   
  11  ANy1         0.00000e+00   constant   
  12  pNy1         0.00000e+00   constant   
  13  w_y          0.00000e+00   constant   
  14  ANy2         1.60784e-04   3.24788e-04   3.24788e-04   5.66972e-01
  15  pNy2         4.64502e+00   constant   
  16  w_vw         1.43138e+01   constant   
  17  LM          -1.76320e-04   constant   
  18  wCBO_expCoeff   0.00000e+00   constant   
  19  wCBO_expOffset   0.00000e+00   constant   
  20  wCBO_expT    0.00000e+00   constant   
  21  wCBO_linCoeff   0.00000e+00   constant   
  22  wCBO_const   0.00000e+00   constant   
 MIGRAD MINIMIZATION HAS CONVERGED.
 MIGRAD WILL VERIFY CONVERGENCE AND ERROR MATRIX.
 COVARIANCE MATRIX CALCULATED SUCCESSFULLY
 FCN=337.361 FROM MIGRAD    STATUS=CONVERGED      19 CALLS         373 TOTAL
                     EDM=7.20696e-14    STRATEGY= 1      ERROR MATRIX ACCURATE 
  EXT PARAMETER                                   STEP         FIRST   
  NO.   NAME      VALUE            ERROR          SIZE      DERIVATIVE 
   1  N0           3.41631e+06     fixed    
   2  tau          6.43976e+01   constant   
   3  A0           3.55085e-01     fixed    
   4  phi          4.12275e+00     fixed    
   5  R           -6.08295e+01   constant   
   6  A_CBO        3.18479e-03     fixed    
   7  w_CBO        2.32211e+00     fixed    
   8  phi_CBO      1.09496e+00   1.01886e-01   9.15109e-04   3.40383e-06
   9  ANx2         2.24467e-04   constant   
  10  pNx2         2.31915e+00   constant   
  11  ANy1         0.00000e+00   constant   
  12  pNy1         0.00000e+00   constant   
  13  w_y          0.00000e+00   constant   
  14  ANy2         1.60754e-04   3.24787e-04   2.91714e-06   4.73607e-04
  15  pNy2         4.64502e+00   constant   
  16  w_vw         1.43138e+01   constant   
  17  LM          -1.76320e-04   constant   
  18  wCBO_expCoeff   0.00000e+00   constant   
  19  wCBO_expOffset   0.00000e+00   constant   
  20  wCBO_expT    0.00000e+00   constant   
  21  wCBO_linCoeff   0.00000e+00   constant   
  22  wCBO_const   0.00000e+00   constant   
 EXTERNAL ERROR MATRIX.    NDIM=  25    NPAR=  2    ERR DEF=1
  1.038e-02  6.401e-08 
  6.401e-08  1.055e-07 
 PARAMETER  CORRELATION COEFFICIENTS  
       NO.  GLOBAL      8     14
        8  0.00193   1.000  0.002
       14  0.00193   0.002  1.000
MINUIT - MINOS
 **********
 **  118 **RES 
 **********
                   PARAMETER    7  w_CBO RESTORED TO VARIABLE.
                   PARAMETER    6  A_CBO RESTORED TO VARIABLE.
                   PARAMETER    4  phi RESTORED TO VARIABLE.
                   PARAMETER    3  A0 RESTORED TO VARIABLE.
                   PARAMETER    1  N0 RESTORED TO VARIABLE.
 **********
 **  119 **MIG      2.5e+04        0.01
 **********
 START MIGRAD MINIMIZATION.  STRATEGY  1.  CONVERGENCE WHEN EDM .LT. 1.00e-05
 FCN=337.361 FROM MIGRAD    STATUS=INITIATE       14 CALLS         387 TOTAL
                     EDM= unknown      STRATEGY= 1      NO ERROR MATRIX       
  EXT PARAMETER               CURRENT GUESS       STEP         FIRST   
  NO.   NAME      VALUE            ERROR          SIZE      DERIVATIVE 
   1  N0           3.41631e+06   7.84857e+02   7.84857e+02  -9.70106e-11
   2  tau          6.43976e+01   constant   
   3  A0           3.55085e-01   3.07076e-04   3.07076e-04  -7.32307e-04
   4  phi          4.12275e+00   8.97600e-04   8.97600e-04   8.96245e-04
   5  R           -6.08295e+01   constant   
   6  A_CBO        3.18479e-03   3.25429e-04   3.25429e-04   4.74318e+00
   7  w_CBO        2.32211e+00   4.26366e-03   4.26366e-03   1.00791e+00
   8  phi_CBO      1.09496e+00   1.01886e-01   9.15109e-04   3.49785e-06
   9  ANx2         2.24467e-04   constant   
  10  pNx2         2.31915e+00   constant   
  11  ANy1         0.00000e+00   constant   
  12  pNy1         0.00000e+00   constant   
  13  w_y          0.00000e+00   constant   
  14  ANy2         1.60754e-04   3.24787e-04   2.91714e-06   4.74250e-04
  15  pNy2         4.64502e+00   constant   
  16  w_vw         1.43138e+01   constant   
  17  LM          -1.76320e-04   constant   
  18  wCBO_expCoeff   0.00000e+00   constant   
  19  wCBO_expOffset   0.00000e+00   constant   
  20  wCBO_expT    0.00000e+00   constant   
  21  wCBO_linCoeff   0.00000e+00   constant   
  22  wCBO_const   0.00000e+00   constant   
 MIGRAD MINIMIZATION HAS CONVERGED.
 MIGRAD WILL VERIFY CONVERGENCE AND ERROR MATRIX.
 COVARIANCE MATRIX CALCULATED SUCCESSFULLY
 FCN=337.361 FROM MIGRAD    STATUS=CONVERGED      79 CALLS         452 TOTAL
                     EDM=9.52446e-06    STRATEGY= 1      ERROR MATRIX ACCURATE 
  EXT PARAMETER                                   STEP         FIRST   
  NO.   NAME      VALUE            ERROR          SIZE      DERIVATIVE 
   1  N0           3.41631e+06   7.84876e+02   6.98365e+00  -1.17155e-08
   2  tau          6.43976e+01   constant   
   3  A0           3.55085e-01   3.07191e-04   2.75761e-06   9.82328e-02
   4  phi          4.12275e+00   8.98165e-04   8.06047e-06   1.18788e-02
   5  R           -6.08295e+01   constant   
   6  A_CBO        3.18454e-03   3.25428e-04   2.92045e-06   2.65678e-03
   7  w_CBO        2.32211e+00   4.26680e-03   3.02834e-06   1.25937e-02
   8  phi_CBO      1.09496e+00   1.28940e+00   9.15109e-04   3.34344e-03
   9  ANx2         2.24467e-04   constant   
  10  pNx2         2.31915e+00   constant   
  11  ANy1         0.00000e+00   constant   
  12  pNy1         0.00000e+00   constant   
  13  w_y          0.00000e+00   constant   
  14  ANy2         1.60754e-04   3.24795e-04   2.91714e-06   1.55372e-03
  15  pNy2         4.64502e+00   constant   
  16  w_vw         1.43138e+01   constant   
  17  LM          -1.76320e-04   constant   
  18  wCBO_expCoeff   0.00000e+00   constant   
  19  wCBO_expOffset   0.00000e+00   constant   
  20  wCBO_expT    0.00000e+00   constant   
  21  wCBO_linCoeff   0.00000e+00   constant   
  22  wCBO_const   0.00000e+00   constant   
 EXTERNAL ERROR MATRIX.    NDIM=  25    NPAR=  7    ERR DEF=1
  6.160e+05  3.782e-03  1.220e-02 -1.300e-03  1.329e-02  4.142e+00 -2.790e-04 
  3.782e-03  9.437e-08 -2.567e-09  1.675e-09 -2.363e-08 -7.447e-06  3.160e-10 
  1.220e-02 -2.567e-09  8.067e-07  2.756e-09  1.266e-07  3.904e-05  9.562e-11 
 -1.300e-03  1.675e-09  2.756e-09  1.059e-07  4.966e-08  1.498e-05  9.850e-11 
  1.329e-02 -2.363e-08  1.266e-07  4.966e-08  1.821e-05  5.484e-03  8.665e-09 
  4.142e+00 -7.447e-06  3.904e-05  1.498e-05  5.484e-03  1.663e+00  2.673e-06 
 -2.790e-04  3.160e-10  9.562e-11  9.850e-11  8.665e-09  2.673e-06  1.055e-07 
 PARAMETER  CORRELATION COEFFICIENTS  
       NO.  GLOBAL      1      3      4      6      7      8     14
        1  0.02450   1.000  0.016  0.017 -0.005  0.004  0.004 -0.001
        3  0.03292   0.016  1.000 -0.009  0.017 -0.018 -0.019  0.003
        4  0.04044   0.017 -0.009  1.000  0.009  0.033  0.034  0.000
        6  0.04105  -0.005  0.017  0.009  1.000  0.036  0.036  0.001
        7  0.99687   0.004 -0.018  0.033  0.036  1.000  0.997  0.006
        8  0.99687   0.004 -0.019  0.034  0.036  0.997  1.000  0.006
       14  0.00744  -0.001  0.003  0.000  0.001  0.006  0.006  1.000
 **********
 **  120 **MINO      2.5e+04
 **********
 FCN=337.361 FROM MINOS     STATUS=SUCCESSFUL    824 CALLS        1276 TOTAL
                     EDM=9.52446e-06    STRATEGY= 1      ERROR MATRIX ACCURATE 
  EXT PARAMETER                  PARABOLIC         MINOS ERRORS        
  NO.   NAME      VALUE            ERROR      NEGATIVE      POSITIVE   
   1  N0           3.41631e+06   7.84876e+02  -7.84881e+02   7.84874e+02
   2  tau          6.43976e+01   constant   
   3  A0           3.55085e-01   3.07191e-04  -3.07183e-04   3.07196e-04
   4  phi          4.12275e+00   8.98165e-04  -8.98234e-04   8.98108e-04
   5  R           -6.08295e+01   constant   
   6  A_CBO        3.18454e-03   3.25428e-04  -3.25739e-04   3.25490e-04
   7  w_CBO        2.32211e+00   4.26680e-03  -3.19499e-03   4.04348e-03
   8  phi_CBO      1.09496e+00   1.28940e+00  -9.68291e-01   1.22397e+00
   9  ANx2         2.24467e-04   constant   
  10  pNx2         2.31915e+00   constant   
  11  ANy1         0.00000e+00   constant   
  12  pNy1         0.00000e+00   constant   
  13  w_y          0.00000e+00   constant   
  14  ANy2         1.60754e-04   3.24795e-04  -3.24801e-04   3.24792e-04
  15  pNy2         4.64502e+00   constant   
  16  w_vw         1.43138e+01   constant   
  17  LM          -1.76320e-04   constant   
  18  wCBO_expCoeff   0.00000e+00   constant   
  19  wCBO_expOffset   0.00000e+00   constant   
  20  wCBO_expT    0.00000e+00   constant   
  21  wCBO_linCoeff   0.00000e+00   constant   
  22  wCBO_const   0.00000e+00   constant   
 **********
 **  121 **SHO COR 
 **********
 PARAMETER  CORRELATION COEFFICIENTS  
       NO.  GLOBAL      1      3      4      6      7      8     14
        1  0.02450   1.000  0.016  0.017 -0.005  0.004  0.004 -0.001
        3  0.03292   0.016  1.000 -0.009  0.017 -0.018 -0.019  0.003
        4  0.04044   0.017 -0.009  1.000  0.009  0.033  0.034  0.000
        6  0.04105  -0.005  0.017  0.009  1.000  0.036  0.036  0.001
        7  0.99687   0.004 -0.018  0.033  0.036  1.000  0.997  0.006
        8  0.99687   0.004 -0.019  0.034  0.036  0.997  1.000  0.006
       14  0.00744  -0.001  0.003  0.000  0.001  0.006  0.006  1.000
