 + ++++++++++++++++++++++++++++++++++++++++++++++++++++++++++++++++++++ +
 +                                                                      +
 +           You have chose to blind your fitting according to          +
 +                omega_ref * (1 + (R +/- deltaR) *10^{-6})             +
 +                                                                      +
 + ++++++++++++++++++++++++++++++++++++++++++++++++++++++++++++++++++++ +
In main()...
reading format from /gm2data/zkhechad/run45/envelope/formats/formatB_sBin_constraintOn.txt
pBinTau 	= 0  
pBinPhi 	= 0  
constraintau 	= 1 
includeMopTerm 	= 0    
constrainMop    = 0   
Parameters after format file: pBinTau 0 pBinPhi 0 constraintau 1 includeMopTerm 0 constrainMop 0 c_e_scale 0.000000 
reading cbo reference file (full fit) from /gm2data/zkhechad/cboTemplates/Run4CBOTemplates/fullFits/run4/sBin_constraintOn_cE0.0_seed0_run4_calo5.root
A_CBO 0.008637 w_CBO 2.327270 phi_CBO 4.582201 N0 2703588.677157 R -62.169895 tau 64.408322 
Reading cboRef file /gm2data/zkhechad/cboTemplates/Run4CBOTemplates//cboIsolate/run4_calo5.root
deltaT 164.120000
windowBins = 1100
fitting sliding window 1200 from bin 1403 at 209.327600 to bin 2503 at 373.447600 (1100 bins)

Reading data from /gm2data/cornell/histograms/aMethod/histogram_a_run4.root
fitting cbo isolate
 **********
 **    1 **SET PRINTOUT            1
 **********
 **********
 **    2 **SET NOWARNINGS 
 **********
 PARAMETER DEFINITIONS:
    NO.   NAME         VALUE      STEP SIZE      LIMITS
     1 A_CBO        8.63683e-03  1.00000e-05     no limits
     2 w_CBO        2.32727e+00  1.00000e-02    2.00000e+00  3.00000e+00
     3 phi_CBO      4.58220e+00  1.00000e-02    0.00000e+00  6.28319e+00
 **********
 **    3 **MIGRAD
 **********
 FIRST CALL TO USER FUNCTION AT NEW START POINT, WITH IFLAG=4.
 START MIGRAD MINIMIZATION.  STRATEGY  1.  CONVERGENCE WHEN EDM .LT. 1.00e-04
 FCN=0.0387285 FROM MIGRAD    STATUS=INITIATE       12 CALLS          13 TOTAL
                     EDM= unknown      STRATEGY= 1      NO ERROR MATRIX       
  EXT PARAMETER               CURRENT GUESS       STEP         FIRST   
  NO.   NAME      VALUE            ERROR          SIZE      DERIVATIVE 
   1  A_CBO        8.63683e-03   1.00000e-05   1.00000e-05   6.72276e+00
   2  w_CBO        2.32727e+00   1.00000e-02   2.13144e-02   2.29278e-01
   3  phi_CBO      4.58220e+00   1.00000e-02   3.58191e-03  -3.92254e-03
 MIGRAD MINIMIZATION HAS CONVERGED.
 MIGRAD WILL VERIFY CONVERGENCE AND ERROR MATRIX.
 COVARIANCE MATRIX CALCULATED SUCCESSFULLY
 FCN=0.018193 FROM MIGRAD    STATUS=CONVERGED      49 CALLS          50 TOTAL
                     EDM=5.06e-05    STRATEGY= 1      ERROR MATRIX ACCURATE 
  EXT PARAMETER                                   STEP         FIRST   
  NO.   NAME      VALUE            ERROR          SIZE      DERIVATIVE 
   1  A_CBO        2.52503e-03   4.30331e-02   2.10051e-05  -1.27698e-02
   2  w_CBO        2.32713e+00   3.44913e-01   6.22416e-05   6.49678e-03
   3  phi_CBO      4.60172e+00   5.41642e+00   3.02811e-03   1.17086e-04
 EXTERNAL ERROR MATRIX.    NDIM=  25    NPAR=  3    ERR DEF=1
  1.852e-03 -2.289e-03 -6.480e-01 
 -2.289e-03  1.501e-01  4.215e+01 
 -6.480e-01  4.215e+01  1.212e+04 
 PARAMETER  CORRELATION COEFFICIENTS  
       NO.  GLOBAL      1      2      3
        1  0.13746   1.000 -0.137 -0.137
        2  0.98821  -0.137  1.000  0.988
        3  0.98820  -0.137  0.988  1.000
setting A_CBO=0.002525 w_CBO=2.327131, phi_CBO=4.601722
done fitting cbo isolate
 **********
 **    1 **SET PRINTOUT            1
 **********
 **********
 **    2 **SET NOWARNINGS 
 **********
 PARAMETER DEFINITIONS:
    NO.   NAME         VALUE      STEP SIZE      LIMITS
     1 N0           2.70359e+06  1.00000e+02     no limits
     2 tau          6.44083e+01  constant
     3 A0           3.58550e-01  1.00000e-04     no limits
     4 phi          4.11640e+00  1.00000e-02     no limits
     5 R           -6.21699e+01  constant
     6 A_CBO        2.52503e-03  1.00000e-05     no limits
     7 w_CBO        2.32584e+00  1.00000e-03    0.00000e+00  2.33584e+00
     8 phi_CBO      4.60172e+00  1.00000e-04     no limits
     9 ANx2         2.34902e-04  1.00000e-06     no limits
    10 pNx2         5.38708e+00  1.00000e-03     no limits
    11 ANy1         0.00000e+00  constant
    12 pNy1         0.00000e+00  constant
    13 w_y          0.00000e+00  constant
    14 ANy2         4.00000e-03  1.00000e-04     no limits
    15 pNy2         6.21709e+00  1.00000e-07     no limits
    16 w_vw         1.44513e+01  1.00000e-02    1.15611e+01  1.73416e+01
    17 LM           1.88334e-04  constant
MINUIT - FIT ONLY WIGGLE
 **********
 **    3 **FIX            5
 **********
 PARAMETER    5  IS CONSTANT.   IGNORED.
 **********
 **    4 **FIX            6
 **********
 **********
 **    5 **FIX            7
 **********
 **********
 **    6 **FIX            8
 **********
 **********
 **    7 **FIX            9
 **********
 **********
 **    8 **FIX           10
 **********
 **********
 **    9 **FIX           11
 **********
 PARAMETER   11  IS CONSTANT.   IGNORED.
 **********
 **   10 **FIX           12
 **********
 PARAMETER   12  IS CONSTANT.   IGNORED.
 **********
 **   11 **FIX           13
 **********
 PARAMETER   13  IS CONSTANT.   IGNORED.
 **********
 **   12 **FIX           14
 **********
 **********
 **   13 **FIX           15
 **********
 **********
 **   14 **FIX           16
 **********
 **********
 **   15 **MIGRAD
 **********
 FIRST CALL TO USER FUNCTION AT NEW START POINT, WITH IFLAG=4.
 START MIGRAD MINIMIZATION.  STRATEGY  1.  CONVERGENCE WHEN EDM .LT. 1.00e-04
 FCN=561.116 FROM MIGRAD    STATUS=INITIATE       12 CALLS          13 TOTAL
                     EDM= unknown      STRATEGY= 1      NO ERROR MATRIX       
  EXT PARAMETER               CURRENT GUESS       STEP         FIRST   
  NO.   NAME      VALUE            ERROR          SIZE      DERIVATIVE 
   1  N0           2.70359e+06   1.00000e+02   1.00000e+02   5.22338e-04
   2  tau          6.44083e+01   constant   
   3  A0           3.58550e-01   1.00000e-04   1.00000e-04  -3.42757e+03
   4  phi          4.11640e+00   1.00000e-02   1.00000e-02  -1.84190e+03
   5  R           -6.21699e+01   constant   
   6  A_CBO        2.52503e-03     fixed    
   7  w_CBO        2.32584e+00     fixed    
   8  phi_CBO      4.60172e+00     fixed    
   9  ANx2         2.34902e-04     fixed    
  10  pNx2         5.38708e+00     fixed    
  11  ANy1         0.00000e+00   constant   
  12  pNy1         0.00000e+00   constant   
  13  w_y          0.00000e+00   constant   
  14  ANy2         4.00000e-03     fixed    
  15  pNy2         6.21709e+00     fixed    
  16  w_vw         1.44513e+01     fixed    
  17  LM           1.88334e-04   constant   
 MIGRAD MINIMIZATION HAS CONVERGED.
 MIGRAD WILL VERIFY CONVERGENCE AND ERROR MATRIX.
 COVARIANCE MATRIX CALCULATED SUCCESSFULLY
 FCN=560.522 FROM MIGRAD    STATUS=CONVERGED      42 CALLS          43 TOTAL
                     EDM=3.64146e-07    STRATEGY= 1      ERROR MATRIX ACCURATE 
  EXT PARAMETER                                   STEP         FIRST   
  NO.   NAME      VALUE            ERROR          SIZE      DERIVATIVE 
   1  N0           2.70353e+06   4.87836e+02   5.62145e+00  -2.82850e-07
   2  tau          6.44083e+01   constant   
   3  A0           3.58648e-01   2.39369e-04   2.76803e-06  -2.99781e+00
   4  phi          4.11685e+00   6.95334e-04   8.04526e-06   6.29322e-01
   5  R           -6.21699e+01   constant   
   6  A_CBO        2.52503e-03     fixed    
   7  w_CBO        2.32584e+00     fixed    
   8  phi_CBO      4.60172e+00     fixed    
   9  ANx2         2.34902e-04     fixed    
  10  pNx2         5.38708e+00     fixed    
  11  ANy1         0.00000e+00   constant   
  12  pNy1         0.00000e+00   constant   
  13  w_y          0.00000e+00   constant   
  14  ANy2         4.00000e-03     fixed    
  15  pNy2         6.21709e+00     fixed    
  16  w_vw         1.44513e+01     fixed    
  17  LM           1.88334e-04   constant   
 EXTERNAL ERROR MATRIX.    NDIM=  25    NPAR=  3    ERR DEF=1
  2.380e+05  3.923e-03  7.646e-04 
  3.923e-03  5.730e-08  9.369e-10 
  7.646e-04  9.369e-10  4.835e-07 
 PARAMETER  CORRELATION COEFFICIENTS  
       NO.  GLOBAL      1      3      4
        1  0.03366   1.000  0.034  0.002
        3  0.03405   0.034  1.000  0.006
        4  0.00600   0.002  0.006  1.000
MINUIT - FIT ONLY 1-CBO + other amplitudes 
 **********
 **   16 **RES 
 **********
                   PARAMETER   16  w_vw RESTORED TO VARIABLE.
                   PARAMETER   15  pNy2 RESTORED TO VARIABLE.
                   PARAMETER   14  ANy2 RESTORED TO VARIABLE.
                   PARAMETER   10  pNx2 RESTORED TO VARIABLE.
                   PARAMETER    9  ANx2 RESTORED TO VARIABLE.
                   PARAMETER    8  phi_CBO RESTORED TO VARIABLE.
                   PARAMETER    7  w_CBO RESTORED TO VARIABLE.
                   PARAMETER    6  A_CBO RESTORED TO VARIABLE.
 **********
 **   17 **FIX            0
 **********
 PARAMETER    0  IS UNDEFINED. IGNORED.
 **********
 **   18 **FIX            1
 **********
 **********
 **   19 **FIX            2
 **********
 PARAMETER    2  IS CONSTANT.   IGNORED.
 **********
 **   20 **FIX            3
 **********
 **********
 **   21 **FIX            4
 **********
 **********
 **   22 **FIX            9
 **********
 **********
 **   23 **FIX           11
 **********
 PARAMETER   11  IS CONSTANT.   IGNORED.
 **********
 **   24 **FIX           12
 **********
 PARAMETER   12  IS CONSTANT.   IGNORED.
 **********
 **   25 **FIX           14
 **********
 **********
 **   26 **FIX           15
 **********
 **********
 **   27 **FIX           16
 **********
 **********
 **   28 **MIGRAD
 **********
 START MIGRAD MINIMIZATION.  STRATEGY  1.  CONVERGENCE WHEN EDM .LT. 1.00e-04
 FCN=560.522 FROM MIGRAD    STATUS=INITIATE       16 CALLS          59 TOTAL
                     EDM= unknown      STRATEGY= 1      NO ERROR MATRIX       
  EXT PARAMETER               CURRENT GUESS       STEP         FIRST   
  NO.   NAME      VALUE            ERROR          SIZE      DERIVATIVE 
   1  N0           2.70353e+06     fixed    
   2  tau          6.44083e+01   constant   
   3  A0           3.58648e-01     fixed    
   4  phi          4.11685e+00     fixed    
   5  R           -6.21699e+01   constant   
   6  A_CBO        2.52503e-03   1.00000e-05   1.00000e-05  -6.45053e+03
   7  w_CBO        2.32584e+00   1.00000e-03   1.00000e-03  -2.96254e+03
   8  phi_CBO      4.60172e+00   1.00000e-04   1.00000e-04   7.65435e+01
   9  ANx2         2.34902e-04     fixed    
  10  pNx2         5.38708e+00   1.00000e-03   1.00000e-03  -5.56244e-01
  11  ANy1         0.00000e+00   constant   
  12  pNy1         0.00000e+00   constant   
  13  w_y          0.00000e+00   constant   
  14  ANy2         4.00000e-03     fixed    
  15  pNy2         6.21709e+00     fixed    
  16  w_vw         1.44513e+01     fixed    
  17  LM           1.88334e-04   constant   
 MIGRAD MINIMIZATION HAS CONVERGED.
 MIGRAD WILL VERIFY CONVERGENCE AND ERROR MATRIX.
 COVARIANCE MATRIX CALCULATED SUCCESSFULLY
 FCN=544.821 FROM MIGRAD    STATUS=CONVERGED     102 CALLS         145 TOTAL
                     EDM=2.25694e-07    STRATEGY= 1      ERROR MATRIX ACCURATE 
  EXT PARAMETER                                   STEP         FIRST   
  NO.   NAME      VALUE            ERROR          SIZE      DERIVATIVE 
   1  N0           2.70353e+06     fixed    
   2  tau          6.44083e+01   constant   
   3  A0           3.58648e-01     fixed    
   4  phi          4.11685e+00     fixed    
   5  R           -6.21699e+01   constant   
   6  A_CBO        2.90397e-03   2.55077e-04   2.90976e-06   7.59528e-01
   7  w_CBO        2.32618e+00   2.36333e-03   2.56598e-05   1.14145e-01
   8  phi_CBO      4.34435e+00   6.11230e-01   1.00127e-03  -2.17507e-03
   9  ANx2         2.34902e-04     fixed    
  10  pNx2         5.99981e+00   1.72531e+00   1.49942e-02   1.03977e-04
  11  ANy1         0.00000e+00   constant   
  12  pNy1         0.00000e+00   constant   
  13  w_y          0.00000e+00   constant   
  14  ANy2         4.00000e-03     fixed    
  15  pNy2         6.21709e+00     fixed    
  16  w_vw         1.44513e+01     fixed    
  17  LM           1.88334e-04   constant   
 EXTERNAL ERROR MATRIX.    NDIM=  25    NPAR=  4    ERR DEF=1
  6.506e-08 -2.637e-09 -5.991e-07 -2.278e-06 
 -2.637e-09  5.586e-06  1.430e-03  2.641e-03 
 -5.991e-07  1.430e-03  3.736e-01  6.768e-01 
 -2.278e-06  2.641e-03  6.768e-01  2.977e+00 
 PARAMETER  CORRELATION COEFFICIENTS  
       NO.  GLOBAL      6      7      8     10
        6  0.00634   1.000 -0.004 -0.004 -0.005
        7  0.98976  -0.004  1.000  0.990  0.648
        8  0.98963  -0.004  0.990  1.000  0.642
       10  0.64776  -0.005  0.648  0.642  1.000
MINUIT - FIT ONLY 1-CBO
 **********
 **   29 **RES 
 **********
                   PARAMETER   16  w_vw RESTORED TO VARIABLE.
                   PARAMETER   15  pNy2 RESTORED TO VARIABLE.
                   PARAMETER   14  ANy2 RESTORED TO VARIABLE.
                   PARAMETER    9  ANx2 RESTORED TO VARIABLE.
                   PARAMETER    4  phi RESTORED TO VARIABLE.
                   PARAMETER    3  A0 RESTORED TO VARIABLE.
                   PARAMETER    1  N0 RESTORED TO VARIABLE.
 **********
 **   30 **FIX            0
 **********
 PARAMETER    0  IS UNDEFINED. IGNORED.
 **********
 **   31 **FIX            1
 **********
 **********
 **   32 **FIX            2
 **********
 PARAMETER    2  IS CONSTANT.   IGNORED.
 **********
 **   33 **FIX            3
 **********
 **********
 **   34 **FIX            4
 **********
 **********
 **   35 **FIX            8
 **********
 **********
 **   36 **FIX            9
 **********
 **********
 **   37 **FIX           11
 **********
 PARAMETER   11  IS CONSTANT.   IGNORED.
 **********
 **   38 **FIX           12
 **********
 PARAMETER   12  IS CONSTANT.   IGNORED.
 **********
 **   39 **FIX           13
 **********
 PARAMETER   13  IS CONSTANT.   IGNORED.
 **********
 **   40 **FIX           15
 **********
 **********
 **   41 **FIX           16
 **********
 **********
 **   42 **MIGRAD
 **********
 START MIGRAD MINIMIZATION.  STRATEGY  1.  CONVERGENCE WHEN EDM .LT. 1.00e-04
 FCN=544.821 FROM MIGRAD    STATUS=INITIATE       10 CALLS         155 TOTAL
                     EDM= unknown      STRATEGY= 1      NO ERROR MATRIX       
  EXT PARAMETER               CURRENT GUESS       STEP         FIRST   
  NO.   NAME      VALUE            ERROR          SIZE      DERIVATIVE 
   1  N0           2.70353e+06     fixed    
   2  tau          6.44083e+01   constant   
   3  A0           3.58648e-01     fixed    
   4  phi          4.11685e+00     fixed    
   5  R           -6.21699e+01   constant   
   6  A_CBO        2.90397e-03   2.55077e-04   2.90976e-06   7.59528e-01
   7  w_CBO        2.32618e+00   2.36333e-03   2.56598e-05   1.13145e-01
   8  phi_CBO      4.34435e+00     fixed    
   9  ANx2         2.34902e-04     fixed    
  10  pNx2         5.99981e+00   1.72531e+00   1.49942e-02   1.03790e-04
  11  ANy1         0.00000e+00   constant   
  12  pNy1         0.00000e+00   constant   
  13  w_y          0.00000e+00   constant   
  14  ANy2         4.00000e-03   1.00000e-04   1.00000e-04   1.22769e+05
  15  pNy2         6.21709e+00     fixed    
  16  w_vw         1.44513e+01     fixed    
  17  LM           1.88334e-04   constant   
 MIGRAD MINIMIZATION HAS CONVERGED.
 MIGRAD WILL VERIFY CONVERGENCE AND ERROR MATRIX.
 COVARIANCE MATRIX CALCULATED SUCCESSFULLY
 FCN=299.398 FROM MIGRAD    STATUS=CONVERGED      52 CALLS         197 TOTAL
                     EDM=8.25787e-06    STRATEGY= 1      ERROR MATRIX ACCURATE 
  EXT PARAMETER                                   STEP         FIRST   
  NO.   NAME      VALUE            ERROR          SIZE      DERIVATIVE 
   1  N0           2.70353e+06     fixed    
   2  tau          6.44083e+01   constant   
   3  A0           3.58648e-01     fixed    
   4  phi          4.11685e+00     fixed    
   5  R           -6.21699e+01   constant   
   6  A_CBO        2.90472e-03   2.55078e-04   2.15865e-06  -2.04745e+00
   7  w_CBO        2.32617e+00   3.39394e-04   1.90490e-05   5.08007e-01
   8  phi_CBO      4.34435e+00     fixed    
   9  ANx2         2.34902e-04     fixed    
  10  pNx2         6.01086e+00   1.35772e+00   1.14185e-02   2.74968e-03
  11  ANy1         0.00000e+00   constant   
  12  pNy1         0.00000e+00   constant   
  13  w_y          0.00000e+00   constant   
  14  ANy2         1.87884e-06   2.55210e-04   2.15981e-06  -9.27998e-04
  15  pNy2         6.21709e+00     fixed    
  16  w_vw         1.44513e+01     fixed    
  17  LM           1.88334e-04   constant   
 EXTERNAL ERROR MATRIX.    NDIM=  25    NPAR=  4    ERR DEF=1
  6.506e-08 -3.382e-10 -1.250e-06 -1.215e-11 
 -3.382e-10  1.152e-07  5.178e-05  1.414e-10 
 -1.250e-06  5.178e-05  1.843e+00 -1.497e-07 
 -1.215e-11  1.414e-10 -1.497e-07  6.513e-08 
 PARAMETER  CORRELATION COEFFICIENTS  
       NO.  GLOBAL      6      7     10     14
        6  0.00505   1.000 -0.004 -0.004 -0.000
        7  0.11243  -0.004  1.000  0.112  0.002
       10  0.11241  -0.004  0.112  1.000 -0.000
       14  0.00176  -0.000  0.002 -0.000  1.000
MINUIT - FIT ONLY 2-CBO
 **********
 **   43 **RES 
 **********
                   PARAMETER   16  w_vw RESTORED TO VARIABLE.
                   PARAMETER   15  pNy2 RESTORED TO VARIABLE.
                   PARAMETER    9  ANx2 RESTORED TO VARIABLE.
                   PARAMETER    8  phi_CBO RESTORED TO VARIABLE.
                   PARAMETER    4  phi RESTORED TO VARIABLE.
                   PARAMETER    3  A0 RESTORED TO VARIABLE.
                   PARAMETER    1  N0 RESTORED TO VARIABLE.
 **********
 **   44 **FIX            0
 **********
 PARAMETER    0  IS UNDEFINED. IGNORED.
 **********
 **   45 **FIX            1
 **********
 **********
 **   46 **FIX            2
 **********
 PARAMETER    2  IS CONSTANT.   IGNORED.
 **********
 **   47 **FIX            3
 **********
 **********
 **   48 **FIX            4
 **********
 **********
 **   49 **FIX            5
 **********
 PARAMETER    5  IS CONSTANT.   IGNORED.
 **********
 **   50 **FIX            6
 **********
 **********
 **   51 **FIX            7
 **********
 **********
 **   52 **FIX           10
 **********
 **********
 **   53 **FIX           11
 **********
 PARAMETER   11  IS CONSTANT.   IGNORED.
 **********
 **   54 **FIX           12
 **********
 PARAMETER   12  IS CONSTANT.   IGNORED.
 **********
 **   55 **FIX           13
 **********
 PARAMETER   13  IS CONSTANT.   IGNORED.
 **********
 **   56 **FIX           14
 **********
 **********
 **   57 **FIX           15
 **********
 **********
 **   58 **FIX           16
 **********
 **********
 **   59 **MIGRAD
 **********
 START MIGRAD MINIMIZATION.  STRATEGY  1.  CONVERGENCE WHEN EDM .LT. 1.00e-04
 FCN=299.398 FROM MIGRAD    STATUS=INITIATE        6 CALLS         203 TOTAL
                     EDM= unknown      STRATEGY= 1      NO ERROR MATRIX       
  EXT PARAMETER               CURRENT GUESS       STEP         FIRST   
  NO.   NAME      VALUE            ERROR          SIZE      DERIVATIVE 
   1  N0           2.70353e+06     fixed    
   2  tau          6.44083e+01   constant   
   3  A0           3.58648e-01     fixed    
   4  phi          4.11685e+00     fixed    
   5  R           -6.21699e+01   constant   
   6  A_CBO        2.90472e-03     fixed    
   7  w_CBO        2.32617e+00     fixed    
   8  phi_CBO      4.34435e+00   6.11230e-01   6.11230e-01  -1.72290e-01
   9  ANx2         2.34902e-04   1.00000e-06   1.00000e-06   2.53373e+03
  10  pNx2         6.01086e+00     fixed    
  11  ANy1         0.00000e+00   constant   
  12  pNy1         0.00000e+00   constant   
  13  w_y          0.00000e+00   constant   
  14  ANy2         1.87884e-06     fixed    
  15  pNy2         6.21709e+00     fixed    
  16  w_vw         1.44513e+01     fixed    
  17  LM           1.88334e-04   constant   
 MIGRAD MINIMIZATION HAS CONVERGED.
 MIGRAD WILL VERIFY CONVERGENCE AND ERROR MATRIX.
 COVARIANCE MATRIX CALCULATED SUCCESSFULLY
 FCN=299.293 FROM MIGRAD    STATUS=CONVERGED      28 CALLS         225 TOTAL
                     EDM=7.19546e-13    STRATEGY= 1      ERROR MATRIX ACCURATE 
  EXT PARAMETER                                   STEP         FIRST   
  NO.   NAME      VALUE            ERROR          SIZE      DERIVATIVE 
   1  N0           2.70353e+06     fixed    
   2  tau          6.44083e+01   constant   
   3  A0           3.58648e-01     fixed    
   4  phi          4.11685e+00     fixed    
   5  R           -6.21699e+01   constant   
   6  A_CBO        2.90472e-03     fixed    
   7  w_CBO        2.32617e+00     fixed    
   8  phi_CBO      4.34486e+00   8.77954e-02   7.42862e-04   1.36591e-05
   9  ANx2         1.52627e-04   2.54858e-04   2.15642e-06   1.00761e-04
  10  pNx2         6.01086e+00     fixed    
  11  ANy1         0.00000e+00   constant   
  12  pNy1         0.00000e+00   constant   
  13  w_y          0.00000e+00   constant   
  14  ANy2         1.87884e-06     fixed    
  15  pNy2         6.21709e+00     fixed    
  16  w_vw         1.44513e+01     fixed    
  17  LM           1.88334e-04   constant   
 EXTERNAL ERROR MATRIX.    NDIM=  25    NPAR=  2    ERR DEF=1
  7.708e-03  1.210e-07 
  1.210e-07  6.495e-08 
 PARAMETER  CORRELATION COEFFICIENTS  
       NO.  GLOBAL      8      9
        8  0.00541   1.000  0.005
        9  0.00541   0.005  1.000
MINUIT - FIT ONLY 1-y
 **********
 **   60 **RES 
 **********
                   PARAMETER   16  w_vw RESTORED TO VARIABLE.
                   PARAMETER   15  pNy2 RESTORED TO VARIABLE.
                   PARAMETER   14  ANy2 RESTORED TO VARIABLE.
                   PARAMETER   10  pNx2 RESTORED TO VARIABLE.
                   PARAMETER    7  w_CBO RESTORED TO VARIABLE.
                   PARAMETER    6  A_CBO RESTORED TO VARIABLE.
                   PARAMETER    4  phi RESTORED TO VARIABLE.
                   PARAMETER    3  A0 RESTORED TO VARIABLE.
                   PARAMETER    1  N0 RESTORED TO VARIABLE.
 **********
 **   61 **FIX            0
 **********
 PARAMETER    0  IS UNDEFINED. IGNORED.
 **********
 **   62 **FIX            1
 **********
 **********
 **   63 **FIX            2
 **********
 PARAMETER    2  IS CONSTANT.   IGNORED.
 **********
 **   64 **FIX            3
 **********
 **********
 **   65 **FIX            4
 **********
 **********
 **   66 **FIX            5
 **********
 PARAMETER    5  IS CONSTANT.   IGNORED.
 **********
 **   67 **FIX            6
 **********
 **********
 **   68 **FIX            7
 **********
 **********
 **   69 **FIX            8
 **********
 **********
 **   70 **FIX            9
 **********
 **********
 **   71 **FIX           13
 **********
 PARAMETER   13  IS CONSTANT.   IGNORED.
 **********
 **   72 **FIX           14
 **********
 **********
 **   73 **FIX           15
 **********
 **********
 **   74 **FIX           16
 **********
 **********
 **   75 **MIGRAD
 **********
 START MIGRAD MINIMIZATION.  STRATEGY  1.  CONVERGENCE WHEN EDM .LT. 1.00e-04
 FCN=299.293 FROM MIGRAD    STATUS=INITIATE        2 CALLS         227 TOTAL
                     EDM= unknown      STRATEGY= 1      NO ERROR MATRIX       
  EXT PARAMETER               CURRENT GUESS       STEP         FIRST   
  NO.   NAME      VALUE            ERROR          SIZE      DERIVATIVE 
   1  N0           2.70353e+06     fixed    
   2  tau          6.44083e+01   constant   
   3  A0           3.58648e-01     fixed    
   4  phi          4.11685e+00     fixed    
   5  R           -6.21699e+01   constant   
   6  A_CBO        2.90472e-03     fixed    
   7  w_CBO        2.32617e+00     fixed    
   8  phi_CBO      4.34486e+00     fixed    
   9  ANx2         1.52627e-04     fixed    
  10  pNx2         6.01086e+00   1.35772e+00   1.35772e+00   1.37871e-03
  11  ANy1         0.00000e+00   constant   
  12  pNy1         0.00000e+00   constant   
  13  w_y          0.00000e+00   constant   
  14  ANy2         1.87884e-06     fixed    
  15  pNy2         6.21709e+00     fixed    
  16  w_vw         1.44513e+01     fixed    
  17  LM           1.88334e-04   constant   
 MIGRAD MINIMIZATION HAS CONVERGED.
 MIGRAD WILL VERIFY CONVERGENCE AND ERROR MATRIX.
 COVARIANCE MATRIX CALCULATED SUCCESSFULLY
 FCN=299.293 FROM MIGRAD    STATUS=CONVERGED      12 CALLS         237 TOTAL
                     EDM=4.18138e-15    STRATEGY= 1      ERROR MATRIX ACCURATE 
  EXT PARAMETER                                   STEP         FIRST   
  NO.   NAME      VALUE            ERROR          SIZE      DERIVATIVE 
   1  N0           2.70353e+06     fixed    
   2  tau          6.44083e+01   constant   
   3  A0           3.58648e-01     fixed    
   4  phi          4.11685e+00     fixed    
   5  R           -6.21699e+01   constant   
   6  A_CBO        2.90472e-03     fixed    
   7  w_CBO        2.32617e+00     fixed    
   8  phi_CBO      4.34486e+00     fixed    
   9  ANx2         1.52627e-04     fixed    
  10  pNx2         6.00893e+00   1.67230e+00   1.41500e-02   5.46842e-08
  11  ANy1         0.00000e+00   constant   
  12  pNy1         0.00000e+00   constant   
  13  w_y          0.00000e+00   constant   
  14  ANy2         1.87884e-06     fixed    
  15  pNy2         6.21709e+00     fixed    
  16  w_vw         1.44513e+01     fixed    
  17  LM           1.88334e-04   constant   
 EXTERNAL ERROR MATRIX.    NDIM=  25    NPAR=  1    ERR DEF=1
  2.797e+00 
MINUIT - FIT ONLY 2-y
 **********
 **   76 **RES 
 **********
                   PARAMETER   16  w_vw RESTORED TO VARIABLE.
                   PARAMETER   15  pNy2 RESTORED TO VARIABLE.
                   PARAMETER   14  ANy2 RESTORED TO VARIABLE.
                   PARAMETER    9  ANx2 RESTORED TO VARIABLE.
                   PARAMETER    8  phi_CBO RESTORED TO VARIABLE.
                   PARAMETER    7  w_CBO RESTORED TO VARIABLE.
                   PARAMETER    6  A_CBO RESTORED TO VARIABLE.
                   PARAMETER    4  phi RESTORED TO VARIABLE.
                   PARAMETER    3  A0 RESTORED TO VARIABLE.
                   PARAMETER    1  N0 RESTORED TO VARIABLE.
 **********
 **   77 **FIX            0
 **********
 PARAMETER    0  IS UNDEFINED. IGNORED.
 **********
 **   78 **FIX            1
 **********
 **********
 **   79 **FIX            2
 **********
 PARAMETER    2  IS CONSTANT.   IGNORED.
 **********
 **   80 **FIX            3
 **********
 **********
 **   81 **FIX            4
 **********
 **********
 **   82 **FIX            5
 **********
 PARAMETER    5  IS CONSTANT.   IGNORED.
 **********
 **   83 **FIX            6
 **********
 **********
 **   84 **FIX            7
 **********
 **********
 **   85 **FIX            8
 **********
 **********
 **   86 **FIX            9
 **********
 **********
 **   87 **FIX           10
 **********
 **********
 **   88 **FIX           11
 **********
 PARAMETER   11  IS CONSTANT.   IGNORED.
 **********
 **   89 **FIX           12
 **********
 PARAMETER   12  IS CONSTANT.   IGNORED.
 **********
 **   90 **FIX           16
 **********
 **********
 **   91 **MIGRAD
 **********
 START MIGRAD MINIMIZATION.  STRATEGY  1.  CONVERGENCE WHEN EDM .LT. 1.00e-04
 FCN=299.293 FROM MIGRAD    STATUS=INITIATE        6 CALLS         243 TOTAL
                     EDM= unknown      STRATEGY= 1      NO ERROR MATRIX       
  EXT PARAMETER               CURRENT GUESS       STEP         FIRST   
  NO.   NAME      VALUE            ERROR          SIZE      DERIVATIVE 
   1  N0           2.70353e+06     fixed    
   2  tau          6.44083e+01   constant   
   3  A0           3.58648e-01     fixed    
   4  phi          4.11685e+00     fixed    
   5  R           -6.21699e+01   constant   
   6  A_CBO        2.90472e-03     fixed    
   7  w_CBO        2.32617e+00     fixed    
   8  phi_CBO      4.34486e+00     fixed    
   9  ANx2         1.52627e-04     fixed    
  10  pNx2         6.00893e+00     fixed    
  11  ANy1         0.00000e+00   constant   
  12  pNy1         0.00000e+00   constant   
  13  w_y          0.00000e+00   constant   
  14  ANy2         1.87884e-06   2.55210e-04   2.55210e-04   5.24108e+00
  15  pNy2         6.21709e+00   1.00000e-07   1.00000e-07  -5.77581e-03
  16  w_vw         1.44513e+01     fixed    
  17  LM           1.88334e-04   constant   
 MIGRAD MINIMIZATION HAS CONVERGED.
 MIGRAD WILL VERIFY CONVERGENCE AND ERROR MATRIX.
 COVARIANCE MATRIX CALCULATED SUCCESSFULLY
 FCN=299.14 FROM MIGRAD    STATUS=CONVERGED      77 CALLS         314 TOTAL
                     EDM=1.33027e-07    STRATEGY= 1      ERROR MATRIX ACCURATE 
  EXT PARAMETER                                   STEP         FIRST   
  NO.   NAME      VALUE            ERROR          SIZE      DERIVATIVE 
   1  N0           2.70353e+06     fixed    
   2  tau          6.44083e+01   constant   
   3  A0           3.58648e-01     fixed    
   4  phi          4.11685e+00     fixed    
   5  R           -6.21699e+01   constant   
   6  A_CBO        2.90472e-03     fixed    
   7  w_CBO        2.32617e+00     fixed    
   8  phi_CBO      4.34486e+00     fixed    
   9  ANx2         1.52627e-04     fixed    
  10  pNx2         6.00893e+00     fixed    
  11  ANy1         0.00000e+00   constant   
  12  pNy1         0.00000e+00   constant   
  13  w_y          0.00000e+00   constant   
  14  ANy2         9.98551e-05   2.54887e-04   2.15602e-06  -1.94593e-01
  15  pNy2         7.77152e+00   2.55593e+00   2.14980e-02   2.00652e-04
  16  w_vw         1.44513e+01     fixed    
  17  LM           1.88334e-04   constant   
 EXTERNAL ERROR MATRIX.    NDIM=  25    NPAR=  2    ERR DEF=1
  6.497e-08 -7.369e-06 
 -7.369e-06  6.533e+00 
 PARAMETER  CORRELATION COEFFICIENTS  
       NO.  GLOBAL     14     15
       14  0.01131   1.000 -0.011
       15  0.01131  -0.011  1.000
MINUIT - FIT ALTOGETHER
 **********
 **   92 **RES 
 **********
                   PARAMETER   16  w_vw RESTORED TO VARIABLE.
                   PARAMETER   10  pNx2 RESTORED TO VARIABLE.
                   PARAMETER    9  ANx2 RESTORED TO VARIABLE.
                   PARAMETER    8  phi_CBO RESTORED TO VARIABLE.
                   PARAMETER    7  w_CBO RESTORED TO VARIABLE.
                   PARAMETER    6  A_CBO RESTORED TO VARIABLE.
                   PARAMETER    4  phi RESTORED TO VARIABLE.
                   PARAMETER    3  A0 RESTORED TO VARIABLE.
                   PARAMETER    1  N0 RESTORED TO VARIABLE.
 **********
 **   93 **MIGRAD
 **********
 START MIGRAD MINIMIZATION.  STRATEGY  1.  CONVERGENCE WHEN EDM .LT. 1.00e-04
 FCN=299.14 FROM MIGRAD    STATUS=INITIATE       22 CALLS         336 TOTAL
                     EDM= unknown      STRATEGY= 1      NO ERROR MATRIX       
  EXT PARAMETER               CURRENT GUESS       STEP         FIRST   
  NO.   NAME      VALUE            ERROR          SIZE      DERIVATIVE 
   1  N0           2.70353e+06   4.87836e+02   4.87836e+02   1.55366e-05
   2  tau          6.44083e+01   constant   
   3  A0           3.58648e-01   2.39369e-04   2.39369e-04   2.43929e+02
   4  phi          4.11685e+00   6.95334e-04   6.95334e-04   2.76924e+02
   5  R           -6.21699e+01   constant   
   6  A_CBO        2.90472e-03   2.55078e-04   2.55078e-04   6.93615e-01
   7  w_CBO        2.32617e+00   3.39394e-04   3.39394e-04  -5.10940e+00
   8  phi_CBO      4.34486e+00   8.77954e-02   8.77954e-02  -1.76798e-02
   9  ANx2         1.52627e-04   2.54858e-04   2.54858e-04   5.90277e+00
  10  pNx2         6.00893e+00   1.67230e+00   1.67230e+00  -3.76259e-04
  11  ANy1         0.00000e+00   constant   
  12  pNy1         0.00000e+00   constant   
  13  w_y          0.00000e+00   constant   
  14  ANy2         9.98551e-05   2.54887e-04   2.15602e-06  -1.94593e-01
  15  pNy2         7.77152e+00   2.55593e+00   2.14980e-02   2.00640e-04
  16  w_vw         1.44513e+01   1.00000e-02   1.00000e-02   4.79682e+01
  17  LM           1.88334e-04   constant   
 MIGRAD MINIMIZATION HAS CONVERGED.
 FCN=298.709 FROM MIGRAD    STATUS=CONVERGED     224 CALLS         538 TOTAL
                     EDM=5.46468e-06    STRATEGY= 1  ERROR MATRIX UNCERTAINTY   0.4 per cent
  EXT PARAMETER                                   STEP         FIRST   
  NO.   NAME      VALUE            ERROR          SIZE      DERIVATIVE 
   1  N0           2.70353e+06   4.88398e+02  -9.81302e-02  -4.13895e-07
   2  tau          6.44083e+01   constant   
   3  A0           3.58641e-01   2.40391e-04  -2.78589e-08  -4.60327e-01
   4  phi          4.11678e+00   7.21952e-04   7.56148e-08   2.20720e-01
   5  R           -6.21699e+01   constant   
   6  A_CBO        2.90533e-03   2.55831e-04   1.66808e-07   1.94980e+00
   7  w_CBO        2.32623e+00   3.51897e-04   2.62790e-06  -1.67411e+00
   8  phi_CBO      4.35937e+00   9.12240e-02   1.84263e-04  -1.98805e-02
   9  ANx2         1.52935e-04   2.54872e-04   4.14289e-08   3.73004e-01
  10  pNx2         6.03760e+00   1.67471e+00   7.22621e-04  -6.15950e-06
  11  ANy1         0.00000e+00   constant   
  12  pNy1         0.00000e+00   constant   
  13  w_y          0.00000e+00   constant   
  14  ANy2         1.93252e-04   2.56278e-04   2.25078e-06   2.67650e+00
  15  pNy2         1.66270e+00   7.39502e+00   8.15014e-03   9.86572e-04
  16  w_vw         1.44277e+01   2.79435e-02   6.47399e-06  -9.72185e-01
  17  LM           1.88334e-04   constant   
 EXTERNAL ERROR MATRIX.    NDIM=  25    NPAR= 11    ERR DEF=1
  2.385e+05 
  5.137e-04  5.779e-08 
  3.353e-03  4.486e-09  5.212e-07 
 -5.687e-04 -3.059e-10 -1.877e-09  6.545e-08 
 -5.185e-04 -7.226e-11  1.550e-09  1.160e-09  1.238e-07 
  6.261e-02  2.614e-08  2.069e-07  4.517e-08  2.870e-06  8.322e-03 
 -7.804e-05 -3.127e-11 -1.557e-10  5.490e-11  3.521e-10  3.722e-08  6.496e-08 
 -1.179e+00 -6.588e-07 -3.991e-06  9.696e-07  7.963e-06  1.255e-03  1.958e-07  2.805e+00 
 -6.336e-05  1.142e-10  6.858e-10  1.655e-10  1.996e-08  2.898e-06  1.407e-10  5.881e-06  6.568e-08 
 -2.005e+01 -7.124e-08  1.763e-05  1.242e-05 -3.765e-04 -8.495e-02 -2.468e-06 -1.237e-01  3.872e-06  5.469e+01 
 -7.765e-02  2.768e-09  1.379e-07  5.573e-08 -1.545e-06 -3.454e-04 -3.518e-09 -5.011e-04  8.600e-09  2.033e-01  7.809e-04 
 PARAMETER  CORRELATION COEFFICIENTS  
       NO.  GLOBAL      1      3      4      6      7      8      9     10     14     15     16
        1  0.01339   1.000  0.004  0.010 -0.005 -0.003  0.001 -0.001 -0.001 -0.001 -0.006 -0.006
        3  0.02683   0.004  1.000  0.026 -0.005 -0.001  0.001 -0.001 -0.002  0.002 -0.000  0.000
        4  0.03713   0.010  0.026  1.000 -0.010  0.006  0.003 -0.001 -0.003  0.004  0.003  0.007
        6  0.02183  -0.005 -0.005 -0.010  1.000  0.013  0.002  0.001  0.002  0.003  0.007  0.008
        7  0.28032  -0.003 -0.001  0.006  0.013  1.000  0.089  0.004  0.014  0.221 -0.145 -0.157
        8  0.19256   0.001  0.001  0.003  0.002  0.089  1.000  0.002  0.008  0.124 -0.126 -0.135
        9  0.00667  -0.001 -0.001 -0.001  0.001  0.004  0.002  1.000  0.000  0.002 -0.001 -0.000
       10  0.02084  -0.001 -0.002 -0.003  0.002  0.014  0.008  0.000  1.000  0.014 -0.010 -0.011
       14  0.25029  -0.001  0.002  0.004  0.003  0.221  0.124  0.002  0.014  1.000  0.002  0.001
       15  0.98404  -0.006 -0.000  0.003  0.007 -0.145 -0.126 -0.001 -0.010  0.002  1.000  0.984
       16  0.98414  -0.006  0.000  0.007  0.008 -0.157 -0.135 -0.000 -0.011  0.001  0.984  1.000
MINUIT - REFIT 5-PARAM
 **********
 **   94 **FIX            5
 **********
 PARAMETER    5  IS CONSTANT.   IGNORED.
 **********
 **   95 **FIX            6
 **********
 **********
 **   96 **FIX            7
 **********
 **********
 **   97 **FIX            8
 **********
 **********
 **   98 **FIX            9
 **********
 **********
 **   99 **FIX           10
 **********
 **********
 **  100 **FIX           11
 **********
 PARAMETER   11  IS CONSTANT.   IGNORED.
 **********
 **  101 **FIX           12
 **********
 PARAMETER   12  IS CONSTANT.   IGNORED.
 **********
 **  102 **FIX           13
 **********
 PARAMETER   13  IS CONSTANT.   IGNORED.
 **********
 **  103 **FIX           14
 **********
 **********
 **  104 **FIX           15
 **********
 **********
 **  105 **FIX           16
 **********
 **********
 **  106 **MIGRAD
 **********
 START MIGRAD MINIMIZATION.  STRATEGY  1.  CONVERGENCE WHEN EDM .LT. 1.00e-04
 FCN=298.709 FROM MIGRAD    STATUS=INITIATE        6 CALLS         544 TOTAL
                     EDM=4.82212e-08    STRATEGY= 1  ERROR MATRIX UNCERTAINTY  50.0 per cent
  EXT PARAMETER                APPROXIMATE        STEP         FIRST   
  NO.   NAME      VALUE            ERROR          SIZE      DERIVATIVE 
   1  N0           2.70353e+06   4.88381e+02  -9.81302e-02  -4.13894e-07
   2  tau          6.44083e+01   constant   
   3  A0           3.58641e-01   2.40386e-04  -2.78589e-08  -4.60327e-01
   4  phi          4.11678e+00   7.21725e-04   7.56148e-08   2.20720e-01
   5  R           -6.21699e+01   constant   
   6  A_CBO        2.90533e-03     fixed    
   7  w_CBO        2.32623e+00     fixed    
   8  phi_CBO      4.35937e+00     fixed    
   9  ANx2         1.52935e-04     fixed    
  10  pNx2         6.03760e+00     fixed    
  11  ANy1         0.00000e+00   constant   
  12  pNy1         0.00000e+00   constant   
  13  w_y          0.00000e+00   constant   
  14  ANy2         1.93252e-04     fixed    
  15  pNy2         1.66270e+00     fixed    
  16  w_vw         1.44277e+01     fixed    
  17  LM           1.88334e-04   constant   
 MIGRAD MINIMIZATION HAS CONVERGED.
 MIGRAD WILL VERIFY CONVERGENCE AND ERROR MATRIX.
 COVARIANCE MATRIX CALCULATED SUCCESSFULLY
 FCN=298.709 FROM MIGRAD    STATUS=CONVERGED      29 CALLS         567 TOTAL
                     EDM=7.19273e-11    STRATEGY= 1      ERROR MATRIX ACCURATE 
  EXT PARAMETER                                   STEP         FIRST   
  NO.   NAME      VALUE            ERROR          SIZE      DERIVATIVE 
   1  N0           2.70353e+06   4.87833e+02   4.10688e+00  -7.49075e-09
   2  tau          6.44083e+01   constant   
   3  A0           3.58641e-01   2.39368e-04   2.02224e-06  -3.35953e-02
   4  phi          4.11678e+00   6.95349e-04   5.87780e-06  -1.14154e-02
   5  R           -6.21699e+01   constant   
   6  A_CBO        2.90533e-03     fixed    
   7  w_CBO        2.32623e+00     fixed    
   8  phi_CBO      4.35937e+00     fixed    
   9  ANx2         1.52935e-04     fixed    
  10  pNx2         6.03760e+00     fixed    
  11  ANy1         0.00000e+00   constant   
  12  pNy1         0.00000e+00   constant   
  13  w_y          0.00000e+00   constant   
  14  ANy2         1.93252e-04     fixed    
  15  pNy2         1.66270e+00     fixed    
  16  w_vw         1.44277e+01     fixed    
  17  LM           1.88334e-04   constant   
 EXTERNAL ERROR MATRIX.    NDIM=  25    NPAR=  3    ERR DEF=1
  2.380e+05  3.922e-03  7.606e-04 
  3.922e-03  5.730e-08  9.418e-10 
  7.606e-04  9.418e-10  4.835e-07 
 PARAMETER  CORRELATION COEFFICIENTS  
       NO.  GLOBAL      1      3      4
        1  0.03365   1.000  0.034  0.002
        3  0.03405   0.034  1.000  0.006
        4  0.00602   0.002  0.006  1.000
MINUIT - 2CBO + Y
 **********
 **  107 **RES 
 **********
                   PARAMETER   16  w_vw RESTORED TO VARIABLE.
                   PARAMETER   15  pNy2 RESTORED TO VARIABLE.
                   PARAMETER   14  ANy2 RESTORED TO VARIABLE.
                   PARAMETER   10  pNx2 RESTORED TO VARIABLE.
                   PARAMETER    9  ANx2 RESTORED TO VARIABLE.
                   PARAMETER    8  phi_CBO RESTORED TO VARIABLE.
                   PARAMETER    7  w_CBO RESTORED TO VARIABLE.
                   PARAMETER    6  A_CBO RESTORED TO VARIABLE.
 **********
 **  108 **FIX            0
 **********
 PARAMETER    0  IS UNDEFINED. IGNORED.
 **********
 **  109 **FIX            1
 **********
 **********
 **  110 **FIX            2
 **********
 PARAMETER    2  IS CONSTANT.   IGNORED.
 **********
 **  111 **FIX            3
 **********
 **********
 **  112 **FIX            4
 **********
 **********
 **  113 **FIX            5
 **********
 PARAMETER    5  IS CONSTANT.   IGNORED.
 **********
 **  114 **FIX            6
 **********
 **********
 **  115 **FIX            7
 **********
 **********
 **  116 **FIX           16
 **********
 **********
 **  117 **MIGRAD
 **********
 START MIGRAD MINIMIZATION.  STRATEGY  1.  CONVERGENCE WHEN EDM .LT. 1.00e-04
 FCN=298.709 FROM MIGRAD    STATUS=INITIATE       10 CALLS         577 TOTAL
                     EDM= unknown      STRATEGY= 1      NO ERROR MATRIX       
  EXT PARAMETER               CURRENT GUESS       STEP         FIRST   
  NO.   NAME      VALUE            ERROR          SIZE      DERIVATIVE 
   1  N0           2.70353e+06     fixed    
   2  tau          6.44083e+01   constant   
   3  A0           3.58641e-01     fixed    
   4  phi          4.11678e+00     fixed    
   5  R           -6.21699e+01   constant   
   6  A_CBO        2.90533e-03     fixed    
   7  w_CBO        2.32623e+00     fixed    
   8  phi_CBO      4.35937e+00   9.08586e-02   9.08586e-02  -1.98957e-02
   9  ANx2         1.52935e-04   2.54869e-04   2.54869e-04   3.73842e-01
  10  pNx2         6.03760e+00   1.67451e+00   1.67451e+00  -6.29560e-06
  11  ANy1         0.00000e+00   constant   
  12  pNy1         0.00000e+00   constant   
  13  w_y          0.00000e+00   constant   
  14  ANy2         1.93252e-04   2.48469e-04   2.48469e-04   2.67657e+00
  15  pNy2         1.66270e+00   7.26001e+00   7.26001e+00   9.86437e-04
  16  w_vw         1.44277e+01     fixed    
  17  LM           1.88334e-04   constant   
 MIGRAD MINIMIZATION HAS CONVERGED.
 MIGRAD WILL VERIFY CONVERGENCE AND ERROR MATRIX.
 COVARIANCE MATRIX CALCULATED SUCCESSFULLY
 FCN=298.709 FROM MIGRAD    STATUS=CONVERGED      52 CALLS         619 TOTAL
                     EDM=1.3682e-10    STRATEGY= 1      ERROR MATRIX ACCURATE 
  EXT PARAMETER                                   STEP         FIRST   
  NO.   NAME      VALUE            ERROR          SIZE      DERIVATIVE 
   1  N0           2.70353e+06     fixed    
   2  tau          6.44083e+01   constant   
   3  A0           3.58641e-01     fixed    
   4  phi          4.11678e+00     fixed    
   5  R           -6.21699e+01   constant   
   6  A_CBO        2.90533e-03     fixed    
   7  w_CBO        2.32623e+00     fixed    
   8  phi_CBO      4.35945e+00   8.77783e-02   7.41979e-04   3.55168e-05
   9  ANx2         1.52923e-04   2.54866e-04   2.15431e-06  -5.07523e-02
  10  pNx2         6.03761e+00   1.66914e+00   1.41084e-02  -4.93474e-06
  11  ANy1         0.00000e+00   constant   
  12  pNy1         0.00000e+00   constant   
  13  w_y          0.00000e+00   constant   
  14  ANy2         1.93165e-04   2.55197e-04   2.15718e-06   2.42606e-03
  15  pNy2         1.66184e+00   1.31959e+00   1.11519e-02  -4.23285e-06
  16  w_vw         1.44277e+01     fixed    
  17  LM           1.88334e-04   constant   
 EXTERNAL ERROR MATRIX.    NDIM=  25    NPAR=  5    ERR DEF=1
  7.705e-03  1.201e-07  8.229e-04 -2.889e-08  3.170e-04 
  1.201e-07  6.496e-08 -3.380e-06  5.855e-11 -1.056e-06 
  8.229e-04 -3.380e-06  2.786e+00  5.945e-08  2.797e-03 
 -2.889e-08  5.855e-11  5.945e-08  6.513e-08 -2.182e-06 
  3.170e-04 -1.056e-06  2.797e-03 -2.182e-06  1.741e+00 
 PARAMETER  CORRELATION COEFFICIENTS  
       NO.  GLOBAL      8      9     10     14     15
        8  0.00837   1.000  0.005  0.006 -0.001  0.003
        9  0.01015   0.005  1.000 -0.008  0.001 -0.003
       10  0.00983   0.006 -0.008  1.000  0.000  0.001
       14  0.00666  -0.001  0.001  0.000  1.000 -0.006
       15  0.00780   0.003 -0.003  0.001 -0.006  1.000
MINUIT - MINOS
 **********
 **  118 **RES 
 **********
                   PARAMETER   16  w_vw RESTORED TO VARIABLE.
                   PARAMETER    7  w_CBO RESTORED TO VARIABLE.
                   PARAMETER    6  A_CBO RESTORED TO VARIABLE.
                   PARAMETER    4  phi RESTORED TO VARIABLE.
                   PARAMETER    3  A0 RESTORED TO VARIABLE.
                   PARAMETER    1  N0 RESTORED TO VARIABLE.
 **********
 **  119 **MIG      2.5e+04        0.01
 **********
 START MIGRAD MINIMIZATION.  STRATEGY  1.  CONVERGENCE WHEN EDM .LT. 1.00e-05
 FCN=298.709 FROM MIGRAD    STATUS=INITIATE       22 CALLS         641 TOTAL
                     EDM= unknown      STRATEGY= 1      NO ERROR MATRIX       
  EXT PARAMETER               CURRENT GUESS       STEP         FIRST   
  NO.   NAME      VALUE            ERROR          SIZE      DERIVATIVE 
   1  N0           2.70353e+06   4.87833e+02   4.87833e+02  -2.12379e-08
   2  tau          6.44083e+01   constant   
   3  A0           3.58641e-01   2.39368e-04   2.39368e-04  -1.29596e-01
   4  phi          4.11678e+00   6.95349e-04   6.95349e-04  -2.66406e-02
   5  R           -6.21699e+01   constant   
   6  A_CBO        2.90533e-03   2.55831e-04   2.55831e-04   1.91609e+00
   7  w_CBO        2.32623e+00   3.51868e-04   3.51868e-04  -2.43642e+00
   8  phi_CBO      4.35945e+00   8.77783e-02   7.41979e-04   3.57848e-05
   9  ANx2         1.52923e-04   2.54866e-04   2.15431e-06  -5.07530e-02
  10  pNx2         6.03761e+00   1.66914e+00   1.41084e-02  -4.99930e-06
  11  ANy1         0.00000e+00   constant   
  12  pNy1         0.00000e+00   constant   
  13  w_y          0.00000e+00   constant   
  14  ANy2         1.93165e-04   2.55197e-04   2.15718e-06   2.42604e-03
  15  pNy2         1.66184e+00   1.31959e+00   1.11519e-02  -4.29286e-06
  16  w_vw         1.44277e+01   4.95810e-03   4.95810e-03  -2.25598e-01
  17  LM           1.88334e-04   constant   
 MIGRAD MINIMIZATION HAS CONVERGED.
 MIGRAD WILL VERIFY CONVERGENCE AND ERROR MATRIX.
 COVARIANCE MATRIX CALCULATED SUCCESSFULLY
 FCN=298.709 FROM MIGRAD    STATUS=CONVERGED     220 CALLS         839 TOTAL
                     EDM=6.15881e-07    STRATEGY= 1      ERROR MATRIX ACCURATE 
  EXT PARAMETER                                   STEP         FIRST   
  NO.   NAME      VALUE            ERROR          SIZE      DERIVATIVE 
   1  N0           2.70353e+06   4.87883e+02   4.10688e+00   1.54516e-07
   2  tau          6.44083e+01   constant   
   3  A0           3.58641e-01   2.39444e-04   2.02224e-06  -1.93557e-01
   4  phi          4.11678e+00   6.95553e-04   5.87780e-06   3.66352e-01
   5  R           -6.21699e+01   constant   
   6  A_CBO        2.90528e-03   2.55157e-04   2.15622e-06   3.90317e-02
   7  w_CBO        2.32628e+00   2.36855e-03   1.91559e-05  -2.53720e-02
   8  phi_CBO      4.37121e+00   6.12631e-01   7.41980e-04   4.62517e-04
   9  ANx2         1.52947e-04   2.54868e-04   2.15430e-06  -6.89150e-02
  10  pNx2         6.05950e+00   2.01374e+00   1.41068e-02   2.29160e-05
  11  ANy1         0.00000e+00   constant   
  12  pNy1         0.00000e+00   constant   
  13  w_y          0.00000e+00   constant   
  14  ANy2         1.93158e-04   2.55727e-04   2.15717e-06  -1.34796e-02
  15  pNy2         1.67440e+00   7.41612e+00   1.11548e-02   2.16017e-05
  16  w_vw         1.44277e+01   2.79633e-02   1.45536e-05   9.44258e-02
  17  LM           1.88334e-04   constant   
 EXTERNAL ERROR MATRIX.    NDIM=  25    NPAR= 11    ERR DEF=1
  2.380e+05 
  3.943e-03  5.733e-08 
  8.457e-04  9.285e-10  4.838e-07 
 -1.131e-03  2.444e-10 -3.933e-09  6.511e-08 
  9.800e-03  1.184e-08 -3.329e-09 -1.337e-09  5.611e-06 
  2.644e+00  3.311e-06 -6.073e-07 -2.649e-07  1.436e-03  3.753e-01 
 -3.586e-04 -1.031e-10 -5.961e-10  1.127e-10 -2.125e-11  1.140e-07  6.496e-08 
  8.585e-01  6.071e-06 -9.109e-06 -1.637e-06  2.669e-03  6.840e-01 -3.390e-06  4.055e+00 
  1.131e-04 -2.721e-11  1.749e-10  1.538e-11 -9.758e-10 -2.830e-07  6.777e-11 -4.421e-07  6.540e-08 
 -9.936e+00  3.721e-07 -1.810e-05  1.272e-06  7.915e-05  2.256e-02 -5.463e-06  5.475e-02 -1.223e-04  5.500e+01 
 -3.403e-02  9.163e-10 -5.889e-08  4.723e-09  2.612e-07  7.445e-05 -1.690e-08  1.788e-04 -4.602e-07  2.041e-01  7.820e-04 
 PARAMETER  CORRELATION COEFFICIENTS  
       NO.  GLOBAL      1      3      4      6      7      8      9     10     14     15     16
        1  0.03656   1.000  0.034  0.002 -0.009  0.008  0.009 -0.003  0.001  0.001 -0.003 -0.002
        3  0.04233   0.034  1.000  0.006  0.004  0.021  0.023 -0.002  0.013 -0.000  0.000  0.000
        4  0.02493   0.002  0.006  1.000 -0.022 -0.002 -0.001 -0.003 -0.007  0.001 -0.004 -0.003
        6  0.02489  -0.009  0.004 -0.022  1.000 -0.002 -0.002  0.002 -0.003  0.000  0.001  0.001
        7  0.98977   0.008  0.021 -0.002 -0.002  1.000  0.990 -0.000  0.560 -0.002  0.005  0.004
        8  0.98968   0.009  0.023 -0.001 -0.002  0.990  1.000  0.001  0.554 -0.002  0.005  0.004
        9  0.01158  -0.003 -0.002 -0.003  0.002 -0.000  0.001  1.000 -0.007  0.001 -0.003 -0.002
       10  0.55968   0.001  0.013 -0.007 -0.003  0.560  0.554 -0.007  1.000 -0.001  0.004  0.003
       14  0.06472   0.001 -0.000  0.001  0.000 -0.002 -0.002  0.001 -0.001  1.000 -0.064 -0.064
       15  0.98404  -0.003  0.000 -0.004  0.001  0.005  0.005 -0.003  0.004 -0.064  1.000  0.984
       16  0.98404  -0.002  0.000 -0.003  0.001  0.004  0.004 -0.002  0.003 -0.064  0.984  1.000
 **********
 **  120 **MINO      2.5e+04
 **********
                         POSITIVE MINOS ERROR NOT CALCULATED FOR PARAMETER 10
                         NEGATIVE MINOS ERROR NOT CALCULATED FOR PARAMETER 10
                         POSITIVE MINOS ERROR NOT CALCULATED FOR PARAMETER 15
                         NEGATIVE MINOS ERROR NOT CALCULATED FOR PARAMETER 15
                         POSITIVE MINOS ERROR NOT CALCULATED FOR PARAMETER 16
                         NEGATIVE MINOS ERROR NOT CALCULATED FOR PARAMETER 16
 FCN=298.709 FROM MINOS     STATUS=PROBLEMS    10062 CALLS       10901 TOTAL
                     EDM=6.15881e-07    STRATEGY= 1      ERROR MATRIX ACCURATE 
  EXT PARAMETER                  PARABOLIC         MINOS ERRORS        
  NO.   NAME      VALUE            ERROR      NEGATIVE      POSITIVE   
   1  N0           2.70353e+06   4.87883e+02  -4.87900e+02   4.87866e+02
   2  tau          6.44083e+01   constant   
   3  A0           3.58641e-01   2.39444e-04  -2.39440e-04   2.39448e-04
   4  phi          4.11678e+00   6.95553e-04  -6.95644e-04   6.95463e-04
   5  R           -6.21699e+01   constant   
   6  A_CBO        2.90528e-03   2.55157e-04  -2.55158e-04   2.55158e-04
   7  w_CBO        2.32628e+00   2.36855e-03  -2.36878e-03   2.39663e-03
   8  phi_CBO      4.37121e+00   6.12631e-01  -6.13174e-01   6.19157e-01
   9  ANx2         1.52947e-04   2.54868e-04  -5.60761e-04   2.54866e-04
  10  pNx2         6.05950e+00   2.01374e+00                            
  11  ANy1         0.00000e+00   constant   
  12  pNy1         0.00000e+00   constant   
  13  w_y          0.00000e+00   constant   
  14  ANy2         1.93158e-04   2.55727e-04  -6.70802e-04   2.55193e-04
  15  pNy2         1.67440e+00   7.41612e+00                            
  16  w_vw         1.44277e+01   2.79633e-02                            
  17  LM           1.88334e-04   constant   
 **********
 **  121 **SHO COR 
 **********
 PARAMETER  CORRELATION COEFFICIENTS  
       NO.  GLOBAL      1      3      4      6      7      8      9     10     14     15     16
        1  0.03656   1.000  0.034  0.002 -0.009  0.008  0.009 -0.003  0.001  0.001 -0.003 -0.002
        3  0.04233   0.034  1.000  0.006  0.004  0.021  0.023 -0.002  0.013 -0.000  0.000  0.000
        4  0.02493   0.002  0.006  1.000 -0.022 -0.002 -0.001 -0.003 -0.007  0.001 -0.004 -0.003
        6  0.02489  -0.009  0.004 -0.022  1.000 -0.002 -0.002  0.002 -0.003  0.000  0.001  0.001
        7  0.98977   0.008  0.021 -0.002 -0.002  1.000  0.990 -0.000  0.560 -0.002  0.005  0.004
        8  0.98968   0.009  0.023 -0.001 -0.002  0.990  1.000  0.001  0.554 -0.002  0.005  0.004
        9  0.01158  -0.003 -0.002 -0.003  0.002 -0.000  0.001  1.000 -0.007  0.001 -0.003 -0.002
       10  0.55968   0.001  0.013 -0.007 -0.003  0.560  0.554 -0.007  1.000 -0.001  0.004  0.003
       14  0.06472   0.001 -0.000  0.001  0.000 -0.002 -0.002  0.001 -0.001  1.000 -0.064 -0.064
       15  0.98404  -0.003  0.000 -0.004  0.001  0.005  0.005 -0.003  0.004 -0.064  1.000  0.984
       16  0.98404  -0.002  0.000 -0.003  0.001  0.004  0.004 -0.002  0.003 -0.064  0.984  1.000
