 + ++++++++++++++++++++++++++++++++++++++++++++++++++++++++++++++++++++ +
 +                                                                      +
 +           You have chose to blind your fitting according to          +
 +                omega_ref * (1 + (R +/- deltaR) *10^{-6})             +
 +                                                                      +
 + ++++++++++++++++++++++++++++++++++++++++++++++++++++++++++++++++++++ +
In main()...
reading format from /gm2data/zkhechad/run45/envelope/formats/formatB_sBin_constraintOn.txt
pBinTau 	= 0  
pBinPhi 	= 0  
constraintau 	= 1 
includeMopTerm 	= 0    
constrainMop    = 0   
Parameters after format file: pBinTau 0 pBinPhi 0 constraintau 1 includeMopTerm 0 constrainMop 0 c_e_scale 0.000000 
reading cbo reference file (full fit) from /gm2data/zkhechad/cboTemplates/Run4CBOTemplates/fullFits/run4/sBin_constraintOn_cE0.0_seed0_run4_calo13.root
A_CBO 0.010252 w_CBO 2.327514 phi_CBO 5.545635 N0 3338670.649067 R -60.961072 tau 64.390414 
Reading cboRef file /gm2data/zkhechad/cboTemplates/Run4CBOTemplates//cboIsolate/run4_calo13.root
deltaT 164.120000
windowBins = 1100
fitting sliding window 2100 from bin 2303 at 343.607600 to bin 3403 at 507.727600 (1100 bins)

Reading data from /gm2data/cornell/histograms/aMethod/histogram_a_run4.root
fitting cbo isolate
 **********
 **    1 **SET PRINTOUT            1
 **********
 **********
 **    2 **SET NOWARNINGS 
 **********
 PARAMETER DEFINITIONS:
    NO.   NAME         VALUE      STEP SIZE      LIMITS
     1 A_CBO        1.02517e-02  1.00000e-05     no limits
     2 w_CBO        2.32751e+00  1.00000e-02    2.00000e+00  3.00000e+00
     3 phi_CBO      5.54564e+00  1.00000e-02    0.00000e+00  6.28319e+00
 **********
 **    3 **MIGRAD
 **********
 FIRST CALL TO USER FUNCTION AT NEW START POINT, WITH IFLAG=4.
 START MIGRAD MINIMIZATION.  STRATEGY  1.  CONVERGENCE WHEN EDM .LT. 1.00e-04
 FCN=0.165177 FROM MIGRAD    STATUS=INITIATE       12 CALLS          13 TOTAL
                     EDM= unknown      STRATEGY= 1      NO ERROR MATRIX       
  EXT PARAMETER               CURRENT GUESS       STEP         FIRST   
  NO.   NAME      VALUE            ERROR          SIZE      DERIVATIVE 
   1  A_CBO        1.02517e-02   1.00000e-05   1.00000e-05   7.66627e+00
   2  w_CBO        2.32751e+00   1.00000e-02   2.13103e-02   2.31185e+00
   3  phi_CBO      5.54564e+00   1.00000e-02   4.94468e-03  -2.50720e-02
 MIGRAD MINIMIZATION HAS CONVERGED.
 MIGRAD WILL VERIFY CONVERGENCE AND ERROR MATRIX.
 COVARIANCE MATRIX CALCULATED SUCCESSFULLY
 FCN=0.137866 FROM HESSE     STATUS=OK             16 CALLS          59 TOTAL
                     EDM=6.82465e-05    STRATEGY= 1      ERROR MATRIX ACCURATE 
  EXT PARAMETER                                   STEP         FIRST   
  NO.   NAME      VALUE            ERROR          SIZE      DERIVATIVE 
   1  A_CBO        3.47087e-03   4.27061e-02   2.22003e-05   7.95308e-03
   2  w_CBO        2.32717e+00   1.77827e-01   3.33974e-05  -8.04940e-03
   3  phi_CBO      5.71129e+00   4.10275e+00   3.56912e-03  -3.20051e-04
 MIGRAD MINIMIZATION HAS CONVERGED.
 FCN=0.137817 FROM MIGRAD    STATUS=CONVERGED      74 CALLS          75 TOTAL
                     EDM=9.45194e-06    STRATEGY= 1  ERROR MATRIX UNCERTAINTY  15.5 per cent
  EXT PARAMETER                                   STEP         FIRST   
  NO.   NAME      VALUE            ERROR          SIZE      DERIVATIVE 
   1  A_CBO        3.47960e-03   4.26194e-02   4.39060e-06   3.66211e-03
   2  w_CBO        2.32788e+00   1.21520e-01   5.63846e-04   6.92247e-02
   3  phi_CBO      5.97952e+00   5.03539e+00   6.66785e-02  -7.13861e-04
 EXTERNAL ERROR MATRIX.    NDIM=  25    NPAR=  3    ERR DEF=1
  1.816e-03  2.068e-04  7.338e-02 
  2.068e-04  1.511e-02  5.360e+00 
  7.338e-02  5.360e+00  1.960e+03 
 PARAMETER  CORRELATION COEFFICIENTS  
       NO.  GLOBAL      1      2      3
        1  0.03948   1.000  0.039  0.039
        2  0.98516   0.039  1.000  0.985
        3  0.98516   0.039  0.985  1.000
setting A_CBO=0.003480 w_CBO=2.327876, phi_CBO=5.979517
done fitting cbo isolate
 **********
 **    1 **SET PRINTOUT            1
 **********
 **********
 **    2 **SET NOWARNINGS 
 **********
 PARAMETER DEFINITIONS:
    NO.   NAME         VALUE      STEP SIZE      LIMITS
     1 N0           3.33867e+06  1.00000e+02     no limits
     2 tau          6.43904e+01  constant
     3 A0           3.52926e-01  1.00000e-04     no limits
     4 phi          4.13059e+00  1.00000e-02     no limits
     5 R           -6.09611e+01  constant
     6 A_CBO        3.47960e-03  1.00000e-05     no limits
     7 w_CBO        2.32788e+00  1.00000e-03     no limits
     8 phi_CBO      5.97952e+00  1.00000e-04     no limits
     9 ANx2         2.14836e-04  constant
    10 pNx2         2.09111e+00  constant
    11 ANy1         0.00000e+00  constant
    12 pNy1         0.00000e+00  constant
    13 w_y          0.00000e+00  constant
    14 ANy2         1.07548e-02  constant
    15 pNy2         1.09622e+00  constant
    16 w_vw         1.39005e+01  constant
    17 LM          -4.64416e-04  constant
    18 wCBO_expCoeff   0.00000e+00  constant
    19 wCBO_expOffset   0.00000e+00  constant
    20 wCBO_expT    0.00000e+00  constant
    21 wCBO_linCoeff   0.00000e+00  constant
    22 wCBO_const   0.00000e+00  constant
MINUIT - FIT ONLY WIGGLE
 **********
 **    3 **FIX            5
 **********
 PARAMETER    5  IS CONSTANT.   IGNORED.
 **********
 **    4 **FIX            6
 **********
 **********
 **    5 **FIX            7
 **********
 **********
 **    6 **FIX            8
 **********
 **********
 **    7 **FIX            9
 **********
 PARAMETER    9  IS CONSTANT.   IGNORED.
 **********
 **    8 **FIX           10
 **********
 PARAMETER   10  IS CONSTANT.   IGNORED.
 **********
 **    9 **FIX           11
 **********
 PARAMETER   11  IS CONSTANT.   IGNORED.
 **********
 **   10 **FIX           12
 **********
 PARAMETER   12  IS CONSTANT.   IGNORED.
 **********
 **   11 **FIX           13
 **********
 PARAMETER   13  IS CONSTANT.   IGNORED.
 **********
 **   12 **FIX           14
 **********
 PARAMETER   14  IS CONSTANT.   IGNORED.
 **********
 **   13 **FIX           15
 **********
 PARAMETER   15  IS CONSTANT.   IGNORED.
 **********
 **   14 **FIX           16
 **********
 PARAMETER   16  IS CONSTANT.   IGNORED.
 **********
 **   15 **MIGRAD
 **********
 FIRST CALL TO USER FUNCTION AT NEW START POINT, WITH IFLAG=4.
 START MIGRAD MINIMIZATION.  STRATEGY  1.  CONVERGENCE WHEN EDM .LT. 1.00e-04
 FCN=582.563 FROM MIGRAD    STATUS=INITIATE       12 CALLS          13 TOTAL
                     EDM= unknown      STRATEGY= 1      NO ERROR MATRIX       
  EXT PARAMETER               CURRENT GUESS       STEP         FIRST   
  NO.   NAME      VALUE            ERROR          SIZE      DERIVATIVE 
   1  N0           3.33867e+06   1.00000e+02   1.00000e+02   1.19972e-03
   2  tau          6.43904e+01   constant   
   3  A0           3.52926e-01   1.00000e-04   1.00000e-04   1.59545e+03
   4  phi          4.13059e+00   1.00000e-02   1.00000e-02   3.59477e+02
   5  R           -6.09611e+01   constant   
   6  A_CBO        3.47960e-03     fixed    
   7  w_CBO        2.32788e+00     fixed    
   8  phi_CBO      5.97952e+00     fixed    
   9  ANx2         2.14836e-04   constant   
  10  pNx2         2.09111e+00   constant   
  11  ANy1         0.00000e+00   constant   
  12  pNy1         0.00000e+00   constant   
  13  w_y          0.00000e+00   constant   
  14  ANy2         1.07548e-02   constant   
  15  pNy2         1.09622e+00   constant   
  16  w_vw         1.39005e+01   constant   
  17  LM          -4.64416e-04   constant   
  18  wCBO_expCoeff   0.00000e+00   constant   
  19  wCBO_expOffset   0.00000e+00   constant   
  20  wCBO_expT    0.00000e+00   constant   
  21  wCBO_linCoeff   0.00000e+00   constant   
  22  wCBO_const   0.00000e+00   constant   
 MIGRAD MINIMIZATION HAS CONVERGED.
 MIGRAD WILL VERIFY CONVERGENCE AND ERROR MATRIX.
 COVARIANCE MATRIX CALCULATED SUCCESSFULLY
 FCN=581.318 FROM MIGRAD    STATUS=CONVERGED      42 CALLS          43 TOTAL
                     EDM=2.86666e-07    STRATEGY= 1      ERROR MATRIX ACCURATE 
  EXT PARAMETER                                   STEP         FIRST   
  NO.   NAME      VALUE            ERROR          SIZE      DERIVATIVE 
   1  N0           3.33720e+06   1.56277e+03   1.77717e+01   2.56999e-07
   2  tau          6.43904e+01   constant   
   3  A0           3.52603e-01   6.24880e-04   7.36099e-06  -6.93857e-01
   4  phi          4.13001e+00   1.84109e-03   2.16896e-05  -2.58559e-01
   5  R           -6.09611e+01   constant   
   6  A_CBO        3.47960e-03     fixed    
   7  w_CBO        2.32788e+00     fixed    
   8  phi_CBO      5.97952e+00     fixed    
   9  ANx2         2.14836e-04   constant   
  10  pNx2         2.09111e+00   constant   
  11  ANy1         0.00000e+00   constant   
  12  pNy1         0.00000e+00   constant   
  13  w_y          0.00000e+00   constant   
  14  ANy2         1.07548e-02   constant   
  15  pNy2         1.09622e+00   constant   
  16  w_vw         1.39005e+01   constant   
  17  LM          -4.64416e-04   constant   
  18  wCBO_expCoeff   0.00000e+00   constant   
  19  wCBO_expOffset   0.00000e+00   constant   
  20  wCBO_expT    0.00000e+00   constant   
  21  wCBO_linCoeff   0.00000e+00   constant   
  22  wCBO_const   0.00000e+00   constant   
 EXTERNAL ERROR MATRIX.    NDIM=  25    NPAR=  3    ERR DEF=1
  2.442e+06  2.176e-02 -4.933e-02 
  2.176e-02  3.905e-07 -3.805e-09 
 -4.933e-02 -3.805e-09  3.390e-06 
 PARAMETER  CORRELATION COEFFICIENTS  
       NO.  GLOBAL      1      3      4
        1  0.02807   1.000  0.022 -0.017
        3  0.02247   0.022  1.000 -0.003
        4  0.01739  -0.017 -0.003  1.000
MINUIT - FIT ONLY 1-CBO + other amplitudes 
 **********
 **   16 **RES 
 **********
                   PARAMETER    8  phi_CBO RESTORED TO VARIABLE.
                   PARAMETER    7  w_CBO RESTORED TO VARIABLE.
                   PARAMETER    6  A_CBO RESTORED TO VARIABLE.
 **********
 **   17 **FIX            0
 **********
 PARAMETER    0  IS UNDEFINED. IGNORED.
 **********
 **   18 **FIX            1
 **********
 **********
 **   19 **FIX            2
 **********
 PARAMETER    2  IS CONSTANT.   IGNORED.
 **********
 **   20 **FIX            3
 **********
 **********
 **   21 **FIX            4
 **********
 **********
 **   22 **FIX            9
 **********
 PARAMETER    9  IS CONSTANT.   IGNORED.
 **********
 **   23 **FIX           11
 **********
 PARAMETER   11  IS CONSTANT.   IGNORED.
 **********
 **   24 **FIX           12
 **********
 PARAMETER   12  IS CONSTANT.   IGNORED.
 **********
 **   25 **FIX           14
 **********
 PARAMETER   14  IS CONSTANT.   IGNORED.
 **********
 **   26 **FIX           15
 **********
 PARAMETER   15  IS CONSTANT.   IGNORED.
 **********
 **   27 **FIX           16
 **********
 PARAMETER   16  IS CONSTANT.   IGNORED.
 **********
 **   28 **MIGRAD
 **********
 START MIGRAD MINIMIZATION.  STRATEGY  1.  CONVERGENCE WHEN EDM .LT. 1.00e-04
 FCN=581.318 FROM MIGRAD    STATUS=INITIATE       12 CALLS          55 TOTAL
                     EDM= unknown      STRATEGY= 1      NO ERROR MATRIX       
  EXT PARAMETER               CURRENT GUESS       STEP         FIRST   
  NO.   NAME      VALUE            ERROR          SIZE      DERIVATIVE 
   1  N0           3.33720e+06     fixed    
   2  tau          6.43904e+01   constant   
   3  A0           3.52603e-01     fixed    
   4  phi          4.13001e+00     fixed    
   5  R           -6.09611e+01   constant   
   6  A_CBO        3.47960e-03   1.00000e-05   1.00000e-05  -1.10333e+03
   7  w_CBO        2.32788e+00   1.00000e-03   1.00000e-03   2.82102e+03
   8  phi_CBO      5.97952e+00   1.00000e-04   1.00000e-04  -6.49746e+00
   9  ANx2         2.14836e-04   constant   
  10  pNx2         2.09111e+00   constant   
  11  ANy1         0.00000e+00   constant   
  12  pNy1         0.00000e+00   constant   
  13  w_y          0.00000e+00   constant   
  14  ANy2         1.07548e-02   constant   
  15  pNy2         1.09622e+00   constant   
  16  w_vw         1.39005e+01   constant   
  17  LM          -4.64416e-04   constant   
  18  wCBO_expCoeff   0.00000e+00   constant   
  19  wCBO_expOffset   0.00000e+00   constant   
  20  wCBO_expT    0.00000e+00   constant   
  21  wCBO_linCoeff   0.00000e+00   constant   
  22  wCBO_const   0.00000e+00   constant   
 MIGRAD MINIMIZATION HAS CONVERGED.
 MIGRAD WILL VERIFY CONVERGENCE AND ERROR MATRIX.
 COVARIANCE MATRIX CALCULATED SUCCESSFULLY
 FCN=580.709 FROM MIGRAD    STATUS=CONVERGED      69 CALLS         112 TOTAL
                     EDM=4.53517e-09    STRATEGY= 1      ERROR MATRIX ACCURATE 
  EXT PARAMETER                                   STEP         FIRST   
  NO.   NAME      VALUE            ERROR          SIZE      DERIVATIVE 
   1  N0           3.33720e+06     fixed    
   2  tau          6.43904e+01   constant   
   3  A0           3.52603e-01     fixed    
   4  phi          4.13001e+00     fixed    
   5  R           -6.09611e+01   constant   
   6  A_CBO        3.74643e-03   6.61190e-04   7.78593e-06   1.23984e-01
   7  w_CBO        2.32724e+00   2.12725e-03   5.21592e-06  -6.18014e-02
   8  phi_CBO      5.83982e+00   8.50220e-01   2.08478e-03   1.05712e-04
   9  ANx2         2.14836e-04   constant   
  10  pNx2         2.09111e+00   constant   
  11  ANy1         0.00000e+00   constant   
  12  pNy1         0.00000e+00   constant   
  13  w_y          0.00000e+00   constant   
  14  ANy2         1.07548e-02   constant   
  15  pNy2         1.09622e+00   constant   
  16  w_vw         1.39005e+01   constant   
  17  LM          -4.64416e-04   constant   
  18  wCBO_expCoeff   0.00000e+00   constant   
  19  wCBO_expOffset   0.00000e+00   constant   
  20  wCBO_expT    0.00000e+00   constant   
  21  wCBO_linCoeff   0.00000e+00   constant   
  22  wCBO_const   0.00000e+00   constant   
 EXTERNAL ERROR MATRIX.    NDIM=  25    NPAR=  3    ERR DEF=1
  4.372e-07 -1.807e-08 -6.627e-06 
 -1.807e-08  4.525e-06  1.769e-03 
 -6.627e-06  1.769e-03  7.229e-01 
 PARAMETER  CORRELATION COEFFICIENTS  
       NO.  GLOBAL      6      7      8
        6  0.01338   1.000 -0.013 -0.012
        7  0.97811  -0.013  1.000  0.978
        8  0.97811  -0.012  0.978  1.000
MINUIT - FIT ONLY 1-CBO
 **********
 **   29 **RES 
 **********
                   PARAMETER    4  phi RESTORED TO VARIABLE.
                   PARAMETER    3  A0 RESTORED TO VARIABLE.
                   PARAMETER    1  N0 RESTORED TO VARIABLE.
 **********
 **   30 **FIX            0
 **********
 PARAMETER    0  IS UNDEFINED. IGNORED.
 **********
 **   31 **FIX            1
 **********
 **********
 **   32 **FIX            2
 **********
 PARAMETER    2  IS CONSTANT.   IGNORED.
 **********
 **   33 **FIX            3
 **********
 **********
 **   34 **FIX            4
 **********
 **********
 **   35 **FIX            8
 **********
 **********
 **   36 **FIX            9
 **********
 PARAMETER    9  IS CONSTANT.   IGNORED.
 **********
 **   37 **FIX           11
 **********
 PARAMETER   11  IS CONSTANT.   IGNORED.
 **********
 **   38 **FIX           12
 **********
 PARAMETER   12  IS CONSTANT.   IGNORED.
 **********
 **   39 **FIX           13
 **********
 PARAMETER   13  IS CONSTANT.   IGNORED.
 **********
 **   40 **FIX           15
 **********
 PARAMETER   15  IS CONSTANT.   IGNORED.
 **********
 **   41 **FIX           16
 **********
 PARAMETER   16  IS CONSTANT.   IGNORED.
 **********
 **   42 **MIGRAD
 **********
 START MIGRAD MINIMIZATION.  STRATEGY  1.  CONVERGENCE WHEN EDM .LT. 1.00e-04
 FCN=580.709 FROM MIGRAD    STATUS=INITIATE        4 CALLS         116 TOTAL
                     EDM= unknown      STRATEGY= 1      NO ERROR MATRIX       
  EXT PARAMETER               CURRENT GUESS       STEP         FIRST   
  NO.   NAME      VALUE            ERROR          SIZE      DERIVATIVE 
   1  N0           3.33720e+06     fixed    
   2  tau          6.43904e+01   constant   
   3  A0           3.52603e-01     fixed    
   4  phi          4.13001e+00     fixed    
   5  R           -6.09611e+01   constant   
   6  A_CBO        3.74643e-03   6.61190e-04   7.78593e-06   1.23984e-01
   7  w_CBO        2.32724e+00   2.12725e-03   5.21592e-06  -6.17653e-02
   8  phi_CBO      5.83982e+00     fixed    
   9  ANx2         2.14836e-04   constant   
  10  pNx2         2.09111e+00   constant   
  11  ANy1         0.00000e+00   constant   
  12  pNy1         0.00000e+00   constant   
  13  w_y          0.00000e+00   constant   
  14  ANy2         1.07548e-02   constant   
  15  pNy2         1.09622e+00   constant   
  16  w_vw         1.39005e+01   constant   
  17  LM          -4.64416e-04   constant   
  18  wCBO_expCoeff   0.00000e+00   constant   
  19  wCBO_expOffset   0.00000e+00   constant   
  20  wCBO_expT    0.00000e+00   constant   
  21  wCBO_linCoeff   0.00000e+00   constant   
  22  wCBO_const   0.00000e+00   constant   
 MIGRAD MINIMIZATION HAS CONVERGED.
 MIGRAD WILL VERIFY CONVERGENCE AND ERROR MATRIX.
 COVARIANCE MATRIX CALCULATED SUCCESSFULLY
 FCN=580.709 FROM MIGRAD    STATUS=CONVERGED      19 CALLS         131 TOTAL
                     EDM=1.13496e-13    STRATEGY= 1      ERROR MATRIX ACCURATE 
  EXT PARAMETER                                   STEP         FIRST   
  NO.   NAME      VALUE            ERROR          SIZE      DERIVATIVE 
   1  N0           3.33720e+06     fixed    
   2  tau          6.43904e+01   constant   
   3  A0           3.52603e-01     fixed    
   4  phi          4.13001e+00     fixed    
   5  R           -6.09611e+01   constant   
   6  A_CBO        3.74641e-03   6.61144e-04   7.78592e-06   2.20484e-04
   7  w_CBO        2.32724e+00   4.42655e-04   5.21289e-06  -1.02261e-03
   8  phi_CBO      5.83982e+00     fixed    
   9  ANx2         2.14836e-04   constant   
  10  pNx2         2.09111e+00   constant   
  11  ANy1         0.00000e+00   constant   
  12  pNy1         0.00000e+00   constant   
  13  w_y          0.00000e+00   constant   
  14  ANy2         1.07548e-02   constant   
  15  pNy2         1.09622e+00   constant   
  16  w_vw         1.39005e+01   constant   
  17  LM          -4.64416e-04   constant   
  18  wCBO_expCoeff   0.00000e+00   constant   
  19  wCBO_expOffset   0.00000e+00   constant   
  20  wCBO_expT    0.00000e+00   constant   
  21  wCBO_linCoeff   0.00000e+00   constant   
  22  wCBO_const   0.00000e+00   constant   
 EXTERNAL ERROR MATRIX.    NDIM=  25    NPAR=  2    ERR DEF=1
  4.371e-07 -1.852e-09 
 -1.852e-09  1.959e-07 
 PARAMETER  CORRELATION COEFFICIENTS  
       NO.  GLOBAL      6      7
        6  0.00633   1.000 -0.006
        7  0.00633  -0.006  1.000
MINUIT - FIT ONLY 2-CBO
 **********
 **   43 **RES 
 **********
                   PARAMETER    8  phi_CBO RESTORED TO VARIABLE.
                   PARAMETER    4  phi RESTORED TO VARIABLE.
                   PARAMETER    3  A0 RESTORED TO VARIABLE.
                   PARAMETER    1  N0 RESTORED TO VARIABLE.
 **********
 **   44 **FIX            0
 **********
 PARAMETER    0  IS UNDEFINED. IGNORED.
 **********
 **   45 **FIX            1
 **********
 **********
 **   46 **FIX            2
 **********
 PARAMETER    2  IS CONSTANT.   IGNORED.
 **********
 **   47 **FIX            3
 **********
 **********
 **   48 **FIX            4
 **********
 **********
 **   49 **FIX            5
 **********
 PARAMETER    5  IS CONSTANT.   IGNORED.
 **********
 **   50 **FIX            6
 **********
 **********
 **   51 **FIX            7
 **********
 **********
 **   52 **FIX           10
 **********
 PARAMETER   10  IS CONSTANT.   IGNORED.
 **********
 **   53 **FIX           11
 **********
 PARAMETER   11  IS CONSTANT.   IGNORED.
 **********
 **   54 **FIX           12
 **********
 PARAMETER   12  IS CONSTANT.   IGNORED.
 **********
 **   55 **FIX           13
 **********
 PARAMETER   13  IS CONSTANT.   IGNORED.
 **********
 **   56 **FIX           14
 **********
 PARAMETER   14  IS CONSTANT.   IGNORED.
 **********
 **   57 **FIX           15
 **********
 PARAMETER   15  IS CONSTANT.   IGNORED.
 **********
 **   58 **FIX           16
 **********
 PARAMETER   16  IS CONSTANT.   IGNORED.
 **********
 **   59 **MIGRAD
 **********
 START MIGRAD MINIMIZATION.  STRATEGY  1.  CONVERGENCE WHEN EDM .LT. 1.00e-04
 FCN=580.709 FROM MIGRAD    STATUS=INITIATE        2 CALLS         133 TOTAL
                     EDM= unknown      STRATEGY= 1      NO ERROR MATRIX       
  EXT PARAMETER               CURRENT GUESS       STEP         FIRST   
  NO.   NAME      VALUE            ERROR          SIZE      DERIVATIVE 
   1  N0           3.33720e+06     fixed    
   2  tau          6.43904e+01   constant   
   3  A0           3.52603e-01     fixed    
   4  phi          4.13001e+00     fixed    
   5  R           -6.09611e+01   constant   
   6  A_CBO        3.74641e-03     fixed    
   7  w_CBO        2.32724e+00     fixed    
   8  phi_CBO      5.83982e+00   8.50220e-01   8.50220e-01  -4.25980e-05
   9  ANx2         2.14836e-04   constant   
  10  pNx2         2.09111e+00   constant   
  11  ANy1         0.00000e+00   constant   
  12  pNy1         0.00000e+00   constant   
  13  w_y          0.00000e+00   constant   
  14  ANy2         1.07548e-02   constant   
  15  pNy2         1.09622e+00   constant   
  16  w_vw         1.39005e+01   constant   
  17  LM          -4.64416e-04   constant   
  18  wCBO_expCoeff   0.00000e+00   constant   
  19  wCBO_expOffset   0.00000e+00   constant   
  20  wCBO_expT    0.00000e+00   constant   
  21  wCBO_linCoeff   0.00000e+00   constant   
  22  wCBO_const   0.00000e+00   constant   
 MIGRAD MINIMIZATION HAS CONVERGED.
 MIGRAD WILL VERIFY CONVERGENCE AND ERROR MATRIX.
 COVARIANCE MATRIX CALCULATED SUCCESSFULLY
 FCN=580.709 FROM MIGRAD    STATUS=CONVERGED      18 CALLS         149 TOTAL
                     EDM=6.85028e-15    STRATEGY= 1      ERROR MATRIX ACCURATE 
  EXT PARAMETER                                   STEP         FIRST   
  NO.   NAME      VALUE            ERROR          SIZE      DERIVATIVE 
   1  N0           3.33720e+06     fixed    
   2  tau          6.43904e+01   constant   
   3  A0           3.52603e-01     fixed    
   4  phi          4.13001e+00     fixed    
   5  R           -6.09611e+01   constant   
   6  A_CBO        3.74641e-03     fixed    
   7  w_CBO        2.32724e+00     fixed    
   8  phi_CBO      5.83982e+00   1.76919e-01   2.08352e-03  -6.61597e-07
   9  ANx2         2.14836e-04   constant   
  10  pNx2         2.09111e+00   constant   
  11  ANy1         0.00000e+00   constant   
  12  pNy1         0.00000e+00   constant   
  13  w_y          0.00000e+00   constant   
  14  ANy2         1.07548e-02   constant   
  15  pNy2         1.09622e+00   constant   
  16  w_vw         1.39005e+01   constant   
  17  LM          -4.64416e-04   constant   
  18  wCBO_expCoeff   0.00000e+00   constant   
  19  wCBO_expOffset   0.00000e+00   constant   
  20  wCBO_expT    0.00000e+00   constant   
  21  wCBO_linCoeff   0.00000e+00   constant   
  22  wCBO_const   0.00000e+00   constant   
 EXTERNAL ERROR MATRIX.    NDIM=  25    NPAR=  1    ERR DEF=1
  3.130e-02 
MINUIT - FIT ONLY 1-y
 **********
 **   60 **RES 
 **********
                   PARAMETER    7  w_CBO RESTORED TO VARIABLE.
                   PARAMETER    6  A_CBO RESTORED TO VARIABLE.
                   PARAMETER    4  phi RESTORED TO VARIABLE.
                   PARAMETER    3  A0 RESTORED TO VARIABLE.
                   PARAMETER    1  N0 RESTORED TO VARIABLE.
 **********
 **   61 **FIX            0
 **********
 PARAMETER    0  IS UNDEFINED. IGNORED.
 **********
 **   62 **FIX            1
 **********
 **********
 **   63 **FIX            2
 **********
 PARAMETER    2  IS CONSTANT.   IGNORED.
 **********
 **   64 **FIX            3
 **********
 **********
 **   65 **FIX            4
 **********
 **********
 **   66 **FIX            5
 **********
 PARAMETER    5  IS CONSTANT.   IGNORED.
 **********
 **   67 **FIX            6
 **********
 **********
 **   68 **FIX            7
 **********
 **********
 **   69 **FIX            8
 **********
 **********
 **   70 **FIX            9
 **********
 PARAMETER    9  IS CONSTANT.   IGNORED.
 **********
 **   71 **FIX           13
 **********
 PARAMETER   13  IS CONSTANT.   IGNORED.
 **********
 **   72 **FIX           14
 **********
 PARAMETER   14  IS CONSTANT.   IGNORED.
 **********
 **   73 **FIX           15
 **********
 PARAMETER   15  IS CONSTANT.   IGNORED.
 **********
 **   74 **FIX           16
 **********
 PARAMETER   16  IS CONSTANT.   IGNORED.
 **********
 **   75 **MIGRAD
 **********
MINUIT - FIT ONLY 2-y
 **********
 **   76 **RES 
 **********
                   PARAMETER    8  phi_CBO RESTORED TO VARIABLE.
                   PARAMETER    7  w_CBO RESTORED TO VARIABLE.
                   PARAMETER    6  A_CBO RESTORED TO VARIABLE.
                   PARAMETER    4  phi RESTORED TO VARIABLE.
                   PARAMETER    3  A0 RESTORED TO VARIABLE.
                   PARAMETER    1  N0 RESTORED TO VARIABLE.
 **********
 **   77 **FIX            0
 **********
 PARAMETER    0  IS UNDEFINED. IGNORED.
 **********
 **   78 **FIX            1
 **********
 **********
 **   79 **FIX            2
 **********
 PARAMETER    2  IS CONSTANT.   IGNORED.
 **********
 **   80 **FIX            3
 **********
 **********
 **   81 **FIX            4
 **********
 **********
 **   82 **FIX            5
 **********
 PARAMETER    5  IS CONSTANT.   IGNORED.
 **********
 **   83 **FIX            6
 **********
 **********
 **   84 **FIX            7
 **********
 **********
 **   85 **FIX            8
 **********
 **********
 **   86 **FIX            9
 **********
 PARAMETER    9  IS CONSTANT.   IGNORED.
 **********
 **   87 **FIX           10
 **********
 PARAMETER   10  IS CONSTANT.   IGNORED.
 **********
 **   88 **FIX           11
 **********
 PARAMETER   11  IS CONSTANT.   IGNORED.
 **********
 **   89 **FIX           12
 **********
 PARAMETER   12  IS CONSTANT.   IGNORED.
 **********
 **   90 **FIX           16
 **********
 PARAMETER   16  IS CONSTANT.   IGNORED.
 **********
 **   91 **MIGRAD
 **********
MINUIT - FIT ALTOGETHER
 **********
 **   92 **RES 
 **********
                   PARAMETER    8  phi_CBO RESTORED TO VARIABLE.
                   PARAMETER    7  w_CBO RESTORED TO VARIABLE.
                   PARAMETER    6  A_CBO RESTORED TO VARIABLE.
                   PARAMETER    4  phi RESTORED TO VARIABLE.
                   PARAMETER    3  A0 RESTORED TO VARIABLE.
                   PARAMETER    1  N0 RESTORED TO VARIABLE.
 **********
 **   93 **MIGRAD
 **********
 START MIGRAD MINIMIZATION.  STRATEGY  1.  CONVERGENCE WHEN EDM .LT. 1.00e-04
 FCN=580.709 FROM MIGRAD    STATUS=INITIATE       12 CALLS         161 TOTAL
                     EDM= unknown      STRATEGY= 1      NO ERROR MATRIX       
  EXT PARAMETER               CURRENT GUESS       STEP         FIRST   
  NO.   NAME      VALUE            ERROR          SIZE      DERIVATIVE 
   1  N0           3.33720e+06   1.56277e+03   1.56277e+03  -9.30262e-06
   2  tau          6.43904e+01   constant   
   3  A0           3.52603e-01   6.24880e-04   6.24880e-04  -2.83323e+01
   4  phi          4.13001e+00   1.84109e-03   1.84109e-03  -7.64495e+00
   5  R           -6.09611e+01   constant   
   6  A_CBO        3.74641e-03   6.61144e-04   6.61144e-04   1.65735e-04
   7  w_CBO        2.32724e+00   4.42655e-04   4.42655e-04  -1.76390e-02
   8  phi_CBO      5.83982e+00   1.76919e-01   1.76919e-01  -5.56560e-07
   9  ANx2         2.14836e-04   constant   
  10  pNx2         2.09111e+00   constant   
  11  ANy1         0.00000e+00   constant   
  12  pNy1         0.00000e+00   constant   
  13  w_y          0.00000e+00   constant   
  14  ANy2         1.07548e-02   constant   
  15  pNy2         1.09622e+00   constant   
  16  w_vw         1.39005e+01   constant   
  17  LM          -4.64416e-04   constant   
  18  wCBO_expCoeff   0.00000e+00   constant   
  19  wCBO_expOffset   0.00000e+00   constant   
  20  wCBO_expT    0.00000e+00   constant   
  21  wCBO_linCoeff   0.00000e+00   constant   
  22  wCBO_const   0.00000e+00   constant   
 MIGRAD MINIMIZATION HAS CONVERGED.
 MIGRAD WILL VERIFY CONVERGENCE AND ERROR MATRIX.
 COVARIANCE MATRIX CALCULATED SUCCESSFULLY
 FCN=580.709 FROM MIGRAD    STATUS=CONVERGED      65 CALLS         214 TOTAL
                     EDM=3.8764e-07    STRATEGY= 1      ERROR MATRIX ACCURATE 
  EXT PARAMETER                                   STEP         FIRST   
  NO.   NAME      VALUE            ERROR          SIZE      DERIVATIVE 
   1  N0           3.33721e+06   1.56297e+03   1.77624e+01  -9.82536e-08
   2  tau          6.43904e+01   constant   
   3  A0           3.52608e-01   6.25033e-04   7.35712e-06  -4.51416e-01
   4  phi          4.13002e+00   1.84133e-03   2.16786e-05   1.62934e-01
   5  R           -6.09611e+01   constant   
   6  A_CBO        3.74641e-03   6.61419e-04   7.78592e-06  -9.44947e-01
   7  w_CBO        2.32724e+00   2.12728e-03   5.21290e-06   4.93289e-01
   8  phi_CBO      5.83982e+00   8.50257e-01   2.08352e-03  -1.64031e-03
   9  ANx2         2.14836e-04   constant   
  10  pNx2         2.09111e+00   constant   
  11  ANy1         0.00000e+00   constant   
  12  pNy1         0.00000e+00   constant   
  13  w_y          0.00000e+00   constant   
  14  ANy2         1.07548e-02   constant   
  15  pNy2         1.09622e+00   constant   
  16  w_vw         1.39005e+01   constant   
  17  LM          -4.64416e-04   constant   
  18  wCBO_expCoeff   0.00000e+00   constant   
  19  wCBO_expOffset   0.00000e+00   constant   
  20  wCBO_expT    0.00000e+00   constant   
  21  wCBO_linCoeff   0.00000e+00   constant   
  22  wCBO_const   0.00000e+00   constant   
 EXTERNAL ERROR MATRIX.    NDIM=  25    NPAR=  6    ERR DEF=1
  2.443e+06  2.211e-02 -4.903e-02  1.589e-02  1.126e-02  5.261e+00 
  2.211e-02  3.907e-07 -3.696e-09  9.008e-09  6.537e-09  2.756e-06 
 -4.903e-02 -3.696e-09  3.391e-06  1.850e-09  3.532e-08  1.852e-05 
  1.589e-02  9.008e-09  1.850e-09  4.375e-07 -1.779e-08 -6.503e-06 
  1.126e-02  6.537e-09  3.532e-08 -1.779e-08  4.525e-06  1.769e-03 
  5.261e+00  2.756e-06  1.852e-05 -6.503e-06  1.769e-03  7.229e-01 
 PARAMETER  CORRELATION COEFFICIENTS  
       NO.  GLOBAL      1      3      4      6      7      8
        1  0.03234   1.000  0.023 -0.017  0.015  0.003  0.004
        3  0.03178   0.023  1.000 -0.003  0.022  0.005  0.005
        4  0.02441  -0.017 -0.003  1.000  0.002  0.009  0.012
        6  0.02963   0.015  0.022  0.002  1.000 -0.013 -0.012
        7  0.97811   0.003  0.005  0.009 -0.013  1.000  0.978
        8  0.97811   0.004  0.005  0.012 -0.012  0.978  1.000
MINUIT - REFIT 5-PARAM
 **********
 **   94 **FIX            5
 **********
 PARAMETER    5  IS CONSTANT.   IGNORED.
 **********
 **   95 **FIX            6
 **********
 **********
 **   96 **FIX            7
 **********
 **********
 **   97 **FIX            8
 **********
 **********
 **   98 **FIX            9
 **********
 PARAMETER    9  IS CONSTANT.   IGNORED.
 **********
 **   99 **FIX           10
 **********
 PARAMETER   10  IS CONSTANT.   IGNORED.
 **********
 **  100 **FIX           11
 **********
 PARAMETER   11  IS CONSTANT.   IGNORED.
 **********
 **  101 **FIX           12
 **********
 PARAMETER   12  IS CONSTANT.   IGNORED.
 **********
 **  102 **FIX           13
 **********
 PARAMETER   13  IS CONSTANT.   IGNORED.
 **********
 **  103 **FIX           14
 **********
 PARAMETER   14  IS CONSTANT.   IGNORED.
 **********
 **  104 **FIX           15
 **********
 PARAMETER   15  IS CONSTANT.   IGNORED.
 **********
 **  105 **FIX           16
 **********
 PARAMETER   16  IS CONSTANT.   IGNORED.
 **********
 **  106 **MIGRAD
 **********
 START MIGRAD MINIMIZATION.  STRATEGY  1.  CONVERGENCE WHEN EDM .LT. 1.00e-04
 FCN=580.709 FROM MIGRAD    STATUS=INITIATE        6 CALLS         220 TOTAL
                     EDM=1.23249e-07    STRATEGY= 1  ERROR MATRIX UNCERTAINTY  50.0 per cent
  EXT PARAMETER                APPROXIMATE        STEP         FIRST   
  NO.   NAME      VALUE            ERROR          SIZE      DERIVATIVE 
   1  N0           3.33721e+06   1.56277e+03   1.77624e+01  -9.82535e-08
   2  tau          6.43904e+01   constant   
   3  A0           3.52608e-01   6.24876e-04   7.35712e-06  -4.51416e-01
   4  phi          4.13002e+00   1.84106e-03   2.16786e-05   1.62933e-01
   5  R           -6.09611e+01   constant   
   6  A_CBO        3.74641e-03     fixed    
   7  w_CBO        2.32724e+00     fixed    
   8  phi_CBO      5.83982e+00     fixed    
   9  ANx2         2.14836e-04   constant   
  10  pNx2         2.09111e+00   constant   
  11  ANy1         0.00000e+00   constant   
  12  pNy1         0.00000e+00   constant   
  13  w_y          0.00000e+00   constant   
  14  ANy2         1.07548e-02   constant   
  15  pNy2         1.09622e+00   constant   
  16  w_vw         1.39005e+01   constant   
  17  LM          -4.64416e-04   constant   
  18  wCBO_expCoeff   0.00000e+00   constant   
  19  wCBO_expOffset   0.00000e+00   constant   
  20  wCBO_expT    0.00000e+00   constant   
  21  wCBO_linCoeff   0.00000e+00   constant   
  22  wCBO_const   0.00000e+00   constant   
 MIGRAD MINIMIZATION HAS CONVERGED.
 MIGRAD WILL VERIFY CONVERGENCE AND ERROR MATRIX.
 COVARIANCE MATRIX CALCULATED SUCCESSFULLY
 FCN=580.709 FROM MIGRAD    STATUS=CONVERGED      31 CALLS         245 TOTAL
                     EDM=5.18521e-18    STRATEGY= 1      ERROR MATRIX ACCURATE 
  EXT PARAMETER                                   STEP         FIRST   
  NO.   NAME      VALUE            ERROR          SIZE      DERIVATIVE 
   1  N0           3.33721e+06   1.56277e+03   1.77624e+01   1.60010e-13
   2  tau          6.43904e+01   constant   
   3  A0           3.52608e-01   6.24876e-04   7.35710e-06   3.39959e-06
   4  phi          4.13002e+00   1.84106e-03   2.16783e-05   1.31106e-06
   5  R           -6.09611e+01   constant   
   6  A_CBO        3.74641e-03     fixed    
   7  w_CBO        2.32724e+00     fixed    
   8  phi_CBO      5.83982e+00     fixed    
   9  ANx2         2.14836e-04   constant   
  10  pNx2         2.09111e+00   constant   
  11  ANy1         0.00000e+00   constant   
  12  pNy1         0.00000e+00   constant   
  13  w_y          0.00000e+00   constant   
  14  ANy2         1.07548e-02   constant   
  15  pNy2         1.09622e+00   constant   
  16  w_vw         1.39005e+01   constant   
  17  LM          -4.64416e-04   constant   
  18  wCBO_expCoeff   0.00000e+00   constant   
  19  wCBO_expOffset   0.00000e+00   constant   
  20  wCBO_expT    0.00000e+00   constant   
  21  wCBO_linCoeff   0.00000e+00   constant   
  22  wCBO_const   0.00000e+00   constant   
 EXTERNAL ERROR MATRIX.    NDIM=  25    NPAR=  3    ERR DEF=1
  2.442e+06  2.176e-02 -4.932e-02 
  2.176e-02  3.905e-07 -3.817e-09 
 -4.932e-02 -3.817e-09  3.390e-06 
 PARAMETER  CORRELATION COEFFICIENTS  
       NO.  GLOBAL      1      3      4
        1  0.02807   1.000  0.022 -0.017
        3  0.02248   0.022  1.000 -0.003
        4  0.01739  -0.017 -0.003  1.000
MINUIT - 2CBO + Y
 **********
 **  107 **RES 
 **********
                   PARAMETER    8  phi_CBO RESTORED TO VARIABLE.
                   PARAMETER    7  w_CBO RESTORED TO VARIABLE.
                   PARAMETER    6  A_CBO RESTORED TO VARIABLE.
 **********
 **  108 **FIX            0
 **********
 PARAMETER    0  IS UNDEFINED. IGNORED.
 **********
 **  109 **FIX            1
 **********
 **********
 **  110 **FIX            2
 **********
 PARAMETER    2  IS CONSTANT.   IGNORED.
 **********
 **  111 **FIX            3
 **********
 **********
 **  112 **FIX            4
 **********
 **********
 **  113 **FIX            5
 **********
 PARAMETER    5  IS CONSTANT.   IGNORED.
 **********
 **  114 **FIX            6
 **********
 **********
 **  115 **FIX            7
 **********
 **********
 **  116 **FIX           16
 **********
 PARAMETER   16  IS CONSTANT.   IGNORED.
 **********
 **  117 **MIGRAD
 **********
 START MIGRAD MINIMIZATION.  STRATEGY  1.  CONVERGENCE WHEN EDM .LT. 1.00e-04
 FCN=580.709 FROM MIGRAD    STATUS=INITIATE        2 CALLS         247 TOTAL
                     EDM= unknown      STRATEGY= 1      NO ERROR MATRIX       
  EXT PARAMETER               CURRENT GUESS       STEP         FIRST   
  NO.   NAME      VALUE            ERROR          SIZE      DERIVATIVE 
   1  N0           3.33721e+06     fixed    
   2  tau          6.43904e+01   constant   
   3  A0           3.52608e-01     fixed    
   4  phi          4.13002e+00     fixed    
   5  R           -6.09611e+01   constant   
   6  A_CBO        3.74641e-03     fixed    
   7  w_CBO        2.32724e+00     fixed    
   8  phi_CBO      5.83982e+00   1.76934e-01   1.76934e-01  -1.62059e-03
   9  ANx2         2.14836e-04   constant   
  10  pNx2         2.09111e+00   constant   
  11  ANy1         0.00000e+00   constant   
  12  pNy1         0.00000e+00   constant   
  13  w_y          0.00000e+00   constant   
  14  ANy2         1.07548e-02   constant   
  15  pNy2         1.09622e+00   constant   
  16  w_vw         1.39005e+01   constant   
  17  LM          -4.64416e-04   constant   
  18  wCBO_expCoeff   0.00000e+00   constant   
  19  wCBO_expOffset   0.00000e+00   constant   
  20  wCBO_expT    0.00000e+00   constant   
  21  wCBO_linCoeff   0.00000e+00   constant   
  22  wCBO_const   0.00000e+00   constant   
 MIGRAD MINIMIZATION HAS CONVERGED.
 MIGRAD WILL VERIFY CONVERGENCE AND ERROR MATRIX.
 COVARIANCE MATRIX CALCULATED SUCCESSFULLY
 FCN=580.709 FROM MIGRAD    STATUS=CONVERGED      12 CALLS         257 TOTAL
                     EDM=6.9495e-15    STRATEGY= 1      ERROR MATRIX ACCURATE 
  EXT PARAMETER                                   STEP         FIRST   
  NO.   NAME      VALUE            ERROR          SIZE      DERIVATIVE 
   1  N0           3.33721e+06     fixed    
   2  tau          6.43904e+01   constant   
   3  A0           3.52608e-01     fixed    
   4  phi          4.13002e+00     fixed    
   5  R           -6.09611e+01   constant   
   6  A_CBO        3.74641e-03     fixed    
   7  w_CBO        2.32724e+00     fixed    
   8  phi_CBO      5.83985e+00   1.76914e-01   2.08346e-03  -6.66392e-07
   9  ANx2         2.14836e-04   constant   
  10  pNx2         2.09111e+00   constant   
  11  ANy1         0.00000e+00   constant   
  12  pNy1         0.00000e+00   constant   
  13  w_y          0.00000e+00   constant   
  14  ANy2         1.07548e-02   constant   
  15  pNy2         1.09622e+00   constant   
  16  w_vw         1.39005e+01   constant   
  17  LM          -4.64416e-04   constant   
  18  wCBO_expCoeff   0.00000e+00   constant   
  19  wCBO_expOffset   0.00000e+00   constant   
  20  wCBO_expT    0.00000e+00   constant   
  21  wCBO_linCoeff   0.00000e+00   constant   
  22  wCBO_const   0.00000e+00   constant   
 EXTERNAL ERROR MATRIX.    NDIM=  25    NPAR=  1    ERR DEF=1
  3.130e-02 
MINUIT - MINOS
 **********
 **  118 **RES 
 **********
                   PARAMETER    7  w_CBO RESTORED TO VARIABLE.
                   PARAMETER    6  A_CBO RESTORED TO VARIABLE.
                   PARAMETER    4  phi RESTORED TO VARIABLE.
                   PARAMETER    3  A0 RESTORED TO VARIABLE.
                   PARAMETER    1  N0 RESTORED TO VARIABLE.
 **********
 **  119 **MIG      2.5e+04        0.01
 **********
 START MIGRAD MINIMIZATION.  STRATEGY  1.  CONVERGENCE WHEN EDM .LT. 1.00e-05
 FCN=580.709 FROM MIGRAD    STATUS=INITIATE       12 CALLS         269 TOTAL
                     EDM= unknown      STRATEGY= 1      NO ERROR MATRIX       
  EXT PARAMETER               CURRENT GUESS       STEP         FIRST   
  NO.   NAME      VALUE            ERROR          SIZE      DERIVATIVE 
   1  N0           3.33721e+06   1.56277e+03   1.56277e+03  -6.00160e-10
   2  tau          6.43904e+01   constant   
   3  A0           3.52608e-01   6.24876e-04   6.24876e-04  -7.88364e-04
   4  phi          4.13002e+00   1.84106e-03   1.84106e-03  -2.26417e-03
   5  R           -6.09611e+01   constant   
   6  A_CBO        3.74641e-03   6.61419e-04   6.61419e-04  -9.59198e-01
   7  w_CBO        2.32724e+00   2.12711e-03   2.12711e-03  -1.47386e-01
   8  phi_CBO      5.83985e+00   1.76914e-01   2.08346e-03  -5.57055e-07
   9  ANx2         2.14836e-04   constant   
  10  pNx2         2.09111e+00   constant   
  11  ANy1         0.00000e+00   constant   
  12  pNy1         0.00000e+00   constant   
  13  w_y          0.00000e+00   constant   
  14  ANy2         1.07548e-02   constant   
  15  pNy2         1.09622e+00   constant   
  16  w_vw         1.39005e+01   constant   
  17  LM          -4.64416e-04   constant   
  18  wCBO_expCoeff   0.00000e+00   constant   
  19  wCBO_expOffset   0.00000e+00   constant   
  20  wCBO_expT    0.00000e+00   constant   
  21  wCBO_linCoeff   0.00000e+00   constant   
  22  wCBO_const   0.00000e+00   constant   
 MIGRAD MINIMIZATION HAS CONVERGED.
 MIGRAD WILL VERIFY CONVERGENCE AND ERROR MATRIX.
 COVARIANCE MATRIX CALCULATED SUCCESSFULLY
 FCN=580.709 FROM MIGRAD    STATUS=CONVERGED      65 CALLS         322 TOTAL
                     EDM=4.69926e-08    STRATEGY= 1      ERROR MATRIX ACCURATE 
  EXT PARAMETER                                   STEP         FIRST   
  NO.   NAME      VALUE            ERROR          SIZE      DERIVATIVE 
   1  N0           3.33721e+06   1.56297e+03   1.77624e+01  -5.92886e-09
   2  tau          6.43904e+01   constant   
   3  A0           3.52608e-01   6.25033e-04   7.35710e-06  -2.17912e-02
   4  phi          4.13002e+00   1.84133e-03   2.16783e-05  -2.11475e-04
   5  R           -6.09611e+01   constant   
   6  A_CBO        3.74662e-03   6.61419e-04   7.78590e-06   4.75210e-04
   7  w_CBO        2.32724e+00   2.12727e-03   5.21277e-06   7.49547e-03
   8  phi_CBO      5.83985e+00   8.50252e-01   2.08346e-03  -3.78217e-04
   9  ANx2         2.14836e-04   constant   
  10  pNx2         2.09111e+00   constant   
  11  ANy1         0.00000e+00   constant   
  12  pNy1         0.00000e+00   constant   
  13  w_y          0.00000e+00   constant   
  14  ANy2         1.07548e-02   constant   
  15  pNy2         1.09622e+00   constant   
  16  w_vw         1.39005e+01   constant   
  17  LM          -4.64416e-04   constant   
  18  wCBO_expCoeff   0.00000e+00   constant   
  19  wCBO_expOffset   0.00000e+00   constant   
  20  wCBO_expT    0.00000e+00   constant   
  21  wCBO_linCoeff   0.00000e+00   constant   
  22  wCBO_const   0.00000e+00   constant   
 EXTERNAL ERROR MATRIX.    NDIM=  25    NPAR=  6    ERR DEF=1
  2.443e+06  2.211e-02 -4.903e-02  1.588e-02  1.126e-02  5.260e+00 
  2.211e-02  3.907e-07 -3.696e-09  9.008e-09  6.537e-09  2.756e-06 
 -4.903e-02 -3.696e-09  3.391e-06  1.850e-09  3.533e-08  1.853e-05 
  1.588e-02  9.008e-09  1.850e-09  4.375e-07 -1.779e-08 -6.505e-06 
  1.126e-02  6.537e-09  3.533e-08 -1.779e-08  4.525e-06  1.769e-03 
  5.260e+00  2.756e-06  1.853e-05 -6.505e-06  1.769e-03  7.229e-01 
 PARAMETER  CORRELATION COEFFICIENTS  
       NO.  GLOBAL      1      3      4      6      7      8
        1  0.03234   1.000  0.023 -0.017  0.015  0.003  0.004
        3  0.03177   0.023  1.000 -0.003  0.022  0.005  0.005
        4  0.02441  -0.017 -0.003  1.000  0.002  0.009  0.012
        6  0.02963   0.015  0.022  0.002  1.000 -0.013 -0.012
        7  0.97811   0.003  0.005  0.009 -0.013  1.000  0.978
        8  0.97811   0.004  0.005  0.012 -0.012  0.978  1.000
 **********
 **  120 **MINO      2.5e+04
 **********
 FCN=580.709 FROM MINOS     STATUS=SUCCESSFUL    495 CALLS         817 TOTAL
                     EDM=4.69926e-08    STRATEGY= 1      ERROR MATRIX ACCURATE 
  EXT PARAMETER                  PARABOLIC         MINOS ERRORS        
  NO.   NAME      VALUE            ERROR      NEGATIVE      POSITIVE   
   1  N0           3.33721e+06   1.56297e+03  -1.56297e+03   1.56298e+03
   2  tau          6.43904e+01   constant   
   3  A0           3.52608e-01   6.25033e-04  -6.25037e-04   6.25033e-04
   4  phi          4.13002e+00   1.84133e-03  -1.84131e-03   1.84136e-03
   5  R           -6.09611e+01   constant   
   6  A_CBO        3.74662e-03   6.61419e-04  -6.61376e-04   6.61368e-04
   7  w_CBO        2.32724e+00   2.12727e-03  -2.52043e-03   2.22934e-03
   8  phi_CBO      5.83985e+00   8.50252e-01  -9.96128e-01   8.86368e-01
   9  ANx2         2.14836e-04   constant   
  10  pNx2         2.09111e+00   constant   
  11  ANy1         0.00000e+00   constant   
  12  pNy1         0.00000e+00   constant   
  13  w_y          0.00000e+00   constant   
  14  ANy2         1.07548e-02   constant   
  15  pNy2         1.09622e+00   constant   
  16  w_vw         1.39005e+01   constant   
  17  LM          -4.64416e-04   constant   
  18  wCBO_expCoeff   0.00000e+00   constant   
  19  wCBO_expOffset   0.00000e+00   constant   
  20  wCBO_expT    0.00000e+00   constant   
  21  wCBO_linCoeff   0.00000e+00   constant   
  22  wCBO_const   0.00000e+00   constant   
 **********
 **  121 **SHO COR 
 **********
 PARAMETER  CORRELATION COEFFICIENTS  
       NO.  GLOBAL      1      3      4      6      7      8
        1  0.03234   1.000  0.023 -0.017  0.015  0.003  0.004
        3  0.03177   0.023  1.000 -0.003  0.022  0.005  0.005
        4  0.02441  -0.017 -0.003  1.000  0.002  0.009  0.012
        6  0.02963   0.015  0.022  0.002  1.000 -0.013 -0.012
        7  0.97811   0.003  0.005  0.009 -0.013  1.000  0.978
        8  0.97811   0.004  0.005  0.012 -0.012  0.978  1.000
