 + ++++++++++++++++++++++++++++++++++++++++++++++++++++++++++++++++++++ +
 +                                                                      +
 +           You have chose to blind your fitting according to          +
 +                omega_ref * (1 + (R +/- deltaR) *10^{-6})             +
 +                                                                      +
 + ++++++++++++++++++++++++++++++++++++++++++++++++++++++++++++++++++++ +
In main()...
reading format from /gm2data/zkhechad/run45/envelope/formats/formatB_sBin_constraintOn.txt
pBinTau 	= 0  
pBinPhi 	= 0  
constraintau 	= 1 
includeMopTerm 	= 0    
constrainMop    = 0   
Parameters after format file: pBinTau 0 pBinPhi 0 constraintau 1 includeMopTerm 0 constrainMop 0 c_e_scale 0.000000 
reading cbo reference file (full fit) from /gm2data/zkhechad/cboTemplates/Run4CBOTemplates/fullFits/run4/sBin_constraintOn_cE0.0_seed0_run4_calo1.root
A_CBO 0.008450 w_CBO 2.327583 phi_CBO 2.512904 N0 3416164.907261 R -60.829491 tau 64.397625 
Reading cboRef file /gm2data/zkhechad/cboTemplates/Run4CBOTemplates//cboIsolate/run4_calo1.root
deltaT 164.120000
windowBins = 1100
fitting sliding window 1560 from bin 1763 at 263.039600 to bin 2863 at 427.159600 (1100 bins)

Reading data from /gm2data/cornell/histograms/aMethod/histogram_a_run4.root
fitting cbo isolate
 **********
 **    1 **SET PRINTOUT            1
 **********
 **********
 **    2 **SET NOWARNINGS 
 **********
 PARAMETER DEFINITIONS:
    NO.   NAME         VALUE      STEP SIZE      LIMITS
     1 A_CBO        8.44960e-03  1.00000e-05     no limits
     2 w_CBO        2.32758e+00  1.00000e-02    2.00000e+00  3.00000e+00
     3 phi_CBO      2.51290e+00  1.00000e-02    0.00000e+00  6.28319e+00
 **********
 **    3 **MIGRAD
 **********
 FIRST CALL TO USER FUNCTION AT NEW START POINT, WITH IFLAG=4.
 START MIGRAD MINIMIZATION.  STRATEGY  1.  CONVERGENCE WHEN EDM .LT. 1.00e-04
 FCN=0.0583661 FROM MIGRAD    STATUS=INITIATE       12 CALLS          13 TOTAL
                     EDM= unknown      STRATEGY= 1      NO ERROR MATRIX       
  EXT PARAMETER               CURRENT GUESS       STEP         FIRST   
  NO.   NAME      VALUE            ERROR          SIZE      DERIVATIVE 
   1  A_CBO        8.44960e-03   1.00000e-05   1.00000e-05   6.27689e+00
   2  w_CBO        2.32758e+00   1.00000e-02   2.13091e-02   1.56854e+00
   3  phi_CBO      2.51290e+00   1.00000e-02   3.24882e-03  -2.83330e-02
 MIGRAD MINIMIZATION HAS CONVERGED.
 MIGRAD WILL VERIFY CONVERGENCE AND ERROR MATRIX.
 COVARIANCE MATRIX CALCULATED SUCCESSFULLY
 FCN=0.0398587 FROM HESSE     STATUS=OK             16 CALLS          59 TOTAL
                     EDM=6.47592e-05    STRATEGY= 1      ERROR MATRIX ACCURATE 
  EXT PARAMETER                                   STEP         FIRST   
  NO.   NAME      VALUE            ERROR          SIZE      DERIVATIVE 
   1  A_CBO        2.92612e-03   4.32683e-02   2.12164e-05   1.67351e-03
   2  w_CBO        2.32704e+00   2.97743e-01   4.70001e-05   2.50679e-02
   3  phi_CBO      2.67494e+00   4.92568e+00   2.46199e-03  -3.15333e-05
 MIGRAD MINIMIZATION HAS CONVERGED.
 FCN=0.0398004 FROM MIGRAD    STATUS=CONVERGED      67 CALLS          68 TOTAL
                     EDM=2.1882e-06    STRATEGY= 1  ERROR MATRIX UNCERTAINTY   1.8 per cent
  EXT PARAMETER                                   STEP         FIRST   
  NO.   NAME      VALUE            ERROR          SIZE      DERIVATIVE 
   1  A_CBO        2.97476e-03   4.23476e-02   4.86388e-05   3.53383e-02
   2  w_CBO        2.32488e+00   2.83127e-01  -4.59792e-03  -2.67525e-02
   3  phi_CBO      1.95180e+00   4.79258e+00  -2.39327e-01   5.34097e-04
 EXTERNAL ERROR MATRIX.    NDIM=  25    NPAR=  3    ERR DEF=1
  1.793e-03 -8.854e-04 -3.139e-01 
 -8.854e-04  9.244e-02  3.059e+01 
 -3.139e-01  3.059e+01  1.030e+04 
 PARAMETER  CORRELATION COEFFICIENTS  
       NO.  GLOBAL      1      2      3
        1  0.07814   1.000 -0.069 -0.073
        2  0.99142  -0.069  1.000  0.991
        3  0.99142  -0.073  0.991  1.000
setting A_CBO=0.002975 w_CBO=2.324881, phi_CBO=1.951796
done fitting cbo isolate
 **********
 **    1 **SET PRINTOUT            1
 **********
 **********
 **    2 **SET NOWARNINGS 
 **********
 PARAMETER DEFINITIONS:
    NO.   NAME         VALUE      STEP SIZE      LIMITS
     1 N0           3.41616e+06  1.00000e+02     no limits
     2 tau          6.43976e+01  constant
     3 A0           3.54950e-01  1.00000e-04     no limits
     4 phi          4.12292e+00  1.00000e-02     no limits
     5 R           -6.08295e+01  constant
     6 A_CBO        2.97476e-03  1.00000e-05     no limits
     7 w_CBO        2.32488e+00  1.00000e-03     no limits
     8 phi_CBO      1.95180e+00  1.00000e-04     no limits
     9 ANx2         0.00000e+00  constant
    10 pNx2         0.00000e+00  constant
    11 ANy1         0.00000e+00  constant
    12 pNy1         0.00000e+00  constant
    13 w_y          0.00000e+00  constant
    14 ANy2         0.00000e+00  constant
    15 pNy2         0.00000e+00  constant
    16 w_vw         0.00000e+00  constant
    17 LM          -1.76320e-04  constant
    18 wCBO_expCoeff   0.00000e+00  constant
    19 wCBO_expOffset   0.00000e+00  constant
    20 wCBO_expT    0.00000e+00  constant
    21 wCBO_linCoeff   0.00000e+00  constant
    22 wCBO_const   0.00000e+00  constant
MINUIT - FIT ONLY WIGGLE
 **********
 **    3 **FIX            5
 **********
 PARAMETER    5  IS CONSTANT.   IGNORED.
 **********
 **    4 **FIX            6
 **********
 **********
 **    5 **FIX            7
 **********
 **********
 **    6 **FIX            8
 **********
 **********
 **    7 **FIX            9
 **********
 PARAMETER    9  IS CONSTANT.   IGNORED.
 **********
 **    8 **FIX           10
 **********
 PARAMETER   10  IS CONSTANT.   IGNORED.
 **********
 **    9 **FIX           11
 **********
 PARAMETER   11  IS CONSTANT.   IGNORED.
 **********
 **   10 **FIX           12
 **********
 PARAMETER   12  IS CONSTANT.   IGNORED.
 **********
 **   11 **FIX           13
 **********
 PARAMETER   13  IS CONSTANT.   IGNORED.
 **********
 **   12 **FIX           14
 **********
 PARAMETER   14  IS CONSTANT.   IGNORED.
 **********
 **   13 **FIX           15
 **********
 PARAMETER   15  IS CONSTANT.   IGNORED.
 **********
 **   14 **FIX           16
 **********
 PARAMETER   16  IS CONSTANT.   IGNORED.
 **********
 **   15 **MIGRAD
 **********
 FIRST CALL TO USER FUNCTION AT NEW START POINT, WITH IFLAG=4.
 START MIGRAD MINIMIZATION.  STRATEGY  1.  CONVERGENCE WHEN EDM .LT. 1.00e-04
 FCN=333.469 FROM MIGRAD    STATUS=INITIATE       12 CALLS          13 TOTAL
                     EDM= unknown      STRATEGY= 1      NO ERROR MATRIX       
  EXT PARAMETER               CURRENT GUESS       STEP         FIRST   
  NO.   NAME      VALUE            ERROR          SIZE      DERIVATIVE 
   1  N0           3.41616e+06   1.00000e+02   1.00000e+02   3.39396e-04
   2  tau          6.43976e+01   constant   
   3  A0           3.54950e-01   1.00000e-04   1.00000e-04  -4.29220e+03
   4  phi          4.12292e+00   1.00000e-02   1.00000e-02   7.44769e+01
   5  R           -6.08295e+01   constant   
   6  A_CBO        2.97476e-03     fixed    
   7  w_CBO        2.32488e+00     fixed    
   8  phi_CBO      1.95180e+00     fixed    
   9  ANx2         0.00000e+00   constant   
  10  pNx2         0.00000e+00   constant   
  11  ANy1         0.00000e+00   constant   
  12  pNy1         0.00000e+00   constant   
  13  w_y          0.00000e+00   constant   
  14  ANy2         0.00000e+00   constant   
  15  pNy2         0.00000e+00   constant   
  16  w_vw         0.00000e+00   constant   
  17  LM          -1.76320e-04   constant   
  18  wCBO_expCoeff   0.00000e+00   constant   
  19  wCBO_expOffset   0.00000e+00   constant   
  20  wCBO_expT    0.00000e+00   constant   
  21  wCBO_linCoeff   0.00000e+00   constant   
  22  wCBO_const   0.00000e+00   constant   
 MIGRAD MINIMIZATION HAS CONVERGED.
 MIGRAD WILL VERIFY CONVERGENCE AND ERROR MATRIX.
 COVARIANCE MATRIX CALCULATED SUCCESSFULLY
 FCN=332.947 FROM MIGRAD    STATUS=CONVERGED      42 CALLS          43 TOTAL
                     EDM=3.19157e-08    STRATEGY= 1      ERROR MATRIX ACCURATE 
  EXT PARAMETER                                   STEP         FIRST   
  NO.   NAME      VALUE            ERROR          SIZE      DERIVATIVE 
   1  N0           3.41605e+06   8.40712e+02   7.42255e+00   1.62603e-07
   2  tau          6.43976e+01   constant   
   3  A0           3.55183e-01   3.30158e-04   2.94575e-06   5.98924e-02
   4  phi          4.12288e+00   9.60564e-04   8.56987e-06  -2.22176e-01
   5  R           -6.08295e+01   constant   
   6  A_CBO        2.97476e-03     fixed    
   7  w_CBO        2.32488e+00     fixed    
   8  phi_CBO      1.95180e+00     fixed    
   9  ANx2         0.00000e+00   constant   
  10  pNx2         0.00000e+00   constant   
  11  ANy1         0.00000e+00   constant   
  12  pNy1         0.00000e+00   constant   
  13  w_y          0.00000e+00   constant   
  14  ANy2         0.00000e+00   constant   
  15  pNy2         0.00000e+00   constant   
  16  w_vw         0.00000e+00   constant   
  17  LM          -1.76320e-04   constant   
  18  wCBO_expCoeff   0.00000e+00   constant   
  19  wCBO_expOffset   0.00000e+00   constant   
  20  wCBO_expT    0.00000e+00   constant   
  21  wCBO_linCoeff   0.00000e+00   constant   
  22  wCBO_const   0.00000e+00   constant   
 EXTERNAL ERROR MATRIX.    NDIM=  25    NPAR=  3    ERR DEF=1
  7.068e+05  2.990e-03  1.252e-02 
  2.990e-03  1.090e-07 -2.021e-09 
  1.252e-02 -2.021e-09  9.227e-07 
 PARAMETER  CORRELATION COEFFICIENTS  
       NO.  GLOBAL      1      3      4
        1  0.01894   1.000  0.011  0.016
        3  0.01260   0.011  1.000 -0.006
        4  0.01683   0.016 -0.006  1.000
MINUIT - FIT ONLY 1-CBO + other amplitudes 
 **********
 **   16 **RES 
 **********
                   PARAMETER    8  phi_CBO RESTORED TO VARIABLE.
                   PARAMETER    7  w_CBO RESTORED TO VARIABLE.
                   PARAMETER    6  A_CBO RESTORED TO VARIABLE.
 **********
 **   17 **FIX            0
 **********
 PARAMETER    0  IS UNDEFINED. IGNORED.
 **********
 **   18 **FIX            1
 **********
 **********
 **   19 **FIX            2
 **********
 PARAMETER    2  IS CONSTANT.   IGNORED.
 **********
 **   20 **FIX            3
 **********
 **********
 **   21 **FIX            4
 **********
 **********
 **   22 **FIX            9
 **********
 PARAMETER    9  IS CONSTANT.   IGNORED.
 **********
 **   23 **FIX           11
 **********
 PARAMETER   11  IS CONSTANT.   IGNORED.
 **********
 **   24 **FIX           12
 **********
 PARAMETER   12  IS CONSTANT.   IGNORED.
 **********
 **   25 **FIX           14
 **********
 PARAMETER   14  IS CONSTANT.   IGNORED.
 **********
 **   26 **FIX           15
 **********
 PARAMETER   15  IS CONSTANT.   IGNORED.
 **********
 **   27 **FIX           16
 **********
 PARAMETER   16  IS CONSTANT.   IGNORED.
 **********
 **   28 **MIGRAD
 **********
 START MIGRAD MINIMIZATION.  STRATEGY  1.  CONVERGENCE WHEN EDM .LT. 1.00e-04
 FCN=332.947 FROM MIGRAD    STATUS=INITIATE       12 CALLS          55 TOTAL
                     EDM= unknown      STRATEGY= 1      NO ERROR MATRIX       
  EXT PARAMETER               CURRENT GUESS       STEP         FIRST   
  NO.   NAME      VALUE            ERROR          SIZE      DERIVATIVE 
   1  N0           3.41605e+06     fixed    
   2  tau          6.43976e+01   constant   
   3  A0           3.55183e-01     fixed    
   4  phi          4.12288e+00     fixed    
   5  R           -6.08295e+01   constant   
   6  A_CBO        2.97476e-03   1.00000e-05   1.00000e-05  -1.89214e+02
   7  w_CBO        2.32488e+00   1.00000e-03   1.00000e-03   8.28499e+02
   8  phi_CBO      1.95180e+00   1.00000e-04   1.00000e-04  -1.61274e+00
   9  ANx2         0.00000e+00   constant   
  10  pNx2         0.00000e+00   constant   
  11  ANy1         0.00000e+00   constant   
  12  pNy1         0.00000e+00   constant   
  13  w_y          0.00000e+00   constant   
  14  ANy2         0.00000e+00   constant   
  15  pNy2         0.00000e+00   constant   
  16  w_vw         0.00000e+00   constant   
  17  LM          -1.76320e-04   constant   
  18  wCBO_expCoeff   0.00000e+00   constant   
  19  wCBO_expOffset   0.00000e+00   constant   
  20  wCBO_expT    0.00000e+00   constant   
  21  wCBO_linCoeff   0.00000e+00   constant   
  22  wCBO_const   0.00000e+00   constant   
 MIGRAD MINIMIZATION HAS CONVERGED.
 MIGRAD WILL VERIFY CONVERGENCE AND ERROR MATRIX.
 COVARIANCE MATRIX CALCULATED SUCCESSFULLY
 FCN=332.712 FROM MIGRAD    STATUS=CONVERGED      64 CALLS         107 TOTAL
                     EDM=1.85266e-07    STRATEGY= 1      ERROR MATRIX ACCURATE 
  EXT PARAMETER                                   STEP         FIRST   
  NO.   NAME      VALUE            ERROR          SIZE      DERIVATIVE 
   1  N0           3.41605e+06     fixed    
   2  tau          6.43976e+01   constant   
   3  A0           3.55183e-01     fixed    
   4  phi          4.12288e+00     fixed    
   5  R           -6.08295e+01   constant   
   6  A_CBO        2.99121e-03   3.47818e-04   3.10229e-06  -5.32626e-01
   7  w_CBO        2.32349e+00   2.92376e-03   3.28451e-06  -3.84734e-01
   8  phi_CBO      1.52813e+00   9.23704e-01   1.03767e-03   1.81447e-03
   9  ANx2         0.00000e+00   constant   
  10  pNx2         0.00000e+00   constant   
  11  ANy1         0.00000e+00   constant   
  12  pNy1         0.00000e+00   constant   
  13  w_y          0.00000e+00   constant   
  14  ANy2         0.00000e+00   constant   
  15  pNy2         0.00000e+00   constant   
  16  w_vw         0.00000e+00   constant   
  17  LM          -1.76320e-04   constant   
  18  wCBO_expCoeff   0.00000e+00   constant   
  19  wCBO_expOffset   0.00000e+00   constant   
  20  wCBO_expT    0.00000e+00   constant   
  21  wCBO_linCoeff   0.00000e+00   constant   
  22  wCBO_const   0.00000e+00   constant   
 EXTERNAL ERROR MATRIX.    NDIM=  25    NPAR=  3    ERR DEF=1
  1.210e-07 -1.093e-08 -3.546e-06 
 -1.093e-08  8.548e-06  2.679e-03 
 -3.546e-06  2.679e-03  8.532e-01 
 PARAMETER  CORRELATION COEFFICIENTS  
       NO.  GLOBAL      6      7      8
        6  0.01115   1.000 -0.011 -0.011
        7  0.99203  -0.011  1.000  0.992
        8  0.99203  -0.011  0.992  1.000
MINUIT - FIT ONLY 1-CBO
 **********
 **   29 **RES 
 **********
                   PARAMETER    4  phi RESTORED TO VARIABLE.
                   PARAMETER    3  A0 RESTORED TO VARIABLE.
                   PARAMETER    1  N0 RESTORED TO VARIABLE.
 **********
 **   30 **FIX            0
 **********
 PARAMETER    0  IS UNDEFINED. IGNORED.
 **********
 **   31 **FIX            1
 **********
 **********
 **   32 **FIX            2
 **********
 PARAMETER    2  IS CONSTANT.   IGNORED.
 **********
 **   33 **FIX            3
 **********
 **********
 **   34 **FIX            4
 **********
 **********
 **   35 **FIX            8
 **********
 **********
 **   36 **FIX            9
 **********
 PARAMETER    9  IS CONSTANT.   IGNORED.
 **********
 **   37 **FIX           11
 **********
 PARAMETER   11  IS CONSTANT.   IGNORED.
 **********
 **   38 **FIX           12
 **********
 PARAMETER   12  IS CONSTANT.   IGNORED.
 **********
 **   39 **FIX           13
 **********
 PARAMETER   13  IS CONSTANT.   IGNORED.
 **********
 **   40 **FIX           15
 **********
 PARAMETER   15  IS CONSTANT.   IGNORED.
 **********
 **   41 **FIX           16
 **********
 PARAMETER   16  IS CONSTANT.   IGNORED.
 **********
 **   42 **MIGRAD
 **********
 START MIGRAD MINIMIZATION.  STRATEGY  1.  CONVERGENCE WHEN EDM .LT. 1.00e-04
 FCN=332.712 FROM MIGRAD    STATUS=INITIATE        4 CALLS         111 TOTAL
                     EDM= unknown      STRATEGY= 1      NO ERROR MATRIX       
  EXT PARAMETER               CURRENT GUESS       STEP         FIRST   
  NO.   NAME      VALUE            ERROR          SIZE      DERIVATIVE 
   1  N0           3.41605e+06     fixed    
   2  tau          6.43976e+01   constant   
   3  A0           3.55183e-01     fixed    
   4  phi          4.12288e+00     fixed    
   5  R           -6.08295e+01   constant   
   6  A_CBO        2.99121e-03   3.47818e-04   3.10229e-06  -5.32626e-01
   7  w_CBO        2.32349e+00   2.92376e-03   3.28451e-06  -3.84668e-01
   8  phi_CBO      1.52813e+00     fixed    
   9  ANx2         0.00000e+00   constant   
  10  pNx2         0.00000e+00   constant   
  11  ANy1         0.00000e+00   constant   
  12  pNy1         0.00000e+00   constant   
  13  w_y          0.00000e+00   constant   
  14  ANy2         0.00000e+00   constant   
  15  pNy2         0.00000e+00   constant   
  16  w_vw         0.00000e+00   constant   
  17  LM          -1.76320e-04   constant   
  18  wCBO_expCoeff   0.00000e+00   constant   
  19  wCBO_expOffset   0.00000e+00   constant   
  20  wCBO_expT    0.00000e+00   constant   
  21  wCBO_linCoeff   0.00000e+00   constant   
  22  wCBO_const   0.00000e+00   constant   
 MIGRAD MINIMIZATION HAS CONVERGED.
 MIGRAD WILL VERIFY CONVERGENCE AND ERROR MATRIX.
 COVARIANCE MATRIX CALCULATED SUCCESSFULLY
 FCN=332.712 FROM MIGRAD    STATUS=CONVERGED      21 CALLS         128 TOTAL
                     EDM=1.3038e-13    STRATEGY= 1      ERROR MATRIX ACCURATE 
  EXT PARAMETER                                   STEP         FIRST   
  NO.   NAME      VALUE            ERROR          SIZE      DERIVATIVE 
   1  N0           3.41605e+06     fixed    
   2  tau          6.43976e+01   constant   
   3  A0           3.55183e-01     fixed    
   4  phi          4.12288e+00     fixed    
   5  R           -6.08295e+01   constant   
   6  A_CBO        2.99124e-03   3.47797e-04   3.10228e-06  -8.59903e-04
   7  w_CBO        2.32349e+00   3.68426e-04   3.28631e-06  -1.12215e-03
   8  phi_CBO      1.52813e+00     fixed    
   9  ANx2         0.00000e+00   constant   
  10  pNx2         0.00000e+00   constant   
  11  ANy1         0.00000e+00   constant   
  12  pNy1         0.00000e+00   constant   
  13  w_y          0.00000e+00   constant   
  14  ANy2         0.00000e+00   constant   
  15  pNy2         0.00000e+00   constant   
  16  w_vw         0.00000e+00   constant   
  17  LM          -1.76320e-04   constant   
  18  wCBO_expCoeff   0.00000e+00   constant   
  19  wCBO_expOffset   0.00000e+00   constant   
  20  wCBO_expT    0.00000e+00   constant   
  21  wCBO_linCoeff   0.00000e+00   constant   
  22  wCBO_const   0.00000e+00   constant   
 EXTERNAL ERROR MATRIX.    NDIM=  25    NPAR=  2    ERR DEF=1
  1.210e-07  2.037e-10 
  2.037e-10  1.357e-07 
 PARAMETER  CORRELATION COEFFICIENTS  
       NO.  GLOBAL      6      7
        6  0.00159   1.000  0.002
        7  0.00159   0.002  1.000
MINUIT - FIT ONLY 2-CBO
 **********
 **   43 **RES 
 **********
                   PARAMETER    8  phi_CBO RESTORED TO VARIABLE.
                   PARAMETER    4  phi RESTORED TO VARIABLE.
                   PARAMETER    3  A0 RESTORED TO VARIABLE.
                   PARAMETER    1  N0 RESTORED TO VARIABLE.
 **********
 **   44 **FIX            0
 **********
 PARAMETER    0  IS UNDEFINED. IGNORED.
 **********
 **   45 **FIX            1
 **********
 **********
 **   46 **FIX            2
 **********
 PARAMETER    2  IS CONSTANT.   IGNORED.
 **********
 **   47 **FIX            3
 **********
 **********
 **   48 **FIX            4
 **********
 **********
 **   49 **FIX            5
 **********
 PARAMETER    5  IS CONSTANT.   IGNORED.
 **********
 **   50 **FIX            6
 **********
 **********
 **   51 **FIX            7
 **********
 **********
 **   52 **FIX           10
 **********
 PARAMETER   10  IS CONSTANT.   IGNORED.
 **********
 **   53 **FIX           11
 **********
 PARAMETER   11  IS CONSTANT.   IGNORED.
 **********
 **   54 **FIX           12
 **********
 PARAMETER   12  IS CONSTANT.   IGNORED.
 **********
 **   55 **FIX           13
 **********
 PARAMETER   13  IS CONSTANT.   IGNORED.
 **********
 **   56 **FIX           14
 **********
 PARAMETER   14  IS CONSTANT.   IGNORED.
 **********
 **   57 **FIX           15
 **********
 PARAMETER   15  IS CONSTANT.   IGNORED.
 **********
 **   58 **FIX           16
 **********
 PARAMETER   16  IS CONSTANT.   IGNORED.
 **********
 **   59 **MIGRAD
 **********
 START MIGRAD MINIMIZATION.  STRATEGY  1.  CONVERGENCE WHEN EDM .LT. 1.00e-04
 FCN=332.712 FROM MIGRAD    STATUS=INITIATE        2 CALLS         130 TOTAL
                     EDM= unknown      STRATEGY= 1      NO ERROR MATRIX       
  EXT PARAMETER               CURRENT GUESS       STEP         FIRST   
  NO.   NAME      VALUE            ERROR          SIZE      DERIVATIVE 
   1  N0           3.41605e+06     fixed    
   2  tau          6.43976e+01   constant   
   3  A0           3.55183e-01     fixed    
   4  phi          4.12288e+00     fixed    
   5  R           -6.08295e+01   constant   
   6  A_CBO        2.99124e-03     fixed    
   7  w_CBO        2.32349e+00     fixed    
   8  phi_CBO      1.52813e+00   9.23704e-01   9.23704e-01   6.10310e-04
   9  ANx2         0.00000e+00   constant   
  10  pNx2         0.00000e+00   constant   
  11  ANy1         0.00000e+00   constant   
  12  pNy1         0.00000e+00   constant   
  13  w_y          0.00000e+00   constant   
  14  ANy2         0.00000e+00   constant   
  15  pNy2         0.00000e+00   constant   
  16  w_vw         0.00000e+00   constant   
  17  LM          -1.76320e-04   constant   
  18  wCBO_expCoeff   0.00000e+00   constant   
  19  wCBO_expOffset   0.00000e+00   constant   
  20  wCBO_expT    0.00000e+00   constant   
  21  wCBO_linCoeff   0.00000e+00   constant   
  22  wCBO_const   0.00000e+00   constant   
 MIGRAD MINIMIZATION HAS CONVERGED.
 MIGRAD WILL VERIFY CONVERGENCE AND ERROR MATRIX.
 COVARIANCE MATRIX CALCULATED SUCCESSFULLY
 FCN=332.712 FROM MIGRAD    STATUS=CONVERGED      12 CALLS         140 TOTAL
                     EDM=2.29585e-16    STRATEGY= 1      ERROR MATRIX ACCURATE 
  EXT PARAMETER                                   STEP         FIRST   
  NO.   NAME      VALUE            ERROR          SIZE      DERIVATIVE 
   1  N0           3.41605e+06     fixed    
   2  tau          6.43976e+01   constant   
   3  A0           3.55183e-01     fixed    
   4  phi          4.12288e+00     fixed    
   5  R           -6.08295e+01   constant   
   6  A_CBO        2.99124e-03     fixed    
   7  w_CBO        2.32349e+00     fixed    
   8  phi_CBO      1.52813e+00   1.16397e-01   1.03824e-03   1.84097e-07
   9  ANx2         0.00000e+00   constant   
  10  pNx2         0.00000e+00   constant   
  11  ANy1         0.00000e+00   constant   
  12  pNy1         0.00000e+00   constant   
  13  w_y          0.00000e+00   constant   
  14  ANy2         0.00000e+00   constant   
  15  pNy2         0.00000e+00   constant   
  16  w_vw         0.00000e+00   constant   
  17  LM          -1.76320e-04   constant   
  18  wCBO_expCoeff   0.00000e+00   constant   
  19  wCBO_expOffset   0.00000e+00   constant   
  20  wCBO_expT    0.00000e+00   constant   
  21  wCBO_linCoeff   0.00000e+00   constant   
  22  wCBO_const   0.00000e+00   constant   
 EXTERNAL ERROR MATRIX.    NDIM=  25    NPAR=  1    ERR DEF=1
  1.355e-02 
MINUIT - FIT ONLY 1-y
 **********
 **   60 **RES 
 **********
                   PARAMETER    7  w_CBO RESTORED TO VARIABLE.
                   PARAMETER    6  A_CBO RESTORED TO VARIABLE.
                   PARAMETER    4  phi RESTORED TO VARIABLE.
                   PARAMETER    3  A0 RESTORED TO VARIABLE.
                   PARAMETER    1  N0 RESTORED TO VARIABLE.
 **********
 **   61 **FIX            0
 **********
 PARAMETER    0  IS UNDEFINED. IGNORED.
 **********
 **   62 **FIX            1
 **********
 **********
 **   63 **FIX            2
 **********
 PARAMETER    2  IS CONSTANT.   IGNORED.
 **********
 **   64 **FIX            3
 **********
 **********
 **   65 **FIX            4
 **********
 **********
 **   66 **FIX            5
 **********
 PARAMETER    5  IS CONSTANT.   IGNORED.
 **********
 **   67 **FIX            6
 **********
 **********
 **   68 **FIX            7
 **********
 **********
 **   69 **FIX            8
 **********
 **********
 **   70 **FIX            9
 **********
 PARAMETER    9  IS CONSTANT.   IGNORED.
 **********
 **   71 **FIX           13
 **********
 PARAMETER   13  IS CONSTANT.   IGNORED.
 **********
 **   72 **FIX           14
 **********
 PARAMETER   14  IS CONSTANT.   IGNORED.
 **********
 **   73 **FIX           15
 **********
 PARAMETER   15  IS CONSTANT.   IGNORED.
 **********
 **   74 **FIX           16
 **********
 PARAMETER   16  IS CONSTANT.   IGNORED.
 **********
 **   75 **MIGRAD
 **********
MINUIT - FIT ONLY 2-y
 **********
 **   76 **RES 
 **********
                   PARAMETER    8  phi_CBO RESTORED TO VARIABLE.
                   PARAMETER    7  w_CBO RESTORED TO VARIABLE.
                   PARAMETER    6  A_CBO RESTORED TO VARIABLE.
                   PARAMETER    4  phi RESTORED TO VARIABLE.
                   PARAMETER    3  A0 RESTORED TO VARIABLE.
                   PARAMETER    1  N0 RESTORED TO VARIABLE.
 **********
 **   77 **FIX            0
 **********
 PARAMETER    0  IS UNDEFINED. IGNORED.
 **********
 **   78 **FIX            1
 **********
 **********
 **   79 **FIX            2
 **********
 PARAMETER    2  IS CONSTANT.   IGNORED.
 **********
 **   80 **FIX            3
 **********
 **********
 **   81 **FIX            4
 **********
 **********
 **   82 **FIX            5
 **********
 PARAMETER    5  IS CONSTANT.   IGNORED.
 **********
 **   83 **FIX            6
 **********
 **********
 **   84 **FIX            7
 **********
 **********
 **   85 **FIX            8
 **********
 **********
 **   86 **FIX            9
 **********
 PARAMETER    9  IS CONSTANT.   IGNORED.
 **********
 **   87 **FIX           10
 **********
 PARAMETER   10  IS CONSTANT.   IGNORED.
 **********
 **   88 **FIX           11
 **********
 PARAMETER   11  IS CONSTANT.   IGNORED.
 **********
 **   89 **FIX           12
 **********
 PARAMETER   12  IS CONSTANT.   IGNORED.
 **********
 **   90 **FIX           16
 **********
 PARAMETER   16  IS CONSTANT.   IGNORED.
 **********
 **   91 **MIGRAD
 **********
MINUIT - FIT ALTOGETHER
 **********
 **   92 **RES 
 **********
                   PARAMETER    8  phi_CBO RESTORED TO VARIABLE.
                   PARAMETER    7  w_CBO RESTORED TO VARIABLE.
                   PARAMETER    6  A_CBO RESTORED TO VARIABLE.
                   PARAMETER    4  phi RESTORED TO VARIABLE.
                   PARAMETER    3  A0 RESTORED TO VARIABLE.
                   PARAMETER    1  N0 RESTORED TO VARIABLE.
 **********
 **   93 **MIGRAD
 **********
 START MIGRAD MINIMIZATION.  STRATEGY  1.  CONVERGENCE WHEN EDM .LT. 1.00e-04
 FCN=332.712 FROM MIGRAD    STATUS=INITIATE       12 CALLS         152 TOTAL
                     EDM= unknown      STRATEGY= 1      NO ERROR MATRIX       
  EXT PARAMETER               CURRENT GUESS       STEP         FIRST   
  NO.   NAME      VALUE            ERROR          SIZE      DERIVATIVE 
   1  N0           3.41605e+06   8.40712e+02   8.40712e+02  -4.54829e-06
   2  tau          6.43976e+01   constant   
   3  A0           3.55183e-01   3.30158e-04   3.30158e-04   6.33588e+01
   4  phi          4.12288e+00   9.60564e-04   9.60564e-04   1.42946e+01
   5  R           -6.08295e+01   constant   
   6  A_CBO        2.99124e-03   3.47797e-04   3.47797e-04  -1.35907e-03
   7  w_CBO        2.32349e+00   3.68426e-04   3.68426e-04   1.90162e-01
   8  phi_CBO      1.52813e+00   1.16397e-01   1.16397e-01   1.63292e-07
   9  ANx2         0.00000e+00   constant   
  10  pNx2         0.00000e+00   constant   
  11  ANy1         0.00000e+00   constant   
  12  pNy1         0.00000e+00   constant   
  13  w_y          0.00000e+00   constant   
  14  ANy2         0.00000e+00   constant   
  15  pNy2         0.00000e+00   constant   
  16  w_vw         0.00000e+00   constant   
  17  LM          -1.76320e-04   constant   
  18  wCBO_expCoeff   0.00000e+00   constant   
  19  wCBO_expOffset   0.00000e+00   constant   
  20  wCBO_expT    0.00000e+00   constant   
  21  wCBO_linCoeff   0.00000e+00   constant   
  22  wCBO_const   0.00000e+00   constant   
 MIGRAD MINIMIZATION HAS CONVERGED.
 MIGRAD WILL VERIFY CONVERGENCE AND ERROR MATRIX.
 COVARIANCE MATRIX CALCULATED SUCCESSFULLY
 FCN=332.712 FROM MIGRAD    STATUS=CONVERGED      65 CALLS         205 TOTAL
                     EDM=1.24246e-06    STRATEGY= 1      ERROR MATRIX ACCURATE 
  EXT PARAMETER                                   STEP         FIRST   
  NO.   NAME      VALUE            ERROR          SIZE      DERIVATIVE 
   1  N0           3.41605e+06   8.40734e+02   7.41994e+00   5.25392e-07
   2  tau          6.43976e+01   constant   
   3  A0           3.55180e-01   3.30351e-04   2.94472e-06  -4.01274e-01
   4  phi          4.12287e+00   9.60801e-04   8.56690e-06  -2.05143e-01
   5  R           -6.08295e+01   constant   
   6  A_CBO        2.99124e-03   3.47848e-04   3.10228e-06   2.29850e-01
   7  w_CBO        2.32349e+00   2.92526e-03   3.28629e-06  -1.26747e+00
   8  phi_CBO      1.52813e+00   9.24257e-01   1.03824e-03   5.52812e-03
   9  ANx2         0.00000e+00   constant   
  10  pNx2         0.00000e+00   constant   
  11  ANy1         0.00000e+00   constant   
  12  pNy1         0.00000e+00   constant   
  13  w_y          0.00000e+00   constant   
  14  ANy2         0.00000e+00   constant   
  15  pNy2         0.00000e+00   constant   
  16  w_vw         0.00000e+00   constant   
  17  LM          -1.76320e-04   constant   
  18  wCBO_expCoeff   0.00000e+00   constant   
  19  wCBO_expOffset   0.00000e+00   constant   
  20  wCBO_expT    0.00000e+00   constant   
  21  wCBO_linCoeff   0.00000e+00   constant   
  22  wCBO_const   0.00000e+00   constant   
 EXTERNAL ERROR MATRIX.    NDIM=  25    NPAR=  6    ERR DEF=1
  7.068e+05  2.931e-03  1.241e-02  3.492e-04 -1.090e-02 -3.962e+00 
  2.931e-03  1.091e-07 -1.844e-09  1.088e-09  2.601e-08  8.868e-06 
  1.241e-02 -1.844e-09  9.231e-07 -2.997e-09  4.562e-08  1.557e-05 
  3.492e-04  1.088e-09 -2.997e-09  1.210e-07 -1.088e-08 -3.528e-06 
 -1.090e-02  2.601e-08  4.562e-08 -1.088e-08  8.557e-06  2.682e-03 
 -3.962e+00  8.868e-06  1.557e-05 -3.528e-06  2.682e-03  8.543e-01 
 PARAMETER  CORRELATION COEFFICIENTS  
       NO.  GLOBAL      1      3      4      6      7      8
        1  0.02026   1.000  0.011  0.015  0.001 -0.004 -0.005
        3  0.03640   0.011  1.000 -0.006  0.009  0.027  0.029
        4  0.02745   0.015 -0.006  1.000 -0.009  0.016  0.018
        6  0.01721   0.001  0.009 -0.009  1.000 -0.011 -0.011
        7  0.99204  -0.004  0.027  0.016 -0.011  1.000  0.992
        8  0.99204  -0.005  0.029  0.018 -0.011  0.992  1.000
MINUIT - REFIT 5-PARAM
 **********
 **   94 **FIX            5
 **********
 PARAMETER    5  IS CONSTANT.   IGNORED.
 **********
 **   95 **FIX            6
 **********
 **********
 **   96 **FIX            7
 **********
 **********
 **   97 **FIX            8
 **********
 **********
 **   98 **FIX            9
 **********
 PARAMETER    9  IS CONSTANT.   IGNORED.
 **********
 **   99 **FIX           10
 **********
 PARAMETER   10  IS CONSTANT.   IGNORED.
 **********
 **  100 **FIX           11
 **********
 PARAMETER   11  IS CONSTANT.   IGNORED.
 **********
 **  101 **FIX           12
 **********
 PARAMETER   12  IS CONSTANT.   IGNORED.
 **********
 **  102 **FIX           13
 **********
 PARAMETER   13  IS CONSTANT.   IGNORED.
 **********
 **  103 **FIX           14
 **********
 PARAMETER   14  IS CONSTANT.   IGNORED.
 **********
 **  104 **FIX           15
 **********
 PARAMETER   15  IS CONSTANT.   IGNORED.
 **********
 **  105 **FIX           16
 **********
 PARAMETER   16  IS CONSTANT.   IGNORED.
 **********
 **  106 **MIGRAD
 **********
 START MIGRAD MINIMIZATION.  STRATEGY  1.  CONVERGENCE WHEN EDM .LT. 1.00e-04
 FCN=332.712 FROM MIGRAD    STATUS=INITIATE        6 CALLS         211 TOTAL
                     EDM=1.54493e-07    STRATEGY= 1  ERROR MATRIX UNCERTAINTY  50.0 per cent
  EXT PARAMETER                APPROXIMATE        STEP         FIRST   
  NO.   NAME      VALUE            ERROR          SIZE      DERIVATIVE 
   1  N0           3.41605e+06   8.40712e+02   7.41994e+00   5.25392e-07
   2  tau          6.43976e+01   constant   
   3  A0           3.55180e-01   3.30158e-04   2.94472e-06  -4.01273e-01
   4  phi          4.12287e+00   9.60575e-04   8.56690e-06  -2.05135e-01
   5  R           -6.08295e+01   constant   
   6  A_CBO        2.99124e-03     fixed    
   7  w_CBO        2.32349e+00     fixed    
   8  phi_CBO      1.52813e+00     fixed    
   9  ANx2         0.00000e+00   constant   
  10  pNx2         0.00000e+00   constant   
  11  ANy1         0.00000e+00   constant   
  12  pNy1         0.00000e+00   constant   
  13  w_y          0.00000e+00   constant   
  14  ANy2         0.00000e+00   constant   
  15  pNy2         0.00000e+00   constant   
  16  w_vw         0.00000e+00   constant   
  17  LM          -1.76320e-04   constant   
  18  wCBO_expCoeff   0.00000e+00   constant   
  19  wCBO_expOffset   0.00000e+00   constant   
  20  wCBO_expT    0.00000e+00   constant   
  21  wCBO_linCoeff   0.00000e+00   constant   
  22  wCBO_const   0.00000e+00   constant   
 MIGRAD MINIMIZATION HAS CONVERGED.
 MIGRAD WILL VERIFY CONVERGENCE AND ERROR MATRIX.
 COVARIANCE MATRIX CALCULATED SUCCESSFULLY
 FCN=332.712 FROM MIGRAD    STATUS=CONVERGED      31 CALLS         236 TOTAL
                     EDM=8.78903e-17    STRATEGY= 1      ERROR MATRIX ACCURATE 
  EXT PARAMETER                                   STEP         FIRST   
  NO.   NAME      VALUE            ERROR          SIZE      DERIVATIVE 
   1  N0           3.41605e+06   8.40712e+02   7.41994e+00  -9.95917e-13
   2  tau          6.43976e+01   constant   
   3  A0           3.55180e-01   3.30158e-04   2.94472e-06   1.25473e-06
   4  phi          4.12287e+00   9.60575e-04   8.56694e-06   1.37846e-05
   5  R           -6.08295e+01   constant   
   6  A_CBO        2.99124e-03     fixed    
   7  w_CBO        2.32349e+00     fixed    
   8  phi_CBO      1.52813e+00     fixed    
   9  ANx2         0.00000e+00   constant   
  10  pNx2         0.00000e+00   constant   
  11  ANy1         0.00000e+00   constant   
  12  pNy1         0.00000e+00   constant   
  13  w_y          0.00000e+00   constant   
  14  ANy2         0.00000e+00   constant   
  15  pNy2         0.00000e+00   constant   
  16  w_vw         0.00000e+00   constant   
  17  LM          -1.76320e-04   constant   
  18  wCBO_expCoeff   0.00000e+00   constant   
  19  wCBO_expOffset   0.00000e+00   constant   
  20  wCBO_expT    0.00000e+00   constant   
  21  wCBO_linCoeff   0.00000e+00   constant   
  22  wCBO_const   0.00000e+00   constant   
 EXTERNAL ERROR MATRIX.    NDIM=  25    NPAR=  3    ERR DEF=1
  7.068e+05  2.990e-03  1.252e-02 
  2.990e-03  1.090e-07 -2.022e-09 
  1.252e-02 -2.022e-09  9.227e-07 
 PARAMETER  CORRELATION COEFFICIENTS  
       NO.  GLOBAL      1      3      4
        1  0.01894   1.000  0.011  0.016
        3  0.01260   0.011  1.000 -0.006
        4  0.01683   0.016 -0.006  1.000
MINUIT - 2CBO + Y
 **********
 **  107 **RES 
 **********
                   PARAMETER    8  phi_CBO RESTORED TO VARIABLE.
                   PARAMETER    7  w_CBO RESTORED TO VARIABLE.
                   PARAMETER    6  A_CBO RESTORED TO VARIABLE.
 **********
 **  108 **FIX            0
 **********
 PARAMETER    0  IS UNDEFINED. IGNORED.
 **********
 **  109 **FIX            1
 **********
 **********
 **  110 **FIX            2
 **********
 PARAMETER    2  IS CONSTANT.   IGNORED.
 **********
 **  111 **FIX            3
 **********
 **********
 **  112 **FIX            4
 **********
 **********
 **  113 **FIX            5
 **********
 PARAMETER    5  IS CONSTANT.   IGNORED.
 **********
 **  114 **FIX            6
 **********
 **********
 **  115 **FIX            7
 **********
 **********
 **  116 **FIX           16
 **********
 PARAMETER   16  IS CONSTANT.   IGNORED.
 **********
 **  117 **MIGRAD
 **********
 START MIGRAD MINIMIZATION.  STRATEGY  1.  CONVERGENCE WHEN EDM .LT. 1.00e-04
 FCN=332.712 FROM MIGRAD    STATUS=INITIATE        2 CALLS         238 TOTAL
                     EDM= unknown      STRATEGY= 1      NO ERROR MATRIX       
  EXT PARAMETER               CURRENT GUESS       STEP         FIRST   
  NO.   NAME      VALUE            ERROR          SIZE      DERIVATIVE 
   1  N0           3.41605e+06     fixed    
   2  tau          6.43976e+01   constant   
   3  A0           3.55180e-01     fixed    
   4  phi          4.12287e+00     fixed    
   5  R           -6.08295e+01   constant   
   6  A_CBO        2.99124e-03     fixed    
   7  w_CBO        2.32349e+00     fixed    
   8  phi_CBO      1.52813e+00   1.16427e-01   1.16427e-01   5.46643e-03
   9  ANx2         0.00000e+00   constant   
  10  pNx2         0.00000e+00   constant   
  11  ANy1         0.00000e+00   constant   
  12  pNy1         0.00000e+00   constant   
  13  w_y          0.00000e+00   constant   
  14  ANy2         0.00000e+00   constant   
  15  pNy2         0.00000e+00   constant   
  16  w_vw         0.00000e+00   constant   
  17  LM          -1.76320e-04   constant   
  18  wCBO_expCoeff   0.00000e+00   constant   
  19  wCBO_expOffset   0.00000e+00   constant   
  20  wCBO_expT    0.00000e+00   constant   
  21  wCBO_linCoeff   0.00000e+00   constant   
  22  wCBO_const   0.00000e+00   constant   
 MIGRAD MINIMIZATION HAS CONVERGED.
 MIGRAD WILL VERIFY CONVERGENCE AND ERROR MATRIX.
 COVARIANCE MATRIX CALCULATED SUCCESSFULLY
 FCN=332.712 FROM MIGRAD    STATUS=CONVERGED      12 CALLS         248 TOTAL
                     EDM=2.79867e-16    STRATEGY= 1      ERROR MATRIX ACCURATE 
  EXT PARAMETER                                   STEP         FIRST   
  NO.   NAME      VALUE            ERROR          SIZE      DERIVATIVE 
   1  N0           3.41605e+06     fixed    
   2  tau          6.43976e+01   constant   
   3  A0           3.55180e-01     fixed    
   4  phi          4.12287e+00     fixed    
   5  R           -6.08295e+01   constant   
   6  A_CBO        2.99124e-03     fixed    
   7  w_CBO        2.32349e+00     fixed    
   8  phi_CBO      1.52809e+00   1.16397e-01   1.03824e-03   2.03259e-07
   9  ANx2         0.00000e+00   constant   
  10  pNx2         0.00000e+00   constant   
  11  ANy1         0.00000e+00   constant   
  12  pNy1         0.00000e+00   constant   
  13  w_y          0.00000e+00   constant   
  14  ANy2         0.00000e+00   constant   
  15  pNy2         0.00000e+00   constant   
  16  w_vw         0.00000e+00   constant   
  17  LM          -1.76320e-04   constant   
  18  wCBO_expCoeff   0.00000e+00   constant   
  19  wCBO_expOffset   0.00000e+00   constant   
  20  wCBO_expT    0.00000e+00   constant   
  21  wCBO_linCoeff   0.00000e+00   constant   
  22  wCBO_const   0.00000e+00   constant   
 EXTERNAL ERROR MATRIX.    NDIM=  25    NPAR=  1    ERR DEF=1
  1.355e-02 
MINUIT - MINOS
 **********
 **  118 **RES 
 **********
                   PARAMETER    7  w_CBO RESTORED TO VARIABLE.
                   PARAMETER    6  A_CBO RESTORED TO VARIABLE.
                   PARAMETER    4  phi RESTORED TO VARIABLE.
                   PARAMETER    3  A0 RESTORED TO VARIABLE.
                   PARAMETER    1  N0 RESTORED TO VARIABLE.
 **********
 **  119 **MIG      2.5e+04        0.01
 **********
 START MIGRAD MINIMIZATION.  STRATEGY  1.  CONVERGENCE WHEN EDM .LT. 1.00e-05
 FCN=332.712 FROM MIGRAD    STATUS=INITIATE       12 CALLS         260 TOTAL
                     EDM= unknown      STRATEGY= 1      NO ERROR MATRIX       
  EXT PARAMETER               CURRENT GUESS       STEP         FIRST   
  NO.   NAME      VALUE            ERROR          SIZE      DERIVATIVE 
   1  N0           3.41605e+06   8.40712e+02   8.40712e+02  -4.48969e-09
   2  tau          6.43976e+01   constant   
   3  A0           3.55180e-01   3.30158e-04   3.30158e-04   3.61394e-02
   4  phi          4.12287e+00   9.60575e-04   9.60575e-04   7.68072e-03
   5  R           -6.08295e+01   constant   
   6  A_CBO        2.99124e-03   3.47848e-04   3.47848e-04   2.28008e-01
   7  w_CBO        2.32349e+00   2.92509e-03   2.92509e-03   4.62140e-01
   8  phi_CBO      1.52809e+00   1.16397e-01   1.03824e-03   1.64250e-07
   9  ANx2         0.00000e+00   constant   
  10  pNx2         0.00000e+00   constant   
  11  ANy1         0.00000e+00   constant   
  12  pNy1         0.00000e+00   constant   
  13  w_y          0.00000e+00   constant   
  14  ANy2         0.00000e+00   constant   
  15  pNy2         0.00000e+00   constant   
  16  w_vw         0.00000e+00   constant   
  17  LM          -1.76320e-04   constant   
  18  wCBO_expCoeff   0.00000e+00   constant   
  19  wCBO_expOffset   0.00000e+00   constant   
  20  wCBO_expT    0.00000e+00   constant   
  21  wCBO_linCoeff   0.00000e+00   constant   
  22  wCBO_const   0.00000e+00   constant   
 MIGRAD MINIMIZATION HAS CONVERGED.
 MIGRAD WILL VERIFY CONVERGENCE AND ERROR MATRIX.
 COVARIANCE MATRIX CALCULATED SUCCESSFULLY
 FCN=332.712 FROM MIGRAD    STATUS=CONVERGED      67 CALLS         315 TOTAL
                     EDM=8.99622e-07    STRATEGY= 1      ERROR MATRIX ACCURATE 
  EXT PARAMETER                                   STEP         FIRST   
  NO.   NAME      VALUE            ERROR          SIZE      DERIVATIVE 
   1  N0           3.41605e+06   8.40734e+02   7.41994e+00   1.46645e-09
   2  tau          6.43976e+01   constant   
   3  A0           3.55180e-01   3.30351e-04   2.94472e-06  -5.75043e-03
   4  phi          4.12287e+00   9.60801e-04   8.56694e-06  -2.55776e-03
   5  R           -6.08295e+01   constant   
   6  A_CBO        2.99122e-03   3.47848e-04   3.10228e-06   1.16471e-03
   7  w_CBO        2.32349e+00   2.92526e-03   3.28630e-06  -2.97727e-04
   8  phi_CBO      1.52809e+00   9.24258e-01   1.03824e-03   1.45233e-03
   9  ANx2         0.00000e+00   constant   
  10  pNx2         0.00000e+00   constant   
  11  ANy1         0.00000e+00   constant   
  12  pNy1         0.00000e+00   constant   
  13  w_y          0.00000e+00   constant   
  14  ANy2         0.00000e+00   constant   
  15  pNy2         0.00000e+00   constant   
  16  w_vw         0.00000e+00   constant   
  17  LM          -1.76320e-04   constant   
  18  wCBO_expCoeff   0.00000e+00   constant   
  19  wCBO_expOffset   0.00000e+00   constant   
  20  wCBO_expT    0.00000e+00   constant   
  21  wCBO_linCoeff   0.00000e+00   constant   
  22  wCBO_const   0.00000e+00   constant   
 EXTERNAL ERROR MATRIX.    NDIM=  25    NPAR=  6    ERR DEF=1
  7.068e+05  2.931e-03  1.241e-02  3.492e-04 -1.091e-02 -3.962e+00 
  2.931e-03  1.091e-07 -1.844e-09  1.088e-09  2.601e-08  8.869e-06 
  1.241e-02 -1.844e-09  9.231e-07 -2.997e-09  4.562e-08  1.557e-05 
  3.492e-04  1.088e-09 -2.997e-09  1.210e-07 -1.088e-08 -3.526e-06 
 -1.091e-02  2.601e-08  4.562e-08 -1.088e-08  8.557e-06  2.682e-03 
 -3.962e+00  8.869e-06  1.557e-05 -3.526e-06  2.682e-03  8.543e-01 
 PARAMETER  CORRELATION COEFFICIENTS  
       NO.  GLOBAL      1      3      4      6      7      8
        1  0.02026   1.000  0.011  0.015  0.001 -0.004 -0.005
        3  0.03640   0.011  1.000 -0.006  0.009  0.027  0.029
        4  0.02745   0.015 -0.006  1.000 -0.009  0.016  0.018
        6  0.01720   0.001  0.009 -0.009  1.000 -0.011 -0.011
        7  0.99204  -0.004  0.027  0.016 -0.011  1.000  0.992
        8  0.99204  -0.005  0.029  0.018 -0.011  0.992  1.000
 **********
 **  120 **MINO      2.5e+04
 **********
 FCN=332.712 FROM MINOS     STATUS=SUCCESSFUL    266 CALLS         581 TOTAL
                     EDM=8.99622e-07    STRATEGY= 1      ERROR MATRIX ACCURATE 
  EXT PARAMETER                  PARABOLIC         MINOS ERRORS        
  NO.   NAME      VALUE            ERROR      NEGATIVE      POSITIVE   
   1  N0           3.41605e+06   8.40734e+02  -8.40732e+02   8.40736e+02
   2  tau          6.43976e+01   constant   
   3  A0           3.55180e-01   3.30351e-04  -3.30360e-04   3.30345e-04
   4  phi          4.12287e+00   9.60801e-04  -9.60808e-04   9.60791e-04
   5  R           -6.08295e+01   constant   
   6  A_CBO        2.99122e-03   3.47848e-04  -3.47828e-04   3.47829e-04
   7  w_CBO        2.32349e+00   2.92526e-03  -2.93991e-03   2.92951e-03
   8  phi_CBO      1.52809e+00   9.24258e-01  -9.28100e-01   9.25942e-01
   9  ANx2         0.00000e+00   constant   
  10  pNx2         0.00000e+00   constant   
  11  ANy1         0.00000e+00   constant   
  12  pNy1         0.00000e+00   constant   
  13  w_y          0.00000e+00   constant   
  14  ANy2         0.00000e+00   constant   
  15  pNy2         0.00000e+00   constant   
  16  w_vw         0.00000e+00   constant   
  17  LM          -1.76320e-04   constant   
  18  wCBO_expCoeff   0.00000e+00   constant   
  19  wCBO_expOffset   0.00000e+00   constant   
  20  wCBO_expT    0.00000e+00   constant   
  21  wCBO_linCoeff   0.00000e+00   constant   
  22  wCBO_const   0.00000e+00   constant   
 **********
 **  121 **SHO COR 
 **********
 PARAMETER  CORRELATION COEFFICIENTS  
       NO.  GLOBAL      1      3      4      6      7      8
        1  0.02026   1.000  0.011  0.015  0.001 -0.004 -0.005
        3  0.03640   0.011  1.000 -0.006  0.009  0.027  0.029
        4  0.02745   0.015 -0.006  1.000 -0.009  0.016  0.018
        6  0.01720   0.001  0.009 -0.009  1.000 -0.011 -0.011
        7  0.99204  -0.004  0.027  0.016 -0.011  1.000  0.992
        8  0.99204  -0.005  0.029  0.018 -0.011  0.992  1.000
