 + ++++++++++++++++++++++++++++++++++++++++++++++++++++++++++++++++++++ +
 +                                                                      +
 +           You have chose to blind your fitting according to          +
 +                omega_ref * (1 + (R +/- deltaR) *10^{-6})             +
 +                                                                      +
 + ++++++++++++++++++++++++++++++++++++++++++++++++++++++++++++++++++++ +
In main()...
reading format from /gm2data/zkhechad/run45/envelope/formats/formatB_sBin_constraintOn.txt
pBinTau 	= 0  
pBinPhi 	= 0  
constraintau 	= 1 
includeMopTerm 	= 0    
constrainMop    = 0   
Parameters after format file: pBinTau 0 pBinPhi 0 constraintau 1 includeMopTerm 0 constrainMop 0 c_e_scale 0.000000 
reading cbo reference file (full fit) from /gm2data/zkhechad/cboTemplates/Run4CBOTemplates/fullFits/run4/sBin_constraintOn_cE0.0_seed0_run4_calo20.root
A_CBO 0.007307 w_CBO 2.326921 phi_CBO 1.268494 N0 3181980.382925 R -61.000535 tau 64.408953 
Reading cboRef file /gm2data/zkhechad/cboTemplates/Run4CBOTemplates//cboIsolate/run4_calo20.root
deltaT 8.616416
windowBins = 240
fitting sliding window 240 from bin 443 at 66.095600 to bin 683 at 101.903600 (240 bins)

Reading data from /gm2data/cornell/histograms/aMethod/histogram_a_run4.root
fitting cbo isolate
 **********
 **    1 **SET PRINTOUT            1
 **********
 **********
 **    2 **SET NOWARNINGS 
 **********
 PARAMETER DEFINITIONS:
    NO.   NAME         VALUE      STEP SIZE      LIMITS
     1 A_CBO        7.30680e-03  1.00000e-05     no limits
     2 w_CBO        2.32692e+00  1.00000e-02    2.00000e+00  3.00000e+00
     3 phi_CBO      1.26849e+00  1.00000e-02    0.00000e+00  6.28319e+00
 **********
 **    3 **MIGRAD
 **********
 FIRST CALL TO USER FUNCTION AT NEW START POINT, WITH IFLAG=4.
 START MIGRAD MINIMIZATION.  STRATEGY  1.  CONVERGENCE WHEN EDM .LT. 1.00e-04
 FCN=0.000882636 FROM MIGRAD    STATUS=INITIATE       10 CALLS          11 TOTAL
                     EDM= unknown      STRATEGY= 1      NO ERROR MATRIX       
  EXT PARAMETER               CURRENT GUESS       STEP         FIRST   
  NO.   NAME      VALUE            ERROR          SIZE      DERIVATIVE 
   1  A_CBO        7.30680e-03   1.00000e-05   1.00000e-05   5.93654e-01
   2  w_CBO        2.32692e+00   1.00000e-02   2.13202e-02  -7.31452e-03
   3  phi_CBO      1.26849e+00   1.00000e-02   3.96494e-03   3.95123e-04
 MIGRAD MINIMIZATION HAS CONVERGED.
 MIGRAD WILL VERIFY CONVERGENCE AND ERROR MATRIX.
 COVARIANCE MATRIX CALCULATED SUCCESSFULLY
 FCN=0.000144458 FROM MIGRAD    STATUS=CONVERGED      35 CALLS          36 TOTAL
                     EDM=9.56363e-06    STRATEGY= 1      ERROR MATRIX ACCURATE 
  EXT PARAMETER                                   STEP         FIRST   
  NO.   NAME      VALUE            ERROR          SIZE      DERIVATIVE 
   1  A_CBO        4.82476e-03   9.15186e-02   4.46321e-05   2.53098e-04
   2  w_CBO        2.32718e+00   7.34443e-01   1.90534e-04   2.63526e-03
   3  phi_CBO      1.25026e+00   3.55895e+00   2.95792e-03  -2.17558e-04
 EXTERNAL ERROR MATRIX.    NDIM=  25    NPAR=  3    ERR DEF=1
  8.376e-03 -1.023e-02 -8.134e-01 
 -1.023e-02  6.176e+00  5.160e+02 
 -8.134e-01  5.160e+02  4.348e+04 
 PARAMETER  CORRELATION COEFFICIENTS  
       NO.  GLOBAL      1      2      3
        1  0.05093   1.000 -0.045 -0.043
        2  0.99587  -0.045  1.000  0.996
        3  0.99587  -0.043  0.996  1.000
setting A_CBO=0.004825 w_CBO=2.327183, phi_CBO=1.250261
done fitting cbo isolate
 **********
 **    1 **SET PRINTOUT            1
 **********
 **********
 **    2 **SET NOWARNINGS 
 **********
 PARAMETER DEFINITIONS:
    NO.   NAME         VALUE      STEP SIZE      LIMITS
     1 N0           3.18198e+06  1.00000e+02     no limits
     2 tau          6.44090e+01  constant
     3 A0           3.64685e-01  1.00000e-04     no limits
     4 phi          4.11970e+00  1.00000e-02     no limits
     5 R           -6.10005e+01  constant
     6 A_CBO        4.82476e-03  1.00000e-05     no limits
     7 w_CBO        2.32718e+00  1.00000e-03     no limits
     8 phi_CBO      1.25026e+00  1.00000e-04     no limits
     9 ANx2         0.00000e+00  constant
    10 pNx2         0.00000e+00  constant
    11 ANy1         1.76718e-03  1.00000e-06     no limits
    12 pNy1         2.31714e+00  1.00000e-04     no limits
    13 w_y          0.00000e+00  1.00000e-03     no limits
    14 ANy2         8.35747e-03  1.00000e-06     no limits
    15 pNy2         4.18605e+00  1.00000e-04     no limits
    16 w_vw         1.44513e+01  1.00000e-03     no limits
    17 LM           7.21641e-05  constant
    18 wCBO_expCoeff   0.00000e+00  constant
    19 wCBO_expOffset   0.00000e+00  constant
    20 wCBO_expT    0.00000e+00  constant
    21 wCBO_linCoeff   0.00000e+00  constant
    22 wCBO_const   0.00000e+00  constant
MINUIT - FIT ONLY WIGGLE
 **********
 **    3 **FIX            5
 **********
 PARAMETER    5  IS CONSTANT.   IGNORED.
 **********
 **    4 **FIX            6
 **********
 **********
 **    5 **FIX            7
 **********
 **********
 **    6 **FIX            8
 **********
 **********
 **    7 **FIX            9
 **********
 PARAMETER    9  IS CONSTANT.   IGNORED.
 **********
 **    8 **FIX           10
 **********
 PARAMETER   10  IS CONSTANT.   IGNORED.
 **********
 **    9 **FIX           11
 **********
 **********
 **   10 **FIX           12
 **********
 **********
 **   11 **FIX           13
 **********
 **********
 **   12 **FIX           14
 **********
 **********
 **   13 **FIX           15
 **********
 **********
 **   14 **FIX           16
 **********
 **********
 **   15 **MIGRAD
 **********
 FIRST CALL TO USER FUNCTION AT NEW START POINT, WITH IFLAG=4.
 START MIGRAD MINIMIZATION.  STRATEGY  1.  CONVERGENCE WHEN EDM .LT. 1.00e-04
 FCN=5920.23 FROM MIGRAD    STATUS=INITIATE       10 CALLS          11 TOTAL
                     EDM= unknown      STRATEGY= 1      NO ERROR MATRIX       
  EXT PARAMETER               CURRENT GUESS       STEP         FIRST   
  NO.   NAME      VALUE            ERROR          SIZE      DERIVATIVE 
   1  N0           3.18198e+06   1.00000e+02   1.00000e+02  -1.12954e-01
   2  tau          6.44090e+01   constant   
   3  A0           3.64685e-01   1.00000e-04   1.00000e-04   8.82926e+03
   4  phi          4.11970e+00   1.00000e-02   1.00000e-02  -7.30514e+02
   5  R           -6.10005e+01   constant   
   6  A_CBO        4.82476e-03     fixed    
   7  w_CBO        2.32718e+00     fixed    
   8  phi_CBO      1.25026e+00     fixed    
   9  ANx2         0.00000e+00   constant   
  10  pNx2         0.00000e+00   constant   
  11  ANy1         1.76718e-03     fixed    
  12  pNy1         2.31714e+00     fixed    
  13  w_y          0.00000e+00     fixed    
  14  ANy2         8.35747e-03     fixed    
  15  pNy2         4.18605e+00     fixed    
  16  w_vw         1.44513e+01     fixed    
  17  LM           7.21641e-05   constant   
  18  wCBO_expCoeff   0.00000e+00   constant   
  19  wCBO_expOffset   0.00000e+00   constant   
  20  wCBO_expT    0.00000e+00   constant   
  21  wCBO_linCoeff   0.00000e+00   constant   
  22  wCBO_const   0.00000e+00   constant   
 MIGRAD MINIMIZATION HAS CONVERGED.
 MIGRAD WILL VERIFY CONVERGENCE AND ERROR MATRIX.
 COVARIANCE MATRIX CALCULATED SUCCESSFULLY
 FCN=5705.59 FROM MIGRAD    STATUS=CONVERGED      47 CALLS          48 TOTAL
                     EDM=2.28178e-08    STRATEGY= 1      ERROR MATRIX ACCURATE 
  EXT PARAMETER                                   STEP         FIRST   
  NO.   NAME      VALUE            ERROR          SIZE      DERIVATIVE 
   1  N0           3.18578e+06   2.59591e+02   9.55382e+00  -6.18818e-08
   2  tau          6.44090e+01   constant   
   3  A0           3.64703e-01   1.06554e-04   3.92580e-06  -9.29319e-01
   4  phi          4.11984e+00   3.10182e-04   1.14367e-05   6.02482e-01
   5  R           -6.10005e+01   constant   
   6  A_CBO        4.82476e-03     fixed    
   7  w_CBO        2.32718e+00     fixed    
   8  phi_CBO      1.25026e+00     fixed    
   9  ANx2         0.00000e+00   constant   
  10  pNx2         0.00000e+00   constant   
  11  ANy1         1.76718e-03     fixed    
  12  pNy1         2.31714e+00     fixed    
  13  w_y          0.00000e+00     fixed    
  14  ANy2         8.35747e-03     fixed    
  15  pNy2         4.18605e+00     fixed    
  16  w_vw         1.44513e+01     fixed    
  17  LM           7.21641e-05   constant   
  18  wCBO_expCoeff   0.00000e+00   constant   
  19  wCBO_expOffset   0.00000e+00   constant   
  20  wCBO_expT    0.00000e+00   constant   
  21  wCBO_linCoeff   0.00000e+00   constant   
  22  wCBO_const   0.00000e+00   constant   
 EXTERNAL ERROR MATRIX.    NDIM=  25    NPAR=  3    ERR DEF=1
  6.739e+04  1.224e-03  1.751e-03 
  1.224e-03  1.135e-08 -5.698e-10 
  1.751e-03 -5.698e-10  9.621e-08 
 PARAMETER  CORRELATION COEFFICIENTS  
       NO.  GLOBAL      1      3      4
        1  0.04966   1.000  0.044  0.022
        3  0.04786   0.044  1.000 -0.017
        4  0.02837   0.022 -0.017  1.000
MINUIT - FIT ONLY 1-CBO + other amplitudes 
 **********
 **   16 **RES 
 **********
                   PARAMETER   16  w_vw RESTORED TO VARIABLE.
                   PARAMETER   15  pNy2 RESTORED TO VARIABLE.
                   PARAMETER   14  ANy2 RESTORED TO VARIABLE.
                   PARAMETER   13  w_y RESTORED TO VARIABLE.
                   PARAMETER   12  pNy1 RESTORED TO VARIABLE.
                   PARAMETER   11  ANy1 RESTORED TO VARIABLE.
                   PARAMETER    8  phi_CBO RESTORED TO VARIABLE.
                   PARAMETER    7  w_CBO RESTORED TO VARIABLE.
                   PARAMETER    6  A_CBO RESTORED TO VARIABLE.
 **********
 **   17 **FIX            0
 **********
 PARAMETER    0  IS UNDEFINED. IGNORED.
 **********
 **   18 **FIX            1
 **********
 **********
 **   19 **FIX            2
 **********
 PARAMETER    2  IS CONSTANT.   IGNORED.
 **********
 **   20 **FIX            3
 **********
 **********
 **   21 **FIX            4
 **********
 **********
 **   22 **FIX            9
 **********
 PARAMETER    9  IS CONSTANT.   IGNORED.
 **********
 **   23 **FIX           11
 **********
 **********
 **   24 **FIX           12
 **********
 **********
 **   25 **FIX           14
 **********
 **********
 **   26 **FIX           15
 **********
 **********
 **   27 **FIX           16
 **********
 **********
 **   28 **MIGRAD
 **********
 START MIGRAD MINIMIZATION.  STRATEGY  1.  CONVERGENCE WHEN EDM .LT. 1.00e-04
 FCN=5705.59 FROM MIGRAD    STATUS=INITIATE       16 CALLS          64 TOTAL
                     EDM= unknown      STRATEGY= 1      NO ERROR MATRIX       
  EXT PARAMETER               CURRENT GUESS       STEP         FIRST   
  NO.   NAME      VALUE            ERROR          SIZE      DERIVATIVE 
   1  N0           3.18578e+06     fixed    
   2  tau          6.44090e+01   constant   
   3  A0           3.64703e-01     fixed    
   4  phi          4.11984e+00     fixed    
   5  R           -6.10005e+01   constant   
   6  A_CBO        4.82476e-03   1.00000e-05   1.00000e-05  -8.52432e+03
   7  w_CBO        2.32718e+00   1.00000e-03   1.00000e-03   5.02197e+03
   8  phi_CBO      1.25026e+00   1.00000e-04   1.00000e-04  -6.92762e+01
   9  ANx2         0.00000e+00   constant   
  10  pNx2         0.00000e+00   constant   
  11  ANy1         1.76718e-03     fixed    
  12  pNy1         2.31714e+00     fixed    
  13  w_y          0.00000e+00   1.00000e-03   1.00000e-03  -1.04121e+03
  14  ANy2         8.35747e-03     fixed    
  15  pNy2         4.18605e+00     fixed    
  16  w_vw         1.44513e+01     fixed    
  17  LM           7.21641e-05   constant   
  18  wCBO_expCoeff   0.00000e+00   constant   
  19  wCBO_expOffset   0.00000e+00   constant   
  20  wCBO_expT    0.00000e+00   constant   
  21  wCBO_linCoeff   0.00000e+00   constant   
  22  wCBO_const   0.00000e+00   constant   
 MIGRAD MINIMIZATION HAS CONVERGED.
 MIGRAD WILL VERIFY CONVERGENCE AND ERROR MATRIX.
 COVARIANCE MATRIX CALCULATED SUCCESSFULLY
 FCN=5703.96 FROM MIGRAD    STATUS=CONVERGED      93 CALLS         141 TOTAL
                     EDM=7.22999e-07    STRATEGY= 1      ERROR MATRIX ACCURATE 
  EXT PARAMETER                                   STEP         FIRST   
  NO.   NAME      VALUE            ERROR          SIZE      DERIVATIVE 
   1  N0           3.18578e+06     fixed    
   2  tau          6.44090e+01   constant   
   3  A0           3.64703e-01     fixed    
   4  phi          4.11984e+00     fixed    
   5  R           -6.10005e+01   constant   
   6  A_CBO        4.88437e-03   1.15222e-04   4.24892e-06   8.13368e+00
   7  w_CBO        2.32892e+00   2.33177e-03   1.05748e-05   6.95977e-01
   8  phi_CBO      1.41098e+00   1.91458e-01   8.68314e-04  -5.57136e-03
   9  ANx2         0.00000e+00   constant   
  10  pNx2         0.00000e+00   constant   
  11  ANy1         1.76718e-03     fixed    
  12  pNy1         2.31714e+00     fixed    
  13  w_y          2.99077e-04   7.38804e-04   2.72463e-05  -6.95545e-01
  14  ANy2         8.35747e-03     fixed    
  15  pNy2         4.18605e+00     fixed    
  16  w_vw         1.44513e+01     fixed    
  17  LM           7.21641e-05   constant   
  18  wCBO_expCoeff   0.00000e+00   constant   
  19  wCBO_expOffset   0.00000e+00   constant   
  20  wCBO_expT    0.00000e+00   constant   
  21  wCBO_linCoeff   0.00000e+00   constant   
  22  wCBO_const   0.00000e+00   constant   
 EXTERNAL ERROR MATRIX.    NDIM=  25    NPAR=  4    ERR DEF=1
  1.328e-08 -1.907e-09 -1.343e-07  9.755e-10 
 -1.907e-09  5.437e-06  4.430e-04  2.860e-08 
 -1.343e-07  4.430e-04  3.666e-02  2.086e-06 
  9.755e-10  2.860e-08  2.086e-06  5.458e-07 
 PARAMETER  CORRELATION COEFFICIENTS  
       NO.  GLOBAL      6      7      8     13
        6  0.01572   1.000 -0.007 -0.006  0.011
        7  0.99242  -0.007  1.000  0.992  0.017
        8  0.99241  -0.006  0.992  1.000  0.015
       13  0.02469   0.011  0.017  0.015  1.000
MINUIT - FIT ONLY 1-CBO
 **********
 **   29 **RES 
 **********
                   PARAMETER   16  w_vw RESTORED TO VARIABLE.
                   PARAMETER   15  pNy2 RESTORED TO VARIABLE.
                   PARAMETER   14  ANy2 RESTORED TO VARIABLE.
                   PARAMETER   12  pNy1 RESTORED TO VARIABLE.
                   PARAMETER   11  ANy1 RESTORED TO VARIABLE.
                   PARAMETER    4  phi RESTORED TO VARIABLE.
                   PARAMETER    3  A0 RESTORED TO VARIABLE.
                   PARAMETER    1  N0 RESTORED TO VARIABLE.
 **********
 **   30 **FIX            0
 **********
 PARAMETER    0  IS UNDEFINED. IGNORED.
 **********
 **   31 **FIX            1
 **********
 **********
 **   32 **FIX            2
 **********
 PARAMETER    2  IS CONSTANT.   IGNORED.
 **********
 **   33 **FIX            3
 **********
 **********
 **   34 **FIX            4
 **********
 **********
 **   35 **FIX            8
 **********
 **********
 **   36 **FIX            9
 **********
 PARAMETER    9  IS CONSTANT.   IGNORED.
 **********
 **   37 **FIX           11
 **********
 **********
 **   38 **FIX           12
 **********
 **********
 **   39 **FIX           13
 **********
 **********
 **   40 **FIX           15
 **********
 **********
 **   41 **FIX           16
 **********
 **********
 **   42 **MIGRAD
 **********
 START MIGRAD MINIMIZATION.  STRATEGY  1.  CONVERGENCE WHEN EDM .LT. 1.00e-04
 FCN=5703.96 FROM MIGRAD    STATUS=INITIATE        8 CALLS         149 TOTAL
                     EDM= unknown      STRATEGY= 1      NO ERROR MATRIX       
  EXT PARAMETER               CURRENT GUESS       STEP         FIRST   
  NO.   NAME      VALUE            ERROR          SIZE      DERIVATIVE 
   1  N0           3.18578e+06     fixed    
   2  tau          6.44090e+01   constant   
   3  A0           3.64703e-01     fixed    
   4  phi          4.11984e+00     fixed    
   5  R           -6.10005e+01   constant   
   6  A_CBO        4.88437e-03   1.15222e-04   4.24892e-06   8.13370e+00
   7  w_CBO        2.32892e+00   2.33177e-03   1.05748e-05   6.94978e-01
   8  phi_CBO      1.41098e+00     fixed    
   9  ANx2         0.00000e+00   constant   
  10  pNx2         0.00000e+00   constant   
  11  ANy1         1.76718e-03     fixed    
  12  pNy1         2.31714e+00     fixed    
  13  w_y          2.99077e-04     fixed    
  14  ANy2         8.35747e-03   1.00000e-06   1.00000e-06   1.29004e+06
  15  pNy2         4.18605e+00     fixed    
  16  w_vw         1.44513e+01     fixed    
  17  LM           7.21641e-05   constant   
  18  wCBO_expCoeff   0.00000e+00   constant   
  19  wCBO_expOffset   0.00000e+00   constant   
  20  wCBO_expT    0.00000e+00   constant   
  21  wCBO_linCoeff   0.00000e+00   constant   
  22  wCBO_const   0.00000e+00   constant   
 MIGRAD MINIMIZATION HAS CONVERGED.
 MIGRAD WILL VERIFY CONVERGENCE AND ERROR MATRIX.
 COVARIANCE MATRIX CALCULATED SUCCESSFULLY
 FCN=196.034 FROM MIGRAD    STATUS=CONVERGED      38 CALLS         179 TOTAL
                     EDM=2.51263e-06    STRATEGY= 1      ERROR MATRIX ACCURATE 
  EXT PARAMETER                                   STEP         FIRST   
  NO.   NAME      VALUE            ERROR          SIZE      DERIVATIVE 
   1  N0           3.18578e+06     fixed    
   2  tau          6.44090e+01   constant   
   3  A0           3.64703e-01     fixed    
   4  phi          4.11984e+00     fixed    
   5  R           -6.10005e+01   constant   
   6  A_CBO        4.86736e-03   1.15217e-04   7.89657e-07  -2.73171e+00
   7  w_CBO        2.32891e+00   2.87959e-04   1.97016e-06  -7.71638e+00
   8  phi_CBO      1.41098e+00     fixed    
   9  ANx2         0.00000e+00   constant   
  10  pNx2         0.00000e+00   constant   
  11  ANy1         1.76718e-03     fixed    
  12  pNy1         2.31714e+00     fixed    
  13  w_y          2.99077e-04     fixed    
  14  ANy2        -1.81722e-04   1.15059e-04   7.88609e-07  -2.02713e-01
  15  pNy2         4.18605e+00     fixed    
  16  w_vw         1.44513e+01     fixed    
  17  LM           7.21641e-05   constant   
  18  wCBO_expCoeff   0.00000e+00   constant   
  19  wCBO_expOffset   0.00000e+00   constant   
  20  wCBO_expT    0.00000e+00   constant   
  21  wCBO_linCoeff   0.00000e+00   constant   
  22  wCBO_const   0.00000e+00   constant   
 EXTERNAL ERROR MATRIX.    NDIM=  25    NPAR=  3    ERR DEF=1
  1.327e-08 -2.775e-10  2.538e-11 
 -2.775e-10  8.292e-08  5.696e-12 
  2.538e-11  5.696e-12  1.324e-08 
 PARAMETER  CORRELATION COEFFICIENTS  
       NO.  GLOBAL      6      7     14
        6  0.00858   1.000 -0.008  0.002
        7  0.00836  -0.008  1.000  0.000
       14  0.00192   0.002  0.000  1.000
MINUIT - FIT ONLY 2-CBO
 **********
 **   43 **RES 
 **********
                   PARAMETER   16  w_vw RESTORED TO VARIABLE.
                   PARAMETER   15  pNy2 RESTORED TO VARIABLE.
                   PARAMETER   13  w_y RESTORED TO VARIABLE.
                   PARAMETER   12  pNy1 RESTORED TO VARIABLE.
                   PARAMETER   11  ANy1 RESTORED TO VARIABLE.
                   PARAMETER    8  phi_CBO RESTORED TO VARIABLE.
                   PARAMETER    4  phi RESTORED TO VARIABLE.
                   PARAMETER    3  A0 RESTORED TO VARIABLE.
                   PARAMETER    1  N0 RESTORED TO VARIABLE.
 **********
 **   44 **FIX            0
 **********
 PARAMETER    0  IS UNDEFINED. IGNORED.
 **********
 **   45 **FIX            1
 **********
 **********
 **   46 **FIX            2
 **********
 PARAMETER    2  IS CONSTANT.   IGNORED.
 **********
 **   47 **FIX            3
 **********
 **********
 **   48 **FIX            4
 **********
 **********
 **   49 **FIX            5
 **********
 PARAMETER    5  IS CONSTANT.   IGNORED.
 **********
 **   50 **FIX            6
 **********
 **********
 **   51 **FIX            7
 **********
 **********
 **   52 **FIX           10
 **********
 PARAMETER   10  IS CONSTANT.   IGNORED.
 **********
 **   53 **FIX           11
 **********
 **********
 **   54 **FIX           12
 **********
 **********
 **   55 **FIX           13
 **********
 **********
 **   56 **FIX           14
 **********
 **********
 **   57 **FIX           15
 **********
 **********
 **   58 **FIX           16
 **********
 **********
 **   59 **MIGRAD
 **********
 START MIGRAD MINIMIZATION.  STRATEGY  1.  CONVERGENCE WHEN EDM .LT. 1.00e-04
 FCN=196.034 FROM MIGRAD    STATUS=INITIATE        2 CALLS         181 TOTAL
                     EDM= unknown      STRATEGY= 1      NO ERROR MATRIX       
  EXT PARAMETER               CURRENT GUESS       STEP         FIRST   
  NO.   NAME      VALUE            ERROR          SIZE      DERIVATIVE 
   1  N0           3.18578e+06     fixed    
   2  tau          6.44090e+01   constant   
   3  A0           3.64703e-01     fixed    
   4  phi          4.11984e+00     fixed    
   5  R           -6.10005e+01   constant   
   6  A_CBO        4.86736e-03     fixed    
   7  w_CBO        2.32891e+00     fixed    
   8  phi_CBO      1.41098e+00   1.91458e-01   1.91458e-01   1.05581e+00
   9  ANx2         0.00000e+00   constant   
  10  pNx2         0.00000e+00   constant   
  11  ANy1         1.76718e-03     fixed    
  12  pNy1         2.31714e+00     fixed    
  13  w_y          2.99077e-04     fixed    
  14  ANy2        -1.81722e-04     fixed    
  15  pNy2         4.18605e+00     fixed    
  16  w_vw         1.44513e+01     fixed    
  17  LM           7.21641e-05   constant   
  18  wCBO_expCoeff   0.00000e+00   constant   
  19  wCBO_expOffset   0.00000e+00   constant   
  20  wCBO_expT    0.00000e+00   constant   
  21  wCBO_linCoeff   0.00000e+00   constant   
  22  wCBO_const   0.00000e+00   constant   
 MIGRAD MINIMIZATION HAS CONVERGED.
 MIGRAD WILL VERIFY CONVERGENCE AND ERROR MATRIX.
 COVARIANCE MATRIX CALCULATED SUCCESSFULLY
 FCN=196.034 FROM MIGRAD    STATUS=CONVERGED      12 CALLS         191 TOTAL
                     EDM=3.07532e-15    STRATEGY= 1      ERROR MATRIX ACCURATE 
  EXT PARAMETER                                   STEP         FIRST   
  NO.   NAME      VALUE            ERROR          SIZE      DERIVATIVE 
   1  N0           3.18578e+06     fixed    
   2  tau          6.44090e+01   constant   
   3  A0           3.64703e-01     fixed    
   4  phi          4.11984e+00     fixed    
   5  R           -6.10005e+01   constant   
   6  A_CBO        4.86736e-03     fixed    
   7  w_CBO        2.32891e+00     fixed    
   8  phi_CBO      1.41069e+00   2.36191e-02   1.61884e-04   3.32045e-06
   9  ANx2         0.00000e+00   constant   
  10  pNx2         0.00000e+00   constant   
  11  ANy1         1.76718e-03     fixed    
  12  pNy1         2.31714e+00     fixed    
  13  w_y          2.99077e-04     fixed    
  14  ANy2        -1.81722e-04     fixed    
  15  pNy2         4.18605e+00     fixed    
  16  w_vw         1.44513e+01     fixed    
  17  LM           7.21641e-05   constant   
  18  wCBO_expCoeff   0.00000e+00   constant   
  19  wCBO_expOffset   0.00000e+00   constant   
  20  wCBO_expT    0.00000e+00   constant   
  21  wCBO_linCoeff   0.00000e+00   constant   
  22  wCBO_const   0.00000e+00   constant   
 EXTERNAL ERROR MATRIX.    NDIM=  25    NPAR=  1    ERR DEF=1
  5.579e-04 
MINUIT - FIT ONLY 1-y
 **********
 **   60 **RES 
 **********
                   PARAMETER   16  w_vw RESTORED TO VARIABLE.
                   PARAMETER   15  pNy2 RESTORED TO VARIABLE.
                   PARAMETER   14  ANy2 RESTORED TO VARIABLE.
                   PARAMETER   13  w_y RESTORED TO VARIABLE.
                   PARAMETER   12  pNy1 RESTORED TO VARIABLE.
                   PARAMETER   11  ANy1 RESTORED TO VARIABLE.
                   PARAMETER    7  w_CBO RESTORED TO VARIABLE.
                   PARAMETER    6  A_CBO RESTORED TO VARIABLE.
                   PARAMETER    4  phi RESTORED TO VARIABLE.
                   PARAMETER    3  A0 RESTORED TO VARIABLE.
                   PARAMETER    1  N0 RESTORED TO VARIABLE.
 **********
 **   61 **FIX            0
 **********
 PARAMETER    0  IS UNDEFINED. IGNORED.
 **********
 **   62 **FIX            1
 **********
 **********
 **   63 **FIX            2
 **********
 PARAMETER    2  IS CONSTANT.   IGNORED.
 **********
 **   64 **FIX            3
 **********
 **********
 **   65 **FIX            4
 **********
 **********
 **   66 **FIX            5
 **********
 PARAMETER    5  IS CONSTANT.   IGNORED.
 **********
 **   67 **FIX            6
 **********
 **********
 **   68 **FIX            7
 **********
 **********
 **   69 **FIX            8
 **********
 **********
 **   70 **FIX            9
 **********
 PARAMETER    9  IS CONSTANT.   IGNORED.
 **********
 **   71 **FIX           13
 **********
 **********
 **   72 **FIX           14
 **********
 **********
 **   73 **FIX           15
 **********
 **********
 **   74 **FIX           16
 **********
 **********
 **   75 **MIGRAD
 **********
 START MIGRAD MINIMIZATION.  STRATEGY  1.  CONVERGENCE WHEN EDM .LT. 1.00e-04
 FCN=196.034 FROM MIGRAD    STATUS=INITIATE        8 CALLS         199 TOTAL
                     EDM= unknown      STRATEGY= 1      NO ERROR MATRIX       
  EXT PARAMETER               CURRENT GUESS       STEP         FIRST   
  NO.   NAME      VALUE            ERROR          SIZE      DERIVATIVE 
   1  N0           3.18578e+06     fixed    
   2  tau          6.44090e+01   constant   
   3  A0           3.64703e-01     fixed    
   4  phi          4.11984e+00     fixed    
   5  R           -6.10005e+01   constant   
   6  A_CBO        4.86736e-03     fixed    
   7  w_CBO        2.32891e+00     fixed    
   8  phi_CBO      1.41069e+00     fixed    
   9  ANx2         0.00000e+00   constant   
  10  pNx2         0.00000e+00   constant   
  11  ANy1         1.76718e-03   1.00000e-06   1.00000e-06   2.45280e+03
  12  pNy1         2.31714e+00   1.00000e-04   1.00000e-04   4.88871e+00
  13  w_y          2.99077e-04     fixed    
  14  ANy2        -1.81722e-04     fixed    
  15  pNy2         4.18605e+00     fixed    
  16  w_vw         1.44513e+01     fixed    
  17  LM           7.21641e-05   constant   
  18  wCBO_expCoeff   0.00000e+00   constant   
  19  wCBO_expOffset   0.00000e+00   constant   
  20  wCBO_expT    0.00000e+00   constant   
  21  wCBO_linCoeff   0.00000e+00   constant   
  22  wCBO_const   0.00000e+00   constant   
 MIGRAD MINIMIZATION HAS CONVERGED.
 MIGRAD WILL VERIFY CONVERGENCE AND ERROR MATRIX.
 FCN=196.011 FROM HESSE     STATUS=NOT POSDEF     10 CALLS         217 TOTAL
                     EDM=0.000300949    STRATEGY= 1      ERR MATRIX NOT POS-DEF
  EXT PARAMETER                APPROXIMATE        STEP         FIRST   
  NO.   NAME      VALUE            ERROR          SIZE      DERIVATIVE 
   1  N0           3.18578e+06     fixed    
   2  tau          6.44090e+01   constant   
   3  A0           3.64703e-01     fixed    
   4  phi          4.11984e+00     fixed    
   5  R           -6.10005e+01   constant   
   6  A_CBO        4.86736e-03     fixed    
   7  w_CBO        2.32891e+00     fixed    
   8  phi_CBO      1.41069e+00     fixed    
   9  ANx2         0.00000e+00   constant   
  10  pNx2         0.00000e+00   constant   
  11  ANy1         1.75791e-03   1.95621e-03   8.43196e-07   4.90832e+00
  12  pNy1         2.31252e+00   9.70408e-01   4.20495e-04  -2.58736e-02
  13  w_y          2.99077e-04     fixed    
  14  ANy2        -1.81722e-04     fixed    
  15  pNy2         4.18605e+00     fixed    
  16  w_vw         1.44513e+01     fixed    
  17  LM           7.21641e-05   constant   
  18  wCBO_expCoeff   0.00000e+00   constant   
  19  wCBO_expOffset   0.00000e+00   constant   
  20  wCBO_expT    0.00000e+00   constant   
  21  wCBO_linCoeff   0.00000e+00   constant   
  22  wCBO_const   0.00000e+00   constant   
 CALL LIMIT EXCEEDED IN MIGRAD.
 MIGRAD TERMINATED WITHOUT CONVERGENCE.
 FCN=195.993 FROM MIGRAD    STATUS=CALL LIMIT    425 CALLS         616 TOTAL
                     EDM=0.000791524    STRATEGY= 1      ERR MATRIX NOT POS-DEF
  EXT PARAMETER                APPROXIMATE        STEP         FIRST   
  NO.   NAME      VALUE            ERROR          SIZE      DERIVATIVE 
   1  N0           3.18578e+06     fixed    
   2  tau          6.44090e+01   constant   
   3  A0           3.64703e-01     fixed    
   4  phi          4.11984e+00     fixed    
   5  R           -6.10005e+01   constant   
   6  A_CBO        4.86736e-03     fixed    
   7  w_CBO        2.32891e+00     fixed    
   8  phi_CBO      1.41069e+00     fixed    
   9  ANx2         0.00000e+00   constant   
  10  pNx2         0.00000e+00   constant   
  11  ANy1         1.18855e-03   5.90194e-04   1.46665e-05  -2.48858e+02
  12  pNy1         3.40596e+00   2.36394e+00   5.66758e-02   6.17860e-02
  13  w_y          2.99077e-04     fixed    
  14  ANy2        -1.81722e-04     fixed    
  15  pNy2         4.18605e+00     fixed    
  16  w_vw         1.44513e+01     fixed    
  17  LM           7.21641e-05   constant   
  18  wCBO_expCoeff   0.00000e+00   constant   
  19  wCBO_expOffset   0.00000e+00   constant   
  20  wCBO_expT    0.00000e+00   constant   
  21  wCBO_linCoeff   0.00000e+00   constant   
  22  wCBO_const   0.00000e+00   constant   
 EXTERNAL ERROR MATRIX.    NDIM=  25    NPAR=  2    ERR DEF=1
  3.483e-07  1.350e-03 
  1.350e-03  5.588e+00 
ERR MATRIX NOT POS-DEF
 PARAMETER  CORRELATION COEFFICIENTS  
       NO.  GLOBAL     11     12
       11  0.96730   1.000  0.967
       12  0.96730   0.967  1.000
 ERR MATRIX NOT POS-DEF
MINUIT - FIT ONLY 2-y
 **********
 **   76 **RES 
 **********
                   PARAMETER   16  w_vw RESTORED TO VARIABLE.
                   PARAMETER   15  pNy2 RESTORED TO VARIABLE.
                   PARAMETER   14  ANy2 RESTORED TO VARIABLE.
                   PARAMETER   13  w_y RESTORED TO VARIABLE.
                   PARAMETER    8  phi_CBO RESTORED TO VARIABLE.
                   PARAMETER    7  w_CBO RESTORED TO VARIABLE.
                   PARAMETER    6  A_CBO RESTORED TO VARIABLE.
                   PARAMETER    4  phi RESTORED TO VARIABLE.
                   PARAMETER    3  A0 RESTORED TO VARIABLE.
                   PARAMETER    1  N0 RESTORED TO VARIABLE.
 **********
 **   77 **FIX            0
 **********
 PARAMETER    0  IS UNDEFINED. IGNORED.
 **********
 **   78 **FIX            1
 **********
 **********
 **   79 **FIX            2
 **********
 PARAMETER    2  IS CONSTANT.   IGNORED.
 **********
 **   80 **FIX            3
 **********
 **********
 **   81 **FIX            4
 **********
 **********
 **   82 **FIX            5
 **********
 PARAMETER    5  IS CONSTANT.   IGNORED.
 **********
 **   83 **FIX            6
 **********
 **********
 **   84 **FIX            7
 **********
 **********
 **   85 **FIX            8
 **********
 **********
 **   86 **FIX            9
 **********
 PARAMETER    9  IS CONSTANT.   IGNORED.
 **********
 **   87 **FIX           10
 **********
 PARAMETER   10  IS CONSTANT.   IGNORED.
 **********
 **   88 **FIX           11
 **********
 **********
 **   89 **FIX           12
 **********
 **********
 **   90 **FIX           16
 **********
 **********
 **   91 **MIGRAD
 **********
 START MIGRAD MINIMIZATION.  STRATEGY  1.  CONVERGENCE WHEN EDM .LT. 1.00e-04
 FCN=195.993 FROM MIGRAD    STATUS=INITIATE       10 CALLS         626 TOTAL
                     EDM= unknown      STRATEGY= 1      NO ERROR MATRIX       
  EXT PARAMETER               CURRENT GUESS       STEP         FIRST   
  NO.   NAME      VALUE            ERROR          SIZE      DERIVATIVE 
   1  N0           3.18578e+06     fixed    
   2  tau          6.44090e+01   constant   
   3  A0           3.64703e-01     fixed    
   4  phi          4.11984e+00     fixed    
   5  R           -6.10005e+01   constant   
   6  A_CBO        4.86736e-03     fixed    
   7  w_CBO        2.32891e+00     fixed    
   8  phi_CBO      1.41069e+00     fixed    
   9  ANx2         0.00000e+00   constant   
  10  pNx2         0.00000e+00   constant   
  11  ANy1         1.18855e-03     fixed    
  12  pNy1         3.40596e+00     fixed    
  13  w_y          2.99077e-04   7.38804e-04   7.38804e-04  -1.28981e+01
  14  ANy2        -1.81722e-04   1.15059e-04   1.15059e-04   1.05880e+00
  15  pNy2         4.18605e+00   1.00000e-04   1.00000e-04  -7.84111e+00
  16  w_vw         1.44513e+01     fixed    
  17  LM           7.21641e-05   constant   
  18  wCBO_expCoeff   0.00000e+00   constant   
  19  wCBO_expOffset   0.00000e+00   constant   
  20  wCBO_expT    0.00000e+00   constant   
  21  wCBO_linCoeff   0.00000e+00   constant   
  22  wCBO_const   0.00000e+00   constant   
 MIGRAD MINIMIZATION HAS CONVERGED.
 MIGRAD WILL VERIFY CONVERGENCE AND ERROR MATRIX.
 COVARIANCE MATRIX CALCULATED SUCCESSFULLY
 FCN=189.853 FROM MIGRAD    STATUS=CONVERGED      70 CALLS         686 TOTAL
                     EDM=2.97099e-07    STRATEGY= 1      ERROR MATRIX ACCURATE 
  EXT PARAMETER                                   STEP         FIRST   
  NO.   NAME      VALUE            ERROR          SIZE      DERIVATIVE 
   1  N0           3.18578e+06     fixed    
   2  tau          6.44090e+01   constant   
   3  A0           3.64703e-01     fixed    
   4  phi          4.11984e+00     fixed    
   5  R           -6.10005e+01   constant   
   6  A_CBO        4.86736e-03     fixed    
   7  w_CBO        2.32891e+00     fixed    
   8  phi_CBO      1.41069e+00     fixed    
   9  ANx2         0.00000e+00   constant   
  10  pNx2         0.00000e+00   constant   
  11  ANy1         1.18855e-03     fixed    
  12  pNy1         3.40596e+00     fixed    
  13  w_y          3.39754e-04   3.48294e-03   2.35201e-05   7.17939e-02
  14  ANy2        -3.37327e-04   1.14799e-04   7.74375e-07   1.09272e+00
  15  pNy2         5.19011e+00   3.41270e-01   2.30351e-03  -2.10414e-03
  16  w_vw         1.44513e+01     fixed    
  17  LM           7.21641e-05   constant   
  18  wCBO_expCoeff   0.00000e+00   constant   
  19  wCBO_expOffset   0.00000e+00   constant   
  20  wCBO_expT    0.00000e+00   constant   
  21  wCBO_linCoeff   0.00000e+00   constant   
  22  wCBO_const   0.00000e+00   constant   
 EXTERNAL ERROR MATRIX.    NDIM=  25    NPAR=  3    ERR DEF=1
  1.213e-05  1.775e-09 -1.036e-06 
  1.775e-09  1.318e-08  6.375e-08 
 -1.036e-06  6.375e-08  1.165e-01 
 PARAMETER  CORRELATION COEFFICIENTS  
       NO.  GLOBAL     13     14     15
       13  0.00453   1.000  0.004 -0.001
       14  0.00473   0.004  1.000  0.002
       15  0.00185  -0.001  0.002  1.000
MINUIT - FIT ALTOGETHER
 **********
 **   92 **RES 
 **********
                   PARAMETER   16  w_vw RESTORED TO VARIABLE.
                   PARAMETER   12  pNy1 RESTORED TO VARIABLE.
                   PARAMETER   11  ANy1 RESTORED TO VARIABLE.
                   PARAMETER    8  phi_CBO RESTORED TO VARIABLE.
                   PARAMETER    7  w_CBO RESTORED TO VARIABLE.
                   PARAMETER    6  A_CBO RESTORED TO VARIABLE.
                   PARAMETER    4  phi RESTORED TO VARIABLE.
                   PARAMETER    3  A0 RESTORED TO VARIABLE.
                   PARAMETER    1  N0 RESTORED TO VARIABLE.
 **********
 **   93 **MIGRAD
 **********
 START MIGRAD MINIMIZATION.  STRATEGY  1.  CONVERGENCE WHEN EDM .LT. 1.00e-04
 FCN=189.853 FROM MIGRAD    STATUS=INITIATE       28 CALLS         714 TOTAL
                     EDM= unknown      STRATEGY= 1      NO ERROR MATRIX       
  EXT PARAMETER               CURRENT GUESS       STEP         FIRST   
  NO.   NAME      VALUE            ERROR          SIZE      DERIVATIVE 
   1  N0           3.18578e+06   2.59591e+02   2.59591e+02  -9.61813e-05
   2  tau          6.44090e+01   constant   
   3  A0           3.64703e-01   1.06554e-04   1.06554e-04   2.02170e+03
   4  phi          4.11984e+00   3.10182e-04   3.10182e-04   1.42123e+03
   5  R           -6.10005e+01   constant   
   6  A_CBO        4.86736e-03   1.15217e-04   1.15217e-04   8.94903e+00
   7  w_CBO        2.32891e+00   2.87959e-04   2.87959e-04   1.24740e+02
   8  phi_CBO      1.41069e+00   2.36191e-02   2.36191e-02  -7.34087e-01
   9  ANx2         0.00000e+00   constant   
  10  pNx2         0.00000e+00   constant   
  11  ANy1         1.18855e-03   5.90194e-04   5.90194e-04   2.95879e+02
  12  pNy1         3.40596e+00   2.36394e+00   2.36394e+00  -9.72461e-02
  13  w_y          3.39754e-04   3.48294e-03   2.35201e-05   6.93357e-02
  14  ANy2        -3.37327e-04   1.14799e-04   7.74375e-07   1.09272e+00
  15  pNy2         5.19011e+00   3.41270e-01   2.30351e-03  -2.10416e-03
  16  w_vw         1.44513e+01   1.00000e-03   1.00000e-03   3.29114e+02
  17  LM           7.21641e-05   constant   
  18  wCBO_expCoeff   0.00000e+00   constant   
  19  wCBO_expOffset   0.00000e+00   constant   
  20  wCBO_expT    0.00000e+00   constant   
  21  wCBO_linCoeff   0.00000e+00   constant   
  22  wCBO_const   0.00000e+00   constant   
 MIGRAD MINIMIZATION HAS CONVERGED.
 FCN=141.01 FROM MIGRAD    STATUS=CONVERGED     697 CALLS        1383 TOTAL
                     EDM=3.13588e-07    STRATEGY= 1  ERROR MATRIX UNCERTAINTY   1.9 per cent
  EXT PARAMETER                                   STEP         FIRST   
  NO.   NAME      VALUE            ERROR          SIZE      DERIVATIVE 
   1  N0           3.18580e+06   2.23973e+02   1.14356e-01  -5.42499e-07
   2  tau          6.44090e+01   constant   
   3  A0           3.64699e-01   1.05700e-04   2.24509e-07  -1.39954e+00
   4  phi          4.11978e+00   3.10653e-04  -2.95925e-07  -2.92754e-01
   5  R           -6.10005e+01   constant   
   6  A_CBO        4.87030e-03   1.14702e-04   2.83864e-07  -4.71904e-01
   7  w_CBO        2.32867e+00   2.35581e-03  -8.87819e-07   8.14204e-02
   8  phi_CBO      1.39078e+00   1.93284e-01  -7.49741e-05  -4.66133e-03
   9  ANx2         0.00000e+00   constant   
  10  pNx2         0.00000e+00   constant   
  11  ANy1         1.16522e-03   7.24373e-05  -5.30763e-08   1.69509e+00
  12  pNy1         3.16413e+00   4.92070e-01  -4.11743e-04  -2.43617e-03
  13  w_y          1.15686e-04   1.81379e-02  -2.92849e-05   9.30755e-02
  14  ANy2        -8.72244e-04   1.09859e-04  -1.08732e-07  -2.32531e+00
  15  pNy2        -4.62695e+00   1.07979e+00  -2.35943e-03   1.52848e-03
  16  w_vw         1.43277e+01   1.32669e-02  -2.30708e-05  -9.18581e-02
  17  LM           7.21641e-05   constant   
  18  wCBO_expCoeff   0.00000e+00   constant   
  19  wCBO_expOffset   0.00000e+00   constant   
  20  wCBO_expT    0.00000e+00   constant   
  21  wCBO_linCoeff   0.00000e+00   constant   
  22  wCBO_const   0.00000e+00   constant   
 EXTERNAL ERROR MATRIX.    NDIM=  25    NPAR= 12    ERR DEF=1
 ELEMENTS ABOVE DIAGONAL ARE NOT PRINTED.
  5.016e+04 
  4.158e-04  1.117e-08 
 -1.659e-04 -2.015e-10  9.651e-08 
  1.817e-04 -1.383e-10 -2.256e-10  1.316e-08 
  2.063e-02 -3.406e-09 -7.332e-08  3.058e-09  5.550e-06 
  1.634e+00 -2.267e-07 -6.031e-06  2.749e-07  4.520e-04  3.736e-02 
  5.505e-03 -2.454e-10 -6.767e-10 -4.861e-11 -1.449e-10  4.465e-09  5.247e-09 
  1.797e+01 -1.735e-06 -2.484e-06 -4.893e-07 -4.682e-04 -3.835e-02 -4.830e-06  2.421e-01 
  6.143e-01 -3.889e-08  1.715e-08 -3.104e-08 -2.224e-06 -1.786e-04 -1.563e-07  7.380e-03  3.290e-04 
  5.137e-04  4.595e-11 -1.481e-10  1.478e-10  1.044e-09  6.671e-08 -2.055e-10 -4.467e-07  5.964e-09  1.207e-08 
  1.456e+00 -1.509e-06  2.353e-07 -4.124e-07 -1.628e-05 -5.848e-04  1.381e-06 -1.417e-02  2.388e-04  4.965e-06  1.166e+00 
  1.582e-02 -1.908e-08  1.960e-09 -7.568e-09 -1.500e-07 -2.629e-06  1.536e-08 -1.990e-04  2.253e-06  5.537e-08  1.422e-02 
  1.582e-02 -1.908e-08  1.960e-09 -7.568e-09 -1.500e-07 -2.629e-06  1.536e-08 -1.990e-04  2.253e-06  5.537e-08  1.422e-02  1.760e-04 
 PARAMETER  CORRELATION COEFFICIENTS  
       NO.  GLOBAL      1      3      4      6      7      8     11     12     13     14     15     16
        1  0.43071   1.000  0.018 -0.002  0.007  0.039  0.038  0.339  0.163  0.151  0.021  0.006  0.005
        3  0.09045   0.018  1.000 -0.006 -0.011 -0.014 -0.011 -0.032 -0.033 -0.020  0.004 -0.013 -0.014
        4  0.17410  -0.002 -0.006  1.000 -0.006 -0.100 -0.100 -0.030 -0.016  0.003 -0.004  0.001  0.000
        6  0.03694   0.007 -0.011 -0.006  1.000  0.011  0.012 -0.006 -0.009 -0.015  0.012 -0.003 -0.005
        7  0.99266   0.039 -0.014 -0.100  0.011  1.000  0.993 -0.001 -0.404 -0.052  0.004 -0.006 -0.005
        8  0.99266   0.038 -0.011 -0.100  0.012  0.993  1.000  0.000 -0.403 -0.051  0.003 -0.003 -0.001
       11  0.41463   0.339 -0.032 -0.030 -0.006 -0.001  0.000  1.000 -0.136 -0.119 -0.026  0.018  0.016
       12  0.90982   0.163 -0.033 -0.016 -0.009 -0.404 -0.403 -0.136  1.000  0.827 -0.008 -0.027 -0.030
       13  0.88607   0.151 -0.020  0.003 -0.015 -0.052 -0.051 -0.119  0.827  1.000  0.003  0.012  0.009
       14  0.07349   0.021  0.004 -0.004  0.012  0.004  0.003 -0.026 -0.008  0.003  1.000  0.042  0.038
       15  0.99251   0.006 -0.013  0.001 -0.003 -0.006 -0.003  0.018 -0.027  0.012  0.042  1.000  0.992
       16  0.99251   0.005 -0.014  0.000 -0.005 -0.005 -0.001  0.016 -0.030  0.009  0.038  0.992  1.000
MINUIT - REFIT 5-PARAM
 **********
 **   94 **FIX            5
 **********
 PARAMETER    5  IS CONSTANT.   IGNORED.
 **********
 **   95 **FIX            6
 **********
 **********
 **   96 **FIX            7
 **********
 **********
 **   97 **FIX            8
 **********
 **********
 **   98 **FIX            9
 **********
 PARAMETER    9  IS CONSTANT.   IGNORED.
 **********
 **   99 **FIX           10
 **********
 PARAMETER   10  IS CONSTANT.   IGNORED.
 **********
 **  100 **FIX           11
 **********
 **********
 **  101 **FIX           12
 **********
 **********
 **  102 **FIX           13
 **********
 **********
 **  103 **FIX           14
 **********
 **********
 **  104 **FIX           15
 **********
 **********
 **  105 **FIX           16
 **********
 **********
 **  106 **MIGRAD
 **********
 START MIGRAD MINIMIZATION.  STRATEGY  1.  CONVERGENCE WHEN EDM .LT. 1.00e-04
 FCN=141.01 FROM MIGRAD    STATUS=INITIATE        6 CALLS        1389 TOTAL
                     EDM=2.73452e-08    STRATEGY= 1  ERROR MATRIX UNCERTAINTY  50.0 per cent
  EXT PARAMETER                APPROXIMATE        STEP         FIRST   
  NO.   NAME      VALUE            ERROR          SIZE      DERIVATIVE 
   1  N0           3.18580e+06   2.02522e+02   1.14356e-01  -5.42499e-07
   2  tau          6.44090e+01   constant   
   3  A0           3.64699e-01   1.05403e-04   2.24509e-07  -1.39954e+00
   4  phi          4.11978e+00   3.06187e-04  -2.95925e-07  -2.92754e-01
   5  R           -6.10005e+01   constant   
   6  A_CBO        4.87030e-03     fixed    
   7  w_CBO        2.32867e+00     fixed    
   8  phi_CBO      1.39078e+00     fixed    
   9  ANx2         0.00000e+00   constant   
  10  pNx2         0.00000e+00   constant   
  11  ANy1         1.16522e-03     fixed    
  12  pNy1         3.16413e+00     fixed    
  13  w_y          1.15686e-04     fixed    
  14  ANy2        -8.72244e-04     fixed    
  15  pNy2        -4.62695e+00     fixed    
  16  w_vw         1.43277e+01     fixed    
  17  LM           7.21641e-05   constant   
  18  wCBO_expCoeff   0.00000e+00   constant   
  19  wCBO_expOffset   0.00000e+00   constant   
  20  wCBO_expT    0.00000e+00   constant   
  21  wCBO_linCoeff   0.00000e+00   constant   
  22  wCBO_const   0.00000e+00   constant   
 MIGRAD MINIMIZATION HAS CONVERGED.
 MIGRAD WILL VERIFY CONVERGENCE AND ERROR MATRIX.
 COVARIANCE MATRIX CALCULATED SUCCESSFULLY
 FCN=141.01 FROM MIGRAD    STATUS=CONVERGED      29 CALLS        1412 TOTAL
                     EDM=1.54105e-09    STRATEGY= 1      ERROR MATRIX ACCURATE 
  EXT PARAMETER                                   STEP         FIRST   
  NO.   NAME      VALUE            ERROR          SIZE      DERIVATIVE 
   1  N0           3.18580e+06   2.59588e+02   1.51911e+00  -2.13510e-07
   2  tau          6.44090e+01   constant   
   3  A0           3.64699e-01   1.06550e-04   6.19280e-07  -1.53682e-02
   4  phi          4.11978e+00   3.10185e-04   1.96446e-06   7.43709e-04
   5  R           -6.10005e+01   constant   
   6  A_CBO        4.87030e-03     fixed    
   7  w_CBO        2.32867e+00     fixed    
   8  phi_CBO      1.39078e+00     fixed    
   9  ANx2         0.00000e+00   constant   
  10  pNx2         0.00000e+00   constant   
  11  ANy1         1.16522e-03     fixed    
  12  pNy1         3.16413e+00     fixed    
  13  w_y          1.15686e-04     fixed    
  14  ANy2        -8.72244e-04     fixed    
  15  pNy2        -4.62695e+00     fixed    
  16  w_vw         1.43277e+01     fixed    
  17  LM           7.21641e-05   constant   
  18  wCBO_expCoeff   0.00000e+00   constant   
  19  wCBO_expOffset   0.00000e+00   constant   
  20  wCBO_expT    0.00000e+00   constant   
  21  wCBO_linCoeff   0.00000e+00   constant   
  22  wCBO_const   0.00000e+00   constant   
 EXTERNAL ERROR MATRIX.    NDIM=  25    NPAR=  3    ERR DEF=1
  6.739e+04  1.224e-03  1.750e-03 
  1.224e-03  1.135e-08 -5.696e-10 
  1.750e-03 -5.696e-10  9.621e-08 
 PARAMETER  CORRELATION COEFFICIENTS  
       NO.  GLOBAL      1      3      4
        1  0.04965   1.000  0.044  0.022
        3  0.04786   0.044  1.000 -0.017
        4  0.02836   0.022 -0.017  1.000
MINUIT - 2CBO + Y
 **********
 **  107 **RES 
 **********
                   PARAMETER   16  w_vw RESTORED TO VARIABLE.
                   PARAMETER   15  pNy2 RESTORED TO VARIABLE.
                   PARAMETER   14  ANy2 RESTORED TO VARIABLE.
                   PARAMETER   13  w_y RESTORED TO VARIABLE.
                   PARAMETER   12  pNy1 RESTORED TO VARIABLE.
                   PARAMETER   11  ANy1 RESTORED TO VARIABLE.
                   PARAMETER    8  phi_CBO RESTORED TO VARIABLE.
                   PARAMETER    7  w_CBO RESTORED TO VARIABLE.
                   PARAMETER    6  A_CBO RESTORED TO VARIABLE.
 **********
 **  108 **FIX            0
 **********
 PARAMETER    0  IS UNDEFINED. IGNORED.
 **********
 **  109 **FIX            1
 **********
 **********
 **  110 **FIX            2
 **********
 PARAMETER    2  IS CONSTANT.   IGNORED.
 **********
 **  111 **FIX            3
 **********
 **********
 **  112 **FIX            4
 **********
 **********
 **  113 **FIX            5
 **********
 PARAMETER    5  IS CONSTANT.   IGNORED.
 **********
 **  114 **FIX            6
 **********
 **********
 **  115 **FIX            7
 **********
 **********
 **  116 **FIX           16
 **********
 **********
 **  117 **MIGRAD
 **********
 START MIGRAD MINIMIZATION.  STRATEGY  1.  CONVERGENCE WHEN EDM .LT. 1.00e-04
 FCN=141.01 FROM MIGRAD    STATUS=INITIATE       12 CALLS        1424 TOTAL
                     EDM= unknown      STRATEGY= 1      NO ERROR MATRIX       
  EXT PARAMETER               CURRENT GUESS       STEP         FIRST   
  NO.   NAME      VALUE            ERROR          SIZE      DERIVATIVE 
   1  N0           3.18580e+06     fixed    
   2  tau          6.44090e+01   constant   
   3  A0           3.64699e-01     fixed    
   4  phi          4.11978e+00     fixed    
   5  R           -6.10005e+01   constant   
   6  A_CBO        4.87030e-03     fixed    
   7  w_CBO        2.32867e+00     fixed    
   8  phi_CBO      1.39078e+00   2.34364e-02   2.34364e-02  -4.69221e-03
   9  ANx2         0.00000e+00   constant   
  10  pNx2         0.00000e+00   constant   
  11  ANy1         1.16522e-03   7.24326e-05   7.24326e-05   6.45849e-01
  12  pNy1         3.16413e+00   4.45061e-01   4.45061e-01  -3.10845e-03
  13  w_y          1.15686e-04   8.51747e-03   8.51747e-03   9.23287e-02
  14  ANy2        -8.72244e-04   1.09778e-04   1.09778e-04  -2.31958e+00
  15  pNy2        -4.62695e+00   1.07403e+00   1.07403e+00   1.53029e-03
  16  w_vw         1.43277e+01     fixed    
  17  LM           7.21641e-05   constant   
  18  wCBO_expCoeff   0.00000e+00   constant   
  19  wCBO_expOffset   0.00000e+00   constant   
  20  wCBO_expT    0.00000e+00   constant   
  21  wCBO_linCoeff   0.00000e+00   constant   
  22  wCBO_const   0.00000e+00   constant   
 CALL LIMIT EXCEEDED IN MIGRAD.
 MIGRAD TERMINATED WITHOUT CONVERGENCE.
 FCN=140.994 FROM MIGRAD    STATUS=CALL LIMIT    984 CALLS        2396 TOTAL
                     EDM=1.0647e-05    STRATEGY= 1  ERROR MATRIX UNCERTAINTY  33.7 per cent
  EXT PARAMETER                APPROXIMATE        STEP         FIRST   
  NO.   NAME      VALUE            ERROR          SIZE      DERIVATIVE 
   1  N0           3.18580e+06     fixed    
   2  tau          6.44090e+01   constant   
   3  A0           3.64699e-01     fixed    
   4  phi          4.11978e+00     fixed    
   5  R           -6.10005e+01   constant   
   6  A_CBO        4.87030e-03     fixed    
   7  w_CBO        2.32867e+00     fixed    
   8  phi_CBO      1.39081e+00   2.36011e-02   7.34679e-07   5.37205e-03
   9  ANx2         0.00000e+00   constant   
  10  pNx2         0.00000e+00   constant   
  11  ANy1         1.76302e-03   6.56109e-03   1.77342e-05  -3.44485e+01
  12  pNy1         4.05250e+00   2.98101e+00   7.76161e-03   6.65852e-02
  13  w_y          7.54310e-04   8.34372e-03  -1.64062e-05  -5.57313e+00
  14  ANy2        -8.72226e-04   1.15022e-04  -2.19612e-08   1.96346e+00
  15  pNy2        -4.62691e+00   1.31634e-01   3.01521e-05  -1.37009e-03
  16  w_vw         1.43277e+01     fixed    
  17  LM           7.21641e-05   constant   
  18  wCBO_expCoeff   0.00000e+00   constant   
  19  wCBO_expOffset   0.00000e+00   constant   
  20  wCBO_expT    0.00000e+00   constant   
  21  wCBO_linCoeff   0.00000e+00   constant   
  22  wCBO_const   0.00000e+00   constant   
 EXTERNAL ERROR MATRIX.    NDIM=  25    NPAR=  6    ERR DEF=1
  5.570e-04  1.293e-06  7.758e-04  1.770e-06 -3.020e-09  3.048e-06 
  1.293e-06  4.305e-05  1.922e-02 -3.353e-05 -3.012e-10  7.471e-06 
  7.758e-04  1.922e-02  8.886e+00 -1.135e-02  1.773e-06  1.896e-03 
  1.770e-06 -3.353e-05 -1.135e-02  6.962e-05  2.233e-08 -2.176e-05 
 -3.020e-09 -3.012e-10  1.773e-06  2.233e-08  1.323e-08  1.047e-08 
  3.048e-06  7.471e-06  1.896e-03 -2.176e-05  1.047e-08  1.733e-02 
ERR MATRIX APPROXIMATE
 PARAMETER  CORRELATION COEFFICIENTS  
       NO.  GLOBAL      8     11     12     13     14     15
        8  0.03838   1.000  0.008  0.011  0.009 -0.001  0.001
       11  0.99992   0.008  1.000  0.983 -0.613 -0.000  0.009
       12  0.99990   0.011  0.983  1.000 -0.456  0.005  0.005
       13  0.99816   0.009 -0.613 -0.456  1.000  0.023 -0.020
       14  0.03231  -0.001 -0.000  0.005  0.023  1.000  0.001
       15  0.02873   0.001  0.009  0.005 -0.020  0.001  1.000
 ERR MATRIX APPROXIMATE
MINUIT - MINOS
 **********
 **  118 **RES 
 **********
                   PARAMETER   16  w_vw RESTORED TO VARIABLE.
                   PARAMETER    7  w_CBO RESTORED TO VARIABLE.
                   PARAMETER    6  A_CBO RESTORED TO VARIABLE.
                   PARAMETER    4  phi RESTORED TO VARIABLE.
                   PARAMETER    3  A0 RESTORED TO VARIABLE.
                   PARAMETER    1  N0 RESTORED TO VARIABLE.
 **********
 **  119 **MIG      2.5e+04        0.01
 **********
 START MIGRAD MINIMIZATION.  STRATEGY  1.  CONVERGENCE WHEN EDM .LT. 1.00e-05
 FCN=140.994 FROM MIGRAD    STATUS=INITIATE       24 CALLS        2420 TOTAL
                     EDM= unknown      STRATEGY= 1      NO ERROR MATRIX       
  EXT PARAMETER               CURRENT GUESS       STEP         FIRST   
  NO.   NAME      VALUE            ERROR          SIZE      DERIVATIVE 
   1  N0           3.18580e+06   2.59588e+02   2.59588e+02   1.61709e-05
   2  tau          6.44090e+01   constant   
   3  A0           3.64699e-01   1.06550e-04   1.06550e-04   2.75184e+01
   4  phi          4.11978e+00   3.10185e-04   3.10185e-04  -6.04613e+01
   5  R           -6.10005e+01   constant   
   6  A_CBO        4.87030e-03   1.14702e-04   1.14702e-04  -2.31449e+01
   7  w_CBO        2.32867e+00   2.35566e-03   2.35566e-03   3.78560e+00
   8  phi_CBO      1.39081e+00   2.36011e-02   7.34679e-07   5.37204e-03
   9  ANx2         0.00000e+00   constant   
  10  pNx2         0.00000e+00   constant   
  11  ANy1         1.76302e-03   6.56109e-03   1.77342e-05  -3.44486e+01
  12  pNy1         4.05250e+00   2.98101e+00   7.76161e-03   6.65841e-02
  13  w_y          7.54310e-04   8.34372e-03  -1.64062e-05  -5.57303e+00
  14  ANy2        -8.72226e-04   1.15022e-04  -2.19612e-08   1.96345e+00
  15  pNy2        -4.62691e+00   1.31634e-01   3.01521e-05  -1.37009e-03
  16  w_vw         1.43277e+01   1.62104e-03   1.62104e-03   6.05578e-02
  17  LM           7.21641e-05   constant   
  18  wCBO_expCoeff   0.00000e+00   constant   
  19  wCBO_expOffset   0.00000e+00   constant   
  20  wCBO_expT    0.00000e+00   constant   
  21  wCBO_linCoeff   0.00000e+00   constant   
  22  wCBO_const   0.00000e+00   constant   
 MIGRAD MINIMIZATION HAS CONVERGED.
 MIGRAD WILL VERIFY CONVERGENCE AND ERROR MATRIX.
 FCN=140.994 FROM HESSE     STATUS=NOT POSDEF    115 CALLS        2587 TOTAL
                     EDM=2.29158e-05    STRATEGY= 1      ERR MATRIX NOT POS-DEF
  EXT PARAMETER                APPROXIMATE        STEP         FIRST   
  NO.   NAME      VALUE            ERROR          SIZE      DERIVATIVE 
   1  N0           3.18580e+06   3.30165e+03   1.51911e+00   4.52538e-08
   2  tau          6.44090e+01   constant   
   3  A0           3.64699e-01   1.06418e-04   6.19245e-07   2.48316e+00
   4  phi          4.11978e+00   3.11083e-04   1.96446e-06   3.44862e-01
   5  R           -6.10005e+01   constant   
   6  A_CBO        4.87045e-03   1.15039e-04   6.70342e-07  -5.03245e-01
   7  w_CBO        2.32867e+00   1.88636e-03   1.67406e-06   1.30840e+00
   8  phi_CBO      1.39081e+00   1.54739e-01   1.37339e-04   4.43294e-02
   9  ANx2         0.00000e+00   constant   
  10  pNx2         0.00000e+00   constant   
  11  ANy1         1.76308e-03   1.64472e-03   7.15614e-07  -5.59656e-01
  12  pNy1         4.05247e+00   7.82867e-01   3.57476e-04  -1.65707e-03
  13  w_y          7.54676e-04   5.45616e-03   4.32337e-06  -1.97752e-01
  14  ANy2        -8.72240e-04   1.14866e-04   6.69708e-07   8.45530e-02
  15  pNy2        -4.62690e+00   8.66848e-01   7.65895e-04  -6.08440e-05
  16  w_vw         1.43277e+01   1.06131e-02   9.37720e-06  -4.92619e-02
  17  LM           7.21641e-05   constant   
  18  wCBO_expCoeff   0.00000e+00   constant   
  19  wCBO_expOffset   0.00000e+00   constant   
  20  wCBO_expT    0.00000e+00   constant   
  21  wCBO_linCoeff   0.00000e+00   constant   
  22  wCBO_const   0.00000e+00   constant   
 MIGRAD MINIMIZATION HAS CONVERGED.
 MIGRAD WILL VERIFY CONVERGENCE AND ERROR MATRIX.
 FCN=140.994 FROM MIGRAD    STATUS=CONVERGED     334 CALLS        2730 TOTAL
                     EDM=1.58431e-06    STRATEGY= 1      ERR MATRIX NOT POS-DEF
  EXT PARAMETER                APPROXIMATE        STEP         FIRST   
  NO.   NAME      VALUE            ERROR          SIZE      DERIVATIVE 
   1  N0           3.18580e+06   3.30195e+03   1.51911e+00   1.37068e-07
   2  tau          6.44090e+01   constant   
   3  A0           3.64699e-01   1.06418e-04   6.19244e-07  -1.55403e+00
   4  phi          4.11978e+00   3.11084e-04   1.96446e-06  -2.33484e-01
   5  R           -6.10005e+01   constant   
   6  A_CBO        4.87046e-03   1.15039e-04   6.70342e-07   4.32833e-01
   7  w_CBO        2.32866e+00   1.88638e-03   1.67405e-06   6.40101e-01
   8  phi_CBO      1.38963e+00   1.54741e-01   1.37338e-04  -9.79564e-03
   9  ANx2         0.00000e+00   constant   
  10  pNx2         0.00000e+00   constant   
  11  ANy1         1.76441e-03   1.64682e-03   7.15705e-07  -6.57251e-01
  12  pNy1         4.05368e+00   7.81448e-01   3.57428e-04  -1.13483e-03
  13  w_y          7.59486e-04   5.45323e-03   4.32277e-06  -7.94214e-03
  14  ANy2        -8.72244e-04   1.14866e-04   6.69707e-07  -1.38856e-02
  15  pNy2        -4.62653e+00   8.66854e-01   7.65893e-04  -1.41912e-04
  16  w_vw         1.43278e+01   1.06132e-02   9.37717e-06   1.58327e-02
  17  LM           7.21641e-05   constant   
  18  wCBO_expCoeff   0.00000e+00   constant   
  19  wCBO_expOffset   0.00000e+00   constant   
  20  wCBO_expT    0.00000e+00   constant   
  21  wCBO_linCoeff   0.00000e+00   constant   
  22  wCBO_const   0.00000e+00   constant   
 EXTERNAL ERROR MATRIX.    NDIM=  25    NPAR= 12    ERR DEF=1
 ELEMENTS ABOVE DIAGONAL ARE NOT PRINTED.
  1.090e+07 
 -1.838e-04  1.132e-08 
  1.032e-02 -5.455e-10  9.677e-08 
  6.115e-04 -3.761e-10  3.249e-11  1.323e-08 
 -2.944e-02 -3.738e-09 -4.575e-08 -1.878e-10  3.558e-06 
 -2.317e+00 -2.630e-07 -3.757e-06  5.558e-09  2.885e-04  2.394e-02 
  2.153e+00  1.789e-10 -6.363e-09 -3.649e-10  1.848e-08  1.450e-06  2.712e-06 
 -1.295e+03 -1.078e-07  3.584e-06  2.028e-07 -1.052e-05 -8.253e-04  5.720e-04  6.107e-01 
  2.517e+00 -6.386e-09  1.072e-07  5.464e-09 -3.357e-07 -2.618e-05 -3.258e-06  2.200e-04  2.974e-05 
  2.957e-03 -6.864e-11 -6.322e-11 -3.011e-11  7.188e-10  6.644e-08  5.988e-10 -3.611e-07  2.109e-10  1.319e-08 
  1.595e+00 -5.369e-07  3.951e-07  7.243e-08  9.086e-06  8.100e-04 -1.004e-06  5.256e-04  1.500e-05  3.242e-07  7.514e-01 
  1.668e-02 -5.934e-09  3.786e-09  5.900e-10  1.030e-07  9.138e-06 -1.055e-08  5.455e-06  1.549e-07  3.626e-09  9.094e-03 
  1.668e-02 -5.934e-09  3.786e-09  5.900e-10  1.030e-07  9.138e-06 -1.055e-08  5.455e-06  1.549e-07  3.626e-09  9.094e-03  1.126e-04 
ERR MATRIX NOT POS-DEF
 PARAMETER  CORRELATION COEFFICIENTS  
       NO.  GLOBAL      1      3      4      6      7      8     11     12     13     14     15     16
        1  0.99693   1.000 -0.001  0.010  0.002 -0.005 -0.005  0.396 -0.502  0.140  0.008  0.001  0.000
        3  0.06356  -0.001  1.000 -0.016 -0.031 -0.019 -0.016  0.001 -0.001 -0.011 -0.006 -0.006 -0.005
        4  0.10379   0.010 -0.016  1.000  0.001 -0.078 -0.078 -0.012  0.015  0.063 -0.002  0.001  0.001
        6  0.03550   0.002 -0.031  0.001  1.000 -0.001  0.000 -0.002  0.002  0.009 -0.002  0.001  0.000
        7  0.98835  -0.005 -0.019 -0.078 -0.001  1.000  0.988  0.006 -0.007 -0.033  0.003  0.006  0.005
        8  0.98835  -0.005 -0.016 -0.078  0.000  0.988  1.000  0.006 -0.007 -0.031  0.004  0.006  0.006
       11  0.99721   0.396  0.001 -0.012 -0.002  0.006  0.006  1.000  0.444 -0.363  0.003 -0.001 -0.001
       12  0.99693  -0.502 -0.001  0.015  0.002 -0.007 -0.007  0.444  1.000  0.052 -0.004  0.001  0.001
       13  0.99074   0.140 -0.011  0.063  0.009 -0.033 -0.031 -0.363  0.052  1.000  0.000  0.003  0.003
       14  0.01207   0.008 -0.006 -0.002 -0.002  0.003  0.004  0.003 -0.004  0.000  1.000  0.003  0.003
       15  0.98845   0.001 -0.006  0.001  0.001  0.006  0.006 -0.001  0.001  0.003  0.003  1.000  0.988
       16  0.98845   0.000 -0.005  0.001  0.000  0.005  0.006 -0.001  0.001  0.003  0.003  0.988  1.000
 ERR MATRIX NOT POS-DEF
 **********
 **  120 **MINO      2.5e+04
 **********
                         POSITIVE MINOS ERROR NOT CALCULATED FOR PARAMETER 1
                         NEGATIVE MINOS ERROR NOT CALCULATED FOR PARAMETER 1
                         POSITIVE MINOS ERROR NOT CALCULATED FOR PARAMETER 11
                         NEGATIVE MINOS ERROR NOT CALCULATED FOR PARAMETER 11
                         POSITIVE MINOS ERROR NOT CALCULATED FOR PARAMETER 12
                         NEGATIVE MINOS ERROR NOT CALCULATED FOR PARAMETER 12
 FCN=140.512 FROM MINOS     STATUS=NEW MINIMU  24104 CALLS       26949 TOTAL
                     EDM= unknown      STRATEGY= 1      NO ERROR MATRIX       
  EXT PARAMETER                  PARABOLIC         MINOS ERRORS        
  NO.   NAME      VALUE            ERROR      NEGATIVE      POSITIVE   
   1  N0           3.18133e+06   1.09194e+03                            
   2  tau          6.44090e+01   constant   
   3  A0           3.64694e-01   1.06651e-04  -1.06649e-04   1.06666e-04
   4  phi          4.11977e+00   3.08380e-04  -3.12562e-04   3.79822e-04
   5  R           -6.10005e+01   constant   
   6  A_CBO        4.86836e-03   1.15015e-04  -1.15289e-04   1.15283e-04
   7  w_CBO        2.32862e+00   2.35107e-03  -2.36115e-03   2.36313e-03
   8  phi_CBO      1.38730e+00   1.92812e-01  -1.93762e-01   1.93827e-01
   9  ANx2         0.00000e+00   constant   
  10  pNx2         0.00000e+00   constant   
  11  ANy1        -3.05411e-04   4.24641e-04                            
  12  pNy1         8.67700e+00   4.53426e-01                            
  13  w_y          6.69757e-02   5.42756e-03                            
  14  ANy2        -8.74140e-04   1.14872e-04                            
  15  pNy2        -4.63355e+00   1.07576e+00                            
  16  w_vw         1.43277e+01   1.31703e-02                            
  17  LM           7.21641e-05   constant   
  18  wCBO_expCoeff   0.00000e+00   constant   
  19  wCBO_expOffset   0.00000e+00   constant   
  20  wCBO_expT    0.00000e+00   constant   
  21  wCBO_linCoeff   0.00000e+00   constant   
  22  wCBO_const   0.00000e+00   constant   
 NEW MINIMUM FOUND.  GO BACK TO MINIMIZATION STEP.
 =================================================
                                                  V
                                                  V
                                                  V
                                               VVVVVVV
                                                VVVVV
                                                 VVV
                                                  V

 START MIGRAD MINIMIZATION.  STRATEGY  1.  CONVERGENCE WHEN EDM .LT. 5.00e-05
 FCN=140.512 FROM MIGRAD    STATUS=INITIATE       26 CALLS       26975 TOTAL
                     EDM= unknown      STRATEGY= 1      NO ERROR MATRIX       
  EXT PARAMETER               CURRENT GUESS       STEP         FIRST   
  NO.   NAME      VALUE            ERROR          SIZE      DERIVATIVE 
   1  N0           3.18133e+06   1.09194e+03  -3.50183e+00   2.33144e-06
   2  tau          6.44090e+01   constant   
   3  A0           3.64694e-01   1.06651e-04  -6.88642e-08  -5.73546e-01
   4  phi          4.11977e+00   3.08380e-04  -8.89101e-07   2.03033e+00
   5  R           -6.10005e+01   constant   
   6  A_CBO        4.86836e-03   1.15015e-04  -7.85060e-08   8.80565e-01
   7  w_CBO        2.32862e+00   2.35107e-03   2.45332e-06  -3.63416e-01
   8  phi_CBO      1.38730e+00   1.92812e-01   2.02902e-04   2.76557e-03
   9  ANx2         0.00000e+00   constant   
  10  pNx2         0.00000e+00   constant   
  11  ANy1        -3.05411e-04   4.24641e-04  -1.59764e-06  -1.05212e+01
  12  pNy1         8.67700e+00   4.53426e-01   5.03844e-03  -9.47932e-04
  13  w_y          6.69757e-02   5.42756e-03   5.42756e-03   2.07050e+00
  14  ANy2        -8.74140e-04   1.14872e-04  -1.03530e-08   1.53147e-01
  15  pNy2        -4.63355e+00   1.07576e+00  -4.82880e-04   1.91360e-04
  16  w_vw         1.43277e+01   1.31703e-02  -5.65089e-06  -2.49668e-02
  17  LM           7.21641e-05   constant   
  18  wCBO_expCoeff   0.00000e+00   constant   
  19  wCBO_expOffset   0.00000e+00   constant   
  20  wCBO_expT    0.00000e+00   constant   
  21  wCBO_linCoeff   0.00000e+00   constant   
  22  wCBO_const   0.00000e+00   constant   
 MIGRAD MINIMIZATION HAS CONVERGED.
 MIGRAD WILL VERIFY CONVERGENCE AND ERROR MATRIX.
 FCN=140.446 FROM HESSE     STATUS=NOT POSDEF    115 CALLS       28680 TOTAL
                     EDM=3.18021e-05    STRATEGY= 1      ERR MATRIX NOT POS-DEF
  EXT PARAMETER                APPROXIMATE        STEP         FIRST   
  NO.   NAME      VALUE            ERROR          SIZE      DERIVATIVE 
   1  N0           3.14039e+06   3.95021e+03   1.49745e+00  -8.53093e-06
   2  tau          6.44090e+01   constant   
   3  A0           3.64693e-01   1.06775e-04   6.18051e-07  -1.31460e+00
   4  phi          4.11977e+00   3.12112e-04   1.96446e-06  -9.67156e-02
   5  R           -6.10005e+01   constant   
   6  A_CBO        4.86823e-03   1.15196e-04   6.69050e-07  -1.66526e+00
   7  w_CBO        2.32861e+00   2.08860e-03   1.67155e-06  -8.23382e-02
   8  phi_CBO      1.38649e+00   1.71314e-01   1.37134e-04   4.99332e-03
   9  ANx2         0.00000e+00   constant   
  10  pNx2         0.00000e+00   constant   
  11  ANy1        -1.33467e-02   1.27467e-03   4.81286e-07   2.65289e+01
  12  pNy1         3.96010e+00   5.22356e-01   3.57657e-04  -1.33450e-02
  13  w_y          9.93960e-03   6.18624e-03   4.21561e-06   1.15914e+00
  14  ANy2        -8.85616e-04   1.16657e-04   6.77972e-07  -2.14713e-01
  15  pNy2        -4.62714e+00   9.57920e-01   7.63753e-04   4.80595e-03
  16  w_vw         1.43277e+01   1.17273e-02   9.35033e-06   5.30444e-01
  17  LM           7.21641e-05   constant   
  18  wCBO_expCoeff   0.00000e+00   constant   
  19  wCBO_expOffset   0.00000e+00   constant   
  20  wCBO_expT    0.00000e+00   constant   
  21  wCBO_linCoeff   0.00000e+00   constant   
  22  wCBO_const   0.00000e+00   constant   
 MIGRAD MINIMIZATION HAS CONVERGED.
 MIGRAD WILL VERIFY CONVERGENCE AND ERROR MATRIX.
 FCN=140.446 FROM MIGRAD    STATUS=CONVERGED    1872 CALLS       28821 TOTAL
                     EDM=2.85681e-07    STRATEGY= 1      ERR MATRIX NOT POS-DEF
  EXT PARAMETER                APPROXIMATE        STEP         FIRST   
  NO.   NAME      VALUE            ERROR          SIZE      DERIVATIVE 
   1  N0           3.14039e+06   3.95091e+03   1.49745e+00   2.57102e-06
   2  tau          6.44090e+01   constant   
   3  A0           3.64693e-01   1.06774e-04   6.18051e-07   3.15671e-01
   4  phi          4.11977e+00   3.12113e-04   1.96446e-06   2.35564e-02
   5  R           -6.10005e+01   constant   
   6  A_CBO        4.86824e-03   1.15196e-04   6.69049e-07   4.41986e-01
   7  w_CBO        2.32861e+00   2.08868e-03   1.67155e-06   6.81651e-02
   8  phi_CBO      1.38641e+00   1.71321e-01   1.37134e-04  -6.70963e-04
   9  ANx2         0.00000e+00   constant   
  10  pNx2         0.00000e+00   constant   
  11  ANy1        -1.33469e-02   1.27491e-03   4.81327e-07  -7.82232e+00
  12  pNy1         3.96082e+00   5.21803e-01   3.55927e-04   3.12042e-03
  13  w_y          9.94783e-03   6.18011e-03   4.19344e-06  -3.41831e-01
  14  ANy2        -8.85618e-04   1.16657e-04   6.78079e-07  -6.41241e-01
  15  pNy2        -4.63367e+00   9.58002e-01   7.63755e-04   3.17506e-04
  16  w_vw         1.43277e+01   1.17283e-02   9.35035e-06  -1.04468e-02
  17  LM           7.21641e-05   constant   
  18  wCBO_expCoeff   0.00000e+00   constant   
  19  wCBO_expOffset   0.00000e+00   constant   
  20  wCBO_expT    0.00000e+00   constant   
  21  wCBO_linCoeff   0.00000e+00   constant   
  22  wCBO_const   0.00000e+00   constant   
 EXTERNAL ERROR MATRIX.    NDIM=  25    NPAR= 12    ERR DEF=1
 ELEMENTS ABOVE DIAGONAL ARE NOT PRINTED.
  1.561e+07 
 -2.964e-04  1.140e-08 
 -5.228e-04 -4.737e-10  9.741e-08 
 -1.749e-04 -3.586e-10  7.254e-11  1.327e-08 
 -3.709e-03 -4.155e-09 -5.639e-08 -1.123e-10  4.363e-06 
 -2.606e-01 -3.020e-07 -4.635e-06  1.016e-08  3.544e-04  2.935e-02 
  5.015e+00  1.348e-10  2.486e-10  7.246e-11  1.319e-09  9.064e-08  1.625e-06 
  2.174e+02 -3.576e-06 -6.977e-06 -1.485e-06 -1.825e-05 -1.177e-03  2.532e-05  2.723e-01 
  2.624e+00 -4.369e-08 -6.531e-08 -1.680e-08 -2.854e-07 -1.937e-05  3.134e-07  3.202e-03  3.819e-05 
  4.316e-03 -6.354e-11 -6.052e-11 -2.835e-11  9.628e-10  8.598e-08  1.439e-09 -4.179e-07 -5.059e-09  1.361e-08 
 -4.950e-01 -6.058e-07  5.474e-07  1.073e-07  1.385e-05  1.210e-03  1.722e-07 -3.873e-03 -4.324e-05  4.047e-07  9.178e-01 
 -5.801e-03 -6.805e-09  5.580e-09  1.002e-09  1.594e-07  1.388e-05  1.990e-09 -4.462e-05 -5.008e-07  4.601e-09  1.113e-02 
 -5.801e-03 -6.805e-09  5.580e-09  1.002e-09  1.594e-07  1.388e-05  1.990e-09 -4.462e-05 -5.008e-07  4.601e-09  1.113e-02  1.376e-04 
ERR MATRIX NOT POS-DEF
 PARAMETER  CORRELATION COEFFICIENTS  
       NO.  GLOBAL      1      3      4      6      7      8     11     12     13     14     15     16
        1  0.99791   1.000 -0.001 -0.000 -0.000 -0.000 -0.000  0.996  0.105  0.107  0.009 -0.000 -0.000
        3  0.09249  -0.001  1.000 -0.014 -0.029 -0.019 -0.017  0.001 -0.064 -0.066 -0.005 -0.006 -0.005
        4  0.12311  -0.000 -0.014  1.000  0.002 -0.087 -0.087  0.001 -0.043 -0.034 -0.002  0.002  0.002
        6  0.04308  -0.000 -0.029  0.002  1.000 -0.000  0.001  0.000 -0.025 -0.024 -0.002  0.001  0.001
        7  0.99048  -0.000 -0.019 -0.087 -0.000  1.000  0.990  0.000 -0.017 -0.022  0.004  0.007  0.007
        8  0.99047  -0.000 -0.017 -0.087  0.001  0.990  1.000  0.000 -0.013 -0.018  0.004  0.007  0.007
       11  0.99789   0.996  0.001  0.001  0.000  0.000  0.000  1.000  0.038  0.040  0.010  0.000  0.000
       12  0.99310   0.105 -0.064 -0.043 -0.025 -0.017 -0.013  0.038  1.000  0.993 -0.007 -0.008 -0.007
       13  0.99317   0.107 -0.066 -0.034 -0.024 -0.022 -0.018  0.040  0.993  1.000 -0.007 -0.007 -0.007
       14  0.01560   0.009 -0.005 -0.002 -0.002  0.004  0.004  0.010 -0.007 -0.007  1.000  0.004  0.003
       15  0.99055  -0.000 -0.006  0.002  0.001  0.007  0.007  0.000 -0.008 -0.007  0.004  1.000  0.991
       16  0.99055  -0.000 -0.005  0.002  0.001  0.007  0.007  0.000 -0.007 -0.007  0.003  0.991  1.000
 ERR MATRIX NOT POS-DEF
                         POSITIVE MINOS ERROR NOT CALCULATED FOR PARAMETER 1
                         NEGATIVE MINOS ERROR NOT CALCULATED FOR PARAMETER 1
                         POSITIVE MINOS ERROR NOT CALCULATED FOR PARAMETER 11
                         NEGATIVE MINOS ERROR NOT CALCULATED FOR PARAMETER 11
 MIGRAD FAILS WITH STRATEGY=0.   WILL TRY WITH STRATEGY=1.
                         POSITIVE MINOS ERROR NOT CALCULATED FOR PARAMETER 12
                         NEGATIVE MINOS ERROR NOT CALCULATED FOR PARAMETER 12
                         POSITIVE MINOS ERROR NOT CALCULATED FOR PARAMETER 13
 MIGRAD FAILS WITH STRATEGY=0.   WILL TRY WITH STRATEGY=1.
                         NEGATIVE MINOS ERROR NOT CALCULATED FOR PARAMETER 13
                         NEGATIVE MINOS ERROR NOT CALCULATED FOR PARAMETER 14
 FCN=140.446 FROM MINOS     STATUS=PROBLEMS    50905 CALLS       79841 TOTAL
                     EDM=2.80301e-07    STRATEGY= 1      ERR MATRIX NOT POS-DEF
  EXT PARAMETER                  PARABOLIC         MINOS ERRORS        
  NO.   NAME      VALUE            ERROR      NEGATIVE      POSITIVE   
   1  N0           3.14039e+06   3.95051e+03                            
   2  tau          6.44090e+01   constant   
   3  A0           3.64693e-01   1.06750e-04  -1.06938e-04   1.06933e-04
   4  phi          4.11977e+00   3.12093e-04  -3.12826e-04   3.12832e-04
   5  R           -6.10005e+01   constant   
   6  A_CBO        4.86824e-03   1.15193e-04  -1.15328e-04   1.15322e-04
   7  w_CBO        2.32861e+00   2.08907e-03  -2.36545e-03   2.36574e-03
   8  phi_CBO      1.38641e+00   1.71354e-01  -1.94040e-01   1.94024e-01
   9  ANx2         0.00000e+00   constant   
  10  pNx2         0.00000e+00   constant   
  11  ANy1        -1.33469e-02   1.27619e-03                            
  12  pNy1         3.96082e+00   4.93422e-01                            
  13  w_y          9.94783e-03   5.84324e-03                            
  14  ANy2        -8.85618e-04   1.16656e-04                 1.25136e-04
  15  pNy2        -4.63367e+00   9.58161e-01  -1.09441e+00   1.08566e+00
  16  w_vw         1.43277e+01   1.17302e-02  -1.33976e-02   1.32926e-02
  17  LM           7.21641e-05   constant   
  18  wCBO_expCoeff   0.00000e+00   constant   
  19  wCBO_expOffset   0.00000e+00   constant   
  20  wCBO_expT    0.00000e+00   constant   
  21  wCBO_linCoeff   0.00000e+00   constant   
  22  wCBO_const   0.00000e+00   constant   
 **********
 **  121 **SHO COR 
 **********
 PARAMETER  CORRELATION COEFFICIENTS  
       NO.  GLOBAL      1      3      4      6      7      8     11     12     13     14     15     16
        1  0.99791   1.000  0.001  0.000  0.000 -0.000 -0.000  0.996  0.091  0.094  0.010 -0.001 -0.001
        3  0.09001   0.001  1.000 -0.014 -0.029 -0.019 -0.017  0.002 -0.061 -0.063 -0.005 -0.006 -0.005
        4  0.12257   0.000 -0.014  1.000  0.002 -0.087 -0.087  0.001 -0.041 -0.032 -0.002  0.002  0.002
        6  0.04239   0.000 -0.029  0.002  1.000  0.000  0.001  0.001 -0.023 -0.022 -0.002  0.001  0.001
        7  0.99048  -0.000 -0.019 -0.087  0.000  1.000  0.990  0.001 -0.015 -0.021  0.004  0.007  0.006
        8  0.99048  -0.000 -0.017 -0.087  0.001  0.990  1.000  0.001 -0.012 -0.018  0.004  0.007  0.007
       11  0.99789   0.996  0.002  0.001  0.001  0.001  0.001  1.000  0.029  0.031  0.010 -0.000 -0.000
       12  0.99228   0.091 -0.061 -0.041 -0.023 -0.015 -0.012  0.029  1.000  0.992 -0.007 -0.008 -0.007
       13  0.99236   0.094 -0.063 -0.032 -0.022 -0.021 -0.018  0.031  0.992  1.000 -0.007 -0.007 -0.007
       14  0.01507   0.010 -0.005 -0.002 -0.002  0.004  0.004  0.010 -0.007 -0.007  1.000 -0.000 -0.001
       15  0.99055  -0.001 -0.006  0.002  0.001  0.007  0.007 -0.000 -0.008 -0.007 -0.000  1.000  0.991
       16  0.99055  -0.001 -0.005  0.002  0.001  0.006  0.007 -0.000 -0.007 -0.007 -0.001  0.991  1.000
 ERR MATRIX NOT POS-DEF
 ELEMENTS ABOVE DIAGONAL ARE NOT PRINTED.
