 + ++++++++++++++++++++++++++++++++++++++++++++++++++++++++++++++++++++ +
 +                                                                      +
 +           You have chose to blind your fitting according to          +
 +                omega_ref * (1 + (R +/- deltaR) *10^{-6})             +
 +                                                                      +
 + ++++++++++++++++++++++++++++++++++++++++++++++++++++++++++++++++++++ +
In main()...
reading format from /gm2data/zkhechad/run45/envelope/formats/formatB_sBin_constraintOn.txt
pBinTau 	= 0  
pBinPhi 	= 0  
constraintau 	= 1 
includeMopTerm 	= 0    
constrainMop    = 0   
Parameters after format file: pBinTau 0 pBinPhi 0 constraintau 1 includeMopTerm 0 constrainMop 0 c_e_scale 0.000000 
reading cbo reference file (full fit) from /gm2data/zkhechad/cboTemplates/Run4CBOTemplates/fullFits/run4/sBin_constraintOn_cE0.0_seed0_run4_calo11.root
A_CBO 0.010027 w_CBO 2.327222 phi_CBO 0.184420 N0 3062002.636939 R -61.179583 tau 64.395304 
Reading cboRef file /gm2data/zkhechad/cboTemplates/Run4CBOTemplates//cboIsolate/run4_calo11.root
deltaT 164.120000
windowBins = 240
fitting sliding window 1720 from bin 1923 at 286.911600 to bin 2163 at 322.719600 (240 bins)

Reading data from /gm2data/cornell/histograms/aMethod/histogram_a_run4.root
fitting cbo isolate
 **********
 **    1 **SET PRINTOUT            1
 **********
 **********
 **    2 **SET NOWARNINGS 
 **********
 PARAMETER DEFINITIONS:
    NO.   NAME         VALUE      STEP SIZE      LIMITS
     1 A_CBO        1.00270e-02  1.00000e-05     no limits
     2 w_CBO        2.32722e+00  1.00000e-02    2.00000e+00  3.00000e+00
     3 phi_CBO      1.84420e-01  1.00000e-02    0.00000e+00  6.28319e+00
 **********
 **    3 **MIGRAD
 **********
 FIRST CALL TO USER FUNCTION AT NEW START POINT, WITH IFLAG=4.
 START MIGRAD MINIMIZATION.  STRATEGY  1.  CONVERGENCE WHEN EDM .LT. 1.00e-04
 FCN=0.0103456 FROM MIGRAD    STATUS=INITIATE       12 CALLS          13 TOTAL
                     EDM= unknown      STRATEGY= 1      NO ERROR MATRIX       
  EXT PARAMETER               CURRENT GUESS       STEP         FIRST   
  NO.   NAME      VALUE            ERROR          SIZE      DERIVATIVE 
   1  A_CBO        1.00270e-02   1.00000e-05   1.00000e-05   1.73217e+00
   2  w_CBO        2.32722e+00   1.00000e-02   2.13152e-02  -1.06018e-01
   3  phi_CBO      1.84420e-01   1.00000e-02   9.43260e-03   8.08671e-04
 MIGRAD MINIMIZATION HAS CONVERGED.
 MIGRAD WILL VERIFY CONVERGENCE AND ERROR MATRIX.
 FCN=0.00401991 FROM MIGRAD    STATUS=CONVERGED      41 CALLS          42 TOTAL
                     EDM=4.8764e-06    STRATEGY= 1      ERR MATRIX NOT POS-DEF
  EXT PARAMETER                APPROXIMATE        STEP         FIRST   
  NO.   NAME      VALUE            ERROR          SIZE      DERIVATIVE 
   1  A_CBO        2.74063e-03   8.65448e-02   4.47907e-05  -4.23435e-03
   2  w_CBO        2.32757e+00   7.52121e-01   1.13166e-04   1.24192e-02
   3  phi_CBO      1.08704e-01   4.12660e+00   2.21289e-02  -6.58426e-05
 EXTERNAL ERROR MATRIX.    NDIM=  25    NPAR=  3    ERR DEF=1
  7.490e-03 -2.733e-02 -9.161e+00 
 -2.733e-02  2.722e+00  9.259e+02 
 -9.161e+00  9.259e+02  3.162e+05 
ERR MATRIX NOT POS-DEF
 PARAMETER  CORRELATION COEFFICIENTS  
       NO.  GLOBAL      1      2      3
        1  0.19675   1.000 -0.191 -0.188
        2  0.99814  -0.191  1.000  0.998
        3  0.99814  -0.188  0.998  1.000
 ERR MATRIX NOT POS-DEF
setting A_CBO=0.002741 w_CBO=2.327572, phi_CBO=0.108704
done fitting cbo isolate
 **********
 **    1 **SET PRINTOUT            1
 **********
 **********
 **    2 **SET NOWARNINGS 
 **********
 PARAMETER DEFINITIONS:
    NO.   NAME         VALUE      STEP SIZE      LIMITS
     1 N0           3.06200e+06  1.00000e+02     no limits
     2 tau          6.43953e+01  constant
     3 A0           3.42893e-01  1.00000e-04     no limits
     4 phi          4.11802e+00  1.00000e-02     no limits
     5 R           -6.11796e+01  constant
     6 A_CBO        2.74063e-03  1.00000e-05     no limits
     7 w_CBO        2.32757e+00  1.00000e-03     no limits
     8 phi_CBO      1.08704e-01  1.00000e-04     no limits
     9 ANx2         0.00000e+00  constant
    10 pNx2         0.00000e+00  constant
    11 ANy1         3.82143e-03  1.00000e-06     no limits
    12 pNy1         2.80957e+00  1.00000e-04     no limits
    13 w_y          0.00000e+00  1.00000e-03     no limits
    14 ANy2         9.23997e-03  1.00000e-06     no limits
    15 pNy2         3.41148e-01  1.00000e-04     no limits
    16 w_vw         1.44513e+01  1.00000e-03     no limits
    17 LM          -3.45991e-04  constant
    18 wCBO_expCoeff   0.00000e+00  constant
    19 wCBO_expOffset   0.00000e+00  constant
    20 wCBO_expT    0.00000e+00  constant
    21 wCBO_linCoeff   0.00000e+00  constant
    22 wCBO_const   0.00000e+00  constant
MINUIT - FIT ONLY WIGGLE
 **********
 **    3 **FIX            5
 **********
 PARAMETER    5  IS CONSTANT.   IGNORED.
 **********
 **    4 **FIX            6
 **********
 **********
 **    5 **FIX            7
 **********
 **********
 **    6 **FIX            8
 **********
 **********
 **    7 **FIX            9
 **********
 PARAMETER    9  IS CONSTANT.   IGNORED.
 **********
 **    8 **FIX           10
 **********
 PARAMETER   10  IS CONSTANT.   IGNORED.
 **********
 **    9 **FIX           11
 **********
 **********
 **   10 **FIX           12
 **********
 **********
 **   11 **FIX           13
 **********
 **********
 **   12 **FIX           14
 **********
 **********
 **   13 **FIX           15
 **********
 **********
 **   14 **FIX           16
 **********
 **********
 **   15 **MIGRAD
 **********
 FIRST CALL TO USER FUNCTION AT NEW START POINT, WITH IFLAG=4.
 START MIGRAD MINIMIZATION.  STRATEGY  1.  CONVERGENCE WHEN EDM .LT. 1.00e-04
 FCN=335.172 FROM MIGRAD    STATUS=INITIATE       12 CALLS          13 TOTAL
                     EDM= unknown      STRATEGY= 1      NO ERROR MATRIX       
  EXT PARAMETER               CURRENT GUESS       STEP         FIRST   
  NO.   NAME      VALUE            ERROR          SIZE      DERIVATIVE 
   1  N0           3.06200e+06   1.00000e+02   1.00000e+02  -1.22609e-02
   2  tau          6.43953e+01   constant   
   3  A0           3.42893e-01   1.00000e-04   1.00000e-04   1.46943e+03
   4  phi          4.11802e+00   1.00000e-02   1.00000e-02  -1.94829e+02
   5  R           -6.11796e+01   constant   
   6  A_CBO        2.74063e-03     fixed    
   7  w_CBO        2.32757e+00     fixed    
   8  phi_CBO      1.08704e-01     fixed    
   9  ANx2         0.00000e+00   constant   
  10  pNx2         0.00000e+00   constant   
  11  ANy1         3.82143e-03     fixed    
  12  pNy1         2.80957e+00     fixed    
  13  w_y          0.00000e+00     fixed    
  14  ANy2         9.23997e-03     fixed    
  15  pNy2         3.41148e-01     fixed    
  16  w_vw         1.44513e+01     fixed    
  17  LM          -3.45991e-04   constant   
  18  wCBO_expCoeff   0.00000e+00   constant   
  19  wCBO_expOffset   0.00000e+00   constant   
  20  wCBO_expT    0.00000e+00   constant   
  21  wCBO_linCoeff   0.00000e+00   constant   
  22  wCBO_const   0.00000e+00   constant   
 MIGRAD MINIMIZATION HAS CONVERGED.
 MIGRAD WILL VERIFY CONVERGENCE AND ERROR MATRIX.
 COVARIANCE MATRIX CALCULATED SUCCESSFULLY
 FCN=260.701 FROM MIGRAD    STATUS=CONVERGED      49 CALLS          50 TOTAL
                     EDM=4.57828e-09    STRATEGY= 1      ERROR MATRIX ACCURATE 
  EXT PARAMETER                                   STEP         FIRST   
  NO.   NAME      VALUE            ERROR          SIZE      DERIVATIVE 
   1  N0           3.07412e+06   1.40682e+03   1.07929e+01  -3.57406e-09
   2  tau          6.43953e+01   constant   
   3  A0           3.42645e-01   6.16539e-04   4.86954e-06   1.53389e-01
   4  phi          4.11784e+00   1.85717e-03   1.46608e-05   8.10140e-03
   5  R           -6.11796e+01   constant   
   6  A_CBO        2.74063e-03     fixed    
   7  w_CBO        2.32757e+00     fixed    
   8  phi_CBO      1.08704e-01     fixed    
   9  ANx2         0.00000e+00   constant   
  10  pNx2         0.00000e+00   constant   
  11  ANy1         3.82143e-03     fixed    
  12  pNy1         2.80957e+00     fixed    
  13  w_y          0.00000e+00     fixed    
  14  ANy2         9.23997e-03     fixed    
  15  pNy2         3.41148e-01     fixed    
  16  w_vw         1.44513e+01     fixed    
  17  LM          -3.45991e-04   constant   
  18  wCBO_expCoeff   0.00000e+00   constant   
  19  wCBO_expOffset   0.00000e+00   constant   
  20  wCBO_expT    0.00000e+00   constant   
  21  wCBO_linCoeff   0.00000e+00   constant   
  22  wCBO_const   0.00000e+00   constant   
 EXTERNAL ERROR MATRIX.    NDIM=  25    NPAR=  3    ERR DEF=1
  1.979e+06  5.616e-03 -8.562e-02 
  5.616e-03  3.801e-07 -1.507e-08 
 -8.562e-02 -1.507e-08  3.449e-06 
 PARAMETER  CORRELATION COEFFICIENTS  
       NO.  GLOBAL      1      3      4
        1  0.03332   1.000  0.006 -0.033
        3  0.01448   0.006  1.000 -0.013
        4  0.03524  -0.033 -0.013  1.000
MINUIT - FIT ONLY 1-CBO + other amplitudes 
 **********
 **   16 **RES 
 **********
                   PARAMETER   16  w_vw RESTORED TO VARIABLE.
                   PARAMETER   15  pNy2 RESTORED TO VARIABLE.
                   PARAMETER   14  ANy2 RESTORED TO VARIABLE.
                   PARAMETER   13  w_y RESTORED TO VARIABLE.
                   PARAMETER   12  pNy1 RESTORED TO VARIABLE.
                   PARAMETER   11  ANy1 RESTORED TO VARIABLE.
                   PARAMETER    8  phi_CBO RESTORED TO VARIABLE.
                   PARAMETER    7  w_CBO RESTORED TO VARIABLE.
                   PARAMETER    6  A_CBO RESTORED TO VARIABLE.
 **********
 **   17 **FIX            0
 **********
 PARAMETER    0  IS UNDEFINED. IGNORED.
 **********
 **   18 **FIX            1
 **********
 **********
 **   19 **FIX            2
 **********
 PARAMETER    2  IS CONSTANT.   IGNORED.
 **********
 **   20 **FIX            3
 **********
 **********
 **   21 **FIX            4
 **********
 **********
 **   22 **FIX            9
 **********
 PARAMETER    9  IS CONSTANT.   IGNORED.
 **********
 **   23 **FIX           11
 **********
 **********
 **   24 **FIX           12
 **********
 **********
 **   25 **FIX           14
 **********
 **********
 **   26 **FIX           15
 **********
 **********
 **   27 **FIX           16
 **********
 **********
 **   28 **MIGRAD
 **********
 START MIGRAD MINIMIZATION.  STRATEGY  1.  CONVERGENCE WHEN EDM .LT. 1.00e-04
 FCN=260.701 FROM MIGRAD    STATUS=INITIATE       14 CALLS          64 TOTAL
                     EDM= unknown      STRATEGY= 1      NO ERROR MATRIX       
  EXT PARAMETER               CURRENT GUESS       STEP         FIRST   
  NO.   NAME      VALUE            ERROR          SIZE      DERIVATIVE 
   1  N0           3.07412e+06     fixed    
   2  tau          6.43953e+01   constant   
   3  A0           3.42645e-01     fixed    
   4  phi          4.11784e+00     fixed    
   5  R           -6.11796e+01   constant   
   6  A_CBO        2.74063e-03   1.00000e-05   1.00000e-05  -1.26452e+03
   7  w_CBO        2.32757e+00   1.00000e-03   1.00000e-03   1.09376e+02
   8  phi_CBO      1.08704e-01   1.00000e-04   1.00000e-04  -2.68010e-01
   9  ANx2         0.00000e+00   constant   
  10  pNx2         0.00000e+00   constant   
  11  ANy1         3.82143e-03     fixed    
  12  pNy1         2.80957e+00     fixed    
  13  w_y          0.00000e+00   1.00000e-03   1.00000e-03  -1.63802e+02
  14  ANy2         9.23997e-03     fixed    
  15  pNy2         3.41148e-01     fixed    
  16  w_vw         1.44513e+01     fixed    
  17  LM          -3.45991e-04   constant   
  18  wCBO_expCoeff   0.00000e+00   constant   
  19  wCBO_expOffset   0.00000e+00   constant   
  20  wCBO_expT    0.00000e+00   constant   
  21  wCBO_linCoeff   0.00000e+00   constant   
  22  wCBO_const   0.00000e+00   constant   
 MIGRAD MINIMIZATION HAS CONVERGED.
 MIGRAD WILL VERIFY CONVERGENCE AND ERROR MATRIX.
 COVARIANCE MATRIX CALCULATED SUCCESSFULLY
 FCN=260.42 FROM MIGRAD    STATUS=CONVERGED     114 CALLS         164 TOTAL
                     EDM=4.38458e-08    STRATEGY= 1      ERROR MATRIX ACCURATE 
  EXT PARAMETER                                   STEP         FIRST   
  NO.   NAME      VALUE            ERROR          SIZE      DERIVATIVE 
   1  N0           3.07412e+06     fixed    
   2  tau          6.43953e+01   constant   
   3  A0           3.42645e-01     fixed    
   4  phi          4.11784e+00     fixed    
   5  R           -6.11796e+01   constant   
   6  A_CBO        3.01434e-03   6.49413e-04   5.12091e-06   1.44333e-01
   7  w_CBO        2.32109e+00   2.05766e-02   5.56787e-06  -2.83068e-02
   8  phi_CBO     -1.84758e+00   6.24154e+00   1.68895e-03   1.06056e-04
   9  ANx2         0.00000e+00   constant   
  10  pNx2         0.00000e+00   constant   
  11  ANy1         3.82143e-03     fixed    
  12  pNy1         2.80957e+00     fixed    
  13  w_y          1.20984e-04   1.09396e-03   8.61052e-06  -2.48733e-01
  14  ANy2         9.23997e-03     fixed    
  15  pNy2         3.41148e-01     fixed    
  16  w_vw         1.44513e+01     fixed    
  17  LM          -3.45991e-04   constant   
  18  wCBO_expCoeff   0.00000e+00   constant   
  19  wCBO_expOffset   0.00000e+00   constant   
  20  wCBO_expT    0.00000e+00   constant   
  21  wCBO_linCoeff   0.00000e+00   constant   
  22  wCBO_const   0.00000e+00   constant   
 EXTERNAL ERROR MATRIX.    NDIM=  25    NPAR=  4    ERR DEF=1
  4.217e-07 -5.450e-07 -1.635e-04  1.603e-08 
 -5.450e-07  4.234e-04  1.284e-01  2.226e-07 
 -1.635e-04  1.284e-01  3.896e+01  6.333e-05 
  1.603e-08  2.226e-07  6.333e-05  1.197e-06 
 PARAMETER  CORRELATION COEFFICIENTS  
       NO.  GLOBAL      6      7      8     13
        6  0.04862   1.000 -0.041 -0.040  0.023
        7  0.99941  -0.041  1.000  0.999  0.010
        8  0.99941  -0.040  0.999  1.000  0.009
       13  0.03086   0.023  0.010  0.009  1.000
MINUIT - FIT ONLY 1-CBO
 **********
 **   29 **RES 
 **********
                   PARAMETER   16  w_vw RESTORED TO VARIABLE.
                   PARAMETER   15  pNy2 RESTORED TO VARIABLE.
                   PARAMETER   14  ANy2 RESTORED TO VARIABLE.
                   PARAMETER   12  pNy1 RESTORED TO VARIABLE.
                   PARAMETER   11  ANy1 RESTORED TO VARIABLE.
                   PARAMETER    4  phi RESTORED TO VARIABLE.
                   PARAMETER    3  A0 RESTORED TO VARIABLE.
                   PARAMETER    1  N0 RESTORED TO VARIABLE.
 **********
 **   30 **FIX            0
 **********
 PARAMETER    0  IS UNDEFINED. IGNORED.
 **********
 **   31 **FIX            1
 **********
 **********
 **   32 **FIX            2
 **********
 PARAMETER    2  IS CONSTANT.   IGNORED.
 **********
 **   33 **FIX            3
 **********
 **********
 **   34 **FIX            4
 **********
 **********
 **   35 **FIX            8
 **********
 **********
 **   36 **FIX            9
 **********
 PARAMETER    9  IS CONSTANT.   IGNORED.
 **********
 **   37 **FIX           11
 **********
 **********
 **   38 **FIX           12
 **********
 **********
 **   39 **FIX           13
 **********
 **********
 **   40 **FIX           15
 **********
 **********
 **   41 **FIX           16
 **********
 **********
 **   42 **MIGRAD
 **********
 START MIGRAD MINIMIZATION.  STRATEGY  1.  CONVERGENCE WHEN EDM .LT. 1.00e-04
 FCN=260.42 FROM MIGRAD    STATUS=INITIATE        8 CALLS         172 TOTAL
                     EDM= unknown      STRATEGY= 1      NO ERROR MATRIX       
  EXT PARAMETER               CURRENT GUESS       STEP         FIRST   
  NO.   NAME      VALUE            ERROR          SIZE      DERIVATIVE 
   1  N0           3.07412e+06     fixed    
   2  tau          6.43953e+01   constant   
   3  A0           3.42645e-01     fixed    
   4  phi          4.11784e+00     fixed    
   5  R           -6.11796e+01   constant   
   6  A_CBO        3.01434e-03   6.49413e-04   5.12091e-06   1.44333e-01
   7  w_CBO        2.32109e+00   2.05766e-02   5.56787e-06  -2.85466e-02
   8  phi_CBO     -1.84758e+00     fixed    
   9  ANx2         0.00000e+00   constant   
  10  pNx2         0.00000e+00   constant   
  11  ANy1         3.82143e-03     fixed    
  12  pNy1         2.80957e+00     fixed    
  13  w_y          1.20984e-04     fixed    
  14  ANy2         9.23997e-03   1.00000e-06   1.00000e-06   4.26786e+04
  15  pNy2         3.41148e-01     fixed    
  16  w_vw         1.44513e+01     fixed    
  17  LM          -3.45991e-04   constant   
  18  wCBO_expCoeff   0.00000e+00   constant   
  19  wCBO_expOffset   0.00000e+00   constant   
  20  wCBO_expT    0.00000e+00   constant   
  21  wCBO_linCoeff   0.00000e+00   constant   
  22  wCBO_const   0.00000e+00   constant   
 MIGRAD MINIMIZATION HAS CONVERGED.
 MIGRAD WILL VERIFY CONVERGENCE AND ERROR MATRIX.
 COVARIANCE MATRIX CALCULATED SUCCESSFULLY
 FCN=70.9388 FROM MIGRAD    STATUS=CONVERGED      40 CALLS         204 TOTAL
                     EDM=3.24167e-07    STRATEGY= 1      ERROR MATRIX ACCURATE 
  EXT PARAMETER                                   STEP         FIRST   
  NO.   NAME      VALUE            ERROR          SIZE      DERIVATIVE 
   1  N0           3.07412e+06     fixed    
   2  tau          6.43953e+01   constant   
   3  A0           3.42645e-01     fixed    
   4  phi          4.11784e+00     fixed    
   5  R           -6.11796e+01   constant   
   6  A_CBO        3.03300e-03   6.48706e-04   2.68631e-06   4.42522e-02
   7  w_CBO        2.32109e+00   7.00554e-04   2.91008e-06   1.14915e+00
   8  phi_CBO     -1.84758e+00     fixed    
   9  ANx2         0.00000e+00   constant   
  10  pNx2         0.00000e+00   constant   
  11  ANy1         3.82143e-03     fixed    
  12  pNy1         2.80957e+00     fixed    
  13  w_y          1.20984e-04     fixed    
  14  ANy2         3.60504e-04   6.45065e-04   2.67149e-06   1.35213e-02
  15  pNy2         3.41148e-01     fixed    
  16  w_vw         1.44513e+01     fixed    
  17  LM          -3.45991e-04   constant   
  18  wCBO_expCoeff   0.00000e+00   constant   
  19  wCBO_expOffset   0.00000e+00   constant   
  20  wCBO_expT    0.00000e+00   constant   
  21  wCBO_linCoeff   0.00000e+00   constant   
  22  wCBO_const   0.00000e+00   constant   
 EXTERNAL ERROR MATRIX.    NDIM=  25    NPAR=  3    ERR DEF=1
  4.208e-07 -6.475e-09 -9.365e-10 
 -6.475e-09  4.908e-07 -6.674e-11 
 -9.365e-10 -6.674e-11  4.161e-07 
 PARAMETER  CORRELATION COEFFICIENTS  
       NO.  GLOBAL      6      7     14
        6  0.01442   1.000 -0.014 -0.002
        7  0.01425  -0.014  1.000 -0.000
       14  0.00225  -0.002 -0.000  1.000
MINUIT - FIT ONLY 2-CBO
 **********
 **   43 **RES 
 **********
                   PARAMETER   16  w_vw RESTORED TO VARIABLE.
                   PARAMETER   15  pNy2 RESTORED TO VARIABLE.
                   PARAMETER   13  w_y RESTORED TO VARIABLE.
                   PARAMETER   12  pNy1 RESTORED TO VARIABLE.
                   PARAMETER   11  ANy1 RESTORED TO VARIABLE.
                   PARAMETER    8  phi_CBO RESTORED TO VARIABLE.
                   PARAMETER    4  phi RESTORED TO VARIABLE.
                   PARAMETER    3  A0 RESTORED TO VARIABLE.
                   PARAMETER    1  N0 RESTORED TO VARIABLE.
 **********
 **   44 **FIX            0
 **********
 PARAMETER    0  IS UNDEFINED. IGNORED.
 **********
 **   45 **FIX            1
 **********
 **********
 **   46 **FIX            2
 **********
 PARAMETER    2  IS CONSTANT.   IGNORED.
 **********
 **   47 **FIX            3
 **********
 **********
 **   48 **FIX            4
 **********
 **********
 **   49 **FIX            5
 **********
 PARAMETER    5  IS CONSTANT.   IGNORED.
 **********
 **   50 **FIX            6
 **********
 **********
 **   51 **FIX            7
 **********
 **********
 **   52 **FIX           10
 **********
 PARAMETER   10  IS CONSTANT.   IGNORED.
 **********
 **   53 **FIX           11
 **********
 **********
 **   54 **FIX           12
 **********
 **********
 **   55 **FIX           13
 **********
 **********
 **   56 **FIX           14
 **********
 **********
 **   57 **FIX           15
 **********
 **********
 **   58 **FIX           16
 **********
 **********
 **   59 **MIGRAD
 **********
 START MIGRAD MINIMIZATION.  STRATEGY  1.  CONVERGENCE WHEN EDM .LT. 1.00e-04
 FCN=70.9388 FROM MIGRAD    STATUS=INITIATE        2 CALLS         206 TOTAL
                     EDM= unknown      STRATEGY= 1      NO ERROR MATRIX       
  EXT PARAMETER               CURRENT GUESS       STEP         FIRST   
  NO.   NAME      VALUE            ERROR          SIZE      DERIVATIVE 
   1  N0           3.07412e+06     fixed    
   2  tau          6.43953e+01   constant   
   3  A0           3.42645e-01     fixed    
   4  phi          4.11784e+00     fixed    
   5  R           -6.11796e+01   constant   
   6  A_CBO        3.03300e-03     fixed    
   7  w_CBO        2.32109e+00     fixed    
   8  phi_CBO     -1.84758e+00   6.24154e+00   6.24154e+00  -1.37234e-02
   9  ANx2         0.00000e+00   constant   
  10  pNx2         0.00000e+00   constant   
  11  ANy1         3.82143e-03     fixed    
  12  pNy1         2.80957e+00     fixed    
  13  w_y          1.20984e-04     fixed    
  14  ANy2         3.60504e-04     fixed    
  15  pNy2         3.41148e-01     fixed    
  16  w_vw         1.44513e+01     fixed    
  17  LM          -3.45991e-04   constant   
  18  wCBO_expCoeff   0.00000e+00   constant   
  19  wCBO_expOffset   0.00000e+00   constant   
  20  wCBO_expT    0.00000e+00   constant   
  21  wCBO_linCoeff   0.00000e+00   constant   
  22  wCBO_const   0.00000e+00   constant   
 MIGRAD MINIMIZATION HAS CONVERGED.
 MIGRAD WILL VERIFY CONVERGENCE AND ERROR MATRIX.
 COVARIANCE MATRIX CALCULATED SUCCESSFULLY
 FCN=70.9388 FROM MIGRAD    STATUS=CONVERGED      12 CALLS         216 TOTAL
                     EDM=5.41143e-16    STRATEGY= 1      ERROR MATRIX ACCURATE 
  EXT PARAMETER                                   STEP         FIRST   
  NO.   NAME      VALUE            ERROR          SIZE      DERIVATIVE 
   1  N0           3.07412e+06     fixed    
   2  tau          6.43953e+01   constant   
   3  A0           3.42645e-01     fixed    
   4  phi          4.11784e+00     fixed    
   5  R           -6.11796e+01   constant   
   6  A_CBO        3.03300e-03     fixed    
   7  w_CBO        2.32109e+00     fixed    
   8  phi_CBO     -1.84727e+00   2.12633e-01   8.80612e-04  -1.54718e-07
   9  ANx2         0.00000e+00   constant   
  10  pNx2         0.00000e+00   constant   
  11  ANy1         3.82143e-03     fixed    
  12  pNy1         2.80957e+00     fixed    
  13  w_y          1.20984e-04     fixed    
  14  ANy2         3.60504e-04     fixed    
  15  pNy2         3.41148e-01     fixed    
  16  w_vw         1.44513e+01     fixed    
  17  LM          -3.45991e-04   constant   
  18  wCBO_expCoeff   0.00000e+00   constant   
  19  wCBO_expOffset   0.00000e+00   constant   
  20  wCBO_expT    0.00000e+00   constant   
  21  wCBO_linCoeff   0.00000e+00   constant   
  22  wCBO_const   0.00000e+00   constant   
 EXTERNAL ERROR MATRIX.    NDIM=  25    NPAR=  1    ERR DEF=1
  4.521e-02 
MINUIT - FIT ONLY 1-y
 **********
 **   60 **RES 
 **********
                   PARAMETER   16  w_vw RESTORED TO VARIABLE.
                   PARAMETER   15  pNy2 RESTORED TO VARIABLE.
                   PARAMETER   14  ANy2 RESTORED TO VARIABLE.
                   PARAMETER   13  w_y RESTORED TO VARIABLE.
                   PARAMETER   12  pNy1 RESTORED TO VARIABLE.
                   PARAMETER   11  ANy1 RESTORED TO VARIABLE.
                   PARAMETER    7  w_CBO RESTORED TO VARIABLE.
                   PARAMETER    6  A_CBO RESTORED TO VARIABLE.
                   PARAMETER    4  phi RESTORED TO VARIABLE.
                   PARAMETER    3  A0 RESTORED TO VARIABLE.
                   PARAMETER    1  N0 RESTORED TO VARIABLE.
 **********
 **   61 **FIX            0
 **********
 PARAMETER    0  IS UNDEFINED. IGNORED.
 **********
 **   62 **FIX            1
 **********
 **********
 **   63 **FIX            2
 **********
 PARAMETER    2  IS CONSTANT.   IGNORED.
 **********
 **   64 **FIX            3
 **********
 **********
 **   65 **FIX            4
 **********
 **********
 **   66 **FIX            5
 **********
 PARAMETER    5  IS CONSTANT.   IGNORED.
 **********
 **   67 **FIX            6
 **********
 **********
 **   68 **FIX            7
 **********
 **********
 **   69 **FIX            8
 **********
 **********
 **   70 **FIX            9
 **********
 PARAMETER    9  IS CONSTANT.   IGNORED.
 **********
 **   71 **FIX           13
 **********
 **********
 **   72 **FIX           14
 **********
 **********
 **   73 **FIX           15
 **********
 **********
 **   74 **FIX           16
 **********
 **********
 **   75 **MIGRAD
 **********
 START MIGRAD MINIMIZATION.  STRATEGY  1.  CONVERGENCE WHEN EDM .LT. 1.00e-04
 FCN=70.9388 FROM MIGRAD    STATUS=INITIATE        8 CALLS         224 TOTAL
                     EDM= unknown      STRATEGY= 1      NO ERROR MATRIX       
  EXT PARAMETER               CURRENT GUESS       STEP         FIRST   
  NO.   NAME      VALUE            ERROR          SIZE      DERIVATIVE 
   1  N0           3.07412e+06     fixed    
   2  tau          6.43953e+01   constant   
   3  A0           3.42645e-01     fixed    
   4  phi          4.11784e+00     fixed    
   5  R           -6.11796e+01   constant   
   6  A_CBO        3.03300e-03     fixed    
   7  w_CBO        2.32109e+00     fixed    
   8  phi_CBO     -1.84727e+00     fixed    
   9  ANx2         0.00000e+00   constant   
  10  pNx2         0.00000e+00   constant   
  11  ANy1         3.82143e-03   1.00000e-06   1.00000e-06  -1.58151e+02
  12  pNy1         2.80957e+00   1.00000e-04   1.00000e-04  -2.30232e-01
  13  w_y          1.20984e-04     fixed    
  14  ANy2         3.60504e-04     fixed    
  15  pNy2         3.41148e-01     fixed    
  16  w_vw         1.44513e+01     fixed    
  17  LM          -3.45991e-04   constant   
  18  wCBO_expCoeff   0.00000e+00   constant   
  19  wCBO_expOffset   0.00000e+00   constant   
  20  wCBO_expT    0.00000e+00   constant   
  21  wCBO_linCoeff   0.00000e+00   constant   
  22  wCBO_const   0.00000e+00   constant   
 MIGRAD MINIMIZATION HAS CONVERGED.
 MIGRAD WILL VERIFY CONVERGENCE AND ERROR MATRIX.
 COVARIANCE MATRIX CALCULATED SUCCESSFULLY
 FCN=70.9374 FROM HESSE     STATUS=OK             10 CALLS         244 TOTAL
                     EDM=0.000196237    STRATEGY= 1      ERROR MATRIX ACCURATE 
  EXT PARAMETER                                   STEP         FIRST   
  NO.   NAME      VALUE            ERROR          SIZE      DERIVATIVE 
   1  N0           3.07412e+06     fixed    
   2  tau          6.43953e+01   constant   
   3  A0           3.42645e-01     fixed    
   4  phi          4.11784e+00     fixed    
   5  R           -6.11796e+01   constant   
   6  A_CBO        3.03300e-03     fixed    
   7  w_CBO        2.32109e+00     fixed    
   8  phi_CBO     -1.84727e+00     fixed    
   9  ANx2         0.00000e+00   constant   
  10  pNx2         0.00000e+00   constant   
  11  ANy1         3.83108e-03   1.24304e-02   2.01852e-06  -6.94756e-01
  12  pNy1         2.81580e+00   8.55523e+00   1.33971e-03   2.26592e-03
  13  w_y          1.20984e-04     fixed    
  14  ANy2         3.60504e-04     fixed    
  15  pNy2         3.41148e-01     fixed    
  16  w_vw         1.44513e+01     fixed    
  17  LM          -3.45991e-04   constant   
  18  wCBO_expCoeff   0.00000e+00   constant   
  19  wCBO_expOffset   0.00000e+00   constant   
  20  wCBO_expT    0.00000e+00   constant   
  21  wCBO_linCoeff   0.00000e+00   constant   
  22  wCBO_const   0.00000e+00   constant   
 MIGRAD MINIMIZATION HAS CONVERGED.
 MIGRAD WILL VERIFY CONVERGENCE AND ERROR MATRIX.
 COVARIANCE MATRIX CALCULATED SUCCESSFULLY
 MIGRAD TERMINATED WITHOUT CONVERGENCE.
 FCN=70.9368 FROM MIGRAD    STATUS=FAILED         92 CALLS         308 TOTAL
                     EDM=0.000757811    STRATEGY= 1      ERR MATRIX APPROXIMATE
  EXT PARAMETER                APPROXIMATE        STEP         FIRST   
  NO.   NAME      VALUE            ERROR          SIZE      DERIVATIVE 
   1  N0           3.07412e+06     fixed    
   2  tau          6.43953e+01   constant   
   3  A0           3.42645e-01     fixed    
   4  phi          4.11784e+00     fixed    
   5  R           -6.11796e+01   constant   
   6  A_CBO        3.03300e-03     fixed    
   7  w_CBO        2.32109e+00     fixed    
   8  phi_CBO     -1.84727e+00     fixed    
   9  ANx2         0.00000e+00   constant   
  10  pNx2         0.00000e+00   constant   
  11  ANy1         4.13601e-03   2.46163e-02   2.09513e-06  -5.58686e+00
  12  pNy1         2.65451e+00   1.03020e+01   1.09196e-03  -9.57834e-03
  13  w_y          1.20984e-04     fixed    
  14  ANy2         3.60504e-04     fixed    
  15  pNy2         3.41148e-01     fixed    
  16  w_vw         1.44513e+01     fixed    
  17  LM          -3.45991e-04   constant   
  18  wCBO_expCoeff   0.00000e+00   constant   
  19  wCBO_expOffset   0.00000e+00   constant   
  20  wCBO_expT    0.00000e+00   constant   
  21  wCBO_linCoeff   0.00000e+00   constant   
  22  wCBO_const   0.00000e+00   constant   
 EXTERNAL ERROR MATRIX.    NDIM=  25    NPAR=  2    ERR DEF=1
  6.060e-04 -2.535e-01 
 -2.535e-01  1.061e+02 
ERR MATRIX APPROXIMATE
 PARAMETER  CORRELATION COEFFICIENTS  
       NO.  GLOBAL     11     12
       11  0.99977   1.000 -1.000
       12  0.99977  -1.000  1.000
 ERR MATRIX APPROXIMATE
MINUIT - FIT ONLY 2-y
 **********
 **   76 **RES 
 **********
                   PARAMETER   16  w_vw RESTORED TO VARIABLE.
                   PARAMETER   15  pNy2 RESTORED TO VARIABLE.
                   PARAMETER   14  ANy2 RESTORED TO VARIABLE.
                   PARAMETER   13  w_y RESTORED TO VARIABLE.
                   PARAMETER    8  phi_CBO RESTORED TO VARIABLE.
                   PARAMETER    7  w_CBO RESTORED TO VARIABLE.
                   PARAMETER    6  A_CBO RESTORED TO VARIABLE.
                   PARAMETER    4  phi RESTORED TO VARIABLE.
                   PARAMETER    3  A0 RESTORED TO VARIABLE.
                   PARAMETER    1  N0 RESTORED TO VARIABLE.
 **********
 **   77 **FIX            0
 **********
 PARAMETER    0  IS UNDEFINED. IGNORED.
 **********
 **   78 **FIX            1
 **********
 **********
 **   79 **FIX            2
 **********
 PARAMETER    2  IS CONSTANT.   IGNORED.
 **********
 **   80 **FIX            3
 **********
 **********
 **   81 **FIX            4
 **********
 **********
 **   82 **FIX            5
 **********
 PARAMETER    5  IS CONSTANT.   IGNORED.
 **********
 **   83 **FIX            6
 **********
 **********
 **   84 **FIX            7
 **********
 **********
 **   85 **FIX            8
 **********
 **********
 **   86 **FIX            9
 **********
 PARAMETER    9  IS CONSTANT.   IGNORED.
 **********
 **   87 **FIX           10
 **********
 PARAMETER   10  IS CONSTANT.   IGNORED.
 **********
 **   88 **FIX           11
 **********
 **********
 **   89 **FIX           12
 **********
 **********
 **   90 **FIX           16
 **********
 **********
 **   91 **MIGRAD
 **********
 START MIGRAD MINIMIZATION.  STRATEGY  1.  CONVERGENCE WHEN EDM .LT. 1.00e-04
 FCN=70.9368 FROM MIGRAD    STATUS=INITIATE        8 CALLS         316 TOTAL
                     EDM= unknown      STRATEGY= 1      NO ERROR MATRIX       
  EXT PARAMETER               CURRENT GUESS       STEP         FIRST   
  NO.   NAME      VALUE            ERROR          SIZE      DERIVATIVE 
   1  N0           3.07412e+06     fixed    
   2  tau          6.43953e+01   constant   
   3  A0           3.42645e-01     fixed    
   4  phi          4.11784e+00     fixed    
   5  R           -6.11796e+01   constant   
   6  A_CBO        3.03300e-03     fixed    
   7  w_CBO        2.32109e+00     fixed    
   8  phi_CBO     -1.84727e+00     fixed    
   9  ANx2         0.00000e+00   constant   
  10  pNx2         0.00000e+00   constant   
  11  ANy1         4.13601e-03     fixed    
  12  pNy1         2.65451e+00     fixed    
  13  w_y          1.20984e-04   1.09396e-03   1.09396e-03  -1.04661e+01
  14  ANy2         3.60504e-04   6.45065e-04   6.45065e-04   2.56070e-01
  15  pNy2         3.41148e-01   1.00000e-04   1.00000e-04  -3.43192e-01
  16  w_vw         1.44513e+01     fixed    
  17  LM          -3.45991e-04   constant   
  18  wCBO_expCoeff   0.00000e+00   constant   
  19  wCBO_expOffset   0.00000e+00   constant   
  20  wCBO_expT    0.00000e+00   constant   
  21  wCBO_linCoeff   0.00000e+00   constant   
  22  wCBO_const   0.00000e+00   constant   
 MIGRAD MINIMIZATION HAS CONVERGED.
 MIGRAD WILL VERIFY CONVERGENCE AND ERROR MATRIX.
 COVARIANCE MATRIX CALCULATED SUCCESSFULLY
 FCN=70.8428 FROM MIGRAD    STATUS=CONVERGED      48 CALLS         356 TOTAL
                     EDM=1.16576e-06    STRATEGY= 1      ERROR MATRIX ACCURATE 
  EXT PARAMETER                                   STEP         FIRST   
  NO.   NAME      VALUE            ERROR          SIZE      DERIVATIVE 
   1  N0           3.07412e+06     fixed    
   2  tau          6.43953e+01   constant   
   3  A0           3.42645e-01     fixed    
   4  phi          4.11784e+00     fixed    
   5  R           -6.11796e+01   constant   
   6  A_CBO        3.03300e-03     fixed    
   7  w_CBO        2.32109e+00     fixed    
   8  phi_CBO     -1.84727e+00     fixed    
   9  ANx2         0.00000e+00   constant   
  10  pNx2         0.00000e+00   constant   
  11  ANy1         4.13601e-03     fixed    
  12  pNy1         2.65451e+00     fixed    
  13  w_y          1.25400e-04   7.25114e-04   3.00169e-06   2.67540e-01
  14  ANy2         4.10143e-04   6.43534e-04   2.66295e-06  -3.55564e-02
  15  pNy2         8.42097e-01   1.57386e+00   6.54451e-03  -9.62928e-04
  16  w_vw         1.44513e+01     fixed    
  17  LM          -3.45991e-04   constant   
  18  wCBO_expCoeff   0.00000e+00   constant   
  19  wCBO_expOffset   0.00000e+00   constant   
  20  wCBO_expT    0.00000e+00   constant   
  21  wCBO_linCoeff   0.00000e+00   constant   
  22  wCBO_const   0.00000e+00   constant   
 EXTERNAL ERROR MATRIX.    NDIM=  25    NPAR=  3    ERR DEF=1
  5.258e-07  2.591e-09  5.748e-06 
  2.591e-09  4.141e-07 -6.164e-06 
  5.748e-06 -6.164e-06  2.477e+00 
 PARAMETER  CORRELATION COEFFICIENTS  
       NO.  GLOBAL     13     14     15
       13  0.00752   1.000  0.006  0.005
       14  0.00826   0.006  1.000 -0.006
       15  0.00792   0.005 -0.006  1.000
MINUIT - FIT ALTOGETHER
 **********
 **   92 **RES 
 **********
                   PARAMETER   16  w_vw RESTORED TO VARIABLE.
                   PARAMETER   12  pNy1 RESTORED TO VARIABLE.
                   PARAMETER   11  ANy1 RESTORED TO VARIABLE.
                   PARAMETER    8  phi_CBO RESTORED TO VARIABLE.
                   PARAMETER    7  w_CBO RESTORED TO VARIABLE.
                   PARAMETER    6  A_CBO RESTORED TO VARIABLE.
                   PARAMETER    4  phi RESTORED TO VARIABLE.
                   PARAMETER    3  A0 RESTORED TO VARIABLE.
                   PARAMETER    1  N0 RESTORED TO VARIABLE.
 **********
 **   93 **MIGRAD
 **********
 START MIGRAD MINIMIZATION.  STRATEGY  1.  CONVERGENCE WHEN EDM .LT. 1.00e-04
 FCN=70.8428 FROM MIGRAD    STATUS=INITIATE       28 CALLS         384 TOTAL
                     EDM= unknown      STRATEGY= 1      NO ERROR MATRIX       
  EXT PARAMETER               CURRENT GUESS       STEP         FIRST   
  NO.   NAME      VALUE            ERROR          SIZE      DERIVATIVE 
   1  N0           3.07412e+06   1.40682e+03   1.40682e+03   7.40240e-06
   2  tau          6.43953e+01   constant   
   3  A0           3.42645e-01   6.16539e-04   6.16539e-04  -6.16657e+01
   4  phi          4.11784e+00   1.85717e-03   1.85717e-03   5.44986e+01
   5  R           -6.11796e+01   constant   
   6  A_CBO        3.03300e-03   6.48706e-04   6.48706e-04   3.65786e+00
   7  w_CBO        2.32109e+00   7.00554e-04   7.00554e-04   4.91502e+00
   8  phi_CBO     -1.84727e+00   2.12633e-01   2.12633e-01  -2.72843e-02
   9  ANx2         0.00000e+00   constant   
  10  pNx2         0.00000e+00   constant   
  11  ANy1         4.13601e-03   2.46163e-02   2.46163e-02  -2.01647e+01
  12  pNy1         2.65451e+00   1.03020e+01   1.03020e+01  -4.44947e-02
  13  w_y          1.25400e-04   7.25114e-04   3.00169e-06   2.76178e-01
  14  ANy2         4.10143e-04   6.43534e-04   2.66295e-06  -3.55565e-02
  15  pNy2         8.42097e-01   1.57386e+00   6.54451e-03  -9.62988e-04
  16  w_vw         1.44513e+01   1.00000e-03   1.00000e-03  -4.78179e+00
  17  LM          -3.45991e-04   constant   
  18  wCBO_expCoeff   0.00000e+00   constant   
  19  wCBO_expOffset   0.00000e+00   constant   
  20  wCBO_expT    0.00000e+00   constant   
  21  wCBO_linCoeff   0.00000e+00   constant   
  22  wCBO_const   0.00000e+00   constant   
 MIGRAD MINIMIZATION HAS CONVERGED.
 FCN=69.8921 FROM MIGRAD    STATUS=CONVERGED     676 CALLS        1032 TOTAL
                     EDM=1.02251e-06    STRATEGY= 1  ERROR MATRIX UNCERTAINTY   5.0 per cent
  EXT PARAMETER                                   STEP         FIRST   
  NO.   NAME      VALUE            ERROR          SIZE      DERIVATIVE 
   1  N0           3.07005e+06   3.50949e+03   3.63554e+00   3.31632e-07
   2  tau          6.43953e+01   constant   
   3  A0           3.42651e-01   6.33713e-04   2.39872e-07   7.20310e-01
   4  phi          4.11777e+00   1.85734e-03   7.95287e-07   1.04623e-01
   5  R           -6.11796e+01   constant   
   6  A_CBO        3.02734e-03   6.54669e-04   8.29433e-08   1.85816e-01
   7  w_CBO        2.32223e+00   1.00606e-03  -1.31269e-06   1.97638e+00
   8  phi_CBO     -1.50388e+00   3.08497e-01  -5.24043e-04  -1.81193e-04
   9  ANx2         0.00000e+00   constant   
  10  pNx2         0.00000e+00   constant   
  11  ANy1         3.59380e-03   4.87395e-03  -2.18921e-06  -7.16397e-01
  12  pNy1         2.93493e+00   1.63540e+00  -1.30489e-03   5.09174e-04
  13  w_y          2.25479e-03   9.84467e-03  -8.46288e-06   4.19783e-01
  14  ANy2         7.45961e-04   6.15203e-04  -7.69184e-07  -6.39991e-02
  15  pNy2         3.50321e+01   2.23933e+01  -3.26178e-02   3.20552e-04
  16  w_vw         1.45615e+01   7.28143e-02  -1.09418e-04  -1.27919e-01
  17  LM          -3.45991e-04   constant   
  18  wCBO_expCoeff   0.00000e+00   constant   
  19  wCBO_expOffset   0.00000e+00   constant   
  20  wCBO_expT    0.00000e+00   constant   
  21  wCBO_linCoeff   0.00000e+00   constant   
  22  wCBO_const   0.00000e+00   constant   
 EXTERNAL ERROR MATRIX.    NDIM=  25    NPAR= 12    ERR DEF=1
 ELEMENTS ABOVE DIAGONAL ARE NOT PRINTED.
  1.232e+07 
  1.681e-01  4.016e-07 
 -2.083e-01 -2.274e-08  3.450e-06 
  1.393e-01  1.391e-08 -6.973e-09  4.286e-07 
 -2.102e+00 -3.572e-08 -1.403e-08 -1.869e-08  1.012e-06 
 -6.550e+02 -5.538e-06  4.981e-06 -3.178e-06  2.373e-04  9.517e-02 
 -1.042e+01 -2.532e-07  2.424e-07 -2.374e-07  4.041e-07  1.826e-04  2.376e-05 
 -4.351e+03 -8.290e-05  8.403e-05 -7.795e-05  4.463e-04  1.541e-01  7.648e-03  2.675e+00 
 -2.635e+01 -5.223e-07  4.915e-07 -4.755e-07  2.607e-06  9.026e-04  4.647e-05  1.604e-02  9.692e-05 
 -8.312e-02  7.317e-09  5.622e-09  2.411e-09  3.748e-08  1.064e-05  6.664e-08  3.276e-05  1.928e-07  3.785e-07 
 -4.868e+04 -2.750e-04  4.196e-04 -9.344e-05  1.766e-02  5.252e+00 -1.184e-02  4.894e+00  2.604e-02  5.166e-04  5.015e+02 
 -1.585e+02 -8.908e-07  1.385e-06 -3.037e-07  5.752e-05  1.710e-02 -3.807e-05  1.605e-02  8.553e-05  1.713e-06  1.629e+00 
 -1.585e+02 -8.908e-07  1.385e-06 -3.037e-07  5.752e-05  1.710e-02 -3.807e-05  1.605e-02  8.553e-05  1.713e-06  1.629e+00  5.302e-03 
 PARAMETER  CORRELATION COEFFICIENTS  
       NO.  GLOBAL      1      3      4      6      7      8     11     12     13     14     15     16
        1  0.94651   1.000  0.076 -0.032  0.061 -0.595 -0.605 -0.609 -0.758 -0.763 -0.038 -0.619 -0.620
        3  0.11602   0.076  1.000 -0.019  0.034 -0.056 -0.028 -0.082 -0.080 -0.084  0.019 -0.019 -0.019
        4  0.06303  -0.032 -0.019  1.000 -0.006 -0.008  0.009  0.027  0.028  0.027  0.005  0.010  0.010
        6  0.08816   0.061  0.034 -0.006  1.000 -0.028 -0.016 -0.074 -0.073 -0.074  0.006 -0.006 -0.006
        7  0.83387  -0.595 -0.056 -0.008 -0.028  1.000  0.765  0.082  0.271  0.263  0.061  0.784  0.785
        8  0.82084  -0.605 -0.028  0.009 -0.016  0.765  1.000  0.121  0.305  0.297  0.056  0.760  0.761
       11  0.99515  -0.609 -0.082  0.027 -0.074  0.082  0.121  1.000  0.960  0.969  0.022 -0.109 -0.107
       12  0.99706  -0.758 -0.080  0.028 -0.073  0.271  0.305  0.960  1.000  0.996  0.033  0.134  0.135
       13  0.99874  -0.763 -0.084  0.027 -0.074  0.263  0.297  0.969  0.996  1.000  0.032  0.118  0.119
       14  0.07450  -0.038  0.019  0.005  0.006  0.061  0.056  0.022  0.033  0.032  1.000  0.037  0.038
       15  0.99923  -0.619 -0.019  0.010 -0.006  0.784  0.760 -0.109  0.134  0.118  0.037  1.000  0.999
       16  0.99924  -0.620 -0.019  0.010 -0.006  0.785  0.761 -0.107  0.135  0.119  0.038  0.999  1.000
MINUIT - REFIT 5-PARAM
 **********
 **   94 **FIX            5
 **********
 PARAMETER    5  IS CONSTANT.   IGNORED.
 **********
 **   95 **FIX            6
 **********
 **********
 **   96 **FIX            7
 **********
 **********
 **   97 **FIX            8
 **********
 **********
 **   98 **FIX            9
 **********
 PARAMETER    9  IS CONSTANT.   IGNORED.
 **********
 **   99 **FIX           10
 **********
 PARAMETER   10  IS CONSTANT.   IGNORED.
 **********
 **  100 **FIX           11
 **********
 **********
 **  101 **FIX           12
 **********
 **********
 **  102 **FIX           13
 **********
 **********
 **  103 **FIX           14
 **********
 **********
 **  104 **FIX           15
 **********
 **********
 **  105 **FIX           16
 **********
 **********
 **  106 **MIGRAD
 **********
 START MIGRAD MINIMIZATION.  STRATEGY  1.  CONVERGENCE WHEN EDM .LT. 1.00e-04
 FCN=69.8921 FROM MIGRAD    STATUS=INITIATE        6 CALLS        1038 TOTAL
                     EDM=2.3837e-07    STRATEGY= 1  ERROR MATRIX UNCERTAINTY  50.0 per cent
  EXT PARAMETER                APPROXIMATE        STEP         FIRST   
  NO.   NAME      VALUE            ERROR          SIZE      DERIVATIVE 
   1  N0           3.07005e+06   1.13313e+03   3.63554e+00   3.31632e-07
   2  tau          6.43953e+01   constant   
   3  A0           3.42651e-01   6.29604e-04   2.39872e-07   7.20310e-01
   4  phi          4.11777e+00   1.85499e-03   7.95287e-07   1.04623e-01
   5  R           -6.11796e+01   constant   
   6  A_CBO        3.02734e-03     fixed    
   7  w_CBO        2.32223e+00     fixed    
   8  phi_CBO     -1.50388e+00     fixed    
   9  ANx2         0.00000e+00   constant   
  10  pNx2         0.00000e+00   constant   
  11  ANy1         3.59380e-03     fixed    
  12  pNy1         2.93493e+00     fixed    
  13  w_y          2.25479e-03     fixed    
  14  ANy2         7.45961e-04     fixed    
  15  pNy2         3.50321e+01     fixed    
  16  w_vw         1.45615e+01     fixed    
  17  LM          -3.45991e-04   constant   
  18  wCBO_expCoeff   0.00000e+00   constant   
  19  wCBO_expOffset   0.00000e+00   constant   
  20  wCBO_expT    0.00000e+00   constant   
  21  wCBO_linCoeff   0.00000e+00   constant   
  22  wCBO_const   0.00000e+00   constant   
 MIGRAD MINIMIZATION HAS CONVERGED.
 MIGRAD WILL VERIFY CONVERGENCE AND ERROR MATRIX.
 COVARIANCE MATRIX CALCULATED SUCCESSFULLY
 FCN=69.8921 FROM MIGRAD    STATUS=CONVERGED      30 CALLS        1062 TOTAL
                     EDM=1.0665e-08    STRATEGY= 1      ERROR MATRIX ACCURATE 
  EXT PARAMETER                                   STEP         FIRST   
  NO.   NAME      VALUE            ERROR          SIZE      DERIVATIVE 
   1  N0           3.07005e+06   1.40493e+03   5.61027e+00   8.85040e-08
   2  tau          6.43953e+01   constant   
   3  A0           3.42650e-01   6.16521e-04   2.53438e-06  -1.21559e-01
   4  phi          4.11776e+00   1.85711e-03   7.63022e-06  -8.87117e-03
   5  R           -6.11796e+01   constant   
   6  A_CBO        3.02734e-03     fixed    
   7  w_CBO        2.32223e+00     fixed    
   8  phi_CBO     -1.50388e+00     fixed    
   9  ANx2         0.00000e+00   constant   
  10  pNx2         0.00000e+00   constant   
  11  ANy1         3.59380e-03     fixed    
  12  pNy1         2.93493e+00     fixed    
  13  w_y          2.25479e-03     fixed    
  14  ANy2         7.45961e-04     fixed    
  15  pNy2         3.50321e+01     fixed    
  16  w_vw         1.45615e+01     fixed    
  17  LM          -3.45991e-04   constant   
  18  wCBO_expCoeff   0.00000e+00   constant   
  19  wCBO_expOffset   0.00000e+00   constant   
  20  wCBO_expT    0.00000e+00   constant   
  21  wCBO_linCoeff   0.00000e+00   constant   
  22  wCBO_const   0.00000e+00   constant   
 EXTERNAL ERROR MATRIX.    NDIM=  25    NPAR=  3    ERR DEF=1
  1.974e+06  5.615e-03 -8.555e-02 
  5.615e-03  3.801e-07 -1.505e-08 
 -8.555e-02 -1.505e-08  3.449e-06 
 PARAMETER  CORRELATION COEFFICIENTS  
       NO.  GLOBAL      1      3      4
        1  0.03334   1.000  0.006 -0.033
        3  0.01447   0.006  1.000 -0.013
        4  0.03525  -0.033 -0.013  1.000
MINUIT - 2CBO + Y
 **********
 **  107 **RES 
 **********
                   PARAMETER   16  w_vw RESTORED TO VARIABLE.
                   PARAMETER   15  pNy2 RESTORED TO VARIABLE.
                   PARAMETER   14  ANy2 RESTORED TO VARIABLE.
                   PARAMETER   13  w_y RESTORED TO VARIABLE.
                   PARAMETER   12  pNy1 RESTORED TO VARIABLE.
                   PARAMETER   11  ANy1 RESTORED TO VARIABLE.
                   PARAMETER    8  phi_CBO RESTORED TO VARIABLE.
                   PARAMETER    7  w_CBO RESTORED TO VARIABLE.
                   PARAMETER    6  A_CBO RESTORED TO VARIABLE.
 **********
 **  108 **FIX            0
 **********
 PARAMETER    0  IS UNDEFINED. IGNORED.
 **********
 **  109 **FIX            1
 **********
 **********
 **  110 **FIX            2
 **********
 PARAMETER    2  IS CONSTANT.   IGNORED.
 **********
 **  111 **FIX            3
 **********
 **********
 **  112 **FIX            4
 **********
 **********
 **  113 **FIX            5
 **********
 PARAMETER    5  IS CONSTANT.   IGNORED.
 **********
 **  114 **FIX            6
 **********
 **********
 **  115 **FIX            7
 **********
 **********
 **  116 **FIX           16
 **********
 **********
 **  117 **MIGRAD
 **********
 START MIGRAD MINIMIZATION.  STRATEGY  1.  CONVERGENCE WHEN EDM .LT. 1.00e-04
 FCN=69.8921 FROM MIGRAD    STATUS=INITIATE       12 CALLS        1074 TOTAL
                     EDM= unknown      STRATEGY= 1      NO ERROR MATRIX       
  EXT PARAMETER               CURRENT GUESS       STEP         FIRST   
  NO.   NAME      VALUE            ERROR          SIZE      DERIVATIVE 
   1  N0           3.07005e+06     fixed    
   2  tau          6.43953e+01   constant   
   3  A0           3.42650e-01     fixed    
   4  phi          4.11776e+00     fixed    
   5  R           -6.11796e+01   constant   
   6  A_CBO        3.02734e-03     fixed    
   7  w_CBO        2.32223e+00     fixed    
   8  phi_CBO     -1.50388e+00   1.98807e-01   1.98807e-01  -2.38512e-04
   9  ANx2         0.00000e+00   constant   
  10  pNx2         0.00000e+00   constant   
  11  ANy1         3.59380e-03   4.82415e-03   4.82415e-03  -2.46327e-01
  12  pNy1         2.93493e+00   3.17204e-01   3.17204e-01   2.59961e-03
  13  w_y          2.25479e-03   6.60915e-04   6.60915e-04  -2.15238e-01
  14  ANy2         7.45961e-04   6.13864e-04   6.13864e-04  -6.34772e-02
  15  pNy2         3.50321e+01   8.19913e+00   8.19913e+00   3.16237e-04
  16  w_vw         1.45615e+01     fixed    
  17  LM          -3.45991e-04   constant   
  18  wCBO_expCoeff   0.00000e+00   constant   
  19  wCBO_expOffset   0.00000e+00   constant   
  20  wCBO_expT    0.00000e+00   constant   
  21  wCBO_linCoeff   0.00000e+00   constant   
  22  wCBO_const   0.00000e+00   constant   
 MIGRAD MINIMIZATION HAS CONVERGED.
 MIGRAD WILL VERIFY CONVERGENCE AND ERROR MATRIX.
 FCN=69.8921 FROM MIGRAD    STATUS=CONVERGED      66 CALLS        1128 TOTAL
                     EDM=2.81168e-05    STRATEGY= 1      ERR MATRIX NOT POS-DEF
  EXT PARAMETER                APPROXIMATE        STEP         FIRST   
  NO.   NAME      VALUE            ERROR          SIZE      DERIVATIVE 
   1  N0           3.07005e+06     fixed    
   2  tau          6.43953e+01   constant   
   3  A0           3.42650e-01     fixed    
   4  phi          4.11776e+00     fixed    
   5  R           -6.11796e+01   constant   
   6  A_CBO        3.02734e-03     fixed    
   7  w_CBO        2.32223e+00     fixed    
   8  phi_CBO     -1.50387e+00   2.12654e-01   8.75743e-04   1.45792e-04
   9  ANx2         0.00000e+00   constant   
  10  pNx2         0.00000e+00   constant   
  11  ANy1         3.59389e-03   8.65050e-03   2.98086e-06  -9.76540e-01
  12  pNy1         2.93488e+00   2.42534e+00   6.71770e-04  -6.38422e-04
  13  w_y          2.25484e-03   5.77478e-03   2.21211e-06   7.69016e-01
  14  ANy2         7.45981e-04   6.44349e-04   2.65407e-06   2.73175e-02
  15  pNy2         3.50320e+01   8.63251e-01   3.55553e-03  -1.45254e-04
  16  w_vw         1.45615e+01     fixed    
  17  LM          -3.45991e-04   constant   
  18  wCBO_expCoeff   0.00000e+00   constant   
  19  wCBO_expOffset   0.00000e+00   constant   
  20  wCBO_expT    0.00000e+00   constant   
  21  wCBO_linCoeff   0.00000e+00   constant   
  22  wCBO_const   0.00000e+00   constant   
 EXTERNAL ERROR MATRIX.    NDIM=  25    NPAR=  6    ERR DEF=1
  4.522e-02 -9.164e-06  8.347e-04 -6.158e-06  6.573e-08 -1.167e-03 
 -9.164e-06  7.483e-05 -1.465e-02  7.105e-06 -4.770e-10  6.419e-05 
  8.347e-04 -1.465e-02  5.882e+00  8.487e-03  9.910e-09 -4.986e-03 
 -6.158e-06  7.105e-06  8.487e-03  3.335e-05  9.691e-12  2.987e-05 
  6.573e-08 -4.770e-10  9.910e-09  9.691e-12  4.152e-07 -2.242e-06 
 -1.167e-03  6.419e-05 -4.986e-03  2.987e-05 -2.242e-06  7.452e-01 
ERR MATRIX NOT POS-DEF
 PARAMETER  CORRELATION COEFFICIENTS  
       NO.  GLOBAL      8     11     12     13     14     15
        8  0.02058   1.000 -0.005  0.002 -0.005  0.000 -0.006
       11  0.99649  -0.005  1.000 -0.698  0.142 -0.000  0.009
       12  0.99774   0.002 -0.698  1.000  0.606  0.000 -0.002
       13  0.99567  -0.005  0.142  0.606  1.000  0.000  0.006
       14  0.00417   0.000 -0.000  0.000  0.000  1.000 -0.004
       15  0.01270  -0.006  0.009 -0.002  0.006 -0.004  1.000
 ERR MATRIX NOT POS-DEF
MINUIT - MINOS
 **********
 **  118 **RES 
 **********
                   PARAMETER   16  w_vw RESTORED TO VARIABLE.
                   PARAMETER    7  w_CBO RESTORED TO VARIABLE.
                   PARAMETER    6  A_CBO RESTORED TO VARIABLE.
                   PARAMETER    4  phi RESTORED TO VARIABLE.
                   PARAMETER    3  A0 RESTORED TO VARIABLE.
                   PARAMETER    1  N0 RESTORED TO VARIABLE.
 **********
 **  119 **MIG      2.5e+04        0.01
 **********
 START MIGRAD MINIMIZATION.  STRATEGY  1.  CONVERGENCE WHEN EDM .LT. 1.00e-05
 FCN=69.8921 FROM MIGRAD    STATUS=INITIATE       24 CALLS        1152 TOTAL
                     EDM= unknown      STRATEGY= 1      NO ERROR MATRIX       
  EXT PARAMETER               CURRENT GUESS       STEP         FIRST   
  NO.   NAME      VALUE            ERROR          SIZE      DERIVATIVE 
   1  N0           3.07005e+06   1.40493e+03   1.40493e+03   4.66456e-07
   2  tau          6.43953e+01   constant   
   3  A0           3.42650e-01   6.16521e-04   6.16521e-04  -1.27064e-01
   4  phi          4.11776e+00   1.85711e-03   1.85711e-03   9.64234e-05
   5  R           -6.11796e+01   constant   
   6  A_CBO        3.02734e-03   6.54669e-04   6.54669e-04   2.03957e-01
   7  w_CBO        2.32223e+00   1.00566e-03   1.00566e-03   1.87670e+00
   8  phi_CBO     -1.50387e+00   2.12654e-01   8.75743e-04   1.46019e-04
   9  ANx2         0.00000e+00   constant   
  10  pNx2         0.00000e+00   constant   
  11  ANy1         3.59389e-03   8.65050e-03   2.98086e-06  -9.76539e-01
  12  pNy1         2.93488e+00   2.42534e+00   6.71770e-04  -6.51547e-04
  13  w_y          2.25484e-03   5.77478e-03   2.21211e-06   7.72989e-01
  14  ANy2         7.45981e-04   6.44349e-04   2.65407e-06   2.73174e-02
  15  pNy2         3.50320e+01   8.63251e-01   3.55553e-03  -1.45290e-04
  16  w_vw         1.45615e+01   2.84450e-03   2.84450e-03   1.48835e-02
  17  LM          -3.45991e-04   constant   
  18  wCBO_expCoeff   0.00000e+00   constant   
  19  wCBO_expOffset   0.00000e+00   constant   
  20  wCBO_expT    0.00000e+00   constant   
  21  wCBO_linCoeff   0.00000e+00   constant   
  22  wCBO_const   0.00000e+00   constant   
 MIGRAD MINIMIZATION HAS CONVERGED.
 MIGRAD WILL VERIFY CONVERGENCE AND ERROR MATRIX.
 FCN=69.8916 FROM HESSE     STATUS=NOT POSDEF    115 CALLS        1587 TOTAL
                     EDM=8.0704e-06    STRATEGY= 1      ERR MATRIX NOT POS-DEF
  EXT PARAMETER                APPROXIMATE        STEP         FIRST   
  NO.   NAME      VALUE            ERROR          SIZE      DERIVATIVE 
   1  N0           3.06982e+06   1.65269e+04   5.60985e+00   2.01303e-07
   2  tau          6.43953e+01   constant   
   3  A0           3.42651e-01   6.15691e-04   2.53437e-06  -3.95399e-01
   4  phi          4.11776e+00   1.85460e-03   7.63018e-06  -7.00656e-02
   5  R           -6.11796e+01   constant   
   6  A_CBO        3.02717e-03   6.48273e-04   2.66689e-06   4.18947e-02
   7  w_CBO        2.32175e+00   6.59831e-03   2.88503e-06  -6.98592e-02
   8  phi_CBO     -1.64857e+00   2.00306e+00   8.75822e-04  -9.53961e-04
   9  ANx2         0.00000e+00   constant   
  10  pNx2         0.00000e+00   constant   
  11  ANy1         3.64577e-03   8.85557e-03   3.12835e-06  -3.32462e-01
  12  pNy1         2.86976e+00   2.01903e+00   6.43226e-04   9.56350e-04
  13  w_y          2.16463e-03   5.42665e-03   2.11839e-06   4.18057e-01
  14  ANy2         7.46016e-04   6.44420e-04   2.65422e-06  -2.17042e-02
  15  pNy2         3.50707e+01   8.04496e+00   3.55559e-03   1.16255e-04
  16  w_vw         1.45617e+01   2.62180e-02   1.15877e-05  -3.31346e-02
  17  LM          -3.45991e-04   constant   
  18  wCBO_expCoeff   0.00000e+00   constant   
  19  wCBO_expOffset   0.00000e+00   constant   
  20  wCBO_expT    0.00000e+00   constant   
  21  wCBO_linCoeff   0.00000e+00   constant   
  22  wCBO_const   0.00000e+00   constant   
 MIGRAD MINIMIZATION HAS CONVERGED.
 MIGRAD WILL VERIFY CONVERGENCE AND ERROR MATRIX.
 FCN=69.4792 FROM MIGRAD    STATUS=CONVERGED    1927 CALLS        3055 TOTAL
                     EDM=6.43754e-07    STRATEGY= 1      ERR MATRIX NOT POS-DEF
  EXT PARAMETER                APPROXIMATE        STEP         FIRST   
  NO.   NAME      VALUE            ERROR          SIZE      DERIVATIVE 
   1  N0           3.04830e+06   1.55395e+04   5.55644e+00   3.04350e-07
   2  tau          6.43953e+01   constant   
   3  A0           3.42666e-01   6.17028e-04   2.52696e-06  -2.34223e-01
   4  phi          4.11784e+00   1.86063e-03   7.60762e-06  -9.71231e-02
   5  R           -6.11796e+01   constant   
   6  A_CBO        3.00896e-03   6.50067e-04   2.65934e-06   3.02450e-01
   7  w_CBO        2.32160e+00   8.56236e-03   2.89231e-06  -2.42371e-02
   8  phi_CBO     -1.68576e+00   2.60071e+00   8.78528e-04   3.97214e-05
   9  ANx2         0.00000e+00   constant   
  10  pNx2         0.00000e+00   constant   
  11  ANy1         5.20370e-03   5.38267e-03   2.01364e-06   6.85201e-01
  12  pNy1         1.06687e+01   3.41538e+00   1.02567e-03  -1.17667e-03
  13  w_y          3.49663e-02   1.12263e-02   3.40269e-06   3.40372e-01
  14  ANy2         7.50978e-04   6.49876e-04   2.66477e-06   3.21935e-01
  15  pNy2         3.54521e+01   1.02989e+01   3.54627e-03   1.73243e-04
  16  w_vw         1.45629e+01   3.35654e-02   1.15580e-05  -5.05805e-02
  17  LM          -3.45991e-04   constant   
  18  wCBO_expCoeff   0.00000e+00   constant   
  19  wCBO_expOffset   0.00000e+00   constant   
  20  wCBO_expT    0.00000e+00   constant   
  21  wCBO_linCoeff   0.00000e+00   constant   
  22  wCBO_const   0.00000e+00   constant   
 EXTERNAL ERROR MATRIX.    NDIM=  25    NPAR= 12    ERR DEF=1
 ELEMENTS ABOVE DIAGONAL ARE NOT PRINTED.
  2.415e+08 
 -1.744e-01  3.807e-07 
 -1.109e+00 -1.731e-08  3.462e-06 
  2.483e-01  1.334e-08  3.728e-09  4.226e-07 
  4.591e-01 -8.707e-08  6.486e-07 -5.136e-08  7.331e-05 
  5.035e+01 -2.762e-05  1.972e-04 -1.382e-05  2.219e-02  6.764e+00 
 -8.322e+01  6.215e-08  3.762e-07 -8.447e-08 -1.337e-07 -1.077e-05  2.897e-05 
  1.944e+04  9.357e-06  9.243e-05 -2.294e-05 -4.995e-06  4.686e-03 -6.033e-03  1.166e+01 
  6.233e+01  5.862e-08  2.264e-07 -4.203e-08 -2.395e-07 -4.968e-05 -1.934e-05  3.823e-02  1.260e-04 
 -5.375e-02  1.295e-10  7.821e-10 -2.643e-10  1.028e-10  1.222e-07  1.876e-08 -5.215e-06 -1.679e-08  4.223e-07 
 -1.042e+03 -2.979e-05 -4.510e-05  1.167e-06 -3.286e-04 -1.138e-01  3.473e-04  8.159e-02  2.385e-04 -3.127e-04  1.061e+02 
 -3.282e+00 -8.590e-08 -1.636e-07  1.514e-08 -9.519e-07 -3.311e-04  1.092e-06  2.531e-04  7.671e-07 -1.015e-06  3.445e-01 
 -3.282e+00 -8.590e-08 -1.636e-07  1.514e-08 -9.519e-07 -3.311e-04  1.092e-06  2.531e-04  7.671e-07 -1.015e-06  3.445e-01  1.127e-03 
ERR MATRIX NOT POS-DEF
 PARAMETER  CORRELATION COEFFICIENTS  
       NO.  GLOBAL      1      3      4      6      7      8     11     12     13     14     15     16
        1  0.99598   1.000 -0.018 -0.038  0.025  0.003  0.001 -0.995  0.366  0.357 -0.005 -0.007 -0.006
        3  0.06839  -0.018  1.000 -0.015  0.033 -0.016 -0.017  0.019  0.004  0.008  0.000 -0.005 -0.004
        4  0.08890  -0.038 -0.015  1.000  0.003  0.041  0.041  0.038  0.015  0.011  0.001 -0.002 -0.003
        6  0.08290   0.025  0.033  0.003  1.000 -0.009 -0.008 -0.024 -0.010 -0.006 -0.001  0.000  0.001
        7  0.99661   0.003 -0.016  0.041 -0.009  1.000  0.997 -0.003 -0.000 -0.002  0.000 -0.004 -0.003
        8  0.99661   0.001 -0.017  0.041 -0.008  0.997  1.000 -0.001  0.001 -0.002  0.000 -0.004 -0.004
       11  0.99584  -0.995  0.019  0.038 -0.024 -0.003 -0.001  1.000 -0.328 -0.320  0.005  0.006  0.006
       12  0.99732   0.366  0.004  0.015 -0.010 -0.000  0.001 -0.328  1.000  0.997 -0.002  0.002  0.002
       13  0.99727   0.357  0.008  0.011 -0.006 -0.002 -0.002 -0.320  0.997  1.000 -0.002  0.002  0.002
       14  0.04707  -0.005  0.000  0.001 -0.001  0.000  0.000  0.005 -0.002 -0.002  1.000 -0.047 -0.047
       15  0.99647  -0.007 -0.005 -0.002  0.000 -0.004 -0.004  0.006  0.002  0.002 -0.047  1.000  0.996
       16  0.99647  -0.006 -0.004 -0.003  0.001 -0.003 -0.004  0.006  0.002  0.002 -0.047  0.996  1.000
 ERR MATRIX NOT POS-DEF
 **********
 **  120 **MINO      2.5e+04
 **********
                         POSITIVE MINOS ERROR NOT CALCULATED FOR PARAMETER 1
                         NEGATIVE MINOS ERROR NOT CALCULATED FOR PARAMETER 1
 MIGRAD FAILS WITH STRATEGY=0.   WILL TRY WITH STRATEGY=1.
                         POSITIVE MINOS ERROR NOT CALCULATED FOR PARAMETER 8
                         NEGATIVE MINOS ERROR NOT CALCULATED FOR PARAMETER 8
                         POSITIVE MINOS ERROR NOT CALCULATED FOR PARAMETER 11
 MIGRAD FAILS WITH STRATEGY=0.   WILL TRY WITH STRATEGY=1.
                         NEGATIVE MINOS ERROR NOT CALCULATED FOR PARAMETER 11
                         POSITIVE MINOS ERROR NOT CALCULATED FOR PARAMETER 12
                         NEGATIVE MINOS ERROR NOT CALCULATED FOR PARAMETER 12
 FCN=69.3591 FROM MINOS     STATUS=NEW MINIMU  30433 CALLS       33603 TOTAL
                     EDM= unknown      STRATEGY= 1      NO ERROR MATRIX       
  EXT PARAMETER                  PARABOLIC         MINOS ERRORS        
  NO.   NAME      VALUE            ERROR      NEGATIVE      POSITIVE   
   1  N0           3.06305e+06   1.37558e+03                            
   2  tau          6.43953e+01   constant   
   3  A0           3.42663e-01   6.18832e-04  -6.18501e-04   6.18571e-04
   4  phi          4.11780e+00   1.87829e-03  -1.87319e-03   1.87380e-03
   5  R           -6.11796e+01   constant   
   6  A_CBO        3.01857e-03   6.53007e-04  -6.51446e-04   6.51280e-04
   7  w_CBO        2.32159e+00   2.05694e-02  -2.09252e-02   1.60723e-02
   8  phi_CBO     -1.69153e+00   6.24859e+00                            
   9  ANx2         0.00000e+00   constant   
  10  pNx2         0.00000e+00   constant   
  11  ANy1         4.91696e-04   6.60599e-04                            
  12  pNy1         1.48353e+01   1.29985e+00                            
  13  w_y          1.74202e-01   1.14127e-02                            
  14  ANy2         7.47275e-04   6.48937e-04                            
  15  pNy2         3.53111e+01   2.28361e+01                            
  16  w_vw         1.45625e+01   7.44228e-02                            
  17  LM          -3.45991e-04   constant   
  18  wCBO_expCoeff   0.00000e+00   constant   
  19  wCBO_expOffset   0.00000e+00   constant   
  20  wCBO_expT    0.00000e+00   constant   
  21  wCBO_linCoeff   0.00000e+00   constant   
  22  wCBO_const   0.00000e+00   constant   
 NEW MINIMUM FOUND.  GO BACK TO MINIMIZATION STEP.
 =================================================
                                                  V
                                                  V
                                                  V
                                               VVVVVVV
                                                VVVVV
                                                 VVV
                                                  V

 START MIGRAD MINIMIZATION.  STRATEGY  1.  CONVERGENCE WHEN EDM .LT. 5.00e-05
 FCN=69.3591 FROM MIGRAD    STATUS=INITIATE       24 CALLS       33627 TOTAL
                     EDM= unknown      STRATEGY= 1      NO ERROR MATRIX       
  EXT PARAMETER               CURRENT GUESS       STEP         FIRST   
  NO.   NAME      VALUE            ERROR          SIZE      DERIVATIVE 
   1  N0           3.06305e+06   1.37558e+03  -2.41959e+00  -1.45367e-06
   2  tau          6.43953e+01   constant   
   3  A0           3.42663e-01   6.18832e-04  -1.79771e-07  -1.86584e+00
   4  phi          4.11780e+00   1.87829e-03   1.20918e-06   1.22660e-01
   5  R           -6.11796e+01   constant   
   6  A_CBO        3.01857e-03   6.53007e-04  -4.51773e-07  -1.08647e+00
   7  w_CBO        2.32159e+00   2.05694e-02   1.87716e-05   1.03474e+00
   8  phi_CBO     -1.69153e+00   6.24859e+00   5.69620e-03  -3.09850e-03
   9  ANx2         0.00000e+00   constant   
  10  pNx2         0.00000e+00   constant   
  11  ANy1         4.91696e-04   6.60599e-04   3.37932e-06  -2.58122e+00
  12  pNy1         1.48353e+01   1.29985e+00   2.94506e-02   2.45367e-04
  13  w_y          1.74202e-01   1.14127e-02   1.14127e-02  -4.31372e+00
  14  ANy2         7.47275e-04   6.48937e-04  -1.90121e-08  -1.76653e-02
  15  pNy2         3.53111e+01   2.28361e+01   3.00705e-03   2.43147e-04
  16  w_vw         1.45625e+01   7.44228e-02   9.44041e-06  -7.64807e-02
  17  LM          -3.45991e-04   constant   
  18  wCBO_expCoeff   0.00000e+00   constant   
  19  wCBO_expOffset   0.00000e+00   constant   
  20  wCBO_expT    0.00000e+00   constant   
  21  wCBO_linCoeff   0.00000e+00   constant   
  22  wCBO_const   0.00000e+00   constant   
 MIGRAD MINIMIZATION HAS CONVERGED.
 FCN=69.1127 FROM MIGRAD    STATUS=CONVERGED     300 CALLS       33903 TOTAL
                     EDM=4.44813e-06    STRATEGY= 1  ERROR MATRIX UNCERTAINTY   0.9 per cent
  EXT PARAMETER                                   STEP         FIRST   
  NO.   NAME      VALUE            ERROR          SIZE      DERIVATIVE 
   1  N0           3.06328e+06   1.39537e+03   1.00802e+00  -1.37220e-06
   2  tau          6.43953e+01   constant   
   3  A0           3.42638e-01   6.23541e-04  -8.60786e-07  -1.20704e+00
   4  phi          4.11782e+00   1.85594e-03   2.92717e-06   8.92199e-02
   5  R           -6.11796e+01   constant   
   6  A_CBO        3.00393e-03   6.51560e-04  -1.18836e-06  -4.86862e-01
   7  w_CBO        2.32157e+00   6.23059e-04   8.98527e-07  -1.83358e+00
   8  phi_CBO     -1.70311e+00   1.91726e-01   3.32495e-04  -7.17941e-03
   9  ANx2         0.00000e+00   constant   
  10  pNx2         0.00000e+00   constant   
  11  ANy1         5.93895e-04   6.71979e-04   2.73822e-06  -5.49998e-01
  12  pNy1         3.29921e+01   2.92553e+01  -2.61372e-01   2.80292e-04
  13  w_y          2.35346e-01   9.73341e-02  -8.67454e-04  -8.54959e-02
  14  ANy2         7.47339e-04   6.46969e-04   1.79966e-08   2.50407e-02
  15  pNy2         3.53149e+01   8.48449e-01   9.20265e-04   2.59347e-03
  16  w_vw         1.45624e+01   2.76469e-03  -3.46292e-06  -7.13650e-01
  17  LM          -3.45991e-04   constant   
  18  wCBO_expCoeff   0.00000e+00   constant   
  19  wCBO_expOffset   0.00000e+00   constant   
  20  wCBO_expT    0.00000e+00   constant   
  21  wCBO_linCoeff   0.00000e+00   constant   
  22  wCBO_const   0.00000e+00   constant   
 EXTERNAL ERROR MATRIX.    NDIM=  25    NPAR= 12    ERR DEF=1
 ELEMENTS ABOVE DIAGONAL ARE NOT PRINTED.
  1.947e+06 
 -2.612e-02  3.888e-07 
  8.394e-02 -8.540e-09  3.445e-06 
 -3.708e-02  6.397e-09 -3.414e-09  4.245e-07 
  2.771e-03 -8.186e-11  1.491e-08 -5.887e-09  3.882e-07 
  3.890e+00 -1.985e-06  6.193e-06 -2.274e-06  3.811e-05  3.676e-02 
  6.856e-02 -1.350e-08  5.679e-08 -2.155e-08  2.336e-08  6.526e-06  4.516e-07 
  3.547e+03 -9.497e-04 -7.709e-05 -2.836e-04 -1.797e-03 -1.070e+00 -9.894e-04  8.559e+02 
  1.071e+01 -3.190e-06 -2.969e-07 -9.547e-07 -5.953e-06 -3.555e-03 -3.130e-06  2.845e+00  9.474e-03 
 -1.509e-04 -1.323e-10  4.905e-10 -1.972e-10  8.857e-10 -2.423e-07  4.073e-10  2.041e-05  6.689e-08  4.186e-07 
  6.229e+00  5.082e-06 -1.696e-05  7.004e-06  3.278e-05 -1.271e-02 -3.823e-06  2.606e+00  8.687e-03 -5.002e-07  7.199e-01 
 -2.838e-02 -1.359e-08  4.351e-08 -1.812e-08 -1.115e-07  3.925e-05 -1.772e-09 -7.420e-03 -2.475e-05  1.583e-09  9.557e-05 
 -2.838e-02 -1.359e-08  4.351e-08 -1.812e-08 -1.115e-07  3.925e-05 -1.772e-09 -7.420e-03 -2.475e-05  1.583e-09  9.557e-05  7.644e-06 
 PARAMETER  CORRELATION COEFFICIENTS  
       NO.  GLOBAL      1      3      4      6      7      8     11     12     13     14     15     16
        1  0.24489   1.000 -0.030  0.032 -0.041  0.003  0.015  0.073  0.087  0.079 -0.000  0.005 -0.007
        3  0.07647  -0.030  1.000 -0.007  0.016 -0.000 -0.017 -0.032 -0.052 -0.053 -0.000  0.010 -0.008
        4  0.05829   0.032 -0.007  1.000 -0.003  0.013  0.017  0.046 -0.001 -0.002  0.000 -0.011  0.008
        6  0.07057  -0.041  0.016 -0.003  1.000 -0.015 -0.018 -0.049 -0.015 -0.015 -0.000  0.013 -0.010
        7  0.35006   0.003 -0.000  0.013 -0.015  1.000  0.319  0.056 -0.099 -0.098  0.002  0.062 -0.065
        8  0.37805   0.015 -0.017  0.017 -0.018  0.319  1.000  0.051 -0.191 -0.191 -0.002 -0.078  0.074
       11  0.15029   0.073 -0.032  0.046 -0.049  0.056  0.051  1.000 -0.050 -0.048  0.001 -0.007 -0.001
       12  0.99927   0.087 -0.052 -0.001 -0.015 -0.099 -0.191 -0.050  1.000  0.999  0.001  0.105 -0.092
       13  0.99927   0.079 -0.053 -0.002 -0.015 -0.098 -0.191 -0.048  0.999  1.000  0.001  0.105 -0.092
       14  0.00439  -0.000 -0.000  0.000 -0.000  0.002 -0.002  0.001  0.001  0.001  1.000 -0.001  0.001
       15  0.16816   0.005  0.010 -0.011  0.013  0.062 -0.078 -0.007  0.105  0.105 -0.001  1.000  0.041
       16  0.15988  -0.007 -0.008  0.008 -0.010 -0.065  0.074 -0.001 -0.092 -0.092  0.001  0.041  1.000
                         POSITIVE MINOS ERROR NOT CALCULATED FOR PARAMETER 7
                         NEGATIVE MINOS ERROR NOT CALCULATED FOR PARAMETER 7
                         POSITIVE MINOS ERROR NOT CALCULATED FOR PARAMETER 8
                         NEGATIVE MINOS ERROR NOT CALCULATED FOR PARAMETER 8
                         POSITIVE MINOS ERROR NOT CALCULATED FOR PARAMETER 12
                         NEGATIVE MINOS ERROR NOT CALCULATED FOR PARAMETER 12
                         POSITIVE MINOS ERROR NOT CALCULATED FOR PARAMETER 13
 FCN=67.9366 FROM MINOS     STATUS=NEW MINIMU  16131 CALLS       50034 TOTAL
                     EDM= unknown      STRATEGY= 1      NO ERROR MATRIX       
  EXT PARAMETER                  PARABOLIC         MINOS ERRORS        
  NO.   NAME      VALUE            ERROR      NEGATIVE      POSITIVE   
   1  N0           3.06319e+06   1.41244e+03  -1.46554e+03   1.47344e+03
   2  tau          6.43953e+01   constant   
   3  A0           3.42643e-01   6.16245e-04  -6.19986e-04   6.18577e-04
   4  phi          4.11774e+00   1.86374e-03  -1.86260e-03   1.87774e-03
   5  R           -6.11796e+01   constant   
   6  A_CBO        3.02894e-03   6.50238e-04  -6.50264e-04   6.50482e-04
   7  w_CBO        2.32027e+00   2.08111e-02                            
   8  phi_CBO     -2.10109e+00   6.31870e+00                            
   9  ANx2         0.00000e+00   constant   
  10  pNx2         0.00000e+00   constant   
  11  ANy1         9.17023e-04   6.73260e-04  -6.64239e-04   6.71767e-04
  12  pNy1         6.42963e+00   7.10663e-01                            
  13  w_y         -5.30698e-01   9.73341e-02                            
  14  ANy2         7.47176e-04   6.54080e-04                            
  15  pNy2         3.50756e+01   2.27131e+01                            
  16  w_vw         1.45617e+01   7.40373e-02                            
  17  LM          -3.45991e-04   constant   
  18  wCBO_expCoeff   0.00000e+00   constant   
  19  wCBO_expOffset   0.00000e+00   constant   
  20  wCBO_expT    0.00000e+00   constant   
  21  wCBO_linCoeff   0.00000e+00   constant   
  22  wCBO_const   0.00000e+00   constant   
 NEW MINIMUM FOUND.  GO BACK TO MINIMIZATION STEP.
 =================================================
                                                  V
                                                  V
                                                  V
                                               VVVVVVV
                                                VVVVV
                                                 VVV
                                                  V

 START MIGRAD MINIMIZATION.  STRATEGY  1.  CONVERGENCE WHEN EDM .LT. 5.00e-05
 FCN=67.9366 FROM MIGRAD    STATUS=INITIATE       26 CALLS       50060 TOTAL
                     EDM= unknown      STRATEGY= 1      NO ERROR MATRIX       
  EXT PARAMETER               CURRENT GUESS       STEP         FIRST   
  NO.   NAME      VALUE            ERROR          SIZE      DERIVATIVE 
   1  N0           3.06319e+06   1.41244e+03  -3.68656e+00   2.43510e-07
   2  tau          6.43953e+01   constant   
   3  A0           3.42643e-01   6.16245e-04   1.98752e-07  -1.07737e+00
   4  phi          4.11774e+00   1.86374e-03   1.29632e-06  -1.47118e-01
   5  R           -6.11796e+01   constant   
   6  A_CBO        3.02894e-03   6.50238e-04  -1.37208e-07  -2.72613e-01
   7  w_CBO        2.32027e+00   2.08111e-02   3.73579e-06   6.50118e-01
   8  phi_CBO     -2.10109e+00   6.31870e+00   1.24173e-03  -1.99744e-03
   9  ANx2         0.00000e+00   constant   
  10  pNx2         0.00000e+00   constant   
  11  ANy1         9.17023e-04   6.73260e-04  -2.07812e-06   2.06880e+00
  12  pNy1         6.42963e+00   7.10663e-01  -5.15824e-03  -1.10205e-03
  13  w_y         -5.30698e-01   9.73341e-02   9.73341e-02   4.62579e+00
  14  ANy2         7.47176e-04   6.54080e-04   7.15836e-08  -2.04849e-01
  15  pNy2         3.50756e+01   2.27131e+01   7.46299e-04   2.71340e-05
  16  w_vw         1.45617e+01   7.40373e-02   2.27161e-06  -7.67029e-03
  17  LM          -3.45991e-04   constant   
  18  wCBO_expCoeff   0.00000e+00   constant   
  19  wCBO_expOffset   0.00000e+00   constant   
  20  wCBO_expT    0.00000e+00   constant   
  21  wCBO_linCoeff   0.00000e+00   constant   
  22  wCBO_const   0.00000e+00   constant   
 MIGRAD MINIMIZATION HAS CONVERGED.
 FCN=67.9163 FROM MIGRAD    STATUS=CONVERGED     195 CALLS       50229 TOTAL
                     EDM=1.49137e-06    STRATEGY= 1  ERROR MATRIX UNCERTAINTY   1.9 per cent
  EXT PARAMETER                                   STEP         FIRST   
  NO.   NAME      VALUE            ERROR          SIZE      DERIVATIVE 
   1  N0           3.06319e+06   1.41476e+03   2.93367e-03   2.85171e-08
   2  tau          6.43953e+01   constant   
   3  A0           3.42650e-01   6.19659e-04   1.25787e-07  -3.13552e-01
   4  phi          4.11772e+00   1.86328e-03  -6.21272e-07   1.09032e-01
   5  R           -6.11796e+01   constant   
   6  A_CBO        3.03899e-03   6.54101e-04   3.17192e-07  -4.24877e-01
   7  w_CBO        2.32026e+00   6.05040e-04   7.04800e-08   1.02143e+00
   8  phi_CBO     -2.10360e+00   1.88222e-01  -1.03044e-04   1.79038e-03
   9  ANx2         0.00000e+00   constant   
  10  pNx2         0.00000e+00   constant   
  11  ANy1         9.26642e-04   6.93903e-04  -1.10351e-06   1.68734e+00
  12  pNy1         3.62126e+00   1.96347e+01   3.19106e-03   3.86457e-04
  13  w_y         -5.40003e-01   6.49944e-02   1.16488e-05  -1.19179e-01
  14  ANy2         7.47285e-04   6.47055e-04   3.51031e-08  -4.13838e-02
  15  pNy2         3.50751e+01   7.67881e-01   7.87322e-04   1.53946e-03
  16  w_vw         1.45617e+01   2.51989e-03  -2.69475e-06  -4.30595e-01
  17  LM          -3.45991e-04   constant   
  18  wCBO_expCoeff   0.00000e+00   constant   
  19  wCBO_expOffset   0.00000e+00   constant   
  20  wCBO_expT    0.00000e+00   constant   
  21  wCBO_linCoeff   0.00000e+00   constant   
  22  wCBO_const   0.00000e+00   constant   
 EXTERNAL ERROR MATRIX.    NDIM=  25    NPAR= 12    ERR DEF=1
 ELEMENTS ABOVE DIAGONAL ARE NOT PRINTED.
  2.002e+06 
 -1.643e-02  3.840e-07 
 -5.801e-02 -1.468e-08  3.472e-06 
  4.377e-03  8.691e-09 -9.906e-09  4.278e-07 
  4.168e-03 -2.924e-09  2.399e-08 -1.477e-08  3.661e-07 
 -3.045e+00 -2.482e-06  6.726e-06 -2.106e-06  3.940e-05  3.543e-02 
  2.792e-02 -4.990e-09  2.429e-08 -1.412e-08  1.723e-08  5.553e-06  4.815e-07 
 -4.475e+02 -9.912e-04  3.250e-03 -1.458e-03  1.241e-03  3.429e-01 -1.203e-03  3.855e+02 
 -1.523e+00 -3.302e-06  1.051e-05 -4.756e-06  4.106e-06  1.123e-03 -4.027e-06  1.275e+00  4.224e-03 
 -2.675e-03  3.836e-10 -9.227e-10  7.956e-10 -7.921e-10 -2.011e-07 -1.497e-09 -1.820e-05 -5.824e-08  4.187e-07 
 -4.435e+00 -2.258e-06  2.731e-05 -1.406e-05 -1.776e-05 -4.589e-03  4.353e-05 -3.174e-01 -1.112e-03 -1.702e-06  5.896e-01 
  1.355e-02  6.263e-09 -8.131e-08  4.193e-08  5.517e-08  1.650e-05 -1.219e-07  6.112e-04  2.200e-06  4.982e-09  5.058e-04 
  1.355e-02  6.263e-09 -8.131e-08  4.193e-08  5.517e-08  1.650e-05 -1.219e-07  6.112e-04  2.200e-06  4.982e-09  5.058e-04  6.350e-06 
 PARAMETER  CORRELATION COEFFICIENTS  
       NO.  GLOBAL      1      3      4      6      7      8     11     12     13     14     15     16
        1  0.04910   1.000 -0.019 -0.022  0.005  0.005 -0.011  0.028 -0.016 -0.017 -0.003 -0.004  0.004
        3  0.09025  -0.019  1.000 -0.013  0.021 -0.008 -0.021 -0.012 -0.081 -0.082  0.001 -0.005  0.004
        4  0.11446  -0.022 -0.013  1.000 -0.008  0.021  0.019  0.019  0.089  0.087 -0.001  0.019 -0.017
        6  0.13757   0.005  0.021 -0.008  1.000 -0.037 -0.017 -0.031 -0.114 -0.112  0.002 -0.028  0.025
        7  0.35912   0.005 -0.008  0.021 -0.037  1.000  0.346  0.041  0.104  0.104 -0.002 -0.038  0.036
        8  0.35574  -0.011 -0.021  0.019 -0.017  0.346  1.000  0.043  0.093  0.092 -0.002 -0.032  0.035
       11  0.17546   0.028 -0.012  0.019 -0.031  0.041  0.043  1.000 -0.088 -0.089 -0.003  0.082 -0.070
       12  0.99936  -0.016 -0.081  0.089 -0.114  0.104  0.093 -0.088  1.000  0.999 -0.001 -0.021  0.012
       13  0.99936  -0.017 -0.082  0.087 -0.112  0.104  0.092 -0.089  0.999  1.000 -0.001 -0.022  0.013
       14  0.00747  -0.003  0.001 -0.001  0.002 -0.002 -0.002 -0.003 -0.001 -0.001  1.000 -0.003  0.003
       15  0.29219  -0.004 -0.005  0.019 -0.028 -0.038 -0.032  0.082 -0.021 -0.022 -0.003  1.000  0.261
       16  0.28842   0.004  0.004 -0.017  0.025  0.036  0.035 -0.070  0.012  0.013  0.003  0.261  1.000
                         POSITIVE MINOS ERROR NOT CALCULATED FOR PARAMETER 7
                         NEGATIVE MINOS ERROR NOT CALCULATED FOR PARAMETER 7
                         POSITIVE MINOS ERROR NOT CALCULATED FOR PARAMETER 8
                         NEGATIVE MINOS ERROR NOT CALCULATED FOR PARAMETER 8
                         POSITIVE MINOS ERROR NOT CALCULATED FOR PARAMETER 13
                         POSITIVE MINOS ERROR NOT CALCULATED FOR PARAMETER 15
                         NEGATIVE MINOS ERROR NOT CALCULATED FOR PARAMETER 15
                         POSITIVE MINOS ERROR NOT CALCULATED FOR PARAMETER 16
                         NEGATIVE MINOS ERROR NOT CALCULATED FOR PARAMETER 16
 FCN=67.9163 FROM MINOS     STATUS=PROBLEMS    17469 CALLS       67698 TOTAL
                     EDM=1.49137e-06    STRATEGY= 1  ERROR MATRIX UNCERTAINTY   1.9 per cent
  EXT PARAMETER                  PARABOLIC         MINOS ERRORS        
  NO.   NAME      VALUE            ERROR      NEGATIVE      POSITIVE   
   1  N0           3.06319e+06   1.41476e+03  -1.40461e+03   1.40480e+03
   2  tau          6.43953e+01   constant   
   3  A0           3.42650e-01   6.19659e-04  -6.18941e-04   6.19009e-04
   4  phi          4.11772e+00   1.86328e-03  -1.88021e-03   1.87397e-03
   5  R           -6.11796e+01   constant   
   6  A_CBO        3.03899e-03   6.54101e-04  -6.53438e-04   6.53724e-04
   7  w_CBO        2.32026e+00   6.05040e-04                            
   8  phi_CBO     -2.10360e+00   1.88222e-01                            
   9  ANx2         0.00000e+00   constant   
  10  pNx2         0.00000e+00   constant   
  11  ANy1         9.26642e-04   6.93903e-04  -6.56231e-04   6.57898e-04
  12  pNy1         3.62126e+00   1.96347e+01  -1.20008e+02   1.54431e+02
  13  w_y         -5.40003e-01   6.49944e-02  -7.46495e-02              
  14  ANy2         7.47285e-04   6.47055e-04  -6.47001e-04   6.47025e-04
  15  pNy2         3.50751e+01   7.67881e-01                            
  16  w_vw         1.45617e+01   2.51989e-03                            
  17  LM          -3.45991e-04   constant   
  18  wCBO_expCoeff   0.00000e+00   constant   
  19  wCBO_expOffset   0.00000e+00   constant   
  20  wCBO_expT    0.00000e+00   constant   
  21  wCBO_linCoeff   0.00000e+00   constant   
  22  wCBO_const   0.00000e+00   constant   
 **********
 **  121 **SHO COR 
 **********
 PARAMETER  CORRELATION COEFFICIENTS  
       NO.  GLOBAL      1      3      4      6      7      8     11     12     13     14     15     16
        1  0.04910   1.000 -0.019 -0.022  0.005  0.005 -0.011  0.028 -0.016 -0.017 -0.003 -0.004  0.004
        3  0.09025  -0.019  1.000 -0.013  0.021 -0.008 -0.021 -0.012 -0.081 -0.082  0.001 -0.005  0.004
        4  0.11446  -0.022 -0.013  1.000 -0.008  0.021  0.019  0.019  0.089  0.087 -0.001  0.019 -0.017
        6  0.13757   0.005  0.021 -0.008  1.000 -0.037 -0.017 -0.031 -0.114 -0.112  0.002 -0.028  0.025
        7  0.35912   0.005 -0.008  0.021 -0.037  1.000  0.346  0.041  0.104  0.104 -0.002 -0.038  0.036
        8  0.35574  -0.011 -0.021  0.019 -0.017  0.346  1.000  0.043  0.093  0.092 -0.002 -0.032  0.035
       11  0.17546   0.028 -0.012  0.019 -0.031  0.041  0.043  1.000 -0.088 -0.089 -0.003  0.082 -0.070
       12  0.99936  -0.016 -0.081  0.089 -0.114  0.104  0.093 -0.088  1.000  0.999 -0.001 -0.021  0.012
       13  0.99936  -0.017 -0.082  0.087 -0.112  0.104  0.092 -0.089  0.999  1.000 -0.001 -0.022  0.013
       14  0.00747  -0.003  0.001 -0.001  0.002 -0.002 -0.002 -0.003 -0.001 -0.001  1.000 -0.003  0.003
       15  0.29219  -0.004 -0.005  0.019 -0.028 -0.038 -0.032  0.082 -0.021 -0.022 -0.003  1.000  0.261
       16  0.28842   0.004  0.004 -0.017  0.025  0.036  0.035 -0.070  0.012  0.013  0.003  0.261  1.000
 ELEMENTS ABOVE DIAGONAL ARE NOT PRINTED.
