 + ++++++++++++++++++++++++++++++++++++++++++++++++++++++++++++++++++++ +
 +                                                                      +
 +           You have chose to blind your fitting according to          +
 +                omega_ref * (1 + (R +/- deltaR) *10^{-6})             +
 +                                                                      +
 + ++++++++++++++++++++++++++++++++++++++++++++++++++++++++++++++++++++ +
In main()...
reading format from /gm2data/zkhechad/run45/envelope/formats/formatB_sBin_constraintOn.txt
pBinTau 	= 0  
pBinPhi 	= 0  
constraintau 	= 1 
includeMopTerm 	= 0    
constrainMop    = 0   
Parameters after format file: pBinTau 0 pBinPhi 0 constraintau 1 includeMopTerm 0 constrainMop 0 c_e_scale 0.000000 
reading cbo reference file (full fit) from /gm2data/zkhechad/cboTemplates/Run4CBOTemplates/fullFits/run4/sBin_constraintOn_cE0.0_seed0_run4_calo2.root
A_CBO 0.007108 w_CBO 2.327171 phi_CBO 2.947562 N0 3111930.391320 R -60.007933 tau 64.411359 
Reading cboRef file /gm2data/zkhechad/cboTemplates/Run4CBOTemplates//cboIsolate/run4_calo2.root
deltaT 164.120000
windowBins = 240
fitting sliding window 1280 from bin 1483 at 221.263600 to bin 1723 at 257.071600 (240 bins)

Reading data from /gm2data/cornell/histograms/aMethod/histogram_a_run4.root
fitting cbo isolate
 **********
 **    1 **SET PRINTOUT            1
 **********
 **********
 **    2 **SET NOWARNINGS 
 **********
 PARAMETER DEFINITIONS:
    NO.   NAME         VALUE      STEP SIZE      LIMITS
     1 A_CBO        7.10761e-03  1.00000e-05     no limits
     2 w_CBO        2.32717e+00  1.00000e-02    2.00000e+00  3.00000e+00
     3 phi_CBO      2.94756e+00  1.00000e-02    0.00000e+00  6.28319e+00
 **********
 **    3 **MIGRAD
 **********
 FIRST CALL TO USER FUNCTION AT NEW START POINT, WITH IFLAG=4.
 START MIGRAD MINIMIZATION.  STRATEGY  1.  CONVERGENCE WHEN EDM .LT. 1.00e-04
 FCN=0.00400771 FROM MIGRAD    STATUS=INITIATE       12 CALLS          13 TOTAL
                     EDM= unknown      STRATEGY= 1      NO ERROR MATRIX       
  EXT PARAMETER               CURRENT GUESS       STEP         FIRST   
  NO.   NAME      VALUE            ERROR          SIZE      DERIVATIVE 
   1  A_CBO        7.10761e-03   1.00000e-05   1.00000e-05   1.10874e+00
   2  w_CBO        2.32717e+00   1.00000e-02   2.13160e-02  -4.84124e-02
   3  phi_CBO      2.94756e+00   1.00000e-02   3.18919e-03   1.43377e-03
 MIGRAD MINIMIZATION HAS CONVERGED.
 MIGRAD WILL VERIFY CONVERGENCE AND ERROR MATRIX.
 COVARIANCE MATRIX CALCULATED SUCCESSFULLY
 FCN=0.00146564 FROM MIGRAD    STATUS=CONVERGED      49 CALLS          50 TOTAL
                     EDM=4.71018e-05    STRATEGY= 1      ERROR MATRIX ACCURATE 
  EXT PARAMETER                                   STEP         FIRST   
  NO.   NAME      VALUE            ERROR          SIZE      DERIVATIVE 
   1  A_CBO        2.50530e-03   1.11069e-01   4.44850e-05  -9.51638e-03
   2  w_CBO        2.32735e+00   8.04550e-01   1.58940e-04   8.00226e-04
   3  phi_CBO      2.89832e+00   4.58819e+00   5.66013e-03   2.64603e-06
 EXTERNAL ERROR MATRIX.    NDIM=  25    NPAR=  3    ERR DEF=1
  1.234e-02 -3.032e-01 -7.188e+01 
 -3.032e-01  2.261e+01  5.354e+03 
 -7.188e+01  5.354e+03  1.269e+06 
 PARAMETER  CORRELATION COEFFICIENTS  
       NO.  GLOBAL      1      2      3
        1  0.57441   1.000 -0.574 -0.574
        2  0.99948  -0.574  1.000  0.999
        3  0.99948  -0.574  0.999  1.000
setting A_CBO=0.002505 w_CBO=2.327345, phi_CBO=2.898321
done fitting cbo isolate
 **********
 **    1 **SET PRINTOUT            1
 **********
 **********
 **    2 **SET NOWARNINGS 
 **********
 PARAMETER DEFINITIONS:
    NO.   NAME         VALUE      STEP SIZE      LIMITS
     1 N0           3.11193e+06  1.00000e+02     no limits
     2 tau          6.44114e+01  constant
     3 A0           3.64516e-01  1.00000e-04     no limits
     4 phi          4.11813e+00  1.00000e-02     no limits
     5 R           -6.00079e+01  constant
     6 A_CBO        2.50530e-03  1.00000e-05     no limits
     7 w_CBO        2.32735e+00  1.00000e-03     no limits
     8 phi_CBO      2.89832e+00  1.00000e-04     no limits
     9 ANx2         0.00000e+00  constant
    10 pNx2         0.00000e+00  constant
    11 ANy1         4.65685e-04  1.00000e-06     no limits
    12 pNy1         2.96883e+00  1.00000e-04     no limits
    13 w_y          0.00000e+00  1.00000e-03     no limits
    14 ANy2         1.04941e-02  1.00000e-06     no limits
    15 pNy2         5.11372e+00  1.00000e-04     no limits
    16 w_vw         1.44513e+01  1.00000e-03     no limits
    17 LM           3.07992e-04  constant
    18 wCBO_expCoeff   0.00000e+00  constant
    19 wCBO_expOffset   0.00000e+00  constant
    20 wCBO_expT    0.00000e+00  constant
    21 wCBO_linCoeff   0.00000e+00  constant
    22 wCBO_const   0.00000e+00  constant
MINUIT - FIT ONLY WIGGLE
 **********
 **    3 **FIX            5
 **********
 PARAMETER    5  IS CONSTANT.   IGNORED.
 **********
 **    4 **FIX            6
 **********
 **********
 **    5 **FIX            7
 **********
 **********
 **    6 **FIX            8
 **********
 **********
 **    7 **FIX            9
 **********
 PARAMETER    9  IS CONSTANT.   IGNORED.
 **********
 **    8 **FIX           10
 **********
 PARAMETER   10  IS CONSTANT.   IGNORED.
 **********
 **    9 **FIX           11
 **********
 **********
 **   10 **FIX           12
 **********
 **********
 **   11 **FIX           13
 **********
 **********
 **   12 **FIX           14
 **********
 **********
 **   13 **FIX           15
 **********
 **********
 **   14 **FIX           16
 **********
 **********
 **   15 **MIGRAD
 **********
 FIRST CALL TO USER FUNCTION AT NEW START POINT, WITH IFLAG=4.
 START MIGRAD MINIMIZATION.  STRATEGY  1.  CONVERGENCE WHEN EDM .LT. 1.00e-04
 FCN=782.797 FROM MIGRAD    STATUS=INITIATE       12 CALLS          13 TOTAL
                     EDM= unknown      STRATEGY= 1      NO ERROR MATRIX       
  EXT PARAMETER               CURRENT GUESS       STEP         FIRST   
  NO.   NAME      VALUE            ERROR          SIZE      DERIVATIVE 
   1  N0           3.11193e+06   1.00000e+02   1.00000e+02  -2.54095e-03
   2  tau          6.44114e+01   constant   
   3  A0           3.64516e-01   1.00000e-04   1.00000e-04   4.65829e+03
   4  phi          4.11813e+00   1.00000e-02   1.00000e-02  -9.23237e+02
   5  R           -6.00079e+01   constant   
   6  A_CBO        2.50530e-03     fixed    
   7  w_CBO        2.32735e+00     fixed    
   8  phi_CBO      2.89832e+00     fixed    
   9  ANx2         0.00000e+00   constant   
  10  pNx2         0.00000e+00   constant   
  11  ANy1         4.65685e-04     fixed    
  12  pNy1         2.96883e+00     fixed    
  13  w_y          0.00000e+00     fixed    
  14  ANy2         1.04941e-02     fixed    
  15  pNy2         5.11372e+00     fixed    
  16  w_vw         1.44513e+01     fixed    
  17  LM           3.07992e-04   constant   
  18  wCBO_expCoeff   0.00000e+00   constant   
  19  wCBO_expOffset   0.00000e+00   constant   
  20  wCBO_expT    0.00000e+00   constant   
  21  wCBO_linCoeff   0.00000e+00   constant   
  22  wCBO_const   0.00000e+00   constant   
 MIGRAD MINIMIZATION HAS CONVERGED.
 MIGRAD WILL VERIFY CONVERGENCE AND ERROR MATRIX.
 COVARIANCE MATRIX CALCULATED SUCCESSFULLY
 FCN=780.699 FROM MIGRAD    STATUS=CONVERGED      42 CALLS          43 TOTAL
                     EDM=4.44328e-07    STRATEGY= 1      ERROR MATRIX ACCURATE 
  EXT PARAMETER                                   STEP         FIRST   
  NO.   NAME      VALUE            ERROR          SIZE      DERIVATIVE 
   1  N0           3.11283e+06   8.49204e+02   1.14659e+01  -5.36632e-07
   2  tau          6.44114e+01   constant   
   3  A0           3.64205e-01   3.64373e-04   4.97393e-06  -2.10580e+00
   4  phi          4.11861e+00   1.04483e-03   1.42566e-05  -3.13108e-01
   5  R           -6.00079e+01   constant   
   6  A_CBO        2.50530e-03     fixed    
   7  w_CBO        2.32735e+00     fixed    
   8  phi_CBO      2.89832e+00     fixed    
   9  ANx2         0.00000e+00   constant   
  10  pNx2         0.00000e+00   constant   
  11  ANy1         4.65685e-04     fixed    
  12  pNy1         2.96883e+00     fixed    
  13  w_y          0.00000e+00     fixed    
  14  ANy2         1.04941e-02     fixed    
  15  pNy2         5.11372e+00     fixed    
  16  w_vw         1.44513e+01     fixed    
  17  LM           3.07992e-04   constant   
  18  wCBO_expCoeff   0.00000e+00   constant   
  19  wCBO_expOffset   0.00000e+00   constant   
  20  wCBO_expT    0.00000e+00   constant   
  21  wCBO_linCoeff   0.00000e+00   constant   
  22  wCBO_const   0.00000e+00   constant   
 EXTERNAL ERROR MATRIX.    NDIM=  25    NPAR=  3    ERR DEF=1
  7.211e+05  6.382e-05 -2.560e-02 
  6.382e-05  1.328e-07 -4.793e-09 
 -2.560e-02 -4.793e-09  1.092e-06 
 PARAMETER  CORRELATION COEFFICIENTS  
       NO.  GLOBAL      1      3      4
        1  0.02886   1.000  0.000 -0.029
        3  0.01259   0.000  1.000 -0.013
        4  0.03148  -0.029 -0.013  1.000
MINUIT - FIT ONLY 1-CBO + other amplitudes 
 **********
 **   16 **RES 
 **********
                   PARAMETER   16  w_vw RESTORED TO VARIABLE.
                   PARAMETER   15  pNy2 RESTORED TO VARIABLE.
                   PARAMETER   14  ANy2 RESTORED TO VARIABLE.
                   PARAMETER   13  w_y RESTORED TO VARIABLE.
                   PARAMETER   12  pNy1 RESTORED TO VARIABLE.
                   PARAMETER   11  ANy1 RESTORED TO VARIABLE.
                   PARAMETER    8  phi_CBO RESTORED TO VARIABLE.
                   PARAMETER    7  w_CBO RESTORED TO VARIABLE.
                   PARAMETER    6  A_CBO RESTORED TO VARIABLE.
 **********
 **   17 **FIX            0
 **********
 PARAMETER    0  IS UNDEFINED. IGNORED.
 **********
 **   18 **FIX            1
 **********
 **********
 **   19 **FIX            2
 **********
 PARAMETER    2  IS CONSTANT.   IGNORED.
 **********
 **   20 **FIX            3
 **********
 **********
 **   21 **FIX            4
 **********
 **********
 **   22 **FIX            9
 **********
 PARAMETER    9  IS CONSTANT.   IGNORED.
 **********
 **   23 **FIX           11
 **********
 **********
 **   24 **FIX           12
 **********
 **********
 **   25 **FIX           14
 **********
 **********
 **   26 **FIX           15
 **********
 **********
 **   27 **FIX           16
 **********
 **********
 **   28 **MIGRAD
 **********
 START MIGRAD MINIMIZATION.  STRATEGY  1.  CONVERGENCE WHEN EDM .LT. 1.00e-04
 FCN=780.649 FROM MIGRAD    STATUS=INITIATE       33 CALLS          76 TOTAL
                     EDM= unknown      STRATEGY= 1      NO ERROR MATRIX       
  EXT PARAMETER               CURRENT GUESS       STEP         FIRST   
  NO.   NAME      VALUE            ERROR          SIZE      DERIVATIVE 
   1  N0           3.11283e+06     fixed    
   2  tau          6.44114e+01   constant   
   3  A0           3.64205e-01     fixed    
   4  phi          4.11861e+00     fixed    
   5  R           -6.00079e+01   constant   
   6  A_CBO        2.50530e-03   1.00000e-05   0.00000e+00  -1.87410e+03
   7  w_CBO        2.32735e+00   1.00000e-03   0.00000e+00   1.39409e+02
   8  phi_CBO      2.89832e+00   1.00000e-04   0.00000e+00  -7.99075e-02
   9  ANx2         0.00000e+00   constant   
  10  pNx2         0.00000e+00   constant   
  11  ANy1         4.65685e-04     fixed    
  12  pNy1         2.96883e+00     fixed    
  13  w_y          1.55241e-03   1.00000e-03   1.55241e-03  -3.01289e+00
  14  ANy2         1.04941e-02     fixed    
  15  pNy2         5.11372e+00     fixed    
  16  w_vw         1.44513e+01     fixed    
  17  LM           3.07992e-04   constant   
  18  wCBO_expCoeff   0.00000e+00   constant   
  19  wCBO_expOffset   0.00000e+00   constant   
  20  wCBO_expT    0.00000e+00   constant   
  21  wCBO_linCoeff   0.00000e+00   constant   
  22  wCBO_const   0.00000e+00   constant   
 MIGRAD MINIMIZATION HAS CONVERGED.
 MIGRAD WILL VERIFY CONVERGENCE AND ERROR MATRIX.
 COVARIANCE MATRIX CALCULATED SUCCESSFULLY
 FCN=779.674 FROM MIGRAD    STATUS=CONVERGED     168 CALLS         211 TOTAL
                     EDM=1.91522e-06    STRATEGY= 1      ERROR MATRIX ACCURATE 
  EXT PARAMETER                                   STEP         FIRST   
  NO.   NAME      VALUE            ERROR          SIZE      DERIVATIVE 
   1  N0           3.11283e+06     fixed    
   2  tau          6.44114e+01   constant   
   3  A0           3.64205e-01     fixed    
   4  phi          4.11861e+00     fixed    
   5  R           -6.00079e+01   constant   
   6  A_CBO        2.66809e-03   3.84514e-04   5.23736e-06  -8.65015e-01
   7  w_CBO        2.31435e+00   1.41341e-02   8.42623e-06   1.52502e+00
   8  phi_CBO     -1.54904e-01   3.32307e+00   1.98096e-03  -6.81541e-03
   9  ANx2         0.00000e+00   constant   
  10  pNx2         0.00000e+00   constant   
  11  ANy1         4.65685e-04     fixed    
  12  pNy1         2.96883e+00     fixed    
  13  w_y         -2.86658e-03   4.98750e-03   6.56649e-05  -2.74607e-01
  14  ANy2         1.04941e-02     fixed    
  15  pNy2         5.11372e+00     fixed    
  16  w_vw         1.44513e+01     fixed    
  17  LM           3.07992e-04   constant   
  18  wCBO_expCoeff   0.00000e+00   constant   
  19  wCBO_expOffset   0.00000e+00   constant   
  20  wCBO_expT    0.00000e+00   constant   
  21  wCBO_linCoeff   0.00000e+00   constant   
  22  wCBO_const   0.00000e+00   constant   
 EXTERNAL ERROR MATRIX.    NDIM=  25    NPAR=  4    ERR DEF=1
  1.479e-07 -2.857e-07 -6.781e-05 -2.573e-08 
 -2.857e-07  1.998e-04  4.692e-02 -4.469e-06 
 -6.781e-05  4.692e-02  1.104e+01 -1.060e-03 
 -2.573e-08 -4.469e-06 -1.060e-03  2.488e-05 
 PARAMETER  CORRELATION COEFFICIENTS  
       NO.  GLOBAL      6      7      8     13
        6  0.05665   1.000 -0.053 -0.053 -0.013
        7  0.99905  -0.053  1.000  0.999 -0.063
        8  0.99905  -0.053  0.999  1.000 -0.064
       13  0.06724  -0.013 -0.063 -0.064  1.000
MINUIT - FIT ONLY 1-CBO
 **********
 **   29 **RES 
 **********
                   PARAMETER   16  w_vw RESTORED TO VARIABLE.
                   PARAMETER   15  pNy2 RESTORED TO VARIABLE.
                   PARAMETER   14  ANy2 RESTORED TO VARIABLE.
                   PARAMETER   12  pNy1 RESTORED TO VARIABLE.
                   PARAMETER   11  ANy1 RESTORED TO VARIABLE.
                   PARAMETER    4  phi RESTORED TO VARIABLE.
                   PARAMETER    3  A0 RESTORED TO VARIABLE.
                   PARAMETER    1  N0 RESTORED TO VARIABLE.
 **********
 **   30 **FIX            0
 **********
 PARAMETER    0  IS UNDEFINED. IGNORED.
 **********
 **   31 **FIX            1
 **********
 **********
 **   32 **FIX            2
 **********
 PARAMETER    2  IS CONSTANT.   IGNORED.
 **********
 **   33 **FIX            3
 **********
 **********
 **   34 **FIX            4
 **********
 **********
 **   35 **FIX            8
 **********
 **********
 **   36 **FIX            9
 **********
 PARAMETER    9  IS CONSTANT.   IGNORED.
 **********
 **   37 **FIX           11
 **********
 **********
 **   38 **FIX           12
 **********
 **********
 **   39 **FIX           13
 **********
 **********
 **   40 **FIX           15
 **********
 **********
 **   41 **FIX           16
 **********
 **********
 **   42 **MIGRAD
 **********
 START MIGRAD MINIMIZATION.  STRATEGY  1.  CONVERGENCE WHEN EDM .LT. 1.00e-04
 FCN=779.674 FROM MIGRAD    STATUS=INITIATE        8 CALLS         219 TOTAL
                     EDM= unknown      STRATEGY= 1      NO ERROR MATRIX       
  EXT PARAMETER               CURRENT GUESS       STEP         FIRST   
  NO.   NAME      VALUE            ERROR          SIZE      DERIVATIVE 
   1  N0           3.11283e+06     fixed    
   2  tau          6.44114e+01   constant   
   3  A0           3.64205e-01     fixed    
   4  phi          4.11861e+00     fixed    
   5  R           -6.00079e+01   constant   
   6  A_CBO        2.66809e-03   3.84514e-04   5.23736e-06  -8.65016e-01
   7  w_CBO        2.31435e+00   1.41341e-02   8.42623e-06   1.52547e+00
   8  phi_CBO     -1.54904e-01     fixed    
   9  ANx2         0.00000e+00   constant   
  10  pNx2         0.00000e+00   constant   
  11  ANy1         4.65685e-04     fixed    
  12  pNy1         2.96883e+00     fixed    
  13  w_y         -2.86658e-03     fixed    
  14  ANy2         1.04941e-02   1.00000e-06   1.00000e-06   1.38417e+05
  15  pNy2         5.11372e+00     fixed    
  16  w_vw         1.44513e+01     fixed    
  17  LM           3.07992e-04   constant   
  18  wCBO_expCoeff   0.00000e+00   constant   
  19  wCBO_expOffset   0.00000e+00   constant   
  20  wCBO_expT    0.00000e+00   constant   
  21  wCBO_linCoeff   0.00000e+00   constant   
  22  wCBO_const   0.00000e+00   constant   
 MIGRAD MINIMIZATION HAS CONVERGED.
 MIGRAD WILL VERIFY CONVERGENCE AND ERROR MATRIX.
 COVARIANCE MATRIX CALCULATED SUCCESSFULLY
 FCN=69.2287 FROM MIGRAD    STATUS=CONVERGED      46 CALLS         257 TOTAL
                     EDM=1.02683e-09    STRATEGY= 1      ERROR MATRIX ACCURATE 
  EXT PARAMETER                                   STEP         FIRST   
  NO.   NAME      VALUE            ERROR          SIZE      DERIVATIVE 
   1  N0           3.11283e+06     fixed    
   2  tau          6.44114e+01   constant   
   3  A0           3.64205e-01     fixed    
   4  phi          4.11861e+00     fixed    
   5  R           -6.00079e+01   constant   
   6  A_CBO        2.56967e-03   3.83996e-04   1.57112e-06   1.16010e-01
   7  w_CBO        2.31436e+00   6.40302e-04   2.61992e-06   6.95971e-03
   8  phi_CBO     -1.54904e-01     fixed    
   9  ANx2         0.00000e+00   constant   
  10  pNx2         0.00000e+00   constant   
  11  ANy1         4.65685e-04     fixed    
  12  pNy1         2.96883e+00     fixed    
  13  w_y         -2.86658e-03     fixed    
  14  ANy2         2.28834e-04   3.85127e-04   1.57584e-06   1.63420e-02
  15  pNy2         5.11372e+00     fixed    
  16  w_vw         1.44513e+01     fixed    
  17  LM           3.07992e-04   constant   
  18  wCBO_expCoeff   0.00000e+00   constant   
  19  wCBO_expOffset   0.00000e+00   constant   
  20  wCBO_expT    0.00000e+00   constant   
  21  wCBO_linCoeff   0.00000e+00   constant   
  22  wCBO_const   0.00000e+00   constant   
 EXTERNAL ERROR MATRIX.    NDIM=  25    NPAR=  3    ERR DEF=1
  1.475e-07  2.757e-09  1.404e-09 
  2.757e-09  4.100e-07 -1.727e-10 
  1.404e-09 -1.727e-10  1.483e-07 
 PARAMETER  CORRELATION COEFFICIENTS  
       NO.  GLOBAL      6      7     14
        6  0.01470   1.000  0.011  0.009
        7  0.01124   0.011  1.000 -0.001
       14  0.00953   0.009 -0.001  1.000
MINUIT - FIT ONLY 2-CBO
 **********
 **   43 **RES 
 **********
                   PARAMETER   16  w_vw RESTORED TO VARIABLE.
                   PARAMETER   15  pNy2 RESTORED TO VARIABLE.
                   PARAMETER   13  w_y RESTORED TO VARIABLE.
                   PARAMETER   12  pNy1 RESTORED TO VARIABLE.
                   PARAMETER   11  ANy1 RESTORED TO VARIABLE.
                   PARAMETER    8  phi_CBO RESTORED TO VARIABLE.
                   PARAMETER    4  phi RESTORED TO VARIABLE.
                   PARAMETER    3  A0 RESTORED TO VARIABLE.
                   PARAMETER    1  N0 RESTORED TO VARIABLE.
 **********
 **   44 **FIX            0
 **********
 PARAMETER    0  IS UNDEFINED. IGNORED.
 **********
 **   45 **FIX            1
 **********
 **********
 **   46 **FIX            2
 **********
 PARAMETER    2  IS CONSTANT.   IGNORED.
 **********
 **   47 **FIX            3
 **********
 **********
 **   48 **FIX            4
 **********
 **********
 **   49 **FIX            5
 **********
 PARAMETER    5  IS CONSTANT.   IGNORED.
 **********
 **   50 **FIX            6
 **********
 **********
 **   51 **FIX            7
 **********
 **********
 **   52 **FIX           10
 **********
 PARAMETER   10  IS CONSTANT.   IGNORED.
 **********
 **   53 **FIX           11
 **********
 **********
 **   54 **FIX           12
 **********
 **********
 **   55 **FIX           13
 **********
 **********
 **   56 **FIX           14
 **********
 **********
 **   57 **FIX           15
 **********
 **********
 **   58 **FIX           16
 **********
 **********
 **   59 **MIGRAD
 **********
 START MIGRAD MINIMIZATION.  STRATEGY  1.  CONVERGENCE WHEN EDM .LT. 1.00e-04
 FCN=69.2287 FROM MIGRAD    STATUS=INITIATE        2 CALLS         259 TOTAL
                     EDM= unknown      STRATEGY= 1      NO ERROR MATRIX       
  EXT PARAMETER               CURRENT GUESS       STEP         FIRST   
  NO.   NAME      VALUE            ERROR          SIZE      DERIVATIVE 
   1  N0           3.11283e+06     fixed    
   2  tau          6.44114e+01   constant   
   3  A0           3.64205e-01     fixed    
   4  phi          4.11861e+00     fixed    
   5  R           -6.00079e+01   constant   
   6  A_CBO        2.56967e-03     fixed    
   7  w_CBO        2.31436e+00     fixed    
   8  phi_CBO     -1.54904e-01   3.32307e+00   3.32307e+00  -9.45295e-02
   9  ANx2         0.00000e+00   constant   
  10  pNx2         0.00000e+00   constant   
  11  ANy1         4.65685e-04     fixed    
  12  pNy1         2.96883e+00     fixed    
  13  w_y         -2.86658e-03     fixed    
  14  ANy2         2.28834e-04     fixed    
  15  pNy2         5.11372e+00     fixed    
  16  w_vw         1.44513e+01     fixed    
  17  LM           3.07992e-04   constant   
  18  wCBO_expCoeff   0.00000e+00   constant   
  19  wCBO_expOffset   0.00000e+00   constant   
  20  wCBO_expT    0.00000e+00   constant   
  21  wCBO_linCoeff   0.00000e+00   constant   
  22  wCBO_const   0.00000e+00   constant   
 MIGRAD MINIMIZATION HAS CONVERGED.
 MIGRAD WILL VERIFY CONVERGENCE AND ERROR MATRIX.
 COVARIANCE MATRIX CALCULATED SUCCESSFULLY
 FCN=69.2286 FROM MIGRAD    STATUS=CONVERGED      12 CALLS         269 TOTAL
                     EDM=2.97834e-14    STRATEGY= 1      ERROR MATRIX ACCURATE 
  EXT PARAMETER                                   STEP         FIRST   
  NO.   NAME      VALUE            ERROR          SIZE      DERIVATIVE 
   1  N0           3.11283e+06     fixed    
   2  tau          6.44114e+01   constant   
   3  A0           3.64205e-01     fixed    
   4  phi          4.11861e+00     fixed    
   5  R           -6.00079e+01   constant   
   6  A_CBO        2.56967e-03     fixed    
   7  w_CBO        2.31436e+00     fixed    
   8  phi_CBO     -1.53830e-01   1.50741e-01   6.16810e-04  -1.61908e-06
   9  ANx2         0.00000e+00   constant   
  10  pNx2         0.00000e+00   constant   
  11  ANy1         4.65685e-04     fixed    
  12  pNy1         2.96883e+00     fixed    
  13  w_y         -2.86658e-03     fixed    
  14  ANy2         2.28834e-04     fixed    
  15  pNy2         5.11372e+00     fixed    
  16  w_vw         1.44513e+01     fixed    
  17  LM           3.07992e-04   constant   
  18  wCBO_expCoeff   0.00000e+00   constant   
  19  wCBO_expOffset   0.00000e+00   constant   
  20  wCBO_expT    0.00000e+00   constant   
  21  wCBO_linCoeff   0.00000e+00   constant   
  22  wCBO_const   0.00000e+00   constant   
 EXTERNAL ERROR MATRIX.    NDIM=  25    NPAR=  1    ERR DEF=1
  2.272e-02 
MINUIT - FIT ONLY 1-y
 **********
 **   60 **RES 
 **********
                   PARAMETER   16  w_vw RESTORED TO VARIABLE.
                   PARAMETER   15  pNy2 RESTORED TO VARIABLE.
                   PARAMETER   14  ANy2 RESTORED TO VARIABLE.
                   PARAMETER   13  w_y RESTORED TO VARIABLE.
                   PARAMETER   12  pNy1 RESTORED TO VARIABLE.
                   PARAMETER   11  ANy1 RESTORED TO VARIABLE.
                   PARAMETER    7  w_CBO RESTORED TO VARIABLE.
                   PARAMETER    6  A_CBO RESTORED TO VARIABLE.
                   PARAMETER    4  phi RESTORED TO VARIABLE.
                   PARAMETER    3  A0 RESTORED TO VARIABLE.
                   PARAMETER    1  N0 RESTORED TO VARIABLE.
 **********
 **   61 **FIX            0
 **********
 PARAMETER    0  IS UNDEFINED. IGNORED.
 **********
 **   62 **FIX            1
 **********
 **********
 **   63 **FIX            2
 **********
 PARAMETER    2  IS CONSTANT.   IGNORED.
 **********
 **   64 **FIX            3
 **********
 **********
 **   65 **FIX            4
 **********
 **********
 **   66 **FIX            5
 **********
 PARAMETER    5  IS CONSTANT.   IGNORED.
 **********
 **   67 **FIX            6
 **********
 **********
 **   68 **FIX            7
 **********
 **********
 **   69 **FIX            8
 **********
 **********
 **   70 **FIX            9
 **********
 PARAMETER    9  IS CONSTANT.   IGNORED.
 **********
 **   71 **FIX           13
 **********
 **********
 **   72 **FIX           14
 **********
 **********
 **   73 **FIX           15
 **********
 **********
 **   74 **FIX           16
 **********
 **********
 **   75 **MIGRAD
 **********
 START MIGRAD MINIMIZATION.  STRATEGY  1.  CONVERGENCE WHEN EDM .LT. 1.00e-04
 FCN=69.2286 FROM MIGRAD    STATUS=INITIATE        8 CALLS         277 TOTAL
                     EDM= unknown      STRATEGY= 1      NO ERROR MATRIX       
  EXT PARAMETER               CURRENT GUESS       STEP         FIRST   
  NO.   NAME      VALUE            ERROR          SIZE      DERIVATIVE 
   1  N0           3.11283e+06     fixed    
   2  tau          6.44114e+01   constant   
   3  A0           3.64205e-01     fixed    
   4  phi          4.11861e+00     fixed    
   5  R           -6.00079e+01   constant   
   6  A_CBO        2.56967e-03     fixed    
   7  w_CBO        2.31436e+00     fixed    
   8  phi_CBO     -1.53830e-01     fixed    
   9  ANx2         0.00000e+00   constant   
  10  pNx2         0.00000e+00   constant   
  11  ANy1         4.65685e-04   1.00000e-06   1.00000e-06   9.30265e+02
  12  pNy1         2.96883e+00   1.00000e-04   1.00000e-04  -2.71526e-01
  13  w_y         -2.86658e-03     fixed    
  14  ANy2         2.28834e-04     fixed    
  15  pNy2         5.11372e+00     fixed    
  16  w_vw         1.44513e+01     fixed    
  17  LM           3.07992e-04   constant   
  18  wCBO_expCoeff   0.00000e+00   constant   
  19  wCBO_expOffset   0.00000e+00   constant   
  20  wCBO_expT    0.00000e+00   constant   
  21  wCBO_linCoeff   0.00000e+00   constant   
  22  wCBO_const   0.00000e+00   constant   
 MIGRAD MINIMIZATION HAS CONVERGED.
 MIGRAD WILL VERIFY CONVERGENCE AND ERROR MATRIX.
 COVARIANCE MATRIX CALCULATED SUCCESSFULLY
 FCN=69.1374 FROM MIGRAD    STATUS=CONVERGED     171 CALLS         440 TOTAL
                     EDM=1.72234e-06    STRATEGY= 1      ERROR MATRIX ACCURATE 
  EXT PARAMETER                                   STEP         FIRST   
  NO.   NAME      VALUE            ERROR          SIZE      DERIVATIVE 
   1  N0           3.11283e+06     fixed    
   2  tau          6.44114e+01   constant   
   3  A0           3.64205e-01     fixed    
   4  phi          4.11861e+00     fixed    
   5  R           -6.00079e+01   constant   
   6  A_CBO        2.56967e-03     fixed    
   7  w_CBO        2.31436e+00     fixed    
   8  phi_CBO     -1.53830e-01     fixed    
   9  ANx2         0.00000e+00   constant   
  10  pNx2         0.00000e+00   constant   
  11  ANy1         2.66046e-03   9.08608e-03   7.94707e-06  -3.86832e-01
  12  pNy1         3.89368e+00   4.85108e-01   4.22540e-04   3.57877e-03
  13  w_y         -2.86658e-03     fixed    
  14  ANy2         2.28834e-04     fixed    
  15  pNy2         5.11372e+00     fixed    
  16  w_vw         1.44513e+01     fixed    
  17  LM           3.07992e-04   constant   
  18  wCBO_expCoeff   0.00000e+00   constant   
  19  wCBO_expOffset   0.00000e+00   constant   
  20  wCBO_expT    0.00000e+00   constant   
  21  wCBO_linCoeff   0.00000e+00   constant   
  22  wCBO_const   0.00000e+00   constant   
 EXTERNAL ERROR MATRIX.    NDIM=  25    NPAR=  2    ERR DEF=1
  8.256e-05  4.306e-03 
  4.306e-03  2.353e-01 
 PARAMETER  CORRELATION COEFFICIENTS  
       NO.  GLOBAL     11     12
       11  0.97698   1.000  0.977
       12  0.97698   0.977  1.000
MINUIT - FIT ONLY 2-y
 **********
 **   76 **RES 
 **********
                   PARAMETER   16  w_vw RESTORED TO VARIABLE.
                   PARAMETER   15  pNy2 RESTORED TO VARIABLE.
                   PARAMETER   14  ANy2 RESTORED TO VARIABLE.
                   PARAMETER   13  w_y RESTORED TO VARIABLE.
                   PARAMETER    8  phi_CBO RESTORED TO VARIABLE.
                   PARAMETER    7  w_CBO RESTORED TO VARIABLE.
                   PARAMETER    6  A_CBO RESTORED TO VARIABLE.
                   PARAMETER    4  phi RESTORED TO VARIABLE.
                   PARAMETER    3  A0 RESTORED TO VARIABLE.
                   PARAMETER    1  N0 RESTORED TO VARIABLE.
 **********
 **   77 **FIX            0
 **********
 PARAMETER    0  IS UNDEFINED. IGNORED.
 **********
 **   78 **FIX            1
 **********
 **********
 **   79 **FIX            2
 **********
 PARAMETER    2  IS CONSTANT.   IGNORED.
 **********
 **   80 **FIX            3
 **********
 **********
 **   81 **FIX            4
 **********
 **********
 **   82 **FIX            5
 **********
 PARAMETER    5  IS CONSTANT.   IGNORED.
 **********
 **   83 **FIX            6
 **********
 **********
 **   84 **FIX            7
 **********
 **********
 **   85 **FIX            8
 **********
 **********
 **   86 **FIX            9
 **********
 PARAMETER    9  IS CONSTANT.   IGNORED.
 **********
 **   87 **FIX           10
 **********
 PARAMETER   10  IS CONSTANT.   IGNORED.
 **********
 **   88 **FIX           11
 **********
 **********
 **   89 **FIX           12
 **********
 **********
 **   90 **FIX           16
 **********
 **********
 **   91 **MIGRAD
 **********
 START MIGRAD MINIMIZATION.  STRATEGY  1.  CONVERGENCE WHEN EDM .LT. 1.00e-04
 FCN=69.1374 FROM MIGRAD    STATUS=INITIATE       10 CALLS         450 TOTAL
                     EDM= unknown      STRATEGY= 1      NO ERROR MATRIX       
  EXT PARAMETER               CURRENT GUESS       STEP         FIRST   
  NO.   NAME      VALUE            ERROR          SIZE      DERIVATIVE 
   1  N0           3.11283e+06     fixed    
   2  tau          6.44114e+01   constant   
   3  A0           3.64205e-01     fixed    
   4  phi          4.11861e+00     fixed    
   5  R           -6.00079e+01   constant   
   6  A_CBO        2.56967e-03     fixed    
   7  w_CBO        2.31436e+00     fixed    
   8  phi_CBO     -1.53830e-01     fixed    
   9  ANx2         0.00000e+00   constant   
  10  pNx2         0.00000e+00   constant   
  11  ANy1         2.66046e-03     fixed    
  12  pNy1         3.89368e+00     fixed    
  13  w_y         -2.86658e-03   4.98750e-03   4.98750e-03  -6.10904e-01
  14  ANy2         2.28834e-04   3.85127e-04   3.85127e-04  -2.36892e+00
  15  pNy2         5.11372e+00   1.00000e-04   1.00000e-04   4.84317e-01
  16  w_vw         1.44513e+01     fixed    
  17  LM           3.07992e-04   constant   
  18  wCBO_expCoeff   0.00000e+00   constant   
  19  wCBO_expOffset   0.00000e+00   constant   
  20  wCBO_expT    0.00000e+00   constant   
  21  wCBO_linCoeff   0.00000e+00   constant   
  22  wCBO_const   0.00000e+00   constant   
 MIGRAD MINIMIZATION HAS CONVERGED.
 MIGRAD WILL VERIFY CONVERGENCE AND ERROR MATRIX.
 COVARIANCE MATRIX CALCULATED SUCCESSFULLY
 FCN=68.9706 FROM MIGRAD    STATUS=CONVERGED      50 CALLS         490 TOTAL
                     EDM=3.45828e-06    STRATEGY= 1      ERROR MATRIX ACCURATE 
  EXT PARAMETER                                   STEP         FIRST   
  NO.   NAME      VALUE            ERROR          SIZE      DERIVATIVE 
   1  N0           3.11283e+06     fixed    
   2  tau          6.44114e+01   constant   
   3  A0           3.64205e-01     fixed    
   4  phi          4.11861e+00     fixed    
   5  R           -6.00079e+01   constant   
   6  A_CBO        2.56967e-03     fixed    
   7  w_CBO        2.31436e+00     fixed    
   8  phi_CBO     -1.53830e-01     fixed    
   9  ANx2         0.00000e+00   constant   
  10  pNx2         0.00000e+00   constant   
  11  ANy1         2.66046e-03     fixed    
  12  pNy1         3.89368e+00     fixed    
  13  w_y         -2.86624e-03   4.35275e-04   1.77777e-06  -1.22408e+00
  14  ANy2         2.77235e-04   3.84494e-04   1.57041e-06  -1.61404e+00
  15  pNy2         4.51120e+00   1.39392e+00   5.74767e-03   1.79120e-03
  16  w_vw         1.44513e+01     fixed    
  17  LM           3.07992e-04   constant   
  18  wCBO_expCoeff   0.00000e+00   constant   
  19  wCBO_expOffset   0.00000e+00   constant   
  20  wCBO_expT    0.00000e+00   constant   
  21  wCBO_linCoeff   0.00000e+00   constant   
  22  wCBO_const   0.00000e+00   constant   
 EXTERNAL ERROR MATRIX.    NDIM=  25    NPAR=  3    ERR DEF=1
  1.895e-07  1.178e-09  1.262e-06 
  1.178e-09  1.478e-07 -2.501e-06 
  1.262e-06 -2.501e-06  1.943e+00 
 PARAMETER  CORRELATION COEFFICIENTS  
       NO.  GLOBAL     13     14     15
       13  0.00735   1.000  0.007  0.002
       14  0.00845   0.007  1.000 -0.005
       15  0.00512   0.002 -0.005  1.000
MINUIT - FIT ALTOGETHER
 **********
 **   92 **RES 
 **********
                   PARAMETER   16  w_vw RESTORED TO VARIABLE.
                   PARAMETER   12  pNy1 RESTORED TO VARIABLE.
                   PARAMETER   11  ANy1 RESTORED TO VARIABLE.
                   PARAMETER    8  phi_CBO RESTORED TO VARIABLE.
                   PARAMETER    7  w_CBO RESTORED TO VARIABLE.
                   PARAMETER    6  A_CBO RESTORED TO VARIABLE.
                   PARAMETER    4  phi RESTORED TO VARIABLE.
                   PARAMETER    3  A0 RESTORED TO VARIABLE.
                   PARAMETER    1  N0 RESTORED TO VARIABLE.
 **********
 **   93 **MIGRAD
 **********
 START MIGRAD MINIMIZATION.  STRATEGY  1.  CONVERGENCE WHEN EDM .LT. 1.00e-04
 FCN=68.9706 FROM MIGRAD    STATUS=INITIATE       28 CALLS         518 TOTAL
                     EDM= unknown      STRATEGY= 1      NO ERROR MATRIX       
  EXT PARAMETER               CURRENT GUESS       STEP         FIRST   
  NO.   NAME      VALUE            ERROR          SIZE      DERIVATIVE 
   1  N0           3.11283e+06   8.49204e+02   8.49204e+02   5.43791e-07
   2  tau          6.44114e+01   constant   
   3  A0           3.64205e-01   3.64373e-04   3.64373e-04  -3.65060e+02
   4  phi          4.11861e+00   1.04483e-03   1.04483e-03  -5.47346e+01
   5  R           -6.00079e+01   constant   
   6  A_CBO        2.56967e-03   3.83996e-04   3.83996e-04  -2.49935e+01
   7  w_CBO        2.31436e+00   6.40302e-04   6.40302e-04  -7.14038e+01
   8  phi_CBO     -1.53830e-01   1.50741e-01   1.50741e-01   2.08584e-01
   9  ANx2         0.00000e+00   constant   
  10  pNx2         0.00000e+00   constant   
  11  ANy1         2.66046e-03   9.08608e-03   9.08608e-03  -1.04140e-01
  12  pNy1         3.89368e+00   4.85108e-01   4.85108e-01   4.82567e-03
  13  w_y         -2.86624e-03   4.35275e-04   1.77777e-06  -1.22459e+00
  14  ANy2         2.77235e-04   3.84494e-04   1.57041e-06  -1.61404e+00
  15  pNy2         4.51120e+00   1.39392e+00   5.74767e-03   1.79119e-03
  16  w_vw         1.44513e+01   1.00000e-03   1.00000e-03  -3.21204e+00
  17  LM           3.07992e-04   constant   
  18  wCBO_expCoeff   0.00000e+00   constant   
  19  wCBO_expOffset   0.00000e+00   constant   
  20  wCBO_expT    0.00000e+00   constant   
  21  wCBO_linCoeff   0.00000e+00   constant   
  22  wCBO_const   0.00000e+00   constant   
 MIGRAD MINIMIZATION HAS CONVERGED.
 FCN=68.8901 FROM MIGRAD    STATUS=CONVERGED     268 CALLS         758 TOTAL
                     EDM=2.12897e-06    STRATEGY= 1  ERROR MATRIX UNCERTAINTY   8.7 per cent
  EXT PARAMETER                                   STEP         FIRST   
  NO.   NAME      VALUE            ERROR          SIZE      DERIVATIVE 
   1  N0           3.11284e+06   1.07485e+03  -6.82553e+00   2.78334e-06
   2  tau          6.44114e+01   constant   
   3  A0           3.64236e-01   3.66116e-04  -2.68493e-08   9.82203e-01
   4  phi          4.11865e+00   1.05456e-03  -7.32318e-07  -5.02456e-01
   5  R           -6.00079e+01   constant   
   6  A_CBO        2.57251e-03   3.85341e-04   1.38646e-07  -2.08561e-02
   7  w_CBO        2.31716e+00   1.00545e-02  -5.65153e-05   1.22035e+00
   8  phi_CBO      5.04051e-01   2.36755e+00  -1.33538e-02   5.09015e-04
   9  ANx2         0.00000e+00   constant   
  10  pNx2         0.00000e+00   constant   
  11  ANy1         2.61918e-03   8.22630e-03  -6.98926e-05  -1.21618e+00
  12  pNy1         3.89258e+00   1.42923e-01  -9.46251e-04   2.29213e-02
  13  w_y         -2.86502e-03   9.94253e-04   8.08460e-06  -5.38589e+00
  14  ANy2         2.88705e-04   3.84706e-04   1.82851e-06   9.11838e-02
  15  pNy2         1.12769e+01   2.42878e+01  -1.27831e-01  -3.57310e-04
  16  w_vw         1.44801e+01   1.03189e-01  -5.40894e-04  -5.06837e-02
  17  LM           3.07992e-04   constant   
  18  wCBO_expCoeff   0.00000e+00   constant   
  19  wCBO_expOffset   0.00000e+00   constant   
  20  wCBO_expT    0.00000e+00   constant   
  21  wCBO_linCoeff   0.00000e+00   constant   
  22  wCBO_const   0.00000e+00   constant   
 EXTERNAL ERROR MATRIX.    NDIM=  25    NPAR= 12    ERR DEF=1
 ELEMENTS ABOVE DIAGONAL ARE NOT PRINTED.
  1.155e+06 
 -8.257e-03  1.340e-07 
  4.514e-02 -7.378e-09  1.112e-06 
  2.810e-03  1.081e-09 -4.042e-09  1.485e-07 
  4.769e-01  2.476e-07  2.824e-07 -2.230e-08  1.011e-04 
  1.051e+02  5.998e-05  6.489e-05 -5.926e-06  2.376e-02  5.605e+00 
  6.363e+00 -1.039e-07  5.721e-07  1.757e-08  5.620e-07  4.158e-05  6.767e-05 
  6.514e+01 -1.348e-06  6.480e-06  3.945e-07  5.890e-06  3.278e-04  9.072e-04  2.043e-02 
 -6.202e-01  1.099e-08 -5.944e-08 -2.747e-09 -2.779e-07 -5.596e-05 -7.495e-06 -9.046e-05  9.885e-07 
 -5.366e-03 -1.129e-09  1.022e-09  1.026e-09  2.724e-08  6.437e-06  9.690e-09 -6.972e-07  2.909e-09  1.480e-07 
  3.025e+02  6.200e-04  5.992e-04 -5.873e-05  2.433e-01  5.730e+01 -7.755e-03 -1.078e-01  3.606e-04  7.602e-05  5.899e+02 
  1.282e+00  2.636e-06  2.548e-06 -2.522e-07  1.034e-03  2.434e-01 -3.294e-05 -4.585e-04  1.534e-06  3.260e-07  2.503e+00 
  1.282e+00  2.636e-06  2.548e-06 -2.522e-07  1.034e-03  2.434e-01 -3.294e-05 -4.585e-04  1.534e-06  3.260e-07  2.503e+00  1.065e-02 
 PARAMETER  CORRELATION COEFFICIENTS  
       NO.  GLOBAL      1      3      4      6      7      8     11     12     13     14     15     16
        1  0.79685   1.000 -0.021  0.040  0.007  0.044  0.041  0.720  0.424 -0.580 -0.013  0.012  0.012
        3  0.08459  -0.021  1.000 -0.019  0.008  0.067  0.069 -0.034 -0.026  0.030 -0.008  0.070  0.070
        4  0.08050   0.040 -0.019  1.000 -0.010  0.027  0.026  0.066  0.043 -0.057  0.003  0.023  0.023
        6  0.02448   0.007  0.008 -0.010  1.000 -0.006 -0.006  0.006  0.007 -0.007  0.007 -0.006 -0.006
        7  0.99840   0.044  0.067  0.027 -0.006  1.000  0.998  0.007  0.004 -0.028  0.007  0.996  0.996
        8  0.99840   0.041  0.069  0.026 -0.006  0.998  1.000  0.002  0.001 -0.024  0.007  0.996  0.996
       11  0.97225   0.720 -0.034  0.066  0.006  0.007  0.002  1.000  0.772 -0.916  0.003 -0.039 -0.039
       12  0.83100   0.424 -0.026  0.043  0.007  0.004  0.001  0.772  1.000 -0.637 -0.013 -0.031 -0.031
       13  0.93663  -0.580  0.030 -0.057 -0.007 -0.028 -0.024 -0.916 -0.637  1.000  0.008  0.015  0.015
       14  0.06812  -0.013 -0.008  0.003  0.007  0.007  0.007  0.003 -0.013  0.008  1.000  0.008  0.008
       15  0.99875   0.012  0.070  0.023 -0.006  0.996  0.996 -0.039 -0.031  0.015  0.008  1.000  0.999
       16  0.99875   0.012  0.070  0.023 -0.006  0.996  0.996 -0.039 -0.031  0.015  0.008  0.999  1.000
MINUIT - REFIT 5-PARAM
 **********
 **   94 **FIX            5
 **********
 PARAMETER    5  IS CONSTANT.   IGNORED.
 **********
 **   95 **FIX            6
 **********
 **********
 **   96 **FIX            7
 **********
 **********
 **   97 **FIX            8
 **********
 **********
 **   98 **FIX            9
 **********
 PARAMETER    9  IS CONSTANT.   IGNORED.
 **********
 **   99 **FIX           10
 **********
 PARAMETER   10  IS CONSTANT.   IGNORED.
 **********
 **  100 **FIX           11
 **********
 **********
 **  101 **FIX           12
 **********
 **********
 **  102 **FIX           13
 **********
 **********
 **  103 **FIX           14
 **********
 **********
 **  104 **FIX           15
 **********
 **********
 **  105 **FIX           16
 **********
 **********
 **  106 **MIGRAD
 **********
 START MIGRAD MINIMIZATION.  STRATEGY  1.  CONVERGENCE WHEN EDM .LT. 1.00e-04
 FCN=68.8901 FROM MIGRAD    STATUS=INITIATE        6 CALLS         764 TOTAL
                     EDM=2.33318e-06    STRATEGY= 1  ERROR MATRIX UNCERTAINTY  50.0 per cent
  EXT PARAMETER                APPROXIMATE        STEP         FIRST   
  NO.   NAME      VALUE            ERROR          SIZE      DERIVATIVE 
   1  N0           3.11284e+06   6.49600e+02  -6.82553e+00   2.78334e-06
   2  tau          6.44114e+01   constant   
   3  A0           3.64236e-01   3.64866e-04  -2.68493e-08   9.82204e-01
   4  phi          4.11865e+00   1.05164e-03  -7.32318e-07  -5.02456e-01
   5  R           -6.00079e+01   constant   
   6  A_CBO        2.57251e-03     fixed    
   7  w_CBO        2.31716e+00     fixed    
   8  phi_CBO      5.04051e-01     fixed    
   9  ANx2         0.00000e+00   constant   
  10  pNx2         0.00000e+00   constant   
  11  ANy1         2.61918e-03     fixed    
  12  pNy1         3.89258e+00     fixed    
  13  w_y         -2.86502e-03     fixed    
  14  ANy2         2.88705e-04     fixed    
  15  pNy2         1.12769e+01     fixed    
  16  w_vw         1.44801e+01     fixed    
  17  LM           3.07992e-04   constant   
  18  wCBO_expCoeff   0.00000e+00   constant   
  19  wCBO_expOffset   0.00000e+00   constant   
  20  wCBO_expT    0.00000e+00   constant   
  21  wCBO_linCoeff   0.00000e+00   constant   
  22  wCBO_const   0.00000e+00   constant   
 MIGRAD MINIMIZATION HAS CONVERGED.
 MIGRAD WILL VERIFY CONVERGENCE AND ERROR MATRIX.
 COVARIANCE MATRIX CALCULATED SUCCESSFULLY
 FCN=68.8901 FROM MIGRAD    STATUS=CONVERGED      30 CALLS         788 TOTAL
                     EDM=9.37815e-08    STRATEGY= 1      ERROR MATRIX ACCURATE 
  EXT PARAMETER                                   STEP         FIRST   
  NO.   NAME      VALUE            ERROR          SIZE      DERIVATIVE 
   1  N0           3.11284e+06   8.49182e+02   3.42834e+00   2.27904e-07
   2  tau          6.44114e+01   constant   
   3  A0           3.64236e-01   3.64368e-04   1.48725e-06  -5.91323e-01
   4  phi          4.11865e+00   1.04467e-03   4.26229e-06   3.11030e-01
   5  R           -6.00079e+01   constant   
   6  A_CBO        2.57251e-03     fixed    
   7  w_CBO        2.31716e+00     fixed    
   8  phi_CBO      5.04051e-01     fixed    
   9  ANx2         0.00000e+00   constant   
  10  pNx2         0.00000e+00   constant   
  11  ANy1         2.61918e-03     fixed    
  12  pNy1         3.89258e+00     fixed    
  13  w_y         -2.86502e-03     fixed    
  14  ANy2         2.88705e-04     fixed    
  15  pNy2         1.12769e+01     fixed    
  16  w_vw         1.44801e+01     fixed    
  17  LM           3.07992e-04   constant   
  18  wCBO_expCoeff   0.00000e+00   constant   
  19  wCBO_expOffset   0.00000e+00   constant   
  20  wCBO_expT    0.00000e+00   constant   
  21  wCBO_linCoeff   0.00000e+00   constant   
  22  wCBO_const   0.00000e+00   constant   
 EXTERNAL ERROR MATRIX.    NDIM=  25    NPAR=  3    ERR DEF=1
  7.211e+05  7.121e-05 -2.558e-02 
  7.121e-05  1.328e-07 -4.775e-09 
 -2.558e-02 -4.775e-09  1.091e-06 
 PARAMETER  CORRELATION COEFFICIENTS  
       NO.  GLOBAL      1      3      4
        1  0.02884   1.000  0.000 -0.029
        3  0.01255   0.000  1.000 -0.013
        4  0.03145  -0.029 -0.013  1.000
MINUIT - 2CBO + Y
 **********
 **  107 **RES 
 **********
                   PARAMETER   16  w_vw RESTORED TO VARIABLE.
                   PARAMETER   15  pNy2 RESTORED TO VARIABLE.
                   PARAMETER   14  ANy2 RESTORED TO VARIABLE.
                   PARAMETER   13  w_y RESTORED TO VARIABLE.
                   PARAMETER   12  pNy1 RESTORED TO VARIABLE.
                   PARAMETER   11  ANy1 RESTORED TO VARIABLE.
                   PARAMETER    8  phi_CBO RESTORED TO VARIABLE.
                   PARAMETER    7  w_CBO RESTORED TO VARIABLE.
                   PARAMETER    6  A_CBO RESTORED TO VARIABLE.
 **********
 **  108 **FIX            0
 **********
 PARAMETER    0  IS UNDEFINED. IGNORED.
 **********
 **  109 **FIX            1
 **********
 **********
 **  110 **FIX            2
 **********
 PARAMETER    2  IS CONSTANT.   IGNORED.
 **********
 **  111 **FIX            3
 **********
 **********
 **  112 **FIX            4
 **********
 **********
 **  113 **FIX            5
 **********
 PARAMETER    5  IS CONSTANT.   IGNORED.
 **********
 **  114 **FIX            6
 **********
 **********
 **  115 **FIX            7
 **********
 **********
 **  116 **FIX           16
 **********
 **********
 **  117 **MIGRAD
 **********
 START MIGRAD MINIMIZATION.  STRATEGY  1.  CONVERGENCE WHEN EDM .LT. 1.00e-04
 FCN=68.8901 FROM MIGRAD    STATUS=INITIATE       12 CALLS         800 TOTAL
                     EDM= unknown      STRATEGY= 1      NO ERROR MATRIX       
  EXT PARAMETER               CURRENT GUESS       STEP         FIRST   
  NO.   NAME      VALUE            ERROR          SIZE      DERIVATIVE 
   1  N0           3.11284e+06     fixed    
   2  tau          6.44114e+01   constant   
   3  A0           3.64236e-01     fixed    
   4  phi          4.11865e+00     fixed    
   5  R           -6.00079e+01   constant   
   6  A_CBO        2.57251e-03     fixed    
   7  w_CBO        2.31716e+00     fixed    
   8  phi_CBO      5.04051e-01   1.51324e-01   1.51324e-01   9.67911e-04
   9  ANx2         0.00000e+00   constant   
  10  pNx2         0.00000e+00   constant   
  11  ANy1         2.61918e-03   8.20426e-03   8.20426e-03  -1.18705e-01
  12  pNy1         3.89258e+00   9.09095e-02   9.09095e-02   2.28754e-03
  13  w_y         -2.86502e-03   3.81905e-04   3.81905e-04  -4.77670e-01
  14  ANy2         2.88705e-04   3.84350e-04   3.84350e-04   4.05545e-02
  15  pNy2         1.12769e+01   1.62763e+00   1.62763e+00  -3.60421e-04
  16  w_vw         1.44801e+01     fixed    
  17  LM           3.07992e-04   constant   
  18  wCBO_expCoeff   0.00000e+00   constant   
  19  wCBO_expOffset   0.00000e+00   constant   
  20  wCBO_expT    0.00000e+00   constant   
  21  wCBO_linCoeff   0.00000e+00   constant   
  22  wCBO_const   0.00000e+00   constant   
 MIGRAD MINIMIZATION HAS CONVERGED.
 MIGRAD WILL VERIFY CONVERGENCE AND ERROR MATRIX.
 COVARIANCE MATRIX CALCULATED SUCCESSFULLY
 FCN=68.8901 FROM MIGRAD    STATUS=CONVERGED      66 CALLS         854 TOTAL
                     EDM=2.9525e-07    STRATEGY= 1      ERROR MATRIX ACCURATE 
  EXT PARAMETER                                   STEP         FIRST   
  NO.   NAME      VALUE            ERROR          SIZE      DERIVATIVE 
   1  N0           3.11284e+06     fixed    
   2  tau          6.44114e+01   constant   
   3  A0           3.64236e-01     fixed    
   4  phi          4.11865e+00     fixed    
   5  R           -6.00079e+01   constant   
   6  A_CBO        2.57251e-03     fixed    
   7  w_CBO        2.31716e+00     fixed    
   8  phi_CBO      5.04044e-01   1.51240e-01   6.14777e-04   4.73602e-04
   9  ANx2         0.00000e+00   constant   
  10  pNx2         0.00000e+00   constant   
  11  ANy1         2.61931e-03   9.77419e-03   7.83305e-06   8.09126e-02
  12  pNy1         3.89257e+00   2.82118e+00   4.29186e-04  -1.40791e-03
  13  w_y         -2.86499e-03   1.09121e-02   1.80511e-06   3.98521e-01
  14  ANy2         2.88704e-04   3.85427e-04   1.57326e-06   6.93543e-03
  15  pNy2         1.12770e+01   1.33558e+00   5.45187e-03  -1.52078e-04
  16  w_vw         1.44801e+01     fixed    
  17  LM           3.07992e-04   constant   
  18  wCBO_expCoeff   0.00000e+00   constant   
  19  wCBO_expOffset   0.00000e+00   constant   
  20  wCBO_expT    0.00000e+00   constant   
  21  wCBO_linCoeff   0.00000e+00   constant   
  22  wCBO_const   0.00000e+00   constant   
 EXTERNAL ERROR MATRIX.    NDIM=  25    NPAR=  6    ERR DEF=1
  2.287e-02 -7.468e-05  1.615e-02  8.331e-05  1.120e-08  3.517e-04 
 -7.468e-05  9.553e-05  1.403e-02  3.751e-05  1.070e-08  2.952e-08 
  1.615e-02  1.403e-02  7.959e+00  3.030e-02 -2.523e-06 -2.325e-04 
  8.331e-05  3.751e-05  3.030e-02  1.191e-04 -1.167e-08  1.893e-07 
  1.120e-08  1.070e-08 -2.523e-06 -1.167e-08  1.486e-07 -6.798e-08 
  3.517e-04  2.952e-08 -2.325e-04  1.893e-07 -6.798e-08  1.784e+00 
 PARAMETER  CORRELATION COEFFICIENTS  
       NO.  GLOBAL      8     11     12     13     14     15
        8  0.09154   1.000 -0.051  0.038  0.050  0.000  0.002
       11  0.98054  -0.051  1.000  0.509  0.352  0.003  0.000
       12  0.99931   0.038  0.509  1.000  0.984 -0.002 -0.000
       13  0.99918   0.050  0.352  0.984  1.000 -0.003  0.000
       14  0.00944   0.000  0.003 -0.002 -0.003  1.000 -0.000
       15  0.00268   0.002  0.000 -0.000  0.000 -0.000  1.000
MINUIT - MINOS
 **********
 **  118 **RES 
 **********
                   PARAMETER   16  w_vw RESTORED TO VARIABLE.
                   PARAMETER    7  w_CBO RESTORED TO VARIABLE.
                   PARAMETER    6  A_CBO RESTORED TO VARIABLE.
                   PARAMETER    4  phi RESTORED TO VARIABLE.
                   PARAMETER    3  A0 RESTORED TO VARIABLE.
                   PARAMETER    1  N0 RESTORED TO VARIABLE.
 **********
 **  119 **MIG      2.5e+04        0.01
 **********
 START MIGRAD MINIMIZATION.  STRATEGY  1.  CONVERGENCE WHEN EDM .LT. 1.00e-05
 FCN=68.8901 FROM MIGRAD    STATUS=INITIATE       24 CALLS         878 TOTAL
                     EDM= unknown      STRATEGY= 1      NO ERROR MATRIX       
  EXT PARAMETER               CURRENT GUESS       STEP         FIRST   
  NO.   NAME      VALUE            ERROR          SIZE      DERIVATIVE 
   1  N0           3.11284e+06   8.49182e+02   8.49182e+02  -2.29618e-07
   2  tau          6.44114e+01   constant   
   3  A0           3.64236e-01   3.64368e-04   3.64368e-04  -5.82083e-01
   4  phi          4.11865e+00   1.04467e-03   1.04467e-03   2.99057e-01
   5  R           -6.00079e+01   constant   
   6  A_CBO        2.57251e-03   3.85341e-04   3.85341e-04   1.25139e-01
   7  w_CBO        2.31716e+00   1.00543e-02   1.00543e-02   1.24296e+00
   8  phi_CBO      5.04044e-01   1.51240e-01   6.14777e-04   4.73406e-04
   9  ANx2         0.00000e+00   constant   
  10  pNx2         0.00000e+00   constant   
  11  ANy1         2.61931e-03   9.77419e-03   7.83305e-06   8.09126e-02
  12  pNy1         3.89257e+00   2.82118e+00   4.29186e-04  -1.40566e-03
  13  w_y         -2.86499e-03   1.09121e-02   1.80511e-06   3.97999e-01
  14  ANy2         2.88704e-04   3.85427e-04   1.57326e-06   6.93626e-03
  15  pNy2         1.12770e+01   1.33558e+00   5.45187e-03  -1.52038e-04
  16  w_vw         1.44801e+01   5.15835e-03   5.15835e-03  -9.89822e-02
  17  LM           3.07992e-04   constant   
  18  wCBO_expCoeff   0.00000e+00   constant   
  19  wCBO_expOffset   0.00000e+00   constant   
  20  wCBO_expT    0.00000e+00   constant   
  21  wCBO_linCoeff   0.00000e+00   constant   
  22  wCBO_const   0.00000e+00   constant   
 MIGRAD MINIMIZATION HAS CONVERGED.
 MIGRAD WILL VERIFY CONVERGENCE AND ERROR MATRIX.
 FCN=68.89 FROM MIGRAD    STATUS=CONVERGED     274 CALLS        1128 TOTAL
                     EDM=3.74844e-07    STRATEGY= 1      ERR MATRIX NOT POS-DEF
  EXT PARAMETER                APPROXIMATE        STEP         FIRST   
  NO.   NAME      VALUE            ERROR          SIZE      DERIVATIVE 
   1  N0           3.11285e+06   1.08338e+04   3.42835e+00  -3.19229e-08
   2  tau          6.44114e+01   constant   
   3  A0           3.64235e-01   3.64439e-04   1.48725e-06  -1.17130e-02
   4  phi          4.11865e+00   1.04516e-03   4.26228e-06   6.52404e-03
   5  R           -6.00079e+01   constant   
   6  A_CBO        2.57254e-03   3.83231e-04   1.56686e-06   6.90149e-02
   7  w_CBO        2.31701e+00   6.46116e-03   2.61060e-06  -4.24331e-01
   8  phi_CBO      4.67283e-01   1.52190e+00   6.14727e-04   1.65796e-03
   9  ANx2         0.00000e+00   constant   
  10  pNx2         0.00000e+00   constant   
  11  ANy1         2.62198e-03   8.69663e-03   7.77085e-06  -2.40046e-02
  12  pNy1         3.89114e+00   1.34795e+00   4.28887e-04   1.71063e-04
  13  w_y         -2.86554e-03   4.92486e-03   1.80385e-06   4.10921e-02
  14  ANy2         2.88801e-04   3.85236e-04   1.57341e-06   3.70158e-02
  15  pNy2         1.15654e+01   1.35741e+01   5.45036e-03   3.59484e-04
  16  w_vw         1.44814e+01   5.76515e-02   2.31485e-05  -8.82548e-02
  17  LM           3.07992e-04   constant   
  18  wCBO_expCoeff   0.00000e+00   constant   
  19  wCBO_expOffset   0.00000e+00   constant   
  20  wCBO_expT    0.00000e+00   constant   
  21  wCBO_linCoeff   0.00000e+00   constant   
  22  wCBO_const   0.00000e+00   constant   
 EXTERNAL ERROR MATRIX.    NDIM=  25    NPAR= 12    ERR DEF=1
 ELEMENTS ABOVE DIAGONAL ARE NOT PRINTED.
  1.174e+08 
  3.018e-03  1.328e-07 
 -3.069e-02 -5.522e-09  1.092e-06 
  2.303e-03  1.134e-09 -1.792e-09  1.469e-07 
  9.129e-02  1.056e-07  8.437e-08 -2.112e-08  4.175e-05 
  2.575e+01  2.655e-05  1.857e-05 -5.657e-06  9.785e-03  2.316e+00 
  2.300e+01 -1.032e-07  5.473e-07  1.820e-08 -5.816e-07 -2.244e-04  7.563e-05 
 -7.838e+03  7.832e-07 -4.311e-06  4.191e-08  8.796e-06  2.725e-03  1.979e-03  1.817e+00 
  2.279e+01  2.796e-08 -1.455e-07 -5.833e-09  1.351e-07  5.526e-05  3.161e-06  3.100e-03  2.425e-05 
 -1.255e-02 -1.004e-09 -9.688e-10  1.454e-09 -1.174e-08 -2.751e-06  1.073e-08  5.652e-07 -5.238e-09  1.484e-07 
 -2.764e+00  4.024e-07  1.774e-05 -1.776e-06  1.609e-04  3.529e-02  2.571e-04 -1.320e-03 -7.139e-05 -2.663e-04  1.843e+02 
 -8.003e-03  3.355e-09  8.186e-08 -1.212e-08  7.312e-07  1.595e-04  1.110e-06 -5.436e-06 -3.097e-07 -1.136e-06  7.788e-01 
 -8.003e-03  3.355e-09  8.186e-08 -1.212e-08  7.312e-07  1.595e-04  1.110e-06 -5.436e-06 -3.097e-07 -1.136e-06  7.788e-01  3.324e-03 
ERR MATRIX NOT POS-DEF
 PARAMETER  CORRELATION COEFFICIENTS  
       NO.  GLOBAL      1      3      4      6      7      8     11     12     13     14     15     16
        1  0.99694   1.000  0.001 -0.003  0.001  0.001  0.002  0.244 -0.537  0.427 -0.003 -0.000 -0.000
        3  0.06734   0.001  1.000 -0.014  0.008  0.045  0.048 -0.033  0.002  0.016 -0.007  0.000  0.000
        4  0.07679  -0.003 -0.014  1.000 -0.004  0.012  0.012  0.060 -0.003 -0.028 -0.002  0.001  0.001
        6  0.02835   0.001  0.008 -0.004  1.000 -0.009 -0.010  0.005  0.000 -0.003  0.010 -0.000 -0.001
        7  0.99511   0.001  0.045  0.012 -0.009  1.000  0.995 -0.010  0.001  0.004 -0.005  0.002  0.002
        8  0.99511   0.002  0.048  0.012 -0.010  0.995  1.000 -0.017  0.001  0.007 -0.005  0.002  0.002
       11  0.97589   0.244 -0.033  0.060  0.005 -0.010 -0.017  1.000  0.169  0.074  0.003  0.002  0.002
       12  0.99697  -0.537  0.002 -0.003  0.000  0.001  0.001  0.169  1.000  0.467  0.001 -0.000 -0.000
       13  0.99598   0.427  0.016 -0.028 -0.003  0.004  0.007  0.074  0.467  1.000 -0.003 -0.001 -0.001
       14  0.05364  -0.003 -0.007 -0.002  0.010 -0.005 -0.005  0.003  0.001 -0.003  1.000 -0.051 -0.051
       15  0.99517  -0.000  0.000  0.001 -0.000  0.002  0.002  0.002 -0.000 -0.001 -0.051  1.000  0.995
       16  0.99517  -0.000  0.000  0.001 -0.001  0.002  0.002  0.002 -0.000 -0.001 -0.051  0.995  1.000
 ERR MATRIX NOT POS-DEF
 **********
 **  120 **MINO      2.5e+04
 **********
                         POSITIVE MINOS ERROR NOT CALCULATED FOR PARAMETER 1
                         NEGATIVE MINOS ERROR NOT CALCULATED FOR PARAMETER 1
                         POSITIVE MINOS ERROR NOT CALCULATED FOR PARAMETER 11
                         NEGATIVE MINOS ERROR NOT CALCULATED FOR PARAMETER 11
                         POSITIVE MINOS ERROR NOT CALCULATED FOR PARAMETER 12
                         NEGATIVE MINOS ERROR NOT CALCULATED FOR PARAMETER 12
 FCN=68.8778 FROM MINOS     STATUS=NEW MINIMU  28040 CALLS       29283 TOTAL
                     EDM= unknown      STRATEGY= 1      NO ERROR MATRIX       
  EXT PARAMETER                  PARABOLIC         MINOS ERRORS        
  NO.   NAME      VALUE            ERROR      NEGATIVE      POSITIVE   
   1  N0           3.11177e+06   7.71636e+02                            
   2  tau          6.44114e+01   constant   
   3  A0           3.64235e-01   3.67085e-04  -3.66922e-04   3.66909e-04
   4  phi          4.11865e+00   1.04931e-03  -1.04743e-03   1.04749e-03
   5  R           -6.00079e+01   constant   
   6  A_CBO        2.57263e-03   3.84004e-04  -3.83994e-04   3.83993e-04
   7  w_CBO        2.31702e+00   1.50322e-02  -1.50728e-02   1.51630e-02
   8  phi_CBO      4.69156e-01   3.54061e+00  -3.55127e+00   3.56987e+00
   9  ANx2         0.00000e+00   constant   
  10  pNx2         0.00000e+00   constant   
  11  ANy1         1.80033e-04   5.95250e-04                            
  12  pNy1         6.84744e+00   2.25197e-01                            
  13  w_y          4.81026e-02   5.20083e-03                            
  14  ANy2         2.88877e-04   3.85869e-04                            
  15  pNy2         1.15697e+01   3.22361e+01                            
  16  w_vw         1.44814e+01   1.36881e-01                            
  17  LM           3.07992e-04   constant   
  18  wCBO_expCoeff   0.00000e+00   constant   
  19  wCBO_expOffset   0.00000e+00   constant   
  20  wCBO_expT    0.00000e+00   constant   
  21  wCBO_linCoeff   0.00000e+00   constant   
  22  wCBO_const   0.00000e+00   constant   
 NEW MINIMUM FOUND.  GO BACK TO MINIMIZATION STEP.
 =================================================
                                                  V
                                                  V
                                                  V
                                               VVVVVVV
                                                VVVVV
                                                 VVV
                                                  V

 START MIGRAD MINIMIZATION.  STRATEGY  1.  CONVERGENCE WHEN EDM .LT. 5.00e-05
 FCN=68.8778 FROM MIGRAD    STATUS=INITIATE       26 CALLS       29309 TOTAL
                     EDM= unknown      STRATEGY= 1      NO ERROR MATRIX       
  EXT PARAMETER               CURRENT GUESS       STEP         FIRST   
  NO.   NAME      VALUE            ERROR          SIZE      DERIVATIVE 
   1  N0           3.11177e+06   7.71636e+02   7.81829e-01  -2.66802e-06
   2  tau          6.44114e+01   constant   
   3  A0           3.64235e-01   3.67085e-04  -1.95301e-08  -2.45396e-01
   4  phi          4.11865e+00   1.04931e-03   5.41580e-07   1.94713e-01
   5  R           -6.00079e+01   constant   
   6  A_CBO        2.57263e-03   3.84004e-04  -1.40694e-07  -3.56133e-01
   7  w_CBO        2.31702e+00   1.50322e-02   2.03527e-05   1.59338e-01
   8  phi_CBO      4.69156e-01   3.54061e+00   4.74790e-03  -7.17721e-04
   9  ANx2         0.00000e+00   constant   
  10  pNx2         0.00000e+00   constant   
  11  ANy1         1.80033e-04   5.95250e-04   1.58339e-07   1.07200e+00
  12  pNy1         6.84744e+00   2.25197e-01  -1.65311e-04  -8.88798e-03
  13  w_y          4.81026e-02   5.20083e-03   5.20083e-03   1.58473e+00
  14  ANy2         2.88877e-04   3.85869e-04  -1.55278e-07  -1.21605e-02
  15  pNy2         1.15697e+01   3.22361e+01  -2.59590e-02  -1.26578e-04
  16  w_vw         1.44814e+01   1.36881e-01  -1.08667e-04   2.74118e-02
  17  LM           3.07992e-04   constant   
  18  wCBO_expCoeff   0.00000e+00   constant   
  19  wCBO_expOffset   0.00000e+00   constant   
  20  wCBO_expT    0.00000e+00   constant   
  21  wCBO_linCoeff   0.00000e+00   constant   
  22  wCBO_const   0.00000e+00   constant   
 MIGRAD MINIMIZATION HAS CONVERGED.
 FCN=67.6596 FROM MIGRAD    STATUS=CONVERGED    1079 CALLS       30362 TOTAL
                     EDM=1.10401e-08    STRATEGY= 1  ERROR MATRIX UNCERTAINTY   0.2 per cent
  EXT PARAMETER                                   STEP         FIRST   
  NO.   NAME      VALUE            ERROR          SIZE      DERIVATIVE 
   1  N0           3.11149e+06   8.90111e+02   2.09600e-01   3.73170e-08
   2  tau          6.44114e+01   constant   
   3  A0           3.64255e-01   3.67013e-04  -1.82740e-07   2.44416e-02
   4  phi          4.11862e+00   1.05138e-03  -5.10135e-09   3.65927e-02
   5  R           -6.00079e+01   constant   
   6  A_CBO        2.55965e-03   3.84366e-04   1.45350e-07   3.35400e-02
   7  w_CBO        2.31658e+00   1.54499e-02  -9.69344e-06   4.95853e-02
   8  phi_CBO      3.72440e-01   3.63940e+00  -2.26707e-03  -2.43967e-04
   9  ANx2         0.00000e+00   constant   
  10  pNx2         0.00000e+00   constant   
  11  ANy1         4.56751e-04   4.04390e-04   4.63684e-07  -3.64958e-01
  12  pNy1         6.62392e+01   1.97993e+01  -2.13654e-02  -1.20481e-05
  13  w_y          2.92781e-01   8.20208e-02  -9.46995e-05   3.56406e-03
  14  ANy2         2.90327e-04   3.87225e-04   1.59679e-09  -1.15954e-01
  15  pNy2         1.14335e+01   1.80229e+00  -5.04200e-04   8.49492e-05
  16  w_vw         1.44808e+01   7.65674e-03  -5.12667e-06   1.86017e-03
  17  LM           3.07992e-04   constant   
  18  wCBO_expCoeff   0.00000e+00   constant   
  19  wCBO_expOffset   0.00000e+00   constant   
  20  wCBO_expT    0.00000e+00   constant   
  21  wCBO_linCoeff   0.00000e+00   constant   
  22  wCBO_const   0.00000e+00   constant   
 EXTERNAL ERROR MATRIX.    NDIM=  25    NPAR= 12    ERR DEF=1
 ELEMENTS ABOVE DIAGONAL ARE NOT PRINTED.
  7.923e+05 
  7.106e-04  1.347e-07 
 -9.648e-03 -2.770e-09  1.105e-06 
  5.988e-03  2.107e-10 -1.666e-09  1.477e-07 
  8.070e-01  5.835e-07  2.733e-07 -9.346e-08  2.387e-04 
  1.902e+02  1.392e-04  6.188e-05 -2.238e-05  5.618e-02  1.325e+01 
 -7.810e-02  5.056e-09 -1.433e-10 -4.250e-09 -2.892e-07 -6.716e-05  1.635e-07 
  2.850e+03  1.079e-06  1.757e-03 -2.039e-04 -4.472e-02 -1.076e+01  3.594e-04  3.920e+02 
  1.223e+01  1.974e-08  7.054e-06 -8.180e-07 -1.821e-04 -4.382e-02  1.335e-06  1.622e+00  6.727e-03 
 -8.931e-03  8.247e-11 -3.792e-09 -5.806e-10 -1.041e-07 -2.422e-05  1.511e-09  4.418e-05  1.642e-07  1.499e-07 
  7.794e+01  5.401e-05  2.833e-05 -9.020e-06  2.123e-02  5.002e+00 -2.902e-05 -4.253e+00 -1.728e-02 -1.212e-05  3.248e+00 
  2.191e-01  2.203e-07  5.576e-08 -3.630e-08  9.000e-05  2.120e-02 -1.156e-07 -2.059e-02 -8.406e-05 -2.711e-08  9.814e-03 
  2.191e-01  2.203e-07  5.576e-08 -3.630e-08  9.000e-05  2.120e-02 -1.156e-07 -2.059e-02 -8.406e-05 -2.711e-08  9.814e-03  5.863e-05 
 PARAMETER  CORRELATION COEFFICIENTS  
       NO.  GLOBAL      1      3      4      6      7      8     11     12     13     14     15     16
        1  0.31008   1.000  0.002 -0.010  0.018  0.059  0.059 -0.217  0.162  0.168 -0.026  0.049  0.032
        3  0.11663   0.002  1.000 -0.007  0.001  0.103  0.104  0.034  0.000  0.001  0.001  0.082  0.078
        4  0.11138  -0.010 -0.007  1.000 -0.004  0.017  0.016 -0.000  0.084  0.082 -0.009  0.015  0.007
        6  0.05034   0.018  0.001 -0.004  1.000 -0.016 -0.016 -0.027 -0.027 -0.026 -0.004 -0.013 -0.012
        7  0.99914   0.059  0.103  0.017 -0.016  1.000  0.999 -0.046 -0.146 -0.144 -0.017  0.763  0.761
        8  0.99914   0.059  0.104  0.016 -0.016  0.999  1.000 -0.046 -0.149 -0.147 -0.017  0.763  0.761
       11  0.24919  -0.217  0.034 -0.000 -0.027 -0.046 -0.046  1.000  0.045  0.040  0.010 -0.040 -0.037
       12  0.99909   0.162  0.000  0.084 -0.027 -0.146 -0.149  0.045  1.000  0.999  0.006 -0.119 -0.136
       13  0.99909   0.168  0.001  0.082 -0.026 -0.144 -0.147  0.040  0.999  1.000  0.005 -0.117 -0.134
       14  0.03660  -0.026  0.001 -0.009 -0.004 -0.017 -0.017  0.010  0.006  0.005  1.000 -0.017 -0.009
       15  0.78905   0.049  0.082  0.015 -0.013  0.763  0.763 -0.040 -0.119 -0.117 -0.017  1.000  0.711
       16  0.78775   0.032  0.078  0.007 -0.012  0.761  0.761 -0.037 -0.136 -0.134 -0.009  0.711  1.000
                         NEGATIVE MINOS ERROR NOT CALCULATED FOR PARAMETER 12
                         POSITIVE MINOS ERROR NOT CALCULATED FOR PARAMETER 15
                         NEGATIVE MINOS ERROR NOT CALCULATED FOR PARAMETER 15
                         POSITIVE MINOS ERROR NOT CALCULATED FOR PARAMETER 16
                         NEGATIVE MINOS ERROR NOT CALCULATED FOR PARAMETER 16
 FCN=67.6596 FROM MINOS     STATUS=PROBLEMS    12859 CALLS       43221 TOTAL
                     EDM=1.10401e-08    STRATEGY= 1  ERROR MATRIX UNCERTAINTY   0.2 per cent
  EXT PARAMETER                  PARABOLIC         MINOS ERRORS        
  NO.   NAME      VALUE            ERROR      NEGATIVE      POSITIVE   
   1  N0           3.11149e+06   8.90111e+02  -8.92627e+02   8.93950e+02
   2  tau          6.44114e+01   constant   
   3  A0           3.64255e-01   3.67013e-04  -3.66954e-04   3.66928e-04
   4  phi          4.11862e+00   1.05138e-03  -1.05026e-03   1.04975e-03
   5  R           -6.00079e+01   constant   
   6  A_CBO        2.55965e-03   3.84366e-04  -3.84287e-04   3.84298e-04
   7  w_CBO        2.31658e+00   1.54499e-02  -1.54466e-02   1.55102e-02
   8  phi_CBO      3.72440e-01   3.63940e+00  -3.63810e+00   3.65330e+00
   9  ANx2         0.00000e+00   constant   
  10  pNx2         0.00000e+00   constant   
  11  ANy1         4.56751e-04   4.04390e-04  -3.99540e-04   4.03605e-04
  12  pNy1         6.62392e+01   1.97993e+01                 2.32023e+01
  13  w_y          2.92781e-01   8.20208e-02  -1.51532e-01   9.72975e-02
  14  ANy2         2.90327e-04   3.87225e-04  -9.66428e-04   3.85742e-04
  15  pNy2         1.14335e+01   1.80229e+00                            
  16  w_vw         1.44808e+01   7.65674e-03                            
  17  LM           3.07992e-04   constant   
  18  wCBO_expCoeff   0.00000e+00   constant   
  19  wCBO_expOffset   0.00000e+00   constant   
  20  wCBO_expT    0.00000e+00   constant   
  21  wCBO_linCoeff   0.00000e+00   constant   
  22  wCBO_const   0.00000e+00   constant   
 **********
 **  121 **SHO COR 
 **********
 PARAMETER  CORRELATION COEFFICIENTS  
       NO.  GLOBAL      1      3      4      6      7      8     11     12     13     14     15     16
        1  0.31008   1.000  0.002 -0.010  0.018  0.059  0.059 -0.217  0.162  0.168 -0.026  0.049  0.032
        3  0.11663   0.002  1.000 -0.007  0.001  0.103  0.104  0.034  0.000  0.001  0.001  0.082  0.078
        4  0.11138  -0.010 -0.007  1.000 -0.004  0.017  0.016 -0.000  0.084  0.082 -0.009  0.015  0.007
        6  0.05034   0.018  0.001 -0.004  1.000 -0.016 -0.016 -0.027 -0.027 -0.026 -0.004 -0.013 -0.012
        7  0.99914   0.059  0.103  0.017 -0.016  1.000  0.999 -0.046 -0.146 -0.144 -0.017  0.763  0.761
        8  0.99914   0.059  0.104  0.016 -0.016  0.999  1.000 -0.046 -0.149 -0.147 -0.017  0.763  0.761
       11  0.24919  -0.217  0.034 -0.000 -0.027 -0.046 -0.046  1.000  0.045  0.040  0.010 -0.040 -0.037
       12  0.99909   0.162  0.000  0.084 -0.027 -0.146 -0.149  0.045  1.000  0.999  0.006 -0.119 -0.136
       13  0.99909   0.168  0.001  0.082 -0.026 -0.144 -0.147  0.040  0.999  1.000  0.005 -0.117 -0.134
       14  0.03660  -0.026  0.001 -0.009 -0.004 -0.017 -0.017  0.010  0.006  0.005  1.000 -0.017 -0.009
       15  0.78905   0.049  0.082  0.015 -0.013  0.763  0.763 -0.040 -0.119 -0.117 -0.017  1.000  0.711
       16  0.78775   0.032  0.078  0.007 -0.012  0.761  0.761 -0.037 -0.136 -0.134 -0.009  0.711  1.000
 ELEMENTS ABOVE DIAGONAL ARE NOT PRINTED.
