 + ++++++++++++++++++++++++++++++++++++++++++++++++++++++++++++++++++++ +
 +                                                                      +
 +           You have chose to blind your fitting according to          +
 +                omega_ref * (1 + (R +/- deltaR) *10^{-6})             +
 +                                                                      +
 + ++++++++++++++++++++++++++++++++++++++++++++++++++++++++++++++++++++ +
In main()...
reading format from /gm2data/zkhechad/run45/envelope/formats/formatB_sBin_constraintOn.txt
pBinTau 	= 0  
pBinPhi 	= 0  
constraintau 	= 1 
includeMopTerm 	= 0    
constrainMop    = 0   
Parameters after format file: pBinTau 0 pBinPhi 0 constraintau 1 includeMopTerm 0 constrainMop 0 c_e_scale 0.000000 
reading cbo reference file (full fit) from /gm2data/zkhechad/cboTemplates/Run4CBOTemplates/fullFits/run4/sBin_constraintOn_cE0.0_seed0_run4_calo2.root
A_CBO 0.007108 w_CBO 2.327171 phi_CBO 2.947562 N0 3111930.391320 R -60.007933 tau 64.411359 
Reading cboRef file /gm2data/zkhechad/cboTemplates/Run4CBOTemplates//cboIsolate/run4_calo2.root
deltaT 7.075388
windowBins = 240
fitting sliding window 160 from bin 363 at 54.159600 to bin 603 at 89.967600 (240 bins)

Reading data from /gm2data/cornell/histograms/aMethod/histogram_a_run4.root
fitting cbo isolate
 **********
 **    1 **SET PRINTOUT            1
 **********
 **********
 **    2 **SET NOWARNINGS 
 **********
 PARAMETER DEFINITIONS:
    NO.   NAME         VALUE      STEP SIZE      LIMITS
     1 A_CBO        7.10761e-03  1.00000e-05     no limits
     2 w_CBO        2.32717e+00  1.00000e-02    2.00000e+00  3.00000e+00
     3 phi_CBO      2.94756e+00  1.00000e-02    0.00000e+00  6.28319e+00
 **********
 **    3 **MIGRAD
 **********
 FIRST CALL TO USER FUNCTION AT NEW START POINT, WITH IFLAG=4.
 START MIGRAD MINIMIZATION.  STRATEGY  1.  CONVERGENCE WHEN EDM .LT. 1.00e-04
 FCN=0.00074196 FROM MIGRAD    STATUS=INITIATE       10 CALLS          11 TOTAL
                     EDM= unknown      STRATEGY= 1      NO ERROR MATRIX       
  EXT PARAMETER               CURRENT GUESS       STEP         FIRST   
  NO.   NAME      VALUE            ERROR          SIZE      DERIVATIVE 
   1  A_CBO        7.10761e-03   1.00000e-05   1.00000e-05   5.30219e-01
   2  w_CBO        2.32717e+00   1.00000e-02   2.13160e-02  -3.29232e-03
   3  phi_CBO      2.94756e+00   1.00000e-02   3.18919e-03   2.68783e-04
 MIGRAD MINIMIZATION HAS CONVERGED.
 MIGRAD WILL VERIFY CONVERGENCE AND ERROR MATRIX.
 COVARIANCE MATRIX CALCULATED SUCCESSFULLY
 FCN=0.000153578 FROM MIGRAD    STATUS=CONVERGED      35 CALLS          36 TOTAL
                     EDM=1.96852e-06    STRATEGY= 1      ERROR MATRIX ACCURATE 
  EXT PARAMETER                                   STEP         FIRST   
  NO.   NAME      VALUE            ERROR          SIZE      DERIVATIVE 
   1  A_CBO        4.88604e-03   9.16539e-02   4.47114e-05  -1.46859e-04
   2  w_CBO        2.32733e+00   8.02479e-01   2.22249e-04   2.87141e-03
   3  phi_CBO      2.93740e+00   4.12938e+00   2.39786e-03  -2.92290e-04
 EXTERNAL ERROR MATRIX.    NDIM=  25    NPAR=  3    ERR DEF=1
  8.400e-03 -7.374e-03 -5.228e-01 
 -7.374e-03  3.235e+00  2.309e+02 
 -5.228e-01  2.309e+02  1.682e+04 
 PARAMETER  CORRELATION COEFFICIENTS  
       NO.  GLOBAL      1      2      3
        1  0.04477   1.000 -0.045 -0.044
        2  0.98964  -0.045  1.000  0.990
        3  0.98964  -0.044  0.990  1.000
setting A_CBO=0.004886 w_CBO=2.327331, phi_CBO=2.937402
done fitting cbo isolate
 **********
 **    1 **SET PRINTOUT            1
 **********
 **********
 **    2 **SET NOWARNINGS 
 **********
 PARAMETER DEFINITIONS:
    NO.   NAME         VALUE      STEP SIZE      LIMITS
     1 N0           3.11193e+06  1.00000e+02     no limits
     2 tau          6.44114e+01  constant
     3 A0           3.64516e-01  1.00000e-04     no limits
     4 phi          4.11813e+00  1.00000e-02     no limits
     5 R           -6.00079e+01  constant
     6 A_CBO        4.88604e-03  1.00000e-05     no limits
     7 w_CBO        2.32733e+00  1.00000e-03     no limits
     8 phi_CBO      2.93740e+00  1.00000e-04     no limits
     9 ANx2         0.00000e+00  constant
    10 pNx2         0.00000e+00  constant
    11 ANy1         4.65685e-04  1.00000e-06     no limits
    12 pNy1         2.96883e+00  1.00000e-04     no limits
    13 w_y          0.00000e+00  1.00000e-03     no limits
    14 ANy2         1.04941e-02  1.00000e-06     no limits
    15 pNy2         5.11372e+00  1.00000e-04     no limits
    16 w_vw         1.44513e+01  1.00000e-03     no limits
    17 LM           3.07992e-04  constant
    18 wCBO_expCoeff   0.00000e+00  constant
    19 wCBO_expOffset   0.00000e+00  constant
    20 wCBO_expT    0.00000e+00  constant
    21 wCBO_linCoeff   0.00000e+00  constant
    22 wCBO_const   0.00000e+00  constant
MINUIT - FIT ONLY WIGGLE
 **********
 **    3 **FIX            5
 **********
 PARAMETER    5  IS CONSTANT.   IGNORED.
 **********
 **    4 **FIX            6
 **********
 **********
 **    5 **FIX            7
 **********
 **********
 **    6 **FIX            8
 **********
 **********
 **    7 **FIX            9
 **********
 PARAMETER    9  IS CONSTANT.   IGNORED.
 **********
 **    8 **FIX           10
 **********
 PARAMETER   10  IS CONSTANT.   IGNORED.
 **********
 **    9 **FIX           11
 **********
 **********
 **   10 **FIX           12
 **********
 **********
 **   11 **FIX           13
 **********
 **********
 **   12 **FIX           14
 **********
 **********
 **   13 **FIX           15
 **********
 **********
 **   14 **FIX           16
 **********
 **********
 **   15 **MIGRAD
 **********
 FIRST CALL TO USER FUNCTION AT NEW START POINT, WITH IFLAG=4.
 START MIGRAD MINIMIZATION.  STRATEGY  1.  CONVERGENCE WHEN EDM .LT. 1.00e-04
 FCN=10794.7 FROM MIGRAD    STATUS=INITIATE       10 CALLS          11 TOTAL
                     EDM= unknown      STRATEGY= 1      NO ERROR MATRIX       
  EXT PARAMETER               CURRENT GUESS       STEP         FIRST   
  NO.   NAME      VALUE            ERROR          SIZE      DERIVATIVE 
   1  N0           3.11193e+06   1.00000e+02   1.00000e+02  -4.65352e-02
   2  tau          6.44114e+01   constant   
   3  A0           3.64516e-01   1.00000e-04   1.00000e-04  -2.37354e+03
   4  phi          4.11813e+00   1.00000e-02   1.00000e-02   4.01317e+03
   5  R           -6.00079e+01   constant   
   6  A_CBO        4.88604e-03     fixed    
   7  w_CBO        2.32733e+00     fixed    
   8  phi_CBO      2.93740e+00     fixed    
   9  ANx2         0.00000e+00   constant   
  10  pNx2         0.00000e+00   constant   
  11  ANy1         4.65685e-04     fixed    
  12  pNy1         2.96883e+00     fixed    
  13  w_y          0.00000e+00     fixed    
  14  ANy2         1.04941e-02     fixed    
  15  pNy2         5.11372e+00     fixed    
  16  w_vw         1.44513e+01     fixed    
  17  LM           3.07992e-04   constant   
  18  wCBO_expCoeff   0.00000e+00   constant   
  19  wCBO_expOffset   0.00000e+00   constant   
  20  wCBO_expT    0.00000e+00   constant   
  21  wCBO_linCoeff   0.00000e+00   constant   
  22  wCBO_const   0.00000e+00   constant   
 MIGRAD MINIMIZATION HAS CONVERGED.
 MIGRAD WILL VERIFY CONVERGENCE AND ERROR MATRIX.
 COVARIANCE MATRIX CALCULATED SUCCESSFULLY
 FCN=10765.4 FROM MIGRAD    STATUS=CONVERGED      40 CALLS          41 TOTAL
                     EDM=4.84297e-06    STRATEGY= 1      ERROR MATRIX ACCURATE 
  EXT PARAMETER                                   STEP         FIRST   
  NO.   NAME      VALUE            ERROR          SIZE      DERIVATIVE 
   1  N0           3.11318e+06   2.31908e+02   1.17364e+01  -1.21818e-07
   2  tau          6.44114e+01   constant   
   3  A0           3.64525e-01   1.00362e-04   5.08433e-06  -3.02103e+01
   4  phi          4.11801e+00   2.83482e-04   1.43569e-05  -2.34249e+00
   5  R           -6.00079e+01   constant   
   6  A_CBO        4.88604e-03     fixed    
   7  w_CBO        2.32733e+00     fixed    
   8  phi_CBO      2.93740e+00     fixed    
   9  ANx2         0.00000e+00   constant   
  10  pNx2         0.00000e+00   constant   
  11  ANy1         4.65685e-04     fixed    
  12  pNy1         2.96883e+00     fixed    
  13  w_y          0.00000e+00     fixed    
  14  ANy2         1.04941e-02     fixed    
  15  pNy2         5.11372e+00     fixed    
  16  w_vw         1.44513e+01     fixed    
  17  LM           3.07992e-04   constant   
  18  wCBO_expCoeff   0.00000e+00   constant   
  19  wCBO_expOffset   0.00000e+00   constant   
  20  wCBO_expT    0.00000e+00   constant   
  21  wCBO_linCoeff   0.00000e+00   constant   
  22  wCBO_const   0.00000e+00   constant   
 EXTERNAL ERROR MATRIX.    NDIM=  25    NPAR=  3    ERR DEF=1
  5.378e+04 -1.122e-04  1.614e-03 
 -1.122e-04  1.007e-08  3.618e-10 
  1.614e-03  3.618e-10  8.036e-08 
 PARAMETER  CORRELATION COEFFICIENTS  
       NO.  GLOBAL      1      3      4
        1  0.02508   1.000 -0.005  0.025
        3  0.01371  -0.005  1.000  0.013
        4  0.02770   0.025  0.013  1.000
MINUIT - FIT ONLY 1-CBO + other amplitudes 
 **********
 **   16 **RES 
 **********
                   PARAMETER   16  w_vw RESTORED TO VARIABLE.
                   PARAMETER   15  pNy2 RESTORED TO VARIABLE.
                   PARAMETER   14  ANy2 RESTORED TO VARIABLE.
                   PARAMETER   13  w_y RESTORED TO VARIABLE.
                   PARAMETER   12  pNy1 RESTORED TO VARIABLE.
                   PARAMETER   11  ANy1 RESTORED TO VARIABLE.
                   PARAMETER    8  phi_CBO RESTORED TO VARIABLE.
                   PARAMETER    7  w_CBO RESTORED TO VARIABLE.
                   PARAMETER    6  A_CBO RESTORED TO VARIABLE.
 **********
 **   17 **FIX            0
 **********
 PARAMETER    0  IS UNDEFINED. IGNORED.
 **********
 **   18 **FIX            1
 **********
 **********
 **   19 **FIX            2
 **********
 PARAMETER    2  IS CONSTANT.   IGNORED.
 **********
 **   20 **FIX            3
 **********
 **********
 **   21 **FIX            4
 **********
 **********
 **   22 **FIX            9
 **********
 PARAMETER    9  IS CONSTANT.   IGNORED.
 **********
 **   23 **FIX           11
 **********
 **********
 **   24 **FIX           12
 **********
 **********
 **   25 **FIX           14
 **********
 **********
 **   26 **FIX           15
 **********
 **********
 **   27 **FIX           16
 **********
 **********
 **   28 **MIGRAD
 **********
 START MIGRAD MINIMIZATION.  STRATEGY  1.  CONVERGENCE WHEN EDM .LT. 1.00e-04
 FCN=10764.9 FROM MIGRAD    STATUS=INITIATE       31 CALLS          72 TOTAL
                     EDM= unknown      STRATEGY= 1      NO ERROR MATRIX       
  EXT PARAMETER               CURRENT GUESS       STEP         FIRST   
  NO.   NAME      VALUE            ERROR          SIZE      DERIVATIVE 
   1  N0           3.11318e+06     fixed    
   2  tau          6.44114e+01   constant   
   3  A0           3.64525e-01     fixed    
   4  phi          4.11801e+00     fixed    
   5  R           -6.00079e+01   constant   
   6  A_CBO        4.88604e-03   1.00000e-05   0.00000e+00  -1.02540e+04
   7  w_CBO        2.32733e+00   1.00000e-03   0.00000e+00   1.27775e+03
   8  phi_CBO      2.93740e+00   1.00000e-04   0.00000e+00  -3.78986e+01
   9  ANx2         0.00000e+00   constant   
  10  pNx2         0.00000e+00   constant   
  11  ANy1         4.65685e-04     fixed    
  12  pNy1         2.96883e+00     fixed    
  13  w_y          4.70053e-03   1.00000e-03   4.70053e-03   9.20756e+00
  14  ANy2         1.04941e-02     fixed    
  15  pNy2         5.11372e+00     fixed    
  16  w_vw         1.44513e+01     fixed    
  17  LM           3.07992e-04   constant   
  18  wCBO_expCoeff   0.00000e+00   constant   
  19  wCBO_expOffset   0.00000e+00   constant   
  20  wCBO_expT    0.00000e+00   constant   
  21  wCBO_linCoeff   0.00000e+00   constant   
  22  wCBO_const   0.00000e+00   constant   
 MIGRAD MINIMIZATION HAS CONVERGED.
 MIGRAD WILL VERIFY CONVERGENCE AND ERROR MATRIX.
 COVARIANCE MATRIX CALCULATED SUCCESSFULLY
 FCN=10762.5 FROM MIGRAD    STATUS=CONVERGED     109 CALLS         150 TOTAL
                     EDM=6.30332e-06    STRATEGY= 1      ERROR MATRIX ACCURATE 
  EXT PARAMETER                                   STEP         FIRST   
  NO.   NAME      VALUE            ERROR          SIZE      DERIVATIVE 
   1  N0           3.11318e+06     fixed    
   2  tau          6.44114e+01   constant   
   3  A0           3.64525e-01     fixed    
   4  phi          4.11801e+00     fixed    
   5  R           -6.00079e+01   constant   
   6  A_CBO        4.94514e-03   1.05740e-04   5.35518e-06  -1.91968e+00
   7  w_CBO        2.33021e+00   2.04470e-03   1.52775e-05   1.01023e+00
   8  phi_CBO      3.14581e+00   1.43815e-01   1.07457e-03  -1.58110e-02
   9  ANx2         0.00000e+00   constant   
  10  pNx2         0.00000e+00   constant   
  11  ANy1         4.65685e-04     fixed    
  12  pNy1         2.96883e+00     fixed    
  13  w_y          4.64020e-03   4.57677e-03   2.32558e-04  -7.67880e-01
  14  ANy2         1.04941e-02     fixed    
  15  pNy2         5.11372e+00     fixed    
  16  w_vw         1.44513e+01     fixed    
  17  LM           3.07992e-04   constant   
  18  wCBO_expCoeff   0.00000e+00   constant   
  19  wCBO_expOffset   0.00000e+00   constant   
  20  wCBO_expT    0.00000e+00   constant   
  21  wCBO_linCoeff   0.00000e+00   constant   
  22  wCBO_const   0.00000e+00   constant   
 EXTERNAL ERROR MATRIX.    NDIM=  25    NPAR=  4    ERR DEF=1
  1.118e-08 -1.975e-09 -1.621e-07  8.235e-09 
 -1.975e-09  4.181e-06  2.908e-04 -8.140e-08 
 -1.621e-07  2.908e-04  2.068e-02 -3.304e-06 
  8.235e-09 -8.140e-08 -3.304e-06  2.095e-05 
 PARAMETER  CORRELATION COEFFICIENTS  
       NO.  GLOBAL      6      7      8     13
        6  0.02239   1.000 -0.009 -0.011  0.017
        7  0.98906  -0.009  1.000  0.989 -0.009
        8  0.98906  -0.011  0.989  1.000 -0.005
       13  0.03101   0.017 -0.009 -0.005  1.000
MINUIT - FIT ONLY 1-CBO
 **********
 **   29 **RES 
 **********
                   PARAMETER   16  w_vw RESTORED TO VARIABLE.
                   PARAMETER   15  pNy2 RESTORED TO VARIABLE.
                   PARAMETER   14  ANy2 RESTORED TO VARIABLE.
                   PARAMETER   12  pNy1 RESTORED TO VARIABLE.
                   PARAMETER   11  ANy1 RESTORED TO VARIABLE.
                   PARAMETER    4  phi RESTORED TO VARIABLE.
                   PARAMETER    3  A0 RESTORED TO VARIABLE.
                   PARAMETER    1  N0 RESTORED TO VARIABLE.
 **********
 **   30 **FIX            0
 **********
 PARAMETER    0  IS UNDEFINED. IGNORED.
 **********
 **   31 **FIX            1
 **********
 **********
 **   32 **FIX            2
 **********
 PARAMETER    2  IS CONSTANT.   IGNORED.
 **********
 **   33 **FIX            3
 **********
 **********
 **   34 **FIX            4
 **********
 **********
 **   35 **FIX            8
 **********
 **********
 **   36 **FIX            9
 **********
 PARAMETER    9  IS CONSTANT.   IGNORED.
 **********
 **   37 **FIX           11
 **********
 **********
 **   38 **FIX           12
 **********
 **********
 **   39 **FIX           13
 **********
 **********
 **   40 **FIX           15
 **********
 **********
 **   41 **FIX           16
 **********
 **********
 **   42 **MIGRAD
 **********
 START MIGRAD MINIMIZATION.  STRATEGY  1.  CONVERGENCE WHEN EDM .LT. 1.00e-04
 FCN=10762.5 FROM MIGRAD    STATUS=INITIATE        6 CALLS         156 TOTAL
                     EDM= unknown      STRATEGY= 1      NO ERROR MATRIX       
  EXT PARAMETER               CURRENT GUESS       STEP         FIRST   
  NO.   NAME      VALUE            ERROR          SIZE      DERIVATIVE 
   1  N0           3.11318e+06     fixed    
   2  tau          6.44114e+01   constant   
   3  A0           3.64525e-01     fixed    
   4  phi          4.11801e+00     fixed    
   5  R           -6.00079e+01   constant   
   6  A_CBO        4.94514e-03   1.05740e-04   5.35518e-06  -1.91970e+00
   7  w_CBO        2.33021e+00   2.04470e-03   1.52775e-05   1.01232e+00
   8  phi_CBO      3.14581e+00     fixed    
   9  ANx2         0.00000e+00   constant   
  10  pNx2         0.00000e+00   constant   
  11  ANy1         4.65685e-04     fixed    
  12  pNy1         2.96883e+00     fixed    
  13  w_y          4.64020e-03     fixed    
  14  ANy2         1.04941e-02   1.00000e-06   1.00000e-06   1.94943e+06
  15  pNy2         5.11372e+00     fixed    
  16  w_vw         1.44513e+01     fixed    
  17  LM           3.07992e-04   constant   
  18  wCBO_expCoeff   0.00000e+00   constant   
  19  wCBO_expOffset   0.00000e+00   constant   
  20  wCBO_expT    0.00000e+00   constant   
  21  wCBO_linCoeff   0.00000e+00   constant   
  22  wCBO_const   0.00000e+00   constant   
 MIGRAD MINIMIZATION HAS CONVERGED.
 MIGRAD WILL VERIFY CONVERGENCE AND ERROR MATRIX.
 COVARIANCE MATRIX CALCULATED SUCCESSFULLY
 FCN=257.891 FROM MIGRAD    STATUS=CONVERGED      45 CALLS         195 TOTAL
                     EDM=6.39327e-10    STRATEGY= 1      ERROR MATRIX ACCURATE 
  EXT PARAMETER                                   STEP         FIRST   
  NO.   NAME      VALUE            ERROR          SIZE      DERIVATIVE 
   1  N0           3.11318e+06     fixed    
   2  tau          6.44114e+01   constant   
   3  A0           3.64525e-01     fixed    
   4  phi          4.11801e+00     fixed    
   5  R           -6.00079e+01   constant   
   6  A_CBO        4.96065e-03   1.05705e-04   8.30425e-07   5.42697e-02
   7  w_CBO        2.33004e+00   3.01488e-04   2.36840e-06   1.16869e-01
   8  phi_CBO      3.14581e+00     fixed    
   9  ANx2         0.00000e+00   constant   
  10  pNx2         0.00000e+00   constant   
  11  ANy1         4.65685e-04     fixed    
  12  pNy1         2.96883e+00     fixed    
  13  w_y          4.64020e-03     fixed    
  14  ANy2        -2.83001e-04   1.05151e-04   8.26103e-07  -1.94472e-03
  15  pNy2         5.11372e+00     fixed    
  16  w_vw         1.44513e+01     fixed    
  17  LM           3.07992e-04   constant   
  18  wCBO_expCoeff   0.00000e+00   constant   
  19  wCBO_expOffset   0.00000e+00   constant   
  20  wCBO_expT    0.00000e+00   constant   
  21  wCBO_linCoeff   0.00000e+00   constant   
  22  wCBO_const   0.00000e+00   constant   
 EXTERNAL ERROR MATRIX.    NDIM=  25    NPAR=  3    ERR DEF=1
  1.117e-08  3.388e-10 -1.708e-11 
  3.388e-10  9.089e-08  1.745e-10 
 -1.708e-11  1.745e-10  1.106e-08 
 PARAMETER  CORRELATION COEFFICIENTS  
       NO.  GLOBAL      6      7     14
        6  0.01075   1.000  0.011 -0.002
        7  0.01198   0.011  1.000  0.006
       14  0.00573  -0.002  0.006  1.000
MINUIT - FIT ONLY 2-CBO
 **********
 **   43 **RES 
 **********
                   PARAMETER   16  w_vw RESTORED TO VARIABLE.
                   PARAMETER   15  pNy2 RESTORED TO VARIABLE.
                   PARAMETER   13  w_y RESTORED TO VARIABLE.
                   PARAMETER   12  pNy1 RESTORED TO VARIABLE.
                   PARAMETER   11  ANy1 RESTORED TO VARIABLE.
                   PARAMETER    8  phi_CBO RESTORED TO VARIABLE.
                   PARAMETER    4  phi RESTORED TO VARIABLE.
                   PARAMETER    3  A0 RESTORED TO VARIABLE.
                   PARAMETER    1  N0 RESTORED TO VARIABLE.
 **********
 **   44 **FIX            0
 **********
 PARAMETER    0  IS UNDEFINED. IGNORED.
 **********
 **   45 **FIX            1
 **********
 **********
 **   46 **FIX            2
 **********
 PARAMETER    2  IS CONSTANT.   IGNORED.
 **********
 **   47 **FIX            3
 **********
 **********
 **   48 **FIX            4
 **********
 **********
 **   49 **FIX            5
 **********
 PARAMETER    5  IS CONSTANT.   IGNORED.
 **********
 **   50 **FIX            6
 **********
 **********
 **   51 **FIX            7
 **********
 **********
 **   52 **FIX           10
 **********
 PARAMETER   10  IS CONSTANT.   IGNORED.
 **********
 **   53 **FIX           11
 **********
 **********
 **   54 **FIX           12
 **********
 **********
 **   55 **FIX           13
 **********
 **********
 **   56 **FIX           14
 **********
 **********
 **   57 **FIX           15
 **********
 **********
 **   58 **FIX           16
 **********
 **********
 **   59 **MIGRAD
 **********
 START MIGRAD MINIMIZATION.  STRATEGY  1.  CONVERGENCE WHEN EDM .LT. 1.00e-04
 FCN=257.891 FROM MIGRAD    STATUS=INITIATE        2 CALLS         197 TOTAL
                     EDM= unknown      STRATEGY= 1      NO ERROR MATRIX       
  EXT PARAMETER               CURRENT GUESS       STEP         FIRST   
  NO.   NAME      VALUE            ERROR          SIZE      DERIVATIVE 
   1  N0           3.11318e+06     fixed    
   2  tau          6.44114e+01   constant   
   3  A0           3.64525e-01     fixed    
   4  phi          4.11801e+00     fixed    
   5  R           -6.00079e+01   constant   
   6  A_CBO        4.96065e-03     fixed    
   7  w_CBO        2.33004e+00     fixed    
   8  phi_CBO      3.14581e+00   1.43815e-01   1.43815e-01   1.11549e+01
   9  ANx2         0.00000e+00   constant   
  10  pNx2         0.00000e+00   constant   
  11  ANy1         4.65685e-04     fixed    
  12  pNy1         2.96883e+00     fixed    
  13  w_y          4.64020e-03     fixed    
  14  ANy2        -2.83001e-04     fixed    
  15  pNy2         5.11372e+00     fixed    
  16  w_vw         1.44513e+01     fixed    
  17  LM           3.07992e-04   constant   
  18  wCBO_expCoeff   0.00000e+00   constant   
  19  wCBO_expOffset   0.00000e+00   constant   
  20  wCBO_expT    0.00000e+00   constant   
  21  wCBO_linCoeff   0.00000e+00   constant   
  22  wCBO_const   0.00000e+00   constant   
 MIGRAD MINIMIZATION HAS CONVERGED.
 MIGRAD WILL VERIFY CONVERGENCE AND ERROR MATRIX.
 COVARIANCE MATRIX CALCULATED SUCCESSFULLY
 FCN=257.877 FROM MIGRAD    STATUS=CONVERGED      10 CALLS         205 TOTAL
                     EDM=5.13911e-11    STRATEGY= 1      ERROR MATRIX ACCURATE 
  EXT PARAMETER                                   STEP         FIRST   
  NO.   NAME      VALUE            ERROR          SIZE      DERIVATIVE 
   1  N0           3.11318e+06     fixed    
   2  tau          6.44114e+01   constant   
   3  A0           3.64525e-01     fixed    
   4  phi          4.11801e+00     fixed    
   5  R           -6.00079e+01   constant   
   6  A_CBO        4.96065e-03     fixed    
   7  w_CBO        2.33004e+00     fixed    
   8  phi_CBO      3.14332e+00   2.11488e-02   1.66158e-04  -4.79372e-04
   9  ANx2         0.00000e+00   constant   
  10  pNx2         0.00000e+00   constant   
  11  ANy1         4.65685e-04     fixed    
  12  pNy1         2.96883e+00     fixed    
  13  w_y          4.64020e-03     fixed    
  14  ANy2        -2.83001e-04     fixed    
  15  pNy2         5.11372e+00     fixed    
  16  w_vw         1.44513e+01     fixed    
  17  LM           3.07992e-04   constant   
  18  wCBO_expCoeff   0.00000e+00   constant   
  19  wCBO_expOffset   0.00000e+00   constant   
  20  wCBO_expT    0.00000e+00   constant   
  21  wCBO_linCoeff   0.00000e+00   constant   
  22  wCBO_const   0.00000e+00   constant   
 EXTERNAL ERROR MATRIX.    NDIM=  25    NPAR=  1    ERR DEF=1
  4.473e-04 
MINUIT - FIT ONLY 1-y
 **********
 **   60 **RES 
 **********
                   PARAMETER   16  w_vw RESTORED TO VARIABLE.
                   PARAMETER   15  pNy2 RESTORED TO VARIABLE.
                   PARAMETER   14  ANy2 RESTORED TO VARIABLE.
                   PARAMETER   13  w_y RESTORED TO VARIABLE.
                   PARAMETER   12  pNy1 RESTORED TO VARIABLE.
                   PARAMETER   11  ANy1 RESTORED TO VARIABLE.
                   PARAMETER    7  w_CBO RESTORED TO VARIABLE.
                   PARAMETER    6  A_CBO RESTORED TO VARIABLE.
                   PARAMETER    4  phi RESTORED TO VARIABLE.
                   PARAMETER    3  A0 RESTORED TO VARIABLE.
                   PARAMETER    1  N0 RESTORED TO VARIABLE.
 **********
 **   61 **FIX            0
 **********
 PARAMETER    0  IS UNDEFINED. IGNORED.
 **********
 **   62 **FIX            1
 **********
 **********
 **   63 **FIX            2
 **********
 PARAMETER    2  IS CONSTANT.   IGNORED.
 **********
 **   64 **FIX            3
 **********
 **********
 **   65 **FIX            4
 **********
 **********
 **   66 **FIX            5
 **********
 PARAMETER    5  IS CONSTANT.   IGNORED.
 **********
 **   67 **FIX            6
 **********
 **********
 **   68 **FIX            7
 **********
 **********
 **   69 **FIX            8
 **********
 **********
 **   70 **FIX            9
 **********
 PARAMETER    9  IS CONSTANT.   IGNORED.
 **********
 **   71 **FIX           13
 **********
 **********
 **   72 **FIX           14
 **********
 **********
 **   73 **FIX           15
 **********
 **********
 **   74 **FIX           16
 **********
 **********
 **   75 **MIGRAD
 **********
 START MIGRAD MINIMIZATION.  STRATEGY  1.  CONVERGENCE WHEN EDM .LT. 1.00e-04
 FCN=257.877 FROM MIGRAD    STATUS=INITIATE        8 CALLS         213 TOTAL
                     EDM= unknown      STRATEGY= 1      NO ERROR MATRIX       
  EXT PARAMETER               CURRENT GUESS       STEP         FIRST   
  NO.   NAME      VALUE            ERROR          SIZE      DERIVATIVE 
   1  N0           3.11318e+06     fixed    
   2  tau          6.44114e+01   constant   
   3  A0           3.64525e-01     fixed    
   4  phi          4.11801e+00     fixed    
   5  R           -6.00079e+01   constant   
   6  A_CBO        4.96065e-03     fixed    
   7  w_CBO        2.33004e+00     fixed    
   8  phi_CBO      3.14332e+00     fixed    
   9  ANx2         0.00000e+00   constant   
  10  pNx2         0.00000e+00   constant   
  11  ANy1         4.65685e-04   1.00000e-06   1.00000e-06  -8.75094e+03
  12  pNy1         2.96883e+00   1.00000e-04   1.00000e-04  -2.83082e+00
  13  w_y          4.64020e-03     fixed    
  14  ANy2        -2.83001e-04     fixed    
  15  pNy2         5.11372e+00     fixed    
  16  w_vw         1.44513e+01     fixed    
  17  LM           3.07992e-04   constant   
  18  wCBO_expCoeff   0.00000e+00   constant   
  19  wCBO_expOffset   0.00000e+00   constant   
  20  wCBO_expT    0.00000e+00   constant   
  21  wCBO_linCoeff   0.00000e+00   constant   
  22  wCBO_const   0.00000e+00   constant   
 MIGRAD MINIMIZATION HAS CONVERGED.
 MIGRAD WILL VERIFY CONVERGENCE AND ERROR MATRIX.
 COVARIANCE MATRIX CALCULATED SUCCESSFULLY
 FCN=256.901 FROM MIGRAD    STATUS=CONVERGED     174 CALLS         379 TOTAL
                     EDM=2.28045e-06    STRATEGY= 1      ERROR MATRIX ACCURATE 
  EXT PARAMETER                                   STEP         FIRST   
  NO.   NAME      VALUE            ERROR          SIZE      DERIVATIVE 
   1  N0           3.11318e+06     fixed    
   2  tau          6.44114e+01   constant   
   3  A0           3.64525e-01     fixed    
   4  phi          4.11801e+00     fixed    
   5  R           -6.00079e+01   constant   
   6  A_CBO        4.96065e-03     fixed    
   7  w_CBO        2.33004e+00     fixed    
   8  phi_CBO      3.14332e+00     fixed    
   9  ANx2         0.00000e+00   constant   
  10  pNx2         0.00000e+00   constant   
  11  ANy1         1.26732e-03   1.45678e-03   1.66519e-06  -9.16650e+00
  12  pNy1         4.68429e+00   4.27359e-01   4.94460e-04   2.89134e-02
  13  w_y          4.64020e-03     fixed    
  14  ANy2        -2.83001e-04     fixed    
  15  pNy2         5.11372e+00     fixed    
  16  w_vw         1.44513e+01     fixed    
  17  LM           3.07992e-04   constant   
  18  wCBO_expCoeff   0.00000e+00   constant   
  19  wCBO_expOffset   0.00000e+00   constant   
  20  wCBO_expT    0.00000e+00   constant   
  21  wCBO_linCoeff   0.00000e+00   constant   
  22  wCBO_const   0.00000e+00   constant   
 EXTERNAL ERROR MATRIX.    NDIM=  25    NPAR=  2    ERR DEF=1
  2.122e-06  6.158e-04 
  6.158e-04  1.826e-01 
 PARAMETER  CORRELATION COEFFICIENTS  
       NO.  GLOBAL     11     12
       11  0.98919   1.000  0.989
       12  0.98919   0.989  1.000
MINUIT - FIT ONLY 2-y
 **********
 **   76 **RES 
 **********
                   PARAMETER   16  w_vw RESTORED TO VARIABLE.
                   PARAMETER   15  pNy2 RESTORED TO VARIABLE.
                   PARAMETER   14  ANy2 RESTORED TO VARIABLE.
                   PARAMETER   13  w_y RESTORED TO VARIABLE.
                   PARAMETER    8  phi_CBO RESTORED TO VARIABLE.
                   PARAMETER    7  w_CBO RESTORED TO VARIABLE.
                   PARAMETER    6  A_CBO RESTORED TO VARIABLE.
                   PARAMETER    4  phi RESTORED TO VARIABLE.
                   PARAMETER    3  A0 RESTORED TO VARIABLE.
                   PARAMETER    1  N0 RESTORED TO VARIABLE.
 **********
 **   77 **FIX            0
 **********
 PARAMETER    0  IS UNDEFINED. IGNORED.
 **********
 **   78 **FIX            1
 **********
 **********
 **   79 **FIX            2
 **********
 PARAMETER    2  IS CONSTANT.   IGNORED.
 **********
 **   80 **FIX            3
 **********
 **********
 **   81 **FIX            4
 **********
 **********
 **   82 **FIX            5
 **********
 PARAMETER    5  IS CONSTANT.   IGNORED.
 **********
 **   83 **FIX            6
 **********
 **********
 **   84 **FIX            7
 **********
 **********
 **   85 **FIX            8
 **********
 **********
 **   86 **FIX            9
 **********
 PARAMETER    9  IS CONSTANT.   IGNORED.
 **********
 **   87 **FIX           10
 **********
 PARAMETER   10  IS CONSTANT.   IGNORED.
 **********
 **   88 **FIX           11
 **********
 **********
 **   89 **FIX           12
 **********
 **********
 **   90 **FIX           16
 **********
 **********
 **   91 **MIGRAD
 **********
 START MIGRAD MINIMIZATION.  STRATEGY  1.  CONVERGENCE WHEN EDM .LT. 1.00e-04
 FCN=256.901 FROM MIGRAD    STATUS=INITIATE       10 CALLS         389 TOTAL
                     EDM= unknown      STRATEGY= 1      NO ERROR MATRIX       
  EXT PARAMETER               CURRENT GUESS       STEP         FIRST   
  NO.   NAME      VALUE            ERROR          SIZE      DERIVATIVE 
   1  N0           3.11318e+06     fixed    
   2  tau          6.44114e+01   constant   
   3  A0           3.64525e-01     fixed    
   4  phi          4.11801e+00     fixed    
   5  R           -6.00079e+01   constant   
   6  A_CBO        4.96065e-03     fixed    
   7  w_CBO        2.33004e+00     fixed    
   8  phi_CBO      3.14332e+00     fixed    
   9  ANx2         0.00000e+00   constant   
  10  pNx2         0.00000e+00   constant   
  11  ANy1         1.26732e-03     fixed    
  12  pNy1         4.68429e+00     fixed    
  13  w_y          4.64020e-03   4.57677e-03   4.57677e-03  -7.67614e+00
  14  ANy2        -2.83001e-04   1.05151e-04   1.05151e-04   8.10218e+01
  15  pNy2         5.11372e+00   1.00000e-04   1.00000e-04   8.52709e+00
  16  w_vw         1.44513e+01     fixed    
  17  LM           3.07992e-04   constant   
  18  wCBO_expCoeff   0.00000e+00   constant   
  19  wCBO_expOffset   0.00000e+00   constant   
  20  wCBO_expT    0.00000e+00   constant   
  21  wCBO_linCoeff   0.00000e+00   constant   
  22  wCBO_const   0.00000e+00   constant   
 MIGRAD MINIMIZATION HAS CONVERGED.
 MIGRAD WILL VERIFY CONVERGENCE AND ERROR MATRIX.
 COVARIANCE MATRIX CALCULATED SUCCESSFULLY
 FCN=254.381 FROM MIGRAD    STATUS=CONVERGED      59 CALLS         438 TOTAL
                     EDM=2.95369e-08    STRATEGY= 1      ERROR MATRIX ACCURATE 
  EXT PARAMETER                                   STEP         FIRST   
  NO.   NAME      VALUE            ERROR          SIZE      DERIVATIVE 
   1  N0           3.11318e+06     fixed    
   2  tau          6.44114e+01   constant   
   3  A0           3.64525e-01     fixed    
   4  phi          4.11801e+00     fixed    
   5  R           -6.00079e+01   constant   
   6  A_CBO        4.96065e-03     fixed    
   7  w_CBO        2.33004e+00     fixed    
   8  phi_CBO      3.14332e+00     fixed    
   9  ANx2         0.00000e+00   constant   
  10  pNx2         0.00000e+00   constant   
  11  ANy1         1.26732e-03     fixed    
  12  pNy1         4.68429e+00     fixed    
  13  w_y          4.63873e-03   8.89795e-04   6.94275e-06   2.96554e-03
  14  ANy2        -3.29653e-04   1.05377e-04   8.22245e-07   2.15657e+00
  15  pNy2         4.58139e+00   3.18993e-01   2.48899e-03  -2.73708e-04
  16  w_vw         1.44513e+01     fixed    
  17  LM           3.07992e-04   constant   
  18  wCBO_expCoeff   0.00000e+00   constant   
  19  wCBO_expOffset   0.00000e+00   constant   
  20  wCBO_expT    0.00000e+00   constant   
  21  wCBO_linCoeff   0.00000e+00   constant   
  22  wCBO_const   0.00000e+00   constant   
 EXTERNAL ERROR MATRIX.    NDIM=  25    NPAR=  3    ERR DEF=1
  7.917e-07 -2.822e-10  1.561e-06 
 -2.822e-10  1.110e-08  1.648e-07 
  1.561e-06  1.648e-07  1.018e-01 
 PARAMETER  CORRELATION COEFFICIENTS  
       NO.  GLOBAL     13     14     15
       13  0.00628   1.000 -0.003  0.006
       14  0.00577  -0.003  1.000  0.005
       15  0.00738   0.006  0.005  1.000
MINUIT - FIT ALTOGETHER
 **********
 **   92 **RES 
 **********
                   PARAMETER   16  w_vw RESTORED TO VARIABLE.
                   PARAMETER   12  pNy1 RESTORED TO VARIABLE.
                   PARAMETER   11  ANy1 RESTORED TO VARIABLE.
                   PARAMETER    8  phi_CBO RESTORED TO VARIABLE.
                   PARAMETER    7  w_CBO RESTORED TO VARIABLE.
                   PARAMETER    6  A_CBO RESTORED TO VARIABLE.
                   PARAMETER    4  phi RESTORED TO VARIABLE.
                   PARAMETER    3  A0 RESTORED TO VARIABLE.
                   PARAMETER    1  N0 RESTORED TO VARIABLE.
 **********
 **   93 **MIGRAD
 **********
 START MIGRAD MINIMIZATION.  STRATEGY  1.  CONVERGENCE WHEN EDM .LT. 1.00e-04
 FCN=254.381 FROM MIGRAD    STATUS=INITIATE       26 CALLS         464 TOTAL
                     EDM= unknown      STRATEGY= 1      NO ERROR MATRIX       
  EXT PARAMETER               CURRENT GUESS       STEP         FIRST   
  NO.   NAME      VALUE            ERROR          SIZE      DERIVATIVE 
   1  N0           3.11318e+06   2.31908e+02   2.31908e+02  -4.09745e-05
   2  tau          6.44114e+01   constant   
   3  A0           3.64525e-01   1.00362e-04   1.00362e-04   6.67895e+03
   4  phi          4.11801e+00   2.83482e-04   2.83482e-04  -2.19378e+03
   5  R           -6.00079e+01   constant   
   6  A_CBO        4.96065e-03   1.05705e-04   1.05705e-04   9.60820e+02
   7  w_CBO        2.33004e+00   3.01488e-04   3.01488e-04   6.95962e+02
   8  phi_CBO      3.14332e+00   2.11488e-02   2.11488e-02   1.71347e-01
   9  ANx2         0.00000e+00   constant   
  10  pNx2         0.00000e+00   constant   
  11  ANy1         1.26732e-03   1.45678e-03   1.45678e-03   2.29894e+01
  12  pNy1         4.68429e+00   4.27359e-01   4.27359e-01  -1.21786e-01
  13  w_y          4.63873e-03   8.89795e-04   6.94275e-06   2.69567e-03
  14  ANy2        -3.29653e-04   1.05377e-04   8.22245e-07   2.15657e+00
  15  pNy2         4.58139e+00   3.18993e-01   2.48899e-03  -2.73921e-04
  16  w_vw         1.44513e+01   1.00000e-03   1.00000e-03   4.12903e+02
  17  LM           3.07992e-04   constant   
  18  wCBO_expCoeff   0.00000e+00   constant   
  19  wCBO_expOffset   0.00000e+00   constant   
  20  wCBO_expT    0.00000e+00   constant   
  21  wCBO_linCoeff   0.00000e+00   constant   
  22  wCBO_const   0.00000e+00   constant   
 MIGRAD MINIMIZATION HAS CONVERGED.
 MIGRAD WILL VERIFY CONVERGENCE AND ERROR MATRIX.
 FCN=124.496 FROM MIGRAD    STATUS=CONVERGED    1306 CALLS        1744 TOTAL
                     EDM=4.1274e-05    STRATEGY= 1      ERR MATRIX NOT POS-DEF
  EXT PARAMETER                APPROXIMATE        STEP         FIRST   
  NO.   NAME      VALUE            ERROR          SIZE      DERIVATIVE 
   1  N0           3.11816e+06   3.16285e+03   1.48685e+00  -2.99259e-06
   2  tau          6.44114e+01   constant   
   3  A0           3.64492e-01   1.00673e-04   5.48927e-07  -1.18236e+00
   4  phi          4.11811e+00   2.84783e-04   1.96367e-06   1.32461e-01
   5  R           -6.00079e+01   constant   
   6  A_CBO        4.95407e-03   1.05717e-04   5.78214e-07  -2.07267e+00
   7  w_CBO        2.32876e+00   1.84558e-03   1.65053e-06  -2.27182e-01
   8  phi_CBO      3.05432e+00   1.29600e-01   1.15840e-04   1.86005e-03
   9  ANx2         0.00000e+00   constant   
  10  pNx2         0.00000e+00   constant   
  11  ANy1         2.14765e-03   1.01971e-03   4.30146e-07   3.87162e+00
  12  pNy1         5.42956e+00   8.73530e-01   5.78548e-04  -7.13776e-04
  13  w_y          3.10492e-02   1.23733e-02   8.66345e-06   4.28440e-01
  14  ANy2        -1.23484e-03   1.05086e-04   5.75448e-07   1.01916e+00
  15  pNy2        -4.45139e+00   5.06932e-01   4.65084e-04   5.87704e-05
  16  w_vw         1.43123e+01   7.29932e-03   6.82465e-06  -1.55801e-02
  17  LM           3.07992e-04   constant   
  18  wCBO_expCoeff   0.00000e+00   constant   
  19  wCBO_expOffset   0.00000e+00   constant   
  20  wCBO_expT    0.00000e+00   constant   
  21  wCBO_linCoeff   0.00000e+00   constant   
  22  wCBO_const   0.00000e+00   constant   
 EXTERNAL ERROR MATRIX.    NDIM=  25    NPAR= 12    ERR DEF=1
 ELEMENTS ABOVE DIAGONAL ARE NOT PRINTED.
  1.000e+07 
 -1.208e-03  1.014e-08 
  5.367e-03  4.654e-10  8.110e-08 
  5.762e-04 -2.748e-11  1.798e-11  1.118e-08 
  6.405e-03 -9.966e-09 -4.259e-08 -8.211e-10  3.406e-06 
  8.280e-01 -6.960e-07 -3.139e-06 -8.029e-08  2.360e-04  1.680e-02 
  3.208e+00 -8.021e-10  2.220e-09  1.563e-10  5.019e-09  5.188e-07  1.040e-06 
 -1.562e+03 -3.180e-06  1.036e-05  9.050e-07  1.809e-05  2.034e-03 -4.500e-04  7.631e-01 
 -2.099e+01 -3.500e-08  1.652e-07  2.160e-08  4.117e-08  1.387e-05 -6.023e-06  1.071e-02  1.531e-04 
  3.472e-03 -5.419e-12  2.170e-10  4.586e-11 -1.282e-09 -7.942e-08  1.072e-09 -1.556e-06 -2.190e-08  1.104e-08 
 -7.527e-01 -4.675e-08  1.620e-07 -5.621e-08 -4.575e-06 -3.035e-04 -2.962e-07 -1.477e-03 -2.397e-05 -2.280e-07  2.570e-01 
 -1.176e-02 -8.789e-10  2.264e-09 -1.040e-09 -7.031e-08 -4.626e-06 -4.590e-09 -2.295e-05 -3.756e-07 -3.214e-09  3.648e-03 
 -1.176e-02 -8.789e-10  2.264e-09 -1.040e-09 -7.031e-08 -4.626e-06 -4.590e-09 -2.295e-05 -3.756e-07 -3.214e-09  3.648e-03  5.328e-05 
ERR MATRIX NOT POS-DEF
 PARAMETER  CORRELATION COEFFICIENTS  
       NO.  GLOBAL      1      3      4      6      7      8     11     12     13     14     15     16
        1  0.99731   1.000 -0.004  0.006  0.002  0.001  0.002  0.995 -0.565 -0.536  0.010 -0.000 -0.001
        3  0.09500  -0.004  1.000  0.016 -0.003 -0.054 -0.053 -0.008 -0.036 -0.028 -0.001 -0.001 -0.001
        4  0.11149   0.006  0.016  1.000  0.001 -0.081 -0.085  0.008  0.042  0.047  0.007  0.001  0.001
        6  0.05375   0.002 -0.003  0.001  1.000 -0.004 -0.006  0.001  0.010  0.017  0.004 -0.001 -0.001
        7  0.98658   0.001 -0.054 -0.081 -0.004  1.000  0.987  0.003  0.011  0.002 -0.007 -0.005 -0.005
        8  0.98660   0.002 -0.053 -0.085 -0.006  0.987  1.000  0.004  0.018  0.009 -0.006 -0.005 -0.005
       11  0.99703   0.995 -0.008  0.008  0.001  0.003  0.004  1.000 -0.505 -0.477  0.010 -0.001 -0.001
       12  0.99265  -0.565 -0.036  0.042  0.010  0.011  0.018 -0.505  1.000  0.991 -0.017 -0.003 -0.004
       13  0.99178  -0.536 -0.028  0.047  0.017  0.002  0.009 -0.477  0.991  1.000 -0.017 -0.004 -0.004
       14  0.02249   0.010 -0.001  0.007  0.004 -0.007 -0.006  0.010 -0.017 -0.017  1.000 -0.004 -0.004
       15  0.98587  -0.000 -0.001  0.001 -0.001 -0.005 -0.005 -0.001 -0.003 -0.004 -0.004  1.000  0.986
       16  0.98587  -0.001 -0.001  0.001 -0.001 -0.005 -0.005 -0.001 -0.004 -0.004 -0.004  0.986  1.000
 ERR MATRIX NOT POS-DEF
MINUIT - REFIT 5-PARAM
 **********
 **   94 **FIX            5
 **********
 PARAMETER    5  IS CONSTANT.   IGNORED.
 **********
 **   95 **FIX            6
 **********
 **********
 **   96 **FIX            7
 **********
 **********
 **   97 **FIX            8
 **********
 **********
 **   98 **FIX            9
 **********
 PARAMETER    9  IS CONSTANT.   IGNORED.
 **********
 **   99 **FIX           10
 **********
 PARAMETER   10  IS CONSTANT.   IGNORED.
 **********
 **  100 **FIX           11
 **********
 **********
 **  101 **FIX           12
 **********
 **********
 **  102 **FIX           13
 **********
 **********
 **  103 **FIX           14
 **********
 **********
 **  104 **FIX           15
 **********
 **********
 **  105 **FIX           16
 **********
 **********
 **  106 **MIGRAD
 **********
 START MIGRAD MINIMIZATION.  STRATEGY  1.  CONVERGENCE WHEN EDM .LT. 1.00e-04
 FCN=124.496 FROM MIGRAD    STATUS=INITIATE        6 CALLS        1750 TOTAL
                     EDM=3.0945e-07    STRATEGY= 1  ERROR MATRIX UNCERTAINTY  50.0 per cent
  EXT PARAMETER                APPROXIMATE        STEP         FIRST   
  NO.   NAME      VALUE            ERROR          SIZE      DERIVATIVE 
   1  N0           3.11816e+06   2.31959e+02   1.48685e+00  -2.99259e-06
   2  tau          6.44114e+01   constant   
   3  A0           3.64492e-01   1.00227e-04   5.48927e-07  -1.18236e+00
   4  phi          4.11811e+00   2.83116e-04   1.96367e-06   1.32460e-01
   5  R           -6.00079e+01   constant   
   6  A_CBO        4.95407e-03     fixed    
   7  w_CBO        2.32876e+00     fixed    
   8  phi_CBO      3.05432e+00     fixed    
   9  ANx2         0.00000e+00   constant   
  10  pNx2         0.00000e+00   constant   
  11  ANy1         2.14765e-03     fixed    
  12  pNy1         5.42956e+00     fixed    
  13  w_y          3.10492e-02     fixed    
  14  ANy2        -1.23484e-03     fixed    
  15  pNy2        -4.45139e+00     fixed    
  16  w_vw         1.43123e+01     fixed    
  17  LM           3.07992e-04   constant   
  18  wCBO_expCoeff   0.00000e+00   constant   
  19  wCBO_expOffset   0.00000e+00   constant   
  20  wCBO_expT    0.00000e+00   constant   
  21  wCBO_linCoeff   0.00000e+00   constant   
  22  wCBO_const   0.00000e+00   constant   
 MIGRAD MINIMIZATION HAS CONVERGED.
 MIGRAD WILL VERIFY CONVERGENCE AND ERROR MATRIX.
 COVARIANCE MATRIX CALCULATED SUCCESSFULLY
 FCN=124.496 FROM MIGRAD    STATUS=CONVERGED      29 CALLS        1773 TOTAL
                     EDM=1.79067e-12    STRATEGY= 1      ERROR MATRIX ACCURATE 
  EXT PARAMETER                                   STEP         FIRST   
  NO.   NAME      VALUE            ERROR          SIZE      DERIVATIVE 
   1  N0           3.11816e+06   2.32272e+02   1.48685e+00  -8.04646e-09
   2  tau          6.44114e+01   constant   
   3  A0           3.64492e-01   1.00362e-04   5.48927e-07  -3.09373e-03
   4  phi          4.11811e+00   2.83499e-04   1.96367e-06   1.79417e-04
   5  R           -6.00079e+01   constant   
   6  A_CBO        4.95407e-03     fixed    
   7  w_CBO        2.32876e+00     fixed    
   8  phi_CBO      3.05432e+00     fixed    
   9  ANx2         0.00000e+00   constant   
  10  pNx2         0.00000e+00   constant   
  11  ANy1         2.14765e-03     fixed    
  12  pNy1         5.42956e+00     fixed    
  13  w_y          3.10492e-02     fixed    
  14  ANy2        -1.23484e-03     fixed    
  15  pNy2        -4.45139e+00     fixed    
  16  w_vw         1.43123e+01     fixed    
  17  LM           3.07992e-04   constant   
  18  wCBO_expCoeff   0.00000e+00   constant   
  19  wCBO_expOffset   0.00000e+00   constant   
  20  wCBO_expT    0.00000e+00   constant   
  21  wCBO_linCoeff   0.00000e+00   constant   
  22  wCBO_const   0.00000e+00   constant   
 EXTERNAL ERROR MATRIX.    NDIM=  25    NPAR=  3    ERR DEF=1
  5.395e+04 -1.128e-04  1.619e-03 
 -1.128e-04  1.007e-08  3.621e-10 
  1.619e-03  3.621e-10  8.037e-08 
 PARAMETER  CORRELATION COEFFICIENTS  
       NO.  GLOBAL      1      3      4
        1  0.02512   1.000 -0.005  0.025
        3  0.01373  -0.005  1.000  0.013
        4  0.02774   0.025  0.013  1.000
MINUIT - 2CBO + Y
 **********
 **  107 **RES 
 **********
                   PARAMETER   16  w_vw RESTORED TO VARIABLE.
                   PARAMETER   15  pNy2 RESTORED TO VARIABLE.
                   PARAMETER   14  ANy2 RESTORED TO VARIABLE.
                   PARAMETER   13  w_y RESTORED TO VARIABLE.
                   PARAMETER   12  pNy1 RESTORED TO VARIABLE.
                   PARAMETER   11  ANy1 RESTORED TO VARIABLE.
                   PARAMETER    8  phi_CBO RESTORED TO VARIABLE.
                   PARAMETER    7  w_CBO RESTORED TO VARIABLE.
                   PARAMETER    6  A_CBO RESTORED TO VARIABLE.
 **********
 **  108 **FIX            0
 **********
 PARAMETER    0  IS UNDEFINED. IGNORED.
 **********
 **  109 **FIX            1
 **********
 **********
 **  110 **FIX            2
 **********
 PARAMETER    2  IS CONSTANT.   IGNORED.
 **********
 **  111 **FIX            3
 **********
 **********
 **  112 **FIX            4
 **********
 **********
 **  113 **FIX            5
 **********
 PARAMETER    5  IS CONSTANT.   IGNORED.
 **********
 **  114 **FIX            6
 **********
 **********
 **  115 **FIX            7
 **********
 **********
 **  116 **FIX           16
 **********
 **********
 **  117 **MIGRAD
 **********
 START MIGRAD MINIMIZATION.  STRATEGY  1.  CONVERGENCE WHEN EDM .LT. 1.00e-04
 FCN=124.496 FROM MIGRAD    STATUS=INITIATE       12 CALLS        1785 TOTAL
                     EDM= unknown      STRATEGY= 1      NO ERROR MATRIX       
  EXT PARAMETER               CURRENT GUESS       STEP         FIRST   
  NO.   NAME      VALUE            ERROR          SIZE      DERIVATIVE 
   1  N0           3.11816e+06     fixed    
   2  tau          6.44114e+01   constant   
   3  A0           3.64492e-01     fixed    
   4  phi          4.11811e+00     fixed    
   5  R           -6.00079e+01   constant   
   6  A_CBO        4.95407e-03     fixed    
   7  w_CBO        2.32876e+00     fixed    
   8  phi_CBO      3.05432e+00   2.12005e-02   2.12005e-02   9.66030e-04
   9  ANx2         0.00000e+00   constant   
  10  pNx2         0.00000e+00   constant   
  11  ANy1         2.14765e-03   1.01968e-03   1.01968e-03  -4.92225e+00
  12  pNy1         5.42956e+00   7.52650e-01   7.52650e-01   1.52235e-03
  13  w_y          3.10492e-02   1.61841e-03   1.61841e-03   3.38305e-01
  14  ANy2        -1.23484e-03   1.05066e-04   1.05066e-04   1.06896e+00
  15  pNy2        -4.45139e+00   5.06913e-01   5.06913e-01   4.95620e-05
  16  w_vw         1.43123e+01     fixed    
  17  LM           3.07992e-04   constant   
  18  wCBO_expCoeff   0.00000e+00   constant   
  19  wCBO_expOffset   0.00000e+00   constant   
  20  wCBO_expT    0.00000e+00   constant   
  21  wCBO_linCoeff   0.00000e+00   constant   
  22  wCBO_const   0.00000e+00   constant   
 MIGRAD MINIMIZATION HAS CONVERGED.
 MIGRAD WILL VERIFY CONVERGENCE AND ERROR MATRIX.
 COVARIANCE MATRIX CALCULATED SUCCESSFULLY
 FCN=124.496 FROM MIGRAD    STATUS=CONVERGED      68 CALLS        1841 TOTAL
                     EDM=1.15543e-05    STRATEGY= 1      ERROR MATRIX ACCURATE 
  EXT PARAMETER                                   STEP         FIRST   
  NO.   NAME      VALUE            ERROR          SIZE      DERIVATIVE 
   1  N0           3.11816e+06     fixed    
   2  tau          6.44114e+01   constant   
   3  A0           3.64492e-01     fixed    
   4  phi          4.11811e+00     fixed    
   5  R           -6.00079e+01   constant   
   6  A_CBO        4.95407e-03     fixed    
   7  w_CBO        2.32876e+00     fixed    
   8  phi_CBO      3.05432e+00   2.12291e-02   1.15840e-04  -7.20766e-05
   9  ANx2         0.00000e+00   constant   
  10  pNx2         0.00000e+00   constant   
  11  ANy1         2.14768e-03   1.13726e-04   4.30118e-07   2.64573e+00
  12  pNy1         5.42955e+00   8.24448e-01   5.79167e-04   5.60554e-03
  13  w_y          3.10484e-02   1.19512e-02   8.67011e-06  -2.97107e-03
  14  ANy2        -1.23485e-03   1.05219e-04   5.75448e-07  -8.54217e-01
  15  pNy2        -4.45139e+00   8.50267e-02   4.65092e-04  -1.26474e-05
  16  w_vw         1.43123e+01     fixed    
  17  LM           3.07992e-04   constant   
  18  wCBO_expCoeff   0.00000e+00   constant   
  19  wCBO_expOffset   0.00000e+00   constant   
  20  wCBO_expT    0.00000e+00   constant   
  21  wCBO_linCoeff   0.00000e+00   constant   
  22  wCBO_const   0.00000e+00   constant   
 EXTERNAL ERROR MATRIX.    NDIM=  25    NPAR=  6    ERR DEF=1
  4.507e-04  7.563e-08  1.144e-03  1.627e-05  9.356e-09 -3.233e-06 
  7.563e-08  1.293e-08  6.669e-05  9.350e-07 -7.449e-11  5.138e-09 
  1.144e-03  6.669e-05  6.797e-01  9.763e-03 -1.379e-06  1.402e-04 
  1.627e-05  9.350e-07  9.763e-03  1.428e-04 -2.004e-08  2.391e-06 
  9.356e-09 -7.449e-11 -1.379e-06 -2.004e-08  1.107e-08 -8.102e-09 
 -3.233e-06  5.138e-09  1.402e-04  2.391e-06 -8.102e-09  7.230e-03 
 PARAMETER  CORRELATION COEFFICIENTS  
       NO.  GLOBAL      8     11     12     13     14     15
        8  0.06967   1.000  0.031  0.065  0.064  0.004 -0.002
       11  0.72245   0.031  1.000  0.711  0.688 -0.006  0.001
       12  0.99172   0.065  0.711  1.000  0.991 -0.016  0.002
       13  0.99116   0.064  0.688  0.991  1.000 -0.016  0.002
       14  0.01830   0.004 -0.006 -0.016 -0.016  1.000 -0.001
       15  0.00408  -0.002  0.001  0.002  0.002 -0.001  1.000
MINUIT - MINOS
 **********
 **  118 **RES 
 **********
                   PARAMETER   16  w_vw RESTORED TO VARIABLE.
                   PARAMETER    7  w_CBO RESTORED TO VARIABLE.
                   PARAMETER    6  A_CBO RESTORED TO VARIABLE.
                   PARAMETER    4  phi RESTORED TO VARIABLE.
                   PARAMETER    3  A0 RESTORED TO VARIABLE.
                   PARAMETER    1  N0 RESTORED TO VARIABLE.
 **********
 **  119 **MIG      2.5e+04        0.01
 **********
 START MIGRAD MINIMIZATION.  STRATEGY  1.  CONVERGENCE WHEN EDM .LT. 1.00e-05
 FCN=124.496 FROM MIGRAD    STATUS=INITIATE       24 CALLS        1865 TOTAL
                     EDM= unknown      STRATEGY= 1      NO ERROR MATRIX       
  EXT PARAMETER               CURRENT GUESS       STEP         FIRST   
  NO.   NAME      VALUE            ERROR          SIZE      DERIVATIVE 
   1  N0           3.11816e+06   2.32272e+02   2.32272e+02  -2.51836e-06
   2  tau          6.44114e+01   constant   
   3  A0           3.64492e-01   1.00362e-04   1.00362e-04   3.74551e-01
   4  phi          4.11811e+00   2.83499e-04   2.83499e-04   1.21555e-01
   5  R           -6.00079e+01   constant   
   6  A_CBO        4.95407e-03   1.05717e-04   1.05717e-04  -1.75000e+00
   7  w_CBO        2.32876e+00   1.84556e-03   1.84556e-03  -1.16626e-01
   8  phi_CBO      3.05432e+00   2.12291e-02   1.15840e-04  -7.23536e-05
   9  ANx2         0.00000e+00   constant   
  10  pNx2         0.00000e+00   constant   
  11  ANy1         2.14768e-03   1.13726e-04   4.30118e-07   2.64574e+00
  12  pNy1         5.42955e+00   8.24448e-01   5.79167e-04   5.63071e-03
  13  w_y          3.10484e-02   1.19512e-02   8.67011e-06  -2.87598e-03
  14  ANy2        -1.23485e-03   1.05219e-04   5.75448e-07  -8.54218e-01
  15  pNy2        -4.45139e+00   8.50267e-02   4.65092e-04  -1.26161e-05
  16  w_vw         1.43123e+01   1.22264e-03   1.22264e-03  -1.11761e-02
  17  LM           3.07992e-04   constant   
  18  wCBO_expCoeff   0.00000e+00   constant   
  19  wCBO_expOffset   0.00000e+00   constant   
  20  wCBO_expT    0.00000e+00   constant   
  21  wCBO_linCoeff   0.00000e+00   constant   
  22  wCBO_const   0.00000e+00   constant   
 MIGRAD MINIMIZATION HAS CONVERGED.
 MIGRAD WILL VERIFY CONVERGENCE AND ERROR MATRIX.
 FCN=124.496 FROM HESSE     STATUS=NOT POSDEF    115 CALLS        2006 TOTAL
                     EDM=2.04075e-05    STRATEGY= 1      ERR MATRIX NOT POS-DEF
  EXT PARAMETER                APPROXIMATE        STEP         FIRST   
  NO.   NAME      VALUE            ERROR          SIZE      DERIVATIVE 
   1  N0           3.11816e+06   3.16279e+03   1.48685e+00   2.62316e-07
   2  tau          6.44114e+01   constant   
   3  A0           3.64492e-01   1.00673e-04   5.48927e-07  -4.00256e-01
   4  phi          4.11811e+00   2.84783e-04   1.96367e-06  -1.10619e-01
   5  R           -6.00079e+01   constant   
   6  A_CBO        4.95408e-03   1.05717e-04   5.78214e-07  -1.85085e-01
   7  w_CBO        2.32876e+00   1.84553e-03   1.65052e-06   4.92005e-02
   8  phi_CBO      3.05432e+00   1.29597e-01   1.15840e-04  -2.16843e-03
   9  ANx2         0.00000e+00   constant   
  10  pNx2         0.00000e+00   constant   
  11  ANy1         2.14767e-03   1.01969e-03   4.30119e-07  -5.76315e+00
  12  pNy1         5.42951e+00   8.73517e-01   5.79179e-04   2.12978e-03
  13  w_y          3.10484e-02   1.23730e-02   8.67074e-06   2.91445e-01
  14  ANy2        -1.23484e-03   1.05086e-04   5.75448e-07   1.05336e-01
  15  pNy2        -4.45139e+00   5.06916e-01   4.65090e-04  -1.97946e-04
  16  w_vw         1.43123e+01   7.29909e-03   6.82465e-06   2.43819e-03
  17  LM           3.07992e-04   constant   
  18  wCBO_expCoeff   0.00000e+00   constant   
  19  wCBO_expOffset   0.00000e+00   constant   
  20  wCBO_expT    0.00000e+00   constant   
  21  wCBO_linCoeff   0.00000e+00   constant   
  22  wCBO_const   0.00000e+00   constant   
 MIGRAD MINIMIZATION HAS CONVERGED.
 MIGRAD WILL VERIFY CONVERGENCE AND ERROR MATRIX.
 FCN=124.48 FROM MIGRAD    STATUS=CONVERGED    7636 CALLS        9477 TOTAL
                     EDM=1.0299e-06    STRATEGY= 1      ERR MATRIX NOT POS-DEF
  EXT PARAMETER                APPROXIMATE        STEP         FIRST   
  NO.   NAME      VALUE            ERROR          SIZE      DERIVATIVE 
   1  N0           3.29385e+06   3.45235e+03   1.57063e+00  -5.82589e-06
   2  tau          6.44114e+01   constant   
   3  A0           3.64492e-01   1.00698e-04   5.48891e-07  -3.75187e-01
   4  phi          4.11811e+00   2.84845e-04   1.96367e-06   1.67777e-01
   5  R           -6.00079e+01   constant   
   6  A_CBO        4.95403e-03   1.05730e-04   5.78176e-07   1.68374e-02
   7  w_CBO        2.32876e+00   1.85721e-03   1.65043e-06  -8.10426e-02
   8  phi_CBO      3.05462e+00   1.30419e-01   1.15834e-04   1.41569e-03
   9  ANx2         0.00000e+00   constant   
  10  pNx2         0.00000e+00   constant   
  11  ANy1         5.53706e-02   9.90344e-04   3.85610e-07   2.02610e+01
  12  pNy1         3.57595e+00   1.41326e-01   1.08325e-04  -2.48926e-02
  13  w_y          5.89485e-03   2.04291e-03   1.62580e-06   1.09874e+00
  14  ANy2        -1.16901e-03   9.94920e-05   5.44747e-07   2.70526e-01
  15  pNy2        -4.45139e+00   5.09866e-01   4.65050e-04   2.01345e-05
  16  w_vw         1.43123e+01   7.34159e-03   6.82465e-06   8.46620e-04
  17  LM           3.07992e-04   constant   
  18  wCBO_expCoeff   0.00000e+00   constant   
  19  wCBO_expOffset   0.00000e+00   constant   
  20  wCBO_expT    0.00000e+00   constant   
  21  wCBO_linCoeff   0.00000e+00   constant   
  22  wCBO_const   0.00000e+00   constant   
 EXTERNAL ERROR MATRIX.    NDIM=  25    NPAR= 12    ERR DEF=1
 ELEMENTS ABOVE DIAGONAL ARE NOT PRINTED.
  1.192e+07 
  6.355e-04  1.014e-08 
 -6.248e-04  4.652e-10  8.114e-08 
  7.252e-05 -2.646e-11  2.009e-11  1.118e-08 
 -4.895e-03 -1.014e-08 -4.315e-08 -8.600e-10  3.449e-06 
 -4.043e-01 -7.086e-07 -3.178e-06 -8.299e-08  2.390e-04  1.701e-02 
  3.401e+00 -2.177e-10  3.080e-10 -7.388e-12  1.563e-09  1.363e-07  9.808e-07 
 -2.944e+01 -6.851e-07  2.206e-06  1.881e-07  4.044e-06  4.467e-04  1.444e-06  1.997e-02 
 -4.026e-01 -7.745e-09  3.468e-08  4.332e-09  1.525e-08  3.399e-06  2.147e-08  2.855e-04  4.174e-06 
  4.266e-03 -4.079e-12  2.025e-10  4.321e-11 -1.235e-09 -7.692e-08  1.179e-09 -1.982e-07 -2.848e-09  9.899e-09 
  5.431e-02 -4.712e-08  1.626e-07 -5.724e-08 -4.674e-06 -3.103e-04 -3.802e-08 -3.144e-04 -5.028e-06 -2.177e-07  2.600e-01 
  7.926e-04 -8.847e-10  2.270e-09 -1.055e-09 -7.176e-08 -4.726e-06 -5.724e-10 -4.880e-06 -7.864e-08 -3.068e-09  3.691e-03 
  7.926e-04 -8.847e-10  2.270e-09 -1.055e-09 -7.176e-08 -4.726e-06 -5.724e-10 -4.880e-06 -7.864e-08 -3.068e-09  3.691e-03  5.390e-05 
ERR MATRIX NOT POS-DEF
 PARAMETER  CORRELATION COEFFICIENTS  
       NO.  GLOBAL      1      3      4      6      7      8     11     12     13     14     15     16
        1  0.99748   1.000  0.002 -0.001  0.000 -0.001 -0.001  0.995 -0.060 -0.057  0.012  0.000  0.000
        3  0.09671   0.002  1.000  0.016 -0.002 -0.054 -0.054 -0.002 -0.048 -0.038 -0.000 -0.001 -0.001
        4  0.11267  -0.001  0.016  1.000  0.001 -0.082 -0.086  0.001  0.055  0.060  0.007  0.001  0.001
        6  0.05450   0.000 -0.002  0.001  1.000 -0.004 -0.006 -0.000  0.013  0.020  0.004 -0.001 -0.001
        7  0.98675  -0.001 -0.054 -0.082 -0.004  1.000  0.987  0.001  0.015  0.004 -0.007 -0.005 -0.005
        8  0.98676  -0.001 -0.054 -0.086 -0.006  0.987  1.000  0.001  0.024  0.013 -0.006 -0.005 -0.005
       11  0.99747   0.995 -0.002  0.001 -0.000  0.001  0.001  1.000  0.010  0.011  0.012 -0.000 -0.000
       12  0.99017  -0.060 -0.048  0.055  0.013  0.015  0.024  0.010  1.000  0.989 -0.014 -0.004 -0.005
       13  0.98939  -0.057 -0.038  0.060  0.020  0.004  0.013  0.011  0.989  1.000 -0.014 -0.005 -0.005
       14  0.02369   0.012 -0.000  0.007  0.004 -0.007 -0.006  0.012 -0.014 -0.014  1.000 -0.004 -0.004
       15  0.98603   0.000 -0.001  0.001 -0.001 -0.005 -0.005 -0.000 -0.004 -0.005 -0.004  1.000  0.986
       16  0.98603   0.000 -0.001  0.001 -0.001 -0.005 -0.005 -0.000 -0.005 -0.005 -0.004  0.986  1.000
 ERR MATRIX NOT POS-DEF
 **********
 **  120 **MINO      2.5e+04
 **********
                         POSITIVE MINOS ERROR NOT CALCULATED FOR PARAMETER 1
                         NEGATIVE MINOS ERROR NOT CALCULATED FOR PARAMETER 1
                         POSITIVE MINOS ERROR NOT CALCULATED FOR PARAMETER 11
                         NEGATIVE MINOS ERROR NOT CALCULATED FOR PARAMETER 11
                         POSITIVE MINOS ERROR NOT CALCULATED FOR PARAMETER 12
 MIGRAD FAILS WITH STRATEGY=0.   WILL TRY WITH STRATEGY=1.
                         POSITIVE MINOS ERROR NOT CALCULATED FOR PARAMETER 13
                         NEGATIVE MINOS ERROR NOT CALCULATED FOR PARAMETER 13
                         POSITIVE MINOS ERROR NOT CALCULATED FOR PARAMETER 14
 MIGRAD FAILS WITH STRATEGY=0.   WILL TRY WITH STRATEGY=1.
 FCN=124.48 FROM MINOS     STATUS=PROBLEMS   107998 CALLS      117590 TOTAL
                     EDM=1.02772e-06    STRATEGY= 1      ERR MATRIX NOT POS-DEF
  EXT PARAMETER                  PARABOLIC         MINOS ERRORS        
  NO.   NAME      VALUE            ERROR      NEGATIVE      POSITIVE   
   1  N0           3.29385e+06   3.45207e+03                            
   2  tau          6.44114e+01   constant   
   3  A0           3.64492e-01   1.00693e-04  -1.00882e-04   1.00886e-04
   4  phi          4.11811e+00   2.84825e-04  -2.85561e-04   2.85553e-04
   5  R           -6.00079e+01   constant   
   6  A_CBO        4.95403e-03   1.05729e-04  -1.05868e-04   1.05868e-04
   7  w_CBO        2.32876e+00   1.85709e-03  -2.06368e-03   2.06368e-03
   8  phi_CBO      3.05462e+00   1.30409e-01  -1.44902e-01   1.44942e-01
   9  ANx2         0.00000e+00   constant   
  10  pNx2         0.00000e+00   constant   
  11  ANy1         5.53706e-02   9.90429e-04                            
  12  pNy1         3.57595e+00   1.38103e-01  -3.60579e-01              
  13  w_y          5.89485e-03   1.99713e-03                            
  14  ANy2        -1.16901e-03   9.94926e-05  -1.70677e-04              
  15  pNy2        -4.45139e+00   5.09852e-01  -5.64859e-01   5.62958e-01
  16  w_vw         1.43123e+01   7.34138e-03  -8.13359e-03   8.10697e-03
  17  LM           3.07992e-04   constant   
  18  wCBO_expCoeff   0.00000e+00   constant   
  19  wCBO_expOffset   0.00000e+00   constant   
  20  wCBO_expT    0.00000e+00   constant   
  21  wCBO_linCoeff   0.00000e+00   constant   
  22  wCBO_const   0.00000e+00   constant   
 **********
 **  121 **SHO COR 
 **********
 PARAMETER  CORRELATION COEFFICIENTS  
       NO.  GLOBAL      1      3      4      6      7      8     11     12     13     14     15     16
        1  0.99748   1.000  0.002 -0.000  0.000 -0.001 -0.001  0.995 -0.058 -0.054  0.012  0.000  0.000
        3  0.09624   0.002  1.000  0.016 -0.002 -0.054 -0.054 -0.002 -0.047 -0.036 -0.000 -0.001 -0.001
        4  0.11204  -0.000  0.016  1.000  0.001 -0.082 -0.086  0.001  0.053  0.058  0.007  0.001  0.001
        6  0.05436   0.000 -0.002  0.001  1.000 -0.004 -0.006 -0.000  0.012  0.020  0.004 -0.001 -0.001
        7  0.98675  -0.001 -0.054 -0.082 -0.004  1.000  0.987  0.001  0.015  0.004 -0.007 -0.005 -0.005
        8  0.98676  -0.001 -0.054 -0.086 -0.006  0.987  1.000  0.001  0.024  0.012 -0.006 -0.005 -0.005
       11  0.99747   0.995 -0.002  0.001 -0.000  0.001  0.001  1.000  0.011  0.011  0.012 -0.000 -0.000
       12  0.98970  -0.058 -0.047  0.053  0.012  0.015  0.024  0.011  1.000  0.988 -0.014 -0.004 -0.005
       13  0.98890  -0.054 -0.036  0.058  0.020  0.004  0.012  0.011  0.988  1.000 -0.014 -0.005 -0.005
       14  0.02390   0.012 -0.000  0.007  0.004 -0.007 -0.006  0.012 -0.014 -0.014  1.000 -0.006 -0.006
       15  0.98603   0.000 -0.001  0.001 -0.001 -0.005 -0.005 -0.000 -0.004 -0.005 -0.006  1.000  0.986
       16  0.98603   0.000 -0.001  0.001 -0.001 -0.005 -0.005 -0.000 -0.005 -0.005 -0.006  0.986  1.000
 ERR MATRIX NOT POS-DEF
 ELEMENTS ABOVE DIAGONAL ARE NOT PRINTED.
