 + ++++++++++++++++++++++++++++++++++++++++++++++++++++++++++++++++++++ +
 +                                                                      +
 +           You have chose to blind your fitting according to          +
 +                omega_ref * (1 + (R +/- deltaR) *10^{-6})             +
 +                                                                      +
 + ++++++++++++++++++++++++++++++++++++++++++++++++++++++++++++++++++++ +
In main()...
reading format from /gm2data/zkhechad/run45/envelope/formats/formatB_sBin_constraintOn.txt
pBinTau 	= 0  
pBinPhi 	= 0  
constraintau 	= 1 
includeMopTerm 	= 0    
constrainMop    = 0   
Parameters after format file: pBinTau 0 pBinPhi 0 constraintau 1 includeMopTerm 0 constrainMop 0 c_e_scale 0.000000 
reading cbo reference file (full fit) from /gm2data/zkhechad/cboTemplates/Run4CBOTemplates/fullFits/run4/sBin_constraintOn_cE0.0_seed0_run4_calo1.root
A_CBO 0.008450 w_CBO 2.327583 phi_CBO 2.512904 N0 3416164.907261 R -60.829491 tau 64.397625 
Reading cboRef file /gm2data/zkhechad/cboTemplates/Run4CBOTemplates//cboIsolate/run4_calo1.root
deltaT 8.617214
windowBins = 240
fitting sliding window 240 from bin 443 at 66.095600 to bin 683 at 101.903600 (240 bins)

Reading data from /gm2data/cornell/histograms/aMethod/histogram_a_run4.root
fitting cbo isolate
 **********
 **    1 **SET PRINTOUT            1
 **********
 **********
 **    2 **SET NOWARNINGS 
 **********
 PARAMETER DEFINITIONS:
    NO.   NAME         VALUE      STEP SIZE      LIMITS
     1 A_CBO        8.44960e-03  1.00000e-05     no limits
     2 w_CBO        2.32758e+00  1.00000e-02    2.00000e+00  3.00000e+00
     3 phi_CBO      2.51290e+00  1.00000e-02    0.00000e+00  6.28319e+00
 **********
 **    3 **MIGRAD
 **********
 FIRST CALL TO USER FUNCTION AT NEW START POINT, WITH IFLAG=4.
 START MIGRAD MINIMIZATION.  STRATEGY  1.  CONVERGENCE WHEN EDM .LT. 1.00e-04
 FCN=0.000723673 FROM MIGRAD    STATUS=INITIATE       12 CALLS          13 TOTAL
                     EDM= unknown      STRATEGY= 1      NO ERROR MATRIX       
  EXT PARAMETER               CURRENT GUESS       STEP         FIRST   
  NO.   NAME      VALUE            ERROR          SIZE      DERIVATIVE 
   1  A_CBO        8.44960e-03   1.00000e-05   1.00000e-05   5.26702e-01
   2  w_CBO        2.32758e+00   1.00000e-02   2.13091e-02  -1.37263e-02
   3  phi_CBO      2.51290e+00   1.00000e-02   3.24882e-03   1.03601e-03
 MIGRAD MINIMIZATION HAS CONVERGED.
 MIGRAD WILL VERIFY CONVERGENCE AND ERROR MATRIX.
 COVARIANCE MATRIX CALCULATED SUCCESSFULLY
 FCN=0.000139874 FROM MIGRAD    STATUS=CONVERGED      45 CALLS          46 TOTAL
                     EDM=6.30069e-07    STRATEGY= 1      ERROR MATRIX ACCURATE 
  EXT PARAMETER                                   STEP         FIRST   
  NO.   NAME      VALUE            ERROR          SIZE      DERIVATIVE 
   1  A_CBO        6.22832e-03   9.17078e-02   4.47313e-05  -4.10094e-03
   2  w_CBO        2.32773e+00   6.49296e-01   1.80554e-04  -1.03621e-04
   3  phi_CBO      2.50192e+00   4.39099e+00   2.31896e-03  -1.95782e-05
 EXTERNAL ERROR MATRIX.    NDIM=  25    NPAR=  3    ERR DEF=1
  8.410e-03 -6.832e-03 -5.875e-01 
 -6.832e-03  2.043e+00  1.703e+02 
 -5.875e-01  1.703e+02  1.440e+04 
 PARAMETER  CORRELATION COEFFICIENTS  
       NO.  GLOBAL      1      2      3
        1  0.05385   1.000 -0.052 -0.053
        2  0.99258  -0.052  1.000  0.993
        3  0.99258  -0.053  0.993  1.000
setting A_CBO=0.006228 w_CBO=2.327731, phi_CBO=2.501917
done fitting cbo isolate
 **********
 **    1 **SET PRINTOUT            1
 **********
 **********
 **    2 **SET NOWARNINGS 
 **********
 PARAMETER DEFINITIONS:
    NO.   NAME         VALUE      STEP SIZE      LIMITS
     1 N0           3.41616e+06  1.00000e+02     no limits
     2 tau          6.43976e+01  constant
     3 A0           3.54950e-01  1.00000e-04     no limits
     4 phi          4.12292e+00  1.00000e-02     no limits
     5 R           -6.08295e+01  constant
     6 A_CBO        6.22832e-03  1.00000e-05     no limits
     7 w_CBO        2.32773e+00  1.00000e-03     no limits
     8 phi_CBO      2.50192e+00  1.00000e-04     no limits
     9 ANx2         0.00000e+00  constant
    10 pNx2         0.00000e+00  constant
    11 ANy1         1.83591e-04  1.00000e-06     no limits
    12 pNy1         5.88455e+00  1.00000e-04     no limits
    13 w_y          0.00000e+00  1.00000e-03     no limits
    14 ANy2         1.49899e-02  1.00000e-06     no limits
    15 pNy2         4.64502e+00  1.00000e-04     no limits
    16 w_vw         1.44513e+01  1.00000e-03     no limits
    17 LM          -1.76320e-04  constant
    18 wCBO_expCoeff   0.00000e+00  constant
    19 wCBO_expOffset   0.00000e+00  constant
    20 wCBO_expT    0.00000e+00  constant
    21 wCBO_linCoeff   0.00000e+00  constant
    22 wCBO_const   0.00000e+00  constant
MINUIT - FIT ONLY WIGGLE
 **********
 **    3 **FIX            5
 **********
 PARAMETER    5  IS CONSTANT.   IGNORED.
 **********
 **    4 **FIX            6
 **********
 **********
 **    5 **FIX            7
 **********
 **********
 **    6 **FIX            8
 **********
 **********
 **    7 **FIX            9
 **********
 PARAMETER    9  IS CONSTANT.   IGNORED.
 **********
 **    8 **FIX           10
 **********
 PARAMETER   10  IS CONSTANT.   IGNORED.
 **********
 **    9 **FIX           11
 **********
 **********
 **   10 **FIX           12
 **********
 **********
 **   11 **FIX           13
 **********
 **********
 **   12 **FIX           14
 **********
 **********
 **   13 **FIX           15
 **********
 **********
 **   14 **FIX           16
 **********
 **********
 **   15 **MIGRAD
 **********
 FIRST CALL TO USER FUNCTION AT NEW START POINT, WITH IFLAG=4.
 START MIGRAD MINIMIZATION.  STRATEGY  1.  CONVERGENCE WHEN EDM .LT. 1.00e-04
 FCN=18497.9 FROM MIGRAD    STATUS=INITIATE       10 CALLS          11 TOTAL
                     EDM= unknown      STRATEGY= 1      NO ERROR MATRIX       
  EXT PARAMETER               CURRENT GUESS       STEP         FIRST   
  NO.   NAME      VALUE            ERROR          SIZE      DERIVATIVE 
   1  N0           3.41616e+06   1.00000e+02   1.00000e+02   2.97027e-02
   2  tau          6.43976e+01   constant   
   3  A0           3.54950e-01   1.00000e-04   1.00000e-04  -6.21825e+03
   4  phi          4.12292e+00   1.00000e-02   1.00000e-02  -1.01087e+04
   5  R           -6.08295e+01   constant   
   6  A_CBO        6.22832e-03     fixed    
   7  w_CBO        2.32773e+00     fixed    
   8  phi_CBO      2.50192e+00     fixed    
   9  ANx2         0.00000e+00   constant   
  10  pNx2         0.00000e+00   constant   
  11  ANy1         1.83591e-04     fixed    
  12  pNy1         5.88455e+00     fixed    
  13  w_y          0.00000e+00     fixed    
  14  ANy2         1.49899e-02     fixed    
  15  pNy2         4.64502e+00     fixed    
  16  w_vw         1.44513e+01     fixed    
  17  LM          -1.76320e-04   constant   
  18  wCBO_expCoeff   0.00000e+00   constant   
  19  wCBO_expOffset   0.00000e+00   constant   
  20  wCBO_expT    0.00000e+00   constant   
  21  wCBO_linCoeff   0.00000e+00   constant   
  22  wCBO_const   0.00000e+00   constant   
 MIGRAD MINIMIZATION HAS CONVERGED.
 MIGRAD WILL VERIFY CONVERGENCE AND ERROR MATRIX.
 COVARIANCE MATRIX CALCULATED SUCCESSFULLY
 FCN=18479.8 FROM MIGRAD    STATUS=CONVERGED      47 CALLS          48 TOTAL
                     EDM=2.72822e-10    STRATEGY= 1      ERROR MATRIX ACCURATE 
  EXT PARAMETER                                   STEP         FIRST   
  NO.   NAME      VALUE            ERROR          SIZE      DERIVATIVE 
   1  N0           3.41510e+06   2.69236e+02   1.78302e+01   5.17687e-08
   2  tau          6.43976e+01   constant   
   3  A0           3.54962e-01   1.03431e-04   6.85771e-06  -4.93333e-02
   4  phi          4.12337e+00   3.08742e-04   2.04858e-05   5.77423e-02
   5  R           -6.08295e+01   constant   
   6  A_CBO        6.22832e-03     fixed    
   7  w_CBO        2.32773e+00     fixed    
   8  phi_CBO      2.50192e+00     fixed    
   9  ANx2         0.00000e+00   constant   
  10  pNx2         0.00000e+00   constant   
  11  ANy1         1.83591e-04     fixed    
  12  pNy1         5.88455e+00     fixed    
  13  w_y          0.00000e+00     fixed    
  14  ANy2         1.49899e-02     fixed    
  15  pNy2         4.64502e+00     fixed    
  16  w_vw         1.44513e+01     fixed    
  17  LM          -1.76320e-04   constant   
  18  wCBO_expCoeff   0.00000e+00   constant   
  19  wCBO_expOffset   0.00000e+00   constant   
  20  wCBO_expT    0.00000e+00   constant   
  21  wCBO_linCoeff   0.00000e+00   constant   
  22  wCBO_const   0.00000e+00   constant   
 EXTERNAL ERROR MATRIX.    NDIM=  25    NPAR=  3    ERR DEF=1
  7.249e+04  1.240e-03  1.798e-03 
  1.240e-03  1.070e-08 -5.451e-10 
  1.798e-03 -5.451e-10  9.532e-08 
 PARAMETER  CORRELATION COEFFICIENTS  
       NO.  GLOBAL      1      3      4
        1  0.04984   1.000  0.045  0.022
        3  0.04804   0.045  1.000 -0.017
        4  0.02817   0.022 -0.017  1.000
MINUIT - FIT ONLY 1-CBO + other amplitudes 
 **********
 **   16 **RES 
 **********
                   PARAMETER   16  w_vw RESTORED TO VARIABLE.
                   PARAMETER   15  pNy2 RESTORED TO VARIABLE.
                   PARAMETER   14  ANy2 RESTORED TO VARIABLE.
                   PARAMETER   13  w_y RESTORED TO VARIABLE.
                   PARAMETER   12  pNy1 RESTORED TO VARIABLE.
                   PARAMETER   11  ANy1 RESTORED TO VARIABLE.
                   PARAMETER    8  phi_CBO RESTORED TO VARIABLE.
                   PARAMETER    7  w_CBO RESTORED TO VARIABLE.
                   PARAMETER    6  A_CBO RESTORED TO VARIABLE.
 **********
 **   17 **FIX            0
 **********
 PARAMETER    0  IS UNDEFINED. IGNORED.
 **********
 **   18 **FIX            1
 **********
 **********
 **   19 **FIX            2
 **********
 PARAMETER    2  IS CONSTANT.   IGNORED.
 **********
 **   20 **FIX            3
 **********
 **********
 **   21 **FIX            4
 **********
 **********
 **   22 **FIX            9
 **********
 PARAMETER    9  IS CONSTANT.   IGNORED.
 **********
 **   23 **FIX           11
 **********
 **********
 **   24 **FIX           12
 **********
 **********
 **   25 **FIX           14
 **********
 **********
 **   26 **FIX           15
 **********
 **********
 **   27 **FIX           16
 **********
 **********
 **   28 **MIGRAD
 **********
 START MIGRAD MINIMIZATION.  STRATEGY  1.  CONVERGENCE WHEN EDM .LT. 1.00e-04
 FCN=18479.8 FROM MIGRAD    STATUS=INITIATE       16 CALLS          64 TOTAL
                     EDM= unknown      STRATEGY= 1      NO ERROR MATRIX       
  EXT PARAMETER               CURRENT GUESS       STEP         FIRST   
  NO.   NAME      VALUE            ERROR          SIZE      DERIVATIVE 
   1  N0           3.41510e+06     fixed    
   2  tau          6.43976e+01   constant   
   3  A0           3.54962e-01     fixed    
   4  phi          4.12337e+00     fixed    
   5  R           -6.08295e+01   constant   
   6  A_CBO        6.22832e-03   1.00000e-05   1.00000e-05  -8.85695e+03
   7  w_CBO        2.32773e+00   1.00000e-03   1.00000e-03  -6.11799e+03
   8  phi_CBO      2.50192e+00   1.00000e-04   1.00000e-04   6.28222e+01
   9  ANx2         0.00000e+00   constant   
  10  pNx2         0.00000e+00   constant   
  11  ANy1         1.83591e-04     fixed    
  12  pNy1         5.88455e+00     fixed    
  13  w_y          0.00000e+00   1.00000e-03   1.00000e-03   2.26841e+02
  14  ANy2         1.49899e-02     fixed    
  15  pNy2         4.64502e+00     fixed    
  16  w_vw         1.44513e+01     fixed    
  17  LM          -1.76320e-04   constant   
  18  wCBO_expCoeff   0.00000e+00   constant   
  19  wCBO_expOffset   0.00000e+00   constant   
  20  wCBO_expT    0.00000e+00   constant   
  21  wCBO_linCoeff   0.00000e+00   constant   
  22  wCBO_const   0.00000e+00   constant   
 MIGRAD MINIMIZATION HAS CONVERGED.
 MIGRAD WILL VERIFY CONVERGENCE AND ERROR MATRIX.
 COVARIANCE MATRIX CALCULATED SUCCESSFULLY
 FCN=18478 FROM MIGRAD    STATUS=CONVERGED      94 CALLS         142 TOTAL
                     EDM=2.05221e-06    STRATEGY= 1      ERROR MATRIX ACCURATE 
  EXT PARAMETER                                   STEP         FIRST   
  NO.   NAME      VALUE            ERROR          SIZE      DERIVATIVE 
   1  N0           3.41510e+06     fixed    
   2  tau          6.43976e+01   constant   
   3  A0           3.54962e-01     fixed    
   4  phi          4.12337e+00     fixed    
   5  R           -6.08295e+01   constant   
   6  A_CBO        6.28469e-03   1.11610e-04   7.40738e-06   1.22331e+01
   7  w_CBO        2.32922e+00   1.73534e-03   1.42357e-05  -1.38532e+00
   8  phi_CBO      2.61364e+00   1.42960e-01   1.17274e-03   6.75791e-03
   9  ANx2         0.00000e+00   constant   
  10  pNx2         0.00000e+00   constant   
  11  ANy1         1.83591e-04     fixed    
  12  pNy1         5.88455e+00     fixed    
  13  w_y         -4.54616e-03   6.62505e-03   4.37489e-04   4.62970e-02
  14  ANy2         1.49899e-02     fixed    
  15  pNy2         4.64502e+00     fixed    
  16  w_vw         1.44513e+01     fixed    
  17  LM          -1.76320e-04   constant   
  18  wCBO_expCoeff   0.00000e+00   constant   
  19  wCBO_expOffset   0.00000e+00   constant   
  20  wCBO_expT    0.00000e+00   constant   
  21  wCBO_linCoeff   0.00000e+00   constant   
  22  wCBO_const   0.00000e+00   constant   
 EXTERNAL ERROR MATRIX.    NDIM=  25    NPAR=  4    ERR DEF=1
  1.246e-08 -2.376e-09 -2.101e-07 -3.644e-10 
 -2.376e-09  3.011e-06  2.462e-04  3.153e-08 
 -2.101e-07  2.462e-04  2.044e-02  2.676e-06 
 -3.644e-10  3.153e-08  2.676e-06  4.389e-05 
 PARAMETER  CORRELATION COEFFICIENTS  
       NO.  GLOBAL      6      7      8     13
        6  0.01469   1.000 -0.012 -0.013 -0.000
        7  0.99232  -0.012  1.000  0.992  0.003
        8  0.99232  -0.013  0.992  1.000  0.003
       13  0.00290  -0.000  0.003  0.003  1.000
MINUIT - FIT ONLY 1-CBO
 **********
 **   29 **RES 
 **********
                   PARAMETER   16  w_vw RESTORED TO VARIABLE.
                   PARAMETER   15  pNy2 RESTORED TO VARIABLE.
                   PARAMETER   14  ANy2 RESTORED TO VARIABLE.
                   PARAMETER   12  pNy1 RESTORED TO VARIABLE.
                   PARAMETER   11  ANy1 RESTORED TO VARIABLE.
                   PARAMETER    4  phi RESTORED TO VARIABLE.
                   PARAMETER    3  A0 RESTORED TO VARIABLE.
                   PARAMETER    1  N0 RESTORED TO VARIABLE.
 **********
 **   30 **FIX            0
 **********
 PARAMETER    0  IS UNDEFINED. IGNORED.
 **********
 **   31 **FIX            1
 **********
 **********
 **   32 **FIX            2
 **********
 PARAMETER    2  IS CONSTANT.   IGNORED.
 **********
 **   33 **FIX            3
 **********
 **********
 **   34 **FIX            4
 **********
 **********
 **   35 **FIX            8
 **********
 **********
 **   36 **FIX            9
 **********
 PARAMETER    9  IS CONSTANT.   IGNORED.
 **********
 **   37 **FIX           11
 **********
 **********
 **   38 **FIX           12
 **********
 **********
 **   39 **FIX           13
 **********
 **********
 **   40 **FIX           15
 **********
 **********
 **   41 **FIX           16
 **********
 **********
 **   42 **MIGRAD
 **********
 START MIGRAD MINIMIZATION.  STRATEGY  1.  CONVERGENCE WHEN EDM .LT. 1.00e-04
 FCN=18478 FROM MIGRAD    STATUS=INITIATE        8 CALLS         150 TOTAL
                     EDM= unknown      STRATEGY= 1      NO ERROR MATRIX       
  EXT PARAMETER               CURRENT GUESS       STEP         FIRST   
  NO.   NAME      VALUE            ERROR          SIZE      DERIVATIVE 
   1  N0           3.41510e+06     fixed    
   2  tau          6.43976e+01   constant   
   3  A0           3.54962e-01     fixed    
   4  phi          4.12337e+00     fixed    
   5  R           -6.08295e+01   constant   
   6  A_CBO        6.28469e-03   1.11610e-04   7.40738e-06   1.22331e+01
   7  w_CBO        2.32922e+00   1.73534e-03   1.42357e-05  -1.38271e+00
   8  phi_CBO      2.61364e+00     fixed    
   9  ANx2         0.00000e+00   constant   
  10  pNx2         0.00000e+00   constant   
  11  ANy1         1.83591e-04     fixed    
  12  pNy1         5.88455e+00     fixed    
  13  w_y         -4.54616e-03     fixed    
  14  ANy2         1.49899e-02   1.00000e-06   1.00000e-06   2.42463e+06
  15  pNy2         4.64502e+00     fixed    
  16  w_vw         1.44513e+01     fixed    
  17  LM          -1.76320e-04   constant   
  18  wCBO_expCoeff   0.00000e+00   constant   
  19  wCBO_expOffset   0.00000e+00   constant   
  20  wCBO_expT    0.00000e+00   constant   
  21  wCBO_linCoeff   0.00000e+00   constant   
  22  wCBO_const   0.00000e+00   constant   
 MIGRAD MINIMIZATION HAS CONVERGED.
 MIGRAD WILL VERIFY CONVERGENCE AND ERROR MATRIX.
 COVARIANCE MATRIX CALCULATED SUCCESSFULLY
 FCN=257.734 FROM MIGRAD    STATUS=CONVERGED      38 CALLS         180 TOTAL
                     EDM=6.05976e-06    STRATEGY= 1      ERROR MATRIX ACCURATE 
  EXT PARAMETER                                   STEP         FIRST   
  NO.   NAME      VALUE            ERROR          SIZE      DERIVATIVE 
   1  N0           3.41510e+06     fixed    
   2  tau          6.43976e+01   constant   
   3  A0           3.54962e-01     fixed    
   4  phi          4.12337e+00     fixed    
   5  R           -6.08295e+01   constant   
   6  A_CBO        6.30151e-03   1.11604e-04   8.76580e-07   2.49615e+01
   7  w_CBO        2.32912e+00   2.14344e-04   1.68561e-06  -9.79616e+00
   8  phi_CBO      2.61364e+00     fixed    
   9  ANx2         0.00000e+00   constant   
  10  pNx2         0.00000e+00   constant   
  11  ANy1         1.83591e-04     fixed    
  12  pNy1         5.88455e+00     fixed    
  13  w_y         -4.54616e-03     fixed    
  14  ANy2        -3.94142e-05   1.11342e-04   8.74491e-07  -1.55532e+00
  15  pNy2         4.64502e+00     fixed    
  16  w_vw         1.44513e+01     fixed    
  17  LM          -1.76320e-04   constant   
  18  wCBO_expCoeff   0.00000e+00   constant   
  19  wCBO_expOffset   0.00000e+00   constant   
  20  wCBO_expT    0.00000e+00   constant   
  21  wCBO_linCoeff   0.00000e+00   constant   
  22  wCBO_const   0.00000e+00   constant   
 EXTERNAL ERROR MATRIX.    NDIM=  25    NPAR=  3    ERR DEF=1
  1.246e-08  1.707e-10 -1.266e-11 
  1.707e-10  4.594e-08  7.733e-11 
 -1.266e-11  7.733e-11  1.240e-08 
 PARAMETER  CORRELATION COEFFICIENTS  
       NO.  GLOBAL      6      7     14
        6  0.00721   1.000  0.007 -0.001
        7  0.00784   0.007  1.000  0.003
       14  0.00340  -0.001  0.003  1.000
MINUIT - FIT ONLY 2-CBO
 **********
 **   43 **RES 
 **********
                   PARAMETER   16  w_vw RESTORED TO VARIABLE.
                   PARAMETER   15  pNy2 RESTORED TO VARIABLE.
                   PARAMETER   13  w_y RESTORED TO VARIABLE.
                   PARAMETER   12  pNy1 RESTORED TO VARIABLE.
                   PARAMETER   11  ANy1 RESTORED TO VARIABLE.
                   PARAMETER    8  phi_CBO RESTORED TO VARIABLE.
                   PARAMETER    4  phi RESTORED TO VARIABLE.
                   PARAMETER    3  A0 RESTORED TO VARIABLE.
                   PARAMETER    1  N0 RESTORED TO VARIABLE.
 **********
 **   44 **FIX            0
 **********
 PARAMETER    0  IS UNDEFINED. IGNORED.
 **********
 **   45 **FIX            1
 **********
 **********
 **   46 **FIX            2
 **********
 PARAMETER    2  IS CONSTANT.   IGNORED.
 **********
 **   47 **FIX            3
 **********
 **********
 **   48 **FIX            4
 **********
 **********
 **   49 **FIX            5
 **********
 PARAMETER    5  IS CONSTANT.   IGNORED.
 **********
 **   50 **FIX            6
 **********
 **********
 **   51 **FIX            7
 **********
 **********
 **   52 **FIX           10
 **********
 PARAMETER   10  IS CONSTANT.   IGNORED.
 **********
 **   53 **FIX           11
 **********
 **********
 **   54 **FIX           12
 **********
 **********
 **   55 **FIX           13
 **********
 **********
 **   56 **FIX           14
 **********
 **********
 **   57 **FIX           15
 **********
 **********
 **   58 **FIX           16
 **********
 **********
 **   59 **MIGRAD
 **********
 START MIGRAD MINIMIZATION.  STRATEGY  1.  CONVERGENCE WHEN EDM .LT. 1.00e-04
 FCN=257.734 FROM MIGRAD    STATUS=INITIATE        2 CALLS         182 TOTAL
                     EDM= unknown      STRATEGY= 1      NO ERROR MATRIX       
  EXT PARAMETER               CURRENT GUESS       STEP         FIRST   
  NO.   NAME      VALUE            ERROR          SIZE      DERIVATIVE 
   1  N0           3.41510e+06     fixed    
   2  tau          6.43976e+01   constant   
   3  A0           3.54962e-01     fixed    
   4  phi          4.12337e+00     fixed    
   5  R           -6.08295e+01   constant   
   6  A_CBO        6.30151e-03     fixed    
   7  w_CBO        2.32912e+00     fixed    
   8  phi_CBO      2.61364e+00   1.42960e-01   1.42960e-01   9.24332e+00
   9  ANx2         0.00000e+00   constant   
  10  pNx2         0.00000e+00   constant   
  11  ANy1         1.83591e-04     fixed    
  12  pNy1         5.88455e+00     fixed    
  13  w_y         -4.54616e-03     fixed    
  14  ANy2        -3.94142e-05     fixed    
  15  pNy2         4.64502e+00     fixed    
  16  w_vw         1.44513e+01     fixed    
  17  LM          -1.76320e-04   constant   
  18  wCBO_expCoeff   0.00000e+00   constant   
  19  wCBO_expOffset   0.00000e+00   constant   
  20  wCBO_expT    0.00000e+00   constant   
  21  wCBO_linCoeff   0.00000e+00   constant   
  22  wCBO_const   0.00000e+00   constant   
 MIGRAD MINIMIZATION HAS CONVERGED.
 MIGRAD WILL VERIFY CONVERGENCE AND ERROR MATRIX.
 COVARIANCE MATRIX CALCULATED SUCCESSFULLY
 FCN=257.728 FROM MIGRAD    STATUS=CONVERGED      10 CALLS         190 TOTAL
                     EDM=3.77406e-12    STRATEGY= 1      ERROR MATRIX ACCURATE 
  EXT PARAMETER                                   STEP         FIRST   
  NO.   NAME      VALUE            ERROR          SIZE      DERIVATIVE 
   1  N0           3.41510e+06     fixed    
   2  tau          6.43976e+01   constant   
   3  A0           3.54962e-01     fixed    
   4  phi          4.12337e+00     fixed    
   5  R           -6.08295e+01   constant   
   6  A_CBO        6.30151e-03     fixed    
   7  w_CBO        2.32912e+00     fixed    
   8  phi_CBO      2.61220e+00   1.76353e-02   1.38510e-04  -1.55789e-04
   9  ANx2         0.00000e+00   constant   
  10  pNx2         0.00000e+00   constant   
  11  ANy1         1.83591e-04     fixed    
  12  pNy1         5.88455e+00     fixed    
  13  w_y         -4.54616e-03     fixed    
  14  ANy2        -3.94142e-05     fixed    
  15  pNy2         4.64502e+00     fixed    
  16  w_vw         1.44513e+01     fixed    
  17  LM          -1.76320e-04   constant   
  18  wCBO_expCoeff   0.00000e+00   constant   
  19  wCBO_expOffset   0.00000e+00   constant   
  20  wCBO_expT    0.00000e+00   constant   
  21  wCBO_linCoeff   0.00000e+00   constant   
  22  wCBO_const   0.00000e+00   constant   
 EXTERNAL ERROR MATRIX.    NDIM=  25    NPAR=  1    ERR DEF=1
  3.110e-04 
MINUIT - FIT ONLY 1-y
 **********
 **   60 **RES 
 **********
                   PARAMETER   16  w_vw RESTORED TO VARIABLE.
                   PARAMETER   15  pNy2 RESTORED TO VARIABLE.
                   PARAMETER   14  ANy2 RESTORED TO VARIABLE.
                   PARAMETER   13  w_y RESTORED TO VARIABLE.
                   PARAMETER   12  pNy1 RESTORED TO VARIABLE.
                   PARAMETER   11  ANy1 RESTORED TO VARIABLE.
                   PARAMETER    7  w_CBO RESTORED TO VARIABLE.
                   PARAMETER    6  A_CBO RESTORED TO VARIABLE.
                   PARAMETER    4  phi RESTORED TO VARIABLE.
                   PARAMETER    3  A0 RESTORED TO VARIABLE.
                   PARAMETER    1  N0 RESTORED TO VARIABLE.
 **********
 **   61 **FIX            0
 **********
 PARAMETER    0  IS UNDEFINED. IGNORED.
 **********
 **   62 **FIX            1
 **********
 **********
 **   63 **FIX            2
 **********
 PARAMETER    2  IS CONSTANT.   IGNORED.
 **********
 **   64 **FIX            3
 **********
 **********
 **   65 **FIX            4
 **********
 **********
 **   66 **FIX            5
 **********
 PARAMETER    5  IS CONSTANT.   IGNORED.
 **********
 **   67 **FIX            6
 **********
 **********
 **   68 **FIX            7
 **********
 **********
 **   69 **FIX            8
 **********
 **********
 **   70 **FIX            9
 **********
 PARAMETER    9  IS CONSTANT.   IGNORED.
 **********
 **   71 **FIX           13
 **********
 **********
 **   72 **FIX           14
 **********
 **********
 **   73 **FIX           15
 **********
 **********
 **   74 **FIX           16
 **********
 **********
 **   75 **MIGRAD
 **********
 START MIGRAD MINIMIZATION.  STRATEGY  1.  CONVERGENCE WHEN EDM .LT. 1.00e-04
 FCN=257.728 FROM MIGRAD    STATUS=INITIATE        8 CALLS         198 TOTAL
                     EDM= unknown      STRATEGY= 1      NO ERROR MATRIX       
  EXT PARAMETER               CURRENT GUESS       STEP         FIRST   
  NO.   NAME      VALUE            ERROR          SIZE      DERIVATIVE 
   1  N0           3.41510e+06     fixed    
   2  tau          6.43976e+01   constant   
   3  A0           3.54962e-01     fixed    
   4  phi          4.12337e+00     fixed    
   5  R           -6.08295e+01   constant   
   6  A_CBO        6.30151e-03     fixed    
   7  w_CBO        2.32912e+00     fixed    
   8  phi_CBO      2.61220e+00     fixed    
   9  ANx2         0.00000e+00   constant   
  10  pNx2         0.00000e+00   constant   
  11  ANy1         1.83591e-04   1.00000e-06   1.00000e-06  -4.24159e+04
  12  pNy1         5.88455e+00   1.00000e-04   1.00000e-04   1.11474e-02
  13  w_y         -4.54616e-03     fixed    
  14  ANy2        -3.94142e-05     fixed    
  15  pNy2         4.64502e+00     fixed    
  16  w_vw         1.44513e+01     fixed    
  17  LM          -1.76320e-04   constant   
  18  wCBO_expCoeff   0.00000e+00   constant   
  19  wCBO_expOffset   0.00000e+00   constant   
  20  wCBO_expT    0.00000e+00   constant   
  21  wCBO_linCoeff   0.00000e+00   constant   
  22  wCBO_const   0.00000e+00   constant   
 MIGRAD MINIMIZATION HAS CONVERGED.
 MIGRAD WILL VERIFY CONVERGENCE AND ERROR MATRIX.
 COVARIANCE MATRIX CALCULATED SUCCESSFULLY
 FCN=254.014 FROM MIGRAD    STATUS=CONVERGED     152 CALLS         342 TOTAL
                     EDM=4.85485e-06    STRATEGY= 1      ERROR MATRIX ACCURATE 
  EXT PARAMETER                                   STEP         FIRST   
  NO.   NAME      VALUE            ERROR          SIZE      DERIVATIVE 
   1  N0           3.41510e+06     fixed    
   2  tau          6.43976e+01   constant   
   3  A0           3.54962e-01     fixed    
   4  phi          4.12337e+00     fixed    
   5  R           -6.08295e+01   constant   
   6  A_CBO        6.30151e-03     fixed    
   7  w_CBO        2.32912e+00     fixed    
   8  phi_CBO      2.61220e+00     fixed    
   9  ANx2         0.00000e+00   constant   
  10  pNx2         0.00000e+00   constant   
  11  ANy1         1.66634e-03   1.78243e-03   3.11811e-06  -4.30748e+00
  12  pNy1         4.52920e+00   2.11955e-01   3.82686e-04  -2.30965e-02
  13  w_y         -4.54616e-03     fixed    
  14  ANy2        -3.94142e-05     fixed    
  15  pNy2         4.64502e+00     fixed    
  16  w_vw         1.44513e+01     fixed    
  17  LM          -1.76320e-04   constant   
  18  wCBO_expCoeff   0.00000e+00   constant   
  19  wCBO_expOffset   0.00000e+00   constant   
  20  wCBO_expT    0.00000e+00   constant   
  21  wCBO_linCoeff   0.00000e+00   constant   
  22  wCBO_const   0.00000e+00   constant   
 EXTERNAL ERROR MATRIX.    NDIM=  25    NPAR=  2    ERR DEF=1
  3.177e-06 -3.679e-04 
 -3.679e-04  4.492e-02 
 PARAMETER  CORRELATION COEFFICIENTS  
       NO.  GLOBAL     11     12
       11  0.97382   1.000 -0.974
       12  0.97382  -0.974  1.000
MINUIT - FIT ONLY 2-y
 **********
 **   76 **RES 
 **********
                   PARAMETER   16  w_vw RESTORED TO VARIABLE.
                   PARAMETER   15  pNy2 RESTORED TO VARIABLE.
                   PARAMETER   14  ANy2 RESTORED TO VARIABLE.
                   PARAMETER   13  w_y RESTORED TO VARIABLE.
                   PARAMETER    8  phi_CBO RESTORED TO VARIABLE.
                   PARAMETER    7  w_CBO RESTORED TO VARIABLE.
                   PARAMETER    6  A_CBO RESTORED TO VARIABLE.
                   PARAMETER    4  phi RESTORED TO VARIABLE.
                   PARAMETER    3  A0 RESTORED TO VARIABLE.
                   PARAMETER    1  N0 RESTORED TO VARIABLE.
 **********
 **   77 **FIX            0
 **********
 PARAMETER    0  IS UNDEFINED. IGNORED.
 **********
 **   78 **FIX            1
 **********
 **********
 **   79 **FIX            2
 **********
 PARAMETER    2  IS CONSTANT.   IGNORED.
 **********
 **   80 **FIX            3
 **********
 **********
 **   81 **FIX            4
 **********
 **********
 **   82 **FIX            5
 **********
 PARAMETER    5  IS CONSTANT.   IGNORED.
 **********
 **   83 **FIX            6
 **********
 **********
 **   84 **FIX            7
 **********
 **********
 **   85 **FIX            8
 **********
 **********
 **   86 **FIX            9
 **********
 PARAMETER    9  IS CONSTANT.   IGNORED.
 **********
 **   87 **FIX           10
 **********
 PARAMETER   10  IS CONSTANT.   IGNORED.
 **********
 **   88 **FIX           11
 **********
 **********
 **   89 **FIX           12
 **********
 **********
 **   90 **FIX           16
 **********
 **********
 **   91 **MIGRAD
 **********
 START MIGRAD MINIMIZATION.  STRATEGY  1.  CONVERGENCE WHEN EDM .LT. 1.00e-04
 FCN=254.014 FROM MIGRAD    STATUS=INITIATE       10 CALLS         352 TOTAL
                     EDM= unknown      STRATEGY= 1      NO ERROR MATRIX       
  EXT PARAMETER               CURRENT GUESS       STEP         FIRST   
  NO.   NAME      VALUE            ERROR          SIZE      DERIVATIVE 
   1  N0           3.41510e+06     fixed    
   2  tau          6.43976e+01   constant   
   3  A0           3.54962e-01     fixed    
   4  phi          4.12337e+00     fixed    
   5  R           -6.08295e+01   constant   
   6  A_CBO        6.30151e-03     fixed    
   7  w_CBO        2.32912e+00     fixed    
   8  phi_CBO      2.61220e+00     fixed    
   9  ANx2         0.00000e+00   constant   
  10  pNx2         0.00000e+00   constant   
  11  ANy1         1.66634e-03     fixed    
  12  pNy1         4.52920e+00     fixed    
  13  w_y         -4.54616e-03   6.62505e-03   6.62505e-03   5.96697e+00
  14  ANy2        -3.94142e-05   1.11342e-04   1.11342e-04   1.11150e+02
  15  pNy2         4.64502e+00   1.00000e-04   1.00000e-04  -2.21454e+00
  16  w_vw         1.44513e+01     fixed    
  17  LM          -1.76320e-04   constant   
  18  wCBO_expCoeff   0.00000e+00   constant   
  19  wCBO_expOffset   0.00000e+00   constant   
  20  wCBO_expT    0.00000e+00   constant   
  21  wCBO_linCoeff   0.00000e+00   constant   
  22  wCBO_const   0.00000e+00   constant   
 MIGRAD MINIMIZATION HAS CONVERGED.
 MIGRAD WILL VERIFY CONVERGENCE AND ERROR MATRIX.
 COVARIANCE MATRIX CALCULATED SUCCESSFULLY
 FCN=244.216 FROM MIGRAD    STATUS=CONVERGED      91 CALLS         433 TOTAL
                     EDM=1.52651e-06    STRATEGY= 1      ERROR MATRIX ACCURATE 
  EXT PARAMETER                                   STEP         FIRST   
  NO.   NAME      VALUE            ERROR          SIZE      DERIVATIVE 
   1  N0           3.41510e+06     fixed    
   2  tau          6.43976e+01   constant   
   3  A0           3.54962e-01     fixed    
   4  phi          4.12337e+00     fixed    
   5  R           -6.08295e+01   constant   
   6  A_CBO        6.30151e-03     fixed    
   7  w_CBO        2.32912e+00     fixed    
   8  phi_CBO      2.61220e+00     fixed    
   9  ANx2         0.00000e+00   constant   
  10  pNx2         0.00000e+00   constant   
  11  ANy1         1.66634e-03     fixed    
  12  pNy1         4.52920e+00     fixed    
  13  w_y         -4.55252e-03   5.83544e-04   4.46166e-06   2.96116e+00
  14  ANy2        -3.50955e-04   1.11387e-04   8.51604e-07   2.21320e+00
  15  pNy2         5.00865e+01   3.17354e-01   2.46395e-03   1.68453e-04
  16  w_vw         1.44513e+01     fixed    
  17  LM          -1.76320e-04   constant   
  18  wCBO_expCoeff   0.00000e+00   constant   
  19  wCBO_expOffset   0.00000e+00   constant   
  20  wCBO_expT    0.00000e+00   constant   
  21  wCBO_linCoeff   0.00000e+00   constant   
  22  wCBO_const   0.00000e+00   constant   
 EXTERNAL ERROR MATRIX.    NDIM=  25    NPAR=  3    ERR DEF=1
  3.405e-07  2.305e-10  5.336e-07 
  2.305e-10  1.241e-08 -6.160e-08 
  5.336e-07 -6.160e-08  1.007e-01 
 PARAMETER  CORRELATION COEFFICIENTS  
       NO.  GLOBAL     13     14     15
       13  0.00457   1.000  0.004  0.003
       14  0.00396   0.004  1.000 -0.002
       15  0.00337   0.003 -0.002  1.000
MINUIT - FIT ALTOGETHER
 **********
 **   92 **RES 
 **********
                   PARAMETER   16  w_vw RESTORED TO VARIABLE.
                   PARAMETER   12  pNy1 RESTORED TO VARIABLE.
                   PARAMETER   11  ANy1 RESTORED TO VARIABLE.
                   PARAMETER    8  phi_CBO RESTORED TO VARIABLE.
                   PARAMETER    7  w_CBO RESTORED TO VARIABLE.
                   PARAMETER    6  A_CBO RESTORED TO VARIABLE.
                   PARAMETER    4  phi RESTORED TO VARIABLE.
                   PARAMETER    3  A0 RESTORED TO VARIABLE.
                   PARAMETER    1  N0 RESTORED TO VARIABLE.
 **********
 **   93 **MIGRAD
 **********
 START MIGRAD MINIMIZATION.  STRATEGY  1.  CONVERGENCE WHEN EDM .LT. 1.00e-04
 FCN=244.216 FROM MIGRAD    STATUS=INITIATE       26 CALLS         459 TOTAL
                     EDM= unknown      STRATEGY= 1      NO ERROR MATRIX       
  EXT PARAMETER               CURRENT GUESS       STEP         FIRST   
  NO.   NAME      VALUE            ERROR          SIZE      DERIVATIVE 
   1  N0           3.41510e+06   2.69236e+02   2.69236e+02  -9.57267e-07
   2  tau          6.43976e+01   constant   
   3  A0           3.54962e-01   1.03431e-04   1.03431e-04   8.85077e+03
   4  phi          4.12337e+00   3.08742e-04   3.08742e-04   2.16302e+03
   5  R           -6.08295e+01   constant   
   6  A_CBO        6.30151e-03   1.11604e-04   1.11604e-04   3.00642e+02
   7  w_CBO        2.32912e+00   2.14344e-04   2.14344e-04   5.31099e+02
   8  phi_CBO      2.61220e+00   1.76353e-02   1.76353e-02   2.05553e+00
   9  ANx2         0.00000e+00   constant   
  10  pNx2         0.00000e+00   constant   
  11  ANy1         1.66634e-03   1.78243e-03   1.78243e-03   7.12328e+00
  12  pNy1         4.52920e+00   2.11955e-01   2.11955e-01  -4.92265e-02
  13  w_y         -4.55252e-03   5.83544e-04   4.46166e-06   2.96216e+00
  14  ANy2        -3.50955e-04   1.11387e-04   8.51604e-07   2.21321e+00
  15  pNy2         5.00865e+01   3.17354e-01   2.46395e-03   1.68615e-04
  16  w_vw         1.44513e+01   1.00000e-03   1.00000e-03   4.05885e+02
  17  LM          -1.76320e-04   constant   
  18  wCBO_expCoeff   0.00000e+00   constant   
  19  wCBO_expOffset   0.00000e+00   constant   
  20  wCBO_expT    0.00000e+00   constant   
  21  wCBO_linCoeff   0.00000e+00   constant   
  22  wCBO_const   0.00000e+00   constant   
 MIGRAD MINIMIZATION HAS CONVERGED.
 MIGRAD WILL VERIFY CONVERGENCE AND ERROR MATRIX.
 FCN=146.492 FROM HESSE     STATUS=NOT POSDEF    115 CALLS        1038 TOTAL
                     EDM=0.000566449    STRATEGY= 1      ERR MATRIX NOT POS-DEF
  EXT PARAMETER                APPROXIMATE        STEP         FIRST   
  NO.   NAME      VALUE            ERROR          SIZE      DERIVATIVE 
   1  N0           3.41504e+06   3.08259e+03   1.62842e+00   7.13849e-06
   2  tau          6.43976e+01   constant   
   3  A0           3.54911e-01   1.03468e-04   6.12619e-07   3.67427e+00
   4  phi          4.12329e+00   3.09250e-04   1.96614e-06   1.31207e+00
   5  R           -6.08295e+01   constant   
   6  A_CBO        6.30033e-03   1.11342e-04   6.61737e-07   1.14100e+00
   7  w_CBO        2.32804e+00   1.36102e-03   1.27141e-06  -1.62256e+00
   8  phi_CBO      2.52320e+00   1.11988e-01   1.04580e-04   3.60575e-03
   9  ANx2         0.00000e+00   constant   
  10  pNx2         0.00000e+00   constant   
  11  ANy1         1.56576e-03   2.74289e-03   2.16253e-06   4.08814e+00
  12  pNy1         4.53792e+00   5.31973e-01   3.04999e-04  -7.20176e-03
  13  w_y         -4.71423e-03   7.62710e-03   3.69486e-06   2.98219e+00
  14  ANy2        -1.15140e-03   1.11065e-04   6.60172e-07  -2.85885e+00
  15  pNy2         3.90092e+01   6.13278e-01   5.74090e-04   2.64545e-03
  16  w_vw         1.43096e+01   7.60382e-03   7.11794e-06  -1.62985e-01
  17  LM          -1.76320e-04   constant   
  18  wCBO_expCoeff   0.00000e+00   constant   
  19  wCBO_expOffset   0.00000e+00   constant   
  20  wCBO_expT    0.00000e+00   constant   
  21  wCBO_linCoeff   0.00000e+00   constant   
  22  wCBO_const   0.00000e+00   constant   
 MIGRAD MINIMIZATION HAS CONVERGED.
 MIGRAD WILL VERIFY CONVERGENCE AND ERROR MATRIX.
 COVARIANCE MATRIX CALCULATED SUCCESSFULLY
 MIGRAD TERMINATED WITHOUT CONVERGENCE.
 FCN=145.366 FROM MIGRAD    STATUS=FAILED       1374 CALLS        1807 TOTAL
                     EDM=0.0005056    STRATEGY= 1      ERR MATRIX APPROXIMATE
  EXT PARAMETER                APPROXIMATE        STEP         FIRST   
  NO.   NAME      VALUE            ERROR          SIZE      DERIVATIVE 
   1  N0           3.40740e+06   1.51666e+04   1.62478e+00   5.22584e-06
   2  tau          6.43976e+01   constant   
   3  A0           3.54903e-01   1.04159e-04   6.10281e-07  -1.53292e+00
   4  phi          4.12327e+00   3.10597e-04   1.96613e-06   3.23771e+00
   5  R           -6.08295e+01   constant   
   6  A_CBO        6.30233e-03   1.11632e-04   6.59202e-07   2.62159e+00
   7  w_CBO        2.32804e+00   1.74244e-03   1.26605e-06  -4.06351e-01
   8  phi_CBO      2.52387e+00   1.43384e-01   1.04147e-04   1.45412e-02
   9  ANx2         0.00000e+00   constant   
  10  pNx2         0.00000e+00   constant   
  11  ANy1         2.69004e-03   4.49228e-03   4.86923e-07   1.06622e+01
  12  pNy1         4.00327e+00   1.83352e+00   6.01940e-04   8.68667e-03
  13  w_y         -2.61637e-02   2.12708e-02   7.84468e-06  -7.88844e-01
  14  ANy2        -1.15400e-03   1.11702e-04   6.59121e-07  -1.67449e+00
  15  pNy2         3.90100e+01   7.84443e-01   5.71747e-04   6.21357e-04
  16  w_vw         1.43096e+01   9.72560e-03   7.08853e-06  -1.02960e-01
  17  LM          -1.76320e-04   constant   
  18  wCBO_expCoeff   0.00000e+00   constant   
  19  wCBO_expOffset   0.00000e+00   constant   
  20  wCBO_expT    0.00000e+00   constant   
  21  wCBO_linCoeff   0.00000e+00   constant   
  22  wCBO_const   0.00000e+00   constant   
 EXTERNAL ERROR MATRIX.    NDIM=  25    NPAR= 12    ERR DEF=1
 ELEMENTS ABOVE DIAGONAL ARE NOT PRINTED.
  2.300e+08 
  4.150e-02  1.085e-08 
  8.661e-02 -6.675e-10  9.647e-08 
 -9.191e-03 -4.550e-13 -2.039e-10  1.246e-08 
 -6.363e-02  1.524e-08 -3.606e-08 -6.207e-10  3.036e-06 
 -8.716e+00  1.304e-06 -2.974e-06 -6.438e-08  2.479e-04  2.056e-02 
 -6.811e+01 -1.237e-08 -2.686e-08  2.720e-09  2.201e-08  2.865e-06  2.018e-05 
 -2.405e+04  2.153e-06  4.162e-06 -5.376e-07 -1.106e-06 -2.774e-04  7.054e-03  3.362e+00 
 -2.706e+02  3.598e-08  3.121e-08 -1.041e-08  1.115e-07  6.389e-06  7.934e-05  3.887e-02  4.524e-04 
  7.785e-02  1.609e-11 -1.220e-11 -1.480e-11 -6.336e-11 -4.832e-09 -2.305e-08 -8.136e-06 -9.130e-08  1.248e-08 
  4.209e+00 -3.541e-07  2.189e-06  7.145e-07  1.585e-05  1.231e-03 -1.606e-06 -1.360e-04 -1.796e-05  9.383e-07  6.154e-01 
 -1.943e-02 -3.549e-09  2.737e-08  8.482e-09  2.079e-07  1.613e-05  1.734e-09 -5.510e-06 -2.809e-07  1.157e-08  7.571e-03 
 -1.943e-02 -3.549e-09  2.737e-08  8.482e-09  2.079e-07  1.613e-05  1.734e-09 -5.510e-06 -2.809e-07  1.157e-08  7.571e-03  9.459e-05 
ERR MATRIX APPROXIMATE
 PARAMETER  CORRELATION COEFFICIENTS  
       NO.  GLOBAL      1      3      4      6      7      8     11     12     13     14     15     16
        1  0.99984   1.000  0.026  0.018 -0.005 -0.002 -0.004 -1.000 -0.865 -0.839  0.046  0.000 -0.000
        3  0.12747   0.026  1.000 -0.021 -0.000  0.084  0.087 -0.026  0.011  0.016  0.001 -0.004 -0.004
        4  0.11154   0.018 -0.021  1.000 -0.006 -0.067 -0.067 -0.019  0.007  0.005 -0.000  0.009  0.009
        6  0.02706  -0.005 -0.000 -0.006  1.000 -0.003 -0.004  0.005 -0.003 -0.004 -0.001  0.008  0.008
        7  0.99241  -0.002  0.084 -0.067 -0.003  1.000  0.992  0.003 -0.000  0.003 -0.000  0.012  0.012
        8  0.99241  -0.004  0.087 -0.067 -0.004  0.992  1.000  0.004 -0.001  0.002 -0.000  0.011  0.012
       11  0.99983  -1.000 -0.026 -0.019  0.005  0.003  0.004  1.000  0.856  0.830 -0.046 -0.000  0.000
       12  0.99845  -0.865  0.011  0.007 -0.003 -0.000 -0.001  0.856  1.000  0.997 -0.040 -0.000 -0.000
       13  0.99805  -0.839  0.016  0.005 -0.004  0.003  0.002  0.830  0.997  1.000 -0.038 -0.001 -0.001
       14  0.04725   0.046  0.001 -0.000 -0.001 -0.000 -0.000 -0.046 -0.040 -0.038  1.000  0.011  0.011
       15  0.99236   0.000 -0.004  0.009  0.008  0.012  0.011 -0.000 -0.000 -0.001  0.011  1.000  0.992
       16  0.99236  -0.000 -0.004  0.009  0.008  0.012  0.012  0.000 -0.000 -0.001  0.011  0.992  1.000
 ERR MATRIX APPROXIMATE
MINUIT - REFIT 5-PARAM
 **********
 **   94 **FIX            5
 **********
 PARAMETER    5  IS CONSTANT.   IGNORED.
 **********
 **   95 **FIX            6
 **********
 **********
 **   96 **FIX            7
 **********
 **********
 **   97 **FIX            8
 **********
 **********
 **   98 **FIX            9
 **********
 PARAMETER    9  IS CONSTANT.   IGNORED.
 **********
 **   99 **FIX           10
 **********
 PARAMETER   10  IS CONSTANT.   IGNORED.
 **********
 **  100 **FIX           11
 **********
 **********
 **  101 **FIX           12
 **********
 **********
 **  102 **FIX           13
 **********
 **********
 **  103 **FIX           14
 **********
 **********
 **  104 **FIX           15
 **********
 **********
 **  105 **FIX           16
 **********
 **********
 **  106 **MIGRAD
 **********
 START MIGRAD MINIMIZATION.  STRATEGY  1.  CONVERGENCE WHEN EDM .LT. 1.00e-04
 FCN=145.366 FROM MIGRAD    STATUS=INITIATE        6 CALLS        1813 TOTAL
                     EDM=1.90085e-06    STRATEGY= 1  ERROR MATRIX UNCERTAINTY  50.0 per cent
  EXT PARAMETER                APPROXIMATE        STEP         FIRST   
  NO.   NAME      VALUE            ERROR          SIZE      DERIVATIVE 
   1  N0           3.40740e+06   2.68613e+02   1.62478e+00   5.22584e-06
   2  tau          6.43976e+01   constant   
   3  A0           3.54903e-01   1.03429e-04   6.10281e-07  -1.53293e+00
   4  phi          4.12327e+00   3.08781e-04   1.96613e-06   3.23771e+00
   5  R           -6.08295e+01   constant   
   6  A_CBO        6.30233e-03     fixed    
   7  w_CBO        2.32804e+00     fixed    
   8  phi_CBO      2.52387e+00     fixed    
   9  ANx2         0.00000e+00   constant   
  10  pNx2         0.00000e+00   constant   
  11  ANy1         2.69004e-03     fixed    
  12  pNy1         4.00327e+00     fixed    
  13  w_y         -2.61637e-02     fixed    
  14  ANy2        -1.15400e-03     fixed    
  15  pNy2         3.90100e+01     fixed    
  16  w_vw         1.43096e+01     fixed    
  17  LM          -1.76320e-04   constant   
  18  wCBO_expCoeff   0.00000e+00   constant   
  19  wCBO_expOffset   0.00000e+00   constant   
  20  wCBO_expT    0.00000e+00   constant   
  21  wCBO_linCoeff   0.00000e+00   constant   
  22  wCBO_const   0.00000e+00   constant   
 MIGRAD MINIMIZATION HAS CONVERGED.
 MIGRAD WILL VERIFY CONVERGENCE AND ERROR MATRIX.
 COVARIANCE MATRIX CALCULATED SUCCESSFULLY
 FCN=145.366 FROM MIGRAD    STATUS=CONVERGED      35 CALLS        1842 TOTAL
                     EDM=4.91527e-18    STRATEGY= 1      ERROR MATRIX ACCURATE 
  EXT PARAMETER                                   STEP         FIRST   
  NO.   NAME      VALUE            ERROR          SIZE      DERIVATIVE 
   1  N0           3.40740e+06   2.68613e+02   1.62478e+00   7.87171e-12
   2  tau          6.43976e+01   constant   
   3  A0           3.54903e-01   1.03429e-04   6.10281e-07   1.31565e-05
   4  phi          4.12327e+00   3.08781e-04   1.96613e-06   5.76781e-06
   5  R           -6.08295e+01   constant   
   6  A_CBO        6.30233e-03     fixed    
   7  w_CBO        2.32804e+00     fixed    
   8  phi_CBO      2.52387e+00     fixed    
   9  ANx2         0.00000e+00   constant   
  10  pNx2         0.00000e+00   constant   
  11  ANy1         2.69004e-03     fixed    
  12  pNy1         4.00327e+00     fixed    
  13  w_y         -2.61637e-02     fixed    
  14  ANy2        -1.15400e-03     fixed    
  15  pNy2         3.90100e+01     fixed    
  16  w_vw         1.43096e+01     fixed    
  17  LM          -1.76320e-04   constant   
  18  wCBO_expCoeff   0.00000e+00   constant   
  19  wCBO_expOffset   0.00000e+00   constant   
  20  wCBO_expT    0.00000e+00   constant   
  21  wCBO_linCoeff   0.00000e+00   constant   
  22  wCBO_const   0.00000e+00   constant   
 EXTERNAL ERROR MATRIX.    NDIM=  25    NPAR=  3    ERR DEF=1
  7.215e+04  1.236e-03  1.793e-03 
  1.236e-03  1.070e-08 -5.447e-10 
  1.793e-03 -5.447e-10  9.535e-08 
 PARAMETER  CORRELATION COEFFICIENTS  
       NO.  GLOBAL      1      3      4
        1  0.04979   1.000  0.044  0.022
        3  0.04799   0.044  1.000 -0.017
        4  0.02815   0.022 -0.017  1.000
MINUIT - 2CBO + Y
 **********
 **  107 **RES 
 **********
                   PARAMETER   16  w_vw RESTORED TO VARIABLE.
                   PARAMETER   15  pNy2 RESTORED TO VARIABLE.
                   PARAMETER   14  ANy2 RESTORED TO VARIABLE.
                   PARAMETER   13  w_y RESTORED TO VARIABLE.
                   PARAMETER   12  pNy1 RESTORED TO VARIABLE.
                   PARAMETER   11  ANy1 RESTORED TO VARIABLE.
                   PARAMETER    8  phi_CBO RESTORED TO VARIABLE.
                   PARAMETER    7  w_CBO RESTORED TO VARIABLE.
                   PARAMETER    6  A_CBO RESTORED TO VARIABLE.
 **********
 **  108 **FIX            0
 **********
 PARAMETER    0  IS UNDEFINED. IGNORED.
 **********
 **  109 **FIX            1
 **********
 **********
 **  110 **FIX            2
 **********
 PARAMETER    2  IS CONSTANT.   IGNORED.
 **********
 **  111 **FIX            3
 **********
 **********
 **  112 **FIX            4
 **********
 **********
 **  113 **FIX            5
 **********
 PARAMETER    5  IS CONSTANT.   IGNORED.
 **********
 **  114 **FIX            6
 **********
 **********
 **  115 **FIX            7
 **********
 **********
 **  116 **FIX           16
 **********
 **********
 **  117 **MIGRAD
 **********
 START MIGRAD MINIMIZATION.  STRATEGY  1.  CONVERGENCE WHEN EDM .LT. 1.00e-04
 FCN=145.366 FROM MIGRAD    STATUS=INITIATE       12 CALLS        1854 TOTAL
                     EDM= unknown      STRATEGY= 1      NO ERROR MATRIX       
  EXT PARAMETER               CURRENT GUESS       STEP         FIRST   
  NO.   NAME      VALUE            ERROR          SIZE      DERIVATIVE 
   1  N0           3.40740e+06     fixed    
   2  tau          6.43976e+01   constant   
   3  A0           3.54903e-01     fixed    
   4  phi          4.12327e+00     fixed    
   5  R           -6.08295e+01   constant   
   6  A_CBO        6.30233e-03     fixed    
   7  w_CBO        2.32804e+00     fixed    
   8  phi_CBO      2.52387e+00   1.76556e-02   1.76556e-02   1.28165e-02
   9  ANx2         0.00000e+00   constant   
  10  pNx2         0.00000e+00   constant   
  11  ANy1         2.69004e-03   4.49179e-03   4.49179e-03  -6.37033e+00
  12  pNy1         4.00327e+00   9.46024e-01   9.46024e-01   3.31224e-03
  13  w_y         -2.61637e-02   1.42174e-03   1.42174e-03  -4.71253e-01
  14  ANy2        -1.15400e-03   1.11584e-04   1.11584e-04  -1.68533e+00
  15  pNy2         3.90100e+01   7.84214e-01   7.84214e-01   6.92215e-04
  16  w_vw         1.43096e+01     fixed    
  17  LM          -1.76320e-04   constant   
  18  wCBO_expCoeff   0.00000e+00   constant   
  19  wCBO_expOffset   0.00000e+00   constant   
  20  wCBO_expT    0.00000e+00   constant   
  21  wCBO_linCoeff   0.00000e+00   constant   
  22  wCBO_const   0.00000e+00   constant   
 MIGRAD MINIMIZATION HAS CONVERGED.
 MIGRAD WILL VERIFY CONVERGENCE AND ERROR MATRIX.
 COVARIANCE MATRIX CALCULATED SUCCESSFULLY
 FCN=145.366 FROM MIGRAD    STATUS=CONVERGED      66 CALLS        1908 TOTAL
                     EDM=1.87591e-06    STRATEGY= 1      ERROR MATRIX ACCURATE 
  EXT PARAMETER                                   STEP         FIRST   
  NO.   NAME      VALUE            ERROR          SIZE      DERIVATIVE 
   1  N0           3.40740e+06     fixed    
   2  tau          6.43976e+01   constant   
   3  A0           3.54903e-01     fixed    
   4  phi          4.12327e+00     fixed    
   5  R           -6.08295e+01   constant   
   6  A_CBO        6.30233e-03     fixed    
   7  w_CBO        2.32804e+00     fixed    
   8  phi_CBO      2.52387e+00   1.76440e-02   1.04147e-04   7.30656e-04
   9  ANx2         0.00000e+00   constant   
  10  pNx2         0.00000e+00   constant   
  11  ANy1         2.69006e-03   1.13297e-04   4.86935e-07  -4.31751e+00
  12  pNy1         4.00325e+00   9.17400e-01   6.01892e-04  -3.51978e-03
  13  w_y         -2.61634e-02   1.15394e-02   7.84629e-06   8.84842e-02
  14  ANy2        -1.15399e-03   1.11577e-04   6.59121e-07  -1.06187e-01
  15  pNy2         3.90100e+01   9.67938e-02   5.71746e-04   4.04548e-05
  16  w_vw         1.43096e+01     fixed    
  17  LM          -1.76320e-04   constant   
  18  wCBO_expCoeff   0.00000e+00   constant   
  19  wCBO_expOffset   0.00000e+00   constant   
  20  wCBO_expT    0.00000e+00   constant   
  21  wCBO_linCoeff   0.00000e+00   constant   
  22  wCBO_const   0.00000e+00   constant   
 EXTERNAL ERROR MATRIX.    NDIM=  25    NPAR=  6    ERR DEF=1
  3.113e-04  2.519e-08 -5.898e-04 -7.319e-06  1.596e-09  5.572e-06 
  2.519e-08  1.284e-08 -6.633e-05 -7.880e-07 -2.084e-12 -3.817e-08 
 -5.898e-04 -6.633e-05  8.416e-01  1.051e-02  6.391e-09  9.528e-04 
 -7.319e-06 -7.880e-07  1.051e-02  1.332e-04  3.450e-10  1.193e-05 
  1.596e-09 -2.084e-12  6.391e-09  3.450e-10  1.245e-08  1.055e-08 
  5.572e-06 -3.817e-08  9.528e-04  1.193e-05  1.055e-08  9.369e-03 
 PARAMETER  CORRELATION COEFFICIENTS  
       NO.  GLOBAL      8     11     12     13     14     15
        8  0.03972   1.000  0.013 -0.036 -0.036  0.001  0.003
       11  0.68605   0.013  1.000 -0.638 -0.603 -0.000 -0.003
       12  0.99381  -0.036 -0.638  1.000  0.993  0.000  0.011
       13  0.99335  -0.036 -0.603  0.993  1.000  0.000  0.011
       14  0.00224   0.001 -0.000  0.000  0.000  1.000  0.001
       15  0.01228   0.003 -0.003  0.011  0.011  0.001  1.000
MINUIT - MINOS
 **********
 **  118 **RES 
 **********
                   PARAMETER   16  w_vw RESTORED TO VARIABLE.
                   PARAMETER    7  w_CBO RESTORED TO VARIABLE.
                   PARAMETER    6  A_CBO RESTORED TO VARIABLE.
                   PARAMETER    4  phi RESTORED TO VARIABLE.
                   PARAMETER    3  A0 RESTORED TO VARIABLE.
                   PARAMETER    1  N0 RESTORED TO VARIABLE.
 **********
 **  119 **MIG      2.5e+04        0.01
 **********
 START MIGRAD MINIMIZATION.  STRATEGY  1.  CONVERGENCE WHEN EDM .LT. 1.00e-05
 FCN=145.366 FROM MIGRAD    STATUS=INITIATE       24 CALLS        1932 TOTAL
                     EDM= unknown      STRATEGY= 1      NO ERROR MATRIX       
  EXT PARAMETER               CURRENT GUESS       STEP         FIRST   
  NO.   NAME      VALUE            ERROR          SIZE      DERIVATIVE 
   1  N0           3.40740e+06   2.68613e+02   2.68613e+02   5.47011e-07
   2  tau          6.43976e+01   constant   
   3  A0           3.54903e-01   1.03429e-04   1.03429e-04  -1.40468e-01
   4  phi          4.12327e+00   3.08781e-04   3.08781e-04   1.82438e-01
   5  R           -6.08295e+01   constant   
   6  A_CBO        6.30233e-03   1.11632e-04   1.11632e-04   2.58207e+00
   7  w_CBO        2.32804e+00   1.74243e-03   1.74243e-03   6.51813e-01
   8  phi_CBO      2.52387e+00   1.76440e-02   1.04147e-04   7.30306e-04
   9  ANx2         0.00000e+00   constant   
  10  pNx2         0.00000e+00   constant   
  11  ANy1         2.69006e-03   1.13297e-04   4.86935e-07  -4.31749e+00
  12  pNy1         4.00325e+00   9.17400e-01   6.01892e-04  -3.56558e-03
  13  w_y         -2.61634e-02   1.15394e-02   7.84629e-06   8.94988e-02
  14  ANy2        -1.15399e-03   1.11577e-04   6.59121e-07  -1.06193e-01
  15  pNy2         3.90100e+01   9.67938e-02   5.71746e-04   4.04412e-05
  16  w_vw         1.43096e+01   1.20000e-03   1.20000e-03  -5.43925e-02
  17  LM          -1.76320e-04   constant   
  18  wCBO_expCoeff   0.00000e+00   constant   
  19  wCBO_expOffset   0.00000e+00   constant   
  20  wCBO_expT    0.00000e+00   constant   
  21  wCBO_linCoeff   0.00000e+00   constant   
  22  wCBO_const   0.00000e+00   constant   
 MIGRAD MINIMIZATION HAS CONVERGED.
 MIGRAD WILL VERIFY CONVERGENCE AND ERROR MATRIX.
 COVARIANCE MATRIX CALCULATED SUCCESSFULLY
 FCN=145.366 FROM HESSE     STATUS=OK            115 CALLS        2073 TOTAL
                     EDM=0.000253275    STRATEGY= 1      ERROR MATRIX ACCURATE 
  EXT PARAMETER                                   STEP         FIRST   
  NO.   NAME      VALUE            ERROR          SIZE      DERIVATIVE 
   1  N0           3.40740e+06   1.51959e+04   1.62478e+00   1.86430e-06
   2  tau          6.43976e+01   constant   
   3  A0           3.54903e-01   1.04159e-04   6.10281e-07  -1.42371e-01
   4  phi          4.12327e+00   3.10596e-04   1.96613e-06  -9.17070e-02
   5  R           -6.08295e+01   constant   
   6  A_CBO        6.30232e-03   1.11632e-04   6.59202e-07   3.32377e-01
   7  w_CBO        2.32804e+00   1.74243e-03   1.26605e-06   1.27218e-01
   8  phi_CBO      2.52387e+00   1.43383e-01   1.04147e-04   7.15457e-03
   9  ANx2         0.00000e+00   constant   
  10  pNx2         0.00000e+00   constant   
  11  ANy1         2.69007e-03   4.50090e-03   4.86938e-07  -1.53801e-01
  12  pNy1         4.00327e+00   1.83654e+00   6.01863e-04   1.31476e-03
  13  w_y         -2.61634e-02   2.13036e-02   7.84633e-06  -2.69388e-01
  14  ANy2        -1.15399e-03   1.11702e-04   6.59121e-07  -9.29368e-03
  15  pNy2         3.90100e+01   7.84445e-01   5.71748e-04  -5.85918e-04
  16  w_vw         1.43096e+01   9.72563e-03   7.08854e-06  -3.79240e-03
  17  LM          -1.76320e-04   constant   
  18  wCBO_expCoeff   0.00000e+00   constant   
  19  wCBO_expOffset   0.00000e+00   constant   
  20  wCBO_expT    0.00000e+00   constant   
  21  wCBO_linCoeff   0.00000e+00   constant   
  22  wCBO_const   0.00000e+00   constant   
 MIGRAD MINIMIZATION HAS CONVERGED.
 MIGRAD WILL VERIFY CONVERGENCE AND ERROR MATRIX.
 FCN=145.347 FROM MIGRAD    STATUS=CONVERGED    7703 CALLS        9611 TOTAL
                     EDM=7.07002e-07    STRATEGY= 1      ERR MATRIX NOT POS-DEF
  EXT PARAMETER                APPROXIMATE        STEP         FIRST   
  NO.   NAME      VALUE            ERROR          SIZE      DERIVATIVE 
   1  N0           3.18509e+06   3.36562e+03   1.51877e+00  -4.51709e-06
   2  tau          6.43976e+01   constant   
   3  A0           3.54903e-01   1.03805e-04   6.10242e-07   4.87405e-02
   4  phi          4.12327e+00   3.09864e-04   1.96613e-06   4.49537e-02
   5  R           -6.08295e+01   constant   
   6  A_CBO        6.30233e-03   1.11470e-04   6.59161e-07  -1.43686e-01
   7  w_CBO        2.32804e+00   1.49130e-03   1.26597e-06   1.80966e-03
   8  phi_CBO      2.52391e+00   1.22717e-01   1.04140e-04   8.36641e-04
   9  ANx2         0.00000e+00   constant   
  10  pNx2         0.00000e+00   constant   
  11  ANy1         7.26762e-02   1.13411e-03   4.99577e-07  -1.34080e+01
  12  pNy1         5.83100e+00   1.52499e-01   1.17279e-04  -2.07185e-02
  13  w_y         -5.19251e-03   1.91425e-03   1.53159e-06   1.37605e+00
  14  ANy2        -1.23453e-03   1.19212e-04   7.04932e-07  -1.94264e-03
  15  pNy2         3.90101e+01   6.71968e-01   5.71713e-04  -7.26492e-05
  16  w_vw         1.43096e+01   8.33110e-03   7.08810e-06   6.35883e-05
  17  LM          -1.76320e-04   constant   
  18  wCBO_expCoeff   0.00000e+00   constant   
  19  wCBO_expOffset   0.00000e+00   constant   
  20  wCBO_expT    0.00000e+00   constant   
  21  wCBO_linCoeff   0.00000e+00   constant   
  22  wCBO_const   0.00000e+00   constant   
 EXTERNAL ERROR MATRIX.    NDIM=  25    NPAR= 12    ERR DEF=1
 ELEMENTS ABOVE DIAGONAL ARE NOT PRINTED.
  1.133e+07 
  3.060e-04  1.078e-08 
 -1.070e-03 -6.558e-10  9.602e-08 
 -1.053e-04  5.739e-12 -1.951e-10  1.243e-08 
  3.480e-03  1.105e-08 -2.632e-08 -4.378e-10  2.224e-06 
  2.860e-01  9.610e-07 -2.170e-06 -4.969e-08  1.811e-04  1.506e-02 
 -3.798e+00 -1.952e-11 -5.966e-10 -6.827e-12  1.210e-09  1.097e-07  1.286e-06 
 -2.133e+01  8.779e-07  1.900e-06 -1.960e-07 -9.714e-07 -1.552e-04 -2.921e-06  2.326e-02 
 -2.413e-01  1.165e-08  1.745e-08 -2.936e-09  7.302e-09 -3.388e-07 -3.557e-08  2.889e-04  3.664e-06 
  4.374e-03  2.453e-12 -4.584e-11 -1.278e-11 -3.879e-11 -1.494e-09 -1.468e-09 -8.384e-09 -4.024e-11  1.421e-08 
 -3.946e-01 -2.836e-07  1.637e-06  5.272e-07  8.489e-06  6.459e-04 -1.578e-07  8.923e-05 -1.357e-06  7.343e-07  4.515e-01 
 -4.953e-03 -2.656e-09  2.063e-08  6.154e-09  1.137e-07  8.626e-06 -1.765e-09 -4.373e-07 -3.632e-08  9.059e-09  5.540e-03 
 -4.953e-03 -2.656e-09  2.063e-08  6.154e-09  1.137e-07  8.626e-06 -1.765e-09 -4.373e-07 -3.632e-08  9.059e-09  5.540e-03  6.941e-05 
ERR MATRIX NOT POS-DEF
 PARAMETER  CORRELATION COEFFICIENTS  
       NO.  GLOBAL      1      3      4      6      7      8     11     12     13     14     15     16
        1  0.99723   1.000  0.001 -0.001 -0.000  0.001  0.001 -0.995 -0.042 -0.037  0.011 -0.000 -0.000
        3  0.11081   0.001  1.000 -0.020  0.000  0.071  0.075 -0.000  0.055  0.059  0.000 -0.004 -0.003
        4  0.10258  -0.001 -0.020  1.000 -0.006 -0.057 -0.057 -0.002  0.040  0.029 -0.001  0.008  0.008
        6  0.02479  -0.000  0.000 -0.006  1.000 -0.003 -0.004 -0.000 -0.012 -0.014 -0.001  0.007  0.007
        7  0.98965   0.001  0.071 -0.057 -0.003  1.000  0.990  0.001 -0.004  0.003 -0.000  0.008  0.009
        8  0.98966   0.001  0.075 -0.057 -0.004  0.990  1.000  0.001 -0.008 -0.001 -0.000  0.008  0.008
       11  0.99722  -0.995 -0.000 -0.002 -0.000  0.001  0.001  1.000 -0.017 -0.016 -0.011 -0.000 -0.000
       12  0.99153  -0.042  0.055  0.040 -0.012 -0.004 -0.008 -0.017  1.000  0.989 -0.000  0.001 -0.000
       13  0.99083  -0.037  0.059  0.029 -0.014  0.003 -0.001 -0.016  0.989  1.000 -0.000 -0.001 -0.002
       14  0.01449   0.011  0.000 -0.001 -0.001 -0.000 -0.000 -0.011 -0.000 -0.000  1.000  0.009  0.009
       15  0.98960  -0.000 -0.004  0.008  0.007  0.008  0.008 -0.000  0.001 -0.001  0.009  1.000  0.990
       16  0.98960  -0.000 -0.003  0.008  0.007  0.009  0.008 -0.000 -0.000 -0.002  0.009  0.990  1.000
 ERR MATRIX NOT POS-DEF
 **********
 **  120 **MINO      2.5e+04
 **********
                         POSITIVE MINOS ERROR NOT CALCULATED FOR PARAMETER 1
                         NEGATIVE MINOS ERROR NOT CALCULATED FOR PARAMETER 1
                         POSITIVE MINOS ERROR NOT CALCULATED FOR PARAMETER 11
                         NEGATIVE MINOS ERROR NOT CALCULATED FOR PARAMETER 11
 CALL LIMIT EXCEEDED IN MIGRAD.
                         POSITIVE MINOS ERROR NOT CALCULATED FOR PARAMETER 12
                         NEGATIVE MINOS ERROR NOT CALCULATED FOR PARAMETER 12
                         NEGATIVE MINOS ERROR NOT CALCULATED FOR PARAMETER 13
                         NEGATIVE MINOS ERROR NOT CALCULATED FOR PARAMETER 14
 FCN=145.347 FROM MINOS     STATUS=PROBLEMS    67798 CALLS       77524 TOTAL
                     EDM=7.15404e-07    STRATEGY= 1      ERR MATRIX NOT POS-DEF
  EXT PARAMETER                  PARABOLIC         MINOS ERRORS        
  NO.   NAME      VALUE            ERROR      NEGATIVE      POSITIVE   
   1  N0           3.18509e+06   3.36588e+03                            
   2  tau          6.43976e+01   constant   
   3  A0           3.54903e-01   1.03813e-04  -1.04156e-04   1.04155e-04
   4  phi          4.12327e+00   3.09877e-04  -3.10613e-04   3.10614e-04
   5  R           -6.08295e+01   constant   
   6  A_CBO        6.30233e-03   1.11470e-04  -1.11630e-04   1.11632e-04
   7  w_CBO        2.32804e+00   1.49143e-03  -1.74270e-03   1.74251e-03
   8  phi_CBO      2.52391e+00   1.22727e-01  -1.43394e-01   1.43400e-01
   9  ANx2         0.00000e+00   constant   
  10  pNx2         0.00000e+00   constant   
  11  ANy1         7.26762e-02   1.13406e-03                            
  12  pNy1         5.83100e+00   1.56225e-01                            
  13  w_y         -5.19251e-03   1.95946e-03                 4.35159e-03
  14  ANy2        -1.23453e-03   1.19209e-04                 1.91469e-04
  15  pNy2         3.90101e+01   6.71995e-01  -7.84130e-01   7.87719e-01
  16  w_vw         1.43096e+01   8.33145e-03  -9.72446e-03   9.76468e-03
  17  LM          -1.76320e-04   constant   
  18  wCBO_expCoeff   0.00000e+00   constant   
  19  wCBO_expOffset   0.00000e+00   constant   
  20  wCBO_expT    0.00000e+00   constant   
  21  wCBO_linCoeff   0.00000e+00   constant   
  22  wCBO_const   0.00000e+00   constant   
 **********
 **  121 **SHO COR 
 **********
 PARAMETER  CORRELATION COEFFICIENTS  
       NO.  GLOBAL      1      3      4      6      7      8     11     12     13     14     15     16
        1  0.99723   1.000  0.001 -0.001 -0.000  0.000  0.000 -0.995 -0.044 -0.040  0.011 -0.000 -0.000
        3  0.11148   0.001  1.000 -0.020  0.001  0.071  0.075 -0.000  0.057  0.060  0.000 -0.004 -0.003
        4  0.10297  -0.001 -0.020  1.000 -0.006 -0.057 -0.057 -0.002  0.041  0.031 -0.001  0.008  0.008
        6  0.02485  -0.000  0.001 -0.006  1.000 -0.002 -0.003 -0.000 -0.012 -0.014 -0.001  0.007  0.007
        7  0.98965   0.000  0.071 -0.057 -0.002  1.000  0.990  0.001 -0.004  0.002 -0.000  0.009  0.009
        8  0.98966   0.000  0.075 -0.057 -0.003  0.990  1.000  0.001 -0.008 -0.002 -0.000  0.008  0.009
       11  0.99722  -0.995 -0.000 -0.002 -0.000  0.001  0.001  1.000 -0.017 -0.016 -0.011  0.000  0.000
       12  0.99194  -0.044  0.057  0.041 -0.012 -0.004 -0.008 -0.017  1.000  0.990 -0.000  0.001 -0.000
       13  0.99125  -0.040  0.060  0.031 -0.014  0.002 -0.002 -0.016  0.990  1.000 -0.000 -0.001 -0.002
       14  0.01301   0.011  0.000 -0.001 -0.001 -0.000 -0.000 -0.011 -0.000 -0.000  1.000  0.007  0.007
       15  0.98960  -0.000 -0.004  0.008  0.007  0.009  0.008  0.000  0.001 -0.001  0.007  1.000  0.990
       16  0.98960  -0.000 -0.003  0.008  0.007  0.009  0.009  0.000 -0.000 -0.002  0.007  0.990  1.000
 ERR MATRIX NOT POS-DEF
 ELEMENTS ABOVE DIAGONAL ARE NOT PRINTED.
