 + ++++++++++++++++++++++++++++++++++++++++++++++++++++++++++++++++++++ +
 +                                                                      +
 +           You have chose to blind your fitting according to          +
 +                omega_ref * (1 + (R +/- deltaR) *10^{-6})             +
 +                                                                      +
 + ++++++++++++++++++++++++++++++++++++++++++++++++++++++++++++++++++++ +
In main()...
reading format from /gm2data/zkhechad/run45/envelope/formats/formatB_sBin_constraintOn.txt
pBinTau 	= 0  
pBinPhi 	= 0  
constraintau 	= 1 
includeMopTerm 	= 0    
constrainMop    = 0   
Parameters after format file: pBinTau 0 pBinPhi 0 constraintau 1 includeMopTerm 0 constrainMop 0 c_e_scale 0.000000 
Opening file /gm2data/tbarrett/gm2fr/studies/run23_bunch_corrections/CorrectedFourier_Run3b.root.
reading full fit data from /gm2data/zkhechad/cboTemplates/Run4CBOTemplates/fullFits/noRF/sBin_constraintOn_cE0.0_seed0_noRF_calo24.root
windowBins = 70
fitting sliding window 350 from bin 553 at 82.507600 to bin 623 at 92.951600 (70 bins)

Reading data from /gm2data/cornell/histograms/aMethod/histogram_a_noRF.root
 **********
 **    1 **SET PRINTOUT            1
 **********
 **********
 **    2 **SET NOWARNINGS 
 **********
 PARAMETER DEFINITIONS:
    NO.   NAME         VALUE      STEP SIZE      LIMITS
     1 N0           3.17549e+06  1.00000e+02     no limits
     2 tau          6.44104e+01  constant
     3 A0           3.64958e-01  1.00000e-04     no limits
     4 phi          4.11950e+00  1.00000e-02     no limits
     5 R           -6.10656e+01  constant
     6 alpha_CBO    0.00000e+00  1.00000e-03     no limits
     7 w_CBO        2.32720e+00  constant
     8 beta_CBO     0.00000e+00  1.00000e-03     no limits
     9 alpha_2CBO   0.00000e+00  1.00000e-03     no limits
    10 beta_2CBO    0.00000e+00  1.00000e-03     no limits
    11 alpha_y      0.00000e+00  1.00000e-03     no limits
    12 w_y          1.44500e+01  constant
    13 beta_y       0.00000e+00  1.00000e-03     no limits
    14 alpha_vw     0.00000e+00  1.00000e-03     no limits
    15 w_vw         1.29000e+01  constant
    16 beta_vw      0.00000e+00  1.00000e-03     no limits
    17 LM           2.83187e-04  constant
    18 zeta_y       0.00000e+00  1.00000e-03     no limits
    19 zeta_vw      0.00000e+00  1.00000e-03     no limits
MINUIT - FIT ONLY WIGGLE
 **********
 **    3 **FIX            5
 **********
 PARAMETER    5  IS CONSTANT.   IGNORED.
 **********
 **    4 **FIX            6
 **********
 **********
 **    5 **FIX            7
 **********
 PARAMETER    7  IS CONSTANT.   IGNORED.
 **********
 **    6 **FIX            8
 **********
 **********
 **    7 **FIX            9
 **********
 **********
 **    8 **FIX           10
 **********
 **********
 **    9 **FIX           11
 **********
 **********
 **   10 **FIX           12
 **********
 PARAMETER   12  IS CONSTANT.   IGNORED.
 **********
 **   11 **FIX           13
 **********
 **********
 **   12 **FIX           14
 **********
 **********
 **   13 **FIX           15
 **********
 PARAMETER   15  IS CONSTANT.   IGNORED.
 **********
 **   14 **FIX           16
 **********
 **********
 **   15 **MIGRAD
 **********
 FIRST CALL TO USER FUNCTION AT NEW START POINT, WITH IFLAG=4.
 START MIGRAD MINIMIZATION.  STRATEGY  1.  CONVERGENCE WHEN EDM .LT. 1.00e-04
 FCN=3160.49 FROM MIGRAD    STATUS=INITIATE      207 CALLS         208 TOTAL
                     EDM= unknown      STRATEGY= 1      NO ERROR MATRIX       
  EXT PARAMETER               CURRENT GUESS       STEP         FIRST   
  NO.   NAME      VALUE            ERROR          SIZE      DERIVATIVE 
   1  N0           3.17549e+06   1.00000e+02   0.00000e+00  -6.00514e-03
   2  tau          6.44104e+01   constant   
   3  A0           3.64958e-01   1.00000e-04   0.00000e+00  -3.84855e+04
   4  phi          4.11950e+00   1.00000e-02   0.00000e+00   8.09122e+04
   5  R           -6.10656e+01   constant   
   6  alpha_CBO    0.00000e+00     fixed    
   7  w_CBO        2.32720e+00   constant   
   8  beta_CBO     0.00000e+00     fixed    
   9  alpha_2CBO   0.00000e+00     fixed    
  10  beta_2CBO    0.00000e+00     fixed    
  11  alpha_y      0.00000e+00     fixed    
  12  w_y          1.44500e+01   constant   
  13  beta_y       0.00000e+00     fixed    
  14  alpha_vw     0.00000e+00     fixed    
  15  w_vw         1.29000e+01   constant   
  16  beta_vw      0.00000e+00     fixed    
  17  LM           2.83187e-04   constant   
  18  zeta_y       0.00000e+00   1.00000e-03   0.00000e+00   0.00000e+00
  19  zeta_vw      0.00000e+00   1.00000e-03   0.00000e+00   0.00000e+00
 MIGRAD MINIMIZATION HAS CONVERGED.
 MIGRAD WILL VERIFY CONVERGENCE AND ERROR MATRIX.
  MNHESS FAILS AND WILL RETURN DIAGONAL MATRIX. 
 FCN=3007.85 FROM MIGRAD    STATUS=CONVERGED     259 CALLS         260 TOTAL
                     EDM=3.11136e-06    STRATEGY= 1  ERROR MATRIX UNCERTAINTY 100.0 per cent
  EXT PARAMETER                APPROXIMATE        STEP         FIRST   
  NO.   NAME      VALUE            ERROR          SIZE      DERIVATIVE 
   1  N0           3.17609e+06   2.56148e+02   6.85385e+00  -9.87562e-07
   2  tau          6.44104e+01   constant   
   3  A0           3.65141e-01   9.90387e-05   2.65264e-06   5.26809e+00
   4  phi          4.11585e+00   2.98165e-04   7.98629e-06  -8.77593e+00
   5  R           -6.10656e+01   constant   
   6  alpha_CBO    0.00000e+00     fixed    
   7  w_CBO        2.32720e+00   constant   
   8  beta_CBO     0.00000e+00     fixed    
   9  alpha_2CBO   0.00000e+00     fixed    
  10  beta_2CBO    0.00000e+00     fixed    
  11  alpha_y      0.00000e+00     fixed    
  12  w_y          1.44500e+01   constant   
  13  beta_y       0.00000e+00     fixed    
  14  alpha_vw     0.00000e+00     fixed    
  15  w_vw         1.29000e+01   constant   
  16  beta_vw      0.00000e+00     fixed    
  17  LM           2.83187e-04   constant   
  18  zeta_y       0.00000e+00   1.41421e-03  -0.00000e+00   0.00000e+00
  19  zeta_vw      0.00000e+00   1.41421e+00  -0.00000e+00   0.00000e+00
 EXTERNAL ERROR MATRIX.    NDIM=  25    NPAR=  5    ERR DEF=1
  6.561e+04  0.000e+00  0.000e+00  0.000e+00  0.000e+00 
  0.000e+00  9.809e-09  0.000e+00  0.000e+00  0.000e+00 
  0.000e+00  0.000e+00  8.890e-08  0.000e+00  0.000e+00 
  0.000e+00  0.000e+00  0.000e+00  2.000e-06  0.000e+00 
  0.000e+00  0.000e+00  0.000e+00  0.000e+00  2.000e+00 
ERR MATRIX APPROXIMATE
 PARAMETER  CORRELATION COEFFICIENTS  
       NO.  GLOBAL      1      3      4     18     19
        1  0.00000   1.000  0.000  0.000  0.000  0.000
        3  0.00000   0.000  1.000  0.000  0.000  0.000
        4  0.00000   0.000  0.000  1.000  0.000  0.000
       18  0.00000   0.000  0.000  0.000  1.000  0.000
       19  0.00000   0.000  0.000  0.000  0.000  1.000
 ERR MATRIX APPROXIMATE
MINUIT - FIT ONLY 1-CBO + wiggle
 **********
 **   16 **RES 
 **********
                   PARAMETER   16  beta_vw RESTORED TO VARIABLE.
                   PARAMETER   14  alpha_vw RESTORED TO VARIABLE.
                   PARAMETER   13  beta_y RESTORED TO VARIABLE.
                   PARAMETER   11  alpha_y RESTORED TO VARIABLE.
                   PARAMETER   10  beta_2CBO RESTORED TO VARIABLE.
                   PARAMETER    9  alpha_2CBO RESTORED TO VARIABLE.
                   PARAMETER    8  beta_CBO RESTORED TO VARIABLE.
                   PARAMETER    6  alpha_CBO RESTORED TO VARIABLE.
 **********
 **   17 **FIX            8
 **********
 **********
 **   18 **FIX            9
 **********
 **********
 **   19 **FIX           11
 **********
 **********
 **   20 **FIX           12
 **********
 PARAMETER   12  IS CONSTANT.   IGNORED.
 **********
 **   21 **FIX           14
 **********
 **********
 **   22 **FIX           15
 **********
 PARAMETER   15  IS CONSTANT.   IGNORED.
 **********
 **   23 **FIX           16
 **********
 **********
 **   24 **MIGRAD
 **********
 START MIGRAD MINIMIZATION.  STRATEGY  1.  CONVERGENCE WHEN EDM .LT. 1.00e-04
 FCN=3007.85 FROM MIGRAD    STATUS=INITIATE      427 CALLS         687 TOTAL
                     EDM= unknown      STRATEGY= 1      NO ERROR MATRIX       
  EXT PARAMETER               CURRENT GUESS       STEP         FIRST   
  NO.   NAME      VALUE            ERROR          SIZE      DERIVATIVE 
   1  N0           3.17609e+06   2.56148e+02   0.00000e+00  -9.87563e-07
   2  tau          6.44104e+01   constant   
   3  A0           3.65141e-01   9.90387e-05   0.00000e+00   5.26809e+00
   4  phi          4.11585e+00   2.98165e-04   0.00000e+00  -8.77593e+00
   5  R           -6.10656e+01   constant   
   6  alpha_CBO    0.00000e+00   1.00000e-03   0.00000e+00   5.26037e+05
   7  w_CBO        2.32720e+00   constant   
   8  beta_CBO     0.00000e+00     fixed    
   9  alpha_2CBO   0.00000e+00     fixed    
  10  beta_2CBO    0.00000e+00   1.00000e-03   0.00000e+00  -8.07745e+04
  11  alpha_y      0.00000e+00     fixed    
  12  w_y          1.44500e+01   constant   
  13  beta_y       0.00000e+00   1.00000e-03   0.00000e+00   7.07109e+04
  14  alpha_vw     0.00000e+00     fixed    
  15  w_vw         1.29000e+01   constant   
  16  beta_vw      0.00000e+00     fixed    
  17  LM           2.83187e-04   constant   
  18  zeta_y       0.00000e+00   1.41421e-03   0.00000e+00   0.00000e+00
  19  zeta_vw      0.00000e+00   1.41421e+00   0.00000e+00   0.00000e+00
 CALL LIMIT EXCEEDED IN MIGRAD.
 MIGRAD TERMINATED WITHOUT CONVERGENCE.
 FCN=2041.51 FROM MIGRAD    STATUS=CALL LIMIT   1330 CALLS        1590 TOTAL
                     EDM=0.000295031    STRATEGY= 1  ERROR MATRIX UNCERTAINTY   2.0 per cent
  EXT PARAMETER                APPROXIMATE        STEP         FIRST   
  NO.   NAME      VALUE            ERROR          SIZE      DERIVATIVE 
   1  N0           3.17583e+06   2.58222e+02  -1.09808e-01  -2.45624e-05
   2  tau          6.44104e+01   constant   
   3  A0           3.64576e-01   1.02195e-04  -2.61999e-08  -4.51564e+01
   4  phi          4.11577e+00   2.85478e-04   1.67996e-07   3.53212e+01
   5  R           -6.10656e+01   constant   
   6  alpha_CBO   -3.56321e-03   1.16859e-04  -8.11980e-10   4.86388e+00
   7  w_CBO        2.32720e+00   constant   
   8  beta_CBO     0.00000e+00     fixed    
   9  alpha_2CBO   0.00000e+00     fixed    
  10  beta_2CBO    3.30643e-04   1.08763e-04   6.66597e-08   1.00329e+02
  11  alpha_y      0.00000e+00     fixed    
  12  w_y          1.44500e+01   constant   
  13  beta_y      -1.41090e-05   3.33274e-05   4.28381e-07   9.26988e+03
  14  alpha_vw     0.00000e+00     fixed    
  15  w_vw         1.29000e+01   constant   
  16  beta_vw      0.00000e+00     fixed    
  17  LM           2.83187e-04   constant   
  18  zeta_y       3.46471e-01   7.72703e-01   9.63138e-03  -4.16379e-01
  19  zeta_vw      0.00000e+00   1.41421e+00  -0.00000e+00   0.00000e+00
 EXTERNAL ERROR MATRIX.    NDIM=  25    NPAR=  8    ERR DEF=1
  6.668e+04  5.014e-03 -2.834e-03  9.199e-04  5.534e-04 -7.380e-04 -1.964e+01  0.000e+00 
  5.014e-03  1.044e-08  1.451e-09  2.151e-09  4.701e-10 -1.702e-10 -4.642e-06  0.000e+00 
 -2.834e-03  1.451e-09  8.150e-08  1.297e-10 -2.819e-09  1.135e-09  2.946e-05  0.000e+00 
  9.199e-04  2.151e-09  1.297e-10  1.366e-08  6.674e-10 -1.869e-12 -1.533e-09  0.000e+00 
  5.534e-04  4.701e-10 -2.819e-09  6.674e-10  1.183e-08  4.449e-10  1.163e-05  0.000e+00 
 -7.380e-04 -1.702e-10  1.135e-09 -1.869e-12  4.449e-10  1.111e-09  2.569e-05  0.000e+00 
 -1.964e+01 -4.642e-06  2.946e-05 -1.533e-09  1.163e-05  2.569e-05  5.971e-01  0.000e+00 
  0.000e+00  0.000e+00  0.000e+00  0.000e+00  0.000e+00  0.000e+00  0.000e+00  2.000e+00 
ERR MATRIX APPROXIMATE
 PARAMETER  CORRELATION COEFFICIENTS  
       NO.  GLOBAL      1      3      4      6     10     13     18     19
        1  0.27235   1.000  0.190 -0.038  0.030  0.020 -0.086 -0.098  0.000
        3  0.30100   0.190  1.000  0.050  0.180  0.042 -0.050 -0.059  0.000
        4  0.31043  -0.038  0.050  1.000  0.004 -0.091  0.119  0.134  0.000
        6  0.18693   0.030  0.180  0.004  1.000  0.053 -0.000 -0.000  0.000
       10  0.33305   0.020  0.042 -0.091  0.053  1.000  0.123  0.138  0.000
       13  0.99807  -0.086 -0.050  0.119 -0.000  0.123  1.000  0.998  0.000
       18  0.99810  -0.098 -0.059  0.134 -0.000  0.138  0.998  1.000  0.000
       19  0.00000   0.000  0.000  0.000  0.000  0.000  0.000  0.000  1.000
 ERR MATRIX APPROXIMATE
MINUIT - FIT ONLY 2-CBO
 **********
 **   25 **RES 
 **********
                   PARAMETER   16  beta_vw RESTORED TO VARIABLE.
                   PARAMETER   14  alpha_vw RESTORED TO VARIABLE.
                   PARAMETER   11  alpha_y RESTORED TO VARIABLE.
                   PARAMETER    9  alpha_2CBO RESTORED TO VARIABLE.
                   PARAMETER    8  beta_CBO RESTORED TO VARIABLE.
 **********
 **   26 **FIX            0
 **********
 PARAMETER    0  IS UNDEFINED. IGNORED.
 **********
 **   27 **FIX            1
 **********
 **********
 **   28 **FIX            2
 **********
 PARAMETER    2  IS CONSTANT.   IGNORED.
 **********
 **   29 **FIX            3
 **********
 **********
 **   30 **FIX            4
 **********
 **********
 **   31 **FIX            5
 **********
 PARAMETER    5  IS CONSTANT.   IGNORED.
 **********
 **   32 **FIX            6
 **********
 **********
 **   33 **FIX            7
 **********
 PARAMETER    7  IS CONSTANT.   IGNORED.
 **********
 **   34 **FIX           10
 **********
 **********
 **   35 **FIX           11
 **********
 **********
 **   36 **FIX           12
 **********
 PARAMETER   12  IS CONSTANT.   IGNORED.
 **********
 **   37 **FIX           13
 **********
 **********
 **   38 **FIX           14
 **********
 **********
 **   39 **FIX           15
 **********
 PARAMETER   15  IS CONSTANT.   IGNORED.
 **********
 **   40 **FIX           16
 **********
 **********
 **   41 **MIGRAD
 **********
 START MIGRAD MINIMIZATION.  STRATEGY  1.  CONVERGENCE WHEN EDM .LT. 1.00e-04
 FCN=2041.51 FROM MIGRAD    STATUS=INITIATE      145 CALLS        1735 TOTAL
                     EDM= unknown      STRATEGY= 1      NO ERROR MATRIX       
  EXT PARAMETER               CURRENT GUESS       STEP         FIRST   
  NO.   NAME      VALUE            ERROR          SIZE      DERIVATIVE 
   1  N0           3.17583e+06     fixed    
   2  tau          6.44104e+01   constant   
   3  A0           3.64576e-01     fixed    
   4  phi          4.11577e+00     fixed    
   5  R           -6.10656e+01   constant   
   6  alpha_CBO   -3.56321e-03     fixed    
   7  w_CBO        2.32720e+00   constant   
   8  beta_CBO     0.00000e+00   1.00000e-03   0.00000e+00  -7.29440e+05
   9  alpha_2CBO   0.00000e+00   1.00000e-03   0.00000e+00   1.42141e+03
  10  beta_2CBO    3.30643e-04     fixed    
  11  alpha_y      0.00000e+00     fixed    
  12  w_y          1.44500e+01   constant   
  13  beta_y      -1.41090e-05     fixed    
  14  alpha_vw     0.00000e+00     fixed    
  15  w_vw         1.29000e+01   constant   
  16  beta_vw      0.00000e+00     fixed    
  17  LM           2.83187e-04   constant   
  18  zeta_y       3.46471e-01   7.72703e-01   0.00000e+00  -4.16379e-01
  19  zeta_vw      0.00000e+00   1.41421e+00   0.00000e+00   0.00000e+00
 MIGRAD MINIMIZATION HAS CONVERGED.
 MIGRAD WILL VERIFY CONVERGENCE AND ERROR MATRIX.
  MNHESS FAILS AND WILL RETURN DIAGONAL MATRIX. 
 FCN=335.036 FROM MIGRAD    STATUS=CONVERGED     189 CALLS        1779 TOTAL
                     EDM=4.44561e-09    STRATEGY= 1  ERROR MATRIX UNCERTAINTY 100.0 per cent
  EXT PARAMETER                APPROXIMATE        STEP         FIRST   
  NO.   NAME      VALUE            ERROR          SIZE      DERIVATIVE 
   1  N0           3.17583e+06     fixed    
   2  tau          6.44104e+01   constant   
   3  A0           3.64576e-01     fixed    
   4  phi          4.11577e+00     fixed    
   5  R           -6.10656e+01   constant   
   6  alpha_CBO   -3.56321e-03     fixed    
   7  w_CBO        2.32720e+00   constant   
   8  beta_CBO     4.67879e-03   1.13255e-04   1.01373e-06   1.29051e-03
   9  alpha_2CBO  -3.23171e-05   1.14094e-04   1.02123e-06  -7.91642e-01
  10  beta_2CBO    3.30643e-04     fixed    
  11  alpha_y      0.00000e+00     fixed    
  12  w_y          1.44500e+01   constant   
  13  beta_y      -1.41090e-05     fixed    
  14  alpha_vw     0.00000e+00     fixed    
  15  w_vw         1.29000e+01   constant   
  16  beta_vw      0.00000e+00     fixed    
  17  LM           2.83187e-04   constant   
  18  zeta_y       3.85092e-01   9.24904e-02   8.27865e-04  -4.83953e-04
  19  zeta_vw      0.00000e+00   2.00000e+00  -0.00000e+00   0.00000e+00
 EXTERNAL ERROR MATRIX.    NDIM=  25    NPAR=  4    ERR DEF=1
  1.283e-08  0.000e+00  0.000e+00  0.000e+00 
  0.000e+00  1.302e-08  0.000e+00  0.000e+00 
  0.000e+00  0.000e+00  8.554e-03  0.000e+00 
  0.000e+00  0.000e+00  0.000e+00  4.000e+00 
ERR MATRIX APPROXIMATE
 PARAMETER  CORRELATION COEFFICIENTS  
       NO.  GLOBAL      8      9     18     19
        8  0.00000   1.000  0.000  0.000  0.000
        9  0.00000   0.000  1.000  0.000  0.000
       18  0.00000   0.000  0.000  1.000  0.000
       19  0.00000   0.000  0.000  0.000  1.000
 ERR MATRIX APPROXIMATE
MINUIT - FIT wiggle + 1-CBO + 2-CBO
 **********
 **   42 **RES 
 **********
                   PARAMETER   16  beta_vw RESTORED TO VARIABLE.
                   PARAMETER   14  alpha_vw RESTORED TO VARIABLE.
                   PARAMETER   13  beta_y RESTORED TO VARIABLE.
                   PARAMETER   11  alpha_y RESTORED TO VARIABLE.
                   PARAMETER   10  beta_2CBO RESTORED TO VARIABLE.
                   PARAMETER    6  alpha_CBO RESTORED TO VARIABLE.
                   PARAMETER    4  phi RESTORED TO VARIABLE.
                   PARAMETER    3  A0 RESTORED TO VARIABLE.
                   PARAMETER    1  N0 RESTORED TO VARIABLE.
 **********
 **   43 **FIX           10
 **********
 **********
 **   44 **FIX           11
 **********
 **********
 **   45 **FIX           12
 **********
 PARAMETER   12  IS CONSTANT.   IGNORED.
 **********
 **   46 **FIX           13
 **********
 **********
 **   47 **FIX           14
 **********
 **********
 **   48 **FIX           15
 **********
 PARAMETER   15  IS CONSTANT.   IGNORED.
 **********
 **   49 **FIX           16
 **********
 **********
 **   50 **MIGRAD
 **********
 START MIGRAD MINIMIZATION.  STRATEGY  1.  CONVERGENCE WHEN EDM .LT. 1.00e-04
 FCN=335.036 FROM MIGRAD    STATUS=INITIATE      421 CALLS        2200 TOTAL
                     EDM= unknown      STRATEGY= 1      NO ERROR MATRIX       
  EXT PARAMETER               CURRENT GUESS       STEP         FIRST   
  NO.   NAME      VALUE            ERROR          SIZE      DERIVATIVE 
   1  N0           3.17583e+06   2.58222e+02   0.00000e+00  -1.32846e-02
   2  tau          6.44104e+01   constant   
   3  A0           3.64576e-01   1.02195e-04   0.00000e+00  -4.76166e+04
   4  phi          4.11577e+00   2.85478e-04   0.00000e+00  -6.34788e+04
   5  R           -6.10656e+01   constant   
   6  alpha_CBO   -3.56321e-03   1.16859e-04   0.00000e+00   1.74088e+04
   7  w_CBO        2.32720e+00   constant   
   8  beta_CBO     4.67879e-03   1.13255e-04   0.00000e+00   1.29028e-03
   9  alpha_2CBO  -3.23171e-05   1.14094e-04   0.00000e+00  -7.91643e-01
  10  beta_2CBO    3.30643e-04     fixed    
  11  alpha_y      0.00000e+00     fixed    
  12  w_y          1.44500e+01   constant   
  13  beta_y      -1.41090e-05     fixed    
  14  alpha_vw     0.00000e+00     fixed    
  15  w_vw         1.29000e+01   constant   
  16  beta_vw      0.00000e+00     fixed    
  17  LM           2.83187e-04   constant   
  18  zeta_y       3.85092e-01   9.24904e-02   0.00000e+00  -4.83957e-04
  19  zeta_vw      0.00000e+00   2.00000e+00   0.00000e+00   0.00000e+00
 MIGRAD MINIMIZATION HAS CONVERGED.
 MIGRAD WILL VERIFY CONVERGENCE AND ERROR MATRIX.
  MNHESS FAILS AND WILL RETURN DIAGONAL MATRIX. 
 FCN=228.653 FROM MIGRAD    STATUS=CONVERGED     535 CALLS        2314 TOTAL
                     EDM=5.51778e-09    STRATEGY= 1  ERROR MATRIX UNCERTAINTY 100.0 per cent
  EXT PARAMETER                APPROXIMATE        STEP         FIRST   
  NO.   NAME      VALUE            ERROR          SIZE      DERIVATIVE 
   1  N0           3.17622e+06   2.56156e+02   1.89359e+00  -1.86551e-07
   2  tau          6.44104e+01   constant   
   3  A0           3.64895e-01   9.90750e-05   7.33113e-07   5.14486e-02
   4  phi          4.11879e+00   2.98381e-04   2.20789e-06   4.30739e-02
   5  R           -6.10656e+01   constant   
   6  alpha_CBO   -3.62602e-03   1.14849e-04   8.49832e-07   3.99732e-01
   7  w_CBO        2.32720e+00   constant   
   8  beta_CBO     4.96995e-03   1.13241e-04   8.37937e-07  -2.89208e-01
   9  alpha_2CBO  -7.47952e-05   1.14078e-04   8.44124e-07  -3.93756e-01
  10  beta_2CBO    3.30643e-04     fixed    
  11  alpha_y      0.00000e+00     fixed    
  12  w_y          1.44500e+01   constant   
  13  beta_y      -1.41090e-05     fixed    
  14  alpha_vw     0.00000e+00     fixed    
  15  w_vw         1.29000e+01   constant   
  16  beta_vw      0.00000e+00     fixed    
  17  LM           2.83187e-04   constant   
  18  zeta_y       3.61643e-01   9.24786e-02   6.84301e-04  -1.10635e-03
  19  zeta_vw      0.00000e+00   2.82843e+00  -0.00000e+00   0.00000e+00
 EXTERNAL ERROR MATRIX.    NDIM=  25    NPAR=  8    ERR DEF=1
  6.562e+04  0.000e+00  0.000e+00  0.000e+00  0.000e+00  0.000e+00  0.000e+00  0.000e+00 
  0.000e+00  9.816e-09  0.000e+00  0.000e+00  0.000e+00  0.000e+00  0.000e+00  0.000e+00 
  0.000e+00  0.000e+00  8.903e-08  0.000e+00  0.000e+00  0.000e+00  0.000e+00  0.000e+00 
  0.000e+00  0.000e+00  0.000e+00  1.319e-08  0.000e+00  0.000e+00  0.000e+00  0.000e+00 
  0.000e+00  0.000e+00  0.000e+00  0.000e+00  1.282e-08  0.000e+00  0.000e+00  0.000e+00 
  0.000e+00  0.000e+00  0.000e+00  0.000e+00  0.000e+00  1.301e-08  0.000e+00  0.000e+00 
  0.000e+00  0.000e+00  0.000e+00  0.000e+00  0.000e+00  0.000e+00  8.552e-03  0.000e+00 
  0.000e+00  0.000e+00  0.000e+00  0.000e+00  0.000e+00  0.000e+00  0.000e+00  8.000e+00 
ERR MATRIX APPROXIMATE
 PARAMETER  CORRELATION COEFFICIENTS  
       NO.  GLOBAL      1      3      4      6      8      9     18     19
        1  0.00000   1.000  0.000  0.000  0.000  0.000  0.000  0.000  0.000
        3  0.00000   0.000  1.000  0.000  0.000  0.000  0.000  0.000  0.000
        4  0.00000   0.000  0.000  1.000  0.000  0.000  0.000  0.000  0.000
        6  0.00000   0.000  0.000  0.000  1.000  0.000  0.000  0.000  0.000
        8  0.00000   0.000  0.000  0.000  0.000  1.000  0.000  0.000  0.000
        9  0.00000   0.000  0.000  0.000  0.000  0.000  1.000  0.000  0.000
       18  0.00000   0.000  0.000  0.000  0.000  0.000  0.000  1.000  0.000
       19  0.00000   0.000  0.000  0.000  0.000  0.000  0.000  0.000  1.000
 ERR MATRIX APPROXIMATE
MINUIT - FIT ONLY 1-y
 **********
 **   51 **RES 
 **********
                   PARAMETER   16  beta_vw RESTORED TO VARIABLE.
                   PARAMETER   14  alpha_vw RESTORED TO VARIABLE.
                   PARAMETER   13  beta_y RESTORED TO VARIABLE.
                   PARAMETER   11  alpha_y RESTORED TO VARIABLE.
                   PARAMETER   10  beta_2CBO RESTORED TO VARIABLE.
 **********
 **   52 **FIX            0
 **********
 PARAMETER    0  IS UNDEFINED. IGNORED.
 **********
 **   53 **FIX            1
 **********
 **********
 **   54 **FIX            2
 **********
 PARAMETER    2  IS CONSTANT.   IGNORED.
 **********
 **   55 **FIX            3
 **********
 **********
 **   56 **FIX            4
 **********
 **********
 **   57 **FIX            5
 **********
 PARAMETER    5  IS CONSTANT.   IGNORED.
 **********
 **   58 **FIX            6
 **********
 **********
 **   59 **FIX            7
 **********
 PARAMETER    7  IS CONSTANT.   IGNORED.
 **********
 **   60 **FIX            8
 **********
 **********
 **   61 **FIX            9
 **********
 **********
 **   62 **FIX           13
 **********
 **********
 **   63 **FIX           14
 **********
 **********
 **   64 **FIX           15
 **********
 PARAMETER   15  IS CONSTANT.   IGNORED.
 **********
 **   65 **FIX           16
 **********
 **********
 **   66 **MIGRAD
 **********
 START MIGRAD MINIMIZATION.  STRATEGY  1.  CONVERGENCE WHEN EDM .LT. 1.00e-04
 FCN=228.653 FROM MIGRAD    STATUS=INITIATE      143 CALLS        2457 TOTAL
                     EDM= unknown      STRATEGY= 1      NO ERROR MATRIX       
  EXT PARAMETER               CURRENT GUESS       STEP         FIRST   
  NO.   NAME      VALUE            ERROR          SIZE      DERIVATIVE 
   1  N0           3.17622e+06     fixed    
   2  tau          6.44104e+01   constant   
   3  A0           3.64895e-01     fixed    
   4  phi          4.11879e+00     fixed    
   5  R           -6.10656e+01   constant   
   6  alpha_CBO   -3.62602e-03     fixed    
   7  w_CBO        2.32720e+00   constant   
   8  beta_CBO     4.96995e-03     fixed    
   9  alpha_2CBO  -7.47952e-05     fixed    
  10  beta_2CBO    3.30643e-04   1.08763e-04   0.00000e+00   8.65510e+03
  11  alpha_y      0.00000e+00   1.00000e-03   0.00000e+00   4.66231e+06
  12  w_y          1.44500e+01   constant   
  13  beta_y      -1.41090e-05     fixed    
  14  alpha_vw     0.00000e+00     fixed    
  15  w_vw         1.29000e+01   constant   
  16  beta_vw      0.00000e+00     fixed    
  17  LM           2.83187e-04   constant   
  18  zeta_y       3.61643e-01   9.24786e-02   0.00000e+00  -1.10635e-03
  19  zeta_vw      0.00000e+00   2.82843e+00   0.00000e+00   0.00000e+00
 MIGRAD MINIMIZATION HAS CONVERGED.
 MIGRAD WILL VERIFY CONVERGENCE AND ERROR MATRIX.
  MNHESS FAILS AND WILL RETURN DIAGONAL MATRIX. 
 FCN=162.243 FROM MIGRAD    STATUS=CONVERGED     202 CALLS        2516 TOTAL
                     EDM=1.42983e-10    STRATEGY= 1  ERROR MATRIX UNCERTAINTY 100.0 per cent
  EXT PARAMETER                APPROXIMATE        STEP         FIRST   
  NO.   NAME      VALUE            ERROR          SIZE      DERIVATIVE 
   1  N0           3.17622e+06     fixed    
   2  tau          6.44104e+01   constant   
   3  A0           3.64895e-01     fixed    
   4  phi          4.11879e+00     fixed    
   5  R           -6.10656e+01   constant   
   6  alpha_CBO   -3.62602e-03     fixed    
   7  w_CBO        2.32720e+00   constant   
   8  beta_CBO     4.96995e-03     fixed    
   9  alpha_2CBO  -7.47952e-05     fixed    
  10  beta_2CBO    2.70802e-04   1.13997e-04   7.11180e-07   1.07713e-01
  11  alpha_y     -2.83079e-05   3.48004e-06   2.17446e-08   6.00998e+00
  12  w_y          1.44500e+01   constant   
  13  beta_y      -1.41090e-05     fixed    
  14  alpha_vw     0.00000e+00     fixed    
  15  w_vw         1.29000e+01   constant   
  16  beta_vw      0.00000e+00     fixed    
  17  LM           2.83187e-04   constant   
  18  zeta_y       3.62557e-01   4.11766e-02   2.56497e-04  -3.20148e-04
  19  zeta_vw      0.00000e+00   4.00000e+00  -0.00000e+00   0.00000e+00
 EXTERNAL ERROR MATRIX.    NDIM=  25    NPAR=  4    ERR DEF=1
  1.300e-08  0.000e+00  0.000e+00  0.000e+00 
  0.000e+00  1.211e-11  0.000e+00  0.000e+00 
  0.000e+00  0.000e+00  1.696e-03  0.000e+00 
  0.000e+00  0.000e+00  0.000e+00  1.600e+01 
ERR MATRIX APPROXIMATE
 PARAMETER  CORRELATION COEFFICIENTS  
       NO.  GLOBAL     10     11     18     19
       10  0.00000   1.000  0.000  0.000  0.000
       11  0.00000   0.000  1.000  0.000  0.000
       18  0.00000   0.000  0.000  1.000  0.000
       19  0.00000   0.000  0.000  0.000  1.000
 ERR MATRIX APPROXIMATE
MINUIT - FIT ONLY 2-y
 **********
 **   67 **RES 
 **********
                   PARAMETER   16  beta_vw RESTORED TO VARIABLE.
                   PARAMETER   14  alpha_vw RESTORED TO VARIABLE.
                   PARAMETER   13  beta_y RESTORED TO VARIABLE.
                   PARAMETER    9  alpha_2CBO RESTORED TO VARIABLE.
                   PARAMETER    8  beta_CBO RESTORED TO VARIABLE.
                   PARAMETER    6  alpha_CBO RESTORED TO VARIABLE.
                   PARAMETER    4  phi RESTORED TO VARIABLE.
                   PARAMETER    3  A0 RESTORED TO VARIABLE.
                   PARAMETER    1  N0 RESTORED TO VARIABLE.
 **********
 **   68 **FIX            0
 **********
 PARAMETER    0  IS UNDEFINED. IGNORED.
 **********
 **   69 **FIX            1
 **********
 **********
 **   70 **FIX            2
 **********
 PARAMETER    2  IS CONSTANT.   IGNORED.
 **********
 **   71 **FIX            3
 **********
 **********
 **   72 **FIX            4
 **********
 **********
 **   73 **FIX            5
 **********
 PARAMETER    5  IS CONSTANT.   IGNORED.
 **********
 **   74 **FIX            6
 **********
 **********
 **   75 **FIX            7
 **********
 PARAMETER    7  IS CONSTANT.   IGNORED.
 **********
 **   76 **FIX            8
 **********
 **********
 **   77 **FIX            9
 **********
 **********
 **   78 **FIX           10
 **********
 **********
 **   79 **FIX           11
 **********
 **********
 **   80 **FIX           12
 **********
 PARAMETER   12  IS CONSTANT.   IGNORED.
 **********
 **   81 **FIX           16
 **********
 **********
 **   82 **MIGRAD
 **********
 START MIGRAD MINIMIZATION.  STRATEGY  1.  CONVERGENCE WHEN EDM .LT. 1.00e-04
 FCN=162.243 FROM MIGRAD    STATUS=INITIATE      143 CALLS        2659 TOTAL
                     EDM= unknown      STRATEGY= 1      NO ERROR MATRIX       
  EXT PARAMETER               CURRENT GUESS       STEP         FIRST   
  NO.   NAME      VALUE            ERROR          SIZE      DERIVATIVE 
   1  N0           3.17622e+06     fixed    
   2  tau          6.44104e+01   constant   
   3  A0           3.64895e-01     fixed    
   4  phi          4.11879e+00     fixed    
   5  R           -6.10656e+01   constant   
   6  alpha_CBO   -3.62602e-03     fixed    
   7  w_CBO        2.32720e+00   constant   
   8  beta_CBO     4.96995e-03     fixed    
   9  alpha_2CBO  -7.47952e-05     fixed    
  10  beta_2CBO    2.70802e-04     fixed    
  11  alpha_y     -2.83079e-05     fixed    
  12  w_y          1.44500e+01   constant   
  13  beta_y      -1.41090e-05   3.33274e-05   0.00000e+00  -2.97319e+02
  14  alpha_vw     0.00000e+00   1.00000e-03   0.00000e+00   1.52159e+04
  15  w_vw         1.29000e+01   constant   
  16  beta_vw      0.00000e+00     fixed    
  17  LM           2.83187e-04   constant   
  18  zeta_y       3.62557e-01   4.11766e-02   0.00000e+00  -3.20153e-04
  19  zeta_vw      0.00000e+00   4.00000e+00   0.00000e+00   0.00000e+00
 CALL LIMIT EXCEEDED IN MIGRAD.
 MIGRAD TERMINATED WITHOUT CONVERGENCE.
 FCN=161.383 FROM MIGRAD    STATUS=CALL LIMIT    682 CALLS        3198 TOTAL
                     EDM=5.58496e-05    STRATEGY= 1  ERROR MATRIX UNCERTAINTY  23.4 per cent
  EXT PARAMETER                APPROXIMATE        STEP         FIRST   
  NO.   NAME      VALUE            ERROR          SIZE      DERIVATIVE 
   1  N0           3.17622e+06     fixed    
   2  tau          6.44104e+01   constant   
   3  A0           3.64895e-01     fixed    
   4  phi          4.11879e+00     fixed    
   5  R           -6.10656e+01   constant   
   6  alpha_CBO   -3.62602e-03     fixed    
   7  w_CBO        2.32720e+00   constant   
   8  beta_CBO     4.96995e-03     fixed    
   9  alpha_2CBO  -7.47952e-05     fixed    
  10  beta_2CBO    2.70802e-04     fixed    
  11  alpha_y     -2.83079e-05     fixed    
  12  w_y          1.44500e+01   constant   
  13  beta_y      -1.39017e-05   3.94366e-06  -6.40952e-09   1.31393e+03
  14  alpha_vw    -1.97938e-06   2.27990e-05   1.48784e-07   4.47546e+03
  15  w_vw         1.29000e+01   constant   
  16  beta_vw      0.00000e+00     fixed    
  17  LM           2.83187e-04   constant   
  18  zeta_y       3.65010e-01   4.74330e-02  -8.79397e-05   8.42733e-02
  19  zeta_vw      5.98446e-01   6.33198e+00   3.90174e-02  -1.76606e-02
 EXTERNAL ERROR MATRIX.    NDIM=  25    NPAR=  4    ERR DEF=1
  1.555e-11 -8.467e-12  8.936e-08 -2.525e-06 
 -8.467e-12  5.198e-10 -1.104e-07  1.439e-04 
  8.936e-08 -1.104e-07  2.250e-03 -3.310e-02 
 -2.525e-06  1.439e-04 -3.310e-02  4.009e+01 
ERR MATRIX APPROXIMATE
 PARAMETER  CORRELATION COEFFICIENTS  
       NO.  GLOBAL     13     14     18     19
       13  0.48159   1.000 -0.094  0.478 -0.101
       14  0.99678  -0.094  1.000 -0.102  0.997
       18  0.48512   0.478 -0.102  1.000 -0.110
       19  0.99679  -0.101  0.997 -0.110  1.000
 ERR MATRIX APPROXIMATE
MINUIT - FIT ALTOGETHER
 **********
 **   83 **RES 
 **********
                   PARAMETER   16  beta_vw RESTORED TO VARIABLE.
                   PARAMETER   11  alpha_y RESTORED TO VARIABLE.
                   PARAMETER   10  beta_2CBO RESTORED TO VARIABLE.
                   PARAMETER    9  alpha_2CBO RESTORED TO VARIABLE.
                   PARAMETER    8  beta_CBO RESTORED TO VARIABLE.
                   PARAMETER    6  alpha_CBO RESTORED TO VARIABLE.
                   PARAMETER    4  phi RESTORED TO VARIABLE.
                   PARAMETER    3  A0 RESTORED TO VARIABLE.
                   PARAMETER    1  N0 RESTORED TO VARIABLE.
 **********
 **   84 **MIGRAD
 **********
 START MIGRAD MINIMIZATION.  STRATEGY  1.  CONVERGENCE WHEN EDM .LT. 1.00e-04
 FCN=161.383 FROM MIGRAD    STATUS=INITIATE       28 CALLS        3226 TOTAL
                     EDM= unknown      STRATEGY= 1      NO ERROR MATRIX       
  EXT PARAMETER               CURRENT GUESS       STEP         FIRST   
  NO.   NAME      VALUE            ERROR          SIZE      DERIVATIVE 
   1  N0           3.17622e+06   2.56156e+02   2.56156e+02   8.35875e-05
   2  tau          6.44104e+01   constant   
   3  A0           3.64895e-01   9.90750e-05   9.90750e-05   1.48595e+03
   4  phi          4.11879e+00   2.98381e-04   2.98381e-04   5.46223e+02
   5  R           -6.10656e+01   constant   
   6  alpha_CBO   -3.62602e-03   1.14849e-04   1.14849e-04  -7.86666e+02
   7  w_CBO        2.32720e+00   constant   
   8  beta_CBO     4.96995e-03   1.13241e-04   1.13241e-04  -5.68001e+02
   9  alpha_2CBO  -7.47952e-05   1.14078e-04   1.14078e-04   2.06053e+03
  10  beta_2CBO    2.70802e-04   1.13997e-04   1.13997e-04   2.60231e+01
  11  alpha_y     -2.83079e-05   3.48004e-06   3.48004e-06  -1.90486e+03
  12  w_y          1.44500e+01   constant   
  13  beta_y      -1.39017e-05   3.94366e-06  -6.40952e-09   1.31393e+03
  14  alpha_vw    -1.97938e-06   2.27990e-05   1.48784e-07   4.47546e+03
  15  w_vw         1.29000e+01   constant   
  16  beta_vw      0.00000e+00   1.00000e-03   1.00000e-03   9.76628e+04
  17  LM           2.83187e-04   constant   
  18  zeta_y       3.65010e-01   4.74330e-02  -8.79397e-05   8.42733e-02
  19  zeta_vw      5.98446e-01   6.33198e+00   3.90174e-02  -1.76606e-02
 MIGRAD MINIMIZATION HAS CONVERGED.
 MIGRAD WILL VERIFY CONVERGENCE AND ERROR MATRIX.
 COVARIANCE MATRIX CALCULATED SUCCESSFULLY
 FCN=161.346 FROM HESSE     STATUS=OK            131 CALLS        3471 TOTAL
                     EDM=0.000312672    STRATEGY= 1      ERROR MATRIX ACCURATE 
  EXT PARAMETER                                   STEP         FIRST   
  NO.   NAME      VALUE            ERROR          SIZE      DERIVATIVE 
   1  N0           3.17621e+06   2.63301e+02   1.59210e+00  -1.79873e-08
   2  tau          6.44104e+01   constant   
   3  A0           3.64888e-01   1.03330e-04   6.16395e-07   1.75319e+00
   4  phi          4.11876e+00   3.08672e-04   1.96398e-06   1.68686e-01
   5  R           -6.10656e+01   constant   
   6  alpha_CBO   -3.62231e-03   1.16985e-04   7.14518e-07   6.48891e-01
   7  w_CBO        2.32720e+00   constant   
   8  beta_CBO     4.97112e-03   1.16731e-04   7.04528e-07  -1.12991e+00
   9  alpha_2CBO  -8.75915e-05   1.14344e-04   7.09716e-07  -1.20099e+00
  10  beta_2CBO    2.71411e-04   1.14445e-04   7.09225e-07   1.38171e+00
  11  alpha_y     -2.83129e-05   1.37377e-04   2.14956e-08   1.63288e+01
  12  w_y          1.44500e+01   constant   
  13  beta_y      -1.39341e-05   6.75676e-05   2.15511e-08  -2.31279e+01
  14  alpha_vw    -1.98322e-06   3.45391e-05   1.32411e-08   1.68747e+02
  15  w_vw         1.29000e+01   constant   
  16  beta_vw     -2.17172e-07   4.18719e-06   1.31798e-08  -2.18877e+01
  17  LM           2.83187e-04   constant   
  18  zeta_y       3.65266e-01   1.82707e+00   2.56767e-04  -1.05178e-02
  19  zeta_vw      6.02222e-01   1.06813e+01   4.06898e-03  -3.35592e-03
 MIGRAD MINIMIZATION HAS CONVERGED.
 FCN=161.343 FROM MIGRAD    STATUS=CONVERGED    1899 CALLS        5097 TOTAL
                     EDM=9.23107e-06    STRATEGY= 1  ERROR MATRIX UNCERTAINTY   0.5 per cent
  EXT PARAMETER                                   STEP         FIRST   
  NO.   NAME      VALUE            ERROR          SIZE      DERIVATIVE 
   1  N0           3.17621e+06   2.63267e+02   8.74204e-04  -1.91529e-07
   2  tau          6.44104e+01   constant   
   3  A0           3.64888e-01   1.03424e-04   5.10720e-09  -2.21554e+00
   4  phi          4.11876e+00   3.08674e-04   2.15233e-09  -5.90896e-01
   5  R           -6.10656e+01   constant   
   6  alpha_CBO   -3.62235e-03   1.16981e-04   3.73587e-09   3.22374e-01
   7  w_CBO        2.32720e+00   constant   
   8  beta_CBO     4.97114e-03   1.16760e-04  -3.37020e-09   1.49517e+00
   9  alpha_2CBO  -8.75650e-05   1.14380e-04  -4.14064e-09  -3.52006e-01
  10  beta_2CBO    2.71383e-04   1.14510e-04   5.05268e-09  -1.93650e+00
  11  alpha_y     -1.65544e-05   5.11775e-05   9.24001e-08   1.01664e+03
  12  w_y          1.44500e+01   constant   
  13  beta_y      -8.14762e-06   2.53920e-05   4.54329e-08   1.76275e+03
  14  alpha_vw    -3.66432e-07   3.14185e-06   5.58602e-09   1.54612e+04
  15  w_vw         1.29000e+01   constant   
  16  beta_vw     -3.98917e-08   6.02492e-07   7.40223e-10  -8.45143e+02
  17  LM           2.83187e-04   constant   
  18  zeta_y       6.32699e-01   1.95472e+00   3.48424e-03  -5.18340e-02
  19  zeta_vw      3.30231e+00   2.63815e+01   4.66664e-02  -1.79606e-03
 EXTERNAL ERROR MATRIX.    NDIM=  25    NPAR= 13    ERR DEF=1
 ELEMENTS ABOVE DIAGONAL ARE NOT PRINTED.
  6.931e+04 
  5.633e-03  1.070e-08 
 -6.181e-03  1.413e-09  9.528e-08 
  8.946e-04  2.148e-09 -1.567e-10  1.368e-08 
  9.763e-04  8.652e-10  8.267e-09 -1.915e-10  1.363e-08 
  4.197e-04 -5.149e-10 -1.083e-09 -3.067e-10 -1.701e-10  1.308e-08 
 -8.885e-04  6.921e-11 -1.720e-09  7.559e-10 -1.656e-10 -2.941e-10  1.311e-08 
  2.412e-05  3.150e-11  2.646e-11  1.196e-11 -1.803e-11 -1.718e-11  2.805e-11  2.619e-09 
  1.136e-05  1.834e-11  2.350e-11  6.784e-12 -1.031e-11 -7.601e-12  1.810e-11  1.293e-09  6.448e-10 
  2.172e-06  1.374e-12  1.533e-12 -1.040e-13 -7.980e-13 -2.779e-13  1.234e-12  1.590e-10  7.836e-11  9.871e-12 
 -2.419e-06  8.700e-13 -7.707e-14  1.845e-12 -8.660e-13 -1.172e-12  1.394e-12  1.667e-11  8.343e-12  9.908e-13  3.630e-13 
  8.599e-01  1.165e-06  7.495e-07  5.259e-07 -7.003e-07 -7.985e-07  1.074e-06  9.997e-05  4.944e-05  6.087e-06  6.379e-07 
  8.599e-01  1.165e-06  7.495e-07  5.259e-07 -7.003e-07 -7.985e-07  1.074e-06  9.997e-05  4.944e-05  6.087e-06  6.379e-07  3.821e+00 
  1.097e+01  1.584e-05  1.108e-05  7.326e-06 -9.200e-06 -1.071e-05  1.425e-05  1.347e-03  6.662e-04  8.238e-05  8.613e-06 
  1.097e+01  1.584e-05  1.108e-05  7.326e-06 -9.200e-06 -1.071e-05  1.425e-05  1.347e-03  6.662e-04  8.238e-05  8.613e-06  5.154e+01  6.960e+02 
 PARAMETER  CORRELATION COEFFICIENTS  
       NO.  GLOBAL      1      3      4      6      8      9     10     11     13     14     16     18     19
        1  0.23170   1.000  0.207 -0.076  0.029  0.032  0.014 -0.029  0.002  0.002  0.003 -0.015  0.002  0.002
        3  0.28513   0.207  1.000  0.044  0.178  0.072 -0.044  0.006  0.006  0.007  0.004  0.014  0.006  0.006
        4  0.25778  -0.076  0.044  1.000 -0.004  0.229 -0.031 -0.049  0.002  0.003  0.002 -0.000  0.001  0.001
        6  0.19225   0.029  0.178 -0.004  1.000 -0.014 -0.023  0.056  0.002  0.002 -0.000  0.026  0.002  0.002
        8  0.24223   0.032  0.072  0.229 -0.014  1.000 -0.013 -0.012 -0.003 -0.003 -0.002 -0.012 -0.003 -0.003
        9  0.08109   0.014 -0.044 -0.031 -0.023 -0.013  1.000 -0.022 -0.003 -0.003 -0.001 -0.017 -0.004 -0.004
       10  0.08931  -0.029  0.006 -0.049  0.056 -0.012 -0.022  1.000  0.005  0.006  0.003  0.020  0.005  0.005
       11  0.99967   0.002  0.006  0.002  0.002 -0.003 -0.003  0.005  1.000  0.995  0.989  0.540  0.999  0.998
       13  0.99758   0.002  0.007  0.003  0.002 -0.003 -0.003  0.006  0.995  1.000  0.982  0.545  0.996  0.995
       14  0.99612   0.003  0.004  0.002 -0.000 -0.002 -0.001  0.003  0.989  0.982  1.000  0.523  0.991  0.994
       16  0.56583  -0.015  0.014 -0.000  0.026 -0.012 -0.017  0.020  0.540  0.545  0.523  1.000  0.542  0.542
       18  0.99993   0.002  0.006  0.001  0.002 -0.003 -0.004  0.005  0.999  0.996  0.991  0.542  1.000  0.999
       19  0.99979   0.002  0.006  0.001  0.002 -0.003 -0.004  0.005  0.998  0.995  0.994  0.542  0.999  1.000
MINUIT - MINOS
 **********
 **   85 **RES 
 **********
 CALL TO MNFREE IGNORED.  THERE ARE NO FIXED PARAMETERS
 **********
 **   86 **MIG      2.5e+04        0.01
 **********
 START MIGRAD MINIMIZATION.  STRATEGY  1.  CONVERGENCE WHEN EDM .LT. 1.00e-05
 FCN=161.343 FROM MIGRAD    STATUS=INITIATE       26 CALLS        5123 TOTAL
                     EDM=1.04041e-05    STRATEGY= 1  ERROR MATRIX UNCERTAINTY   0.5 per cent
  EXT PARAMETER                                   STEP         FIRST   
  NO.   NAME      VALUE            ERROR          SIZE      DERIVATIVE 
   1  N0           3.17621e+06   2.63267e+02   8.74204e-04  -1.91529e-07
   2  tau          6.44104e+01   constant   
   3  A0           3.64888e-01   1.03424e-04   5.10720e-09  -2.21555e+00
   4  phi          4.11876e+00   3.08674e-04   2.15233e-09  -5.90896e-01
   5  R           -6.10656e+01   constant   
   6  alpha_CBO   -3.62235e-03   1.16981e-04   3.73587e-09   3.22380e-01
   7  w_CBO        2.32720e+00   constant   
   8  beta_CBO     4.97114e-03   1.16760e-04  -3.37020e-09   1.49517e+00
   9  alpha_2CBO  -8.75650e-05   1.14380e-04  -4.14064e-09  -3.52006e-01
  10  beta_2CBO    2.71383e-04   1.14510e-04   5.05268e-09  -1.93651e+00
  11  alpha_y     -1.65544e-05   5.11775e-05   9.24001e-08   1.01664e+03
  12  w_y          1.44500e+01   constant   
  13  beta_y      -8.14762e-06   2.53920e-05   4.54329e-08   1.76275e+03
  14  alpha_vw    -3.66432e-07   3.14185e-06   5.58602e-09   1.54612e+04
  15  w_vw         1.29000e+01   constant   
  16  beta_vw     -3.98917e-08   6.02492e-07   7.40223e-10  -8.45143e+02
  17  LM           2.83187e-04   constant   
  18  zeta_y       6.32699e-01   1.95472e+00   3.48424e-03  -5.18340e-02
  19  zeta_vw      3.30231e+00   2.63815e+01   4.66664e-02  -1.79606e-03
 MIGRAD MINIMIZATION HAS CONVERGED.
 MIGRAD WILL VERIFY CONVERGENCE AND ERROR MATRIX.
 COVARIANCE MATRIX CALCULATED SUCCESSFULLY
 FCN=161.341 FROM MIGRAD    STATUS=CONVERGED    4933 CALLS       10030 TOTAL
                     EDM=6.04662e-06    STRATEGY= 1      ERROR MATRIX ACCURATE 
  EXT PARAMETER                                   STEP         FIRST   
  NO.   NAME      VALUE            ERROR          SIZE      DERIVATIVE 
   1  N0           3.17621e+06   2.63301e+02   1.59207e+00   2.49923e-07
   2  tau          6.44104e+01   constant   
   3  A0           3.64888e-01   1.03330e-04   6.16386e-07   2.11149e-01
   4  phi          4.11876e+00   3.08672e-04   1.96398e-06  -4.53907e-02
   5  R           -6.10656e+01   constant   
   6  alpha_CBO   -3.62236e-03   1.16985e-04   7.14508e-07  -3.05546e-01
   7  w_CBO        2.32720e+00   constant   
   8  beta_CBO     4.97114e-03   1.16731e-04   7.04517e-07  -8.15691e-02
   9  alpha_2CBO  -8.75603e-05   1.14344e-04   7.09705e-07  -4.32374e-01
  10  beta_2CBO    2.71379e-04   1.14445e-04   7.09214e-07  -1.72234e-02
  11  alpha_y     -4.29835e-06   1.78311e-05   3.27738e-09   3.83910e+03
  12  w_y          1.44500e+01   constant   
  13  beta_y      -2.11706e-06   8.78692e-06   3.28571e-09   6.88989e+02
  14  alpha_vw    -3.17686e-08   6.36579e-07   2.13187e-10   3.71510e+04
  15  w_vw         1.29000e+01   constant   
  16  beta_vw     -3.44908e-09   7.37820e-08   2.12204e-10  -1.86373e+04
  17  LM           2.83187e-04   constant   
  18  zeta_y       2.46922e+00   1.02881e+01   1.68403e-03  -7.46658e-03
  19  zeta_vw      3.83135e+01   7.67506e+02   2.52913e-01  -2.98425e-05
 EXTERNAL ERROR MATRIX.    NDIM=  25    NPAR= 13    ERR DEF=1
 ELEMENTS ABOVE DIAGONAL ARE NOT PRINTED.
  6.933e+04 
  5.621e-03  1.068e-08 
 -6.181e-03  1.403e-09  9.528e-08 
  8.763e-04  2.138e-09 -1.658e-10  1.369e-08 
  9.863e-04  8.770e-10  8.275e-09 -1.868e-10  1.363e-08 
  4.336e-04 -5.011e-10 -1.073e-09 -3.024e-10 -1.778e-10  1.307e-08 
 -9.038e-04  5.173e-11 -1.731e-09  7.490e-10 -1.556e-10 -2.824e-10  1.310e-08 
  8.369e-07 -1.856e-13 -8.315e-14 -7.192e-13  3.002e-13  5.313e-13 -6.459e-13  3.179e-10 
  4.042e-07  4.072e-13  2.372e-12 -3.383e-13 -7.380e-14  6.408e-13  5.083e-13  1.563e-10  7.721e-11 
  3.980e-07 -8.635e-14  7.410e-14 -2.713e-13  9.788e-14  1.760e-13 -1.551e-13  2.114e-16 -1.380e-15  4.052e-13 
 -1.410e-07  3.315e-14 -1.710e-14  9.415e-14 -3.880e-14 -5.548e-14  6.235e-14  3.639e-16  5.014e-16  4.160e-14  5.444e-15 
  2.333e-01 -3.857e-07 -1.154e-06 -2.412e-07  2.155e-07 -1.526e-07 -5.053e-07  1.834e-04  9.024e-05  9.963e-10 -2.852e-10 
  2.333e-01 -3.857e-07 -1.154e-06 -2.412e-07  2.155e-07 -1.526e-07 -5.053e-07  1.834e-04  9.024e-05  9.963e-10 -2.852e-10  1.058e+02 
  3.867e+02 -9.694e-05  3.156e-05 -2.588e-04  1.167e-04  1.416e-04 -1.874e-04 -1.062e-06 -1.027e-06  4.879e-04  5.023e-05 
  3.867e+02 -9.694e-05  3.156e-05 -2.588e-04  1.167e-04  1.416e-04 -1.874e-04 -1.062e-06 -1.027e-06  4.879e-04  5.023e-05  1.128e+00  5.891e+05 
 PARAMETER  CORRELATION COEFFICIENTS  
       NO.  GLOBAL      1      3      4      6      8      9     10     11     13     14     16     18     19
        1  0.23140   1.000  0.207 -0.076  0.028  0.032  0.014 -0.030  0.000  0.000  0.002 -0.007  0.000  0.002
        3  0.28398   0.207  1.000  0.044  0.177  0.073 -0.042  0.004 -0.000  0.000 -0.001  0.004 -0.000 -0.001
        4  0.25601  -0.076  0.044  1.000 -0.005  0.230 -0.030 -0.049 -0.000  0.001  0.000 -0.001 -0.000  0.000
        6  0.19027   0.028  0.177 -0.005  1.000 -0.014 -0.023  0.056 -0.000 -0.000 -0.004  0.011 -0.000 -0.003
        8  0.24265   0.032  0.073  0.230 -0.014  1.000 -0.013 -0.012  0.000 -0.000  0.001 -0.005  0.000  0.001
        9  0.06847   0.014 -0.042 -0.030 -0.023 -0.013  1.000 -0.022  0.000  0.001  0.002 -0.007 -0.000  0.002
       10  0.08839  -0.030  0.004 -0.049  0.056 -0.012 -0.022  1.000 -0.000  0.001 -0.002  0.007 -0.000 -0.002
       11  0.99957   0.000 -0.000 -0.000 -0.000  0.000  0.000 -0.000  1.000  0.998  0.000  0.000  1.000 -0.000
       13  0.99821   0.000  0.000  0.001 -0.000 -0.000  0.001  0.001  0.998  1.000 -0.000  0.001  0.998 -0.000
       14  0.99857   0.002 -0.001  0.000 -0.004  0.001  0.002 -0.002  0.000 -0.000  1.000  0.886  0.000  0.999
       16  0.88803  -0.007  0.004 -0.001  0.011 -0.005 -0.007  0.007  0.000  0.001  0.886  1.000 -0.000  0.887
       18  0.99965   0.000 -0.000 -0.000 -0.000  0.000 -0.000 -0.000  1.000  0.998  0.000 -0.000  1.000  0.000
       19  0.99858   0.002 -0.001  0.000 -0.003  0.001  0.002 -0.002 -0.000 -0.000  0.999  0.887  0.000  1.000
 **********
 **   87 **MINO      2.5e+04
 **********
 FCN=161.313 FROM MINOS     STATUS=NEW MINIMU   2982 CALLS       13012 TOTAL
                     EDM= unknown      STRATEGY= 1      NO ERROR MATRIX       
  EXT PARAMETER                  PARABOLIC         MINOS ERRORS        
  NO.   NAME      VALUE            ERROR      NEGATIVE      POSITIVE   
   1  N0           3.17621e+06   2.63170e+02  -2.63314e+02   2.63288e+02
   2  tau          6.44104e+01   constant   
   3  A0           3.64887e-01   1.03293e-04  -1.03335e-04   1.03327e-04
   4  phi          4.11876e+00   3.08487e-04  -3.08680e-04   3.08669e-04
   5  R           -6.10656e+01   constant   
   6  alpha_CBO   -3.62283e-03   1.16800e-04  -1.16981e-04   1.16989e-04
   7  w_CBO        2.32720e+00   constant   
   8  beta_CBO     4.97133e-03   1.16713e-04  -1.16731e-04   1.16731e-04
   9  alpha_2CBO  -8.72629e-05   1.14235e-04  -1.14345e-04   1.14343e-04
  10  beta_2CBO    2.71093e-04   1.14393e-04  -1.14444e-04   1.14445e-04
  11  alpha_y      2.66735e-04   1.78311e-05                            
  12  w_y          1.44500e+01   constant   
  13  beta_y       1.32493e-04   3.23581e-05                            
  14  alpha_vw    -4.97404e-07   4.47235e-07                            
  15  w_vw         1.29000e+01   constant   
  16  beta_vw     -5.22326e-08   5.67011e-07                            
  17  LM           2.83187e-04   constant   
  18  zeta_y      -5.13380e-02   4.71294e-03                            
  19  zeta_vw      2.43452e+00   3.60617e+00                            
 NEW MINIMUM FOUND.  GO BACK TO MINIMIZATION STEP.
 =================================================
                                                  V
                                                  V
                                                  V
                                               VVVVVVV
                                                VVVVV
                                                 VVV
                                                  V

 START MIGRAD MINIMIZATION.  STRATEGY  1.  CONVERGENCE WHEN EDM .LT. 5.00e-05
 FCN=161.313 FROM MIGRAD    STATUS=INITIATE       28 CALLS       13040 TOTAL
                     EDM= unknown      STRATEGY= 1      NO ERROR MATRIX       
  EXT PARAMETER               CURRENT GUESS       STEP         FIRST   
  NO.   NAME      VALUE            ERROR          SIZE      DERIVATIVE 
   1  N0           3.17621e+06   2.63170e+02   6.13306e-02   1.99736e-07
   2  tau          6.44104e+01   constant   
   3  A0           3.64887e-01   1.03293e-04   7.80753e-09   5.04780e-01
   4  phi          4.11876e+00   3.08487e-04   1.02323e-07   4.32847e-01
   5  R           -6.10656e+01   constant   
   6  alpha_CBO   -3.62283e-03   1.16800e-04  -6.18110e-08  -1.48264e+00
   7  w_CBO        2.32720e+00   constant   
   8  beta_CBO     4.97133e-03   1.16713e-04   1.50875e-08   8.76711e-02
   9  alpha_2CBO  -8.72629e-05   1.14235e-04   6.80994e-08   1.62120e+00
  10  beta_2CBO    2.71093e-04   1.14393e-04  -2.02516e-08  -2.09779e-01
  11  alpha_y      2.66735e-04   1.78311e-05   1.78311e-05  -1.45110e+02
  12  w_y          1.44500e+01   constant   
  13  beta_y       1.32493e-04   3.23581e-05   5.06548e-08   4.51112e+01
  14  alpha_vw    -4.97404e-07   4.47235e-07  -2.53658e-09  -9.62303e+00
  15  w_vw         1.29000e+01   constant   
  16  beta_vw     -5.22326e-08   5.67011e-07  -3.19316e-09   4.05706e+03
  17  LM           2.83187e-04   constant   
  18  zeta_y      -5.13380e-02   4.71294e-03   1.58731e-05   2.87477e-01
  19  zeta_vw      2.43452e+00   3.60617e+00  -1.99196e-02  -2.66186e-04
 MIGRAD MINIMIZATION HAS CONVERGED.
 MIGRAD WILL VERIFY CONVERGENCE AND ERROR MATRIX.
 FCN=161.313 FROM HESSE     STATUS=NOT POSDEF    131 CALLS       13227 TOTAL
                     EDM=0.000330799    STRATEGY= 1      ERR MATRIX NOT POS-DEF
  EXT PARAMETER                APPROXIMATE        STEP         FIRST   
  NO.   NAME      VALUE            ERROR          SIZE      DERIVATIVE 
   1  N0           3.17621e+06   2.62966e+02   1.59194e+00  -1.61857e-07
   2  tau          6.44104e+01   constant   
   3  A0           3.64887e-01   1.03190e-04   6.16333e-07  -5.63344e-01
   4  phi          4.11876e+00   3.08267e-04   1.96398e-06  -3.72571e-01
   5  R           -6.10656e+01   constant   
   6  alpha_CBO   -3.62282e-03   1.16842e-04   7.14446e-07   9.79503e-01
   7  w_CBO        2.32720e+00   constant   
   8  beta_CBO     4.97133e-03   1.16579e-04   7.04456e-07   3.31076e-01
   9  alpha_2CBO  -8.72785e-05   1.14211e-04   7.09644e-07  -1.15682e+00
  10  beta_2CBO    2.71093e-04   1.14312e-04   7.09153e-07  -2.34453e-01
  11  alpha_y      2.66820e-04   4.51710e-04   2.02848e-07  -3.38879e+01
  12  w_y          1.44500e+01   constant   
  13  beta_y       1.32455e-04   2.27932e-04   2.03263e-07  -5.20202e+01
  14  alpha_vw    -4.97319e-07   6.88432e-06   3.32098e-09  -7.74966e+02
  15  w_vw         1.29000e+01   constant   
  16  beta_vw     -5.30333e-08   8.76184e-07   3.30565e-09  -1.68059e+03
  17  LM           2.83187e-04   constant   
  18  zeta_y      -5.13347e-02   6.76419e-02   2.71987e-05  -1.29973e-01
  19  zeta_vw      2.43590e+00   3.38589e+01   1.62483e-02   1.28095e-05
 MIGRAD MINIMIZATION HAS CONVERGED.
 MIGRAD WILL VERIFY CONVERGENCE AND ERROR MATRIX.
 COVARIANCE MATRIX CALCULATED SUCCESSFULLY
 FCN=161.296 FROM MIGRAD    STATUS=CONVERGED    1834 CALLS       14846 TOTAL
                     EDM=2.13344e-05    STRATEGY= 1      ERROR MATRIX ACCURATE 
  EXT PARAMETER                                   STEP         FIRST   
  NO.   NAME      VALUE            ERROR          SIZE      DERIVATIVE 
   1  N0           3.17621e+06   2.63893e+02   1.59185e+00   1.67379e-07
   2  tau          6.44104e+01   constant   
   3  A0           3.64887e-01   1.03382e-04   6.16301e-07   2.80376e-01
   4  phi          4.11876e+00   3.08714e-04   1.96398e-06   2.38742e-01
   5  R           -6.10656e+01   constant   
   6  alpha_CBO   -3.62355e-03   1.17558e-04   7.14409e-07  -9.15239e-01
   7  w_CBO        2.32720e+00   constant   
   8  beta_CBO     4.97162e-03   1.16826e-04   7.04420e-07  -1.73297e-01
   9  alpha_2CBO  -8.68198e-05   1.14573e-04   7.09607e-07   9.21800e-01
  10  beta_2CBO    2.70660e-04   1.14661e-04   7.09116e-07  -1.37049e-02
  11  alpha_y      6.79136e-04   6.63880e-03   5.18196e-07  -1.30778e+00
  12  w_y          1.44500e+01   constant   
  13  beta_y       3.41295e-04   3.40635e-03   5.18868e-07  -1.54212e+01
  14  alpha_vw    -1.83881e-07   5.06990e-06   1.22855e-09   2.89762e+02
  15  w_vw         1.29000e+01   constant   
  16  beta_vw     -1.88600e-08   5.28581e-07   1.22289e-09  -1.41903e+03
  17  LM           2.83187e-04   constant   
  18  zeta_y      -2.70670e-02   1.53562e-01   1.06474e-05   3.69414e-01
  19  zeta_vw      6.59585e+00   1.82072e+02   4.40179e-02  -2.95710e-05
 EXTERNAL ERROR MATRIX.    NDIM=  25    NPAR= 13    ERR DEF=1
 ELEMENTS ABOVE DIAGONAL ARE NOT PRINTED.
  6.964e+04 
  5.563e-03  1.069e-08 
 -6.092e-03  1.386e-09  9.530e-08 
  6.716e-04  2.176e-09 -2.248e-10  1.382e-08 
  1.069e-03  8.616e-10  8.299e-09 -2.415e-10  1.365e-08 
  5.614e-04 -5.248e-10 -1.036e-09 -3.863e-10 -1.437e-10  1.313e-08 
 -1.028e-03  7.479e-11 -1.767e-09  8.308e-10 -1.887e-10 -3.334e-10  1.315e-08 
  1.171e-01 -2.166e-08  3.411e-08 -7.693e-08  3.123e-08  4.804e-08 -4.663e-08  4.407e-05 
  6.011e-02 -1.119e-08  1.713e-08 -3.948e-08  1.606e-08  2.459e-08 -2.405e-08  2.261e-05  1.160e-05 
  3.575e-06 -8.265e-13  5.256e-13 -2.447e-12  9.060e-13  1.535e-12 -1.462e-12 -2.511e-10 -1.267e-10  2.570e-11 
 -5.165e-07  1.282e-13 -3.635e-14  3.444e-13 -1.449e-13 -1.985e-13  2.366e-13  4.773e-11  2.428e-11  2.483e-12  2.794e-13 
  2.711e+00 -4.992e-07  7.960e-07 -1.781e-06  7.220e-07  1.114e-06 -1.078e-06  1.019e-03  5.229e-04 -5.880e-09  1.119e-09 
  2.711e+00 -4.992e-07  7.960e-07 -1.781e-06  7.220e-07  1.114e-06 -1.078e-06  1.019e-03  5.229e-04 -5.880e-09  1.119e-09  2.358e-02 
  1.089e+02 -2.782e-05  7.879e-06 -7.386e-05  3.142e-05  4.152e-05 -5.125e-05 -1.026e-02 -5.223e-03  9.224e-04  8.924e-05 
  1.089e+02 -2.782e-05  7.879e-06 -7.386e-05  3.142e-05  4.152e-05 -5.125e-05 -1.026e-02 -5.223e-03  9.224e-04  8.924e-05 -2.407e-01  3.315e+04 
 PARAMETER  CORRELATION COEFFICIENTS  
       NO.  GLOBAL      1      3      4      6      8      9     10     11     13     14     16     18     19
        1  0.24038   1.000  0.204 -0.075  0.022  0.035  0.019 -0.034  0.067  0.067  0.003 -0.004  0.067  0.002
        3  0.28560   0.204  1.000  0.043  0.179  0.071 -0.044  0.006 -0.032 -0.032 -0.002  0.002 -0.031 -0.001
        4  0.25650  -0.075  0.043  1.000 -0.006  0.230 -0.029 -0.050  0.017  0.016  0.000 -0.000  0.017  0.000
        6  0.21350   0.022  0.179 -0.006  1.000 -0.018 -0.029  0.062 -0.099 -0.099 -0.004  0.006 -0.099 -0.003
        8  0.24578   0.035  0.071  0.230 -0.018  1.000 -0.011 -0.014  0.040  0.040  0.002 -0.002  0.040  0.001
        9  0.09302   0.019 -0.044 -0.029 -0.029 -0.011  1.000 -0.025  0.063  0.063  0.003 -0.003  0.063  0.002
       10  0.10749  -0.034  0.006 -0.050  0.062 -0.014 -0.025  1.000 -0.061 -0.062 -0.003  0.004 -0.061 -0.002
       11  0.99992   0.067 -0.032  0.017 -0.099  0.040  0.063 -0.061  1.000  1.000 -0.007  0.014  1.000 -0.008
       13  0.99970   0.067 -0.032  0.016 -0.099  0.040  0.063 -0.062  1.000  1.000 -0.007  0.013  1.000 -0.008
       14  0.99924   0.003 -0.002  0.000 -0.004  0.002  0.003 -0.003 -0.007 -0.007  1.000  0.927 -0.008  0.999
       16  0.92813  -0.004  0.002 -0.000  0.006 -0.002 -0.003  0.004  0.014  0.013  0.927  1.000  0.014  0.927
       18  0.99994   0.067 -0.031  0.017 -0.099  0.040  0.063 -0.061  1.000  1.000 -0.008  0.014  1.000 -0.009
       19  0.99925   0.002 -0.001  0.000 -0.003  0.001  0.002 -0.002 -0.008 -0.008  0.999  0.927 -0.009  1.000
 MIGRAD FAILS WITH STRATEGY=0.   WILL TRY WITH STRATEGY=1.
 FCN=161.232 FROM MINOS     STATUS=NEW MINIMU  10121 CALLS       24967 TOTAL
                     EDM= unknown      STRATEGY= 1      NO ERROR MATRIX       
  EXT PARAMETER                  PARABOLIC         MINOS ERRORS        
  NO.   NAME      VALUE            ERROR      NEGATIVE      POSITIVE   
   1  N0           3.17621e+06   2.60966e+02  -2.63252e+02   2.63423e+02
   2  tau          6.44104e+01   constant   
   3  A0           3.64887e-01   1.03279e-04  -1.03290e-04   1.03317e-04
   4  phi          4.11876e+00   3.08283e-04  -3.08698e-04   3.08646e-04
   5  R           -6.10656e+01   constant   
   6  alpha_CBO   -3.62320e-03   1.15223e-04  -1.17001e-04   1.17118e-04
   7  w_CBO        2.32720e+00   constant   
   8  beta_CBO     4.97147e-03   1.16716e-04  -1.16692e-04   1.16691e-04
   9  alpha_2CBO  -8.70121e-05   1.12675e-04  -1.14399e-04   1.14394e-04
  10  beta_2CBO    2.70945e-04   1.14406e-04  -1.14235e-04   1.14492e-04
  11  alpha_y      7.10372e-04   1.95825e-03  -3.28535e-03   3.17005e-03
  12  w_y          1.44500e+01   constant   
  13  beta_y       3.57186e-04   9.56650e-04  -1.43346e-03   1.78975e-03
  14  alpha_vw     7.68786e-05   5.06990e-06                            
  15  w_vw         1.29000e+01   constant   
  16  beta_vw     -2.16772e-06   1.51261e-07                            
  17  LM           2.83187e-04   constant   
  18  zeta_y      -2.63611e-02   4.12563e-02                            
  19  zeta_vw     -2.71493e-02   1.70136e-02                            
 NEW MINIMUM FOUND.  GO BACK TO MINIMIZATION STEP.
 =================================================
                                                  V
                                                  V
                                                  V
                                               VVVVVVV
                                                VVVVV
                                                 VVV
                                                  V

 START MIGRAD MINIMIZATION.  STRATEGY  1.  CONVERGENCE WHEN EDM .LT. 5.00e-05
 FCN=161.232 FROM MIGRAD    STATUS=INITIATE       28 CALLS       24995 TOTAL
                     EDM= unknown      STRATEGY= 1      NO ERROR MATRIX       
  EXT PARAMETER               CURRENT GUESS       STEP         FIRST   
  NO.   NAME      VALUE            ERROR          SIZE      DERIVATIVE 
   1  N0           3.17621e+06   2.60966e+02  -6.81218e-02  -9.28213e-07
   2  tau          6.44104e+01   constant   
   3  A0           3.64887e-01   1.03279e-04   5.14610e-09  -1.48808e-01
   4  phi          4.11876e+00   3.08283e-04  -3.91364e-08  -6.56752e-01
   5  R           -6.10656e+01   constant   
   6  alpha_CBO   -3.62320e-03   1.15223e-04   5.10683e-08   3.16227e+00
   7  w_CBO        2.32720e+00   constant   
   8  beta_CBO     4.97147e-03   1.16716e-04   1.45227e-09   4.58539e-01
   9  alpha_2CBO  -8.70121e-05   1.12675e-04  -5.55475e-08  -3.58271e+00
  10  beta_2CBO    2.70945e-04   1.14406e-04  -2.21423e-09  -6.15324e-01
  11  alpha_y      7.10372e-04   1.95825e-03   4.30240e-06  -1.33029e+01
  12  w_y          1.44500e+01   constant   
  13  beta_y       3.57186e-04   9.56650e-04   2.02684e-06  -2.34416e+01
  14  alpha_vw     7.68786e-05   5.06990e-06   5.06990e-06  -1.07383e+03
  15  w_vw         1.29000e+01   constant   
  16  beta_vw     -2.16772e-06   1.51261e-07  -3.31656e-10  -2.09045e+03
  17  LM           2.83187e-04   constant   
  18  zeta_y      -2.63611e-02   4.12563e-02   9.02739e-05   1.14993e+00
  19  zeta_vw     -2.71493e-02   1.70136e-02  -1.74203e-06  -7.04337e-04
 MIGRAD MINIMIZATION HAS CONVERGED.
 FCN=156.39 FROM MIGRAD    STATUS=CONVERGED    1395 CALLS       26362 TOTAL
                     EDM=7.29103e-07    STRATEGY= 1  ERROR MATRIX UNCERTAINTY   0.2 per cent
  EXT PARAMETER                                   STEP         FIRST   
  NO.   NAME      VALUE            ERROR          SIZE      DERIVATIVE 
   1  N0           3.17622e+06   2.59375e+02  -5.10468e-02  -1.42211e-06
   2  tau          6.44104e+01   constant   
   3  A0           3.64892e-01   9.99310e-05   2.84274e-08   2.51070e+00
   4  phi          4.11879e+00   2.89834e-04  -2.72535e-07  -2.01116e+00
   5  R           -6.10656e+01   constant   
   6  alpha_CBO   -3.62997e-03   1.15747e-04   9.24734e-08   2.04024e+00
   7  w_CBO        2.32720e+00   constant   
   8  beta_CBO     4.97144e-03   1.09125e-04   9.54270e-08   6.88549e+00
   9  alpha_2CBO  -7.71312e-05   1.14454e-04  -4.10538e-08  -1.34570e+00
  10  beta_2CBO    2.75933e-04   1.15343e-04   5.66985e-09  -1.20341e+00
  11  alpha_y      2.35141e-03   3.09580e-03   1.49497e-06  -5.98691e-01
  12  w_y          1.44500e+01   constant   
  13  beta_y       1.25010e-03   1.74160e-03   7.96906e-07  -1.50602e+00
  14  alpha_vw     6.84961e-03   3.44738e-03   7.47532e-07  -4.73205e-02
  15  w_vw         1.29000e+01   constant   
  16  beta_vw     -4.24501e-03   3.51032e-03   3.51109e-07  -7.04373e-02
  17  LM           2.83187e-04   constant   
  18  zeta_y      -1.58942e-02   5.98402e-03   1.00057e-06   5.29280e-01
  19  zeta_vw     -1.15300e-02   1.73418e-04   8.57276e-09   3.94991e-01
 EXTERNAL ERROR MATRIX.    NDIM=  25    NPAR= 13    ERR DEF=1
 ELEMENTS ABOVE DIAGONAL ARE NOT PRINTED.
  6.728e+04 
  4.655e-03  9.986e-09 
 -8.205e-03 -7.466e-10  8.400e-08 
  4.192e-04  1.686e-09 -5.747e-10  1.340e-08 
  2.832e-04 -1.788e-10  4.589e-09 -8.950e-10  1.191e-08 
  3.916e-04 -2.343e-10 -3.342e-10 -3.255e-11  2.673e-10  1.310e-08 
 -5.102e-04  1.497e-10 -1.124e-09  6.602e-10  1.239e-10 -3.074e-10  1.330e-08 
  2.125e-02  4.801e-09 -1.980e-08 -1.382e-09  2.978e-08  3.074e-09 -9.418e-09  9.584e-06 
  1.191e-02  2.576e-09 -1.309e-08 -7.768e-10  1.660e-08  1.610e-09 -5.561e-09  5.333e-06  3.033e-06 
  2.208e-02  6.259e-09  1.576e-08 -6.721e-10  9.293e-09  4.737e-09  3.103e-09  2.933e-06  1.644e-06  1.188e-05 
 -1.253e-02 -1.246e-08 -8.239e-08  1.097e-09 -8.551e-09 -1.298e-08 -7.467e-09  7.755e-07  4.365e-07 -3.614e-07  1.232e-05 
  4.116e-02  9.266e-09 -3.735e-08 -3.744e-09  5.629e-08  7.176e-09 -1.791e-08  1.845e-05  1.032e-05  5.630e-06  1.522e-06 
  4.116e-02  9.266e-09 -3.735e-08 -3.744e-09  5.629e-08  7.176e-09 -1.791e-08  1.845e-05  1.032e-05  5.630e-06  1.522e-06  3.581e-05 
  1.099e-03 -6.489e-12  1.420e-09 -6.090e-10  1.726e-10  7.150e-10 -7.857e-11  5.537e-09  5.353e-09  8.489e-08 -2.080e-07 
  1.099e-03 -6.489e-12  1.420e-09 -6.090e-10  1.726e-10  7.150e-10 -7.857e-11  5.537e-09  5.353e-09  8.489e-08 -2.080e-07  1.075e-08  3.007e-08 
 PARAMETER  CORRELATION COEFFICIENTS  
       NO.  GLOBAL      1      3      4      6      8      9     10     11     13     14     16     18     19
        1  0.21490   1.000  0.180 -0.109  0.014  0.010  0.013 -0.017  0.026  0.026  0.025 -0.014  0.027  0.024
        3  0.23490   0.180  1.000 -0.026  0.146 -0.016 -0.020  0.013  0.016  0.015  0.018 -0.036  0.015 -0.000
        4  0.20942  -0.109 -0.026  1.000 -0.017  0.145 -0.010 -0.034 -0.022 -0.026  0.016 -0.081 -0.022  0.028
        6  0.17251   0.014  0.146 -0.017  1.000 -0.071 -0.002  0.049 -0.004 -0.004 -0.002  0.003 -0.005 -0.030
        8  0.19118   0.010 -0.016  0.145 -0.071  1.000  0.021  0.010  0.088  0.087  0.025 -0.022  0.086  0.009
        9  0.06689   0.013 -0.020 -0.010 -0.002  0.021  1.000 -0.023  0.009  0.008  0.012 -0.032  0.010  0.036
       10  0.08244  -0.017  0.013 -0.034  0.049  0.010 -0.023  1.000 -0.026 -0.028  0.008 -0.018 -0.026 -0.004
       11  0.99616   0.026  0.016 -0.022 -0.004  0.088  0.009 -0.026  1.000  0.989  0.275  0.071  0.996  0.010
       13  0.99096   0.026  0.015 -0.026 -0.004  0.087  0.008 -0.028  0.989  1.000  0.274  0.071  0.990  0.018
       14  0.31015   0.025  0.018  0.016 -0.002  0.025  0.012  0.008  0.275  0.274  1.000 -0.030  0.273  0.142
       16  0.36118  -0.014 -0.036 -0.081  0.003 -0.022 -0.032 -0.018  0.071  0.071 -0.030  1.000  0.072 -0.342
       18  0.99667   0.027  0.015 -0.022 -0.005  0.086  0.010 -0.026  0.996  0.990  0.273  0.072  1.000  0.010
       19  0.37281   0.024 -0.000  0.028 -0.030  0.009  0.036 -0.004  0.010  0.018  0.142 -0.342  0.010  1.000
                         NEGATIVE MINOS ERROR NOT CALCULATED FOR PARAMETER 13
                         NEGATIVE MINOS ERROR NOT CALCULATED FOR PARAMETER 18
 FCN=156.39 FROM MINOS     STATUS=PROBLEMS    12695 CALLS       39057 TOTAL
                     EDM=7.29103e-07    STRATEGY= 1  ERROR MATRIX UNCERTAINTY   0.2 per cent
  EXT PARAMETER                  PARABOLIC         MINOS ERRORS        
  NO.   NAME      VALUE            ERROR      NEGATIVE      POSITIVE   
   1  N0           3.17622e+06   2.59375e+02  -2.63443e+02   2.63520e+02
   2  tau          6.44104e+01   constant   
   3  A0           3.64892e-01   9.99310e-05  -1.03405e-04   1.03371e-04
   4  phi          4.11879e+00   2.89834e-04  -3.08990e-04   3.09105e-04
   5  R           -6.10656e+01   constant   
   6  alpha_CBO   -3.62997e-03   1.15747e-04  -1.17177e-04   1.17137e-04
   7  w_CBO        2.32720e+00   constant   
   8  beta_CBO     4.97144e-03   1.09125e-04  -1.16789e-04   1.16714e-04
   9  alpha_2CBO  -7.71312e-05   1.14454e-04  -1.14495e-04   1.14518e-04
  10  beta_2CBO    2.75933e-04   1.15343e-04  -1.14510e-04   1.14515e-04
  11  alpha_y      2.35141e-03   3.09580e-03  -3.33233e-03   3.22759e-03
  12  w_y          1.44500e+01   constant   
  13  beta_y       1.25010e-03   1.74160e-03                 2.04638e-03
  14  alpha_vw     6.84961e-03   3.44738e-03  -3.45649e-03   3.53341e-03
  15  w_vw         1.29000e+01   constant   
  16  beta_vw     -4.24501e-03   3.51032e-03  -3.52150e-03   3.41887e-03
  17  LM           2.83187e-04   constant   
  18  zeta_y      -1.58942e-02   5.98402e-03                 2.63530e-03
  19  zeta_vw     -1.15300e-02   1.73418e-04  -2.26570e-04   1.68128e-04
 **********
 **   88 **SHO COR 
 **********
 PARAMETER  CORRELATION COEFFICIENTS  
       NO.  GLOBAL      1      3      4      6      8      9     10     11     13     14     16     18     19
        1  0.21490   1.000  0.180 -0.109  0.014  0.010  0.013 -0.017  0.026  0.026  0.025 -0.014  0.027  0.024
        3  0.23490   0.180  1.000 -0.026  0.146 -0.016 -0.020  0.013  0.016  0.015  0.018 -0.036  0.015 -0.000
        4  0.20942  -0.109 -0.026  1.000 -0.017  0.145 -0.010 -0.034 -0.022 -0.026  0.016 -0.081 -0.022  0.028
        6  0.17251   0.014  0.146 -0.017  1.000 -0.071 -0.002  0.049 -0.004 -0.004 -0.002  0.003 -0.005 -0.030
        8  0.19118   0.010 -0.016  0.145 -0.071  1.000  0.021  0.010  0.088  0.087  0.025 -0.022  0.086  0.009
        9  0.06689   0.013 -0.020 -0.010 -0.002  0.021  1.000 -0.023  0.009  0.008  0.012 -0.032  0.010  0.036
       10  0.08244  -0.017  0.013 -0.034  0.049  0.010 -0.023  1.000 -0.026 -0.028  0.008 -0.018 -0.026 -0.004
       11  0.99616   0.026  0.016 -0.022 -0.004  0.088  0.009 -0.026  1.000  0.989  0.275  0.071  0.996  0.010
       13  0.99096   0.026  0.015 -0.026 -0.004  0.087  0.008 -0.028  0.989  1.000  0.274  0.071  0.990  0.018
       14  0.31015   0.025  0.018  0.016 -0.002  0.025  0.012  0.008  0.275  0.274  1.000 -0.030  0.273  0.142
       16  0.36118  -0.014 -0.036 -0.081  0.003 -0.022 -0.032 -0.018  0.071  0.071 -0.030  1.000  0.072 -0.342
       18  0.99667   0.027  0.015 -0.022 -0.005  0.086  0.010 -0.026  0.996  0.990  0.273  0.072  1.000  0.010
       19  0.37281   0.024 -0.000  0.028 -0.030  0.009  0.036 -0.004  0.010  0.018  0.142 -0.342  0.010  1.000
 ELEMENTS ABOVE DIAGONAL ARE NOT PRINTED.
