 + ++++++++++++++++++++++++++++++++++++++++++++++++++++++++++++++++++++ +
 +                                                                      +
 +           You have chose to blind your fitting according to          +
 +                omega_ref * (1 + (R +/- deltaR) *10^{-6})             +
 +                                                                      +
 + ++++++++++++++++++++++++++++++++++++++++++++++++++++++++++++++++++++ +
In main()...
reading format from /gm2data/zkhechad/run45/envelope/formats/formatB_sBin_constraintOn.txt
pBinTau 	= 0  
pBinPhi 	= 0  
constraintau 	= 1 
includeMopTerm 	= 0    
constrainMop    = 0   
Parameters after format file: pBinTau 0 pBinPhi 0 constraintau 1 includeMopTerm 0 constrainMop 0 c_e_scale 0.000000 
Opening file /gm2data/tbarrett/gm2fr/studies/run23_bunch_corrections/CorrectedFourier_Run3b.root.
reading full fit data from /gm2data/zkhechad/cboTemplates/Run4CBOTemplates/fullFits/noRF/sBin_constraintOn_cE0.0_seed0_noRF_calo1.root
windowBins = 70
fitting sliding window 1680 from bin 1883 at 280.943600 to bin 1953 at 291.387600 (70 bins)

Reading data from /gm2data/cornell/histograms/aMethod/histogram_a_noRF.root
 **********
 **    1 **SET PRINTOUT            1
 **********
 **********
 **    2 **SET NOWARNINGS 
 **********
 PARAMETER DEFINITIONS:
    NO.   NAME         VALUE      STEP SIZE      LIMITS
     1 N0           3.52428e+06  1.00000e+02     no limits
     2 tau          6.43984e+01  constant
     3 A0           3.54701e-01  1.00000e-04     no limits
     4 phi          4.12300e+00  1.00000e-02     no limits
     5 R           -6.09103e+01  constant
     6 alpha_CBO    0.00000e+00  1.00000e-03     no limits
     7 w_CBO        2.32756e+00  constant
     8 beta_CBO     0.00000e+00  1.00000e-03     no limits
     9 alpha_2CBO   0.00000e+00  1.00000e-03     no limits
    10 beta_2CBO    0.00000e+00  1.00000e-03     no limits
    11 alpha_y      0.00000e+00  1.00000e-03     no limits
    12 w_y          1.44500e+01  constant
    13 beta_y       0.00000e+00  1.00000e-03     no limits
    14 alpha_vw     0.00000e+00  1.00000e-03     no limits
    15 w_vw         1.29000e+01  constant
    16 beta_vw      0.00000e+00  1.00000e-03     no limits
    17 LM          -1.35007e-04  constant
    18 zeta_y       0.00000e+00  constant
    19 zeta_vw      0.00000e+00  constant
MINUIT - FIT ONLY WIGGLE
 **********
 **    3 **FIX            5
 **********
 PARAMETER    5  IS CONSTANT.   IGNORED.
 **********
 **    4 **FIX            6
 **********
 **********
 **    5 **FIX            7
 **********
 PARAMETER    7  IS CONSTANT.   IGNORED.
 **********
 **    6 **FIX            8
 **********
 **********
 **    7 **FIX            9
 **********
 **********
 **    8 **FIX           10
 **********
 **********
 **    9 **FIX           11
 **********
 **********
 **   10 **FIX           12
 **********
 PARAMETER   12  IS CONSTANT.   IGNORED.
 **********
 **   11 **FIX           13
 **********
 **********
 **   12 **FIX           14
 **********
 **********
 **   13 **FIX           15
 **********
 PARAMETER   15  IS CONSTANT.   IGNORED.
 **********
 **   14 **FIX           16
 **********
 **********
 **   15 **MIGRAD
 **********
 FIRST CALL TO USER FUNCTION AT NEW START POINT, WITH IFLAG=4.
 START MIGRAD MINIMIZATION.  STRATEGY  1.  CONVERGENCE WHEN EDM .LT. 1.00e-04
 FCN=113.232 FROM MIGRAD    STATUS=INITIATE       12 CALLS          13 TOTAL
                     EDM= unknown      STRATEGY= 1      NO ERROR MATRIX       
  EXT PARAMETER               CURRENT GUESS       STEP         FIRST   
  NO.   NAME      VALUE            ERROR          SIZE      DERIVATIVE 
   1  N0           3.52428e+06   1.00000e+02   1.00000e+02  -1.23690e-03
   2  tau          6.43984e+01   constant   
   3  A0           3.54701e-01   1.00000e-04   1.00000e-04  -1.61207e+03
   4  phi          4.12300e+00   1.00000e-02   1.00000e-02   2.33345e+03
   5  R           -6.09103e+01   constant   
   6  alpha_CBO    0.00000e+00     fixed    
   7  w_CBO        2.32756e+00   constant   
   8  beta_CBO     0.00000e+00     fixed    
   9  alpha_2CBO   0.00000e+00     fixed    
  10  beta_2CBO    0.00000e+00     fixed    
  11  alpha_y      0.00000e+00     fixed    
  12  w_y          1.44500e+01   constant   
  13  beta_y       0.00000e+00     fixed    
  14  alpha_vw     0.00000e+00     fixed    
  15  w_vw         1.29000e+01   constant   
  16  beta_vw      0.00000e+00     fixed    
  17  LM          -1.35007e-04   constant   
  18  zeta_y       0.00000e+00   constant   
  19  zeta_vw      0.00000e+00   constant   
 MIGRAD MINIMIZATION HAS CONVERGED.
 MIGRAD WILL VERIFY CONVERGENCE AND ERROR MATRIX.
 COVARIANCE MATRIX CALCULATED SUCCESSFULLY
 FCN=109.992 FROM MIGRAD    STATUS=CONVERGED      51 CALLS          52 TOTAL
                     EDM=5.47023e-08    STRATEGY= 1      ERROR MATRIX ACCURATE 
  EXT PARAMETER                                   STEP         FIRST   
  NO.   NAME      VALUE            ERROR          SIZE      DERIVATIVE 
   1  N0           3.52501e+06   1.28681e+03   6.40706e+00   8.12540e-08
   2  tau          6.43984e+01   constant   
   3  A0           3.54865e-01   4.96685e-04   2.55110e-06  -6.19255e-01
   4  phi          4.12073e+00   1.44181e-03   7.35805e-06  -2.39600e-02
   5  R           -6.09103e+01   constant   
   6  alpha_CBO    0.00000e+00     fixed    
   7  w_CBO        2.32756e+00   constant   
   8  beta_CBO     0.00000e+00     fixed    
   9  alpha_2CBO   0.00000e+00     fixed    
  10  beta_2CBO    0.00000e+00     fixed    
  11  alpha_y      0.00000e+00     fixed    
  12  w_y          1.44500e+01   constant   
  13  beta_y       0.00000e+00     fixed    
  14  alpha_vw     0.00000e+00     fixed    
  15  w_vw         1.29000e+01   constant   
  16  beta_vw      0.00000e+00     fixed    
  17  LM          -1.35007e-04   constant   
  18  zeta_y       0.00000e+00   constant   
  19  zeta_vw      0.00000e+00   constant   
 EXTERNAL ERROR MATRIX.    NDIM=  25    NPAR=  3    ERR DEF=1
  1.656e+06 -3.118e-02  2.283e-01 
 -3.118e-02  2.467e-07  1.441e-08 
  2.283e-01  1.441e-08  2.079e-06 
 PARAMETER  CORRELATION COEFFICIENTS  
       NO.  GLOBAL      1      3      4
        1  0.13329   1.000 -0.049  0.123
        3  0.05544  -0.049  1.000  0.020
        4  0.12578   0.123  0.020  1.000
MINUIT - FIT ONLY 1-CBO + wiggle
 **********
 **   16 **RES 
 **********
                   PARAMETER   16  beta_vw RESTORED TO VARIABLE.
                   PARAMETER   14  alpha_vw RESTORED TO VARIABLE.
                   PARAMETER   13  beta_y RESTORED TO VARIABLE.
                   PARAMETER   11  alpha_y RESTORED TO VARIABLE.
                   PARAMETER   10  beta_2CBO RESTORED TO VARIABLE.
                   PARAMETER    9  alpha_2CBO RESTORED TO VARIABLE.
                   PARAMETER    8  beta_CBO RESTORED TO VARIABLE.
                   PARAMETER    6  alpha_CBO RESTORED TO VARIABLE.
 **********
 **   17 **FIX            8
 **********
 **********
 **   18 **FIX            9
 **********
 **********
 **   19 **FIX           11
 **********
 **********
 **   20 **FIX           12
 **********
 PARAMETER   12  IS CONSTANT.   IGNORED.
 **********
 **   21 **FIX           14
 **********
 **********
 **   22 **FIX           15
 **********
 PARAMETER   15  IS CONSTANT.   IGNORED.
 **********
 **   23 **FIX           16
 **********
 **********
 **   24 **MIGRAD
 **********
 START MIGRAD MINIMIZATION.  STRATEGY  1.  CONVERGENCE WHEN EDM .LT. 1.00e-04
 FCN=109.992 FROM MIGRAD    STATUS=INITIATE       18 CALLS          70 TOTAL
                     EDM= unknown      STRATEGY= 1      NO ERROR MATRIX       
  EXT PARAMETER               CURRENT GUESS       STEP         FIRST   
  NO.   NAME      VALUE            ERROR          SIZE      DERIVATIVE 
   1  N0           3.52501e+06   1.28681e+03   6.40706e+00   8.12542e-08
   2  tau          6.43984e+01   constant   
   3  A0           3.54865e-01   4.96685e-04   2.55110e-06  -6.19254e-01
   4  phi          4.12073e+00   1.44181e-03   7.35805e-06  -2.39598e-02
   5  R           -6.09103e+01   constant   
   6  alpha_CBO    0.00000e+00   1.00000e-03   1.00000e-03   2.01982e+04
   7  w_CBO        2.32756e+00   constant   
   8  beta_CBO     0.00000e+00     fixed    
   9  alpha_2CBO   0.00000e+00     fixed    
  10  beta_2CBO    0.00000e+00   1.00000e-03   1.00000e-03  -1.02220e+03
  11  alpha_y      0.00000e+00     fixed    
  12  w_y          1.44500e+01   constant   
  13  beta_y       0.00000e+00   1.00000e-03   1.00000e-03   7.43691e+03
  14  alpha_vw     0.00000e+00     fixed    
  15  w_vw         1.29000e+01   constant   
  16  beta_vw      0.00000e+00     fixed    
  17  LM          -1.35007e-04   constant   
  18  zeta_y       0.00000e+00   constant   
  19  zeta_vw      0.00000e+00   constant   
 MIGRAD MINIMIZATION HAS CONVERGED.
 MIGRAD WILL VERIFY CONVERGENCE AND ERROR MATRIX.
 COVARIANCE MATRIX CALCULATED SUCCESSFULLY
 FCN=77.7046 FROM MIGRAD    STATUS=CONVERGED     110 CALLS         162 TOTAL
                     EDM=4.96103e-07    STRATEGY= 1      ERROR MATRIX ACCURATE 
  EXT PARAMETER                                   STEP         FIRST   
  NO.   NAME      VALUE            ERROR          SIZE      DERIVATIVE 
   1  N0           3.52462e+06   1.28893e+03   5.39469e+00  -4.41576e-07
   2  tau          6.43984e+01   constant   
   3  A0           3.54443e-01   5.03170e-04   2.14859e-06   2.76697e-01
   4  phi          4.12129e+00   1.44959e-03   6.20404e-06  -3.81379e-01
   5  R           -6.09103e+01   constant   
   6  alpha_CBO   -2.82826e-03   5.28882e-04   2.24992e-06  -3.42617e-01
   7  w_CBO        2.32756e+00   constant   
   8  beta_CBO     0.00000e+00     fixed    
   9  alpha_2CBO   0.00000e+00     fixed    
  10  beta_2CBO    1.96877e-04   5.10717e-04   2.20738e-06  -5.23033e-01
  11  alpha_y      0.00000e+00     fixed    
  12  w_y          1.44500e+01   constant   
  13  beta_y      -9.75626e-04   5.10835e-04   2.21276e-06   7.91523e-01
  14  alpha_vw     0.00000e+00     fixed    
  15  w_vw         1.29000e+01   constant   
  16  beta_vw      0.00000e+00     fixed    
  17  LM          -1.35007e-04   constant   
  18  zeta_y       0.00000e+00   constant   
  19  zeta_vw      0.00000e+00   constant   
 EXTERNAL ERROR MATRIX.    NDIM=  25    NPAR=  6    ERR DEF=1
  1.661e+06 -2.584e-02  2.198e-01  3.854e-02 -1.094e-02  1.240e-03 
 -2.584e-02  2.532e-07  6.830e-09  4.186e-08  5.123e-09  4.960e-10 
  2.198e-01  6.830e-09  2.101e-06 -5.466e-08  4.180e-08  2.584e-09 
  3.854e-02  4.186e-08 -5.466e-08  2.797e-07 -5.638e-09  4.384e-10 
 -1.094e-02  5.123e-09  4.180e-08 -5.638e-09  2.608e-07 -1.855e-09 
  1.240e-03  4.960e-10  2.584e-09  4.384e-10 -1.855e-09  2.610e-07 
 PARAMETER  CORRELATION COEFFICIENTS  
       NO.  GLOBAL      1      3      4      6     10     13
        1  0.14567   1.000 -0.040  0.118  0.057 -0.017  0.002
        3  0.16819  -0.040  1.000  0.009  0.157  0.020  0.002
        4  0.15442   0.118  0.009  1.000 -0.071  0.056  0.003
        6  0.18856   0.057  0.157 -0.071  1.000 -0.021  0.002
       10  0.06691  -0.017  0.020  0.056 -0.021  1.000 -0.007
       13  0.00858   0.002  0.002  0.003  0.002 -0.007  1.000
MINUIT - FIT ONLY 2-CBO
 **********
 **   25 **RES 
 **********
                   PARAMETER   16  beta_vw RESTORED TO VARIABLE.
                   PARAMETER   14  alpha_vw RESTORED TO VARIABLE.
                   PARAMETER   11  alpha_y RESTORED TO VARIABLE.
                   PARAMETER    9  alpha_2CBO RESTORED TO VARIABLE.
                   PARAMETER    8  beta_CBO RESTORED TO VARIABLE.
 **********
 **   26 **FIX            0
 **********
 PARAMETER    0  IS UNDEFINED. IGNORED.
 **********
 **   27 **FIX            1
 **********
 **********
 **   28 **FIX            2
 **********
 PARAMETER    2  IS CONSTANT.   IGNORED.
 **********
 **   29 **FIX            3
 **********
 **********
 **   30 **FIX            4
 **********
 **********
 **   31 **FIX            5
 **********
 PARAMETER    5  IS CONSTANT.   IGNORED.
 **********
 **   32 **FIX            6
 **********
 **********
 **   33 **FIX            7
 **********
 PARAMETER    7  IS CONSTANT.   IGNORED.
 **********
 **   34 **FIX           10
 **********
 **********
 **   35 **FIX           11
 **********
 **********
 **   36 **FIX           12
 **********
 PARAMETER   12  IS CONSTANT.   IGNORED.
 **********
 **   37 **FIX           13
 **********
 **********
 **   38 **FIX           14
 **********
 **********
 **   39 **FIX           15
 **********
 PARAMETER   15  IS CONSTANT.   IGNORED.
 **********
 **   40 **FIX           16
 **********
 **********
 **   41 **MIGRAD
 **********
 START MIGRAD MINIMIZATION.  STRATEGY  1.  CONVERGENCE WHEN EDM .LT. 1.00e-04
 FCN=77.7046 FROM MIGRAD    STATUS=INITIATE        8 CALLS         170 TOTAL
                     EDM= unknown      STRATEGY= 1      NO ERROR MATRIX       
  EXT PARAMETER               CURRENT GUESS       STEP         FIRST   
  NO.   NAME      VALUE            ERROR          SIZE      DERIVATIVE 
   1  N0           3.52462e+06     fixed    
   2  tau          6.43984e+01   constant   
   3  A0           3.54443e-01     fixed    
   4  phi          4.12129e+00     fixed    
   5  R           -6.09103e+01   constant   
   6  alpha_CBO   -2.82826e-03     fixed    
   7  w_CBO        2.32756e+00   constant   
   8  beta_CBO     0.00000e+00   1.00000e-03   1.00000e-03  -7.97139e+03
   9  alpha_2CBO   0.00000e+00   1.00000e-03   1.00000e-03   3.93029e+03
  10  beta_2CBO    1.96877e-04     fixed    
  11  alpha_y      0.00000e+00     fixed    
  12  w_y          1.44500e+01   constant   
  13  beta_y      -9.75626e-04     fixed    
  14  alpha_vw     0.00000e+00     fixed    
  15  w_vw         1.29000e+01   constant   
  16  beta_vw      0.00000e+00     fixed    
  17  LM          -1.35007e-04   constant   
  18  zeta_y       0.00000e+00   constant   
  19  zeta_vw      0.00000e+00   constant   
 MIGRAD MINIMIZATION HAS CONVERGED.
 MIGRAD WILL VERIFY CONVERGENCE AND ERROR MATRIX.
 COVARIANCE MATRIX CALCULATED SUCCESSFULLY
 FCN=72.5489 FROM MIGRAD    STATUS=CONVERGED      28 CALLS         190 TOTAL
                     EDM=6.05191e-07    STRATEGY= 1      ERROR MATRIX ACCURATE 
  EXT PARAMETER                                   STEP         FIRST   
  NO.   NAME      VALUE            ERROR          SIZE      DERIVATIVE 
   1  N0           3.52462e+06     fixed    
   2  tau          6.43984e+01   constant   
   3  A0           3.54443e-01     fixed    
   4  phi          4.12129e+00     fixed    
   5  R           -6.09103e+01   constant   
   6  alpha_CBO   -2.82826e-03     fixed    
   7  w_CBO        2.32756e+00   constant   
   8  beta_CBO     1.02591e-03   5.04517e-04   2.11214e-06  -9.87883e-01
   9  alpha_2CBO  -5.42878e-04   5.14039e-04   2.15200e-06  -1.93008e+00
  10  beta_2CBO    1.96877e-04     fixed    
  11  alpha_y      0.00000e+00     fixed    
  12  w_y          1.44500e+01   constant   
  13  beta_y      -9.75626e-04     fixed    
  14  alpha_vw     0.00000e+00     fixed    
  15  w_vw         1.29000e+01   constant   
  16  beta_vw      0.00000e+00     fixed    
  17  LM          -1.35007e-04   constant   
  18  zeta_y       0.00000e+00   constant   
  19  zeta_vw      0.00000e+00   constant   
 EXTERNAL ERROR MATRIX.    NDIM=  25    NPAR=  2    ERR DEF=1
  2.545e-07 -5.862e-09 
 -5.862e-09  2.642e-07 
 PARAMETER  CORRELATION COEFFICIENTS  
       NO.  GLOBAL      8      9
        8  0.02260   1.000 -0.023
        9  0.02260  -0.023  1.000
MINUIT - FIT wiggle + 1-CBO + 2-CBO
 **********
 **   42 **RES 
 **********
                   PARAMETER   16  beta_vw RESTORED TO VARIABLE.
                   PARAMETER   14  alpha_vw RESTORED TO VARIABLE.
                   PARAMETER   13  beta_y RESTORED TO VARIABLE.
                   PARAMETER   11  alpha_y RESTORED TO VARIABLE.
                   PARAMETER   10  beta_2CBO RESTORED TO VARIABLE.
                   PARAMETER    6  alpha_CBO RESTORED TO VARIABLE.
                   PARAMETER    4  phi RESTORED TO VARIABLE.
                   PARAMETER    3  A0 RESTORED TO VARIABLE.
                   PARAMETER    1  N0 RESTORED TO VARIABLE.
 **********
 **   43 **FIX           10
 **********
 **********
 **   44 **FIX           11
 **********
 **********
 **   45 **FIX           12
 **********
 PARAMETER   12  IS CONSTANT.   IGNORED.
 **********
 **   46 **FIX           13
 **********
 **********
 **   47 **FIX           14
 **********
 **********
 **   48 **FIX           15
 **********
 PARAMETER   15  IS CONSTANT.   IGNORED.
 **********
 **   49 **FIX           16
 **********
 **********
 **   50 **MIGRAD
 **********
 START MIGRAD MINIMIZATION.  STRATEGY  1.  CONVERGENCE WHEN EDM .LT. 1.00e-04
 FCN=72.5489 FROM MIGRAD    STATUS=INITIATE       12 CALLS         202 TOTAL
                     EDM= unknown      STRATEGY= 1      NO ERROR MATRIX       
  EXT PARAMETER               CURRENT GUESS       STEP         FIRST   
  NO.   NAME      VALUE            ERROR          SIZE      DERIVATIVE 
   1  N0           3.52462e+06   1.28893e+03   1.28893e+03   5.84123e-05
   2  tau          6.43984e+01   constant   
   3  A0           3.54443e-01   5.03170e-04   5.03170e-04  -9.67886e+02
   4  phi          4.12129e+00   1.44959e-03   1.44959e-03  -5.56478e+02
   5  R           -6.09103e+01   constant   
   6  alpha_CBO   -2.82826e-03   5.28882e-04   5.28882e-04   4.01686e+02
   7  w_CBO        2.32756e+00   constant   
   8  beta_CBO     1.02591e-03   5.04517e-04   2.11214e-06  -9.87883e-01
   9  alpha_2CBO  -5.42878e-04   5.14039e-04   2.15200e-06  -1.93008e+00
  10  beta_2CBO    1.96877e-04     fixed    
  11  alpha_y      0.00000e+00     fixed    
  12  w_y          1.44500e+01   constant   
  13  beta_y      -9.75626e-04     fixed    
  14  alpha_vw     0.00000e+00     fixed    
  15  w_vw         1.29000e+01   constant   
  16  beta_vw      0.00000e+00     fixed    
  17  LM          -1.35007e-04   constant   
  18  zeta_y       0.00000e+00   constant   
  19  zeta_vw      0.00000e+00   constant   
 MIGRAD MINIMIZATION HAS CONVERGED.
 MIGRAD WILL VERIFY CONVERGENCE AND ERROR MATRIX.
 COVARIANCE MATRIX CALCULATED SUCCESSFULLY
 FCN=72.3033 FROM MIGRAD    STATUS=CONVERGED      93 CALLS         283 TOTAL
                     EDM=2.08703e-06    STRATEGY= 1      ERROR MATRIX ACCURATE 
  EXT PARAMETER                                   STEP         FIRST   
  NO.   NAME      VALUE            ERROR          SIZE      DERIVATIVE 
   1  N0           3.52462e+06   1.29033e+03   5.20628e+00  -2.55034e-07
   2  tau          6.43984e+01   constant   
   3  A0           3.54568e-01   5.09193e-04   2.07336e-06  -2.12577e+00
   4  phi          4.12192e+00   1.47788e-03   5.98507e-06   3.99700e-01
   5  R           -6.09103e+01   constant   
   6  alpha_CBO   -2.88054e-03   5.30519e-04   2.17139e-06  -9.70396e-02
   7  w_CBO        2.32756e+00   constant   
   8  beta_CBO     1.08844e-03   5.20609e-04   2.10864e-06   8.99165e-02
   9  alpha_2CBO  -5.41493e-04   5.16633e-04   2.14844e-06  -2.99866e+00
  10  beta_2CBO    1.96877e-04     fixed    
  11  alpha_y      0.00000e+00     fixed    
  12  w_y          1.44500e+01   constant   
  13  beta_y      -9.75626e-04     fixed    
  14  alpha_vw     0.00000e+00     fixed    
  15  w_vw         1.29000e+01   constant   
  16  beta_vw      0.00000e+00     fixed    
  17  LM          -1.35007e-04   constant   
  18  zeta_y       0.00000e+00   constant   
  19  zeta_vw      0.00000e+00   constant   
 EXTERNAL ERROR MATRIX.    NDIM=  25    NPAR=  6    ERR DEF=1
  1.665e+06 -2.201e-02  2.298e-01  4.070e-02  1.314e-02  2.980e-02 
 -2.201e-02  2.593e-07  2.847e-08  4.285e-08  3.845e-08  1.405e-08 
  2.298e-01  2.847e-08  2.184e-06 -5.477e-08  1.571e-07  2.125e-10 
  4.070e-02  4.285e-08 -5.477e-08  2.815e-07 -2.184e-09  2.218e-08 
  1.314e-02  3.845e-08  1.571e-07 -2.184e-09  2.710e-07 -4.188e-09 
  2.980e-02  1.405e-08  2.125e-10  2.218e-08 -4.188e-09  2.669e-07 
 PARAMETER  CORRELATION COEFFICIENTS  
       NO.  GLOBAL      1      3      4      6      8      9
        1  0.15276   1.000 -0.033  0.120  0.059  0.020  0.045
        3  0.22655  -0.033  1.000  0.038  0.159  0.145  0.053
        4  0.24817   0.120  0.038  1.000 -0.070  0.204  0.000
        6  0.20362   0.059  0.159 -0.070  1.000 -0.008  0.081
        8  0.24764   0.020  0.145  0.204 -0.008  1.000 -0.016
        9  0.10244   0.045  0.053  0.000  0.081 -0.016  1.000
MINUIT - FIT ONLY 1-y
 **********
 **   51 **RES 
 **********
                   PARAMETER   16  beta_vw RESTORED TO VARIABLE.
                   PARAMETER   14  alpha_vw RESTORED TO VARIABLE.
                   PARAMETER   13  beta_y RESTORED TO VARIABLE.
                   PARAMETER   11  alpha_y RESTORED TO VARIABLE.
                   PARAMETER   10  beta_2CBO RESTORED TO VARIABLE.
 **********
 **   52 **FIX            0
 **********
 PARAMETER    0  IS UNDEFINED. IGNORED.
 **********
 **   53 **FIX            1
 **********
 **********
 **   54 **FIX            2
 **********
 PARAMETER    2  IS CONSTANT.   IGNORED.
 **********
 **   55 **FIX            3
 **********
 **********
 **   56 **FIX            4
 **********
 **********
 **   57 **FIX            5
 **********
 PARAMETER    5  IS CONSTANT.   IGNORED.
 **********
 **   58 **FIX            6
 **********
 **********
 **   59 **FIX            7
 **********
 PARAMETER    7  IS CONSTANT.   IGNORED.
 **********
 **   60 **FIX            8
 **********
 **********
 **   61 **FIX            9
 **********
 **********
 **   62 **FIX           13
 **********
 **********
 **   63 **FIX           14
 **********
 **********
 **   64 **FIX           15
 **********
 PARAMETER   15  IS CONSTANT.   IGNORED.
 **********
 **   65 **FIX           16
 **********
 **********
 **   66 **MIGRAD
 **********
 START MIGRAD MINIMIZATION.  STRATEGY  1.  CONVERGENCE WHEN EDM .LT. 1.00e-04
 FCN=72.3033 FROM MIGRAD    STATUS=INITIATE        6 CALLS         289 TOTAL
                     EDM= unknown      STRATEGY= 1      NO ERROR MATRIX       
  EXT PARAMETER               CURRENT GUESS       STEP         FIRST   
  NO.   NAME      VALUE            ERROR          SIZE      DERIVATIVE 
   1  N0           3.52462e+06     fixed    
   2  tau          6.43984e+01   constant   
   3  A0           3.54568e-01     fixed    
   4  phi          4.12192e+00     fixed    
   5  R           -6.09103e+01   constant   
   6  alpha_CBO   -2.88054e-03     fixed    
   7  w_CBO        2.32756e+00   constant   
   8  beta_CBO     1.08844e-03     fixed    
   9  alpha_2CBO  -5.41493e-04     fixed    
  10  beta_2CBO    1.96877e-04   5.10717e-04   5.10717e-04  -4.62151e+02
  11  alpha_y      0.00000e+00   1.00000e-03   1.00000e-03  -1.13432e+04
  12  w_y          1.44500e+01   constant   
  13  beta_y      -9.75626e-04     fixed    
  14  alpha_vw     0.00000e+00     fixed    
  15  w_vw         1.29000e+01   constant   
  16  beta_vw      0.00000e+00     fixed    
  17  LM          -1.35007e-04   constant   
  18  zeta_y       0.00000e+00   constant   
  19  zeta_vw      0.00000e+00   constant   
 MIGRAD MINIMIZATION HAS CONVERGED.
 MIGRAD WILL VERIFY CONVERGENCE AND ERROR MATRIX.
 COVARIANCE MATRIX CALCULATED SUCCESSFULLY
 FCN=63.852 FROM MIGRAD    STATUS=CONVERGED      26 CALLS         309 TOTAL
                     EDM=7.99625e-08    STRATEGY= 1      ERROR MATRIX ACCURATE 
  EXT PARAMETER                                   STEP         FIRST   
  NO.   NAME      VALUE            ERROR          SIZE      DERIVATIVE 
   1  N0           3.52462e+06     fixed    
   2  tau          6.43984e+01   constant   
   3  A0           3.54568e-01     fixed    
   4  phi          4.12192e+00     fixed    
   5  R           -6.09103e+01   constant   
   6  alpha_CBO   -2.88054e-03     fixed    
   7  w_CBO        2.32756e+00   constant   
   8  beta_CBO     1.08844e-03     fixed    
   9  alpha_2CBO  -5.41493e-04     fixed    
  10  beta_2CBO    2.22881e-04   5.09737e-04   2.00384e-06   7.82720e-01
  11  alpha_y      1.48903e-03   5.12629e-04   2.01521e-06  -3.80191e-02
  12  w_y          1.44500e+01   constant   
  13  beta_y      -9.75626e-04     fixed    
  14  alpha_vw     0.00000e+00     fixed    
  15  w_vw         1.29000e+01   constant   
  16  beta_vw      0.00000e+00     fixed    
  17  LM          -1.35007e-04   constant   
  18  zeta_y       0.00000e+00   constant   
  19  zeta_vw      0.00000e+00   constant   
 EXTERNAL ERROR MATRIX.    NDIM=  25    NPAR=  2    ERR DEF=1
  2.598e-07 -6.026e-09 
 -6.026e-09  2.628e-07 
 PARAMETER  CORRELATION COEFFICIENTS  
       NO.  GLOBAL     10     11
       10  0.02306   1.000 -0.023
       11  0.02306  -0.023  1.000
MINUIT - FIT ONLY 2-y
 **********
 **   67 **RES 
 **********
                   PARAMETER   16  beta_vw RESTORED TO VARIABLE.
                   PARAMETER   14  alpha_vw RESTORED TO VARIABLE.
                   PARAMETER   13  beta_y RESTORED TO VARIABLE.
                   PARAMETER    9  alpha_2CBO RESTORED TO VARIABLE.
                   PARAMETER    8  beta_CBO RESTORED TO VARIABLE.
                   PARAMETER    6  alpha_CBO RESTORED TO VARIABLE.
                   PARAMETER    4  phi RESTORED TO VARIABLE.
                   PARAMETER    3  A0 RESTORED TO VARIABLE.
                   PARAMETER    1  N0 RESTORED TO VARIABLE.
 **********
 **   68 **FIX            0
 **********
 PARAMETER    0  IS UNDEFINED. IGNORED.
 **********
 **   69 **FIX            1
 **********
 **********
 **   70 **FIX            2
 **********
 PARAMETER    2  IS CONSTANT.   IGNORED.
 **********
 **   71 **FIX            3
 **********
 **********
 **   72 **FIX            4
 **********
 **********
 **   73 **FIX            5
 **********
 PARAMETER    5  IS CONSTANT.   IGNORED.
 **********
 **   74 **FIX            6
 **********
 **********
 **   75 **FIX            7
 **********
 PARAMETER    7  IS CONSTANT.   IGNORED.
 **********
 **   76 **FIX            8
 **********
 **********
 **   77 **FIX            9
 **********
 **********
 **   78 **FIX           10
 **********
 **********
 **   79 **FIX           11
 **********
 **********
 **   80 **FIX           12
 **********
 PARAMETER   12  IS CONSTANT.   IGNORED.
 **********
 **   81 **FIX           16
 **********
 **********
 **   82 **MIGRAD
 **********
 START MIGRAD MINIMIZATION.  STRATEGY  1.  CONVERGENCE WHEN EDM .LT. 1.00e-04
 FCN=63.852 FROM MIGRAD    STATUS=INITIATE        6 CALLS         315 TOTAL
                     EDM= unknown      STRATEGY= 1      NO ERROR MATRIX       
  EXT PARAMETER               CURRENT GUESS       STEP         FIRST   
  NO.   NAME      VALUE            ERROR          SIZE      DERIVATIVE 
   1  N0           3.52462e+06     fixed    
   2  tau          6.43984e+01   constant   
   3  A0           3.54568e-01     fixed    
   4  phi          4.12192e+00     fixed    
   5  R           -6.09103e+01   constant   
   6  alpha_CBO   -2.88054e-03     fixed    
   7  w_CBO        2.32756e+00   constant   
   8  beta_CBO     1.08844e-03     fixed    
   9  alpha_2CBO  -5.41493e-04     fixed    
  10  beta_2CBO    2.22881e-04     fixed    
  11  alpha_y      1.48903e-03     fixed    
  12  w_y          1.44500e+01   constant   
  13  beta_y      -9.75626e-04   5.10835e-04   5.10835e-04   4.46912e+01
  14  alpha_vw     0.00000e+00   1.00000e-03   1.00000e-03   9.11820e+02
  15  w_vw         1.29000e+01   constant   
  16  beta_vw      0.00000e+00     fixed    
  17  LM          -1.35007e-04   constant   
  18  zeta_y       0.00000e+00   constant   
  19  zeta_vw      0.00000e+00   constant   
 MIGRAD MINIMIZATION HAS CONVERGED.
 MIGRAD WILL VERIFY CONVERGENCE AND ERROR MATRIX.
 COVARIANCE MATRIX CALCULATED SUCCESSFULLY
 FCN=63.7952 FROM MIGRAD    STATUS=CONVERGED      26 CALLS         335 TOTAL
                     EDM=2.32096e-06    STRATEGY= 1      ERROR MATRIX ACCURATE 
  EXT PARAMETER                                   STEP         FIRST   
  NO.   NAME      VALUE            ERROR          SIZE      DERIVATIVE 
   1  N0           3.52462e+06     fixed    
   2  tau          6.43984e+01   constant   
   3  A0           3.54568e-01     fixed    
   4  phi          4.12192e+00     fixed    
   5  R           -6.09103e+01   constant   
   6  alpha_CBO   -2.88054e-03     fixed    
   7  w_CBO        2.32756e+00   constant   
   8  beta_CBO     1.08844e-03     fixed    
   9  alpha_2CBO  -5.41493e-04     fixed    
  10  beta_2CBO    2.22881e-04     fixed    
  11  alpha_y      1.48903e-03     fixed    
  12  w_y          1.44500e+01   constant   
  13  beta_y      -9.99361e-04   5.16659e-04   2.00773e-06   4.19588e+00
  14  alpha_vw    -1.23535e-04   5.18767e-04   2.01592e-06  -2.03986e-01
  15  w_vw         1.29000e+01   constant   
  16  beta_vw      0.00000e+00     fixed    
  17  LM          -1.35007e-04   constant   
  18  zeta_y       0.00000e+00   constant   
  19  zeta_vw      0.00000e+00   constant   
 EXTERNAL ERROR MATRIX.    NDIM=  25    NPAR=  2    ERR DEF=1
  2.669e-07  4.020e-08 
  4.020e-08  2.691e-07 
 PARAMETER  CORRELATION COEFFICIENTS  
       NO.  GLOBAL     13     14
       13  0.14998   1.000  0.150
       14  0.14998   0.150  1.000
MINUIT - FIT ALTOGETHER
 **********
 **   83 **RES 
 **********
                   PARAMETER   16  beta_vw RESTORED TO VARIABLE.
                   PARAMETER   11  alpha_y RESTORED TO VARIABLE.
                   PARAMETER   10  beta_2CBO RESTORED TO VARIABLE.
                   PARAMETER    9  alpha_2CBO RESTORED TO VARIABLE.
                   PARAMETER    8  beta_CBO RESTORED TO VARIABLE.
                   PARAMETER    6  alpha_CBO RESTORED TO VARIABLE.
                   PARAMETER    4  phi RESTORED TO VARIABLE.
                   PARAMETER    3  A0 RESTORED TO VARIABLE.
                   PARAMETER    1  N0 RESTORED TO VARIABLE.
 **********
 **   84 **MIGRAD
 **********
 START MIGRAD MINIMIZATION.  STRATEGY  1.  CONVERGENCE WHEN EDM .LT. 1.00e-04
 FCN=63.7952 FROM MIGRAD    STATUS=INITIATE       24 CALLS         359 TOTAL
                     EDM= unknown      STRATEGY= 1      NO ERROR MATRIX       
  EXT PARAMETER               CURRENT GUESS       STEP         FIRST   
  NO.   NAME      VALUE            ERROR          SIZE      DERIVATIVE 
   1  N0           3.52462e+06   1.29033e+03   1.29033e+03  -1.09603e-05
   2  tau          6.43984e+01   constant   
   3  A0           3.54568e-01   5.09193e-04   5.09193e-04  -2.54701e+02
   4  phi          4.12192e+00   1.47788e-03   1.47788e-03  -8.07115e+01
   5  R           -6.09103e+01   constant   
   6  alpha_CBO   -2.88054e-03   5.30519e-04   5.30519e-04   3.44363e+01
   7  w_CBO        2.32756e+00   constant   
   8  beta_CBO     1.08844e-03   5.20609e-04   5.20609e-04   1.39469e+02
   9  alpha_2CBO  -5.41493e-04   5.16633e-04   5.16633e-04   1.60345e+02
  10  beta_2CBO    2.22881e-04   5.09737e-04   5.09737e-04  -1.27004e+01
  11  alpha_y      1.48903e-03   5.12629e-04   5.12629e-04   1.64433e+02
  12  w_y          1.44500e+01   constant   
  13  beta_y      -9.99361e-04   5.16659e-04   2.00773e-06   4.19588e+00
  14  alpha_vw    -1.23535e-04   5.18767e-04   2.01592e-06  -2.03986e-01
  15  w_vw         1.29000e+01   constant   
  16  beta_vw      0.00000e+00   1.00000e-03   1.00000e-03   1.78392e+03
  17  LM          -1.35007e-04   constant   
  18  zeta_y       0.00000e+00   constant   
  19  zeta_vw      0.00000e+00   constant   
 MIGRAD MINIMIZATION HAS CONVERGED.
 MIGRAD WILL VERIFY CONVERGENCE AND ERROR MATRIX.
 COVARIANCE MATRIX CALCULATED SUCCESSFULLY
 FCN=63.5713 FROM MIGRAD    STATUS=CONVERGED     194 CALLS         529 TOTAL
                     EDM=3.77249e-06    STRATEGY= 1      ERROR MATRIX ACCURATE 
  EXT PARAMETER                                   STEP         FIRST   
  NO.   NAME      VALUE            ERROR          SIZE      DERIVATIVE 
   1  N0           3.52462e+06   1.29099e+03   4.88635e+00  -3.37402e-07
   2  tau          6.43984e+01   constant   
   3  A0           3.54597e-01   5.09480e-04   1.94596e-06   1.44160e+00
   4  phi          4.12201e+00   1.48119e-03   5.61666e-06  -2.55273e-01
   5  R           -6.09103e+01   constant   
   6  alpha_CBO   -2.89312e-03   5.31079e-04   2.03793e-06   1.09174e+00
   7  w_CBO        2.32756e+00   constant   
   8  beta_CBO     1.08424e-03   5.21248e-04   1.97909e-06  -3.48485e+00
   9  alpha_2CBO  -5.67795e-04   5.17023e-04   2.01634e-06   6.48149e-01
  10  beta_2CBO    2.31375e-04   5.11683e-04   1.99949e-06  -1.14854e+00
  11  alpha_y      1.50493e-03   5.27223e-04   2.01084e-06  -7.06612e-01
  12  w_y          1.44500e+01   constant   
  13  beta_y      -1.03493e-03   5.22182e-04   2.00426e-06  -2.87188e+00
  14  alpha_vw    -1.25698e-04   5.27277e-04   2.01244e-06   5.99891e-01
  15  w_vw         1.29000e+01   constant   
  16  beta_vw     -2.41104e-04   5.22600e-04   2.00269e-06   5.77797e-01
  17  LM          -1.35007e-04   constant   
  18  zeta_y       0.00000e+00   constant   
  19  zeta_vw      0.00000e+00   constant   
 EXTERNAL ERROR MATRIX.    NDIM=  25    NPAR= 11    ERR DEF=1
  1.667e+06 
 -2.213e-02  2.596e-07 
  2.271e-01  2.991e-08  2.194e-06 
  4.171e-02  4.276e-08 -5.631e-08  2.820e-07 
  1.233e-02  3.869e-08  1.594e-07 -2.632e-09  2.717e-07 
  3.053e-02  1.387e-08 -1.365e-09  2.262e-08 -4.540e-09  2.673e-07 
 -1.147e-02  6.417e-09  4.863e-08 -6.430e-09  1.233e-08 -6.113e-09  2.618e-07 
  1.030e-04  5.257e-09  1.522e-08 -1.508e-09 -1.961e-09 -4.706e-09 -5.855e-09  2.780e-07 
  4.515e-03  8.365e-10  8.636e-10  2.361e-09 -1.607e-09  2.048e-09 -3.288e-09  1.230e-09  2.727e-07 
  4.192e-03  2.015e-09  2.140e-09  1.774e-09 -3.070e-09 -1.012e-09 -5.003e-09  4.907e-08  4.134e-08  2.780e-07 
  1.783e-02  9.165e-10 -1.220e-08  1.096e-08 -3.527e-09  8.000e-09 -4.549e-09 -4.155e-08  3.878e-08 -1.475e-09  2.731e-07 
 PARAMETER  CORRELATION COEFFICIENTS  
       NO.  GLOBAL      1      3      4      6      8      9     10     11     13     14     16
        1  0.15603   1.000 -0.034  0.119  0.061  0.018  0.046 -0.017  0.000  0.007  0.006  0.026
        3  0.22885  -0.034  1.000  0.040  0.158  0.146  0.053  0.025  0.020  0.003  0.007  0.003
        4  0.25687   0.119  0.040  1.000 -0.072  0.206 -0.002  0.064  0.019  0.001  0.003 -0.016
        6  0.20858   0.061  0.158 -0.072  1.000 -0.010  0.082 -0.024 -0.005  0.009  0.006  0.039
        8  0.25219   0.018  0.146  0.206 -0.010  1.000 -0.017  0.046 -0.007 -0.006 -0.011 -0.013
        9  0.10982   0.046  0.053 -0.002  0.082 -0.017  1.000 -0.023 -0.017  0.008 -0.004  0.030
       10  0.09012  -0.017  0.025  0.064 -0.024  0.046 -0.023  1.000 -0.022 -0.012 -0.019 -0.017
       11  0.23472   0.000  0.020  0.019 -0.005 -0.007 -0.017 -0.022  1.000  0.004  0.177 -0.151
       13  0.20750   0.007  0.003  0.001  0.009 -0.006  0.008 -0.012  0.004  1.000  0.150  0.142
       14  0.23192   0.006  0.007  0.003  0.006 -0.011 -0.004 -0.019  0.177  0.150  1.000 -0.005
       16  0.21469   0.026  0.003 -0.016  0.039 -0.013  0.030 -0.017 -0.151  0.142 -0.005  1.000
MINUIT - MINOS
 **********
 **   85 **RES 
 **********
 CALL TO MNFREE IGNORED.  THERE ARE NO FIXED PARAMETERS
 **********
 **   86 **MIG      2.5e+04        0.01
 **********
 START MIGRAD MINIMIZATION.  STRATEGY  1.  CONVERGENCE WHEN EDM .LT. 1.00e-05
 FCN=63.5713 FROM MIGRAD    STATUS=INITIATE       22 CALLS         551 TOTAL
                     EDM=1.88624e-06    STRATEGY= 1      ERROR MATRIX ACCURATE 
  EXT PARAMETER                                   STEP         FIRST   
  NO.   NAME      VALUE            ERROR          SIZE      DERIVATIVE 
   1  N0           3.52462e+06   1.29099e+03   4.88635e+00  -3.37402e-07
   2  tau          6.43984e+01   constant   
   3  A0           3.54597e-01   5.09480e-04   1.94596e-06   1.44160e+00
   4  phi          4.12201e+00   1.48119e-03   5.61666e-06  -2.55273e-01
   5  R           -6.09103e+01   constant   
   6  alpha_CBO   -2.89312e-03   5.31079e-04   2.03793e-06   1.09174e+00
   7  w_CBO        2.32756e+00   constant   
   8  beta_CBO     1.08424e-03   5.21248e-04   1.97909e-06  -3.48485e+00
   9  alpha_2CBO  -5.67795e-04   5.17023e-04   2.01634e-06   6.48148e-01
  10  beta_2CBO    2.31375e-04   5.11683e-04   1.99949e-06  -1.14854e+00
  11  alpha_y      1.50493e-03   5.27223e-04   2.01084e-06  -7.06613e-01
  12  w_y          1.44500e+01   constant   
  13  beta_y      -1.03493e-03   5.22182e-04   2.00426e-06  -2.87188e+00
  14  alpha_vw    -1.25698e-04   5.27277e-04   2.01244e-06   5.99892e-01
  15  w_vw         1.29000e+01   constant   
  16  beta_vw     -2.41104e-04   5.22600e-04   2.00269e-06   5.77796e-01
  17  LM          -1.35007e-04   constant   
  18  zeta_y       0.00000e+00   constant   
  19  zeta_vw      0.00000e+00   constant   
 MIGRAD MINIMIZATION HAS CONVERGED.
 FCN=63.5713 FROM MIGRAD    STATUS=CONVERGED      45 CALLS         574 TOTAL
                     EDM=6.44562e-18    STRATEGY= 1  ERROR MATRIX UNCERTAINTY   0.0 per cent
  EXT PARAMETER                                   STEP         FIRST   
  NO.   NAME      VALUE            ERROR          SIZE      DERIVATIVE 
   1  N0           3.52462e+06   1.29099e+03   3.08453e-01  -2.19211e-12
   2  tau          6.43984e+01   constant   
   3  A0           3.54597e-01   5.09479e-04  -1.41568e-07  -7.24796e-06
   4  phi          4.12201e+00   1.48119e-03   6.43059e-07   4.93375e-07
   5  R           -6.09103e+01   constant   
   6  alpha_CBO   -2.89332e-03   5.31079e-04  -2.01384e-07  -1.83220e-06
   7  w_CBO        2.32756e+00   constant   
   8  beta_CBO     1.08472e-03   5.21249e-04   4.76879e-07  -8.58070e-07
   9  alpha_2CBO  -5.67911e-04   5.17023e-04  -1.16151e-07  -4.70442e-07
  10  beta_2CBO    2.31548e-04   5.11683e-04   1.72997e-07  -9.15056e-07
  11  alpha_y      1.50502e-03   5.27223e-04   9.09979e-08  -1.04417e-06
  12  w_y          1.44500e+01   constant   
  13  beta_y      -1.03457e-03   5.22182e-04   3.62003e-07  -6.27493e-07
  14  alpha_vw    -1.25714e-04   5.27277e-04  -1.56040e-08  -1.04334e-06
  15  w_vw         1.29000e+01   constant   
  16  beta_vw     -2.41158e-04   5.22600e-04  -5.39919e-08  -1.15486e-06
  17  LM          -1.35007e-04   constant   
  18  zeta_y       0.00000e+00   constant   
  19  zeta_vw      0.00000e+00   constant   
 EXTERNAL ERROR MATRIX.    NDIM=  25    NPAR= 11    ERR DEF=1
  1.667e+06 
 -2.213e-02  2.596e-07 
  2.271e-01  2.991e-08  2.194e-06 
  4.171e-02  4.276e-08 -5.631e-08  2.820e-07 
  1.233e-02  3.869e-08  1.594e-07 -2.632e-09  2.717e-07 
  3.053e-02  1.387e-08 -1.365e-09  2.262e-08 -4.540e-09  2.673e-07 
 -1.147e-02  6.418e-09  4.863e-08 -6.430e-09  1.233e-08 -6.113e-09  2.618e-07 
  1.031e-04  5.257e-09  1.522e-08 -1.508e-09 -1.960e-09 -4.706e-09 -5.855e-09  2.780e-07 
  4.515e-03  8.367e-10  8.637e-10  2.361e-09 -1.607e-09  2.048e-09 -3.288e-09  1.230e-09  2.727e-07 
  4.192e-03  2.015e-09  2.140e-09  1.774e-09 -3.070e-09 -1.012e-09 -5.003e-09  4.907e-08  4.134e-08  2.780e-07 
  1.783e-02  9.165e-10 -1.220e-08  1.096e-08 -3.527e-09  8.000e-09 -4.549e-09 -4.155e-08  3.878e-08 -1.475e-09  2.731e-07 
 PARAMETER  CORRELATION COEFFICIENTS  
       NO.  GLOBAL      1      3      4      6      8      9     10     11     13     14     16
        1  0.15603   1.000 -0.034  0.119  0.061  0.018  0.046 -0.017  0.000  0.007  0.006  0.026
        3  0.22886  -0.034  1.000  0.040  0.158  0.146  0.053  0.025  0.020  0.003  0.007  0.003
        4  0.25687   0.119  0.040  1.000 -0.072  0.206 -0.002  0.064  0.019  0.001  0.003 -0.016
        6  0.20857   0.061  0.158 -0.072  1.000 -0.010  0.082 -0.024 -0.005  0.009  0.006  0.039
        8  0.25219   0.018  0.146  0.206 -0.010  1.000 -0.017  0.046 -0.007 -0.006 -0.011 -0.013
        9  0.10982   0.046  0.053 -0.002  0.082 -0.017  1.000 -0.023 -0.017  0.008 -0.004  0.030
       10  0.09012  -0.017  0.025  0.064 -0.024  0.046 -0.023  1.000 -0.022 -0.012 -0.019 -0.017
       11  0.23472   0.000  0.020  0.019 -0.005 -0.007 -0.017 -0.022  1.000  0.004  0.177 -0.151
       13  0.20750   0.007  0.003  0.001  0.009 -0.006  0.008 -0.012  0.004  1.000  0.150  0.142
       14  0.23192   0.006  0.007  0.003  0.006 -0.011 -0.004 -0.019  0.177  0.150  1.000 -0.005
       16  0.21469   0.026  0.003 -0.016  0.039 -0.013  0.030 -0.017 -0.151  0.142 -0.005  1.000
 **********
 **   87 **MINO      2.5e+04
 **********
 FCN=63.5713 FROM MINOS     STATUS=SUCCESSFUL    924 CALLS        1498 TOTAL
                     EDM=6.44562e-18    STRATEGY= 1  ERROR MATRIX UNCERTAINTY   0.0 per cent
  EXT PARAMETER                  PARABOLIC         MINOS ERRORS        
  NO.   NAME      VALUE            ERROR      NEGATIVE      POSITIVE   
   1  N0           3.52462e+06   1.29099e+03  -1.29099e+03   1.29099e+03
   2  tau          6.43984e+01   constant   
   3  A0           3.54597e-01   5.09479e-04  -5.09478e-04   5.09481e-04
   4  phi          4.12201e+00   1.48119e-03  -1.48134e-03   1.48104e-03
   5  R           -6.09103e+01   constant   
   6  alpha_CBO   -2.89332e-03   5.31079e-04  -5.31092e-04   5.31065e-04
   7  w_CBO        2.32756e+00   constant   
   8  beta_CBO     1.08472e-03   5.21249e-04  -5.21250e-04   5.21247e-04
   9  alpha_2CBO  -5.67911e-04   5.17023e-04  -5.17032e-04   5.17015e-04
  10  beta_2CBO    2.31548e-04   5.11683e-04  -5.11679e-04   5.11687e-04
  11  alpha_y      1.50502e-03   5.27223e-04  -5.27222e-04   5.27224e-04
  12  w_y          1.44500e+01   constant   
  13  beta_y      -1.03457e-03   5.22182e-04  -5.22183e-04   5.22181e-04
  14  alpha_vw    -1.25714e-04   5.27277e-04  -5.27278e-04   5.27276e-04
  15  w_vw         1.29000e+01   constant   
  16  beta_vw     -2.41158e-04   5.22600e-04  -5.22605e-04   5.22596e-04
  17  LM          -1.35007e-04   constant   
  18  zeta_y       0.00000e+00   constant   
  19  zeta_vw      0.00000e+00   constant   
 **********
 **   88 **SHO COR 
 **********
 PARAMETER  CORRELATION COEFFICIENTS  
       NO.  GLOBAL      1      3      4      6      8      9     10     11     13     14     16
        1  0.15603   1.000 -0.034  0.119  0.061  0.018  0.046 -0.017  0.000  0.007  0.006  0.026
        3  0.22886  -0.034  1.000  0.040  0.158  0.146  0.053  0.025  0.020  0.003  0.007  0.003
        4  0.25687   0.119  0.040  1.000 -0.072  0.206 -0.002  0.064  0.019  0.001  0.003 -0.016
        6  0.20857   0.061  0.158 -0.072  1.000 -0.010  0.082 -0.024 -0.005  0.009  0.006  0.039
        8  0.25219   0.018  0.146  0.206 -0.010  1.000 -0.017  0.046 -0.007 -0.006 -0.011 -0.013
        9  0.10982   0.046  0.053 -0.002  0.082 -0.017  1.000 -0.023 -0.017  0.008 -0.004  0.030
       10  0.09012  -0.017  0.025  0.064 -0.024  0.046 -0.023  1.000 -0.022 -0.012 -0.019 -0.017
       11  0.23472   0.000  0.020  0.019 -0.005 -0.007 -0.017 -0.022  1.000  0.004  0.177 -0.151
       13  0.20750   0.007  0.003  0.001  0.009 -0.006  0.008 -0.012  0.004  1.000  0.150  0.142
       14  0.23192   0.006  0.007  0.003  0.006 -0.011 -0.004 -0.019  0.177  0.150  1.000 -0.005
       16  0.21469   0.026  0.003 -0.016  0.039 -0.013  0.030 -0.017 -0.151  0.142 -0.005  1.000
