 + ++++++++++++++++++++++++++++++++++++++++++++++++++++++++++++++++++++ +
 +                                                                      +
 +           You have chose to blind your fitting according to          +
 +                omega_ref * (1 + (R +/- deltaR) *10^{-6})             +
 +                                                                      +
 + ++++++++++++++++++++++++++++++++++++++++++++++++++++++++++++++++++++ +
In main()...
reading format from /gm2data/zkhechad/run45/envelope/formats/formatB_sBin_constraintOn.txt
pBinTau 	= 0  
pBinPhi 	= 0  
constraintau 	= 1 
includeMopTerm 	= 0    
constrainMop    = 0   
Parameters after format file: pBinTau 0 pBinPhi 0 constraintau 1 includeMopTerm 0 constrainMop 0 c_e_scale 0.000000 
Opening file /gm2data/tbarrett/gm2fr/studies/run23_bunch_corrections/CorrectedFourier_Run3b.root.
reading full fit data from /gm2data/zkhechad/cboTemplates/Run4CBOTemplates/fullFits/noRF/sBin_constraintOn_cE0.0_seed0_noRF_calo19.root
windowBins = 70
fitting sliding window 1890 from bin 2093 at 312.275600 to bin 2163 at 322.719600 (70 bins)

Reading data from /gm2data/cornell/histograms/aMethod/histogram_a_noRF.root
 **********
 **    1 **SET PRINTOUT            1
 **********
 **********
 **    2 **SET NOWARNINGS 
 **********
 PARAMETER DEFINITIONS:
    NO.   NAME         VALUE      STEP SIZE      LIMITS
     1 N0           1.19564e+08  1.00000e+02     no limits
     2 tau          6.44005e+01  constant
     3 A0           3.47619e-01  1.00000e-04     no limits
     4 phi          4.13238e+00  1.00000e-02     no limits
     5 R           -5.91840e+01  constant
     6 alpha_CBO    0.00000e+00  1.00000e-03     no limits
     7 w_CBO        2.31789e-05  constant
     8 beta_CBO     0.00000e+00  1.00000e-03     no limits
     9 alpha_2CBO   0.00000e+00  1.00000e-03     no limits
    10 beta_2CBO    0.00000e+00  1.00000e-03     no limits
    11 alpha_y      0.00000e+00  1.00000e-03     no limits
    12 w_y          1.44000e+01  constant
    13 beta_y       0.00000e+00  1.00000e-03     no limits
    14 alpha_vw     0.00000e+00  1.00000e-03     no limits
    15 w_vw         1.33125e+01  constant
    16 beta_vw      0.00000e+00  1.00000e-03     no limits
    17 LM           7.82405e-03  constant
    18 zeta_y       0.00000e+00  constant
    19 zeta_vw      0.00000e+00  constant
MINUIT - FIT ONLY WIGGLE
 **********
 **    3 **FIX            5
 **********
 PARAMETER    5  IS CONSTANT.   IGNORED.
 **********
 **    4 **FIX            6
 **********
 **********
 **    5 **FIX            7
 **********
 PARAMETER    7  IS CONSTANT.   IGNORED.
 **********
 **    6 **FIX            8
 **********
 **********
 **    7 **FIX            9
 **********
 **********
 **    8 **FIX           10
 **********
 **********
 **    9 **FIX           11
 **********
 **********
 **   10 **FIX           12
 **********
 PARAMETER   12  IS CONSTANT.   IGNORED.
 **********
 **   11 **FIX           13
 **********
 **********
 **   12 **FIX           14
 **********
 **********
 **   13 **FIX           15
 **********
 PARAMETER   15  IS CONSTANT.   IGNORED.
 **********
 **   14 **FIX           16
 **********
 **********
 **   15 **MIGRAD
 **********
 FIRST CALL TO USER FUNCTION AT NEW START POINT, WITH IFLAG=4.
 START MIGRAD MINIMIZATION.  STRATEGY  1.  CONVERGENCE WHEN EDM .LT. 1.00e-04
 FCN=5.4849e+09 FROM MIGRAD    STATUS=INITIATE       12 CALLS          13 TOTAL
                     EDM= unknown      STRATEGY= 1      NO ERROR MATRIX       
  EXT PARAMETER               CURRENT GUESS       STEP         FIRST   
  NO.   NAME      VALUE            ERROR          SIZE      DERIVATIVE 
   1  N0           1.19564e+08   1.00000e+02   1.00000e+02   9.43212e+01
   2  tau          6.44005e+01   constant   
   3  A0           3.47619e-01   1.00000e-04   1.00000e-04   7.89873e+08
   4  phi          4.13238e+00   1.00000e-02   1.00000e-02   1.34706e+08
   5  R           -5.91840e+01   constant   
   6  alpha_CBO    0.00000e+00     fixed    
   7  w_CBO        2.31789e-05   constant   
   8  beta_CBO     0.00000e+00     fixed    
   9  alpha_2CBO   0.00000e+00     fixed    
  10  beta_2CBO    0.00000e+00     fixed    
  11  alpha_y      0.00000e+00     fixed    
  12  w_y          1.44000e+01   constant   
  13  beta_y       0.00000e+00     fixed    
  14  alpha_vw     0.00000e+00     fixed    
  15  w_vw         1.33125e+01   constant   
  16  beta_vw      0.00000e+00     fixed    
  17  LM           7.82405e-03   constant   
  18  zeta_y       0.00000e+00   constant   
  19  zeta_vw      0.00000e+00   constant   
 MIGRAD MINIMIZATION HAS CONVERGED.
 FCN=99.5935 FROM MIGRAD    STATUS=CONVERGED      93 CALLS          94 TOTAL
                     EDM=1.49651e-08    STRATEGY= 1  ERROR MATRIX UNCERTAINTY   1.9 per cent
  EXT PARAMETER                                   STEP         FIRST   
  NO.   NAME      VALUE            ERROR          SIZE      DERIVATIVE 
   1  N0           3.26176e+06   1.57238e+03  -8.72125e-01   6.85692e-08
   2  tau          6.44005e+01   constant   
   3  A0           3.47743e-01   6.57774e-04   5.88436e-07   1.96301e-01
   4  phi          4.13347e+00   2.01183e-03  -9.84704e-06  -7.79988e-02
   5  R           -5.91840e+01   constant   
   6  alpha_CBO    0.00000e+00     fixed    
   7  w_CBO        2.31789e-05   constant   
   8  beta_CBO     0.00000e+00     fixed    
   9  alpha_2CBO   0.00000e+00     fixed    
  10  beta_2CBO    0.00000e+00     fixed    
  11  alpha_y      0.00000e+00     fixed    
  12  w_y          1.44000e+01   constant   
  13  beta_y       0.00000e+00     fixed    
  14  alpha_vw     0.00000e+00     fixed    
  15  w_vw         1.33125e+01   constant   
  16  beta_vw      0.00000e+00     fixed    
  17  LM           7.82405e-03   constant   
  18  zeta_y       0.00000e+00   constant   
  19  zeta_vw      0.00000e+00   constant   
 EXTERNAL ERROR MATRIX.    NDIM=  25    NPAR=  3    ERR DEF=1
  2.472e+06 -8.415e-02 -1.446e-01 
 -8.415e-02  4.327e-07 -1.405e-08 
 -1.446e-01 -1.405e-08  4.047e-06 
 PARAMETER  CORRELATION COEFFICIENTS  
       NO.  GLOBAL      1      3      4
        1  0.09375   1.000 -0.081 -0.046
        3  0.08262  -0.081  1.000 -0.011
        4  0.04792  -0.046 -0.011  1.000
MINUIT - FIT ONLY 1-CBO + wiggle
 **********
 **   16 **RES 
 **********
                   PARAMETER   16  beta_vw RESTORED TO VARIABLE.
                   PARAMETER   14  alpha_vw RESTORED TO VARIABLE.
                   PARAMETER   13  beta_y RESTORED TO VARIABLE.
                   PARAMETER   11  alpha_y RESTORED TO VARIABLE.
                   PARAMETER   10  beta_2CBO RESTORED TO VARIABLE.
                   PARAMETER    9  alpha_2CBO RESTORED TO VARIABLE.
                   PARAMETER    8  beta_CBO RESTORED TO VARIABLE.
                   PARAMETER    6  alpha_CBO RESTORED TO VARIABLE.
 **********
 **   17 **FIX            8
 **********
 **********
 **   18 **FIX            9
 **********
 **********
 **   19 **FIX           11
 **********
 **********
 **   20 **FIX           12
 **********
 PARAMETER   12  IS CONSTANT.   IGNORED.
 **********
 **   21 **FIX           14
 **********
 **********
 **   22 **FIX           15
 **********
 PARAMETER   15  IS CONSTANT.   IGNORED.
 **********
 **   23 **FIX           16
 **********
 **********
 **   24 **MIGRAD
 **********
 START MIGRAD MINIMIZATION.  STRATEGY  1.  CONVERGENCE WHEN EDM .LT. 1.00e-04
 FCN=99.5935 FROM MIGRAD    STATUS=INITIATE       18 CALLS         112 TOTAL
                     EDM= unknown      STRATEGY= 1      NO ERROR MATRIX       
  EXT PARAMETER               CURRENT GUESS       STEP         FIRST   
  NO.   NAME      VALUE            ERROR          SIZE      DERIVATIVE 
   1  N0           3.26176e+06   1.57238e+03  -8.72125e-01   6.85692e-08
   2  tau          6.44005e+01   constant   
   3  A0           3.47743e-01   6.57774e-04   5.88436e-07   1.96301e-01
   4  phi          4.13347e+00   2.01183e-03  -9.84704e-06  -7.79988e-02
   5  R           -5.91840e+01   constant   
   6  alpha_CBO    0.00000e+00   1.00000e-03   1.00000e-03   2.28275e-01
   7  w_CBO        2.31789e-05   constant   
   8  beta_CBO     0.00000e+00     fixed    
   9  alpha_2CBO   0.00000e+00     fixed    
  10  beta_2CBO    0.00000e+00   1.00000e-03   1.00000e-03  -1.25647e+00
  11  alpha_y      0.00000e+00     fixed    
  12  w_y          1.44000e+01   constant   
  13  beta_y       0.00000e+00   1.00000e-03   1.00000e-03  -1.84384e+03
  14  alpha_vw     0.00000e+00     fixed    
  15  w_vw         1.33125e+01   constant   
  16  beta_vw      0.00000e+00     fixed    
  17  LM           7.82405e-03   constant   
  18  zeta_y       0.00000e+00   constant   
  19  zeta_vw      0.00000e+00   constant   
 MIGRAD MINIMIZATION HAS CONVERGED.
 MIGRAD WILL VERIFY CONVERGENCE AND ERROR MATRIX.
 FCN=94.7925 FROM MIGRAD    STATUS=CONVERGED     236 CALLS         330 TOTAL
                     EDM=2.63222e-07    STRATEGY= 1      ERR MATRIX NOT POS-DEF
  EXT PARAMETER                APPROXIMATE        STEP         FIRST   
  NO.   NAME      VALUE            ERROR          SIZE      DERIVATIVE 
   1  N0           3.08905e+06   2.20794e+04   6.88464e+00   4.46526e-07
   2  tau          6.44005e+01   constant   
   3  A0           3.47741e-01   6.55798e-04   3.12436e-06   2.57025e-01
   4  phi          4.13376e+00   2.00963e-03   9.60530e-06   1.47132e-01
   5  R           -5.91840e+01   constant   
   6  alpha_CBO   -5.31218e-02   7.53013e-03   2.42928e-06   1.30761e+00
   7  w_CBO        2.31789e-05   constant   
   8  beta_CBO     0.00000e+00     fixed    
   9  alpha_2CBO   0.00000e+00     fixed    
  10  beta_2CBO    7.41474e+00   5.08871e-01   1.65196e-04   1.90364e-02
  11  alpha_y      0.00000e+00     fixed    
  12  w_y          1.44000e+01   constant   
  13  beta_y       4.08974e-04   6.82043e-04   3.26412e-06  -3.22133e-02
  14  alpha_vw     0.00000e+00     fixed    
  15  w_vw         1.33125e+01   constant   
  16  beta_vw      0.00000e+00     fixed    
  17  LM           7.82405e-03   constant   
  18  zeta_y       0.00000e+00   constant   
  19  zeta_vw      0.00000e+00   constant   
 EXTERNAL ERROR MATRIX.    NDIM=  25    NPAR=  6    ERR DEF=1
  4.875e+08 -2.783e-02 -2.272e-01 -8.422e+01 -5.587e+03  1.456e-02 
 -2.783e-02  4.301e-07 -1.232e-08 -9.133e-09 -8.853e-07  3.048e-09 
 -2.272e-01 -1.232e-08  4.039e-06 -1.013e-07  8.773e-06 -1.325e-08 
 -8.422e+01 -9.133e-09 -1.013e-07  5.670e-05 -1.892e-03  6.648e-09 
 -5.587e+03 -8.853e-07  8.773e-06 -1.892e-03  2.589e-01 -6.538e-07 
  1.456e-02  3.048e-09 -1.325e-08  6.648e-09 -6.538e-07  4.652e-07 
ERR MATRIX NOT POS-DEF
 PARAMETER  CORRELATION COEFFICIENTS  
       NO.  GLOBAL      1      3      4      6     10     13
        1  0.99774   1.000 -0.002 -0.005 -0.507 -0.497  0.001
        3  0.09578  -0.002  1.000 -0.009 -0.002 -0.003  0.007
        4  0.05234  -0.005 -0.009  1.000 -0.007  0.009 -0.010
        6  0.99773  -0.507 -0.002 -0.007  1.000 -0.494  0.001
       10  0.99770  -0.497 -0.003  0.009 -0.494  1.000 -0.002
       13  0.01334   0.001  0.007 -0.010  0.001 -0.002  1.000
 ERR MATRIX NOT POS-DEF
MINUIT - FIT ONLY 2-CBO
 **********
 **   25 **RES 
 **********
                   PARAMETER   16  beta_vw RESTORED TO VARIABLE.
                   PARAMETER   14  alpha_vw RESTORED TO VARIABLE.
                   PARAMETER   11  alpha_y RESTORED TO VARIABLE.
                   PARAMETER    9  alpha_2CBO RESTORED TO VARIABLE.
                   PARAMETER    8  beta_CBO RESTORED TO VARIABLE.
 **********
 **   26 **FIX            0
 **********
 PARAMETER    0  IS UNDEFINED. IGNORED.
 **********
 **   27 **FIX            1
 **********
 **********
 **   28 **FIX            2
 **********
 PARAMETER    2  IS CONSTANT.   IGNORED.
 **********
 **   29 **FIX            3
 **********
 **********
 **   30 **FIX            4
 **********
 **********
 **   31 **FIX            5
 **********
 PARAMETER    5  IS CONSTANT.   IGNORED.
 **********
 **   32 **FIX            6
 **********
 **********
 **   33 **FIX            7
 **********
 PARAMETER    7  IS CONSTANT.   IGNORED.
 **********
 **   34 **FIX           10
 **********
 **********
 **   35 **FIX           11
 **********
 **********
 **   36 **FIX           12
 **********
 PARAMETER   12  IS CONSTANT.   IGNORED.
 **********
 **   37 **FIX           13
 **********
 **********
 **   38 **FIX           14
 **********
 **********
 **   39 **FIX           15
 **********
 PARAMETER   15  IS CONSTANT.   IGNORED.
 **********
 **   40 **FIX           16
 **********
 **********
 **   41 **MIGRAD
 **********
 START MIGRAD MINIMIZATION.  STRATEGY  1.  CONVERGENCE WHEN EDM .LT. 1.00e-04
 FCN=94.7925 FROM MIGRAD    STATUS=INITIATE        8 CALLS         338 TOTAL
                     EDM= unknown      STRATEGY= 1      NO ERROR MATRIX       
  EXT PARAMETER               CURRENT GUESS       STEP         FIRST   
  NO.   NAME      VALUE            ERROR          SIZE      DERIVATIVE 
   1  N0           3.08905e+06     fixed    
   2  tau          6.44005e+01   constant   
   3  A0           3.47741e-01     fixed    
   4  phi          4.13376e+00     fixed    
   5  R           -5.91840e+01   constant   
   6  alpha_CBO   -5.31218e-02     fixed    
   7  w_CBO        2.31789e-05   constant   
   8  beta_CBO     0.00000e+00   1.00000e-03   1.00000e-03   9.51862e-03
   9  alpha_2CBO   0.00000e+00   1.00000e-03   1.00000e-03   1.30749e+00
  10  beta_2CBO    7.41474e+00     fixed    
  11  alpha_y      0.00000e+00     fixed    
  12  w_y          1.44000e+01   constant   
  13  beta_y       4.08974e-04     fixed    
  14  alpha_vw     0.00000e+00     fixed    
  15  w_vw         1.33125e+01   constant   
  16  beta_vw      0.00000e+00     fixed    
  17  LM           7.82405e-03   constant   
  18  zeta_y       0.00000e+00   constant   
  19  zeta_vw      0.00000e+00   constant   
 MIGRAD MINIMIZATION HAS CONVERGED.
 MIGRAD WILL VERIFY CONVERGENCE AND ERROR MATRIX.
 COVARIANCE MATRIX CALCULATED SUCCESSFULLY
 FCN=94.7925 FROM MIGRAD    STATUS=CONVERGED      24 CALLS         354 TOTAL
                     EDM=2.28616e-07    STRATEGY= 1      ERROR MATRIX ACCURATE 
  EXT PARAMETER                                   STEP         FIRST   
  NO.   NAME      VALUE            ERROR          SIZE      DERIVATIVE 
   1  N0           3.08905e+06     fixed    
   2  tau          6.44005e+01   constant   
   3  A0           3.47741e-01     fixed    
   4  phi          4.13376e+00     fixed    
   5  R           -5.91840e+01   constant   
   6  alpha_CBO   -5.31218e-02     fixed    
   7  w_CBO        2.31789e-05   constant   
   8  beta_CBO    -1.13758e-05   7.04650e+00   3.30414e-04  -4.82121e-05
   9  alpha_2CBO  -8.44949e-08   5.18164e-02   2.42970e-06   6.49352e-03
  10  beta_2CBO    7.41474e+00     fixed    
  11  alpha_y      0.00000e+00     fixed    
  12  w_y          1.44000e+01   constant   
  13  beta_y       4.08974e-04     fixed    
  14  alpha_vw     0.00000e+00     fixed    
  15  w_vw         1.33125e+01   constant   
  16  beta_vw      0.00000e+00     fixed    
  17  LM           7.82405e-03   constant   
  18  zeta_y       0.00000e+00   constant   
  19  zeta_vw      0.00000e+00   constant   
 EXTERNAL ERROR MATRIX.    NDIM=  25    NPAR=  2    ERR DEF=1
  4.965e+01 -3.651e-01 
 -3.651e-01  2.685e-03 
 PARAMETER  CORRELATION COEFFICIENTS  
       NO.  GLOBAL      8      9
        8  0.99995   1.000 -1.000
        9  0.99995  -1.000  1.000
MINUIT - FIT wiggle + 1-CBO + 2-CBO
 **********
 **   42 **RES 
 **********
                   PARAMETER   16  beta_vw RESTORED TO VARIABLE.
                   PARAMETER   14  alpha_vw RESTORED TO VARIABLE.
                   PARAMETER   13  beta_y RESTORED TO VARIABLE.
                   PARAMETER   11  alpha_y RESTORED TO VARIABLE.
                   PARAMETER   10  beta_2CBO RESTORED TO VARIABLE.
                   PARAMETER    6  alpha_CBO RESTORED TO VARIABLE.
                   PARAMETER    4  phi RESTORED TO VARIABLE.
                   PARAMETER    3  A0 RESTORED TO VARIABLE.
                   PARAMETER    1  N0 RESTORED TO VARIABLE.
 **********
 **   43 **FIX           10
 **********
 **********
 **   44 **FIX           11
 **********
 **********
 **   45 **FIX           12
 **********
 PARAMETER   12  IS CONSTANT.   IGNORED.
 **********
 **   46 **FIX           13
 **********
 **********
 **   47 **FIX           14
 **********
 **********
 **   48 **FIX           15
 **********
 PARAMETER   15  IS CONSTANT.   IGNORED.
 **********
 **   49 **FIX           16
 **********
 **********
 **   50 **MIGRAD
 **********
 START MIGRAD MINIMIZATION.  STRATEGY  1.  CONVERGENCE WHEN EDM .LT. 1.00e-04
 FCN=94.7925 FROM MIGRAD    STATUS=INITIATE       12 CALLS         366 TOTAL
                     EDM= unknown      STRATEGY= 1      NO ERROR MATRIX       
  EXT PARAMETER               CURRENT GUESS       STEP         FIRST   
  NO.   NAME      VALUE            ERROR          SIZE      DERIVATIVE 
   1  N0           3.08905e+06   2.20794e+04   2.20794e+04   1.76750e-09
   2  tau          6.44005e+01   constant   
   3  A0           3.47741e-01   6.55798e-04   6.55798e-04   1.60625e-01
   4  phi          4.13376e+00   2.00963e-03   2.00963e-03   1.30783e-01
   5  R           -5.91840e+01   constant   
   6  alpha_CBO   -5.31218e-02   7.53013e-03   7.53013e-03   6.51604e-03
   7  w_CBO        2.31789e-05   constant   
   8  beta_CBO    -1.13758e-05   7.04650e+00   3.30414e-04  -4.82199e-05
   9  alpha_2CBO  -8.44949e-08   5.18164e-02   2.42970e-06   6.49333e-03
  10  beta_2CBO    7.41474e+00     fixed    
  11  alpha_y      0.00000e+00     fixed    
  12  w_y          1.44000e+01   constant   
  13  beta_y       4.08974e-04     fixed    
  14  alpha_vw     0.00000e+00     fixed    
  15  w_vw         1.33125e+01   constant   
  16  beta_vw      0.00000e+00     fixed    
  17  LM           7.82405e-03   constant   
  18  zeta_y       0.00000e+00   constant   
  19  zeta_vw      0.00000e+00   constant   
 MIGRAD MINIMIZATION HAS CONVERGED.
 MIGRAD WILL VERIFY CONVERGENCE AND ERROR MATRIX.
 FCN=94.7925 FROM MIGRAD    STATUS=CONVERGED      65 CALLS         419 TOTAL
                     EDM=3.98766e-09    STRATEGY= 1      ERR MATRIX NOT POS-DEF
  EXT PARAMETER                APPROXIMATE        STEP         FIRST   
  NO.   NAME      VALUE            ERROR          SIZE      DERIVATIVE 
   1  N0           3.08905e+06   2.03202e+04   6.88403e+00  -1.77597e-08
   2  tau          6.44005e+01   constant   
   3  A0           3.47741e-01   6.55453e-04   3.12435e-06  -6.48256e-03
   4  phi          4.13376e+00   2.00853e-03   9.60532e-06  -8.78122e-04
   5  R           -5.91840e+01   constant   
   6  alpha_CBO   -5.31218e-02   6.93595e-03   2.42950e-06  -5.06443e-02
   7  w_CBO        2.31789e-05   constant   
   8  beta_CBO    -1.12605e-05   9.36647e-01   3.30414e-04  -4.65906e-04
   9  alpha_2CBO  -8.53341e-08   6.93647e-03   2.42970e-06  -5.06636e-02
  10  beta_2CBO    7.41474e+00     fixed    
  11  alpha_y      0.00000e+00     fixed    
  12  w_y          1.44000e+01   constant   
  13  beta_y       4.08974e-04     fixed    
  14  alpha_vw     0.00000e+00     fixed    
  15  w_vw         1.33125e+01   constant   
  16  beta_vw      0.00000e+00     fixed    
  17  LM           7.82405e-03   constant   
  18  zeta_y       0.00000e+00   constant   
  19  zeta_vw      0.00000e+00   constant   
 EXTERNAL ERROR MATRIX.    NDIM=  25    NPAR=  6    ERR DEF=1
  4.129e+08 -2.163e-02 -1.238e-01 -4.724e+01 -6.321e+03 -4.724e+01 
 -2.163e-02  4.296e-07 -1.220e-08 -7.113e-09 -1.363e-06 -7.113e-09 
 -1.238e-01 -1.220e-08  4.034e-06 -6.014e-08  1.533e-05 -6.017e-08 
 -4.724e+01 -7.113e-09 -6.014e-08  4.811e-05 -2.141e-03 -1.616e-05 
 -6.321e+03 -1.363e-06  1.533e-05 -2.141e-03  8.773e-01 -2.141e-03 
 -4.724e+01 -7.113e-09 -6.017e-08 -1.616e-05 -2.141e-03  4.811e-05 
ERR MATRIX NOT POS-DEF
 PARAMETER  CORRELATION COEFFICIENTS  
       NO.  GLOBAL      1      3      4      6      8      9
        1  0.99733   1.000 -0.002 -0.003 -0.335 -0.332 -0.335
        3  0.09549  -0.002  1.000 -0.009 -0.002 -0.002 -0.002
        4  0.05136  -0.003 -0.009  1.000 -0.004  0.008 -0.004
        6  0.99732  -0.335 -0.002 -0.004  1.000 -0.330 -0.336
        8  0.99728  -0.332 -0.002  0.008 -0.330  1.000 -0.329
        9  0.99732  -0.335 -0.002 -0.004 -0.336 -0.329  1.000
 ERR MATRIX NOT POS-DEF
MINUIT - FIT ONLY 1-y
 **********
 **   51 **RES 
 **********
                   PARAMETER   16  beta_vw RESTORED TO VARIABLE.
                   PARAMETER   14  alpha_vw RESTORED TO VARIABLE.
                   PARAMETER   13  beta_y RESTORED TO VARIABLE.
                   PARAMETER   11  alpha_y RESTORED TO VARIABLE.
                   PARAMETER   10  beta_2CBO RESTORED TO VARIABLE.
 **********
 **   52 **FIX            0
 **********
 PARAMETER    0  IS UNDEFINED. IGNORED.
 **********
 **   53 **FIX            1
 **********
 **********
 **   54 **FIX            2
 **********
 PARAMETER    2  IS CONSTANT.   IGNORED.
 **********
 **   55 **FIX            3
 **********
 **********
 **   56 **FIX            4
 **********
 **********
 **   57 **FIX            5
 **********
 PARAMETER    5  IS CONSTANT.   IGNORED.
 **********
 **   58 **FIX            6
 **********
 **********
 **   59 **FIX            7
 **********
 PARAMETER    7  IS CONSTANT.   IGNORED.
 **********
 **   60 **FIX            8
 **********
 **********
 **   61 **FIX            9
 **********
 **********
 **   62 **FIX           13
 **********
 **********
 **   63 **FIX           14
 **********
 **********
 **   64 **FIX           15
 **********
 PARAMETER   15  IS CONSTANT.   IGNORED.
 **********
 **   65 **FIX           16
 **********
 **********
 **   66 **MIGRAD
 **********
 START MIGRAD MINIMIZATION.  STRATEGY  1.  CONVERGENCE WHEN EDM .LT. 1.00e-04
 FCN=94.7925 FROM MIGRAD    STATUS=INITIATE        6 CALLS         425 TOTAL
                     EDM= unknown      STRATEGY= 1      NO ERROR MATRIX       
  EXT PARAMETER               CURRENT GUESS       STEP         FIRST   
  NO.   NAME      VALUE            ERROR          SIZE      DERIVATIVE 
   1  N0           3.08905e+06     fixed    
   2  tau          6.44005e+01   constant   
   3  A0           3.47741e-01     fixed    
   4  phi          4.13376e+00     fixed    
   5  R           -5.91840e+01   constant   
   6  alpha_CBO   -5.31218e-02     fixed    
   7  w_CBO        2.31789e-05   constant   
   8  beta_CBO    -1.12605e-05     fixed    
   9  alpha_2CBO  -8.53341e-08     fixed    
  10  beta_2CBO    7.41474e+00   5.08871e-01   5.08871e-01  -9.32142e-04
  11  alpha_y      0.00000e+00   1.00000e-03   1.00000e-03  -6.16079e+03
  12  w_y          1.44000e+01   constant   
  13  beta_y       4.08974e-04     fixed    
  14  alpha_vw     0.00000e+00     fixed    
  15  w_vw         1.33125e+01   constant   
  16  beta_vw      0.00000e+00     fixed    
  17  LM           7.82405e-03   constant   
  18  zeta_y       0.00000e+00   constant   
  19  zeta_vw      0.00000e+00   constant   
 MIGRAD MINIMIZATION HAS CONVERGED.
 MIGRAD WILL VERIFY CONVERGENCE AND ERROR MATRIX.
 COVARIANCE MATRIX CALCULATED SUCCESSFULLY
 FCN=90.4213 FROM MIGRAD    STATUS=CONVERGED      26 CALLS         445 TOTAL
                     EDM=4.37061e-11    STRATEGY= 1      ERROR MATRIX ACCURATE 
  EXT PARAMETER                                   STEP         FIRST   
  NO.   NAME      VALUE            ERROR          SIZE      DERIVATIVE 
   1  N0           3.08905e+06     fixed    
   2  tau          6.44005e+01   constant   
   3  A0           3.47741e-01     fixed    
   4  phi          4.13376e+00     fixed    
   5  R           -5.91840e+01   constant   
   6  alpha_CBO   -5.31218e-02     fixed    
   7  w_CBO        2.31789e-05   constant   
   8  beta_CBO    -1.12605e-05     fixed    
   9  alpha_2CBO  -8.53341e-08     fixed    
  10  beta_2CBO    7.41490e+00   3.45705e-02   1.61398e-04  -2.80588e-06
  11  alpha_y      1.41905e-03   6.78725e-04   3.16875e-06   1.37744e-02
  12  w_y          1.44000e+01   constant   
  13  beta_y       4.08974e-04     fixed    
  14  alpha_vw     0.00000e+00     fixed    
  15  w_vw         1.33125e+01   constant   
  16  beta_vw      0.00000e+00     fixed    
  17  LM           7.82405e-03   constant   
  18  zeta_y       0.00000e+00   constant   
  19  zeta_vw      0.00000e+00   constant   
 EXTERNAL ERROR MATRIX.    NDIM=  25    NPAR=  2    ERR DEF=1
  1.195e-03  2.846e-08 
  2.846e-08  4.607e-07 
 PARAMETER  CORRELATION COEFFICIENTS  
       NO.  GLOBAL     10     11
       10  0.00121   1.000  0.001
       11  0.00121   0.001  1.000
MINUIT - FIT ONLY 2-y
 **********
 **   67 **RES 
 **********
                   PARAMETER   16  beta_vw RESTORED TO VARIABLE.
                   PARAMETER   14  alpha_vw RESTORED TO VARIABLE.
                   PARAMETER   13  beta_y RESTORED TO VARIABLE.
                   PARAMETER    9  alpha_2CBO RESTORED TO VARIABLE.
                   PARAMETER    8  beta_CBO RESTORED TO VARIABLE.
                   PARAMETER    6  alpha_CBO RESTORED TO VARIABLE.
                   PARAMETER    4  phi RESTORED TO VARIABLE.
                   PARAMETER    3  A0 RESTORED TO VARIABLE.
                   PARAMETER    1  N0 RESTORED TO VARIABLE.
 **********
 **   68 **FIX            0
 **********
 PARAMETER    0  IS UNDEFINED. IGNORED.
 **********
 **   69 **FIX            1
 **********
 **********
 **   70 **FIX            2
 **********
 PARAMETER    2  IS CONSTANT.   IGNORED.
 **********
 **   71 **FIX            3
 **********
 **********
 **   72 **FIX            4
 **********
 **********
 **   73 **FIX            5
 **********
 PARAMETER    5  IS CONSTANT.   IGNORED.
 **********
 **   74 **FIX            6
 **********
 **********
 **   75 **FIX            7
 **********
 PARAMETER    7  IS CONSTANT.   IGNORED.
 **********
 **   76 **FIX            8
 **********
 **********
 **   77 **FIX            9
 **********
 **********
 **   78 **FIX           10
 **********
 **********
 **   79 **FIX           11
 **********
 **********
 **   80 **FIX           12
 **********
 PARAMETER   12  IS CONSTANT.   IGNORED.
 **********
 **   81 **FIX           16
 **********
 **********
 **   82 **MIGRAD
 **********
 START MIGRAD MINIMIZATION.  STRATEGY  1.  CONVERGENCE WHEN EDM .LT. 1.00e-04
 FCN=90.4213 FROM MIGRAD    STATUS=INITIATE        6 CALLS         451 TOTAL
                     EDM= unknown      STRATEGY= 1      NO ERROR MATRIX       
  EXT PARAMETER               CURRENT GUESS       STEP         FIRST   
  NO.   NAME      VALUE            ERROR          SIZE      DERIVATIVE 
   1  N0           3.08905e+06     fixed    
   2  tau          6.44005e+01   constant   
   3  A0           3.47741e-01     fixed    
   4  phi          4.13376e+00     fixed    
   5  R           -5.91840e+01   constant   
   6  alpha_CBO   -5.31218e-02     fixed    
   7  w_CBO        2.31789e-05   constant   
   8  beta_CBO    -1.12605e-05     fixed    
   9  alpha_2CBO  -8.53341e-08     fixed    
  10  beta_2CBO    7.41490e+00     fixed    
  11  alpha_y      1.41905e-03     fixed    
  12  w_y          1.44000e+01   constant   
  13  beta_y       4.08974e-04   6.82043e-04   6.82043e-04   1.69892e+01
  14  alpha_vw     0.00000e+00   1.00000e-03   1.00000e-03   2.38609e+03
  15  w_vw         1.33125e+01   constant   
  16  beta_vw      0.00000e+00     fixed    
  17  LM           7.82405e-03   constant   
  18  zeta_y       0.00000e+00   constant   
  19  zeta_vw      0.00000e+00   constant   
 MIGRAD MINIMIZATION HAS CONVERGED.
 MIGRAD WILL VERIFY CONVERGENCE AND ERROR MATRIX.
 COVARIANCE MATRIX CALCULATED SUCCESSFULLY
 FCN=89.7631 FROM MIGRAD    STATUS=CONVERGED      26 CALLS         471 TOTAL
                     EDM=1.01905e-11    STRATEGY= 1      ERROR MATRIX ACCURATE 
  EXT PARAMETER                                   STEP         FIRST   
  NO.   NAME      VALUE            ERROR          SIZE      DERIVATIVE 
   1  N0           3.08905e+06     fixed    
   2  tau          6.44005e+01   constant   
   3  A0           3.47741e-01     fixed    
   4  phi          4.13376e+00     fixed    
   5  R           -5.91840e+01   constant   
   6  alpha_CBO   -5.31218e-02     fixed    
   7  w_CBO        2.31789e-05   constant   
   8  beta_CBO    -1.12605e-05     fixed    
   9  alpha_2CBO  -8.53341e-08     fixed    
  10  beta_2CBO    7.41490e+00     fixed    
  11  alpha_y      1.41905e-03     fixed    
  12  w_y          1.44000e+01   constant   
  13  beta_y       4.10119e-04   6.83040e-04   3.17726e-06  -6.60884e-03
  14  alpha_vw    -5.51682e-04   6.80033e-04   3.16327e-06   4.80581e-05
  15  w_vw         1.33125e+01   constant   
  16  beta_vw      0.00000e+00     fixed    
  17  LM           7.82405e-03   constant   
  18  zeta_y       0.00000e+00   constant   
  19  zeta_vw      0.00000e+00   constant   
 EXTERNAL ERROR MATRIX.    NDIM=  25    NPAR=  2    ERR DEF=1
  4.665e-07 -4.283e-09 
 -4.283e-09  4.624e-07 
 PARAMETER  CORRELATION COEFFICIENTS  
       NO.  GLOBAL     13     14
       13  0.00922   1.000 -0.009
       14  0.00922  -0.009  1.000
MINUIT - FIT ALTOGETHER
 **********
 **   83 **RES 
 **********
                   PARAMETER   16  beta_vw RESTORED TO VARIABLE.
                   PARAMETER   11  alpha_y RESTORED TO VARIABLE.
                   PARAMETER   10  beta_2CBO RESTORED TO VARIABLE.
                   PARAMETER    9  alpha_2CBO RESTORED TO VARIABLE.
                   PARAMETER    8  beta_CBO RESTORED TO VARIABLE.
                   PARAMETER    6  alpha_CBO RESTORED TO VARIABLE.
                   PARAMETER    4  phi RESTORED TO VARIABLE.
                   PARAMETER    3  A0 RESTORED TO VARIABLE.
                   PARAMETER    1  N0 RESTORED TO VARIABLE.
 **********
 **   84 **MIGRAD
 **********
 START MIGRAD MINIMIZATION.  STRATEGY  1.  CONVERGENCE WHEN EDM .LT. 1.00e-04
 FCN=89.7631 FROM MIGRAD    STATUS=INITIATE       24 CALLS         495 TOTAL
                     EDM= unknown      STRATEGY= 1      NO ERROR MATRIX       
  EXT PARAMETER               CURRENT GUESS       STEP         FIRST   
  NO.   NAME      VALUE            ERROR          SIZE      DERIVATIVE 
   1  N0           3.08905e+06   2.03202e+04   2.03202e+04   8.81765e-06
   2  tau          6.44005e+01   constant   
   3  A0           3.47741e-01   6.55453e-04   6.55453e-04  -3.12197e+01
   4  phi          4.13376e+00   2.00853e-03   2.00853e-03   3.88963e+01
   5  R           -5.91840e+01   constant   
   6  alpha_CBO   -5.31218e-02   6.93595e-03   6.93595e-03   2.55934e+01
   7  w_CBO        2.31789e-05   constant   
   8  beta_CBO    -1.12605e-05   9.36647e-01   9.36647e-01   2.02541e-01
   9  alpha_2CBO  -8.53341e-08   6.93647e-03   6.93647e-03   2.55910e+01
  10  beta_2CBO    7.41490e+00   3.45705e-02   3.45705e-02   4.05069e-01
  11  alpha_y      1.41905e-03   6.78725e-04   6.78725e-04   5.14514e+01
  12  w_y          1.44000e+01   constant   
  13  beta_y       4.10119e-04   6.83040e-04   3.17726e-06  -6.60915e-03
  14  alpha_vw    -5.51682e-04   6.80033e-04   3.16327e-06   4.73595e-05
  15  w_vw         1.33125e+01   constant   
  16  beta_vw      0.00000e+00   1.00000e-03   1.00000e-03   1.42665e+03
  17  LM           7.82405e-03   constant   
  18  zeta_y       0.00000e+00   constant   
  19  zeta_vw      0.00000e+00   constant   
 MIGRAD MINIMIZATION HAS CONVERGED.
 MIGRAD WILL VERIFY CONVERGENCE AND ERROR MATRIX.
 FCN=89.5249 FROM MIGRAD    STATUS=CONVERGED     194 CALLS         665 TOTAL
                     EDM=6.12608e-05    STRATEGY= 1      ERR MATRIX NOT POS-DEF
  EXT PARAMETER                APPROXIMATE        STEP         FIRST   
  NO.   NAME      VALUE            ERROR          SIZE      DERIVATIVE 
   1  N0           3.08905e+06   1.87664e+04   6.69207e+00  -1.00127e-07
   2  tau          6.44005e+01   constant   
   3  A0           3.47747e-01   6.55175e-04   3.03724e-06   6.59148e-01
   4  phi          4.13370e+00   2.00925e-03   9.33723e-06  -3.44941e-01
   5  R           -5.91840e+01   constant   
   6  alpha_CBO   -5.31220e-02   6.40499e-03   2.36176e-06  -4.44190e-01
   7  w_CBO        2.31789e-05   constant   
   8  beta_CBO    -1.09662e-04   8.69465e-01   3.21201e-04   7.50081e-03
   9  alpha_2CBO  -3.20535e-07   6.40549e-03   2.36195e-06  -4.44415e-01
  10  beta_2CBO    7.41485e+00   4.34747e-01   1.60605e-04   1.49997e-02
  11  alpha_y      1.40188e-03   6.77585e-04   3.15317e-06   6.58244e-01
  12  w_y          1.44000e+01   constant   
  13  beta_y       4.01954e-04   6.81610e-04   3.17309e-06  -1.52048e-01
  14  alpha_vw    -5.55217e-04   6.78741e-04   3.15912e-06   5.80443e-01
  15  w_vw         1.33125e+01   constant   
  16  beta_vw     -3.31588e-04   6.80561e-04   3.16707e-06   1.65032e-01
  17  LM           7.82405e-03   constant   
  18  zeta_y       0.00000e+00   constant   
  19  zeta_vw      0.00000e+00   constant   
 EXTERNAL ERROR MATRIX.    NDIM=  25    NPAR= 11    ERR DEF=1
  3.522e+08 
 -1.594e-02  4.293e-07 
 -1.619e-01 -1.283e-08  4.037e-06 
 -3.050e+01 -5.192e-09 -7.003e-08  4.102e-05 
 -4.028e+03 -1.071e-06  9.888e-06 -1.366e-03  7.560e-01 
 -3.050e+01 -5.192e-09 -7.006e-08 -1.045e-05 -1.367e-03  4.103e-05 
 -2.014e+03 -5.355e-07  4.944e-06 -6.833e-04 -9.805e-02 -6.833e-04  1.890e-01 
  2.449e-02  3.444e-09 -3.753e-08  1.103e-08 -2.019e-06  1.104e-08 -1.009e-06  4.591e-07 
  1.064e-02  3.047e-09 -1.319e-08  4.688e-09 -7.528e-07  4.691e-09 -3.765e-07 -1.008e-09  4.646e-07 
  2.231e-02  2.223e-09 -2.999e-08  9.877e-09 -1.634e-06  9.883e-09 -8.170e-07  1.026e-08 -3.990e-09  4.607e-07 
  1.818e-02  2.096e-09 -2.986e-08  8.284e-09 -1.616e-06  8.288e-09 -8.083e-07  8.663e-09  1.172e-08  5.551e-09  4.632e-07 
ERR MATRIX NOT POS-DEF
 PARAMETER  CORRELATION COEFFICIENTS  
       NO.  GLOBAL      1      3      4      6      8      9     10     11     13     14     16
        1  0.99687   1.000 -0.001 -0.004 -0.254 -0.247 -0.254 -0.247  0.002  0.001  0.002  0.001
        3  0.09621  -0.001  1.000 -0.010 -0.001 -0.002 -0.001 -0.002  0.008  0.007  0.005  0.005
        4  0.06629  -0.004 -0.010  1.000 -0.005  0.006 -0.005  0.006 -0.028 -0.010 -0.022 -0.022
        6  0.99686  -0.254 -0.001 -0.005  1.000 -0.245 -0.255 -0.245  0.003  0.001  0.002  0.002
        8  0.99685  -0.247 -0.002  0.006 -0.245  1.000 -0.245 -0.259 -0.003 -0.001 -0.003 -0.003
        9  0.99686  -0.254 -0.001 -0.005 -0.255 -0.245  1.000 -0.245  0.003  0.001  0.002  0.002
       10  0.99685  -0.247 -0.002  0.006 -0.245 -0.259 -0.245  1.000 -0.003 -0.001 -0.003 -0.003
       11  0.04054   0.002  0.008 -0.028  0.003 -0.003  0.003 -0.003  1.000 -0.002  0.022  0.019
       13  0.02993   0.001  0.007 -0.010  0.001 -0.001  0.001 -0.001 -0.002  1.000 -0.009  0.025
       14  0.03586   0.002  0.005 -0.022  0.002 -0.003  0.002 -0.003  0.022 -0.009  1.000  0.012
       16  0.04018   0.001  0.005 -0.022  0.002 -0.003  0.002 -0.003  0.019  0.025  0.012  1.000
 ERR MATRIX NOT POS-DEF
MINUIT - MINOS
 **********
 **   85 **RES 
 **********
 CALL TO MNFREE IGNORED.  THERE ARE NO FIXED PARAMETERS
 **********
 **   86 **MIG      2.5e+04        0.01
 **********
 START MIGRAD MINIMIZATION.  STRATEGY  1.  CONVERGENCE WHEN EDM .LT. 1.00e-05
 FCN=89.5249 FROM MIGRAD    STATUS=INITIATE       22 CALLS         687 TOTAL
                     EDM=3.06304e-05    STRATEGY= 1      ERR MATRIX NOT POS-DEF
  EXT PARAMETER                APPROXIMATE        STEP         FIRST   
  NO.   NAME      VALUE            ERROR          SIZE      DERIVATIVE 
   1  N0           3.08905e+06   1.87664e+04   6.69207e+00  -1.00127e-07
   2  tau          6.44005e+01   constant   
   3  A0           3.47747e-01   6.55175e-04   3.03724e-06   6.59149e-01
   4  phi          4.13370e+00   2.00925e-03   9.33723e-06  -3.44941e-01
   5  R           -5.91840e+01   constant   
   6  alpha_CBO   -5.31220e-02   6.40499e-03   2.36176e-06  -4.44190e-01
   7  w_CBO        2.31789e-05   constant   
   8  beta_CBO    -1.09662e-04   8.69465e-01   3.21201e-04   7.50081e-03
   9  alpha_2CBO  -3.20535e-07   6.40549e-03   2.36195e-06  -4.44416e-01
  10  beta_2CBO    7.41485e+00   4.34747e-01   1.60605e-04   1.49997e-02
  11  alpha_y      1.40188e-03   6.77585e-04   3.15317e-06   6.58244e-01
  12  w_y          1.44000e+01   constant   
  13  beta_y       4.01954e-04   6.81610e-04   3.17309e-06  -1.52048e-01
  14  alpha_vw    -5.55217e-04   6.78741e-04   3.15912e-06   5.80442e-01
  15  w_vw         1.33125e+01   constant   
  16  beta_vw     -3.31588e-04   6.80561e-04   3.16707e-06   1.65032e-01
  17  LM           7.82405e-03   constant   
  18  zeta_y       0.00000e+00   constant   
  19  zeta_vw      0.00000e+00   constant   
 MIGRAD MINIMIZATION HAS CONVERGED.
 MIGRAD WILL VERIFY CONVERGENCE AND ERROR MATRIX.
 FCN=89.5234 FROM MIGRAD    STATUS=CONVERGED     172 CALLS         837 TOTAL
                     EDM=5.04191e-08    STRATEGY= 1      ERR MATRIX NOT POS-DEF
  EXT PARAMETER                APPROXIMATE        STEP         FIRST   
  NO.   NAME      VALUE            ERROR          SIZE      DERIVATIVE 
   1  N0           3.09069e+06   1.87760e+04   6.69437e+00  -2.11782e-07
   2  tau          6.44005e+01   constant   
   3  A0           3.47747e-01   6.55174e-04   3.03722e-06  -1.72120e-02
   4  phi          4.13369e+00   2.00925e-03   9.33725e-06  -2.19294e-02
   5  R           -5.91840e+01   constant   
   6  alpha_CBO   -5.23828e-02   6.40172e-03   2.36086e-06  -6.20286e-01
   7  w_CBO        2.31789e-05   constant   
   8  beta_CBO    -1.38627e-01   8.69010e-01   3.21078e-04  -4.55522e-03
   9  alpha_2CBO   7.39231e-04   6.40222e-03   2.36105e-06  -6.20261e-01
  10  beta_2CBO    7.34560e+00   4.34518e-01   1.60544e-04  -9.11054e-03
  11  alpha_y      1.40275e-03   6.77585e-04   3.15315e-06   2.28331e-02
  12  w_y          1.44000e+01   constant   
  13  beta_y       4.02388e-04   6.81611e-04   3.17307e-06  -7.81889e-03
  14  alpha_vw    -5.54492e-04   6.78741e-04   3.15910e-06   2.39184e-02
  15  w_vw         1.33125e+01   constant   
  16  beta_vw     -3.30839e-04   6.80561e-04   3.16705e-06  -3.51193e-03
  17  LM           7.82405e-03   constant   
  18  zeta_y       0.00000e+00   constant   
  19  zeta_vw      0.00000e+00   constant   
 EXTERNAL ERROR MATRIX.    NDIM=  25    NPAR= 11    ERR DEF=1
  3.525e+08 
 -1.595e-02  4.293e-07 
 -1.626e-01 -1.283e-08  4.037e-06 
 -3.050e+01 -5.194e-09 -6.994e-08  4.098e-05 
 -4.027e+03 -1.070e-06  9.891e-06 -1.365e-03  7.552e-01 
 -3.051e+01 -5.194e-09 -6.997e-08 -1.044e-05 -1.365e-03  4.099e-05 
 -2.014e+03 -5.349e-07  4.945e-06 -6.826e-04 -9.796e-02 -6.826e-04  1.888e-01 
  2.462e-02  3.444e-09 -3.753e-08  1.101e-08 -2.019e-06  1.102e-08 -1.010e-06  4.591e-07 
  1.069e-02  3.047e-09 -1.319e-08  4.682e-09 -7.532e-07  4.683e-09 -3.765e-07 -1.007e-09  4.646e-07 
  2.242e-02  2.223e-09 -2.999e-08  9.864e-09 -1.634e-06  9.868e-09 -8.170e-07  1.025e-08 -3.995e-09  4.607e-07 
  1.827e-02  2.096e-09 -2.986e-08  8.273e-09 -1.617e-06  8.276e-09 -8.083e-07  8.668e-09  1.172e-08  5.551e-09  4.632e-07 
ERR MATRIX NOT POS-DEF
 PARAMETER  CORRELATION COEFFICIENTS  
       NO.  GLOBAL      1      3      4      6      8      9     10     11     13     14     16
        1  0.99687   1.000 -0.001 -0.004 -0.254 -0.247 -0.254 -0.247  0.002  0.001  0.002  0.001
        3  0.09621  -0.001  1.000 -0.010 -0.001 -0.002 -0.001 -0.002  0.008  0.007  0.005  0.005
        4  0.06629  -0.004 -0.010  1.000 -0.005  0.006 -0.005  0.006 -0.028 -0.010 -0.022 -0.022
        6  0.99686  -0.254 -0.001 -0.005  1.000 -0.245 -0.255 -0.245  0.003  0.001  0.002  0.002
        8  0.99685  -0.247 -0.002  0.006 -0.245  1.000 -0.245 -0.259 -0.003 -0.001 -0.003 -0.003
        9  0.99686  -0.254 -0.001 -0.005 -0.255 -0.245  1.000 -0.245  0.003  0.001  0.002  0.002
       10  0.99685  -0.247 -0.002  0.006 -0.245 -0.259 -0.245  1.000 -0.003 -0.001 -0.003 -0.003
       11  0.04054   0.002  0.008 -0.028  0.003 -0.003  0.003 -0.003  1.000 -0.002  0.022  0.019
       13  0.02993   0.001  0.007 -0.010  0.001 -0.001  0.001 -0.001 -0.002  1.000 -0.009  0.025
       14  0.03586   0.002  0.005 -0.022  0.002 -0.003  0.002 -0.003  0.022 -0.009  1.000  0.012
       16  0.04018   0.001  0.005 -0.022  0.002 -0.003  0.002 -0.003  0.019  0.025  0.012  1.000
 ERR MATRIX NOT POS-DEF
 **********
 **   87 **MINO      2.5e+04
 **********
                         POSITIVE MINOS ERROR NOT CALCULATED FOR PARAMETER 1
                         NEGATIVE MINOS ERROR NOT CALCULATED FOR PARAMETER 1
                         POSITIVE MINOS ERROR NOT CALCULATED FOR PARAMETER 6
                         NEGATIVE MINOS ERROR NOT CALCULATED FOR PARAMETER 6
                         POSITIVE MINOS ERROR NOT CALCULATED FOR PARAMETER 8
                         NEGATIVE MINOS ERROR NOT CALCULATED FOR PARAMETER 8
                         POSITIVE MINOS ERROR NOT CALCULATED FOR PARAMETER 9
                         NEGATIVE MINOS ERROR NOT CALCULATED FOR PARAMETER 9
                         POSITIVE MINOS ERROR NOT CALCULATED FOR PARAMETER 10
                         NEGATIVE MINOS ERROR NOT CALCULATED FOR PARAMETER 10
 FCN=89.5234 FROM MINOS     STATUS=PROBLEMS    11548 CALLS       12485 TOTAL
                     EDM=5.0419e-08    STRATEGY= 1      ERR MATRIX NOT POS-DEF
  EXT PARAMETER                  PARABOLIC         MINOS ERRORS        
  NO.   NAME      VALUE            ERROR      NEGATIVE      POSITIVE   
   1  N0           3.09069e+06   1.87743e+04                            
   2  tau          6.44005e+01   constant   
   3  A0           3.47747e-01   6.55176e-04  -6.56813e-04   6.56860e-04
   4  phi          4.13369e+00   2.00926e-03  -2.01954e-03   2.01976e-03
   5  R           -5.91840e+01   constant   
   6  alpha_CBO   -5.23828e-02   6.40440e-03                            
   7  w_CBO        2.31789e-05   constant   
   8  beta_CBO    -1.38627e-01   8.69426e-01                            
   9  alpha_2CBO   7.39231e-04   6.40538e-03                            
  10  beta_2CBO    7.34560e+00   4.34775e-01                            
  11  alpha_y      1.40275e-03   6.77587e-04  -6.79815e-04   6.79804e-04
  12  w_y          1.44000e+01   constant   
  13  beta_y       4.02388e-04   6.81612e-04  -6.83402e-04   6.83404e-04
  14  alpha_vw    -5.54492e-04   6.78743e-04  -6.80827e-04   6.80811e-04
  15  w_vw         1.33125e+01   constant   
  16  beta_vw     -3.30839e-04   6.80563e-04  -6.82586e-04   6.82590e-04
  17  LM           7.82405e-03   constant   
  18  zeta_y       0.00000e+00   constant   
  19  zeta_vw      0.00000e+00   constant   
 **********
 **   88 **SHO COR 
 **********
 PARAMETER  CORRELATION COEFFICIENTS  
       NO.  GLOBAL      1      3      4      6      8      9     10     11     13     14     16
        1  0.99687   1.000 -0.001 -0.004 -0.254 -0.247 -0.254 -0.247  0.002  0.001  0.002  0.001
        3  0.09621  -0.001  1.000 -0.010 -0.001 -0.002 -0.001 -0.002  0.008  0.007  0.005  0.005
        4  0.06629  -0.004 -0.010  1.000 -0.005  0.006 -0.005  0.006 -0.028 -0.010 -0.022 -0.022
        6  0.99686  -0.254 -0.001 -0.005  1.000 -0.245 -0.255 -0.246  0.003  0.001  0.002  0.002
        8  0.99685  -0.247 -0.002  0.006 -0.245  1.000 -0.245 -0.259 -0.003 -0.001 -0.003 -0.003
        9  0.99686  -0.254 -0.001 -0.005 -0.255 -0.245  1.000 -0.246  0.003  0.001  0.002  0.002
       10  0.99685  -0.247 -0.002  0.006 -0.246 -0.259 -0.246  1.000 -0.003 -0.001 -0.003 -0.003
       11  0.04054   0.002  0.008 -0.028  0.003 -0.003  0.003 -0.003  1.000 -0.002  0.022  0.019
       13  0.02993   0.001  0.007 -0.010  0.001 -0.001  0.001 -0.001 -0.002  1.000 -0.009  0.025
       14  0.03587   0.002  0.005 -0.022  0.002 -0.003  0.002 -0.003  0.022 -0.009  1.000  0.012
       16  0.04018   0.001  0.005 -0.022  0.002 -0.003  0.002 -0.003  0.019  0.025  0.012  1.000
 ERR MATRIX NOT POS-DEF
