 + ++++++++++++++++++++++++++++++++++++++++++++++++++++++++++++++++++++ +
 +                                                                      +
 +           You have chose to blind your fitting according to          +
 +                omega_ref * (1 + (R +/- deltaR) *10^{-6})             +
 +                                                                      +
 + ++++++++++++++++++++++++++++++++++++++++++++++++++++++++++++++++++++ +
In main()...
reading format from /gm2data/zkhechad/run45/envelope/formats/formatB_sBin_constraintOn.txt
pBinTau 	= 0  
pBinPhi 	= 0  
constraintau 	= 1 
includeMopTerm 	= 0    
constrainMop    = 0   
Parameters after format file: pBinTau 0 pBinPhi 0 constraintau 1 includeMopTerm 0 constrainMop 0 c_e_scale 0.000000 
reading cbo reference file (full fit) from /gm2data/zkhechad/cboTemplates/Run4CBOTemplates/fullFits/noRF/sBin_constraintOn_cE0.0_seed0_noRF_calo2.root
A_CBO 0.007055 w_CBO 2.327216 phi_CBO 2.944209 N0 3210886.138764 R -59.956152 tau 64.412278 
Reading cboRef file /gm2data/zkhechad/cboTemplates/Run4CBOTemplates//cboIsolate/noRF_calo2.root
deltaT 164.120000
windowBins = 240
fitting sliding window 1440 from bin 1643 at 245.135600 to bin 1883 at 280.943600 (240 bins)

Reading data from /gm2data/cornell/histograms/aMethod/histogram_a_noRF.root
fitting cbo isolate
 **********
 **    1 **SET PRINTOUT            1
 **********
 **********
 **    2 **SET NOWARNINGS 
 **********
 PARAMETER DEFINITIONS:
    NO.   NAME         VALUE      STEP SIZE      LIMITS
     1 A_CBO        7.05492e-03  1.00000e-05     no limits
     2 w_CBO        2.32722e+00  1.00000e-02    2.00000e+00  3.00000e+00
     3 phi_CBO      2.94421e+00  1.00000e-02    0.00000e+00  6.28319e+00
 **********
 **    3 **MIGRAD
 **********
 FIRST CALL TO USER FUNCTION AT NEW START POINT, WITH IFLAG=4.
 START MIGRAD MINIMIZATION.  STRATEGY  1.  CONVERGENCE WHEN EDM .LT. 1.00e-04
 FCN=0.00527913 FROM MIGRAD    STATUS=INITIATE       12 CALLS          13 TOTAL
                     EDM= unknown      STRATEGY= 1      NO ERROR MATRIX       
  EXT PARAMETER               CURRENT GUESS       STEP         FIRST   
  NO.   NAME      VALUE            ERROR          SIZE      DERIVATIVE 
   1  A_CBO        7.05492e-03   1.00000e-05   1.00000e-05   1.19721e+00
   2  w_CBO        2.32722e+00   1.00000e-02   2.13153e-02   4.75490e-02
   3  phi_CBO      2.94421e+00   1.00000e-02   3.18941e-03  -1.25690e-03
 MIGRAD MINIMIZATION HAS CONVERGED.
 MIGRAD WILL VERIFY CONVERGENCE AND ERROR MATRIX.
 COVARIANCE MATRIX CALCULATED SUCCESSFULLY
 FCN=0.00230475 FROM MIGRAD    STATUS=CONVERGED      49 CALLS          50 TOTAL
                     EDM=1.7158e-05    STRATEGY= 1      ERROR MATRIX ACCURATE 
  EXT PARAMETER                                   STEP         FIRST   
  NO.   NAME      VALUE            ERROR          SIZE      DERIVATIVE 
   1  A_CBO        2.06066e-03   1.03459e-01   4.46341e-05  -9.80039e-03
   2  w_CBO        2.32706e+00   7.95641e-01   1.73200e-04  -7.50262e-04
   3  phi_CBO      2.99106e+00   4.63577e+00   6.79539e-03   4.87586e-06
 EXTERNAL ERROR MATRIX.    NDIM=  25    NPAR=  3    ERR DEF=1
  1.070e-02 -2.577e-01 -6.775e+01 
 -2.577e-01  2.772e+01  7.287e+03 
 -6.775e+01  7.287e+03  1.918e+06 
 PARAMETER  CORRELATION COEFFICIENTS  
       NO.  GLOBAL      1      2      3
        1  0.47310   1.000 -0.473 -0.473
        2  0.99950  -0.473  1.000  0.999
        3  0.99950  -0.473  0.999  1.000
setting A_CBO=0.002061 w_CBO=2.327063, phi_CBO=2.991056
done fitting cbo isolate
 **********
 **    1 **SET PRINTOUT            1
 **********
 **********
 **    2 **SET NOWARNINGS 
 **********
 PARAMETER DEFINITIONS:
    NO.   NAME         VALUE      STEP SIZE      LIMITS
     1 N0           3.21089e+06  1.00000e+02     no limits
     2 tau          6.44123e+01  constant
     3 A0           3.64391e-01  1.00000e-04     no limits
     4 phi          4.11818e+00  1.00000e-02     no limits
     5 R           -5.99562e+01  constant
     6 A_CBO        2.06066e-03  1.00000e-05     no limits
     7 w_CBO        2.32706e+00  1.00000e-03     no limits
     8 phi_CBO      2.99106e+00  1.00000e-04     no limits
     9 ANx2         0.00000e+00  constant
    10 pNx2         0.00000e+00  constant
    11 ANy1         5.17764e-04  1.00000e-06     no limits
    12 pNy1         2.94408e+00  1.00000e-04     no limits
    13 w_y          0.00000e+00  1.00000e-03     no limits
    14 ANy2         1.05029e-02  1.00000e-06     no limits
    15 pNy2         5.14636e+00  1.00000e-04     no limits
    16 w_vw         1.44513e+01  1.00000e-03     no limits
    17 LM           3.57376e-04  constant
    18 wCBO_expCoeff   0.00000e+00  constant
    19 wCBO_expOffset   0.00000e+00  constant
    20 wCBO_expT    0.00000e+00  constant
    21 wCBO_linCoeff   0.00000e+00  constant
    22 wCBO_const   0.00000e+00  constant
MINUIT - FIT ONLY WIGGLE
 **********
 **    3 **FIX            5
 **********
 PARAMETER    5  IS CONSTANT.   IGNORED.
 **********
 **    4 **FIX            6
 **********
 **********
 **    5 **FIX            7
 **********
 **********
 **    6 **FIX            8
 **********
 **********
 **    7 **FIX            9
 **********
 PARAMETER    9  IS CONSTANT.   IGNORED.
 **********
 **    8 **FIX           10
 **********
 PARAMETER   10  IS CONSTANT.   IGNORED.
 **********
 **    9 **FIX           11
 **********
 **********
 **   10 **FIX           12
 **********
 **********
 **   11 **FIX           13
 **********
 **********
 **   12 **FIX           14
 **********
 **********
 **   13 **FIX           15
 **********
 **********
 **   14 **FIX           16
 **********
 **********
 **   15 **MIGRAD
 **********
 FIRST CALL TO USER FUNCTION AT NEW START POINT, WITH IFLAG=4.
 START MIGRAD MINIMIZATION.  STRATEGY  1.  CONVERGENCE WHEN EDM .LT. 1.00e-04
 FCN=591.953 FROM MIGRAD    STATUS=INITIATE       12 CALLS          13 TOTAL
                     EDM= unknown      STRATEGY= 1      NO ERROR MATRIX       
  EXT PARAMETER               CURRENT GUESS       STEP         FIRST   
  NO.   NAME      VALUE            ERROR          SIZE      DERIVATIVE 
   1  N0           3.21089e+06   1.00000e+02   1.00000e+02  -2.86368e-03
   2  tau          6.44123e+01   constant   
   3  A0           3.64391e-01   1.00000e-04   1.00000e-04   1.89718e+03
   4  phi          4.11818e+00   1.00000e-02   1.00000e-02   9.58365e+01
   5  R           -5.99562e+01   constant   
   6  A_CBO        2.06066e-03     fixed    
   7  w_CBO        2.32706e+00     fixed    
   8  phi_CBO      2.99106e+00     fixed    
   9  ANx2         0.00000e+00   constant   
  10  pNx2         0.00000e+00   constant   
  11  ANy1         5.17764e-04     fixed    
  12  pNy1         2.94408e+00     fixed    
  13  w_y          0.00000e+00     fixed    
  14  ANy2         1.05029e-02     fixed    
  15  pNy2         5.14636e+00     fixed    
  16  w_vw         1.44513e+01     fixed    
  17  LM           3.57376e-04   constant   
  18  wCBO_expCoeff   0.00000e+00   constant   
  19  wCBO_expOffset   0.00000e+00   constant   
  20  wCBO_expT    0.00000e+00   constant   
  21  wCBO_linCoeff   0.00000e+00   constant   
  22  wCBO_const   0.00000e+00   constant   
 MIGRAD MINIMIZATION HAS CONVERGED.
 MIGRAD WILL VERIFY CONVERGENCE AND ERROR MATRIX.
 COVARIANCE MATRIX CALCULATED SUCCESSFULLY
 FCN=589.604 FROM MIGRAD    STATUS=CONVERGED      42 CALLS          43 TOTAL
                     EDM=1.9215e-06    STRATEGY= 1      ERROR MATRIX ACCURATE 
  EXT PARAMETER                                   STEP         FIRST   
  NO.   NAME      VALUE            ERROR          SIZE      DERIVATIVE 
   1  N0           3.21243e+06   1.04480e+03   1.21868e+01  -4.20807e-07
   2  tau          6.44123e+01   constant   
   3  A0           3.64246e-01   4.26417e-04   5.05429e-06  -3.82291e+00
   4  phi          4.11816e+00   1.23824e-03   1.46860e-05   7.61204e-01
   5  R           -5.99562e+01   constant   
   6  A_CBO        2.06066e-03     fixed    
   7  w_CBO        2.32706e+00     fixed    
   8  phi_CBO      2.99106e+00     fixed    
   9  ANx2         0.00000e+00   constant   
  10  pNx2         0.00000e+00   constant   
  11  ANy1         5.17764e-04     fixed    
  12  pNy1         2.94408e+00     fixed    
  13  w_y          0.00000e+00     fixed    
  14  ANy2         1.05029e-02     fixed    
  15  pNy2         5.14636e+00     fixed    
  16  w_vw         1.44513e+01     fixed    
  17  LM           3.57376e-04   constant   
  18  wCBO_expCoeff   0.00000e+00   constant   
  19  wCBO_expOffset   0.00000e+00   constant   
  20  wCBO_expT    0.00000e+00   constant   
  21  wCBO_linCoeff   0.00000e+00   constant   
  22  wCBO_const   0.00000e+00   constant   
 EXTERNAL ERROR MATRIX.    NDIM=  25    NPAR=  3    ERR DEF=1
  1.092e+06  1.883e-02  3.141e-02 
  1.883e-02  1.818e-07 -1.090e-08 
  3.141e-02 -1.090e-08  1.533e-06 
 PARAMETER  CORRELATION COEFFICIENTS  
       NO.  GLOBAL      1      3      4
        1  0.04918   1.000  0.042  0.024
        3  0.04750   0.042  1.000 -0.021
        4  0.03256   0.024 -0.021  1.000
MINUIT - FIT ONLY 1-CBO + other amplitudes 
 **********
 **   16 **RES 
 **********
                   PARAMETER   16  w_vw RESTORED TO VARIABLE.
                   PARAMETER   15  pNy2 RESTORED TO VARIABLE.
                   PARAMETER   14  ANy2 RESTORED TO VARIABLE.
                   PARAMETER   13  w_y RESTORED TO VARIABLE.
                   PARAMETER   12  pNy1 RESTORED TO VARIABLE.
                   PARAMETER   11  ANy1 RESTORED TO VARIABLE.
                   PARAMETER    8  phi_CBO RESTORED TO VARIABLE.
                   PARAMETER    7  w_CBO RESTORED TO VARIABLE.
                   PARAMETER    6  A_CBO RESTORED TO VARIABLE.
 **********
 **   17 **FIX            0
 **********
 PARAMETER    0  IS UNDEFINED. IGNORED.
 **********
 **   18 **FIX            1
 **********
 **********
 **   19 **FIX            2
 **********
 PARAMETER    2  IS CONSTANT.   IGNORED.
 **********
 **   20 **FIX            3
 **********
 **********
 **   21 **FIX            4
 **********
 **********
 **   22 **FIX            9
 **********
 PARAMETER    9  IS CONSTANT.   IGNORED.
 **********
 **   23 **FIX           11
 **********
 **********
 **   24 **FIX           12
 **********
 **********
 **   25 **FIX           14
 **********
 **********
 **   26 **FIX           15
 **********
 **********
 **   27 **FIX           16
 **********
 **********
 **   28 **MIGRAD
 **********
 START MIGRAD MINIMIZATION.  STRATEGY  1.  CONVERGENCE WHEN EDM .LT. 1.00e-04
 FCN=589.586 FROM MIGRAD    STATUS=INITIATE       30 CALLS          73 TOTAL
                     EDM= unknown      STRATEGY= 1      NO ERROR MATRIX       
  EXT PARAMETER               CURRENT GUESS       STEP         FIRST   
  NO.   NAME      VALUE            ERROR          SIZE      DERIVATIVE 
   1  N0           3.21243e+06     fixed    
   2  tau          6.44123e+01   constant   
   3  A0           3.64246e-01     fixed    
   4  phi          4.11816e+00     fixed    
   5  R           -5.99562e+01   constant   
   6  A_CBO        2.06066e-03   1.00000e-05   0.00000e+00  -2.09571e+02
   7  w_CBO        2.32706e+00   1.00000e-03   0.00000e+00   1.85943e+02
   8  phi_CBO      2.99106e+00   1.00000e-04   0.00000e+00  -7.61342e-01
   9  ANx2         0.00000e+00   constant   
  10  pNx2         0.00000e+00   constant   
  11  ANy1         5.17764e-04     fixed    
  12  pNy1         2.94408e+00     fixed    
  13  w_y          9.56110e-04   1.00000e-03   9.56110e-04  -1.49575e+00
  14  ANy2         1.05029e-02     fixed    
  15  pNy2         5.14636e+00     fixed    
  16  w_vw         1.44513e+01     fixed    
  17  LM           3.57376e-04   constant   
  18  wCBO_expCoeff   0.00000e+00   constant   
  19  wCBO_expOffset   0.00000e+00   constant   
  20  wCBO_expT    0.00000e+00   constant   
  21  wCBO_linCoeff   0.00000e+00   constant   
  22  wCBO_const   0.00000e+00   constant   
 MIGRAD MINIMIZATION HAS CONVERGED.
 MIGRAD WILL VERIFY CONVERGENCE AND ERROR MATRIX.
 COVARIANCE MATRIX CALCULATED SUCCESSFULLY
 FCN=589.558 FROM MIGRAD    STATUS=CONVERGED     124 CALLS         167 TOTAL
                     EDM=1.59198e-07    STRATEGY= 1      ERROR MATRIX ACCURATE 
  EXT PARAMETER                                   STEP         FIRST   
  NO.   NAME      VALUE            ERROR          SIZE      DERIVATIVE 
   1  N0           3.21243e+06     fixed    
   2  tau          6.44123e+01   constant   
   3  A0           3.64246e-01     fixed    
   4  phi          4.11816e+00     fixed    
   5  R           -5.99562e+01   constant   
   6  A_CBO        2.08447e-03   4.60029e-04   5.44732e-06   3.25933e-01
   7  w_CBO        2.32980e+00   2.06285e-02   1.00129e-05  -1.62519e-03
   8  phi_CBO      3.72467e+00   5.38925e+00   2.61597e-03   4.80220e-07
   9  ANx2         0.00000e+00   constant   
  10  pNx2         0.00000e+00   constant   
  11  ANy1         5.17764e-04     fixed    
  12  pNy1         2.94408e+00     fixed    
  13  w_y          9.88633e-04   5.37696e-03   6.38219e-05  -1.01227e-01
  14  ANy2         1.05029e-02     fixed    
  15  pNy2         5.14636e+00     fixed    
  16  w_vw         1.44513e+01     fixed    
  17  LM           3.57376e-04   constant   
  18  wCBO_expCoeff   0.00000e+00   constant   
  19  wCBO_expOffset   0.00000e+00   constant   
  20  wCBO_expT    0.00000e+00   constant   
  21  wCBO_linCoeff   0.00000e+00   constant   
  22  wCBO_const   0.00000e+00   constant   
 EXTERNAL ERROR MATRIX.    NDIM=  25    NPAR=  4    ERR DEF=1
  2.116e-07 -5.906e-07 -1.535e-04  3.536e-08 
 -5.906e-07  4.255e-04  1.111e-01  1.505e-06 
 -1.535e-04  1.111e-01  2.904e+01  3.798e-04 
  3.536e-08  1.505e-06  3.798e-04  2.891e-05 
 PARAMETER  CORRELATION COEFFICIENTS  
       NO.  GLOBAL      6      7      8     13
        6  0.06446   1.000 -0.062 -0.062  0.014
        7  0.99916  -0.062  1.000  0.999  0.014
        8  0.99916  -0.062  0.999  1.000  0.013
       13  0.02321   0.014  0.014  0.013  1.000
MINUIT - FIT ONLY 1-CBO
 **********
 **   29 **RES 
 **********
                   PARAMETER   16  w_vw RESTORED TO VARIABLE.
                   PARAMETER   15  pNy2 RESTORED TO VARIABLE.
                   PARAMETER   14  ANy2 RESTORED TO VARIABLE.
                   PARAMETER   12  pNy1 RESTORED TO VARIABLE.
                   PARAMETER   11  ANy1 RESTORED TO VARIABLE.
                   PARAMETER    4  phi RESTORED TO VARIABLE.
                   PARAMETER    3  A0 RESTORED TO VARIABLE.
                   PARAMETER    1  N0 RESTORED TO VARIABLE.
 **********
 **   30 **FIX            0
 **********
 PARAMETER    0  IS UNDEFINED. IGNORED.
 **********
 **   31 **FIX            1
 **********
 **********
 **   32 **FIX            2
 **********
 PARAMETER    2  IS CONSTANT.   IGNORED.
 **********
 **   33 **FIX            3
 **********
 **********
 **   34 **FIX            4
 **********
 **********
 **   35 **FIX            8
 **********
 **********
 **   36 **FIX            9
 **********
 PARAMETER    9  IS CONSTANT.   IGNORED.
 **********
 **   37 **FIX           11
 **********
 **********
 **   38 **FIX           12
 **********
 **********
 **   39 **FIX           13
 **********
 **********
 **   40 **FIX           15
 **********
 **********
 **   41 **FIX           16
 **********
 **********
 **   42 **MIGRAD
 **********
 START MIGRAD MINIMIZATION.  STRATEGY  1.  CONVERGENCE WHEN EDM .LT. 1.00e-04
 FCN=589.558 FROM MIGRAD    STATUS=INITIATE        8 CALLS         175 TOTAL
                     EDM= unknown      STRATEGY= 1      NO ERROR MATRIX       
  EXT PARAMETER               CURRENT GUESS       STEP         FIRST   
  NO.   NAME      VALUE            ERROR          SIZE      DERIVATIVE 
   1  N0           3.21243e+06     fixed    
   2  tau          6.44123e+01   constant   
   3  A0           3.64246e-01     fixed    
   4  phi          4.11816e+00     fixed    
   5  R           -5.99562e+01   constant   
   6  A_CBO        2.08447e-03   4.60029e-04   5.44732e-06   3.25933e-01
   7  w_CBO        2.32980e+00   2.06285e-02   1.00129e-05  -1.67227e-03
   8  phi_CBO      3.72467e+00     fixed    
   9  ANx2         0.00000e+00   constant   
  10  pNx2         0.00000e+00   constant   
  11  ANy1         5.17764e-04     fixed    
  12  pNy1         2.94408e+00     fixed    
  13  w_y          9.88633e-04     fixed    
  14  ANy2         1.05029e-02   1.00000e-06   1.00000e-06   9.87036e+04
  15  pNy2         5.14636e+00     fixed    
  16  w_vw         1.44513e+01     fixed    
  17  LM           3.57376e-04   constant   
  18  wCBO_expCoeff   0.00000e+00   constant   
  19  wCBO_expOffset   0.00000e+00   constant   
  20  wCBO_expT    0.00000e+00   constant   
  21  wCBO_linCoeff   0.00000e+00   constant   
  22  wCBO_const   0.00000e+00   constant   
 MIGRAD MINIMIZATION HAS CONVERGED.
 MIGRAD WILL VERIFY CONVERGENCE AND ERROR MATRIX.
 COVARIANCE MATRIX CALCULATED SUCCESSFULLY
 FCN=75.0234 FROM MIGRAD    STATUS=CONVERGED      40 CALLS         207 TOTAL
                     EDM=3.90381e-06    STRATEGY= 1      ERROR MATRIX ACCURATE 
  EXT PARAMETER                                   STEP         FIRST   
  NO.   NAME      VALUE            ERROR          SIZE      DERIVATIVE 
   1  N0           3.21243e+06     fixed    
   2  tau          6.44123e+01   constant   
   3  A0           3.64246e-01     fixed    
   4  phi          4.11816e+00     fixed    
   5  R           -5.99562e+01   constant   
   6  A_CBO        2.08227e-03   4.59173e-04   1.95451e-06  -6.08320e+00
   7  w_CBO        2.32973e+00   8.44773e-04   3.59550e-06   6.13373e-02
   8  phi_CBO      3.72467e+00     fixed    
   9  ANx2         0.00000e+00   constant   
  10  pNx2         0.00000e+00   constant   
  11  ANy1         5.17764e-04     fixed    
  12  pNy1         2.94408e+00     fixed    
  13  w_y          9.88633e-04     fixed    
  14  ANy2         7.70673e-05   4.59626e-04   1.95680e-06  -2.43670e-02
  15  pNy2         5.14636e+00     fixed    
  16  w_vw         1.44513e+01     fixed    
  17  LM           3.57376e-04   constant   
  18  wCBO_expCoeff   0.00000e+00   constant   
  19  wCBO_expOffset   0.00000e+00   constant   
  20  wCBO_expT    0.00000e+00   constant   
  21  wCBO_linCoeff   0.00000e+00   constant   
  22  wCBO_const   0.00000e+00   constant   
 EXTERNAL ERROR MATRIX.    NDIM=  25    NPAR=  3    ERR DEF=1
  2.108e-07 -3.491e-09  3.879e-14 
 -3.491e-09  7.136e-07  1.355e-09 
  3.879e-14  1.355e-09  2.113e-07 
 PARAMETER  CORRELATION COEFFICIENTS  
       NO.  GLOBAL      6      7     14
        6  0.00900   1.000 -0.009  0.000
        7  0.00965  -0.009  1.000  0.003
       14  0.00349   0.000  0.003  1.000
MINUIT - FIT ONLY 2-CBO
 **********
 **   43 **RES 
 **********
                   PARAMETER   16  w_vw RESTORED TO VARIABLE.
                   PARAMETER   15  pNy2 RESTORED TO VARIABLE.
                   PARAMETER   13  w_y RESTORED TO VARIABLE.
                   PARAMETER   12  pNy1 RESTORED TO VARIABLE.
                   PARAMETER   11  ANy1 RESTORED TO VARIABLE.
                   PARAMETER    8  phi_CBO RESTORED TO VARIABLE.
                   PARAMETER    4  phi RESTORED TO VARIABLE.
                   PARAMETER    3  A0 RESTORED TO VARIABLE.
                   PARAMETER    1  N0 RESTORED TO VARIABLE.
 **********
 **   44 **FIX            0
 **********
 PARAMETER    0  IS UNDEFINED. IGNORED.
 **********
 **   45 **FIX            1
 **********
 **********
 **   46 **FIX            2
 **********
 PARAMETER    2  IS CONSTANT.   IGNORED.
 **********
 **   47 **FIX            3
 **********
 **********
 **   48 **FIX            4
 **********
 **********
 **   49 **FIX            5
 **********
 PARAMETER    5  IS CONSTANT.   IGNORED.
 **********
 **   50 **FIX            6
 **********
 **********
 **   51 **FIX            7
 **********
 **********
 **   52 **FIX           10
 **********
 PARAMETER   10  IS CONSTANT.   IGNORED.
 **********
 **   53 **FIX           11
 **********
 **********
 **   54 **FIX           12
 **********
 **********
 **   55 **FIX           13
 **********
 **********
 **   56 **FIX           14
 **********
 **********
 **   57 **FIX           15
 **********
 **********
 **   58 **FIX           16
 **********
 **********
 **   59 **MIGRAD
 **********
 START MIGRAD MINIMIZATION.  STRATEGY  1.  CONVERGENCE WHEN EDM .LT. 1.00e-04
 FCN=75.0234 FROM MIGRAD    STATUS=INITIATE        2 CALLS         209 TOTAL
                     EDM= unknown      STRATEGY= 1      NO ERROR MATRIX       
  EXT PARAMETER               CURRENT GUESS       STEP         FIRST   
  NO.   NAME      VALUE            ERROR          SIZE      DERIVATIVE 
   1  N0           3.21243e+06     fixed    
   2  tau          6.44123e+01   constant   
   3  A0           3.64246e-01     fixed    
   4  phi          4.11816e+00     fixed    
   5  R           -5.99562e+01   constant   
   6  A_CBO        2.08227e-03     fixed    
   7  w_CBO        2.32973e+00     fixed    
   8  phi_CBO      3.72467e+00   5.38925e+00   5.38925e+00  -4.93718e-02
   9  ANx2         0.00000e+00   constant   
  10  pNx2         0.00000e+00   constant   
  11  ANy1         5.17764e-04     fixed    
  12  pNy1         2.94408e+00     fixed    
  13  w_y          9.88633e-04     fixed    
  14  ANy2         7.70673e-05     fixed    
  15  pNy2         5.14636e+00     fixed    
  16  w_vw         1.44513e+01     fixed    
  17  LM           3.57376e-04   constant   
  18  wCBO_expCoeff   0.00000e+00   constant   
  19  wCBO_expOffset   0.00000e+00   constant   
  20  wCBO_expT    0.00000e+00   constant   
  21  wCBO_linCoeff   0.00000e+00   constant   
  22  wCBO_const   0.00000e+00   constant   
 MIGRAD MINIMIZATION HAS CONVERGED.
 MIGRAD WILL VERIFY CONVERGENCE AND ERROR MATRIX.
 COVARIANCE MATRIX CALCULATED SUCCESSFULLY
 FCN=75.0234 FROM MIGRAD    STATUS=CONVERGED      12 CALLS         219 TOTAL
                     EDM=9.65201e-15    STRATEGY= 1      ERROR MATRIX ACCURATE 
  EXT PARAMETER                                   STEP         FIRST   
  NO.   NAME      VALUE            ERROR          SIZE      DERIVATIVE 
   1  N0           3.21243e+06     fixed    
   2  tau          6.44123e+01   constant   
   3  A0           3.64246e-01     fixed    
   4  phi          4.11816e+00     fixed    
   5  R           -5.99562e+01   constant   
   6  A_CBO        2.08227e-03     fixed    
   7  w_CBO        2.32973e+00     fixed    
   8  phi_CBO      3.72587e+00   2.20695e-01   9.39601e-04   6.29551e-07
   9  ANx2         0.00000e+00   constant   
  10  pNx2         0.00000e+00   constant   
  11  ANy1         5.17764e-04     fixed    
  12  pNy1         2.94408e+00     fixed    
  13  w_y          9.88633e-04     fixed    
  14  ANy2         7.70673e-05     fixed    
  15  pNy2         5.14636e+00     fixed    
  16  w_vw         1.44513e+01     fixed    
  17  LM           3.57376e-04   constant   
  18  wCBO_expCoeff   0.00000e+00   constant   
  19  wCBO_expOffset   0.00000e+00   constant   
  20  wCBO_expT    0.00000e+00   constant   
  21  wCBO_linCoeff   0.00000e+00   constant   
  22  wCBO_const   0.00000e+00   constant   
 EXTERNAL ERROR MATRIX.    NDIM=  25    NPAR=  1    ERR DEF=1
  4.871e-02 
MINUIT - FIT ONLY 1-y
 **********
 **   60 **RES 
 **********
                   PARAMETER   16  w_vw RESTORED TO VARIABLE.
                   PARAMETER   15  pNy2 RESTORED TO VARIABLE.
                   PARAMETER   14  ANy2 RESTORED TO VARIABLE.
                   PARAMETER   13  w_y RESTORED TO VARIABLE.
                   PARAMETER   12  pNy1 RESTORED TO VARIABLE.
                   PARAMETER   11  ANy1 RESTORED TO VARIABLE.
                   PARAMETER    7  w_CBO RESTORED TO VARIABLE.
                   PARAMETER    6  A_CBO RESTORED TO VARIABLE.
                   PARAMETER    4  phi RESTORED TO VARIABLE.
                   PARAMETER    3  A0 RESTORED TO VARIABLE.
                   PARAMETER    1  N0 RESTORED TO VARIABLE.
 **********
 **   61 **FIX            0
 **********
 PARAMETER    0  IS UNDEFINED. IGNORED.
 **********
 **   62 **FIX            1
 **********
 **********
 **   63 **FIX            2
 **********
 PARAMETER    2  IS CONSTANT.   IGNORED.
 **********
 **   64 **FIX            3
 **********
 **********
 **   65 **FIX            4
 **********
 **********
 **   66 **FIX            5
 **********
 PARAMETER    5  IS CONSTANT.   IGNORED.
 **********
 **   67 **FIX            6
 **********
 **********
 **   68 **FIX            7
 **********
 **********
 **   69 **FIX            8
 **********
 **********
 **   70 **FIX            9
 **********
 PARAMETER    9  IS CONSTANT.   IGNORED.
 **********
 **   71 **FIX           13
 **********
 **********
 **   72 **FIX           14
 **********
 **********
 **   73 **FIX           15
 **********
 **********
 **   74 **FIX           16
 **********
 **********
 **   75 **MIGRAD
 **********
 START MIGRAD MINIMIZATION.  STRATEGY  1.  CONVERGENCE WHEN EDM .LT. 1.00e-04
 FCN=75.0234 FROM MIGRAD    STATUS=INITIATE        8 CALLS         227 TOTAL
                     EDM= unknown      STRATEGY= 1      NO ERROR MATRIX       
  EXT PARAMETER               CURRENT GUESS       STEP         FIRST   
  NO.   NAME      VALUE            ERROR          SIZE      DERIVATIVE 
   1  N0           3.21243e+06     fixed    
   2  tau          6.44123e+01   constant   
   3  A0           3.64246e-01     fixed    
   4  phi          4.11816e+00     fixed    
   5  R           -5.99562e+01   constant   
   6  A_CBO        2.08227e-03     fixed    
   7  w_CBO        2.32973e+00     fixed    
   8  phi_CBO      3.72587e+00     fixed    
   9  ANx2         0.00000e+00   constant   
  10  pNx2         0.00000e+00   constant   
  11  ANy1         5.17764e-04   1.00000e-06   1.00000e-06   5.34036e+02
  12  pNy1         2.94408e+00   1.00000e-04   1.00000e-04   1.09690e-01
  13  w_y          9.88633e-04     fixed    
  14  ANy2         7.70673e-05     fixed    
  15  pNy2         5.14636e+00     fixed    
  16  w_vw         1.44513e+01     fixed    
  17  LM           3.57376e-04   constant   
  18  wCBO_expCoeff   0.00000e+00   constant   
  19  wCBO_expOffset   0.00000e+00   constant   
  20  wCBO_expT    0.00000e+00   constant   
  21  wCBO_linCoeff   0.00000e+00   constant   
  22  wCBO_const   0.00000e+00   constant   
 MIGRAD MINIMIZATION HAS CONVERGED.
 MIGRAD WILL VERIFY CONVERGENCE AND ERROR MATRIX.
 COVARIANCE MATRIX CALCULATED SUCCESSFULLY
 FCN=74.4916 FROM MIGRAD    STATUS=CONVERGED     307 CALLS         526 TOTAL
                     EDM=1.91995e-06    STRATEGY= 1      ERROR MATRIX ACCURATE 
  EXT PARAMETER                                   STEP         FIRST   
  NO.   NAME      VALUE            ERROR          SIZE      DERIVATIVE 
   1  N0           3.21243e+06     fixed    
   2  tau          6.44123e+01   constant   
   3  A0           3.64246e-01     fixed    
   4  phi          4.11816e+00     fixed    
   5  R           -5.99562e+01   constant   
   6  A_CBO        2.08227e-03     fixed    
   7  w_CBO        2.32973e+00     fixed    
   8  phi_CBO      3.72587e+00     fixed    
   9  ANx2         0.00000e+00   constant   
  10  pNx2         0.00000e+00   constant   
  11  ANy1         2.31125e-02   3.21599e-02   6.39495e-05  -1.28545e-01
  12  pNy1         4.95181e+00   2.96682e-02   6.02079e-05   1.20060e-01
  13  w_y          9.88633e-04     fixed    
  14  ANy2         7.70673e-05     fixed    
  15  pNy2         5.14636e+00     fixed    
  16  w_vw         1.44513e+01     fixed    
  17  LM           3.57376e-04   constant   
  18  wCBO_expCoeff   0.00000e+00   constant   
  19  wCBO_expOffset   0.00000e+00   constant   
  20  wCBO_expT    0.00000e+00   constant   
  21  wCBO_linCoeff   0.00000e+00   constant   
  22  wCBO_const   0.00000e+00   constant   
 EXTERNAL ERROR MATRIX.    NDIM=  25    NPAR=  2    ERR DEF=1
  1.034e-03  8.403e-04 
  8.403e-04  8.802e-04 
 PARAMETER  CORRELATION COEFFICIENTS  
       NO.  GLOBAL     11     12
       11  0.88073   1.000  0.881
       12  0.88073   0.881  1.000
MINUIT - FIT ONLY 2-y
 **********
 **   76 **RES 
 **********
                   PARAMETER   16  w_vw RESTORED TO VARIABLE.
                   PARAMETER   15  pNy2 RESTORED TO VARIABLE.
                   PARAMETER   14  ANy2 RESTORED TO VARIABLE.
                   PARAMETER   13  w_y RESTORED TO VARIABLE.
                   PARAMETER    8  phi_CBO RESTORED TO VARIABLE.
                   PARAMETER    7  w_CBO RESTORED TO VARIABLE.
                   PARAMETER    6  A_CBO RESTORED TO VARIABLE.
                   PARAMETER    4  phi RESTORED TO VARIABLE.
                   PARAMETER    3  A0 RESTORED TO VARIABLE.
                   PARAMETER    1  N0 RESTORED TO VARIABLE.
 **********
 **   77 **FIX            0
 **********
 PARAMETER    0  IS UNDEFINED. IGNORED.
 **********
 **   78 **FIX            1
 **********
 **********
 **   79 **FIX            2
 **********
 PARAMETER    2  IS CONSTANT.   IGNORED.
 **********
 **   80 **FIX            3
 **********
 **********
 **   81 **FIX            4
 **********
 **********
 **   82 **FIX            5
 **********
 PARAMETER    5  IS CONSTANT.   IGNORED.
 **********
 **   83 **FIX            6
 **********
 **********
 **   84 **FIX            7
 **********
 **********
 **   85 **FIX            8
 **********
 **********
 **   86 **FIX            9
 **********
 PARAMETER    9  IS CONSTANT.   IGNORED.
 **********
 **   87 **FIX           10
 **********
 PARAMETER   10  IS CONSTANT.   IGNORED.
 **********
 **   88 **FIX           11
 **********
 **********
 **   89 **FIX           12
 **********
 **********
 **   90 **FIX           16
 **********
 **********
 **   91 **MIGRAD
 **********
 START MIGRAD MINIMIZATION.  STRATEGY  1.  CONVERGENCE WHEN EDM .LT. 1.00e-04
 FCN=74.4916 FROM MIGRAD    STATUS=INITIATE       10 CALLS         536 TOTAL
                     EDM= unknown      STRATEGY= 1      NO ERROR MATRIX       
  EXT PARAMETER               CURRENT GUESS       STEP         FIRST   
  NO.   NAME      VALUE            ERROR          SIZE      DERIVATIVE 
   1  N0           3.21243e+06     fixed    
   2  tau          6.44123e+01   constant   
   3  A0           3.64246e-01     fixed    
   4  phi          4.11816e+00     fixed    
   5  R           -5.99562e+01   constant   
   6  A_CBO        2.08227e-03     fixed    
   7  w_CBO        2.32973e+00     fixed    
   8  phi_CBO      3.72587e+00     fixed    
   9  ANx2         0.00000e+00   constant   
  10  pNx2         0.00000e+00   constant   
  11  ANy1         2.31125e-02     fixed    
  12  pNy1         4.95181e+00     fixed    
  13  w_y          9.88633e-04   5.37696e-03   5.37696e-03  -3.20154e+01
  14  ANy2         7.70673e-05   4.59626e-04   4.59626e-04   1.23893e+01
  15  pNy2         5.14636e+00   1.00000e-04   1.00000e-04   3.57595e-02
  16  w_vw         1.44513e+01     fixed    
  17  LM           3.57376e-04   constant   
  18  wCBO_expCoeff   0.00000e+00   constant   
  19  wCBO_expOffset   0.00000e+00   constant   
  20  wCBO_expT    0.00000e+00   constant   
  21  wCBO_linCoeff   0.00000e+00   constant   
  22  wCBO_const   0.00000e+00   constant   
 MIGRAD MINIMIZATION HAS CONVERGED.
 MIGRAD WILL VERIFY CONVERGENCE AND ERROR MATRIX.
 COVARIANCE MATRIX CALCULATED SUCCESSFULLY
 FCN=74.4803 FROM MIGRAD    STATUS=CONVERGED      50 CALLS         576 TOTAL
                     EDM=9.89285e-08    STRATEGY= 1      ERROR MATRIX ACCURATE 
  EXT PARAMETER                                   STEP         FIRST   
  NO.   NAME      VALUE            ERROR          SIZE      DERIVATIVE 
   1  N0           3.21243e+06     fixed    
   2  tau          6.44123e+01   constant   
   3  A0           3.64246e-01     fixed    
   4  phi          4.11816e+00     fixed    
   5  R           -5.99562e+01   constant   
   6  A_CBO        2.08227e-03     fixed    
   7  w_CBO        2.32973e+00     fixed    
   8  phi_CBO      3.72587e+00     fixed    
   9  ANx2         0.00000e+00   constant   
  10  pNx2         0.00000e+00   constant   
  11  ANy1         2.31125e-02     fixed    
  12  pNy1         4.95181e+00     fixed    
  13  w_y          9.88701e-04   5.37587e-05   2.28051e-07   5.36822e-01
  14  ANy2         8.99401e-05   4.58912e-04   1.94646e-06  -9.53742e-01
  15  pNy2         4.57296e+00   5.10615e+00   2.18207e-02  -1.52886e-05
  16  w_vw         1.44513e+01     fixed    
  17  LM           3.57376e-04   constant   
  18  wCBO_expCoeff   0.00000e+00   constant   
  19  wCBO_expOffset   0.00000e+00   constant   
  20  wCBO_expT    0.00000e+00   constant   
  21  wCBO_linCoeff   0.00000e+00   constant   
  22  wCBO_const   0.00000e+00   constant   
 EXTERNAL ERROR MATRIX.    NDIM=  25    NPAR=  3    ERR DEF=1
  2.890e-09  9.918e-11 -5.616e-07 
  9.918e-11  2.106e-07 -1.867e-05 
 -5.616e-07 -1.867e-05  2.607e+01 
 PARAMETER  CORRELATION COEFFICIENTS  
       NO.  GLOBAL     13     14     15
       13  0.00450   1.000  0.004 -0.002
       14  0.00892   0.004  1.000 -0.008
       15  0.00822  -0.002 -0.008  1.000
MINUIT - FIT ALTOGETHER
 **********
 **   92 **RES 
 **********
                   PARAMETER   16  w_vw RESTORED TO VARIABLE.
                   PARAMETER   12  pNy1 RESTORED TO VARIABLE.
                   PARAMETER   11  ANy1 RESTORED TO VARIABLE.
                   PARAMETER    8  phi_CBO RESTORED TO VARIABLE.
                   PARAMETER    7  w_CBO RESTORED TO VARIABLE.
                   PARAMETER    6  A_CBO RESTORED TO VARIABLE.
                   PARAMETER    4  phi RESTORED TO VARIABLE.
                   PARAMETER    3  A0 RESTORED TO VARIABLE.
                   PARAMETER    1  N0 RESTORED TO VARIABLE.
 **********
 **   93 **MIGRAD
 **********
 START MIGRAD MINIMIZATION.  STRATEGY  1.  CONVERGENCE WHEN EDM .LT. 1.00e-04
 FCN=74.4803 FROM MIGRAD    STATUS=INITIATE       28 CALLS         604 TOTAL
                     EDM= unknown      STRATEGY= 1      NO ERROR MATRIX       
  EXT PARAMETER               CURRENT GUESS       STEP         FIRST   
  NO.   NAME      VALUE            ERROR          SIZE      DERIVATIVE 
   1  N0           3.21243e+06   1.04480e+03   1.04480e+03  -5.03596e-08
   2  tau          6.44123e+01   constant   
   3  A0           3.64246e-01   4.26417e-04   4.26417e-04   6.44441e+02
   4  phi          4.11816e+00   1.23824e-03   1.23824e-03  -8.29342e+01
   5  R           -5.99562e+01   constant   
   6  A_CBO        2.08227e-03   4.59173e-04   4.59173e-04  -3.33735e+01
   7  w_CBO        2.32973e+00   8.44773e-04   8.44773e-04   1.06431e+01
   8  phi_CBO      3.72587e+00   2.20695e-01   2.20695e-01  -8.11592e-02
   9  ANx2         0.00000e+00   constant   
  10  pNx2         0.00000e+00   constant   
  11  ANy1         2.31125e-02   3.21599e-02   3.21599e-02  -3.23050e-02
  12  pNy1         4.95181e+00   2.96682e-02   2.96682e-02  -5.02674e-03
  13  w_y          9.88701e-04   5.37587e-05   2.28051e-07   5.36734e-01
  14  ANy2         8.99401e-05   4.58912e-04   1.94646e-06  -9.53742e-01
  15  pNy2         4.57296e+00   5.10615e+00   2.18207e-02  -1.52415e-05
  16  w_vw         1.44513e+01   1.00000e-03   1.00000e-03   2.62876e-01
  17  LM           3.57376e-04   constant   
  18  wCBO_expCoeff   0.00000e+00   constant   
  19  wCBO_expOffset   0.00000e+00   constant   
  20  wCBO_expT    0.00000e+00   constant   
  21  wCBO_linCoeff   0.00000e+00   constant   
  22  wCBO_const   0.00000e+00   constant   
 MIGRAD MINIMIZATION HAS CONVERGED.
 FCN=74.3705 FROM MIGRAD    STATUS=CONVERGED     458 CALLS        1034 TOTAL
                     EDM=2.50695e-07    STRATEGY= 1  ERROR MATRIX UNCERTAINTY   0.7 per cent
  EXT PARAMETER                                   STEP         FIRST   
  NO.   NAME      VALUE            ERROR          SIZE      DERIVATIVE 
   1  N0           3.21243e+06   1.18015e+03   3.29263e-01  -1.67525e-07
   2  tau          6.44123e+01   constant   
   3  A0           3.64184e-01   4.30323e-04   5.46522e-08  -8.77778e-01
   4  phi          4.11821e+00   1.25809e-03  -2.63750e-08  -3.35747e-01
   5  R           -5.99562e+01   constant   
   6  A_CBO        2.08864e-03   4.60537e-04   5.53168e-09   6.35323e-01
   7  w_CBO        2.33204e+00   2.08830e-02  -1.19719e-05  -1.59781e-01
   8  phi_CBO      4.33068e+00   5.45398e+00  -3.15598e-03   5.43905e-04
   9  ANx2         0.00000e+00   constant   
  10  pNx2         0.00000e+00   constant   
  11  ANy1         2.32791e-02   3.35455e-02  -9.48842e-06   6.37959e-04
  12  pNy1         4.95178e+00   1.60538e-02   5.00786e-06  -1.38334e-02
  13  w_y          9.88325e-04   5.48772e-05  -1.76948e-08   3.44094e+00
  14  ANy2         1.54869e-04   4.49798e-04  -5.03913e-07  -8.54217e-01
  15  pNy2        -1.79774e+01   5.06718e+01   1.31895e-01   6.30919e-05
  16  w_vw         1.43694e+01   1.89791e-01   4.72110e-04  -1.84493e-02
  17  LM           3.57376e-04   constant   
  18  wCBO_expCoeff   0.00000e+00   constant   
  19  wCBO_expOffset   0.00000e+00   constant   
  20  wCBO_expT    0.00000e+00   constant   
  21  wCBO_linCoeff   0.00000e+00   constant   
  22  wCBO_const   0.00000e+00   constant   
 EXTERNAL ERROR MATRIX.    NDIM=  25    NPAR= 12    ERR DEF=1
 ELEMENTS ABOVE DIAGONAL ARE NOT PRINTED.
  1.393e+06 
 -6.813e-03  1.852e-07 
  6.323e-02 -1.425e-09  1.583e-06 
  1.065e-02 -8.150e-09 -3.563e-09  2.121e-07 
 -2.138e-01 -2.609e-07 -2.507e-06 -1.055e-07  4.361e-04 
 -5.462e+01 -6.723e-05 -6.561e-04 -2.660e-05  1.138e-01  2.975e+01 
  2.458e+01 -4.871e-07  2.742e-06  2.843e-07 -3.085e-05 -7.971e-03  1.125e-03 
  4.268e+00 -9.674e-08  9.087e-07  1.575e-07 -1.547e-05 -4.021e-03  3.387e-04  2.577e-04 
 -7.833e-03  2.267e-10 -2.205e-09 -4.719e-10  1.393e-08  3.594e-06 -9.326e-07 -1.122e-07  3.012e-09 
 -6.916e-03  4.873e-09  1.363e-08 -3.594e-09  1.780e-07  4.608e-05 -1.065e-07 -1.098e-07  3.176e-10  2.023e-07 
 -2.383e+02  3.873e-04  2.852e-04 -1.910e-04  1.503e-02  3.848e+00 -2.450e-02 -2.485e-03  4.226e-05 -1.571e-03  2.568e+03 
 -7.405e-01  1.375e-06  8.731e-07 -6.287e-07  6.099e-05  1.565e-02 -9.501e-05 -7.031e-06  1.490e-07 -6.400e-06  9.599e+00 
 -7.405e-01  1.375e-06  8.731e-07 -6.287e-07  6.099e-05  1.565e-02 -9.501e-05 -7.031e-06  1.490e-07 -6.400e-06  9.599e+00  3.602e-02 
 PARAMETER  CORRELATION COEFFICIENTS  
       NO.  GLOBAL      1      3      4      6      7      8     11     12     13     14     15     16
        1  0.72188   1.000 -0.013  0.043  0.020 -0.009 -0.008  0.621  0.225 -0.121 -0.013 -0.004 -0.003
        3  0.07550  -0.013  1.000 -0.003 -0.041 -0.029 -0.029 -0.034 -0.014  0.010  0.025  0.018  0.017
        4  0.11769   0.043 -0.003  1.000 -0.006 -0.095 -0.096  0.065  0.045 -0.032  0.024  0.004  0.004
        6  0.06041   0.020 -0.041 -0.006  1.000 -0.011 -0.011  0.018  0.021 -0.019 -0.017 -0.008 -0.007
        7  0.99918  -0.009 -0.029 -0.095 -0.011  1.000  0.999 -0.044 -0.046  0.012  0.019  0.014  0.015
        8  0.99918  -0.008 -0.029 -0.096 -0.011  0.999  1.000 -0.044 -0.046  0.012  0.019  0.014  0.015
       11  0.88711   0.621 -0.034  0.065  0.018 -0.044 -0.044  1.000  0.629 -0.507 -0.007 -0.014 -0.015
       12  0.72687   0.225 -0.014  0.045  0.021 -0.046 -0.046  0.629  1.000 -0.127 -0.015 -0.003 -0.002
       13  0.65217  -0.121  0.010 -0.032 -0.019  0.012  0.012 -0.507 -0.127  1.000  0.013  0.015  0.014
       14  0.13290  -0.013  0.025  0.024 -0.017  0.019  0.019 -0.007 -0.015  0.013  1.000 -0.069 -0.075
       15  0.99817  -0.004  0.018  0.004 -0.008  0.014  0.014 -0.014 -0.003  0.015 -0.069  1.000  0.998
       16  0.99817  -0.003  0.017  0.004 -0.007  0.015  0.015 -0.015 -0.002  0.014 -0.075  0.998  1.000
MINUIT - REFIT 5-PARAM
 **********
 **   94 **FIX            5
 **********
 PARAMETER    5  IS CONSTANT.   IGNORED.
 **********
 **   95 **FIX            6
 **********
 **********
 **   96 **FIX            7
 **********
 **********
 **   97 **FIX            8
 **********
 **********
 **   98 **FIX            9
 **********
 PARAMETER    9  IS CONSTANT.   IGNORED.
 **********
 **   99 **FIX           10
 **********
 PARAMETER   10  IS CONSTANT.   IGNORED.
 **********
 **  100 **FIX           11
 **********
 **********
 **  101 **FIX           12
 **********
 **********
 **  102 **FIX           13
 **********
 **********
 **  103 **FIX           14
 **********
 **********
 **  104 **FIX           15
 **********
 **********
 **  105 **FIX           16
 **********
 **********
 **  106 **MIGRAD
 **********
 START MIGRAD MINIMIZATION.  STRATEGY  1.  CONVERGENCE WHEN EDM .LT. 1.00e-04
 FCN=74.3705 FROM MIGRAD    STATUS=INITIATE        6 CALLS        1040 TOTAL
                     EDM=2.1147e-07    STRATEGY= 1  ERROR MATRIX UNCERTAINTY  50.0 per cent
  EXT PARAMETER                APPROXIMATE        STEP         FIRST   
  NO.   NAME      VALUE            ERROR          SIZE      DERIVATIVE 
   1  N0           3.21243e+06   8.16902e+02   3.29263e-01  -1.67525e-07
   2  tau          6.44123e+01   constant   
   3  A0           3.64184e-01   4.29199e-04   5.46522e-08  -8.77778e-01
   4  phi          4.11821e+00   1.24941e-03  -2.63750e-08  -3.35747e-01
   5  R           -5.99562e+01   constant   
   6  A_CBO        2.08864e-03     fixed    
   7  w_CBO        2.33204e+00     fixed    
   8  phi_CBO      4.33068e+00     fixed    
   9  ANx2         0.00000e+00   constant   
  10  pNx2         0.00000e+00   constant   
  11  ANy1         2.32791e-02     fixed    
  12  pNy1         4.95178e+00     fixed    
  13  w_y          9.88325e-04     fixed    
  14  ANy2         1.54869e-04     fixed    
  15  pNy2        -1.79774e+01     fixed    
  16  w_vw         1.43694e+01     fixed    
  17  LM           3.57376e-04   constant   
  18  wCBO_expCoeff   0.00000e+00   constant   
  19  wCBO_expOffset   0.00000e+00   constant   
  20  wCBO_expT    0.00000e+00   constant   
  21  wCBO_linCoeff   0.00000e+00   constant   
  22  wCBO_const   0.00000e+00   constant   
 MIGRAD MINIMIZATION HAS CONVERGED.
 MIGRAD WILL VERIFY CONVERGENCE AND ERROR MATRIX.
 COVARIANCE MATRIX CALCULATED SUCCESSFULLY
 FCN=74.3705 FROM MIGRAD    STATUS=CONVERGED      29 CALLS        1063 TOTAL
                     EDM=3.74176e-09    STRATEGY= 1      ERROR MATRIX ACCURATE 
  EXT PARAMETER                                   STEP         FIRST   
  NO.   NAME      VALUE            ERROR          SIZE      DERIVATIVE 
   1  N0           3.21243e+06   1.04477e+03   4.35344e+00  -8.20070e-08
   2  tau          6.44123e+01   constant   
   3  A0           3.64184e-01   4.26430e-04   1.80563e-06   2.58294e-02
   4  phi          4.11821e+00   1.23841e-03   5.24693e-06   1.01927e-02
   5  R           -5.99562e+01   constant   
   6  A_CBO        2.08864e-03     fixed    
   7  w_CBO        2.33204e+00     fixed    
   8  phi_CBO      4.33068e+00     fixed    
   9  ANx2         0.00000e+00   constant   
  10  pNx2         0.00000e+00   constant   
  11  ANy1         2.32791e-02     fixed    
  12  pNy1         4.95178e+00     fixed    
  13  w_y          9.88325e-04     fixed    
  14  ANy2         1.54869e-04     fixed    
  15  pNy2        -1.79774e+01     fixed    
  16  w_vw         1.43694e+01     fixed    
  17  LM           3.57376e-04   constant   
  18  wCBO_expCoeff   0.00000e+00   constant   
  19  wCBO_expOffset   0.00000e+00   constant   
  20  wCBO_expT    0.00000e+00   constant   
  21  wCBO_linCoeff   0.00000e+00   constant   
  22  wCBO_const   0.00000e+00   constant   
 EXTERNAL ERROR MATRIX.    NDIM=  25    NPAR=  3    ERR DEF=1
  1.092e+06  1.881e-02  3.143e-02 
  1.881e-02  1.818e-07 -1.093e-08 
  3.143e-02 -1.093e-08  1.534e-06 
 PARAMETER  CORRELATION COEFFICIENTS  
       NO.  GLOBAL      1      3      4
        1  0.04915   1.000  0.042  0.024
        3  0.04748   0.042  1.000 -0.021
        4  0.03260   0.024 -0.021  1.000
MINUIT - 2CBO + Y
 **********
 **  107 **RES 
 **********
                   PARAMETER   16  w_vw RESTORED TO VARIABLE.
                   PARAMETER   15  pNy2 RESTORED TO VARIABLE.
                   PARAMETER   14  ANy2 RESTORED TO VARIABLE.
                   PARAMETER   13  w_y RESTORED TO VARIABLE.
                   PARAMETER   12  pNy1 RESTORED TO VARIABLE.
                   PARAMETER   11  ANy1 RESTORED TO VARIABLE.
                   PARAMETER    8  phi_CBO RESTORED TO VARIABLE.
                   PARAMETER    7  w_CBO RESTORED TO VARIABLE.
                   PARAMETER    6  A_CBO RESTORED TO VARIABLE.
 **********
 **  108 **FIX            0
 **********
 PARAMETER    0  IS UNDEFINED. IGNORED.
 **********
 **  109 **FIX            1
 **********
 **********
 **  110 **FIX            2
 **********
 PARAMETER    2  IS CONSTANT.   IGNORED.
 **********
 **  111 **FIX            3
 **********
 **********
 **  112 **FIX            4
 **********
 **********
 **  113 **FIX            5
 **********
 PARAMETER    5  IS CONSTANT.   IGNORED.
 **********
 **  114 **FIX            6
 **********
 **********
 **  115 **FIX            7
 **********
 **********
 **  116 **FIX           16
 **********
 **********
 **  117 **MIGRAD
 **********
 START MIGRAD MINIMIZATION.  STRATEGY  1.  CONVERGENCE WHEN EDM .LT. 1.00e-04
 FCN=74.3705 FROM MIGRAD    STATUS=INITIATE       12 CALLS        1075 TOTAL
                     EDM= unknown      STRATEGY= 1      NO ERROR MATRIX       
  EXT PARAMETER               CURRENT GUESS       STEP         FIRST   
  NO.   NAME      VALUE            ERROR          SIZE      DERIVATIVE 
   1  N0           3.21243e+06     fixed    
   2  tau          6.44123e+01   constant   
   3  A0           3.64184e-01     fixed    
   4  phi          4.11821e+00     fixed    
   5  R           -5.99562e+01   constant   
   6  A_CBO        2.08864e-03     fixed    
   7  w_CBO        2.33204e+00     fixed    
   8  phi_CBO      4.33068e+00   2.20664e-01   2.20664e-01   5.36577e-04
   9  ANx2         0.00000e+00   constant   
  10  pNx2         0.00000e+00   constant   
  11  ANy1         2.32791e-02   3.35057e-02   3.35057e-02  -5.23221e-03
  12  pNy1         4.95178e+00   1.24776e-02   1.24776e-02  -7.43667e-03
  13  w_y          9.88325e-04   4.53431e-05   4.53431e-05   1.75326e+00
  14  ANy2         1.54869e-04   4.49549e-04   4.49549e-04  -8.52208e-01
  15  pNy2        -1.79774e+01   5.05337e+01   5.05337e+01   6.34424e-05
  16  w_vw         1.43694e+01     fixed    
  17  LM           3.57376e-04   constant   
  18  wCBO_expCoeff   0.00000e+00   constant   
  19  wCBO_expOffset   0.00000e+00   constant   
  20  wCBO_expT    0.00000e+00   constant   
  21  wCBO_linCoeff   0.00000e+00   constant   
  22  wCBO_const   0.00000e+00   constant   
 MIGRAD MINIMIZATION HAS CONVERGED.
 MIGRAD WILL VERIFY CONVERGENCE AND ERROR MATRIX.
 FCN=74.3705 FROM MIGRAD    STATUS=CONVERGED      67 CALLS        1130 TOTAL
                     EDM=6.1572e-08    STRATEGY= 1      ERR MATRIX NOT POS-DEF
  EXT PARAMETER                APPROXIMATE        STEP         FIRST   
  NO.   NAME      VALUE            ERROR          SIZE      DERIVATIVE 
   1  N0           3.21243e+06     fixed    
   2  tau          6.44123e+01   constant   
   3  A0           3.64184e-01     fixed    
   4  phi          4.11821e+00     fixed    
   5  R           -5.99562e+01   constant   
   6  A_CBO        2.08864e-03     fixed    
   7  w_CBO        2.33204e+00     fixed    
   8  phi_CBO      4.33067e+00   2.19702e-01   9.32785e-04  -4.86583e-06
   9  ANx2         0.00000e+00   constant   
  10  pNx2         0.00000e+00   constant   
  11  ANy1         2.32797e-02   4.03803e-02   6.47089e-05  -1.14303e-02
  12  pNy1         4.95178e+00   1.75196e-01   5.91393e-05   1.51560e-03
  13  w_y          9.88323e-04   7.40352e-04   2.26253e-07  -5.61146e-01
  14  ANy2         1.54959e-04   4.58765e-04   1.94803e-06   8.07118e-04
  15  pNy2        -1.79776e+01   2.95604e+00   1.25555e-02  -3.69093e-07
  16  w_vw         1.43694e+01     fixed    
  17  LM           3.57376e-04   constant   
  18  wCBO_expCoeff   0.00000e+00   constant   
  19  wCBO_expOffset   0.00000e+00   constant   
  20  wCBO_expT    0.00000e+00   constant   
  21  wCBO_linCoeff   0.00000e+00   constant   
  22  wCBO_const   0.00000e+00   constant   
 EXTERNAL ERROR MATRIX.    NDIM=  25    NPAR=  6    ERR DEF=1
  4.827e-02  1.042e-04 -5.705e-05 -4.151e-07  3.413e-07 -2.288e-03 
  1.042e-04  1.631e-03 -3.483e-03 -1.841e-05  7.365e-08 -7.837e-04 
 -5.705e-05 -3.483e-03  3.069e-02  1.279e-04 -2.318e-08  3.115e-04 
 -4.151e-07 -1.841e-05  1.279e-04  5.481e-07 -3.619e-10  3.587e-06 
  3.413e-07  7.365e-08 -2.318e-08 -3.619e-10  2.105e-07 -5.752e-06 
 -2.288e-03 -7.837e-04  3.115e-04  3.587e-06 -5.752e-06  8.738e+00 
ERR MATRIX NOT POS-DEF
 PARAMETER  CORRELATION COEFFICIENTS  
       NO.  GLOBAL      8     11     12     13     14     15
        8  0.01759   1.000  0.012 -0.001 -0.003  0.003 -0.004
       11  0.92605   0.012  1.000 -0.492 -0.616  0.004 -0.007
       12  0.99684  -0.001 -0.492  1.000  0.986 -0.000  0.001
       13  0.99741  -0.003 -0.616  0.986  1.000 -0.001  0.002
       14  0.00716   0.003  0.004 -0.000 -0.001  1.000 -0.004
       15  0.00904  -0.004 -0.007  0.001  0.002 -0.004  1.000
 ERR MATRIX NOT POS-DEF
MINUIT - MINOS
 **********
 **  118 **RES 
 **********
                   PARAMETER   16  w_vw RESTORED TO VARIABLE.
                   PARAMETER    7  w_CBO RESTORED TO VARIABLE.
                   PARAMETER    6  A_CBO RESTORED TO VARIABLE.
                   PARAMETER    4  phi RESTORED TO VARIABLE.
                   PARAMETER    3  A0 RESTORED TO VARIABLE.
                   PARAMETER    1  N0 RESTORED TO VARIABLE.
 **********
 **  119 **MIG      2.5e+04        0.01
 **********
 START MIGRAD MINIMIZATION.  STRATEGY  1.  CONVERGENCE WHEN EDM .LT. 1.00e-05
 FCN=74.3705 FROM MIGRAD    STATUS=INITIATE       24 CALLS        1154 TOTAL
                     EDM= unknown      STRATEGY= 1      NO ERROR MATRIX       
  EXT PARAMETER               CURRENT GUESS       STEP         FIRST   
  NO.   NAME      VALUE            ERROR          SIZE      DERIVATIVE 
   1  N0           3.21243e+06   1.04477e+03   1.04477e+03   3.77239e-08
   2  tau          6.44123e+01   constant   
   3  A0           3.64184e-01   4.26430e-04   4.26430e-04   2.37303e-02
   4  phi          4.11821e+00   1.23841e-03   1.23841e-03   3.91549e-03
   5  R           -5.99562e+01   constant   
   6  A_CBO        2.08864e-03   4.60537e-04   4.60537e-04   6.61265e-01
   7  w_CBO        2.33204e+00   2.08818e-02   2.08818e-02  -1.45345e-02
   8  phi_CBO      4.33067e+00   2.19702e-01   9.32785e-04  -4.72022e-06
   9  ANx2         0.00000e+00   constant   
  10  pNx2         0.00000e+00   constant   
  11  ANy1         2.32797e-02   4.03803e-02   6.47089e-05  -1.14303e-02
  12  pNy1         4.95178e+00   1.75196e-01   5.91393e-05   1.51594e-03
  13  w_y          9.88323e-04   7.40352e-04   2.26253e-07  -5.61233e-01
  14  ANy2         1.54959e-04   4.58765e-04   1.94803e-06   8.07764e-04
  15  pNy2        -1.79776e+01   2.95604e+00   1.25555e-02  -3.63843e-07
  16  w_vw         1.43694e+01   1.14960e-02   1.14960e-02  -1.56255e-03
  17  LM           3.57376e-04   constant   
  18  wCBO_expCoeff   0.00000e+00   constant   
  19  wCBO_expOffset   0.00000e+00   constant   
  20  wCBO_expT    0.00000e+00   constant   
  21  wCBO_linCoeff   0.00000e+00   constant   
  22  wCBO_const   0.00000e+00   constant   
 MIGRAD MINIMIZATION HAS CONVERGED.
 MIGRAD WILL VERIFY CONVERGENCE AND ERROR MATRIX.
 FCN=74.3705 FROM MIGRAD    STATUS=CONVERGED     165 CALLS        1295 TOTAL
                     EDM=1.07001e-07    STRATEGY= 1      ERR MATRIX NOT POS-DEF
  EXT PARAMETER                APPROXIMATE        STEP         FIRST   
  NO.   NAME      VALUE            ERROR          SIZE      DERIVATIVE 
   1  N0           3.21243e+06   1.26629e+04   4.35344e+00  -1.45867e-07
   2  tau          6.44123e+01   constant   
   3  A0           3.64184e-01   4.25872e-04   1.80563e-06   7.78935e-03
   4  phi          4.11821e+00   1.23973e-03   5.24693e-06  -5.24884e-04
   5  R           -5.99562e+01   constant   
   6  A_CBO        2.08859e-03   4.58486e-04   1.94643e-06   1.36491e-01
   7  w_CBO        2.33204e+00   8.12503e-03   3.57164e-06  -2.58255e-03
   8  phi_CBO      4.33067e+00   2.12191e+00   9.32785e-04  -4.96351e-05
   9  ANx2         0.00000e+00   constant   
  10  pNx2         0.00000e+00   constant   
  11  ANy1         2.32808e-02   3.95304e-02   6.47127e-05   1.75167e-03
  12  pNy1         4.95178e+00   1.69826e-01   5.91378e-05  -1.22178e-02
  13  w_y          9.88323e-04   7.23312e-04   2.26247e-07   3.07583e+00
  14  ANy2         1.54959e-04   4.61480e-04   1.94803e-06   4.30496e-04
  15  pNy2        -1.79776e+01   2.68212e+01   1.25518e-02  -4.93108e-06
  16  w_vw         1.43694e+01   1.00505e-01   4.70336e-05  -3.39369e-04
  17  LM           3.57376e-04   constant   
  18  wCBO_expCoeff   0.00000e+00   constant   
  19  wCBO_expOffset   0.00000e+00   constant   
  20  wCBO_expT    0.00000e+00   constant   
  21  wCBO_linCoeff   0.00000e+00   constant   
  22  wCBO_const   0.00000e+00   constant   
 EXTERNAL ERROR MATRIX.    NDIM=  25    NPAR= 12    ERR DEF=1
 ELEMENTS ABOVE DIAGONAL ARE NOT PRINTED.
  1.603e+08 
  8.180e-03  1.814e-07 
 -8.513e-03 -1.146e-08  1.537e-06 
  1.715e-03 -6.612e-09 -2.231e-09  2.102e-07 
  3.920e-02 -3.471e-08 -3.483e-07 -3.111e-08  6.602e-05 
  8.813e+00 -7.755e-06 -9.207e-05 -7.341e-06  1.715e-02  4.502e+00 
 -1.143e+02 -3.195e-07  3.298e-06  1.038e-07 -4.755e-06 -1.139e-03  1.563e-03 
 -1.041e+03  1.232e-07 -3.064e-07  1.503e-08  7.840e-07  1.807e-04 -1.612e-03  2.884e-02 
  4.556e+00  9.349e-10 -1.338e-08 -5.159e-10  1.800e-08  4.340e-06 -1.687e-05  6.188e-05  5.232e-07 
 -7.906e-03 -9.618e-10  9.465e-10  3.252e-11  7.208e-09  2.237e-06  8.160e-08  4.467e-08 -5.341e-10  2.130e-07 
 -1.408e+01  5.136e-05 -7.513e-06  7.029e-06 -4.043e-04 -1.234e-01 -1.850e-03 -6.034e-05  8.453e-06 -1.398e-03  7.194e+02 
 -7.112e-02  1.813e-07  4.032e-08  4.745e-08 -1.407e-06 -4.262e-04 -3.951e-06 -6.362e-07  2.010e-08 -5.251e-06  2.679e+00 
 -7.112e-02  1.813e-07  4.032e-08  4.745e-08 -1.407e-06 -4.262e-04 -3.951e-06 -6.362e-07  2.010e-08 -5.251e-06  2.679e+00  1.010e-02 
ERR MATRIX NOT POS-DEF
 PARAMETER  CORRELATION COEFFICIENTS  
       NO.  GLOBAL      1      3      4      6      7      8     11     12     13     14     15     16
        1  0.99661   1.000  0.002 -0.001  0.000  0.000  0.000 -0.228 -0.484  0.497 -0.001 -0.000 -0.000
        3  0.06470   0.002  1.000 -0.022 -0.034 -0.010 -0.009 -0.019  0.002  0.003 -0.005  0.004  0.004
        4  0.08787  -0.001 -0.022  1.000 -0.004 -0.035 -0.035  0.067 -0.001 -0.015  0.002 -0.000  0.000
        6  0.03998   0.000 -0.034 -0.004  1.000 -0.008 -0.008  0.006  0.000 -0.002  0.000  0.001  0.001
        7  0.99463   0.000 -0.010 -0.035 -0.008  1.000  0.995 -0.015  0.001  0.003  0.002 -0.002 -0.002
        8  0.99463   0.000 -0.009 -0.035 -0.008  0.995  1.000 -0.014  0.001  0.003  0.002 -0.002 -0.002
       11  0.92279  -0.228 -0.019  0.067  0.006 -0.015 -0.014  1.000 -0.240 -0.590  0.004 -0.002 -0.001
       12  0.99664  -0.484  0.002 -0.001  0.000  0.001  0.001 -0.240  1.000  0.504  0.001 -0.000 -0.000
       13  0.99729   0.497  0.003 -0.015 -0.002  0.003  0.003 -0.590  0.504  1.000 -0.002  0.000  0.000
       14  0.11354  -0.001 -0.005  0.002  0.000  0.002  0.002  0.004  0.001 -0.002  1.000 -0.113 -0.113
       15  0.99392  -0.000  0.004 -0.000  0.001 -0.002 -0.002 -0.002 -0.000  0.000 -0.113  1.000  0.994
       16  0.99392  -0.000  0.004  0.000  0.001 -0.002 -0.002 -0.001 -0.000  0.000 -0.113  0.994  1.000
 ERR MATRIX NOT POS-DEF
 **********
 **  120 **MINO      2.5e+04
 **********
                         POSITIVE MINOS ERROR NOT CALCULATED FOR PARAMETER 1
                         NEGATIVE MINOS ERROR NOT CALCULATED FOR PARAMETER 1
 FCN=72.8773 FROM MINOS     STATUS=NEW MINIMU   8880 CALLS       10290 TOTAL
                     EDM= unknown      STRATEGY= 1      NO ERROR MATRIX       
  EXT PARAMETER                  PARABOLIC         MINOS ERRORS        
  NO.   NAME      VALUE            ERROR      NEGATIVE      POSITIVE   
   1  N0           3.21518e+06   2.90582e+03                            
   2  tau          6.44123e+01   constant   
   3  A0           3.64185e-01   4.28227e-04  -4.26980e-04   4.26963e-04
   4  phi          4.11821e+00   1.24262e-03  -1.24670e-03   1.24680e-03
   5  R           -5.99562e+01   constant   
   6  A_CBO        2.08678e-03   4.58120e-04  -4.59533e-04   4.59508e-04
   7  w_CBO        2.33223e+00   8.40331e-04  -2.08968e-02   2.22415e-02
   8  phi_CBO      2.32288e+01   2.24978e+00                            
   9  ANx2         0.00000e+00   constant   
  10  pNx2         0.00000e+00   constant   
  11  ANy1         3.64366e-02   3.88131e-03                            
  12  pNy1         4.83957e+00   2.26168e-01                            
  13  w_y          6.22661e-04   8.36885e-04                            
  14  ANy2        -5.81988e-04   4.70966e-04                            
  15  pNy2        -2.88068e+02   2.07059e+01                            
  16  w_vw         1.33674e+01   7.84975e-02                            
  17  LM           3.57376e-04   constant   
  18  wCBO_expCoeff   0.00000e+00   constant   
  19  wCBO_expOffset   0.00000e+00   constant   
  20  wCBO_expT    0.00000e+00   constant   
  21  wCBO_linCoeff   0.00000e+00   constant   
  22  wCBO_const   0.00000e+00   constant   
 NEW MINIMUM FOUND.  GO BACK TO MINIMIZATION STEP.
 =================================================
                                                  V
                                                  V
                                                  V
                                               VVVVVVV
                                                VVVVV
                                                 VVV
                                                  V

 START MIGRAD MINIMIZATION.  STRATEGY  1.  CONVERGENCE WHEN EDM .LT. 5.00e-05
 FCN=72.8773 FROM MIGRAD    STATUS=INITIATE       24 CALLS       10314 TOTAL
                     EDM= unknown      STRATEGY= 1      NO ERROR MATRIX       
  EXT PARAMETER               CURRENT GUESS       STEP         FIRST   
  NO.   NAME      VALUE            ERROR          SIZE      DERIVATIVE 
   1  N0           3.21518e+06   2.90582e+03  -2.47948e+00   5.19156e-08
   2  tau          6.44123e+01   constant   
   3  A0           3.64185e-01   4.28227e-04  -5.69178e-07  -1.79440e-01
   4  phi          4.11821e+00   1.24262e-03  -2.00592e-07   8.11134e-03
   5  R           -5.99562e+01   constant   
   6  A_CBO        2.08678e-03   4.58120e-04  -1.57916e-07   6.92255e-02
   7  w_CBO        2.33223e+00   8.40331e-04  -7.49605e-07   8.36087e-02
   8  phi_CBO      2.32288e+01   2.24978e+00   2.24978e+00   3.69400e-03
   9  ANx2         0.00000e+00   constant   
  10  pNx2         0.00000e+00   constant   
  11  ANy1         3.64366e-02   3.88131e-03  -4.32863e-07  -1.15809e-02
  12  pNy1         4.83957e+00   2.26168e-01   2.81773e-04   5.27269e-03
  13  w_y          6.22661e-04   8.36885e-04   1.01306e-06  -1.64774e+00
  14  ANy2        -5.81988e-04   4.70966e-04   3.22057e-07  -7.35758e-01
  15  pNy2        -2.88068e+02   2.07059e+01  -1.94309e-02  -3.99116e-05
  16  w_vw         1.33674e+01   7.84975e-02  -7.20089e-05   7.71250e-03
  17  LM           3.57376e-04   constant   
  18  wCBO_expCoeff   0.00000e+00   constant   
  19  wCBO_expOffset   0.00000e+00   constant   
  20  wCBO_expT    0.00000e+00   constant   
  21  wCBO_linCoeff   0.00000e+00   constant   
  22  wCBO_const   0.00000e+00   constant   
 MIGRAD MINIMIZATION HAS CONVERGED.
 MIGRAD WILL VERIFY CONVERGENCE AND ERROR MATRIX.
 FCN=72.8773 FROM MIGRAD    STATUS=CONVERGED     165 CALLS       10455 TOTAL
                     EDM=3.5016e-05    STRATEGY= 1      ERR MATRIX NOT POS-DEF
  EXT PARAMETER                APPROXIMATE        STEP         FIRST   
  NO.   NAME      VALUE            ERROR          SIZE      DERIVATIVE 
   1  N0           3.21518e+06   1.21196e+04   4.31368e+00  -2.26006e-07
   2  tau          6.44123e+01   constant   
   3  A0           3.64185e-01   4.25815e-04   1.78765e-06   6.67947e-02
   4  phi          4.11821e+00   1.23900e-03   5.19469e-06  -1.25689e-04
   5  R           -5.99562e+01   constant   
   6  A_CBO        2.08677e-03   4.58435e-04   1.92704e-06   2.22323e-02
   7  w_CBO        2.33223e+00   7.97759e-03   3.53944e-06   1.03594e+00
   8  phi_CBO      2.32287e+01   2.08326e+00   9.24312e-04   4.45534e-05
   9  ANx2         0.00000e+00   constant   
  10  pNx2         0.00000e+00   constant   
  11  ANy1         3.64371e-02   5.90420e-02   3.78113e-05   2.07522e-02
  12  pNy1         4.83957e+00   1.03382e-01   3.73913e-05  -2.72909e-02
  13  w_y          6.22662e-04   4.66893e-04   1.43051e-07   6.89452e+00
  14  ANy2        -5.81905e-04   4.58183e-04   1.92646e-06   5.77009e-02
  15  pNy2        -2.88068e+02   7.53526e+00   3.30704e-03   3.82140e-05
  16  w_vw         1.33674e+01   2.85762e-02   1.25416e-05  -1.27698e-02
  17  LM           3.57376e-04   constant   
  18  wCBO_expCoeff   0.00000e+00   constant   
  19  wCBO_expOffset   0.00000e+00   constant   
  20  wCBO_expT    0.00000e+00   constant   
  21  wCBO_linCoeff   0.00000e+00   constant   
  22  wCBO_const   0.00000e+00   constant   
 EXTERNAL ERROR MATRIX.    NDIM=  25    NPAR= 12    ERR DEF=1
 ELEMENTS ABOVE DIAGONAL ARE NOT PRINTED.
  1.469e+08 
 -6.551e-03  1.813e-07 
  1.435e-01 -1.133e-08  1.535e-06 
  6.431e-03 -6.616e-09 -2.367e-09  2.102e-07 
 -1.738e-01 -3.359e-08 -3.329e-07 -3.303e-08  6.364e-05 
 -4.209e+01 -7.443e-06 -8.809e-05 -7.841e-06  1.653e-02  4.340e+00 
 -6.336e+01 -4.365e-07  4.425e-06  1.354e-07 -6.181e-06 -1.476e-03  3.486e-03 
 -6.955e+02 -5.807e-08  1.235e-06  5.477e-08 -1.502e-06 -3.635e-04 -5.311e-04  1.069e-02 
  2.358e+00  5.878e-10 -8.074e-09 -3.023e-10  1.055e-08  2.536e-06 -1.711e-05  2.007e-05  2.180e-07 
  3.029e-02 -5.073e-11  1.849e-09  6.346e-10 -1.593e-10  2.273e-07  1.280e-07 -9.099e-08  1.853e-10  2.099e-07 
  4.671e+01 -1.496e-05  1.302e-05  1.706e-06  8.740e-05  2.826e-02  1.382e-03  4.002e-04 -2.573e-06  1.100e-04  5.678e+01 
  1.527e-01 -4.921e-08  4.235e-08  5.787e-09  2.729e-07  8.980e-05  4.513e-06  1.307e-06 -8.406e-09  4.132e-07  2.142e-01 
  1.527e-01 -4.921e-08  4.235e-08  5.787e-09  2.729e-07  8.980e-05  4.513e-06  1.307e-06 -8.406e-09  4.132e-07  2.142e-01  8.166e-04 
ERR MATRIX NOT POS-DEF
 PARAMETER  CORRELATION COEFFICIENTS  
       NO.  GLOBAL      1      3      4      6      7      8     11     12     13     14     15     16
        1  0.99630   1.000 -0.001  0.010  0.001 -0.002 -0.002 -0.089 -0.555  0.417  0.005  0.001  0.000
        3  0.06433  -0.001  1.000 -0.021 -0.034 -0.010 -0.008 -0.017 -0.001  0.003 -0.000 -0.005 -0.004
        4  0.08222   0.010 -0.021  1.000 -0.004 -0.034 -0.034  0.060  0.010 -0.014  0.003  0.001  0.001
        6  0.04000   0.001 -0.034 -0.004  1.000 -0.009 -0.008  0.005  0.001 -0.001  0.003  0.000  0.000
        7  0.99442  -0.002 -0.010 -0.034 -0.009  1.000  0.994 -0.013 -0.002  0.003 -0.000  0.001  0.001
        8  0.99442  -0.002 -0.008 -0.034 -0.008  0.994  1.000 -0.012 -0.002  0.003  0.000  0.002  0.002
       11  0.98835  -0.089 -0.017  0.060  0.005 -0.013 -0.012  1.000 -0.087 -0.621  0.005  0.003  0.003
       12  0.99630  -0.555 -0.001  0.010  0.001 -0.002 -0.002 -0.087  1.000  0.416 -0.002  0.001  0.000
       13  0.99734   0.417  0.003 -0.014 -0.001  0.003  0.003 -0.621  0.416  1.000  0.001 -0.001 -0.001
       14  0.03321   0.005 -0.000  0.003  0.003 -0.000  0.000  0.005 -0.002  0.001  1.000  0.032  0.032
       15  0.99454   0.001 -0.005  0.001  0.000  0.001  0.002  0.003  0.001 -0.001  0.032  1.000  0.995
       16  0.99454   0.000 -0.004  0.001  0.000  0.001  0.002  0.003  0.000 -0.001  0.032  0.995  1.000
 ERR MATRIX NOT POS-DEF
                         POSITIVE MINOS ERROR NOT CALCULATED FOR PARAMETER 1
                         NEGATIVE MINOS ERROR NOT CALCULATED FOR PARAMETER 1
                         POSITIVE MINOS ERROR NOT CALCULATED FOR PARAMETER 8
 MIGRAD FAILS WITH STRATEGY=0.   WILL TRY WITH STRATEGY=1.
                         NEGATIVE MINOS ERROR NOT CALCULATED FOR PARAMETER 8
                         POSITIVE MINOS ERROR NOT CALCULATED FOR PARAMETER 11
                         NEGATIVE MINOS ERROR NOT CALCULATED FOR PARAMETER 11
 MIGRAD FAILS WITH STRATEGY=0.   WILL TRY WITH STRATEGY=1.
 FCN=72.8672 FROM MINOS     STATUS=NEW MINIMU  20114 CALLS       30684 TOTAL
                     EDM= unknown      STRATEGY= 1      NO ERROR MATRIX       
  EXT PARAMETER                  PARABOLIC         MINOS ERRORS        
  NO.   NAME      VALUE            ERROR      NEGATIVE      POSITIVE   
   1  N0           3.06286e+06   3.52801e+04                            
   2  tau          6.44123e+01   constant   
   3  A0           3.64184e-01   4.26039e-04  -4.26917e-04   4.27129e-04
   4  phi          4.11821e+00   1.24362e-03  -1.24554e-03   1.24811e-03
   5  R           -5.99562e+01   constant   
   6  A_CBO        2.08635e-03   4.58988e-04  -4.59548e-04   4.59537e-04
   7  w_CBO        2.33199e+00   2.07342e-02  -2.11709e-02   2.07635e-02
   8  phi_CBO      2.31654e+01   5.41422e+00                            
   9  ANx2         0.00000e+00   constant   
  10  pNx2         0.00000e+00   constant   
  11  ANy1         4.97762e-02   9.42181e-03                            
  12  pNy1         5.98994e+00   1.10613e-01                            
  13  w_y         -2.02978e-03   1.00218e-03                            
  14  ANy2        -6.10839e-04   4.79044e-04                            
  15  pNy2        -2.88072e+02   2.09737e+01                            
  16  w_vw         1.33674e+01   7.95377e-02                            
  17  LM           3.57376e-04   constant   
  18  wCBO_expCoeff   0.00000e+00   constant   
  19  wCBO_expOffset   0.00000e+00   constant   
  20  wCBO_expT    0.00000e+00   constant   
  21  wCBO_linCoeff   0.00000e+00   constant   
  22  wCBO_const   0.00000e+00   constant   
 NEW MINIMUM FOUND.  GO BACK TO MINIMIZATION STEP.
 =================================================
                                                  V
                                                  V
                                                  V
                                               VVVVVVV
                                                VVVVV
                                                 VVV
                                                  V

 START MIGRAD MINIMIZATION.  STRATEGY  1.  CONVERGENCE WHEN EDM .LT. 5.00e-05
 FCN=72.8672 FROM MIGRAD    STATUS=INITIATE       24 CALLS       30708 TOTAL
                     EDM= unknown      STRATEGY= 1      NO ERROR MATRIX       
  EXT PARAMETER               CURRENT GUESS       STEP         FIRST   
  NO.   NAME      VALUE            ERROR          SIZE      DERIVATIVE 
   1  N0           3.06286e+06   3.52801e+04   7.64463e+01   4.21585e-07
   2  tau          6.44123e+01   constant   
   3  A0           3.64184e-01   4.26039e-04  -2.14911e-08   2.71542e-02
   4  phi          4.11821e+00   1.24362e-03   2.33620e-07  -1.34727e-03
   5  R           -5.99562e+01   constant   
   6  A_CBO        2.08635e-03   4.58988e-04   6.79033e-08  -1.15803e-01
   7  w_CBO        2.33199e+00   2.07342e-02  -1.01385e-05   7.84813e-03
   8  phi_CBO      2.31654e+01   5.41422e+00  -2.67963e-03  -3.72110e-05
   9  ANx2         0.00000e+00   constant   
  10  pNx2         0.00000e+00   constant   
  11  ANy1         4.97762e-02   9.42181e-03  -1.77745e-05   1.09009e+00
  12  pNy1         5.98994e+00   1.10613e-01   1.10613e-01   2.96802e-03
  13  w_y         -2.02978e-03   1.00218e-03  -2.01882e-06   6.46112e+00
  14  ANy2        -6.10839e-04   4.79044e-04  -1.25486e-06  -3.65303e-01
  15  pNy2        -2.88072e+02   2.09737e+01  -6.38152e-02   2.40996e-04
  16  w_vw         1.33674e+01   7.95377e-02  -2.43863e-04  -6.11020e-02
  17  LM           3.57376e-04   constant   
  18  wCBO_expCoeff   0.00000e+00   constant   
  19  wCBO_expOffset   0.00000e+00   constant   
  20  wCBO_expT    0.00000e+00   constant   
  21  wCBO_linCoeff   0.00000e+00   constant   
  22  wCBO_const   0.00000e+00   constant   
 MIGRAD MINIMIZATION HAS CONVERGED.
 MIGRAD WILL VERIFY CONVERGENCE AND ERROR MATRIX.
 FCN=72.8672 FROM MIGRAD    STATUS=CONVERGED     165 CALLS       30849 TOTAL
                     EDM=3.70631e-05    STRATEGY= 1      ERR MATRIX NOT POS-DEF
  EXT PARAMETER                APPROXIMATE        STEP         FIRST   
  NO.   NAME      VALUE            ERROR          SIZE      DERIVATIVE 
   1  N0           3.06286e+06   1.20892e+04   4.11503e+00  -1.90422e-07
   2  tau          6.44123e+01   constant   
   3  A0           3.64184e-01   4.25986e-04   1.78753e-06   7.78234e-02
   4  phi          4.11821e+00   1.23923e-03   5.19435e-06   9.72955e-03
   5  R           -5.99562e+01   constant   
   6  A_CBO        2.08636e-03   4.58610e-04   1.92691e-06  -4.67056e-02
   7  w_CBO        2.33199e+00   8.60351e-03   3.53995e-06   8.81355e-03
   8  phi_CBO      2.31654e+01   2.24670e+00   9.24437e-04  -3.91070e-05
   9  ANx2         0.00000e+00   constant   
  10  pNx2         0.00000e+00   constant   
  11  ANy1         4.97762e-02   4.14644e-03   1.47050e-06  -6.47040e-01
  12  pNy1         5.98994e+00   3.63664e-01   2.85623e-05   2.39509e-02
  13  w_y         -2.02979e-03   1.07655e-03   4.63313e-07   9.68682e-01
  14  ANy2        -6.10821e-04   4.81201e-04   2.02213e-06  -2.10505e-01
  15  pNy2        -2.88072e+02   8.13979e+00   3.30720e-03   4.03030e-05
  16  w_vw         1.33674e+01   3.08692e-02   1.25424e-05  -8.14496e-03
  17  LM           3.57376e-04   constant   
  18  wCBO_expCoeff   0.00000e+00   constant   
  19  wCBO_expOffset   0.00000e+00   constant   
  20  wCBO_expT    0.00000e+00   constant   
  21  wCBO_linCoeff   0.00000e+00   constant   
  22  wCBO_const   0.00000e+00   constant   
 EXTERNAL ERROR MATRIX.    NDIM=  25    NPAR= 12    ERR DEF=1
 ELEMENTS ABOVE DIAGONAL ARE NOT PRINTED.
  1.461e+08 
 -2.118e-02  1.815e-07 
  3.009e-01 -1.128e-08  1.536e-06 
  1.166e-02 -6.609e-09 -2.278e-09  2.103e-07 
 -4.508e-01 -3.908e-08 -3.873e-07 -3.431e-08  7.402e-05 
 -1.096e+02 -8.894e-06 -1.023e-04 -8.176e-06  1.924e-02  5.048e+00 
 -3.713e+01 -8.885e-09  1.172e-07  4.317e-09 -1.787e-07 -4.335e-05  1.719e-05 
  1.036e+03 -5.250e-07  7.104e-06  2.982e-07 -1.036e-05 -2.521e-03  3.286e-04  1.323e-01 
 -5.574e-01  5.161e-09 -4.057e-08 -8.294e-10  7.172e-08  1.721e-05 -3.666e-08  2.842e-04  1.159e-06 
  3.820e-02 -6.091e-11  1.955e-09  6.672e-10 -2.050e-11  2.779e-07 -3.681e-09  4.204e-07 -1.573e-09  2.316e-07 
  1.103e+02 -1.730e-05  1.461e-05  1.916e-06  1.205e-04  3.777e-02  4.283e-05  2.597e-03 -1.424e-05  1.350e-04  6.626e+01 
  3.678e-01 -5.808e-08  4.857e-08  6.616e-09  3.881e-07  1.231e-04  1.429e-07  8.650e-06 -4.750e-08  5.080e-07  2.501e-01 
  3.678e-01 -5.808e-08  4.857e-08  6.616e-09  3.881e-07  1.231e-04  1.429e-07  8.650e-06 -4.750e-08  5.080e-07  2.501e-01  9.529e-04 
ERR MATRIX NOT POS-DEF
 PARAMETER  CORRELATION COEFFICIENTS  
       NO.  GLOBAL      1      3      4      6      7      8     11     12     13     14     15     16
        1  0.99662   1.000 -0.004  0.020  0.002 -0.004 -0.004 -0.741  0.236 -0.043  0.007  0.001  0.001
        3  0.06447  -0.004  1.000 -0.021 -0.034 -0.011 -0.009 -0.005 -0.003  0.011 -0.000 -0.005 -0.004
        4  0.07970   0.020 -0.021  1.000 -0.004 -0.036 -0.037  0.023  0.016 -0.030  0.003  0.001  0.001
        6  0.03977   0.002 -0.034 -0.004  1.000 -0.009 -0.008  0.002  0.002 -0.002  0.003  0.001  0.000
        7  0.99520  -0.004 -0.011 -0.036 -0.009  1.000  0.995 -0.005 -0.003  0.008 -0.000  0.002  0.001
        8  0.99520  -0.004 -0.009 -0.037 -0.008  0.995  1.000 -0.005 -0.003  0.007  0.000  0.002  0.002
       11  0.99644  -0.741 -0.005  0.023  0.002 -0.005 -0.005  1.000  0.218 -0.008 -0.002  0.001  0.001
       12  0.99682   0.236 -0.003  0.016  0.002 -0.003 -0.003  0.218  1.000  0.726  0.002  0.001  0.001
       13  0.99475  -0.043  0.011 -0.030 -0.002  0.008  0.007 -0.008  0.726  1.000 -0.003 -0.002 -0.001
       14  0.03584   0.007 -0.000  0.003  0.003 -0.000  0.000 -0.002  0.002 -0.003  1.000  0.034  0.034
       15  0.99532   0.001 -0.005  0.001  0.001  0.002  0.002  0.001  0.001 -0.002  0.034  1.000  0.995
       16  0.99532   0.001 -0.004  0.001  0.000  0.001  0.002  0.001  0.001 -0.001  0.034  0.995  1.000
 ERR MATRIX NOT POS-DEF
                         POSITIVE MINOS ERROR NOT CALCULATED FOR PARAMETER 1
 FCN=72.8382 FROM MINOS     STATUS=NEW MINIMU   7678 CALLS       38642 TOTAL
                     EDM= unknown      STRATEGY= 1      NO ERROR MATRIX       
  EXT PARAMETER                  PARABOLIC         MINOS ERRORS        
  NO.   NAME      VALUE            ERROR      NEGATIVE      POSITIVE   
   1  N0           2.95410e+06   1.20848e+04                            
   2  tau          6.44123e+01   constant   
   3  A0           3.64179e-01   4.26231e-04                            
   4  phi          4.11820e+00   1.23958e-03                            
   5  R           -5.99562e+01   constant   
   6  A_CBO        2.08381e-03   4.57769e-04                            
   7  w_CBO        2.33190e+00   2.06852e-02                            
   8  phi_CBO      2.31429e+01   5.40190e+00                            
   9  ANx2         0.00000e+00   constant   
  10  pNx2         0.00000e+00   constant   
  11  ANy1         8.72323e-02   5.35490e-04                            
  12  pNy1         5.26542e+00   1.73263e+00                            
  13  w_y         -4.14319e-03   6.37110e-03                            
  14  ANy2        -6.32982e-04   4.87147e-04                            
  15  pNy2        -2.88113e+02   2.06739e+01                            
  16  w_vw         1.33672e+01   7.84077e-02                            
  17  LM           3.57376e-04   constant   
  18  wCBO_expCoeff   0.00000e+00   constant   
  19  wCBO_expOffset   0.00000e+00   constant   
  20  wCBO_expT    0.00000e+00   constant   
  21  wCBO_linCoeff   0.00000e+00   constant   
  22  wCBO_const   0.00000e+00   constant   
 NEW MINIMUM FOUND.  GO BACK TO MINIMIZATION STEP.
 =================================================
                                                  V
                                                  V
                                                  V
                                               VVVVVVV
                                                VVVVV
                                                 VVV
                                                  V

 START MIGRAD MINIMIZATION.  STRATEGY  1.  CONVERGENCE WHEN EDM .LT. 5.00e-05
 FCN=72.8382 FROM MIGRAD    STATUS=INITIATE       24 CALLS       38666 TOTAL
                     EDM= unknown      STRATEGY= 1      NO ERROR MATRIX       
  EXT PARAMETER               CURRENT GUESS       STEP         FIRST   
  NO.   NAME      VALUE            ERROR          SIZE      DERIVATIVE 
   1  N0           2.95410e+06   1.20848e+04   1.20848e+04   7.10971e-07
   2  tau          6.44123e+01   constant   
   3  A0           3.64179e-01   4.26231e-04   2.52236e-07   8.59395e-02
   4  phi          4.11820e+00   1.23958e-03   2.72634e-07  -4.61091e-02
   5  R           -5.99562e+01   constant   
   6  A_CBO        2.08381e-03   4.57769e-04   1.14058e-07  -1.02227e-03
   7  w_CBO        2.33190e+00   2.06852e-02   2.11510e-06  -4.34627e-02
   8  phi_CBO      2.31429e+01   5.40190e+00   5.82691e-04   1.67419e-04
   9  ANx2         0.00000e+00   constant   
  10  pNx2         0.00000e+00   constant   
  11  ANy1         8.72323e-02   5.35490e-04  -1.34258e-06   1.92818e+00
  12  pNy1         5.26542e+00   1.73263e+00   2.82239e-03   4.23594e-03
  13  w_y         -4.14319e-03   6.37110e-03   1.05545e-05  -9.74081e-01
  14  ANy2        -6.32982e-04   4.87147e-04   1.86934e-07   8.65268e-02
  15  pNy2        -2.88113e+02   2.06739e+01   1.59430e-03   7.70923e-05
  16  w_vw         1.33672e+01   7.84077e-02   5.75256e-06  -2.03237e-02
  17  LM           3.57376e-04   constant   
  18  wCBO_expCoeff   0.00000e+00   constant   
  19  wCBO_expOffset   0.00000e+00   constant   
  20  wCBO_expT    0.00000e+00   constant   
  21  wCBO_linCoeff   0.00000e+00   constant   
  22  wCBO_const   0.00000e+00   constant   
 MIGRAD MINIMIZATION HAS CONVERGED.
 MIGRAD WILL VERIFY CONVERGENCE AND ERROR MATRIX.
 FCN=72.8381 FROM MIGRAD    STATUS=CONVERGED     165 CALLS       38807 TOTAL
                     EDM=1.00207e-06    STRATEGY= 1      ERR MATRIX NOT POS-DEF
  EXT PARAMETER                APPROXIMATE        STEP         FIRST   
  NO.   NAME      VALUE            ERROR          SIZE      DERIVATIVE 
   1  N0           2.95410e+06   1.12528e+04   3.97210e+00  -2.60376e-07
   2  tau          6.44123e+01   constant   
   3  A0           3.64179e-01   4.26114e-04   1.78718e-06   9.41608e-02
   4  phi          4.11820e+00   1.24042e-03   5.19339e-06   2.65389e-02
   5  R           -5.99562e+01   constant   
   6  A_CBO        2.08381e-03   4.58699e-04   1.92654e-06   3.35383e-02
   7  w_CBO        2.33190e+00   8.91366e-03   3.54358e-06   4.33967e-02
   8  phi_CBO      2.31429e+01   2.32767e+00   9.25380e-04  -1.63563e-04
   9  ANx2         0.00000e+00   constant   
  10  pNx2         0.00000e+00   constant   
  11  ANy1         8.72322e-02   4.13597e-03   1.48586e-06  -7.05522e-01
  12  pNy1         5.26542e+00   6.25314e-01   2.21115e-04   1.66449e-02
  13  w_y         -4.14317e-03   2.22719e-03   8.15353e-07  -4.27450e+00
  14  ANy2        -6.32992e-04   4.99018e-04   2.09617e-06   8.27172e-03
  15  pNy2        -2.88113e+02   8.43252e+00   3.30821e-03  -5.88422e-05
  16  w_vw         1.33672e+01   3.19816e-02   1.25471e-05   1.56062e-02
  17  LM           3.57376e-04   constant   
  18  wCBO_expCoeff   0.00000e+00   constant   
  19  wCBO_expOffset   0.00000e+00   constant   
  20  wCBO_expT    0.00000e+00   constant   
  21  wCBO_linCoeff   0.00000e+00   constant   
  22  wCBO_const   0.00000e+00   constant   
 EXTERNAL ERROR MATRIX.    NDIM=  25    NPAR= 12    ERR DEF=1
 ELEMENTS ABOVE DIAGONAL ARE NOT PRINTED.
  1.266e+08 
  5.784e-03  1.816e-07 
  8.806e-02 -1.137e-08  1.539e-06 
  7.140e-03 -6.591e-09 -2.102e-09  2.104e-07 
 -8.210e-02 -4.128e-08 -4.190e-07 -3.685e-08  7.945e-05 
 -2.115e+01 -9.484e-06 -1.105e-04 -8.838e-06  2.065e-02  5.418e+00 
 -4.595e+01  1.534e-11  2.842e-08  1.546e-09 -3.823e-08 -9.481e-06  1.711e-05 
  2.241e+02  3.028e-06  1.474e-05  2.170e-06  9.302e-07 -2.260e-04  5.044e-05  3.910e-01 
  4.353e-01  1.407e-08  2.167e-08  6.848e-09  5.788e-08  1.242e-05  1.325e-07  1.376e-03  4.960e-06 
  2.864e-02 -7.259e-11  2.055e-09  6.937e-10  6.138e-11  3.124e-07 -9.020e-09  7.552e-08 -8.965e-10  2.490e-07 
  3.834e+01 -1.849e-05  1.642e-05  2.082e-06  1.367e-04  4.243e-02  1.173e-05  7.481e-03  1.494e-05  1.501e-04  7.111e+01 
  1.292e-01 -6.260e-08  5.505e-08  7.220e-09  4.446e-07  1.396e-04  3.956e-08  2.526e-05  5.060e-08  5.650e-07  2.685e-01 
  1.292e-01 -6.260e-08  5.505e-08  7.220e-09  4.446e-07  1.396e-04  3.956e-08  2.526e-05  5.060e-08  5.650e-07  2.685e-01  1.023e-03 
ERR MATRIX NOT POS-DEF
 PARAMETER  CORRELATION COEFFICIENTS  
       NO.  GLOBAL      1      3      4      6      7      8     11     12     13     14     15     16
        1  0.99637   1.000  0.001  0.006  0.001 -0.001 -0.001 -0.987  0.032  0.017  0.005  0.000  0.000
        3  0.06655   0.001  1.000 -0.022 -0.034 -0.011 -0.010  0.000  0.011  0.015 -0.000 -0.005 -0.005
        4  0.08892   0.006 -0.022  1.000 -0.004 -0.038 -0.038  0.006  0.019  0.008  0.003  0.002  0.001
        6  0.04054   0.001 -0.034 -0.004  1.000 -0.009 -0.008  0.001  0.008  0.007  0.003  0.001  0.000
        7  0.99552  -0.001 -0.011 -0.038 -0.009  1.000  0.996 -0.001  0.000  0.003  0.000  0.002  0.002
        8  0.99552  -0.001 -0.010 -0.038 -0.008  0.996  1.000 -0.001 -0.000  0.002  0.000  0.002  0.002
       11  0.99634  -0.987  0.000  0.006  0.001 -0.001 -0.001  1.000  0.020  0.014 -0.004  0.000  0.000
       12  0.99646   0.032  0.011  0.019  0.008  0.000 -0.000  0.020  1.000  0.988  0.000  0.001  0.001
       13  0.99620   0.017  0.015  0.008  0.007  0.003  0.002  0.014  0.988  1.000 -0.001  0.001  0.001
       14  0.03692   0.005 -0.000  0.003  0.003  0.000  0.000 -0.004  0.000 -0.001  1.000  0.036  0.035
       15  0.99564   0.000 -0.005  0.002  0.001  0.002  0.002  0.000  0.001  0.001  0.036  1.000  0.996
       16  0.99564   0.000 -0.005  0.001  0.000  0.002  0.002  0.000  0.001  0.001  0.035  0.996  1.000
 ERR MATRIX NOT POS-DEF
                         POSITIVE MINOS ERROR NOT CALCULATED FOR PARAMETER 1
                         NEGATIVE MINOS ERROR NOT CALCULATED FOR PARAMETER 1
                         POSITIVE MINOS ERROR NOT CALCULATED FOR PARAMETER 8
                         NEGATIVE MINOS ERROR NOT CALCULATED FOR PARAMETER 8
                         POSITIVE MINOS ERROR NOT CALCULATED FOR PARAMETER 11
                         NEGATIVE MINOS ERROR NOT CALCULATED FOR PARAMETER 11
 MIGRAD FAILS WITH STRATEGY=0.   WILL TRY WITH STRATEGY=1.
                         POSITIVE MINOS ERROR NOT CALCULATED FOR PARAMETER 12
 MIGRAD FAILS WITH STRATEGY=0.   WILL TRY WITH STRATEGY=1.
                         POSITIVE MINOS ERROR NOT CALCULATED FOR PARAMETER 13
 MIGRAD FAILS WITH STRATEGY=0.   WILL TRY WITH STRATEGY=1.
                         NEGATIVE MINOS ERROR NOT CALCULATED FOR PARAMETER 13
                         NEGATIVE MINOS ERROR NOT CALCULATED FOR PARAMETER 14
                         POSITIVE MINOS ERROR NOT CALCULATED FOR PARAMETER 15
                         NEGATIVE MINOS ERROR NOT CALCULATED FOR PARAMETER 15
 FCN=72.8381 FROM MINOS     STATUS=PROBLEMS   102341 CALLS      141263 TOTAL
                     EDM=9.65142e-07    STRATEGY= 1      ERR MATRIX NOT POS-DEF
  EXT PARAMETER                  PARABOLIC         MINOS ERRORS        
  NO.   NAME      VALUE            ERROR      NEGATIVE      POSITIVE   
   1  N0           2.95410e+06   1.12630e+04                            
   2  tau          6.44123e+01   constant   
   3  A0           3.64179e-01   4.26122e-04  -4.28015e-04   4.27899e-04
   4  phi          4.11820e+00   1.24038e-03  -1.24818e-03   1.24794e-03
   5  R           -5.99562e+01   constant   
   6  A_CBO        2.08381e-03   4.58684e-04  -4.59796e-04   4.59738e-04
   7  w_CBO        2.33190e+00   8.92360e-03  -2.10172e-02   2.10501e-02
   8  phi_CBO      2.31429e+01   2.33027e+00                            
   9  ANx2         0.00000e+00   constant   
  10  pNx2         0.00000e+00   constant   
  11  ANy1         8.72322e-02   4.14038e-03                            
  12  pNy1         5.26542e+00   6.14764e-01  -1.63609e+00              
  13  w_y         -4.14317e-03   2.20252e-03                            
  14  ANy2        -6.32992e-04   4.98722e-04                 4.99633e-04
  15  pNy2        -2.88113e+02   8.43844e+00                            
  16  w_vw         1.33672e+01   3.20042e-02  -8.78518e-02   1.05770e-01
  17  LM           3.57376e-04   constant   
  18  wCBO_expCoeff   0.00000e+00   constant   
  19  wCBO_expOffset   0.00000e+00   constant   
  20  wCBO_expT    0.00000e+00   constant   
  21  wCBO_linCoeff   0.00000e+00   constant   
  22  wCBO_const   0.00000e+00   constant   
 **********
 **  121 **SHO COR 
 **********
 PARAMETER  CORRELATION COEFFICIENTS  
       NO.  GLOBAL      1      3      4      6      7      8     11     12     13     14     15     16
        1  0.99638   1.000  0.001  0.006  0.001 -0.001 -0.001 -0.988  0.024  0.009  0.005  0.000  0.000
        3  0.06677   0.001  1.000 -0.022 -0.034 -0.011 -0.010  0.000  0.012  0.016 -0.000 -0.005 -0.005
        4  0.08857   0.006 -0.022  1.000 -0.004 -0.038 -0.038  0.005  0.016  0.005  0.003  0.001  0.001
        6  0.03956   0.001 -0.034 -0.004  1.000 -0.001 -0.001  0.001  0.007  0.006  0.003  0.000  0.000
        7  0.99553  -0.001 -0.011 -0.038 -0.001  1.000  0.996 -0.001  0.001  0.004  0.000  0.002  0.001
        8  0.99553  -0.001 -0.010 -0.038 -0.001  0.996  1.000 -0.001  0.001  0.003  0.000  0.002  0.002
       11  0.99635  -0.988  0.000  0.005  0.001 -0.001 -0.001  1.000  0.020  0.015 -0.004  0.000  0.000
       12  0.99633   0.024  0.012  0.016  0.007  0.001  0.001  0.020  1.000  0.988 -0.000  0.001  0.001
       13  0.99611   0.009  0.016  0.005  0.006  0.004  0.003  0.015  0.988  1.000 -0.001  0.001  0.000
       14  0.01289   0.005 -0.000  0.003  0.003  0.000  0.000 -0.004 -0.000 -0.001  1.000  0.008  0.008
       15  0.99564   0.000 -0.005  0.001  0.000  0.002  0.002  0.000  0.001  0.001  0.008  1.000  0.996
       16  0.99564   0.000 -0.005  0.001  0.000  0.001  0.002  0.000  0.001  0.000  0.008  0.996  1.000
 ERR MATRIX NOT POS-DEF
 ELEMENTS ABOVE DIAGONAL ARE NOT PRINTED.
