 + ++++++++++++++++++++++++++++++++++++++++++++++++++++++++++++++++++++ +
 +                                                                      +
 +           You have chose to blind your fitting according to          +
 +                omega_ref * (1 + (R +/- deltaR) *10^{-6})             +
 +                                                                      +
 + ++++++++++++++++++++++++++++++++++++++++++++++++++++++++++++++++++++ +
In main()...
reading format from /gm2data/zkhechad/run45/envelope/formats/formatB_sBin_constraintOn.txt
pBinTau 	= 0  
pBinPhi 	= 0  
constraintau 	= 1 
includeMopTerm 	= 0    
constrainMop    = 0   
Parameters after format file: pBinTau 0 pBinPhi 0 constraintau 1 includeMopTerm 0 constrainMop 0 c_e_scale 0.000000 
Opening file /gm2data/tbarrett/gm2fr/studies/run23_bunch_corrections/CorrectedFourier_Run3b.root.
reading full fit data from /gm2data/zkhechad/cboTemplates/Run4CBOTemplates/fullFits/noRF/sBin_constraintOn_cE0.0_seed0_noRF_calo23.root
deltaT 164.120000
windowBins = 240
fitting sliding window 1120 from bin 1323 at 197.391600 to bin 1563 at 233.199600 (240 bins)

Reading data from /gm2data/cornell/histograms/aMethod/histogram_a_noRF.root
 **********
 **    1 **SET PRINTOUT            1
 **********
 **********
 **    2 **SET NOWARNINGS 
 **********
 PARAMETER DEFINITIONS:
    NO.   NAME         VALUE      STEP SIZE      LIMITS
     1 N0           3.09568e+06  1.00000e+02     no limits
     2 tau          6.44082e+01  constant
     3 A0           3.43394e-01  1.00000e-04     no limits
     4 phi          4.11985e+00  1.00000e-02     no limits
     5 R           -6.14951e+01  constant
     6 alpha_CBO    0.00000e+00  1.00000e-03     no limits
     7 w_CBO        2.32658e+00  1.00000e-03     no limits
     8 beta_CBO     0.00000e+00  1.00000e-03     no limits
     9 alpha_2CBO   0.00000e+00  1.00000e-03     no limits
    10 beta_2CBO    0.00000e+00  1.00000e-03     no limits
    11 alpha_y      0.00000e+00  1.00000e-03     no limits
    12 w_y          0.00000e+00  1.00000e-03     no limits
    13 beta_y       0.00000e+00  1.00000e-03     no limits
    14 alpha_vw     0.00000e+00  1.00000e-03     no limits
    15 w_vw         0.00000e+00  1.00000e-03     no limits
    16 beta_vw      0.00000e+00  1.00000e-03     no limits
    17 LM           1.27158e-04  constant
MINUIT - FIT ONLY WIGGLE
 **********
 **    3 **FIX            5
 **********
 PARAMETER    5  IS CONSTANT.   IGNORED.
 **********
 **    4 **FIX            6
 **********
 **********
 **    5 **FIX            7
 **********
 **********
 **    6 **FIX            8
 **********
 **********
 **    7 **FIX            9
 **********
 **********
 **    8 **FIX           10
 **********
 **********
 **    9 **FIX           11
 **********
 **********
 **   10 **FIX           12
 **********
 **********
 **   11 **FIX           13
 **********
 **********
 **   12 **FIX           14
 **********
 **********
 **   13 **FIX           15
 **********
 **********
 **   14 **FIX           16
 **********
 **********
 **   15 **MIGRAD
 **********
 FIRST CALL TO USER FUNCTION AT NEW START POINT, WITH IFLAG=4.
 START MIGRAD MINIMIZATION.  STRATEGY  1.  CONVERGENCE WHEN EDM .LT. 1.00e-04
 FCN=726.4 FROM MIGRAD    STATUS=INITIATE       12 CALLS          13 TOTAL
                     EDM= unknown      STRATEGY= 1      NO ERROR MATRIX       
  EXT PARAMETER               CURRENT GUESS       STEP         FIRST   
  NO.   NAME      VALUE            ERROR          SIZE      DERIVATIVE 
   1  N0           3.09568e+06   1.00000e+02   1.00000e+02  -6.08653e-03
   2  tau          6.44082e+01   constant   
   3  A0           3.43394e-01   1.00000e-04   1.00000e-04   1.16963e+04
   4  phi          4.11985e+00   1.00000e-02   1.00000e-02   7.73654e+03
   5  R           -6.14951e+01   constant   
   6  alpha_CBO    0.00000e+00     fixed    
   7  w_CBO        2.32658e+00     fixed    
   8  beta_CBO     0.00000e+00     fixed    
   9  alpha_2CBO   0.00000e+00     fixed    
  10  beta_2CBO    0.00000e+00     fixed    
  11  alpha_y      0.00000e+00     fixed    
  12  w_y          0.00000e+00     fixed    
  13  beta_y       0.00000e+00     fixed    
  14  alpha_vw     0.00000e+00     fixed    
  15  w_vw         0.00000e+00     fixed    
  16  beta_vw      0.00000e+00     fixed    
  17  LM           1.27158e-04   constant   
 MIGRAD MINIMIZATION HAS CONVERGED.
 MIGRAD WILL VERIFY CONVERGENCE AND ERROR MATRIX.
 COVARIANCE MATRIX CALCULATED SUCCESSFULLY
 FCN=721.442 FROM MIGRAD    STATUS=CONVERGED      43 CALLS          44 TOTAL
                     EDM=6.47913e-07    STRATEGY= 1      ERROR MATRIX ACCURATE 
  EXT PARAMETER                                   STEP         FIRST   
  NO.   NAME      VALUE            ERROR          SIZE      DERIVATIVE 
   1  N0           3.09604e+06   3.63128e+02   4.73933e+00  -2.63409e-06
   2  tau          6.44082e+01   constant   
   3  A0           3.43276e-01   1.53818e-04   2.01189e-06   7.01320e-02
   4  phi          4.11902e+00   4.68688e-04   6.14595e-06  -1.25557e+00
   5  R           -6.14951e+01   constant   
   6  alpha_CBO    0.00000e+00     fixed    
   7  w_CBO        2.32658e+00     fixed    
   8  beta_CBO     0.00000e+00     fixed    
   9  alpha_2CBO   0.00000e+00     fixed    
  10  beta_2CBO    0.00000e+00     fixed    
  11  alpha_y      0.00000e+00     fixed    
  12  w_y          0.00000e+00     fixed    
  13  beta_y       0.00000e+00     fixed    
  14  alpha_vw     0.00000e+00     fixed    
  15  w_vw         0.00000e+00     fixed    
  16  beta_vw      0.00000e+00     fixed    
  17  LM           1.27158e-04   constant   
 EXTERNAL ERROR MATRIX.    NDIM=  25    NPAR=  3    ERR DEF=1
  1.319e+05  4.350e-03  5.413e-03 
  4.350e-03  2.366e-08 -1.707e-09 
  5.413e-03 -1.707e-09  2.197e-07 
 PARAMETER  CORRELATION COEFFICIENTS  
       NO.  GLOBAL      1      3      4
        1  0.08485   1.000  0.078  0.032
        3  0.08216   0.078  1.000 -0.024
        4  0.04123   0.032 -0.024  1.000
MINUIT - FIT ONLY 1-CBO + wiggle
 **********
 **   16 **RES 
 **********
                   PARAMETER   16  beta_vw RESTORED TO VARIABLE.
                   PARAMETER   15  w_vw RESTORED TO VARIABLE.
                   PARAMETER   14  alpha_vw RESTORED TO VARIABLE.
                   PARAMETER   13  beta_y RESTORED TO VARIABLE.
                   PARAMETER   12  w_y RESTORED TO VARIABLE.
                   PARAMETER   11  alpha_y RESTORED TO VARIABLE.
                   PARAMETER   10  beta_2CBO RESTORED TO VARIABLE.
                   PARAMETER    9  alpha_2CBO RESTORED TO VARIABLE.
                   PARAMETER    8  beta_CBO RESTORED TO VARIABLE.
                   PARAMETER    7  w_CBO RESTORED TO VARIABLE.
                   PARAMETER    6  alpha_CBO RESTORED TO VARIABLE.
 **********
 **   17 **FIX            8
 **********
 **********
 **   18 **FIX            9
 **********
 **********
 **   19 **FIX           11
 **********
 **********
 **   20 **FIX           12
 **********
 **********
 **   21 **FIX           14
 **********
 **********
 **   22 **FIX           15
 **********
 **********
 **   23 **FIX           16
 **********
 **********
 **   24 **MIGRAD
 **********
 START MIGRAD MINIMIZATION.  STRATEGY  1.  CONVERGENCE WHEN EDM .LT. 1.00e-04
 FCN=721.442 FROM MIGRAD    STATUS=INITIATE      347 CALLS         391 TOTAL
                     EDM= unknown      STRATEGY= 1      NO ERROR MATRIX       
  EXT PARAMETER               CURRENT GUESS       STEP         FIRST   
  NO.   NAME      VALUE            ERROR          SIZE      DERIVATIVE 
   1  N0           3.09604e+06   3.63128e+02   0.00000e+00  -2.63409e-06
   2  tau          6.44082e+01   constant   
   3  A0           3.43276e-01   1.53818e-04   0.00000e+00   7.01309e-02
   4  phi          4.11902e+00   4.68688e-04   0.00000e+00  -1.25558e+00
   5  R           -6.14951e+01   constant   
   6  alpha_CBO    0.00000e+00   1.00000e-03   0.00000e+00   2.52562e+05
   7  w_CBO        2.32658e+00   1.00000e-03   0.00000e+00   0.00000e+00
   8  beta_CBO     0.00000e+00     fixed    
   9  alpha_2CBO   0.00000e+00     fixed    
  10  beta_2CBO    0.00000e+00   1.00000e-03   0.00000e+00  -1.92659e+04
  11  alpha_y      0.00000e+00     fixed    
  12  w_y          0.00000e+00     fixed    
  13  beta_y       0.00000e+00   1.00000e-03   0.00000e+00   0.00000e+00
  14  alpha_vw     0.00000e+00     fixed    
  15  w_vw         0.00000e+00     fixed    
  16  beta_vw      0.00000e+00     fixed    
  17  LM           1.27158e-04   constant   
 MIGRAD FAILS TO FIND IMPROVEMENT
  MNHESS FAILS AND WILL RETURN DIAGONAL MATRIX. 
 FCN=280.018 FROM HESSE     STATUS=FAILED         23 CALLS         439 TOTAL
                     EDM=1.31942    STRATEGY= 1  ERROR MATRIX UNCERTAINTY 100.0 per cent
  EXT PARAMETER                APPROXIMATE        STEP         FIRST   
  NO.   NAME      VALUE            ERROR          SIZE      DERIVATIVE 
   1  N0           3.09604e+06   3.61827e+02   2.95585e+00  -1.20295e-03
   2  tau          6.44082e+01   constant   
   3  A0           3.43276e-01   1.53305e-04   1.25480e-06   4.78087e+02
   4  phi          4.11902e+00   4.68294e-04   3.83311e-06  -2.12097e+02
   5  R           -6.14951e+01   constant   
   6  alpha_CBO   -3.46724e-03   1.65700e-04   1.35631e-06   3.01481e+02
   7  w_CBO        2.32658e+00   1.97405e-03   7.60233e-02  -4.18095e+02
   8  beta_CBO     0.00000e+00     fixed    
   9  alpha_2CBO   0.00000e+00     fixed    
  10  beta_2CBO    2.63038e-04   1.65245e-04   1.35259e-06  -3.97316e+03
  11  alpha_y      0.00000e+00     fixed    
  12  w_y          0.00000e+00     fixed    
  13  beta_y       0.00000e+00   1.41421e-03  -0.00000e+00   0.00000e+00
  14  alpha_vw     0.00000e+00     fixed    
  15  w_vw         0.00000e+00     fixed    
  16  beta_vw      0.00000e+00     fixed    
  17  LM           1.27158e-04   constant   
 MIGRAD FAILS TO FIND IMPROVEMENT
 MIGRAD TERMINATED WITHOUT CONVERGENCE.
 FCN=280.018 FROM MIGRAD    STATUS=FAILED        401 CALLS         445 TOTAL
                     EDM=1.31942    STRATEGY= 1  ERROR MATRIX UNCERTAINTY 100.0 per cent
  EXT PARAMETER                APPROXIMATE        STEP         FIRST   
  NO.   NAME      VALUE            ERROR          SIZE      DERIVATIVE 
   1  N0           3.09604e+06   3.61827e+02   0.00000e+00  -1.20295e-03
   2  tau          6.44082e+01   constant   
   3  A0           3.43276e-01   1.53305e-04  -0.00000e+00   4.78087e+02
   4  phi          4.11902e+00   4.68294e-04   0.00000e+00  -2.12097e+02
   5  R           -6.14951e+01   constant   
   6  alpha_CBO   -3.46724e-03   1.65700e-04  -0.00000e+00   3.01481e+02
   7  w_CBO        2.32658e+00   1.97405e-03   0.00000e+00  -4.18095e+02
   8  beta_CBO     0.00000e+00     fixed    
   9  alpha_2CBO   0.00000e+00     fixed    
  10  beta_2CBO    2.63038e-04   1.65245e-04   0.00000e+00  -3.97316e+03
  11  alpha_y      0.00000e+00     fixed    
  12  w_y          0.00000e+00     fixed    
  13  beta_y       0.00000e+00   1.41421e-03  -0.00000e+00   0.00000e+00
  14  alpha_vw     0.00000e+00     fixed    
  15  w_vw         0.00000e+00     fixed    
  16  beta_vw      0.00000e+00     fixed    
  17  LM           1.27158e-04   constant   
 EXTERNAL ERROR MATRIX.    NDIM=  25    NPAR=  7    ERR DEF=1
  1.309e+05  0.000e+00  0.000e+00  0.000e+00  0.000e+00  0.000e+00  0.000e+00 
  0.000e+00  2.350e-08  0.000e+00  0.000e+00  0.000e+00  0.000e+00  0.000e+00 
  0.000e+00  0.000e+00  2.193e-07  0.000e+00  0.000e+00  0.000e+00  0.000e+00 
  0.000e+00  0.000e+00  0.000e+00  2.746e-08  0.000e+00  0.000e+00  0.000e+00 
  0.000e+00  0.000e+00  0.000e+00  0.000e+00  3.897e-06  0.000e+00  0.000e+00 
  0.000e+00  0.000e+00  0.000e+00  0.000e+00  0.000e+00  2.731e-08  0.000e+00 
  0.000e+00  0.000e+00  0.000e+00  0.000e+00  0.000e+00  0.000e+00  2.000e-06 
ERR MATRIX APPROXIMATE
 PARAMETER  CORRELATION COEFFICIENTS  
       NO.  GLOBAL      1      3      4      6      7     10     13
        1  0.00000   1.000  0.000  0.000  0.000  0.000  0.000  0.000
        3  0.00000   0.000  1.000  0.000  0.000  0.000  0.000  0.000
        4  0.00000   0.000  0.000  1.000  0.000  0.000  0.000  0.000
        6  0.00000   0.000  0.000  0.000  1.000  0.000  0.000  0.000
        7  0.00000   0.000  0.000  0.000  0.000  1.000  0.000  0.000
       10  0.00000   0.000  0.000  0.000  0.000  0.000  1.000  0.000
       13  0.00000   0.000  0.000  0.000  0.000  0.000  0.000  1.000
 ERR MATRIX APPROXIMATE
MINUIT - FIT ONLY 2-CBO
 **********
 **   25 **RES 
 **********
                   PARAMETER   16  beta_vw RESTORED TO VARIABLE.
                   PARAMETER   15  w_vw RESTORED TO VARIABLE.
                   PARAMETER   14  alpha_vw RESTORED TO VARIABLE.
                   PARAMETER   12  w_y RESTORED TO VARIABLE.
                   PARAMETER   11  alpha_y RESTORED TO VARIABLE.
                   PARAMETER    9  alpha_2CBO RESTORED TO VARIABLE.
                   PARAMETER    8  beta_CBO RESTORED TO VARIABLE.
 **********
 **   26 **FIX            0
 **********
 PARAMETER    0  IS UNDEFINED. IGNORED.
 **********
 **   27 **FIX            1
 **********
 **********
 **   28 **FIX            2
 **********
 PARAMETER    2  IS CONSTANT.   IGNORED.
 **********
 **   29 **FIX            3
 **********
 **********
 **   30 **FIX            4
 **********
 **********
 **   31 **FIX            5
 **********
 PARAMETER    5  IS CONSTANT.   IGNORED.
 **********
 **   32 **FIX            6
 **********
 **********
 **   33 **FIX            7
 **********
 **********
 **   34 **FIX           10
 **********
 **********
 **   35 **FIX           11
 **********
 **********
 **   36 **FIX           12
 **********
 **********
 **   37 **FIX           13
 **********
 **********
 **   38 **FIX           14
 **********
 **********
 **   39 **FIX           15
 **********
 **********
 **   40 **FIX           16
 **********
 **********
 **   41 **MIGRAD
 **********
 START MIGRAD MINIMIZATION.  STRATEGY  1.  CONVERGENCE WHEN EDM .LT. 1.00e-04
 FCN=280.018 FROM MIGRAD    STATUS=INITIATE        8 CALLS         453 TOTAL
                     EDM= unknown      STRATEGY= 1      NO ERROR MATRIX       
  EXT PARAMETER               CURRENT GUESS       STEP         FIRST   
  NO.   NAME      VALUE            ERROR          SIZE      DERIVATIVE 
   1  N0           3.09604e+06     fixed    
   2  tau          6.44082e+01   constant   
   3  A0           3.43276e-01     fixed    
   4  phi          4.11902e+00     fixed    
   5  R           -6.14951e+01   constant   
   6  alpha_CBO   -3.46724e-03     fixed    
   7  w_CBO        2.32658e+00     fixed    
   8  beta_CBO     0.00000e+00   1.00000e-03   1.00000e-03   4.15477e+04
   9  alpha_2CBO   0.00000e+00   1.00000e-03   1.00000e-03   2.19556e+04
  10  beta_2CBO    2.63038e-04     fixed    
  11  alpha_y      0.00000e+00     fixed    
  12  w_y          0.00000e+00     fixed    
  13  beta_y       0.00000e+00     fixed    
  14  alpha_vw     0.00000e+00     fixed    
  15  w_vw         0.00000e+00     fixed    
  16  beta_vw      0.00000e+00     fixed    
  17  LM           1.27158e-04   constant   
 MIGRAD MINIMIZATION HAS CONVERGED.
 MIGRAD WILL VERIFY CONVERGENCE AND ERROR MATRIX.
 COVARIANCE MATRIX CALCULATED SUCCESSFULLY
 FCN=264.816 FROM MIGRAD    STATUS=CONVERGED      28 CALLS         473 TOTAL
                     EDM=2.75654e-07    STRATEGY= 1      ERROR MATRIX ACCURATE 
  EXT PARAMETER                                   STEP         FIRST   
  NO.   NAME      VALUE            ERROR          SIZE      DERIVATIVE 
   1  N0           3.09604e+06     fixed    
   2  tau          6.44082e+01   constant   
   3  A0           3.43276e-01     fixed    
   4  phi          4.11902e+00     fixed    
   5  R           -6.14951e+01   constant   
   6  alpha_CBO   -3.46724e-03     fixed    
   7  w_CBO        2.32658e+00     fixed    
   8  beta_CBO    -5.68905e-04   1.64864e-04   1.31233e-06   2.12136e+00
   9  alpha_2CBO  -3.08199e-04   1.65316e-04   1.31593e-06  -3.99244e+00
  10  beta_2CBO    2.63038e-04     fixed    
  11  alpha_y      0.00000e+00     fixed    
  12  w_y          0.00000e+00     fixed    
  13  beta_y       0.00000e+00     fixed    
  14  alpha_vw     0.00000e+00     fixed    
  15  w_vw         0.00000e+00     fixed    
  16  beta_vw      0.00000e+00     fixed    
  17  LM           1.27158e-04   constant   
 EXTERNAL ERROR MATRIX.    NDIM=  25    NPAR=  2    ERR DEF=1
  2.718e-08  3.912e-10 
  3.912e-10  2.733e-08 
 PARAMETER  CORRELATION COEFFICIENTS  
       NO.  GLOBAL      8      9
        8  0.01435   1.000  0.014
        9  0.01435   0.014  1.000
MINUIT - FIT wiggle + 1-CBO + 2-CBO
 **********
 **   42 **RES 
 **********
                   PARAMETER   16  beta_vw RESTORED TO VARIABLE.
                   PARAMETER   15  w_vw RESTORED TO VARIABLE.
                   PARAMETER   14  alpha_vw RESTORED TO VARIABLE.
                   PARAMETER   13  beta_y RESTORED TO VARIABLE.
                   PARAMETER   12  w_y RESTORED TO VARIABLE.
                   PARAMETER   11  alpha_y RESTORED TO VARIABLE.
                   PARAMETER   10  beta_2CBO RESTORED TO VARIABLE.
                   PARAMETER    7  w_CBO RESTORED TO VARIABLE.
                   PARAMETER    6  alpha_CBO RESTORED TO VARIABLE.
                   PARAMETER    4  phi RESTORED TO VARIABLE.
                   PARAMETER    3  A0 RESTORED TO VARIABLE.
                   PARAMETER    1  N0 RESTORED TO VARIABLE.
 **********
 **   43 **FIX           10
 **********
 **********
 **   44 **FIX           11
 **********
 **********
 **   45 **FIX           12
 **********
 **********
 **   46 **FIX           13
 **********
 **********
 **   47 **FIX           14
 **********
 **********
 **   48 **FIX           15
 **********
 **********
 **   49 **FIX           16
 **********
 **********
 **   50 **MIGRAD
 **********
 START MIGRAD MINIMIZATION.  STRATEGY  1.  CONVERGENCE WHEN EDM .LT. 1.00e-04
 FCN=264.816 FROM MIGRAD    STATUS=INITIATE       18 CALLS         491 TOTAL
                     EDM= unknown      STRATEGY= 1      NO ERROR MATRIX       
  EXT PARAMETER               CURRENT GUESS       STEP         FIRST   
  NO.   NAME      VALUE            ERROR          SIZE      DERIVATIVE 
   1  N0           3.09604e+06   3.61827e+02   3.61827e+02  -1.53145e-03
   2  tau          6.44082e+01   constant   
   3  A0           3.43276e-01   1.53305e-04   1.53305e-04   1.73313e+03
   4  phi          4.11902e+00   4.68294e-04   4.68294e-04  -1.12976e+02
   5  R           -6.14951e+01   constant   
   6  alpha_CBO   -3.46724e-03   1.65700e-04   1.65700e-04  -1.39332e+02
   7  w_CBO        2.32658e+00   1.97405e-03   1.97405e-03  -9.78335e+02
   8  beta_CBO    -5.68905e-04   1.64864e-04   1.31233e-06   2.12136e+00
   9  alpha_2CBO  -3.08199e-04   1.65316e-04   1.31593e-06  -3.99244e+00
  10  beta_2CBO    2.63038e-04     fixed    
  11  alpha_y      0.00000e+00     fixed    
  12  w_y          0.00000e+00     fixed    
  13  beta_y       0.00000e+00     fixed    
  14  alpha_vw     0.00000e+00     fixed    
  15  w_vw         0.00000e+00     fixed    
  16  beta_vw      0.00000e+00     fixed    
  17  LM           1.27158e-04   constant   
 MIGRAD MINIMIZATION HAS CONVERGED.
 FCN=264.358 FROM MIGRAD    STATUS=CONVERGED     120 CALLS         593 TOTAL
                     EDM=7.27289e-06    STRATEGY= 1  ERROR MATRIX UNCERTAINTY   2.3 per cent
  EXT PARAMETER                                   STEP         FIRST   
  NO.   NAME      VALUE            ERROR          SIZE      DERIVATIVE 
   1  N0           3.09613e+06   3.61586e+02   1.79411e-01  -6.36272e-06
   2  tau          6.44082e+01   constant   
   3  A0           3.43258e-01   1.51627e-04  -3.15032e-07  -2.62252e+01
   4  phi          4.11904e+00   4.68306e-04   5.08112e-06   1.04549e+00
   5  R           -6.14951e+01   constant   
   6  alpha_CBO   -3.35489e-03   2.70418e-04   6.97330e-06  -5.08036e+00
   7  w_CBO        2.32724e+00   9.81593e-04   2.48231e-05  -5.63909e+00
   8  beta_CBO    -1.04714e-03   7.21065e-04  -1.72090e-05  -9.33334e+00
   9  alpha_2CBO  -3.89444e-04   1.95356e-04  -8.98923e-07   3.79874e+00
  10  beta_2CBO    2.63038e-04     fixed    
  11  alpha_y      0.00000e+00     fixed    
  12  w_y          0.00000e+00     fixed    
  13  beta_y       0.00000e+00     fixed    
  14  alpha_vw     0.00000e+00     fixed    
  15  w_vw         0.00000e+00     fixed    
  16  beta_vw      0.00000e+00     fixed    
  17  LM           1.27158e-04   constant   
 EXTERNAL ERROR MATRIX.    NDIM=  25    NPAR=  7    ERR DEF=1
  1.307e+05  3.260e-03  8.225e-03 -1.859e-03 -4.619e-03  2.147e-03  1.134e-03 
  3.260e-03  2.299e-08  6.063e-10 -9.753e-10 -2.802e-09  2.598e-09  3.268e-10 
  8.225e-03  6.063e-10  2.193e-07  9.567e-11  9.152e-10  8.515e-10 -4.126e-10 
 -1.859e-03 -9.753e-10  9.567e-11  7.313e-08  2.104e-07 -1.508e-07 -2.241e-08 
 -4.619e-03 -2.802e-09  9.152e-10  2.104e-07  9.635e-07 -6.890e-07 -1.021e-07 
  2.147e-03  2.598e-09  8.515e-10 -1.508e-07 -6.890e-07  5.199e-07  7.351e-08 
  1.134e-03  3.268e-10 -4.126e-10 -2.241e-08 -1.021e-07  7.351e-08  3.816e-08 
 PARAMETER  CORRELATION COEFFICIENTS  
       NO.  GLOBAL      1      3      4      6      7      8      9
        1  0.08230   1.000  0.059  0.049 -0.019 -0.013  0.008  0.016
        3  0.06847   0.059  1.000  0.009 -0.024 -0.019  0.024  0.011
        4  0.05325   0.049  0.009  1.000  0.001  0.002  0.003 -0.005
        6  0.79269  -0.019 -0.024  0.001  1.000  0.793 -0.773 -0.424
        7  0.97588  -0.013 -0.019  0.002  0.793  1.000 -0.973 -0.532
        8  0.97352   0.008  0.024  0.003 -0.773 -0.973  1.000  0.522
        9  0.53272   0.016  0.011 -0.005 -0.424 -0.532  0.522  1.000
MINUIT - FIT ONLY 1-y
 **********
 **   51 **RES 
 **********
                   PARAMETER   16  beta_vw RESTORED TO VARIABLE.
                   PARAMETER   15  w_vw RESTORED TO VARIABLE.
                   PARAMETER   14  alpha_vw RESTORED TO VARIABLE.
                   PARAMETER   13  beta_y RESTORED TO VARIABLE.
                   PARAMETER   12  w_y RESTORED TO VARIABLE.
                   PARAMETER   11  alpha_y RESTORED TO VARIABLE.
                   PARAMETER   10  beta_2CBO RESTORED TO VARIABLE.
 **********
 **   52 **FIX            0
 **********
 PARAMETER    0  IS UNDEFINED. IGNORED.
 **********
 **   53 **FIX            1
 **********
 **********
 **   54 **FIX            2
 **********
 PARAMETER    2  IS CONSTANT.   IGNORED.
 **********
 **   55 **FIX            3
 **********
 **********
 **   56 **FIX            4
 **********
 **********
 **   57 **FIX            5
 **********
 PARAMETER    5  IS CONSTANT.   IGNORED.
 **********
 **   58 **FIX            6
 **********
 **********
 **   59 **FIX            7
 **********
 **********
 **   60 **FIX            8
 **********
 **********
 **   61 **FIX            9
 **********
 **********
 **   62 **FIX           13
 **********
 **********
 **   63 **FIX           14
 **********
 **********
 **   64 **FIX           15
 **********
 **********
 **   65 **FIX           16
 **********
 **********
 **   66 **MIGRAD
 **********
 START MIGRAD MINIMIZATION.  STRATEGY  1.  CONVERGENCE WHEN EDM .LT. 1.00e-04
 FCN=264.358 FROM MIGRAD    STATUS=INITIATE       95 CALLS         688 TOTAL
                     EDM= unknown      STRATEGY= 1      NO ERROR MATRIX       
  EXT PARAMETER               CURRENT GUESS       STEP         FIRST   
  NO.   NAME      VALUE            ERROR          SIZE      DERIVATIVE 
   1  N0           3.09613e+06     fixed    
   2  tau          6.44082e+01   constant   
   3  A0           3.43258e-01     fixed    
   4  phi          4.11904e+00     fixed    
   5  R           -6.14951e+01   constant   
   6  alpha_CBO   -3.35489e-03     fixed    
   7  w_CBO        2.32724e+00     fixed    
   8  beta_CBO    -1.04714e-03     fixed    
   9  alpha_2CBO  -3.89444e-04     fixed    
  10  beta_2CBO    2.63038e-04   1.65245e-04   0.00000e+00   2.40617e+03
  11  alpha_y      0.00000e+00   1.00000e-03   0.00000e+00  -1.96998e+01
  12  w_y          0.00000e+00   1.00000e-03   0.00000e+00   0.00000e+00
  13  beta_y       0.00000e+00     fixed    
  14  alpha_vw     0.00000e+00     fixed    
  15  w_vw         0.00000e+00     fixed    
  16  beta_vw      0.00000e+00     fixed    
  17  LM           1.27158e-04   constant   
 MIGRAD MINIMIZATION HAS CONVERGED.
 MIGRAD WILL VERIFY CONVERGENCE AND ERROR MATRIX.
 FCN=264.319 FROM MIGRAD    STATUS=CONVERGED     125 CALLS         718 TOTAL
                     EDM=7.8329e-14    STRATEGY= 1      ERR MATRIX NOT POS-DEF
  EXT PARAMETER                APPROXIMATE        STEP         FIRST   
  NO.   NAME      VALUE            ERROR          SIZE      DERIVATIVE 
   1  N0           3.09613e+06     fixed    
   2  tau          6.44082e+01   constant   
   3  A0           3.43258e-01     fixed    
   4  phi          4.11904e+00     fixed    
   5  R           -6.14951e+01   constant   
   6  alpha_CBO   -3.35489e-03     fixed    
   7  w_CBO        2.32724e+00     fixed    
   8  beta_CBO    -1.04714e-03     fixed    
   9  alpha_2CBO  -3.89444e-04     fixed    
  10  beta_2CBO    2.30200e-04   4.64262e-05   1.31390e-06  -5.41763e-04
  11  alpha_y      3.63583e-07   7.07449e-04   9.29474e-07   5.57748e-04
  12  w_y          0.00000e+00   1.47375e+01   1.92169e-01   0.00000e+00
  13  beta_y       0.00000e+00     fixed    
  14  alpha_vw     0.00000e+00     fixed    
  15  w_vw         0.00000e+00     fixed    
  16  beta_vw      0.00000e+00     fixed    
  17  LM           1.27158e-04   constant   
 EXTERNAL ERROR MATRIX.    NDIM=  25    NPAR=  3    ERR DEF=1
  2.155e-09 -5.521e-10  1.149e-05 
 -5.521e-10  5.005e-07 -1.041e-02 
  1.149e-05 -1.041e-02  2.172e+02 
ERR MATRIX NOT POS-DEF
 PARAMETER  CORRELATION COEFFICIENTS  
       NO.  GLOBAL     10     11     12
       10  0.01681   1.000 -0.017  0.017
       11  0.99892  -0.017  1.000 -0.999
       12  0.99892   0.017 -0.999  1.000
 ERR MATRIX NOT POS-DEF
MINUIT - FIT ONLY 2-y
 **********
 **   67 **RES 
 **********
                   PARAMETER   16  beta_vw RESTORED TO VARIABLE.
                   PARAMETER   15  w_vw RESTORED TO VARIABLE.
                   PARAMETER   14  alpha_vw RESTORED TO VARIABLE.
                   PARAMETER   13  beta_y RESTORED TO VARIABLE.
                   PARAMETER    9  alpha_2CBO RESTORED TO VARIABLE.
                   PARAMETER    8  beta_CBO RESTORED TO VARIABLE.
                   PARAMETER    7  w_CBO RESTORED TO VARIABLE.
                   PARAMETER    6  alpha_CBO RESTORED TO VARIABLE.
                   PARAMETER    4  phi RESTORED TO VARIABLE.
                   PARAMETER    3  A0 RESTORED TO VARIABLE.
                   PARAMETER    1  N0 RESTORED TO VARIABLE.
 **********
 **   68 **FIX            0
 **********
 PARAMETER    0  IS UNDEFINED. IGNORED.
 **********
 **   69 **FIX            1
 **********
 **********
 **   70 **FIX            2
 **********
 PARAMETER    2  IS CONSTANT.   IGNORED.
 **********
 **   71 **FIX            3
 **********
 **********
 **   72 **FIX            4
 **********
 **********
 **   73 **FIX            5
 **********
 PARAMETER    5  IS CONSTANT.   IGNORED.
 **********
 **   74 **FIX            6
 **********
 **********
 **   75 **FIX            7
 **********
 **********
 **   76 **FIX            8
 **********
 **********
 **   77 **FIX            9
 **********
 **********
 **   78 **FIX           10
 **********
 **********
 **   79 **FIX           11
 **********
 **********
 **   80 **FIX           12
 **********
 **********
 **   81 **FIX           16
 **********
 **********
 **   82 **MIGRAD
 **********
 START MIGRAD MINIMIZATION.  STRATEGY  1.  CONVERGENCE WHEN EDM .LT. 1.00e-04
 FCN=264.319 FROM MIGRAD    STATUS=INITIATE       95 CALLS         813 TOTAL
                     EDM= unknown      STRATEGY= 1      NO ERROR MATRIX       
  EXT PARAMETER               CURRENT GUESS       STEP         FIRST   
  NO.   NAME      VALUE            ERROR          SIZE      DERIVATIVE 
   1  N0           3.09613e+06     fixed    
   2  tau          6.44082e+01   constant   
   3  A0           3.43258e-01     fixed    
   4  phi          4.11904e+00     fixed    
   5  R           -6.14951e+01   constant   
   6  alpha_CBO   -3.35489e-03     fixed    
   7  w_CBO        2.32724e+00     fixed    
   8  beta_CBO    -1.04714e-03     fixed    
   9  alpha_2CBO  -3.89444e-04     fixed    
  10  beta_2CBO    2.30200e-04     fixed    
  11  alpha_y      3.63583e-07     fixed    
  12  w_y          0.00000e+00     fixed    
  13  beta_y       0.00000e+00   1.41421e-03   0.00000e+00   0.00000e+00
  14  alpha_vw     0.00000e+00   1.00000e-03   0.00000e+00   5.66921e-04
  15  w_vw         0.00000e+00   1.00000e-03   0.00000e+00   0.00000e+00
  16  beta_vw      0.00000e+00     fixed    
  17  LM           1.27158e-04   constant   
 MIGRAD MINIMIZATION HAS CONVERGED.
 MIGRAD WILL VERIFY CONVERGENCE AND ERROR MATRIX.
  MNHESS FAILS AND WILL RETURN DIAGONAL MATRIX. 
 FCN=264.319 FROM MIGRAD    STATUS=CONVERGED     117 CALLS         835 TOTAL
                     EDM=1.40549e-15    STRATEGY= 1  ERROR MATRIX UNCERTAINTY 100.0 per cent
  EXT PARAMETER                APPROXIMATE        STEP         FIRST   
  NO.   NAME      VALUE            ERROR          SIZE      DERIVATIVE 
   1  N0           3.09613e+06     fixed    
   2  tau          6.44082e+01   constant   
   3  A0           3.43258e-01     fixed    
   4  phi          4.11904e+00     fixed    
   5  R           -6.14951e+01   constant   
   6  alpha_CBO   -3.35489e-03     fixed    
   7  w_CBO        2.32724e+00     fixed    
   8  beta_CBO    -1.04714e-03     fixed    
   9  alpha_2CBO  -3.89444e-04     fixed    
  10  beta_2CBO    2.30200e-04     fixed    
  11  alpha_y      3.63583e-07     fixed    
  12  w_y          0.00000e+00     fixed    
  13  beta_y       0.00000e+00   2.00000e-03  -0.00000e+00   0.00000e+00
  14  alpha_vw    -1.67651e-12   1.16865e-04  -1.67651e-12   3.20797e-04
  15  w_vw         0.00000e+00   1.41421e+00  -0.00000e+00   0.00000e+00
  16  beta_vw      0.00000e+00     fixed    
  17  LM           1.27158e-04   constant   
 EXTERNAL ERROR MATRIX.    NDIM=  25    NPAR=  3    ERR DEF=1
  4.000e-06  0.000e+00  0.000e+00 
  0.000e+00  1.366e-08  0.000e+00 
  0.000e+00  0.000e+00  2.000e+00 
ERR MATRIX APPROXIMATE
 PARAMETER  CORRELATION COEFFICIENTS  
       NO.  GLOBAL     13     14     15
       13  0.00000   1.000  0.000  0.000
       14  0.00000   0.000  1.000  0.000
       15  0.00000   0.000  0.000  1.000
 ERR MATRIX APPROXIMATE
MINUIT - FIT ALTOGETHER
 **********
 **   83 **RES 
 **********
                   PARAMETER   16  beta_vw RESTORED TO VARIABLE.
                   PARAMETER   12  w_y RESTORED TO VARIABLE.
                   PARAMETER   11  alpha_y RESTORED TO VARIABLE.
                   PARAMETER   10  beta_2CBO RESTORED TO VARIABLE.
                   PARAMETER    9  alpha_2CBO RESTORED TO VARIABLE.
                   PARAMETER    8  beta_CBO RESTORED TO VARIABLE.
                   PARAMETER    7  w_CBO RESTORED TO VARIABLE.
                   PARAMETER    6  alpha_CBO RESTORED TO VARIABLE.
                   PARAMETER    4  phi RESTORED TO VARIABLE.
                   PARAMETER    3  A0 RESTORED TO VARIABLE.
                   PARAMETER    1  N0 RESTORED TO VARIABLE.
 **********
 **   84 **MIGRAD
 **********
 START MIGRAD MINIMIZATION.  STRATEGY  1.  CONVERGENCE WHEN EDM .LT. 1.00e-04
 FCN=264.315 FROM MIGRAD    STATUS=INITIATE      309 CALLS        1144 TOTAL
                     EDM= unknown      STRATEGY= 1      NO ERROR MATRIX       
  EXT PARAMETER               CURRENT GUESS       STEP         FIRST   
  NO.   NAME      VALUE            ERROR          SIZE      DERIVATIVE 
   1  N0           3.09613e+06   3.61586e+02   0.00000e+00  -1.53094e-05
   2  tau          6.44082e+01   constant   
   3  A0           3.43258e-01   1.51627e-04   0.00000e+00   2.15292e+01
   4  phi          4.11904e+00   4.68306e-04   0.00000e+00   5.00798e+00
   5  R           -6.14951e+01   constant   
   6  alpha_CBO   -3.35489e-03   2.70418e-04   0.00000e+00  -4.15739e+01
   7  w_CBO        2.32724e+00   9.81593e-04   0.00000e+00  -4.00244e+02
   8  beta_CBO    -1.04714e-03   7.21065e-04   0.00000e+00  -3.30959e+01
   9  alpha_2CBO  -3.89444e-04   1.95356e-04   0.00000e+00   1.53557e+00
  10  beta_2CBO    2.30200e-04   4.64262e-05   0.00000e+00  -2.73168e-01
  11  alpha_y      3.63583e-07   7.07449e-04   0.00000e+00  -9.63410e+03
  12  w_y          1.24307e-01   1.47375e+01   0.00000e+00   7.29893e-01
  13  beta_y       0.00000e+00   2.00000e-03   0.00000e+00  -9.41156e+03
  14  alpha_vw    -1.67651e-12   1.16865e-04   0.00000e+00   1.65422e+04
  15  w_vw         4.60622e+01   1.41421e+00   4.60622e+01  -3.10059e-10
  16  beta_vw      0.00000e+00   1.00000e-03   0.00000e+00   9.98396e+03
  17  LM           1.27158e-04   constant   
 MIGRAD FAILS TO FIND IMPROVEMENT
 FCN=260.694 FROM HESSE     STATUS=NOT POSDEF    148 CALLS        1384 TOTAL
                     EDM=35.9973    STRATEGY= 1      ERR MATRIX NOT POS-DEF
  EXT PARAMETER                APPROXIMATE        STEP         FIRST   
  NO.   NAME      VALUE            ERROR          SIZE      DERIVATIVE 
   1  N0           3.09613e+06   1.76615e+03   2.85241e+00   2.35391e-03
   2  tau          6.44082e+01   constant   
   3  A0           3.43257e-01   1.25549e-04   1.21087e-06   1.12748e+02
   4  phi          4.11904e+00   3.85761e-04   3.69906e-06  -2.53233e+02
   5  R           -6.14951e+01   constant   
   6  alpha_CBO   -3.35440e-03   1.36146e-04   1.31020e-06  -5.40774e+02
   7  w_CBO        2.32725e+00   2.19343e-04   1.69288e-06  -1.20866e+02
   8  beta_CBO    -1.04676e-03   1.64410e-04   1.30064e-06   1.99086e+02
   9  alpha_2CBO  -3.89462e-04   1.33201e-04   1.30593e-06   1.25874e+02
  10  beta_2CBO    2.30203e-04   1.33392e-04   1.30485e-06   4.48907e+01
  11  alpha_y      9.12899e-05   2.74378e-04   1.19599e-06  -8.32738e+03
  12  w_y          1.20867e-01   6.33827e-02   3.78870e-05  -4.43731e+02
  13  beta_y       1.39922e-04   2.30768e-03   1.45181e-06   9.10312e+03
  14  alpha_vw    -1.90879e-04   1.65592e-04   1.30653e-06   3.60695e+03
  15  w_vw         8.36039e+01   3.80204e-03   4.59789e-04   1.50686e+02
  16  beta_vw     -1.15349e-04   2.29690e-04   4.60708e-04   6.31435e+03
  17  LM           1.27158e-04   constant   
 MIGRAD MINIMIZATION HAS CONVERGED.
 MIGRAD WILL VERIFY CONVERGENCE AND ERROR MATRIX.
 COVARIANCE MATRIX CALCULATED SUCCESSFULLY
 MIGRAD TERMINATED WITHOUT CONVERGENCE.
 FCN=257.806 FROM MIGRAD    STATUS=FAILED       2300 CALLS        3135 TOTAL
                     EDM=0.00752628    STRATEGY= 1      ERR MATRIX APPROXIMATE
  EXT PARAMETER                APPROXIMATE        STEP         FIRST   
  NO.   NAME      VALUE            ERROR          SIZE      DERIVATIVE 
   1  N0           3.09579e+06   7.90663e+02   2.83640e+00   1.05441e-05
   2  tau          6.44082e+01   constant   
   3  A0           3.43226e-01   1.55225e-04   1.20421e-06   5.99079e+00
   4  phi          4.11910e+00   4.72545e-04   3.67910e-06   1.74328e+00
   5  R           -6.14951e+01   constant   
   6  alpha_CBO   -7.00079e-04   3.49881e-03   1.29938e-06   4.28025e+00
   7  w_CBO        2.33226e+00   4.79672e-03   1.68030e-06  -7.56108e+00
   8  beta_CBO    -3.42857e-03   7.26648e-04   1.29703e-06   1.54723e+00
   9  alpha_2CBO   1.24401e-05   1.02301e-03   1.29633e-06   9.13370e+00
  10  beta_2CBO   -4.95997e-04   1.66010e-04   1.30009e-06   3.00159e+00
  11  alpha_y     -2.58749e-04   9.88587e-04   1.23950e-06  -9.02216e+00
  12  w_y          1.06607e-01   4.66702e-02   2.18630e-05  -1.54015e+00
  13  beta_y      -8.41757e-05   2.49650e-03   1.36655e-06   1.13616e+01
  14  alpha_vw    -4.13409e-05   2.47981e-03   1.26855e-06  -2.51341e+01
  15  w_vw         8.36238e+01   3.50883e-02   3.98749e-05  -6.87590e-02
  16  beta_vw      3.35802e-04   3.56998e-04   1.33042e-06   6.75322e+00
  17  LM           1.27158e-04   constant   
 EXTERNAL ERROR MATRIX.    NDIM=  25    NPAR= 14    ERR DEF=1
 ELEMENTS ABOVE DIAGONAL ARE NOT PRINTED.
  6.251e+05 
  9.926e-03  2.409e-08 
  2.030e-02 -1.826e-09  2.233e-07 
 -3.802e-02 -5.680e-08  2.750e-08  1.224e-05 
 -5.749e-02 -7.713e-08  3.910e-08  1.676e-05  2.301e-05 
  4.771e-03  1.177e-08 -5.538e-09 -2.473e-06 -3.394e-06  5.280e-07 
 -1.199e-02 -1.656e-08  8.673e-09  3.529e-06  4.843e-06 -7.140e-07  1.047e-06 
  3.237e-03 -1.893e-10 -1.033e-09 -3.789e-08 -5.156e-08  7.972e-09 -1.084e-08  2.756e-08 
  5.882e-01  5.775e-09  2.889e-09 -9.436e-08 -1.314e-07  1.670e-08 -2.809e-08  1.911e-09  9.773e-07 
  2.375e+01  1.769e-07 -6.771e-08 -3.686e-06 -5.085e-06  6.744e-07 -1.091e-06  4.833e-08  4.488e-05  2.178e-03 
 -1.161e+00 -8.580e-09  1.294e-08  2.192e-07  3.003e-07 -4.097e-08  6.454e-08 -1.721e-09 -2.357e-06 -1.159e-04  6.233e-06 
  1.578e-01  3.007e-09  7.529e-08 -7.465e-08 -1.116e-07  1.642e-08 -2.336e-08  5.700e-09  2.364e-07  8.356e-06 -4.716e-07 
  1.578e-01  3.007e-09  7.529e-08 -7.465e-08 -1.116e-07  1.642e-08 -2.336e-08  5.700e-09  2.364e-07  8.356e-06 -4.716e-07  6.149e-06 
 -2.647e+00 -6.172e-08 -1.062e-06  1.220e-06  1.811e-06 -2.652e-07  3.807e-07 -8.231e-08 -3.514e-06 -1.208e-04  6.673e-06 
 -2.647e+00 -6.172e-08 -1.062e-06  1.220e-06  1.811e-06 -2.652e-07  3.807e-07 -8.231e-08 -3.514e-06 -1.208e-04  6.673e-06 -8.681e-05  1.231e-03 
  3.867e-02 -1.597e-10  1.529e-08  2.449e-08  3.191e-08 -4.195e-09  6.914e-09  7.004e-10  3.562e-08  1.153e-06 -5.723e-08 
  3.867e-02 -1.597e-10  1.529e-08  2.449e-08  3.191e-08 -4.195e-09  6.914e-09  7.004e-10  3.562e-08  1.153e-06 -5.723e-08  7.730e-07 -1.097e-05  1.274e-07 
ERR MATRIX APPROXIMATE
 PARAMETER  CORRELATION COEFFICIENTS  
       NO.  GLOBAL      1      3      4      6      7      8      9     10     11     12     13     14     15     16
        1  0.88917   1.000  0.081  0.054 -0.014 -0.015  0.008 -0.015  0.025  0.753  0.644 -0.588  0.081 -0.095  0.137
        3  0.15697   0.081  1.000 -0.025 -0.105 -0.104  0.104 -0.104 -0.007  0.038  0.024 -0.022  0.008 -0.011 -0.003
        4  0.13272   0.054 -0.025  1.000  0.017  0.017 -0.016  0.018 -0.013  0.006 -0.003  0.011  0.064 -0.064  0.091
        6  0.99888  -0.014 -0.105  0.017  1.000  0.999 -0.973  0.986 -0.065 -0.027 -0.023  0.025 -0.009  0.010  0.020
        7  0.99901  -0.015 -0.104  0.017  0.999  1.000 -0.974  0.987 -0.065 -0.028 -0.023  0.025 -0.009  0.011  0.019
        8  0.97384   0.008  0.104 -0.016 -0.973 -0.974  1.000 -0.961  0.066  0.023  0.020 -0.023  0.009 -0.010 -0.016
        9  0.98690  -0.015 -0.104  0.018  0.986  0.987 -0.961  1.000 -0.064 -0.028 -0.023  0.025 -0.009  0.011  0.019
       10  0.07784   0.025 -0.007 -0.013 -0.065 -0.065  0.066 -0.064  1.000  0.012  0.006 -0.004  0.014 -0.014  0.012
       11  0.98713   0.753  0.038  0.006 -0.027 -0.028  0.023 -0.028  0.012  1.000  0.973 -0.955  0.096 -0.101  0.101
       12  0.99822   0.644  0.024 -0.003 -0.023 -0.023  0.020 -0.023  0.006  0.973  1.000 -0.995  0.072 -0.074  0.069
       13  0.99758  -0.588 -0.022  0.011  0.025  0.025 -0.023  0.025 -0.004 -0.955 -0.995  1.000 -0.076  0.076 -0.064
       14  0.99788   0.081  0.008  0.064 -0.009 -0.009  0.009 -0.009  0.014  0.096  0.072 -0.076  1.000 -0.998  0.873
       15  0.99790  -0.095 -0.011 -0.064  0.010  0.011 -0.010  0.011 -0.014 -0.101 -0.074  0.076 -0.998  1.000 -0.876
       16  0.88041   0.137 -0.003  0.091  0.020  0.019 -0.016  0.019  0.012  0.101  0.069 -0.064  0.873 -0.876  1.000
 ERR MATRIX APPROXIMATE
MINUIT - MINOS
 **********
 **   85 **RES 
 **********
 CALL TO MNFREE IGNORED.  THERE ARE NO FIXED PARAMETERS
 **********
 **   86 **MIG      2.5e+04        0.01
 **********
 START MIGRAD MINIMIZATION.  STRATEGY  1.  CONVERGENCE WHEN EDM .LT. 1.00e-05
 FCN=257.806 FROM MIGRAD    STATUS=INITIATE       28 CALLS        3163 TOTAL
                     EDM=0.00376948    STRATEGY= 1      ERR MATRIX APPROXIMATE
  EXT PARAMETER                APPROXIMATE        STEP         FIRST   
  NO.   NAME      VALUE            ERROR          SIZE      DERIVATIVE 
   1  N0           3.09579e+06   7.90663e+02   2.83640e+00   1.05441e-05
   2  tau          6.44082e+01   constant   
   3  A0           3.43226e-01   1.55225e-04   1.20421e-06   5.99079e+00
   4  phi          4.11910e+00   4.72545e-04   3.67910e-06   1.74328e+00
   5  R           -6.14951e+01   constant   
   6  alpha_CBO   -7.00079e-04   3.49881e-03   1.29938e-06   4.28026e+00
   7  w_CBO        2.33226e+00   4.79672e-03   1.68030e-06  -7.56100e+00
   8  beta_CBO    -3.42857e-03   7.26648e-04   1.29703e-06   1.54724e+00
   9  alpha_2CBO   1.24401e-05   1.02301e-03   1.29633e-06   9.13370e+00
  10  beta_2CBO   -4.95997e-04   1.66010e-04   1.30009e-06   3.00159e+00
  11  alpha_y     -2.58749e-04   9.88587e-04   1.23950e-06  -9.02215e+00
  12  w_y          1.06607e-01   4.66702e-02   2.18630e-05  -1.54198e+00
  13  beta_y      -8.41757e-05   2.49650e-03   1.36655e-06   1.13616e+01
  14  alpha_vw    -4.13409e-05   2.47981e-03   1.26855e-06  -2.51340e+01
  15  w_vw         8.36238e+01   3.50883e-02   3.98749e-05  -6.72313e-02
  16  beta_vw      3.35802e-04   3.56998e-04   1.33042e-06   6.75323e+00
  17  LM           1.27158e-04   constant   
 MIGRAD MINIMIZATION HAS CONVERGED.
 MIGRAD WILL VERIFY CONVERGENCE AND ERROR MATRIX.
 COVARIANCE MATRIX CALCULATED SUCCESSFULLY
 FCN=257.697 FROM MIGRAD    STATUS=CONVERGED    6419 CALLS        9554 TOTAL
                     EDM=3.26398e-06    STRATEGY= 1      ERROR MATRIX ACCURATE 
  EXT PARAMETER                                   STEP         FIRST   
  NO.   NAME      VALUE            ERROR          SIZE      DERIVATIVE 
   1  N0           3.09613e+06   4.90088e+02   2.83611e+00  -1.14506e-06
   2  tau          6.44082e+01   constant   
   3  A0           3.43232e-01   1.55552e-04   1.20395e-06  -3.09659e-01
   4  phi          4.11908e+00   4.71887e-04   3.67825e-06  -2.95351e-01
   5  R           -6.14951e+01   constant   
   6  alpha_CBO   -8.37113e-04   3.44775e-03   1.29960e-06  -3.14707e-01
   7  w_CBO        2.33208e+00   4.76517e-03   1.67912e-06  -3.50649e-01
   8  beta_CBO    -3.40048e-03   8.57477e-04   1.29627e-06  -3.05817e+00
   9  alpha_2CBO  -2.80403e-05   1.00787e-03   1.29615e-06  -5.76483e-01
  10  beta_2CBO   -4.93390e-04   1.89670e-04   1.29972e-06  -1.36953e+00
  11  alpha_y     -7.95773e-05   3.87302e-03   1.26099e-06  -1.94792e+00
  12  w_y          1.69765e-01   9.05882e-02   2.76481e-05  -4.60036e-02
  13  beta_y      -1.98062e-04   1.52176e-03   1.33840e-06  -6.89095e+00
  14  alpha_vw     2.69212e-04   1.48796e-03   1.31843e-06   3.97902e+00
  15  w_vw         8.36188e+01   3.52879e-02   3.98726e-05   1.98177e-01
  16  beta_vw      1.97787e-04   2.00582e-03   1.27843e-06  -2.84681e-01
  17  LM           1.27158e-04   constant   
 EXTERNAL ERROR MATRIX.    NDIM=  25    NPAR= 14    ERR DEF=1
 ELEMENTS ABOVE DIAGONAL ARE NOT PRINTED.
  2.402e+05 
  9.050e-03  2.420e-08 
  2.198e-03 -2.011e-09  2.227e-07 
 -8.712e-02 -5.781e-08  2.697e-08  1.189e-05 
 -1.221e-01 -7.916e-08  3.881e-08  1.641e-05  2.271e-05 
  1.887e-02  1.435e-08 -6.492e-09 -2.897e-06 -4.009e-06  7.353e-07 
 -2.574e-02 -1.688e-08  8.445e-09  3.424e-06  4.738e-06 -8.362e-07  1.016e-06 
  3.841e-03  1.206e-09 -1.806e-09 -3.186e-07 -4.403e-07  7.810e-08 -9.185e-08  3.597e-08 
  1.243e+00  5.235e-08 -5.355e-08 -1.063e-06 -1.472e-06  2.388e-07 -3.124e-07  3.678e-08  1.500e-05 
  2.897e+01  1.223e-06 -1.209e-06 -2.475e-05 -3.428e-05  5.558e-06 -7.273e-06  8.608e-07  3.505e-04  8.206e-03 
 -4.753e-01 -1.965e-08  2.421e-08  4.169e-07  5.764e-07 -9.410e-08  1.224e-07 -1.393e-08 -5.849e-06 -1.369e-04  2.316e-06 
  1.206e-01  4.042e-09  4.542e-08 -8.667e-08 -1.258e-07  2.086e-08 -2.601e-08  6.292e-09  1.371e-06  3.204e-05 -5.303e-07 
  1.206e-01  4.042e-09  4.542e-08 -8.667e-08 -1.258e-07  2.086e-08 -2.601e-08  6.292e-09  1.371e-06  3.204e-05 -5.303e-07  2.214e-06 
 -2.953e+00 -1.295e-07 -9.537e-07  2.929e-06  4.188e-06 -6.940e-07  8.731e-07 -1.729e-07 -3.359e-05 -7.842e-04  1.297e-05 
 -2.953e+00 -1.295e-07 -9.537e-07  2.929e-06  4.188e-06 -6.940e-07  8.731e-07 -1.729e-07 -3.359e-05 -7.842e-04  1.297e-05 -5.217e-05  1.245e-03 
 -1.559e-01 -6.482e-09 -5.204e-08  1.702e-07  2.427e-07 -4.010e-08  5.059e-08 -9.837e-09 -1.882e-06 -4.391e-05  7.323e-07 
 -1.559e-01 -6.482e-09 -5.204e-08  1.702e-07  2.427e-07 -4.010e-08  5.059e-08 -9.837e-09 -1.882e-06 -4.391e-05  7.323e-07 -2.954e-06  7.053e-05  4.023e-06 
 PARAMETER  CORRELATION COEFFICIENTS  
       NO.  GLOBAL      1      3      4      6      7      8      9     10     11     12     13     14     15     16
        1  0.67448   1.000  0.119  0.010 -0.052 -0.052  0.045 -0.052  0.041  0.655  0.653 -0.637  0.165 -0.171 -0.159
        3  0.16951   0.119  1.000 -0.027 -0.108 -0.107  0.108 -0.108  0.041  0.087  0.087 -0.083  0.017 -0.024 -0.021
        4  0.12211   0.010 -0.027  1.000  0.017  0.017 -0.016  0.018 -0.020 -0.029 -0.028  0.034  0.065 -0.057 -0.055
        6  0.99885  -0.052 -0.108  0.017  1.000  0.999 -0.980  0.985 -0.487 -0.080 -0.079  0.079 -0.017  0.024  0.025
        7  0.99899  -0.052 -0.107  0.017  0.999  1.000 -0.981  0.986 -0.487 -0.080 -0.079  0.079 -0.018  0.025  0.025
        8  0.98130   0.045  0.108 -0.016 -0.980 -0.981  1.000 -0.968  0.480  0.072  0.072 -0.072  0.016 -0.023 -0.023
        9  0.98650  -0.052 -0.108  0.018  0.985  0.986 -0.968  1.000 -0.480 -0.080 -0.080  0.080 -0.017  0.025  0.025
       10  0.48854   0.041  0.041 -0.020 -0.487 -0.487  0.480 -0.480  1.000  0.050  0.050 -0.048  0.022 -0.026 -0.026
       11  0.99914   0.655  0.087 -0.029 -0.080 -0.080  0.072 -0.080  0.050  1.000  0.999 -0.992  0.238 -0.246 -0.242
       12  0.99924   0.653  0.087 -0.028 -0.079 -0.079  0.072 -0.080  0.050  0.999  1.000 -0.993  0.238 -0.245 -0.242
       13  0.99371  -0.637 -0.083  0.034  0.079  0.079 -0.072  0.080 -0.048 -0.992 -0.993  1.000 -0.234  0.242  0.240
       14  0.99361   0.165  0.017  0.065 -0.017 -0.018  0.016 -0.017  0.022  0.238  0.238 -0.234  1.000 -0.994 -0.990
       15  0.99788  -0.171 -0.024 -0.057  0.024  0.025 -0.023  0.025 -0.026 -0.246 -0.245  0.242 -0.994  1.000  0.996
       16  0.99670  -0.159 -0.021 -0.055  0.025  0.025 -0.023  0.025 -0.026 -0.242 -0.242  0.240 -0.990  0.996  1.000
 **********
 **   87 **MINO      2.5e+04
 **********
                         NEGATIVE MINOS ERROR NOT CALCULATED FOR PARAMETER 1
                         NEGATIVE MINOS ERROR NOT CALCULATED FOR PARAMETER 11
                         POSITIVE MINOS ERROR NOT CALCULATED FOR PARAMETER 13
 CALL LIMIT EXCEEDED IN MIGRAD.
                         POSITIVE MINOS ERROR NOT CALCULATED FOR PARAMETER 16
 FCN=257.697 FROM MINOS     STATUS=PROBLEMS   160545 CALLS      170099 TOTAL
                     EDM=3.26398e-06    STRATEGY= 1      ERROR MATRIX ACCURATE 
  EXT PARAMETER                  PARABOLIC         MINOS ERRORS        
  NO.   NAME      VALUE            ERROR      NEGATIVE      POSITIVE   
   1  N0           3.09613e+06   4.90088e+02                 5.68603e+02
   2  tau          6.44082e+01   constant   
   3  A0           3.43232e-01   1.55552e-04  -1.56319e-04   1.56627e-04
   4  phi          4.11908e+00   4.71887e-04  -4.71656e-04   4.72549e-04
   5  R           -6.14951e+01   constant   
   6  alpha_CBO   -8.37113e-04   3.44775e-03  -2.51869e-03   3.29759e-03
   7  w_CBO        2.33208e+00   4.76517e-03  -4.82615e-03   4.80627e-03
   8  beta_CBO    -3.40048e-03   8.57477e-04  -2.55185e-04   2.34550e-03
   9  alpha_2CBO  -2.80403e-05   1.00787e-03  -5.58730e-04   6.56008e-04
  10  beta_2CBO   -4.93390e-04   1.89670e-04  -1.67590e-04   7.40156e-04
  11  alpha_y     -7.95773e-05   3.87302e-03                 4.33752e-04
  12  w_y          1.69765e-01   9.05882e-02  -4.97582e-01   1.58458e-01
  13  beta_y      -1.98062e-04   1.52176e-03  -1.63076e-04              
  14  alpha_vw     2.69212e-04   1.48796e-03  -7.58676e-04   6.52839e-05
  15  w_vw         8.36188e+01   3.52879e-02  -3.33882e-02   3.63652e-02
  16  beta_vw      1.97787e-04   2.00582e-03  -2.48412e-04              
  17  LM           1.27158e-04   constant   
 **********
 **   88 **SHO COR 
 **********
 PARAMETER  CORRELATION COEFFICIENTS  
       NO.  GLOBAL      1      3      4      6      7      8      9     10     11     12     13     14     15     16
        1  0.67448   1.000  0.119  0.010 -0.052 -0.052  0.045 -0.052  0.041  0.655  0.653 -0.637  0.165 -0.171 -0.159
        3  0.16951   0.119  1.000 -0.027 -0.108 -0.107  0.108 -0.108  0.041  0.087  0.087 -0.083  0.017 -0.024 -0.021
        4  0.12211   0.010 -0.027  1.000  0.017  0.017 -0.016  0.018 -0.020 -0.029 -0.028  0.034  0.065 -0.057 -0.055
        6  0.99885  -0.052 -0.108  0.017  1.000  0.999 -0.980  0.985 -0.487 -0.080 -0.079  0.079 -0.017  0.024  0.025
        7  0.99899  -0.052 -0.107  0.017  0.999  1.000 -0.981  0.986 -0.487 -0.080 -0.079  0.079 -0.018  0.025  0.025
        8  0.98130   0.045  0.108 -0.016 -0.980 -0.981  1.000 -0.968  0.480  0.072  0.072 -0.072  0.016 -0.023 -0.023
        9  0.98650  -0.052 -0.108  0.018  0.985  0.986 -0.968  1.000 -0.480 -0.080 -0.080  0.080 -0.017  0.025  0.025
       10  0.48854   0.041  0.041 -0.020 -0.487 -0.487  0.480 -0.480  1.000  0.050  0.050 -0.048  0.022 -0.026 -0.026
       11  0.99914   0.655  0.087 -0.029 -0.080 -0.080  0.072 -0.080  0.050  1.000  0.999 -0.992  0.238 -0.246 -0.242
       12  0.99924   0.653  0.087 -0.028 -0.079 -0.079  0.072 -0.080  0.050  0.999  1.000 -0.993  0.238 -0.245 -0.242
       13  0.99371  -0.637 -0.083  0.034  0.079  0.079 -0.072  0.080 -0.048 -0.992 -0.993  1.000 -0.234  0.242  0.240
       14  0.99361   0.165  0.017  0.065 -0.017 -0.018  0.016 -0.017  0.022  0.238  0.238 -0.234  1.000 -0.994 -0.990
       15  0.99788  -0.171 -0.024 -0.057  0.024  0.025 -0.023  0.025 -0.026 -0.246 -0.245  0.242 -0.994  1.000  0.996
       16  0.99670  -0.159 -0.021 -0.055  0.025  0.025 -0.023  0.025 -0.026 -0.242 -0.242  0.240 -0.990  0.996  1.000
 ELEMENTS ABOVE DIAGONAL ARE NOT PRINTED.
