 + ++++++++++++++++++++++++++++++++++++++++++++++++++++++++++++++++++++ +
 +                                                                      +
 +           You have chose to blind your fitting according to          +
 +                omega_ref * (1 + (R +/- deltaR) *10^{-6})             +
 +                                                                      +
 + ++++++++++++++++++++++++++++++++++++++++++++++++++++++++++++++++++++ +
In main()...
reading format from /gm2data/zkhechad/run45/envelope/formats/formatB_sBin_constraintOn.txt
pBinTau 	= 0  
pBinPhi 	= 0  
constraintau 	= 1 
includeMopTerm 	= 0    
constrainMop    = 0   
Parameters after format file: pBinTau 0 pBinPhi 0 constraintau 1 includeMopTerm 0 constrainMop 0 c_e_scale 0.000000 
Opening file /gm2data/tbarrett/gm2fr/studies/run23_bunch_corrections/CorrectedFourier_Run3b.root.
reading full fit data from /gm2data/zkhechad/cboTemplates/Run4CBOTemplates/fullFits/noRF/sBin_constraintOn_cE0.0_seed0_noRF_calo17.root
deltaT 164.120000
windowBins = 240
fitting sliding window 2240 from bin 2443 at 364.495600 to bin 2683 at 400.303600 (240 bins)

Reading data from /gm2data/cornell/histograms/aMethod/histogram_a_noRF.root
 **********
 **    1 **SET PRINTOUT            1
 **********
 **********
 **    2 **SET NOWARNINGS 
 **********
 PARAMETER DEFINITIONS:
    NO.   NAME         VALUE      STEP SIZE      LIMITS
     1 N0           3.18646e+06  1.00000e+02     no limits
     2 tau          6.44092e+01  constant
     3 A0           3.45293e-01  1.00000e-04     no limits
     4 phi          4.12011e+00  1.00000e-02     no limits
     5 R           -6.06338e+01  constant
     6 alpha_CBO    0.00000e+00  1.00000e-03     no limits
     7 w_CBO        2.32652e+00  1.00000e-03     no limits
     8 beta_CBO     0.00000e+00  1.00000e-03     no limits
     9 alpha_2CBO   0.00000e+00  1.00000e-03     no limits
    10 beta_2CBO    0.00000e+00  1.00000e-03     no limits
    11 alpha_y      0.00000e+00  1.00000e-03     no limits
    12 w_y          0.00000e+00  1.00000e-03     no limits
    13 beta_y       0.00000e+00  1.00000e-03     no limits
    14 alpha_vw     0.00000e+00  1.00000e-03     no limits
    15 w_vw         0.00000e+00  1.00000e-03     no limits
    16 beta_vw      0.00000e+00  1.00000e-03     no limits
    17 LM           1.61481e-04  constant
MINUIT - FIT ONLY WIGGLE
 **********
 **    3 **FIX            5
 **********
 PARAMETER    5  IS CONSTANT.   IGNORED.
 **********
 **    4 **FIX            6
 **********
 **********
 **    5 **FIX            7
 **********
 **********
 **    6 **FIX            8
 **********
 **********
 **    7 **FIX            9
 **********
 **********
 **    8 **FIX           10
 **********
 **********
 **    9 **FIX           11
 **********
 **********
 **   10 **FIX           12
 **********
 **********
 **   11 **FIX           13
 **********
 **********
 **   12 **FIX           14
 **********
 **********
 **   13 **FIX           15
 **********
 **********
 **   14 **FIX           16
 **********
 **********
 **   15 **MIGRAD
 **********
 FIRST CALL TO USER FUNCTION AT NEW START POINT, WITH IFLAG=4.
 START MIGRAD MINIMIZATION.  STRATEGY  1.  CONVERGENCE WHEN EDM .LT. 1.00e-04
 FCN=273.456 FROM MIGRAD    STATUS=INITIATE       12 CALLS          13 TOTAL
                     EDM= unknown      STRATEGY= 1      NO ERROR MATRIX       
  EXT PARAMETER               CURRENT GUESS       STEP         FIRST   
  NO.   NAME      VALUE            ERROR          SIZE      DERIVATIVE 
   1  N0           3.18646e+06   1.00000e+02   1.00000e+02   3.85492e-04
   2  tau          6.44092e+01   constant   
   3  A0           3.45293e-01   1.00000e-04   1.00000e-04   1.26242e+03
   4  phi          4.12011e+00   1.00000e-02   1.00000e-02  -3.37867e+02
   5  R           -6.06338e+01   constant   
   6  alpha_CBO    0.00000e+00     fixed    
   7  w_CBO        2.32652e+00     fixed    
   8  beta_CBO     0.00000e+00     fixed    
   9  alpha_2CBO   0.00000e+00     fixed    
  10  beta_2CBO    0.00000e+00     fixed    
  11  alpha_y      0.00000e+00     fixed    
  12  w_y          0.00000e+00     fixed    
  13  beta_y       0.00000e+00     fixed    
  14  alpha_vw     0.00000e+00     fixed    
  15  w_vw         0.00000e+00     fixed    
  16  beta_vw      0.00000e+00     fixed    
  17  LM           1.61481e-04   constant   
 MIGRAD MINIMIZATION HAS CONVERGED.
 MIGRAD WILL VERIFY CONVERGENCE AND ERROR MATRIX.
 COVARIANCE MATRIX CALCULATED SUCCESSFULLY
 FCN=273.174 FROM MIGRAD    STATUS=CONVERGED      42 CALLS          43 TOTAL
                     EDM=1.89746e-07    STRATEGY= 1      ERROR MATRIX ACCURATE 
  EXT PARAMETER                                   STEP         FIRST   
  NO.   NAME      VALUE            ERROR          SIZE      DERIVATIVE 
   1  N0           3.18609e+06   1.35623e+03   1.06701e+01  -1.95903e-08
   2  tau          6.44092e+01   constant   
   3  A0           3.45091e-01   5.61722e-04   4.53841e-06   7.15687e-01
   4  phi          4.12060e+00   1.72238e-03   1.39241e-05   2.68242e-01
   5  R           -6.06338e+01   constant   
   6  alpha_CBO    0.00000e+00     fixed    
   7  w_CBO        2.32652e+00     fixed    
   8  beta_CBO     0.00000e+00     fixed    
   9  alpha_2CBO   0.00000e+00     fixed    
  10  beta_2CBO    0.00000e+00     fixed    
  11  alpha_y      0.00000e+00     fixed    
  12  w_y          0.00000e+00     fixed    
  13  beta_y       0.00000e+00     fixed    
  14  alpha_vw     0.00000e+00     fixed    
  15  w_vw         0.00000e+00     fixed    
  16  beta_vw      0.00000e+00     fixed    
  17  LM           1.61481e-04   constant   
 EXTERNAL ERROR MATRIX.    NDIM=  25    NPAR=  3    ERR DEF=1
  1.839e+06  2.666e-02  1.550e-02 
  2.666e-02  3.155e-07  1.204e-08 
  1.550e-02  1.204e-08  2.967e-06 
 PARAMETER  CORRELATION COEFFICIENTS  
       NO.  GLOBAL      1      3      4
        1  0.03554   1.000  0.035  0.007
        3  0.03706   0.035  1.000  0.012
        4  0.01390   0.007  0.012  1.000
MINUIT - FIT ONLY 1-CBO + wiggle
 **********
 **   16 **RES 
 **********
                   PARAMETER   16  beta_vw RESTORED TO VARIABLE.
                   PARAMETER   15  w_vw RESTORED TO VARIABLE.
                   PARAMETER   14  alpha_vw RESTORED TO VARIABLE.
                   PARAMETER   13  beta_y RESTORED TO VARIABLE.
                   PARAMETER   12  w_y RESTORED TO VARIABLE.
                   PARAMETER   11  alpha_y RESTORED TO VARIABLE.
                   PARAMETER   10  beta_2CBO RESTORED TO VARIABLE.
                   PARAMETER    9  alpha_2CBO RESTORED TO VARIABLE.
                   PARAMETER    8  beta_CBO RESTORED TO VARIABLE.
                   PARAMETER    7  w_CBO RESTORED TO VARIABLE.
                   PARAMETER    6  alpha_CBO RESTORED TO VARIABLE.
 **********
 **   17 **FIX            8
 **********
 **********
 **   18 **FIX            9
 **********
 **********
 **   19 **FIX           11
 **********
 **********
 **   20 **FIX           12
 **********
 **********
 **   21 **FIX           14
 **********
 **********
 **   22 **FIX           15
 **********
 **********
 **   23 **FIX           16
 **********
 **********
 **   24 **MIGRAD
 **********
 START MIGRAD MINIMIZATION.  STRATEGY  1.  CONVERGENCE WHEN EDM .LT. 1.00e-04
 FCN=273.174 FROM MIGRAD    STATUS=INITIATE      347 CALLS         390 TOTAL
                     EDM= unknown      STRATEGY= 1      NO ERROR MATRIX       
  EXT PARAMETER               CURRENT GUESS       STEP         FIRST   
  NO.   NAME      VALUE            ERROR          SIZE      DERIVATIVE 
   1  N0           3.18609e+06   1.35623e+03   0.00000e+00  -1.95905e-08
   2  tau          6.44092e+01   constant   
   3  A0           3.45091e-01   5.61722e-04   0.00000e+00   7.15687e-01
   4  phi          4.12060e+00   1.72238e-03   0.00000e+00   2.68243e-01
   5  R           -6.06338e+01   constant   
   6  alpha_CBO    0.00000e+00   1.00000e-03   0.00000e+00  -8.11746e+02
   7  w_CBO        2.32652e+00   1.00000e-03   0.00000e+00   0.00000e+00
   8  beta_CBO     0.00000e+00     fixed    
   9  alpha_2CBO   0.00000e+00     fixed    
  10  beta_2CBO    0.00000e+00   1.00000e-03   0.00000e+00   1.81853e+03
  11  alpha_y      0.00000e+00     fixed    
  12  w_y          0.00000e+00     fixed    
  13  beta_y       0.00000e+00   1.00000e-03   0.00000e+00   0.00000e+00
  14  alpha_vw     0.00000e+00     fixed    
  15  w_vw         0.00000e+00     fixed    
  16  beta_vw      0.00000e+00     fixed    
  17  LM           1.61481e-04   constant   
 MIGRAD MINIMIZATION HAS CONVERGED.
 FCN=257.391 FROM MIGRAD    STATUS=CONVERGED     518 CALLS         561 TOTAL
                     EDM=2.82193e-06    STRATEGY= 1  ERROR MATRIX UNCERTAINTY   0.2 per cent
  EXT PARAMETER                                   STEP         FIRST   
  NO.   NAME      VALUE            ERROR          SIZE      DERIVATIVE 
   1  N0           3.18601e+06   1.35661e+03  -2.92521e+00   2.80569e-07
   2  tau          6.44092e+01   constant   
   3  A0           3.45005e-01   5.59176e-04  -5.27553e-06  -2.25140e+00
   4  phi          4.12051e+00   1.72185e-03  -1.24929e-05  -2.11505e-02
   5  R           -6.06338e+01   constant   
   6  alpha_CBO    2.34466e-03   6.02804e-04   3.63279e-06  -2.57934e+00
   7  w_CBO        2.37189e+00   6.14445e-04  -1.35480e-05   3.64922e+00
   8  beta_CBO     0.00000e+00     fixed    
   9  alpha_2CBO   0.00000e+00     fixed    
  10  beta_2CBO    5.65299e-04   6.02767e-04   2.46044e-06  -2.46733e+00
  11  alpha_y      0.00000e+00     fixed    
  12  w_y          0.00000e+00     fixed    
  13  beta_y       0.00000e+00   1.41421e+00  -0.00000e+00   0.00000e+00
  14  alpha_vw     0.00000e+00     fixed    
  15  w_vw         0.00000e+00     fixed    
  16  beta_vw      0.00000e+00     fixed    
  17  LM           1.61481e-04   constant   
 EXTERNAL ERROR MATRIX.    NDIM=  25    NPAR=  7    ERR DEF=1
  1.840e+06  3.195e-03  9.796e-03 -2.136e-02 -2.185e-02 -1.137e-02  0.000e+00 
  3.195e-03  3.127e-07 -2.968e-09 -1.718e-08 -8.397e-09 -2.304e-09  0.000e+00 
  9.796e-03 -2.968e-09  2.965e-06 -2.392e-08  4.675e-08  1.088e-09  0.000e+00 
 -2.136e-02 -1.718e-08 -2.392e-08  3.634e-07  7.596e-09  1.125e-08  0.000e+00 
 -2.185e-02 -8.397e-09  4.675e-08  7.596e-09  3.775e-07 -3.302e-08  0.000e+00 
 -1.137e-02 -2.304e-09  1.088e-09  1.125e-08 -3.302e-08  3.633e-07  0.000e+00 
  0.000e+00  0.000e+00  0.000e+00  0.000e+00  0.000e+00  0.000e+00  2.000e+00 
 PARAMETER  CORRELATION COEFFICIENTS  
       NO.  GLOBAL      1      3      4      6      7     10     13
        1  0.04012   1.000  0.004  0.004 -0.026 -0.026 -0.014  0.000
        3  0.05670   0.004  1.000 -0.003 -0.051 -0.024 -0.007  0.000
        4  0.05093   0.004 -0.003  1.000 -0.023  0.044  0.001  0.000
        6  0.07228  -0.026 -0.051 -0.023  1.000  0.021  0.031  0.000
        7  0.10859  -0.026 -0.024  0.044  0.021  1.000 -0.089  0.000
       10  0.09670  -0.014 -0.007  0.001  0.031 -0.089  1.000  0.000
       13  0.00000   0.000  0.000  0.000  0.000  0.000  0.000  1.000
MINUIT - FIT ONLY 2-CBO
 **********
 **   25 **RES 
 **********
                   PARAMETER   16  beta_vw RESTORED TO VARIABLE.
                   PARAMETER   15  w_vw RESTORED TO VARIABLE.
                   PARAMETER   14  alpha_vw RESTORED TO VARIABLE.
                   PARAMETER   12  w_y RESTORED TO VARIABLE.
                   PARAMETER   11  alpha_y RESTORED TO VARIABLE.
                   PARAMETER    9  alpha_2CBO RESTORED TO VARIABLE.
                   PARAMETER    8  beta_CBO RESTORED TO VARIABLE.
 **********
 **   26 **FIX            0
 **********
 PARAMETER    0  IS UNDEFINED. IGNORED.
 **********
 **   27 **FIX            1
 **********
 **********
 **   28 **FIX            2
 **********
 PARAMETER    2  IS CONSTANT.   IGNORED.
 **********
 **   29 **FIX            3
 **********
 **********
 **   30 **FIX            4
 **********
 **********
 **   31 **FIX            5
 **********
 PARAMETER    5  IS CONSTANT.   IGNORED.
 **********
 **   32 **FIX            6
 **********
 **********
 **   33 **FIX            7
 **********
 **********
 **   34 **FIX           10
 **********
 **********
 **   35 **FIX           11
 **********
 **********
 **   36 **FIX           12
 **********
 **********
 **   37 **FIX           13
 **********
 **********
 **   38 **FIX           14
 **********
 **********
 **   39 **FIX           15
 **********
 **********
 **   40 **FIX           16
 **********
 **********
 **   41 **MIGRAD
 **********
 START MIGRAD MINIMIZATION.  STRATEGY  1.  CONVERGENCE WHEN EDM .LT. 1.00e-04
 FCN=257.391 FROM MIGRAD    STATUS=INITIATE        8 CALLS         569 TOTAL
                     EDM= unknown      STRATEGY= 1      NO ERROR MATRIX       
  EXT PARAMETER               CURRENT GUESS       STEP         FIRST   
  NO.   NAME      VALUE            ERROR          SIZE      DERIVATIVE 
   1  N0           3.18601e+06     fixed    
   2  tau          6.44092e+01   constant   
   3  A0           3.45005e-01     fixed    
   4  phi          4.12051e+00     fixed    
   5  R           -6.06338e+01   constant   
   6  alpha_CBO    2.34466e-03     fixed    
   7  w_CBO        2.37189e+00     fixed    
   8  beta_CBO     0.00000e+00   1.00000e-03   1.00000e-03   3.69778e+02
   9  alpha_2CBO   0.00000e+00   1.00000e-03   1.00000e-03   7.10280e+02
  10  beta_2CBO    5.65299e-04     fixed    
  11  alpha_y      0.00000e+00     fixed    
  12  w_y          0.00000e+00     fixed    
  13  beta_y       0.00000e+00     fixed    
  14  alpha_vw     0.00000e+00     fixed    
  15  w_vw         0.00000e+00     fixed    
  16  beta_vw      0.00000e+00     fixed    
  17  LM           1.61481e-04   constant   
 MIGRAD MINIMIZATION HAS CONVERGED.
 MIGRAD WILL VERIFY CONVERGENCE AND ERROR MATRIX.
 COVARIANCE MATRIX CALCULATED SUCCESSFULLY
 FCN=257.334 FROM MIGRAD    STATUS=CONVERGED      28 CALLS         589 TOTAL
                     EDM=7.23826e-09    STRATEGY= 1      ERROR MATRIX ACCURATE 
  EXT PARAMETER                                   STEP         FIRST   
  NO.   NAME      VALUE            ERROR          SIZE      DERIVATIVE 
   1  N0           3.18601e+06     fixed    
   2  tau          6.44092e+01   constant   
   3  A0           3.45005e-01     fixed    
   4  phi          4.12051e+00     fixed    
   5  R           -6.06338e+01   constant   
   6  alpha_CBO    2.34466e-03     fixed    
   7  w_CBO        2.37189e+00     fixed    
   8  beta_CBO    -6.39859e-05   6.01553e-04   4.71976e-06  -1.75783e-01
   9  alpha_2CBO  -1.27071e-04   6.01814e-04   4.72181e-06   9.14343e-02
  10  beta_2CBO    5.65299e-04     fixed    
  11  alpha_y      0.00000e+00     fixed    
  12  w_y          0.00000e+00     fixed    
  13  beta_y       0.00000e+00     fixed    
  14  alpha_vw     0.00000e+00     fixed    
  15  w_vw         0.00000e+00     fixed    
  16  beta_vw      0.00000e+00     fixed    
  17  LM           1.61481e-04   constant   
 EXTERNAL ERROR MATRIX.    NDIM=  25    NPAR=  2    ERR DEF=1
  3.619e-07 -8.310e-09 
 -8.310e-09  3.622e-07 
 PARAMETER  CORRELATION COEFFICIENTS  
       NO.  GLOBAL      8      9
        8  0.02295   1.000 -0.023
        9  0.02295  -0.023  1.000
MINUIT - FIT wiggle + 1-CBO + 2-CBO
 **********
 **   42 **RES 
 **********
                   PARAMETER   16  beta_vw RESTORED TO VARIABLE.
                   PARAMETER   15  w_vw RESTORED TO VARIABLE.
                   PARAMETER   14  alpha_vw RESTORED TO VARIABLE.
                   PARAMETER   13  beta_y RESTORED TO VARIABLE.
                   PARAMETER   12  w_y RESTORED TO VARIABLE.
                   PARAMETER   11  alpha_y RESTORED TO VARIABLE.
                   PARAMETER   10  beta_2CBO RESTORED TO VARIABLE.
                   PARAMETER    7  w_CBO RESTORED TO VARIABLE.
                   PARAMETER    6  alpha_CBO RESTORED TO VARIABLE.
                   PARAMETER    4  phi RESTORED TO VARIABLE.
                   PARAMETER    3  A0 RESTORED TO VARIABLE.
                   PARAMETER    1  N0 RESTORED TO VARIABLE.
 **********
 **   43 **FIX           10
 **********
 **********
 **   44 **FIX           11
 **********
 **********
 **   45 **FIX           12
 **********
 **********
 **   46 **FIX           13
 **********
 **********
 **   47 **FIX           14
 **********
 **********
 **   48 **FIX           15
 **********
 **********
 **   49 **FIX           16
 **********
 **********
 **   50 **MIGRAD
 **********
 START MIGRAD MINIMIZATION.  STRATEGY  1.  CONVERGENCE WHEN EDM .LT. 1.00e-04
 FCN=257.334 FROM MIGRAD    STATUS=INITIATE       14 CALLS         603 TOTAL
                     EDM= unknown      STRATEGY= 1      NO ERROR MATRIX       
  EXT PARAMETER               CURRENT GUESS       STEP         FIRST   
  NO.   NAME      VALUE            ERROR          SIZE      DERIVATIVE 
   1  N0           3.18601e+06   1.35661e+03   1.35661e+03   7.02328e-06
   2  tau          6.44092e+01   constant   
   3  A0           3.45005e-01   5.59176e-04   5.59176e-04   1.19084e+01
   4  phi          4.12051e+00   1.72185e-03   1.72185e-03  -8.09400e+00
   5  R           -6.06338e+01   constant   
   6  alpha_CBO    2.34466e-03   6.02804e-04   6.02804e-04  -1.56709e+01
   7  w_CBO        2.37189e+00   6.14445e-04   6.14445e-04   2.84482e+01
   8  beta_CBO    -6.39859e-05   6.01553e-04   4.71976e-06  -1.75783e-01
   9  alpha_2CBO  -1.27071e-04   6.01814e-04   4.72181e-06   9.14348e-02
  10  beta_2CBO    5.65299e-04     fixed    
  11  alpha_y      0.00000e+00     fixed    
  12  w_y          0.00000e+00     fixed    
  13  beta_y       0.00000e+00     fixed    
  14  alpha_vw     0.00000e+00     fixed    
  15  w_vw         0.00000e+00     fixed    
  16  beta_vw      0.00000e+00     fixed    
  17  LM           1.61481e-04   constant   
 MIGRAD MINIMIZATION HAS CONVERGED.
 FCN=257.315 FROM MIGRAD    STATUS=CONVERGED     147 CALLS         736 TOTAL
                     EDM=1.36061e-06    STRATEGY= 1  ERROR MATRIX UNCERTAINTY   1.1 per cent
  EXT PARAMETER                                   STEP         FIRST   
  NO.   NAME      VALUE            ERROR          SIZE      DERIVATIVE 
   1  N0           3.18601e+06   1.36519e+03  -1.76985e+00  -2.22787e-07
   2  tau          6.44092e+01   constant   
   3  A0           3.45004e-01   5.67918e-04  -1.06504e-06   1.64511e-01
   4  phi          4.12053e+00   1.71182e-03  -6.73342e-07   9.84194e-01
   5  R           -6.06338e+01   constant   
   6  alpha_CBO    2.22804e-03   1.05145e-03   2.11147e-07   1.27538e+00
   7  w_CBO        2.37110e+00   3.11372e-03   1.25211e-05   5.37679e-01
   8  beta_CBO    -7.54291e-04   2.72138e-03   1.12155e-05  -4.00635e-01
   9  alpha_2CBO   2.12088e-04   1.39273e-03  -8.03223e-06   3.17914e-01
  10  beta_2CBO    5.65299e-04     fixed    
  11  alpha_y      0.00000e+00     fixed    
  12  w_y          0.00000e+00     fixed    
  13  beta_y       0.00000e+00     fixed    
  14  alpha_vw     0.00000e+00     fixed    
  15  w_vw         0.00000e+00     fixed    
  16  beta_vw      0.00000e+00     fixed    
  17  LM           1.61481e-04   constant   
 EXTERNAL ERROR MATRIX.    NDIM=  25    NPAR=  7    ERR DEF=1
  1.864e+06  1.477e-02  7.901e-03  2.016e-02  7.099e-02  9.166e-02 -2.221e-02 
  1.477e-02  3.225e-07 -6.546e-10 -3.135e-09  1.435e-08  2.431e-08 -4.431e-09 
  7.901e-03 -6.546e-10  2.930e-06 -7.394e-08 -1.593e-07 -1.735e-07  6.427e-08 
  2.016e-02 -3.135e-09 -7.394e-08  1.106e-06  2.694e-06  2.300e-06 -1.084e-06 
  7.099e-02  1.435e-08 -1.593e-07  2.694e-06  9.695e-06  8.264e-06 -3.909e-06 
  9.166e-02  2.431e-08 -1.735e-07  2.300e-06  8.264e-06  7.406e-06 -3.338e-06 
 -2.221e-02 -4.431e-09  6.427e-08 -1.084e-06 -3.909e-06 -3.338e-06  1.940e-06 
 PARAMETER  CORRELATION COEFFICIENTS  
       NO.  GLOBAL      1      3      4      6      7      8      9
        1  0.04608   1.000  0.019  0.003  0.014  0.017  0.025 -0.012
        3  0.04581   0.019  1.000 -0.001 -0.005  0.008  0.016 -0.006
        4  0.05554   0.003 -0.001  1.000 -0.041 -0.030 -0.037  0.027
        6  0.82324   0.014 -0.005 -0.041  1.000  0.823  0.804 -0.740
        7  0.98098   0.017  0.008 -0.030  0.823  1.000  0.975 -0.901
        8  0.97534   0.025  0.016 -0.037  0.804  0.975  1.000 -0.881
        9  0.90138  -0.012 -0.006  0.027 -0.740 -0.901 -0.881  1.000
MINUIT - FIT ONLY 1-y
 **********
 **   51 **RES 
 **********
                   PARAMETER   16  beta_vw RESTORED TO VARIABLE.
                   PARAMETER   15  w_vw RESTORED TO VARIABLE.
                   PARAMETER   14  alpha_vw RESTORED TO VARIABLE.
                   PARAMETER   13  beta_y RESTORED TO VARIABLE.
                   PARAMETER   12  w_y RESTORED TO VARIABLE.
                   PARAMETER   11  alpha_y RESTORED TO VARIABLE.
                   PARAMETER   10  beta_2CBO RESTORED TO VARIABLE.
 **********
 **   52 **FIX            0
 **********
 PARAMETER    0  IS UNDEFINED. IGNORED.
 **********
 **   53 **FIX            1
 **********
 **********
 **   54 **FIX            2
 **********
 PARAMETER    2  IS CONSTANT.   IGNORED.
 **********
 **   55 **FIX            3
 **********
 **********
 **   56 **FIX            4
 **********
 **********
 **   57 **FIX            5
 **********
 PARAMETER    5  IS CONSTANT.   IGNORED.
 **********
 **   58 **FIX            6
 **********
 **********
 **   59 **FIX            7
 **********
 **********
 **   60 **FIX            8
 **********
 **********
 **   61 **FIX            9
 **********
 **********
 **   62 **FIX           13
 **********
 **********
 **   63 **FIX           14
 **********
 **********
 **   64 **FIX           15
 **********
 **********
 **   65 **FIX           16
 **********
 **********
 **   66 **MIGRAD
 **********
 START MIGRAD MINIMIZATION.  STRATEGY  1.  CONVERGENCE WHEN EDM .LT. 1.00e-04
 FCN=257.315 FROM MIGRAD    STATUS=INITIATE       95 CALLS         831 TOTAL
                     EDM= unknown      STRATEGY= 1      NO ERROR MATRIX       
  EXT PARAMETER               CURRENT GUESS       STEP         FIRST   
  NO.   NAME      VALUE            ERROR          SIZE      DERIVATIVE 
   1  N0           3.18601e+06     fixed    
   2  tau          6.44092e+01   constant   
   3  A0           3.45004e-01     fixed    
   4  phi          4.12053e+00     fixed    
   5  R           -6.06338e+01   constant   
   6  alpha_CBO    2.22804e-03     fixed    
   7  w_CBO        2.37110e+00     fixed    
   8  beta_CBO    -7.54291e-04     fixed    
   9  alpha_2CBO   2.12088e-04     fixed    
  10  beta_2CBO    5.65299e-04   6.02767e-04   0.00000e+00   1.52839e+02
  11  alpha_y      0.00000e+00   1.00000e-03   0.00000e+00  -7.09801e-01
  12  w_y          0.00000e+00   1.00000e-03   0.00000e+00   0.00000e+00
  13  beta_y       0.00000e+00     fixed    
  14  alpha_vw     0.00000e+00     fixed    
  15  w_vw         0.00000e+00     fixed    
  16  beta_vw      0.00000e+00     fixed    
  17  LM           1.61481e-04   constant   
 MIGRAD MINIMIZATION HAS CONVERGED.
 MIGRAD WILL VERIFY CONVERGENCE AND ERROR MATRIX.
 FCN=257.313 FROM MIGRAD    STATUS=CONVERGED     118 CALLS         854 TOTAL
                     EDM=1.59218e-06    STRATEGY= 1      ERR MATRIX NOT POS-DEF
  EXT PARAMETER                APPROXIMATE        STEP         FIRST   
  NO.   NAME      VALUE            ERROR          SIZE      DERIVATIVE 
   1  N0           3.18601e+06     fixed    
   2  tau          6.44092e+01   constant   
   3  A0           3.45004e-01     fixed    
   4  phi          4.12053e+00     fixed    
   5  R           -6.06338e+01   constant   
   6  alpha_CBO    2.22804e-03     fixed    
   7  w_CBO        2.37110e+00     fixed    
   8  beta_CBO    -7.54291e-04     fixed    
   9  alpha_2CBO   2.12088e-04     fixed    
  10  beta_2CBO    5.37598e-04   1.26523e-04   4.72488e-06   2.10344e-03
  11  alpha_y      6.42251e-08   1.95771e-03   3.33843e-06  -9.11512e-01
  12  w_y          0.00000e+00   6.65328e+02   1.00000e+00   0.00000e+00
  13  beta_y       0.00000e+00     fixed    
  14  alpha_vw     0.00000e+00     fixed    
  15  w_vw         0.00000e+00     fixed    
  16  beta_vw      0.00000e+00     fixed    
  17  LM           1.61481e-04   constant   
 EXTERNAL ERROR MATRIX.    NDIM=  25    NPAR=  3    ERR DEF=1
  1.601e-08 -9.426e-10  3.199e-04 
 -9.426e-10  3.833e-06 -1.301e+00 
  3.199e-04 -1.301e+00  4.427e+05 
ERR MATRIX NOT POS-DEF
 PARAMETER  CORRELATION COEFFICIENTS  
       NO.  GLOBAL     10     11     12
       10  0.00381   1.000 -0.004  0.004
       11  0.99896  -0.004  1.000 -0.999
       12  0.99896   0.004 -0.999  1.000
 ERR MATRIX NOT POS-DEF
MINUIT - FIT ONLY 2-y
 **********
 **   67 **RES 
 **********
                   PARAMETER   16  beta_vw RESTORED TO VARIABLE.
                   PARAMETER   15  w_vw RESTORED TO VARIABLE.
                   PARAMETER   14  alpha_vw RESTORED TO VARIABLE.
                   PARAMETER   13  beta_y RESTORED TO VARIABLE.
                   PARAMETER    9  alpha_2CBO RESTORED TO VARIABLE.
                   PARAMETER    8  beta_CBO RESTORED TO VARIABLE.
                   PARAMETER    7  w_CBO RESTORED TO VARIABLE.
                   PARAMETER    6  alpha_CBO RESTORED TO VARIABLE.
                   PARAMETER    4  phi RESTORED TO VARIABLE.
                   PARAMETER    3  A0 RESTORED TO VARIABLE.
                   PARAMETER    1  N0 RESTORED TO VARIABLE.
 **********
 **   68 **FIX            0
 **********
 PARAMETER    0  IS UNDEFINED. IGNORED.
 **********
 **   69 **FIX            1
 **********
 **********
 **   70 **FIX            2
 **********
 PARAMETER    2  IS CONSTANT.   IGNORED.
 **********
 **   71 **FIX            3
 **********
 **********
 **   72 **FIX            4
 **********
 **********
 **   73 **FIX            5
 **********
 PARAMETER    5  IS CONSTANT.   IGNORED.
 **********
 **   74 **FIX            6
 **********
 **********
 **   75 **FIX            7
 **********
 **********
 **   76 **FIX            8
 **********
 **********
 **   77 **FIX            9
 **********
 **********
 **   78 **FIX           10
 **********
 **********
 **   79 **FIX           11
 **********
 **********
 **   80 **FIX           12
 **********
 **********
 **   81 **FIX           16
 **********
 **********
 **   82 **MIGRAD
 **********
 START MIGRAD MINIMIZATION.  STRATEGY  1.  CONVERGENCE WHEN EDM .LT. 1.00e-04
 FCN=257.313 FROM MIGRAD    STATUS=INITIATE       95 CALLS         949 TOTAL
                     EDM= unknown      STRATEGY= 1      NO ERROR MATRIX       
  EXT PARAMETER               CURRENT GUESS       STEP         FIRST   
  NO.   NAME      VALUE            ERROR          SIZE      DERIVATIVE 
   1  N0           3.18601e+06     fixed    
   2  tau          6.44092e+01   constant   
   3  A0           3.45004e-01     fixed    
   4  phi          4.12053e+00     fixed    
   5  R           -6.06338e+01   constant   
   6  alpha_CBO    2.22804e-03     fixed    
   7  w_CBO        2.37110e+00     fixed    
   8  beta_CBO    -7.54291e-04     fixed    
   9  alpha_2CBO   2.12088e-04     fixed    
  10  beta_2CBO    5.37598e-04     fixed    
  11  alpha_y      6.42251e-08     fixed    
  12  w_y          0.00000e+00     fixed    
  13  beta_y       0.00000e+00   1.41421e+00   0.00000e+00   0.00000e+00
  14  alpha_vw     0.00000e+00   1.00000e-03   0.00000e+00  -9.11512e-01
  15  w_vw         0.00000e+00   1.00000e-03   0.00000e+00   0.00000e+00
  16  beta_vw      0.00000e+00     fixed    
  17  LM           1.61481e-04   constant   
 MIGRAD MINIMIZATION HAS CONVERGED.
 MIGRAD WILL VERIFY CONVERGENCE AND ERROR MATRIX.
  MNHESS FAILS AND WILL RETURN DIAGONAL MATRIX. 
 FCN=257.313 FROM MIGRAD    STATUS=CONVERGED     113 CALLS         967 TOTAL
                     EDM=2.09862e-22    STRATEGY= 1  ERROR MATRIX UNCERTAINTY 100.0 per cent
  EXT PARAMETER                APPROXIMATE        STEP         FIRST   
  NO.   NAME      VALUE            ERROR          SIZE      DERIVATIVE 
   1  N0           3.18601e+06     fixed    
   2  tau          6.44092e+01   constant   
   3  A0           3.45004e-01     fixed    
   4  phi          4.12053e+00     fixed    
   5  R           -6.06338e+01   constant   
   6  alpha_CBO    2.22804e-03     fixed    
   7  w_CBO        2.37110e+00     fixed    
   8  beta_CBO    -7.54291e-04     fixed    
   9  alpha_2CBO   2.12088e-04     fixed    
  10  beta_2CBO    5.37598e-04     fixed    
  11  alpha_y      6.42251e-08     fixed    
  12  w_y          0.00000e+00     fixed    
  13  beta_y       0.00000e+00   2.00000e+00  -0.00000e+00   0.00000e+00
  14  alpha_vw     8.24766e-08   4.25402e-04   8.24766e-08  -3.40540e-08
  15  w_vw         0.00000e+00   1.27643e+02  -0.00000e+00   0.00000e+00
  16  beta_vw      0.00000e+00     fixed    
  17  LM           1.61481e-04   constant   
 EXTERNAL ERROR MATRIX.    NDIM=  25    NPAR=  3    ERR DEF=1
  4.000e+00  0.000e+00  0.000e+00 
  0.000e+00  1.810e-07  0.000e+00 
  0.000e+00  0.000e+00  1.629e+04 
ERR MATRIX APPROXIMATE
 PARAMETER  CORRELATION COEFFICIENTS  
       NO.  GLOBAL     13     14     15
       13  0.00000   1.000  0.000  0.000
       14  0.00000   0.000  1.000  0.000
       15  0.00000   0.000  0.000  1.000
 ERR MATRIX APPROXIMATE
MINUIT - FIT ALTOGETHER
 **********
 **   83 **RES 
 **********
                   PARAMETER   16  beta_vw RESTORED TO VARIABLE.
                   PARAMETER   12  w_y RESTORED TO VARIABLE.
                   PARAMETER   11  alpha_y RESTORED TO VARIABLE.
                   PARAMETER   10  beta_2CBO RESTORED TO VARIABLE.
                   PARAMETER    9  alpha_2CBO RESTORED TO VARIABLE.
                   PARAMETER    8  beta_CBO RESTORED TO VARIABLE.
                   PARAMETER    7  w_CBO RESTORED TO VARIABLE.
                   PARAMETER    6  alpha_CBO RESTORED TO VARIABLE.
                   PARAMETER    4  phi RESTORED TO VARIABLE.
                   PARAMETER    3  A0 RESTORED TO VARIABLE.
                   PARAMETER    1  N0 RESTORED TO VARIABLE.
 **********
 **   84 **MIGRAD
 **********
 START MIGRAD MINIMIZATION.  STRATEGY  1.  CONVERGENCE WHEN EDM .LT. 1.00e-04
 FCN=257.312 FROM MIGRAD    STATUS=INITIATE      156 CALLS        1123 TOTAL
                     EDM= unknown      STRATEGY= 1      NO ERROR MATRIX       
  EXT PARAMETER               CURRENT GUESS       STEP         FIRST   
  NO.   NAME      VALUE            ERROR          SIZE      DERIVATIVE 
   1  N0           3.18601e+06   1.36519e+03   0.00000e+00  -5.16931e-07
   2  tau          6.44092e+01   constant   
   3  A0           3.45004e-01   5.67918e-04   0.00000e+00   7.65080e-01
   4  phi          4.12053e+00   1.71182e-03   0.00000e+00   1.77160e+00
   5  R           -6.06338e+01   constant   
   6  alpha_CBO    2.22804e-03   1.05145e-03   0.00000e+00   7.43471e+00
   7  w_CBO        2.37110e+00   3.11372e-03   0.00000e+00   2.38460e+01
   8  beta_CBO    -7.54291e-04   2.72138e-03   0.00000e+00  -4.00577e-01
   9  alpha_2CBO   2.12088e-04   1.39273e-03   0.00000e+00   1.93697e-01
  10  beta_2CBO    5.37598e-04   1.26523e-04   0.00000e+00   3.32881e-03
  11  alpha_y      6.42251e-08   1.95771e-03   0.00000e+00  -5.40835e+03
  12  w_y          5.40260e-01   6.65328e+02   0.00000e+00   3.98415e-02
  13  beta_y       0.00000e+00   2.00000e+00   0.00000e+00  -1.75306e+03
  14  alpha_vw     8.24766e-08   4.25402e-04   0.00000e+00  -1.82194e+03
  15  w_vw         7.77239e+00   1.27643e+02   7.77239e+00  -3.01705e-04
  16  beta_vw      0.00000e+00   1.00000e-03   0.00000e+00  -2.05335e+03
  17  LM           1.61481e-04   constant   
 CALL LIMIT EXCEEDED IN MIGRAD.
 MIGRAD TERMINATED WITHOUT CONVERGENCE.
 FCN=252.224 FROM MIGRAD    STATUS=CALL LIMIT   2591 CALLS        3558 TOTAL
                     EDM=0.0159114    STRATEGY= 1  ERROR MATRIX UNCERTAINTY   0.0 per cent
  EXT PARAMETER                APPROXIMATE        STEP         FIRST   
  NO.   NAME      VALUE            ERROR          SIZE      DERIVATIVE 
   1  N0           3.18608e+06   1.31223e+03   6.63056e-02   3.58434e-06
   2  tau          6.44092e+01   constant   
   3  A0           3.45060e-01   5.56427e-04   1.12821e-06   3.48325e+01
   4  phi          4.12062e+00   1.72773e-03  -1.22368e-06   5.43297e-01
   5  R           -6.06338e+01   constant   
   6  alpha_CBO    7.63490e-04   7.53168e-04  -1.05616e-05  -4.48400e+01
   7  w_CBO        2.36873e+00   6.51786e-04   4.62354e-06   8.15691e+01
   8  beta_CBO    -2.28233e-03   6.24534e-04  -1.22456e-06  -6.05793e+01
   9  alpha_2CBO   4.73481e-04   5.96978e-04   2.15520e-07   1.24505e+00
  10  beta_2CBO   -3.28728e-04   6.20647e-04  -2.01299e-06  -1.42875e+01
  11  alpha_y     -3.60814e-05   1.84267e-03  -1.68070e-06  -1.37601e+02
  12  w_y          5.11053e-01   3.87561e-03   2.56217e-05  -2.14475e+01
  13  beta_y       1.25399e-03   5.97097e-04  -5.57938e-05   1.87254e+01
  14  alpha_vw     4.16640e-04   5.41863e-04  -4.06500e-06  -3.45902e+01
  15  w_vw         7.78551e+00   2.89920e-03   5.31969e-05   3.05810e+01
  16  beta_vw     -2.62950e-04   6.46177e-04   9.48818e-06  -1.46960e+02
  17  LM           1.61481e-04   constant   
 EXTERNAL ERROR MATRIX.    NDIM=  25    NPAR= 14    ERR DEF=1
 ELEMENTS ABOVE DIAGONAL ARE NOT PRINTED.
  1.722e+06 
 -8.003e-04  3.096e-07 
 -1.711e-02 -4.580e-09  2.985e-06 
 -8.991e-03 -2.610e-08 -3.817e-08  5.673e-07 
 -2.113e-02 -1.589e-08  1.870e-08  2.818e-07  4.248e-07 
  3.332e-02  4.563e-09 -1.269e-08  8.385e-08  1.541e-07  3.900e-07 
  2.044e-02 -1.227e-08  2.627e-09  4.103e-08  3.546e-08  2.339e-08  3.564e-07 
 -1.652e-02 -8.953e-09 -9.557e-09  7.038e-08  1.216e-07  3.784e-08  1.578e-08  3.852e-07 
 -3.088e-02  6.286e-08  2.020e-08 -8.982e-07 -7.031e-07 -3.566e-07 -1.708e-07 -3.334e-07  3.395e-06 
 -7.056e-02 -1.110e-07 -1.480e-07  1.872e-06  1.545e-06  8.013e-07  3.518e-07  7.360e-07 -6.801e-06  1.502e-05 
  1.191e-02  1.778e-08  1.982e-08 -2.774e-08 -1.334e-08 -3.432e-10 -1.150e-08 -7.009e-10  1.753e-07 -3.672e-07  3.565e-07 
 -1.759e-03 -8.969e-09 -2.301e-09  1.160e-07  9.244e-08  1.906e-08  3.886e-08  4.386e-08 -4.104e-07  8.239e-07 -2.931e-08 
 -1.759e-03 -8.969e-09 -2.301e-09  1.160e-07  9.244e-08  1.906e-08  3.886e-08  4.386e-08 -4.104e-07  8.239e-07 -2.931e-08  2.936e-07 
 -2.246e-01 -1.653e-07 -9.944e-08  1.083e-06  6.623e-07  4.063e-07  2.497e-07  4.554e-07 -3.211e-06  7.206e-06 -4.584e-07 
 -2.246e-01 -1.653e-07 -9.944e-08  1.083e-06  6.623e-07  4.063e-07  2.497e-07  4.554e-07 -3.211e-06  7.206e-06 -4.584e-07  4.666e-07  8.405e-06 
 -9.155e-04 -7.410e-09 -2.582e-09  2.105e-07  1.847e-07  7.108e-08  4.828e-08  8.577e-08 -7.922e-07  1.716e-06 -8.017e-08 
 -9.155e-04 -7.410e-09 -2.582e-09  2.105e-07  1.847e-07  7.108e-08  4.828e-08  8.577e-08 -7.922e-07  1.716e-06 -8.017e-08  1.107e-07  9.411e-07  4.175e-07 
ERR MATRIX APPROXIMATE
 PARAMETER  CORRELATION COEFFICIENTS  
       NO.  GLOBAL      1      3      4      6      7      8      9     10     11     12     13     14     15     16
        1  0.13011   1.000 -0.001 -0.008 -0.009 -0.025  0.041  0.026 -0.020 -0.013 -0.014  0.015 -0.002 -0.059 -0.001
        3  0.13344  -0.001  1.000 -0.005 -0.062 -0.044  0.013 -0.037 -0.026  0.061 -0.051  0.054 -0.030 -0.102 -0.021
        4  0.08442  -0.008 -0.005  1.000 -0.029  0.017 -0.012  0.003 -0.009  0.006 -0.022  0.019 -0.002 -0.020 -0.002
        6  0.72201  -0.009 -0.062 -0.029  1.000  0.574  0.178  0.091  0.151 -0.647  0.641 -0.062  0.284  0.496  0.433
        7  0.71270  -0.025 -0.044  0.017  0.574  1.000  0.379  0.091  0.301 -0.585  0.612 -0.034  0.262  0.350  0.438
        8  0.44714   0.041  0.013 -0.012  0.178  0.379  1.000  0.063  0.098 -0.310  0.331 -0.001  0.056  0.224  0.176
        9  0.18520   0.026 -0.037  0.003  0.091  0.091  0.063  1.000  0.043 -0.155  0.152 -0.032  0.120  0.144  0.125
       10  0.38185  -0.020 -0.026 -0.009  0.151  0.301  0.098  0.043  1.000 -0.292  0.306 -0.002  0.130  0.253  0.214
       11  0.95547  -0.013  0.061  0.006 -0.647 -0.585 -0.310 -0.155 -0.292  1.000 -0.952  0.159 -0.411 -0.601 -0.665
       12  0.96055  -0.014 -0.051 -0.022  0.641  0.612  0.331  0.152  0.306 -0.952  1.000 -0.159  0.392  0.641  0.685
       13  0.31815   0.015  0.054  0.019 -0.062 -0.034 -0.001 -0.032 -0.002  0.159 -0.159  1.000 -0.091 -0.265 -0.208
       14  0.43147  -0.002 -0.030 -0.002  0.284  0.262  0.056  0.120  0.130 -0.411  0.392 -0.091  1.000  0.297  0.316
       15  0.70021  -0.059 -0.102 -0.020  0.496  0.350  0.224  0.144  0.253 -0.601  0.641 -0.265  0.297  1.000  0.502
       16  0.70299  -0.001 -0.021 -0.002  0.433  0.438  0.176  0.125  0.214 -0.665  0.685 -0.208  0.316  0.502  1.000
 ERR MATRIX APPROXIMATE
MINUIT - MINOS
 **********
 **   85 **RES 
 **********
 CALL TO MNFREE IGNORED.  THERE ARE NO FIXED PARAMETERS
 **********
 **   86 **MIG      2.5e+04        0.01
 **********
 START MIGRAD MINIMIZATION.  STRATEGY  1.  CONVERGENCE WHEN EDM .LT. 1.00e-05
 FCN=252.224 FROM MIGRAD    STATUS=INITIATE       28 CALLS        3586 TOTAL
                     EDM=0.00789861    STRATEGY= 1  ERROR MATRIX UNCERTAINTY   0.0 per cent
  EXT PARAMETER                APPROXIMATE        STEP         FIRST   
  NO.   NAME      VALUE            ERROR          SIZE      DERIVATIVE 
   1  N0           3.18608e+06   1.31223e+03   6.63056e-02   3.58434e-06
   2  tau          6.44092e+01   constant   
   3  A0           3.45060e-01   5.56427e-04   1.12821e-06   3.48325e+01
   4  phi          4.12062e+00   1.72773e-03  -1.22368e-06   5.43297e-01
   5  R           -6.06338e+01   constant   
   6  alpha_CBO    7.63490e-04   7.53168e-04  -1.05616e-05  -4.48400e+01
   7  w_CBO        2.36873e+00   6.51786e-04   4.62354e-06   8.15691e+01
   8  beta_CBO    -2.28233e-03   6.24534e-04  -1.22456e-06  -6.05793e+01
   9  alpha_2CBO   4.73481e-04   5.96978e-04   2.15520e-07   1.24505e+00
  10  beta_2CBO   -3.28728e-04   6.20647e-04  -2.01299e-06  -1.42875e+01
  11  alpha_y     -3.60814e-05   1.84267e-03  -1.68070e-06  -1.37601e+02
  12  w_y          5.11053e-01   3.87561e-03   2.56217e-05  -2.14475e+01
  13  beta_y       1.25399e-03   5.97097e-04  -5.57938e-05   1.87254e+01
  14  alpha_vw     4.16640e-04   5.41863e-04  -4.06500e-06  -3.45902e+01
  15  w_vw         7.78551e+00   2.89920e-03   5.31969e-05   3.05810e+01
  16  beta_vw     -2.62950e-04   6.46177e-04   9.48818e-06  -1.46960e+02
  17  LM           1.61481e-04   constant   
 MIGRAD MINIMIZATION HAS CONVERGED.
 FCN=250.483 FROM MIGRAD    STATUS=CONVERGED   10291 CALLS       13849 TOTAL
                     EDM=8.67792e-07    STRATEGY= 1  ERROR MATRIX UNCERTAINTY   0.9 per cent
  EXT PARAMETER                                   STEP         FIRST   
  NO.   NAME      VALUE            ERROR          SIZE      DERIVATIVE 
   1  N0           3.18572e+06   1.37509e+03   5.65444e-01   3.08660e-07
   2  tau          6.44092e+01   constant   
   3  A0           3.45094e-01   5.43972e-04   6.36973e-08   7.06065e-02
   4  phi          4.12071e+00   1.70696e-03   7.73994e-08  -3.49814e-02
   5  R           -6.06338e+01   constant   
   6  alpha_CBO   -7.02203e-04   4.30255e-03   1.81396e-06  -1.00546e+00
   7  w_CBO        2.36041e+00   4.93084e-03  -2.42913e-06  -8.16415e-01
   8  beta_CBO     2.31390e-03   1.51367e-03   8.16473e-07   2.98131e-01
   9  alpha_2CBO   4.59139e-04   1.29352e-03  -4.31198e-07   4.12494e-01
  10  beta_2CBO   -3.22967e-04   1.76081e-03  -7.09628e-07   3.21493e-01
  11  alpha_y      1.48439e-03   1.63362e-03   1.19218e-06   1.44342e+00
  12  w_y          4.57951e-01   3.46212e-02   2.83466e-05   1.51305e-01
  13  beta_y      -9.27865e-05   1.96738e-02   1.59642e-05  -8.80959e-01
  14  alpha_vw    -5.37174e-04   3.77773e-03  -1.53305e-06   1.42041e+00
  15  w_vw         7.71249e+00   8.76769e-02  -5.68438e-05   1.25683e-01
  16  beta_vw     -9.51482e-05   1.77712e-02   1.18490e-05   1.43547e+00
  17  LM           1.61481e-04   constant   
 EXTERNAL ERROR MATRIX.    NDIM=  25    NPAR= 14    ERR DEF=1
 ELEMENTS ABOVE DIAGONAL ARE NOT PRINTED.
  1.891e+06 
  3.897e-02  2.959e-07 
  3.811e-03 -2.976e-08  2.914e-06 
  1.151e+00  1.393e-07  2.373e-07  1.851e-05 
 -1.360e+00 -1.593e-07 -2.427e-07 -2.102e-05  2.431e-05 
  3.581e-01  4.041e-08  9.849e-08  5.936e-06 -6.868e-06  2.291e-06 
 -3.423e-01 -3.271e-08 -4.155e-08 -4.942e-06  5.697e-06 -1.617e-06  1.673e-06 
 -4.508e-01 -5.539e-08 -9.191e-08 -7.102e-06  8.212e-06 -2.331e-06  1.928e-06  3.100e-06 
  3.464e-01  4.917e-08  8.494e-08  6.320e-06 -7.233e-06  2.032e-06 -1.726e-06 -2.457e-06  2.669e-06 
  9.976e+00  9.675e-07  1.749e-06  1.419e-04 -1.633e-04  4.607e-05 -3.867e-05 -5.521e-05  5.237e-05  1.199e-03 
  5.834e+00  5.421e-07  1.021e-06  8.059e-05 -9.278e-05  2.616e-05 -2.196e-05 -3.137e-05  2.973e-05  6.808e-04  3.871e-04 
 -1.052e+00 -1.079e-07 -2.183e-07 -1.608e-05  1.851e-05 -5.231e-06  4.374e-06  6.268e-06 -5.549e-06 -1.247e-04 -7.087e-05 
 -1.052e+00 -1.079e-07 -2.183e-07 -1.608e-05  1.851e-05 -5.231e-06  4.374e-06  6.268e-06 -5.549e-06 -1.247e-04 -7.087e-05  1.427e-05 
 -2.522e+01 -2.557e-06 -4.908e-06 -3.700e-04  4.258e-04 -1.203e-04  1.006e-04  1.440e-04 -1.324e-04 -3.007e-03 -1.708e-03 
 -2.522e+01 -2.557e-06 -4.908e-06 -3.700e-04  4.258e-04 -1.203e-04  1.006e-04  1.440e-04 -1.324e-04 -3.007e-03 -1.708e-03  3.259e-04  7.687e-03 
  5.119e+00  5.150e-07  9.724e-07  7.499e-05 -8.628e-05  2.438e-05 -2.038e-05 -2.920e-05  2.685e-05  6.102e-04  3.467e-04 
  5.119e+00  5.150e-07  9.724e-07  7.499e-05 -8.628e-05  2.438e-05 -2.038e-05 -2.920e-05  2.685e-05  6.102e-04  3.467e-04 -6.599e-05 -1.557e-03  3.158e-04 
 PARAMETER  CORRELATION COEFFICIENTS  
       NO.  GLOBAL      1      3      4      6      7      8      9     10     11     12     13     14     15     16
        1  0.31674   1.000  0.052  0.002  0.195 -0.201  0.172 -0.192 -0.186  0.154  0.210  0.216 -0.202 -0.209  0.209
        3  0.11641   0.052  1.000 -0.032  0.060 -0.059  0.049 -0.046 -0.058  0.055  0.051  0.051 -0.053 -0.054  0.053
        4  0.09241   0.002 -0.032  1.000  0.032 -0.029  0.038 -0.019 -0.031  0.030  0.030  0.030 -0.034 -0.033  0.032
        6  0.99340   0.195  0.060  0.032  1.000 -0.991  0.911 -0.888 -0.937  0.899  0.953  0.952 -0.990 -0.981  0.981
        7  0.99694  -0.201 -0.059 -0.029 -0.991  1.000 -0.920  0.893  0.946 -0.898 -0.957 -0.956  0.994  0.985 -0.985
        8  0.92165   0.172  0.049  0.038  0.911 -0.920  1.000 -0.826 -0.875  0.822  0.879  0.879 -0.915 -0.906  0.906
        9  0.89680  -0.192 -0.046 -0.019 -0.888  0.893 -0.826  1.000  0.847 -0.817 -0.864 -0.863  0.895  0.887 -0.887
       10  0.94741  -0.186 -0.058 -0.031 -0.937  0.946 -0.875  0.847  1.000 -0.854 -0.906 -0.905  0.942  0.933 -0.933
       11  0.92969   0.154  0.055  0.030  0.899 -0.898  0.822 -0.817 -0.854  1.000  0.926  0.925 -0.899 -0.925  0.925
       12  0.99965   0.210  0.051  0.030  0.953 -0.957  0.879 -0.864 -0.906  0.926  1.000  1.000 -0.954 -0.991  0.992
       13  0.99959   0.216  0.051  0.030  0.952 -0.956  0.879 -0.863 -0.905  0.925  1.000  1.000 -0.953 -0.990  0.992
       14  0.99705  -0.202 -0.053 -0.034 -0.990  0.994 -0.915  0.895  0.942 -0.899 -0.954 -0.953  1.000  0.984 -0.983
       15  0.99948  -0.209 -0.054 -0.033 -0.981  0.985 -0.906  0.887  0.933 -0.925 -0.991 -0.990  0.984  1.000 -0.999
       16  0.99981   0.209  0.053  0.032  0.981 -0.985  0.906 -0.887 -0.933  0.925  0.992  0.992 -0.983 -0.999  1.000
 **********
 **   87 **MINO      2.5e+04
 **********
                         POSITIVE MINOS ERROR NOT CALCULATED FOR PARAMETER 15
 FCN=247.014 FROM MINOS     STATUS=NEW MINIMU 138829 CALLS      152678 TOTAL
                     EDM= unknown      STRATEGY= 1      NO ERROR MATRIX       
  EXT PARAMETER                  PARABOLIC         MINOS ERRORS        
  NO.   NAME      VALUE            ERROR      NEGATIVE      POSITIVE   
   1  N0           3.18576e+06   1.37402e+03  -1.39277e+03   1.39628e+03
   2  tau          6.44092e+01   constant   
   3  A0           3.45104e-01   5.64724e-04  -5.63609e-04   5.63526e-04
   4  phi          4.12067e+00   1.71879e-03  -1.72923e-03   1.73094e-03
   5  R           -6.06338e+01   constant   
   6  alpha_CBO    1.01727e-04   8.20300e-04  -2.20615e-03   3.71446e-03
   7  w_CBO        2.35953e+00   7.62461e-04  -2.33078e-02   2.29843e-02
   8  beta_CBO     2.40018e-03   6.02585e-04  -5.28893e-03   7.09190e-04
   9  alpha_2CBO   1.38631e-04   6.18971e-04  -1.63152e-03   7.06159e-04
  10  beta_2CBO   -5.71793e-04   6.30805e-04  -8.32179e-04   1.49471e-03
  11  alpha_y      1.46262e-03   6.67572e-04  -3.38023e-03   6.12249e-04
  12  w_y          4.57907e-01   4.12673e-03  -3.63445e-02   4.07182e-02
  13  beta_y      -1.20403e-04   2.37577e-03  -1.30950e-03   1.69488e-03
  14  alpha_vw    -9.96510e-04   6.04711e-04  -3.49056e-04   1.67381e-03
  15  w_vw         7.08120e+00   8.76769e-02                            
  16  beta_vw      7.49949e-04   6.01436e-04                            
  17  LM           1.61481e-04   constant   
 NEW MINIMUM FOUND.  GO BACK TO MINIMIZATION STEP.
 =================================================
                                                  V
                                                  V
                                                  V
                                               VVVVVVV
                                                VVVVV
                                                 VVV
                                                  V

 START MIGRAD MINIMIZATION.  STRATEGY  1.  CONVERGENCE WHEN EDM .LT. 5.00e-05
 FCN=247.014 FROM MIGRAD    STATUS=INITIATE       30 CALLS      152708 TOTAL
                     EDM= unknown      STRATEGY= 1      NO ERROR MATRIX       
  EXT PARAMETER               CURRENT GUESS       STEP         FIRST   
  NO.   NAME      VALUE            ERROR          SIZE      DERIVATIVE 
   1  N0           3.18576e+06   1.37402e+03   9.46711e-01   1.16290e-07
   2  tau          6.44092e+01   constant   
   3  A0           3.45104e-01   5.64724e-04   3.10811e-07   6.85862e-01
   4  phi          4.12067e+00   1.71879e-03   2.52871e-07   1.31671e-01
   5  R           -6.06338e+01   constant   
   6  alpha_CBO    1.01727e-04   8.20300e-04   1.88531e-07  -7.61220e-01
   7  w_CBO        2.35953e+00   7.62461e-04  -5.33293e-07  -7.23071e-02
   8  beta_CBO     2.40018e-03   6.02585e-04   9.86624e-07   2.32602e+00
   9  alpha_2CBO   1.38631e-04   6.18971e-04  -1.74515e-07   9.58163e-01
  10  beta_2CBO   -5.71793e-04   6.30805e-04  -1.16624e-06  -2.54389e+00
  11  alpha_y      1.46262e-03   6.67572e-04  -1.81935e-06  -2.56102e-01
  12  w_y          4.57907e-01   4.12673e-03  -6.36966e-06   1.06455e+00
  13  beta_y      -1.20403e-04   2.37577e-03  -3.25568e-06  -6.40505e-02
  14  alpha_vw    -9.96510e-04   6.04711e-04   7.68374e-07   5.75004e-01
  15  w_vw         7.08120e+00   8.76769e-02   8.76769e-02   1.40402e+02
  16  beta_vw      7.49949e-04   6.01436e-04   5.77710e-07   4.22262e-01
  17  LM           1.61481e-04   constant   
 MIGRAD MINIMIZATION HAS CONVERGED.
 FCN=237.523 FROM MIGRAD    STATUS=CONVERGED    6539 CALLS      159217 TOTAL
                     EDM=9.71611e-07    STRATEGY= 1  ERROR MATRIX UNCERTAINTY   1.2 per cent
  EXT PARAMETER                                   STEP         FIRST   
  NO.   NAME      VALUE            ERROR          SIZE      DERIVATIVE 
   1  N0           3.18572e+06   1.36310e+03   7.53781e-01   3.18078e-07
   2  tau          6.44092e+01   constant   
   3  A0           3.45088e-01   5.55459e-04   5.70094e-08   1.32507e-02
   4  phi          4.12067e+00   1.71781e-03   3.89912e-07   5.32654e-02
   5  R           -6.06338e+01   constant   
   6  alpha_CBO    1.21698e-03   1.34939e-03  -1.55159e-06   9.41405e-01
   7  w_CBO        2.35823e+00   1.69864e-03   2.24374e-06  -1.09902e+00
   8  beta_CBO     2.05148e-03   9.85826e-04   1.31442e-06  -1.08510e-01
   9  alpha_2CBO  -3.42324e-04   8.43720e-04   1.07160e-06   3.37398e-01
  10  beta_2CBO   -4.21684e-04   7.14935e-04  -4.73435e-07   4.47668e-01
  11  alpha_y      1.42520e-03   6.74126e-04  -9.73357e-08   1.21008e+00
  12  w_y          4.58775e-01   3.53377e-03   5.15533e-06   2.51619e-01
  13  beta_y       3.50192e-04   1.87632e-03   2.39743e-06  -1.09405e+00
  14  alpha_vw     9.80005e-04   1.37552e-02   1.95045e-05   9.94326e-01
  15  w_vw         6.99528e+00   1.77538e-02  -2.49166e-05   3.64002e-01
  16  beta_vw      2.00860e-03   6.48455e-03  -8.65575e-06   5.77287e-01
  17  LM           1.61481e-04   constant   
 EXTERNAL ERROR MATRIX.    NDIM=  25    NPAR= 14    ERR DEF=1
 ELEMENTS ABOVE DIAGONAL ARE NOT PRINTED.
  1.858e+06 
  7.167e-03  3.085e-07 
 -1.967e-03 -2.770e-09  2.951e-06 
 -1.995e-01 -9.459e-09 -6.762e-08  1.821e-06 
  2.153e-01  2.778e-09  1.285e-07 -2.079e-06  2.885e-06 
  8.580e-02 -1.839e-09  3.672e-08 -9.665e-07  1.324e-06  9.719e-07 
  7.501e-02  1.883e-09  3.376e-08 -7.232e-07  1.011e-06  4.582e-07  7.119e-07 
 -3.760e-02 -2.691e-09 -3.881e-08  4.837e-07 -6.624e-07 -3.217e-07 -2.384e-07  5.111e-07 
 -1.259e-01  1.275e-08 -5.689e-09  4.489e-07 -5.757e-07 -2.784e-07 -2.268e-07  1.331e-07  4.544e-07 
  3.017e-01  7.230e-09  1.490e-07 -4.235e-06  5.546e-06  2.706e-06  2.027e-06 -1.385e-06 -1.259e-06  1.249e-05 
  3.003e-01  2.954e-09  1.373e-07 -2.221e-06  2.914e-06  1.425e-06  1.074e-06 -7.232e-07 -6.616e-07  6.324e-06  3.521e-06 
  1.555e+00  2.877e-08  7.652e-07 -1.695e-05  2.218e-05  1.080e-05  8.087e-06 -5.546e-06 -5.123e-06  4.682e-05  2.478e-05 
  1.555e+00  2.877e-08  7.652e-07 -1.695e-05  2.218e-05  1.080e-05  8.087e-06 -5.546e-06 -5.123e-06  4.682e-05  2.478e-05  1.892e-04 
 -2.038e+00 -3.758e-08 -9.694e-07  2.188e-05 -2.864e-05 -1.394e-05 -1.045e-05  7.159e-06  6.605e-06 -6.048e-05 -3.198e-05 
 -2.038e+00 -3.758e-08 -9.694e-07  2.188e-05 -2.864e-05 -1.394e-05 -1.045e-05  7.159e-06  6.605e-06 -6.048e-05 -3.198e-05 -2.440e-04  3.152e-04 
 -7.759e-01 -1.755e-08 -3.814e-07  8.015e-06 -1.050e-05 -5.129e-06 -3.843e-06  2.621e-06  2.389e-06 -2.210e-05 -1.168e-05 
 -7.759e-01 -1.755e-08 -3.814e-07  8.015e-06 -1.050e-05 -5.129e-06 -3.843e-06  2.621e-06  2.389e-06 -2.210e-05 -1.168e-05 -8.878e-05  1.147e-04  4.205e-05 
 PARAMETER  CORRELATION COEFFICIENTS  
       NO.  GLOBAL      1      3      4      6      7      8      9     10     11     12     13     14     15     16
        1  0.25749   1.000  0.009 -0.001 -0.108  0.093  0.064  0.065 -0.039 -0.137  0.063  0.117  0.083 -0.084 -0.088
        3  0.05465   0.009  1.000 -0.003 -0.013  0.003 -0.003  0.004 -0.007  0.034  0.004  0.003  0.004 -0.004 -0.005
        4  0.09224  -0.001 -0.003  1.000 -0.029  0.044  0.022  0.023 -0.032 -0.005  0.025  0.043  0.032 -0.032 -0.034
        6  0.92471  -0.108 -0.013 -0.029  1.000 -0.907 -0.727 -0.635  0.501  0.494 -0.888 -0.877 -0.913  0.913  0.916
        7  0.96029   0.093  0.003  0.044 -0.907  1.000  0.790  0.705 -0.545 -0.503  0.924  0.914  0.949 -0.950 -0.954
        8  0.80987   0.064 -0.003  0.022 -0.727  0.790  1.000  0.551 -0.456 -0.419  0.777  0.771  0.797 -0.796 -0.802
        9  0.71679   0.065  0.004  0.023 -0.635  0.705  0.551  1.000 -0.395 -0.399  0.680  0.678  0.697 -0.698 -0.702
       10  0.57018  -0.039 -0.007 -0.032  0.501 -0.545 -0.456 -0.395  1.000  0.276 -0.548 -0.539 -0.564  0.564  0.565
       11  0.57067  -0.137  0.034 -0.005  0.494 -0.503 -0.419 -0.399  0.276  1.000 -0.528 -0.523 -0.553  0.552  0.547
       12  0.97082   0.063  0.004  0.025 -0.888  0.924  0.777  0.680 -0.548 -0.528  1.000  0.954  0.963 -0.964 -0.964
       13  0.96760   0.117  0.003  0.043 -0.877  0.914  0.771  0.678 -0.539 -0.523  0.954  1.000  0.960 -0.960 -0.960
       14  0.99910   0.083  0.004  0.032 -0.913  0.949  0.797  0.697 -0.564 -0.553  0.963  0.960  1.000 -0.999 -0.995
       15  0.99924  -0.084 -0.004 -0.032  0.913 -0.950 -0.796 -0.698  0.564  0.552 -0.964 -0.960 -0.999  1.000  0.996
       16  0.99660  -0.088 -0.005 -0.034  0.916 -0.954 -0.802 -0.702  0.565  0.547 -0.964 -0.960 -0.995  0.996  1.000
                         POSITIVE MINOS ERROR NOT CALCULATED FOR PARAMETER 7
                         NEGATIVE MINOS ERROR NOT CALCULATED FOR PARAMETER 7
 FCN=237.523 FROM MINOS     STATUS=PROBLEMS    71133 CALLS      230350 TOTAL
                     EDM=9.71611e-07    STRATEGY= 1  ERROR MATRIX UNCERTAINTY   1.2 per cent
  EXT PARAMETER                  PARABOLIC         MINOS ERRORS        
  NO.   NAME      VALUE            ERROR      NEGATIVE      POSITIVE   
   1  N0           3.18572e+06   1.36310e+03  -1.39284e+03   1.39930e+03
   2  tau          6.44092e+01   constant   
   3  A0           3.45088e-01   5.55459e-04  -5.64922e-04   5.63341e-04
   4  phi          4.12067e+00   1.71781e-03  -1.73477e-03   1.72699e-03
   5  R           -6.06338e+01   constant   
   6  alpha_CBO    1.21698e-03   1.34939e-03  -4.18592e-03   1.76820e-03
   7  w_CBO        2.35823e+00   1.69864e-03                            
   8  beta_CBO     2.05148e-03   9.85826e-04  -5.00836e-03   9.37217e-04
   9  alpha_2CBO  -3.42324e-04   8.43720e-04  -7.97461e-04   1.49154e-03
  10  beta_2CBO   -4.21684e-04   7.14935e-04  -7.25320e-04   1.54928e-03
  11  alpha_y      1.42520e-03   6.74126e-04  -3.48523e-03   6.51346e-04
  12  w_y          4.58775e-01   3.53377e-03  -3.70677e-02   4.26301e-02
  13  beta_y       3.50192e-04   1.87632e-03  -2.42457e-03   1.71900e-03
  14  alpha_vw     9.80005e-04   1.37552e-02  -3.38467e-03   1.54573e-03
  15  w_vw         6.99528e+00   1.77538e-02  -2.36574e-02   2.35993e-02
  16  beta_vw      2.00860e-03   6.48455e-03  -4.27544e-03   5.79350e-04
  17  LM           1.61481e-04   constant   
 **********
 **   88 **SHO COR 
 **********
 PARAMETER  CORRELATION COEFFICIENTS  
       NO.  GLOBAL      1      3      4      6      7      8      9     10     11     12     13     14     15     16
        1  0.25749   1.000  0.009 -0.001 -0.108  0.093  0.064  0.065 -0.039 -0.137  0.063  0.117  0.083 -0.084 -0.088
        3  0.05465   0.009  1.000 -0.003 -0.013  0.003 -0.003  0.004 -0.007  0.034  0.004  0.003  0.004 -0.004 -0.005
        4  0.09224  -0.001 -0.003  1.000 -0.029  0.044  0.022  0.023 -0.032 -0.005  0.025  0.043  0.032 -0.032 -0.034
        6  0.92471  -0.108 -0.013 -0.029  1.000 -0.907 -0.727 -0.635  0.501  0.494 -0.888 -0.877 -0.913  0.913  0.916
        7  0.96029   0.093  0.003  0.044 -0.907  1.000  0.790  0.705 -0.545 -0.503  0.924  0.914  0.949 -0.950 -0.954
        8  0.80987   0.064 -0.003  0.022 -0.727  0.790  1.000  0.551 -0.456 -0.419  0.777  0.771  0.797 -0.796 -0.802
        9  0.71679   0.065  0.004  0.023 -0.635  0.705  0.551  1.000 -0.395 -0.399  0.680  0.678  0.697 -0.698 -0.702
       10  0.57018  -0.039 -0.007 -0.032  0.501 -0.545 -0.456 -0.395  1.000  0.276 -0.548 -0.539 -0.564  0.564  0.565
       11  0.57067  -0.137  0.034 -0.005  0.494 -0.503 -0.419 -0.399  0.276  1.000 -0.528 -0.523 -0.553  0.552  0.547
       12  0.97082   0.063  0.004  0.025 -0.888  0.924  0.777  0.680 -0.548 -0.528  1.000  0.954  0.963 -0.964 -0.964
       13  0.96760   0.117  0.003  0.043 -0.877  0.914  0.771  0.678 -0.539 -0.523  0.954  1.000  0.960 -0.960 -0.960
       14  0.99910   0.083  0.004  0.032 -0.913  0.949  0.797  0.697 -0.564 -0.553  0.963  0.960  1.000 -0.999 -0.995
       15  0.99924  -0.084 -0.004 -0.032  0.913 -0.950 -0.796 -0.698  0.564  0.552 -0.964 -0.960 -0.999  1.000  0.996
       16  0.99660  -0.088 -0.005 -0.034  0.916 -0.954 -0.802 -0.702  0.565  0.547 -0.964 -0.960 -0.995  0.996  1.000
 ELEMENTS ABOVE DIAGONAL ARE NOT PRINTED.
