 + ++++++++++++++++++++++++++++++++++++++++++++++++++++++++++++++++++++ +
 +                                                                      +
 +           You have chose to blind your fitting according to          +
 +                omega_ref * (1 + (R +/- deltaR) *10^{-6})             +
 +                                                                      +
 + ++++++++++++++++++++++++++++++++++++++++++++++++++++++++++++++++++++ +
In main()...
reading format from /gm2data/zkhechad/run45/envelope/formats/formatB_sBin_constraintOn.txt
pBinTau 	= 0  
pBinPhi 	= 0  
constraintau 	= 1 
includeMopTerm 	= 0    
constrainMop    = 0   
Parameters after format file: pBinTau 0 pBinPhi 0 constraintau 1 includeMopTerm 0 constrainMop 0 c_e_scale 0.000000 
Opening file /gm2data/tbarrett/gm2fr/studies/run23_bunch_corrections/CorrectedFourier_Run3b.root.
reading full fit data from /gm2data/zkhechad/cboTemplates/Run4CBOTemplates/fullFits/noRF/sBin_constraintOn_cE0.0_seed0_noRF_calo19.root
deltaT 164.120000
windowBins = 240
fitting sliding window 2200 from bin 2403 at 358.527600 to bin 2643 at 394.335600 (240 bins)

Reading data from /gm2data/cornell/histograms/aMethod/histogram_a_noRF.root
 **********
 **    1 **SET PRINTOUT            1
 **********
 **********
 **    2 **SET NOWARNINGS 
 **********
 PARAMETER DEFINITIONS:
    NO.   NAME         VALUE      STEP SIZE      LIMITS
     1 N0           3.19028e+06  1.00000e+02     no limits
     2 tau          6.44020e+01  constant
     3 A0           3.47813e-01  1.00000e-04     no limits
     4 phi          4.13208e+00  1.00000e-02     no limits
     5 R           -6.02986e+01  constant
     6 alpha_CBO    0.00000e+00  1.00000e-03     no limits
     7 w_CBO        2.32727e+00  1.00000e-03     no limits
     8 beta_CBO     0.00000e+00  1.00000e-03     no limits
     9 alpha_2CBO   0.00000e+00  1.00000e-03     no limits
    10 beta_2CBO    0.00000e+00  1.00000e-03     no limits
    11 alpha_y      0.00000e+00  1.00000e-03     no limits
    12 w_y          0.00000e+00  1.00000e-03     no limits
    13 beta_y       0.00000e+00  1.00000e-03     no limits
    14 alpha_vw     0.00000e+00  1.00000e-03     no limits
    15 w_vw         0.00000e+00  1.00000e-03     no limits
    16 beta_vw      0.00000e+00  1.00000e-03     no limits
    17 LM           3.72287e-05  constant
MINUIT - FIT ONLY WIGGLE
 **********
 **    3 **FIX            5
 **********
 PARAMETER    5  IS CONSTANT.   IGNORED.
 **********
 **    4 **FIX            6
 **********
 **********
 **    5 **FIX            7
 **********
 **********
 **    6 **FIX            8
 **********
 **********
 **    7 **FIX            9
 **********
 **********
 **    8 **FIX           10
 **********
 **********
 **    9 **FIX           11
 **********
 **********
 **   10 **FIX           12
 **********
 **********
 **   11 **FIX           13
 **********
 **********
 **   12 **FIX           14
 **********
 **********
 **   13 **FIX           15
 **********
 **********
 **   14 **FIX           16
 **********
 **********
 **   15 **MIGRAD
 **********
 FIRST CALL TO USER FUNCTION AT NEW START POINT, WITH IFLAG=4.
 START MIGRAD MINIMIZATION.  STRATEGY  1.  CONVERGENCE WHEN EDM .LT. 1.00e-04
 FCN=264.522 FROM MIGRAD    STATUS=INITIATE       12 CALLS          13 TOTAL
                     EDM= unknown      STRATEGY= 1      NO ERROR MATRIX       
  EXT PARAMETER               CURRENT GUESS       STEP         FIRST   
  NO.   NAME      VALUE            ERROR          SIZE      DERIVATIVE 
   1  N0           3.19028e+06   1.00000e+02   1.00000e+02  -1.25614e-03
   2  tau          6.44020e+01   constant   
   3  A0           3.47813e-01   1.00000e-04   1.00000e-04   7.82284e+02
   4  phi          4.13208e+00   1.00000e-02   1.00000e-02  -1.30103e+03
   5  R           -6.02986e+01   constant   
   6  alpha_CBO    0.00000e+00     fixed    
   7  w_CBO        2.32727e+00     fixed    
   8  beta_CBO     0.00000e+00     fixed    
   9  alpha_2CBO   0.00000e+00     fixed    
  10  beta_2CBO    0.00000e+00     fixed    
  11  alpha_y      0.00000e+00     fixed    
  12  w_y          0.00000e+00     fixed    
  13  beta_y       0.00000e+00     fixed    
  14  alpha_vw     0.00000e+00     fixed    
  15  w_vw         0.00000e+00     fixed    
  16  beta_vw      0.00000e+00     fixed    
  17  LM           3.72287e-05   constant   
 MIGRAD MINIMIZATION HAS CONVERGED.
 MIGRAD WILL VERIFY CONVERGENCE AND ERROR MATRIX.
 COVARIANCE MATRIX CALCULATED SUCCESSFULLY
 FCN=262.602 FROM MIGRAD    STATUS=CONVERGED      49 CALLS          50 TOTAL
                     EDM=3.0353e-08    STRATEGY= 1      ERROR MATRIX ACCURATE 
  EXT PARAMETER                                   STEP         FIRST   
  NO.   NAME      VALUE            ERROR          SIZE      DERIVATIVE 
   1  N0           3.19140e+06   1.33282e+03   1.02525e+01  -6.11452e-08
   2  tau          6.44020e+01   constant   
   3  A0           3.47734e-01   5.37555e-04   4.24252e-06  -1.42171e-01
   4  phi          4.13391e+00   1.65851e-03   1.31439e-05   1.31130e-01
   5  R           -6.02986e+01   constant   
   6  alpha_CBO    0.00000e+00     fixed    
   7  w_CBO        2.32727e+00     fixed    
   8  beta_CBO     0.00000e+00     fixed    
   9  alpha_2CBO   0.00000e+00     fixed    
  10  beta_2CBO    0.00000e+00     fixed    
  11  alpha_y      0.00000e+00     fixed    
  12  w_y          0.00000e+00     fixed    
  13  beta_y       0.00000e+00     fixed    
  14  alpha_vw     0.00000e+00     fixed    
  15  w_vw         0.00000e+00     fixed    
  16  beta_vw      0.00000e+00     fixed    
  17  LM           3.72287e-05   constant   
 EXTERNAL ERROR MATRIX.    NDIM=  25    NPAR=  3    ERR DEF=1
  1.776e+06  6.667e-02  4.381e-02 
  6.667e-02  2.890e-07 -1.259e-08 
  4.381e-02 -1.259e-08  2.751e-06 
 PARAMETER  CORRELATION COEFFICIENTS  
       NO.  GLOBAL      1      3      4
        1  0.09543   1.000  0.093  0.020
        3  0.09442   0.093  1.000 -0.014
        4  0.02549   0.020 -0.014  1.000
MINUIT - FIT ONLY 1-CBO + wiggle
 **********
 **   16 **RES 
 **********
                   PARAMETER   16  beta_vw RESTORED TO VARIABLE.
                   PARAMETER   15  w_vw RESTORED TO VARIABLE.
                   PARAMETER   14  alpha_vw RESTORED TO VARIABLE.
                   PARAMETER   13  beta_y RESTORED TO VARIABLE.
                   PARAMETER   12  w_y RESTORED TO VARIABLE.
                   PARAMETER   11  alpha_y RESTORED TO VARIABLE.
                   PARAMETER   10  beta_2CBO RESTORED TO VARIABLE.
                   PARAMETER    9  alpha_2CBO RESTORED TO VARIABLE.
                   PARAMETER    8  beta_CBO RESTORED TO VARIABLE.
                   PARAMETER    7  w_CBO RESTORED TO VARIABLE.
                   PARAMETER    6  alpha_CBO RESTORED TO VARIABLE.
 **********
 **   17 **FIX            8
 **********
 **********
 **   18 **FIX            9
 **********
 **********
 **   19 **FIX           11
 **********
 **********
 **   20 **FIX           12
 **********
 **********
 **   21 **FIX           14
 **********
 **********
 **   22 **FIX           15
 **********
 **********
 **   23 **FIX           16
 **********
 **********
 **   24 **MIGRAD
 **********
 START MIGRAD MINIMIZATION.  STRATEGY  1.  CONVERGENCE WHEN EDM .LT. 1.00e-04
 FCN=262.602 FROM MIGRAD    STATUS=INITIATE      347 CALLS         397 TOTAL
                     EDM= unknown      STRATEGY= 1      NO ERROR MATRIX       
  EXT PARAMETER               CURRENT GUESS       STEP         FIRST   
  NO.   NAME      VALUE            ERROR          SIZE      DERIVATIVE 
   1  N0           3.19140e+06   1.33282e+03   0.00000e+00  -6.11451e-08
   2  tau          6.44020e+01   constant   
   3  A0           3.47734e-01   5.37555e-04   0.00000e+00  -1.42172e-01
   4  phi          4.13391e+00   1.65851e-03   0.00000e+00   1.31127e-01
   5  R           -6.02986e+01   constant   
   6  alpha_CBO    0.00000e+00   1.00000e-03   0.00000e+00  -1.11026e+04
   7  w_CBO        2.32727e+00   1.00000e-03   0.00000e+00   0.00000e+00
   8  beta_CBO     0.00000e+00     fixed    
   9  alpha_2CBO   0.00000e+00     fixed    
  10  beta_2CBO    0.00000e+00   1.00000e-03   0.00000e+00  -1.74665e+02
  11  alpha_y      0.00000e+00     fixed    
  12  w_y          0.00000e+00     fixed    
  13  beta_y       0.00000e+00   1.00000e-03   0.00000e+00   0.00000e+00
  14  alpha_vw     0.00000e+00     fixed    
  15  w_vw         0.00000e+00     fixed    
  16  beta_vw      0.00000e+00     fixed    
  17  LM           3.72287e-05   constant   
 MIGRAD MINIMIZATION HAS CONVERGED.
 FCN=224.259 FROM MIGRAD    STATUS=CONVERGED     520 CALLS         570 TOTAL
                     EDM=4.84872e-08    STRATEGY= 1  ERROR MATRIX UNCERTAINTY   0.2 per cent
  EXT PARAMETER                                   STEP         FIRST   
  NO.   NAME      VALUE            ERROR          SIZE      DERIVATIVE 
   1  N0           3.19144e+06   1.32639e+03  -2.19755e-01   2.03499e-08
   2  tau          6.44020e+01   constant   
   3  A0           3.47708e-01   5.38193e-04   5.38614e-07   7.46946e-03
   4  phi          4.13416e+00   1.65947e-03   1.38413e-07   1.15085e-03
   5  R           -6.02986e+01   constant   
   6  alpha_CBO    3.60363e-03   5.91933e-04  -1.32687e-06   6.04487e-01
   7  w_CBO        2.35810e+00   4.17909e-04  -2.47933e-06   1.02524e-01
   8  beta_CBO     0.00000e+00     fixed    
   9  alpha_2CBO   0.00000e+00     fixed    
  10  beta_2CBO    6.43026e-04   5.93962e-04   3.97846e-08   4.13438e-01
  11  alpha_y      0.00000e+00     fixed    
  12  w_y          0.00000e+00     fixed    
  13  beta_y       0.00000e+00   1.73205e+00  -0.00000e+00   0.00000e+00
  14  alpha_vw     0.00000e+00     fixed    
  15  w_vw         0.00000e+00     fixed    
  16  beta_vw      0.00000e+00     fixed    
  17  LM           3.72287e-05   constant   
 EXTERNAL ERROR MATRIX.    NDIM=  25    NPAR=  7    ERR DEF=1
  1.759e+06  6.539e-02  4.377e-02  2.551e-03 -9.631e-03 -3.692e-03  0.000e+00 
  6.539e-02  2.897e-07 -1.279e-08 -4.974e-09  1.120e-08  6.065e-09  0.000e+00 
  4.377e-02 -1.279e-08  2.754e-06  2.632e-08  2.357e-09 -1.359e-08  0.000e+00 
  2.551e-03 -4.974e-09  2.632e-08  3.504e-07 -7.294e-09  4.558e-09  0.000e+00 
 -9.631e-03  1.120e-08  2.357e-09 -7.294e-09  1.746e-07  4.262e-08  0.000e+00 
 -3.692e-03  6.065e-09 -1.359e-08  4.558e-09  4.262e-08  3.528e-07  0.000e+00 
  0.000e+00  0.000e+00  0.000e+00  0.000e+00  0.000e+00  0.000e+00  3.000e+00 
 PARAMETER  CORRELATION COEFFICIENTS  
       NO.  GLOBAL      1      3      4      6      7     10     13
        1  0.09667   1.000  0.092  0.020  0.003 -0.017 -0.005  0.000
        3  0.10775   0.092  1.000 -0.014 -0.016  0.050  0.019  0.000
        4  0.04011   0.020 -0.014  1.000  0.027  0.003 -0.014  0.000
        6  0.04637   0.003 -0.016  0.027  1.000 -0.029  0.013  0.000
        7  0.18192  -0.017  0.050  0.003 -0.029  1.000  0.172  0.000
       10  0.17361  -0.005  0.019 -0.014  0.013  0.172  1.000  0.000
       13  0.00000   0.000  0.000  0.000  0.000  0.000  0.000  1.000
MINUIT - FIT ONLY 2-CBO
 **********
 **   25 **RES 
 **********
                   PARAMETER   16  beta_vw RESTORED TO VARIABLE.
                   PARAMETER   15  w_vw RESTORED TO VARIABLE.
                   PARAMETER   14  alpha_vw RESTORED TO VARIABLE.
                   PARAMETER   12  w_y RESTORED TO VARIABLE.
                   PARAMETER   11  alpha_y RESTORED TO VARIABLE.
                   PARAMETER    9  alpha_2CBO RESTORED TO VARIABLE.
                   PARAMETER    8  beta_CBO RESTORED TO VARIABLE.
 **********
 **   26 **FIX            0
 **********
 PARAMETER    0  IS UNDEFINED. IGNORED.
 **********
 **   27 **FIX            1
 **********
 **********
 **   28 **FIX            2
 **********
 PARAMETER    2  IS CONSTANT.   IGNORED.
 **********
 **   29 **FIX            3
 **********
 **********
 **   30 **FIX            4
 **********
 **********
 **   31 **FIX            5
 **********
 PARAMETER    5  IS CONSTANT.   IGNORED.
 **********
 **   32 **FIX            6
 **********
 **********
 **   33 **FIX            7
 **********
 **********
 **   34 **FIX           10
 **********
 **********
 **   35 **FIX           11
 **********
 **********
 **   36 **FIX           12
 **********
 **********
 **   37 **FIX           13
 **********
 **********
 **   38 **FIX           14
 **********
 **********
 **   39 **FIX           15
 **********
 **********
 **   40 **FIX           16
 **********
 **********
 **   41 **MIGRAD
 **********
 START MIGRAD MINIMIZATION.  STRATEGY  1.  CONVERGENCE WHEN EDM .LT. 1.00e-04
 FCN=224.259 FROM MIGRAD    STATUS=INITIATE        8 CALLS         578 TOTAL
                     EDM= unknown      STRATEGY= 1      NO ERROR MATRIX       
  EXT PARAMETER               CURRENT GUESS       STEP         FIRST   
  NO.   NAME      VALUE            ERROR          SIZE      DERIVATIVE 
   1  N0           3.19144e+06     fixed    
   2  tau          6.44020e+01   constant   
   3  A0           3.47708e-01     fixed    
   4  phi          4.13416e+00     fixed    
   5  R           -6.02986e+01   constant   
   6  alpha_CBO    3.60363e-03     fixed    
   7  w_CBO        2.35810e+00     fixed    
   8  beta_CBO     0.00000e+00   1.00000e-03   1.00000e-03  -4.98442e+02
   9  alpha_2CBO   0.00000e+00   1.00000e-03   1.00000e-03  -1.96343e+03
  10  beta_2CBO    6.43026e-04     fixed    
  11  alpha_y      0.00000e+00     fixed    
  12  w_y          0.00000e+00     fixed    
  13  beta_y       0.00000e+00     fixed    
  14  alpha_vw     0.00000e+00     fixed    
  15  w_vw         0.00000e+00     fixed    
  16  beta_vw      0.00000e+00     fixed    
  17  LM           3.72287e-05   constant   
 MIGRAD MINIMIZATION HAS CONVERGED.
 MIGRAD WILL VERIFY CONVERGENCE AND ERROR MATRIX.
 COVARIANCE MATRIX CALCULATED SUCCESSFULLY
 FCN=223.906 FROM MIGRAD    STATUS=CONVERGED      28 CALLS         598 TOTAL
                     EDM=2.46321e-09    STRATEGY= 1      ERROR MATRIX ACCURATE 
  EXT PARAMETER                                   STEP         FIRST   
  NO.   NAME      VALUE            ERROR          SIZE      DERIVATIVE 
   1  N0           3.19144e+06     fixed    
   2  tau          6.44020e+01   constant   
   3  A0           3.47708e-01     fixed    
   4  phi          4.13416e+00     fixed    
   5  R           -6.02986e+01   constant   
   6  alpha_CBO    3.60363e-03     fixed    
   7  w_CBO        2.35810e+00     fixed    
   8  beta_CBO     8.19983e-05   5.87208e-04   4.29964e-06   1.15551e-01
   9  alpha_2CBO   3.39124e-04   5.88616e-04   4.30995e-06  -2.91938e-02
  10  beta_2CBO    6.43026e-04     fixed    
  11  alpha_y      0.00000e+00     fixed    
  12  w_y          0.00000e+00     fixed    
  13  beta_y       0.00000e+00     fixed    
  14  alpha_vw     0.00000e+00     fixed    
  15  w_vw         0.00000e+00     fixed    
  16  beta_vw      0.00000e+00     fixed    
  17  LM           3.72287e-05   constant   
 EXTERNAL ERROR MATRIX.    NDIM=  25    NPAR=  2    ERR DEF=1
  3.448e-07 -4.030e-09 
 -4.030e-09  3.465e-07 
 PARAMETER  CORRELATION COEFFICIENTS  
       NO.  GLOBAL      8      9
        8  0.01166   1.000 -0.012
        9  0.01166  -0.012  1.000
MINUIT - FIT wiggle + 1-CBO + 2-CBO
 **********
 **   42 **RES 
 **********
                   PARAMETER   16  beta_vw RESTORED TO VARIABLE.
                   PARAMETER   15  w_vw RESTORED TO VARIABLE.
                   PARAMETER   14  alpha_vw RESTORED TO VARIABLE.
                   PARAMETER   13  beta_y RESTORED TO VARIABLE.
                   PARAMETER   12  w_y RESTORED TO VARIABLE.
                   PARAMETER   11  alpha_y RESTORED TO VARIABLE.
                   PARAMETER   10  beta_2CBO RESTORED TO VARIABLE.
                   PARAMETER    7  w_CBO RESTORED TO VARIABLE.
                   PARAMETER    6  alpha_CBO RESTORED TO VARIABLE.
                   PARAMETER    4  phi RESTORED TO VARIABLE.
                   PARAMETER    3  A0 RESTORED TO VARIABLE.
                   PARAMETER    1  N0 RESTORED TO VARIABLE.
 **********
 **   43 **FIX           10
 **********
 **********
 **   44 **FIX           11
 **********
 **********
 **   45 **FIX           12
 **********
 **********
 **   46 **FIX           13
 **********
 **********
 **   47 **FIX           14
 **********
 **********
 **   48 **FIX           15
 **********
 **********
 **   49 **FIX           16
 **********
 **********
 **   50 **MIGRAD
 **********
 START MIGRAD MINIMIZATION.  STRATEGY  1.  CONVERGENCE WHEN EDM .LT. 1.00e-04
 FCN=223.906 FROM MIGRAD    STATUS=INITIATE       14 CALLS         612 TOTAL
                     EDM= unknown      STRATEGY= 1      NO ERROR MATRIX       
  EXT PARAMETER               CURRENT GUESS       STEP         FIRST   
  NO.   NAME      VALUE            ERROR          SIZE      DERIVATIVE 
   1  N0           3.19144e+06   1.32639e+03   1.32639e+03  -8.20858e-06
   2  tau          6.44020e+01   constant   
   3  A0           3.47708e-01   5.38193e-04   5.38193e-04   4.72032e+01
   4  phi          4.13416e+00   1.65947e-03   1.65947e-03   8.67951e+00
   5  R           -6.02986e+01   constant   
   6  alpha_CBO    3.60363e-03   5.91933e-04   5.91933e-04  -1.04299e+01
   7  w_CBO        2.35810e+00   4.17909e-04   4.17909e-04   2.83894e+02
   8  beta_CBO     8.19983e-05   5.87208e-04   4.29964e-06   1.15551e-01
   9  alpha_2CBO   3.39124e-04   5.88616e-04   4.30995e-06  -2.91939e-02
  10  beta_2CBO    6.43026e-04     fixed    
  11  alpha_y      0.00000e+00     fixed    
  12  w_y          0.00000e+00     fixed    
  13  beta_y       0.00000e+00     fixed    
  14  alpha_vw     0.00000e+00     fixed    
  15  w_vw         0.00000e+00     fixed    
  16  beta_vw      0.00000e+00     fixed    
  17  LM           3.72287e-05   constant   
 MIGRAD MINIMIZATION HAS CONVERGED.
 MIGRAD WILL VERIFY CONVERGENCE AND ERROR MATRIX.
 COVARIANCE MATRIX CALCULATED SUCCESSFULLY
 FCN=223.84 FROM MIGRAD    STATUS=CONVERGED     146 CALLS         744 TOTAL
                     EDM=5.84993e-06    STRATEGY= 1      ERROR MATRIX ACCURATE 
  EXT PARAMETER                                   STEP         FIRST   
  NO.   NAME      VALUE            ERROR          SIZE      DERIVATIVE 
   1  N0           3.19144e+06   1.33309e+03   9.46879e+00  -1.99614e-07
   2  tau          6.44020e+01   constant   
   3  A0           3.47705e-01   5.38446e-04   3.91832e-06   3.18559e+00
   4  phi          4.13414e+00   1.65954e-03   1.21400e-05   8.33456e-01
   5  R           -6.02986e+01   constant   
   6  alpha_CBO    3.58576e-03   6.23112e-04   4.30840e-06   2.10054e+00
   7  w_CBO        2.35770e+00   1.36195e-03   2.92986e-06   4.48879e+00
   8  beta_CBO    -4.53640e-04   1.92193e-03   4.30059e-06  -3.25430e+00
   9  alpha_2CBO   5.15145e-04   7.94315e-04   4.30432e-06   1.80495e+00
  10  beta_2CBO    6.43026e-04     fixed    
  11  alpha_y      0.00000e+00     fixed    
  12  w_y          0.00000e+00     fixed    
  13  beta_y       0.00000e+00     fixed    
  14  alpha_vw     0.00000e+00     fixed    
  15  w_vw         0.00000e+00     fixed    
  16  beta_vw      0.00000e+00     fixed    
  17  LM           3.72287e-05   constant   
 EXTERNAL ERROR MATRIX.    NDIM=  25    NPAR=  7    ERR DEF=1
  1.777e+06  6.589e-02  4.374e-02  5.010e-03  5.621e-03  2.193e-02 -1.100e-03 
  6.589e-02  2.899e-07 -1.244e-08 -7.977e-09 -1.460e-08 -3.548e-08  4.824e-09 
  4.374e-02 -1.244e-08  2.754e-06  2.835e-08  2.442e-08  2.061e-08 -2.234e-08 
  5.010e-03 -7.977e-09  2.835e-08  3.883e-07  2.778e-07  3.723e-07 -1.053e-07 
  5.621e-03 -1.460e-08  2.442e-08  2.778e-07  1.855e-06  2.492e-06 -7.273e-07 
  2.193e-02 -3.548e-08  2.061e-08  3.723e-07  2.492e-06  3.694e-06 -9.813e-07 
 -1.100e-03  4.824e-09 -2.234e-08 -1.053e-07 -7.273e-07 -9.813e-07  6.309e-07 
 PARAMETER  CORRELATION COEFFICIENTS  
       NO.  GLOBAL      1      3      4      6      7      8      9
        1  0.09736   1.000  0.092  0.020  0.006  0.003  0.009 -0.001
        3  0.11014   0.092  1.000 -0.014 -0.024 -0.020 -0.034  0.011
        4  0.04168   0.020 -0.014  1.000  0.027  0.011  0.006 -0.017
        6  0.32893   0.006 -0.024  0.027  1.000  0.327  0.311 -0.213
        7  0.95587   0.003 -0.020  0.011  0.327  1.000  0.952 -0.672
        8  0.95215   0.009 -0.034  0.006  0.311  0.952  1.000 -0.643
        9  0.67252  -0.001  0.011 -0.017 -0.213 -0.672 -0.643  1.000
MINUIT - FIT ONLY 1-y
 **********
 **   51 **RES 
 **********
                   PARAMETER   16  beta_vw RESTORED TO VARIABLE.
                   PARAMETER   15  w_vw RESTORED TO VARIABLE.
                   PARAMETER   14  alpha_vw RESTORED TO VARIABLE.
                   PARAMETER   13  beta_y RESTORED TO VARIABLE.
                   PARAMETER   12  w_y RESTORED TO VARIABLE.
                   PARAMETER   11  alpha_y RESTORED TO VARIABLE.
                   PARAMETER   10  beta_2CBO RESTORED TO VARIABLE.
 **********
 **   52 **FIX            0
 **********
 PARAMETER    0  IS UNDEFINED. IGNORED.
 **********
 **   53 **FIX            1
 **********
 **********
 **   54 **FIX            2
 **********
 PARAMETER    2  IS CONSTANT.   IGNORED.
 **********
 **   55 **FIX            3
 **********
 **********
 **   56 **FIX            4
 **********
 **********
 **   57 **FIX            5
 **********
 PARAMETER    5  IS CONSTANT.   IGNORED.
 **********
 **   58 **FIX            6
 **********
 **********
 **   59 **FIX            7
 **********
 **********
 **   60 **FIX            8
 **********
 **********
 **   61 **FIX            9
 **********
 **********
 **   62 **FIX           13
 **********
 **********
 **   63 **FIX           14
 **********
 **********
 **   64 **FIX           15
 **********
 **********
 **   65 **FIX           16
 **********
 **********
 **   66 **MIGRAD
 **********
 START MIGRAD MINIMIZATION.  STRATEGY  1.  CONVERGENCE WHEN EDM .LT. 1.00e-04
 FCN=223.84 FROM MIGRAD    STATUS=INITIATE       95 CALLS         839 TOTAL
                     EDM= unknown      STRATEGY= 1      NO ERROR MATRIX       
  EXT PARAMETER               CURRENT GUESS       STEP         FIRST   
  NO.   NAME      VALUE            ERROR          SIZE      DERIVATIVE 
   1  N0           3.19144e+06     fixed    
   2  tau          6.44020e+01   constant   
   3  A0           3.47705e-01     fixed    
   4  phi          4.13414e+00     fixed    
   5  R           -6.02986e+01   constant   
   6  alpha_CBO    3.58576e-03     fixed    
   7  w_CBO        2.35770e+00     fixed    
   8  beta_CBO    -4.53640e-04     fixed    
   9  alpha_2CBO   5.15145e-04     fixed    
  10  beta_2CBO    6.43026e-04   5.93962e-04   0.00000e+00   7.40067e+02
  11  alpha_y      0.00000e+00   1.00000e-03   0.00000e+00  -6.37058e-01
  12  w_y          0.00000e+00   1.00000e-03   0.00000e+00   0.00000e+00
  13  beta_y       0.00000e+00     fixed    
  14  alpha_vw     0.00000e+00     fixed    
  15  w_vw         0.00000e+00     fixed    
  16  beta_vw      0.00000e+00     fixed    
  17  LM           3.72287e-05   constant   
 MIGRAD MINIMIZATION HAS CONVERGED.
 MIGRAD WILL VERIFY CONVERGENCE AND ERROR MATRIX.
 FCN=223.792 FROM MIGRAD    STATUS=CONVERGED     118 CALLS         862 TOTAL
                     EDM=3.90484e-05    STRATEGY= 1      ERR MATRIX NOT POS-DEF
  EXT PARAMETER                APPROXIMATE        STEP         FIRST   
  NO.   NAME      VALUE            ERROR          SIZE      DERIVATIVE 
   1  N0           3.19144e+06     fixed    
   2  tau          6.44020e+01   constant   
   3  A0           3.47705e-01     fixed    
   4  phi          4.13414e+00     fixed    
   5  R           -6.02986e+01   constant   
   6  alpha_CBO    3.58576e-03     fixed    
   7  w_CBO        2.35770e+00     fixed    
   8  beta_CBO    -4.53640e-04     fixed    
   9  alpha_2CBO   5.15145e-04     fixed    
  10  beta_2CBO    5.15102e-04   1.06580e-04   4.30443e-06   2.24835e-03
  11  alpha_y      5.50499e-08   1.65926e-03   3.04344e-06  -5.32599e+00
  12  w_y          0.00000e+00   4.91962e+02   1.00000e+00   0.00000e+00
  13  beta_y       0.00000e+00     fixed    
  14  alpha_vw     0.00000e+00     fixed    
  15  w_vw         0.00000e+00     fixed    
  16  beta_vw      0.00000e+00     fixed    
  17  LM           3.72287e-05   constant   
 EXTERNAL ERROR MATRIX.    NDIM=  25    NPAR=  3    ERR DEF=1
  1.136e-08 -6.354e-10  1.882e-04 
 -6.354e-10  2.753e-06 -8.155e-01 
  1.882e-04 -8.155e-01  2.420e+05 
ERR MATRIX NOT POS-DEF
 PARAMETER  CORRELATION COEFFICIENTS  
       NO.  GLOBAL     10     11     12
       10  0.00359   1.000 -0.004  0.004
       11  0.99897  -0.004  1.000 -0.999
       12  0.99897   0.004 -0.999  1.000
 ERR MATRIX NOT POS-DEF
MINUIT - FIT ONLY 2-y
 **********
 **   67 **RES 
 **********
                   PARAMETER   16  beta_vw RESTORED TO VARIABLE.
                   PARAMETER   15  w_vw RESTORED TO VARIABLE.
                   PARAMETER   14  alpha_vw RESTORED TO VARIABLE.
                   PARAMETER   13  beta_y RESTORED TO VARIABLE.
                   PARAMETER    9  alpha_2CBO RESTORED TO VARIABLE.
                   PARAMETER    8  beta_CBO RESTORED TO VARIABLE.
                   PARAMETER    7  w_CBO RESTORED TO VARIABLE.
                   PARAMETER    6  alpha_CBO RESTORED TO VARIABLE.
                   PARAMETER    4  phi RESTORED TO VARIABLE.
                   PARAMETER    3  A0 RESTORED TO VARIABLE.
                   PARAMETER    1  N0 RESTORED TO VARIABLE.
 **********
 **   68 **FIX            0
 **********
 PARAMETER    0  IS UNDEFINED. IGNORED.
 **********
 **   69 **FIX            1
 **********
 **********
 **   70 **FIX            2
 **********
 PARAMETER    2  IS CONSTANT.   IGNORED.
 **********
 **   71 **FIX            3
 **********
 **********
 **   72 **FIX            4
 **********
 **********
 **   73 **FIX            5
 **********
 PARAMETER    5  IS CONSTANT.   IGNORED.
 **********
 **   74 **FIX            6
 **********
 **********
 **   75 **FIX            7
 **********
 **********
 **   76 **FIX            8
 **********
 **********
 **   77 **FIX            9
 **********
 **********
 **   78 **FIX           10
 **********
 **********
 **   79 **FIX           11
 **********
 **********
 **   80 **FIX           12
 **********
 **********
 **   81 **FIX           16
 **********
 **********
 **   82 **MIGRAD
 **********
 START MIGRAD MINIMIZATION.  STRATEGY  1.  CONVERGENCE WHEN EDM .LT. 1.00e-04
 FCN=223.792 FROM MIGRAD    STATUS=INITIATE       95 CALLS         957 TOTAL
                     EDM= unknown      STRATEGY= 1      NO ERROR MATRIX       
  EXT PARAMETER               CURRENT GUESS       STEP         FIRST   
  NO.   NAME      VALUE            ERROR          SIZE      DERIVATIVE 
   1  N0           3.19144e+06     fixed    
   2  tau          6.44020e+01   constant   
   3  A0           3.47705e-01     fixed    
   4  phi          4.13414e+00     fixed    
   5  R           -6.02986e+01   constant   
   6  alpha_CBO    3.58576e-03     fixed    
   7  w_CBO        2.35770e+00     fixed    
   8  beta_CBO    -4.53640e-04     fixed    
   9  alpha_2CBO   5.15145e-04     fixed    
  10  beta_2CBO    5.15102e-04     fixed    
  11  alpha_y      5.50499e-08     fixed    
  12  w_y          0.00000e+00     fixed    
  13  beta_y       0.00000e+00   1.73205e+00   0.00000e+00   0.00000e+00
  14  alpha_vw     0.00000e+00   1.00000e-03   0.00000e+00  -5.32599e+00
  15  w_vw         0.00000e+00   1.00000e-03   0.00000e+00   0.00000e+00
  16  beta_vw      0.00000e+00     fixed    
  17  LM           3.72287e-05   constant   
 MIGRAD MINIMIZATION HAS CONVERGED.
 MIGRAD WILL VERIFY CONVERGENCE AND ERROR MATRIX.
  MNHESS FAILS AND WILL RETURN DIAGONAL MATRIX. 
 FCN=223.792 FROM MIGRAD    STATUS=CONVERGED     113 CALLS         975 TOTAL
                     EDM=8.68163e-21    STRATEGY= 1  ERROR MATRIX UNCERTAINTY 100.0 per cent
  EXT PARAMETER                APPROXIMATE        STEP         FIRST   
  NO.   NAME      VALUE            ERROR          SIZE      DERIVATIVE 
   1  N0           3.19144e+06     fixed    
   2  tau          6.44020e+01   constant   
   3  A0           3.47705e-01     fixed    
   4  phi          4.13414e+00     fixed    
   5  R           -6.02986e+01   constant   
   6  alpha_CBO    3.58576e-03     fixed    
   7  w_CBO        2.35770e+00     fixed    
   8  beta_CBO    -4.53640e-04     fixed    
   9  alpha_2CBO   5.15145e-04     fixed    
  10  beta_2CBO    5.15102e-04     fixed    
  11  alpha_y      5.50499e-08     fixed    
  12  w_y          0.00000e+00     fixed    
  13  beta_y       0.00000e+00   2.44949e+00  -0.00000e+00   0.00000e+00
  14  alpha_vw     4.60234e-07   4.15723e-04   4.60234e-07   2.24128e-07
  15  w_vw         0.00000e+00   4.26622e+01  -0.00000e+00   0.00000e+00
  16  beta_vw      0.00000e+00     fixed    
  17  LM           3.72287e-05   constant   
 EXTERNAL ERROR MATRIX.    NDIM=  25    NPAR=  3    ERR DEF=1
  6.000e+00  0.000e+00  0.000e+00 
  0.000e+00  1.728e-07  0.000e+00 
  0.000e+00  0.000e+00  1.820e+03 
ERR MATRIX APPROXIMATE
 PARAMETER  CORRELATION COEFFICIENTS  
       NO.  GLOBAL     13     14     15
       13  0.00000   1.000  0.000  0.000
       14  0.00000   0.000  1.000  0.000
       15  0.00000   0.000  0.000  1.000
 ERR MATRIX APPROXIMATE
MINUIT - FIT ALTOGETHER
 **********
 **   83 **RES 
 **********
                   PARAMETER   16  beta_vw RESTORED TO VARIABLE.
                   PARAMETER   12  w_y RESTORED TO VARIABLE.
                   PARAMETER   11  alpha_y RESTORED TO VARIABLE.
                   PARAMETER   10  beta_2CBO RESTORED TO VARIABLE.
                   PARAMETER    9  alpha_2CBO RESTORED TO VARIABLE.
                   PARAMETER    8  beta_CBO RESTORED TO VARIABLE.
                   PARAMETER    7  w_CBO RESTORED TO VARIABLE.
                   PARAMETER    6  alpha_CBO RESTORED TO VARIABLE.
                   PARAMETER    4  phi RESTORED TO VARIABLE.
                   PARAMETER    3  A0 RESTORED TO VARIABLE.
                   PARAMETER    1  N0 RESTORED TO VARIABLE.
 **********
 **   84 **MIGRAD
 **********
 START MIGRAD MINIMIZATION.  STRATEGY  1.  CONVERGENCE WHEN EDM .LT. 1.00e-04
 FCN=223.791 FROM MIGRAD    STATUS=INITIATE      236 CALLS        1211 TOTAL
                     EDM= unknown      STRATEGY= 1      NO ERROR MATRIX       
  EXT PARAMETER               CURRENT GUESS       STEP         FIRST   
  NO.   NAME      VALUE            ERROR          SIZE      DERIVATIVE 
   1  N0           3.19144e+06   1.33309e+03   0.00000e+00  -3.26361e-06
   2  tau          6.44020e+01   constant   
   3  A0           3.47705e-01   5.38446e-04   0.00000e+00   1.85998e+01
   4  phi          4.13414e+00   1.65954e-03   0.00000e+00  -1.76291e+00
   5  R           -6.02986e+01   constant   
   6  alpha_CBO    3.58576e-03   6.23112e-04   0.00000e+00   1.70845e+01
   7  w_CBO        2.35770e+00   1.36195e-03   0.00000e+00   2.82826e+02
   8  beta_CBO    -4.53640e-04   1.92193e-03   0.00000e+00  -1.66645e+00
   9  alpha_2CBO   5.15145e-04   7.94315e-04   0.00000e+00  -1.48829e+00
  10  beta_2CBO    5.15102e-04   1.06580e-04   0.00000e+00  -2.72479e-02
  11  alpha_y      5.50499e-08   1.65926e-03   0.00000e+00  -9.15646e+03
  12  w_y          1.18408e+00   4.91962e+02   0.00000e+00  -2.20543e-03
  13  beta_y       0.00000e+00   2.44949e+00   0.00000e+00   7.98296e+01
  14  alpha_vw     4.60234e-07   4.15723e-04   0.00000e+00  -7.85312e+02
  15  w_vw         4.29643e-02   4.26622e+01   4.29643e-02  -1.72051e-01
  16  beta_vw      0.00000e+00   1.00000e-03   0.00000e+00   1.00684e+03
  17  LM           3.72287e-05   constant   
 CALL LIMIT EXCEEDED IN MIGRAD.
 MIGRAD TERMINATED WITHOUT CONVERGENCE.
 FCN=211.002 FROM MIGRAD    STATUS=CALL LIMIT   2588 CALLS        3563 TOTAL
                     EDM=0.054777    STRATEGY= 1  ERROR MATRIX UNCERTAINTY   9.0 per cent
  EXT PARAMETER                APPROXIMATE        STEP         FIRST   
  NO.   NAME      VALUE            ERROR          SIZE      DERIVATIVE 
   1  N0           3.19716e+06   1.91866e+03   1.55770e+02  -2.27076e-05
   2  tau          6.44020e+01   constant   
   3  A0           3.47525e-01   5.23641e-04  -8.11364e-06   6.72057e+01
   4  phi          4.13319e+00   1.64236e-03  -4.21025e-05   8.84214e+00
   5  R           -6.02986e+01   constant   
   6  alpha_CBO    2.03638e-03   2.46742e-03  -3.12473e-04   2.76619e+02
   7  w_CBO        2.33862e+00   2.14420e-03  -2.87930e-04   2.38076e+01
   8  beta_CBO    -3.31004e-03   1.94811e-03  -2.58088e-04  -3.16197e+02
   9  alpha_2CBO   5.22764e-04   1.08608e-03  -1.32267e-04   2.79001e+02
  10  beta_2CBO   -7.33821e-04   1.12474e-03  -1.43346e-04  -3.06431e+02
  11  alpha_y     -1.69984e-03   4.98542e-04   5.78216e-09  -1.50318e+02
  12  w_y          1.19304e+00   7.68211e-04   2.79967e-05   6.41628e+00
  13  beta_y      -2.72912e-04   4.17288e-04  -1.76393e-05  -5.64168e+00
  14  alpha_vw     2.01154e-03   5.02426e-04   4.17357e-05   8.94334e+01
  15  w_vw         4.17253e-02   1.54620e-03  -8.57742e-05  -5.01666e+01
  16  beta_vw     -7.30857e-04   6.37640e-04  -2.73344e-05   3.44687e+01
  17  LM           3.72287e-05   constant   
 EXTERNAL ERROR MATRIX.    NDIM=  25    NPAR= 14    ERR DEF=1
 ELEMENTS ABOVE DIAGONAL ARE NOT PRINTED.
  3.681e+06 
  5.444e-02  2.742e-07 
  2.567e-02 -2.945e-08  2.697e-06 
 -2.818e+00 -4.420e-08  3.223e-08  6.088e-06 
 -2.484e+00 -3.118e-08  5.762e-08  5.158e-06  4.598e-06 
 -2.109e+00 -3.306e-08 -6.375e-09  4.540e-06  4.007e-06  3.795e-06 
 -1.046e+00 -1.029e-08  5.563e-08  2.161e-06  1.952e-06  1.712e-06  1.180e-06 
 -1.215e+00 -5.636e-09  2.604e-08  2.433e-06  2.122e-06  1.784e-06  9.397e-07  1.265e-06 
 -5.307e-02 -5.884e-09 -2.227e-08  1.245e-07  9.257e-08  5.216e-08  5.684e-08  9.503e-09  2.485e-07 
  2.849e-02 -7.032e-08  2.125e-07 -5.806e-07 -5.020e-07 -4.181e-07 -2.193e-07 -2.233e-07 -9.716e-08  5.901e-07 
 -1.034e-01 -2.084e-08 -6.578e-08  3.663e-07  3.421e-07  2.796e-07  1.382e-07  1.507e-07  4.900e-09 -5.640e-08  1.741e-07 
  6.284e-01  3.445e-10 -1.345e-08 -8.160e-07 -7.110e-07 -6.207e-07 -2.999e-07 -3.498e-07 -1.216e-08  7.582e-08 -4.220e-08 
  6.284e-01  3.445e-10 -1.345e-08 -8.160e-07 -7.110e-07 -6.207e-07 -2.999e-07 -3.498e-07 -1.216e-08  7.582e-08 -4.220e-08  2.524e-07 
 -3.109e-01  2.632e-08 -3.384e-08  7.356e-07  5.391e-07  3.795e-07  3.631e-07  1.642e-07  2.058e-09  1.177e-07  1.371e-08 
 -3.109e-01  2.632e-08 -3.384e-08  7.356e-07  5.391e-07  3.795e-07  3.631e-07  1.642e-07  2.058e-09  1.177e-07  1.371e-08  1.313e-07  2.391e-06 
  5.373e-01  4.431e-09  2.937e-08  4.302e-07  3.603e-07  3.509e-07  1.662e-07  1.497e-07 -1.005e-08 -3.662e-08  4.213e-09 
  5.373e-01  4.431e-09  2.937e-08  4.302e-07  3.603e-07  3.509e-07  1.662e-07  1.497e-07 -1.005e-08 -3.662e-08  4.213e-09  7.981e-09  2.990e-07  4.066e-07 
ERR MATRIX APPROXIMATE
 PARAMETER  CORRELATION COEFFICIENTS  
       NO.  GLOBAL      1      3      4      6      7      8      9     10     11     12     13     14     15     16
        1  0.93959   1.000  0.054  0.008 -0.595 -0.604 -0.564 -0.502 -0.563 -0.055  0.019 -0.129  0.652 -0.105  0.439
        3  0.27048   0.054  1.000 -0.034 -0.034 -0.028 -0.032 -0.018 -0.010 -0.023 -0.175 -0.095  0.001  0.033  0.013
        4  0.26175   0.008 -0.034  1.000  0.008  0.016 -0.002  0.031  0.014 -0.027  0.168 -0.096 -0.016 -0.013  0.028
        6  0.97987  -0.595 -0.034  0.008  1.000  0.975  0.945  0.806  0.877  0.101 -0.306  0.356 -0.658  0.193  0.273
        7  0.98663  -0.604 -0.028  0.016  0.975  1.000  0.959  0.838  0.880  0.087 -0.305  0.382 -0.660  0.163  0.264
        8  0.96765  -0.564 -0.032 -0.002  0.945  0.959  1.000  0.809  0.814  0.054 -0.279  0.344 -0.634  0.126  0.282
        9  0.85693  -0.502 -0.018  0.031  0.806  0.838  0.809  1.000  0.769  0.105 -0.263  0.305 -0.550  0.216  0.240
       10  0.90656  -0.563 -0.010  0.014  0.877  0.880  0.814  0.769  1.000  0.017 -0.258  0.321 -0.619  0.094  0.209
       11  0.35735  -0.055 -0.023 -0.027  0.101  0.087  0.054  0.105  0.017  1.000 -0.254  0.024 -0.049  0.003 -0.032
       12  0.57187   0.019 -0.175  0.168 -0.306 -0.305 -0.279 -0.263 -0.258 -0.254  1.000 -0.176  0.196  0.099 -0.075
       13  0.54864  -0.129 -0.095 -0.096  0.356  0.382  0.344  0.305  0.321  0.024 -0.176  1.000 -0.201  0.021  0.016
       14  0.82823   0.652  0.001 -0.016 -0.658 -0.660 -0.634 -0.550 -0.619 -0.049  0.196 -0.201  1.000  0.169  0.025
       15  0.72694  -0.105  0.033 -0.013  0.193  0.163  0.126  0.216  0.094  0.003  0.099  0.021  0.169  1.000  0.303
       16  0.89351   0.439  0.013  0.028  0.273  0.264  0.282  0.240  0.209 -0.032 -0.075  0.016  0.025  0.303  1.000
 ERR MATRIX APPROXIMATE
MINUIT - MINOS
 **********
 **   85 **RES 
 **********
 CALL TO MNFREE IGNORED.  THERE ARE NO FIXED PARAMETERS
 **********
 **   86 **MIG      2.5e+04        0.01
 **********
 START MIGRAD MINIMIZATION.  STRATEGY  1.  CONVERGENCE WHEN EDM .LT. 1.00e-05
 FCN=211.002 FROM MIGRAD    STATUS=INITIATE       28 CALLS        3591 TOTAL
                     EDM=0.0184274    STRATEGY= 1  ERROR MATRIX UNCERTAINTY   9.0 per cent
  EXT PARAMETER                APPROXIMATE        STEP         FIRST   
  NO.   NAME      VALUE            ERROR          SIZE      DERIVATIVE 
   1  N0           3.19716e+06   1.91866e+03   1.55770e+02  -2.27076e-05
   2  tau          6.44020e+01   constant   
   3  A0           3.47525e-01   5.23641e-04  -8.11364e-06   6.72057e+01
   4  phi          4.13319e+00   1.64236e-03  -4.21025e-05   8.84214e+00
   5  R           -6.02986e+01   constant   
   6  alpha_CBO    2.03638e-03   2.46742e-03  -3.12473e-04   2.76619e+02
   7  w_CBO        2.33862e+00   2.14420e-03  -2.87930e-04   2.38076e+01
   8  beta_CBO    -3.31004e-03   1.94811e-03  -2.58088e-04  -3.16197e+02
   9  alpha_2CBO   5.22764e-04   1.08608e-03  -1.32267e-04   2.79001e+02
  10  beta_2CBO   -7.33821e-04   1.12474e-03  -1.43346e-04  -3.06431e+02
  11  alpha_y     -1.69984e-03   4.98542e-04   5.78216e-09  -1.50318e+02
  12  w_y          1.19304e+00   7.68211e-04   2.79967e-05   6.41628e+00
  13  beta_y      -2.72912e-04   4.17288e-04  -1.76393e-05  -5.64168e+00
  14  alpha_vw     2.01154e-03   5.02426e-04   4.17357e-05   8.94334e+01
  15  w_vw         4.17253e-02   1.54620e-03  -8.57742e-05  -5.01664e+01
  16  beta_vw     -7.30857e-04   6.37640e-04  -2.73344e-05   3.44687e+01
  17  LM           3.72287e-05   constant   
 MIGRAD MINIMIZATION HAS CONVERGED.
 FCN=209.642 FROM MIGRAD    STATUS=CONVERGED    3435 CALLS        6998 TOTAL
                     EDM=5.77042e-07    STRATEGY= 1  ERROR MATRIX UNCERTAINTY   0.7 per cent
  EXT PARAMETER                                   STEP         FIRST   
  NO.   NAME      VALUE            ERROR          SIZE      DERIVATIVE 
   1  N0           3.19679e+06   1.47230e+04   4.60453e-01   3.15441e-07
   2  tau          6.44020e+01   constant   
   3  A0           3.47539e-01   5.42306e-04   4.09034e-08  -2.60758e-01
   4  phi          4.13306e+00   1.72275e-03   3.42648e-08  -6.28535e-02
   5  R           -6.02986e+01   constant   
   6  alpha_CBO    1.83787e-03   1.75722e-02   1.72583e-05   6.08741e-01
   7  w_CBO        2.32171e+00   1.37233e-02   1.34017e-05   1.62720e-02
   8  beta_CBO    -3.40616e-03   9.37519e-03   8.92879e-06  -1.05067e+00
   9  alpha_2CBO   4.60803e-04   6.87288e-03   6.73528e-06   9.37455e-01
  10  beta_2CBO   -6.67728e-04   4.58651e-03   4.31015e-06  -1.50140e+00
  11  alpha_y      5.77646e-04   2.04468e-03  -1.87143e-06  -3.78794e-01
  12  w_y          1.19784e+00   3.44674e-03  -3.18390e-06   4.56435e-01
  13  beta_y      -1.62323e-03   9.12954e-04  -6.44688e-07  -2.60140e-01
  14  alpha_vw     6.74620e-04   9.47840e-03   3.29934e-06  -4.79536e-01
  15  w_vw         3.95714e-02   8.71959e-03   4.22747e-06   9.86284e-02
  16  beta_vw     -1.91428e-03   2.13134e-03   9.52328e-07   4.85112e-01
  17  LM           3.72287e-05   constant   
 EXTERNAL ERROR MATRIX.    NDIM=  25    NPAR= 14    ERR DEF=1
 ELEMENTS ABOVE DIAGONAL ARE NOT PRINTED.
  2.168e+08 
  9.998e-01  2.941e-07 
  1.079e+00  3.191e-09  2.968e-06 
 -7.579e+00 -2.114e-07  1.648e-06  3.088e-04 
 -5.981e+00 -1.718e-07  1.286e-06  2.410e-04  1.883e-04 
 -3.431e+00 -1.142e-07  8.973e-07  1.644e-04  1.284e-04  8.789e-05 
 -3.576e+00 -8.830e-08  6.580e-07  1.203e-04  9.399e-05  6.410e-05  4.724e-05 
 -1.931e+00 -5.596e-08  4.095e-07  7.998e-05  6.248e-05  4.258e-05  3.119e-05  2.104e-05 
 -1.038e+01 -1.564e-08 -1.662e-07 -3.223e-05 -2.519e-05 -1.718e-05 -1.254e-05 -8.362e-06  4.181e-06 
 -1.824e+01 -7.729e-08 -7.045e-09 -5.447e-05 -4.255e-05 -2.900e-05 -2.120e-05 -1.411e-05  6.746e-06  1.188e-05 
 -2.393e+00  4.341e-08  1.227e-07 -1.116e-05 -8.740e-06 -5.944e-06 -4.352e-06 -2.907e-06  1.345e-06  2.369e-06  8.335e-07 
  1.320e+02  5.383e-07  8.386e-07  4.830e-05  3.770e-05  2.609e-05  1.847e-05  1.253e-05 -1.196e-05 -2.054e-05 -3.487e-06 
  1.320e+02  5.383e-07  8.386e-07  4.830e-05  3.770e-05  2.609e-05  1.847e-05  1.253e-05 -1.196e-05 -2.054e-05 -3.487e-06  8.984e-05 
  1.113e+02  4.649e-07  7.430e-07  6.632e-05  5.178e-05  3.560e-05  2.556e-05  1.714e-05 -1.281e-05 -2.179e-05 -3.884e-06 
  1.113e+02  4.649e-07  7.430e-07  6.632e-05  5.178e-05  3.560e-05  2.556e-05  1.714e-05 -1.281e-05 -2.179e-05 -3.884e-06  8.070e-05  7.603e-05 
 -2.631e+01 -1.248e-07  5.637e-09  1.994e-05  1.558e-05  1.055e-05  7.845e-06  5.165e-06 -7.332e-07 -1.182e-06 -4.138e-07 
 -2.631e+01 -1.248e-07  5.637e-09  1.994e-05  1.558e-05  1.055e-05  7.845e-06  5.165e-06 -7.332e-07 -1.182e-06 -4.138e-07 -1.291e-05 -9.484e-06  4.543e-06 
 PARAMETER  CORRELATION COEFFICIENTS  
       NO.  GLOBAL      1      3      4      6      7      8      9     10     11     12     13     14     15     16
        1  0.99915   1.000  0.125  0.043 -0.029 -0.030 -0.025 -0.035 -0.029 -0.345 -0.359 -0.178  0.946  0.867 -0.838
        3  0.27486   0.125  1.000  0.003 -0.022 -0.023 -0.022 -0.024 -0.022 -0.014 -0.041  0.088  0.105  0.098 -0.108
        4  0.35995   0.043  0.003  1.000  0.054  0.054  0.056  0.056  0.052 -0.047 -0.001  0.078  0.051  0.049  0.002
        6  0.99948  -0.029 -0.022  0.054  1.000  0.999  0.998  0.996  0.992 -0.897 -0.899 -0.696  0.290  0.433  0.532
        7  0.99967  -0.030 -0.023  0.054  0.999  1.000  0.998  0.996  0.993 -0.898 -0.900 -0.698  0.290  0.433  0.533
        8  0.99832  -0.025 -0.022  0.056  0.998  0.998  1.000  0.995  0.990 -0.896 -0.897 -0.695  0.294  0.435  0.528
        9  0.99653  -0.035 -0.024  0.056  0.996  0.996  0.995  1.000  0.989 -0.893 -0.895 -0.694  0.283  0.426  0.536
       10  0.99278  -0.029 -0.022  0.052  0.992  0.993  0.990  0.989  1.000 -0.892 -0.893 -0.694  0.288  0.429  0.528
       11  0.97301  -0.345 -0.014 -0.047 -0.897 -0.898 -0.896 -0.893 -0.892  1.000  0.957  0.720 -0.617 -0.719 -0.168
       12  0.98520  -0.359 -0.041 -0.001 -0.899 -0.900 -0.897 -0.895 -0.893  0.957  1.000  0.753 -0.629 -0.725 -0.161
       13  0.82238  -0.178  0.088  0.078 -0.696 -0.698 -0.695 -0.694 -0.694  0.720  0.753  1.000 -0.403 -0.488 -0.213
       14  0.99958   0.946  0.105  0.051  0.290  0.290  0.294  0.283  0.288 -0.617 -0.629 -0.403  1.000  0.976 -0.639
       15  0.99458   0.867  0.098  0.049  0.433  0.433  0.435  0.426  0.429 -0.719 -0.725 -0.488  0.976  1.000 -0.510
       16  0.98858  -0.838 -0.108  0.002  0.532  0.533  0.528  0.536  0.528 -0.168 -0.161 -0.213 -0.639 -0.510  1.000
 **********
 **   87 **MINO      2.5e+04
 **********
                         POSITIVE MINOS ERROR NOT CALCULATED FOR PARAMETER 1
 MIGRAD FAILS WITH STRATEGY=0.   WILL TRY WITH STRATEGY=1.
                         NEGATIVE MINOS ERROR NOT CALCULATED FOR PARAMETER 1
 MIGRAD FAILS WITH STRATEGY=0.   WILL TRY WITH STRATEGY=1.
                         POSITIVE MINOS ERROR NOT CALCULATED FOR PARAMETER 12
                         NEGATIVE MINOS ERROR NOT CALCULATED FOR PARAMETER 12
 CALL LIMIT EXCEEDED IN MIGRAD.
 FCN=209.575 FROM MINOS     STATUS=NEW MINIMU 208536 CALLS      215534 TOTAL
                     EDM= unknown      STRATEGY= 1      NO ERROR MATRIX       
  EXT PARAMETER                  PARABOLIC         MINOS ERRORS        
  NO.   NAME      VALUE            ERROR      NEGATIVE      POSITIVE   
   1  N0           3.22227e+06   2.83681e+03                            
   2  tau          6.44020e+01   constant   
   3  A0           3.48774e-01   6.01053e-04  -5.55068e-04   5.55108e-04
   4  phi          4.13125e+00   1.81031e-03  -1.73092e-03   1.74627e-03
   5  R           -6.02986e+01   constant   
   6  alpha_CBO    2.11961e-03   6.41652e-03   1.37164e-03  -2.79107e-03
   7  w_CBO        2.32176e+00   4.89347e-03  -1.54087e-02   1.47438e-02
   8  beta_CBO    -3.40340e-03   4.04792e-03   1.32211e-03   7.78507e-03
   9  alpha_2CBO   4.53325e-04   2.62009e-03  -1.83768e-03   9.37717e-04
  10  beta_2CBO   -6.70907e-04   1.59884e-03  -5.37283e-04   2.05107e-03
  11  alpha_y     -2.14310e-03   1.53291e-03  -2.88434e-03   1.75623e-03
  12  w_y          1.34719e+00   6.31150e-03                            
  13  beta_y      -7.03582e-04   5.18306e-03  -7.18390e-04   3.94260e-03
  14  alpha_vw     1.01530e-02   9.47840e-03                            
  15  w_vw         4.17815e-02   1.67591e-03                            
  16  beta_vw     -1.18925e-03   6.35143e-03                            
  17  LM           3.72287e-05   constant   
 NEW MINIMUM FOUND.  GO BACK TO MINIMIZATION STEP.
 =================================================
                                                  V
                                                  V
                                                  V
                                               VVVVVVV
                                                VVVVV
                                                 VVV
                                                  V

 START MIGRAD MINIMIZATION.  STRATEGY  1.  CONVERGENCE WHEN EDM .LT. 5.00e-05
 FCN=209.575 FROM MIGRAD    STATUS=INITIATE       28 CALLS      215562 TOTAL
                     EDM= unknown      STRATEGY= 1      NO ERROR MATRIX       
  EXT PARAMETER               CURRENT GUESS       STEP         FIRST   
  NO.   NAME      VALUE            ERROR          SIZE      DERIVATIVE 
   1  N0           3.22227e+06   2.83681e+03   4.73436e-01  -3.99171e-06
   2  tau          6.44020e+01   constant   
   3  A0           3.48774e-01   6.01053e-04   5.09077e-08   2.13207e+01
   4  phi          4.13125e+00   1.81031e-03  -2.08827e-08  -1.07549e+01
   5  R           -6.02986e+01   constant   
   6  alpha_CBO    2.11961e-03   6.41652e-03  -1.24276e-05   7.56650e+00
   7  w_CBO        2.32176e+00   4.89347e-03  -8.02015e-06  -3.21991e+01
   8  beta_CBO    -3.40340e-03   4.04792e-03  -1.04974e-06   3.92859e+01
   9  alpha_2CBO   4.53325e-04   2.62009e-03  -5.74382e-06   1.12884e+01
  10  beta_2CBO   -6.70907e-04   1.59884e-03   1.00708e-06  -5.72015e-01
  11  alpha_y     -2.14310e-03   1.53291e-03   4.03994e-06  -8.84625e+00
  12  w_y          1.34719e+00   6.31150e-03   1.46832e-06  -1.73855e+01
  13  beta_y      -7.03582e-04   5.18306e-03  -4.29223e-07  -3.76584e+00
  14  alpha_vw     1.01530e-02   9.47840e-03   9.47840e-03   3.78428e+02
  15  w_vw         4.17815e-02   1.67591e-03  -4.45448e-07  -8.87349e+00
  16  beta_vw     -1.18925e-03   6.35143e-03  -1.53392e-06   1.64594e+00
  17  LM           3.72287e-05   constant   
 CALL LIMIT EXCEEDED IN MIGRAD.
 MIGRAD TERMINATED WITHOUT CONVERGENCE.
 FCN=208.271 FROM MIGRAD    STATUS=CALL LIMIT  25027 CALLS      240561 TOTAL
                     EDM=1.7038e-05    STRATEGY= 1  ERROR MATRIX UNCERTAINTY   2.1 per cent
  EXT PARAMETER                APPROXIMATE        STEP         FIRST   
  NO.   NAME      VALUE            ERROR          SIZE      DERIVATIVE 
   1  N0           3.20015e+06   5.73282e+03   1.97494e+00  -1.60934e-06
   2  tau          6.44020e+01   constant   
   3  A0           3.49766e-01   1.24837e-03   3.95524e-06  -3.83346e+00
   4  phi          4.12684e+00   4.63544e-03  -1.98682e-05   4.22201e-01
   5  R           -6.02986e+01   constant   
   6  alpha_CBO    3.40199e-03   6.13289e-03  -2.24736e-05  -3.94919e+00
   7  w_CBO        2.32297e+00   7.32828e-03  -2.70748e-05  -4.98929e-01
   8  beta_CBO    -2.15665e-03   9.24014e-03  -3.42115e-05   3.02163e+00
   9  alpha_2CBO   8.09564e-04   7.34208e-04  -1.08315e-06  -1.30907e+00
  10  beta_2CBO   -5.11934e-05   4.39750e-03  -1.61941e-05   1.00341e+00
  11  alpha_y      1.63882e-04   2.37421e-02  -1.19504e-04  -1.73927e+00
  12  w_y          1.39281e+00   1.72031e-02   8.73425e-05  -3.63325e+00
  13  beta_y       3.74553e-03   3.04851e-03   1.56755e-05   1.08397e+01
  14  alpha_vw     2.76994e-03   1.75739e-03  -6.01978e-07   7.96505e+00
  15  w_vw         5.97608e-02   3.00423e-03   1.35153e-05  -1.23820e+00
  16  beta_vw      5.07396e-04   3.69574e-03   1.32401e-05   3.05292e-01
  17  LM           3.72287e-05   constant   
 EXTERNAL ERROR MATRIX.    NDIM=  25    NPAR= 14    ERR DEF=1
 ELEMENTS ABOVE DIAGONAL ARE NOT PRINTED.
  3.287e+07 
  7.766e-01  1.558e-06 
  4.729e+00 -1.954e-06  2.149e-05 
  1.769e-01 -2.571e-06  1.300e-05  3.761e-05 
 -7.042e-02 -3.310e-06  1.637e-05  4.475e-05  5.370e-05 
 -3.275e-02 -4.263e-06  2.118e-05  5.632e-05  6.758e-05  8.538e-05 
 -3.502e-02 -1.086e-07  4.347e-07  2.748e-06  3.326e-06  4.205e-06  5.391e-07 
 -1.771e-01 -2.003e-06  9.807e-06  2.662e-05  3.195e-05  4.020e-05  1.986e-06  1.934e-05 
  2.144e+01 -1.733e-05  8.202e-05  8.141e-05  1.017e-04  1.306e-04  3.471e-06  6.114e-05  5.637e-04 
 -1.674e+01  1.206e-05 -6.169e-05 -5.894e-05 -7.366e-05 -9.457e-05 -2.490e-06 -4.425e-05 -4.078e-04  2.959e-04 
 -2.181e+00  2.584e-06 -1.152e-05 -8.826e-06 -1.117e-05 -1.439e-05 -3.532e-07 -6.718e-06 -6.877e-05  4.995e-05  9.293e-06 
  9.346e+00 -3.369e-07  2.813e-06  1.059e-06  1.283e-06  1.670e-06  2.721e-08  7.395e-07  1.623e-05 -1.200e-05 -2.120e-06 
  9.346e+00 -3.369e-07  2.813e-06  1.059e-06  1.283e-06  1.670e-06  2.721e-08  7.395e-07  1.623e-05 -1.200e-05 -2.120e-06  3.088e-06 
  1.120e+01  1.823e-06 -6.314e-06 -4.083e-06 -5.494e-06 -7.191e-06 -2.244e-08 -3.367e-06 -3.884e-05  2.799e-05  5.255e-06 
  1.120e+01  1.823e-06 -6.314e-06 -4.083e-06 -5.494e-06 -7.191e-06 -2.244e-08 -3.367e-06 -3.884e-05  2.799e-05  5.255e-06  2.534e-06  9.025e-06 
  1.666e+01  1.954e-06 -5.466e-06 -3.548e-06 -4.876e-06 -6.382e-06 -7.103e-09 -3.013e-06 -3.496e-05  2.497e-05  4.900e-06 
  1.666e+01  1.954e-06 -5.466e-06 -3.548e-06 -4.876e-06 -6.382e-06 -7.103e-09 -3.013e-06 -3.496e-05  2.497e-05  4.900e-06  4.052e-06  1.064e-05  1.366e-05 
ERR MATRIX APPROXIMATE
 PARAMETER  CORRELATION COEFFICIENTS  
       NO.  GLOBAL      1      3      4      6      7      8      9     10     11     12     13     14     15     16
        1  0.97801   1.000  0.109  0.178  0.005 -0.002 -0.001 -0.008 -0.007  0.158 -0.170 -0.125  0.928  0.650  0.786
        3  0.94148   0.109  1.000 -0.338 -0.336 -0.362 -0.370 -0.118 -0.365 -0.585  0.561  0.679 -0.154  0.486  0.423
        4  0.96555   0.178 -0.338  1.000  0.457  0.482  0.495  0.128  0.481  0.745 -0.774 -0.815  0.345 -0.453 -0.319
        6  0.99693   0.005 -0.336  0.457  1.000  0.996  0.994  0.610  0.987  0.559 -0.559 -0.472  0.098 -0.222 -0.157
        7  0.99883  -0.002 -0.362  0.482  0.996  1.000  0.998  0.618  0.991  0.585 -0.584 -0.500  0.100 -0.250 -0.180
        8  0.99847  -0.001 -0.370  0.495  0.994  0.998  1.000  0.620  0.989  0.595 -0.595 -0.511  0.103 -0.259 -0.187
        9  0.73593  -0.008 -0.118  0.128  0.610  0.618  0.620  1.000  0.615  0.199 -0.197 -0.158  0.021 -0.010 -0.003
       10  0.99155  -0.007 -0.365  0.481  0.987  0.991  0.989  0.615  1.000  0.586 -0.585 -0.501  0.096 -0.255 -0.185
       11  0.99974   0.158 -0.585  0.745  0.559  0.585  0.595  0.199  0.586  1.000 -0.999 -0.950  0.389 -0.544 -0.398
       12  0.99977  -0.170  0.561 -0.774 -0.559 -0.584 -0.595 -0.197 -0.585 -0.999  1.000  0.953 -0.397  0.542  0.393
       13  0.99033  -0.125  0.679 -0.815 -0.472 -0.500 -0.511 -0.158 -0.501 -0.950  0.953  1.000 -0.396  0.574  0.435
       14  0.99329   0.928 -0.154  0.345  0.098  0.100  0.103  0.021  0.096  0.389 -0.397 -0.396  1.000  0.480  0.624
       15  0.98465   0.650  0.486 -0.453 -0.222 -0.250 -0.259 -0.010 -0.255 -0.544  0.542  0.574  0.480  1.000  0.958
       16  0.98935   0.786  0.423 -0.319 -0.157 -0.180 -0.187 -0.003 -0.185 -0.398  0.393  0.435  0.624  0.958  1.000
 ERR MATRIX APPROXIMATE
 FUNCTION MUST BE MINIMIZED BEFORE CALLING MINOs     
 START MIGRAD MINIMIZATION.  STRATEGY  1.  CONVERGENCE WHEN EDM .LT. 1.00e-04
 FCN=208.271 FROM MIGRAD    STATUS=INITIATE       28 CALLS      240589 TOTAL
                     EDM=1.70916e-05    STRATEGY= 1  ERROR MATRIX UNCERTAINTY   2.1 per cent
  EXT PARAMETER                APPROXIMATE        STEP         FIRST   
  NO.   NAME      VALUE            ERROR          SIZE      DERIVATIVE 
   1  N0           3.20015e+06   5.73282e+03   1.97494e+00  -1.60934e-06
   2  tau          6.44020e+01   constant   
   3  A0           3.49766e-01   1.24837e-03   3.95524e-06  -3.83346e+00
   4  phi          4.12684e+00   4.63544e-03  -1.98682e-05   4.22201e-01
   5  R           -6.02986e+01   constant   
   6  alpha_CBO    3.40199e-03   6.13289e-03  -2.24736e-05  -3.94919e+00
   7  w_CBO        2.32297e+00   7.32828e-03  -2.70748e-05  -4.98929e-01
   8  beta_CBO    -2.15665e-03   9.24014e-03  -3.42115e-05   3.02163e+00
   9  alpha_2CBO   8.09564e-04   7.34208e-04  -1.08315e-06  -1.30907e+00
  10  beta_2CBO   -5.11934e-05   4.39750e-03  -1.61941e-05   1.00341e+00
  11  alpha_y      1.63882e-04   2.37421e-02  -1.19504e-04  -1.73927e+00
  12  w_y          1.39281e+00   1.72031e-02   8.73425e-05  -3.63325e+00
  13  beta_y       3.74553e-03   3.04851e-03   1.56755e-05   1.08397e+01
  14  alpha_vw     2.76994e-03   1.75739e-03  -6.01978e-07   7.96505e+00
  15  w_vw         5.97608e-02   3.00423e-03   1.35153e-05  -1.23821e+00
  16  beta_vw      5.07396e-04   3.69574e-03   1.32401e-05   3.05292e-01
  17  LM           3.72287e-05   constant   
 MIGRAD MINIMIZATION HAS CONVERGED.
 MIGRAD WILL VERIFY CONVERGENCE AND ERROR MATRIX.
 COVARIANCE MATRIX CALCULATED SUCCESSFULLY
 FCN=208.271 FROM HESSE     STATUS=OK            148 CALLS      240768 TOTAL
                     EDM=0.00598136    STRATEGY= 1      ERROR MATRIX ACCURATE 
  EXT PARAMETER                                   STEP         FIRST   
  NO.   NAME      VALUE            ERROR          SIZE      DERIVATIVE 
   1  N0           3.20013e+06   2.12255e+04   9.15876e+00  -1.92793e-07
   2  tau          6.44020e+01   constant   
   3  A0           3.49767e-01   1.36872e-03   3.77636e-06   1.32682e+00
   4  phi          4.12683e+00   4.95433e-03   1.16334e-05   1.05585e-01
   5  R           -6.02986e+01   constant   
   6  alpha_CBO    3.36164e-03   1.09782e-02   4.15225e-06   9.42081e-01
   7  w_CBO        2.32292e+00   1.31892e-02   2.56075e-06   1.77516e+00
   8  beta_CBO    -2.22102e-03   1.66505e-02   4.15331e-06  -1.68889e+00
   9  alpha_2CBO   8.07218e-04   1.04275e-03   4.15224e-06   8.69182e-01
  10  beta_2CBO   -8.13563e-05   7.90319e-03   4.15332e-06  -5.60480e-01
  11  alpha_y      6.12117e-05   3.15209e-02   4.14100e-06   1.58892e+00
  12  w_y          1.39288e+00   2.26312e-02   2.95736e-06   1.87049e+00
  13  beta_y       3.75102e-03   2.17914e-03   4.14294e-06   3.56814e+00
  14  alpha_vw     2.76474e-03   1.70213e-02   3.60780e-06   4.78860e+00
  15  w_vw         5.97590e-02   5.77300e-02   4.94524e-06   4.32819e+00
  16  beta_vw      5.01364e-04   5.76369e-02   5.01564e-06  -5.68198e+00
  17  LM           3.72287e-05   constant   
 CALL LIMIT EXCEEDED IN MIGRAD.
 MIGRAD TERMINATED WITHOUT CONVERGENCE.
 FCN=207.901 FROM MIGRAD    STATUS=CALL LIMIT  25017 CALLS      265578 TOTAL
                     EDM=6.48643e-05    STRATEGY= 1  ERROR MATRIX UNCERTAINTY   1.0 per cent
  EXT PARAMETER                APPROXIMATE        STEP         FIRST   
  NO.   NAME      VALUE            ERROR          SIZE      DERIVATIVE 
   1  N0           3.19338e+06   1.50092e+03  -4.31798e+00  -5.81740e-06
   2  tau          6.44020e+01   constant   
   3  A0           3.49866e-01   1.08265e-03   2.25056e-08  -8.09360e-01
   4  phi          4.12635e+00   3.40288e-03  -1.30615e-08   2.34922e+00
   5  R           -6.02986e+01   constant   
   6  alpha_CBO    3.90810e-03   3.15998e-03   2.10917e-05  -7.78669e+00
   7  w_CBO        2.32386e+00   8.22958e-03   5.63645e-05   9.68408e+00
   8  beta_CBO    -9.28005e-04   1.19637e-02   8.13770e-05  -1.93615e+00
   9  alpha_2CBO   6.75876e-04   2.57088e-03  -1.65774e-05  -8.56674e-01
  10  beta_2CBO    4.54959e-04   4.25953e-03   2.79629e-05  -4.33010e+00
  11  alpha_y     -3.43251e-03   9.89384e-04  -2.42732e-07  -4.16385e+00
  12  w_y          1.39575e+00   1.07298e-03  -8.72542e-07   3.86842e+00
  13  beta_y       1.99751e-03   1.15137e-03   2.29315e-06   7.17276e+00
  14  alpha_vw     6.68315e-04   4.95918e-03   4.10544e-05   1.45867e+01
  15  w_vw         1.58446e-01   1.80595e-02   1.45281e-04  -1.50183e+00
  16  beta_vw     -6.78816e-04   4.21396e-03   3.19204e-05  -1.69953e+01
  17  LM           3.72287e-05   constant   
 EXTERNAL ERROR MATRIX.    NDIM=  25    NPAR= 14    ERR DEF=1
 ELEMENTS ABOVE DIAGONAL ARE NOT PRINTED.
  2.253e+06 
  7.289e-01  1.172e-06 
  4.184e-01  3.786e-07  1.158e-05 
 -1.375e+00 -3.422e-08  1.229e-07  9.985e-06 
 -3.812e+00 -1.561e-07  5.717e-07  2.555e-05  6.773e-05 
 -5.547e+00 -2.146e-07  9.536e-07  3.710e-05  9.834e-05  1.431e-04 
  1.221e+00  4.370e-08 -1.553e-07 -7.782e-06 -2.063e-05 -2.995e-05  6.609e-06 
 -1.950e+00 -8.181e-08  2.863e-07  1.311e-05  3.472e-05  5.042e-05 -1.057e-05  1.814e-05 
 -1.758e-01 -3.798e-07  1.451e-06  6.168e-07  1.647e-06  2.384e-06 -4.641e-07  8.588e-07  9.789e-07 
 -7.209e-01 -8.370e-07 -1.177e-06 -1.006e-06 -2.534e-06 -3.693e-06  7.390e-07 -1.310e-06 -2.476e-07  1.151e-06 
  5.099e-01  6.128e-07 -2.309e-06  1.558e-06  3.891e-06  5.622e-06 -1.165e-06  2.024e-06 -2.645e-07 -5.986e-07  1.326e-06 
 -2.423e+00 -6.996e-08  2.717e-07  1.319e-05  3.651e-05  5.314e-05 -1.149e-05  1.844e-05  5.689e-07 -1.046e-06  1.754e-06 
 -2.423e+00 -6.996e-08  2.717e-07  1.319e-05  3.651e-05  5.314e-05 -1.149e-05  1.844e-05  5.689e-07 -1.046e-06  1.754e-06  2.459e-05 
 -9.165e+00 -3.990e-07  1.403e-07  4.865e-05  1.347e-04  1.959e-04 -4.229e-05  6.797e-05  1.964e-06 -3.597e-06  6.590e-06 
 -9.165e+00 -3.990e-07  1.403e-07  4.865e-05  1.347e-04  1.959e-04 -4.229e-05  6.797e-05  1.964e-06 -3.597e-06  6.590e-06  8.915e-05  3.261e-04 
 -2.378e+00 -1.286e-07  2.532e-07  1.151e-05  3.184e-05  4.630e-05 -9.977e-06  1.607e-05  4.901e-07 -8.303e-07  1.470e-06 
 -2.378e+00 -1.286e-07  2.532e-07  1.151e-05  3.184e-05  4.630e-05 -9.977e-06  1.607e-05  4.901e-07 -8.303e-07  1.470e-06  2.066e-05  7.554e-05  1.776e-05 
ERR MATRIX APPROXIMATE
 PARAMETER  CORRELATION COEFFICIENTS  
       NO.  GLOBAL      1      3      4      6      7      8      9     10     11     12     13     14     15     16
        1  0.86863   1.000  0.449  0.082 -0.290 -0.309 -0.309  0.316 -0.305 -0.118 -0.448  0.295 -0.326 -0.338 -0.376
        3  0.94852   0.449  1.000  0.103 -0.010 -0.018 -0.017  0.016 -0.018 -0.355 -0.721  0.492 -0.013 -0.020 -0.028
        4  0.97108   0.082  0.103  1.000  0.011  0.020  0.023 -0.018  0.020  0.431 -0.322 -0.589  0.016  0.002  0.018
        6  0.98860  -0.290 -0.010  0.011  1.000  0.982  0.981 -0.958  0.974  0.197 -0.297  0.428  0.841  0.852  0.864
        7  0.99913  -0.309 -0.018  0.020  0.982  1.000  0.999 -0.975  0.991  0.202 -0.287  0.411  0.895  0.906  0.918
        8  0.99885  -0.309 -0.017  0.023  0.981  0.999  1.000 -0.974  0.989  0.201 -0.288  0.408  0.896  0.907  0.918
        9  0.97825   0.316  0.016 -0.018 -0.958 -0.975 -0.974  1.000 -0.965 -0.182  0.268 -0.394 -0.901 -0.911 -0.921
       10  0.99175  -0.305 -0.018  0.020  0.974  0.991  0.989 -0.965  1.000  0.204 -0.287  0.413  0.873  0.884  0.895
       11  0.86376  -0.118 -0.355  0.431  0.197  0.202  0.201 -0.182  0.204  1.000 -0.233 -0.232  0.116  0.110  0.118
       12  0.94318  -0.448 -0.721 -0.322 -0.297 -0.287 -0.288  0.268 -0.287 -0.233  1.000 -0.485 -0.196 -0.186 -0.184
       13  0.98119   0.295  0.492 -0.589  0.428  0.411  0.408 -0.394  0.413 -0.232 -0.485  1.000  0.307  0.317  0.303
       14  0.99620  -0.326 -0.013  0.016  0.841  0.895  0.896 -0.901  0.873  0.116 -0.196  0.307  1.000  0.995  0.989
       15  0.99722  -0.338 -0.020  0.002  0.852  0.906  0.907 -0.911  0.884  0.110 -0.186  0.317  0.995  1.000  0.993
       16  0.99559  -0.376 -0.028  0.018  0.864  0.918  0.918 -0.921  0.895  0.118 -0.184  0.303  0.989  0.993  1.000
 ERR MATRIX APPROXIMATE
 COVARIANCE MATRIX CALCULATED SUCCESSFULLY
                         POSITIVE MINOS ERROR NOT CALCULATED FOR PARAMETER 1
                         POSITIVE MINOS ERROR NOT CALCULATED FOR PARAMETER 8
                         NEGATIVE MINOS ERROR NOT CALCULATED FOR PARAMETER 8
                         NEGATIVE MINOS ERROR NOT CALCULATED FOR PARAMETER 9
 CALL LIMIT EXCEEDED IN MIGRAD.
                         NEGATIVE MINOS ERROR NOT CALCULATED FOR PARAMETER 10
                         NEGATIVE MINOS ERROR NOT CALCULATED FOR PARAMETER 15
 FCN=207.901 FROM MINOS     STATUS=PROBLEMS   369618 CALLS      635344 TOTAL
                     EDM=0.00265003    STRATEGY= 1      ERROR MATRIX ACCURATE 
  EXT PARAMETER                  PARABOLIC         MINOS ERRORS        
  NO.   NAME      VALUE            ERROR      NEGATIVE      POSITIVE   
   1  N0           3.19338e+06   1.68575e+03  -2.83843e+03              
   2  tau          6.44020e+01   constant   
   3  A0           3.49866e-01   1.34809e-03  -1.68315e-03   2.25507e-03
   4  phi          4.12635e+00   4.77670e-03  -8.96595e-03   6.47180e-03
   5  R           -6.02986e+01   constant   
   6  alpha_CBO    3.90810e-03   7.03521e-03  -8.43113e-03   7.03419e-04
   7  w_CBO        2.32386e+00   2.02574e-02  -1.47049e-02   1.45937e-02
   8  beta_CBO    -9.28005e-04   2.97102e-02                            
   9  alpha_2CBO   6.75876e-04   6.79520e-03                 6.67179e-04
  10  beta_2CBO    4.54959e-04   1.02229e-02                 9.57035e-04
  11  alpha_y     -3.43251e-03   1.41908e-02  -3.92507e-03   9.80873e-03
  12  w_y          1.39575e+00   1.77509e-02  -7.27591e-02   2.67195e-02
  13  beta_y       1.99751e-03   2.20834e-02  -9.40189e-03   1.84545e-03
  14  alpha_vw     6.68315e-04   5.64228e-03  -2.37045e-03   8.64538e-04
  15  w_vw         1.58446e-01   2.23438e-02                 1.73897e-01
  16  beta_vw     -6.78816e-04   5.64018e-03  -9.91623e-04   2.20210e-03
  17  LM           3.72287e-05   constant   
 **********
 **   88 **SHO COR 
 **********
 PARAMETER  CORRELATION COEFFICIENTS  
       NO.  GLOBAL      1      3      4      6      7      8      9     10     11     12     13     14     15     16
        1  0.61629   1.000  0.516 -0.115  0.062  0.060  0.061 -0.059  0.059 -0.244  0.201 -0.212 -0.226 -0.248 -0.260
        3  0.91801   0.516  1.000 -0.279  0.091  0.088  0.089 -0.088  0.088 -0.521  0.453 -0.469  0.005 -0.007 -0.007
        4  0.93872  -0.115 -0.279  1.000 -0.053 -0.051 -0.050  0.051 -0.051  0.655 -0.639  0.599  0.002 -0.004  0.005
        6  0.99648   0.062  0.091 -0.053  1.000  0.996  0.996 -0.993  0.995 -0.179  0.176 -0.179  0.024  0.021  0.023
        7  0.99984   0.060  0.088 -0.051  0.996  1.000  1.000 -0.996  0.998 -0.181  0.179 -0.182  0.024  0.022  0.024
        8  0.99981   0.061  0.089 -0.050  0.996  1.000  1.000 -0.996  0.998 -0.182  0.179 -0.183  0.024  0.022  0.024
        9  0.99625  -0.059 -0.088  0.051 -0.993 -0.996 -0.996  1.000 -0.995  0.181 -0.179  0.182 -0.024 -0.022 -0.024
       10  0.99835   0.059  0.088 -0.051  0.995  0.998  0.998 -0.995  1.000 -0.181  0.179 -0.182  0.024  0.022  0.024
       11  0.99914  -0.244 -0.521  0.655 -0.179 -0.181 -0.182  0.181 -0.181  1.000 -0.996  0.994 -0.019 -0.019 -0.020
       12  0.99975   0.201  0.453 -0.639  0.176  0.179  0.179 -0.179  0.179 -0.996  1.000 -0.998  0.020  0.020  0.022
       13  0.99965  -0.212 -0.469  0.599 -0.179 -0.182 -0.183  0.182 -0.182  0.994 -0.998  1.000 -0.020 -0.020 -0.022
       14  0.99396  -0.226  0.005  0.002  0.024  0.024  0.024 -0.024  0.024 -0.019  0.020 -0.020  1.000  0.994  0.988
       15  0.99742  -0.248 -0.007 -0.004  0.021  0.022  0.022 -0.022  0.022 -0.019  0.020 -0.020  0.994  1.000  0.995
       16  0.99505  -0.260 -0.007  0.005  0.023  0.024  0.024 -0.024  0.024 -0.020  0.022 -0.022  0.988  0.995  1.000
 ELEMENTS ABOVE DIAGONAL ARE NOT PRINTED.
