 + ++++++++++++++++++++++++++++++++++++++++++++++++++++++++++++++++++++ +
 +                                                                      +
 +           You have chose to blind your fitting according to          +
 +                omega_ref * (1 + (R +/- deltaR) *10^{-6})             +
 +                                                                      +
 + ++++++++++++++++++++++++++++++++++++++++++++++++++++++++++++++++++++ +
In main()...
reading format from /gm2data/zkhechad/run45/envelope/formats/formatB_sBin_constraintOn.txt
pBinTau 	= 0  
pBinPhi 	= 0  
constraintau 	= 1 
includeMopTerm 	= 0    
constrainMop    = 0   
Parameters after format file: pBinTau 0 pBinPhi 0 constraintau 1 includeMopTerm 0 constrainMop 0 c_e_scale 0.000000 
Opening file /gm2data/tbarrett/gm2fr/studies/run23_bunch_corrections/CorrectedFourier_Run3b.root.
reading full fit data from /gm2data/zkhechad/cboTemplates/Run4CBOTemplates/fullFits/noRF/sBin_constraintOn_cE0.0_seed0_noRF_calo21.root
deltaT 5.285610
windowBins = 240
fitting sliding window 40 from bin 243 at 36.255600 to bin 483 at 72.063600 (240 bins)

Reading data from /gm2data/cornell/histograms/aMethod/histogram_a_noRF.root
 **********
 **    1 **SET PRINTOUT            1
 **********
 **********
 **    2 **SET NOWARNINGS 
 **********
 PARAMETER DEFINITIONS:
    NO.   NAME         VALUE      STEP SIZE      LIMITS
     1 N0           2.83602e+06  1.00000e+02     no limits
     2 tau          6.44046e+01  constant
     3 A0           3.54104e-01  1.00000e-04     no limits
     4 phi          4.11637e+00  1.00000e-02     no limits
     5 R           -5.93751e+01  constant
     6 alpha_CBO    0.00000e+00  1.00000e-03     no limits
     7 w_CBO        2.32628e+00  constant
     8 beta_CBO     0.00000e+00  1.00000e-03     no limits
     9 alpha_2CBO   0.00000e+00  1.00000e-03     no limits
    10 beta_2CBO    0.00000e+00  1.00000e-03     no limits
    11 alpha_y      0.00000e+00  1.00000e-03     no limits
    12 w_y          1.44500e+01  constant
    13 beta_y       0.00000e+00  1.00000e-03     no limits
    14 alpha_vw     0.00000e+00  1.00000e-03     no limits
    15 w_vw         1.29000e+01  constant
    16 beta_vw      0.00000e+00  1.00000e-03     no limits
    17 LM           3.34933e-05  constant
MINUIT - FIT ONLY WIGGLE
 **********
 **    3 **FIX            5
 **********
 PARAMETER    5  IS CONSTANT.   IGNORED.
 **********
 **    4 **FIX            6
 **********
 **********
 **    5 **FIX            7
 **********
 PARAMETER    7  IS CONSTANT.   IGNORED.
 **********
 **    6 **FIX            8
 **********
 **********
 **    7 **FIX            9
 **********
 **********
 **    8 **FIX           10
 **********
 **********
 **    9 **FIX           11
 **********
 **********
 **   10 **FIX           12
 **********
 PARAMETER   12  IS CONSTANT.   IGNORED.
 **********
 **   11 **FIX           13
 **********
 **********
 **   12 **FIX           14
 **********
 **********
 **   13 **FIX           15
 **********
 PARAMETER   15  IS CONSTANT.   IGNORED.
 **********
 **   14 **FIX           16
 **********
 **********
 **   15 **MIGRAD
 **********
 FIRST CALL TO USER FUNCTION AT NEW START POINT, WITH IFLAG=4.
 START MIGRAD MINIMIZATION.  STRATEGY  1.  CONVERGENCE WHEN EDM .LT. 1.00e-04
 FCN=36662 FROM MIGRAD    STATUS=INITIATE       10 CALLS          11 TOTAL
                     EDM= unknown      STRATEGY= 1      NO ERROR MATRIX       
  EXT PARAMETER               CURRENT GUESS       STEP         FIRST   
  NO.   NAME      VALUE            ERROR          SIZE      DERIVATIVE 
   1  N0           2.83602e+06   1.00000e+02   1.00000e+02   5.60454e-03
   2  tau          6.44046e+01   constant   
   3  A0           3.54104e-01   1.00000e-04   1.00000e-04   2.70388e+05
   4  phi          4.11637e+00   1.00000e-02   1.00000e-02   3.87769e+04
   5  R           -5.93751e+01   constant   
   6  alpha_CBO    0.00000e+00     fixed    
   7  w_CBO        2.32628e+00   constant   
   8  beta_CBO     0.00000e+00     fixed    
   9  alpha_2CBO   0.00000e+00     fixed    
  10  beta_2CBO    0.00000e+00     fixed    
  11  alpha_y      0.00000e+00     fixed    
  12  w_y          1.44500e+01   constant   
  13  beta_y       0.00000e+00     fixed    
  14  alpha_vw     0.00000e+00     fixed    
  15  w_vw         1.29000e+01   constant   
  16  beta_vw      0.00000e+00     fixed    
  17  LM           3.34933e-05   constant   
 MIGRAD MINIMIZATION HAS CONVERGED.
 MIGRAD WILL VERIFY CONVERGENCE AND ERROR MATRIX.
 COVARIANCE MATRIX CALCULATED SUCCESSFULLY
 FCN=36617.7 FROM MIGRAD    STATUS=CONVERGED      47 CALLS          48 TOTAL
                     EDM=1.59928e-09    STRATEGY= 1      ERROR MATRIX ACCURATE 
  EXT PARAMETER                                   STEP         FIRST   
  NO.   NAME      VALUE            ERROR          SIZE      DERIVATIVE 
   1  N0           2.83595e+06   9.72643e+01   9.06446e+00   4.90444e-08
   2  tau          6.44046e+01   constant   
   3  A0           3.53826e-01   4.53686e-05   4.23103e-06  -4.36250e-01
   4  phi          4.11603e+00   1.32468e-04   1.23698e-05   3.96881e-01
   5  R           -5.93751e+01   constant   
   6  alpha_CBO    0.00000e+00     fixed    
   7  w_CBO        2.32628e+00   constant   
   8  beta_CBO     0.00000e+00     fixed    
   9  alpha_2CBO   0.00000e+00     fixed    
  10  beta_2CBO    0.00000e+00     fixed    
  11  alpha_y      0.00000e+00     fixed    
  12  w_y          1.44500e+01   constant   
  13  beta_y       0.00000e+00     fixed    
  14  alpha_vw     0.00000e+00     fixed    
  15  w_vw         1.29000e+01   constant   
  16  beta_vw      0.00000e+00     fixed    
  17  LM           3.34933e-05   constant   
 EXTERNAL ERROR MATRIX.    NDIM=  25    NPAR=  3    ERR DEF=1
  9.460e+03  2.698e-04  4.383e-04 
  2.698e-04  2.058e-09 -4.195e-11 
  4.383e-04 -4.195e-11  1.755e-08 
 PARAMETER  CORRELATION COEFFICIENTS  
       NO.  GLOBAL      1      3      4
        1  0.07018   1.000  0.061  0.034
        3  0.06182   0.061  1.000 -0.007
        4  0.03521   0.034 -0.007  1.000
MINUIT - FIT ONLY 1-CBO + wiggle
 **********
 **   16 **RES 
 **********
                   PARAMETER   16  beta_vw RESTORED TO VARIABLE.
                   PARAMETER   14  alpha_vw RESTORED TO VARIABLE.
                   PARAMETER   13  beta_y RESTORED TO VARIABLE.
                   PARAMETER   11  alpha_y RESTORED TO VARIABLE.
                   PARAMETER   10  beta_2CBO RESTORED TO VARIABLE.
                   PARAMETER    9  alpha_2CBO RESTORED TO VARIABLE.
                   PARAMETER    8  beta_CBO RESTORED TO VARIABLE.
                   PARAMETER    6  alpha_CBO RESTORED TO VARIABLE.
 **********
 **   17 **FIX            8
 **********
 **********
 **   18 **FIX            9
 **********
 **********
 **   19 **FIX           11
 **********
 **********
 **   20 **FIX           12
 **********
 PARAMETER   12  IS CONSTANT.   IGNORED.
 **********
 **   21 **FIX           14
 **********
 **********
 **   22 **FIX           15
 **********
 PARAMETER   15  IS CONSTANT.   IGNORED.
 **********
 **   23 **FIX           16
 **********
 **********
 **   24 **MIGRAD
 **********
 START MIGRAD MINIMIZATION.  STRATEGY  1.  CONVERGENCE WHEN EDM .LT. 1.00e-04
 FCN=36617.7 FROM MIGRAD    STATUS=INITIATE       18 CALLS          66 TOTAL
                     EDM= unknown      STRATEGY= 1      NO ERROR MATRIX       
  EXT PARAMETER               CURRENT GUESS       STEP         FIRST   
  NO.   NAME      VALUE            ERROR          SIZE      DERIVATIVE 
   1  N0           2.83595e+06   9.72643e+01   9.06446e+00   4.90573e-08
   2  tau          6.44046e+01   constant   
   3  A0           3.53826e-01   4.53686e-05   4.23103e-06  -4.36336e-01
   4  phi          4.11603e+00   1.32468e-04   1.23698e-05   3.96785e-01
   5  R           -5.93751e+01   constant   
   6  alpha_CBO    0.00000e+00   1.00000e-03   1.00000e-03   7.20394e+06
   7  w_CBO        2.32628e+00   constant   
   8  beta_CBO     0.00000e+00     fixed    
   9  alpha_2CBO   0.00000e+00     fixed    
  10  beta_2CBO    0.00000e+00   1.00000e-03   1.00000e-03  -2.67931e+05
  11  alpha_y      0.00000e+00     fixed    
  12  w_y          1.44500e+01   constant   
  13  beta_y       0.00000e+00   1.00000e-03   1.00000e-03   4.99563e+05
  14  alpha_vw     0.00000e+00     fixed    
  15  w_vw         1.29000e+01   constant   
  16  beta_vw      0.00000e+00     fixed    
  17  LM           3.34933e-05   constant   
 MIGRAD MINIMIZATION HAS CONVERGED.
 MIGRAD WILL VERIFY CONVERGENCE AND ERROR MATRIX.
 COVARIANCE MATRIX CALCULATED SUCCESSFULLY
 FCN=6354.46 FROM MIGRAD    STATUS=CONVERGED     110 CALLS         158 TOTAL
                     EDM=2.81739e-07    STRATEGY= 1      ERROR MATRIX ACCURATE 
  EXT PARAMETER                                   STEP         FIRST   
  NO.   NAME      VALUE            ERROR          SIZE      DERIVATIVE 
   1  N0           2.83580e+06   9.72707e+01   3.77602e+00  -3.00565e-06
   2  tau          6.44046e+01   constant   
   3  A0           3.53975e-01   4.53869e-05   1.76295e-06  -1.43444e+01
   4  phi          4.11652e+00   1.32404e-04   5.14948e-06  -1.05271e+00
   5  R           -5.93751e+01   constant   
   6  alpha_CBO   -8.34868e-03   4.81443e-05   1.87299e-06  -1.98040e+00
   7  w_CBO        2.32628e+00   constant   
   8  beta_CBO     0.00000e+00     fixed    
   9  alpha_2CBO   0.00000e+00     fixed    
  10  beta_2CBO    2.87060e-04   4.83742e-05   1.88295e-06   3.54767e-01
  11  alpha_y      0.00000e+00     fixed    
  12  w_y          1.44500e+01   constant   
  13  beta_y      -6.20811e-04   4.83117e-05   1.88050e-06   1.07905e+00
  14  alpha_vw     0.00000e+00     fixed    
  15  w_vw         1.29000e+01   constant   
  16  beta_vw      0.00000e+00     fixed    
  17  LM           3.34933e-05   constant   
 EXTERNAL ERROR MATRIX.    NDIM=  25    NPAR=  6    ERR DEF=1
  9.462e+03  2.692e-04  4.345e-04  6.905e-05 -3.066e-06 -2.396e-05 
  2.692e-04  2.060e-09 -3.898e-11 -4.260e-11 -1.845e-11  6.553e-12 
  4.345e-04 -3.898e-11  1.753e-08 -1.380e-10  7.437e-12  3.900e-11 
  6.905e-05 -4.260e-11 -1.380e-10  2.318e-09  7.011e-12  1.063e-11 
 -3.066e-06 -1.845e-11  7.437e-12  7.011e-12  2.340e-09  4.509e-12 
 -2.396e-05  6.553e-12  3.900e-11  1.063e-11  4.509e-12  2.334e-09 
 PARAMETER  CORRELATION COEFFICIENTS  
       NO.  GLOBAL      1      3      4      6     10     13
        1  0.07205   1.000  0.061  0.034  0.015 -0.001 -0.005
        3  0.06553   0.061  1.000 -0.006 -0.019 -0.008  0.003
        4  0.04186   0.034 -0.006  1.000 -0.022  0.001  0.006
        6  0.03414   0.015 -0.019 -0.022  1.000  0.003  0.005
       10  0.00916  -0.001 -0.008  0.001  0.003  1.000  0.002
       13  0.01020  -0.005  0.003  0.006  0.005  0.002  1.000
MINUIT - FIT ONLY 2-CBO
 **********
 **   25 **RES 
 **********
                   PARAMETER   16  beta_vw RESTORED TO VARIABLE.
                   PARAMETER   14  alpha_vw RESTORED TO VARIABLE.
                   PARAMETER   11  alpha_y RESTORED TO VARIABLE.
                   PARAMETER    9  alpha_2CBO RESTORED TO VARIABLE.
                   PARAMETER    8  beta_CBO RESTORED TO VARIABLE.
 **********
 **   26 **FIX            0
 **********
 PARAMETER    0  IS UNDEFINED. IGNORED.
 **********
 **   27 **FIX            1
 **********
 **********
 **   28 **FIX            2
 **********
 PARAMETER    2  IS CONSTANT.   IGNORED.
 **********
 **   29 **FIX            3
 **********
 **********
 **   30 **FIX            4
 **********
 **********
 **   31 **FIX            5
 **********
 PARAMETER    5  IS CONSTANT.   IGNORED.
 **********
 **   32 **FIX            6
 **********
 **********
 **   33 **FIX            7
 **********
 PARAMETER    7  IS CONSTANT.   IGNORED.
 **********
 **   34 **FIX           10
 **********
 **********
 **   35 **FIX           11
 **********
 **********
 **   36 **FIX           12
 **********
 PARAMETER   12  IS CONSTANT.   IGNORED.
 **********
 **   37 **FIX           13
 **********
 **********
 **   38 **FIX           14
 **********
 **********
 **   39 **FIX           15
 **********
 PARAMETER   15  IS CONSTANT.   IGNORED.
 **********
 **   40 **FIX           16
 **********
 **********
 **   41 **MIGRAD
 **********
 START MIGRAD MINIMIZATION.  STRATEGY  1.  CONVERGENCE WHEN EDM .LT. 1.00e-04
 FCN=6354.46 FROM MIGRAD    STATUS=INITIATE        8 CALLS         166 TOTAL
                     EDM= unknown      STRATEGY= 1      NO ERROR MATRIX       
  EXT PARAMETER               CURRENT GUESS       STEP         FIRST   
  NO.   NAME      VALUE            ERROR          SIZE      DERIVATIVE 
   1  N0           2.83580e+06     fixed    
   2  tau          6.44046e+01   constant   
   3  A0           3.53975e-01     fixed    
   4  phi          4.11652e+00     fixed    
   5  R           -5.93751e+01   constant   
   6  alpha_CBO   -8.34868e-03     fixed    
   7  w_CBO        2.32628e+00   constant   
   8  beta_CBO     0.00000e+00   1.00000e-03   1.00000e-03  -1.81222e+06
   9  alpha_2CBO   0.00000e+00   1.00000e-03   1.00000e-03  -1.76589e+04
  10  beta_2CBO    2.87060e-04     fixed    
  11  alpha_y      0.00000e+00     fixed    
  12  w_y          1.44500e+01   constant   
  13  beta_y      -6.20811e-04     fixed    
  14  alpha_vw     0.00000e+00     fixed    
  15  w_vw         1.29000e+01   constant   
  16  beta_vw      0.00000e+00     fixed    
  17  LM           3.34933e-05   constant   
 MIGRAD MINIMIZATION HAS CONVERGED.
 MIGRAD WILL VERIFY CONVERGENCE AND ERROR MATRIX.
 COVARIANCE MATRIX CALCULATED SUCCESSFULLY
 FCN=4410.22 FROM MIGRAD    STATUS=CONVERGED      28 CALLS         186 TOTAL
                     EDM=1.16358e-09    STRATEGY= 1      ERROR MATRIX ACCURATE 
  EXT PARAMETER                                   STEP         FIRST   
  NO.   NAME      VALUE            ERROR          SIZE      DERIVATIVE 
   1  N0           2.83580e+06     fixed    
   2  tau          6.44046e+01   constant   
   3  A0           3.53975e-01     fixed    
   4  phi          4.11652e+00     fixed    
   5  R           -5.93751e+01   constant   
   6  alpha_CBO   -8.34868e-03     fixed    
   7  w_CBO        2.32628e+00   constant   
   8  beta_CBO     2.14559e-03   4.86623e-05   1.57811e-06  -9.54671e-03
   9  alpha_2CBO   1.12839e-05   4.84018e-05   1.56966e-06   9.96585e-01
  10  beta_2CBO    2.87060e-04     fixed    
  11  alpha_y      0.00000e+00     fixed    
  12  w_y          1.44500e+01   constant   
  13  beta_y      -6.20811e-04     fixed    
  14  alpha_vw     0.00000e+00     fixed    
  15  w_vw         1.29000e+01   constant   
  16  beta_vw      0.00000e+00     fixed    
  17  LM           3.34933e-05   constant   
 EXTERNAL ERROR MATRIX.    NDIM=  25    NPAR=  2    ERR DEF=1
  2.368e-09 -1.038e-11 
 -1.038e-11  2.343e-09 
 PARAMETER  CORRELATION COEFFICIENTS  
       NO.  GLOBAL      8      9
        8  0.00441   1.000 -0.004
        9  0.00441  -0.004  1.000
MINUIT - FIT wiggle + 1-CBO + 2-CBO
 **********
 **   42 **RES 
 **********
                   PARAMETER   16  beta_vw RESTORED TO VARIABLE.
                   PARAMETER   14  alpha_vw RESTORED TO VARIABLE.
                   PARAMETER   13  beta_y RESTORED TO VARIABLE.
                   PARAMETER   11  alpha_y RESTORED TO VARIABLE.
                   PARAMETER   10  beta_2CBO RESTORED TO VARIABLE.
                   PARAMETER    6  alpha_CBO RESTORED TO VARIABLE.
                   PARAMETER    4  phi RESTORED TO VARIABLE.
                   PARAMETER    3  A0 RESTORED TO VARIABLE.
                   PARAMETER    1  N0 RESTORED TO VARIABLE.
 **********
 **   43 **FIX           10
 **********
 **********
 **   44 **FIX           11
 **********
 **********
 **   45 **FIX           12
 **********
 PARAMETER   12  IS CONSTANT.   IGNORED.
 **********
 **   46 **FIX           13
 **********
 **********
 **   47 **FIX           14
 **********
 **********
 **   48 **FIX           15
 **********
 PARAMETER   15  IS CONSTANT.   IGNORED.
 **********
 **   49 **FIX           16
 **********
 **********
 **   50 **MIGRAD
 **********
 START MIGRAD MINIMIZATION.  STRATEGY  1.  CONVERGENCE WHEN EDM .LT. 1.00e-04
 FCN=4410.22 FROM MIGRAD    STATUS=INITIATE       12 CALLS         198 TOTAL
                     EDM= unknown      STRATEGY= 1      NO ERROR MATRIX       
  EXT PARAMETER               CURRENT GUESS       STEP         FIRST   
  NO.   NAME      VALUE            ERROR          SIZE      DERIVATIVE 
   1  N0           2.83580e+06   9.72707e+01   9.72707e+01  -4.62017e-03
   2  tau          6.44046e+01   constant   
   3  A0           3.53975e-01   4.53869e-05   4.53869e-05   1.50408e+04
   4  phi          4.11652e+00   1.32404e-04   1.32404e-04   9.17607e+03
   5  R           -5.93751e+01   constant   
   6  alpha_CBO   -8.34868e-03   4.81443e-05   4.81443e-05  -1.32974e+02
   7  w_CBO        2.32628e+00   constant   
   8  beta_CBO     2.14559e-03   4.86623e-05   1.57811e-06  -9.59570e-03
   9  alpha_2CBO   1.12839e-05   4.84018e-05   1.56966e-06   9.96613e-01
  10  beta_2CBO    2.87060e-04     fixed    
  11  alpha_y      0.00000e+00     fixed    
  12  w_y          1.44500e+01   constant   
  13  beta_y      -6.20811e-04     fixed    
  14  alpha_vw     0.00000e+00     fixed    
  15  w_vw         1.29000e+01   constant   
  16  beta_vw      0.00000e+00     fixed    
  17  LM           3.34933e-05   constant   
 MIGRAD MINIMIZATION HAS CONVERGED.
 MIGRAD WILL VERIFY CONVERGENCE AND ERROR MATRIX.
 COVARIANCE MATRIX CALCULATED SUCCESSFULLY
 FCN=4409.7 FROM MIGRAD    STATUS=CONVERGED      78 CALLS         264 TOTAL
                     EDM=3.85404e-06    STRATEGY= 1      ERROR MATRIX ACCURATE 
  EXT PARAMETER                                   STEP         FIRST   
  NO.   NAME      VALUE            ERROR          SIZE      DERIVATIVE 
   1  N0           2.83582e+06   9.72805e+01   3.14570e+00   1.42403e-05
   2  tau          6.44046e+01   constant   
   3  A0           3.53960e-01   4.53888e-05   1.46869e-06   4.40832e+01
   4  phi          4.11644e+00   1.32447e-04   4.28998e-06  -4.57694e+00
   5  R           -5.93751e+01   constant   
   6  alpha_CBO   -8.34740e-03   4.81465e-05   1.56031e-06   1.49148e+01
   7  w_CBO        2.32628e+00   constant   
   8  beta_CBO     2.14614e-03   4.86683e-05   1.57801e-06  -9.21696e+00
   9  alpha_2CBO   1.03648e-05   4.84235e-05   1.56956e-06  -1.30772e+01
  10  beta_2CBO    2.87060e-04     fixed    
  11  alpha_y      0.00000e+00     fixed    
  12  w_y          1.44500e+01   constant   
  13  beta_y      -6.20811e-04     fixed    
  14  alpha_vw     0.00000e+00     fixed    
  15  w_vw         1.29000e+01   constant   
  16  beta_vw      0.00000e+00     fixed    
  17  LM           3.34933e-05   constant   
 EXTERNAL ERROR MATRIX.    NDIM=  25    NPAR=  6    ERR DEF=1
  9.464e+03  2.686e-04  4.302e-04  6.837e-05  1.324e-05 -6.896e-05 
  2.686e-04  2.060e-09 -3.805e-11 -4.243e-11 -1.641e-11  1.634e-11 
  4.302e-04 -3.805e-11  1.754e-08 -1.366e-10 -8.889e-11  1.356e-10 
  6.837e-05 -4.243e-11 -1.366e-10  2.318e-09  1.062e-12  2.741e-11 
  1.324e-05 -1.641e-11 -8.889e-11  1.062e-12  2.369e-09 -1.134e-11 
 -6.896e-05  1.634e-11  1.356e-10  2.741e-11 -1.134e-11  2.345e-09 
 PARAMETER  CORRELATION COEFFICIENTS  
       NO.  GLOBAL      1      3      4      6      8      9
        1  0.07337   1.000  0.061  0.033  0.015  0.003 -0.015
        3  0.06577   0.061  1.000 -0.006 -0.019 -0.007  0.007
        4  0.04845   0.033 -0.006  1.000 -0.021 -0.014  0.021
        6  0.03570   0.015 -0.019 -0.021  1.000  0.000  0.012
        8  0.01673   0.003 -0.007 -0.014  0.000  1.000 -0.005
        9  0.03056  -0.015  0.007  0.021  0.012 -0.005  1.000
MINUIT - FIT ONLY 1-y
 **********
 **   51 **RES 
 **********
                   PARAMETER   16  beta_vw RESTORED TO VARIABLE.
                   PARAMETER   14  alpha_vw RESTORED TO VARIABLE.
                   PARAMETER   13  beta_y RESTORED TO VARIABLE.
                   PARAMETER   11  alpha_y RESTORED TO VARIABLE.
                   PARAMETER   10  beta_2CBO RESTORED TO VARIABLE.
 **********
 **   52 **FIX            0
 **********
 PARAMETER    0  IS UNDEFINED. IGNORED.
 **********
 **   53 **FIX            1
 **********
 **********
 **   54 **FIX            2
 **********
 PARAMETER    2  IS CONSTANT.   IGNORED.
 **********
 **   55 **FIX            3
 **********
 **********
 **   56 **FIX            4
 **********
 **********
 **   57 **FIX            5
 **********
 PARAMETER    5  IS CONSTANT.   IGNORED.
 **********
 **   58 **FIX            6
 **********
 **********
 **   59 **FIX            7
 **********
 PARAMETER    7  IS CONSTANT.   IGNORED.
 **********
 **   60 **FIX            8
 **********
 **********
 **   61 **FIX            9
 **********
 **********
 **   62 **FIX           13
 **********
 **********
 **   63 **FIX           14
 **********
 **********
 **   64 **FIX           15
 **********
 PARAMETER   15  IS CONSTANT.   IGNORED.
 **********
 **   65 **FIX           16
 **********
 **********
 **   66 **MIGRAD
 **********
 START MIGRAD MINIMIZATION.  STRATEGY  1.  CONVERGENCE WHEN EDM .LT. 1.00e-04
 FCN=4409.7 FROM MIGRAD    STATUS=INITIATE        6 CALLS         270 TOTAL
                     EDM= unknown      STRATEGY= 1      NO ERROR MATRIX       
  EXT PARAMETER               CURRENT GUESS       STEP         FIRST   
  NO.   NAME      VALUE            ERROR          SIZE      DERIVATIVE 
   1  N0           2.83582e+06     fixed    
   2  tau          6.44046e+01   constant   
   3  A0           3.53960e-01     fixed    
   4  phi          4.11644e+00     fixed    
   5  R           -5.93751e+01   constant   
   6  alpha_CBO   -8.34740e-03     fixed    
   7  w_CBO        2.32628e+00   constant   
   8  beta_CBO     2.14614e-03     fixed    
   9  alpha_2CBO   1.03648e-05     fixed    
  10  beta_2CBO    2.87060e-04   4.83742e-05   4.83742e-05  -5.01749e+03
  11  alpha_y      0.00000e+00   1.00000e-03   1.00000e-03   4.22768e+05
  12  w_y          1.44500e+01   constant   
  13  beta_y      -6.20811e-04     fixed    
  14  alpha_vw     0.00000e+00     fixed    
  15  w_vw         1.29000e+01   constant   
  16  beta_vw      0.00000e+00     fixed    
  17  LM           3.34933e-05   constant   
 MIGRAD MINIMIZATION HAS CONVERGED.
 MIGRAD WILL VERIFY CONVERGENCE AND ERROR MATRIX.
 COVARIANCE MATRIX CALCULATED SUCCESSFULLY
 FCN=4304.76 FROM MIGRAD    STATUS=CONVERGED      26 CALLS         290 TOTAL
                     EDM=2.35929e-11    STRATEGY= 1      ERROR MATRIX ACCURATE 
  EXT PARAMETER                                   STEP         FIRST   
  NO.   NAME      VALUE            ERROR          SIZE      DERIVATIVE 
   1  N0           2.83582e+06     fixed    
   2  tau          6.44046e+01   constant   
   3  A0           3.53960e-01     fixed    
   4  phi          4.11644e+00     fixed    
   5  R           -5.93751e+01   constant   
   6  alpha_CBO   -8.34740e-03     fixed    
   7  w_CBO        2.32628e+00   constant   
   8  beta_CBO     2.14614e-03     fixed    
   9  alpha_2CBO   1.03648e-05     fixed    
  10  beta_2CBO    2.95002e-04   4.83722e-05   1.54984e-06   1.41995e-01
  11  alpha_y     -4.96365e-04   4.84567e-05   1.55255e-06   2.48968e-03
  12  w_y          1.44500e+01   constant   
  13  beta_y      -6.20811e-04     fixed    
  14  alpha_vw     0.00000e+00     fixed    
  15  w_vw         1.29000e+01   constant   
  16  beta_vw      0.00000e+00     fixed    
  17  LM           3.34933e-05   constant   
 EXTERNAL ERROR MATRIX.    NDIM=  25    NPAR=  2    ERR DEF=1
  2.340e-09 -9.804e-12 
 -9.804e-12  2.348e-09 
 PARAMETER  CORRELATION COEFFICIENTS  
       NO.  GLOBAL     10     11
       10  0.00418   1.000 -0.004
       11  0.00418  -0.004  1.000
MINUIT - FIT ONLY 2-y
 **********
 **   67 **RES 
 **********
                   PARAMETER   16  beta_vw RESTORED TO VARIABLE.
                   PARAMETER   14  alpha_vw RESTORED TO VARIABLE.
                   PARAMETER   13  beta_y RESTORED TO VARIABLE.
                   PARAMETER    9  alpha_2CBO RESTORED TO VARIABLE.
                   PARAMETER    8  beta_CBO RESTORED TO VARIABLE.
                   PARAMETER    6  alpha_CBO RESTORED TO VARIABLE.
                   PARAMETER    4  phi RESTORED TO VARIABLE.
                   PARAMETER    3  A0 RESTORED TO VARIABLE.
                   PARAMETER    1  N0 RESTORED TO VARIABLE.
 **********
 **   68 **FIX            0
 **********
 PARAMETER    0  IS UNDEFINED. IGNORED.
 **********
 **   69 **FIX            1
 **********
 **********
 **   70 **FIX            2
 **********
 PARAMETER    2  IS CONSTANT.   IGNORED.
 **********
 **   71 **FIX            3
 **********
 **********
 **   72 **FIX            4
 **********
 **********
 **   73 **FIX            5
 **********
 PARAMETER    5  IS CONSTANT.   IGNORED.
 **********
 **   74 **FIX            6
 **********
 **********
 **   75 **FIX            7
 **********
 PARAMETER    7  IS CONSTANT.   IGNORED.
 **********
 **   76 **FIX            8
 **********
 **********
 **   77 **FIX            9
 **********
 **********
 **   78 **FIX           10
 **********
 **********
 **   79 **FIX           11
 **********
 **********
 **   80 **FIX           12
 **********
 PARAMETER   12  IS CONSTANT.   IGNORED.
 **********
 **   81 **FIX           16
 **********
 **********
 **   82 **MIGRAD
 **********
 START MIGRAD MINIMIZATION.  STRATEGY  1.  CONVERGENCE WHEN EDM .LT. 1.00e-04
 FCN=4304.76 FROM MIGRAD    STATUS=INITIATE        6 CALLS         296 TOTAL
                     EDM= unknown      STRATEGY= 1      NO ERROR MATRIX       
  EXT PARAMETER               CURRENT GUESS       STEP         FIRST   
  NO.   NAME      VALUE            ERROR          SIZE      DERIVATIVE 
   1  N0           2.83582e+06     fixed    
   2  tau          6.44046e+01   constant   
   3  A0           3.53960e-01     fixed    
   4  phi          4.11644e+00     fixed    
   5  R           -5.93751e+01   constant   
   6  alpha_CBO   -8.34740e-03     fixed    
   7  w_CBO        2.32628e+00   constant   
   8  beta_CBO     2.14614e-03     fixed    
   9  alpha_2CBO   1.03648e-05     fixed    
  10  beta_2CBO    2.95002e-04     fixed    
  11  alpha_y     -4.96365e-04     fixed    
  12  w_y          1.44500e+01   constant   
  13  beta_y      -6.20811e-04   4.83117e-05   4.83117e-05   1.97114e+03
  14  alpha_vw     0.00000e+00   1.00000e-03   1.00000e-03   7.32074e+04
  15  w_vw         1.29000e+01   constant   
  16  beta_vw      0.00000e+00     fixed    
  17  LM           3.34933e-05   constant   
 MIGRAD MINIMIZATION HAS CONVERGED.
 MIGRAD WILL VERIFY CONVERGENCE AND ERROR MATRIX.
 COVARIANCE MATRIX CALCULATED SUCCESSFULLY
 FCN=4301.62 FROM MIGRAD    STATUS=CONVERGED      26 CALLS         316 TOTAL
                     EDM=1.50611e-11    STRATEGY= 1      ERROR MATRIX ACCURATE 
  EXT PARAMETER                                   STEP         FIRST   
  NO.   NAME      VALUE            ERROR          SIZE      DERIVATIVE 
   1  N0           2.83582e+06     fixed    
   2  tau          6.44046e+01   constant   
   3  A0           3.53960e-01     fixed    
   4  phi          4.11644e+00     fixed    
   5  R           -5.93751e+01   constant   
   6  alpha_CBO   -8.34740e-03     fixed    
   7  w_CBO        2.32628e+00   constant   
   8  beta_CBO     2.14614e-03     fixed    
   9  alpha_2CBO   1.03648e-05     fixed    
  10  beta_2CBO    2.95002e-04     fixed    
  11  alpha_y     -4.96365e-04     fixed    
  12  w_y          1.44500e+01   constant   
  13  beta_y      -6.23598e-04   4.83100e-05   1.54727e-06  -1.13583e-01
  14  alpha_vw    -8.57540e-05   4.83985e-05   1.55010e-06   3.07154e-03
  15  w_vw         1.29000e+01   constant   
  16  beta_vw      0.00000e+00     fixed    
  17  LM           3.34933e-05   constant   
 EXTERNAL ERROR MATRIX.    NDIM=  25    NPAR=  2    ERR DEF=1
  2.334e-09  1.328e-11 
  1.328e-11  2.342e-09 
 PARAMETER  CORRELATION COEFFICIENTS  
       NO.  GLOBAL     13     14
       13  0.00568   1.000  0.006
       14  0.00568   0.006  1.000
MINUIT - FIT ALTOGETHER
 **********
 **   83 **RES 
 **********
                   PARAMETER   16  beta_vw RESTORED TO VARIABLE.
                   PARAMETER   11  alpha_y RESTORED TO VARIABLE.
                   PARAMETER   10  beta_2CBO RESTORED TO VARIABLE.
                   PARAMETER    9  alpha_2CBO RESTORED TO VARIABLE.
                   PARAMETER    8  beta_CBO RESTORED TO VARIABLE.
                   PARAMETER    6  alpha_CBO RESTORED TO VARIABLE.
                   PARAMETER    4  phi RESTORED TO VARIABLE.
                   PARAMETER    3  A0 RESTORED TO VARIABLE.
                   PARAMETER    1  N0 RESTORED TO VARIABLE.
 **********
 **   84 **MIGRAD
 **********
 START MIGRAD MINIMIZATION.  STRATEGY  1.  CONVERGENCE WHEN EDM .LT. 1.00e-04
 FCN=4301.62 FROM MIGRAD    STATUS=INITIATE       24 CALLS         340 TOTAL
                     EDM= unknown      STRATEGY= 1      NO ERROR MATRIX       
  EXT PARAMETER               CURRENT GUESS       STEP         FIRST   
  NO.   NAME      VALUE            ERROR          SIZE      DERIVATIVE 
   1  N0           2.83582e+06   9.72805e+01   9.72805e+01  -6.15278e-05
   2  tau          6.44046e+01   constant   
   3  A0           3.53960e-01   4.53888e-05   4.53888e-05  -9.08378e+02
   4  phi          4.11644e+00   1.32447e-04   1.32447e-04   2.19976e+01
   5  R           -5.93751e+01   constant   
   6  alpha_CBO   -8.34740e-03   4.81465e-05   4.81465e-05   2.43992e+01
   7  w_CBO        2.32628e+00   constant   
   8  beta_CBO     2.14614e-03   4.86683e-05   4.86683e-05   1.00003e+03
   9  alpha_2CBO   1.03648e-05   4.84235e-05   4.84235e-05   2.80240e+01
  10  beta_2CBO    2.95002e-04   4.83722e-05   4.83722e-05  -4.94778e+01
  11  alpha_y     -4.96365e-04   4.84567e-05   4.84567e-05   4.34331e+03
  12  w_y          1.44500e+01   constant   
  13  beta_y      -6.23598e-04   4.83100e-05   1.54727e-06  -1.13577e-01
  14  alpha_vw    -8.57540e-05   4.83985e-05   1.55010e-06   3.04631e-03
  15  w_vw         1.29000e+01   constant   
  16  beta_vw      0.00000e+00   1.00000e-03   1.00000e-03  -4.35457e+05
  17  LM           3.34933e-05   constant   
 MIGRAD MINIMIZATION HAS CONVERGED.
 MIGRAD WILL VERIFY CONVERGENCE AND ERROR MATRIX.
 COVARIANCE MATRIX CALCULATED SUCCESSFULLY
 FCN=4190.34 FROM MIGRAD    STATUS=CONVERGED     193 CALLS         509 TOTAL
                     EDM=1.67525e-07    STRATEGY= 1      ERROR MATRIX ACCURATE 
  EXT PARAMETER                                   STEP         FIRST   
  NO.   NAME      VALUE            ERROR          SIZE      DERIVATIVE 
   1  N0           2.83582e+06   9.72836e+01   3.06647e+00   2.54392e-06
   2  tau          6.44046e+01   constant   
   3  A0           3.53963e-01   4.53912e-05   1.43170e-06  -6.60644e+00
   4  phi          4.11645e+00   1.32451e-04   4.18191e-06  -2.83165e+00
   5  R           -5.93751e+01   constant   
   6  alpha_CBO   -8.34517e-03   4.81483e-05   1.52102e-06  -3.61753e+00
   7  w_CBO        2.32628e+00   constant   
   8  beta_CBO     2.14397e-03   4.86687e-05   1.53827e-06   4.36279e-01
   9  alpha_2CBO   1.07553e-05   4.84238e-05   1.53003e-06   4.67280e-01
  10  beta_2CBO    2.95639e-04   4.83743e-05   1.52910e-06  -7.05206e-01
  11  alpha_y     -5.03753e-04   4.85435e-05   1.53178e-06   4.58170e-01
  12  w_y          1.44500e+01   constant   
  13  beta_y      -5.95194e-04   4.83876e-05   1.52713e-06   1.92441e+00
  14  alpha_vw    -8.62567e-05   4.84861e-05   1.52993e-06   3.18941e+00
  15  w_vw         1.29000e+01   constant   
  16  beta_vw      5.11015e-04   4.84449e-05   1.52897e-06   5.17972e-02
  17  LM           3.34933e-05   constant   
 EXTERNAL ERROR MATRIX.    NDIM=  25    NPAR= 11    ERR DEF=1
  9.464e+03 
  2.684e-04  2.060e-09 
  4.293e-04 -3.785e-11  1.754e-08 
  6.806e-05 -4.241e-11 -1.362e-10  2.318e-09 
  1.330e-05 -1.649e-11 -8.896e-11  1.051e-12  2.369e-09 
 -6.902e-05  1.634e-11  1.357e-10  2.744e-11 -1.134e-11  2.345e-09 
 -3.109e-06 -1.855e-11  7.130e-12  7.042e-12  6.444e-12  1.543e-12  2.340e-09 
 -2.970e-06 -4.959e-12  2.651e-12  1.447e-12  5.673e-12  2.663e-13 -9.883e-12  2.356e-09 
 -2.499e-05  7.586e-12  4.026e-11  1.126e-11 -3.835e-12  3.860e-12  4.708e-12 -4.396e-12  2.341e-09 
  2.222e-05 -3.633e-12 -2.903e-11 -1.099e-11  1.171e-12 -1.092e-12 -2.311e-12  1.399e-10  1.280e-11  2.351e-09 
 -1.917e-05  9.001e-12  3.295e-11  1.048e-11 -4.473e-12  1.904e-12  2.624e-12 -1.041e-11  1.304e-10 -9.303e-13  2.347e-09 
 PARAMETER  CORRELATION COEFFICIENTS  
       NO.  GLOBAL      1      3      4      6      8      9     10     11     13     14     16
        1  0.07382   1.000  0.061  0.033  0.015  0.003 -0.015 -0.001 -0.001 -0.005  0.005 -0.004
        3  0.06657   0.061  1.000 -0.006 -0.019 -0.007  0.007 -0.008 -0.002  0.003 -0.002  0.004
        4  0.04932   0.033 -0.006  1.000 -0.021 -0.014  0.021  0.001  0.000  0.006 -0.005  0.005
        6  0.03672   0.015 -0.019 -0.021  1.000  0.000  0.012  0.003  0.001  0.005 -0.005  0.004
        8  0.01729   0.003 -0.007 -0.014  0.000  1.000 -0.005  0.003  0.002 -0.002  0.000 -0.002
        9  0.03062  -0.015  0.007  0.021  0.012 -0.005  1.000  0.001  0.000  0.002 -0.000  0.001
       10  0.01059  -0.001 -0.008  0.001  0.003  0.003  0.001  1.000 -0.004  0.002 -0.001  0.001
       11  0.05989  -0.001 -0.002  0.000  0.001  0.002  0.000 -0.004  1.000 -0.002  0.059 -0.004
       13  0.05689  -0.005  0.003  0.006  0.005 -0.002  0.002  0.002 -0.002  1.000  0.005  0.056
       14  0.06032   0.005 -0.002 -0.005 -0.005  0.000 -0.000 -0.001  0.059  0.005  1.000 -0.000
       16  0.05650  -0.004  0.004  0.005  0.004 -0.002  0.001  0.001 -0.004  0.056 -0.000  1.000
MINUIT - MINOS
 **********
 **   85 **RES 
 **********
 CALL TO MNFREE IGNORED.  THERE ARE NO FIXED PARAMETERS
 **********
 **   86 **MIG      2.5e+04        0.01
 **********
 START MIGRAD MINIMIZATION.  STRATEGY  1.  CONVERGENCE WHEN EDM .LT. 1.00e-05
 FCN=4190.34 FROM MIGRAD    STATUS=INITIATE       22 CALLS         531 TOTAL
                     EDM=8.37626e-08    STRATEGY= 1      ERROR MATRIX ACCURATE 
  EXT PARAMETER                                   STEP         FIRST   
  NO.   NAME      VALUE            ERROR          SIZE      DERIVATIVE 
   1  N0           2.83582e+06   9.72836e+01   3.06647e+00   2.54391e-06
   2  tau          6.44046e+01   constant   
   3  A0           3.53963e-01   4.53912e-05   1.43170e-06  -6.60647e+00
   4  phi          4.11645e+00   1.32451e-04   4.18191e-06  -2.83164e+00
   5  R           -5.93751e+01   constant   
   6  alpha_CBO   -8.34517e-03   4.81483e-05   1.52102e-06  -3.61756e+00
   7  w_CBO        2.32628e+00   constant   
   8  beta_CBO     2.14397e-03   4.86687e-05   1.53827e-06   4.36214e-01
   9  alpha_2CBO   1.07553e-05   4.84238e-05   1.53003e-06   4.67276e-01
  10  beta_2CBO    2.95639e-04   4.83743e-05   1.52910e-06  -7.05098e-01
  11  alpha_y     -5.03753e-04   4.85435e-05   1.53178e-06   4.58216e-01
  12  w_y          1.44500e+01   constant   
  13  beta_y      -5.95194e-04   4.83876e-05   1.52713e-06   1.92447e+00
  14  alpha_vw    -8.62567e-05   4.84861e-05   1.52993e-06   3.18947e+00
  15  w_vw         1.29000e+01   constant   
  16  beta_vw      5.11015e-04   4.84449e-05   1.52897e-06   5.17451e-02
  17  LM           3.34933e-05   constant   
 MIGRAD MINIMIZATION HAS CONVERGED.
 FCN=4190.34 FROM MIGRAD    STATUS=CONVERGED      45 CALLS         554 TOTAL
                     EDM=6.39358e-19    STRATEGY= 1  ERROR MATRIX UNCERTAINTY   0.0 per cent
  EXT PARAMETER                                   STEP         FIRST   
  NO.   NAME      VALUE            ERROR          SIZE      DERIVATIVE 
   1  N0           2.83582e+06   9.72837e+01  -1.04184e-02   9.19440e-12
   2  tau          6.44046e+01   constant   
   3  A0           3.53963e-01   4.53912e-05   6.32676e-09  -3.81152e-06
   4  phi          4.11645e+00   1.32451e-04   2.39172e-08  -1.08742e-07
   5  R           -5.93751e+01   constant   
   6  alpha_CBO   -8.34517e-03   4.81483e-05   3.77571e-09  -4.18566e-06
   7  w_CBO        2.32628e+00   constant   
   8  beta_CBO     2.14397e-03   4.86687e-05  -7.06511e-10  -8.57308e-06
   9  alpha_2CBO   1.07552e-05   4.84238e-05  -1.63404e-10  -9.21363e-06
  10  beta_2CBO    2.95640e-04   4.83743e-05   7.90091e-10   1.51671e-05
  11  alpha_y     -5.03753e-04   4.85435e-05  -7.69523e-10  -2.07812e-06
  12  w_y          1.44500e+01   constant   
  13  beta_y      -5.95196e-04   4.83876e-05  -2.13992e-09   4.46668e-06
  14  alpha_vw    -8.62606e-05   4.84861e-05  -3.89548e-09   3.26958e-06
  15  w_vw         1.29000e+01   constant   
  16  beta_vw      5.11014e-04   4.84449e-05  -6.11495e-11   1.72504e-05
  17  LM           3.34933e-05   constant   
 EXTERNAL ERROR MATRIX.    NDIM=  25    NPAR= 11    ERR DEF=1
  9.464e+03 
  2.684e-04  2.060e-09 
  4.293e-04 -3.786e-11  1.754e-08 
  6.806e-05 -4.241e-11 -1.362e-10  2.318e-09 
  1.330e-05 -1.649e-11 -8.895e-11  1.051e-12  2.369e-09 
 -6.903e-05  1.634e-11  1.357e-10  2.744e-11 -1.134e-11  2.345e-09 
 -3.107e-06 -1.855e-11  7.125e-12  7.042e-12  6.444e-12  1.543e-12  2.340e-09 
 -2.970e-06 -4.959e-12  2.651e-12  1.448e-12  5.673e-12  2.662e-13 -9.883e-12  2.356e-09 
 -2.498e-05  7.586e-12  4.026e-11  1.126e-11 -3.835e-12  3.859e-12  4.708e-12 -4.396e-12  2.341e-09 
  2.223e-05 -3.634e-12 -2.903e-11 -1.099e-11  1.171e-12 -1.092e-12 -2.310e-12  1.399e-10  1.280e-11  2.351e-09 
 -1.917e-05  8.999e-12  3.294e-11  1.048e-11 -4.473e-12  1.904e-12  2.623e-12 -1.041e-11  1.304e-10 -9.293e-13  2.347e-09 
 PARAMETER  CORRELATION COEFFICIENTS  
       NO.  GLOBAL      1      3      4      6      8      9     10     11     13     14     16
        1  0.07382   1.000  0.061  0.033  0.015  0.003 -0.015 -0.001 -0.001 -0.005  0.005 -0.004
        3  0.06657   0.061  1.000 -0.006 -0.019 -0.007  0.007 -0.008 -0.002  0.003 -0.002  0.004
        4  0.04932   0.033 -0.006  1.000 -0.021 -0.014  0.021  0.001  0.000  0.006 -0.005  0.005
        6  0.03672   0.015 -0.019 -0.021  1.000  0.000  0.012  0.003  0.001  0.005 -0.005  0.004
        8  0.01729   0.003 -0.007 -0.014  0.000  1.000 -0.005  0.003  0.002 -0.002  0.000 -0.002
        9  0.03062  -0.015  0.007  0.021  0.012 -0.005  1.000  0.001  0.000  0.002 -0.000  0.001
       10  0.01059  -0.001 -0.008  0.001  0.003  0.003  0.001  1.000 -0.004  0.002 -0.001  0.001
       11  0.05989  -0.001 -0.002  0.000  0.001  0.002  0.000 -0.004  1.000 -0.002  0.059 -0.004
       13  0.05689  -0.005  0.003  0.006  0.005 -0.002  0.002  0.002 -0.002  1.000  0.005  0.056
       14  0.06032   0.005 -0.002 -0.005 -0.005  0.000 -0.000 -0.001  0.059  0.005  1.000 -0.000
       16  0.05650  -0.004  0.004  0.005  0.004 -0.002  0.001  0.001 -0.004  0.056 -0.000  1.000
 **********
 **   87 **MINO      2.5e+04
 **********
 FCN=4190.34 FROM MINOS     STATUS=SUCCESSFUL    958 CALLS        1512 TOTAL
                     EDM=6.39358e-19    STRATEGY= 1  ERROR MATRIX UNCERTAINTY   0.0 per cent
  EXT PARAMETER                  PARABOLIC         MINOS ERRORS        
  NO.   NAME      VALUE            ERROR      NEGATIVE      POSITIVE   
   1  N0           2.83582e+06   9.72837e+01  -9.72836e+01   9.72836e+01
   2  tau          6.44046e+01   constant   
   3  A0           3.53963e-01   4.53912e-05  -4.53913e-05   4.53911e-05
   4  phi          4.11645e+00   1.32451e-04  -1.32452e-04   1.32451e-04
   5  R           -5.93751e+01   constant   
   6  alpha_CBO   -8.34517e-03   4.81483e-05  -4.81483e-05   4.81483e-05
   7  w_CBO        2.32628e+00   constant   
   8  beta_CBO     2.14397e-03   4.86687e-05  -4.86687e-05   4.86687e-05
   9  alpha_2CBO   1.07552e-05   4.84238e-05  -4.84237e-05   4.84238e-05
  10  beta_2CBO    2.95640e-04   4.83743e-05  -4.83743e-05   4.83743e-05
  11  alpha_y     -5.03753e-04   4.85435e-05  -4.85435e-05   4.85435e-05
  12  w_y          1.44500e+01   constant   
  13  beta_y      -5.95196e-04   4.83876e-05  -4.83876e-05   4.83876e-05
  14  alpha_vw    -8.62606e-05   4.84861e-05  -4.84861e-05   4.84861e-05
  15  w_vw         1.29000e+01   constant   
  16  beta_vw      5.11014e-04   4.84449e-05  -4.84449e-05   4.84449e-05
  17  LM           3.34933e-05   constant   
 **********
 **   88 **SHO COR 
 **********
 PARAMETER  CORRELATION COEFFICIENTS  
       NO.  GLOBAL      1      3      4      6      8      9     10     11     13     14     16
        1  0.07382   1.000  0.061  0.033  0.015  0.003 -0.015 -0.001 -0.001 -0.005  0.005 -0.004
        3  0.06657   0.061  1.000 -0.006 -0.019 -0.007  0.007 -0.008 -0.002  0.003 -0.002  0.004
        4  0.04932   0.033 -0.006  1.000 -0.021 -0.014  0.021  0.001  0.000  0.006 -0.005  0.005
        6  0.03672   0.015 -0.019 -0.021  1.000  0.000  0.012  0.003  0.001  0.005 -0.005  0.004
        8  0.01729   0.003 -0.007 -0.014  0.000  1.000 -0.005  0.003  0.002 -0.002  0.000 -0.002
        9  0.03062  -0.015  0.007  0.021  0.012 -0.005  1.000  0.001  0.000  0.002 -0.000  0.001
       10  0.01059  -0.001 -0.008  0.001  0.003  0.003  0.001  1.000 -0.004  0.002 -0.001  0.001
       11  0.05989  -0.001 -0.002  0.000  0.001  0.002  0.000 -0.004  1.000 -0.002  0.059 -0.004
       13  0.05689  -0.005  0.003  0.006  0.005 -0.002  0.002  0.002 -0.002  1.000  0.005  0.056
       14  0.06032   0.005 -0.002 -0.005 -0.005  0.000 -0.000 -0.001  0.059  0.005  1.000 -0.000
       16  0.05650  -0.004  0.004  0.005  0.004 -0.002  0.001  0.001 -0.004  0.056 -0.000  1.000
