 + ++++++++++++++++++++++++++++++++++++++++++++++++++++++++++++++++++++ +
 +                                                                      +
 +           You have chose to blind your fitting according to          +
 +                omega_ref * (1 + (R +/- deltaR) *10^{-6})             +
 +                                                                      +
 + ++++++++++++++++++++++++++++++++++++++++++++++++++++++++++++++++++++ +
In main()...
reading format from /gm2data/zkhechad/run45/envelope/formats/formatB_sBin_constraintOn.txt
pBinTau 	= 0  
pBinPhi 	= 0  
constraintau 	= 1 
includeMopTerm 	= 0    
constrainMop    = 0   
Parameters after format file: pBinTau 0 pBinPhi 0 constraintau 1 includeMopTerm 0 constrainMop 0 c_e_scale 0.000000 
Opening file /gm2data/tbarrett/gm2fr/studies/run23_bunch_corrections/CorrectedFourier_Run3b.root.
reading full fit data from /gm2data/zkhechad/cboTemplates/Run4CBOTemplates/fullFits/noRF/sBin_constraintOn_cE0.0_seed0_noRF_calo9.root
deltaT 164.120000
windowBins = 240
fitting sliding window 2360 from bin 2563 at 382.399600 to bin 2803 at 418.207600 (240 bins)

Reading data from /gm2data/cornell/histograms/aMethod/histogram_a_noRF.root
 **********
 **    1 **SET PRINTOUT            1
 **********
 **********
 **    2 **SET NOWARNINGS 
 **********
 PARAMETER DEFINITIONS:
    NO.   NAME         VALUE      STEP SIZE      LIMITS
     1 N0           2.88184e+06  1.00000e+02     no limits
     2 tau          6.44072e+01  constant
     3 A0           3.51424e-01  1.00000e-04     no limits
     4 phi          4.11704e+00  1.00000e-02     no limits
     5 R           -5.98473e+01  constant
     6 alpha_CBO    0.00000e+00  1.00000e-03     no limits
     7 w_CBO        2.32633e+00  1.00000e-03     no limits
     8 beta_CBO     0.00000e+00  1.00000e-03     no limits
     9 alpha_2CBO   0.00000e+00  1.00000e-03     no limits
    10 beta_2CBO    0.00000e+00  1.00000e-03     no limits
    11 alpha_y      0.00000e+00  1.00000e-03     no limits
    12 w_y          0.00000e+00  1.00000e-03     no limits
    13 beta_y       0.00000e+00  1.00000e-03     no limits
    14 alpha_vw     0.00000e+00  1.00000e-03     no limits
    15 w_vw         0.00000e+00  1.00000e-03     no limits
    16 beta_vw      0.00000e+00  1.00000e-03     no limits
    17 LM           4.61849e-05  constant
MINUIT - FIT ONLY WIGGLE
 **********
 **    3 **FIX            5
 **********
 PARAMETER    5  IS CONSTANT.   IGNORED.
 **********
 **    4 **FIX            6
 **********
 **********
 **    5 **FIX            7
 **********
 **********
 **    6 **FIX            8
 **********
 **********
 **    7 **FIX            9
 **********
 **********
 **    8 **FIX           10
 **********
 **********
 **    9 **FIX           11
 **********
 **********
 **   10 **FIX           12
 **********
 **********
 **   11 **FIX           13
 **********
 **********
 **   12 **FIX           14
 **********
 **********
 **   13 **FIX           15
 **********
 **********
 **   14 **FIX           16
 **********
 **********
 **   15 **MIGRAD
 **********
 FIRST CALL TO USER FUNCTION AT NEW START POINT, WITH IFLAG=4.
 START MIGRAD MINIMIZATION.  STRATEGY  1.  CONVERGENCE WHEN EDM .LT. 1.00e-04
 FCN=260.085 FROM MIGRAD    STATUS=INITIATE       12 CALLS          13 TOTAL
                     EDM= unknown      STRATEGY= 1      NO ERROR MATRIX       
  EXT PARAMETER               CURRENT GUESS       STEP         FIRST   
  NO.   NAME      VALUE            ERROR          SIZE      DERIVATIVE 
   1  N0           2.88184e+06   1.00000e+02   1.00000e+02   1.48922e-03
   2  tau          6.44072e+01   constant   
   3  A0           3.51424e-01   1.00000e-04   1.00000e-04   1.76316e+03
   4  phi          4.11704e+00   1.00000e-02   1.00000e-02   9.97225e+02
   5  R           -5.98473e+01   constant   
   6  alpha_CBO    0.00000e+00     fixed    
   7  w_CBO        2.32633e+00     fixed    
   8  beta_CBO     0.00000e+00     fixed    
   9  alpha_2CBO   0.00000e+00     fixed    
  10  beta_2CBO    0.00000e+00     fixed    
  11  alpha_y      0.00000e+00     fixed    
  12  w_y          0.00000e+00     fixed    
  13  beta_y       0.00000e+00     fixed    
  14  alpha_vw     0.00000e+00     fixed    
  15  w_vw         0.00000e+00     fixed    
  16  beta_vw      0.00000e+00     fixed    
  17  LM           4.61849e-05   constant   
 MIGRAD MINIMIZATION HAS CONVERGED.
 MIGRAD WILL VERIFY CONVERGENCE AND ERROR MATRIX.
 COVARIANCE MATRIX CALCULATED SUCCESSFULLY
 FCN=257.529 FROM MIGRAD    STATUS=CONVERGED      42 CALLS          43 TOTAL
                     EDM=2.85633e-06    STRATEGY= 1      ERROR MATRIX ACCURATE 
  EXT PARAMETER                                   STEP         FIRST   
  NO.   NAME      VALUE            ERROR          SIZE      DERIVATIVE 
   1  N0           2.88024e+06   1.46296e+03   1.11280e+01   1.18564e-06
   2  tau          6.44072e+01   constant   
   3  A0           3.51009e-01   6.66504e-04   5.22925e-06  -6.39454e-01
   4  phi          4.11503e+00   2.02440e-03   1.58912e-05  -7.80640e-01
   5  R           -5.98473e+01   constant   
   6  alpha_CBO    0.00000e+00     fixed    
   7  w_CBO        2.32633e+00     fixed    
   8  beta_CBO     0.00000e+00     fixed    
   9  alpha_2CBO   0.00000e+00     fixed    
  10  beta_2CBO    0.00000e+00     fixed    
  11  alpha_y      0.00000e+00     fixed    
  12  w_y          0.00000e+00     fixed    
  13  beta_y       0.00000e+00     fixed    
  14  alpha_vw     0.00000e+00     fixed    
  15  w_vw         0.00000e+00     fixed    
  16  beta_vw      0.00000e+00     fixed    
  17  LM           4.61849e-05   constant   
 EXTERNAL ERROR MATRIX.    NDIM=  25    NPAR=  3    ERR DEF=1
  2.140e+06  3.536e-02 -4.443e-02 
  3.536e-02  4.442e-07 -3.693e-09 
 -4.443e-02 -3.693e-09  4.098e-06 
 PARAMETER  CORRELATION COEFFICIENTS  
       NO.  GLOBAL      1      3      4
        1  0.03920   1.000  0.036 -0.015
        3  0.03633   0.036  1.000 -0.003
        4  0.01516  -0.015 -0.003  1.000
MINUIT - FIT ONLY 1-CBO + wiggle
 **********
 **   16 **RES 
 **********
                   PARAMETER   16  beta_vw RESTORED TO VARIABLE.
                   PARAMETER   15  w_vw RESTORED TO VARIABLE.
                   PARAMETER   14  alpha_vw RESTORED TO VARIABLE.
                   PARAMETER   13  beta_y RESTORED TO VARIABLE.
                   PARAMETER   12  w_y RESTORED TO VARIABLE.
                   PARAMETER   11  alpha_y RESTORED TO VARIABLE.
                   PARAMETER   10  beta_2CBO RESTORED TO VARIABLE.
                   PARAMETER    9  alpha_2CBO RESTORED TO VARIABLE.
                   PARAMETER    8  beta_CBO RESTORED TO VARIABLE.
                   PARAMETER    7  w_CBO RESTORED TO VARIABLE.
                   PARAMETER    6  alpha_CBO RESTORED TO VARIABLE.
 **********
 **   17 **FIX            8
 **********
 **********
 **   18 **FIX            9
 **********
 **********
 **   19 **FIX           11
 **********
 **********
 **   20 **FIX           12
 **********
 **********
 **   21 **FIX           14
 **********
 **********
 **   22 **FIX           15
 **********
 **********
 **   23 **FIX           16
 **********
 **********
 **   24 **MIGRAD
 **********
 START MIGRAD MINIMIZATION.  STRATEGY  1.  CONVERGENCE WHEN EDM .LT. 1.00e-04
 FCN=257.529 FROM MIGRAD    STATUS=INITIATE      347 CALLS         390 TOTAL
                     EDM= unknown      STRATEGY= 1      NO ERROR MATRIX       
  EXT PARAMETER               CURRENT GUESS       STEP         FIRST   
  NO.   NAME      VALUE            ERROR          SIZE      DERIVATIVE 
   1  N0           2.88024e+06   1.46296e+03   0.00000e+00   1.18564e-06
   2  tau          6.44072e+01   constant   
   3  A0           3.51009e-01   6.66504e-04   0.00000e+00  -6.39454e-01
   4  phi          4.11503e+00   2.02440e-03   0.00000e+00  -7.80640e-01
   5  R           -5.98473e+01   constant   
   6  alpha_CBO    0.00000e+00   1.00000e-03   0.00000e+00  -1.19559e+04
   7  w_CBO        2.32633e+00   1.00000e-03   0.00000e+00   0.00000e+00
   8  beta_CBO     0.00000e+00     fixed    
   9  alpha_2CBO   0.00000e+00     fixed    
  10  beta_2CBO    0.00000e+00   1.00000e-03   0.00000e+00   3.89399e+02
  11  alpha_y      0.00000e+00     fixed    
  12  w_y          0.00000e+00     fixed    
  13  beta_y       0.00000e+00   1.00000e-03   0.00000e+00   0.00000e+00
  14  alpha_vw     0.00000e+00     fixed    
  15  w_vw         0.00000e+00     fixed    
  16  beta_vw      0.00000e+00     fixed    
  17  LM           4.61849e-05   constant   
 MIGRAD MINIMIZATION HAS CONVERGED.
 MIGRAD WILL VERIFY CONVERGENCE AND ERROR MATRIX.
  MNHESS FAILS AND WILL RETURN DIAGONAL MATRIX. 
 FCN=238.923 FROM MIGRAD    STATUS=CONVERGED     461 CALLS         504 TOTAL
                     EDM=2.49049e-07    STRATEGY= 1  ERROR MATRIX UNCERTAINTY 100.0 per cent
  EXT PARAMETER                APPROXIMATE        STEP         FIRST   
  NO.   NAME      VALUE            ERROR          SIZE      DERIVATIVE 
   1  N0           2.88030e+06   1.46186e+03   1.07203e+01  -1.93618e-07
   2  tau          6.44072e+01   constant   
   3  A0           3.51002e-01   6.66115e-04   5.03794e-06   1.07559e+00
   4  phi          4.11500e+00   2.02406e-03   1.53083e-05  -1.89211e-01
   5  R           -5.98473e+01   constant   
   6  alpha_CBO    3.10788e-03   7.20517e-04   5.44940e-06   9.52268e-02
   7  w_CBO        2.32650e+00   5.78728e-04   4.38030e-06  -1.14129e-01
   8  beta_CBO     0.00000e+00     fixed    
   9  alpha_2CBO   0.00000e+00     fixed    
  10  beta_2CBO   -1.12914e-05   7.17086e-04   5.42345e-06   1.54939e-01
  11  alpha_y      0.00000e+00     fixed    
  12  w_y          0.00000e+00     fixed    
  13  beta_y       0.00000e+00   1.41421e-03  -0.00000e+00   0.00000e+00
  14  alpha_vw     0.00000e+00     fixed    
  15  w_vw         0.00000e+00     fixed    
  16  beta_vw      0.00000e+00     fixed    
  17  LM           4.61849e-05   constant   
 EXTERNAL ERROR MATRIX.    NDIM=  25    NPAR=  7    ERR DEF=1
  2.137e+06  0.000e+00  0.000e+00  0.000e+00  0.000e+00  0.000e+00  0.000e+00 
  0.000e+00  4.437e-07  0.000e+00  0.000e+00  0.000e+00  0.000e+00  0.000e+00 
  0.000e+00  0.000e+00  4.097e-06  0.000e+00  0.000e+00  0.000e+00  0.000e+00 
  0.000e+00  0.000e+00  0.000e+00  5.191e-07  0.000e+00  0.000e+00  0.000e+00 
  0.000e+00  0.000e+00  0.000e+00  0.000e+00  3.349e-07  0.000e+00  0.000e+00 
  0.000e+00  0.000e+00  0.000e+00  0.000e+00  0.000e+00  5.142e-07  0.000e+00 
  0.000e+00  0.000e+00  0.000e+00  0.000e+00  0.000e+00  0.000e+00  2.000e-06 
ERR MATRIX APPROXIMATE
 PARAMETER  CORRELATION COEFFICIENTS  
       NO.  GLOBAL      1      3      4      6      7     10     13
        1  0.00000   1.000  0.000  0.000  0.000  0.000  0.000  0.000
        3  0.00000   0.000  1.000  0.000  0.000  0.000  0.000  0.000
        4  0.00000   0.000  0.000  1.000  0.000  0.000  0.000  0.000
        6  0.00000   0.000  0.000  0.000  1.000  0.000  0.000  0.000
        7  0.00000   0.000  0.000  0.000  0.000  1.000  0.000  0.000
       10  0.00000   0.000  0.000  0.000  0.000  0.000  1.000  0.000
       13  0.00000   0.000  0.000  0.000  0.000  0.000  0.000  1.000
 ERR MATRIX APPROXIMATE
MINUIT - FIT ONLY 2-CBO
 **********
 **   25 **RES 
 **********
                   PARAMETER   16  beta_vw RESTORED TO VARIABLE.
                   PARAMETER   15  w_vw RESTORED TO VARIABLE.
                   PARAMETER   14  alpha_vw RESTORED TO VARIABLE.
                   PARAMETER   12  w_y RESTORED TO VARIABLE.
                   PARAMETER   11  alpha_y RESTORED TO VARIABLE.
                   PARAMETER    9  alpha_2CBO RESTORED TO VARIABLE.
                   PARAMETER    8  beta_CBO RESTORED TO VARIABLE.
 **********
 **   26 **FIX            0
 **********
 PARAMETER    0  IS UNDEFINED. IGNORED.
 **********
 **   27 **FIX            1
 **********
 **********
 **   28 **FIX            2
 **********
 PARAMETER    2  IS CONSTANT.   IGNORED.
 **********
 **   29 **FIX            3
 **********
 **********
 **   30 **FIX            4
 **********
 **********
 **   31 **FIX            5
 **********
 PARAMETER    5  IS CONSTANT.   IGNORED.
 **********
 **   32 **FIX            6
 **********
 **********
 **   33 **FIX            7
 **********
 **********
 **   34 **FIX           10
 **********
 **********
 **   35 **FIX           11
 **********
 **********
 **   36 **FIX           12
 **********
 **********
 **   37 **FIX           13
 **********
 **********
 **   38 **FIX           14
 **********
 **********
 **   39 **FIX           15
 **********
 **********
 **   40 **FIX           16
 **********
 **********
 **   41 **MIGRAD
 **********
 START MIGRAD MINIMIZATION.  STRATEGY  1.  CONVERGENCE WHEN EDM .LT. 1.00e-04
 FCN=238.923 FROM MIGRAD    STATUS=INITIATE        8 CALLS         512 TOTAL
                     EDM= unknown      STRATEGY= 1      NO ERROR MATRIX       
  EXT PARAMETER               CURRENT GUESS       STEP         FIRST   
  NO.   NAME      VALUE            ERROR          SIZE      DERIVATIVE 
   1  N0           2.88030e+06     fixed    
   2  tau          6.44072e+01   constant   
   3  A0           3.51002e-01     fixed    
   4  phi          4.11500e+00     fixed    
   5  R           -5.98473e+01   constant   
   6  alpha_CBO    3.10788e-03     fixed    
   7  w_CBO        2.32650e+00     fixed    
   8  beta_CBO     0.00000e+00   1.00000e-03   1.00000e-03  -6.77613e+01
   9  alpha_2CBO   0.00000e+00   1.00000e-03   1.00000e-03  -4.43386e+02
  10  beta_2CBO   -1.12914e-05     fixed    
  11  alpha_y      0.00000e+00     fixed    
  12  w_y          0.00000e+00     fixed    
  13  beta_y       0.00000e+00     fixed    
  14  alpha_vw     0.00000e+00     fixed    
  15  w_vw         0.00000e+00     fixed    
  16  beta_vw      0.00000e+00     fixed    
  17  LM           4.61849e-05   constant   
 MIGRAD MINIMIZATION HAS CONVERGED.
 MIGRAD WILL VERIFY CONVERGENCE AND ERROR MATRIX.
 COVARIANCE MATRIX CALCULATED SUCCESSFULLY
 FCN=238.897 FROM MIGRAD    STATUS=CONVERGED      28 CALLS         532 TOTAL
                     EDM=9.49737e-10    STRATEGY= 1      ERROR MATRIX ACCURATE 
  EXT PARAMETER                                   STEP         FIRST   
  NO.   NAME      VALUE            ERROR          SIZE      DERIVATIVE 
   1  N0           2.88030e+06     fixed    
   2  tau          6.44072e+01   constant   
   3  A0           3.51002e-01     fixed    
   4  phi          4.11500e+00     fixed    
   5  R           -5.98473e+01   constant   
   6  alpha_CBO    3.10788e-03     fixed    
   7  w_CBO        2.32650e+00     fixed    
   8  beta_CBO     1.49960e-05   7.15168e-04   5.40753e-06   6.00642e-02
   9  alpha_2CBO   1.14108e-04   7.18570e-04   5.43325e-06  -9.09238e-03
  10  beta_2CBO   -1.12914e-05     fixed    
  11  alpha_y      0.00000e+00     fixed    
  12  w_y          0.00000e+00     fixed    
  13  beta_y       0.00000e+00     fixed    
  14  alpha_vw     0.00000e+00     fixed    
  15  w_vw         0.00000e+00     fixed    
  16  beta_vw      0.00000e+00     fixed    
  17  LM           4.61849e-05   constant   
 EXTERNAL ERROR MATRIX.    NDIM=  25    NPAR=  2    ERR DEF=1
  5.115e-07 -1.059e-08 
 -1.059e-08  5.163e-07 
 PARAMETER  CORRELATION COEFFICIENTS  
       NO.  GLOBAL      8      9
        8  0.02061   1.000 -0.021
        9  0.02061  -0.021  1.000
MINUIT - FIT wiggle + 1-CBO + 2-CBO
 **********
 **   42 **RES 
 **********
                   PARAMETER   16  beta_vw RESTORED TO VARIABLE.
                   PARAMETER   15  w_vw RESTORED TO VARIABLE.
                   PARAMETER   14  alpha_vw RESTORED TO VARIABLE.
                   PARAMETER   13  beta_y RESTORED TO VARIABLE.
                   PARAMETER   12  w_y RESTORED TO VARIABLE.
                   PARAMETER   11  alpha_y RESTORED TO VARIABLE.
                   PARAMETER   10  beta_2CBO RESTORED TO VARIABLE.
                   PARAMETER    7  w_CBO RESTORED TO VARIABLE.
                   PARAMETER    6  alpha_CBO RESTORED TO VARIABLE.
                   PARAMETER    4  phi RESTORED TO VARIABLE.
                   PARAMETER    3  A0 RESTORED TO VARIABLE.
                   PARAMETER    1  N0 RESTORED TO VARIABLE.
 **********
 **   43 **FIX           10
 **********
 **********
 **   44 **FIX           11
 **********
 **********
 **   45 **FIX           12
 **********
 **********
 **   46 **FIX           13
 **********
 **********
 **   47 **FIX           14
 **********
 **********
 **   48 **FIX           15
 **********
 **********
 **   49 **FIX           16
 **********
 **********
 **   50 **MIGRAD
 **********
 START MIGRAD MINIMIZATION.  STRATEGY  1.  CONVERGENCE WHEN EDM .LT. 1.00e-04
 FCN=238.897 FROM MIGRAD    STATUS=INITIATE       14 CALLS         546 TOTAL
                     EDM= unknown      STRATEGY= 1      NO ERROR MATRIX       
  EXT PARAMETER               CURRENT GUESS       STEP         FIRST   
  NO.   NAME      VALUE            ERROR          SIZE      DERIVATIVE 
   1  N0           2.88030e+06   1.46186e+03   1.46186e+03  -3.46049e-06
   2  tau          6.44072e+01   constant   
   3  A0           3.51002e-01   6.66115e-04   6.66115e-04  -5.43941e+00
   4  phi          4.11500e+00   2.02406e-03   2.02406e-03  -5.81504e-01
   5  R           -5.98473e+01   constant   
   6  alpha_CBO    3.10788e-03   7.20517e-04   7.20517e-04   7.51182e-01
   7  w_CBO        2.32650e+00   5.78728e-04   5.78728e-04  -8.66223e+01
   8  beta_CBO     1.49960e-05   7.15168e-04   5.40753e-06   6.00639e-02
   9  alpha_2CBO   1.14108e-04   7.18570e-04   5.43325e-06  -9.09266e-03
  10  beta_2CBO   -1.12914e-05     fixed    
  11  alpha_y      0.00000e+00     fixed    
  12  w_y          0.00000e+00     fixed    
  13  beta_y       0.00000e+00     fixed    
  14  alpha_vw     0.00000e+00     fixed    
  15  w_vw         0.00000e+00     fixed    
  16  beta_vw      0.00000e+00     fixed    
  17  LM           4.61849e-05   constant   
 MIGRAD MINIMIZATION HAS CONVERGED.
 FCN=237.996 FROM MIGRAD    STATUS=CONVERGED    1123 CALLS        1655 TOTAL
                     EDM=9.822e-06    STRATEGY= 1  ERROR MATRIX UNCERTAINTY   0.1 per cent
  EXT PARAMETER                                   STEP         FIRST   
  NO.   NAME      VALUE            ERROR          SIZE      DERIVATIVE 
   1  N0           2.88035e+06   1.45079e+03   2.56994e+00   4.85186e-07
   2  tau          6.44072e+01   constant   
   3  A0           3.51037e-01   6.64671e-04   1.53330e-07   4.47584e-02
   4  phi          4.11486e+00   1.97814e-03  -1.05813e-05  -1.46890e+00
   5  R           -5.98473e+01   constant   
   6  alpha_CBO    3.02503e-03   2.35922e-03  -1.97387e-05   6.06358e+00
   7  w_CBO        2.34309e+00   6.36715e-03   4.91716e-05   3.83124e+00
   8  beta_CBO     9.76986e-04   7.72973e-03   5.25551e-05  -1.85013e+00
   9  alpha_2CBO   1.35240e-04   7.19339e-04  -1.99753e-06   1.41632e+00
  10  beta_2CBO   -1.12914e-05     fixed    
  11  alpha_y      0.00000e+00     fixed    
  12  w_y          0.00000e+00     fixed    
  13  beta_y       0.00000e+00     fixed    
  14  alpha_vw     0.00000e+00     fixed    
  15  w_vw         0.00000e+00     fixed    
  16  beta_vw      0.00000e+00     fixed    
  17  LM           4.61849e-05   constant   
 EXTERNAL ERROR MATRIX.    NDIM=  25    NPAR=  7    ERR DEF=1
  2.105e+06  1.003e-03  1.348e-02 -9.554e-02  2.552e-01  3.504e-01 -5.507e-03 
  1.003e-03  4.418e-07 -1.413e-08 -2.986e-08  9.519e-08  1.331e-07  2.880e-09 
  1.348e-02 -1.413e-08  3.913e-06  3.983e-07 -9.431e-07 -1.167e-06  3.688e-08 
 -9.554e-02 -2.986e-08  3.983e-07  5.566e-06 -1.415e-05 -1.704e-05  2.860e-07 
  2.552e-01  9.519e-08 -9.431e-07 -1.415e-05  4.054e-05  4.900e-05 -7.442e-07 
  3.504e-01  1.331e-07 -1.167e-06 -1.704e-05  4.900e-05  5.975e-05 -8.997e-07 
 -5.507e-03  2.880e-09  3.688e-08  2.860e-07 -7.442e-07 -8.997e-07  5.174e-07 
 PARAMETER  CORRELATION COEFFICIENTS  
       NO.  GLOBAL      1      3      4      6      7      8      9
        1  0.05068   1.000  0.001  0.005 -0.028  0.028  0.031 -0.005
        3  0.04600   0.001  1.000 -0.011 -0.019  0.022  0.026  0.006
        4  0.09186   0.005 -0.011  1.000  0.085 -0.075 -0.076  0.026
        6  0.94327  -0.028 -0.019  0.085  1.000 -0.942 -0.935  0.169
        7  0.99625   0.028  0.022 -0.075 -0.942  1.000  0.996 -0.162
        8  0.99577   0.031  0.026 -0.076 -0.935  0.996  1.000 -0.162
        9  0.16963  -0.005  0.006  0.026  0.169 -0.162 -0.162  1.000
MINUIT - FIT ONLY 1-y
 **********
 **   51 **RES 
 **********
                   PARAMETER   16  beta_vw RESTORED TO VARIABLE.
                   PARAMETER   15  w_vw RESTORED TO VARIABLE.
                   PARAMETER   14  alpha_vw RESTORED TO VARIABLE.
                   PARAMETER   13  beta_y RESTORED TO VARIABLE.
                   PARAMETER   12  w_y RESTORED TO VARIABLE.
                   PARAMETER   11  alpha_y RESTORED TO VARIABLE.
                   PARAMETER   10  beta_2CBO RESTORED TO VARIABLE.
 **********
 **   52 **FIX            0
 **********
 PARAMETER    0  IS UNDEFINED. IGNORED.
 **********
 **   53 **FIX            1
 **********
 **********
 **   54 **FIX            2
 **********
 PARAMETER    2  IS CONSTANT.   IGNORED.
 **********
 **   55 **FIX            3
 **********
 **********
 **   56 **FIX            4
 **********
 **********
 **   57 **FIX            5
 **********
 PARAMETER    5  IS CONSTANT.   IGNORED.
 **********
 **   58 **FIX            6
 **********
 **********
 **   59 **FIX            7
 **********
 **********
 **   60 **FIX            8
 **********
 **********
 **   61 **FIX            9
 **********
 **********
 **   62 **FIX           13
 **********
 **********
 **   63 **FIX           14
 **********
 **********
 **   64 **FIX           15
 **********
 **********
 **   65 **FIX           16
 **********
 **********
 **   66 **MIGRAD
 **********
 START MIGRAD MINIMIZATION.  STRATEGY  1.  CONVERGENCE WHEN EDM .LT. 1.00e-04
 FCN=237.996 FROM MIGRAD    STATUS=INITIATE       95 CALLS        1750 TOTAL
                     EDM= unknown      STRATEGY= 1      NO ERROR MATRIX       
  EXT PARAMETER               CURRENT GUESS       STEP         FIRST   
  NO.   NAME      VALUE            ERROR          SIZE      DERIVATIVE 
   1  N0           2.88035e+06     fixed    
   2  tau          6.44072e+01   constant   
   3  A0           3.51037e-01     fixed    
   4  phi          4.11486e+00     fixed    
   5  R           -5.98473e+01   constant   
   6  alpha_CBO    3.02503e-03     fixed    
   7  w_CBO        2.34309e+00     fixed    
   8  beta_CBO     9.76986e-04     fixed    
   9  alpha_2CBO   1.35240e-04     fixed    
  10  beta_2CBO   -1.12914e-05   7.17086e-04   0.00000e+00  -1.96314e+02
  11  alpha_y      0.00000e+00   1.00000e-03   0.00000e+00   1.39751e+00
  12  w_y          0.00000e+00   1.00000e-03   0.00000e+00   0.00000e+00
  13  beta_y       0.00000e+00     fixed    
  14  alpha_vw     0.00000e+00     fixed    
  15  w_vw         0.00000e+00     fixed    
  16  beta_vw      0.00000e+00     fixed    
  17  LM           4.61849e-05   constant   
 MIGRAD MINIMIZATION HAS CONVERGED.
 MIGRAD WILL VERIFY CONVERGENCE AND ERROR MATRIX.
 FCN=237.991 FROM HESSE     STATUS=NOT POSDEF     16 CALLS        1773 TOTAL
                     EDM=9.093e-05    STRATEGY= 1      ERR MATRIX NOT POS-DEF
  EXT PARAMETER                APPROXIMATE        STEP         FIRST   
  NO.   NAME      VALUE            ERROR          SIZE      DERIVATIVE 
   1  N0           2.88035e+06     fixed    
   2  tau          6.44072e+01   constant   
   3  A0           3.51037e-01     fixed    
   4  phi          4.11486e+00     fixed    
   5  R           -5.98473e+01   constant   
   6  alpha_CBO    3.02503e-03     fixed    
   7  w_CBO        2.34309e+00     fixed    
   8  beta_CBO     9.76986e-04     fixed    
   9  alpha_2CBO   1.35240e-04     fixed    
  10  beta_2CBO    3.90032e-05   6.29363e-04   5.40332e-06  -9.17190e-03
  11  alpha_y     -1.79995e-07   7.47096e-03   3.83115e-06   2.55265e+00
  12  w_y          0.00000e+00   2.08167e+01   1.00000e+00   0.00000e+00
  13  beta_y       0.00000e+00     fixed    
  14  alpha_vw     0.00000e+00     fixed    
  15  w_vw         0.00000e+00     fixed    
  16  beta_vw      0.00000e+00     fixed    
  17  LM           4.61849e-05   constant   
 MIGRAD MINIMIZATION HAS CONVERGED.
 MIGRAD WILL VERIFY CONVERGENCE AND ERROR MATRIX.
 COVARIANCE MATRIX CALCULATED SUCCESSFULLY
 FCN=233.515 FROM MIGRAD    STATUS=CONVERGED     220 CALLS        1875 TOTAL
                     EDM=5.72223e-11    STRATEGY= 1      ERROR MATRIX ACCURATE 
  EXT PARAMETER                                   STEP         FIRST   
  NO.   NAME      VALUE            ERROR          SIZE      DERIVATIVE 
   1  N0           2.88035e+06     fixed    
   2  tau          6.44072e+01   constant   
   3  A0           3.51037e-01     fixed    
   4  phi          4.11486e+00     fixed    
   5  R           -5.98473e+01   constant   
   6  alpha_CBO    3.02503e-03     fixed    
   7  w_CBO        2.34309e+00     fixed    
   8  beta_CBO     9.76986e-04     fixed    
   9  alpha_2CBO   1.35240e-04     fixed    
  10  beta_2CBO    6.03208e-05   7.16007e-04   5.35332e-06  -1.03909e-03
  11  alpha_y     -1.45875e-03   6.90813e-04   5.15542e-06  -5.24784e-03
  12  w_y          1.96837e-01   1.29356e-03   9.65502e-06   7.59650e-03
  13  beta_y       0.00000e+00     fixed    
  14  alpha_vw     0.00000e+00     fixed    
  15  w_vw         0.00000e+00     fixed    
  16  beta_vw      0.00000e+00     fixed    
  17  LM           4.61849e-05   constant   
 EXTERNAL ERROR MATRIX.    NDIM=  25    NPAR=  3    ERR DEF=1
  5.127e-07 -7.109e-09  5.139e-09 
 -7.109e-09  4.772e-07 -5.452e-08 
  5.139e-09 -5.452e-08  1.673e-06 
 PARAMETER  CORRELATION COEFFICIENTS  
       NO.  GLOBAL     10     11     12
       10  0.01511   1.000 -0.014  0.006
       11  0.06260  -0.014  1.000 -0.061
       12  0.06119   0.006 -0.061  1.000
MINUIT - FIT ONLY 2-y
 **********
 **   67 **RES 
 **********
                   PARAMETER   16  beta_vw RESTORED TO VARIABLE.
                   PARAMETER   15  w_vw RESTORED TO VARIABLE.
                   PARAMETER   14  alpha_vw RESTORED TO VARIABLE.
                   PARAMETER   13  beta_y RESTORED TO VARIABLE.
                   PARAMETER    9  alpha_2CBO RESTORED TO VARIABLE.
                   PARAMETER    8  beta_CBO RESTORED TO VARIABLE.
                   PARAMETER    7  w_CBO RESTORED TO VARIABLE.
                   PARAMETER    6  alpha_CBO RESTORED TO VARIABLE.
                   PARAMETER    4  phi RESTORED TO VARIABLE.
                   PARAMETER    3  A0 RESTORED TO VARIABLE.
                   PARAMETER    1  N0 RESTORED TO VARIABLE.
 **********
 **   68 **FIX            0
 **********
 PARAMETER    0  IS UNDEFINED. IGNORED.
 **********
 **   69 **FIX            1
 **********
 **********
 **   70 **FIX            2
 **********
 PARAMETER    2  IS CONSTANT.   IGNORED.
 **********
 **   71 **FIX            3
 **********
 **********
 **   72 **FIX            4
 **********
 **********
 **   73 **FIX            5
 **********
 PARAMETER    5  IS CONSTANT.   IGNORED.
 **********
 **   74 **FIX            6
 **********
 **********
 **   75 **FIX            7
 **********
 **********
 **   76 **FIX            8
 **********
 **********
 **   77 **FIX            9
 **********
 **********
 **   78 **FIX           10
 **********
 **********
 **   79 **FIX           11
 **********
 **********
 **   80 **FIX           12
 **********
 **********
 **   81 **FIX           16
 **********
 **********
 **   82 **MIGRAD
 **********
 START MIGRAD MINIMIZATION.  STRATEGY  1.  CONVERGENCE WHEN EDM .LT. 1.00e-04
 FCN=233.515 FROM MIGRAD    STATUS=INITIATE       97 CALLS        1972 TOTAL
                     EDM= unknown      STRATEGY= 1      NO ERROR MATRIX       
  EXT PARAMETER               CURRENT GUESS       STEP         FIRST   
  NO.   NAME      VALUE            ERROR          SIZE      DERIVATIVE 
   1  N0           2.88035e+06     fixed    
   2  tau          6.44072e+01   constant   
   3  A0           3.51037e-01     fixed    
   4  phi          4.11486e+00     fixed    
   5  R           -5.98473e+01   constant   
   6  alpha_CBO    3.02503e-03     fixed    
   7  w_CBO        2.34309e+00     fixed    
   8  beta_CBO     9.76986e-04     fixed    
   9  alpha_2CBO   1.35240e-04     fixed    
  10  beta_2CBO    6.03208e-05     fixed    
  11  alpha_y     -1.45875e-03     fixed    
  12  w_y          1.96837e-01     fixed    
  13  beta_y       0.00000e+00   1.41421e-03   0.00000e+00   4.22982e+01
  14  alpha_vw     0.00000e+00   1.00000e-03   0.00000e+00  -1.15075e+03
  15  w_vw         0.00000e+00   1.00000e-03   0.00000e+00   0.00000e+00
  16  beta_vw      0.00000e+00     fixed    
  17  LM           4.61849e-05   constant   
 MIGRAD MINIMIZATION HAS CONVERGED.
 MIGRAD WILL VERIFY CONVERGENCE AND ERROR MATRIX.
 COVARIANCE MATRIX CALCULATED SUCCESSFULLY
 FCN=233.427 FROM MIGRAD    STATUS=CONVERGED     127 CALLS        2002 TOTAL
                     EDM=1.18189e-06    STRATEGY= 1      ERROR MATRIX ACCURATE 
  EXT PARAMETER                                   STEP         FIRST   
  NO.   NAME      VALUE            ERROR          SIZE      DERIVATIVE 
   1  N0           2.88035e+06     fixed    
   2  tau          6.44072e+01   constant   
   3  A0           3.51037e-01     fixed    
   4  phi          4.11486e+00     fixed    
   5  R           -5.98473e+01   constant   
   6  alpha_CBO    3.02503e-03     fixed    
   7  w_CBO        2.34309e+00     fixed    
   8  beta_CBO     9.76986e-04     fixed    
   9  alpha_2CBO   1.35240e-04     fixed    
  10  beta_2CBO    6.03208e-05     fixed    
  11  alpha_y     -1.45875e-03     fixed    
  12  w_y          1.96837e-01     fixed    
  13  beta_y      -4.04796e-05   7.64753e-04   5.60612e-06   2.01104e+00
  14  alpha_vw     1.51796e-04   5.92821e-04   3.79439e-06   1.61362e-01
  15  w_vw         0.00000e+00   2.79468e-01   1.00000e-01   0.00000e+00
  16  beta_vw      0.00000e+00     fixed    
  17  LM           4.61849e-05   constant   
 EXTERNAL ERROR MATRIX.    NDIM=  25    NPAR=  3    ERR DEF=1
  5.848e-07 -1.640e-08 -3.171e-05 
 -1.640e-08  3.514e-07 -8.357e-05 
 -3.171e-05 -8.357e-05  7.810e-02 
 PARAMETER  CORRELATION COEFFICIENTS  
       NO.  GLOBAL     13     14     15
       13  0.19630   1.000 -0.036 -0.148
       14  0.51675  -0.036  1.000 -0.504
       15  0.53124  -0.148 -0.504  1.000
MINUIT - FIT ALTOGETHER
 **********
 **   83 **RES 
 **********
                   PARAMETER   16  beta_vw RESTORED TO VARIABLE.
                   PARAMETER   12  w_y RESTORED TO VARIABLE.
                   PARAMETER   11  alpha_y RESTORED TO VARIABLE.
                   PARAMETER   10  beta_2CBO RESTORED TO VARIABLE.
                   PARAMETER    9  alpha_2CBO RESTORED TO VARIABLE.
                   PARAMETER    8  beta_CBO RESTORED TO VARIABLE.
                   PARAMETER    7  w_CBO RESTORED TO VARIABLE.
                   PARAMETER    6  alpha_CBO RESTORED TO VARIABLE.
                   PARAMETER    4  phi RESTORED TO VARIABLE.
                   PARAMETER    3  A0 RESTORED TO VARIABLE.
                   PARAMETER    1  N0 RESTORED TO VARIABLE.
 **********
 **   84 **MIGRAD
 **********
 START MIGRAD MINIMIZATION.  STRATEGY  1.  CONVERGENCE WHEN EDM .LT. 1.00e-04
 FCN=233.427 FROM MIGRAD    STATUS=INITIATE     1085 CALLS        3087 TOTAL
                     EDM= unknown      STRATEGY= 1      NO ERROR MATRIX       
  EXT PARAMETER               CURRENT GUESS       STEP         FIRST   
  NO.   NAME      VALUE            ERROR          SIZE      DERIVATIVE 
   1  N0           2.88035e+06   1.45079e+03   0.00000e+00   3.52127e-10
   2  tau          6.44072e+01   constant   
   3  A0           3.51037e-01   6.64671e-04   0.00000e+00  -1.94157e+02
   4  phi          4.11486e+00   1.97814e-03   0.00000e+00  -4.36519e+01
   5  R           -5.98473e+01   constant   
   6  alpha_CBO    3.02503e-03   2.35922e-03   0.00000e+00  -1.05176e+01
   7  w_CBO        2.34309e+00   6.36715e-03   0.00000e+00  -3.39659e+02
   8  beta_CBO     9.76986e-04   7.72973e-03   0.00000e+00   2.69650e+02
   9  alpha_2CBO   1.35240e-04   7.19339e-04   0.00000e+00   9.56210e+01
  10  beta_2CBO    6.03208e-05   7.16007e-04   0.00000e+00   8.44449e+00
  11  alpha_y     -1.45875e-03   6.90813e-04   0.00000e+00   1.09883e+02
  12  w_y          1.96837e-01   1.29356e-03   0.00000e+00  -3.21533e+01
  13  beta_y      -4.04796e-05   7.64753e-04   0.00000e+00   2.01104e+00
  14  alpha_vw     1.51796e-04   5.92821e-04   0.00000e+00   1.61362e-01
  15  w_vw         0.00000e+00   2.79468e-01   0.00000e+00   0.00000e+00
  16  beta_vw      0.00000e+00   1.00000e-03   0.00000e+00   0.00000e+00
  17  LM           4.61849e-05   constant   
 CALL LIMIT EXCEEDED IN MIGRAD.
 MIGRAD TERMINATED WITHOUT CONVERGENCE.
 FCN=232.881 FROM MIGRAD    STATUS=CALL LIMIT   2609 CALLS        4611 TOTAL
                     EDM=0.0106214    STRATEGY= 1  ERROR MATRIX UNCERTAINTY   1.0 per cent
  EXT PARAMETER                APPROXIMATE        STEP         FIRST   
  NO.   NAME      VALUE            ERROR          SIZE      DERIVATIVE 
   1  N0           2.88047e+06   1.24007e+03  -2.00020e+01  -2.41996e-05
   2  tau          6.44072e+01   constant   
   3  A0           3.51062e-01   6.57519e-04  -1.71146e-06  -3.27545e+01
   4  phi          4.11491e+00   1.97327e-03  -4.71768e-06  -2.15574e+01
   5  R           -5.98473e+01   constant   
   6  alpha_CBO    1.83434e-03   9.66194e-04  -4.05200e-05  -5.35568e+00
   7  w_CBO        2.34475e+00   8.47389e-04   4.06072e-05  -3.19049e+01
   8  beta_CBO     2.59226e-03   8.33305e-04   3.57803e-05   3.63371e+01
   9  alpha_2CBO  -9.57331e-06   6.91993e-04  -3.84717e-06   6.83710e+01
  10  beta_2CBO    1.49310e-04   7.02574e-04   1.10394e-07   4.66980e+01
  11  alpha_y     -1.59608e-03   7.14475e-04   1.03481e-05  -2.40880e+02
  12  w_y          2.12988e-01   5.65279e-03   3.30252e-04  -3.72255e+01
  13  beta_y      -3.12733e-04   3.53861e-03  -2.50963e-04  -5.40636e+01
  14  alpha_vw     2.11307e-04   4.31356e-04  -6.16241e-06  -7.00928e+01
  15  w_vw         0.00000e+00   4.06581e-02  -0.00000e+00   0.00000e+00
  16  beta_vw      0.00000e+00   1.41421e+00  -0.00000e+00   0.00000e+00
  17  LM           4.61849e-05   constant   
 EXTERNAL ERROR MATRIX.    NDIM=  25    NPAR= 14    ERR DEF=1
 ELEMENTS ABOVE DIAGONAL ARE NOT PRINTED.
  1.538e+06 
  6.039e-03  4.323e-07 
 -6.535e-02 -3.351e-08  3.894e-06 
 -7.123e-02  1.584e-08  1.426e-07  9.335e-07 
  5.282e-02 -2.275e-08 -1.007e-07 -4.903e-07  7.181e-07 
  7.603e-02 -2.166e-09 -7.785e-08 -3.296e-07  4.716e-07  6.944e-07 
  1.230e-02  2.181e-08  9.190e-08 -8.123e-09 -6.621e-09 -8.195e-09  4.789e-07 
  6.880e-03  9.942e-09  6.241e-08 -3.784e-08  3.563e-08  1.104e-08 -2.285e-08  4.936e-07 
 -1.671e-01 -3.959e-08 -2.271e-07  2.780e-08 -5.057e-08  1.010e-08  8.715e-08  5.207e-08  5.105e-07 
  4.310e-01 -1.335e-07 -9.230e-07 -3.696e-06  3.845e-06  3.033e-06 -3.200e-08  2.597e-07 -4.043e-07  3.195e-05 
 -1.926e-01  9.555e-08  6.350e-07  2.312e-06 -2.361e-06 -1.892e-06  1.487e-08 -1.493e-07 -5.557e-08 -1.947e-05  1.252e-05 
 -2.073e-01  1.707e-09 -2.518e-08 -3.334e-08  2.725e-08  3.358e-08  4.269e-09  2.995e-09 -5.881e-08  2.228e-07 -1.118e-07 
 -2.073e-01  1.707e-09 -2.518e-08 -3.334e-08  2.725e-08  3.358e-08  4.269e-09  2.995e-09 -5.881e-08  2.228e-07 -1.118e-07  1.861e-07 
  0.000e+00  0.000e+00  0.000e+00  0.000e+00  0.000e+00  0.000e+00  0.000e+00  0.000e+00  0.000e+00  0.000e+00  0.000e+00 
  0.000e+00  0.000e+00  0.000e+00  0.000e+00  0.000e+00  0.000e+00  0.000e+00  0.000e+00  0.000e+00  0.000e+00  0.000e+00  0.000e+00  1.653e-03 
  0.000e+00  0.000e+00  0.000e+00  0.000e+00  0.000e+00  0.000e+00  0.000e+00  0.000e+00  0.000e+00  0.000e+00  0.000e+00 
  0.000e+00  0.000e+00  0.000e+00  0.000e+00  0.000e+00  0.000e+00  0.000e+00  0.000e+00  0.000e+00  0.000e+00  0.000e+00  0.000e+00  0.000e+00  2.000e+00 
ERR MATRIX APPROXIMATE
 PARAMETER  CORRELATION COEFFICIENTS  
       NO.  GLOBAL      1      3      4      6      7      8      9     10     11     12     13     14     15     16
        1  0.51007   1.000  0.007 -0.027 -0.059  0.050  0.074  0.014  0.008 -0.189  0.061 -0.044 -0.388  0.000  0.000
        3  0.15340   0.007  1.000 -0.026  0.025 -0.041 -0.004  0.048  0.022 -0.084 -0.036  0.041  0.006  0.000  0.000
        4  0.27816  -0.027 -0.026  1.000  0.075 -0.060 -0.047  0.067  0.045 -0.161 -0.083  0.091 -0.030  0.000  0.000
        6  0.69326  -0.059  0.025  0.075  1.000 -0.599 -0.409 -0.012 -0.056  0.040 -0.677  0.676 -0.080  0.000  0.000
        7  0.83272   0.050 -0.041 -0.060 -0.599  1.000  0.668 -0.011  0.060 -0.084  0.803 -0.787  0.075  0.000  0.000
        8  0.71141   0.074 -0.004 -0.047 -0.409  0.668  1.000 -0.014  0.019  0.017  0.644 -0.642  0.093  0.000  0.000
        9  0.28462   0.014  0.048  0.067 -0.012 -0.011 -0.014  1.000 -0.047  0.176 -0.008  0.006  0.014  0.000  0.000
       10  0.22080   0.008  0.022  0.045 -0.056  0.060  0.019 -0.047  1.000  0.104  0.065 -0.060  0.010  0.000  0.000
       11  0.67378  -0.189 -0.084 -0.161  0.040 -0.084  0.017  0.176  0.104  1.000 -0.100 -0.022 -0.191  0.000  0.000
       12  0.98232   0.061 -0.036 -0.083 -0.677  0.803  0.644 -0.008  0.065 -0.100  1.000 -0.973  0.091  0.000  0.000
       13  0.98137  -0.044  0.041  0.091  0.676 -0.787 -0.642  0.006 -0.060 -0.022 -0.973  1.000 -0.073  0.000  0.000
       14  0.51352  -0.388  0.006 -0.030 -0.080  0.075  0.093  0.014  0.010 -0.191  0.091 -0.073  1.000  0.000  0.000
       15  0.00000   0.000  0.000  0.000  0.000  0.000  0.000  0.000  0.000  0.000  0.000  0.000  0.000  1.000  0.000
       16  0.00000   0.000  0.000  0.000  0.000  0.000  0.000  0.000  0.000  0.000  0.000  0.000  0.000  0.000  1.000
 ERR MATRIX APPROXIMATE
MINUIT - MINOS
 **********
 **   85 **RES 
 **********
 CALL TO MNFREE IGNORED.  THERE ARE NO FIXED PARAMETERS
 **********
 **   86 **MIG      2.5e+04        0.01
 **********
 START MIGRAD MINIMIZATION.  STRATEGY  1.  CONVERGENCE WHEN EDM .LT. 1.00e-05
 FCN=232.881 FROM MIGRAD    STATUS=INITIATE       28 CALLS        4639 TOTAL
                     EDM=0.00470268    STRATEGY= 1  ERROR MATRIX UNCERTAINTY   1.0 per cent
  EXT PARAMETER                APPROXIMATE        STEP         FIRST   
  NO.   NAME      VALUE            ERROR          SIZE      DERIVATIVE 
   1  N0           2.88047e+06   1.24007e+03  -2.00020e+01  -2.41996e-05
   2  tau          6.44072e+01   constant   
   3  A0           3.51062e-01   6.57519e-04  -1.71146e-06  -3.27545e+01
   4  phi          4.11491e+00   1.97327e-03  -4.71768e-06  -2.15574e+01
   5  R           -5.98473e+01   constant   
   6  alpha_CBO    1.83434e-03   9.66194e-04  -4.05200e-05  -5.35568e+00
   7  w_CBO        2.34475e+00   8.47389e-04   4.06072e-05  -3.19049e+01
   8  beta_CBO     2.59226e-03   8.33305e-04   3.57803e-05   3.63371e+01
   9  alpha_2CBO  -9.57331e-06   6.91993e-04  -3.84717e-06   6.83710e+01
  10  beta_2CBO    1.49310e-04   7.02574e-04   1.10394e-07   4.66980e+01
  11  alpha_y     -1.59608e-03   7.14475e-04   1.03481e-05  -2.40880e+02
  12  w_y          2.12988e-01   5.65279e-03   3.30252e-04  -3.72255e+01
  13  beta_y      -3.12733e-04   3.53861e-03  -2.50963e-04  -5.40636e+01
  14  alpha_vw     2.11307e-04   4.31356e-04  -6.16241e-06  -7.00928e+01
  15  w_vw         0.00000e+00   4.06581e-02  -0.00000e+00   0.00000e+00
  16  beta_vw      0.00000e+00   1.41421e+00  -0.00000e+00   0.00000e+00
  17  LM           4.61849e-05   constant   
 MIGRAD MINIMIZATION HAS CONVERGED.
 FCN=231.967 FROM MIGRAD    STATUS=CONVERGED    5517 CALLS       10128 TOTAL
                     EDM=4.84612e-07    STRATEGY= 1  ERROR MATRIX UNCERTAINTY   2.2 per cent
  EXT PARAMETER                                   STEP         FIRST   
  NO.   NAME      VALUE            ERROR          SIZE      DERIVATIVE 
   1  N0           2.88026e+06   1.33035e+03  -6.01371e-01  -6.55440e-08
   2  tau          6.44072e+01   constant   
   3  A0           3.51023e-01   6.57023e-04  -1.57672e-07  -1.20730e-01
   4  phi          4.11488e+00   1.99837e-03  -8.40952e-07  -1.56061e-01
   5  R           -5.98473e+01   constant   
   6  alpha_CBO   -2.24367e-03   1.98857e-03   2.25670e-06  -1.02561e-01
   7  w_CBO        2.34822e+00   2.17145e-03  -2.44221e-06   2.27321e+00
   8  beta_CBO     2.27681e-03   2.02601e-03   2.63445e-06   8.50425e-02
   9  alpha_2CBO  -5.44137e-05   7.72013e-04  -5.40444e-07  -2.50531e-01
  10  beta_2CBO   -1.68224e-04   7.16265e-04   1.55773e-07   9.94125e-03
  11  alpha_y     -1.67829e-04   2.48764e-02  -3.03382e-05  -7.21587e-01
  12  w_y          2.55835e-01   3.42332e-02   4.14334e-05  -3.84734e-01
  13  beta_y       1.80490e-03   2.00745e-03  -2.15307e-06   1.38284e-01
  14  alpha_vw     4.29697e-04   4.88967e-04   3.03130e-07  -1.89073e-01
  15  w_vw         0.00000e+00   4.06581e-02  -0.00000e+00   0.00000e+00
  16  beta_vw      0.00000e+00   1.41421e+00  -0.00000e+00   0.00000e+00
  17  LM           4.61849e-05   constant   
 EXTERNAL ERROR MATRIX.    NDIM=  25    NPAR= 14    ERR DEF=1
 ELEMENTS ABOVE DIAGONAL ARE NOT PRINTED.
  1.770e+06 
  4.839e-02  4.317e-07 
 -1.371e-02 -1.647e-08  3.993e-06 
 -9.626e-01 -1.214e-07 -2.979e-07  3.954e-06 
  1.080e+00  1.206e-07  3.180e-07 -4.103e-06  4.715e-06 
 -9.721e-01 -1.222e-07 -2.743e-07  3.606e-06 -4.127e-06  4.105e-06 
  1.467e-01  2.024e-08  4.227e-08 -6.171e-07  7.029e-07 -6.099e-07  5.960e-07 
 -4.875e-02 -1.259e-08 -1.393e-08  2.019e-07 -2.311e-07  1.791e-07 -4.132e-08  5.130e-07 
  1.296e+01  1.430e-06  2.595e-06 -4.615e-05  5.251e-05 -4.736e-05  7.819e-06 -2.564e-06  6.188e-04 
 -1.771e+01 -1.969e-06 -3.431e-06  6.341e-05 -7.214e-05  6.513e-05 -1.074e-05  3.506e-06 -8.513e-04  1.172e-03 
  1.073e+00  1.115e-07  2.605e-07 -3.631e-06  4.113e-06 -3.748e-06  6.263e-07 -2.037e-07  4.670e-05 -6.420e-05  4.030e-06 
 -3.480e-01 -7.686e-09 -4.888e-08  4.492e-07 -5.164e-07  4.674e-07 -8.167e-08  2.657e-08 -6.015e-06  8.328e-06 -4.213e-07 
 -3.480e-01 -7.686e-09 -4.888e-08  4.492e-07 -5.164e-07  4.674e-07 -8.167e-08  2.657e-08 -6.015e-06  8.328e-06 -4.213e-07  2.391e-07 
  0.000e+00  0.000e+00  0.000e+00  0.000e+00  0.000e+00  0.000e+00  0.000e+00  0.000e+00  0.000e+00  0.000e+00  0.000e+00 
  0.000e+00  0.000e+00  0.000e+00  0.000e+00  0.000e+00  0.000e+00  0.000e+00  0.000e+00  0.000e+00  0.000e+00  0.000e+00  0.000e+00  1.653e-03 
  0.000e+00  0.000e+00  0.000e+00  0.000e+00  0.000e+00  0.000e+00  0.000e+00  0.000e+00  0.000e+00  0.000e+00  0.000e+00 
  0.000e+00  0.000e+00  0.000e+00  0.000e+00  0.000e+00  0.000e+00  0.000e+00  0.000e+00  0.000e+00  0.000e+00  0.000e+00  0.000e+00  0.000e+00  2.000e+00 
 PARAMETER  CORRELATION COEFFICIENTS  
       NO.  GLOBAL      1      3      4      6      7      8      9     10     11     12     13     14     15     16
        1  0.61465   1.000  0.055 -0.005 -0.364  0.374 -0.361  0.143 -0.051  0.392 -0.389  0.402 -0.535  0.000  0.000
        3  0.11288   0.055  1.000 -0.013 -0.093  0.085 -0.092  0.040 -0.027  0.088 -0.088  0.085 -0.024  0.000  0.000
        4  0.14448  -0.005 -0.013  1.000 -0.075  0.073 -0.068  0.027 -0.010  0.052 -0.050  0.065 -0.050  0.000  0.000
        6  0.95170  -0.364 -0.093 -0.075  1.000 -0.950  0.895 -0.402  0.142 -0.933  0.931 -0.910  0.462  0.000  0.000
        7  0.98327   0.374  0.085  0.073 -0.950  1.000 -0.938  0.419 -0.149  0.972 -0.971  0.943 -0.486  0.000  0.000
        8  0.95023  -0.361 -0.092 -0.068  0.895 -0.938  1.000 -0.390  0.123 -0.940  0.939 -0.921  0.472  0.000  0.000
        9  0.42292   0.143  0.040  0.027 -0.402  0.419 -0.390  1.000 -0.075  0.407 -0.406  0.404 -0.216  0.000  0.000
       10  0.16196  -0.051 -0.027 -0.010  0.142 -0.149  0.123 -0.075  1.000 -0.144  0.143 -0.142  0.076  0.000  0.000
       11  0.99967   0.392  0.088  0.052 -0.933  0.972 -0.940  0.407 -0.144  1.000 -1.000  0.935 -0.495  0.000  0.000
       12  0.99965  -0.389 -0.088 -0.050  0.931 -0.971  0.939 -0.406  0.143 -1.000  1.000 -0.934  0.498  0.000  0.000
       13  0.95500   0.402  0.085  0.065 -0.910  0.943 -0.921  0.404 -0.142  0.935 -0.934  1.000 -0.429  0.000  0.000
       14  0.66942  -0.535 -0.024 -0.050  0.462 -0.486  0.472 -0.216  0.076 -0.495  0.498 -0.429  1.000  0.000  0.000
       15  0.00000   0.000  0.000  0.000  0.000  0.000  0.000  0.000  0.000  0.000  0.000  0.000  0.000  1.000  0.000
       16  0.00000   0.000  0.000  0.000  0.000  0.000  0.000  0.000  0.000  0.000  0.000  0.000  0.000  0.000  1.000
 **********
 **   87 **MINO      2.5e+04
 **********
                         POSITIVE MINOS ERROR NOT CALCULATED FOR PARAMETER 1
                         NEGATIVE MINOS ERROR NOT CALCULATED FOR PARAMETER 1
 CALL LIMIT EXCEEDED IN MIGRAD.
                         POSITIVE MINOS ERROR NOT CALCULATED FOR PARAMETER 11
 CALL LIMIT EXCEEDED IN MIGRAD.
                         NEGATIVE MINOS ERROR NOT CALCULATED FOR PARAMETER 11
                         POSITIVE MINOS ERROR NOT CALCULATED FOR PARAMETER 13
                         POSITIVE MINOS ERROR NOT CALCULATED FOR PARAMETER 14
                         NEGATIVE MINOS ERROR NOT CALCULATED FOR PARAMETER 14
 CALL LIMIT EXCEEDED IN MIGRAD.
 FCN=231.267 FROM MINOS     STATUS=NEW MINIMU 175274 CALLS      185402 TOTAL
                     EDM= unknown      STRATEGY= 1      NO ERROR MATRIX       
  EXT PARAMETER                  PARABOLIC         MINOS ERRORS        
  NO.   NAME      VALUE            ERROR      NEGATIVE      POSITIVE   
   1  N0           2.97999e+06   6.34267e+04                            
   2  tau          6.44072e+01   constant   
   3  A0           3.50967e-01   6.63814e-04  -6.71366e-04   6.69492e-04
   4  phi          4.11491e+00   2.00963e-03  -2.02928e-03   2.04397e-03
   5  R           -5.98473e+01   constant   
   6  alpha_CBO   -7.28126e-04   1.41184e-02  -1.66671e-03   6.13973e-03
   7  w_CBO        2.34680e+00   1.12031e-02  -2.31194e-02   2.35208e-02
   8  beta_CBO     3.14882e-03   2.86024e-03  -6.15405e-03   1.64005e-03
   9  alpha_2CBO  -1.81213e-04   6.89191e-04  -8.30913e-04   9.01133e-04
  10  beta_2CBO   -1.67570e-05   1.75794e-03  -7.31553e-04   1.03615e-03
  11  alpha_y     -3.56948e-03   6.18565e-03                            
  12  w_y          1.78942e-01   5.20348e-03  -4.60995e-02   3.36630e-02
  13  beta_y       3.69001e-03   8.84764e-03  -4.16306e-03              
  14  alpha_vw     3.14355e-02   1.92409e-02                            
  15  w_vw         4.06581e-02   4.06581e-02                            
  16  beta_vw      1.85203e-02   1.19532e-02                            
  17  LM           4.61849e-05   constant   
 NEW MINIMUM FOUND.  GO BACK TO MINIMIZATION STEP.
 =================================================
                                                  V
                                                  V
                                                  V
                                               VVVVVVV
                                                VVVVV
                                                 VVV
                                                  V

 START MIGRAD MINIMIZATION.  STRATEGY  1.  CONVERGENCE WHEN EDM .LT. 5.00e-05
 FCN=231.267 FROM MIGRAD    STATUS=INITIATE       32 CALLS      185434 TOTAL
                     EDM= unknown      STRATEGY= 1      NO ERROR MATRIX       
  EXT PARAMETER               CURRENT GUESS       STEP         FIRST   
  NO.   NAME      VALUE            ERROR          SIZE      DERIVATIVE 
   1  N0           2.97999e+06   6.34267e+04   4.71186e+02   3.72802e-07
   2  tau          6.44072e+01   constant   
   3  A0           3.50967e-01   6.63814e-04  -4.11082e-07  -1.12774e-01
   4  phi          4.11491e+00   2.00963e-03  -1.12727e-06  -1.44094e-01
   5  R           -5.98473e+01   constant   
   6  alpha_CBO   -7.28126e-04   1.41184e-02  -7.82838e-05   2.24050e+00
   7  w_CBO        2.34680e+00   1.12031e-02   6.30895e-05   5.34416e+00
   8  beta_CBO     3.14882e-03   2.86024e-03  -1.67880e-05   5.31038e+00
   9  alpha_2CBO  -1.81213e-04   6.89191e-04   6.42516e-07  -4.51692e-01
  10  beta_2CBO   -1.67570e-05   1.75794e-03  -8.67925e-06   1.73901e+00
  11  alpha_y     -3.56948e-03   6.18565e-03   3.97839e-05  -9.26784e+00
  12  w_y          1.78942e-01   5.20348e-03  -3.78273e-05   2.30745e+00
  13  beta_y       3.69001e-03   8.84764e-03   6.62845e-05   7.20456e+00
  14  alpha_vw     3.14355e-02   1.92409e-02   1.43197e-04  -1.52597e+00
  15  w_vw         4.06581e-02   4.06581e-02   4.06581e-02  -6.72712e+00
  16  beta_vw      1.85203e-02   1.19532e-02   8.74183e-05  -3.81012e-01
  17  LM           4.61849e-05   constant   
 MIGRAD MINIMIZATION HAS CONVERGED.
 MIGRAD WILL VERIFY CONVERGENCE AND ERROR MATRIX.
 FCN=231.267 FROM HESSE     STATUS=NOT POSDEF    148 CALLS      185642 TOTAL
                     EDM=0.000155692    STRATEGY= 1      ERR MATRIX NOT POS-DEF
  EXT PARAMETER                APPROXIMATE        STEP         FIRST   
  NO.   NAME      VALUE            ERROR          SIZE      DERIVATIVE 
   1  N0           2.97999e+06   1.99387e+04   1.08899e+01   5.27328e-07
   2  tau          6.44072e+01   constant   
   3  A0           3.50967e-01   6.67491e-04   4.95680e-06   2.05050e-01
   4  phi          4.11491e+00   2.03529e-03   1.50645e-05   1.88004e-02
   5  R           -5.98473e+01   constant   
   6  alpha_CBO   -7.28260e-04   8.47973e-03   5.31871e-06  -1.34128e-01
   7  w_CBO        2.34680e+00   6.78118e-03   4.12693e-06   4.37374e-01
   8  beta_CBO     3.14755e-03   2.09485e-03   5.36374e-06  -3.19407e-01
   9  alpha_2CBO  -1.81087e-04   7.20412e-04   5.35026e-06   1.01332e-01
  10  beta_2CBO   -1.71090e-05   1.21625e-03   5.33196e-06  -2.66950e-01
  11  alpha_y     -3.56711e-03   6.36379e-03   5.04556e-06  -5.55103e-01
  12  w_y          1.78942e-01   4.33498e-03   2.54418e-06   3.26882e+00
  13  beta_y       3.68833e-03   6.31743e-03   5.28846e-06  -1.01416e+00
  14  alpha_vw     3.14356e-02   7.74837e-03   4.37909e-06  -8.03491e-01
  15  w_vw         4.06582e-02   7.87891e-04   6.27643e-07  -3.09439e+00
  16  beta_vw      1.85202e-02   1.10304e-02   6.60977e-06  -6.85635e-02
  17  LM           4.61849e-05   constant   
 CALL LIMIT EXCEEDED IN MIGRAD.
 MIGRAD TERMINATED WITHOUT CONVERGENCE.
 FCN=231.121 FROM MIGRAD    STATUS=CALL LIMIT  25025 CALLS      210427 TOTAL
                     EDM=0.000113551    STRATEGY= 1      ERR MATRIX NOT POS-DEF
  EXT PARAMETER                APPROXIMATE        STEP         FIRST   
  NO.   NAME      VALUE            ERROR          SIZE      DERIVATIVE 
   1  N0           3.06278e+06   1.01579e+05   6.04893e+01   3.42202e-06
   2  tau          6.44072e+01   constant   
   3  A0           3.50957e-01   6.69094e-04  -3.41438e-07  -1.19403e+00
   4  phi          4.11493e+00   2.02235e-03  -4.62329e-08   3.85490e-01
   5  R           -5.98473e+01   constant   
   6  alpha_CBO   -1.83091e-04   1.28271e-02   5.11854e-05   1.76865e+00
   7  w_CBO        2.34636e+00   9.93870e-03  -3.97736e-05   2.06163e+00
   8  beta_CBO     3.22924e-03   6.60437e-04  -2.23665e-06  -1.12262e+01
   9  alpha_2CBO  -1.75920e-04   8.64329e-04   2.61507e-06   2.00591e+00
  10  beta_2CBO    4.52405e-05   1.54376e-03   5.90333e-06  -4.77249e-01
  11  alpha_y      9.72446e-03   1.86828e-02   4.91414e-05   1.69429e+01
  12  w_y          1.42756e-01   7.43977e-03  -2.27310e-05   3.03630e+01
  13  beta_y       4.73732e-03   2.63829e-02  -8.39906e-05   1.43356e+00
  14  alpha_vw     1.58152e-02   2.40796e-02   9.92842e-06  -5.82571e+00
  15  w_vw         4.26812e-02   6.41915e-04  -1.78439e-07  -8.94406e+01
  16  beta_vw      6.65257e-02   3.13139e-02   2.16806e-05  -1.04652e+01
  17  LM           4.61849e-05   constant   
 EXTERNAL ERROR MATRIX.    NDIM=  25    NPAR= 14    ERR DEF=1
 ELEMENTS ABOVE DIAGONAL ARE NOT PRINTED.
  1.032e+10 
 -4.614e+00  4.477e-07 
 -9.602e+00 -6.303e-09  4.090e-06 
 -9.686e+02  1.921e-07  1.407e-06  1.645e-04 
  7.488e+02 -1.639e-07 -1.094e-06 -1.273e-04  9.878e-05 
 -4.542e+01  1.926e-08  2.012e-08  4.137e-06 -3.199e-06  4.362e-07 
 -3.342e+01  4.517e-09  3.140e-08  6.333e-06 -4.927e-06  1.884e-07  7.471e-07 
 -1.041e+02  2.651e-08  1.344e-07  1.750e-05 -1.357e-05  4.045e-07  6.771e-07  2.383e-06 
  1.607e+03 -5.009e-07 -2.971e-07 -1.582e-04  1.229e-04 -8.220e-06 -5.334e-06 -1.734e-05  3.490e-04 
 -5.976e+02  1.834e-07  5.070e-08  5.869e-05 -4.562e-05  3.204e-06  1.947e-06  6.440e-06 -1.381e-04  5.535e-05 
 -2.011e+03  5.873e-07 -3.506e-07  1.997e-04 -1.554e-04  1.123e-05  6.588e-06  2.201e-05 -4.859e-04  1.956e-04  6.961e-04 
  2.442e+03 -1.122e-06 -2.421e-06 -2.281e-04  1.763e-04 -1.061e-05 -7.874e-06 -2.448e-05  3.688e-04 -1.363e-04 -4.562e-04 
  2.442e+03 -1.122e-06 -2.421e-06 -2.281e-04  1.763e-04 -1.061e-05 -7.874e-06 -2.448e-05  3.688e-04 -1.363e-04 -4.562e-04  5.798e-04 
 -6.364e+01  3.009e-08  9.310e-08  5.929e-06 -4.577e-06  2.730e-07  2.029e-07  6.326e-07 -9.251e-06  3.431e-06  1.126e-05 
 -6.364e+01  3.009e-08  9.310e-08  5.929e-06 -4.577e-06  2.730e-07  2.029e-07  6.326e-07 -9.251e-06  3.431e-06  1.126e-05 -1.517e-05  4.121e-07 
  3.179e+03 -1.414e-06 -2.829e-06 -2.994e-04  2.315e-04 -1.412e-05 -1.032e-05 -3.220e-05  5.035e-04 -1.878e-04 -6.338e-04 
  3.179e+03 -1.414e-06 -2.829e-06 -2.994e-04  2.315e-04 -1.412e-05 -1.032e-05 -3.220e-05  5.035e-04 -1.878e-04 -6.338e-04  7.511e-04 -1.953e-05  9.806e-04 
ERR MATRIX NOT POS-DEF
 PARAMETER  CORRELATION COEFFICIENTS  
       NO.  GLOBAL      1      3      4      6      7      8      9     10     11     12     13     14     15     16
        1  0.99999   1.000 -0.068 -0.047 -0.743  0.742 -0.677 -0.381 -0.664  0.847 -0.791 -0.751  0.999 -0.976  0.999
        3  0.21896  -0.068  1.000 -0.005  0.022 -0.025  0.044  0.008  0.026 -0.040  0.037  0.033 -0.070  0.070 -0.067
        4  0.20592  -0.047 -0.005  1.000  0.054 -0.054  0.015  0.018  0.043 -0.008  0.003 -0.007 -0.050  0.072 -0.045
        6  0.99858  -0.743  0.022  0.054  1.000 -0.998  0.488  0.571  0.884 -0.660  0.615  0.590 -0.738  0.720 -0.745
        7  0.99856   0.742 -0.025 -0.054 -0.998  1.000 -0.487 -0.574 -0.885  0.662 -0.617 -0.593  0.736 -0.717  0.744
        8  0.89358  -0.677  0.044  0.015  0.488 -0.487  1.000  0.330  0.397 -0.666  0.652  0.645 -0.667  0.644 -0.683
        9  0.64280  -0.381  0.008  0.018  0.571 -0.574  0.330  1.000  0.507 -0.330  0.303  0.289 -0.378  0.366 -0.381
       10  0.88970  -0.664  0.026  0.043  0.884 -0.885  0.397  0.507  1.000 -0.601  0.561  0.540 -0.658  0.638 -0.666
       11  0.99990   0.847 -0.040 -0.008 -0.660  0.662 -0.666 -0.330 -0.601  1.000 -0.994 -0.986  0.820 -0.771  0.861
       12  0.99993  -0.791  0.037  0.003  0.615 -0.617  0.652  0.303  0.561 -0.994  1.000  0.996 -0.761  0.719 -0.806
       13  0.99980  -0.751  0.033 -0.007  0.590 -0.593  0.645  0.289  0.540 -0.986  0.996  1.000 -0.718  0.665 -0.767
       14  0.99995   0.999 -0.070 -0.050 -0.738  0.736 -0.667 -0.378 -0.658  0.820 -0.761 -0.718  1.000 -0.981  0.996
       15  0.99911  -0.976  0.070  0.072  0.720 -0.717  0.644  0.366  0.638 -0.771  0.719  0.665 -0.981  1.000 -0.971
       16  0.99996   0.999 -0.067 -0.045 -0.745  0.744 -0.683 -0.381 -0.666  0.861 -0.806 -0.767  0.996 -0.971  1.000
 ERR MATRIX NOT POS-DEF
 FUNCTION MUST BE MINIMIZED BEFORE CALLING MINOs     
 START MIGRAD MINIMIZATION.  STRATEGY  1.  CONVERGENCE WHEN EDM .LT. 1.00e-04
 FCN=231.121 FROM MIGRAD    STATUS=INITIATE       28 CALLS      210455 TOTAL
                     EDM=6.99369e-06    STRATEGY= 1      ERR MATRIX NOT POS-DEF
  EXT PARAMETER                APPROXIMATE        STEP         FIRST   
  NO.   NAME      VALUE            ERROR          SIZE      DERIVATIVE 
   1  N0           3.06278e+06   1.01579e+05   6.04893e+01   3.42202e-06
   2  tau          6.44072e+01   constant   
   3  A0           3.50957e-01   6.69094e-04  -3.41438e-07  -1.19403e+00
   4  phi          4.11493e+00   2.02235e-03  -4.62329e-08   3.85490e-01
   5  R           -5.98473e+01   constant   
   6  alpha_CBO   -1.83091e-04   1.28271e-02   5.11854e-05   1.76865e+00
   7  w_CBO        2.34636e+00   9.93870e-03  -3.97736e-05   2.06163e+00
   8  beta_CBO     3.22924e-03   6.60437e-04  -2.23665e-06  -1.12262e+01
   9  alpha_2CBO  -1.75920e-04   8.64329e-04   2.61507e-06   2.00591e+00
  10  beta_2CBO    4.52405e-05   1.54376e-03   5.90333e-06  -4.77250e-01
  11  alpha_y      9.72446e-03   1.86828e-02   4.91414e-05   1.69429e+01
  12  w_y          1.42756e-01   7.43977e-03  -2.27310e-05   3.03630e+01
  13  beta_y       4.73732e-03   2.63829e-02  -8.39906e-05   1.43356e+00
  14  alpha_vw     1.58152e-02   2.40796e-02   9.92842e-06  -5.82571e+00
  15  w_vw         4.26812e-02   6.41915e-04  -1.78439e-07  -8.94406e+01
  16  beta_vw      6.65257e-02   3.13139e-02   2.16806e-05  -1.04652e+01
  17  LM           4.61849e-05   constant   
 MIGRAD MINIMIZATION HAS CONVERGED.
 MIGRAD WILL VERIFY CONVERGENCE AND ERROR MATRIX.
 FCN=231.1 FROM HESSE     STATUS=NOT POSDEF    148 CALLS      217450 TOTAL
                     EDM=7.95857e-05    STRATEGY= 1      ERR MATRIX NOT POS-DEF
  EXT PARAMETER                APPROXIMATE        STEP         FIRST   
  NO.   NAME      VALUE            ERROR          SIZE      DERIVATIVE 
   1  N0           3.08773e+06   1.70295e+04   1.12531e+01   7.81121e-06
   2  tau          6.44072e+01   constant   
   3  A0           3.50956e-01   6.67112e-04   4.95502e-06   4.51523e+00
   4  phi          4.11492e+00   2.03463e-03   1.50597e-05  -1.33153e+00
   5  R           -5.98473e+01   constant   
   6  alpha_CBO   -6.80366e-05   7.68855e-03   5.32712e-06   6.89127e+00
   7  w_CBO        2.34627e+00   5.97581e-03   4.11508e-06   1.00747e+01
   8  beta_CBO     3.23774e-03   7.40299e-04   5.35125e-06  -7.42670e-01
   9  alpha_2CBO  -1.70959e-04   7.79392e-04   5.33361e-06   7.18067e+00
  10  beta_2CBO    5.88831e-05   1.08413e-03   5.34470e-06   3.27700e+00
  11  alpha_y     -8.56476e-03   5.35568e-03   4.85979e-06  -1.36498e+01
  12  w_y          1.35866e-01   1.34002e-03   8.85383e-07   3.38157e+01
  13  beta_y      -9.62937e-03   4.56721e-03   5.11136e-06  -6.06434e+00
  14  alpha_vw     1.22507e-02   1.19801e-02   7.84022e-06  -7.77099e+00
  15  w_vw         4.28718e-02   3.85442e-04   2.70097e-07  -1.19970e+02
  16  beta_vw      7.71007e-02   5.93969e-03   3.94211e-06  -2.28127e+01
  17  LM           4.61849e-05   constant   
 MIGRAD MINIMIZATION HAS CONVERGED.
 MIGRAD WILL VERIFY CONVERGENCE AND ERROR MATRIX.
 FCN=231.075 FROM MIGRAD    STATUS=CONVERGED   17100 CALLS      227527 TOTAL
                     EDM=3.36722e-05    STRATEGY= 1      ERR MATRIX NOT POS-DEF
  EXT PARAMETER                APPROXIMATE        STEP         FIRST   
  NO.   NAME      VALUE            ERROR          SIZE      DERIVATIVE 
   1  N0           3.13995e+06   1.98838e+04   1.14297e+01   1.05476e-06
   2  tau          6.44072e+01   constant   
   3  A0           3.50953e-01   6.67323e-04   4.95477e-06  -2.22773e+00
   4  phi          4.11493e+00   2.03508e-03   1.50590e-05  -5.05148e-01
   5  R           -5.98473e+01   constant   
   6  alpha_CBO    4.27519e-04   8.00342e-03   5.33544e-06  -5.63128e-01
   7  w_CBO        2.34588e+00   6.27096e-03   4.11494e-06  -8.80047e-01
   8  beta_CBO     3.21036e-03   1.27362e-03   5.34231e-06  -2.17137e+00
   9  alpha_2CBO  -1.45630e-04   9.07329e-04   5.32490e-06  -2.16267e-01
  10  beta_2CBO    1.06834e-04   1.00881e-03   5.35296e-06   2.23502e+00
  11  alpha_y      1.36358e-02   4.16731e-03   5.05013e-06   1.88379e+00
  12  w_y          1.27252e-01   1.14831e-03   6.99752e-07  -2.71361e+01
  13  beta_y       8.25879e-03   6.21615e-03   4.75816e-06   6.51327e+00
  14  alpha_vw     6.10233e-02   8.54427e-03   5.08578e-06  -1.33292e+00
  15  w_vw         4.15582e-02   2.54287e-04   2.20416e-07   6.35710e+01
  16  beta_vw      7.49990e-02   7.78837e-03   4.72893e-06  -4.31555e+00
  17  LM           4.61849e-05   constant   
 EXTERNAL ERROR MATRIX.    NDIM=  25    NPAR= 14    ERR DEF=1
 ELEMENTS ABOVE DIAGONAL ARE NOT PRINTED.
  3.954e+08 
 -2.346e-01  4.453e-07 
 -1.992e-01 -2.018e-09  4.142e-06 
 -3.127e-01 -9.248e-08  4.586e-07  6.405e-05 
  4.326e-02  5.860e-08 -3.549e-07 -4.999e-05  3.932e-05 
  1.854e-01  1.661e-08 -8.618e-08 -8.378e-06  6.595e-06  1.622e-06 
 -1.581e-02 -6.124e-09  5.138e-09  4.435e-06 -3.499e-06 -5.974e-07  8.232e-07 
  9.165e-02 -2.585e-10  2.763e-08  5.643e-06 -4.436e-06 -7.570e-07  3.931e-07  1.018e-06 
  1.576e+01  3.433e-08  1.604e-07  3.427e-07 -2.239e-07 -5.130e-08  4.202e-09  6.283e-10  1.737e-05 
 -1.218e-01 -3.356e-09  2.394e-08  5.244e-08 -4.120e-08 -1.889e-09 -9.973e-11  4.287e-09 -4.378e-06  1.319e-06 
  1.057e+01 -1.449e-08 -1.612e-07 -3.294e-07  2.374e-07  3.066e-08 -3.394e-10 -1.545e-08 -2.392e-05  6.784e-06  3.864e-05 
  9.193e+01 -3.847e-08  1.644e-07  3.605e-07 -2.840e-07 -1.097e-08  2.266e-10  2.940e-08  4.016e-06 -5.932e-08  8.968e-08 
  9.193e+01 -3.847e-08  1.644e-07  3.605e-07 -2.840e-07 -1.097e-08  2.266e-10  2.940e-08  4.016e-06 -5.932e-08  8.968e-08  7.300e-05 
 -3.491e-01  9.501e-11  1.627e-08  3.344e-08 -2.462e-08 -2.476e-09  5.895e-11  1.807e-09  8.317e-08  1.092e-08 -6.530e-08 
 -3.491e-01  9.501e-11  1.627e-08  3.344e-08 -2.462e-08 -2.476e-09  5.895e-11  1.807e-09  8.317e-08  1.092e-08 -6.530e-08 -1.720e-06  6.466e-08 
  9.714e+01 -7.198e-08 -1.626e-07 -2.976e-07  1.785e-07  5.673e-08 -2.465e-09  6.390e-09  5.295e-06 -3.250e-07  2.825e-06 
  9.714e+01 -7.198e-08 -1.626e-07 -2.976e-07  1.785e-07  5.673e-08 -2.465e-09  6.390e-09  5.295e-06 -3.250e-07  2.825e-06 -2.051e-05  1.311e-06  6.066e-05 
ERR MATRIX NOT POS-DEF
 PARAMETER  CORRELATION COEFFICIENTS  
       NO.  GLOBAL      1      3      4      6      7      8      9     10     11     12     13     14     15     16
        1  0.99679   1.000 -0.018 -0.005 -0.002  0.000  0.007 -0.001  0.005  0.190 -0.005  0.086  0.541 -0.069  0.627
        3  0.08577  -0.018  1.000 -0.001 -0.017  0.014  0.020 -0.010 -0.000  0.012 -0.004 -0.003 -0.007  0.001 -0.014
        4  0.11864  -0.005 -0.001  1.000  0.028 -0.028 -0.033  0.003  0.013  0.019  0.010 -0.013  0.009  0.031 -0.010
        6  0.99599  -0.002 -0.017  0.028  1.000 -0.996 -0.822  0.611  0.699  0.010  0.006 -0.007  0.005  0.016 -0.005
        7  0.99612   0.000  0.014 -0.028 -0.996  1.000  0.826 -0.615 -0.701 -0.009 -0.006  0.006 -0.005 -0.015  0.004
        8  0.82660   0.007  0.020 -0.033 -0.822  0.826  1.000 -0.517 -0.589 -0.010 -0.001  0.004 -0.001 -0.008  0.006
        9  0.61640  -0.001 -0.010  0.003  0.611 -0.615 -0.517  1.000  0.429  0.001 -0.000 -0.000  0.000  0.000 -0.000
       10  0.70209   0.005 -0.000  0.013  0.699 -0.701 -0.589  0.429  1.000  0.000  0.004 -0.002  0.003  0.007  0.001
       11  0.98665   0.190  0.012  0.019  0.010 -0.009 -0.010  0.001  0.000  1.000 -0.915 -0.924  0.113  0.078  0.163
       12  0.99665  -0.005 -0.004  0.010  0.006 -0.006 -0.001 -0.000  0.004 -0.915  1.000  0.950 -0.006  0.037 -0.036
       13  0.99473   0.086 -0.003 -0.013 -0.007  0.006  0.004 -0.000 -0.002 -0.924  0.950  1.000  0.002 -0.041  0.058
       14  0.99680   0.541 -0.007  0.009  0.005 -0.005 -0.001  0.000  0.003  0.113 -0.006  0.002  1.000 -0.792 -0.308
       15  0.99321  -0.069  0.001  0.031  0.016 -0.015 -0.008  0.000  0.007  0.078  0.037 -0.041 -0.792  1.000  0.662
       16  0.99668   0.627 -0.014 -0.010 -0.005  0.004  0.006 -0.000  0.001  0.163 -0.036  0.058 -0.308  0.662  1.000
 ERR MATRIX NOT POS-DEF
 COVARIANCE MATRIX CALCULATED SUCCESSFULLY
 MIGRAD FAILS WITH STRATEGY=0.   WILL TRY WITH STRATEGY=1.
                         POSITIVE MINOS ERROR NOT CALCULATED FOR PARAMETER 6
                         NEGATIVE MINOS ERROR NOT CALCULATED FOR PARAMETER 10
 MIGRAD FAILS WITH STRATEGY=0.   WILL TRY WITH STRATEGY=1.
                         POSITIVE MINOS ERROR NOT CALCULATED FOR PARAMETER 11
 MIGRAD FAILS WITH STRATEGY=0.   WILL TRY WITH STRATEGY=1.
                         NEGATIVE MINOS ERROR NOT CALCULATED FOR PARAMETER 11
 FCN=230.953 FROM MINOS     STATUS=NEW MINIMU 224191 CALLS      451866 TOTAL
                     EDM= unknown      STRATEGY= 1      NO ERROR MATRIX       
  EXT PARAMETER                  PARABOLIC         MINOS ERRORS        
  NO.   NAME      VALUE            ERROR      NEGATIVE      POSITIVE   
   1  N0           4.89077e+06   7.55113e+05  -1.81087e+05   1.57440e+06
   2  tau          6.44072e+01   constant   
   3  A0           3.50942e-01   6.68690e-04  -6.74478e-04   6.74618e-04
   4  phi          4.11495e+00   2.02812e-03  -2.05108e-03   2.05289e-03
   5  R           -5.98473e+01   constant   
   6  alpha_CBO    8.82305e-04   1.39098e-02  -3.95803e-03              
   7  w_CBO        2.34552e+00   1.12588e-02  -2.17919e-02   2.34787e-02
   8  beta_CBO     3.12443e-03   4.32200e-03  -7.12046e-03   7.52853e-04
   9  alpha_2CBO  -1.09730e-04   1.51393e-03  -2.19964e-04   8.44691e-04
  10  beta_2CBO    1.44466e-04   1.11191e-03                 8.05180e-04
  11  alpha_y     -4.38825e-01   8.55699e-02                            
  12  w_y          5.47372e-02   1.71574e-02                 1.40477e-01
  13  beta_y       6.00011e-02   2.35053e-02                            
  14  alpha_vw     8.17442e-01   1.50439e-01                            
  15  w_vw         3.86174e-02   2.25178e-04                            
  16  beta_vw     -2.42850e-01   1.16529e-01                            
  17  LM           4.61849e-05   constant   
 NEW MINIMUM FOUND.  GO BACK TO MINIMIZATION STEP.
 =================================================
                                                  V
                                                  V
                                                  V
                                               VVVVVVV
                                                VVVVV
                                                 VVV
                                                  V

 START MIGRAD MINIMIZATION.  STRATEGY  1.  CONVERGENCE WHEN EDM .LT. 5.00e-05
 FCN=230.953 FROM MIGRAD    STATUS=INITIATE       30 CALLS      451896 TOTAL
                     EDM= unknown      STRATEGY= 1      NO ERROR MATRIX       
  EXT PARAMETER               CURRENT GUESS       STEP         FIRST   
  NO.   NAME      VALUE            ERROR          SIZE      DERIVATIVE 
   1  N0           4.89077e+06   7.55113e+05   4.19843e+02  -1.85691e-07
   2  tau          6.44072e+01   constant   
   3  A0           3.50942e-01   6.68690e-04   4.50096e-07  -2.48468e-01
   4  phi          4.11495e+00   2.02812e-03  -6.35252e-07   7.57279e-02
   5  R           -5.98473e+01   constant   
   6  alpha_CBO    8.82305e-04   1.39098e-02  -9.27140e-07   7.81543e-01
   7  w_CBO        2.34552e+00   1.12588e-02   6.94506e-07   1.21071e-01
   8  beta_CBO     3.12443e-03   4.32200e-03  -2.59692e-07   9.56894e-01
   9  alpha_2CBO  -1.09730e-04   1.51393e-03   9.34149e-08   1.14992e-01
  10  beta_2CBO    1.44466e-04   1.11191e-03  -4.24516e-08   1.63218e-01
  11  alpha_y     -4.38825e-01   8.55699e-02  -4.72025e-05   1.21014e+00
  12  w_y          5.47372e-02   1.71574e-02   1.71574e-02   7.17098e+00
  13  beta_y       6.00011e-02   2.35053e-02   3.10840e-06  -1.63638e-01
  14  alpha_vw     8.17442e-01   1.50439e-01   8.35498e-05   1.33978e+00
  15  w_vw         3.86174e-02   2.25178e-04  -1.11873e-07  -4.92214e+00
  16  beta_vw     -2.42850e-01   1.16529e-01  -5.95116e-05  -4.04002e-01
  17  LM           4.61849e-05   constant   
 MIGRAD MINIMIZATION HAS CONVERGED.
 MIGRAD WILL VERIFY CONVERGENCE AND ERROR MATRIX.
 FCN=230.953 FROM MIGRAD    STATUS=CONVERGED     208 CALLS      452074 TOTAL
                     EDM=5.2155e-06    STRATEGY= 1      ERR MATRIX NOT POS-DEF
  EXT PARAMETER                APPROXIMATE        STEP         FIRST   
  NO.   NAME      VALUE            ERROR          SIZE      DERIVATIVE 
   1  N0           4.89077e+06   2.31357e+04   1.69671e+01   1.05501e-07
   2  tau          6.44072e+01   constant   
   3  A0           3.50942e-01   6.67211e-04   4.95349e-06  -1.79634e-01
   4  phi          4.11495e+00   2.02806e-03   1.50556e-05   4.29115e-02
   5  R           -5.98473e+01   constant   
   6  alpha_CBO    8.82209e-04   7.25300e-03   5.34397e-06   4.05182e-01
   7  w_CBO        2.34552e+00   5.83765e-03   4.10356e-06  -2.02424e-01
   8  beta_CBO     3.12432e-03   2.15184e-03   5.33099e-06   4.87488e-01
   9  alpha_2CBO  -1.09744e-04   9.94073e-04   5.31937e-06   2.82393e-02
  10  beta_2CBO    1.44445e-04   8.68290e-04   5.35574e-06   6.17378e-02
  11  alpha_y     -4.38825e-01   2.95001e-03   2.62612e-06  -8.13878e-01
  12  w_y          5.47372e-02   4.20237e-05   2.61008e-08   3.85036e+01
  13  beta_y       6.00011e-02   7.32767e-03   4.17436e-06   3.22456e-01
  14  alpha_vw     8.17442e-01   4.31292e-03   2.51459e-06  -7.65610e-01
  15  w_vw         3.86174e-02   2.91884e-05   1.84142e-08  -4.87652e+01
  16  beta_vw     -2.42849e-01   8.44296e-03   4.75432e-06   3.79166e-01
  17  LM           4.61849e-05   constant   
 EXTERNAL ERROR MATRIX.    NDIM=  25    NPAR= 14    ERR DEF=1
 ELEMENTS ABOVE DIAGONAL ARE NOT PRINTED.
  5.353e+08 
 -4.964e-01  4.452e-07 
 -4.395e-01 -2.642e-09  4.113e-06 
 -7.668e-01 -8.038e-08  3.358e-07  5.261e-05 
  1.579e-01  5.142e-08 -2.719e-07 -4.213e-05  3.408e-05 
  5.701e-01  2.695e-08 -1.231e-07 -1.464e-05  1.184e-05  4.630e-06 
  1.955e-02 -5.046e-09  7.295e-09  4.975e-06 -4.034e-06 -1.414e-06  9.882e-07 
  2.483e-01  2.116e-09  1.905e-08  3.516e-06 -2.838e-06 -9.971e-07  3.360e-07  7.539e-07 
 -1.315e+01 -7.597e-08 -7.850e-08 -1.390e-07  4.671e-08  8.513e-08  2.519e-09  3.239e-08  8.703e-06 
  1.262e-01  6.116e-11  1.269e-09  2.435e-09 -1.777e-09 -5.799e-10  1.608e-11  9.478e-11 -9.307e-09  1.766e-09 
 -1.132e+01  8.897e-09  2.035e-07  3.878e-07 -2.862e-07 -8.925e-08  2.530e-09  1.764e-08  6.494e-07 -1.261e-07  5.369e-05 
  6.069e+01 -9.284e-09 -3.332e-08 -5.720e-08  4.013e-08  1.462e-08  5.651e-11 -1.657e-09 -8.869e-06 -1.888e-08  2.493e-07 
  6.069e+01 -9.284e-09 -3.332e-08 -5.720e-08  4.013e-08  1.462e-08  5.651e-11 -1.657e-09 -8.869e-06 -1.888e-08  2.493e-07  1.860e-05 
 -1.213e-01 -1.716e-11  1.177e-09  2.169e-09 -1.644e-09 -4.424e-10  1.681e-11  1.319e-10  3.160e-09  4.736e-10  7.330e-08 
 -1.213e-01 -1.716e-11  1.177e-09  2.169e-09 -1.644e-09 -4.424e-10  1.681e-11  1.319e-10  3.160e-09  4.736e-10  7.330e-08  1.494e-08  8.520e-10 
 -7.386e+01 -1.923e-08 -2.781e-07 -5.154e-07  3.666e-07  1.287e-07 -2.922e-09 -1.402e-08  3.599e-06 -8.750e-08 -1.756e-05 
 -7.386e+01 -1.923e-08 -2.781e-07 -5.154e-07  3.666e-07  1.287e-07 -2.922e-09 -1.402e-08  3.599e-06 -8.750e-08 -1.756e-05  5.859e-06  7.687e-08  7.128e-05 
ERR MATRIX NOT POS-DEF
 PARAMETER  CORRELATION COEFFICIENTS  
       NO.  GLOBAL      1      3      4      6      7      8      9     10     11     12     13     14     15     16
        1  0.99425   1.000 -0.032 -0.009 -0.005  0.001  0.011  0.001  0.012 -0.193  0.130 -0.067  0.608 -0.180 -0.378
        3  0.08656  -0.032  1.000 -0.002 -0.017  0.013  0.019 -0.008  0.004 -0.039  0.002  0.002 -0.003 -0.001 -0.003
        4  0.08740  -0.009 -0.002  1.000  0.023 -0.023 -0.028  0.004  0.011 -0.013  0.015  0.014 -0.004  0.020 -0.016
        6  0.99510  -0.005 -0.017  0.023  1.000 -0.995 -0.938  0.690  0.558 -0.006  0.008  0.007 -0.002  0.010 -0.008
        7  0.99554   0.001  0.013 -0.023 -0.995  1.000  0.943 -0.695 -0.560  0.003 -0.007 -0.007  0.002 -0.010  0.007
        8  0.94312   0.011  0.019 -0.028 -0.938  0.943  1.000 -0.661 -0.534  0.013 -0.006 -0.006  0.002 -0.007  0.007
        9  0.69598   0.001 -0.008  0.004  0.690 -0.695 -0.661  1.000  0.389  0.001  0.000  0.000  0.000  0.001 -0.000
       10  0.56117   0.012  0.004  0.011  0.558 -0.560 -0.534  0.389  1.000  0.013  0.003  0.003 -0.000  0.005 -0.002
       11  0.99284  -0.193 -0.039 -0.013 -0.006  0.003  0.013  0.001  0.013  1.000 -0.075  0.030 -0.697  0.037  0.144
       12  0.99695   0.130  0.002  0.015  0.008 -0.007 -0.006  0.000  0.003 -0.075  1.000 -0.409 -0.104  0.386 -0.247
       13  0.99707  -0.067  0.002  0.014  0.007 -0.007 -0.006  0.000  0.003  0.030 -0.409  1.000  0.008  0.343 -0.284
       14  0.99693   0.608 -0.003 -0.004 -0.002  0.002  0.002  0.000 -0.000 -0.697 -0.104  0.008  1.000  0.119  0.161
       15  0.99689  -0.180 -0.001  0.020  0.010 -0.010 -0.007  0.001  0.005  0.037  0.386  0.343  0.119  1.000  0.312
       16  0.99714  -0.378 -0.003 -0.016 -0.008  0.007  0.007 -0.000 -0.002  0.144 -0.247 -0.284  0.161  0.312  1.000
 ERR MATRIX NOT POS-DEF
                         POSITIVE MINOS ERROR NOT CALCULATED FOR PARAMETER 1
                         NEGATIVE MINOS ERROR NOT CALCULATED FOR PARAMETER 1
 MIGRAD FAILS WITH STRATEGY=0.   WILL TRY WITH STRATEGY=1.
 MIGRAD FAILS WITH STRATEGY=0.   WILL TRY WITH STRATEGY=1.
 MIGRAD FAILS WITH STRATEGY=0.   WILL TRY WITH STRATEGY=1.
                         POSITIVE MINOS ERROR NOT CALCULATED FOR PARAMETER 11
                         NEGATIVE MINOS ERROR NOT CALCULATED FOR PARAMETER 11
 MIGRAD FAILS WITH STRATEGY=0.   WILL TRY WITH STRATEGY=1.
                         POSITIVE MINOS ERROR NOT CALCULATED FOR PARAMETER 12
 MIGRAD FAILS WITH STRATEGY=0.   WILL TRY WITH STRATEGY=1.
                         NEGATIVE MINOS ERROR NOT CALCULATED FOR PARAMETER 12
 MIGRAD FAILS WITH STRATEGY=0.   WILL TRY WITH STRATEGY=1.
                         POSITIVE MINOS ERROR NOT CALCULATED FOR PARAMETER 13
                         NEGATIVE MINOS ERROR NOT CALCULATED FOR PARAMETER 13
                         POSITIVE MINOS ERROR NOT CALCULATED FOR PARAMETER 14
                         NEGATIVE MINOS ERROR NOT CALCULATED FOR PARAMETER 14
 MIGRAD FAILS WITH STRATEGY=0.   WILL TRY WITH STRATEGY=1.
                         POSITIVE MINOS ERROR NOT CALCULATED FOR PARAMETER 15
                         NEGATIVE MINOS ERROR NOT CALCULATED FOR PARAMETER 15
                         POSITIVE MINOS ERROR NOT CALCULATED FOR PARAMETER 16
 MIGRAD FAILS WITH STRATEGY=0.   WILL TRY WITH STRATEGY=1.
                         NEGATIVE MINOS ERROR NOT CALCULATED FOR PARAMETER 16
 FCN=230.953 FROM MINOS     STATUS=PROBLEMS   141822 CALLS      594044 TOTAL
                     EDM=5.16555e-06    STRATEGY= 1      ERR MATRIX NOT POS-DEF
  EXT PARAMETER                  PARABOLIC         MINOS ERRORS        
  NO.   NAME      VALUE            ERROR      NEGATIVE      POSITIVE   
   1  N0           4.89077e+06   2.31452e+04                            
   2  tau          6.44072e+01   constant   
   3  A0           3.50942e-01   6.67216e-04  -6.74296e-04   6.75178e-04
   4  phi          4.11495e+00   2.02808e-03  -2.05215e-03   2.04913e-03
   5  R           -5.98473e+01   constant   
   6  alpha_CBO    8.82209e-04   7.22190e-03  -4.82966e-03   3.07783e-03
   7  w_CBO        2.34552e+00   5.81367e-03  -2.16915e-02   2.33462e-02
   8  beta_CBO     3.12432e-03   2.14836e-03  -7.04666e-03   8.43354e-04
   9  alpha_2CBO  -1.09744e-04   9.92417e-04  -7.96728e-04   9.90603e-04
  10  beta_2CBO    1.44445e-04   8.66547e-04  -1.05662e-03   7.51756e-04
  11  alpha_y     -4.38825e-01   2.95197e-03                            
  12  w_y          5.47372e-02   4.20739e-05                            
  13  beta_y       6.00011e-02   7.33627e-03                            
  14  alpha_vw     8.17442e-01   4.31764e-03                            
  15  w_vw         3.86174e-02   2.92031e-05                            
  16  beta_vw     -2.42849e-01   8.44688e-03                            
  17  LM           4.61849e-05   constant   
 **********
 **   88 **SHO COR 
 **********
 PARAMETER  CORRELATION COEFFICIENTS  
       NO.  GLOBAL      1      3      4      6      7      8      9     10     11     12     13     14     15     16
        1  0.99426   1.000 -0.032 -0.009 -0.005  0.001  0.012  0.001  0.012 -0.193  0.130 -0.066  0.609 -0.178 -0.378
        3  0.08659  -0.032  1.000 -0.002 -0.017  0.013  0.019 -0.008  0.004 -0.039  0.002  0.002 -0.003 -0.001 -0.003
        4  0.08745  -0.009 -0.002  1.000  0.023 -0.023 -0.028  0.004  0.011 -0.013  0.015  0.014 -0.004  0.020 -0.016
        6  0.99506  -0.005 -0.017  0.023  1.000 -0.995 -0.938  0.689  0.556 -0.007  0.008  0.007 -0.002  0.010 -0.008
        7  0.99550   0.001  0.013 -0.023 -0.995  1.000  0.943 -0.694 -0.558  0.003 -0.007 -0.007  0.002 -0.009  0.007
        8  0.94293   0.012  0.019 -0.028 -0.938  0.943  1.000 -0.660 -0.531  0.014 -0.006 -0.006  0.002 -0.007  0.007
        9  0.69474   0.001 -0.008  0.004  0.689 -0.694 -0.660  1.000  0.387  0.001  0.000  0.000  0.000  0.000 -0.000
       10  0.55870   0.012  0.004  0.011  0.556 -0.558 -0.531  0.387  1.000  0.012  0.003  0.003 -0.000  0.005 -0.002
       11  0.99285  -0.193 -0.039 -0.013 -0.007  0.003  0.014  0.001  0.012  1.000 -0.075  0.030 -0.697  0.036  0.144
       12  0.99695   0.130  0.002  0.015  0.008 -0.007 -0.006  0.000  0.003 -0.075  1.000 -0.410 -0.104  0.386 -0.247
       13  0.99708  -0.066  0.002  0.014  0.007 -0.007 -0.006  0.000  0.003  0.030 -0.410  1.000  0.008  0.343 -0.284
       14  0.99694   0.609 -0.003 -0.004 -0.002  0.002  0.002  0.000 -0.000 -0.697 -0.104  0.008  1.000  0.119  0.161
       15  0.99690  -0.178 -0.001  0.020  0.010 -0.009 -0.007  0.000  0.005  0.036  0.386  0.343  0.119  1.000  0.311
       16  0.99714  -0.378 -0.003 -0.016 -0.008  0.007  0.007 -0.000 -0.002  0.144 -0.247 -0.284  0.161  0.311  1.000
 ERR MATRIX NOT POS-DEF
 ELEMENTS ABOVE DIAGONAL ARE NOT PRINTED.
