 + ++++++++++++++++++++++++++++++++++++++++++++++++++++++++++++++++++++ +
 +                                                                      +
 +           You have chose to blind your fitting according to          +
 +                omega_ref * (1 + (R +/- deltaR) *10^{-6})             +
 +                                                                      +
 + ++++++++++++++++++++++++++++++++++++++++++++++++++++++++++++++++++++ +
In main()...
reading format from /gm2data/zkhechad/run45/envelope/formats/formatB_sBin_constraintOn.txt
pBinTau 	= 0  
pBinPhi 	= 0  
constraintau 	= 1 
includeMopTerm 	= 0    
constrainMop    = 0   
Parameters after format file: pBinTau 0 pBinPhi 0 constraintau 1 includeMopTerm 0 constrainMop 0 c_e_scale 0.000000 
reading cbo reference file (full fit) from /gm2data/zkhechad/cboTemplates/Run4CBOTemplates/fullFits/noRF/sBin_constraintOn_cE0.0_seed0_noRF_calo6.root
A_CBO 0.009914 w_CBO 2.327064 phi_CBO 5.086703 N0 2910109.104084 R -61.556618 tau 64.406212 
Reading cboRef file /gm2data/zkhechad/cboTemplates/Run4CBOTemplates//cboIsolate/noRF_calo6.root
deltaT 21.905649
windowBins = 240
fitting sliding window 600 from bin 803 at 119.807600 to bin 1043 at 155.615600 (240 bins)

Reading data from /gm2data/cornell/histograms/aMethod/histogram_a_noRF.root
fitting cbo isolate
 **********
 **    1 **SET PRINTOUT            1
 **********
 **********
 **    2 **SET NOWARNINGS 
 **********
 PARAMETER DEFINITIONS:
    NO.   NAME         VALUE      STEP SIZE      LIMITS
     1 A_CBO        9.91354e-03  1.00000e-05     no limits
     2 w_CBO        2.32706e+00  1.00000e-02    2.00000e+00  3.00000e+00
     3 phi_CBO      5.08670e+00  1.00000e-02    0.00000e+00  6.28319e+00
 **********
 **    3 **MIGRAD
 **********
 FIRST CALL TO USER FUNCTION AT NEW START POINT, WITH IFLAG=4.
 START MIGRAD MINIMIZATION.  STRATEGY  1.  CONVERGENCE WHEN EDM .LT. 1.00e-04
 FCN=0.00338592 FROM MIGRAD    STATUS=INITIATE       12 CALLS          13 TOTAL
                     EDM= unknown      STRATEGY= 1      NO ERROR MATRIX       
  EXT PARAMETER               CURRENT GUESS       STEP         FIRST   
  NO.   NAME      VALUE            ERROR          SIZE      DERIVATIVE 
   1  A_CBO        9.91354e-03   1.00000e-05   1.00000e-05   1.21621e+00
   2  w_CBO        2.32706e+00   1.00000e-02   2.13178e-02  -4.21405e-02
   3  phi_CBO      5.08670e+00   1.00000e-02   4.05352e-03   1.53625e-03
 MIGRAD MINIMIZATION HAS CONVERGED.
 MIGRAD WILL VERIFY CONVERGENCE AND ERROR MATRIX.
 COVARIANCE MATRIX CALCULATED SUCCESSFULLY
 FCN=0.000293417 FROM MIGRAD    STATUS=CONVERGED      46 CALLS          47 TOTAL
                     EDM=4.49094e-06    STRATEGY= 1      ERROR MATRIX ACCURATE 
  EXT PARAMETER                                   STEP         FIRST   
  NO.   NAME      VALUE            ERROR          SIZE      DERIVATIVE 
   1  A_CBO        4.81474e-03   9.16358e-02   4.46803e-05  -6.87652e-03
   2  w_CBO        2.32724e+00   6.52443e-01   1.42573e-04   4.29331e-05
   3  phi_CBO      5.06664e+00   3.88727e+00   3.62701e-03  -3.91213e-05
 EXTERNAL ERROR MATRIX.    NDIM=  25    NPAR=  3    ERR DEF=1
  8.397e-03 -8.817e-03 -1.229e+00 
 -8.817e-03  2.056e+00  2.812e+02 
 -1.229e+00  2.812e+02  3.880e+04 
 PARAMETER  CORRELATION COEFFICIENTS  
       NO.  GLOBAL      1      2      3
        1  0.06843   1.000 -0.067 -0.068
        2  0.99540  -0.067  1.000  0.995
        3  0.99540  -0.068  0.995  1.000
setting A_CBO=0.004815 w_CBO=2.327240, phi_CBO=5.066638
done fitting cbo isolate
 **********
 **    1 **SET PRINTOUT            1
 **********
 **********
 **    2 **SET NOWARNINGS 
 **********
 PARAMETER DEFINITIONS:
    NO.   NAME         VALUE      STEP SIZE      LIMITS
     1 N0           2.91011e+06  1.00000e+02     no limits
     2 tau          6.44062e+01  constant
     3 A0           3.53687e-01  1.00000e-04     no limits
     4 phi          4.11543e+00  1.00000e-02     no limits
     5 R           -6.15566e+01  constant
     6 A_CBO        4.81474e-03  1.00000e-05     no limits
     7 w_CBO        2.32724e+00  1.00000e-03     no limits
     8 phi_CBO      5.06664e+00  1.00000e-04     no limits
     9 ANx2         0.00000e+00  constant
    10 pNx2         0.00000e+00  constant
    11 ANy1         5.80946e-03  1.00000e-06     no limits
    12 pNy1         2.76189e+00  1.00000e-04     no limits
    13 w_y          0.00000e+00  1.00000e-03     no limits
    14 ANy2         8.88654e-03  1.00000e-06     no limits
    15 pNy2         5.70658e+00  1.00000e-04     no limits
    16 w_vw         1.44513e+01  1.00000e-03     no limits
    17 LM           4.69963e-05  constant
    18 wCBO_expCoeff   0.00000e+00  constant
    19 wCBO_expOffset   0.00000e+00  constant
    20 wCBO_expT    0.00000e+00  constant
    21 wCBO_linCoeff   0.00000e+00  constant
    22 wCBO_const   0.00000e+00  constant
MINUIT - FIT ONLY WIGGLE
 **********
 **    3 **FIX            5
 **********
 PARAMETER    5  IS CONSTANT.   IGNORED.
 **********
 **    4 **FIX            6
 **********
 **********
 **    5 **FIX            7
 **********
 **********
 **    6 **FIX            8
 **********
 **********
 **    7 **FIX            9
 **********
 PARAMETER    9  IS CONSTANT.   IGNORED.
 **********
 **    8 **FIX           10
 **********
 PARAMETER   10  IS CONSTANT.   IGNORED.
 **********
 **    9 **FIX           11
 **********
 **********
 **   10 **FIX           12
 **********
 **********
 **   11 **FIX           13
 **********
 **********
 **   12 **FIX           14
 **********
 **********
 **   13 **FIX           15
 **********
 **********
 **   14 **FIX           16
 **********
 **********
 **   15 **MIGRAD
 **********
 FIRST CALL TO USER FUNCTION AT NEW START POINT, WITH IFLAG=4.
 START MIGRAD MINIMIZATION.  STRATEGY  1.  CONVERGENCE WHEN EDM .LT. 1.00e-04
 FCN=4470.72 FROM MIGRAD    STATUS=INITIATE       12 CALLS          13 TOTAL
                     EDM= unknown      STRATEGY= 1      NO ERROR MATRIX       
  EXT PARAMETER               CURRENT GUESS       STEP         FIRST   
  NO.   NAME      VALUE            ERROR          SIZE      DERIVATIVE 
   1  N0           2.91011e+06   1.00000e+02   1.00000e+02  -2.33955e-01
   2  tau          6.44062e+01   constant   
   3  A0           3.53687e-01   1.00000e-04   1.00000e-04  -9.70827e+03
   4  phi          4.11543e+00   1.00000e-02   1.00000e-02   2.52849e+03
   5  R           -6.15566e+01   constant   
   6  A_CBO        4.81474e-03     fixed    
   7  w_CBO        2.32724e+00     fixed    
   8  phi_CBO      5.06664e+00     fixed    
   9  ANx2         0.00000e+00   constant   
  10  pNx2         0.00000e+00   constant   
  11  ANy1         5.80946e-03     fixed    
  12  pNy1         2.76189e+00     fixed    
  13  w_y          0.00000e+00     fixed    
  14  ANy2         8.88654e-03     fixed    
  15  pNy2         5.70658e+00     fixed    
  16  w_vw         1.44513e+01     fixed    
  17  LM           4.69963e-05   constant   
  18  wCBO_expCoeff   0.00000e+00   constant   
  19  wCBO_expOffset   0.00000e+00   constant   
  20  wCBO_expT    0.00000e+00   constant   
  21  wCBO_linCoeff   0.00000e+00   constant   
  22  wCBO_const   0.00000e+00   constant   
 MIGRAD MINIMIZATION HAS CONVERGED.
 MIGRAD WILL VERIFY CONVERGENCE AND ERROR MATRIX.
 COVARIANCE MATRIX CALCULATED SUCCESSFULLY
 FCN=2584.83 FROM MIGRAD    STATUS=CONVERGED      49 CALLS          50 TOTAL
                     EDM=9.00446e-10    STRATEGY= 1      ERROR MATRIX ACCURATE 
  EXT PARAMETER                                   STEP         FIRST   
  NO.   NAME      VALUE            ERROR          SIZE      DERIVATIVE 
   1  N0           2.92623e+06   3.71316e+02   9.19861e+00  -1.92775e-08
   2  tau          6.44062e+01   constant   
   3  A0           3.53739e-01   1.71244e-04   4.25110e-06  -2.30098e-01
   4  phi          4.11550e+00   5.00777e-04   1.24307e-05  -2.70824e-02
   5  R           -6.15566e+01   constant   
   6  A_CBO        4.81474e-03     fixed    
   7  w_CBO        2.32724e+00     fixed    
   8  phi_CBO      5.06664e+00     fixed    
   9  ANx2         0.00000e+00   constant   
  10  pNx2         0.00000e+00   constant   
  11  ANy1         5.80946e-03     fixed    
  12  pNy1         2.76189e+00     fixed    
  13  w_y          0.00000e+00     fixed    
  14  ANy2         8.88654e-03     fixed    
  15  pNy2         5.70658e+00     fixed    
  16  w_vw         1.44513e+01     fixed    
  17  LM           4.69963e-05   constant   
  18  wCBO_expCoeff   0.00000e+00   constant   
  19  wCBO_expOffset   0.00000e+00   constant   
  20  wCBO_expT    0.00000e+00   constant   
  21  wCBO_linCoeff   0.00000e+00   constant   
  22  wCBO_const   0.00000e+00   constant   
 EXTERNAL ERROR MATRIX.    NDIM=  25    NPAR=  3    ERR DEF=1
  1.379e+05 -7.706e-04  3.300e-03 
 -7.706e-04  2.932e-08  1.325e-09 
  3.300e-03  1.325e-09  2.508e-07 
 PARAMETER  CORRELATION COEFFICIENTS  
       NO.  GLOBAL      1      3      4
        1  0.02165   1.000 -0.012  0.018
        3  0.01981  -0.012  1.000  0.015
        4  0.02367   0.018  0.015  1.000
MINUIT - FIT ONLY 1-CBO + other amplitudes 
 **********
 **   16 **RES 
 **********
                   PARAMETER   16  w_vw RESTORED TO VARIABLE.
                   PARAMETER   15  pNy2 RESTORED TO VARIABLE.
                   PARAMETER   14  ANy2 RESTORED TO VARIABLE.
                   PARAMETER   13  w_y RESTORED TO VARIABLE.
                   PARAMETER   12  pNy1 RESTORED TO VARIABLE.
                   PARAMETER   11  ANy1 RESTORED TO VARIABLE.
                   PARAMETER    8  phi_CBO RESTORED TO VARIABLE.
                   PARAMETER    7  w_CBO RESTORED TO VARIABLE.
                   PARAMETER    6  A_CBO RESTORED TO VARIABLE.
 **********
 **   17 **FIX            0
 **********
 PARAMETER    0  IS UNDEFINED. IGNORED.
 **********
 **   18 **FIX            1
 **********
 **********
 **   19 **FIX            2
 **********
 PARAMETER    2  IS CONSTANT.   IGNORED.
 **********
 **   20 **FIX            3
 **********
 **********
 **   21 **FIX            4
 **********
 **********
 **   22 **FIX            9
 **********
 PARAMETER    9  IS CONSTANT.   IGNORED.
 **********
 **   23 **FIX           11
 **********
 **********
 **   24 **FIX           12
 **********
 **********
 **   25 **FIX           14
 **********
 **********
 **   26 **FIX           15
 **********
 **********
 **   27 **FIX           16
 **********
 **********
 **   28 **MIGRAD
 **********
 START MIGRAD MINIMIZATION.  STRATEGY  1.  CONVERGENCE WHEN EDM .LT. 1.00e-04
 FCN=2584.83 FROM MIGRAD    STATUS=INITIATE       16 CALLS          66 TOTAL
                     EDM= unknown      STRATEGY= 1      NO ERROR MATRIX       
  EXT PARAMETER               CURRENT GUESS       STEP         FIRST   
  NO.   NAME      VALUE            ERROR          SIZE      DERIVATIVE 
   1  N0           2.92623e+06     fixed    
   2  tau          6.44062e+01   constant   
   3  A0           3.53739e-01     fixed    
   4  phi          4.11550e+00     fixed    
   5  R           -6.15566e+01   constant   
   6  A_CBO        4.81474e-03   1.00000e-05   1.00000e-05  -6.55354e+03
   7  w_CBO        2.32724e+00   1.00000e-03   1.00000e-03   1.42919e+03
   8  phi_CBO      5.06664e+00   1.00000e-04   1.00000e-04  -1.61187e+01
   9  ANx2         0.00000e+00   constant   
  10  pNx2         0.00000e+00   constant   
  11  ANy1         5.80946e-03     fixed    
  12  pNy1         2.76189e+00     fixed    
  13  w_y          0.00000e+00   1.00000e-03   1.00000e-03  -1.48284e+03
  14  ANy2         8.88654e-03     fixed    
  15  pNy2         5.70658e+00     fixed    
  16  w_vw         1.44513e+01     fixed    
  17  LM           4.69963e-05   constant   
  18  wCBO_expCoeff   0.00000e+00   constant   
  19  wCBO_expOffset   0.00000e+00   constant   
  20  wCBO_expT    0.00000e+00   constant   
  21  wCBO_linCoeff   0.00000e+00   constant   
  22  wCBO_const   0.00000e+00   constant   
 MIGRAD MINIMIZATION HAS CONVERGED.
 MIGRAD WILL VERIFY CONVERGENCE AND ERROR MATRIX.
 COVARIANCE MATRIX CALCULATED SUCCESSFULLY
 FCN=2582.4 FROM MIGRAD    STATUS=CONVERGED     104 CALLS         154 TOTAL
                     EDM=1.16499e-07    STRATEGY= 1      ERROR MATRIX ACCURATE 
  EXT PARAMETER                                   STEP         FIRST   
  NO.   NAME      VALUE            ERROR          SIZE      DERIVATIVE 
   1  N0           2.92623e+06     fixed    
   2  tau          6.44062e+01   constant   
   3  A0           3.53739e-01     fixed    
   4  phi          4.11550e+00     fixed    
   5  R           -6.15566e+01   constant   
   6  A_CBO        4.92699e-03   1.79795e-04   4.46077e-06  -5.60192e-01
   7  w_CBO        2.33213e+00   3.55059e-03   6.64176e-06   8.75152e-02
   8  phi_CBO      5.73928e+00   4.82187e-01   9.01941e-04  -5.74831e-04
   9  ANx2         0.00000e+00   constant   
  10  pNx2         0.00000e+00   constant   
  11  ANy1         5.80946e-03     fixed    
  12  pNy1         2.76189e+00     fixed    
  13  w_y          1.51559e-04   4.09392e-04   1.01416e-05  -1.14519e+00
  14  ANy2         8.88654e-03     fixed    
  15  pNy2         5.70658e+00     fixed    
  16  w_vw         1.44513e+01     fixed    
  17  LM           4.69963e-05   constant   
  18  wCBO_expCoeff   0.00000e+00   constant   
  19  wCBO_expOffset   0.00000e+00   constant   
  20  wCBO_expT    0.00000e+00   constant   
  21  wCBO_linCoeff   0.00000e+00   constant   
  22  wCBO_const   0.00000e+00   constant   
 EXTERNAL ERROR MATRIX.    NDIM=  25    NPAR=  4    ERR DEF=1
  3.233e-08 -8.923e-09 -1.296e-06  1.092e-09 
 -8.923e-09  1.261e-05  1.707e-03  2.399e-08 
 -1.296e-06  1.707e-03  2.325e-01  3.646e-06 
  1.092e-09  2.399e-08  3.646e-06  1.676e-07 
 PARAMETER  CORRELATION COEFFICIENTS  
       NO.  GLOBAL      6      7      8     13
        6  0.02474   1.000 -0.014 -0.015  0.015
        7  0.99716  -0.014  1.000  0.997  0.017
        8  0.99716  -0.015  0.997  1.000  0.018
       13  0.03494   0.015  0.017  0.018  1.000
MINUIT - FIT ONLY 1-CBO
 **********
 **   29 **RES 
 **********
                   PARAMETER   16  w_vw RESTORED TO VARIABLE.
                   PARAMETER   15  pNy2 RESTORED TO VARIABLE.
                   PARAMETER   14  ANy2 RESTORED TO VARIABLE.
                   PARAMETER   12  pNy1 RESTORED TO VARIABLE.
                   PARAMETER   11  ANy1 RESTORED TO VARIABLE.
                   PARAMETER    4  phi RESTORED TO VARIABLE.
                   PARAMETER    3  A0 RESTORED TO VARIABLE.
                   PARAMETER    1  N0 RESTORED TO VARIABLE.
 **********
 **   30 **FIX            0
 **********
 PARAMETER    0  IS UNDEFINED. IGNORED.
 **********
 **   31 **FIX            1
 **********
 **********
 **   32 **FIX            2
 **********
 PARAMETER    2  IS CONSTANT.   IGNORED.
 **********
 **   33 **FIX            3
 **********
 **********
 **   34 **FIX            4
 **********
 **********
 **   35 **FIX            8
 **********
 **********
 **   36 **FIX            9
 **********
 PARAMETER    9  IS CONSTANT.   IGNORED.
 **********
 **   37 **FIX           11
 **********
 **********
 **   38 **FIX           12
 **********
 **********
 **   39 **FIX           13
 **********
 **********
 **   40 **FIX           15
 **********
 **********
 **   41 **FIX           16
 **********
 **********
 **   42 **MIGRAD
 **********
 START MIGRAD MINIMIZATION.  STRATEGY  1.  CONVERGENCE WHEN EDM .LT. 1.00e-04
 FCN=2582.4 FROM MIGRAD    STATUS=INITIATE        8 CALLS         162 TOTAL
                     EDM= unknown      STRATEGY= 1      NO ERROR MATRIX       
  EXT PARAMETER               CURRENT GUESS       STEP         FIRST   
  NO.   NAME      VALUE            ERROR          SIZE      DERIVATIVE 
   1  N0           2.92623e+06     fixed    
   2  tau          6.44062e+01   constant   
   3  A0           3.53739e-01     fixed    
   4  phi          4.11550e+00     fixed    
   5  R           -6.15566e+01   constant   
   6  A_CBO        4.92699e-03   1.79795e-04   4.46077e-06  -5.60192e-01
   7  w_CBO        2.33213e+00   3.55059e-03   6.64176e-06   8.85885e-02
   8  phi_CBO      5.73928e+00     fixed    
   9  ANx2         0.00000e+00   constant   
  10  pNx2         0.00000e+00   constant   
  11  ANy1         5.80946e-03     fixed    
  12  pNy1         2.76189e+00     fixed    
  13  w_y          1.51559e-04     fixed    
  14  ANy2         8.88654e-03   1.00000e-06   1.00000e-06   5.59798e+05
  15  pNy2         5.70658e+00     fixed    
  16  w_vw         1.44513e+01     fixed    
  17  LM           4.69963e-05   constant   
  18  wCBO_expCoeff   0.00000e+00   constant   
  19  wCBO_expOffset   0.00000e+00   constant   
  20  wCBO_expT    0.00000e+00   constant   
  21  wCBO_linCoeff   0.00000e+00   constant   
  22  wCBO_const   0.00000e+00   constant   
 MIGRAD MINIMIZATION HAS CONVERGED.
 MIGRAD WILL VERIFY CONVERGENCE AND ERROR MATRIX.
 COVARIANCE MATRIX CALCULATED SUCCESSFULLY
 FCN=98.292 FROM MIGRAD    STATUS=CONVERGED      45 CALLS         199 TOTAL
                     EDM=1.61363e-09    STRATEGY= 1      ERROR MATRIX ACCURATE 
  EXT PARAMETER                                   STEP         FIRST   
  NO.   NAME      VALUE            ERROR          SIZE      DERIVATIVE 
   1  N0           2.92623e+06     fixed    
   2  tau          6.44062e+01   constant   
   3  A0           3.53739e-01     fixed    
   4  phi          4.11550e+00     fixed    
   5  R           -6.15566e+01   constant   
   6  A_CBO        4.96955e-03   1.79734e-04   8.74407e-07  -2.32523e-01
   7  w_CBO        2.33207e+00   2.65789e-04   1.29303e-06   1.46847e-01
   8  phi_CBO      5.73928e+00     fixed    
   9  ANx2         0.00000e+00   constant   
  10  pNx2         0.00000e+00   constant   
  11  ANy1         5.80946e-03     fixed    
  12  pNy1         2.76189e+00     fixed    
  13  w_y          1.51559e-04     fixed    
  14  ANy2         1.15325e-05   1.78067e-04   8.66368e-07  -2.48314e-03
  15  pNy2         5.70658e+00     fixed    
  16  w_vw         1.44513e+01     fixed    
  17  LM           4.69963e-05   constant   
  18  wCBO_expCoeff   0.00000e+00   constant   
  19  wCBO_expOffset   0.00000e+00   constant   
  20  wCBO_expT    0.00000e+00   constant   
  21  wCBO_linCoeff   0.00000e+00   constant   
  22  wCBO_const   0.00000e+00   constant   
 EXTERNAL ERROR MATRIX.    NDIM=  25    NPAR=  3    ERR DEF=1
  3.230e-08  6.234e-10 -1.553e-10 
  6.234e-10  7.064e-08  1.997e-10 
 -1.553e-10  1.997e-10  3.171e-08 
 PARAMETER  CORRELATION COEFFICIENTS  
       NO.  GLOBAL      6      7     14
        6  0.01394   1.000  0.013 -0.005
        7  0.01374   0.013  1.000  0.004
       14  0.00647  -0.005  0.004  1.000
MINUIT - FIT ONLY 2-CBO
 **********
 **   43 **RES 
 **********
                   PARAMETER   16  w_vw RESTORED TO VARIABLE.
                   PARAMETER   15  pNy2 RESTORED TO VARIABLE.
                   PARAMETER   13  w_y RESTORED TO VARIABLE.
                   PARAMETER   12  pNy1 RESTORED TO VARIABLE.
                   PARAMETER   11  ANy1 RESTORED TO VARIABLE.
                   PARAMETER    8  phi_CBO RESTORED TO VARIABLE.
                   PARAMETER    4  phi RESTORED TO VARIABLE.
                   PARAMETER    3  A0 RESTORED TO VARIABLE.
                   PARAMETER    1  N0 RESTORED TO VARIABLE.
 **********
 **   44 **FIX            0
 **********
 PARAMETER    0  IS UNDEFINED. IGNORED.
 **********
 **   45 **FIX            1
 **********
 **********
 **   46 **FIX            2
 **********
 PARAMETER    2  IS CONSTANT.   IGNORED.
 **********
 **   47 **FIX            3
 **********
 **********
 **   48 **FIX            4
 **********
 **********
 **   49 **FIX            5
 **********
 PARAMETER    5  IS CONSTANT.   IGNORED.
 **********
 **   50 **FIX            6
 **********
 **********
 **   51 **FIX            7
 **********
 **********
 **   52 **FIX           10
 **********
 PARAMETER   10  IS CONSTANT.   IGNORED.
 **********
 **   53 **FIX           11
 **********
 **********
 **   54 **FIX           12
 **********
 **********
 **   55 **FIX           13
 **********
 **********
 **   56 **FIX           14
 **********
 **********
 **   57 **FIX           15
 **********
 **********
 **   58 **FIX           16
 **********
 **********
 **   59 **MIGRAD
 **********
 START MIGRAD MINIMIZATION.  STRATEGY  1.  CONVERGENCE WHEN EDM .LT. 1.00e-04
 FCN=98.292 FROM MIGRAD    STATUS=INITIATE        2 CALLS         201 TOTAL
                     EDM= unknown      STRATEGY= 1      NO ERROR MATRIX       
  EXT PARAMETER               CURRENT GUESS       STEP         FIRST   
  NO.   NAME      VALUE            ERROR          SIZE      DERIVATIVE 
   1  N0           2.92623e+06     fixed    
   2  tau          6.44062e+01   constant   
   3  A0           3.53739e-01     fixed    
   4  phi          4.11550e+00     fixed    
   5  R           -6.15566e+01   constant   
   6  A_CBO        4.96955e-03     fixed    
   7  w_CBO        2.33207e+00     fixed    
   8  phi_CBO      5.73928e+00   4.82187e-01   4.82187e-01   1.63319e+00
   9  ANx2         0.00000e+00   constant   
  10  pNx2         0.00000e+00   constant   
  11  ANy1         5.80946e-03     fixed    
  12  pNy1         2.76189e+00     fixed    
  13  w_y          1.51559e-04     fixed    
  14  ANy2         1.15325e-05     fixed    
  15  pNy2         5.70658e+00     fixed    
  16  w_vw         1.44513e+01     fixed    
  17  LM           4.69963e-05   constant   
  18  wCBO_expCoeff   0.00000e+00   constant   
  19  wCBO_expOffset   0.00000e+00   constant   
  20  wCBO_expT    0.00000e+00   constant   
  21  wCBO_linCoeff   0.00000e+00   constant   
  22  wCBO_const   0.00000e+00   constant   
 MIGRAD MINIMIZATION HAS CONVERGED.
 MIGRAD WILL VERIFY CONVERGENCE AND ERROR MATRIX.
 COVARIANCE MATRIX CALCULATED SUCCESSFULLY
 FCN=98.2911 FROM MIGRAD    STATUS=CONVERGED      10 CALLS         209 TOTAL
                     EDM=7.91016e-13    STRATEGY= 1      ERROR MATRIX ACCURATE 
  EXT PARAMETER                                   STEP         FIRST   
  NO.   NAME      VALUE            ERROR          SIZE      DERIVATIVE 
   1  N0           2.92623e+06     fixed    
   2  tau          6.44062e+01   constant   
   3  A0           3.53739e-01     fixed    
   4  phi          4.11550e+00     fixed    
   5  R           -6.15566e+01   constant   
   6  A_CBO        4.96955e-03     fixed    
   7  w_CBO        2.33207e+00     fixed    
   8  phi_CBO      5.73822e+00   3.60321e-02   1.75317e-04  -3.49074e-05
   9  ANx2         0.00000e+00   constant   
  10  pNx2         0.00000e+00   constant   
  11  ANy1         5.80946e-03     fixed    
  12  pNy1         2.76189e+00     fixed    
  13  w_y          1.51559e-04     fixed    
  14  ANy2         1.15325e-05     fixed    
  15  pNy2         5.70658e+00     fixed    
  16  w_vw         1.44513e+01     fixed    
  17  LM           4.69963e-05   constant   
  18  wCBO_expCoeff   0.00000e+00   constant   
  19  wCBO_expOffset   0.00000e+00   constant   
  20  wCBO_expT    0.00000e+00   constant   
  21  wCBO_linCoeff   0.00000e+00   constant   
  22  wCBO_const   0.00000e+00   constant   
 EXTERNAL ERROR MATRIX.    NDIM=  25    NPAR=  1    ERR DEF=1
  1.298e-03 
MINUIT - FIT ONLY 1-y
 **********
 **   60 **RES 
 **********
                   PARAMETER   16  w_vw RESTORED TO VARIABLE.
                   PARAMETER   15  pNy2 RESTORED TO VARIABLE.
                   PARAMETER   14  ANy2 RESTORED TO VARIABLE.
                   PARAMETER   13  w_y RESTORED TO VARIABLE.
                   PARAMETER   12  pNy1 RESTORED TO VARIABLE.
                   PARAMETER   11  ANy1 RESTORED TO VARIABLE.
                   PARAMETER    7  w_CBO RESTORED TO VARIABLE.
                   PARAMETER    6  A_CBO RESTORED TO VARIABLE.
                   PARAMETER    4  phi RESTORED TO VARIABLE.
                   PARAMETER    3  A0 RESTORED TO VARIABLE.
                   PARAMETER    1  N0 RESTORED TO VARIABLE.
 **********
 **   61 **FIX            0
 **********
 PARAMETER    0  IS UNDEFINED. IGNORED.
 **********
 **   62 **FIX            1
 **********
 **********
 **   63 **FIX            2
 **********
 PARAMETER    2  IS CONSTANT.   IGNORED.
 **********
 **   64 **FIX            3
 **********
 **********
 **   65 **FIX            4
 **********
 **********
 **   66 **FIX            5
 **********
 PARAMETER    5  IS CONSTANT.   IGNORED.
 **********
 **   67 **FIX            6
 **********
 **********
 **   68 **FIX            7
 **********
 **********
 **   69 **FIX            8
 **********
 **********
 **   70 **FIX            9
 **********
 PARAMETER    9  IS CONSTANT.   IGNORED.
 **********
 **   71 **FIX           13
 **********
 **********
 **   72 **FIX           14
 **********
 **********
 **   73 **FIX           15
 **********
 **********
 **   74 **FIX           16
 **********
 **********
 **   75 **MIGRAD
 **********
 START MIGRAD MINIMIZATION.  STRATEGY  1.  CONVERGENCE WHEN EDM .LT. 1.00e-04
 FCN=98.2911 FROM MIGRAD    STATUS=INITIATE        8 CALLS         217 TOTAL
                     EDM= unknown      STRATEGY= 1      NO ERROR MATRIX       
  EXT PARAMETER               CURRENT GUESS       STEP         FIRST   
  NO.   NAME      VALUE            ERROR          SIZE      DERIVATIVE 
   1  N0           2.92623e+06     fixed    
   2  tau          6.44062e+01   constant   
   3  A0           3.53739e-01     fixed    
   4  phi          4.11550e+00     fixed    
   5  R           -6.15566e+01   constant   
   6  A_CBO        4.96955e-03     fixed    
   7  w_CBO        2.33207e+00     fixed    
   8  phi_CBO      5.73822e+00     fixed    
   9  ANx2         0.00000e+00   constant   
  10  pNx2         0.00000e+00   constant   
  11  ANy1         5.80946e-03   1.00000e-06   1.00000e-06  -4.85510e+03
  12  pNy1         2.76189e+00   1.00000e-04   1.00000e-04  -1.19363e+01
  13  w_y          1.51559e-04     fixed    
  14  ANy2         1.15325e-05     fixed    
  15  pNy2         5.70658e+00     fixed    
  16  w_vw         1.44513e+01     fixed    
  17  LM           4.69963e-05   constant   
  18  wCBO_expCoeff   0.00000e+00   constant   
  19  wCBO_expOffset   0.00000e+00   constant   
  20  wCBO_expT    0.00000e+00   constant   
  21  wCBO_linCoeff   0.00000e+00   constant   
  22  wCBO_const   0.00000e+00   constant   
 MIGRAD MINIMIZATION HAS CONVERGED.
 MIGRAD WILL VERIFY CONVERGENCE AND ERROR MATRIX.
 COVARIANCE MATRIX CALCULATED SUCCESSFULLY
 FCN=98.1805 FROM HESSE     STATUS=OK             10 CALLS         235 TOTAL
                     EDM=6.83994e-05    STRATEGY= 1      ERROR MATRIX ACCURATE 
  EXT PARAMETER                                   STEP         FIRST   
  NO.   NAME      VALUE            ERROR          SIZE      DERIVATIVE 
   1  N0           2.92623e+06     fixed    
   2  tau          6.44062e+01   constant   
   3  A0           3.53739e-01     fixed    
   4  phi          4.11550e+00     fixed    
   5  R           -6.15566e+01   constant   
   6  A_CBO        4.96955e-03     fixed    
   7  w_CBO        2.33207e+00     fixed    
   8  phi_CBO      5.73822e+00     fixed    
   9  ANx2         0.00000e+00   constant   
  10  pNx2         0.00000e+00   constant   
  11  ANy1         5.83289e-03   2.04625e-02   6.66227e-07   1.52072e+01
  12  pNy1         2.77102e+00   8.50724e+00   2.75928e-04   3.46481e-02
  13  w_y          1.51559e-04     fixed    
  14  ANy2         1.15325e-05     fixed    
  15  pNy2         5.70658e+00     fixed    
  16  w_vw         1.44513e+01     fixed    
  17  LM           4.69963e-05   constant   
  18  wCBO_expCoeff   0.00000e+00   constant   
  19  wCBO_expOffset   0.00000e+00   constant   
  20  wCBO_expT    0.00000e+00   constant   
  21  wCBO_linCoeff   0.00000e+00   constant   
  22  wCBO_const   0.00000e+00   constant   
 MIGRAD MINIMIZATION HAS CONVERGED.
 MIGRAD WILL VERIFY CONVERGENCE AND ERROR MATRIX.
 COVARIANCE MATRIX CALCULATED SUCCESSFULLY
 FCN=98.1805 FROM MIGRAD    STATUS=CONVERGED      56 CALLS         265 TOTAL
                     EDM=2.32783e-05    STRATEGY= 1      ERROR MATRIX ACCURATE 
  EXT PARAMETER                                   STEP         FIRST   
  NO.   NAME      VALUE            ERROR          SIZE      DERIVATIVE 
   1  N0           2.92623e+06     fixed    
   2  tau          6.44062e+01   constant   
   3  A0           3.53739e-01     fixed    
   4  phi          4.11550e+00     fixed    
   5  R           -6.15566e+01   constant   
   6  A_CBO        4.96955e-03     fixed    
   7  w_CBO        2.33207e+00     fixed    
   8  phi_CBO      5.73822e+00     fixed    
   9  ANx2         0.00000e+00   constant   
  10  pNx2         0.00000e+00   constant   
  11  ANy1         5.82440e-03   8.61289e-03   6.62742e-07   1.28119e-05
  12  pNy1         2.77451e+00   3.62156e+00   2.78679e-04  -1.88403e-03
  13  w_y          1.51559e-04     fixed    
  14  ANy2         1.15325e-05     fixed    
  15  pNy2         5.70658e+00     fixed    
  16  w_vw         1.44513e+01     fixed    
  17  LM           4.69963e-05   constant   
  18  wCBO_expCoeff   0.00000e+00   constant   
  19  wCBO_expOffset   0.00000e+00   constant   
  20  wCBO_expT    0.00000e+00   constant   
  21  wCBO_linCoeff   0.00000e+00   constant   
  22  wCBO_const   0.00000e+00   constant   
 EXTERNAL ERROR MATRIX.    NDIM=  25    NPAR=  2    ERR DEF=1
  7.418e-05 -3.119e-02 
 -3.119e-02  1.312e+01 
 PARAMETER  CORRELATION COEFFICIENTS  
       NO.  GLOBAL     11     12
       11  0.99987   1.000 -1.000
       12  0.99987  -1.000  1.000
MINUIT - FIT ONLY 2-y
 **********
 **   76 **RES 
 **********
                   PARAMETER   16  w_vw RESTORED TO VARIABLE.
                   PARAMETER   15  pNy2 RESTORED TO VARIABLE.
                   PARAMETER   14  ANy2 RESTORED TO VARIABLE.
                   PARAMETER   13  w_y RESTORED TO VARIABLE.
                   PARAMETER    8  phi_CBO RESTORED TO VARIABLE.
                   PARAMETER    7  w_CBO RESTORED TO VARIABLE.
                   PARAMETER    6  A_CBO RESTORED TO VARIABLE.
                   PARAMETER    4  phi RESTORED TO VARIABLE.
                   PARAMETER    3  A0 RESTORED TO VARIABLE.
                   PARAMETER    1  N0 RESTORED TO VARIABLE.
 **********
 **   77 **FIX            0
 **********
 PARAMETER    0  IS UNDEFINED. IGNORED.
 **********
 **   78 **FIX            1
 **********
 **********
 **   79 **FIX            2
 **********
 PARAMETER    2  IS CONSTANT.   IGNORED.
 **********
 **   80 **FIX            3
 **********
 **********
 **   81 **FIX            4
 **********
 **********
 **   82 **FIX            5
 **********
 PARAMETER    5  IS CONSTANT.   IGNORED.
 **********
 **   83 **FIX            6
 **********
 **********
 **   84 **FIX            7
 **********
 **********
 **   85 **FIX            8
 **********
 **********
 **   86 **FIX            9
 **********
 PARAMETER    9  IS CONSTANT.   IGNORED.
 **********
 **   87 **FIX           10
 **********
 PARAMETER   10  IS CONSTANT.   IGNORED.
 **********
 **   88 **FIX           11
 **********
 **********
 **   89 **FIX           12
 **********
 **********
 **   90 **FIX           16
 **********
 **********
 **   91 **MIGRAD
 **********
 START MIGRAD MINIMIZATION.  STRATEGY  1.  CONVERGENCE WHEN EDM .LT. 1.00e-04
 FCN=98.1805 FROM MIGRAD    STATUS=INITIATE        8 CALLS         273 TOTAL
                     EDM= unknown      STRATEGY= 1      NO ERROR MATRIX       
  EXT PARAMETER               CURRENT GUESS       STEP         FIRST   
  NO.   NAME      VALUE            ERROR          SIZE      DERIVATIVE 
   1  N0           2.92623e+06     fixed    
   2  tau          6.44062e+01   constant   
   3  A0           3.53739e-01     fixed    
   4  phi          4.11550e+00     fixed    
   5  R           -6.15566e+01   constant   
   6  A_CBO        4.96955e-03     fixed    
   7  w_CBO        2.33207e+00     fixed    
   8  phi_CBO      5.73822e+00     fixed    
   9  ANx2         0.00000e+00   constant   
  10  pNx2         0.00000e+00   constant   
  11  ANy1         5.82440e-03     fixed    
  12  pNy1         2.77451e+00     fixed    
  13  w_y          1.51559e-04   4.09392e-04   4.09392e-04   4.70625e+00
  14  ANy2         1.15325e-05   1.78067e-04   1.78067e-04   2.45956e+01
  15  pNy2         5.70658e+00   1.00000e-04   1.00000e-04  -1.07536e-02
  16  w_vw         1.44513e+01     fixed    
  17  LM           4.69963e-05   constant   
  18  wCBO_expCoeff   0.00000e+00   constant   
  19  wCBO_expOffset   0.00000e+00   constant   
  20  wCBO_expT    0.00000e+00   constant   
  21  wCBO_linCoeff   0.00000e+00   constant   
  22  wCBO_const   0.00000e+00   constant   
 MIGRAD MINIMIZATION HAS CONVERGED.
 MIGRAD WILL VERIFY CONVERGENCE AND ERROR MATRIX.
 COVARIANCE MATRIX CALCULATED SUCCESSFULLY
 FCN=98.1735 FROM MIGRAD    STATUS=CONVERGED      52 CALLS         317 TOTAL
                     EDM=2.35023e-06    STRATEGY= 1      ERROR MATRIX ACCURATE 
  EXT PARAMETER                                   STEP         FIRST   
  NO.   NAME      VALUE            ERROR          SIZE      DERIVATIVE 
   1  N0           2.92623e+06     fixed    
   2  tau          6.44062e+01   constant   
   3  A0           3.53739e-01     fixed    
   4  phi          4.11550e+00     fixed    
   5  R           -6.15566e+01   constant   
   6  A_CBO        4.96955e-03     fixed    
   7  w_CBO        2.33207e+00     fixed    
   8  phi_CBO      5.73822e+00     fixed    
   9  ANx2         0.00000e+00   constant   
  10  pNx2         0.00000e+00   constant   
  11  ANy1         5.82440e-03     fixed    
  12  pNy1         2.77451e+00     fixed    
  13  w_y          1.50998e-04   4.20743e-04   2.04585e-06  -1.36360e+00
  14  ANy2         1.84486e-05   1.78691e-04   8.69323e-07  -1.09096e+01
  15  pNy2         6.63088e+00   9.61777e+00   4.92293e-02  -8.19289e-05
  16  w_vw         1.44513e+01     fixed    
  17  LM           4.69963e-05   constant   
  18  wCBO_expCoeff   0.00000e+00   constant   
  19  wCBO_expOffset   0.00000e+00   constant   
  20  wCBO_expT    0.00000e+00   constant   
  21  wCBO_linCoeff   0.00000e+00   constant   
  22  wCBO_const   0.00000e+00   constant   
 EXTERNAL ERROR MATRIX.    NDIM=  25    NPAR=  3    ERR DEF=1
  1.770e-07  2.868e-10 -2.391e-05 
  2.868e-10  3.193e-08 -2.972e-05 
 -2.391e-05 -2.972e-05  9.250e+01 
 PARAMETER  CORRELATION COEFFICIENTS  
       NO.  GLOBAL     13     14     15
       13  0.00698   1.000  0.004 -0.006
       14  0.01769   0.004  1.000 -0.017
       15  0.01825  -0.006 -0.017  1.000
MINUIT - FIT ALTOGETHER
 **********
 **   92 **RES 
 **********
                   PARAMETER   16  w_vw RESTORED TO VARIABLE.
                   PARAMETER   12  pNy1 RESTORED TO VARIABLE.
                   PARAMETER   11  ANy1 RESTORED TO VARIABLE.
                   PARAMETER    8  phi_CBO RESTORED TO VARIABLE.
                   PARAMETER    7  w_CBO RESTORED TO VARIABLE.
                   PARAMETER    6  A_CBO RESTORED TO VARIABLE.
                   PARAMETER    4  phi RESTORED TO VARIABLE.
                   PARAMETER    3  A0 RESTORED TO VARIABLE.
                   PARAMETER    1  N0 RESTORED TO VARIABLE.
 **********
 **   93 **MIGRAD
 **********
 START MIGRAD MINIMIZATION.  STRATEGY  1.  CONVERGENCE WHEN EDM .LT. 1.00e-04
 FCN=98.1735 FROM MIGRAD    STATUS=INITIATE       26 CALLS         343 TOTAL
                     EDM= unknown      STRATEGY= 1      NO ERROR MATRIX       
  EXT PARAMETER               CURRENT GUESS       STEP         FIRST   
  NO.   NAME      VALUE            ERROR          SIZE      DERIVATIVE 
   1  N0           2.92623e+06   3.71316e+02   3.71316e+02  -7.00464e-06
   2  tau          6.44062e+01   constant   
   3  A0           3.53739e-01   1.71244e-04   1.71244e-04   1.86010e+03
   4  phi          4.11550e+00   5.00777e-04   5.00777e-04  -6.35133e+02
   5  R           -6.15566e+01   constant   
   6  A_CBO        4.96955e-03   1.79734e-04   1.79734e-04   4.29283e+01
   7  w_CBO        2.33207e+00   2.65789e-04   2.65789e-04   1.54903e+02
   8  phi_CBO      5.73822e+00   3.60321e-02   3.60321e-02   5.22833e-01
   9  ANx2         0.00000e+00   constant   
  10  pNx2         0.00000e+00   constant   
  11  ANy1         5.82440e-03   8.61289e-03   8.61289e-03   1.91974e+01
  12  pNy1         2.77451e+00   3.62156e+00   3.62156e+00   4.36568e-02
  13  w_y          1.50998e-04   4.20743e-04   2.04585e-06  -1.35597e+00
  14  ANy2         1.84486e-05   1.78691e-04   8.69323e-07  -1.09096e+01
  15  pNy2         6.63088e+00   9.61777e+00   4.92293e-02  -8.18181e-05
  16  w_vw         1.44513e+01   1.00000e-03   1.00000e-03  -3.34613e+00
  17  LM           4.69963e-05   constant   
  18  wCBO_expCoeff   0.00000e+00   constant   
  19  wCBO_expOffset   0.00000e+00   constant   
  20  wCBO_expT    0.00000e+00   constant   
  21  wCBO_linCoeff   0.00000e+00   constant   
  22  wCBO_const   0.00000e+00   constant   
 MIGRAD MINIMIZATION HAS CONVERGED.
 FCN=95.8299 FROM MIGRAD    STATUS=CONVERGED     581 CALLS         898 TOTAL
                     EDM=2.52587e-06    STRATEGY= 1  ERROR MATRIX UNCERTAINTY   1.7 per cent
  EXT PARAMETER                                   STEP         FIRST   
  NO.   NAME      VALUE            ERROR          SIZE      DERIVATIVE 
   1  N0           2.92621e+06   3.67356e+02  -1.04092e+00   1.19224e-06
   2  tau          6.44062e+01   constant   
   3  A0           3.53714e-01   1.70890e-04  -4.50938e-07  -5.01691e-01
   4  phi          4.11561e+00   5.02429e-04   2.55567e-06   1.15508e-01
   5  R           -6.15566e+01   constant   
   6  A_CBO        4.97141e-03   1.80003e-04  -3.17520e-08   5.48239e-01
   7  w_CBO        2.33065e+00   3.54706e-03  -6.99356e-06  -1.22414e+00
   8  phi_CBO      5.54510e+00   4.80877e-01  -7.64169e-04   1.56405e-03
   9  ANx2         0.00000e+00   constant   
  10  pNx2         0.00000e+00   constant   
  11  ANy1         5.83099e-03   1.34809e-04   3.77378e-07  -3.56410e+00
  12  pNy1         2.78217e+00   5.68617e-02   1.70989e-04  -3.31139e-03
  13  w_y          2.51664e-04   6.13659e-04   3.31349e-07  -6.97122e+00
  14  ANy2         2.60858e-04   1.78801e-04   1.10208e-07   1.73672e+00
  15  pNy2         2.33930e+01   7.97855e+00   1.29443e-02  -1.07864e-04
  16  w_vw         1.45702e+01   5.84415e-02   1.14429e-04   2.38695e-02
  17  LM           4.69963e-05   constant   
  18  wCBO_expCoeff   0.00000e+00   constant   
  19  wCBO_expOffset   0.00000e+00   constant   
  20  wCBO_expT    0.00000e+00   constant   
  21  wCBO_linCoeff   0.00000e+00   constant   
  22  wCBO_const   0.00000e+00   constant   
 EXTERNAL ERROR MATRIX.    NDIM=  25    NPAR= 12    ERR DEF=1
 ELEMENTS ABOVE DIAGONAL ARE NOT PRINTED.
  1.350e+05 
 -2.025e-04  2.920e-08 
 -1.042e-02  7.642e-10  2.524e-07 
  1.923e-04  6.159e-11 -3.011e-10  3.240e-08 
  5.091e-01 -1.275e-08 -2.020e-07 -5.820e-09  1.258e-05 
  6.915e+01 -1.654e-06 -2.787e-05 -8.536e-07  1.701e-03  2.312e-01 
  1.072e-03  5.367e-11  3.864e-09 -8.308e-11 -1.844e-07 -2.507e-05  1.817e-08 
  4.200e-01  7.842e-08  1.500e-06 -2.955e-09 -8.335e-05 -1.128e-02 -1.621e-07  3.233e-03 
 -1.015e-01 -2.576e-10  3.797e-08  7.274e-10 -1.723e-06 -2.334e-04  3.688e-08  1.640e-05  3.766e-07 
 -6.613e-04  4.773e-11  4.188e-10  2.747e-10  4.546e-09  5.775e-07  3.609e-10 -1.656e-07  6.366e-10  3.197e-08 
  5.591e+01 -5.834e-06 -9.841e-06 -9.400e-07 -6.448e-05 -7.843e-03 -2.205e-05 -5.560e-03 -1.385e-04  2.015e-05  6.366e+01 
  4.397e-01 -4.481e-08 -6.648e-08 -8.780e-09 -5.764e-07 -7.225e-05 -1.777e-07 -3.446e-05 -1.048e-06  1.472e-07  4.646e-01 
  4.397e-01 -4.481e-08 -6.648e-08 -8.780e-09 -5.764e-07 -7.225e-05 -1.777e-07 -3.446e-05 -1.048e-06  1.472e-07  4.646e-01  3.415e-03 
 PARAMETER  CORRELATION COEFFICIENTS  
       NO.  GLOBAL      1      3      4      6      7      8     11     12     13     14     15     16
        1  0.63189   1.000 -0.003 -0.056  0.003  0.391  0.391  0.022  0.020 -0.450 -0.010  0.019  0.020
        3  0.04231  -0.003  1.000  0.009  0.002 -0.021 -0.020  0.002  0.008 -0.002  0.002 -0.004 -0.004
        4  0.13002  -0.056  0.009  1.000 -0.003 -0.113 -0.115  0.057  0.052  0.123  0.005 -0.002 -0.002
        6  0.02460   0.003  0.002 -0.003  1.000 -0.009 -0.010 -0.003 -0.000  0.007  0.009 -0.001 -0.001
        7  0.99719   0.391 -0.021 -0.113 -0.009  1.000  0.997 -0.386 -0.413 -0.792  0.007 -0.002 -0.003
        8  0.99719   0.391 -0.020 -0.115 -0.010  0.997  1.000 -0.387 -0.412 -0.791  0.007 -0.002 -0.003
       11  0.62896   0.022  0.002  0.057 -0.003 -0.386 -0.387  1.000 -0.021  0.446  0.015 -0.020 -0.023
       12  0.64752   0.020  0.008  0.052 -0.000 -0.413 -0.412 -0.021  1.000  0.470 -0.016 -0.012 -0.010
       13  0.86682  -0.450 -0.002  0.123  0.007 -0.792 -0.791  0.446  0.470  1.000  0.006 -0.028 -0.029
       14  0.03641  -0.010  0.002  0.005  0.009  0.007  0.007  0.015 -0.016  0.006  1.000  0.014  0.014
       15  0.99632   0.019 -0.004 -0.002 -0.001 -0.002 -0.002 -0.020 -0.012 -0.028  0.014  1.000  0.996
       16  0.99632   0.020 -0.004 -0.002 -0.001 -0.003 -0.003 -0.023 -0.010 -0.029  0.014  0.996  1.000
MINUIT - REFIT 5-PARAM
 **********
 **   94 **FIX            5
 **********
 PARAMETER    5  IS CONSTANT.   IGNORED.
 **********
 **   95 **FIX            6
 **********
 **********
 **   96 **FIX            7
 **********
 **********
 **   97 **FIX            8
 **********
 **********
 **   98 **FIX            9
 **********
 PARAMETER    9  IS CONSTANT.   IGNORED.
 **********
 **   99 **FIX           10
 **********
 PARAMETER   10  IS CONSTANT.   IGNORED.
 **********
 **  100 **FIX           11
 **********
 **********
 **  101 **FIX           12
 **********
 **********
 **  102 **FIX           13
 **********
 **********
 **  103 **FIX           14
 **********
 **********
 **  104 **FIX           15
 **********
 **********
 **  105 **FIX           16
 **********
 **********
 **  106 **MIGRAD
 **********
 START MIGRAD MINIMIZATION.  STRATEGY  1.  CONVERGENCE WHEN EDM .LT. 1.00e-04
 FCN=95.8299 FROM MIGRAD    STATUS=INITIATE        6 CALLS         904 TOTAL
                     EDM=7.90251e-08    STRATEGY= 1  ERROR MATRIX UNCERTAINTY  50.0 per cent
  EXT PARAMETER                APPROXIMATE        STEP         FIRST   
  NO.   NAME      VALUE            ERROR          SIZE      DERIVATIVE 
   1  N0           2.92621e+06   2.84735e+02  -1.04092e+00   1.19224e-06
   2  tau          6.44062e+01   constant   
   3  A0           3.53714e-01   1.70748e-04  -4.50938e-07  -5.01691e-01
   4  phi          4.11561e+00   4.98190e-04   2.55567e-06   1.15508e-01
   5  R           -6.15566e+01   constant   
   6  A_CBO        4.97141e-03     fixed    
   7  w_CBO        2.33065e+00     fixed    
   8  phi_CBO      5.54510e+00     fixed    
   9  ANx2         0.00000e+00   constant   
  10  pNx2         0.00000e+00   constant   
  11  ANy1         5.83099e-03     fixed    
  12  pNy1         2.78217e+00     fixed    
  13  w_y          2.51664e-04     fixed    
  14  ANy2         2.60858e-04     fixed    
  15  pNy2         2.33930e+01     fixed    
  16  w_vw         1.45702e+01     fixed    
  17  LM           4.69963e-05   constant   
  18  wCBO_expCoeff   0.00000e+00   constant   
  19  wCBO_expOffset   0.00000e+00   constant   
  20  wCBO_expT    0.00000e+00   constant   
  21  wCBO_linCoeff   0.00000e+00   constant   
  22  wCBO_const   0.00000e+00   constant   
 MIGRAD MINIMIZATION HAS CONVERGED.
 MIGRAD WILL VERIFY CONVERGENCE AND ERROR MATRIX.
 COVARIANCE MATRIX CALCULATED SUCCESSFULLY
 FCN=95.8299 FROM MIGRAD    STATUS=CONVERGED      29 CALLS         927 TOTAL
                     EDM=1.68803e-08    STRATEGY= 1      ERROR MATRIX ACCURATE 
  EXT PARAMETER                                   STEP         FIRST   
  NO.   NAME      VALUE            ERROR          SIZE      DERIVATIVE 
   1  N0           2.92621e+06   3.71306e+02   1.77998e+00   4.94620e-07
   2  tau          6.44062e+01   constant   
   3  A0           3.53714e-01   1.71248e-04   8.22650e-07  -4.44827e-03
   4  phi          4.11561e+00   5.00792e-04   2.40553e-06   5.78460e-03
   5  R           -6.15566e+01   constant   
   6  A_CBO        4.97141e-03     fixed    
   7  w_CBO        2.33065e+00     fixed    
   8  phi_CBO      5.54510e+00     fixed    
   9  ANx2         0.00000e+00   constant   
  10  pNx2         0.00000e+00   constant   
  11  ANy1         5.83099e-03     fixed    
  12  pNy1         2.78217e+00     fixed    
  13  w_y          2.51664e-04     fixed    
  14  ANy2         2.60858e-04     fixed    
  15  pNy2         2.33930e+01     fixed    
  16  w_vw         1.45702e+01     fixed    
  17  LM           4.69963e-05   constant   
  18  wCBO_expCoeff   0.00000e+00   constant   
  19  wCBO_expOffset   0.00000e+00   constant   
  20  wCBO_expT    0.00000e+00   constant   
  21  wCBO_linCoeff   0.00000e+00   constant   
  22  wCBO_const   0.00000e+00   constant   
 EXTERNAL ERROR MATRIX.    NDIM=  25    NPAR=  3    ERR DEF=1
  1.379e+05 -7.715e-04  3.305e-03 
 -7.715e-04  2.933e-08  1.327e-09 
  3.305e-03  1.327e-09  2.508e-07 
 PARAMETER  CORRELATION COEFFICIENTS  
       NO.  GLOBAL      1      3      4
        1  0.02168   1.000 -0.012  0.018
        3  0.01983  -0.012  1.000  0.015
        4  0.02371   0.018  0.015  1.000
MINUIT - 2CBO + Y
 **********
 **  107 **RES 
 **********
                   PARAMETER   16  w_vw RESTORED TO VARIABLE.
                   PARAMETER   15  pNy2 RESTORED TO VARIABLE.
                   PARAMETER   14  ANy2 RESTORED TO VARIABLE.
                   PARAMETER   13  w_y RESTORED TO VARIABLE.
                   PARAMETER   12  pNy1 RESTORED TO VARIABLE.
                   PARAMETER   11  ANy1 RESTORED TO VARIABLE.
                   PARAMETER    8  phi_CBO RESTORED TO VARIABLE.
                   PARAMETER    7  w_CBO RESTORED TO VARIABLE.
                   PARAMETER    6  A_CBO RESTORED TO VARIABLE.
 **********
 **  108 **FIX            0
 **********
 PARAMETER    0  IS UNDEFINED. IGNORED.
 **********
 **  109 **FIX            1
 **********
 **********
 **  110 **FIX            2
 **********
 PARAMETER    2  IS CONSTANT.   IGNORED.
 **********
 **  111 **FIX            3
 **********
 **********
 **  112 **FIX            4
 **********
 **********
 **  113 **FIX            5
 **********
 PARAMETER    5  IS CONSTANT.   IGNORED.
 **********
 **  114 **FIX            6
 **********
 **********
 **  115 **FIX            7
 **********
 **********
 **  116 **FIX           16
 **********
 **********
 **  117 **MIGRAD
 **********
 START MIGRAD MINIMIZATION.  STRATEGY  1.  CONVERGENCE WHEN EDM .LT. 1.00e-04
 FCN=95.8299 FROM MIGRAD    STATUS=INITIATE       12 CALLS         939 TOTAL
                     EDM= unknown      STRATEGY= 1      NO ERROR MATRIX       
  EXT PARAMETER               CURRENT GUESS       STEP         FIRST   
  NO.   NAME      VALUE            ERROR          SIZE      DERIVATIVE 
   1  N0           2.92621e+06     fixed    
   2  tau          6.44062e+01   constant   
   3  A0           3.53714e-01     fixed    
   4  phi          4.11561e+00     fixed    
   5  R           -6.15566e+01   constant   
   6  A_CBO        4.97141e-03     fixed    
   7  w_CBO        2.33065e+00     fixed    
   8  phi_CBO      5.54510e+00   3.61099e-02   3.61099e-02   1.68437e-03
   9  ANx2         0.00000e+00   constant   
  10  pNx2         0.00000e+00   constant   
  11  ANy1         5.83099e-03   1.24313e-04   1.24313e-04  -1.66863e+00
  12  pNy1         2.78217e+00   5.05643e-02   5.05643e-02   1.27856e-03
  13  w_y          2.51664e-04   3.42849e-04   3.42849e-04  -7.59522e+00
  14  ANy2         2.60858e-04   1.78712e-04   1.78712e-04   1.73532e+00
  15  pNy2         2.33930e+01   7.96729e+00   7.96729e+00  -1.07664e-04
  16  w_vw         1.45702e+01     fixed    
  17  LM           4.69963e-05   constant   
  18  wCBO_expCoeff   0.00000e+00   constant   
  19  wCBO_expOffset   0.00000e+00   constant   
  20  wCBO_expT    0.00000e+00   constant   
  21  wCBO_linCoeff   0.00000e+00   constant   
  22  wCBO_const   0.00000e+00   constant   
 MIGRAD MINIMIZATION HAS CONVERGED.
 MIGRAD WILL VERIFY CONVERGENCE AND ERROR MATRIX.
 COVARIANCE MATRIX CALCULATED SUCCESSFULLY
 FCN=95.8295 FROM MIGRAD    STATUS=CONVERGED      97 CALLS        1024 TOTAL
                     EDM=3.35575e-06    STRATEGY= 1      ERROR MATRIX ACCURATE 
  EXT PARAMETER                                   STEP         FIRST   
  NO.   NAME      VALUE            ERROR          SIZE      DERIVATIVE 
   1  N0           2.92621e+06     fixed    
   2  tau          6.44062e+01   constant   
   3  A0           3.53714e-01     fixed    
   4  phi          4.11561e+00     fixed    
   5  R           -6.15566e+01   constant   
   6  A_CBO        4.97141e-03     fixed    
   7  w_CBO        2.33065e+00     fixed    
   8  phi_CBO      5.54508e+00   3.60453e-02   1.73064e-04   3.72028e-03
   9  ANx2         0.00000e+00   constant   
  10  pNx2         0.00000e+00   constant   
  11  ANy1         5.85069e-03   6.34819e-03   6.57327e-07  -1.70443e+01
  12  pNy1         2.78831e+00   2.81256e+00   2.68665e-04  -4.23399e-02
  13  w_y          3.56411e-04   5.45801e-03   1.97141e-06   5.94560e+00
  14  ANy2         2.60849e-04   1.78551e-04   8.57817e-07  -1.76944e+00
  15  pNy2         2.33931e+01   6.83689e-01   3.29601e-03   1.39224e-04
  16  w_vw         1.45702e+01     fixed    
  17  LM           4.69963e-05   constant   
  18  wCBO_expCoeff   0.00000e+00   constant   
  19  wCBO_expOffset   0.00000e+00   constant   
  20  wCBO_expT    0.00000e+00   constant   
  21  wCBO_linCoeff   0.00000e+00   constant   
  22  wCBO_const   0.00000e+00   constant   
 EXTERNAL ERROR MATRIX.    NDIM=  25    NPAR=  6    ERR DEF=1
  1.299e-03 -1.674e-06  8.001e-06 -4.486e-06 -3.050e-08 -1.758e-05 
 -1.674e-06  4.030e-05 -1.725e-02 -7.649e-06  3.673e-09  2.043e-06 
  8.001e-06 -1.725e-02  7.911e+00  7.126e-03  1.074e-07  9.435e-05 
 -4.486e-06 -7.649e-06  7.126e-03  2.979e-05  1.158e-08  6.910e-06 
 -3.050e-08  3.673e-09  1.074e-07  1.158e-08  3.188e-08 -6.010e-08 
 -1.758e-05  2.043e-06  9.435e-05  6.910e-06 -6.010e-08  4.674e-01 
 PARAMETER  CORRELATION COEFFICIENTS  
       NO.  GLOBAL      8     11     12     13     14     15
        8  0.03842   1.000 -0.007  0.000 -0.023 -0.005 -0.001
       11  0.99977  -0.007  1.000 -0.966 -0.221  0.003  0.000
       12  0.99981   0.000 -0.966  1.000  0.464  0.000  0.000
       13  0.99725  -0.023 -0.221  0.464  1.000  0.012  0.002
       14  0.01406  -0.005  0.003  0.000  0.012  1.000 -0.000
       15  0.00231  -0.001  0.000  0.000  0.002 -0.000  1.000
MINUIT - MINOS
 **********
 **  118 **RES 
 **********
                   PARAMETER   16  w_vw RESTORED TO VARIABLE.
                   PARAMETER    7  w_CBO RESTORED TO VARIABLE.
                   PARAMETER    6  A_CBO RESTORED TO VARIABLE.
                   PARAMETER    4  phi RESTORED TO VARIABLE.
                   PARAMETER    3  A0 RESTORED TO VARIABLE.
                   PARAMETER    1  N0 RESTORED TO VARIABLE.
 **********
 **  119 **MIG      2.5e+04        0.01
 **********
 START MIGRAD MINIMIZATION.  STRATEGY  1.  CONVERGENCE WHEN EDM .LT. 1.00e-05
 FCN=95.8295 FROM MIGRAD    STATUS=INITIATE       24 CALLS        1048 TOTAL
                     EDM= unknown      STRATEGY= 1      NO ERROR MATRIX       
  EXT PARAMETER               CURRENT GUESS       STEP         FIRST   
  NO.   NAME      VALUE            ERROR          SIZE      DERIVATIVE 
   1  N0           2.92621e+06   3.71306e+02   3.71306e+02   6.29617e-06
   2  tau          6.44062e+01   constant   
   3  A0           3.53714e-01   1.71248e-04   1.71248e-04  -1.47096e+01
   4  phi          4.11561e+00   5.00792e-04   5.00792e-04  -3.23336e+00
   5  R           -6.15566e+01   constant   
   6  A_CBO        4.97141e-03   1.80003e-04   1.80003e-04  -1.01305e+01
   7  w_CBO        2.33065e+00   3.54691e-03   3.54691e-03  -5.91759e-01
   8  phi_CBO      5.54508e+00   3.60453e-02   1.73064e-04   3.71998e-03
   9  ANx2         0.00000e+00   constant   
  10  pNx2         0.00000e+00   constant   
  11  ANy1         5.85069e-03   6.34819e-03   6.57327e-07  -1.70443e+01
  12  pNy1         2.78831e+00   2.81256e+00   2.68665e-04  -4.23920e-02
  13  w_y          3.56411e-04   5.45801e-03   1.97141e-06   5.95275e+00
  14  ANy2         2.60849e-04   1.78551e-04   8.57817e-07  -1.76944e+00
  15  pNy2         2.33931e+01   6.83689e-01   3.29601e-03   1.39251e-04
  16  w_vw         1.45702e+01   5.01217e-03   5.01217e-03  -7.98800e-03
  17  LM           4.69963e-05   constant   
  18  wCBO_expCoeff   0.00000e+00   constant   
  19  wCBO_expOffset   0.00000e+00   constant   
  20  wCBO_expT    0.00000e+00   constant   
  21  wCBO_linCoeff   0.00000e+00   constant   
  22  wCBO_const   0.00000e+00   constant   
 MIGRAD MINIMIZATION HAS CONVERGED.
 MIGRAD WILL VERIFY CONVERGENCE AND ERROR MATRIX.
 FCN=95.8295 FROM MIGRAD    STATUS=CONVERGED     195 CALLS        1219 TOTAL
                     EDM=2.04965e-07    STRATEGY= 1      ERR MATRIX NOT POS-DEF
  EXT PARAMETER                APPROXIMATE        STEP         FIRST   
  NO.   NAME      VALUE            ERROR          SIZE      DERIVATIVE 
   1  N0           2.92621e+06   4.79185e+03   1.77997e+00  -3.27172e-08
   2  tau          6.44062e+01   constant   
   3  A0           3.53714e-01   1.71120e-04   8.22648e-07  -4.99322e-02
   4  phi          4.11561e+00   5.01448e-04   2.40552e-06  -4.79996e-02
   5  R           -6.15566e+01   constant   
   6  A_CBO        4.97157e-03   1.79523e-04   8.63577e-07   8.24768e-02
   7  w_CBO        2.33065e+00   2.26925e-03   1.27674e-06   4.30518e-01
   8  phi_CBO      5.54508e+00   3.07706e-01   1.73061e-04  -3.26952e-03
   9  ANx2         0.00000e+00   constant   
  10  pNx2         0.00000e+00   constant   
  11  ANy1         5.85073e-03   1.79674e-03   6.58668e-07   8.97042e-02
  12  pNy1         2.78832e+00   7.13593e-01   2.65070e-04   3.11084e-04
  13  w_y          3.56279e-04   3.76768e-03   1.94437e-06   8.24532e-02
  14  ANy2         2.60878e-04   1.78235e-04   8.57816e-07  -1.22785e-01
  15  pNy2         2.33930e+01   5.46094e+00   3.28490e-03  -1.52471e-05
  16  w_vw         1.45702e+01   3.99811e-02   2.40496e-05   1.30457e-02
  17  LM           4.69963e-05   constant   
  18  wCBO_expCoeff   0.00000e+00   constant   
  19  wCBO_expOffset   0.00000e+00   constant   
  20  wCBO_expT    0.00000e+00   constant   
  21  wCBO_linCoeff   0.00000e+00   constant   
  22  wCBO_const   0.00000e+00   constant   
 EXTERNAL ERROR MATRIX.    NDIM=  25    NPAR= 12    ERR DEF=1
 ELEMENTS ABOVE DIAGONAL ARE NOT PRINTED.
  2.296e+07 
 -1.113e-02  2.928e-08 
 -2.063e-02  1.491e-09  2.515e-07 
 -8.042e-03 -5.322e-11 -8.141e-10  3.223e-08 
  1.281e-01 -5.361e-09 -7.644e-08 -9.859e-10  5.150e-06 
  1.833e+01 -6.613e-07 -1.090e-05 -2.204e-07  6.935e-04  9.468e-02 
  3.966e+00  4.223e-09  7.849e-09  3.059e-09 -4.857e-08 -6.950e-06  3.228e-06 
  1.245e+03  8.793e-07  1.615e-06  6.312e-07 -1.020e-05 -1.462e-03 -5.344e-04  5.092e-01 
 -4.158e+00  3.036e-08  6.098e-08  2.334e-08 -3.470e-07 -4.938e-05  1.273e-06  7.965e-04  1.420e-05 
 -4.489e-03  9.638e-11  4.569e-10  2.483e-10  2.125e-09  2.548e-07  5.742e-10  8.256e-08  7.159e-09  3.177e-08 
  1.083e+01 -1.297e-06 -1.506e-07 -6.268e-07 -1.435e-05 -1.541e-03 -4.182e-06 -8.460e-04 -3.286e-05 -2.010e-05  2.982e+01 
  8.971e-02 -9.979e-09 -1.636e-09 -5.770e-09 -1.283e-07 -1.426e-05 -3.458e-08 -7.011e-06 -2.712e-07 -1.479e-07  2.166e-01 
  8.971e-02 -9.979e-09 -1.636e-09 -5.770e-09 -1.283e-07 -1.426e-05 -3.458e-08 -7.011e-06 -2.712e-07 -1.479e-07  2.166e-01  1.598e-03 
ERR MATRIX NOT POS-DEF
 PARAMETER  CORRELATION COEFFICIENTS  
       NO.  GLOBAL      1      3      4      6      7      8     11     12     13     14     15     16
        1  0.99701   1.000 -0.014 -0.009 -0.009  0.012  0.012  0.461  0.364 -0.230 -0.005  0.000  0.000
        3  0.05419  -0.014  1.000  0.017 -0.002 -0.014 -0.013  0.014  0.007  0.047  0.003 -0.001 -0.001
        4  0.08484  -0.009  0.017  1.000 -0.009 -0.067 -0.071  0.009  0.005  0.032  0.005 -0.000 -0.000
        6  0.04129  -0.009 -0.002 -0.009  1.000 -0.002 -0.004  0.009  0.005  0.035  0.008 -0.001 -0.001
        7  0.99315   0.012 -0.014 -0.067 -0.002  1.000  0.993 -0.012 -0.006 -0.041  0.005 -0.001 -0.001
        8  0.99315   0.012 -0.013 -0.071 -0.004  0.993  1.000 -0.013 -0.007 -0.043  0.005 -0.001 -0.001
       11  0.99710   0.461  0.014  0.009  0.009 -0.012 -0.013  1.000 -0.417  0.188  0.002 -0.000 -0.000
       12  0.99702   0.364  0.007  0.005  0.005 -0.006 -0.007 -0.417  1.000  0.296  0.001 -0.000 -0.000
       13  0.99424  -0.230  0.047  0.032  0.035 -0.041 -0.043  0.188  0.296  1.000  0.011 -0.002 -0.002
       14  0.02637  -0.005  0.003  0.005  0.008  0.005  0.005  0.002  0.001  0.011  1.000 -0.021 -0.021
       15  0.99216   0.000 -0.001 -0.000 -0.001 -0.001 -0.001 -0.000 -0.000 -0.002 -0.021  1.000  0.992
       16  0.99216   0.000 -0.001 -0.000 -0.001 -0.001 -0.001 -0.000 -0.000 -0.002 -0.021  0.992  1.000
 ERR MATRIX NOT POS-DEF
 **********
 **  120 **MINO      2.5e+04
 **********
                         POSITIVE MINOS ERROR NOT CALCULATED FOR PARAMETER 1
                         NEGATIVE MINOS ERROR NOT CALCULATED FOR PARAMETER 1
                         POSITIVE MINOS ERROR NOT CALCULATED FOR PARAMETER 11
                         NEGATIVE MINOS ERROR NOT CALCULATED FOR PARAMETER 11
                         POSITIVE MINOS ERROR NOT CALCULATED FOR PARAMETER 12
 MIGRAD FAILS WITH STRATEGY=0.   WILL TRY WITH STRATEGY=1.
                         NEGATIVE MINOS ERROR NOT CALCULATED FOR PARAMETER 12
                         POSITIVE MINOS ERROR NOT CALCULATED FOR PARAMETER 13
 FCN=95.8177 FROM MINOS     STATUS=NEW MINIMU  20820 CALLS       22154 TOTAL
                     EDM= unknown      STRATEGY= 1      NO ERROR MATRIX       
  EXT PARAMETER                  PARABOLIC         MINOS ERRORS        
  NO.   NAME      VALUE            ERROR      NEGATIVE      POSITIVE   
   1  N0           2.91022e+06   3.08405e+03                            
   2  tau          6.44062e+01   constant   
   3  A0           3.53715e-01   1.70380e-04  -1.71640e-04   1.71632e-04
   4  phi          4.11561e+00   4.96621e-04  -5.04433e-04   5.04429e-04
   5  R           -6.15566e+01   constant   
   6  A_CBO        4.97143e-03   1.77840e-04  -1.79967e-04   1.79961e-04
   7  w_CBO        2.33063e+00   3.50854e-03  -3.54303e-03   3.54229e-03
   8  phi_CBO      5.54235e+00   4.75931e-01  -4.80365e-01   4.80440e-01
   9  ANx2         0.00000e+00   constant   
  10  pNx2         0.00000e+00   constant   
  11  ANy1         9.53360e-05   1.16418e-03                            
  12  pNy1         5.72115e+00   4.65302e+00                            
  13  w_y         -4.78271e-02   3.70641e-03                            
  14  ANy2         2.62394e-04   1.78766e-04                            
  15  pNy2         2.33924e+01   7.75500e+00                            
  16  w_vw         1.45702e+01   5.67622e-02                            
  17  LM           4.69963e-05   constant   
  18  wCBO_expCoeff   0.00000e+00   constant   
  19  wCBO_expOffset   0.00000e+00   constant   
  20  wCBO_expT    0.00000e+00   constant   
  21  wCBO_linCoeff   0.00000e+00   constant   
  22  wCBO_const   0.00000e+00   constant   
 NEW MINIMUM FOUND.  GO BACK TO MINIMIZATION STEP.
 =================================================
                                                  V
                                                  V
                                                  V
                                               VVVVVVV
                                                VVVVV
                                                 VVV
                                                  V

 START MIGRAD MINIMIZATION.  STRATEGY  1.  CONVERGENCE WHEN EDM .LT. 5.00e-05
 FCN=95.8177 FROM MIGRAD    STATUS=INITIATE       26 CALLS       22180 TOTAL
                     EDM= unknown      STRATEGY= 1      NO ERROR MATRIX       
  EXT PARAMETER               CURRENT GUESS       STEP         FIRST   
  NO.   NAME      VALUE            ERROR          SIZE      DERIVATIVE 
   1  N0           2.91022e+06   3.08405e+03  -3.68662e+00   9.65103e-07
   2  tau          6.44062e+01   constant   
   3  A0           3.53715e-01   1.70380e-04   2.36326e-08   1.33675e+00
   4  phi          4.11561e+00   4.96621e-04   5.46777e-08   1.03781e+00
   5  R           -6.15566e+01   constant   
   6  A_CBO        4.97143e-03   1.77840e-04   2.05225e-08   2.80169e+00
   7  w_CBO        2.33063e+00   3.50854e-03  -7.89919e-07  -3.72044e-01
   8  phi_CBO      5.54235e+00   4.75931e-01  -1.08758e-04   1.68469e-03
   9  ANx2         0.00000e+00   constant   
  10  pNx2         0.00000e+00   constant   
  11  ANy1         9.53360e-05   1.16418e-03   1.54721e-06   1.33335e+00
  12  pNy1         5.72115e+00   4.65302e+00  -5.16740e-03  -1.97657e-04
  13  w_y         -4.78271e-02   3.70641e-03   3.70641e-03   3.55414e-01
  14  ANy2         2.62394e-04   1.78766e-04   3.64646e-09   3.89047e-01
  15  pNy2         2.33924e+01   7.75500e+00   1.37731e-04  -2.93069e-05
  16  w_vw         1.45702e+01   5.67622e-02   1.06076e-06   4.20075e-03
  17  LM           4.69963e-05   constant   
  18  wCBO_expCoeff   0.00000e+00   constant   
  19  wCBO_expOffset   0.00000e+00   constant   
  20  wCBO_expT    0.00000e+00   constant   
  21  wCBO_linCoeff   0.00000e+00   constant   
  22  wCBO_const   0.00000e+00   constant   
 MIGRAD MINIMIZATION HAS CONVERGED.
 MIGRAD WILL VERIFY CONVERGENCE AND ERROR MATRIX.
 COVARIANCE MATRIX CALCULATED SUCCESSFULLY
 FCN=95.2872 FROM HESSE     STATUS=OK            115 CALLS       23215 TOTAL
                     EDM=0.816184    STRATEGY= 1      ERROR MATRIX ACCURATE 
  EXT PARAMETER                                   STEP         FIRST   
  NO.   NAME      VALUE            ERROR          SIZE      DERIVATIVE 
   1  N0           2.91061e+06   3.83103e+02   1.76547e+00   2.05620e-03
   2  tau          6.44062e+01   constant   
   3  A0           3.53707e-01   1.71876e-04   8.20304e-07  -1.32521e+02
   4  phi          4.11561e+00   5.04859e-04   2.39870e-06   7.29549e+01
   5  R           -6.15566e+01   constant   
   6  A_CBO        4.99381e-03   1.80154e-04   8.60996e-07   1.57793e+03
   7  w_CBO        2.33073e+00   3.54488e-03   1.27097e-06  -1.91836e+03
   8  phi_CBO      5.56580e+00   4.80757e-01   1.72280e-04   1.40879e+01
   9  ANx2         0.00000e+00   constant   
  10  pNx2         0.00000e+00   constant   
  11  ANy1         1.09716e-04   2.43438e-04   9.20947e-07  -4.49100e+03
  12  pNy1        -1.89807e+01   1.57043e+01   5.86567e-03  -3.88660e-01
  13  w_y         -2.18612e-01   1.19441e-01   4.37516e-05   5.56130e+01
  14  ANy2         2.57665e-04   1.79631e-04   8.60013e-07  -2.20597e+02
  15  pNy2         2.34193e+01   7.94064e+00   3.31569e-03   1.46844e-02
  16  w_vw         1.45704e+01   5.81322e-02   2.42731e-05  -1.91108e+00
  17  LM           4.69963e-05   constant   
  18  wCBO_expCoeff   0.00000e+00   constant   
  19  wCBO_expOffset   0.00000e+00   constant   
  20  wCBO_expT    0.00000e+00   constant   
  21  wCBO_linCoeff   0.00000e+00   constant   
  22  wCBO_const   0.00000e+00   constant   
 MIGRAD MINIMIZATION HAS CONVERGED.
 FCN=94.7919 FROM MIGRAD    STATUS=CONVERGED    1190 CALLS       23344 TOTAL
                     EDM=8.39945e-08    STRATEGY= 1  ERROR MATRIX UNCERTAINTY   0.3 per cent
  EXT PARAMETER                                   STEP         FIRST   
  NO.   NAME      VALUE            ERROR          SIZE      DERIVATIVE 
   1  N0           2.91050e+06   3.85265e+02  -6.32558e-02   5.24156e-07
   2  tau          6.44062e+01   constant   
   3  A0           3.53705e-01   1.71654e-04   1.49857e-08  -4.15668e-01
   4  phi          4.11559e+00   5.04369e-04   4.16008e-08  -8.33175e-02
   5  R           -6.15566e+01   constant   
   6  A_CBO        4.96518e-03   1.80316e-04  -2.66198e-09   6.46765e-01
   7  w_CBO        2.33090e+00   3.53698e-03  -4.00060e-07  -1.57998e+00
   8  phi_CBO      5.57989e+00   4.79647e-01  -6.44502e-05   1.18583e-02
   9  ANx2         0.00000e+00   constant   
  10  pNx2         0.00000e+00   constant   
  11  ANy1         1.94761e-04   1.92941e-04  -8.36843e-08  -1.23781e+00
  12  pNy1        -2.08808e+01   9.84107e+00   1.37106e-02  -1.40675e-04
  13  w_y         -2.34234e-01   7.29636e-02   1.10514e-04   1.83370e-02
  14  ANy2         2.60461e-04   1.79636e-04   1.36085e-08  -4.40745e-01
  15  pNy2         2.34038e+01   7.94207e+00  -6.41470e-04   2.60655e-05
  16  w_vw         1.45703e+01   5.81424e-02  -4.64350e-06  -2.11762e-03
  17  LM           4.69963e-05   constant   
  18  wCBO_expCoeff   0.00000e+00   constant   
  19  wCBO_expOffset   0.00000e+00   constant   
  20  wCBO_expT    0.00000e+00   constant   
  21  wCBO_linCoeff   0.00000e+00   constant   
  22  wCBO_const   0.00000e+00   constant   
 EXTERNAL ERROR MATRIX.    NDIM=  25    NPAR= 12    ERR DEF=1
 ELEMENTS ABOVE DIAGONAL ARE NOT PRINTED.
  1.484e+05 
 -8.080e-04  2.947e-08 
  2.599e-03  1.687e-09  2.544e-07 
  1.280e-03 -2.983e-11 -7.246e-10  3.251e-08 
  2.915e-02 -1.351e-08 -1.923e-07 -3.276e-09  1.251e-05 
  4.520e+00 -1.776e-06 -2.662e-05 -5.457e-07  1.692e-03  2.301e-01 
  8.416e-03 -1.411e-09 -2.830e-09 -1.154e-09  4.291e-08  5.878e-06  3.723e-08 
  1.790e+02  8.741e-05  8.135e-05  3.443e-05 -1.264e-03 -1.822e-01  1.471e-04  9.685e+01 
  6.464e-01  6.218e-07  5.620e-07  2.434e-07 -8.558e-06 -1.238e-03  1.123e-06  7.148e-01  5.324e-03 
 -1.258e-04  1.073e-10  4.330e-10  2.390e-10  4.816e-09  6.082e-07 -2.231e-10  1.014e-05  7.005e-08  3.227e-08 
 -7.268e+00 -2.969e-06 -6.496e-07 -1.588e-06 -6.712e-05 -8.048e-03 -1.295e-06  1.908e-02  2.033e-04 -4.653e-05  6.308e+01 
 -5.470e-02 -2.219e-08 -4.708e-09 -1.290e-08 -5.465e-07 -6.628e-05 -7.594e-09  1.157e-04  1.313e-06 -3.382e-07  4.600e-01 
 -5.470e-02 -2.219e-08 -4.708e-09 -1.290e-08 -5.465e-07 -6.628e-05 -7.594e-09  1.157e-04  1.313e-06 -3.382e-07  4.600e-01  3.381e-03 
 PARAMETER  CORRELATION COEFFICIENTS  
       NO.  GLOBAL      1      3      4      6      7      8     11     12     13     14     15     16
        1  0.29025   1.000 -0.012  0.013  0.018  0.021  0.024  0.113  0.047  0.023 -0.002 -0.002 -0.002
        3  0.07812  -0.012  1.000  0.019 -0.001 -0.022 -0.022 -0.043  0.052  0.050  0.003 -0.002 -0.002
        4  0.11896   0.013  0.019  1.000 -0.008 -0.108 -0.110 -0.029  0.016  0.015  0.005 -0.000 -0.000
        6  0.04973   0.018 -0.001 -0.008  1.000 -0.005 -0.006 -0.033  0.019  0.019  0.007 -0.001 -0.001
        7  0.99715   0.021 -0.022 -0.108 -0.005  1.000  0.997  0.063 -0.036 -0.033  0.008 -0.002 -0.003
        8  0.99715   0.024 -0.022 -0.110 -0.006  0.997  1.000  0.064 -0.039 -0.035  0.007 -0.002 -0.002
       11  0.17011   0.113 -0.043 -0.029 -0.033  0.063  0.064  1.000  0.077  0.080 -0.006 -0.001 -0.001
       12  0.99587   0.047  0.052  0.016  0.019 -0.036 -0.039  0.077  1.000  0.996  0.006  0.000  0.000
       13  0.99586   0.023  0.050  0.015  0.019 -0.033 -0.035  0.080  0.996  1.000  0.005  0.000  0.000
       14  0.03682  -0.002  0.003  0.005  0.007  0.008  0.007 -0.006  0.006  0.005  1.000 -0.033 -0.032
       15  0.99621  -0.002 -0.002 -0.000 -0.001 -0.002 -0.002 -0.001  0.000  0.000 -0.033  1.000  0.996
       16  0.99621  -0.002 -0.002 -0.000 -0.001 -0.003 -0.002 -0.001  0.000  0.000 -0.032  0.996  1.000
                         POSITIVE MINOS ERROR NOT CALCULATED FOR PARAMETER 12
 MIGRAD FAILS WITH STRATEGY=0.   WILL TRY WITH STRATEGY=1.
 FCN=94.7919 FROM MINOS     STATUS=PROBLEMS     7514 CALLS       30858 TOTAL
                     EDM=8.39945e-08    STRATEGY= 1  ERROR MATRIX UNCERTAINTY   0.3 per cent
  EXT PARAMETER                  PARABOLIC         MINOS ERRORS        
  NO.   NAME      VALUE            ERROR      NEGATIVE      POSITIVE   
   1  N0           2.91050e+06   3.85265e+02  -3.87072e+02   3.86251e+02
   2  tau          6.44062e+01   constant   
   3  A0           3.53705e-01   1.71654e-04  -1.71716e-04   1.71750e-04
   4  phi          4.11559e+00   5.04369e-04  -5.04178e-04   5.04203e-04
   5  R           -6.15566e+01   constant   
   6  A_CBO        4.96518e-03   1.80316e-04  -1.79916e-04   1.79897e-04
   7  w_CBO        2.33090e+00   3.53698e-03  -3.55206e-03   3.54948e-03
   8  phi_CBO      5.57989e+00   4.79647e-01  -4.81568e-01   4.81357e-01
   9  ANx2         0.00000e+00   constant   
  10  pNx2         0.00000e+00   constant   
  11  ANy1         1.94761e-04   1.92941e-04  -1.90814e-04   1.91880e-04
  12  pNy1        -2.08808e+01   9.84107e+00  -2.18310e+01              
  13  w_y         -2.34234e-01   7.29636e-02  -1.16758e-01   1.48386e-01
  14  ANy2         2.60461e-04   1.79636e-04  -1.79522e-04   1.79544e-04
  15  pNy2         2.34038e+01   7.94207e+00  -8.47225e+00   9.40089e+00
  16  w_vw         1.45703e+01   5.81424e-02  -6.17212e-02   6.93149e-02
  17  LM           4.69963e-05   constant   
  18  wCBO_expCoeff   0.00000e+00   constant   
  19  wCBO_expOffset   0.00000e+00   constant   
  20  wCBO_expT    0.00000e+00   constant   
  21  wCBO_linCoeff   0.00000e+00   constant   
  22  wCBO_const   0.00000e+00   constant   
 **********
 **  121 **SHO COR 
 **********
 PARAMETER  CORRELATION COEFFICIENTS  
       NO.  GLOBAL      1      3      4      6      7      8     11     12     13     14     15     16
        1  0.29025   1.000 -0.012  0.013  0.018  0.021  0.024  0.113  0.047  0.023 -0.002 -0.002 -0.002
        3  0.07812  -0.012  1.000  0.019 -0.001 -0.022 -0.022 -0.043  0.052  0.050  0.003 -0.002 -0.002
        4  0.11896   0.013  0.019  1.000 -0.008 -0.108 -0.110 -0.029  0.016  0.015  0.005 -0.000 -0.000
        6  0.04973   0.018 -0.001 -0.008  1.000 -0.005 -0.006 -0.033  0.019  0.019  0.007 -0.001 -0.001
        7  0.99715   0.021 -0.022 -0.108 -0.005  1.000  0.997  0.063 -0.036 -0.033  0.008 -0.002 -0.003
        8  0.99715   0.024 -0.022 -0.110 -0.006  0.997  1.000  0.064 -0.039 -0.035  0.007 -0.002 -0.002
       11  0.17011   0.113 -0.043 -0.029 -0.033  0.063  0.064  1.000  0.077  0.080 -0.006 -0.001 -0.001
       12  0.99587   0.047  0.052  0.016  0.019 -0.036 -0.039  0.077  1.000  0.996  0.006  0.000  0.000
       13  0.99586   0.023  0.050  0.015  0.019 -0.033 -0.035  0.080  0.996  1.000  0.005  0.000  0.000
       14  0.03682  -0.002  0.003  0.005  0.007  0.008  0.007 -0.006  0.006  0.005  1.000 -0.033 -0.032
       15  0.99621  -0.002 -0.002 -0.000 -0.001 -0.002 -0.002 -0.001  0.000  0.000 -0.033  1.000  0.996
       16  0.99621  -0.002 -0.002 -0.000 -0.001 -0.003 -0.002 -0.001  0.000  0.000 -0.032  0.996  1.000
 ELEMENTS ABOVE DIAGONAL ARE NOT PRINTED.
