 + ++++++++++++++++++++++++++++++++++++++++++++++++++++++++++++++++++++ +
 +                                                                      +
 +           You have chose to blind your fitting according to          +
 +                omega_ref * (1 + (R +/- deltaR) *10^{-6})             +
 +                                                                      +
 + ++++++++++++++++++++++++++++++++++++++++++++++++++++++++++++++++++++ +
In main()...
reading format from /gm2data/zkhechad/run45/envelope/formats/formatB_sBin_constraintOn.txt
pBinTau 	= 0  
pBinPhi 	= 0  
constraintau 	= 1 
includeMopTerm 	= 0    
constrainMop    = 0   
Parameters after format file: pBinTau 0 pBinPhi 0 constraintau 1 includeMopTerm 0 constrainMop 0 c_e_scale 0.000000 
Opening file /gm2data/tbarrett/gm2fr/studies/run23_bunch_corrections/CorrectedFourier_Run3b.root.
reading full fit data from /gm2data/zkhechad/cboTemplates/Run4CBOTemplates/fullFits/noRF/sBin_constraintOn_cE0.0_seed0_noRF_calo10.root
windowBins = 70
fitting sliding window 1470 from bin 1673 at 249.611600 to bin 1743 at 260.055600 (70 bins)

Reading data from /gm2data/cornell/histograms/aMethod/histogram_a_noRF.root
 **********
 **    1 **SET PRINTOUT            1
 **********
 **********
 **    2 **SET NOWARNINGS 
 **********
 PARAMETER DEFINITIONS:
    NO.   NAME         VALUE      STEP SIZE      LIMITS
     1 N0           3.07872e+06  1.00000e+02     no limits
     2 tau          6.44672e+01  constant
     3 A0           3.48618e-01  1.00000e-04     no limits
     4 phi          4.11514e+00  1.00000e-02     no limits
     5 R           -6.24246e+01  constant
     6 alpha_CBO    0.00000e+00  1.00000e-03     no limits
     7 w_CBO        1.72716e-01  constant
     8 beta_CBO     0.00000e+00  1.00000e-03     no limits
     9 alpha_2CBO   0.00000e+00  1.00000e-03     no limits
    10 beta_2CBO    0.00000e+00  1.00000e-03     no limits
    11 alpha_y      0.00000e+00  1.00000e-03     no limits
    12 w_y          1.43117e+01  constant
    13 beta_y       0.00000e+00  1.00000e-03     no limits
    14 alpha_vw     0.00000e+00  1.00000e-03     no limits
    15 w_vw         1.34891e+01  constant
    16 beta_vw      0.00000e+00  1.00000e-03     no limits
    17 LM           2.26626e-03  constant
    18 zeta_y       0.00000e+00  constant
    19 zeta_vw      0.00000e+00  constant
MINUIT - FIT ONLY WIGGLE
 **********
 **    3 **FIX            5
 **********
 PARAMETER    5  IS CONSTANT.   IGNORED.
 **********
 **    4 **FIX            6
 **********
 **********
 **    5 **FIX            7
 **********
 PARAMETER    7  IS CONSTANT.   IGNORED.
 **********
 **    6 **FIX            8
 **********
 **********
 **    7 **FIX            9
 **********
 **********
 **    8 **FIX           10
 **********
 **********
 **    9 **FIX           11
 **********
 **********
 **   10 **FIX           12
 **********
 PARAMETER   12  IS CONSTANT.   IGNORED.
 **********
 **   11 **FIX           13
 **********
 **********
 **   12 **FIX           14
 **********
 **********
 **   13 **FIX           15
 **********
 PARAMETER   15  IS CONSTANT.   IGNORED.
 **********
 **   14 **FIX           16
 **********
 **********
 **   15 **MIGRAD
 **********
 FIRST CALL TO USER FUNCTION AT NEW START POINT, WITH IFLAG=4.
 START MIGRAD MINIMIZATION.  STRATEGY  1.  CONVERGENCE WHEN EDM .LT. 1.00e-04
 FCN=136.148 FROM MIGRAD    STATUS=INITIATE       12 CALLS          13 TOTAL
                     EDM= unknown      STRATEGY= 1      NO ERROR MATRIX       
  EXT PARAMETER               CURRENT GUESS       STEP         FIRST   
  NO.   NAME      VALUE            ERROR          SIZE      DERIVATIVE 
   1  N0           3.07872e+06   1.00000e+02   1.00000e+02  -4.11092e-03
   2  tau          6.44672e+01   constant   
   3  A0           3.48618e-01   1.00000e-04   1.00000e-04  -9.89587e+03
   4  phi          4.11514e+00   1.00000e-02   1.00000e-02   1.35028e+03
   5  R           -6.24246e+01   constant   
   6  alpha_CBO    0.00000e+00     fixed    
   7  w_CBO        1.72716e-01   constant   
   8  beta_CBO     0.00000e+00     fixed    
   9  alpha_2CBO   0.00000e+00     fixed    
  10  beta_2CBO    0.00000e+00     fixed    
  11  alpha_y      0.00000e+00     fixed    
  12  w_y          1.43117e+01   constant   
  13  beta_y       0.00000e+00     fixed    
  14  alpha_vw     0.00000e+00     fixed    
  15  w_vw         1.34891e+01   constant   
  16  beta_vw      0.00000e+00     fixed    
  17  LM           2.26626e-03   constant   
  18  zeta_y       0.00000e+00   constant   
  19  zeta_vw      0.00000e+00   constant   
 MIGRAD MINIMIZATION HAS CONVERGED.
 MIGRAD WILL VERIFY CONVERGENCE AND ERROR MATRIX.
 COVARIANCE MATRIX CALCULATED SUCCESSFULLY
 FCN=127.362 FROM MIGRAD    STATUS=CONVERGED      52 CALLS          53 TOTAL
                     EDM=9.80264e-09    STRATEGY= 1      ERROR MATRIX ACCURATE 
  EXT PARAMETER                                   STEP         FIRST   
  NO.   NAME      VALUE            ERROR          SIZE      DERIVATIVE 
   1  N0           3.08066e+06   9.47476e+02   5.07032e+00  -1.00070e-07
   2  tau          6.44672e+01   constant   
   3  A0           3.49494e-01   3.95053e-04   2.16666e-06  -2.12736e-01
   4  phi          4.11447e+00   1.18243e-03   6.44661e-06   4.60030e-02
   5  R           -6.24246e+01   constant   
   6  alpha_CBO    0.00000e+00     fixed    
   7  w_CBO        1.72716e-01   constant   
   8  beta_CBO     0.00000e+00     fixed    
   9  alpha_2CBO   0.00000e+00     fixed    
  10  beta_2CBO    0.00000e+00     fixed    
  11  alpha_y      0.00000e+00     fixed    
  12  w_y          1.43117e+01   constant   
  13  beta_y       0.00000e+00     fixed    
  14  alpha_vw     0.00000e+00     fixed    
  15  w_vw         1.34891e+01   constant   
  16  beta_vw      0.00000e+00     fixed    
  17  LM           2.26626e-03   constant   
  18  zeta_y       0.00000e+00   constant   
  19  zeta_vw      0.00000e+00   constant   
 EXTERNAL ERROR MATRIX.    NDIM=  25    NPAR=  3    ERR DEF=1
  8.977e+05  4.349e-02  1.776e-01 
  4.349e-02  1.561e-07 -1.927e-08 
  1.776e-01 -1.927e-08  1.398e-06 
 PARAMETER  CORRELATION COEFFICIENTS  
       NO.  GLOBAL      1      3      4
        1  0.20055   1.000  0.116  0.159
        3  0.13097   0.116  1.000 -0.041
        4  0.16953   0.159 -0.041  1.000
MINUIT - FIT ONLY 1-CBO + wiggle
 **********
 **   16 **RES 
 **********
                   PARAMETER   16  beta_vw RESTORED TO VARIABLE.
                   PARAMETER   14  alpha_vw RESTORED TO VARIABLE.
                   PARAMETER   13  beta_y RESTORED TO VARIABLE.
                   PARAMETER   11  alpha_y RESTORED TO VARIABLE.
                   PARAMETER   10  beta_2CBO RESTORED TO VARIABLE.
                   PARAMETER    9  alpha_2CBO RESTORED TO VARIABLE.
                   PARAMETER    8  beta_CBO RESTORED TO VARIABLE.
                   PARAMETER    6  alpha_CBO RESTORED TO VARIABLE.
 **********
 **   17 **FIX            8
 **********
 **********
 **   18 **FIX            9
 **********
 **********
 **   19 **FIX           11
 **********
 **********
 **   20 **FIX           12
 **********
 PARAMETER   12  IS CONSTANT.   IGNORED.
 **********
 **   21 **FIX           14
 **********
 **********
 **   22 **FIX           15
 **********
 PARAMETER   15  IS CONSTANT.   IGNORED.
 **********
 **   23 **FIX           16
 **********
 **********
 **   24 **MIGRAD
 **********
 START MIGRAD MINIMIZATION.  STRATEGY  1.  CONVERGENCE WHEN EDM .LT. 1.00e-04
 FCN=127.362 FROM MIGRAD    STATUS=INITIATE       18 CALLS          71 TOTAL
                     EDM= unknown      STRATEGY= 1      NO ERROR MATRIX       
  EXT PARAMETER               CURRENT GUESS       STEP         FIRST   
  NO.   NAME      VALUE            ERROR          SIZE      DERIVATIVE 
   1  N0           3.08066e+06   9.47476e+02   5.07032e+00  -1.00070e-07
   2  tau          6.44672e+01   constant   
   3  A0           3.49494e-01   3.95053e-04   2.16666e-06  -2.12734e-01
   4  phi          4.11447e+00   1.18243e-03   6.44661e-06   4.60020e-02
   5  R           -6.24246e+01   constant   
   6  alpha_CBO    0.00000e+00   1.00000e-03   1.00000e-03   2.17819e+03
   7  w_CBO        1.72716e-01   constant   
   8  beta_CBO     0.00000e+00     fixed    
   9  alpha_2CBO   0.00000e+00     fixed    
  10  beta_2CBO    0.00000e+00   1.00000e-03   1.00000e-03  -1.30458e+04
  11  alpha_y      0.00000e+00     fixed    
  12  w_y          1.43117e+01   constant   
  13  beta_y       0.00000e+00   1.00000e-03   1.00000e-03   6.73890e+03
  14  alpha_vw     0.00000e+00     fixed    
  15  w_vw         1.34891e+01   constant   
  16  beta_vw      0.00000e+00     fixed    
  17  LM           2.26626e-03   constant   
  18  zeta_y       0.00000e+00   constant   
  19  zeta_vw      0.00000e+00   constant   
 MIGRAD MINIMIZATION HAS CONVERGED.
 MIGRAD WILL VERIFY CONVERGENCE AND ERROR MATRIX.
 COVARIANCE MATRIX CALCULATED SUCCESSFULLY
 FCN=107.89 FROM MIGRAD    STATUS=CONVERGED     143 CALLS         196 TOTAL
                     EDM=3.19301e-06    STRATEGY= 1      ERROR MATRIX ACCURATE 
  EXT PARAMETER                                   STEP         FIRST   
  NO.   NAME      VALUE            ERROR          SIZE      DERIVATIVE 
   1  N0           3.10723e+06   8.20693e+03   4.70899e+00   5.42793e-07
   2  tau          6.44672e+01   constant   
   3  A0           3.49791e-01   4.02033e-04   1.99501e-06  -2.50950e+00
   4  phi          4.11601e+00   1.29360e-03   5.93175e-06   3.10496e-01
   5  R           -6.24246e+01   constant   
   6  alpha_CBO   -9.63675e-03   2.94538e-03   1.72871e-06   2.10915e+00
   7  w_CBO        1.72716e-01   constant   
   8  beta_CBO     0.00000e+00     fixed    
   9  alpha_2CBO   0.00000e+00     fixed    
  10  beta_2CBO    1.06851e-03   4.03185e-04   2.04028e-06  -2.45899e+00
  11  alpha_y      0.00000e+00     fixed    
  12  w_y          1.43117e+01   constant   
  13  beta_y      -5.50351e-04   4.26135e-04   2.16957e-06   2.11823e+00
  14  alpha_vw     0.00000e+00     fixed    
  15  w_vw         1.34891e+01   constant   
  16  beta_vw      0.00000e+00     fixed    
  17  LM           2.26626e-03   constant   
  18  zeta_y       0.00000e+00   constant   
  19  zeta_vw      0.00000e+00   constant   
 EXTERNAL ERROR MATRIX.    NDIM=  25    NPAR=  6    ERR DEF=1
  6.735e+07  5.857e-01  4.439e+00 -2.401e+01  2.905e-02  9.593e-02 
  5.857e-01  1.616e-07  1.309e-08 -1.950e-07  1.412e-08  3.480e-09 
  4.439e+00  1.309e-08  1.673e-06 -1.541e-06 -2.577e-08  7.166e-10 
 -2.401e+01 -1.950e-07 -1.541e-06  8.675e-06 -2.671e-09 -3.286e-08 
  2.905e-02  1.412e-08 -2.577e-08 -2.671e-09  1.626e-07  3.795e-09 
  9.593e-02  3.480e-09  7.166e-10 -3.286e-08  3.795e-09  1.816e-07 
 PARAMETER  CORRELATION COEFFICIENTS  
       NO.  GLOBAL      1      3      4      6     10     13
        1  0.99347   1.000  0.178  0.418 -0.993  0.009  0.027
        3  0.22696   0.178  1.000  0.025 -0.165  0.087  0.020
        4  0.43601   0.418  0.025  1.000 -0.404 -0.049  0.001
        6  0.99334  -0.993 -0.165 -0.404  1.000 -0.002 -0.026
       10  0.11714   0.009  0.087 -0.049 -0.002  1.000  0.022
       13  0.03957   0.027  0.020  0.001 -0.026  0.022  1.000
MINUIT - FIT ONLY 2-CBO
 **********
 **   25 **RES 
 **********
                   PARAMETER   16  beta_vw RESTORED TO VARIABLE.
                   PARAMETER   14  alpha_vw RESTORED TO VARIABLE.
                   PARAMETER   11  alpha_y RESTORED TO VARIABLE.
                   PARAMETER    9  alpha_2CBO RESTORED TO VARIABLE.
                   PARAMETER    8  beta_CBO RESTORED TO VARIABLE.
 **********
 **   26 **FIX            0
 **********
 PARAMETER    0  IS UNDEFINED. IGNORED.
 **********
 **   27 **FIX            1
 **********
 **********
 **   28 **FIX            2
 **********
 PARAMETER    2  IS CONSTANT.   IGNORED.
 **********
 **   29 **FIX            3
 **********
 **********
 **   30 **FIX            4
 **********
 **********
 **   31 **FIX            5
 **********
 PARAMETER    5  IS CONSTANT.   IGNORED.
 **********
 **   32 **FIX            6
 **********
 **********
 **   33 **FIX            7
 **********
 PARAMETER    7  IS CONSTANT.   IGNORED.
 **********
 **   34 **FIX           10
 **********
 **********
 **   35 **FIX           11
 **********
 **********
 **   36 **FIX           12
 **********
 PARAMETER   12  IS CONSTANT.   IGNORED.
 **********
 **   37 **FIX           13
 **********
 **********
 **   38 **FIX           14
 **********
 **********
 **   39 **FIX           15
 **********
 PARAMETER   15  IS CONSTANT.   IGNORED.
 **********
 **   40 **FIX           16
 **********
 **********
 **   41 **MIGRAD
 **********
 START MIGRAD MINIMIZATION.  STRATEGY  1.  CONVERGENCE WHEN EDM .LT. 1.00e-04
 FCN=107.89 FROM MIGRAD    STATUS=INITIATE        8 CALLS         204 TOTAL
                     EDM= unknown      STRATEGY= 1      NO ERROR MATRIX       
  EXT PARAMETER               CURRENT GUESS       STEP         FIRST   
  NO.   NAME      VALUE            ERROR          SIZE      DERIVATIVE 
   1  N0           3.10723e+06     fixed    
   2  tau          6.44672e+01   constant   
   3  A0           3.49791e-01     fixed    
   4  phi          4.11601e+00     fixed    
   5  R           -6.24246e+01   constant   
   6  alpha_CBO   -9.63675e-03     fixed    
   7  w_CBO        1.72716e-01   constant   
   8  beta_CBO     0.00000e+00   1.00000e-03   1.00000e-03  -2.30277e+02
   9  alpha_2CBO   0.00000e+00   1.00000e-03   1.00000e-03  -6.73987e+01
  10  beta_2CBO    1.06851e-03     fixed    
  11  alpha_y      0.00000e+00     fixed    
  12  w_y          1.43117e+01   constant   
  13  beta_y      -5.50351e-04     fixed    
  14  alpha_vw     0.00000e+00     fixed    
  15  w_vw         1.34891e+01   constant   
  16  beta_vw      0.00000e+00     fixed    
  17  LM           2.26626e-03   constant   
  18  zeta_y       0.00000e+00   constant   
  19  zeta_vw      0.00000e+00   constant   
 MIGRAD MINIMIZATION HAS CONVERGED.
 MIGRAD WILL VERIFY CONVERGENCE AND ERROR MATRIX.
 COVARIANCE MATRIX CALCULATED SUCCESSFULLY
 FCN=107.884 FROM MIGRAD    STATUS=CONVERGED      28 CALLS         224 TOTAL
                     EDM=2.01165e-09    STRATEGY= 1      ERROR MATRIX ACCURATE 
  EXT PARAMETER                                   STEP         FIRST   
  NO.   NAME      VALUE            ERROR          SIZE      DERIVATIVE 
   1  N0           3.10723e+06     fixed    
   2  tau          6.44672e+01   constant   
   3  A0           3.49791e-01     fixed    
   4  phi          4.11601e+00     fixed    
   5  R           -6.24246e+01   constant   
   6  alpha_CBO   -9.63675e-03     fixed    
   7  w_CBO        1.72716e-01   constant   
   8  beta_CBO     4.61637e-05   6.30899e-04   3.21248e-06  -2.06475e-02
   9  alpha_2CBO   7.96288e-06   4.49002e-04   2.28628e-06   1.39288e-01
  10  beta_2CBO    1.06851e-03     fixed    
  11  alpha_y      0.00000e+00     fixed    
  12  w_y          1.43117e+01   constant   
  13  beta_y      -5.50351e-04     fixed    
  14  alpha_vw     0.00000e+00     fixed    
  15  w_vw         1.34891e+01   constant   
  16  beta_vw      0.00000e+00     fixed    
  17  LM           2.26626e-03   constant   
  18  zeta_y       0.00000e+00   constant   
  19  zeta_vw      0.00000e+00   constant   
 EXTERNAL ERROR MATRIX.    NDIM=  25    NPAR=  2    ERR DEF=1
  3.980e-07  1.003e-08 
  1.003e-08  2.016e-07 
 PARAMETER  CORRELATION COEFFICIENTS  
       NO.  GLOBAL      8      9
        8  0.03541   1.000  0.035
        9  0.03541   0.035  1.000
MINUIT - FIT wiggle + 1-CBO + 2-CBO
 **********
 **   42 **RES 
 **********
                   PARAMETER   16  beta_vw RESTORED TO VARIABLE.
                   PARAMETER   14  alpha_vw RESTORED TO VARIABLE.
                   PARAMETER   13  beta_y RESTORED TO VARIABLE.
                   PARAMETER   11  alpha_y RESTORED TO VARIABLE.
                   PARAMETER   10  beta_2CBO RESTORED TO VARIABLE.
                   PARAMETER    6  alpha_CBO RESTORED TO VARIABLE.
                   PARAMETER    4  phi RESTORED TO VARIABLE.
                   PARAMETER    3  A0 RESTORED TO VARIABLE.
                   PARAMETER    1  N0 RESTORED TO VARIABLE.
 **********
 **   43 **FIX           10
 **********
 **********
 **   44 **FIX           11
 **********
 **********
 **   45 **FIX           12
 **********
 PARAMETER   12  IS CONSTANT.   IGNORED.
 **********
 **   46 **FIX           13
 **********
 **********
 **   47 **FIX           14
 **********
 **********
 **   48 **FIX           15
 **********
 PARAMETER   15  IS CONSTANT.   IGNORED.
 **********
 **   49 **FIX           16
 **********
 **********
 **   50 **MIGRAD
 **********
 START MIGRAD MINIMIZATION.  STRATEGY  1.  CONVERGENCE WHEN EDM .LT. 1.00e-04
 FCN=107.884 FROM MIGRAD    STATUS=INITIATE       12 CALLS         236 TOTAL
                     EDM= unknown      STRATEGY= 1      NO ERROR MATRIX       
  EXT PARAMETER               CURRENT GUESS       STEP         FIRST   
  NO.   NAME      VALUE            ERROR          SIZE      DERIVATIVE 
   1  N0           3.10723e+06   8.20693e+03   8.20693e+03   2.41562e-05
   2  tau          6.44672e+01   constant   
   3  A0           3.49791e-01   4.02033e-04   4.02033e-04  -2.42831e+01
   4  phi          4.11601e+00   1.29360e-03   1.29360e-03   9.55536e+00
   5  R           -6.24246e+01   constant   
   6  alpha_CBO   -9.63675e-03   2.94538e-03   2.94538e-03   7.39466e+01
   7  w_CBO        1.72716e-01   constant   
   8  beta_CBO     4.61637e-05   6.30899e-04   3.21248e-06  -2.06484e-02
   9  alpha_2CBO   7.96288e-06   4.49002e-04   2.28628e-06   1.39285e-01
  10  beta_2CBO    1.06851e-03     fixed    
  11  alpha_y      0.00000e+00     fixed    
  12  w_y          1.43117e+01   constant   
  13  beta_y      -5.50351e-04     fixed    
  14  alpha_vw     0.00000e+00     fixed    
  15  w_vw         1.34891e+01   constant   
  16  beta_vw      0.00000e+00     fixed    
  17  LM           2.26626e-03   constant   
  18  zeta_y       0.00000e+00   constant   
  19  zeta_vw      0.00000e+00   constant   
 MIGRAD MINIMIZATION HAS CONVERGED.
 MIGRAD WILL VERIFY CONVERGENCE AND ERROR MATRIX.
 COVARIANCE MATRIX CALCULATED SUCCESSFULLY
 FCN=107.623 FROM MIGRAD    STATUS=CONVERGED     243 CALLS         467 TOTAL
                     EDM=2.83929e-07    STRATEGY= 1      ERROR MATRIX ACCURATE 
  EXT PARAMETER                                   STEP         FIRST   
  NO.   NAME      VALUE            ERROR          SIZE      DERIVATIVE 
   1  N0           3.16509e+06   1.18542e+05   4.78835e+00  -2.37264e-07
   2  tau          6.44672e+01   constant   
   3  A0           3.49831e-01   4.08466e-04   1.99243e-06  -8.19983e-01
   4  phi          4.11628e+00   1.41246e-03   5.92369e-06  -2.05312e-01
   5  R           -6.24246e+01   constant   
   6  alpha_CBO   -3.51667e-02   5.13039e-02   1.69508e-06  -7.21297e-01
   7  w_CBO        1.72716e-01   constant   
   8  beta_CBO    -4.96439e-05   6.50757e-04   3.15034e-06  -7.99161e-01
   9  alpha_2CBO   7.60334e-03   1.52500e-02   2.24197e-06  -5.96544e-01
  10  beta_2CBO    1.06851e-03     fixed    
  11  alpha_y      0.00000e+00     fixed    
  12  w_y          1.43117e+01   constant   
  13  beta_y      -5.50351e-04     fixed    
  14  alpha_vw     0.00000e+00     fixed    
  15  w_vw         1.34891e+01   constant   
  16  beta_vw      0.00000e+00     fixed    
  17  LM           2.26626e-03   constant   
  18  zeta_y       0.00000e+00   constant   
  19  zeta_vw      0.00000e+00   constant   
 EXTERNAL ERROR MATRIX.    NDIM=  25    NPAR=  6    ERR DEF=1
  1.405e+10  9.693e+00  7.151e+01 -6.081e+03 -2.277e+01  1.803e+03 
  9.693e+00  1.668e-07  5.741e-08 -4.133e-06  7.586e-12  1.174e-06 
  7.151e+01  5.741e-08  1.995e-06 -3.053e-05 -1.509e-07  8.637e-06 
 -6.081e+03 -4.133e-06 -3.053e-05  2.632e-03  9.868e-06 -7.811e-04 
 -2.277e+01  7.586e-12 -1.509e-07  9.868e-06  4.235e-07 -2.929e-06 
  1.803e+03  1.174e-06  8.637e-06 -7.811e-04 -2.929e-06  2.326e-04 
 PARAMETER  CORRELATION COEFFICIENTS  
       NO.  GLOBAL      1      3      4      6      8      9
        1  0.99997   1.000  0.200  0.427 -1.000 -0.295  0.998
        3  0.28506   0.200  1.000  0.100 -0.197  0.000  0.188
        4  0.56643   0.427  0.100  1.000 -0.421 -0.164  0.401
        6  0.99998  -1.000 -0.197 -0.421  1.000  0.296 -0.998
        8  0.30856  -0.295  0.000 -0.164  0.296  1.000 -0.295
        9  0.99958   0.998  0.188  0.401 -0.998 -0.295  1.000
MINUIT - FIT ONLY 1-y
 **********
 **   51 **RES 
 **********
                   PARAMETER   16  beta_vw RESTORED TO VARIABLE.
                   PARAMETER   14  alpha_vw RESTORED TO VARIABLE.
                   PARAMETER   13  beta_y RESTORED TO VARIABLE.
                   PARAMETER   11  alpha_y RESTORED TO VARIABLE.
                   PARAMETER   10  beta_2CBO RESTORED TO VARIABLE.
 **********
 **   52 **FIX            0
 **********
 PARAMETER    0  IS UNDEFINED. IGNORED.
 **********
 **   53 **FIX            1
 **********
 **********
 **   54 **FIX            2
 **********
 PARAMETER    2  IS CONSTANT.   IGNORED.
 **********
 **   55 **FIX            3
 **********
 **********
 **   56 **FIX            4
 **********
 **********
 **   57 **FIX            5
 **********
 PARAMETER    5  IS CONSTANT.   IGNORED.
 **********
 **   58 **FIX            6
 **********
 **********
 **   59 **FIX            7
 **********
 PARAMETER    7  IS CONSTANT.   IGNORED.
 **********
 **   60 **FIX            8
 **********
 **********
 **   61 **FIX            9
 **********
 **********
 **   62 **FIX           13
 **********
 **********
 **   63 **FIX           14
 **********
 **********
 **   64 **FIX           15
 **********
 PARAMETER   15  IS CONSTANT.   IGNORED.
 **********
 **   65 **FIX           16
 **********
 **********
 **   66 **MIGRAD
 **********
 START MIGRAD MINIMIZATION.  STRATEGY  1.  CONVERGENCE WHEN EDM .LT. 1.00e-04
 FCN=107.623 FROM MIGRAD    STATUS=INITIATE        6 CALLS         473 TOTAL
                     EDM= unknown      STRATEGY= 1      NO ERROR MATRIX       
  EXT PARAMETER               CURRENT GUESS       STEP         FIRST   
  NO.   NAME      VALUE            ERROR          SIZE      DERIVATIVE 
   1  N0           3.16509e+06     fixed    
   2  tau          6.44672e+01   constant   
   3  A0           3.49831e-01     fixed    
   4  phi          4.11628e+00     fixed    
   5  R           -6.24246e+01   constant   
   6  alpha_CBO   -3.51667e-02     fixed    
   7  w_CBO        1.72716e-01   constant   
   8  beta_CBO    -4.96439e-05     fixed    
   9  alpha_2CBO   7.60334e-03     fixed    
  10  beta_2CBO    1.06851e-03   4.03185e-04   4.03185e-04   3.46465e+02
  11  alpha_y      0.00000e+00   1.00000e-03   1.00000e-03   4.08215e+02
  12  w_y          1.43117e+01   constant   
  13  beta_y      -5.50351e-04     fixed    
  14  alpha_vw     0.00000e+00     fixed    
  15  w_vw         1.34891e+01   constant   
  16  beta_vw      0.00000e+00     fixed    
  17  LM           2.26626e-03   constant   
  18  zeta_y       0.00000e+00   constant   
  19  zeta_vw      0.00000e+00   constant   
 MIGRAD MINIMIZATION HAS CONVERGED.
 MIGRAD WILL VERIFY CONVERGENCE AND ERROR MATRIX.
 COVARIANCE MATRIX CALCULATED SUCCESSFULLY
 FCN=107.611 FROM MIGRAD    STATUS=CONVERGED      21 CALLS         488 TOTAL
                     EDM=4.55732e-06    STRATEGY= 1      ERROR MATRIX ACCURATE 
  EXT PARAMETER                                   STEP         FIRST   
  NO.   NAME      VALUE            ERROR          SIZE      DERIVATIVE 
   1  N0           3.16509e+06     fixed    
   2  tau          6.44672e+01   constant   
   3  A0           3.49831e-01     fixed    
   4  phi          4.11628e+00     fixed    
   5  R           -6.24246e+01   constant   
   6  alpha_CBO   -3.51667e-02     fixed    
   7  w_CBO        1.72716e-01   constant   
   8  beta_CBO    -4.96439e-05     fixed    
   9  alpha_2CBO   7.60334e-03     fixed    
  10  beta_2CBO    1.04175e-03   3.93137e-04   2.00037e-06  -6.08877e+00
  11  alpha_y     -3.71151e-05   4.26468e-04   2.16997e-06  -4.39183e+00
  12  w_y          1.43117e+01   constant   
  13  beta_y      -5.50351e-04     fixed    
  14  alpha_vw     0.00000e+00     fixed    
  15  w_vw         1.34891e+01   constant   
  16  beta_vw      0.00000e+00     fixed    
  17  LM           2.26626e-03   constant   
  18  zeta_y       0.00000e+00   constant   
  19  zeta_vw      0.00000e+00   constant   
 EXTERNAL ERROR MATRIX.    NDIM=  25    NPAR=  2    ERR DEF=1
  1.546e-07 -2.306e-09 
 -2.306e-09  1.819e-07 
 PARAMETER  CORRELATION COEFFICIENTS  
       NO.  GLOBAL     10     11
       10  0.01375   1.000 -0.014
       11  0.01375  -0.014  1.000
MINUIT - FIT ONLY 2-y
 **********
 **   67 **RES 
 **********
                   PARAMETER   16  beta_vw RESTORED TO VARIABLE.
                   PARAMETER   14  alpha_vw RESTORED TO VARIABLE.
                   PARAMETER   13  beta_y RESTORED TO VARIABLE.
                   PARAMETER    9  alpha_2CBO RESTORED TO VARIABLE.
                   PARAMETER    8  beta_CBO RESTORED TO VARIABLE.
                   PARAMETER    6  alpha_CBO RESTORED TO VARIABLE.
                   PARAMETER    4  phi RESTORED TO VARIABLE.
                   PARAMETER    3  A0 RESTORED TO VARIABLE.
                   PARAMETER    1  N0 RESTORED TO VARIABLE.
 **********
 **   68 **FIX            0
 **********
 PARAMETER    0  IS UNDEFINED. IGNORED.
 **********
 **   69 **FIX            1
 **********
 **********
 **   70 **FIX            2
 **********
 PARAMETER    2  IS CONSTANT.   IGNORED.
 **********
 **   71 **FIX            3
 **********
 **********
 **   72 **FIX            4
 **********
 **********
 **   73 **FIX            5
 **********
 PARAMETER    5  IS CONSTANT.   IGNORED.
 **********
 **   74 **FIX            6
 **********
 **********
 **   75 **FIX            7
 **********
 PARAMETER    7  IS CONSTANT.   IGNORED.
 **********
 **   76 **FIX            8
 **********
 **********
 **   77 **FIX            9
 **********
 **********
 **   78 **FIX           10
 **********
 **********
 **   79 **FIX           11
 **********
 **********
 **   80 **FIX           12
 **********
 PARAMETER   12  IS CONSTANT.   IGNORED.
 **********
 **   81 **FIX           16
 **********
 **********
 **   82 **MIGRAD
 **********
 START MIGRAD MINIMIZATION.  STRATEGY  1.  CONVERGENCE WHEN EDM .LT. 1.00e-04
 FCN=107.611 FROM MIGRAD    STATUS=INITIATE        6 CALLS         494 TOTAL
                     EDM= unknown      STRATEGY= 1      NO ERROR MATRIX       
  EXT PARAMETER               CURRENT GUESS       STEP         FIRST   
  NO.   NAME      VALUE            ERROR          SIZE      DERIVATIVE 
   1  N0           3.16509e+06     fixed    
   2  tau          6.44672e+01   constant   
   3  A0           3.49831e-01     fixed    
   4  phi          4.11628e+00     fixed    
   5  R           -6.24246e+01   constant   
   6  alpha_CBO   -3.51667e-02     fixed    
   7  w_CBO        1.72716e-01   constant   
   8  beta_CBO    -4.96439e-05     fixed    
   9  alpha_2CBO   7.60334e-03     fixed    
  10  beta_2CBO    1.04175e-03     fixed    
  11  alpha_y     -3.71151e-05     fixed    
  12  w_y          1.43117e+01   constant   
  13  beta_y      -5.50351e-04   4.26135e-04   4.26135e-04  -8.11637e+01
  14  alpha_vw     0.00000e+00   1.00000e-03   1.00000e-03  -3.81045e+03
  15  w_vw         1.34891e+01   constant   
  16  beta_vw      0.00000e+00     fixed    
  17  LM           2.26626e-03   constant   
  18  zeta_y       0.00000e+00   constant   
  19  zeta_vw      0.00000e+00   constant   
 MIGRAD MINIMIZATION HAS CONVERGED.
 MIGRAD WILL VERIFY CONVERGENCE AND ERROR MATRIX.
 COVARIANCE MATRIX CALCULATED SUCCESSFULLY
 FCN=106.917 FROM MIGRAD    STATUS=CONVERGED      27 CALLS         515 TOTAL
                     EDM=3.64084e-07    STRATEGY= 1      ERROR MATRIX ACCURATE 
  EXT PARAMETER                                   STEP         FIRST   
  NO.   NAME      VALUE            ERROR          SIZE      DERIVATIVE 
   1  N0           3.16509e+06     fixed    
   2  tau          6.44672e+01   constant   
   3  A0           3.49831e-01     fixed    
   4  phi          4.11628e+00     fixed    
   5  R           -6.24246e+01   constant   
   6  alpha_CBO   -3.51667e-02     fixed    
   7  w_CBO        1.72716e-01   constant   
   8  beta_CBO    -4.96439e-05     fixed    
   9  alpha_2CBO   7.60334e-03     fixed    
  10  beta_2CBO    1.04175e-03     fixed    
  11  alpha_y     -3.71151e-05     fixed    
  12  w_y          1.43117e+01   constant   
  13  beta_y      -4.75048e-04   4.33549e-04   2.15984e-06  -4.23291e-01
  14  alpha_vw     3.62663e-04   4.35316e-04   2.16864e-06   1.99537e+00
  15  w_vw         1.34891e+01   constant   
  16  beta_vw      0.00000e+00     fixed    
  17  LM           2.26626e-03   constant   
  18  zeta_y       0.00000e+00   constant   
  19  zeta_vw      0.00000e+00   constant   
 EXTERNAL ERROR MATRIX.    NDIM=  25    NPAR=  2    ERR DEF=1
  1.880e-07  3.552e-08 
  3.552e-08  1.895e-07 
 PARAMETER  CORRELATION COEFFICIENTS  
       NO.  GLOBAL     13     14
       13  0.18822   1.000  0.188
       14  0.18822   0.188  1.000
MINUIT - FIT ALTOGETHER
 **********
 **   83 **RES 
 **********
                   PARAMETER   16  beta_vw RESTORED TO VARIABLE.
                   PARAMETER   11  alpha_y RESTORED TO VARIABLE.
                   PARAMETER   10  beta_2CBO RESTORED TO VARIABLE.
                   PARAMETER    9  alpha_2CBO RESTORED TO VARIABLE.
                   PARAMETER    8  beta_CBO RESTORED TO VARIABLE.
                   PARAMETER    6  alpha_CBO RESTORED TO VARIABLE.
                   PARAMETER    4  phi RESTORED TO VARIABLE.
                   PARAMETER    3  A0 RESTORED TO VARIABLE.
                   PARAMETER    1  N0 RESTORED TO VARIABLE.
 **********
 **   84 **MIGRAD
 **********
 START MIGRAD MINIMIZATION.  STRATEGY  1.  CONVERGENCE WHEN EDM .LT. 1.00e-04
 FCN=106.917 FROM MIGRAD    STATUS=INITIATE       24 CALLS         539 TOTAL
                     EDM= unknown      STRATEGY= 1      NO ERROR MATRIX       
  EXT PARAMETER               CURRENT GUESS       STEP         FIRST   
  NO.   NAME      VALUE            ERROR          SIZE      DERIVATIVE 
   1  N0           3.16509e+06   1.18542e+05   1.18542e+05   8.94019e-06
   2  tau          6.44672e+01   constant   
   3  A0           3.49831e-01   4.08466e-04   4.08466e-04  -3.10057e+01
   4  phi          4.11628e+00   1.41246e-03   1.41246e-03  -3.86816e+00
   5  R           -6.24246e+01   constant   
   6  alpha_CBO   -3.51667e-02   5.13039e-02   5.13039e-02   2.27305e+01
   7  w_CBO        1.72716e-01   constant   
   8  beta_CBO    -4.96439e-05   6.50757e-04   6.50757e-04  -2.58421e+02
   9  alpha_2CBO   7.60334e-03   1.52500e-02   1.52500e-02   4.85053e+00
  10  beta_2CBO    1.04175e-03   3.93137e-04   3.93137e-04  -4.97238e+01
  11  alpha_y     -3.71151e-05   4.26468e-04   4.26468e-04   4.71884e+02
  12  w_y          1.43117e+01   constant   
  13  beta_y      -4.75048e-04   4.33549e-04   2.15984e-06  -4.23290e-01
  14  alpha_vw     3.62663e-04   4.35316e-04   2.16864e-06   1.99537e+00
  15  w_vw         1.34891e+01   constant   
  16  beta_vw      0.00000e+00   1.00000e-03   1.00000e-03   4.37113e+03
  17  LM           2.26626e-03   constant   
  18  zeta_y       0.00000e+00   constant   
  19  zeta_vw      0.00000e+00   constant   
 MIGRAD MINIMIZATION HAS CONVERGED.
 MIGRAD WILL VERIFY CONVERGENCE AND ERROR MATRIX.
 COVARIANCE MATRIX CALCULATED SUCCESSFULLY
 FCN=105.729 FROM HESSE     STATUS=OK            100 CALLS         858 TOTAL
                     EDM=0.0135908    STRATEGY= 1      ERROR MATRIX ACCURATE 
  EXT PARAMETER                                   STEP         FIRST   
  NO.   NAME      VALUE            ERROR          SIZE      DERIVATIVE 
   1  N0           3.16488e+06   1.18894e+05   4.74648e+00   7.70701e-07
   2  tau          6.44672e+01   constant   
   3  A0           3.49787e-01   4.18837e-04   1.97507e-06   2.18921e+00
   4  phi          4.11624e+00   1.41482e-03   5.87259e-06   1.91299e-01
   5  R           -6.24246e+01   constant   
   6  alpha_CBO   -3.51843e-02   5.14471e-02   1.68021e-06  -2.55070e+00
   7  w_CBO        1.72716e-01   constant   
   8  beta_CBO     2.69348e-03   4.96771e-03   3.12263e-06   2.18148e-01
   9  alpha_2CBO   7.71518e-03   1.52779e-02   2.22230e-06   6.64812e-01
  10  beta_2CBO   -6.88740e-04   3.15033e-03   1.98306e-06   2.21202e-01
  11  alpha_y     -1.78026e-05   4.36853e-04   2.15109e-06  -1.98296e-01
  12  w_y          1.43117e+01   constant   
  13  beta_y      -4.20386e-04   4.37040e-04   2.14793e-06  -1.88073e-01
  14  alpha_vw     3.71527e-04   4.38810e-04   2.15668e-06  -2.48218e-01
  15  w_vw         1.34891e+01   constant   
  16  beta_vw     -4.03367e-04   4.35973e-04   2.14241e-06  -1.77365e+00
  17  LM           2.26626e-03   constant   
  18  zeta_y       0.00000e+00   constant   
  19  zeta_vw      0.00000e+00   constant   
 MIGRAD MINIMIZATION HAS CONVERGED.
 FCN=105.717 FROM MIGRAD    STATUS=CONVERGED     415 CALLS         930 TOTAL
                     EDM=3.0937e-06    STRATEGY= 1  ERROR MATRIX UNCERTAINTY   5.2 per cent
  EXT PARAMETER                                   STEP         FIRST   
  NO.   NAME      VALUE            ERROR          SIZE      DERIVATIVE 
   1  N0           3.15218e+06   1.13751e+05  -1.29248e+03  -3.33533e-06
   2  tau          6.44672e+01   constant   
   3  A0           3.49777e-01   4.18059e-04  -9.35965e-07   8.22370e-01
   4  phi          4.11618e+00   1.40381e-03  -6.66042e-06   4.24371e-01
   5  R           -6.24246e+01   constant   
   6  alpha_CBO   -2.96682e-02   4.95868e-02   5.61507e-04  -9.49523e+00
   7  w_CBO        1.72716e-01   constant   
   8  beta_CBO     2.75473e-03   4.96531e-03   6.59258e-06   2.33556e-01
   9  alpha_2CBO   6.07993e-03   1.47279e-02  -1.66211e-04  -6.18152e+00
  10  beta_2CBO   -7.14864e-04   3.14964e-03  -2.88285e-06   4.22754e-01
  11  alpha_y     -1.86624e-05   4.36847e-04  -8.72837e-08   7.80249e-02
  12  w_y          1.43117e+01   constant   
  13  beta_y      -4.21610e-04   4.37027e-04  -1.25899e-07   9.49233e-02
  14  alpha_vw     3.71981e-04   4.38808e-04   4.14623e-08   3.25775e-03
  15  w_vw         1.34891e+01   constant   
  16  beta_vw     -4.06951e-04   4.35857e-04  -4.11025e-07   3.06043e-01
  17  LM           2.26626e-03   constant   
  18  zeta_y       0.00000e+00   constant   
  19  zeta_vw      0.00000e+00   constant   
 EXTERNAL ERROR MATRIX.    NDIM=  25    NPAR= 11    ERR DEF=1
  1.294e+10 
  9.496e+00  1.748e-07 
  6.617e+01  5.808e-08  1.971e-06 
 -5.640e+03 -4.066e-06 -2.842e-05  2.459e-03 
 -6.435e+01 -4.549e-07 -4.516e-07  2.745e-05  2.465e-05 
  1.671e+03  1.142e-06  8.000e-06 -7.290e-04 -7.541e-06  2.169e-04 
  2.779e+01  2.923e-07  1.983e-07 -1.172e-05 -1.550e-05  3.091e-06  9.920e-06 
  8.761e-01 -1.773e-09  9.000e-09 -3.772e-07 -7.173e-08  1.070e-07  4.148e-08  1.908e-07 
  1.256e+00  3.233e-09  4.588e-09 -5.419e-07  7.728e-08  1.557e-07 -4.603e-08  1.998e-09  1.910e-07 
 -4.410e-01  1.393e-09 -4.914e-09  1.904e-07  4.858e-08 -5.427e-08 -2.800e-08 -2.347e-08  3.580e-08  1.926e-07 
  3.868e+00  3.117e-09  2.664e-08 -1.670e-06 -2.937e-09  4.788e-07 -5.585e-10 -3.270e-08 -2.051e-08  7.029e-10  1.900e-07 
 PARAMETER  CORRELATION COEFFICIENTS  
       NO.  GLOBAL      1      3      4      6      8      9     10     11     13     14     16
        1  0.99997   1.000  0.200  0.414 -1.000 -0.114  0.997  0.078  0.018  0.025 -0.009  0.078
        3  0.35214   0.200  1.000  0.099 -0.196 -0.219  0.186  0.222 -0.010  0.018  0.008  0.017
        4  0.56007   0.414  0.099  1.000 -0.408 -0.065  0.387  0.045  0.015  0.007 -0.008  0.044
        6  0.99998  -1.000 -0.196 -0.408  1.000  0.111 -0.998 -0.075 -0.017 -0.025  0.009 -0.077
        8  0.99220  -0.114 -0.219 -0.065  0.111  1.000 -0.103 -0.991 -0.033  0.036  0.022 -0.001
        9  0.99957   0.997  0.186  0.387 -0.998 -0.103  1.000  0.067  0.017  0.024 -0.008  0.075
       10  0.99218   0.078  0.222  0.045 -0.075 -0.991  0.067  1.000  0.030 -0.033 -0.020 -0.000
       11  0.21708   0.018 -0.010  0.015 -0.017 -0.033  0.017  0.030  1.000  0.010 -0.122 -0.172
       13  0.22519   0.025  0.018  0.007 -0.025  0.036  0.024 -0.033  0.010  1.000  0.187 -0.108
       14  0.22518  -0.009  0.008 -0.008  0.009  0.022 -0.008 -0.020 -0.122  0.187  1.000  0.004
       16  0.22475   0.078  0.017  0.044 -0.077 -0.001  0.075 -0.000 -0.172 -0.108  0.004  1.000
MINUIT - MINOS
 **********
 **   85 **RES 
 **********
 CALL TO MNFREE IGNORED.  THERE ARE NO FIXED PARAMETERS
 **********
 **   86 **MIG      2.5e+04        0.01
 **********
 START MIGRAD MINIMIZATION.  STRATEGY  1.  CONVERGENCE WHEN EDM .LT. 1.00e-05
 FCN=105.717 FROM MIGRAD    STATUS=INITIATE       22 CALLS         952 TOTAL
                     EDM=2.93961e-06    STRATEGY= 1  ERROR MATRIX UNCERTAINTY   5.2 per cent
  EXT PARAMETER                                   STEP         FIRST   
  NO.   NAME      VALUE            ERROR          SIZE      DERIVATIVE 
   1  N0           3.15218e+06   1.13751e+05  -1.29248e+03  -3.33533e-06
   2  tau          6.44672e+01   constant   
   3  A0           3.49777e-01   4.18059e-04  -9.35965e-07   8.22370e-01
   4  phi          4.11618e+00   1.40381e-03  -6.66042e-06   4.24371e-01
   5  R           -6.24246e+01   constant   
   6  alpha_CBO   -2.96682e-02   4.95868e-02   5.61507e-04  -9.49523e+00
   7  w_CBO        1.72716e-01   constant   
   8  beta_CBO     2.75473e-03   4.96531e-03   6.59258e-06   2.33556e-01
   9  alpha_2CBO   6.07993e-03   1.47279e-02  -1.66211e-04  -6.18152e+00
  10  beta_2CBO   -7.14864e-04   3.14964e-03  -2.88285e-06   4.22754e-01
  11  alpha_y     -1.86624e-05   4.36847e-04  -8.72837e-08   7.80247e-02
  12  w_y          1.43117e+01   constant   
  13  beta_y      -4.21610e-04   4.37027e-04  -1.25899e-07   9.49235e-02
  14  alpha_vw     3.71981e-04   4.38808e-04   4.14623e-08   3.25773e-03
  15  w_vw         1.34891e+01   constant   
  16  beta_vw     -4.06951e-04   4.35857e-04  -4.11025e-07   3.06042e-01
  17  LM           2.26626e-03   constant   
  18  zeta_y       0.00000e+00   constant   
  19  zeta_vw      0.00000e+00   constant   
 MIGRAD MINIMIZATION HAS CONVERGED.
 FCN=105.717 FROM MIGRAD    STATUS=CONVERGED      46 CALLS         976 TOTAL
                     EDM=7.27608e-09    STRATEGY= 1  ERROR MATRIX UNCERTAINTY   3.4 per cent
  EXT PARAMETER                                   STEP         FIRST   
  NO.   NAME      VALUE            ERROR          SIZE      DERIVATIVE 
   1  N0           3.15213e+06   1.15756e+05  -5.61905e+01   4.40084e-08
   2  tau          6.44672e+01   constant   
   3  A0           3.49777e-01   4.18320e-04  -3.42199e-08   1.14954e-02
   4  phi          4.11618e+00   1.40848e-03  -3.30452e-07  -4.14269e-03
   5  R           -6.24246e+01   constant   
   6  alpha_CBO   -2.96431e-02   5.04877e-02   2.50993e-05   1.29464e-01
   7  w_CBO        1.72716e-01   constant   
   8  beta_CBO     2.75515e-03   4.96680e-03   4.21249e-07  -9.32927e-04
   9  alpha_2CBO   6.07259e-03   1.49917e-02  -7.34084e-06   1.06658e-01
  10  beta_2CBO   -7.15071e-04   3.15011e-03  -2.06999e-07  -3.53007e-03
  11  alpha_y     -1.86661e-05   4.36849e-04  -3.71732e-09  -3.22766e-03
  12  w_y          1.43117e+01   constant   
  13  beta_y      -4.21616e-04   4.37033e-04  -5.89472e-09  -3.33716e-03
  14  alpha_vw     3.71981e-04   4.38808e-04   1.59813e-10  -2.67162e-03
  15  w_vw         1.34891e+01   constant   
  16  beta_vw     -4.06985e-04   4.35919e-04  -3.39212e-08  -2.32535e-02
  17  LM           2.26626e-03   constant   
  18  zeta_y       0.00000e+00   constant   
  19  zeta_vw      0.00000e+00   constant   
 EXTERNAL ERROR MATRIX.    NDIM=  25    NPAR= 11    ERR DEF=1
  1.340e+10 
  9.815e+00  1.750e-07 
  6.864e+01  5.981e-08  1.984e-06 
 -5.843e+03 -4.208e-06 -2.951e-05  2.549e-03 
 -6.706e+01 -4.569e-07 -4.658e-07  2.865e-05  2.467e-05 
  1.731e+03  1.184e-06  8.323e-06 -7.556e-04 -7.895e-06  2.248e-04 
  2.904e+01  2.932e-07  2.048e-07 -1.227e-05 -1.551e-05  3.254e-06  9.923e-06 
  9.071e-01 -1.751e-09  9.166e-09 -3.909e-07 -7.191e-08  1.110e-07  4.156e-08  1.908e-07 
  1.301e+00  3.265e-09  4.833e-09 -5.621e-07  7.701e-08  1.617e-07 -4.590e-08  2.001e-09  1.910e-07 
 -4.520e-01  1.386e-09 -4.979e-09  1.953e-07  4.866e-08 -5.571e-08 -2.804e-08 -2.347e-08  3.580e-08  1.926e-07 
  4.051e+00  3.252e-09  2.758e-08 -1.750e-06 -3.867e-09  5.027e-07 -1.555e-10 -3.269e-08 -2.049e-08  6.965e-10  1.900e-07 
 PARAMETER  CORRELATION COEFFICIENTS  
       NO.  GLOBAL      1      3      4      6      8      9     10     11     13     14     16
        1  0.99997   1.000  0.203  0.421 -1.000 -0.117  0.997  0.080  0.018  0.026 -0.009  0.080
        3  0.35202   0.203  1.000  0.102 -0.199 -0.220  0.189  0.222 -0.010  0.018  0.008  0.018
        4  0.56282   0.421  0.102  1.000 -0.415 -0.067  0.394  0.046  0.015  0.008 -0.008  0.045
        6  0.99998  -1.000 -0.199 -0.415  1.000  0.114 -0.998 -0.077 -0.018 -0.025  0.009 -0.080
        8  0.99220  -0.117 -0.220 -0.067  0.114  1.000 -0.106 -0.991 -0.033  0.035  0.022 -0.002
        9  0.99956   0.997  0.189  0.394 -0.998 -0.106  1.000  0.069  0.017  0.025 -0.008  0.077
       10  0.99218   0.080  0.222  0.046 -0.077 -0.991  0.069  1.000  0.030 -0.033 -0.020 -0.000
       11  0.21710   0.018 -0.010  0.015 -0.018 -0.033  0.017  0.030  1.000  0.010 -0.122 -0.172
       13  0.22523   0.026  0.018  0.008 -0.025  0.035  0.025 -0.033  0.010  1.000  0.187 -0.108
       14  0.22519  -0.009  0.008 -0.008  0.009  0.022 -0.008 -0.020 -0.122  0.187  1.000  0.004
       16  0.22547   0.080  0.018  0.045 -0.080 -0.002  0.077 -0.000 -0.172 -0.108  0.004  1.000
 **********
 **   87 **MINO      2.5e+04
 **********
 FCN=105.717 FROM MINOS     STATUS=SUCCESSFUL   2203 CALLS        3179 TOTAL
                     EDM=7.27608e-09    STRATEGY= 1  ERROR MATRIX UNCERTAINTY   3.4 per cent
  EXT PARAMETER                  PARABOLIC         MINOS ERRORS        
  NO.   NAME      VALUE            ERROR      NEGATIVE      POSITIVE   
   1  N0           3.15213e+06   1.15756e+05  -1.14080e+05   1.14090e+05
   2  tau          6.44672e+01   constant   
   3  A0           3.49777e-01   4.18320e-04  -4.18139e-04   4.18094e-04
   4  phi          4.11618e+00   1.40848e-03  -1.40464e-03   1.40428e-03
   5  R           -6.24246e+01   constant   
   6  alpha_CBO   -2.96431e-02   5.04877e-02  -4.80285e-02   5.16339e-02
   7  w_CBO        1.72716e-01   constant   
   8  beta_CBO     2.75515e-03   4.96680e-03  -4.96816e-03   5.00898e-03
   9  alpha_2CBO   6.07259e-03   1.49917e-02  -1.53350e-02   1.42667e-02
  10  beta_2CBO   -7.15071e-04   3.15011e-03  -3.17324e-03   3.15562e-03
  11  alpha_y     -1.86661e-05   4.36849e-04  -4.36850e-04   4.36848e-04
  12  w_y          1.43117e+01   constant   
  13  beta_y      -4.21616e-04   4.37033e-04  -4.37032e-04   4.37029e-04
  14  alpha_vw     3.71981e-04   4.38808e-04  -4.38809e-04   4.38811e-04
  15  w_vw         1.34891e+01   constant   
  16  beta_vw     -4.06985e-04   4.35919e-04  -4.35864e-04   4.35857e-04
  17  LM           2.26626e-03   constant   
  18  zeta_y       0.00000e+00   constant   
  19  zeta_vw      0.00000e+00   constant   
 **********
 **   88 **SHO COR 
 **********
 PARAMETER  CORRELATION COEFFICIENTS  
       NO.  GLOBAL      1      3      4      6      8      9     10     11     13     14     16
        1  0.99997   1.000  0.203  0.421 -1.000 -0.117  0.997  0.080  0.018  0.026 -0.009  0.080
        3  0.35202   0.203  1.000  0.102 -0.199 -0.220  0.189  0.222 -0.010  0.018  0.008  0.018
        4  0.56282   0.421  0.102  1.000 -0.415 -0.067  0.394  0.046  0.015  0.008 -0.008  0.045
        6  0.99998  -1.000 -0.199 -0.415  1.000  0.114 -0.998 -0.077 -0.018 -0.025  0.009 -0.080
        8  0.99220  -0.117 -0.220 -0.067  0.114  1.000 -0.106 -0.991 -0.033  0.035  0.022 -0.002
        9  0.99956   0.997  0.189  0.394 -0.998 -0.106  1.000  0.069  0.017  0.025 -0.008  0.077
       10  0.99218   0.080  0.222  0.046 -0.077 -0.991  0.069  1.000  0.030 -0.033 -0.020 -0.000
       11  0.21710   0.018 -0.010  0.015 -0.018 -0.033  0.017  0.030  1.000  0.010 -0.122 -0.172
       13  0.22523   0.026  0.018  0.008 -0.025  0.035  0.025 -0.033  0.010  1.000  0.187 -0.108
       14  0.22519  -0.009  0.008 -0.008  0.009  0.022 -0.008 -0.020 -0.122  0.187  1.000  0.004
       16  0.22547   0.080  0.018  0.045 -0.080 -0.002  0.077 -0.000 -0.172 -0.108  0.004  1.000
