 + ++++++++++++++++++++++++++++++++++++++++++++++++++++++++++++++++++++ +
 +                                                                      +
 +           You have chose to blind your fitting according to          +
 +                omega_ref * (1 + (R +/- deltaR) *10^{-6})             +
 +                                                                      +
 + ++++++++++++++++++++++++++++++++++++++++++++++++++++++++++++++++++++ +
In main()...
reading format from /gm2data/zkhechad/run45/envelope/formats/formatB_sBin_constraintOn.txt
pBinTau 	= 0  
pBinPhi 	= 0  
constraintau 	= 1 
includeMopTerm 	= 0    
constrainMop    = 0   
Parameters after format file: pBinTau 0 pBinPhi 0 constraintau 1 includeMopTerm 0 constrainMop 0 c_e_scale 0.000000 
Opening file /gm2data/tbarrett/gm2fr/studies/run23_bunch_corrections/CorrectedFourier_Run3b.root.
reading full fit data from /gm2data/zkhechad/cboTemplates/Run4CBOTemplates/fullFits/noRF/sBin_constraintOn_cE0.0_seed0_noRF_calo15.root
windowBins = 70
fitting sliding window 1680 from bin 1883 at 280.943600 to bin 1953 at 291.387600 (70 bins)

Reading data from /gm2data/cornell/histograms/aMethod/histogram_a_noRF.root
 **********
 **    1 **SET PRINTOUT            1
 **********
 **********
 **    2 **SET NOWARNINGS 
 **********
 PARAMETER DEFINITIONS:
    NO.   NAME         VALUE      STEP SIZE      LIMITS
     1 N0           1.43808e+06  1.00000e+02     no limits
     2 tau          6.44004e+01  constant
     3 A0           3.53952e-01  1.00000e-04     no limits
     4 phi          4.11957e+00  1.00000e-02     no limits
     5 R           -5.97488e+01  constant
     6 alpha_CBO    0.00000e+00  1.00000e-03     no limits
     7 w_CBO        1.73140e-04  constant
     8 beta_CBO     0.00000e+00  1.00000e-03     no limits
     9 alpha_2CBO   0.00000e+00  1.00000e-03     no limits
    10 beta_2CBO    0.00000e+00  1.00000e-03     no limits
    11 alpha_y      0.00000e+00  1.00000e-03     no limits
    12 w_y          1.43177e+01  constant
    13 beta_y       0.00000e+00  1.00000e-03     no limits
    14 alpha_vw     0.00000e+00  1.00000e-03     no limits
    15 w_vw         1.34771e+01  constant
    16 beta_vw      0.00000e+00  1.00000e-03     no limits
    17 LM           4.99900e-03  constant
    18 zeta_y       0.00000e+00  constant
    19 zeta_vw      0.00000e+00  constant
MINUIT - FIT ONLY WIGGLE
 **********
 **    3 **FIX            5
 **********
 PARAMETER    5  IS CONSTANT.   IGNORED.
 **********
 **    4 **FIX            6
 **********
 **********
 **    5 **FIX            7
 **********
 PARAMETER    7  IS CONSTANT.   IGNORED.
 **********
 **    6 **FIX            8
 **********
 **********
 **    7 **FIX            9
 **********
 **********
 **    8 **FIX           10
 **********
 **********
 **    9 **FIX           11
 **********
 **********
 **   10 **FIX           12
 **********
 PARAMETER   12  IS CONSTANT.   IGNORED.
 **********
 **   11 **FIX           13
 **********
 **********
 **   12 **FIX           14
 **********
 **********
 **   13 **FIX           15
 **********
 PARAMETER   15  IS CONSTANT.   IGNORED.
 **********
 **   14 **FIX           16
 **********
 **********
 **   15 **MIGRAD
 **********
 FIRST CALL TO USER FUNCTION AT NEW START POINT, WITH IFLAG=4.
 START MIGRAD MINIMIZATION.  STRATEGY  1.  CONVERGENCE WHEN EDM .LT. 1.00e-04
 FCN=2.07864e+06 FROM MIGRAD    STATUS=INITIATE       12 CALLS          13 TOTAL
                     EDM= unknown      STRATEGY= 1      NO ERROR MATRIX       
  EXT PARAMETER               CURRENT GUESS       STEP         FIRST   
  NO.   NAME      VALUE            ERROR          SIZE      DERIVATIVE 
   1  N0           1.43808e+06   1.00000e+02   1.00000e+02  -2.44661e+00
   2  tau          6.44004e+01   constant   
   3  A0           3.53952e-01   1.00000e-04   1.00000e-04  -1.35705e+05
   4  phi          4.11957e+00   1.00000e-02   1.00000e-02   1.09354e+05
   5  R           -5.97488e+01   constant   
   6  alpha_CBO    0.00000e+00     fixed    
   7  w_CBO        1.73140e-04   constant   
   8  beta_CBO     0.00000e+00     fixed    
   9  alpha_2CBO   0.00000e+00     fixed    
  10  beta_2CBO    0.00000e+00     fixed    
  11  alpha_y      0.00000e+00     fixed    
  12  w_y          1.43177e+01   constant   
  13  beta_y       0.00000e+00     fixed    
  14  alpha_vw     0.00000e+00     fixed    
  15  w_vw         1.34771e+01   constant   
  16  beta_vw      0.00000e+00     fixed    
  17  LM           4.99900e-03   constant   
  18  zeta_y       0.00000e+00   constant   
  19  zeta_vw      0.00000e+00   constant   
 MIGRAD MINIMIZATION HAS CONVERGED.
 FCN=100.952 FROM MIGRAD    STATUS=CONVERGED      69 CALLS          70 TOTAL
                     EDM=1.08774e-07    STRATEGY= 1  ERROR MATRIX UNCERTAINTY   1.5 per cent
  EXT PARAMETER                                   STEP         FIRST   
  NO.   NAME      VALUE            ERROR          SIZE      DERIVATIVE 
   1  N0           3.13719e+06   1.19023e+03   2.34280e+00  -5.37572e-08
   2  tau          6.44004e+01   constant   
   3  A0           3.53913e-01   5.14388e-04   8.73740e-07   7.38182e-01
   4  phi          4.11939e+00   1.50135e-03  -9.31597e-06  -3.21767e-01
   5  R           -5.97488e+01   constant   
   6  alpha_CBO    0.00000e+00     fixed    
   7  w_CBO        1.73140e-04   constant   
   8  beta_CBO     0.00000e+00     fixed    
   9  alpha_2CBO   0.00000e+00     fixed    
  10  beta_2CBO    0.00000e+00     fixed    
  11  alpha_y      0.00000e+00     fixed    
  12  w_y          1.43177e+01   constant   
  13  beta_y       0.00000e+00     fixed    
  14  alpha_vw     0.00000e+00     fixed    
  15  w_vw         1.34771e+01   constant   
  16  beta_vw      0.00000e+00     fixed    
  17  LM           4.99900e-03   constant   
  18  zeta_y       0.00000e+00   constant   
  19  zeta_vw      0.00000e+00   constant   
 EXTERNAL ERROR MATRIX.    NDIM=  25    NPAR=  3    ERR DEF=1
  1.417e+06 -2.955e-02  2.203e-01 
 -2.955e-02  2.646e-07  1.435e-08 
  2.203e-01  1.435e-08  2.254e-06 
 PARAMETER  CORRELATION COEFFICIENTS  
       NO.  GLOBAL      1      3      4
        1  0.13327   1.000 -0.048  0.123
        3  0.05423  -0.048  1.000  0.019
        4  0.12573   0.123  0.019  1.000
MINUIT - FIT ONLY 1-CBO + wiggle
 **********
 **   16 **RES 
 **********
                   PARAMETER   16  beta_vw RESTORED TO VARIABLE.
                   PARAMETER   14  alpha_vw RESTORED TO VARIABLE.
                   PARAMETER   13  beta_y RESTORED TO VARIABLE.
                   PARAMETER   11  alpha_y RESTORED TO VARIABLE.
                   PARAMETER   10  beta_2CBO RESTORED TO VARIABLE.
                   PARAMETER    9  alpha_2CBO RESTORED TO VARIABLE.
                   PARAMETER    8  beta_CBO RESTORED TO VARIABLE.
                   PARAMETER    6  alpha_CBO RESTORED TO VARIABLE.
 **********
 **   17 **FIX            8
 **********
 **********
 **   18 **FIX            9
 **********
 **********
 **   19 **FIX           11
 **********
 **********
 **   20 **FIX           12
 **********
 PARAMETER   12  IS CONSTANT.   IGNORED.
 **********
 **   21 **FIX           14
 **********
 **********
 **   22 **FIX           15
 **********
 PARAMETER   15  IS CONSTANT.   IGNORED.
 **********
 **   23 **FIX           16
 **********
 **********
 **   24 **MIGRAD
 **********
 START MIGRAD MINIMIZATION.  STRATEGY  1.  CONVERGENCE WHEN EDM .LT. 1.00e-04
 FCN=100.952 FROM MIGRAD    STATUS=INITIATE       18 CALLS          88 TOTAL
                     EDM= unknown      STRATEGY= 1      NO ERROR MATRIX       
  EXT PARAMETER               CURRENT GUESS       STEP         FIRST   
  NO.   NAME      VALUE            ERROR          SIZE      DERIVATIVE 
   1  N0           3.13719e+06   1.19023e+03   2.34280e+00  -5.37571e-08
   2  tau          6.44004e+01   constant   
   3  A0           3.53913e-01   5.14388e-04   8.73740e-07   7.38182e-01
   4  phi          4.11939e+00   1.50135e-03  -9.31597e-06  -3.21766e-01
   5  R           -5.97488e+01   constant   
   6  alpha_CBO    0.00000e+00   1.00000e-03   1.00000e-03  -1.60310e-01
   7  w_CBO        1.73140e-04   constant   
   8  beta_CBO     0.00000e+00     fixed    
   9  alpha_2CBO   0.00000e+00     fixed    
  10  beta_2CBO    0.00000e+00   1.00000e-03   1.00000e-03  -3.66897e-01
  11  alpha_y      0.00000e+00     fixed    
  12  w_y          1.43177e+01   constant   
  13  beta_y       0.00000e+00   1.00000e-03   1.00000e-03  -8.06233e+02
  14  alpha_vw     0.00000e+00     fixed    
  15  w_vw         1.34771e+01   constant   
  16  beta_vw      0.00000e+00     fixed    
  17  LM           4.99900e-03   constant   
  18  zeta_y       0.00000e+00   constant   
  19  zeta_vw      0.00000e+00   constant   
 MIGRAD MINIMIZATION HAS CONVERGED.
 MIGRAD WILL VERIFY CONVERGENCE AND ERROR MATRIX.
 FCN=100.905 FROM HESSE     STATUS=NOT POSDEF     40 CALLS         155 TOTAL
                     EDM=9.55456e-05    STRATEGY= 1      ERR MATRIX NOT POS-DEF
  EXT PARAMETER                APPROXIMATE        STEP         FIRST   
  NO.   NAME      VALUE            ERROR          SIZE      DERIVATIVE 
   1  N0           3.13718e+06   1.74432e+04   5.69249e+00   5.82237e-09
   2  tau          6.44004e+01   constant   
   3  A0           3.53913e-01   5.15431e-04   2.54030e-06   9.01365e-01
   4  phi          4.11939e+00   1.49891e-03   7.34154e-06  -1.20095e+00
   5  R           -5.97488e+01   constant   
   6  alpha_CBO   -4.72737e-07   5.56368e-03   1.85397e-06   2.63331e-02
   7  w_CBO        1.73140e-04   constant   
   8  beta_CBO     0.00000e+00     fixed    
   9  alpha_2CBO   0.00000e+00     fixed    
  10  beta_2CBO   -1.37027e-06   5.57024e-02   1.87370e-05  -3.47003e-01
  11  alpha_y      0.00000e+00     fixed    
  12  w_y          1.43177e+01   constant   
  13  beta_y       1.15758e-04   5.35051e-04   2.64097e-06   5.07349e-02
  14  alpha_vw     0.00000e+00     fixed    
  15  w_vw         1.34771e+01   constant   
  16  beta_vw      0.00000e+00     fixed    
  17  LM           4.99900e-03   constant   
  18  zeta_y       0.00000e+00   constant   
  19  zeta_vw      0.00000e+00   constant   
 MIGRAD MINIMIZATION HAS CONVERGED.
 MIGRAD WILL VERIFY CONVERGENCE AND ERROR MATRIX.
 FCN=100.901 FROM MIGRAD    STATUS=CONVERGED     155 CALLS         225 TOTAL
                     EDM=1.5622e-06    STRATEGY= 1      ERR MATRIX NOT POS-DEF
  EXT PARAMETER                APPROXIMATE        STEP         FIRST   
  NO.   NAME      VALUE            ERROR          SIZE      DERIVATIVE 
   1  N0           3.13378e+06   1.74249e+04   5.68813e+00  -1.45672e-06
   2  tau          6.44004e+01   constant   
   3  A0           3.53915e-01   5.15430e-04   2.54025e-06  -3.79386e-01
   4  phi          4.11940e+00   1.49891e-03   7.34139e-06   4.23068e-01
   5  R           -5.97488e+01   constant   
   6  alpha_CBO   -1.09073e-03   5.56972e-03   1.85538e-06  -4.55515e+00
   7  w_CBO        1.73140e-04   constant   
   8  beta_CBO     0.00000e+00     fixed    
   9  alpha_2CBO   0.00000e+00     fixed    
  10  beta_2CBO    2.20075e-02   5.57670e-02   1.87513e-05  -4.49761e-01
  11  alpha_y      0.00000e+00     fixed    
  12  w_y          1.43177e+01   constant   
  13  beta_y       1.15717e-04   5.35052e-04   2.64092e-06  -5.68243e-02
  14  alpha_vw     0.00000e+00     fixed    
  15  w_vw         1.34771e+01   constant   
  16  beta_vw      0.00000e+00     fixed    
  17  LM           4.99900e-03   constant   
  18  zeta_y       0.00000e+00   constant   
  19  zeta_vw      0.00000e+00   constant   
 EXTERNAL ERROR MATRIX.    NDIM=  25    NPAR=  6    ERR DEF=1
  3.036e+08 -5.528e-02  4.609e-03 -4.938e+01 -4.809e+02 -2.003e-03 
 -5.528e-02  2.657e-07  1.525e-08 -1.785e-08  2.606e-07 -5.736e-10 
  4.609e-03  1.525e-08  2.247e-06  1.242e-09  6.730e-07  5.903e-09 
 -4.938e+01 -1.785e-08  1.242e-09  3.102e-05 -1.534e-04 -6.380e-10 
 -4.809e+02  2.606e-07  6.730e-07 -1.534e-04  3.110e-03 -1.382e-08 
 -2.003e-03 -5.736e-10  5.903e-09 -6.380e-10 -1.382e-08  2.863e-07 
ERR MATRIX NOT POS-DEF
 PARAMETER  CORRELATION COEFFICIENTS  
       NO.  GLOBAL      1      3      4      6     10     13
        1  0.99772   1.000 -0.006  0.000 -0.509 -0.495 -0.000
        3  0.05713  -0.006  1.000  0.020 -0.006  0.009 -0.002
        4  0.12490   0.000  0.020  1.000  0.000  0.008  0.007
        6  0.99772  -0.509 -0.006  0.000  1.000 -0.494 -0.000
       10  0.99768  -0.495  0.009  0.008 -0.494  1.000 -0.000
       13  0.01611  -0.000 -0.002  0.007 -0.000 -0.000  1.000
 ERR MATRIX NOT POS-DEF
MINUIT - FIT ONLY 2-CBO
 **********
 **   25 **RES 
 **********
                   PARAMETER   16  beta_vw RESTORED TO VARIABLE.
                   PARAMETER   14  alpha_vw RESTORED TO VARIABLE.
                   PARAMETER   11  alpha_y RESTORED TO VARIABLE.
                   PARAMETER    9  alpha_2CBO RESTORED TO VARIABLE.
                   PARAMETER    8  beta_CBO RESTORED TO VARIABLE.
 **********
 **   26 **FIX            0
 **********
 PARAMETER    0  IS UNDEFINED. IGNORED.
 **********
 **   27 **FIX            1
 **********
 **********
 **   28 **FIX            2
 **********
 PARAMETER    2  IS CONSTANT.   IGNORED.
 **********
 **   29 **FIX            3
 **********
 **********
 **   30 **FIX            4
 **********
 **********
 **   31 **FIX            5
 **********
 PARAMETER    5  IS CONSTANT.   IGNORED.
 **********
 **   32 **FIX            6
 **********
 **********
 **   33 **FIX            7
 **********
 PARAMETER    7  IS CONSTANT.   IGNORED.
 **********
 **   34 **FIX           10
 **********
 **********
 **   35 **FIX           11
 **********
 **********
 **   36 **FIX           12
 **********
 PARAMETER   12  IS CONSTANT.   IGNORED.
 **********
 **   37 **FIX           13
 **********
 **********
 **   38 **FIX           14
 **********
 **********
 **   39 **FIX           15
 **********
 PARAMETER   15  IS CONSTANT.   IGNORED.
 **********
 **   40 **FIX           16
 **********
 **********
 **   41 **MIGRAD
 **********
 START MIGRAD MINIMIZATION.  STRATEGY  1.  CONVERGENCE WHEN EDM .LT. 1.00e-04
 FCN=100.901 FROM MIGRAD    STATUS=INITIATE        8 CALLS         233 TOTAL
                     EDM= unknown      STRATEGY= 1      NO ERROR MATRIX       
  EXT PARAMETER               CURRENT GUESS       STEP         FIRST   
  NO.   NAME      VALUE            ERROR          SIZE      DERIVATIVE 
   1  N0           3.13378e+06     fixed    
   2  tau          6.44004e+01   constant   
   3  A0           3.53915e-01     fixed    
   4  phi          4.11940e+00     fixed    
   5  R           -5.97488e+01   constant   
   6  alpha_CBO   -1.09073e-03     fixed    
   7  w_CBO        1.73140e-04   constant   
   8  beta_CBO     0.00000e+00   1.00000e-03   1.00000e-03  -2.25068e-01
   9  alpha_2CBO   0.00000e+00   1.00000e-03   1.00000e-03  -4.54021e+00
  10  beta_2CBO    2.20075e-02     fixed    
  11  alpha_y      0.00000e+00     fixed    
  12  w_y          1.43177e+01   constant   
  13  beta_y       1.15717e-04     fixed    
  14  alpha_vw     0.00000e+00     fixed    
  15  w_vw         1.34771e+01   constant   
  16  beta_vw      0.00000e+00     fixed    
  17  LM           4.99900e-03   constant   
  18  zeta_y       0.00000e+00   constant   
  19  zeta_vw      0.00000e+00   constant   
 MIGRAD MINIMIZATION HAS CONVERGED.
 MIGRAD WILL VERIFY CONVERGENCE AND ERROR MATRIX.
 COVARIANCE MATRIX CALCULATED SUCCESSFULLY
 FCN=100.901 FROM MIGRAD    STATUS=CONVERGED      24 CALLS         249 TOTAL
                     EDM=1.05378e-07    STRATEGY= 1      ERROR MATRIX ACCURATE 
  EXT PARAMETER                                   STEP         FIRST   
  NO.   NAME      VALUE            ERROR          SIZE      DERIVATIVE 
   1  N0           3.13378e+06     fixed    
   2  tau          6.44004e+01   constant   
   3  A0           3.53915e-01     fixed    
   4  phi          4.11940e+00     fixed    
   5  R           -5.97488e+01   constant   
   6  alpha_CBO   -1.09073e-03     fixed    
   7  w_CBO        1.73140e-04   constant   
   8  beta_CBO     3.25140e-06   6.99261e-01   3.74681e-05   3.28855e-04
   9  alpha_2CBO   1.62121e-07   3.47650e-02   1.86279e-06  -6.59091e-03
  10  beta_2CBO    2.20075e-02     fixed    
  11  alpha_y      0.00000e+00     fixed    
  12  w_y          1.43177e+01   constant   
  13  beta_y       1.15717e-04     fixed    
  14  alpha_vw     0.00000e+00     fixed    
  15  w_vw         1.34771e+01   constant   
  16  beta_vw      0.00000e+00     fixed    
  17  LM           4.99900e-03   constant   
  18  zeta_y       0.00000e+00   constant   
  19  zeta_vw      0.00000e+00   constant   
 EXTERNAL ERROR MATRIX.    NDIM=  25    NPAR=  2    ERR DEF=1
  4.890e-01 -2.431e-02 
 -2.431e-02  1.209e-03 
 PARAMETER  CORRELATION COEFFICIENTS  
       NO.  GLOBAL      8      9
        8  0.99994   1.000 -1.000
        9  0.99994  -1.000  1.000
MINUIT - FIT wiggle + 1-CBO + 2-CBO
 **********
 **   42 **RES 
 **********
                   PARAMETER   16  beta_vw RESTORED TO VARIABLE.
                   PARAMETER   14  alpha_vw RESTORED TO VARIABLE.
                   PARAMETER   13  beta_y RESTORED TO VARIABLE.
                   PARAMETER   11  alpha_y RESTORED TO VARIABLE.
                   PARAMETER   10  beta_2CBO RESTORED TO VARIABLE.
                   PARAMETER    6  alpha_CBO RESTORED TO VARIABLE.
                   PARAMETER    4  phi RESTORED TO VARIABLE.
                   PARAMETER    3  A0 RESTORED TO VARIABLE.
                   PARAMETER    1  N0 RESTORED TO VARIABLE.
 **********
 **   43 **FIX           10
 **********
 **********
 **   44 **FIX           11
 **********
 **********
 **   45 **FIX           12
 **********
 PARAMETER   12  IS CONSTANT.   IGNORED.
 **********
 **   46 **FIX           13
 **********
 **********
 **   47 **FIX           14
 **********
 **********
 **   48 **FIX           15
 **********
 PARAMETER   15  IS CONSTANT.   IGNORED.
 **********
 **   49 **FIX           16
 **********
 **********
 **   50 **MIGRAD
 **********
 START MIGRAD MINIMIZATION.  STRATEGY  1.  CONVERGENCE WHEN EDM .LT. 1.00e-04
 FCN=100.901 FROM MIGRAD    STATUS=INITIATE       12 CALLS         261 TOTAL
                     EDM= unknown      STRATEGY= 1      NO ERROR MATRIX       
  EXT PARAMETER               CURRENT GUESS       STEP         FIRST   
  NO.   NAME      VALUE            ERROR          SIZE      DERIVATIVE 
   1  N0           3.13378e+06   1.74249e+04   1.74249e+04  -1.33499e-09
   2  tau          6.44004e+01   constant   
   3  A0           3.53915e-01   5.15430e-04   5.15430e-04  -2.04462e-01
   4  phi          4.11940e+00   1.49891e-03   1.49891e-03   2.81185e-01
   5  R           -5.97488e+01   constant   
   6  alpha_CBO   -1.09073e-03   5.56972e-03   5.56972e-03  -4.79947e-03
   7  w_CBO        1.73140e-04   constant   
   8  beta_CBO     3.25140e-06   6.99261e-01   3.74681e-05   3.28856e-04
   9  alpha_2CBO   1.62121e-07   3.47650e-02   1.86279e-06  -6.59263e-03
  10  beta_2CBO    2.20075e-02     fixed    
  11  alpha_y      0.00000e+00     fixed    
  12  w_y          1.43177e+01   constant   
  13  beta_y       1.15717e-04     fixed    
  14  alpha_vw     0.00000e+00     fixed    
  15  w_vw         1.34771e+01   constant   
  16  beta_vw      0.00000e+00     fixed    
  17  LM           4.99900e-03   constant   
  18  zeta_y       0.00000e+00   constant   
  19  zeta_vw      0.00000e+00   constant   
 MIGRAD MINIMIZATION HAS CONVERGED.
 MIGRAD WILL VERIFY CONVERGENCE AND ERROR MATRIX.
 FCN=100.901 FROM MIGRAD    STATUS=CONVERGED      65 CALLS         314 TOTAL
                     EDM=3.75315e-09    STRATEGY= 1      ERR MATRIX NOT POS-DEF
  EXT PARAMETER                APPROXIMATE        STEP         FIRST   
  NO.   NAME      VALUE            ERROR          SIZE      DERIVATIVE 
   1  N0           3.13378e+06   1.60581e+04   5.68646e+00   5.00849e-08
   2  tau          6.44004e+01   constant   
   3  A0           3.53915e-01   5.15169e-04   2.54025e-06   2.15390e-02
   4  phi          4.11940e+00   1.49810e-03   7.34138e-06  -2.12379e-03
   5  R           -5.97488e+01   constant   
   6  alpha_CBO   -1.09073e-03   5.13267e-03   1.85595e-06   1.55963e-01
   7  w_CBO        1.73140e-04   constant   
   8  beta_CBO     3.24190e-06   1.02638e-01   3.74681e-05   8.30140e-03
   9  alpha_2CBO   1.62592e-07   5.15126e-03   1.86279e-06   1.53579e-01
  10  beta_2CBO    2.20075e-02     fixed    
  11  alpha_y      0.00000e+00     fixed    
  12  w_y          1.43177e+01   constant   
  13  beta_y       1.15717e-04     fixed    
  14  alpha_vw     0.00000e+00     fixed    
  15  w_vw         1.34771e+01   constant   
  16  beta_vw      0.00000e+00     fixed    
  17  LM           4.99900e-03   constant   
  18  zeta_y       0.00000e+00   constant   
  19  zeta_vw      0.00000e+00   constant   
 EXTERNAL ERROR MATRIX.    NDIM=  25    NPAR=  6    ERR DEF=1
  2.579e+08 -3.287e-02  1.610e-02 -2.771e+01 -5.440e+02 -2.781e+01 
 -3.287e-02  2.654e-07  1.522e-08 -1.065e-08  4.503e-07 -1.093e-08 
  1.610e-02  1.522e-08  2.244e-06  4.972e-09  1.102e-06  4.607e-09 
 -2.771e+01 -1.065e-08  4.972e-09  2.634e-05 -1.736e-04 -8.881e-06 
 -5.440e+02  4.503e-07  1.102e-06 -1.736e-04  1.053e-02 -1.741e-04 
 -2.781e+01 -1.093e-08  4.607e-09 -8.881e-06 -1.741e-04  2.654e-05 
ERR MATRIX NOT POS-DEF
 PARAMETER  CORRELATION COEFFICIENTS  
       NO.  GLOBAL      1      3      4      6      8      9
        1  0.99732   1.000 -0.004  0.001 -0.336 -0.330 -0.336
        3  0.05699  -0.004  1.000  0.020 -0.004  0.009 -0.004
        4  0.12458   0.001  0.020  1.000  0.001  0.007  0.001
        6  0.99732  -0.336 -0.004  0.001  1.000 -0.330 -0.336
        8  0.99726  -0.330  0.009  0.007 -0.330  1.000 -0.329
        9  0.99732  -0.336 -0.004  0.001 -0.336 -0.329  1.000
 ERR MATRIX NOT POS-DEF
MINUIT - FIT ONLY 1-y
 **********
 **   51 **RES 
 **********
                   PARAMETER   16  beta_vw RESTORED TO VARIABLE.
                   PARAMETER   14  alpha_vw RESTORED TO VARIABLE.
                   PARAMETER   13  beta_y RESTORED TO VARIABLE.
                   PARAMETER   11  alpha_y RESTORED TO VARIABLE.
                   PARAMETER   10  beta_2CBO RESTORED TO VARIABLE.
 **********
 **   52 **FIX            0
 **********
 PARAMETER    0  IS UNDEFINED. IGNORED.
 **********
 **   53 **FIX            1
 **********
 **********
 **   54 **FIX            2
 **********
 PARAMETER    2  IS CONSTANT.   IGNORED.
 **********
 **   55 **FIX            3
 **********
 **********
 **   56 **FIX            4
 **********
 **********
 **   57 **FIX            5
 **********
 PARAMETER    5  IS CONSTANT.   IGNORED.
 **********
 **   58 **FIX            6
 **********
 **********
 **   59 **FIX            7
 **********
 PARAMETER    7  IS CONSTANT.   IGNORED.
 **********
 **   60 **FIX            8
 **********
 **********
 **   61 **FIX            9
 **********
 **********
 **   62 **FIX           13
 **********
 **********
 **   63 **FIX           14
 **********
 **********
 **   64 **FIX           15
 **********
 PARAMETER   15  IS CONSTANT.   IGNORED.
 **********
 **   65 **FIX           16
 **********
 **********
 **   66 **MIGRAD
 **********
 START MIGRAD MINIMIZATION.  STRATEGY  1.  CONVERGENCE WHEN EDM .LT. 1.00e-04
 FCN=100.901 FROM MIGRAD    STATUS=INITIATE        6 CALLS         320 TOTAL
                     EDM= unknown      STRATEGY= 1      NO ERROR MATRIX       
  EXT PARAMETER               CURRENT GUESS       STEP         FIRST   
  NO.   NAME      VALUE            ERROR          SIZE      DERIVATIVE 
   1  N0           3.13378e+06     fixed    
   2  tau          6.44004e+01   constant   
   3  A0           3.53915e-01     fixed    
   4  phi          4.11940e+00     fixed    
   5  R           -5.97488e+01   constant   
   6  alpha_CBO   -1.09073e-03     fixed    
   7  w_CBO        1.73140e-04   constant   
   8  beta_CBO     3.24190e-06     fixed    
   9  alpha_2CBO   1.62592e-07     fixed    
  10  beta_2CBO    2.20075e-02   5.57670e-02   5.57670e-02   1.64062e-02
  11  alpha_y      0.00000e+00   1.00000e-03   1.00000e-03  -5.81693e+03
  12  w_y          1.43177e+01   constant   
  13  beta_y       1.15717e-04     fixed    
  14  alpha_vw     0.00000e+00     fixed    
  15  w_vw         1.34771e+01   constant   
  16  beta_vw      0.00000e+00     fixed    
  17  LM           4.99900e-03   constant   
  18  zeta_y       0.00000e+00   constant   
  19  zeta_vw      0.00000e+00   constant   
 MIGRAD MINIMIZATION HAS CONVERGED.
 MIGRAD WILL VERIFY CONVERGENCE AND ERROR MATRIX.
 COVARIANCE MATRIX CALCULATED SUCCESSFULLY
 FCN=98.5533 FROM MIGRAD    STATUS=CONVERGED      26 CALLS         340 TOTAL
                     EDM=1.6369e-11    STRATEGY= 1      ERROR MATRIX ACCURATE 
  EXT PARAMETER                                   STEP         FIRST   
  NO.   NAME      VALUE            ERROR          SIZE      DERIVATIVE 
   1  N0           3.13378e+06     fixed    
   2  tau          6.44004e+01   constant   
   3  A0           3.53915e-01     fixed    
   4  phi          4.11940e+00     fixed    
   5  R           -5.97488e+01   constant   
   6  alpha_CBO   -1.09073e-03     fixed    
   7  w_CBO        1.73140e-04   constant   
   8  beta_CBO     3.24190e-06     fixed    
   9  alpha_2CBO   1.62592e-07     fixed    
  10  beta_2CBO    2.20263e-02   3.80545e-03   1.85397e-05  -6.03032e-05
  11  alpha_y      8.07360e-04   5.26866e-04   2.56683e-06   1.08523e-02
  12  w_y          1.43177e+01   constant   
  13  beta_y       1.15717e-04     fixed    
  14  alpha_vw     0.00000e+00     fixed    
  15  w_vw         1.34771e+01   constant   
  16  beta_vw      0.00000e+00     fixed    
  17  LM           4.99900e-03   constant   
  18  zeta_y       0.00000e+00   constant   
  19  zeta_vw      0.00000e+00   constant   
 EXTERNAL ERROR MATRIX.    NDIM=  25    NPAR=  2    ERR DEF=1
  1.448e-05  5.341e-09 
  5.341e-09  2.776e-07 
 PARAMETER  CORRELATION COEFFICIENTS  
       NO.  GLOBAL     10     11
       10  0.00266   1.000  0.003
       11  0.00266   0.003  1.000
MINUIT - FIT ONLY 2-y
 **********
 **   67 **RES 
 **********
                   PARAMETER   16  beta_vw RESTORED TO VARIABLE.
                   PARAMETER   14  alpha_vw RESTORED TO VARIABLE.
                   PARAMETER   13  beta_y RESTORED TO VARIABLE.
                   PARAMETER    9  alpha_2CBO RESTORED TO VARIABLE.
                   PARAMETER    8  beta_CBO RESTORED TO VARIABLE.
                   PARAMETER    6  alpha_CBO RESTORED TO VARIABLE.
                   PARAMETER    4  phi RESTORED TO VARIABLE.
                   PARAMETER    3  A0 RESTORED TO VARIABLE.
                   PARAMETER    1  N0 RESTORED TO VARIABLE.
 **********
 **   68 **FIX            0
 **********
 PARAMETER    0  IS UNDEFINED. IGNORED.
 **********
 **   69 **FIX            1
 **********
 **********
 **   70 **FIX            2
 **********
 PARAMETER    2  IS CONSTANT.   IGNORED.
 **********
 **   71 **FIX            3
 **********
 **********
 **   72 **FIX            4
 **********
 **********
 **   73 **FIX            5
 **********
 PARAMETER    5  IS CONSTANT.   IGNORED.
 **********
 **   74 **FIX            6
 **********
 **********
 **   75 **FIX            7
 **********
 PARAMETER    7  IS CONSTANT.   IGNORED.
 **********
 **   76 **FIX            8
 **********
 **********
 **   77 **FIX            9
 **********
 **********
 **   78 **FIX           10
 **********
 **********
 **   79 **FIX           11
 **********
 **********
 **   80 **FIX           12
 **********
 PARAMETER   12  IS CONSTANT.   IGNORED.
 **********
 **   81 **FIX           16
 **********
 **********
 **   82 **MIGRAD
 **********
 START MIGRAD MINIMIZATION.  STRATEGY  1.  CONVERGENCE WHEN EDM .LT. 1.00e-04
 FCN=98.5533 FROM MIGRAD    STATUS=INITIATE        6 CALLS         346 TOTAL
                     EDM= unknown      STRATEGY= 1      NO ERROR MATRIX       
  EXT PARAMETER               CURRENT GUESS       STEP         FIRST   
  NO.   NAME      VALUE            ERROR          SIZE      DERIVATIVE 
   1  N0           3.13378e+06     fixed    
   2  tau          6.44004e+01   constant   
   3  A0           3.53915e-01     fixed    
   4  phi          4.11940e+00     fixed    
   5  R           -5.97488e+01   constant   
   6  alpha_CBO   -1.09073e-03     fixed    
   7  w_CBO        1.73140e-04   constant   
   8  beta_CBO     3.24190e-06     fixed    
   9  alpha_2CBO   1.62592e-07     fixed    
  10  beta_2CBO    2.20263e-02     fixed    
  11  alpha_y      8.07360e-04     fixed    
  12  w_y          1.43177e+01   constant   
  13  beta_y       1.15717e-04   5.35052e-04   5.35052e-04   5.98563e+00
  14  alpha_vw     0.00000e+00   1.00000e-03   1.00000e-03  -4.52678e+03
  15  w_vw         1.34771e+01   constant   
  16  beta_vw      0.00000e+00     fixed    
  17  LM           4.99900e-03   constant   
  18  zeta_y       0.00000e+00   constant   
  19  zeta_vw      0.00000e+00   constant   
 MIGRAD MINIMIZATION HAS CONVERGED.
 MIGRAD WILL VERIFY CONVERGENCE AND ERROR MATRIX.
 COVARIANCE MATRIX CALCULATED SUCCESSFULLY
 FCN=97.0572 FROM MIGRAD    STATUS=CONVERGED      27 CALLS         367 TOTAL
                     EDM=7.5541e-09    STRATEGY= 1      ERROR MATRIX ACCURATE 
  EXT PARAMETER                                   STEP         FIRST   
  NO.   NAME      VALUE            ERROR          SIZE      DERIVATIVE 
   1  N0           3.13378e+06     fixed    
   2  tau          6.44004e+01   constant   
   3  A0           3.53915e-01     fixed    
   4  phi          4.11940e+00     fixed    
   5  R           -5.97488e+01   constant   
   6  alpha_CBO   -1.09073e-03     fixed    
   7  w_CBO        1.73140e-04   constant   
   8  beta_CBO     3.24190e-06     fixed    
   9  alpha_2CBO   1.62592e-07     fixed    
  10  beta_2CBO    2.20263e-02     fixed    
  11  alpha_y      8.07360e-04     fixed    
  12  w_y          1.43177e+01   constant   
  13  beta_y       2.54820e-04   5.47874e-04   2.59063e-06   4.75648e-02
  14  alpha_vw     6.61151e-04   5.40558e-04   2.55603e-06  -2.32514e-01
  15  w_vw         1.34771e+01   constant   
  16  beta_vw      0.00000e+00     fixed    
  17  LM           4.99900e-03   constant   
  18  zeta_y       0.00000e+00   constant   
  19  zeta_vw      0.00000e+00   constant   
 EXTERNAL ERROR MATRIX.    NDIM=  25    NPAR=  2    ERR DEF=1
  3.002e-07  6.185e-08 
  6.185e-08  2.922e-07 
 PARAMETER  CORRELATION COEFFICIENTS  
       NO.  GLOBAL     13     14
       13  0.20886   1.000  0.209
       14  0.20886   0.209  1.000
MINUIT - FIT ALTOGETHER
 **********
 **   83 **RES 
 **********
                   PARAMETER   16  beta_vw RESTORED TO VARIABLE.
                   PARAMETER   11  alpha_y RESTORED TO VARIABLE.
                   PARAMETER   10  beta_2CBO RESTORED TO VARIABLE.
                   PARAMETER    9  alpha_2CBO RESTORED TO VARIABLE.
                   PARAMETER    8  beta_CBO RESTORED TO VARIABLE.
                   PARAMETER    6  alpha_CBO RESTORED TO VARIABLE.
                   PARAMETER    4  phi RESTORED TO VARIABLE.
                   PARAMETER    3  A0 RESTORED TO VARIABLE.
                   PARAMETER    1  N0 RESTORED TO VARIABLE.
 **********
 **   84 **MIGRAD
 **********
 START MIGRAD MINIMIZATION.  STRATEGY  1.  CONVERGENCE WHEN EDM .LT. 1.00e-04
 FCN=97.0572 FROM MIGRAD    STATUS=INITIATE       24 CALLS         391 TOTAL
                     EDM= unknown      STRATEGY= 1      NO ERROR MATRIX       
  EXT PARAMETER               CURRENT GUESS       STEP         FIRST   
  NO.   NAME      VALUE            ERROR          SIZE      DERIVATIVE 
   1  N0           3.13378e+06   1.60581e+04   1.60581e+04  -4.30641e-05
   2  tau          6.44004e+01   constant   
   3  A0           3.53915e-01   5.15169e-04   5.15169e-04  -1.02978e+02
   4  phi          4.11940e+00   1.49810e-03   1.49810e-03  -2.36176e+01
   5  R           -5.97488e+01   constant   
   6  alpha_CBO   -1.09073e-03   5.13267e-03   5.13267e-03  -1.34628e+02
   7  w_CBO        1.73140e-04   constant   
   8  beta_CBO     3.24190e-06   1.02638e-01   1.02638e-01  -6.82527e+00
   9  alpha_2CBO   1.62592e-07   5.15126e-03   5.15126e-03  -1.34111e+02
  10  beta_2CBO    2.20263e-02   3.80545e-03   3.80545e-03  -1.36332e+01
  11  alpha_y      8.07360e-04   5.26866e-04   5.26866e-04   6.97672e+01
  12  w_y          1.43177e+01   constant   
  13  beta_y       2.54820e-04   5.47874e-04   2.59063e-06   4.75657e-02
  14  alpha_vw     6.61151e-04   5.40558e-04   2.55603e-06  -2.32514e-01
  15  w_vw         1.34771e+01   constant   
  16  beta_vw      0.00000e+00   1.00000e-03   1.00000e-03  -3.34000e+03
  17  LM           4.99900e-03   constant   
  18  zeta_y       0.00000e+00   constant   
  19  zeta_vw      0.00000e+00   constant   
 MIGRAD MINIMIZATION HAS CONVERGED.
 MIGRAD WILL VERIFY CONVERGENCE AND ERROR MATRIX.
 FCN=96.2095 FROM MIGRAD    STATUS=CONVERGED     217 CALLS         584 TOTAL
                     EDM=7.69536e-05    STRATEGY= 1      ERR MATRIX NOT POS-DEF
  EXT PARAMETER                APPROXIMATE        STEP         FIRST   
  NO.   NAME      VALUE            ERROR          SIZE      DERIVATIVE 
   1  N0           3.13378e+06   1.48272e+04   5.55401e+00   2.78295e-07
   2  tau          6.44004e+01   constant   
   3  A0           3.53923e-01   5.15004e-04   2.48107e-06   3.42010e-01
   4  phi          4.11941e+00   1.49772e-03   7.17014e-06   2.05191e-01
   5  R           -5.97488e+01   constant   
   6  alpha_CBO   -1.08916e-03   4.73971e-03   1.81273e-06   8.79541e-01
   7  w_CBO        1.73140e-04   constant   
   8  beta_CBO     4.74787e-05   9.54135e-02   3.65957e-05  -6.34701e-02
   9  alpha_2CBO   1.73440e-06   4.75678e-03   1.81942e-06   8.90564e-01
  10  beta_2CBO    2.20484e-02   4.77670e-02   1.83203e-05  -1.26422e-01
  11  alpha_y      6.84922e-04   5.39760e-04   2.53641e-06  -1.19887e-02
  12  w_y          1.43177e+01   constant   
  13  beta_y       2.49392e-04   5.46443e-04   2.57938e-06  -5.82833e-01
  14  alpha_vw     6.61689e-04   5.39260e-04   2.54494e-06  -1.26332e-01
  15  w_vw         1.34771e+01   constant   
  16  beta_vw      5.04237e-04   5.46847e-04   2.57050e-06  -5.09410e-02
  17  LM           4.99900e-03   constant   
  18  zeta_y       0.00000e+00   constant   
  19  zeta_vw      0.00000e+00   constant   
 EXTERNAL ERROR MATRIX.    NDIM=  25    NPAR= 11    ERR DEF=1
  2.198e+08 
 -3.887e-02  2.652e-07 
 -6.478e-03  1.550e-08  2.243e-06 
 -1.795e+01 -1.254e-08 -2.215e-09  2.246e-05 
 -3.465e+02  2.834e-07  7.682e-07 -1.106e-04  9.104e-03 
 -1.802e+01 -1.278e-08 -2.531e-09 -5.756e-06 -1.110e-04  2.263e-05 
 -1.735e+02  1.413e-07  3.834e-07 -5.540e-05 -1.196e-03 -5.557e-05  2.282e-03 
 -1.973e-02  4.865e-09  1.637e-08 -6.379e-09  2.028e-07 -6.524e-09  1.011e-07  2.913e-07 
 -9.515e-04 -4.745e-10  5.053e-09 -3.056e-10 -8.801e-09 -3.060e-10 -4.390e-09 -4.579e-10  2.986e-07 
  1.055e-03  2.833e-10 -4.446e-09  3.336e-10  3.073e-08  3.242e-10  1.537e-08 -4.265e-09  6.116e-08  2.908e-07 
  1.062e-02 -2.729e-09 -9.249e-09  3.431e-09 -1.113e-07  3.510e-09 -5.547e-08 -6.680e-08 -3.120e-09  8.681e-11  2.990e-07 
ERR MATRIX NOT POS-DEF
 PARAMETER  CORRELATION COEFFICIENTS  
       NO.  GLOBAL      1      3      4      6      8      9     10     11     13     14     16
        1  0.99686   1.000 -0.005 -0.000 -0.255 -0.245 -0.255 -0.245 -0.002 -0.000  0.000  0.001
        3  0.06002  -0.005  1.000  0.020 -0.005  0.006 -0.005  0.006  0.018 -0.002  0.001 -0.010
        4  0.12671  -0.000  0.020  1.000 -0.000  0.005 -0.000  0.005  0.020  0.006 -0.006 -0.011
        6  0.99686  -0.255 -0.005 -0.000  1.000 -0.245 -0.255 -0.245 -0.002 -0.000  0.000  0.001
        8  0.99684  -0.245  0.006  0.005 -0.245  1.000 -0.245 -0.262  0.004 -0.000  0.001 -0.002
        9  0.99685  -0.255 -0.005 -0.000 -0.255 -0.245  1.000 -0.245 -0.003 -0.000  0.000  0.001
       10  0.99684  -0.245  0.006  0.005 -0.245 -0.262 -0.245  1.000  0.004 -0.000  0.001 -0.002
       11  0.22802  -0.002  0.018  0.020 -0.002  0.004 -0.003  0.004  1.000 -0.002 -0.015 -0.226
       13  0.20840  -0.000 -0.002  0.006 -0.000 -0.000 -0.000 -0.000 -0.002  1.000  0.208 -0.010
       14  0.20937   0.000  0.001 -0.006  0.000  0.001  0.000  0.001 -0.015  0.208  1.000  0.000
       16  0.22674   0.001 -0.010 -0.011  0.001 -0.002  0.001 -0.002 -0.226 -0.010  0.000  1.000
 ERR MATRIX NOT POS-DEF
MINUIT - MINOS
 **********
 **   85 **RES 
 **********
 CALL TO MNFREE IGNORED.  THERE ARE NO FIXED PARAMETERS
 **********
 **   86 **MIG      2.5e+04        0.01
 **********
 START MIGRAD MINIMIZATION.  STRATEGY  1.  CONVERGENCE WHEN EDM .LT. 1.00e-05
 FCN=96.2095 FROM MIGRAD    STATUS=INITIATE       22 CALLS         606 TOTAL
                     EDM=3.84768e-05    STRATEGY= 1      ERR MATRIX NOT POS-DEF
  EXT PARAMETER                APPROXIMATE        STEP         FIRST   
  NO.   NAME      VALUE            ERROR          SIZE      DERIVATIVE 
   1  N0           3.13378e+06   1.48272e+04   5.55401e+00   2.78295e-07
   2  tau          6.44004e+01   constant   
   3  A0           3.53923e-01   5.15004e-04   2.48107e-06   3.42011e-01
   4  phi          4.11941e+00   1.49772e-03   7.17014e-06   2.05192e-01
   5  R           -5.97488e+01   constant   
   6  alpha_CBO   -1.08916e-03   4.73971e-03   1.81273e-06   8.79543e-01
   7  w_CBO        1.73140e-04   constant   
   8  beta_CBO     4.74787e-05   9.54135e-02   3.65957e-05  -6.34700e-02
   9  alpha_2CBO   1.73440e-06   4.75678e-03   1.81942e-06   8.90566e-01
  10  beta_2CBO    2.20484e-02   4.77670e-02   1.83203e-05  -1.26422e-01
  11  alpha_y      6.84922e-04   5.39760e-04   2.53641e-06  -1.19898e-02
  12  w_y          1.43177e+01   constant   
  13  beta_y       2.49392e-04   5.46443e-04   2.57938e-06  -5.82833e-01
  14  alpha_vw     6.61689e-04   5.39260e-04   2.54494e-06  -1.26331e-01
  15  w_vw         1.34771e+01   constant   
  16  beta_vw      5.04237e-04   5.46847e-04   2.57050e-06  -5.09411e-02
  17  LM           4.99900e-03   constant   
  18  zeta_y       0.00000e+00   constant   
  19  zeta_vw      0.00000e+00   constant   
 MIGRAD MINIMIZATION HAS CONVERGED.
 MIGRAD WILL VERIFY CONVERGENCE AND ERROR MATRIX.
 FCN=96.2081 FROM MIGRAD    STATUS=CONVERGED     172 CALLS         756 TOTAL
                     EDM=1.47086e-09    STRATEGY= 1      ERR MATRIX NOT POS-DEF
  EXT PARAMETER                APPROXIMATE        STEP         FIRST   
  NO.   NAME      VALUE            ERROR          SIZE      DERIVATIVE 
   1  N0           3.13242e+06   1.48211e+04   5.55178e+00  -4.30575e-08
   2  tau          6.44004e+01   constant   
   3  A0           3.53924e-01   5.15003e-04   2.48105e-06   3.23893e-03
   4  phi          4.11942e+00   1.49771e-03   7.17011e-06   9.57433e-03
   5  R           -5.97488e+01   constant   
   6  alpha_CBO   -1.52942e-03   4.74174e-03   1.81346e-06  -1.35039e-01
   7  w_CBO        1.73140e-04   constant   
   8  beta_CBO     1.34303e-02   9.54556e-02   3.66105e-05  -6.69001e-03
   9  alpha_2CBO  -4.47431e-04   4.75884e-03   1.82015e-06  -1.36150e-01
  10  beta_2CBO    2.87295e-02   4.77880e-02   1.83277e-05  -1.35256e-02
  11  alpha_y      6.85715e-04   5.39759e-04   2.53639e-06  -6.00593e-03
  12  w_y          1.43177e+01   constant   
  13  beta_y       2.49476e-04   5.46443e-04   2.57937e-06  -1.04728e-02
  14  alpha_vw     6.61786e-04   5.39260e-04   2.54492e-06   2.29125e-02
  15  w_vw         1.34771e+01   constant   
  16  beta_vw      5.03810e-04   5.46847e-04   2.57049e-06  -1.14584e-03
  17  LM           4.99900e-03   constant   
  18  zeta_y       0.00000e+00   constant   
  19  zeta_vw      0.00000e+00   constant   
 EXTERNAL ERROR MATRIX.    NDIM=  25    NPAR= 11    ERR DEF=1
  2.197e+08 
 -3.876e-02  2.652e-07 
 -6.367e-03  1.550e-08  2.243e-06 
 -1.794e+01 -1.256e-08 -2.229e-09  2.248e-05 
 -3.466e+02  2.834e-07  7.684e-07 -1.107e-04  9.112e-03 
 -1.802e+01 -1.279e-08 -2.549e-09 -5.761e-06 -1.111e-04  2.265e-05 
 -1.735e+02  1.413e-07  3.836e-07 -5.544e-05 -1.196e-03 -5.562e-05  2.284e-03 
 -1.967e-02  4.865e-09  1.637e-08 -6.386e-09  2.028e-07 -6.532e-09  1.011e-07  2.913e-07 
 -9.571e-04 -4.747e-10  5.052e-09 -3.056e-10 -8.781e-09 -3.056e-10 -4.393e-09 -4.581e-10  2.986e-07 
  1.054e-03  2.837e-10 -4.444e-09  3.334e-10  3.078e-08  3.239e-10  1.537e-08 -4.265e-09  6.116e-08  2.908e-07 
  1.058e-02 -2.729e-09 -9.248e-09  3.435e-09 -1.113e-07  3.514e-09 -5.548e-08 -6.680e-08 -3.120e-09  8.666e-11  2.990e-07 
ERR MATRIX NOT POS-DEF
 PARAMETER  CORRELATION COEFFICIENTS  
       NO.  GLOBAL      1      3      4      6      8      9     10     11     13     14     16
        1  0.99686   1.000 -0.005 -0.000 -0.255 -0.245 -0.255 -0.245 -0.002 -0.000  0.000  0.001
        3  0.06002  -0.005  1.000  0.020 -0.005  0.006 -0.005  0.006  0.018 -0.002  0.001 -0.010
        4  0.12671  -0.000  0.020  1.000 -0.000  0.005 -0.000  0.005  0.020  0.006 -0.006 -0.011
        6  0.99686  -0.255 -0.005 -0.000  1.000 -0.245 -0.255 -0.245 -0.002 -0.000  0.000  0.001
        8  0.99684  -0.245  0.006  0.005 -0.245  1.000 -0.245 -0.262  0.004 -0.000  0.001 -0.002
        9  0.99685  -0.255 -0.005 -0.000 -0.255 -0.245  1.000 -0.245 -0.003 -0.000  0.000  0.001
       10  0.99684  -0.245  0.006  0.005 -0.245 -0.262 -0.245  1.000  0.004 -0.000  0.001 -0.002
       11  0.22802  -0.002  0.018  0.020 -0.002  0.004 -0.003  0.004  1.000 -0.002 -0.015 -0.226
       13  0.20840  -0.000 -0.002  0.006 -0.000 -0.000 -0.000 -0.000 -0.002  1.000  0.208 -0.010
       14  0.20937   0.000  0.001 -0.006  0.000  0.001  0.000  0.001 -0.015  0.208  1.000  0.000
       16  0.22674   0.001 -0.010 -0.011  0.001 -0.002  0.001 -0.002 -0.226 -0.010  0.000  1.000
 ERR MATRIX NOT POS-DEF
 **********
 **   87 **MINO      2.5e+04
 **********
                         POSITIVE MINOS ERROR NOT CALCULATED FOR PARAMETER 1
                         NEGATIVE MINOS ERROR NOT CALCULATED FOR PARAMETER 1
                         POSITIVE MINOS ERROR NOT CALCULATED FOR PARAMETER 6
                         NEGATIVE MINOS ERROR NOT CALCULATED FOR PARAMETER 6
                         POSITIVE MINOS ERROR NOT CALCULATED FOR PARAMETER 8
                         NEGATIVE MINOS ERROR NOT CALCULATED FOR PARAMETER 8
                         POSITIVE MINOS ERROR NOT CALCULATED FOR PARAMETER 9
                         NEGATIVE MINOS ERROR NOT CALCULATED FOR PARAMETER 9
                         POSITIVE MINOS ERROR NOT CALCULATED FOR PARAMETER 10
                         NEGATIVE MINOS ERROR NOT CALCULATED FOR PARAMETER 10
 FCN=96.2081 FROM MINOS     STATUS=PROBLEMS    12345 CALLS       13201 TOTAL
                     EDM=1.47068e-09    STRATEGY= 1      ERR MATRIX NOT POS-DEF
  EXT PARAMETER                  PARABOLIC         MINOS ERRORS        
  NO.   NAME      VALUE            ERROR      NEGATIVE      POSITIVE   
   1  N0           3.13242e+06   1.48174e+04                            
   2  tau          6.44004e+01   constant   
   3  A0           3.53924e-01   5.15003e-04  -5.17389e-04   5.17403e-04
   4  phi          4.11942e+00   1.49772e-03  -1.50254e-03   1.50229e-03
   5  R           -5.97488e+01   constant   
   6  alpha_CBO   -1.52942e-03   4.74367e-03                            
   7  w_CBO        1.73140e-04   constant   
   8  beta_CBO     1.34303e-02   9.54952e-02                            
   9  alpha_2CBO  -4.47431e-04   4.76090e-03                            
  10  beta_2CBO    2.87295e-02   4.78065e-02                            
  11  alpha_y      6.85715e-04   5.39760e-04  -5.41663e-04   5.41663e-04
  12  w_y          1.43177e+01   constant   
  13  beta_y       2.49476e-04   5.46444e-04  -5.47937e-04   5.47942e-04
  14  alpha_vw     6.61786e-04   5.39261e-04  -5.40745e-04   5.40731e-04
  15  w_vw         1.34771e+01   constant   
  16  beta_vw      5.03810e-04   5.46848e-04  -5.48487e-04   5.48488e-04
  17  LM           4.99900e-03   constant   
  18  zeta_y       0.00000e+00   constant   
  19  zeta_vw      0.00000e+00   constant   
 **********
 **   88 **SHO COR 
 **********
 PARAMETER  CORRELATION COEFFICIENTS  
       NO.  GLOBAL      1      3      4      6      8      9     10     11     13     14     16
        1  0.99686   1.000 -0.005 -0.000 -0.255 -0.245 -0.255 -0.245 -0.002 -0.000  0.000  0.001
        3  0.06002  -0.005  1.000  0.020 -0.005  0.006 -0.005  0.006  0.018 -0.002  0.001 -0.010
        4  0.12671  -0.000  0.020  1.000 -0.000  0.005 -0.000  0.005  0.020  0.006 -0.006 -0.011
        6  0.99686  -0.255 -0.005 -0.000  1.000 -0.245 -0.255 -0.245 -0.003 -0.000  0.000  0.001
        8  0.99684  -0.245  0.006  0.005 -0.245  1.000 -0.245 -0.262  0.004 -0.000  0.001 -0.002
        9  0.99686  -0.255 -0.005 -0.000 -0.255 -0.245  1.000 -0.245 -0.003 -0.000  0.000  0.001
       10  0.99684  -0.245  0.006  0.005 -0.245 -0.262 -0.245  1.000  0.004 -0.000  0.001 -0.002
       11  0.22802  -0.002  0.018  0.020 -0.003  0.004 -0.003  0.004  1.000 -0.002 -0.015 -0.226
       13  0.20840  -0.000 -0.002  0.006 -0.000 -0.000 -0.000 -0.000 -0.002  1.000  0.208 -0.010
       14  0.20937   0.000  0.001 -0.006  0.000  0.001  0.000  0.001 -0.015  0.208  1.000  0.000
       16  0.22674   0.001 -0.010 -0.011  0.001 -0.002  0.001 -0.002 -0.226 -0.010  0.000  1.000
 ERR MATRIX NOT POS-DEF
