 + ++++++++++++++++++++++++++++++++++++++++++++++++++++++++++++++++++++ +
 +                                                                      +
 +           You have chose to blind your fitting according to          +
 +                omega_ref * (1 + (R +/- deltaR) *10^{-6})             +
 +                                                                      +
 + ++++++++++++++++++++++++++++++++++++++++++++++++++++++++++++++++++++ +
In main()...
reading format from /gm2data/zkhechad/run45/envelope/formats/formatB_sBin_constraintOn.txt
pBinTau 	= 0  
pBinPhi 	= 0  
constraintau 	= 1 
includeMopTerm 	= 0    
constrainMop    = 0   
Parameters after format file: pBinTau 0 pBinPhi 0 constraintau 1 includeMopTerm 0 constrainMop 0 c_e_scale 0.000000 
Opening file /gm2data/tbarrett/gm2fr/studies/run23_bunch_corrections/CorrectedFourier_Run3b.root.
reading reference data from /gm2data/zkhechad/cboTemplates/Run4CBOTemplates/templateFits0/noRF/sBin_constraintOn_cE0.0_seed0_noRF_calo11.root (fixing 5-param to these terms)
windowBins = 69
fitting sliding window 2310 from bin 2446 at 364.794000 to bin 2515 at 375.238000 (69 bins)

Reading data from /gm2data/cornell/histograms/aMethod/histogram_a_noRF.root
 **********
 **    1 **SET PRINTOUT            1
 **********
 **********
 **    2 **SET NOWARNINGS 
 **********
 PARAMETER DEFINITIONS:
    NO.   NAME         VALUE      STEP SIZE      LIMITS
     1 N0           3.16052e+06  1.00000e+02     no limits
     2 tau          6.43936e+01  constant
     3 A0           3.42730e-01  1.00000e-04     no limits
     4 phi          4.11797e+00  1.00000e-02     no limits
     5 R           -6.16402e+01  constant
     6 alpha_CBO    0.00000e+00  1.00000e-03     no limits
     7 w_CBO        2.32643e+00  constant
     8 beta_CBO     0.00000e+00  1.00000e-03     no limits
     9 alpha_2CBO   0.00000e+00  1.00000e-03     no limits
    10 beta_2CBO    0.00000e+00  1.00000e-03     no limits
    11 alpha_y      0.00000e+00  1.00000e-03     no limits
    12 w_y          1.38965e+01  constant
    13 beta_y       0.00000e+00  1.00000e-03     no limits
    14 alpha_vw     0.00000e+00  1.00000e-03     no limits
    15 w_vw         1.43195e+01  constant
    16 beta_vw      0.00000e+00  1.00000e-03     no limits
    17 LM          -3.85751e-04  constant
    18 zeta_y       0.00000e+00  constant
    19 zeta_vw      0.00000e+00  constant
    20 T_CBO        1.00000e+02  1.00000e+00    0.00000e+00  1.00000e+03
    21 alpha_A0     0.00000e+00  1.00000e-03     no limits
    22 beta_A0      0.00000e+00  1.00000e-03     no limits
    23 alpha_phi    0.00000e+00  1.00000e-03     no limits
    24 beta_phi     0.00000e+00  1.00000e-03     no limits
    25 alpha_xy     0.00000e+00  1.00000e-03     no limits
    26 w_xy         1.20754e+01  constant
    27 beta_xy      0.00000e+00  1.00000e-03     no limits
MINUIT - FIT ONLY WIGGLE
 **********
 **    3 **FIX            5
 **********
 PARAMETER    5  IS CONSTANT.   IGNORED.
 **********
 **    4 **FIX            6
 **********
 **********
 **    5 **FIX            7
 **********
 PARAMETER    7  IS CONSTANT.   IGNORED.
 **********
 **    6 **FIX            8
 **********
 **********
 **    7 **FIX            9
 **********
 **********
 **    8 **FIX           10
 **********
 **********
 **    9 **FIX           11
 **********
 **********
 **   10 **FIX           12
 **********
 PARAMETER   12  IS CONSTANT.   IGNORED.
 **********
 **   11 **FIX           13
 **********
 **********
 **   12 **FIX           14
 **********
 **********
 **   13 **FIX           15
 **********
 PARAMETER   15  IS CONSTANT.   IGNORED.
 **********
 **   14 **FIX           16
 **********
 **********
 **   15 **MIGRAD
 **********
 FIRST CALL TO USER FUNCTION AT NEW START POINT, WITH IFLAG=4.
 START MIGRAD MINIMIZATION.  STRATEGY  1.  CONVERGENCE WHEN EDM .LT. 1.00e-04
 FCN=79.614 FROM MIGRAD    STATUS=INITIATE      629 CALLS         630 TOTAL
                     EDM= unknown      STRATEGY= 1      NO ERROR MATRIX       
  EXT PARAMETER               CURRENT GUESS       STEP         FIRST   
  NO.   NAME      VALUE            ERROR          SIZE      DERIVATIVE 
   1  N0           3.16052e+06   1.00000e+02   0.00000e+00  -2.52432e-04
   2  tau          6.43936e+01   constant   
   3  A0           3.42730e-01   1.00000e-04   0.00000e+00  -7.43747e+01
   4  phi          4.11797e+00   1.00000e-02   0.00000e+00   1.11607e+03
   5  R           -6.16402e+01   constant   
   6  alpha_CBO    0.00000e+00     fixed    
   7  w_CBO        2.32643e+00   constant   
   8  beta_CBO     0.00000e+00     fixed    
   9  alpha_2CBO   0.00000e+00     fixed    
  10  beta_2CBO    0.00000e+00     fixed    
  11  alpha_y      0.00000e+00     fixed    
  12  w_y          1.38965e+01   constant   
  13  beta_y       0.00000e+00     fixed    
  14  alpha_vw     0.00000e+00     fixed    
  15  w_vw         1.43195e+01   constant   
  16  beta_vw      0.00000e+00     fixed    
  17  LM          -3.85751e-04   constant   
  18  zeta_y       0.00000e+00   constant   
  19  zeta_vw      0.00000e+00   constant   
  20  T_CBO        1.00000e+02   1.00000e+00   0.00000e+00   0.00000e+00
  21  alpha_A0     0.00000e+00   1.00000e-03   0.00000e+00   1.45045e+02
  22  beta_A0      0.00000e+00   1.00000e-03   0.00000e+00   3.74144e+02
  23  alpha_phi    0.00000e+00   1.00000e-03   0.00000e+00   1.30138e+02
  24  beta_phi     0.00000e+00   1.00000e-03   0.00000e+00  -9.17651e+02
  25  alpha_xy     0.00000e+00   1.00000e-03   0.00000e+00  -2.83745e+03
  26  w_xy         1.20754e+01   constant   
  27  beta_xy      0.00000e+00   1.00000e-03   0.00000e+00  -1.93812e+03
 MIGRAD MINIMIZATION HAS CONVERGED.
 MIGRAD WILL VERIFY CONVERGENCE AND ERROR MATRIX.
  MNHESS FAILS AND WILL RETURN DIAGONAL MATRIX. 
 FCN=68.3171 FROM MIGRAD    STATUS=CONVERGED     746 CALLS         747 TOTAL
                     EDM=2.32391e-07    STRATEGY= 1  ERROR MATRIX UNCERTAINTY 100.0 per cent
  EXT PARAMETER                APPROXIMATE        STEP         FIRST   
  NO.   NAME      VALUE            ERROR          SIZE      DERIVATIVE 
   1  N0           3.16289e+06   2.29284e+03   8.66679e+00  -3.04488e-08
   2  tau          6.43936e+01   constant   
   3  A0           3.42561e-01   9.84541e-04   4.00244e-06  -1.32368e-02
   4  phi          4.11250e+00   3.02807e-03   1.23100e-05   1.38060e-01
   5  R           -6.16402e+01   constant   
   6  alpha_CBO    0.00000e+00     fixed    
   7  w_CBO        2.32643e+00   constant   
   8  beta_CBO     0.00000e+00     fixed    
   9  alpha_2CBO   0.00000e+00     fixed    
  10  beta_2CBO    0.00000e+00     fixed    
  11  alpha_y      0.00000e+00     fixed    
  12  w_y          1.38965e+01   constant   
  13  beta_y       0.00000e+00     fixed    
  14  alpha_vw     0.00000e+00     fixed    
  15  w_vw         1.43195e+01   constant   
  16  beta_vw      0.00000e+00     fixed    
  17  LM          -3.85751e-04   constant   
  18  zeta_y       0.00000e+00   constant   
  19  zeta_vw      0.00000e+00   constant   
  20  T_CBO        1.00000e+02   1.41421e+00  -0.00000e+00   0.00000e+00
  21  alpha_A0     1.83686e-04   4.03189e-03  -3.55334e-06   1.64443e-01
  22  beta_A0     -4.12995e-03   4.10095e-03  -3.30139e-06   1.28701e-02
  23  alpha_phi   -6.82371e-04   4.46483e-03   1.03172e-05  -6.59571e-02
  24  beta_phi     9.00229e-03   4.12054e-03   1.13925e-05  -6.35901e-02
  25  alpha_xy     1.46990e-03   1.03269e-03   1.22850e-06  -3.27211e-02
  26  w_xy         1.20754e+01   constant   
  27  beta_xy      9.45596e-04   1.01782e-03   2.06175e-06  -9.19972e-03
 EXTERNAL ERROR MATRIX.    NDIM=  28    NPAR= 10    ERR DEF=1
  5.257e+06  0.000e+00  0.000e+00  0.000e+00  0.000e+00  0.000e+00  0.000e+00  0.000e+00  0.000e+00  0.000e+00 
  0.000e+00  9.693e-07  0.000e+00  0.000e+00  0.000e+00  0.000e+00  0.000e+00  0.000e+00  0.000e+00  0.000e+00 
  0.000e+00  0.000e+00  9.169e-06  0.000e+00  0.000e+00  0.000e+00  0.000e+00  0.000e+00  0.000e+00  0.000e+00 
  0.000e+00  0.000e+00  0.000e+00  2.000e+00  0.000e+00  0.000e+00  0.000e+00  0.000e+00  0.000e+00  0.000e+00 
  0.000e+00  0.000e+00  0.000e+00  0.000e+00  1.626e-05  0.000e+00  0.000e+00  0.000e+00  0.000e+00  0.000e+00 
  0.000e+00  0.000e+00  0.000e+00  0.000e+00  0.000e+00  1.682e-05  0.000e+00  0.000e+00  0.000e+00  0.000e+00 
  0.000e+00  0.000e+00  0.000e+00  0.000e+00  0.000e+00  0.000e+00  1.993e-05  0.000e+00  0.000e+00  0.000e+00 
  0.000e+00  0.000e+00  0.000e+00  0.000e+00  0.000e+00  0.000e+00  0.000e+00  1.698e-05  0.000e+00  0.000e+00 
  0.000e+00  0.000e+00  0.000e+00  0.000e+00  0.000e+00  0.000e+00  0.000e+00  0.000e+00  1.066e-06  0.000e+00 
  0.000e+00  0.000e+00  0.000e+00  0.000e+00  0.000e+00  0.000e+00  0.000e+00  0.000e+00  0.000e+00  1.036e-06 
ERR MATRIX APPROXIMATE
 PARAMETER  CORRELATION COEFFICIENTS  
       NO.  GLOBAL      1      3      4     20     21     22     23     24     25     27
        1  0.00000   1.000  0.000  0.000  0.000  0.000  0.000  0.000  0.000  0.000  0.000
        3  0.00000   0.000  1.000  0.000  0.000  0.000  0.000  0.000  0.000  0.000  0.000
        4  0.00000   0.000  0.000  1.000  0.000  0.000  0.000  0.000  0.000  0.000  0.000
       20  0.00000   0.000  0.000  0.000  1.000  0.000  0.000  0.000  0.000  0.000  0.000
       21  0.00000   0.000  0.000  0.000  0.000  1.000  0.000  0.000  0.000  0.000  0.000
       22  0.00000   0.000  0.000  0.000  0.000  0.000  1.000  0.000  0.000  0.000  0.000
       23  0.00000   0.000  0.000  0.000  0.000  0.000  0.000  1.000  0.000  0.000  0.000
       24  0.00000   0.000  0.000  0.000  0.000  0.000  0.000  0.000  1.000  0.000  0.000
       25  0.00000   0.000  0.000  0.000  0.000  0.000  0.000  0.000  0.000  1.000  0.000
       27  0.00000   0.000  0.000  0.000  0.000  0.000  0.000  0.000  0.000  0.000  1.000
 ERR MATRIX APPROXIMATE
MINUIT - FIT ONLY 1-CBO + wiggle
 **********
 **   16 **RES 
 **********
                   PARAMETER   16  beta_vw RESTORED TO VARIABLE.
                   PARAMETER   14  alpha_vw RESTORED TO VARIABLE.
                   PARAMETER   13  beta_y RESTORED TO VARIABLE.
                   PARAMETER   11  alpha_y RESTORED TO VARIABLE.
                   PARAMETER   10  beta_2CBO RESTORED TO VARIABLE.
                   PARAMETER    9  alpha_2CBO RESTORED TO VARIABLE.
                   PARAMETER    8  beta_CBO RESTORED TO VARIABLE.
                   PARAMETER    6  alpha_CBO RESTORED TO VARIABLE.
 **********
 **   17 **FIX            8
 **********
 **********
 **   18 **FIX            9
 **********
 **********
 **   19 **FIX           11
 **********
 **********
 **   20 **FIX           12
 **********
 PARAMETER   12  IS CONSTANT.   IGNORED.
 **********
 **   21 **FIX           14
 **********
 **********
 **   22 **FIX           15
 **********
 PARAMETER   15  IS CONSTANT.   IGNORED.
 **********
 **   23 **FIX           16
 **********
 **********
 **   24 **MIGRAD
 **********
 START MIGRAD MINIMIZATION.  STRATEGY  1.  CONVERGENCE WHEN EDM .LT. 1.00e-04
 FCN=68.3171 FROM MIGRAD    STATUS=INITIATE      957 CALLS        1704 TOTAL
                     EDM= unknown      STRATEGY= 1      NO ERROR MATRIX       
  EXT PARAMETER               CURRENT GUESS       STEP         FIRST   
  NO.   NAME      VALUE            ERROR          SIZE      DERIVATIVE 
   1  N0           3.16289e+06   2.29284e+03   0.00000e+00  -3.04488e-08
   2  tau          6.43936e+01   constant   
   3  A0           3.42561e-01   9.84541e-04   0.00000e+00  -1.32368e-02
   4  phi          4.11250e+00   3.02807e-03   0.00000e+00   1.38060e-01
   5  R           -6.16402e+01   constant   
   6  alpha_CBO    0.00000e+00   1.00000e-03   0.00000e+00  -1.62002e+03
   7  w_CBO        2.32643e+00   constant   
   8  beta_CBO     0.00000e+00     fixed    
   9  alpha_2CBO   0.00000e+00     fixed    
  10  beta_2CBO    0.00000e+00   1.00000e-03   0.00000e+00  -2.53001e+03
  11  alpha_y      0.00000e+00     fixed    
  12  w_y          1.38965e+01   constant   
  13  beta_y       0.00000e+00   1.00000e-03   0.00000e+00   2.23099e+03
  14  alpha_vw     0.00000e+00     fixed    
  15  w_vw         1.43195e+01   constant   
  16  beta_vw      0.00000e+00     fixed    
  17  LM          -3.85751e-04   constant   
  18  zeta_y       0.00000e+00   constant   
  19  zeta_vw      0.00000e+00   constant   
  20  T_CBO        1.00000e+02   1.41421e+00   0.00000e+00   0.00000e+00
  21  alpha_A0     1.83686e-04   4.03189e-03   0.00000e+00   1.64443e-01
  22  beta_A0     -4.12995e-03   4.10095e-03   0.00000e+00   1.28701e-02
  23  alpha_phi   -6.82371e-04   4.46483e-03   0.00000e+00  -6.59583e-02
  24  beta_phi     9.00229e-03   4.12054e-03   0.00000e+00  -6.35899e-02
  25  alpha_xy     1.46990e-03   1.03269e-03   0.00000e+00  -3.27210e-02
  26  w_xy         1.20754e+01   constant   
  27  beta_xy      9.45596e-04   1.01782e-03   0.00000e+00  -9.19972e-03
 MIGRAD MINIMIZATION HAS CONVERGED.
 MIGRAD WILL VERIFY CONVERGENCE AND ERROR MATRIX.
  MNHESS FAILS AND WILL RETURN DIAGONAL MATRIX. 
 FCN=64.5817 FROM MIGRAD    STATUS=CONVERGED    1081 CALLS        1828 TOTAL
                     EDM=6.25276e-06    STRATEGY= 1  ERROR MATRIX UNCERTAINTY 100.0 per cent
  EXT PARAMETER                APPROXIMATE        STEP         FIRST   
  NO.   NAME      VALUE            ERROR          SIZE      DERIVATIVE 
   1  N0           3.16298e+06   2.29290e+03   8.43024e+00   1.31689e-06
   2  tau          6.43936e+01   constant   
   3  A0           3.42637e-01   9.84395e-04   3.89251e-06  -5.94167e-01
   4  phi          4.11309e+00   3.02778e-03   1.19725e-05   3.56739e-01
   5  R           -6.16402e+01   constant   
   6  alpha_CBO    8.88023e-04   1.04589e-03   4.13568e-06   4.02534e-01
   7  w_CBO        2.32643e+00   constant   
   8  beta_CBO     0.00000e+00     fixed    
   9  alpha_2CBO   0.00000e+00     fixed    
  10  beta_2CBO    1.32531e-03   1.01702e-03   4.02153e-06   1.01048e+00
  11  alpha_y      0.00000e+00     fixed    
  12  w_y          1.38965e+01   constant   
  13  beta_y      -1.20090e-03   1.03203e-03   4.08089e-06   1.26160e+00
  14  alpha_vw     0.00000e+00     fixed    
  15  w_vw         1.43195e+01   constant   
  16  beta_vw      0.00000e+00     fixed    
  17  LM          -3.85751e-04   constant   
  18  zeta_y       0.00000e+00   constant   
  19  zeta_vw      0.00000e+00   constant   
  20  T_CBO        1.00000e+02   1.99998e+00  -0.00000e+00   0.00000e+00
  21  alpha_A0    -6.78258e-04   4.03012e-03  -9.90706e-06   8.40252e-02
  22  beta_A0     -3.76352e-03   4.09921e-03   1.99966e-06  -3.28964e-01
  23  alpha_phi   -1.06941e-04   4.46385e-03  -1.14043e-05  -2.84033e-01
  24  beta_phi     9.49032e-03   4.12057e-03  -1.39710e-05   2.08450e-02
  25  alpha_xy     1.55387e-03   1.03264e-03  -3.91787e-06   6.22804e-01
  26  w_xy         1.20754e+01   constant   
  27  beta_xy      9.65820e-04   1.01777e-03  -5.08162e-07   6.99012e-01
 EXTERNAL ERROR MATRIX.    NDIM=  28    NPAR= 13    ERR DEF=1
 ELEMENTS ABOVE DIAGONAL ARE NOT PRINTED.
  5.257e+06 
  0.000e+00  9.690e-07 
  0.000e+00  0.000e+00  9.167e-06 
  0.000e+00  0.000e+00  0.000e+00  1.094e-06 
  0.000e+00  0.000e+00  0.000e+00  0.000e+00  1.034e-06 
  0.000e+00  0.000e+00  0.000e+00  0.000e+00  0.000e+00  1.065e-06 
  0.000e+00  0.000e+00  0.000e+00  0.000e+00  0.000e+00  0.000e+00  4.000e+00 
  0.000e+00  0.000e+00  0.000e+00  0.000e+00  0.000e+00  0.000e+00  0.000e+00  1.624e-05 
  0.000e+00  0.000e+00  0.000e+00  0.000e+00  0.000e+00  0.000e+00  0.000e+00  0.000e+00  1.680e-05 
  0.000e+00  0.000e+00  0.000e+00  0.000e+00  0.000e+00  0.000e+00  0.000e+00  0.000e+00  0.000e+00  1.993e-05 
  0.000e+00  0.000e+00  0.000e+00  0.000e+00  0.000e+00  0.000e+00  0.000e+00  0.000e+00  0.000e+00  0.000e+00  1.698e-05 
  0.000e+00  0.000e+00  0.000e+00  0.000e+00  0.000e+00  0.000e+00  0.000e+00  0.000e+00  0.000e+00  0.000e+00  0.000e+00 
  0.000e+00  0.000e+00  0.000e+00  0.000e+00  0.000e+00  0.000e+00  0.000e+00  0.000e+00  0.000e+00  0.000e+00  0.000e+00  1.066e-06 
  0.000e+00  0.000e+00  0.000e+00  0.000e+00  0.000e+00  0.000e+00  0.000e+00  0.000e+00  0.000e+00  0.000e+00  0.000e+00 
  0.000e+00  0.000e+00  0.000e+00  0.000e+00  0.000e+00  0.000e+00  0.000e+00  0.000e+00  0.000e+00  0.000e+00  0.000e+00  0.000e+00  1.036e-06 
ERR MATRIX APPROXIMATE
 PARAMETER  CORRELATION COEFFICIENTS  
       NO.  GLOBAL      1      3      4      6     10     13     20     21     22     23     24     25     27
        1  0.00000   1.000  0.000  0.000  0.000  0.000  0.000  0.000  0.000  0.000  0.000  0.000  0.000  0.000
        3  0.00000   0.000  1.000  0.000  0.000  0.000  0.000  0.000  0.000  0.000  0.000  0.000  0.000  0.000
        4  0.00000   0.000  0.000  1.000  0.000  0.000  0.000  0.000  0.000  0.000  0.000  0.000  0.000  0.000
        6  0.00000   0.000  0.000  0.000  1.000  0.000  0.000  0.000  0.000  0.000  0.000  0.000  0.000  0.000
       10  0.00000   0.000  0.000  0.000  0.000  1.000  0.000  0.000  0.000  0.000  0.000  0.000  0.000  0.000
       13  0.00000   0.000  0.000  0.000  0.000  0.000  1.000  0.000  0.000  0.000  0.000  0.000  0.000  0.000
       20  0.00000   0.000  0.000  0.000  0.000  0.000  0.000  1.000  0.000  0.000  0.000  0.000  0.000  0.000
       21  0.00000   0.000  0.000  0.000  0.000  0.000  0.000  0.000  1.000  0.000  0.000  0.000  0.000  0.000
       22  0.00000   0.000  0.000  0.000  0.000  0.000  0.000  0.000  0.000  1.000  0.000  0.000  0.000  0.000
       23  0.00000   0.000  0.000  0.000  0.000  0.000  0.000  0.000  0.000  0.000  1.000  0.000  0.000  0.000
       24  0.00000   0.000  0.000  0.000  0.000  0.000  0.000  0.000  0.000  0.000  0.000  1.000  0.000  0.000
       25  0.00000   0.000  0.000  0.000  0.000  0.000  0.000  0.000  0.000  0.000  0.000  0.000  1.000  0.000
       27  0.00000   0.000  0.000  0.000  0.000  0.000  0.000  0.000  0.000  0.000  0.000  0.000  0.000  1.000
 ERR MATRIX APPROXIMATE
MINUIT - FIT ONLY 2-CBO
 **********
 **   25 **RES 
 **********
                   PARAMETER   16  beta_vw RESTORED TO VARIABLE.
                   PARAMETER   14  alpha_vw RESTORED TO VARIABLE.
                   PARAMETER   11  alpha_y RESTORED TO VARIABLE.
                   PARAMETER    9  alpha_2CBO RESTORED TO VARIABLE.
                   PARAMETER    8  beta_CBO RESTORED TO VARIABLE.
 **********
 **   26 **FIX            0
 **********
 PARAMETER    0  IS UNDEFINED. IGNORED.
 **********
 **   27 **FIX            1
 **********
 **********
 **   28 **FIX            2
 **********
 PARAMETER    2  IS CONSTANT.   IGNORED.
 **********
 **   29 **FIX            3
 **********
 **********
 **   30 **FIX            4
 **********
 **********
 **   31 **FIX            5
 **********
 PARAMETER    5  IS CONSTANT.   IGNORED.
 **********
 **   32 **FIX            6
 **********
 **********
 **   33 **FIX            7
 **********
 PARAMETER    7  IS CONSTANT.   IGNORED.
 **********
 **   34 **FIX           10
 **********
 **********
 **   35 **FIX           11
 **********
 **********
 **   36 **FIX           12
 **********
 PARAMETER   12  IS CONSTANT.   IGNORED.
 **********
 **   37 **FIX           13
 **********
 **********
 **   38 **FIX           14
 **********
 **********
 **   39 **FIX           15
 **********
 PARAMETER   15  IS CONSTANT.   IGNORED.
 **********
 **   40 **FIX           16
 **********
 **********
 **   41 **MIGRAD
 **********
 START MIGRAD MINIMIZATION.  STRATEGY  1.  CONVERGENCE WHEN EDM .LT. 1.00e-04
 FCN=64.5817 FROM MIGRAD    STATUS=INITIATE      515 CALLS        2343 TOTAL
                     EDM= unknown      STRATEGY= 1      NO ERROR MATRIX       
  EXT PARAMETER               CURRENT GUESS       STEP         FIRST   
  NO.   NAME      VALUE            ERROR          SIZE      DERIVATIVE 
   1  N0           3.16298e+06     fixed    
   2  tau          6.43936e+01   constant   
   3  A0           3.42637e-01     fixed    
   4  phi          4.11309e+00     fixed    
   5  R           -6.16402e+01   constant   
   6  alpha_CBO    8.88023e-04     fixed    
   7  w_CBO        2.32643e+00   constant   
   8  beta_CBO     0.00000e+00   1.00000e-03   0.00000e+00   6.09858e+02
   9  alpha_2CBO   0.00000e+00   1.00000e-03   0.00000e+00   3.67848e+03
  10  beta_2CBO    1.32531e-03     fixed    
  11  alpha_y      0.00000e+00     fixed    
  12  w_y          1.38965e+01   constant   
  13  beta_y      -1.20090e-03     fixed    
  14  alpha_vw     0.00000e+00     fixed    
  15  w_vw         1.43195e+01   constant   
  16  beta_vw      0.00000e+00     fixed    
  17  LM          -3.85751e-04   constant   
  18  zeta_y       0.00000e+00   constant   
  19  zeta_vw      0.00000e+00   constant   
  20  T_CBO        1.00000e+02   1.99998e+00   0.00000e+00   0.00000e+00
  21  alpha_A0    -6.78258e-04   4.03012e-03   0.00000e+00   8.40252e-02
  22  beta_A0     -3.76352e-03   4.09921e-03   0.00000e+00  -3.28963e-01
  23  alpha_phi   -1.06941e-04   4.46385e-03   0.00000e+00  -2.84032e-01
  24  beta_phi     9.49032e-03   4.12057e-03   0.00000e+00   2.08463e-02
  25  alpha_xy     1.55387e-03   1.03264e-03   0.00000e+00   6.22804e-01
  26  w_xy         1.20754e+01   constant   
  27  beta_xy      9.65820e-04   1.01777e-03   0.00000e+00   6.99012e-01
 MIGRAD MINIMIZATION HAS CONVERGED.
 MIGRAD WILL VERIFY CONVERGENCE AND ERROR MATRIX.
  MNHESS FAILS AND WILL RETURN DIAGONAL MATRIX. 
 FCN=60.643 FROM MIGRAD    STATUS=CONVERGED     580 CALLS        2408 TOTAL
                     EDM=8.85352e-06    STRATEGY= 1  ERROR MATRIX UNCERTAINTY 100.0 per cent
  EXT PARAMETER                APPROXIMATE        STEP         FIRST   
  NO.   NAME      VALUE            ERROR          SIZE      DERIVATIVE 
   1  N0           3.16298e+06     fixed    
   2  tau          6.43936e+01   constant   
   3  A0           3.42637e-01     fixed    
   4  phi          4.11309e+00     fixed    
   5  R           -6.16402e+01   constant   
   6  alpha_CBO    8.88023e-04     fixed    
   7  w_CBO        2.32643e+00   constant   
   8  beta_CBO    -3.64266e-04   1.00565e-03   3.85530e-06   2.97149e+00
   9  alpha_2CBO  -2.08134e-03   1.03348e-03   3.96197e-06  -5.36396e-01
  10  beta_2CBO    1.32531e-03     fixed    
  11  alpha_y      0.00000e+00     fixed    
  12  w_y          1.38965e+01   constant   
  13  beta_y      -1.20090e-03     fixed    
  14  alpha_vw     0.00000e+00     fixed    
  15  w_vw         1.43195e+01   constant   
  16  beta_vw      0.00000e+00     fixed    
  17  LM          -3.85751e-04   constant   
  18  zeta_y       0.00000e+00   constant   
  19  zeta_vw      0.00000e+00   constant   
  20  T_CBO        1.00000e+02   2.82835e+00  -0.00000e+00   0.00000e+00
  21  alpha_A0    -1.48284e-03   4.03464e-03   6.59641e-06   4.71681e-02
  22  beta_A0     -4.56846e-03   4.09475e-03   5.85776e-06   5.93287e-01
  23  alpha_phi   -1.02315e-03   4.46659e-03   7.44184e-05  -4.65127e-01
  24  beta_phi     1.07909e-02   4.11682e-03   6.92458e-05   1.45161e-01
  25  alpha_xy     1.54142e-03   1.03266e-03  -9.41025e-06   1.45921e-01
  26  w_xy         1.20754e+01   constant   
  27  beta_xy      9.96214e-04   1.01780e-03  -1.68644e-06  -5.88554e-01
 EXTERNAL ERROR MATRIX.    NDIM=  28    NPAR=  9    ERR DEF=1
  1.011e-06  0.000e+00  0.000e+00  0.000e+00  0.000e+00  0.000e+00  0.000e+00  0.000e+00  0.000e+00 
  0.000e+00  1.068e-06  0.000e+00  0.000e+00  0.000e+00  0.000e+00  0.000e+00  0.000e+00  0.000e+00 
  0.000e+00  0.000e+00  8.000e+00  0.000e+00  0.000e+00  0.000e+00  0.000e+00  0.000e+00  0.000e+00 
  0.000e+00  0.000e+00  0.000e+00  1.628e-05  0.000e+00  0.000e+00  0.000e+00  0.000e+00  0.000e+00 
  0.000e+00  0.000e+00  0.000e+00  0.000e+00  1.677e-05  0.000e+00  0.000e+00  0.000e+00  0.000e+00 
  0.000e+00  0.000e+00  0.000e+00  0.000e+00  0.000e+00  1.995e-05  0.000e+00  0.000e+00  0.000e+00 
  0.000e+00  0.000e+00  0.000e+00  0.000e+00  0.000e+00  0.000e+00  1.695e-05  0.000e+00  0.000e+00 
  0.000e+00  0.000e+00  0.000e+00  0.000e+00  0.000e+00  0.000e+00  0.000e+00  1.066e-06  0.000e+00 
  0.000e+00  0.000e+00  0.000e+00  0.000e+00  0.000e+00  0.000e+00  0.000e+00  0.000e+00  1.036e-06 
ERR MATRIX APPROXIMATE
 PARAMETER  CORRELATION COEFFICIENTS  
       NO.  GLOBAL      8      9     20     21     22     23     24     25     27
        8  0.00000   1.000  0.000  0.000  0.000  0.000  0.000  0.000  0.000  0.000
        9  0.00000   0.000  1.000  0.000  0.000  0.000  0.000  0.000  0.000  0.000
       20  0.00000   0.000  0.000  1.000  0.000  0.000  0.000  0.000  0.000  0.000
       21  0.00000   0.000  0.000  0.000  1.000  0.000  0.000  0.000  0.000  0.000
       22  0.00000   0.000  0.000  0.000  0.000  1.000  0.000  0.000  0.000  0.000
       23  0.00000   0.000  0.000  0.000  0.000  0.000  1.000  0.000  0.000  0.000
       24  0.00000   0.000  0.000  0.000  0.000  0.000  0.000  1.000  0.000  0.000
       25  0.00000   0.000  0.000  0.000  0.000  0.000  0.000  0.000  1.000  0.000
       27  0.00000   0.000  0.000  0.000  0.000  0.000  0.000  0.000  0.000  1.000
 ERR MATRIX APPROXIMATE
MINUIT - FIT wiggle + 1-CBO + 2-CBO
 **********
 **   42 **RES 
 **********
                   PARAMETER   16  beta_vw RESTORED TO VARIABLE.
                   PARAMETER   14  alpha_vw RESTORED TO VARIABLE.
                   PARAMETER   13  beta_y RESTORED TO VARIABLE.
                   PARAMETER   11  alpha_y RESTORED TO VARIABLE.
                   PARAMETER   10  beta_2CBO RESTORED TO VARIABLE.
                   PARAMETER    6  alpha_CBO RESTORED TO VARIABLE.
                   PARAMETER    4  phi RESTORED TO VARIABLE.
                   PARAMETER    3  A0 RESTORED TO VARIABLE.
                   PARAMETER    1  N0 RESTORED TO VARIABLE.
 **********
 **   43 **FIX           10
 **********
 **********
 **   44 **FIX           11
 **********
 **********
 **   45 **FIX           12
 **********
 PARAMETER   12  IS CONSTANT.   IGNORED.
 **********
 **   46 **FIX           13
 **********
 **********
 **   47 **FIX           14
 **********
 **********
 **   48 **FIX           15
 **********
 PARAMETER   15  IS CONSTANT.   IGNORED.
 **********
 **   49 **FIX           16
 **********
 **********
 **   50 **MIGRAD
 **********
 START MIGRAD MINIMIZATION.  STRATEGY  1.  CONVERGENCE WHEN EDM .LT. 1.00e-04
 FCN=60.643 FROM MIGRAD    STATUS=INITIATE      951 CALLS        3359 TOTAL
                     EDM= unknown      STRATEGY= 1      NO ERROR MATRIX       
  EXT PARAMETER               CURRENT GUESS       STEP         FIRST   
  NO.   NAME      VALUE            ERROR          SIZE      DERIVATIVE 
   1  N0           3.16298e+06   2.29290e+03   0.00000e+00   5.83401e-05
   2  tau          6.43936e+01   constant   
   3  A0           3.42637e-01   9.84395e-04   0.00000e+00   6.56586e+00
   4  phi          4.11309e+00   3.02778e-03   0.00000e+00   8.16375e+01
   5  R           -6.16402e+01   constant   
   6  alpha_CBO    8.88023e-04   1.04589e-03   0.00000e+00   2.74203e+02
   7  w_CBO        2.32643e+00   constant   
   8  beta_CBO    -3.64266e-04   1.00565e-03   0.00000e+00   2.97149e+00
   9  alpha_2CBO  -2.08134e-03   1.03348e-03   0.00000e+00  -5.36396e-01
  10  beta_2CBO    1.32531e-03     fixed    
  11  alpha_y      0.00000e+00     fixed    
  12  w_y          1.38965e+01   constant   
  13  beta_y      -1.20090e-03     fixed    
  14  alpha_vw     0.00000e+00     fixed    
  15  w_vw         1.43195e+01   constant   
  16  beta_vw      0.00000e+00     fixed    
  17  LM          -3.85751e-04   constant   
  18  zeta_y       0.00000e+00   constant   
  19  zeta_vw      0.00000e+00   constant   
  20  T_CBO        1.00000e+02   2.82835e+00   0.00000e+00   0.00000e+00
  21  alpha_A0    -1.48284e-03   4.03464e-03   0.00000e+00   4.71681e-02
  22  beta_A0     -4.56846e-03   4.09475e-03   0.00000e+00   5.93287e-01
  23  alpha_phi   -1.02315e-03   4.46659e-03   0.00000e+00  -4.65125e-01
  24  beta_phi     1.07909e-02   4.11682e-03   0.00000e+00   1.45160e-01
  25  alpha_xy     1.54142e-03   1.03266e-03   0.00000e+00   1.45921e-01
  26  w_xy         1.20754e+01   constant   
  27  beta_xy      9.96214e-04   1.01780e-03   0.00000e+00  -5.88554e-01
 MIGRAD MINIMIZATION HAS CONVERGED.
 MIGRAD WILL VERIFY CONVERGENCE AND ERROR MATRIX.
  MNHESS FAILS AND WILL RETURN DIAGONAL MATRIX. 
 FCN=60.5947 FROM MIGRAD    STATUS=CONVERGED    1050 CALLS        3458 TOTAL
                     EDM=6.02584e-06    STRATEGY= 1  ERROR MATRIX UNCERTAINTY 100.0 per cent
  EXT PARAMETER                APPROXIMATE        STEP         FIRST   
  NO.   NAME      VALUE            ERROR          SIZE      DERIVATIVE 
   1  N0           3.16281e+06   2.29278e+03   8.16958e+00  -8.09548e-07
   2  tau          6.43936e+01   constant   
   3  A0           3.42627e-01   9.84468e-04   3.77262e-06  -1.89614e+00
   4  phi          4.11264e+00   3.02727e-03   1.16010e-05   2.51784e-02
   5  R           -6.16402e+01   constant   
   6  alpha_CBO    7.05953e-04   1.04592e-03   4.00810e-06   7.98421e-01
   7  w_CBO        2.32643e+00   constant   
   8  beta_CBO    -3.86071e-04   1.00571e-03   3.85403e-06   9.91748e-01
   9  alpha_2CBO  -2.10408e-03   1.03354e-03   3.96067e-06  -4.99648e-01
  10  beta_2CBO    1.32531e-03     fixed    
  11  alpha_y      0.00000e+00     fixed    
  12  w_y          1.38965e+01   constant   
  13  beta_y      -1.20090e-03     fixed    
  14  alpha_vw     0.00000e+00     fixed    
  15  w_vw         1.43195e+01   constant   
  16  beta_vw      0.00000e+00     fixed    
  17  LM          -3.85751e-04   constant   
  18  zeta_y       0.00000e+00   constant   
  19  zeta_vw      0.00000e+00   constant   
  20  T_CBO        1.00000e+02   3.99978e+00  -0.00000e+00   0.00000e+00
  21  alpha_A0    -1.42055e-03   4.03510e-03   7.70620e-06   4.48955e-01
  22  beta_A0     -4.49008e-03   4.09518e-03   2.06430e-06  -7.11952e-02
  23  alpha_phi   -1.07773e-03   4.46701e-03  -1.44881e-05   1.46986e-01
  24  beta_phi     1.07606e-02   4.11682e-03   1.33114e-05   1.74632e-01
  25  alpha_xy     1.53520e-03   1.03272e-03  -8.79074e-07  -5.23006e-01
  26  w_xy         1.20754e+01   constant   
  27  beta_xy      9.96247e-04   1.01786e-03   7.90593e-08   4.32547e-01
 EXTERNAL ERROR MATRIX.    NDIM=  28    NPAR= 13    ERR DEF=1
 ELEMENTS ABOVE DIAGONAL ARE NOT PRINTED.
  5.257e+06 
  0.000e+00  9.692e-07 
  0.000e+00  0.000e+00  9.164e-06 
  0.000e+00  0.000e+00  0.000e+00  1.094e-06 
  0.000e+00  0.000e+00  0.000e+00  0.000e+00  1.011e-06 
  0.000e+00  0.000e+00  0.000e+00  0.000e+00  0.000e+00  1.068e-06 
  0.000e+00  0.000e+00  0.000e+00  0.000e+00  0.000e+00  0.000e+00  1.600e+01 
  0.000e+00  0.000e+00  0.000e+00  0.000e+00  0.000e+00  0.000e+00  0.000e+00  1.628e-05 
  0.000e+00  0.000e+00  0.000e+00  0.000e+00  0.000e+00  0.000e+00  0.000e+00  0.000e+00  1.677e-05 
  0.000e+00  0.000e+00  0.000e+00  0.000e+00  0.000e+00  0.000e+00  0.000e+00  0.000e+00  0.000e+00  1.995e-05 
  0.000e+00  0.000e+00  0.000e+00  0.000e+00  0.000e+00  0.000e+00  0.000e+00  0.000e+00  0.000e+00  0.000e+00  1.695e-05 
  0.000e+00  0.000e+00  0.000e+00  0.000e+00  0.000e+00  0.000e+00  0.000e+00  0.000e+00  0.000e+00  0.000e+00  0.000e+00 
  0.000e+00  0.000e+00  0.000e+00  0.000e+00  0.000e+00  0.000e+00  0.000e+00  0.000e+00  0.000e+00  0.000e+00  0.000e+00  1.067e-06 
  0.000e+00  0.000e+00  0.000e+00  0.000e+00  0.000e+00  0.000e+00  0.000e+00  0.000e+00  0.000e+00  0.000e+00  0.000e+00 
  0.000e+00  0.000e+00  0.000e+00  0.000e+00  0.000e+00  0.000e+00  0.000e+00  0.000e+00  0.000e+00  0.000e+00  0.000e+00  0.000e+00  1.036e-06 
ERR MATRIX APPROXIMATE
 PARAMETER  CORRELATION COEFFICIENTS  
       NO.  GLOBAL      1      3      4      6      8      9     20     21     22     23     24     25     27
        1  0.00000   1.000  0.000  0.000  0.000  0.000  0.000  0.000  0.000  0.000  0.000  0.000  0.000  0.000
        3  0.00000   0.000  1.000  0.000  0.000  0.000  0.000  0.000  0.000  0.000  0.000  0.000  0.000  0.000
        4  0.00000   0.000  0.000  1.000  0.000  0.000  0.000  0.000  0.000  0.000  0.000  0.000  0.000  0.000
        6  0.00000   0.000  0.000  0.000  1.000  0.000  0.000  0.000  0.000  0.000  0.000  0.000  0.000  0.000
        8  0.00000   0.000  0.000  0.000  0.000  1.000  0.000  0.000  0.000  0.000  0.000  0.000  0.000  0.000
        9  0.00000   0.000  0.000  0.000  0.000  0.000  1.000  0.000  0.000  0.000  0.000  0.000  0.000  0.000
       20  0.00000   0.000  0.000  0.000  0.000  0.000  0.000  1.000  0.000  0.000  0.000  0.000  0.000  0.000
       21  0.00000   0.000  0.000  0.000  0.000  0.000  0.000  0.000  1.000  0.000  0.000  0.000  0.000  0.000
       22  0.00000   0.000  0.000  0.000  0.000  0.000  0.000  0.000  0.000  1.000  0.000  0.000  0.000  0.000
       23  0.00000   0.000  0.000  0.000  0.000  0.000  0.000  0.000  0.000  0.000  1.000  0.000  0.000  0.000
       24  0.00000   0.000  0.000  0.000  0.000  0.000  0.000  0.000  0.000  0.000  0.000  1.000  0.000  0.000
       25  0.00000   0.000  0.000  0.000  0.000  0.000  0.000  0.000  0.000  0.000  0.000  0.000  1.000  0.000
       27  0.00000   0.000  0.000  0.000  0.000  0.000  0.000  0.000  0.000  0.000  0.000  0.000  0.000  1.000
 ERR MATRIX APPROXIMATE
MINUIT - FIT ONLY 1-y
 **********
 **   51 **RES 
 **********
                   PARAMETER   16  beta_vw RESTORED TO VARIABLE.
                   PARAMETER   14  alpha_vw RESTORED TO VARIABLE.
                   PARAMETER   13  beta_y RESTORED TO VARIABLE.
                   PARAMETER   11  alpha_y RESTORED TO VARIABLE.
                   PARAMETER   10  beta_2CBO RESTORED TO VARIABLE.
 **********
 **   52 **FIX            0
 **********
 PARAMETER    0  IS UNDEFINED. IGNORED.
 **********
 **   53 **FIX            1
 **********
 **********
 **   54 **FIX            2
 **********
 PARAMETER    2  IS CONSTANT.   IGNORED.
 **********
 **   55 **FIX            3
 **********
 **********
 **   56 **FIX            4
 **********
 **********
 **   57 **FIX            5
 **********
 PARAMETER    5  IS CONSTANT.   IGNORED.
 **********
 **   58 **FIX            6
 **********
 **********
 **   59 **FIX            7
 **********
 PARAMETER    7  IS CONSTANT.   IGNORED.
 **********
 **   60 **FIX            8
 **********
 **********
 **   61 **FIX            9
 **********
 **********
 **   62 **FIX           13
 **********
 **********
 **   63 **FIX           14
 **********
 **********
 **   64 **FIX           15
 **********
 PARAMETER   15  IS CONSTANT.   IGNORED.
 **********
 **   65 **FIX           16
 **********
 **********
 **   66 **MIGRAD
 **********
 START MIGRAD MINIMIZATION.  STRATEGY  1.  CONVERGENCE WHEN EDM .LT. 1.00e-04
 FCN=60.5947 FROM MIGRAD    STATUS=INITIATE      513 CALLS        3971 TOTAL
                     EDM= unknown      STRATEGY= 1      NO ERROR MATRIX       
  EXT PARAMETER               CURRENT GUESS       STEP         FIRST   
  NO.   NAME      VALUE            ERROR          SIZE      DERIVATIVE 
   1  N0           3.16281e+06     fixed    
   2  tau          6.43936e+01   constant   
   3  A0           3.42627e-01     fixed    
   4  phi          4.11264e+00     fixed    
   5  R           -6.16402e+01   constant   
   6  alpha_CBO    7.05953e-04     fixed    
   7  w_CBO        2.32643e+00   constant   
   8  beta_CBO    -3.86071e-04     fixed    
   9  alpha_2CBO  -2.10408e-03     fixed    
  10  beta_2CBO    1.32531e-03   1.01702e-03   0.00000e+00  -2.35526e+01
  11  alpha_y      0.00000e+00   1.00000e-03   0.00000e+00   3.96102e+02
  12  w_y          1.38965e+01   constant   
  13  beta_y      -1.20090e-03     fixed    
  14  alpha_vw     0.00000e+00     fixed    
  15  w_vw         1.43195e+01   constant   
  16  beta_vw      0.00000e+00     fixed    
  17  LM          -3.85751e-04   constant   
  18  zeta_y       0.00000e+00   constant   
  19  zeta_vw      0.00000e+00   constant   
  20  T_CBO        1.00000e+02   3.99978e+00   0.00000e+00   0.00000e+00
  21  alpha_A0    -1.42055e-03   4.03510e-03   0.00000e+00   4.48955e-01
  22  beta_A0     -4.49008e-03   4.09518e-03   0.00000e+00  -7.11951e-02
  23  alpha_phi   -1.07773e-03   4.46701e-03   0.00000e+00   1.46987e-01
  24  beta_phi     1.07606e-02   4.11682e-03   0.00000e+00   1.74631e-01
  25  alpha_xy     1.53520e-03   1.03272e-03   0.00000e+00  -5.23006e-01
  26  w_xy         1.20754e+01   constant   
  27  beta_xy      9.96247e-04   1.01786e-03   0.00000e+00   4.32546e-01
 MIGRAD MINIMIZATION HAS CONVERGED.
 MIGRAD WILL VERIFY CONVERGENCE AND ERROR MATRIX.
  MNHESS FAILS AND WILL RETURN DIAGONAL MATRIX. 
 FCN=60.5535 FROM MIGRAD    STATUS=CONVERGED     558 CALLS        4016 TOTAL
                     EDM=2.10584e-06    STRATEGY= 1  ERROR MATRIX UNCERTAINTY 100.0 per cent
  EXT PARAMETER                APPROXIMATE        STEP         FIRST   
  NO.   NAME      VALUE            ERROR          SIZE      DERIVATIVE 
   1  N0           3.16281e+06     fixed    
   2  tau          6.43936e+01   constant   
   3  A0           3.42627e-01     fixed    
   4  phi          4.11264e+00     fixed    
   5  R           -6.16402e+01   constant   
   6  alpha_CBO    7.05953e-04     fixed    
   7  w_CBO        2.32643e+00   constant   
   8  beta_CBO    -3.86071e-04     fixed    
   9  alpha_2CBO  -2.10408e-03     fixed    
  10  beta_2CBO    1.34229e-03   1.01711e-03   3.89640e-06   3.64636e-01
  11  alpha_y     -2.06880e-04   1.01844e-03   3.90151e-06   1.70627e-02
  12  w_y          1.38965e+01   constant   
  13  beta_y      -1.20090e-03     fixed    
  14  alpha_vw     0.00000e+00     fixed    
  15  w_vw         1.43195e+01   constant   
  16  beta_vw      0.00000e+00     fixed    
  17  LM          -3.85751e-04   constant   
  18  zeta_y       0.00000e+00   constant   
  19  zeta_vw      0.00000e+00   constant   
  20  T_CBO        1.00000e+02   5.65620e+00  -0.00000e+00   0.00000e+00
  21  alpha_A0    -1.41589e-03   4.03512e-03   8.31189e-06   2.38195e-01
  22  beta_A0     -4.48070e-03   4.09518e-03   8.78333e-06  -1.95464e-01
  23  alpha_phi   -1.09211e-03   4.46695e-03  -1.29094e-05  -2.31233e-01
  24  beta_phi     1.07643e-02   4.11681e-03   5.15228e-06   2.36537e-02
  25  alpha_xy     1.54881e-03   1.03272e-03   1.33305e-05  -2.79290e-01
  26  w_xy         1.20754e+01   constant   
  27  beta_xy      9.91185e-04   1.01786e-03  -4.83831e-06   6.99872e-01
 EXTERNAL ERROR MATRIX.    NDIM=  28    NPAR=  9    ERR DEF=1
  1.035e-06  0.000e+00  0.000e+00  0.000e+00  0.000e+00  0.000e+00  0.000e+00  0.000e+00  0.000e+00 
  0.000e+00  1.037e-06  0.000e+00  0.000e+00  0.000e+00  0.000e+00  0.000e+00  0.000e+00  0.000e+00 
  0.000e+00  0.000e+00  3.200e+01  0.000e+00  0.000e+00  0.000e+00  0.000e+00  0.000e+00  0.000e+00 
  0.000e+00  0.000e+00  0.000e+00  1.628e-05  0.000e+00  0.000e+00  0.000e+00  0.000e+00  0.000e+00 
  0.000e+00  0.000e+00  0.000e+00  0.000e+00  1.677e-05  0.000e+00  0.000e+00  0.000e+00  0.000e+00 
  0.000e+00  0.000e+00  0.000e+00  0.000e+00  0.000e+00  1.995e-05  0.000e+00  0.000e+00  0.000e+00 
  0.000e+00  0.000e+00  0.000e+00  0.000e+00  0.000e+00  0.000e+00  1.695e-05  0.000e+00  0.000e+00 
  0.000e+00  0.000e+00  0.000e+00  0.000e+00  0.000e+00  0.000e+00  0.000e+00  1.067e-06  0.000e+00 
  0.000e+00  0.000e+00  0.000e+00  0.000e+00  0.000e+00  0.000e+00  0.000e+00  0.000e+00  1.036e-06 
ERR MATRIX APPROXIMATE
 PARAMETER  CORRELATION COEFFICIENTS  
       NO.  GLOBAL     10     11     20     21     22     23     24     25     27
       10  0.00000   1.000  0.000  0.000  0.000  0.000  0.000  0.000  0.000  0.000
       11  0.00000   0.000  1.000  0.000  0.000  0.000  0.000  0.000  0.000  0.000
       20  0.00000   0.000  0.000  1.000  0.000  0.000  0.000  0.000  0.000  0.000
       21  0.00000   0.000  0.000  0.000  1.000  0.000  0.000  0.000  0.000  0.000
       22  0.00000   0.000  0.000  0.000  0.000  1.000  0.000  0.000  0.000  0.000
       23  0.00000   0.000  0.000  0.000  0.000  0.000  1.000  0.000  0.000  0.000
       24  0.00000   0.000  0.000  0.000  0.000  0.000  0.000  1.000  0.000  0.000
       25  0.00000   0.000  0.000  0.000  0.000  0.000  0.000  0.000  1.000  0.000
       27  0.00000   0.000  0.000  0.000  0.000  0.000  0.000  0.000  0.000  1.000
 ERR MATRIX APPROXIMATE
MINUIT - FIT ONLY 2-y
 **********
 **   67 **RES 
 **********
                   PARAMETER   16  beta_vw RESTORED TO VARIABLE.
                   PARAMETER   14  alpha_vw RESTORED TO VARIABLE.
                   PARAMETER   13  beta_y RESTORED TO VARIABLE.
                   PARAMETER    9  alpha_2CBO RESTORED TO VARIABLE.
                   PARAMETER    8  beta_CBO RESTORED TO VARIABLE.
                   PARAMETER    6  alpha_CBO RESTORED TO VARIABLE.
                   PARAMETER    4  phi RESTORED TO VARIABLE.
                   PARAMETER    3  A0 RESTORED TO VARIABLE.
                   PARAMETER    1  N0 RESTORED TO VARIABLE.
 **********
 **   68 **FIX            0
 **********
 PARAMETER    0  IS UNDEFINED. IGNORED.
 **********
 **   69 **FIX            1
 **********
 **********
 **   70 **FIX            2
 **********
 PARAMETER    2  IS CONSTANT.   IGNORED.
 **********
 **   71 **FIX            3
 **********
 **********
 **   72 **FIX            4
 **********
 **********
 **   73 **FIX            5
 **********
 PARAMETER    5  IS CONSTANT.   IGNORED.
 **********
 **   74 **FIX            6
 **********
 **********
 **   75 **FIX            7
 **********
 PARAMETER    7  IS CONSTANT.   IGNORED.
 **********
 **   76 **FIX            8
 **********
 **********
 **   77 **FIX            9
 **********
 **********
 **   78 **FIX           10
 **********
 **********
 **   79 **FIX           11
 **********
 **********
 **   80 **FIX           12
 **********
 PARAMETER   12  IS CONSTANT.   IGNORED.
 **********
 **   81 **FIX           16
 **********
 **********
 **   82 **MIGRAD
 **********
 START MIGRAD MINIMIZATION.  STRATEGY  1.  CONVERGENCE WHEN EDM .LT. 1.00e-04
 FCN=60.5535 FROM MIGRAD    STATUS=INITIATE      513 CALLS        4529 TOTAL
                     EDM= unknown      STRATEGY= 1      NO ERROR MATRIX       
  EXT PARAMETER               CURRENT GUESS       STEP         FIRST   
  NO.   NAME      VALUE            ERROR          SIZE      DERIVATIVE 
   1  N0           3.16281e+06     fixed    
   2  tau          6.43936e+01   constant   
   3  A0           3.42627e-01     fixed    
   4  phi          4.11264e+00     fixed    
   5  R           -6.16402e+01   constant   
   6  alpha_CBO    7.05953e-04     fixed    
   7  w_CBO        2.32643e+00   constant   
   8  beta_CBO    -3.86071e-04     fixed    
   9  alpha_2CBO  -2.10408e-03     fixed    
  10  beta_2CBO    1.34229e-03     fixed    
  11  alpha_y     -2.06880e-04     fixed    
  12  w_y          1.38965e+01   constant   
  13  beta_y      -1.20090e-03   1.03203e-03   0.00000e+00  -2.93392e+01
  14  alpha_vw     0.00000e+00   1.00000e-03   0.00000e+00   5.39126e+02
  15  w_vw         1.43195e+01   constant   
  16  beta_vw      0.00000e+00     fixed    
  17  LM          -3.85751e-04   constant   
  18  zeta_y       0.00000e+00   constant   
  19  zeta_vw      0.00000e+00   constant   
  20  T_CBO        1.00000e+02   5.65620e+00   0.00000e+00   0.00000e+00
  21  alpha_A0    -1.41589e-03   4.03512e-03   0.00000e+00   2.38195e-01
  22  beta_A0     -4.48070e-03   4.09518e-03   0.00000e+00  -1.95464e-01
  23  alpha_phi   -1.09211e-03   4.46695e-03   0.00000e+00  -2.31234e-01
  24  beta_phi     1.07643e-02   4.11681e-03   0.00000e+00   2.36545e-02
  25  alpha_xy     1.54881e-03   1.03272e-03   0.00000e+00  -2.79290e-01
  26  w_xy         1.20754e+01   constant   
  27  beta_xy      9.91185e-04   1.01786e-03   0.00000e+00   6.99872e-01
 MIGRAD MINIMIZATION HAS CONVERGED.
 MIGRAD WILL VERIFY CONVERGENCE AND ERROR MATRIX.
  MNHESS FAILS AND WILL RETURN DIAGONAL MATRIX. 
 FCN=60.4699 FROM MIGRAD    STATUS=CONVERGED     578 CALLS        4594 TOTAL
                     EDM=6.09351e-08    STRATEGY= 1  ERROR MATRIX UNCERTAINTY 100.0 per cent
  EXT PARAMETER                APPROXIMATE        STEP         FIRST   
  NO.   NAME      VALUE            ERROR          SIZE      DERIVATIVE 
   1  N0           3.16281e+06     fixed    
   2  tau          6.43936e+01   constant   
   3  A0           3.42627e-01     fixed    
   4  phi          4.11264e+00     fixed    
   5  R           -6.16402e+01   constant   
   6  alpha_CBO    7.05953e-04     fixed    
   7  w_CBO        2.32643e+00   constant   
   8  beta_CBO    -3.86071e-04     fixed    
   9  alpha_2CBO  -2.10408e-03     fixed    
  10  beta_2CBO    1.34229e-03     fixed    
  11  alpha_y     -2.06880e-04     fixed    
  12  w_y          1.38965e+01   constant   
  13  beta_y      -1.11328e-03   1.03201e-03   3.95081e-06  -1.11461e-01
  14  alpha_vw    -3.05312e-04   1.02281e-03   3.91558e-06  -8.47109e-02
  15  w_vw         1.43195e+01   constant   
  16  beta_vw      0.00000e+00     fixed    
  17  LM          -3.85751e-04   constant   
  18  zeta_y       0.00000e+00   constant   
  19  zeta_vw      0.00000e+00   constant   
  20  T_CBO        1.00000e+02   7.99813e+00  -0.00000e+00   0.00000e+00
  21  alpha_A0    -1.43487e-03   4.03510e-03  -3.55907e-06  -2.45138e-02
  22  beta_A0     -4.48881e-03   4.09517e-03  -2.97172e-06   2.22171e-02
  23  alpha_phi   -1.09897e-03   4.46695e-03  -1.74757e-06   9.26225e-03
  24  beta_phi     1.07922e-02   4.11680e-03   6.13774e-06  -4.72821e-02
  25  alpha_xy     1.51752e-03   1.03272e-03  -3.78018e-06  -2.38616e-01
  26  w_xy         1.20754e+01   constant   
  27  beta_xy      1.00121e-03   1.01786e-03  -3.18900e-06   2.72917e-02
 EXTERNAL ERROR MATRIX.    NDIM=  28    NPAR=  9    ERR DEF=1
  1.065e-06  0.000e+00  0.000e+00  0.000e+00  0.000e+00  0.000e+00  0.000e+00  0.000e+00  0.000e+00 
  0.000e+00  1.046e-06  0.000e+00  0.000e+00  0.000e+00  0.000e+00  0.000e+00  0.000e+00  0.000e+00 
  0.000e+00  0.000e+00  6.399e+01  0.000e+00  0.000e+00  0.000e+00  0.000e+00  0.000e+00  0.000e+00 
  0.000e+00  0.000e+00  0.000e+00  1.628e-05  0.000e+00  0.000e+00  0.000e+00  0.000e+00  0.000e+00 
  0.000e+00  0.000e+00  0.000e+00  0.000e+00  1.677e-05  0.000e+00  0.000e+00  0.000e+00  0.000e+00 
  0.000e+00  0.000e+00  0.000e+00  0.000e+00  0.000e+00  1.995e-05  0.000e+00  0.000e+00  0.000e+00 
  0.000e+00  0.000e+00  0.000e+00  0.000e+00  0.000e+00  0.000e+00  1.695e-05  0.000e+00  0.000e+00 
  0.000e+00  0.000e+00  0.000e+00  0.000e+00  0.000e+00  0.000e+00  0.000e+00  1.067e-06  0.000e+00 
  0.000e+00  0.000e+00  0.000e+00  0.000e+00  0.000e+00  0.000e+00  0.000e+00  0.000e+00  1.036e-06 
ERR MATRIX APPROXIMATE
 PARAMETER  CORRELATION COEFFICIENTS  
       NO.  GLOBAL     13     14     20     21     22     23     24     25     27
       13  0.00000   1.000  0.000  0.000  0.000  0.000  0.000  0.000  0.000  0.000
       14  0.00000   0.000  1.000  0.000  0.000  0.000  0.000  0.000  0.000  0.000
       20  0.00000   0.000  0.000  1.000  0.000  0.000  0.000  0.000  0.000  0.000
       21  0.00000   0.000  0.000  0.000  1.000  0.000  0.000  0.000  0.000  0.000
       22  0.00000   0.000  0.000  0.000  0.000  1.000  0.000  0.000  0.000  0.000
       23  0.00000   0.000  0.000  0.000  0.000  0.000  1.000  0.000  0.000  0.000
       24  0.00000   0.000  0.000  0.000  0.000  0.000  0.000  1.000  0.000  0.000
       25  0.00000   0.000  0.000  0.000  0.000  0.000  0.000  0.000  1.000  0.000
       27  0.00000   0.000  0.000  0.000  0.000  0.000  0.000  0.000  0.000  1.000
 ERR MATRIX APPROXIMATE
MINUIT - FIT ALTOGETHER
 **********
 **   83 **RES 
 **********
                   PARAMETER   16  beta_vw RESTORED TO VARIABLE.
                   PARAMETER   11  alpha_y RESTORED TO VARIABLE.
                   PARAMETER   10  beta_2CBO RESTORED TO VARIABLE.
                   PARAMETER    9  alpha_2CBO RESTORED TO VARIABLE.
                   PARAMETER    8  beta_CBO RESTORED TO VARIABLE.
                   PARAMETER    6  alpha_CBO RESTORED TO VARIABLE.
                   PARAMETER    4  phi RESTORED TO VARIABLE.
                   PARAMETER    3  A0 RESTORED TO VARIABLE.
                   PARAMETER    1  N0 RESTORED TO VARIABLE.
 **********
 **   84 **MIGRAD
 **********
 START MIGRAD MINIMIZATION.  STRATEGY  1.  CONVERGENCE WHEN EDM .LT. 1.00e-04
 FCN=60.4699 FROM MIGRAD    STATUS=INITIATE     1683 CALLS        6277 TOTAL
                     EDM= unknown      STRATEGY= 1      NO ERROR MATRIX       
  EXT PARAMETER               CURRENT GUESS       STEP         FIRST   
  NO.   NAME      VALUE            ERROR          SIZE      DERIVATIVE 
   1  N0           3.16281e+06   2.29278e+03   0.00000e+00   4.19859e-06
   2  tau          6.43936e+01   constant   
   3  A0           3.42627e-01   9.84468e-04   0.00000e+00  -1.66228e+00
   4  phi          4.11264e+00   3.02727e-03   0.00000e+00   3.69024e+00
   5  R           -6.16402e+01   constant   
   6  alpha_CBO    7.05953e-04   1.04592e-03   0.00000e+00   1.38937e+01
   7  w_CBO        2.32643e+00   constant   
   8  beta_CBO    -3.86071e-04   1.00571e-03   0.00000e+00  -7.63162e+00
   9  alpha_2CBO  -2.10408e-03   1.03354e-03   0.00000e+00   4.96055e+00
  10  beta_2CBO    1.34229e-03   1.01711e-03   0.00000e+00  -3.66592e+00
  11  alpha_y     -2.06880e-04   1.01844e-03   0.00000e+00  -1.61895e+02
  12  w_y          1.38965e+01   constant   
  13  beta_y      -1.11328e-03   1.03201e-03   0.00000e+00  -1.11461e-01
  14  alpha_vw    -3.05312e-04   1.02281e-03   0.00000e+00  -8.47109e-02
  15  w_vw         1.43195e+01   constant   
  16  beta_vw      0.00000e+00   1.00000e-03   0.00000e+00   9.27452e+02
  17  LM          -3.85751e-04   constant   
  18  zeta_y       0.00000e+00   constant   
  19  zeta_vw      0.00000e+00   constant   
  20  T_CBO        1.00000e+02   7.99813e+00   0.00000e+00   0.00000e+00
  21  alpha_A0    -1.43487e-03   4.03510e-03   0.00000e+00  -2.45138e-02
  22  beta_A0     -4.48881e-03   4.09517e-03   0.00000e+00   2.22171e-02
  23  alpha_phi   -1.09897e-03   4.46695e-03   0.00000e+00   9.26355e-03
  24  beta_phi     1.07922e-02   4.11680e-03   0.00000e+00  -4.72810e-02
  25  alpha_xy     1.51752e-03   1.03272e-03   0.00000e+00  -2.38616e-01
  26  w_xy         1.20754e+01   constant   
  27  beta_xy      1.00121e-03   1.01786e-03   0.00000e+00   2.72917e-02
 MIGRAD MINIMIZATION HAS CONVERGED.
 MIGRAD WILL VERIFY CONVERGENCE AND ERROR MATRIX.
  MNHESS FAILS AND WILL RETURN DIAGONAL MATRIX. 
 FCN=60.2167 FROM MIGRAD    STATUS=CONVERGED    1860 CALLS        6454 TOTAL
                     EDM=1.45902e-06    STRATEGY= 1  ERROR MATRIX UNCERTAINTY 100.0 per cent
  EXT PARAMETER                APPROXIMATE        STEP         FIRST   
  NO.   NAME      VALUE            ERROR          SIZE      DERIVATIVE 
   1  N0           3.16277e+06   2.29275e+03   8.14439e+00   7.75358e-08
   2  tau          6.43936e+01   constant   
   3  A0           3.42621e-01   9.84479e-04   3.76107e-06  -1.47653e-01
   4  phi          4.11260e+00   3.02728e-03   1.15653e-05  -3.81511e-02
   5  R           -6.16402e+01   constant   
   6  alpha_CBO    6.78294e-04   1.04591e-03   3.99577e-06   3.64109e-03
   7  w_CBO        2.32643e+00   constant   
   8  beta_CBO    -3.83877e-04   1.00572e-03   3.84223e-06   2.96099e-01
   9  alpha_2CBO  -2.12291e-03   1.03356e-03   3.94858e-06  -5.14806e-01
  10  beta_2CBO    1.34336e-03   1.01709e-03   3.88567e-06   2.46478e-01
  11  alpha_y     -2.20782e-04   1.01845e-03   3.89087e-06   4.06771e-01
  12  w_y          1.38965e+01   constant   
  13  beta_y      -9.43396e-04   1.03202e-03   3.94271e-06   3.47993e-01
  14  alpha_vw    -3.41439e-04   1.02282e-03   3.90755e-06   1.42334e+00
  15  w_vw         1.43195e+01   constant   
  16  beta_vw     -5.47552e-04   1.02754e-03   3.92558e-06   7.45139e-02
  17  LM          -3.85751e-04   constant   
  18  zeta_y       0.00000e+00   constant   
  19  zeta_vw      0.00000e+00   constant   
  20  T_CBO        1.00000e+02   1.13084e+01  -0.00000e+00   0.00000e+00
  21  alpha_A0    -1.46063e-03   4.03524e-03  -2.31072e-06   6.58475e-02
  22  beta_A0     -4.50943e-03   4.09525e-03   2.48878e-06   9.85121e-02
  23  alpha_phi   -1.12928e-03   4.46705e-03   1.80523e-06  -4.23050e-02
  24  beta_phi     1.08306e-02   4.11682e-03   1.26265e-06  -2.36556e-02
  25  alpha_xy     1.47136e-03   1.03274e-03  -1.17074e-06   2.14784e-01
  26  w_xy         1.20754e+01   constant   
  27  beta_xy      9.57206e-04   1.01788e-03   4.61853e-07  -9.72769e-01
 EXTERNAL ERROR MATRIX.    NDIM=  28    NPAR= 18    ERR DEF=1
 ELEMENTS ABOVE DIAGONAL ARE NOT PRINTED.
  5.257e+06 
  0.000e+00  9.692e-07 
  0.000e+00  0.000e+00  9.164e-06 
  0.000e+00  0.000e+00  0.000e+00  1.094e-06 
  0.000e+00  0.000e+00  0.000e+00  0.000e+00  1.011e-06 
  0.000e+00  0.000e+00  0.000e+00  0.000e+00  0.000e+00  1.068e-06 
  0.000e+00  0.000e+00  0.000e+00  0.000e+00  0.000e+00  0.000e+00  1.034e-06 
  0.000e+00  0.000e+00  0.000e+00  0.000e+00  0.000e+00  0.000e+00  0.000e+00  1.037e-06 
  0.000e+00  0.000e+00  0.000e+00  0.000e+00  0.000e+00  0.000e+00  0.000e+00  0.000e+00  1.065e-06 
  0.000e+00  0.000e+00  0.000e+00  0.000e+00  0.000e+00  0.000e+00  0.000e+00  0.000e+00  0.000e+00  1.046e-06 
  0.000e+00  0.000e+00  0.000e+00  0.000e+00  0.000e+00  0.000e+00  0.000e+00  0.000e+00  0.000e+00  0.000e+00  1.056e-06 
  0.000e+00  0.000e+00  0.000e+00  0.000e+00  0.000e+00  0.000e+00  0.000e+00  0.000e+00  0.000e+00  0.000e+00  0.000e+00 
  0.000e+00  0.000e+00  0.000e+00  0.000e+00  0.000e+00  0.000e+00  0.000e+00  0.000e+00  0.000e+00  0.000e+00  0.000e+00  1.279e+02 
  0.000e+00  0.000e+00  0.000e+00  0.000e+00  0.000e+00  0.000e+00  0.000e+00  0.000e+00  0.000e+00  0.000e+00  0.000e+00 
  0.000e+00  0.000e+00  0.000e+00  0.000e+00  0.000e+00  0.000e+00  0.000e+00  0.000e+00  0.000e+00  0.000e+00  0.000e+00  0.000e+00  1.628e-05 
  0.000e+00  0.000e+00  0.000e+00  0.000e+00  0.000e+00  0.000e+00  0.000e+00  0.000e+00  0.000e+00  0.000e+00  0.000e+00 
  0.000e+00  0.000e+00  0.000e+00  0.000e+00  0.000e+00  0.000e+00  0.000e+00  0.000e+00  0.000e+00  0.000e+00  0.000e+00  0.000e+00  0.000e+00  1.677e-05 
  0.000e+00  0.000e+00  0.000e+00  0.000e+00  0.000e+00  0.000e+00  0.000e+00  0.000e+00  0.000e+00  0.000e+00  0.000e+00 
  0.000e+00  0.000e+00  0.000e+00  0.000e+00  0.000e+00  0.000e+00  0.000e+00  0.000e+00  0.000e+00  0.000e+00  0.000e+00  0.000e+00  0.000e+00  0.000e+00  1.995e-05 
  0.000e+00  0.000e+00  0.000e+00  0.000e+00  0.000e+00  0.000e+00  0.000e+00  0.000e+00  0.000e+00  0.000e+00  0.000e+00 
  0.000e+00  0.000e+00  0.000e+00  0.000e+00  0.000e+00  0.000e+00  0.000e+00  0.000e+00  0.000e+00  0.000e+00  0.000e+00  0.000e+00  0.000e+00  0.000e+00  0.000e+00  1.695e-05 
  0.000e+00  0.000e+00  0.000e+00  0.000e+00  0.000e+00  0.000e+00  0.000e+00  0.000e+00  0.000e+00  0.000e+00  0.000e+00 
  0.000e+00  0.000e+00  0.000e+00  0.000e+00  0.000e+00  0.000e+00  0.000e+00  0.000e+00  0.000e+00  0.000e+00  0.000e+00  0.000e+00  0.000e+00  0.000e+00  0.000e+00  0.000e+00  1.067e-06 
  0.000e+00  0.000e+00  0.000e+00  0.000e+00  0.000e+00  0.000e+00  0.000e+00  0.000e+00  0.000e+00  0.000e+00  0.000e+00 
  0.000e+00  0.000e+00  0.000e+00  0.000e+00  0.000e+00  0.000e+00  0.000e+00  0.000e+00  0.000e+00  0.000e+00  0.000e+00  0.000e+00  0.000e+00  0.000e+00  0.000e+00  0.000e+00  0.000e+00  1.036e-06 
ERR MATRIX APPROXIMATE
 PARAMETER  CORRELATION COEFFICIENTS  
       NO.  GLOBAL      1      3      4      6      8      9     10     11     13     14     16     20     21     22     23     24
        1  0.00000   1.000  0.000  0.000  0.000  0.000  0.000  0.000  0.000  0.000  0.000  0.000  0.000  0.000  0.000  0.000  0.000
        3  0.00000   0.000  1.000  0.000  0.000  0.000  0.000  0.000  0.000  0.000  0.000  0.000  0.000  0.000  0.000  0.000  0.000
        4  0.00000   0.000  0.000  1.000  0.000  0.000  0.000  0.000  0.000  0.000  0.000  0.000  0.000  0.000  0.000  0.000  0.000
        6  0.00000   0.000  0.000  0.000  1.000  0.000  0.000  0.000  0.000  0.000  0.000  0.000  0.000  0.000  0.000  0.000  0.000
        8  0.00000   0.000  0.000  0.000  0.000  1.000  0.000  0.000  0.000  0.000  0.000  0.000  0.000  0.000  0.000  0.000  0.000
        9  0.00000   0.000  0.000  0.000  0.000  0.000  1.000  0.000  0.000  0.000  0.000  0.000  0.000  0.000  0.000  0.000  0.000
       10  0.00000   0.000  0.000  0.000  0.000  0.000  0.000  1.000  0.000  0.000  0.000  0.000  0.000  0.000  0.000  0.000  0.000
       11  0.00000   0.000  0.000  0.000  0.000  0.000  0.000  0.000  1.000  0.000  0.000  0.000  0.000  0.000  0.000  0.000  0.000
       13  0.00000   0.000  0.000  0.000  0.000  0.000  0.000  0.000  0.000  1.000  0.000  0.000  0.000  0.000  0.000  0.000  0.000
       14  0.00000   0.000  0.000  0.000  0.000  0.000  0.000  0.000  0.000  0.000  1.000  0.000  0.000  0.000  0.000  0.000  0.000
       16  0.00000   0.000  0.000  0.000  0.000  0.000  0.000  0.000  0.000  0.000  0.000  1.000  0.000  0.000  0.000  0.000  0.000
       20  0.00000   0.000  0.000  0.000  0.000  0.000  0.000  0.000  0.000  0.000  0.000  0.000  1.000  0.000  0.000  0.000  0.000
       21  0.00000   0.000  0.000  0.000  0.000  0.000  0.000  0.000  0.000  0.000  0.000  0.000  0.000  1.000  0.000  0.000  0.000
       22  0.00000   0.000  0.000  0.000  0.000  0.000  0.000  0.000  0.000  0.000  0.000  0.000  0.000  0.000  1.000  0.000  0.000
       23  0.00000   0.000  0.000  0.000  0.000  0.000  0.000  0.000  0.000  0.000  0.000  0.000  0.000  0.000  0.000  1.000  0.000
       24  0.00000   0.000  0.000  0.000  0.000  0.000  0.000  0.000  0.000  0.000  0.000  0.000  0.000  0.000  0.000  0.000  1.000
       25  0.00000   0.000  0.000  0.000  0.000  0.000  0.000  0.000  0.000  0.000  0.000  0.000  0.000  0.000  0.000  0.000  0.000
                     1.000  0.000
       27  0.00000   0.000  0.000  0.000  0.000  0.000  0.000  0.000  0.000  0.000  0.000  0.000  0.000  0.000  0.000  0.000  0.000
                     0.000  1.000
 ERR MATRIX APPROXIMATE
MINUIT - MINOS
 **********
 **   85 **RES 
 **********
 CALL TO MNFREE IGNORED.  THERE ARE NO FIXED PARAMETERS
 **********
 **   86 **MIG      2.5e+04        0.01
 **********
 START MIGRAD MINIMIZATION.  STRATEGY  1.  CONVERGENCE WHEN EDM .LT. 1.00e-05
 FCN=60.2167 FROM MIGRAD    STATUS=INITIATE       36 CALLS        6490 TOTAL
                     EDM=4.23478e-06    STRATEGY= 1  ERROR MATRIX UNCERTAINTY 100.0 per cent
  EXT PARAMETER                APPROXIMATE        STEP         FIRST   
  NO.   NAME      VALUE            ERROR          SIZE      DERIVATIVE 
   1  N0           3.16277e+06   2.29275e+03   8.14439e+00   7.75358e-08
   2  tau          6.43936e+01   constant   
   3  A0           3.42621e-01   9.84479e-04   3.76107e-06  -1.47653e-01
   4  phi          4.11260e+00   3.02728e-03   1.15653e-05  -3.81511e-02
   5  R           -6.16402e+01   constant   
   6  alpha_CBO    6.78294e-04   1.04591e-03   3.99577e-06   3.64110e-03
   7  w_CBO        2.32643e+00   constant   
   8  beta_CBO    -3.83877e-04   1.00572e-03   3.84223e-06   2.96099e-01
   9  alpha_2CBO  -2.12291e-03   1.03356e-03   3.94858e-06  -5.14806e-01
  10  beta_2CBO    1.34336e-03   1.01709e-03   3.88567e-06   2.46478e-01
  11  alpha_y     -2.20782e-04   1.01845e-03   3.89087e-06   4.06771e-01
  12  w_y          1.38965e+01   constant   
  13  beta_y      -9.43396e-04   1.03202e-03   3.94271e-06   3.47993e-01
  14  alpha_vw    -3.41439e-04   1.02282e-03   3.90755e-06   1.42334e+00
  15  w_vw         1.43195e+01   constant   
  16  beta_vw     -5.47552e-04   1.02754e-03   3.92558e-06   7.45140e-02
  17  LM          -3.85751e-04   constant   
  18  zeta_y       0.00000e+00   constant   
  19  zeta_vw      0.00000e+00   constant   
  20  T_CBO        1.00000e+02   1.13084e+01  -0.00000e+00   0.00000e+00
  21  alpha_A0    -1.46063e-03   4.03524e-03  -2.31072e-06   6.58475e-02
  22  beta_A0     -4.50943e-03   4.09525e-03   2.48878e-06   9.85121e-02
  23  alpha_phi   -1.12928e-03   4.46705e-03   1.80523e-06  -4.23059e-02
  24  beta_phi     1.08306e-02   4.11682e-03   1.26265e-06  -2.36541e-02
  25  alpha_xy     1.47136e-03   1.03274e-03  -1.17074e-06   2.14784e-01
  26  w_xy         1.20754e+01   constant   
  27  beta_xy      9.57206e-04   1.01788e-03   4.61853e-07  -9.72769e-01
 MIGRAD MINIMIZATION HAS CONVERGED.
 MIGRAD WILL VERIFY CONVERGENCE AND ERROR MATRIX.
  MNHESS FAILS AND WILL RETURN DIAGONAL MATRIX. 
 FCN=60.2167 FROM MIGRAD    STATUS=CONVERGED      99 CALLS        6553 TOTAL
                     EDM=2.30664e-07    STRATEGY= 1  ERROR MATRIX UNCERTAINTY 100.0 per cent
  EXT PARAMETER                APPROXIMATE        STEP         FIRST   
  NO.   NAME      VALUE            ERROR          SIZE      DERIVATIVE 
   1  N0           3.16277e+06   2.29275e+03   8.14439e+00  -2.03735e-08
   2  tau          6.43936e+01   constant   
   3  A0           3.42622e-01   9.84479e-04   3.76107e-06  -7.40018e-03
   4  phi          4.11260e+00   3.02728e-03   1.15653e-05  -1.67561e-02
   5  R           -6.16402e+01   constant   
   6  alpha_CBO    6.78292e-04   1.04591e-03   3.99577e-06  -4.18769e-02
   7  w_CBO        2.32643e+00   constant   
   8  beta_CBO    -3.84011e-04   1.00572e-03   3.84223e-06  -5.03666e-03
   9  alpha_2CBO  -2.12266e-03   1.03356e-03   3.94858e-06   3.01867e-02
  10  beta_2CBO    1.34324e-03   1.01709e-03   3.88567e-06   2.04104e-02
  11  alpha_y     -2.20971e-04   1.01845e-03   3.89087e-06  -3.24548e-01
  12  w_y          1.38965e+01   constant   
  13  beta_y      -9.43561e-04   1.03202e-03   3.94271e-06  -2.37881e-01
  14  alpha_vw    -3.42106e-04   1.02282e-03   3.90755e-06   3.74521e-02
  15  w_vw         1.43195e+01   constant   
  16  beta_vw     -5.47588e-04   1.02754e-03   3.92558e-06  -5.40405e-02
  17  LM          -3.85751e-04   constant   
  18  zeta_y       0.00000e+00   constant   
  19  zeta_vw      0.00000e+00   constant   
  20  T_CBO        1.00000e+02   1.59849e+01  -0.00000e+00   0.00000e+00
  21  alpha_A0    -1.46111e-03   4.03524e-03  -4.79669e-07  -1.08650e-03
  22  beta_A0     -4.51016e-03   4.09525e-03  -7.39119e-07  -1.12203e-02
  23  alpha_phi   -1.12890e-03   4.46704e-03   3.77664e-07  -7.46348e-03
  24  beta_phi     1.08308e-02   4.11682e-03   1.79347e-07   5.78647e-03
  25  alpha_xy     1.47126e-03   1.03274e-03  -1.02481e-07   1.04668e-01
  26  w_xy         1.20754e+01   constant   
  27  beta_xy      9.57657e-04   1.01788e-03   4.50883e-07  -1.78300e-01
 EXTERNAL ERROR MATRIX.    NDIM=  28    NPAR= 18    ERR DEF=1
 ELEMENTS ABOVE DIAGONAL ARE NOT PRINTED.
  5.257e+06 
  0.000e+00  9.692e-07 
  0.000e+00  0.000e+00  9.164e-06 
  0.000e+00  0.000e+00  0.000e+00  1.094e-06 
  0.000e+00  0.000e+00  0.000e+00  0.000e+00  1.011e-06 
  0.000e+00  0.000e+00  0.000e+00  0.000e+00  0.000e+00  1.068e-06 
  0.000e+00  0.000e+00  0.000e+00  0.000e+00  0.000e+00  0.000e+00  1.034e-06 
  0.000e+00  0.000e+00  0.000e+00  0.000e+00  0.000e+00  0.000e+00  0.000e+00  1.037e-06 
  0.000e+00  0.000e+00  0.000e+00  0.000e+00  0.000e+00  0.000e+00  0.000e+00  0.000e+00  1.065e-06 
  0.000e+00  0.000e+00  0.000e+00  0.000e+00  0.000e+00  0.000e+00  0.000e+00  0.000e+00  0.000e+00  1.046e-06 
  0.000e+00  0.000e+00  0.000e+00  0.000e+00  0.000e+00  0.000e+00  0.000e+00  0.000e+00  0.000e+00  0.000e+00  1.056e-06 
  0.000e+00  0.000e+00  0.000e+00  0.000e+00  0.000e+00  0.000e+00  0.000e+00  0.000e+00  0.000e+00  0.000e+00  0.000e+00 
  0.000e+00  0.000e+00  0.000e+00  0.000e+00  0.000e+00  0.000e+00  0.000e+00  0.000e+00  0.000e+00  0.000e+00  0.000e+00  2.558e+02 
  0.000e+00  0.000e+00  0.000e+00  0.000e+00  0.000e+00  0.000e+00  0.000e+00  0.000e+00  0.000e+00  0.000e+00  0.000e+00 
  0.000e+00  0.000e+00  0.000e+00  0.000e+00  0.000e+00  0.000e+00  0.000e+00  0.000e+00  0.000e+00  0.000e+00  0.000e+00  0.000e+00  1.628e-05 
  0.000e+00  0.000e+00  0.000e+00  0.000e+00  0.000e+00  0.000e+00  0.000e+00  0.000e+00  0.000e+00  0.000e+00  0.000e+00 
  0.000e+00  0.000e+00  0.000e+00  0.000e+00  0.000e+00  0.000e+00  0.000e+00  0.000e+00  0.000e+00  0.000e+00  0.000e+00  0.000e+00  0.000e+00  1.677e-05 
  0.000e+00  0.000e+00  0.000e+00  0.000e+00  0.000e+00  0.000e+00  0.000e+00  0.000e+00  0.000e+00  0.000e+00  0.000e+00 
  0.000e+00  0.000e+00  0.000e+00  0.000e+00  0.000e+00  0.000e+00  0.000e+00  0.000e+00  0.000e+00  0.000e+00  0.000e+00  0.000e+00  0.000e+00  0.000e+00  1.995e-05 
  0.000e+00  0.000e+00  0.000e+00  0.000e+00  0.000e+00  0.000e+00  0.000e+00  0.000e+00  0.000e+00  0.000e+00  0.000e+00 
  0.000e+00  0.000e+00  0.000e+00  0.000e+00  0.000e+00  0.000e+00  0.000e+00  0.000e+00  0.000e+00  0.000e+00  0.000e+00  0.000e+00  0.000e+00  0.000e+00  0.000e+00  1.695e-05 
  0.000e+00  0.000e+00  0.000e+00  0.000e+00  0.000e+00  0.000e+00  0.000e+00  0.000e+00  0.000e+00  0.000e+00  0.000e+00 
  0.000e+00  0.000e+00  0.000e+00  0.000e+00  0.000e+00  0.000e+00  0.000e+00  0.000e+00  0.000e+00  0.000e+00  0.000e+00  0.000e+00  0.000e+00  0.000e+00  0.000e+00  0.000e+00  1.067e-06 
  0.000e+00  0.000e+00  0.000e+00  0.000e+00  0.000e+00  0.000e+00  0.000e+00  0.000e+00  0.000e+00  0.000e+00  0.000e+00 
  0.000e+00  0.000e+00  0.000e+00  0.000e+00  0.000e+00  0.000e+00  0.000e+00  0.000e+00  0.000e+00  0.000e+00  0.000e+00  0.000e+00  0.000e+00  0.000e+00  0.000e+00  0.000e+00  0.000e+00  1.036e-06 
ERR MATRIX APPROXIMATE
 PARAMETER  CORRELATION COEFFICIENTS  
       NO.  GLOBAL      1      3      4      6      8      9     10     11     13     14     16     20     21     22     23     24
        1  0.00000   1.000  0.000  0.000  0.000  0.000  0.000  0.000  0.000  0.000  0.000  0.000  0.000  0.000  0.000  0.000  0.000
        3  0.00000   0.000  1.000  0.000  0.000  0.000  0.000  0.000  0.000  0.000  0.000  0.000  0.000  0.000  0.000  0.000  0.000
        4  0.00000   0.000  0.000  1.000  0.000  0.000  0.000  0.000  0.000  0.000  0.000  0.000  0.000  0.000  0.000  0.000  0.000
        6  0.00000   0.000  0.000  0.000  1.000  0.000  0.000  0.000  0.000  0.000  0.000  0.000  0.000  0.000  0.000  0.000  0.000
        8  0.00000   0.000  0.000  0.000  0.000  1.000  0.000  0.000  0.000  0.000  0.000  0.000  0.000  0.000  0.000  0.000  0.000
        9  0.00000   0.000  0.000  0.000  0.000  0.000  1.000  0.000  0.000  0.000  0.000  0.000  0.000  0.000  0.000  0.000  0.000
       10  0.00000   0.000  0.000  0.000  0.000  0.000  0.000  1.000  0.000  0.000  0.000  0.000  0.000  0.000  0.000  0.000  0.000
       11  0.00000   0.000  0.000  0.000  0.000  0.000  0.000  0.000  1.000  0.000  0.000  0.000  0.000  0.000  0.000  0.000  0.000
       13  0.00000   0.000  0.000  0.000  0.000  0.000  0.000  0.000  0.000  1.000  0.000  0.000  0.000  0.000  0.000  0.000  0.000
       14  0.00000   0.000  0.000  0.000  0.000  0.000  0.000  0.000  0.000  0.000  1.000  0.000  0.000  0.000  0.000  0.000  0.000
       16  0.00000   0.000  0.000  0.000  0.000  0.000  0.000  0.000  0.000  0.000  0.000  1.000  0.000  0.000  0.000  0.000  0.000
       20  0.00000   0.000  0.000  0.000  0.000  0.000  0.000  0.000  0.000  0.000  0.000  0.000  1.000  0.000  0.000  0.000  0.000
       21  0.00000   0.000  0.000  0.000  0.000  0.000  0.000  0.000  0.000  0.000  0.000  0.000  0.000  1.000  0.000  0.000  0.000
       22  0.00000   0.000  0.000  0.000  0.000  0.000  0.000  0.000  0.000  0.000  0.000  0.000  0.000  0.000  1.000  0.000  0.000
       23  0.00000   0.000  0.000  0.000  0.000  0.000  0.000  0.000  0.000  0.000  0.000  0.000  0.000  0.000  0.000  1.000  0.000
       24  0.00000   0.000  0.000  0.000  0.000  0.000  0.000  0.000  0.000  0.000  0.000  0.000  0.000  0.000  0.000  0.000  1.000
       25  0.00000   0.000  0.000  0.000  0.000  0.000  0.000  0.000  0.000  0.000  0.000  0.000  0.000  0.000  0.000  0.000  0.000
                     1.000  0.000
       27  0.00000   0.000  0.000  0.000  0.000  0.000  0.000  0.000  0.000  0.000  0.000  0.000  0.000  0.000  0.000  0.000  0.000
                     0.000  1.000
 ERR MATRIX APPROXIMATE
 **********
 **   87 **MINO      2.5e+04
 **********
  MNHESS FAILS AND WILL RETURN DIAGONAL MATRIX. 
    THE POSITIVE MINOS ERROR OF PARAMETER  20, T_CBO EXCEEDS ITS LIMIT.
    THE NEGATIVE MINOS ERROR OF PARAMETER  20, T_CBO EXCEEDS ITS LIMIT.
 FCN=60.2167 FROM MINOS     STATUS=PROBLEMS     7609 CALLS       14187 TOTAL
                     EDM=2.30664e-07    STRATEGY= 1  ERROR MATRIX UNCERTAINTY 100.0 per cent
  EXT PARAMETER                  PARABOLIC         MINOS ERRORS        
  NO.   NAME      VALUE            ERROR      NEGATIVE      POSITIVE   
   1  N0           3.16277e+06   2.29275e+03  -2.46686e+03   2.46694e+03
   2  tau          6.43936e+01   constant   
   3  A0           3.42622e-01   9.84479e-04  -1.04124e-03   1.04163e-03
   4  phi          4.11260e+00   3.02728e-03  -3.18987e-03   3.19186e-03
   5  R           -6.16402e+01   constant   
   6  alpha_CBO    6.78292e-04   1.04591e-03  -1.08177e-03   1.08169e-03
   7  w_CBO        2.32643e+00   constant   
   8  beta_CBO    -3.84011e-04   1.00572e-03  -1.05549e-03   1.05560e-03
   9  alpha_2CBO  -2.12266e-03   1.03356e-03  -1.06884e-03   1.06871e-03
  10  beta_2CBO    1.34324e-03   1.01709e-03  -1.04596e-03   1.04599e-03
  11  alpha_y     -2.20971e-04   1.01845e-03  -1.08820e-03   1.08866e-03
  12  w_y          1.38965e+01   constant   
  13  beta_y      -9.43561e-04   1.03202e-03  -1.11743e-03   1.11776e-03
  14  alpha_vw    -3.42106e-04   1.02282e-03  -1.10573e-03   1.10543e-03
  15  w_vw         1.43195e+01   constant   
  16  beta_vw     -5.47588e-04   1.02754e-03  -1.10499e-03   1.10503e-03
  17  LM          -3.85751e-04   constant   
  18  zeta_y       0.00000e+00   constant   
  19  zeta_vw      0.00000e+00   constant   
  20  T_CBO        1.00000e+02   9.54289e+01   at limit      at limit   
  21  alpha_A0    -1.46111e-03   4.03524e-03  -4.19420e-03   4.19405e-03
  22  beta_A0     -4.51016e-03   4.09525e-03  -4.30576e-03   4.30351e-03
  23  alpha_phi   -1.12890e-03   4.46704e-03  -4.69500e-03   4.69995e-03
  24  beta_phi     1.08308e-02   4.11682e-03  -4.31387e-03   4.31393e-03
  25  alpha_xy     1.47126e-03   1.03274e-03  -1.04829e-03   1.04808e-03
  26  w_xy         1.20754e+01   constant   
  27  beta_xy      9.57657e-04   1.01788e-03  -1.02611e-03   1.02632e-03
 **********
 **   88 **SHO COR 
 **********
 PARAMETER  CORRELATION COEFFICIENTS  
       NO.  GLOBAL      1      3      4      6      8      9     10     11     13     14     16     20     21     22     23     24
        1  0.00000   1.000  0.000  0.000  0.000  0.000  0.000  0.000  0.000  0.000  0.000  0.000  0.000  0.000  0.000  0.000  0.000
        3  0.00000   0.000  1.000  0.000  0.000  0.000  0.000  0.000  0.000  0.000  0.000  0.000  0.000  0.000  0.000  0.000  0.000
        4  0.00000   0.000  0.000  1.000  0.000  0.000  0.000  0.000  0.000  0.000  0.000  0.000  0.000  0.000  0.000  0.000  0.000
        6  0.00000   0.000  0.000  0.000  1.000  0.000  0.000  0.000  0.000  0.000  0.000  0.000  0.000  0.000  0.000  0.000  0.000
        8  0.00000   0.000  0.000  0.000  0.000  1.000  0.000  0.000  0.000  0.000  0.000  0.000  0.000  0.000  0.000  0.000  0.000
        9  0.00000   0.000  0.000  0.000  0.000  0.000  1.000  0.000  0.000  0.000  0.000  0.000  0.000  0.000  0.000  0.000  0.000
       10  0.00000   0.000  0.000  0.000  0.000  0.000  0.000  1.000  0.000  0.000  0.000  0.000  0.000  0.000  0.000  0.000  0.000
       11  0.00000   0.000  0.000  0.000  0.000  0.000  0.000  0.000  1.000  0.000  0.000  0.000  0.000  0.000  0.000  0.000  0.000
       13  0.00000   0.000  0.000  0.000  0.000  0.000  0.000  0.000  0.000  1.000  0.000  0.000  0.000  0.000  0.000  0.000  0.000
       14  0.00000   0.000  0.000  0.000  0.000  0.000  0.000  0.000  0.000  0.000  1.000  0.000  0.000  0.000  0.000  0.000  0.000
       16  0.00000   0.000  0.000  0.000  0.000  0.000  0.000  0.000  0.000  0.000  0.000  1.000  0.000  0.000  0.000  0.000  0.000
       20  0.00000   0.000  0.000  0.000  0.000  0.000  0.000  0.000  0.000  0.000  0.000  0.000  1.000  0.000  0.000  0.000  0.000
       21  0.00000   0.000  0.000  0.000  0.000  0.000  0.000  0.000  0.000  0.000  0.000  0.000  0.000  1.000  0.000  0.000  0.000
       22  0.00000   0.000  0.000  0.000  0.000  0.000  0.000  0.000  0.000  0.000  0.000  0.000  0.000  0.000  1.000  0.000  0.000
       23  0.00000   0.000  0.000  0.000  0.000  0.000  0.000  0.000  0.000  0.000  0.000  0.000  0.000  0.000  0.000  1.000  0.000
       24  0.00000   0.000  0.000  0.000  0.000  0.000  0.000  0.000  0.000  0.000  0.000  0.000  0.000  0.000  0.000  0.000  1.000
       25  0.00000   0.000  0.000  0.000  0.000  0.000  0.000  0.000  0.000  0.000  0.000  0.000  0.000  0.000  0.000  0.000  0.000
                     1.000  0.000
       27  0.00000   0.000  0.000  0.000  0.000  0.000  0.000  0.000  0.000  0.000  0.000  0.000  0.000  0.000  0.000  0.000  0.000
                     0.000  1.000
 ERR MATRIX APPROXIMATE
 ELEMENTS ABOVE DIAGONAL ARE NOT PRINTED.
