 + ++++++++++++++++++++++++++++++++++++++++++++++++++++++++++++++++++++ +
 +                                                                      +
 +           You have chose to blind your fitting according to          +
 +                omega_ref * (1 + (R +/- deltaR) *10^{-6})             +
 +                                                                      +
 + ++++++++++++++++++++++++++++++++++++++++++++++++++++++++++++++++++++ +
In main()...
reading format from /gm2data/zkhechad/run45/envelope/formats/formatB_sBin_constraintOn.txt
pBinTau 	= 0  
pBinPhi 	= 0  
constraintau 	= 1 
includeMopTerm 	= 0    
constrainMop    = 0   
Parameters after format file: pBinTau 0 pBinPhi 0 constraintau 1 includeMopTerm 0 constrainMop 0 c_e_scale 0.000000 
Opening file /gm2data/tbarrett/gm2fr/studies/run23_bunch_corrections/CorrectedFourier_Run3b.root.
reading full fit data from /gm2data/zkhechad/cboTemplates/Run4CBOTemplates/templateFits/noRF/sBin_constraintOn_cE0.0_seed0_noRF_calo10.root
windowBins = 70
fitting sliding window 2100 from bin 2303 at 343.607600 to bin 2373 at 354.051600 (70 bins)

Reading data from /gm2data/cornell/histograms/aMethod/histogram_a_noRF.root
 **********
 **    1 **SET PRINTOUT            1
 **********
 **********
 **    2 **SET NOWARNINGS 
 **********
 PARAMETER DEFINITIONS:
    NO.   NAME         VALUE      STEP SIZE      LIMITS
     1 N0           3.07298e+06  1.00000e+02     no limits
     2 tau          6.43971e+01  constant
     3 A0           3.48555e-01  1.00000e-04     no limits
     4 phi          4.11543e+00  1.00000e-02     no limits
     5 R           -6.13162e+01  constant
     6 alpha_CBO    0.00000e+00  1.00000e-03     no limits
     7 w_CBO        2.32618e+00  constant
     8 beta_CBO     0.00000e+00  1.00000e-03     no limits
     9 alpha_2CBO   0.00000e+00  1.00000e-03     no limits
    10 beta_2CBO    0.00000e+00  1.00000e-03     no limits
    11 alpha_y      0.00000e+00  1.00000e-03     no limits
    12 w_y          1.44500e+01  constant
    13 beta_y       0.00000e+00  1.00000e-03     no limits
    14 alpha_vw     0.00000e+00  1.00000e-03     no limits
    15 w_vw         1.29000e+01  constant
    16 beta_vw      0.00000e+00  1.00000e-03     no limits
    17 LM          -2.25836e-04  constant
    18 zeta_y       0.00000e+00  constant
    19 zeta_vw      0.00000e+00  constant
MINUIT - FIT ONLY WIGGLE
 **********
 **    3 **FIX            5
 **********
 PARAMETER    5  IS CONSTANT.   IGNORED.
 **********
 **    4 **FIX            6
 **********
 **********
 **    5 **FIX            7
 **********
 PARAMETER    7  IS CONSTANT.   IGNORED.
 **********
 **    6 **FIX            8
 **********
 **********
 **    7 **FIX            9
 **********
 **********
 **    8 **FIX           10
 **********
 **********
 **    9 **FIX           11
 **********
 **********
 **   10 **FIX           12
 **********
 PARAMETER   12  IS CONSTANT.   IGNORED.
 **********
 **   11 **FIX           13
 **********
 **********
 **   12 **FIX           14
 **********
 **********
 **   13 **FIX           15
 **********
 PARAMETER   15  IS CONSTANT.   IGNORED.
 **********
 **   14 **FIX           16
 **********
 **********
 **   15 **MIGRAD
 **********
 FIRST CALL TO USER FUNCTION AT NEW START POINT, WITH IFLAG=4.
 START MIGRAD MINIMIZATION.  STRATEGY  1.  CONVERGENCE WHEN EDM .LT. 1.00e-04
 FCN=93.8156 FROM MIGRAD    STATUS=INITIATE       12 CALLS          13 TOTAL
                     EDM= unknown      STRATEGY= 1      NO ERROR MATRIX       
  EXT PARAMETER               CURRENT GUESS       STEP         FIRST   
  NO.   NAME      VALUE            ERROR          SIZE      DERIVATIVE 
   1  N0           3.07298e+06   1.00000e+02   1.00000e+02   6.63013e-04
   2  tau          6.43971e+01   constant   
   3  A0           3.48555e-01   1.00000e-04   1.00000e-04   4.72725e+02
   4  phi          4.11543e+00   1.00000e-02   1.00000e-02  -5.46501e+02
   5  R           -6.13162e+01   constant   
   6  alpha_CBO    0.00000e+00     fixed    
   7  w_CBO        2.32618e+00   constant   
   8  beta_CBO     0.00000e+00     fixed    
   9  alpha_2CBO   0.00000e+00     fixed    
  10  beta_2CBO    0.00000e+00     fixed    
  11  alpha_y      0.00000e+00     fixed    
  12  w_y          1.44500e+01   constant   
  13  beta_y       0.00000e+00     fixed    
  14  alpha_vw     0.00000e+00     fixed    
  15  w_vw         1.29000e+01   constant   
  16  beta_vw      0.00000e+00     fixed    
  17  LM          -2.25836e-04   constant   
  18  zeta_y       0.00000e+00   constant   
  19  zeta_vw      0.00000e+00   constant   
 MIGRAD MINIMIZATION HAS CONVERGED.
 MIGRAD WILL VERIFY CONVERGENCE AND ERROR MATRIX.
 COVARIANCE MATRIX CALCULATED SUCCESSFULLY
 FCN=92.7622 FROM MIGRAD    STATUS=CONVERGED      52 CALLS          53 TOTAL
                     EDM=4.68223e-12    STRATEGY= 1      ERROR MATRIX ACCURATE 
  EXT PARAMETER                                   STEP         FIRST   
  NO.   NAME      VALUE            ERROR          SIZE      DERIVATIVE 
   1  N0           3.07151e+06   1.93404e+03   8.55521e+00  -9.37661e-10
   2  tau          6.43971e+01   constant   
   3  A0           3.48373e-01   8.39685e-04   3.96706e-06  -9.03837e-04
   4  phi          4.11734e+00   2.45841e-03   1.14551e-05   8.30382e-04
   5  R           -6.13162e+01   constant   
   6  alpha_CBO    0.00000e+00     fixed    
   7  w_CBO        2.32618e+00   constant   
   8  beta_CBO     0.00000e+00     fixed    
   9  alpha_2CBO   0.00000e+00     fixed    
  10  beta_2CBO    0.00000e+00     fixed    
  11  alpha_y      0.00000e+00     fixed    
  12  w_y          1.44500e+01   constant   
  13  beta_y       0.00000e+00     fixed    
  14  alpha_vw     0.00000e+00     fixed    
  15  w_vw         1.29000e+01   constant   
  16  beta_vw      0.00000e+00     fixed    
  17  LM          -2.25836e-04   constant   
  18  zeta_y       0.00000e+00   constant   
  19  zeta_vw      0.00000e+00   constant   
 EXTERNAL ERROR MATRIX.    NDIM=  25    NPAR=  3    ERR DEF=1
  3.741e+06  5.971e-02 -8.042e-01 
  5.971e-02  7.051e-07  1.406e-08 
 -8.042e-01  1.406e-08  6.044e-06 
 PARAMETER  CORRELATION COEFFICIENTS  
       NO.  GLOBAL      1      3      4
        1  0.17333   1.000  0.037 -0.169
        3  0.03907   0.037  1.000  0.007
        4  0.16964  -0.169  0.007  1.000
MINUIT - FIT ONLY 1-CBO + wiggle
 **********
 **   16 **RES 
 **********
                   PARAMETER   16  beta_vw RESTORED TO VARIABLE.
                   PARAMETER   14  alpha_vw RESTORED TO VARIABLE.
                   PARAMETER   13  beta_y RESTORED TO VARIABLE.
                   PARAMETER   11  alpha_y RESTORED TO VARIABLE.
                   PARAMETER   10  beta_2CBO RESTORED TO VARIABLE.
                   PARAMETER    9  alpha_2CBO RESTORED TO VARIABLE.
                   PARAMETER    8  beta_CBO RESTORED TO VARIABLE.
                   PARAMETER    6  alpha_CBO RESTORED TO VARIABLE.
 **********
 **   17 **FIX            8
 **********
 **********
 **   18 **FIX            9
 **********
 **********
 **   19 **FIX           11
 **********
 **********
 **   20 **FIX           12
 **********
 PARAMETER   12  IS CONSTANT.   IGNORED.
 **********
 **   21 **FIX           14
 **********
 **********
 **   22 **FIX           15
 **********
 PARAMETER   15  IS CONSTANT.   IGNORED.
 **********
 **   23 **FIX           16
 **********
 **********
 **   24 **MIGRAD
 **********
 START MIGRAD MINIMIZATION.  STRATEGY  1.  CONVERGENCE WHEN EDM .LT. 1.00e-04
 FCN=92.7622 FROM MIGRAD    STATUS=INITIATE       18 CALLS          71 TOTAL
                     EDM= unknown      STRATEGY= 1      NO ERROR MATRIX       
  EXT PARAMETER               CURRENT GUESS       STEP         FIRST   
  NO.   NAME      VALUE            ERROR          SIZE      DERIVATIVE 
   1  N0           3.07151e+06   1.93404e+03   8.55521e+00  -9.37782e-10
   2  tau          6.43971e+01   constant   
   3  A0           3.48373e-01   8.39685e-04   3.96706e-06  -9.03504e-04
   4  phi          4.11734e+00   2.45841e-03   1.14551e-05   8.30661e-04
   5  R           -6.13162e+01   constant   
   6  alpha_CBO    0.00000e+00   1.00000e-03   1.00000e-03  -8.01328e+03
   7  w_CBO        2.32618e+00   constant   
   8  beta_CBO     0.00000e+00     fixed    
   9  alpha_2CBO   0.00000e+00     fixed    
  10  beta_2CBO    0.00000e+00   1.00000e-03   1.00000e-03  -1.31408e+03
  11  alpha_y      0.00000e+00     fixed    
  12  w_y          1.44500e+01   constant   
  13  beta_y       0.00000e+00   1.00000e-03   1.00000e-03  -2.08152e+03
  14  alpha_vw     0.00000e+00     fixed    
  15  w_vw         1.29000e+01   constant   
  16  beta_vw      0.00000e+00     fixed    
  17  LM          -2.25836e-04   constant   
  18  zeta_y       0.00000e+00   constant   
  19  zeta_vw      0.00000e+00   constant   
 MIGRAD MINIMIZATION HAS CONVERGED.
 MIGRAD WILL VERIFY CONVERGENCE AND ERROR MATRIX.
 COVARIANCE MATRIX CALCULATED SUCCESSFULLY
 FCN=78.2926 FROM MIGRAD    STATUS=CONVERGED     110 CALLS         163 TOTAL
                     EDM=8.78467e-07    STRATEGY= 1      ERROR MATRIX ACCURATE 
  EXT PARAMETER                                   STEP         FIRST   
  NO.   NAME      VALUE            ERROR          SIZE      DERIVATIVE 
   1  N0           3.07198e+06   1.93882e+03   7.86852e+00   4.95838e-07
   2  tau          6.43971e+01   constant   
   3  A0           3.48827e-01   8.50452e-04   3.64807e-06  -9.92382e-02
   4  phi          4.11853e+00   2.47571e-03   1.05179e-05  -3.20374e-02
   5  R           -6.13162e+01   constant   
   6  alpha_CBO    3.30892e-03   9.06959e-04   3.85428e-06   2.94439e-01
   7  w_CBO        2.32618e+00   constant   
   8  beta_CBO     0.00000e+00     fixed    
   9  alpha_2CBO   0.00000e+00     fixed    
  10  beta_2CBO    5.75017e-04   8.85886e-04   3.84419e-06  -5.37560e-01
  11  alpha_y      0.00000e+00     fixed    
  12  w_y          1.44500e+01   constant   
  13  beta_y       7.99114e-04   8.79998e-04   3.82472e-06  -8.17137e-01
  14  alpha_vw     0.00000e+00     fixed    
  15  w_vw         1.29000e+01   constant   
  16  beta_vw      0.00000e+00     fixed    
  17  LM          -2.25836e-04   constant   
  18  zeta_y       0.00000e+00   constant   
  19  zeta_vw      0.00000e+00   constant   
 EXTERNAL ERROR MATRIX.    NDIM=  25    NPAR=  6    ERR DEF=1
  3.759e+06  7.534e-02 -7.593e-01  1.094e-01  5.063e-02 -1.104e-02 
  7.534e-02  7.233e-07  5.205e-08  1.200e-07 -1.254e-08 -1.784e-08 
 -7.593e-01  5.205e-08  6.129e-06  2.793e-07  9.299e-08  6.163e-09 
  1.094e-01  1.200e-07  2.793e-07  8.226e-07  1.718e-08 -5.666e-11 
  5.063e-02 -1.254e-08  9.299e-08  1.718e-08  7.848e-07 -9.519e-09 
 -1.104e-02 -1.784e-08  6.163e-09 -5.666e-11 -9.519e-09  7.744e-07 
 PARAMETER  CORRELATION COEFFICIENTS  
       NO.  GLOBAL      1      3      4      6     10     13
        1  0.18580   1.000  0.046 -0.158  0.062  0.029 -0.006
        3  0.16336   0.046  1.000  0.025  0.156 -0.017 -0.024
        4  0.21272  -0.158  0.025  1.000  0.124  0.042  0.003
        6  0.21144   0.062  0.156  0.124  1.000  0.021 -0.000
       10  0.06285   0.029 -0.017  0.042  0.021  1.000 -0.012
       13  0.02788  -0.006 -0.024  0.003 -0.000 -0.012  1.000
MINUIT - FIT ONLY 2-CBO
 **********
 **   25 **RES 
 **********
                   PARAMETER   16  beta_vw RESTORED TO VARIABLE.
                   PARAMETER   14  alpha_vw RESTORED TO VARIABLE.
                   PARAMETER   11  alpha_y RESTORED TO VARIABLE.
                   PARAMETER    9  alpha_2CBO RESTORED TO VARIABLE.
                   PARAMETER    8  beta_CBO RESTORED TO VARIABLE.
 **********
 **   26 **FIX            0
 **********
 PARAMETER    0  IS UNDEFINED. IGNORED.
 **********
 **   27 **FIX            1
 **********
 **********
 **   28 **FIX            2
 **********
 PARAMETER    2  IS CONSTANT.   IGNORED.
 **********
 **   29 **FIX            3
 **********
 **********
 **   30 **FIX            4
 **********
 **********
 **   31 **FIX            5
 **********
 PARAMETER    5  IS CONSTANT.   IGNORED.
 **********
 **   32 **FIX            6
 **********
 **********
 **   33 **FIX            7
 **********
 PARAMETER    7  IS CONSTANT.   IGNORED.
 **********
 **   34 **FIX           10
 **********
 **********
 **   35 **FIX           11
 **********
 **********
 **   36 **FIX           12
 **********
 PARAMETER   12  IS CONSTANT.   IGNORED.
 **********
 **   37 **FIX           13
 **********
 **********
 **   38 **FIX           14
 **********
 **********
 **   39 **FIX           15
 **********
 PARAMETER   15  IS CONSTANT.   IGNORED.
 **********
 **   40 **FIX           16
 **********
 **********
 **   41 **MIGRAD
 **********
 START MIGRAD MINIMIZATION.  STRATEGY  1.  CONVERGENCE WHEN EDM .LT. 1.00e-04
 FCN=78.2926 FROM MIGRAD    STATUS=INITIATE        8 CALLS         171 TOTAL
                     EDM= unknown      STRATEGY= 1      NO ERROR MATRIX       
  EXT PARAMETER               CURRENT GUESS       STEP         FIRST   
  NO.   NAME      VALUE            ERROR          SIZE      DERIVATIVE 
   1  N0           3.07198e+06     fixed    
   2  tau          6.43971e+01   constant   
   3  A0           3.48827e-01     fixed    
   4  phi          4.11853e+00     fixed    
   5  R           -6.13162e+01   constant   
   6  alpha_CBO    3.30892e-03     fixed    
   7  w_CBO        2.32618e+00   constant   
   8  beta_CBO     0.00000e+00   1.00000e-03   1.00000e-03   4.18457e+03
   9  alpha_2CBO   0.00000e+00   1.00000e-03   1.00000e-03   7.37422e+03
  10  beta_2CBO    5.75017e-04     fixed    
  11  alpha_y      0.00000e+00     fixed    
  12  w_y          1.44500e+01   constant   
  13  beta_y       7.99114e-04     fixed    
  14  alpha_vw     0.00000e+00     fixed    
  15  w_vw         1.29000e+01   constant   
  16  beta_vw      0.00000e+00     fixed    
  17  LM          -2.25836e-04   constant   
  18  zeta_y       0.00000e+00   constant   
  19  zeta_vw      0.00000e+00   constant   
 MIGRAD MINIMIZATION HAS CONVERGED.
 MIGRAD WILL VERIFY CONVERGENCE AND ERROR MATRIX.
 COVARIANCE MATRIX CALCULATED SUCCESSFULLY
 FCN=64.214 FROM MIGRAD    STATUS=CONVERGED      33 CALLS         196 TOTAL
                     EDM=6.67188e-09    STRATEGY= 1      ERROR MATRIX ACCURATE 
  EXT PARAMETER                                   STEP         FIRST   
  NO.   NAME      VALUE            ERROR          SIZE      DERIVATIVE 
   1  N0           3.07198e+06     fixed    
   2  tau          6.43971e+01   constant   
   3  A0           3.48827e-01     fixed    
   4  phi          4.11853e+00     fixed    
   5  R           -6.13162e+01   constant   
   6  alpha_CBO    3.30892e-03     fixed    
   7  w_CBO        2.32618e+00   constant   
   8  beta_CBO    -1.69149e-03   8.68259e-04   3.42078e-06   6.74020e-02
   9  alpha_2CBO  -2.85852e-03   8.70452e-04   3.42942e-06  -1.17204e-01
  10  beta_2CBO    5.75017e-04     fixed    
  11  alpha_y      0.00000e+00     fixed    
  12  w_y          1.44500e+01   constant   
  13  beta_y       7.99114e-04     fixed    
  14  alpha_vw     0.00000e+00     fixed    
  15  w_vw         1.29000e+01   constant   
  16  beta_vw      0.00000e+00     fixed    
  17  LM          -2.25836e-04   constant   
  18  zeta_y       0.00000e+00   constant   
  19  zeta_vw      0.00000e+00   constant   
 EXTERNAL ERROR MATRIX.    NDIM=  25    NPAR=  2    ERR DEF=1
  7.539e-07  3.097e-08 
  3.097e-08  7.577e-07 
 PARAMETER  CORRELATION COEFFICIENTS  
       NO.  GLOBAL      8      9
        8  0.04098   1.000  0.041
        9  0.04098   0.041  1.000
MINUIT - FIT wiggle + 1-CBO + 2-CBO
 **********
 **   42 **RES 
 **********
                   PARAMETER   16  beta_vw RESTORED TO VARIABLE.
                   PARAMETER   14  alpha_vw RESTORED TO VARIABLE.
                   PARAMETER   13  beta_y RESTORED TO VARIABLE.
                   PARAMETER   11  alpha_y RESTORED TO VARIABLE.
                   PARAMETER   10  beta_2CBO RESTORED TO VARIABLE.
                   PARAMETER    6  alpha_CBO RESTORED TO VARIABLE.
                   PARAMETER    4  phi RESTORED TO VARIABLE.
                   PARAMETER    3  A0 RESTORED TO VARIABLE.
                   PARAMETER    1  N0 RESTORED TO VARIABLE.
 **********
 **   43 **FIX           10
 **********
 **********
 **   44 **FIX           11
 **********
 **********
 **   45 **FIX           12
 **********
 PARAMETER   12  IS CONSTANT.   IGNORED.
 **********
 **   46 **FIX           13
 **********
 **********
 **   47 **FIX           14
 **********
 **********
 **   48 **FIX           15
 **********
 PARAMETER   15  IS CONSTANT.   IGNORED.
 **********
 **   49 **FIX           16
 **********
 **********
 **   50 **MIGRAD
 **********
 START MIGRAD MINIMIZATION.  STRATEGY  1.  CONVERGENCE WHEN EDM .LT. 1.00e-04
 FCN=64.214 FROM MIGRAD    STATUS=INITIATE       12 CALLS         208 TOTAL
                     EDM= unknown      STRATEGY= 1      NO ERROR MATRIX       
  EXT PARAMETER               CURRENT GUESS       STEP         FIRST   
  NO.   NAME      VALUE            ERROR          SIZE      DERIVATIVE 
   1  N0           3.07198e+06   1.93882e+03   1.93882e+03   6.88452e-05
   2  tau          6.43971e+01   constant   
   3  A0           3.48827e-01   8.50452e-04   8.50452e-04  -4.17449e+02
   4  phi          4.11853e+00   2.47571e-03   2.47571e-03   2.11543e+02
   5  R           -6.13162e+01   constant   
   6  alpha_CBO    3.30892e-03   9.06959e-04   9.06959e-04   5.27376e+02
   7  w_CBO        2.32618e+00   constant   
   8  beta_CBO    -1.69149e-03   8.68259e-04   3.42078e-06   6.74016e-02
   9  alpha_2CBO  -2.85852e-03   8.70452e-04   3.42942e-06  -1.17205e-01
  10  beta_2CBO    5.75017e-04     fixed    
  11  alpha_y      0.00000e+00     fixed    
  12  w_y          1.44500e+01   constant   
  13  beta_y       7.99114e-04     fixed    
  14  alpha_vw     0.00000e+00     fixed    
  15  w_vw         1.29000e+01   constant   
  16  beta_vw      0.00000e+00     fixed    
  17  LM          -2.25836e-04   constant   
  18  zeta_y       0.00000e+00   constant   
  19  zeta_vw      0.00000e+00   constant   
 MIGRAD MINIMIZATION HAS CONVERGED.
 MIGRAD WILL VERIFY CONVERGENCE AND ERROR MATRIX.
 COVARIANCE MATRIX CALCULATED SUCCESSFULLY
 FCN=64.0526 FROM MIGRAD    STATUS=CONVERGED      92 CALLS         288 TOTAL
                     EDM=2.1403e-06    STRATEGY= 1      ERROR MATRIX ACCURATE 
  EXT PARAMETER                                   STEP         FIRST   
  NO.   NAME      VALUE            ERROR          SIZE      DERIVATIVE 
   1  N0           3.07193e+06   1.94130e+03   7.12690e+00  -4.23760e-07
   2  tau          6.43971e+01   constant   
   3  A0           3.48948e-01   8.68374e-04   3.30415e-06  -1.13384e+00
   4  phi          4.11783e+00   2.49254e-03   9.52251e-06   8.85188e-02
   5  R           -6.13162e+01   constant   
   6  alpha_CBO    3.08261e-03   9.08988e-04   3.49128e-06  -5.70239e-01
   7  w_CBO        2.32618e+00   constant   
   8  beta_CBO    -1.75198e-03   8.92577e-04   3.41672e-06   3.27507e-01
   9  alpha_2CBO  -2.86865e-03   8.74543e-04   3.42536e-06  -1.38200e+00
  10  beta_2CBO    5.75017e-04     fixed    
  11  alpha_y      0.00000e+00     fixed    
  12  w_y          1.44500e+01   constant   
  13  beta_y       7.99114e-04     fixed    
  14  alpha_vw     0.00000e+00     fixed    
  15  w_vw         1.29000e+01   constant   
  16  beta_vw      0.00000e+00     fixed    
  17  LM          -2.25836e-04   constant   
  18  zeta_y       0.00000e+00   constant   
  19  zeta_vw      0.00000e+00   constant   
 EXTERNAL ERROR MATRIX.    NDIM=  25    NPAR=  6    ERR DEF=1
  3.769e+06  9.519e-02 -7.908e-01  1.122e-01 -7.684e-02  6.290e-02 
  9.519e-02  7.541e-07  2.629e-09  1.221e-07 -1.483e-07  5.088e-08 
 -7.908e-01  2.629e-09  6.213e-06  2.815e-07  2.820e-07  3.128e-08 
  1.122e-01  1.221e-07  2.815e-07  8.263e-07  9.552e-09  5.597e-08 
 -7.684e-02 -1.483e-07  2.820e-07  9.552e-09  7.967e-07  2.326e-08 
  6.290e-02  5.088e-08  3.128e-08  5.597e-08  2.326e-08  7.648e-07 
 PARAMETER  CORRELATION COEFFICIENTS  
       NO.  GLOBAL      1      3      4      6      8      9
        1  0.19244   1.000  0.056 -0.163  0.064 -0.044  0.037
        3  0.25794   0.056  1.000  0.001  0.155 -0.191  0.067
        4  0.24281  -0.163  0.001  1.000  0.124  0.127  0.014
        6  0.22104   0.064  0.155  0.124  1.000  0.012  0.070
        8  0.23504  -0.044 -0.191  0.127  0.012  1.000  0.030
        9  0.10437   0.037  0.067  0.014  0.070  0.030  1.000
MINUIT - FIT ONLY 1-y
 **********
 **   51 **RES 
 **********
                   PARAMETER   16  beta_vw RESTORED TO VARIABLE.
                   PARAMETER   14  alpha_vw RESTORED TO VARIABLE.
                   PARAMETER   13  beta_y RESTORED TO VARIABLE.
                   PARAMETER   11  alpha_y RESTORED TO VARIABLE.
                   PARAMETER   10  beta_2CBO RESTORED TO VARIABLE.
 **********
 **   52 **FIX            0
 **********
 PARAMETER    0  IS UNDEFINED. IGNORED.
 **********
 **   53 **FIX            1
 **********
 **********
 **   54 **FIX            2
 **********
 PARAMETER    2  IS CONSTANT.   IGNORED.
 **********
 **   55 **FIX            3
 **********
 **********
 **   56 **FIX            4
 **********
 **********
 **   57 **FIX            5
 **********
 PARAMETER    5  IS CONSTANT.   IGNORED.
 **********
 **   58 **FIX            6
 **********
 **********
 **   59 **FIX            7
 **********
 PARAMETER    7  IS CONSTANT.   IGNORED.
 **********
 **   60 **FIX            8
 **********
 **********
 **   61 **FIX            9
 **********
 **********
 **   62 **FIX           13
 **********
 **********
 **   63 **FIX           14
 **********
 **********
 **   64 **FIX           15
 **********
 PARAMETER   15  IS CONSTANT.   IGNORED.
 **********
 **   65 **FIX           16
 **********
 **********
 **   66 **MIGRAD
 **********
 START MIGRAD MINIMIZATION.  STRATEGY  1.  CONVERGENCE WHEN EDM .LT. 1.00e-04
 FCN=64.0526 FROM MIGRAD    STATUS=INITIATE        6 CALLS         294 TOTAL
                     EDM= unknown      STRATEGY= 1      NO ERROR MATRIX       
  EXT PARAMETER               CURRENT GUESS       STEP         FIRST   
  NO.   NAME      VALUE            ERROR          SIZE      DERIVATIVE 
   1  N0           3.07193e+06     fixed    
   2  tau          6.43971e+01   constant   
   3  A0           3.48948e-01     fixed    
   4  phi          4.11783e+00     fixed    
   5  R           -6.13162e+01   constant   
   6  alpha_CBO    3.08261e-03     fixed    
   7  w_CBO        2.32618e+00   constant   
   8  beta_CBO    -1.75198e-03     fixed    
   9  alpha_2CBO  -2.86865e-03     fixed    
  10  beta_2CBO    5.75017e-04   8.85886e-04   8.85886e-04   4.31138e+02
  11  alpha_y      0.00000e+00   1.00000e-03   1.00000e-03  -9.62189e+02
  12  w_y          1.44500e+01   constant   
  13  beta_y       7.99114e-04     fixed    
  14  alpha_vw     0.00000e+00     fixed    
  15  w_vw         1.29000e+01   constant   
  16  beta_vw      0.00000e+00     fixed    
  17  LM          -2.25836e-04   constant   
  18  zeta_y       0.00000e+00   constant   
  19  zeta_vw      0.00000e+00   constant   
 MIGRAD MINIMIZATION HAS CONVERGED.
 MIGRAD WILL VERIFY CONVERGENCE AND ERROR MATRIX.
 COVARIANCE MATRIX CALCULATED SUCCESSFULLY
 FCN=63.837 FROM MIGRAD    STATUS=CONVERGED      26 CALLS         314 TOTAL
                     EDM=4.34961e-09    STRATEGY= 1      ERROR MATRIX ACCURATE 
  EXT PARAMETER                                   STEP         FIRST   
  NO.   NAME      VALUE            ERROR          SIZE      DERIVATIVE 
   1  N0           3.07193e+06     fixed    
   2  tau          6.43971e+01   constant   
   3  A0           3.48948e-01     fixed    
   4  phi          4.11783e+00     fixed    
   5  R           -6.13162e+01   constant   
   6  alpha_CBO    3.08261e-03     fixed    
   7  w_CBO        2.32618e+00   constant   
   8  beta_CBO    -1.75198e-03     fixed    
   9  alpha_2CBO  -2.86865e-03     fixed    
  10  beta_2CBO    4.01107e-04   8.84263e-04   3.47631e-06  -9.66815e-02
  11  alpha_y      3.70246e-04   8.74456e-04   3.43776e-06  -4.40589e-02
  12  w_y          1.44500e+01   constant   
  13  beta_y       7.99114e-04     fixed    
  14  alpha_vw     0.00000e+00     fixed    
  15  w_vw         1.29000e+01   constant   
  16  beta_vw      0.00000e+00     fixed    
  17  LM          -2.25836e-04   constant   
  18  zeta_y       0.00000e+00   constant   
  19  zeta_vw      0.00000e+00   constant   
 EXTERNAL ERROR MATRIX.    NDIM=  25    NPAR=  2    ERR DEF=1
  7.819e-07 -1.104e-08 
 -1.104e-08  7.647e-07 
 PARAMETER  CORRELATION COEFFICIENTS  
       NO.  GLOBAL     10     11
       10  0.01427   1.000 -0.014
       11  0.01427  -0.014  1.000
MINUIT - FIT ONLY 2-y
 **********
 **   67 **RES 
 **********
                   PARAMETER   16  beta_vw RESTORED TO VARIABLE.
                   PARAMETER   14  alpha_vw RESTORED TO VARIABLE.
                   PARAMETER   13  beta_y RESTORED TO VARIABLE.
                   PARAMETER    9  alpha_2CBO RESTORED TO VARIABLE.
                   PARAMETER    8  beta_CBO RESTORED TO VARIABLE.
                   PARAMETER    6  alpha_CBO RESTORED TO VARIABLE.
                   PARAMETER    4  phi RESTORED TO VARIABLE.
                   PARAMETER    3  A0 RESTORED TO VARIABLE.
                   PARAMETER    1  N0 RESTORED TO VARIABLE.
 **********
 **   68 **FIX            0
 **********
 PARAMETER    0  IS UNDEFINED. IGNORED.
 **********
 **   69 **FIX            1
 **********
 **********
 **   70 **FIX            2
 **********
 PARAMETER    2  IS CONSTANT.   IGNORED.
 **********
 **   71 **FIX            3
 **********
 **********
 **   72 **FIX            4
 **********
 **********
 **   73 **FIX            5
 **********
 PARAMETER    5  IS CONSTANT.   IGNORED.
 **********
 **   74 **FIX            6
 **********
 **********
 **   75 **FIX            7
 **********
 PARAMETER    7  IS CONSTANT.   IGNORED.
 **********
 **   76 **FIX            8
 **********
 **********
 **   77 **FIX            9
 **********
 **********
 **   78 **FIX           10
 **********
 **********
 **   79 **FIX           11
 **********
 **********
 **   80 **FIX           12
 **********
 PARAMETER   12  IS CONSTANT.   IGNORED.
 **********
 **   81 **FIX           16
 **********
 **********
 **   82 **MIGRAD
 **********
 START MIGRAD MINIMIZATION.  STRATEGY  1.  CONVERGENCE WHEN EDM .LT. 1.00e-04
 FCN=63.837 FROM MIGRAD    STATUS=INITIATE        6 CALLS         320 TOTAL
                     EDM= unknown      STRATEGY= 1      NO ERROR MATRIX       
  EXT PARAMETER               CURRENT GUESS       STEP         FIRST   
  NO.   NAME      VALUE            ERROR          SIZE      DERIVATIVE 
   1  N0           3.07193e+06     fixed    
   2  tau          6.43971e+01   constant   
   3  A0           3.48948e-01     fixed    
   4  phi          4.11783e+00     fixed    
   5  R           -6.13162e+01   constant   
   6  alpha_CBO    3.08261e-03     fixed    
   7  w_CBO        2.32618e+00   constant   
   8  beta_CBO    -1.75198e-03     fixed    
   9  alpha_2CBO  -2.86865e-03     fixed    
  10  beta_2CBO    4.01107e-04     fixed    
  11  alpha_y      3.70246e-04     fixed    
  12  w_y          1.44500e+01   constant   
  13  beta_y       7.99114e-04   8.79998e-04   8.79998e-04   8.46962e+01
  14  alpha_vw     0.00000e+00   1.00000e-03   1.00000e-03  -1.06785e+03
  15  w_vw         1.29000e+01   constant   
  16  beta_vw      0.00000e+00     fixed    
  17  LM          -2.25836e-04   constant   
  18  zeta_y       0.00000e+00   constant   
  19  zeta_vw      0.00000e+00   constant   
 MIGRAD MINIMIZATION HAS CONVERGED.
 MIGRAD WILL VERIFY CONVERGENCE AND ERROR MATRIX.
 COVARIANCE MATRIX CALCULATED SUCCESSFULLY
 FCN=63.6167 FROM MIGRAD    STATUS=CONVERGED      26 CALLS         340 TOTAL
                     EDM=3.2864e-06    STRATEGY= 1      ERROR MATRIX ACCURATE 
  EXT PARAMETER                                   STEP         FIRST   
  NO.   NAME      VALUE            ERROR          SIZE      DERIVATIVE 
   1  N0           3.07193e+06     fixed    
   2  tau          6.43971e+01   constant   
   3  A0           3.48948e-01     fixed    
   4  phi          4.11783e+00     fixed    
   5  R           -6.13162e+01   constant   
   6  alpha_CBO    3.08261e-03     fixed    
   7  w_CBO        2.32618e+00   constant   
   8  beta_CBO    -1.75198e-03     fixed    
   9  alpha_2CBO  -2.86865e-03     fixed    
  10  beta_2CBO    4.01107e-04     fixed    
  11  alpha_y      3.70246e-04     fixed    
  12  w_y          1.44500e+01   constant   
  13  beta_y       8.03060e-04   8.83377e-04   3.45271e-06  -2.87244e+00
  14  alpha_vw     4.12880e-04   8.82787e-04   3.45041e-06  -2.28131e-01
  15  w_vw         1.29000e+01   constant   
  16  beta_vw      0.00000e+00     fixed    
  17  LM          -2.25836e-04   constant   
  18  zeta_y       0.00000e+00   constant   
  19  zeta_vw      0.00000e+00   constant   
 EXTERNAL ERROR MATRIX.    NDIM=  25    NPAR=  2    ERR DEF=1
  7.804e-07  7.140e-08 
  7.140e-08  7.793e-07 
 PARAMETER  CORRELATION COEFFICIENTS  
       NO.  GLOBAL     13     14
       13  0.09156   1.000  0.092
       14  0.09156   0.092  1.000
MINUIT - FIT ALTOGETHER
 **********
 **   83 **RES 
 **********
                   PARAMETER   16  beta_vw RESTORED TO VARIABLE.
                   PARAMETER   11  alpha_y RESTORED TO VARIABLE.
                   PARAMETER   10  beta_2CBO RESTORED TO VARIABLE.
                   PARAMETER    9  alpha_2CBO RESTORED TO VARIABLE.
                   PARAMETER    8  beta_CBO RESTORED TO VARIABLE.
                   PARAMETER    6  alpha_CBO RESTORED TO VARIABLE.
                   PARAMETER    4  phi RESTORED TO VARIABLE.
                   PARAMETER    3  A0 RESTORED TO VARIABLE.
                   PARAMETER    1  N0 RESTORED TO VARIABLE.
 **********
 **   84 **MIGRAD
 **********
 START MIGRAD MINIMIZATION.  STRATEGY  1.  CONVERGENCE WHEN EDM .LT. 1.00e-04
 FCN=63.6167 FROM MIGRAD    STATUS=INITIATE       24 CALLS         364 TOTAL
                     EDM= unknown      STRATEGY= 1      NO ERROR MATRIX       
  EXT PARAMETER               CURRENT GUESS       STEP         FIRST   
  NO.   NAME      VALUE            ERROR          SIZE      DERIVATIVE 
   1  N0           3.07193e+06   1.94130e+03   1.94130e+03   2.14655e-07
   2  tau          6.43971e+01   constant   
   3  A0           3.48948e-01   8.68374e-04   8.68374e-04   1.78816e+00
   4  phi          4.11783e+00   2.49254e-03   2.49254e-03   3.40559e+00
   5  R           -6.13162e+01   constant   
   6  alpha_CBO    3.08261e-03   9.08988e-04   9.08988e-04  -4.62742e+00
   7  w_CBO        2.32618e+00   constant   
   8  beta_CBO    -1.75198e-03   8.92577e-04   8.92577e-04   1.58302e+01
   9  alpha_2CBO  -2.86865e-03   8.74543e-04   8.74543e-04   7.50709e+00
  10  beta_2CBO    4.01107e-04   8.84263e-04   8.84263e-04  -2.54703e+01
  11  alpha_y      3.70246e-04   8.74456e-04   8.74456e-04   1.59372e+02
  12  w_y          1.44500e+01   constant   
  13  beta_y       8.03060e-04   8.83377e-04   3.45271e-06  -2.87245e+00
  14  alpha_vw     4.12880e-04   8.82787e-04   3.45041e-06  -2.28132e-01
  15  w_vw         1.29000e+01   constant   
  16  beta_vw      0.00000e+00   1.00000e-03   1.00000e-03  -1.48001e+03
  17  LM          -2.25836e-04   constant   
  18  zeta_y       0.00000e+00   constant   
  19  zeta_vw      0.00000e+00   constant   
 MIGRAD MINIMIZATION HAS CONVERGED.
 MIGRAD WILL VERIFY CONVERGENCE AND ERROR MATRIX.
 COVARIANCE MATRIX CALCULATED SUCCESSFULLY
 FCN=63.1629 FROM MIGRAD    STATUS=CONVERGED     194 CALLS         534 TOTAL
                     EDM=2.17466e-06    STRATEGY= 1      ERROR MATRIX ACCURATE 
  EXT PARAMETER                                   STEP         FIRST   
  NO.   NAME      VALUE            ERROR          SIZE      DERIVATIVE 
   1  N0           3.07191e+06   1.94270e+03   7.07796e+00  -2.04527e-07
   2  tau          6.43971e+01   constant   
   3  A0           3.48953e-01   8.69029e-04   3.28144e-06   1.15018e+00
   4  phi          4.11780e+00   2.49595e-03   9.45703e-06   2.45198e-01
   5  R           -6.13162e+01   constant   
   6  alpha_CBO    3.07111e-03   9.09646e-04   3.46731e-06  -1.27462e-01
   7  w_CBO        2.32618e+00   constant   
   8  beta_CBO    -1.76250e-03   8.94752e-04   3.39329e-06   1.74681e+00
   9  alpha_2CBO  -2.88195e-03   8.75010e-04   3.40188e-06  -1.68072e-01
  10  beta_2CBO    4.01692e-04   8.88545e-04   3.45822e-06   3.02397e-01
  11  alpha_y      2.32512e-04   8.91811e-04   3.41986e-06   6.46783e-01
  12  w_y          1.44500e+01   constant   
  13  beta_y       7.12523e-04   8.94492e-04   3.44059e-06  -5.34445e-01
  14  alpha_vw     4.27699e-04   8.93626e-04   3.43829e-06  -1.81113e-02
  15  w_vw         1.29000e+01   constant   
  16  beta_vw      5.98369e-04   8.93318e-04   3.42212e-06   1.61359e-01
  17  LM          -2.25836e-04   constant   
  18  zeta_y       0.00000e+00   constant   
  19  zeta_vw      0.00000e+00   constant   
 EXTERNAL ERROR MATRIX.    NDIM=  25    NPAR= 11    ERR DEF=1
  3.774e+06 
  9.425e-02  7.552e-07 
 -7.825e-01 -5.532e-10  6.230e-06 
  1.146e-01  1.216e-07  2.850e-07  8.275e-07 
 -7.266e-02 -1.496e-07  2.898e-07  1.130e-08  8.006e-07 
  6.402e-02  5.002e-08  3.405e-08  5.658e-08  2.432e-08  7.656e-07 
  4.877e-02 -2.114e-08  1.124e-07  1.968e-08  5.246e-08  1.680e-08  7.895e-07 
 -1.409e-02 -1.326e-08  4.191e-09 -5.483e-09 -7.225e-09  6.136e-09 -1.281e-08  7.953e-07 
 -2.149e-03 -1.624e-08  9.121e-09  4.836e-09 -2.494e-09  1.376e-08 -5.635e-09  6.073e-09  8.001e-07 
  3.334e-02  2.325e-09  2.156e-08  1.543e-08  1.604e-08 -3.030e-09  2.192e-08 -1.193e-07  7.144e-08  7.986e-07 
 -2.729e-02  4.320e-09 -2.570e-08 -1.789e-08 -7.661e-09 -1.348e-08 -1.355e-08 -1.006e-07 -1.228e-07  6.762e-09  7.980e-07 
 PARAMETER  CORRELATION COEFFICIENTS  
       NO.  GLOBAL      1      3      4      6      8      9     10     11     13     14     16
        1  0.19604   1.000  0.056 -0.161  0.065 -0.042  0.038  0.028 -0.008 -0.001  0.019 -0.016
        3  0.26068   0.056  1.000 -0.000  0.154 -0.192  0.066 -0.027 -0.017 -0.021  0.003  0.006
        4  0.24809  -0.161 -0.000  1.000  0.126  0.130  0.016  0.051  0.002  0.004  0.010 -0.012
        6  0.22413   0.065  0.154  0.126  1.000  0.014  0.071  0.024 -0.007  0.006  0.019 -0.022
        8  0.24457  -0.042 -0.192  0.130  0.014  1.000  0.031  0.066 -0.009 -0.003  0.020 -0.010
        9  0.10922   0.038  0.066  0.016  0.071  0.031  1.000  0.022  0.008  0.018 -0.004 -0.017
       10  0.09901   0.028 -0.027  0.051  0.024  0.066  0.022  1.000 -0.016 -0.007  0.028 -0.017
       11  0.19679  -0.008 -0.017  0.002 -0.007 -0.009  0.008 -0.016  1.000  0.008 -0.150 -0.126
       13  0.18128  -0.001 -0.021  0.004  0.006 -0.003  0.018 -0.007  0.008  1.000  0.089 -0.154
       14  0.17966   0.019  0.003  0.010  0.019  0.020 -0.004  0.028 -0.150  0.089  1.000  0.008
       16  0.20174  -0.016  0.006 -0.012 -0.022 -0.010 -0.017 -0.017 -0.126 -0.154  0.008  1.000
MINUIT - MINOS
 **********
 **   85 **RES 
 **********
 CALL TO MNFREE IGNORED.  THERE ARE NO FIXED PARAMETERS
 **********
 **   86 **MIG      2.5e+04        0.01
 **********
 START MIGRAD MINIMIZATION.  STRATEGY  1.  CONVERGENCE WHEN EDM .LT. 1.00e-05
 FCN=63.1629 FROM MIGRAD    STATUS=INITIATE       22 CALLS         556 TOTAL
                     EDM=1.08733e-06    STRATEGY= 1      ERROR MATRIX ACCURATE 
  EXT PARAMETER                                   STEP         FIRST   
  NO.   NAME      VALUE            ERROR          SIZE      DERIVATIVE 
   1  N0           3.07191e+06   1.94270e+03   7.07796e+00  -2.04527e-07
   2  tau          6.43971e+01   constant   
   3  A0           3.48953e-01   8.69029e-04   3.28144e-06   1.15018e+00
   4  phi          4.11780e+00   2.49595e-03   9.45703e-06   2.45198e-01
   5  R           -6.13162e+01   constant   
   6  alpha_CBO    3.07111e-03   9.09646e-04   3.46731e-06  -1.27462e-01
   7  w_CBO        2.32618e+00   constant   
   8  beta_CBO    -1.76250e-03   8.94752e-04   3.39329e-06   1.74681e+00
   9  alpha_2CBO  -2.88195e-03   8.75010e-04   3.40188e-06  -1.68071e-01
  10  beta_2CBO    4.01692e-04   8.88545e-04   3.45822e-06   3.02397e-01
  11  alpha_y      2.32512e-04   8.91811e-04   3.41986e-06   6.46783e-01
  12  w_y          1.44500e+01   constant   
  13  beta_y       7.12523e-04   8.94492e-04   3.44059e-06  -5.34444e-01
  14  alpha_vw     4.27699e-04   8.93626e-04   3.43829e-06  -1.81117e-02
  15  w_vw         1.29000e+01   constant   
  16  beta_vw      5.98369e-04   8.93318e-04   3.42212e-06   1.61359e-01
  17  LM          -2.25836e-04   constant   
  18  zeta_y       0.00000e+00   constant   
  19  zeta_vw      0.00000e+00   constant   
 MIGRAD MINIMIZATION HAS CONVERGED.
 FCN=63.1629 FROM MIGRAD    STATUS=CONVERGED      45 CALLS         579 TOTAL
                     EDM=3.22925e-17    STRATEGY= 1  ERROR MATRIX UNCERTAINTY   0.0 per cent
  EXT PARAMETER                                   STEP         FIRST   
  NO.   NAME      VALUE            ERROR          SIZE      DERIVATIVE 
   1  N0           3.07191e+06   1.94270e+03   5.02936e-01   5.41794e-12
   2  tau          6.43971e+01   constant   
   3  A0           3.48953e-01   8.69029e-04  -2.79218e-07   2.01593e-06
   4  phi          4.11779e+00   2.49595e-03  -1.08923e-06   4.28264e-07
   5  R           -6.13162e+01   constant   
   6  alpha_CBO    3.07107e-03   9.09646e-04  -4.38829e-08  -1.86483e-07
   7  w_CBO        2.32618e+00   constant   
   8  beta_CBO    -1.76316e-03   8.94752e-04  -6.58925e-07  -3.15455e-06
   9  alpha_2CBO  -2.88193e-03   8.75010e-04   2.05219e-08  -8.25026e-07
  10  beta_2CBO    4.01537e-04   8.88545e-04  -1.55233e-07  -1.60263e-06
  11  alpha_y      2.32277e-04   8.91811e-04  -2.34458e-07  -1.11157e-06
  12  w_y          1.44500e+01   constant   
  13  beta_y       7.12758e-04   8.94492e-04   2.34896e-07  -1.02536e-06
  14  alpha_vw     4.27747e-04   8.93626e-04   4.71906e-08  -8.78287e-07
  15  w_vw         1.29000e+01   constant   
  16  beta_vw      5.98308e-04   8.93318e-04  -6.02585e-08  -9.74833e-07
  17  LM          -2.25836e-04   constant   
  18  zeta_y       0.00000e+00   constant   
  19  zeta_vw      0.00000e+00   constant   
 EXTERNAL ERROR MATRIX.    NDIM=  25    NPAR= 11    ERR DEF=1
  3.774e+06 
  9.425e-02  7.552e-07 
 -7.824e-01 -5.518e-10  6.230e-06 
  1.146e-01  1.216e-07  2.850e-07  8.275e-07 
 -7.265e-02 -1.496e-07  2.898e-07  1.130e-08  8.006e-07 
  6.402e-02  5.002e-08  3.405e-08  5.658e-08  2.432e-08  7.656e-07 
  4.877e-02 -2.114e-08  1.124e-07  1.968e-08  5.246e-08  1.680e-08  7.895e-07 
 -1.409e-02 -1.326e-08  4.191e-09 -5.483e-09 -7.226e-09  6.136e-09 -1.281e-08  7.953e-07 
 -2.151e-03 -1.624e-08  9.120e-09  4.836e-09 -2.494e-09  1.376e-08 -5.635e-09  6.073e-09  8.001e-07 
  3.334e-02  2.325e-09  2.156e-08  1.543e-08  1.604e-08 -3.030e-09  2.192e-08 -1.193e-07  7.144e-08  7.986e-07 
 -2.729e-02  4.320e-09 -2.570e-08 -1.789e-08 -7.661e-09 -1.348e-08 -1.355e-08 -1.006e-07 -1.228e-07  6.762e-09  7.980e-07 
 PARAMETER  CORRELATION COEFFICIENTS  
       NO.  GLOBAL      1      3      4      6      8      9     10     11     13     14     16
        1  0.19604   1.000  0.056 -0.161  0.065 -0.042  0.038  0.028 -0.008 -0.001  0.019 -0.016
        3  0.26068   0.056  1.000 -0.000  0.154 -0.192  0.066 -0.027 -0.017 -0.021  0.003  0.006
        4  0.24809  -0.161 -0.000  1.000  0.126  0.130  0.016  0.051  0.002  0.004  0.010 -0.012
        6  0.22413   0.065  0.154  0.126  1.000  0.014  0.071  0.024 -0.007  0.006  0.019 -0.022
        8  0.24457  -0.042 -0.192  0.130  0.014  1.000  0.031  0.066 -0.009 -0.003  0.020 -0.010
        9  0.10922   0.038  0.066  0.016  0.071  0.031  1.000  0.022  0.008  0.018 -0.004 -0.017
       10  0.09901   0.028 -0.027  0.051  0.024  0.066  0.022  1.000 -0.016 -0.007  0.028 -0.017
       11  0.19679  -0.008 -0.017  0.002 -0.007 -0.009  0.008 -0.016  1.000  0.008 -0.150 -0.126
       13  0.18128  -0.001 -0.021  0.004  0.006 -0.003  0.018 -0.007  0.008  1.000  0.089 -0.154
       14  0.17966   0.019  0.003  0.010  0.019  0.020 -0.004  0.028 -0.150  0.089  1.000  0.008
       16  0.20174  -0.016  0.006 -0.012 -0.022 -0.010 -0.017 -0.017 -0.126 -0.154  0.008  1.000
 **********
 **   87 **MINO      2.5e+04
 **********
 FCN=63.1629 FROM MINOS     STATUS=SUCCESSFUL    924 CALLS        1503 TOTAL
                     EDM=3.22925e-17    STRATEGY= 1  ERROR MATRIX UNCERTAINTY   0.0 per cent
  EXT PARAMETER                  PARABOLIC         MINOS ERRORS        
  NO.   NAME      VALUE            ERROR      NEGATIVE      POSITIVE   
   1  N0           3.07191e+06   1.94270e+03  -1.94270e+03   1.94270e+03
   2  tau          6.43971e+01   constant   
   3  A0           3.48953e-01   8.69029e-04  -8.69078e-04   8.68980e-04
   4  phi          4.11779e+00   2.49595e-03  -2.49571e-03   2.49619e-03
   5  R           -6.13162e+01   constant   
   6  alpha_CBO    3.07107e-03   9.09646e-04  -9.09685e-04   9.09607e-04
   7  w_CBO        2.32618e+00   constant   
   8  beta_CBO    -1.76316e-03   8.94752e-04  -8.94739e-04   8.94765e-04
   9  alpha_2CBO  -2.88193e-03   8.75010e-04  -8.75030e-04   8.74991e-04
  10  beta_2CBO    4.01537e-04   8.88545e-04  -8.88565e-04   8.88526e-04
  11  alpha_y      2.32277e-04   8.91811e-04  -8.91808e-04   8.91813e-04
  12  w_y          1.44500e+01   constant   
  13  beta_y       7.12758e-04   8.94492e-04  -8.94494e-04   8.94490e-04
  14  alpha_vw     4.27747e-04   8.93626e-04  -8.93635e-04   8.93616e-04
  15  w_vw         1.29000e+01   constant   
  16  beta_vw      5.98308e-04   8.93318e-04  -8.93309e-04   8.93326e-04
  17  LM          -2.25836e-04   constant   
  18  zeta_y       0.00000e+00   constant   
  19  zeta_vw      0.00000e+00   constant   
 **********
 **   88 **SHO COR 
 **********
 PARAMETER  CORRELATION COEFFICIENTS  
       NO.  GLOBAL      1      3      4      6      8      9     10     11     13     14     16
        1  0.19604   1.000  0.056 -0.161  0.065 -0.042  0.038  0.028 -0.008 -0.001  0.019 -0.016
        3  0.26068   0.056  1.000 -0.000  0.154 -0.192  0.066 -0.027 -0.017 -0.021  0.003  0.006
        4  0.24809  -0.161 -0.000  1.000  0.126  0.130  0.016  0.051  0.002  0.004  0.010 -0.012
        6  0.22413   0.065  0.154  0.126  1.000  0.014  0.071  0.024 -0.007  0.006  0.019 -0.022
        8  0.24457  -0.042 -0.192  0.130  0.014  1.000  0.031  0.066 -0.009 -0.003  0.020 -0.010
        9  0.10922   0.038  0.066  0.016  0.071  0.031  1.000  0.022  0.008  0.018 -0.004 -0.017
       10  0.09901   0.028 -0.027  0.051  0.024  0.066  0.022  1.000 -0.016 -0.007  0.028 -0.017
       11  0.19679  -0.008 -0.017  0.002 -0.007 -0.009  0.008 -0.016  1.000  0.008 -0.150 -0.126
       13  0.18128  -0.001 -0.021  0.004  0.006 -0.003  0.018 -0.007  0.008  1.000  0.089 -0.154
       14  0.17966   0.019  0.003  0.010  0.019  0.020 -0.004  0.028 -0.150  0.089  1.000  0.008
       16  0.20174  -0.016  0.006 -0.012 -0.022 -0.010 -0.017 -0.017 -0.126 -0.154  0.008  1.000
