 + ++++++++++++++++++++++++++++++++++++++++++++++++++++++++++++++++++++ +
 +                                                                      +
 +           You have chose to blind your fitting according to          +
 +                omega_ref * (1 + (R +/- deltaR) *10^{-6})             +
 +                                                                      +
 + ++++++++++++++++++++++++++++++++++++++++++++++++++++++++++++++++++++ +
In main()...
reading format from /gm2data/zkhechad/run45/envelope/formats/formatB_sBin_constraintOn.txt
pBinTau 	= 0  
pBinPhi 	= 0  
constraintau 	= 1 
includeMopTerm 	= 0    
constrainMop    = 0   
Parameters after format file: pBinTau 0 pBinPhi 0 constraintau 1 includeMopTerm 0 constrainMop 0 c_e_scale 0.000000 
Opening file /gm2data/tbarrett/gm2fr/studies/run23_bunch_corrections/CorrectedFourier_Run3b.root.
reading reference data from /gm2data/zkhechad/cboTemplates/Run4CBOTemplates/templateFits1/noRF/sBin_constraintOn_cE0.0_seed0_noRF_calo20.root (fixing 5-param to these terms)
windowBins = 69
fitting sliding window 0 from bin 136 at 20.142000 to bin 205 at 30.586000 (69 bins)

Reading data from /gm2data/cornell/histograms/aMethod/histogram_a_noRF.root
 **********
 **    1 **SET PRINTOUT            1
 **********
 **********
 **    2 **SET NOWARNINGS 
 **********
 PARAMETER DEFINITIONS:
    NO.   NAME         VALUE      STEP SIZE      LIMITS
     1 N0           3.29012e+06  1.00000e+02     no limits
     2 tau          6.44082e+01  constant
     3 A0           3.64488e-01  1.00000e-04     no limits
     4 phi          4.11976e+00  1.00000e-02     no limits
     5 R           -6.08612e+01  constant
     6 alpha_CBO    0.00000e+00  1.00000e-03     no limits
     7 w_CBO        2.32643e+00  constant
     8 beta_CBO     0.00000e+00  1.00000e-03     no limits
     9 alpha_2CBO   0.00000e+00  1.00000e-03     no limits
    10 beta_2CBO    0.00000e+00  1.00000e-03     no limits
    11 alpha_y      0.00000e+00  1.00000e-03     no limits
    12 w_y          1.38965e+01  constant
    13 beta_y       0.00000e+00  1.00000e-03     no limits
    14 alpha_vw     0.00000e+00  1.00000e-03     no limits
    15 w_vw         1.43195e+01  constant
    16 beta_vw      0.00000e+00  1.00000e-03     no limits
    17 LM           3.52986e-05  constant
    18 zeta_y       0.00000e+00  constant
    19 zeta_vw      0.00000e+00  constant
    20 T_CBO        1.00000e+02  1.00000e+00    0.00000e+00  1.00000e+03
    21 alpha_A0     0.00000e+00  1.00000e-03     no limits
    22 beta_A0      0.00000e+00  1.00000e-03     no limits
    23 alpha_phi    0.00000e+00  1.00000e-03     no limits
    24 beta_phi     0.00000e+00  1.00000e-03     no limits
    25 alpha_xy     0.00000e+00  1.00000e-03     no limits
    26 w_xy         1.20754e+01  constant
    27 beta_xy      0.00000e+00  1.00000e-03     no limits
MINUIT - FIT ONLY WIGGLE
 **********
 **    3 **FIX            5
 **********
 PARAMETER    5  IS CONSTANT.   IGNORED.
 **********
 **    4 **FIX            6
 **********
 **********
 **    5 **FIX            7
 **********
 PARAMETER    7  IS CONSTANT.   IGNORED.
 **********
 **    6 **FIX            8
 **********
 **********
 **    7 **FIX            9
 **********
 **********
 **    8 **FIX           10
 **********
 **********
 **    9 **FIX           11
 **********
 **********
 **   10 **FIX           12
 **********
 PARAMETER   12  IS CONSTANT.   IGNORED.
 **********
 **   11 **FIX           13
 **********
 **********
 **   12 **FIX           14
 **********
 **********
 **   13 **FIX           15
 **********
 PARAMETER   15  IS CONSTANT.   IGNORED.
 **********
 **   14 **FIX           16
 **********
 **********
 **   15 **MIGRAD
 **********
 FIRST CALL TO USER FUNCTION AT NEW START POINT, WITH IFLAG=4.
 START MIGRAD MINIMIZATION.  STRATEGY  1.  CONVERGENCE WHEN EDM .LT. 1.00e-04
 FCN=18040.7 FROM MIGRAD    STATUS=INITIATE      629 CALLS         630 TOTAL
                     EDM= unknown      STRATEGY= 1      NO ERROR MATRIX       
  EXT PARAMETER               CURRENT GUESS       STEP         FIRST   
  NO.   NAME      VALUE            ERROR          SIZE      DERIVATIVE 
   1  N0           3.29012e+06   1.00000e+02   0.00000e+00   2.61639e-01
   2  tau          6.44082e+01   constant   
   3  A0           3.64488e-01   1.00000e-04   0.00000e+00   7.44580e+05
   4  phi          4.11976e+00   1.00000e-02   0.00000e+00  -8.15246e+04
   5  R           -6.08612e+01   constant   
   6  alpha_CBO    0.00000e+00     fixed    
   7  w_CBO        2.32643e+00   constant   
   8  beta_CBO     0.00000e+00     fixed    
   9  alpha_2CBO   0.00000e+00     fixed    
  10  beta_2CBO    0.00000e+00     fixed    
  11  alpha_y      0.00000e+00     fixed    
  12  w_y          1.38965e+01   constant   
  13  beta_y       0.00000e+00     fixed    
  14  alpha_vw     0.00000e+00     fixed    
  15  w_vw         1.43195e+01   constant   
  16  beta_vw      0.00000e+00     fixed    
  17  LM           3.52986e-05   constant   
  18  zeta_y       0.00000e+00   constant   
  19  zeta_vw      0.00000e+00   constant   
  20  T_CBO        1.00000e+02   1.00000e+00   0.00000e+00   0.00000e+00
  21  alpha_A0     0.00000e+00   1.00000e-03   0.00000e+00  -3.03686e+02
  22  beta_A0      0.00000e+00   1.00000e-03   0.00000e+00  -1.14724e+05
  23  alpha_phi    0.00000e+00   1.00000e-03   0.00000e+00  -1.33782e+04
  24  beta_phi     0.00000e+00   1.00000e-03   0.00000e+00  -9.91798e+04
  25  alpha_xy     0.00000e+00   1.00000e-03   0.00000e+00   1.24891e+05
  26  w_xy         1.20754e+01   constant   
  27  beta_xy      0.00000e+00   1.00000e-03   0.00000e+00  -3.15271e+05
 MIGRAD MINIMIZATION HAS CONVERGED.
 MIGRAD WILL VERIFY CONVERGENCE AND ERROR MATRIX.
  MNHESS FAILS AND WILL RETURN DIAGONAL MATRIX. 
 FCN=16337.2 FROM MIGRAD    STATUS=CONVERGED     767 CALLS         768 TOTAL
                     EDM=8.96286e-08    STRATEGY= 1  ERROR MATRIX UNCERTAINTY 100.0 per cent
  EXT PARAMETER                APPROXIMATE        STEP         FIRST   
  NO.   NAME      VALUE            ERROR          SIZE      DERIVATIVE 
   1  N0           3.28709e+06   1.62617e+02   1.01454e+01  -9.77117e-07
   2  tau          6.44082e+01   constant   
   3  A0           3.62661e-01   6.70560e-05   4.18514e-06   8.42215e-01
   4  phi          4.12186e+00   1.91327e-04   1.19412e-05   1.23178e+00
   5  R           -6.08612e+01   constant   
   6  alpha_CBO    0.00000e+00     fixed    
   7  w_CBO        2.32643e+00   constant   
   8  beta_CBO     0.00000e+00     fixed    
   9  alpha_2CBO   0.00000e+00     fixed    
  10  beta_2CBO    0.00000e+00     fixed    
  11  alpha_y      0.00000e+00     fixed    
  12  w_y          1.38965e+01   constant   
  13  beta_y       0.00000e+00     fixed    
  14  alpha_vw     0.00000e+00     fixed    
  15  w_vw         1.43195e+01   constant   
  16  beta_vw      0.00000e+00     fixed    
  17  LM           3.52986e-05   constant   
  18  zeta_y       0.00000e+00   constant   
  19  zeta_vw      0.00000e+00   constant   
  20  T_CBO        1.00000e+02   1.41421e+00  -0.00000e+00   0.00000e+00
  21  alpha_A0     9.47200e-04   2.59652e-04  -4.44151e-08  -1.36173e+00
  22  beta_A0      3.53459e-03   2.63526e-04   1.65369e-07   9.26547e-01
  23  alpha_phi    3.00312e-04   2.72534e-04   1.07394e-07  -6.33434e-01
  24  beta_phi     4.26990e-03   2.68662e-04  -2.68274e-07   3.38519e-01
  25  alpha_xy    -2.37488e-04   7.01428e-05   8.44966e-08  -1.95252e+00
  26  w_xy         1.20754e+01   constant   
  27  beta_xy      7.18266e-04   6.97848e-05  -1.31620e-08  -5.99566e-02
 EXTERNAL ERROR MATRIX.    NDIM=  28    NPAR= 10    ERR DEF=1
  2.644e+04  0.000e+00  0.000e+00  0.000e+00  0.000e+00  0.000e+00  0.000e+00  0.000e+00  0.000e+00  0.000e+00 
  0.000e+00  4.497e-09  0.000e+00  0.000e+00  0.000e+00  0.000e+00  0.000e+00  0.000e+00  0.000e+00  0.000e+00 
  0.000e+00  0.000e+00  3.661e-08  0.000e+00  0.000e+00  0.000e+00  0.000e+00  0.000e+00  0.000e+00  0.000e+00 
  0.000e+00  0.000e+00  0.000e+00  2.000e+00  0.000e+00  0.000e+00  0.000e+00  0.000e+00  0.000e+00  0.000e+00 
  0.000e+00  0.000e+00  0.000e+00  0.000e+00  6.742e-08  0.000e+00  0.000e+00  0.000e+00  0.000e+00  0.000e+00 
  0.000e+00  0.000e+00  0.000e+00  0.000e+00  0.000e+00  6.945e-08  0.000e+00  0.000e+00  0.000e+00  0.000e+00 
  0.000e+00  0.000e+00  0.000e+00  0.000e+00  0.000e+00  0.000e+00  7.427e-08  0.000e+00  0.000e+00  0.000e+00 
  0.000e+00  0.000e+00  0.000e+00  0.000e+00  0.000e+00  0.000e+00  0.000e+00  7.218e-08  0.000e+00  0.000e+00 
  0.000e+00  0.000e+00  0.000e+00  0.000e+00  0.000e+00  0.000e+00  0.000e+00  0.000e+00  4.920e-09  0.000e+00 
  0.000e+00  0.000e+00  0.000e+00  0.000e+00  0.000e+00  0.000e+00  0.000e+00  0.000e+00  0.000e+00  4.870e-09 
ERR MATRIX APPROXIMATE
 PARAMETER  CORRELATION COEFFICIENTS  
       NO.  GLOBAL      1      3      4     20     21     22     23     24     25     27
        1  0.00000   1.000  0.000  0.000  0.000  0.000  0.000  0.000  0.000  0.000  0.000
        3  0.00000   0.000  1.000  0.000  0.000  0.000  0.000  0.000  0.000  0.000  0.000
        4  0.00000   0.000  0.000  1.000  0.000  0.000  0.000  0.000  0.000  0.000  0.000
       20  0.00000   0.000  0.000  0.000  1.000  0.000  0.000  0.000  0.000  0.000  0.000
       21  0.00000   0.000  0.000  0.000  0.000  1.000  0.000  0.000  0.000  0.000  0.000
       22  0.00000   0.000  0.000  0.000  0.000  0.000  1.000  0.000  0.000  0.000  0.000
       23  0.00000   0.000  0.000  0.000  0.000  0.000  0.000  1.000  0.000  0.000  0.000
       24  0.00000   0.000  0.000  0.000  0.000  0.000  0.000  0.000  1.000  0.000  0.000
       25  0.00000   0.000  0.000  0.000  0.000  0.000  0.000  0.000  0.000  1.000  0.000
       27  0.00000   0.000  0.000  0.000  0.000  0.000  0.000  0.000  0.000  0.000  1.000
 ERR MATRIX APPROXIMATE
MINUIT - FIT ONLY 1-CBO + wiggle
 **********
 **   16 **RES 
 **********
                   PARAMETER   16  beta_vw RESTORED TO VARIABLE.
                   PARAMETER   14  alpha_vw RESTORED TO VARIABLE.
                   PARAMETER   13  beta_y RESTORED TO VARIABLE.
                   PARAMETER   11  alpha_y RESTORED TO VARIABLE.
                   PARAMETER   10  beta_2CBO RESTORED TO VARIABLE.
                   PARAMETER    9  alpha_2CBO RESTORED TO VARIABLE.
                   PARAMETER    8  beta_CBO RESTORED TO VARIABLE.
                   PARAMETER    6  alpha_CBO RESTORED TO VARIABLE.
 **********
 **   17 **FIX            8
 **********
 **********
 **   18 **FIX            9
 **********
 **********
 **   19 **FIX           11
 **********
 **********
 **   20 **FIX           12
 **********
 PARAMETER   12  IS CONSTANT.   IGNORED.
 **********
 **   21 **FIX           14
 **********
 **********
 **   22 **FIX           15
 **********
 PARAMETER   15  IS CONSTANT.   IGNORED.
 **********
 **   23 **FIX           16
 **********
 **********
 **   24 **MIGRAD
 **********
 START MIGRAD MINIMIZATION.  STRATEGY  1.  CONVERGENCE WHEN EDM .LT. 1.00e-04
 FCN=16337.2 FROM MIGRAD    STATUS=INITIATE      957 CALLS        1725 TOTAL
                     EDM= unknown      STRATEGY= 1      NO ERROR MATRIX       
  EXT PARAMETER               CURRENT GUESS       STEP         FIRST   
  NO.   NAME      VALUE            ERROR          SIZE      DERIVATIVE 
   1  N0           3.28709e+06   1.62617e+02   0.00000e+00  -9.77118e-07
   2  tau          6.44082e+01   constant   
   3  A0           3.62661e-01   6.70560e-05   0.00000e+00   8.42208e-01
   4  phi          4.12186e+00   1.91327e-04   0.00000e+00   1.23175e+00
   5  R           -6.08612e+01   constant   
   6  alpha_CBO    0.00000e+00   1.00000e-03   0.00000e+00  -1.19037e+06
   7  w_CBO        2.32643e+00   constant   
   8  beta_CBO     0.00000e+00     fixed    
   9  alpha_2CBO   0.00000e+00     fixed    
  10  beta_2CBO    0.00000e+00   1.00000e-03   0.00000e+00   1.37088e+04
  11  alpha_y      0.00000e+00     fixed    
  12  w_y          1.38965e+01   constant   
  13  beta_y       0.00000e+00   1.00000e-03   0.00000e+00  -3.95046e+05
  14  alpha_vw     0.00000e+00     fixed    
  15  w_vw         1.43195e+01   constant   
  16  beta_vw      0.00000e+00     fixed    
  17  LM           3.52986e-05   constant   
  18  zeta_y       0.00000e+00   constant   
  19  zeta_vw      0.00000e+00   constant   
  20  T_CBO        1.00000e+02   1.41421e+00   0.00000e+00   0.00000e+00
  21  alpha_A0     9.47200e-04   2.59652e-04   0.00000e+00  -1.36173e+00
  22  beta_A0      3.53459e-03   2.63526e-04   0.00000e+00   9.26548e-01
  23  alpha_phi    3.00312e-04   2.72534e-04   0.00000e+00  -6.33423e-01
  24  beta_phi     4.26990e-03   2.68662e-04   0.00000e+00   3.38491e-01
  25  alpha_xy    -2.37488e-04   7.01428e-05   0.00000e+00  -1.95250e+00
  26  w_xy         1.20754e+01   constant   
  27  beta_xy      7.18266e-04   6.97848e-05   0.00000e+00  -5.99491e-02
 MIGRAD MINIMIZATION HAS CONVERGED.
 FCN=14317.6 FROM MIGRAD    STATUS=CONVERGED    1123 CALLS        1891 TOTAL
                     EDM=3.26126e-06    STRATEGY= 1  ERROR MATRIX UNCERTAINTY   4.9 per cent
  EXT PARAMETER                                   STEP         FIRST   
  NO.   NAME      VALUE            ERROR          SIZE      DERIVATIVE 
   1  N0           3.28718e+06   1.68922e+02   4.44212e-01  -8.59608e-06
   2  tau          6.44082e+01   constant   
   3  A0           3.62894e-01   6.92023e-05  -2.29962e-07  -6.25225e+00
   4  phi          4.11992e+00   2.02709e-04  -3.61675e-07  -5.57210e+00
   5  R           -6.08612e+01   constant   
   6  alpha_CBO    3.09333e-03   7.21358e-05  -7.61966e-08  -5.97748e+00
   7  w_CBO        2.32643e+00   constant   
   8  beta_CBO     0.00000e+00     fixed    
   9  alpha_2CBO   0.00000e+00     fixed    
  10  beta_2CBO    2.31705e-04   6.80792e-05  -1.31359e-07  -1.10713e+01
  11  alpha_y      0.00000e+00     fixed    
  12  w_y          1.38965e+01   constant   
  13  beta_y       9.11399e-04   6.87268e-05   1.49147e-07   1.44530e+01
  14  alpha_vw     0.00000e+00     fixed    
  15  w_vw         1.43195e+01   constant   
  16  beta_vw      0.00000e+00     fixed    
  17  LM           3.52986e-05   constant   
  18  zeta_y       0.00000e+00   constant   
  19  zeta_vw      0.00000e+00   constant   
  20  T_CBO        1.00000e+02   5.20646e+02  -0.00000e+00   0.00000e+00
  21  alpha_A0     4.17096e-05   2.64056e-04   5.15216e-07  -7.76632e-02
  22  beta_A0      3.44103e-03   2.71915e-04   4.34113e-07  -4.68782e+00
  23  alpha_phi   -7.20615e-04   2.76971e-04  -5.07036e-07   6.59056e+00
  24  beta_phi     3.68645e-03   2.68556e-04  -1.52168e-08  -4.25774e+00
  25  alpha_xy    -2.25583e-04   7.01034e-05  -1.65028e-07  -9.75628e+00
  26  w_xy         1.20754e+01   constant   
  27  beta_xy      6.78983e-04   7.02124e-05  -1.50411e-07  -2.81613e-01
 EXTERNAL ERROR MATRIX.    NDIM=  28    NPAR= 13    ERR DEF=1
 ELEMENTS ABOVE DIAGONAL ARE NOT PRINTED.
  2.853e+04 
 -6.275e-04  4.789e-09 
 -4.528e-03 -7.630e-10  4.109e-08 
 -2.476e-04  4.193e-10 -3.302e-09  5.204e-09 
 -5.031e-04  7.860e-11 -6.487e-10  4.274e-10  4.635e-09 
  8.364e-04 -7.021e-11 -2.930e-11 -2.112e-11  1.248e-11  4.723e-09 
  0.000e+00  0.000e+00  0.000e+00  0.000e+00  0.000e+00  0.000e+00  1.800e+05 
  2.615e-03 -1.127e-09  3.227e-09 -1.620e-09  2.404e-10  2.418e-10  0.000e+00  6.973e-08 
  9.489e-03 -1.694e-09 -4.843e-09 -5.480e-10  4.120e-10  8.359e-10  0.000e+00  4.491e-10  7.394e-08 
 -8.349e-03  2.177e-09 -1.045e-10 -1.168e-09  2.940e-10 -1.157e-09  0.000e+00 -3.146e-09 -1.647e-09  7.671e-08 
 -1.564e-04 -1.505e-09  3.322e-09 -1.175e-09 -1.846e-09  2.687e-10  0.000e+00  6.068e-09  1.607e-09 -3.196e-09  7.212e-08 
 -7.600e-04  7.088e-11 -8.923e-11  2.108e-11 -1.054e-10 -2.246e-11  0.000e+00 -1.503e-10 -1.121e-09  1.040e-09 -8.035e-10 
 -7.600e-04  7.088e-11 -8.923e-11  2.108e-11 -1.054e-10 -2.246e-11  0.000e+00 -1.503e-10 -1.121e-09  1.040e-09 -8.035e-10  4.914e-09 
 -5.123e-04  1.485e-10 -4.665e-10 -2.310e-11 -8.195e-11 -1.104e-10  0.000e+00 -3.878e-10 -5.644e-10  1.147e-09 -1.209e-09 
 -5.123e-04  1.485e-10 -4.665e-10 -2.310e-11 -8.195e-11 -1.104e-10  0.000e+00 -3.878e-10 -5.644e-10  1.147e-09 -1.209e-09 -2.109e-12  4.930e-09 
 PARAMETER  CORRELATION COEFFICIENTS  
       NO.  GLOBAL      1      3      4      6     10     13     20     21     22     23     24     25     27
        1  0.31730   1.000 -0.054 -0.132 -0.020 -0.044  0.072  0.000  0.059  0.207 -0.178 -0.003 -0.064 -0.043
        3  0.19238  -0.054  1.000 -0.054  0.084  0.017 -0.015  0.000 -0.062 -0.090  0.114 -0.081  0.015  0.031
        4  0.28931  -0.132 -0.054  1.000 -0.226 -0.047 -0.002  0.000  0.060 -0.088 -0.002  0.061 -0.006 -0.033
        6  0.27677  -0.020  0.084 -0.226  1.000  0.087 -0.004  0.000 -0.085 -0.028 -0.058 -0.061  0.004 -0.005
       10  0.15257  -0.044  0.017 -0.047  0.087  1.000  0.003  0.000  0.013  0.022  0.016 -0.101 -0.022 -0.017
       13  0.09532   0.072 -0.015 -0.002 -0.004  0.003  1.000  0.000  0.013  0.045 -0.061  0.015 -0.005 -0.023
       20  0.00000   0.000  0.000  0.000  0.000  0.000  0.000  1.000  0.000  0.000  0.000  0.000  0.000  0.000
       21  0.15239   0.059 -0.062  0.060 -0.085  0.013  0.013  0.000  1.000  0.006 -0.043  0.086 -0.008 -0.021
       22  0.24440   0.207 -0.090 -0.088 -0.028  0.022  0.045  0.000  0.006  1.000 -0.022  0.022 -0.059 -0.030
       23  0.23974  -0.178  0.114 -0.002 -0.058  0.016 -0.061  0.000 -0.043 -0.022  1.000 -0.043  0.054  0.059
       24  0.18338  -0.003 -0.081  0.061 -0.061 -0.101  0.015  0.000  0.086  0.022 -0.043  1.000 -0.043 -0.064
       25  0.10452  -0.064  0.015 -0.006  0.004 -0.022 -0.005  0.000 -0.008 -0.059  0.054 -0.043  1.000 -0.000
       27  0.10788  -0.043  0.031 -0.033 -0.005 -0.017 -0.023  0.000 -0.021 -0.030  0.059 -0.064 -0.000  1.000
MINUIT - FIT ONLY 2-CBO
 **********
 **   25 **RES 
 **********
                   PARAMETER   16  beta_vw RESTORED TO VARIABLE.
                   PARAMETER   14  alpha_vw RESTORED TO VARIABLE.
                   PARAMETER   11  alpha_y RESTORED TO VARIABLE.
                   PARAMETER    9  alpha_2CBO RESTORED TO VARIABLE.
                   PARAMETER    8  beta_CBO RESTORED TO VARIABLE.
 **********
 **   26 **FIX            0
 **********
 PARAMETER    0  IS UNDEFINED. IGNORED.
 **********
 **   27 **FIX            1
 **********
 **********
 **   28 **FIX            2
 **********
 PARAMETER    2  IS CONSTANT.   IGNORED.
 **********
 **   29 **FIX            3
 **********
 **********
 **   30 **FIX            4
 **********
 **********
 **   31 **FIX            5
 **********
 PARAMETER    5  IS CONSTANT.   IGNORED.
 **********
 **   32 **FIX            6
 **********
 **********
 **   33 **FIX            7
 **********
 PARAMETER    7  IS CONSTANT.   IGNORED.
 **********
 **   34 **FIX           10
 **********
 **********
 **   35 **FIX           11
 **********
 **********
 **   36 **FIX           12
 **********
 PARAMETER   12  IS CONSTANT.   IGNORED.
 **********
 **   37 **FIX           13
 **********
 **********
 **   38 **FIX           14
 **********
 **********
 **   39 **FIX           15
 **********
 PARAMETER   15  IS CONSTANT.   IGNORED.
 **********
 **   40 **FIX           16
 **********
 **********
 **   41 **MIGRAD
 **********
 START MIGRAD MINIMIZATION.  STRATEGY  1.  CONVERGENCE WHEN EDM .LT. 1.00e-04
 FCN=14317.6 FROM MIGRAD    STATUS=INITIATE      515 CALLS        2406 TOTAL
                     EDM= unknown      STRATEGY= 1      NO ERROR MATRIX       
  EXT PARAMETER               CURRENT GUESS       STEP         FIRST   
  NO.   NAME      VALUE            ERROR          SIZE      DERIVATIVE 
   1  N0           3.28718e+06     fixed    
   2  tau          6.44082e+01   constant   
   3  A0           3.62894e-01     fixed    
   4  phi          4.11992e+00     fixed    
   5  R           -6.08612e+01   constant   
   6  alpha_CBO    3.09333e-03     fixed    
   7  w_CBO        2.32643e+00   constant   
   8  beta_CBO     0.00000e+00   1.00000e-03   0.00000e+00  -2.58350e+06
   9  alpha_2CBO   0.00000e+00   1.00000e-03   0.00000e+00  -1.71102e+05
  10  beta_2CBO    2.31705e-04     fixed    
  11  alpha_y      0.00000e+00     fixed    
  12  w_y          1.38965e+01   constant   
  13  beta_y       9.11399e-04     fixed    
  14  alpha_vw     0.00000e+00     fixed    
  15  w_vw         1.43195e+01   constant   
  16  beta_vw      0.00000e+00     fixed    
  17  LM           3.52986e-05   constant   
  18  zeta_y       0.00000e+00   constant   
  19  zeta_vw      0.00000e+00   constant   
  20  T_CBO        1.00000e+02   5.20646e+02   0.00000e+00   0.00000e+00
  21  alpha_A0     4.17096e-05   2.64056e-04   0.00000e+00  -7.76643e-02
  22  beta_A0      3.44103e-03   2.71915e-04   0.00000e+00  -4.68782e+00
  23  alpha_phi   -7.20615e-04   2.76971e-04   0.00000e+00   6.59056e+00
  24  beta_phi     3.68645e-03   2.68556e-04   0.00000e+00  -4.25774e+00
  25  alpha_xy    -2.25583e-04   7.01034e-05   0.00000e+00  -9.75628e+00
  26  w_xy         1.20754e+01   constant   
  27  beta_xy      6.78983e-04   7.02124e-05   0.00000e+00  -2.81596e-01
 MIGRAD MINIMIZATION HAS CONVERGED.
 FCN=5854.34 FROM MIGRAD    STATUS=CONVERGED     631 CALLS        2522 TOTAL
                     EDM=1.91784e-08    STRATEGY= 1  ERROR MATRIX UNCERTAINTY   1.6 per cent
  EXT PARAMETER                                   STEP         FIRST   
  NO.   NAME      VALUE            ERROR          SIZE      DERIVATIVE 
   1  N0           3.28718e+06     fixed    
   2  tau          6.44082e+01   constant   
   3  A0           3.62894e-01     fixed    
   4  phi          4.11992e+00     fixed    
   5  R           -6.08612e+01   constant   
   6  alpha_CBO    3.09333e-03     fixed    
   7  w_CBO        2.32643e+00   constant   
   8  beta_CBO     6.54509e-03   7.13024e-05   1.59122e-09  -3.06606e-02
   9  alpha_2CBO   9.09474e-05   7.10276e-05  -1.23174e-07  -1.14618e+00
  10  beta_2CBO    2.31705e-04     fixed    
  11  alpha_y      0.00000e+00     fixed    
  12  w_y          1.38965e+01   constant   
  13  beta_y       9.11399e-04     fixed    
  14  alpha_vw     0.00000e+00     fixed    
  15  w_vw         1.43195e+01   constant   
  16  beta_vw      0.00000e+00     fixed    
  17  LM           3.52986e-05   constant   
  18  zeta_y       0.00000e+00   constant   
  19  zeta_vw      0.00000e+00   constant   
  20  T_CBO        1.00000e+02   5.20646e+02  -0.00000e+00   0.00000e+00
  21  alpha_A0    -5.01201e-04   2.61409e-04   6.87422e-07   3.98327e-01
  22  beta_A0      2.97237e-03   2.66203e-04   1.80636e-07  -1.80401e-01
  23  alpha_phi   -9.95291e-04   2.77377e-04   1.51973e-07   1.48466e-01
  24  beta_phi    -1.25216e-05   2.72205e-04   2.97104e-08   4.07406e-02
  25  alpha_xy    -2.71502e-04   6.99995e-05  -1.08389e-08  -2.27660e+00
  26  w_xy         1.20754e+01   constant   
  27  beta_xy      6.21200e-04   6.94415e-05  -2.57318e-08  -2.21657e+00
 EXTERNAL ERROR MATRIX.    NDIM=  28    NPAR=  9    ERR DEF=1
  5.084e-09 -2.655e-10  0.000e+00 -4.937e-10 -1.643e-10 -3.083e-11 -2.866e-09 -3.211e-11 -5.545e-11 
 -2.655e-10  5.045e-09  0.000e+00  1.173e-09 -2.638e-09 -2.861e-09  2.694e-10 -9.576e-11  7.538e-11 
  0.000e+00  0.000e+00  1.800e+05  0.000e+00  0.000e+00  0.000e+00  0.000e+00  0.000e+00  0.000e+00 
 -4.937e-10  1.173e-09  0.000e+00  6.833e-08  1.841e-09 -7.556e-09  1.519e-09  4.183e-10 -1.152e-10 
 -1.643e-10 -2.638e-09  0.000e+00  1.841e-09  7.086e-08  1.613e-09  2.049e-09 -1.310e-10  1.884e-10 
 -3.083e-11 -2.861e-09  0.000e+00 -7.556e-09  1.613e-09  7.694e-08 -6.991e-09 -1.321e-10  1.792e-10 
 -2.866e-09  2.694e-10  0.000e+00  1.519e-09  2.049e-09 -6.991e-09  7.410e-08  4.885e-11 -4.182e-10 
 -3.211e-11 -9.576e-11  0.000e+00  4.183e-10 -1.310e-10 -1.321e-10  4.885e-11  4.900e-09 -3.721e-12 
 -5.545e-11  7.538e-11  0.000e+00 -1.152e-10  1.884e-10  1.792e-10 -4.182e-10 -3.721e-12  4.822e-09 
 PARAMETER  CORRELATION COEFFICIENTS  
       NO.  GLOBAL      8      9     20     21     22     23     24     25     27
        8  0.16036   1.000 -0.052  0.000 -0.026 -0.009 -0.002 -0.148 -0.006 -0.011
        9  0.21449  -0.052  1.000  0.000  0.063 -0.140 -0.145  0.014 -0.019  0.015
       20  0.00000   0.000  0.000  1.000  0.000  0.000  0.000  0.000  0.000  0.000
       21  0.12526  -0.026  0.063  0.000  1.000  0.026 -0.104  0.021  0.023 -0.006
       22  0.14846  -0.009 -0.140  0.000  0.026  1.000  0.022  0.028 -0.007  0.010
       23  0.19697  -0.002 -0.145  0.000 -0.104  0.022  1.000 -0.093 -0.007  0.009
       24  0.17850  -0.148  0.014  0.000  0.021  0.028 -0.093  1.000  0.003 -0.022
       25  0.03425  -0.006 -0.019  0.000  0.023 -0.007 -0.007  0.003  1.000 -0.001
       27  0.03499  -0.011  0.015  0.000 -0.006  0.010  0.009 -0.022 -0.001  1.000
MINUIT - FIT wiggle + 1-CBO + 2-CBO
 **********
 **   42 **RES 
 **********
                   PARAMETER   16  beta_vw RESTORED TO VARIABLE.
                   PARAMETER   14  alpha_vw RESTORED TO VARIABLE.
                   PARAMETER   13  beta_y RESTORED TO VARIABLE.
                   PARAMETER   11  alpha_y RESTORED TO VARIABLE.
                   PARAMETER   10  beta_2CBO RESTORED TO VARIABLE.
                   PARAMETER    6  alpha_CBO RESTORED TO VARIABLE.
                   PARAMETER    4  phi RESTORED TO VARIABLE.
                   PARAMETER    3  A0 RESTORED TO VARIABLE.
                   PARAMETER    1  N0 RESTORED TO VARIABLE.
 **********
 **   43 **FIX           10
 **********
 **********
 **   44 **FIX           11
 **********
 **********
 **   45 **FIX           12
 **********
 PARAMETER   12  IS CONSTANT.   IGNORED.
 **********
 **   46 **FIX           13
 **********
 **********
 **   47 **FIX           14
 **********
 **********
 **   48 **FIX           15
 **********
 PARAMETER   15  IS CONSTANT.   IGNORED.
 **********
 **   49 **FIX           16
 **********
 **********
 **   50 **MIGRAD
 **********
 START MIGRAD MINIMIZATION.  STRATEGY  1.  CONVERGENCE WHEN EDM .LT. 1.00e-04
 FCN=5854.34 FROM MIGRAD    STATUS=INITIATE      951 CALLS        3473 TOTAL
                     EDM= unknown      STRATEGY= 1      NO ERROR MATRIX       
  EXT PARAMETER               CURRENT GUESS       STEP         FIRST   
  NO.   NAME      VALUE            ERROR          SIZE      DERIVATIVE 
   1  N0           3.28718e+06   1.68922e+02   0.00000e+00  -1.09583e-01
   2  tau          6.44082e+01   constant   
   3  A0           3.62894e-01   6.92023e-05   0.00000e+00  -6.28259e+05
   4  phi          4.11992e+00   2.02709e-04   0.00000e+00  -4.89458e+03
   5  R           -6.08612e+01   constant   
   6  alpha_CBO    3.09333e-03   7.21358e-05   0.00000e+00   9.43122e+04
   7  w_CBO        2.32643e+00   constant   
   8  beta_CBO     6.54509e-03   7.13024e-05   0.00000e+00  -3.06625e-02
   9  alpha_2CBO   9.09474e-05   7.10276e-05   0.00000e+00  -1.14619e+00
  10  beta_2CBO    2.31705e-04     fixed    
  11  alpha_y      0.00000e+00     fixed    
  12  w_y          1.38965e+01   constant   
  13  beta_y       9.11399e-04     fixed    
  14  alpha_vw     0.00000e+00     fixed    
  15  w_vw         1.43195e+01   constant   
  16  beta_vw      0.00000e+00     fixed    
  17  LM           3.52986e-05   constant   
  18  zeta_y       0.00000e+00   constant   
  19  zeta_vw      0.00000e+00   constant   
  20  T_CBO        1.00000e+02   5.20646e+02   0.00000e+00   0.00000e+00
  21  alpha_A0    -5.01201e-04   2.61409e-04   0.00000e+00   3.98325e-01
  22  beta_A0      2.97237e-03   2.66203e-04   0.00000e+00  -1.80396e-01
  23  alpha_phi   -9.95291e-04   2.77377e-04   0.00000e+00   1.48474e-01
  24  beta_phi    -1.25216e-05   2.72205e-04   0.00000e+00   4.07078e-02
  25  alpha_xy    -2.71502e-04   6.99995e-05   0.00000e+00  -2.27661e+00
  26  w_xy         1.20754e+01   constant   
  27  beta_xy      6.21200e-04   6.94415e-05   0.00000e+00  -2.21659e+00
 MIGRAD MINIMIZATION HAS CONVERGED.
 FCN=5292.29 FROM MIGRAD    STATUS=CONVERGED    1146 CALLS        3668 TOTAL
                     EDM=1.45824e-07    STRATEGY= 1  ERROR MATRIX UNCERTAINTY   2.0 per cent
  EXT PARAMETER                                   STEP         FIRST   
  NO.   NAME      VALUE            ERROR          SIZE      DERIVATIVE 
   1  N0           3.28855e+06   1.75923e+02  -3.02307e-01  -1.45657e-06
   2  tau          6.44082e+01   constant   
   3  A0           3.64426e-01   7.16209e-05   1.14159e-07  -3.96857e+00
   4  phi          4.11966e+00   2.02348e-04   9.80094e-09  -1.05602e+00
   5  R           -6.08612e+01   constant   
   6  alpha_CBO    2.95545e-03   7.09874e-05  -1.45380e-07   3.79149e+00
   7  w_CBO        2.32643e+00   constant   
   8  beta_CBO     6.98459e-03   7.36593e-05   7.21013e-08  -3.02381e-01
   9  alpha_2CBO  -1.74863e-05   6.98240e-05   1.14962e-07   4.24664e+00
  10  beta_2CBO    2.31705e-04     fixed    
  11  alpha_y      0.00000e+00     fixed    
  12  w_y          1.38965e+01   constant   
  13  beta_y       9.11399e-04     fixed    
  14  alpha_vw     0.00000e+00     fixed    
  15  w_vw         1.43195e+01   constant   
  16  beta_vw      0.00000e+00     fixed    
  17  LM           3.52986e-05   constant   
  18  zeta_y       0.00000e+00   constant   
  19  zeta_vw      0.00000e+00   constant   
  20  T_CBO        1.00000e+02   5.20646e+02  -0.00000e+00   0.00000e+00
  21  alpha_A0    -1.19610e-03   2.73065e-04   6.51902e-07  -4.78853e-02
  22  beta_A0      2.87198e-03   2.80493e-04  -1.69973e-08   1.42077e-01
  23  alpha_phi   -5.77322e-04   2.82612e-04   1.72736e-07  -1.28139e-01
  24  beta_phi    -7.81857e-04   2.74785e-04  -3.17115e-07  -2.93472e-01
  25  alpha_xy    -3.20667e-04   7.02290e-05   1.89172e-08  -3.74699e+00
  26  w_xy         1.20754e+01   constant   
  27  beta_xy      6.37267e-04   6.96173e-05  -2.64177e-08  -5.34818e+00
 EXTERNAL ERROR MATRIX.    NDIM=  28    NPAR= 13    ERR DEF=1
 ELEMENTS ABOVE DIAGONAL ARE NOT PRINTED.
  3.095e+04 
 -9.786e-04  5.130e-09 
 -5.674e-03 -4.093e-10  4.094e-08 
 -1.336e-04  3.266e-10 -2.135e-09  5.039e-09 
  9.972e-04  1.229e-09 -2.152e-10 -7.125e-11  5.426e-09 
 -1.906e-04 -4.080e-10  1.472e-09 -3.613e-10 -3.341e-10  4.875e-09 
  0.000e+00  0.000e+00  0.000e+00  0.000e+00  0.000e+00  0.000e+00  1.800e+05 
  4.011e-03 -3.138e-09  5.665e-09 -1.227e-09 -1.018e-09  7.016e-10  0.000e+00  7.456e-08 
  9.864e-03 -1.797e-09 -4.065e-09  1.590e-09 -3.347e-10 -7.121e-10  0.000e+00  1.394e-09  7.868e-08 
 -1.168e-02  3.280e-09 -1.307e-09 -8.584e-10  2.247e-10 -1.754e-09  0.000e+00 -1.096e-08 -7.966e-09  7.987e-08 
  1.435e-03 -2.764e-09  2.510e-09 -4.197e-10 -3.457e-09  3.995e-10  0.000e+00  4.563e-09  2.304e-09 -9.426e-09  7.551e-08 
 -7.779e-05 -1.140e-10  1.536e-11  9.049e-12 -7.698e-11 -6.231e-12  0.000e+00  5.890e-11  3.788e-11 -7.810e-11  2.296e-11 
 -7.779e-05 -1.140e-10  1.536e-11  9.049e-12 -7.698e-11 -6.231e-12  0.000e+00  5.890e-11  3.788e-11 -7.810e-11  2.296e-11  4.932e-09 
 -5.672e-05  1.078e-10 -2.692e-10  3.018e-11 -2.663e-11 -7.379e-12  0.000e+00  1.199e-11  1.368e-10  2.254e-10 -3.935e-10 
 -5.672e-05  1.078e-10 -2.692e-10  3.018e-11 -2.663e-11 -7.379e-12  0.000e+00  1.199e-11  1.368e-10  2.254e-10 -3.935e-10  3.160e-12  4.847e-09 
 PARAMETER  CORRELATION COEFFICIENTS  
       NO.  GLOBAL      1      3      4      6      8      9     20     21     22     23     24     25     27
        1  0.35440   1.000 -0.078 -0.159 -0.011  0.077 -0.016  0.000  0.083  0.200 -0.235  0.030 -0.006 -0.005
        3  0.34097  -0.078  1.000 -0.028  0.064  0.233 -0.082  0.000 -0.160 -0.089  0.162 -0.140 -0.023  0.022
        4  0.26814  -0.159 -0.028  1.000 -0.149 -0.014  0.104  0.000  0.103 -0.072 -0.023  0.045  0.001 -0.019
        6  0.20792  -0.011  0.064 -0.149  1.000 -0.014 -0.073  0.000 -0.063  0.080 -0.043 -0.022  0.002  0.006
        8  0.29636   0.077  0.233 -0.014 -0.014  1.000 -0.065  0.000 -0.051 -0.016  0.011 -0.171 -0.015 -0.005
        9  0.17430  -0.016 -0.082  0.104 -0.073 -0.065  1.000  0.000  0.037 -0.036 -0.089  0.021 -0.001 -0.002
       20  0.00000   0.000  0.000  0.000  0.000  0.000  0.000  1.000  0.000  0.000  0.000  0.000  0.000  0.000
       21  0.23586   0.083 -0.160  0.103 -0.063 -0.051  0.037  0.000  1.000  0.018 -0.142  0.061  0.003  0.001
       22  0.23940   0.200 -0.089 -0.072  0.080 -0.016 -0.036  0.000  0.018  1.000 -0.100  0.030  0.002  0.007
       23  0.33098  -0.235  0.162 -0.023 -0.043  0.011 -0.089  0.000 -0.142 -0.100  1.000 -0.121 -0.004  0.011
       24  0.23149   0.030 -0.140  0.045 -0.022 -0.171  0.021  0.000  0.061  0.030 -0.121  1.000  0.001 -0.021
       25  0.02651  -0.006 -0.023  0.001  0.002 -0.015 -0.001  0.000  0.003  0.002 -0.004  0.001  1.000  0.001
       27  0.03824  -0.005  0.022 -0.019  0.006 -0.005 -0.002  0.000  0.001  0.007  0.011 -0.021  0.001  1.000
MINUIT - FIT ONLY 1-y
 **********
 **   51 **RES 
 **********
                   PARAMETER   16  beta_vw RESTORED TO VARIABLE.
                   PARAMETER   14  alpha_vw RESTORED TO VARIABLE.
                   PARAMETER   13  beta_y RESTORED TO VARIABLE.
                   PARAMETER   11  alpha_y RESTORED TO VARIABLE.
                   PARAMETER   10  beta_2CBO RESTORED TO VARIABLE.
 **********
 **   52 **FIX            0
 **********
 PARAMETER    0  IS UNDEFINED. IGNORED.
 **********
 **   53 **FIX            1
 **********
 **********
 **   54 **FIX            2
 **********
 PARAMETER    2  IS CONSTANT.   IGNORED.
 **********
 **   55 **FIX            3
 **********
 **********
 **   56 **FIX            4
 **********
 **********
 **   57 **FIX            5
 **********
 PARAMETER    5  IS CONSTANT.   IGNORED.
 **********
 **   58 **FIX            6
 **********
 **********
 **   59 **FIX            7
 **********
 PARAMETER    7  IS CONSTANT.   IGNORED.
 **********
 **   60 **FIX            8
 **********
 **********
 **   61 **FIX            9
 **********
 **********
 **   62 **FIX           13
 **********
 **********
 **   63 **FIX           14
 **********
 **********
 **   64 **FIX           15
 **********
 PARAMETER   15  IS CONSTANT.   IGNORED.
 **********
 **   65 **FIX           16
 **********
 **********
 **   66 **MIGRAD
 **********
 START MIGRAD MINIMIZATION.  STRATEGY  1.  CONVERGENCE WHEN EDM .LT. 1.00e-04
 FCN=5292.29 FROM MIGRAD    STATUS=INITIATE      513 CALLS        4181 TOTAL
                     EDM= unknown      STRATEGY= 1      NO ERROR MATRIX       
  EXT PARAMETER               CURRENT GUESS       STEP         FIRST   
  NO.   NAME      VALUE            ERROR          SIZE      DERIVATIVE 
   1  N0           3.28855e+06     fixed    
   2  tau          6.44082e+01   constant   
   3  A0           3.64426e-01     fixed    
   4  phi          4.11966e+00     fixed    
   5  R           -6.08612e+01   constant   
   6  alpha_CBO    2.95545e-03     fixed    
   7  w_CBO        2.32643e+00   constant   
   8  beta_CBO     6.98459e-03     fixed    
   9  alpha_2CBO  -1.74863e-05     fixed    
  10  beta_2CBO    2.31705e-04   6.80792e-05   0.00000e+00   1.06912e+05
  11  alpha_y      0.00000e+00   1.00000e-03   0.00000e+00  -1.19299e+05
  12  w_y          1.38965e+01   constant   
  13  beta_y       9.11399e-04     fixed    
  14  alpha_vw     0.00000e+00     fixed    
  15  w_vw         1.43195e+01   constant   
  16  beta_vw      0.00000e+00     fixed    
  17  LM           3.52986e-05   constant   
  18  zeta_y       0.00000e+00   constant   
  19  zeta_vw      0.00000e+00   constant   
  20  T_CBO        1.00000e+02   5.20646e+02   0.00000e+00   0.00000e+00
  21  alpha_A0    -1.19610e-03   2.73065e-04   0.00000e+00  -4.78865e-02
  22  beta_A0      2.87198e-03   2.80493e-04   0.00000e+00   1.42075e-01
  23  alpha_phi   -5.77322e-04   2.82612e-04   0.00000e+00  -1.28131e-01
  24  beta_phi    -7.81857e-04   2.74785e-04   0.00000e+00  -2.93467e-01
  25  alpha_xy    -3.20667e-04   7.02290e-05   0.00000e+00  -3.74699e+00
  26  w_xy         1.20754e+01   constant   
  27  beta_xy      6.37267e-04   6.96173e-05   0.00000e+00  -5.34818e+00
 MIGRAD MINIMIZATION HAS CONVERGED.
 MIGRAD WILL VERIFY CONVERGENCE AND ERROR MATRIX.
  MNHESS FAILS AND WILL RETURN DIAGONAL MATRIX. 
 FCN=5259.75 FROM MIGRAD    STATUS=CONVERGED     596 CALLS        4264 TOTAL
                     EDM=3.77897e-07    STRATEGY= 1  ERROR MATRIX UNCERTAINTY 100.0 per cent
  EXT PARAMETER                APPROXIMATE        STEP         FIRST   
  NO.   NAME      VALUE            ERROR          SIZE      DERIVATIVE 
   1  N0           3.28855e+06     fixed    
   2  tau          6.44082e+01   constant   
   3  A0           3.64426e-01     fixed    
   4  phi          4.11966e+00     fixed    
   5  R           -6.08612e+01   constant   
   6  alpha_CBO    2.95545e-03     fixed    
   7  w_CBO        2.32643e+00   constant   
   8  beta_CBO     6.98459e-03     fixed    
   9  alpha_2CBO  -1.74863e-05     fixed    
  10  beta_2CBO   -4.71947e-05   7.05462e-05   2.49843e-06   2.62661e+00
  11  alpha_y      2.95609e-04   7.03830e-05   2.49265e-06   2.29719e+00
  12  w_y          1.38965e+01   constant   
  13  beta_y       9.11399e-04     fixed    
  14  alpha_vw     0.00000e+00     fixed    
  15  w_vw         1.43195e+01   constant   
  16  beta_vw      0.00000e+00     fixed    
  17  LM           3.52986e-05   constant   
  18  zeta_y       0.00000e+00   constant   
  19  zeta_vw      0.00000e+00   constant   
  20  T_CBO        1.00000e+02   7.59439e+02  -0.00000e+00   0.00000e+00
  21  alpha_A0    -1.34724e-03   2.58232e-04  -1.21520e-06  -2.83126e+00
  22  beta_A0      2.84369e-03   2.61965e-04  -7.34191e-07   1.29275e+00
  23  alpha_phi   -5.91001e-04   2.71276e-04   3.04257e-07   1.79095e+00
  24  beta_phi    -6.36630e-04   2.67021e-04   1.32666e-06   6.58653e-01
  25  alpha_xy    -3.30347e-04   7.01120e-05   2.42187e-07   1.32623e+00
  26  w_xy         1.20754e+01   constant   
  27  beta_xy      6.57351e-04   6.97530e-05  -8.92903e-07   5.49199e+00
 EXTERNAL ERROR MATRIX.    NDIM=  28    NPAR=  9    ERR DEF=1
  4.977e-09  0.000e+00  0.000e+00  0.000e+00  0.000e+00  0.000e+00  0.000e+00  0.000e+00  0.000e+00 
  0.000e+00  4.954e-09  0.000e+00  0.000e+00  0.000e+00  0.000e+00  0.000e+00  0.000e+00  0.000e+00 
  0.000e+00  0.000e+00  5.421e+05  0.000e+00  0.000e+00  0.000e+00  0.000e+00  0.000e+00  0.000e+00 
  0.000e+00  0.000e+00  0.000e+00  6.668e-08  0.000e+00  0.000e+00  0.000e+00  0.000e+00  0.000e+00 
  0.000e+00  0.000e+00  0.000e+00  0.000e+00  6.863e-08  0.000e+00  0.000e+00  0.000e+00  0.000e+00 
  0.000e+00  0.000e+00  0.000e+00  0.000e+00  0.000e+00  7.359e-08  0.000e+00  0.000e+00  0.000e+00 
  0.000e+00  0.000e+00  0.000e+00  0.000e+00  0.000e+00  0.000e+00  7.130e-08  0.000e+00  0.000e+00 
  0.000e+00  0.000e+00  0.000e+00  0.000e+00  0.000e+00  0.000e+00  0.000e+00  4.916e-09  0.000e+00 
  0.000e+00  0.000e+00  0.000e+00  0.000e+00  0.000e+00  0.000e+00  0.000e+00  0.000e+00  4.865e-09 
ERR MATRIX APPROXIMATE
 PARAMETER  CORRELATION COEFFICIENTS  
       NO.  GLOBAL     10     11     20     21     22     23     24     25     27
       10  0.00000   1.000  0.000  0.000  0.000  0.000  0.000  0.000  0.000  0.000
       11  0.00000   0.000  1.000  0.000  0.000  0.000  0.000  0.000  0.000  0.000
       20  0.00000   0.000  0.000  1.000  0.000  0.000  0.000  0.000  0.000  0.000
       21  0.00000   0.000  0.000  0.000  1.000  0.000  0.000  0.000  0.000  0.000
       22  0.00000   0.000  0.000  0.000  0.000  1.000  0.000  0.000  0.000  0.000
       23  0.00000   0.000  0.000  0.000  0.000  0.000  1.000  0.000  0.000  0.000
       24  0.00000   0.000  0.000  0.000  0.000  0.000  0.000  1.000  0.000  0.000
       25  0.00000   0.000  0.000  0.000  0.000  0.000  0.000  0.000  1.000  0.000
       27  0.00000   0.000  0.000  0.000  0.000  0.000  0.000  0.000  0.000  1.000
 ERR MATRIX APPROXIMATE
MINUIT - FIT ONLY 2-y
 **********
 **   67 **RES 
 **********
                   PARAMETER   16  beta_vw RESTORED TO VARIABLE.
                   PARAMETER   14  alpha_vw RESTORED TO VARIABLE.
                   PARAMETER   13  beta_y RESTORED TO VARIABLE.
                   PARAMETER    9  alpha_2CBO RESTORED TO VARIABLE.
                   PARAMETER    8  beta_CBO RESTORED TO VARIABLE.
                   PARAMETER    6  alpha_CBO RESTORED TO VARIABLE.
                   PARAMETER    4  phi RESTORED TO VARIABLE.
                   PARAMETER    3  A0 RESTORED TO VARIABLE.
                   PARAMETER    1  N0 RESTORED TO VARIABLE.
 **********
 **   68 **FIX            0
 **********
 PARAMETER    0  IS UNDEFINED. IGNORED.
 **********
 **   69 **FIX            1
 **********
 **********
 **   70 **FIX            2
 **********
 PARAMETER    2  IS CONSTANT.   IGNORED.
 **********
 **   71 **FIX            3
 **********
 **********
 **   72 **FIX            4
 **********
 **********
 **   73 **FIX            5
 **********
 PARAMETER    5  IS CONSTANT.   IGNORED.
 **********
 **   74 **FIX            6
 **********
 **********
 **   75 **FIX            7
 **********
 PARAMETER    7  IS CONSTANT.   IGNORED.
 **********
 **   76 **FIX            8
 **********
 **********
 **   77 **FIX            9
 **********
 **********
 **   78 **FIX           10
 **********
 **********
 **   79 **FIX           11
 **********
 **********
 **   80 **FIX           12
 **********
 PARAMETER   12  IS CONSTANT.   IGNORED.
 **********
 **   81 **FIX           16
 **********
 **********
 **   82 **MIGRAD
 **********
 START MIGRAD MINIMIZATION.  STRATEGY  1.  CONVERGENCE WHEN EDM .LT. 1.00e-04
 FCN=5259.75 FROM MIGRAD    STATUS=INITIATE      513 CALLS        4777 TOTAL
                     EDM= unknown      STRATEGY= 1      NO ERROR MATRIX       
  EXT PARAMETER               CURRENT GUESS       STEP         FIRST   
  NO.   NAME      VALUE            ERROR          SIZE      DERIVATIVE 
   1  N0           3.28855e+06     fixed    
   2  tau          6.44082e+01   constant   
   3  A0           3.64426e-01     fixed    
   4  phi          4.11966e+00     fixed    
   5  R           -6.08612e+01   constant   
   6  alpha_CBO    2.95545e-03     fixed    
   7  w_CBO        2.32643e+00   constant   
   8  beta_CBO     6.98459e-03     fixed    
   9  alpha_2CBO  -1.74863e-05     fixed    
  10  beta_2CBO   -4.71947e-05     fixed    
  11  alpha_y      2.95609e-04     fixed    
  12  w_y          1.38965e+01   constant   
  13  beta_y       9.11399e-04   6.87268e-05   0.00000e+00  -2.58340e+04
  14  alpha_vw     0.00000e+00   1.00000e-03   0.00000e+00   6.31369e+05
  15  w_vw         1.43195e+01   constant   
  16  beta_vw      0.00000e+00     fixed    
  17  LM           3.52986e-05   constant   
  18  zeta_y       0.00000e+00   constant   
  19  zeta_vw      0.00000e+00   constant   
  20  T_CBO        1.00000e+02   7.59439e+02   0.00000e+00   0.00000e+00
  21  alpha_A0    -1.34724e-03   2.58232e-04   0.00000e+00  -2.83126e+00
  22  beta_A0      2.84369e-03   2.61965e-04   0.00000e+00   1.29274e+00
  23  alpha_phi   -5.91001e-04   2.71276e-04   0.00000e+00   1.79093e+00
  24  beta_phi    -6.36630e-04   2.67021e-04   0.00000e+00   6.58638e-01
  25  alpha_xy    -3.30347e-04   7.01120e-05   0.00000e+00   1.32623e+00
  26  w_xy         1.20754e+01   constant   
  27  beta_xy      6.57351e-04   6.97530e-05   0.00000e+00   5.49198e+00
 MIGRAD MINIMIZATION HAS CONVERGED.
 MIGRAD WILL VERIFY CONVERGENCE AND ERROR MATRIX.
  MNHESS FAILS AND WILL RETURN DIAGONAL MATRIX. 
 FCN=4693.3 FROM MIGRAD    STATUS=CONVERGED     616 CALLS        4880 TOTAL
                     EDM=1.03493e-07    STRATEGY= 1  ERROR MATRIX UNCERTAINTY 100.0 per cent
  EXT PARAMETER                APPROXIMATE        STEP         FIRST   
  NO.   NAME      VALUE            ERROR          SIZE      DERIVATIVE 
   1  N0           3.28855e+06     fixed    
   2  tau          6.44082e+01   constant   
   3  A0           3.64426e-01     fixed    
   4  phi          4.11966e+00     fixed    
   5  R           -6.08612e+01   constant   
   6  alpha_CBO    2.95545e-03     fixed    
   7  w_CBO        2.32643e+00   constant   
   8  beta_CBO     6.98459e-03     fixed    
   9  alpha_2CBO  -1.74863e-05     fixed    
  10  beta_2CBO   -4.71947e-05     fixed    
  11  alpha_y      2.95609e-04     fixed    
  12  w_y          1.38965e+01   constant   
  13  beta_y       1.55545e-03   6.95486e-05   2.32672e-06   2.02390e+00
  14  alpha_vw    -1.76795e-03   6.98317e-05   2.33619e-06   2.68926e+00
  15  w_vw         1.43195e+01   constant   
  16  beta_vw      0.00000e+00     fixed    
  17  LM           3.52986e-05   constant   
  18  zeta_y       0.00000e+00   constant   
  19  zeta_vw      0.00000e+00   constant   
  20  T_CBO        1.00000e+02   9.44762e+02  -0.00000e+00   0.00000e+00
  21  alpha_A0    -1.49363e-03   2.58242e-04  -7.74408e-07  -1.27690e+00
  22  beta_A0      2.86434e-03   2.61966e-04  -1.70817e-07  -1.98508e-01
  23  alpha_phi   -5.25715e-04   2.71251e-04   3.34880e-07  -1.10377e+00
  24  beta_phi    -5.56398e-04   2.67036e-04  -8.53176e-07   5.09878e-01
  25  alpha_xy    -5.36990e-04   7.01118e-05   4.18902e-08   3.98029e+00
  26  w_xy         1.20754e+01   constant   
  27  beta_xy      5.87561e-04   6.97527e-05   8.32925e-08  -4.49463e-01
 EXTERNAL ERROR MATRIX.    NDIM=  28    NPAR=  9    ERR DEF=1
  4.837e-09  0.000e+00  0.000e+00  0.000e+00  0.000e+00  0.000e+00  0.000e+00  0.000e+00  0.000e+00 
  0.000e+00  4.876e-09  0.000e+00  0.000e+00  0.000e+00  0.000e+00  0.000e+00  0.000e+00  0.000e+00 
  0.000e+00  0.000e+00  1.153e+06  0.000e+00  0.000e+00  0.000e+00  0.000e+00  0.000e+00  0.000e+00 
  0.000e+00  0.000e+00  0.000e+00  6.669e-08  0.000e+00  0.000e+00  0.000e+00  0.000e+00  0.000e+00 
  0.000e+00  0.000e+00  0.000e+00  0.000e+00  6.863e-08  0.000e+00  0.000e+00  0.000e+00  0.000e+00 
  0.000e+00  0.000e+00  0.000e+00  0.000e+00  0.000e+00  7.358e-08  0.000e+00  0.000e+00  0.000e+00 
  0.000e+00  0.000e+00  0.000e+00  0.000e+00  0.000e+00  0.000e+00  7.131e-08  0.000e+00  0.000e+00 
  0.000e+00  0.000e+00  0.000e+00  0.000e+00  0.000e+00  0.000e+00  0.000e+00  4.916e-09  0.000e+00 
  0.000e+00  0.000e+00  0.000e+00  0.000e+00  0.000e+00  0.000e+00  0.000e+00  0.000e+00  4.865e-09 
ERR MATRIX APPROXIMATE
 PARAMETER  CORRELATION COEFFICIENTS  
       NO.  GLOBAL     13     14     20     21     22     23     24     25     27
       13  0.00000   1.000  0.000  0.000  0.000  0.000  0.000  0.000  0.000  0.000
       14  0.00000   0.000  1.000  0.000  0.000  0.000  0.000  0.000  0.000  0.000
       20  0.00000   0.000  0.000  1.000  0.000  0.000  0.000  0.000  0.000  0.000
       21  0.00000   0.000  0.000  0.000  1.000  0.000  0.000  0.000  0.000  0.000
       22  0.00000   0.000  0.000  0.000  0.000  1.000  0.000  0.000  0.000  0.000
       23  0.00000   0.000  0.000  0.000  0.000  0.000  1.000  0.000  0.000  0.000
       24  0.00000   0.000  0.000  0.000  0.000  0.000  0.000  1.000  0.000  0.000
       25  0.00000   0.000  0.000  0.000  0.000  0.000  0.000  0.000  1.000  0.000
       27  0.00000   0.000  0.000  0.000  0.000  0.000  0.000  0.000  0.000  1.000
 ERR MATRIX APPROXIMATE
MINUIT - FIT ALTOGETHER
 **********
 **   83 **RES 
 **********
                   PARAMETER   16  beta_vw RESTORED TO VARIABLE.
                   PARAMETER   11  alpha_y RESTORED TO VARIABLE.
                   PARAMETER   10  beta_2CBO RESTORED TO VARIABLE.
                   PARAMETER    9  alpha_2CBO RESTORED TO VARIABLE.
                   PARAMETER    8  beta_CBO RESTORED TO VARIABLE.
                   PARAMETER    6  alpha_CBO RESTORED TO VARIABLE.
                   PARAMETER    4  phi RESTORED TO VARIABLE.
                   PARAMETER    3  A0 RESTORED TO VARIABLE.
                   PARAMETER    1  N0 RESTORED TO VARIABLE.
 **********
 **   84 **MIGRAD
 **********
 START MIGRAD MINIMIZATION.  STRATEGY  1.  CONVERGENCE WHEN EDM .LT. 1.00e-04
 FCN=4693.3 FROM MIGRAD    STATUS=INITIATE     1683 CALLS        6563 TOTAL
                     EDM= unknown      STRATEGY= 1      NO ERROR MATRIX       
  EXT PARAMETER               CURRENT GUESS       STEP         FIRST   
  NO.   NAME      VALUE            ERROR          SIZE      DERIVATIVE 
   1  N0           3.28855e+06   1.75923e+02   0.00000e+00  -8.20475e-03
   2  tau          6.44082e+01   constant   
   3  A0           3.64426e-01   7.16209e-05   0.00000e+00  -1.62559e+04
   4  phi          4.11966e+00   2.02348e-04   0.00000e+00  -8.82907e+02
   5  R           -6.08612e+01   constant   
   6  alpha_CBO    2.95545e-03   7.09874e-05   0.00000e+00   2.40912e+04
   7  w_CBO        2.32643e+00   constant   
   8  beta_CBO     6.98459e-03   7.36593e-05   0.00000e+00  -1.28358e+04
   9  alpha_2CBO  -1.74863e-05   6.98240e-05   0.00000e+00  -5.22996e+03
  10  beta_2CBO   -4.71947e-05   7.05462e-05   0.00000e+00   1.50741e+04
  11  alpha_y      2.95609e-04   7.03830e-05   0.00000e+00   1.00446e+05
  12  w_y          1.38965e+01   constant   
  13  beta_y       1.55545e-03   6.95486e-05   0.00000e+00   2.02390e+00
  14  alpha_vw    -1.76795e-03   6.98317e-05   0.00000e+00   2.68928e+00
  15  w_vw         1.43195e+01   constant   
  16  beta_vw      0.00000e+00   1.00000e-03   0.00000e+00   1.65839e+06
  17  LM           3.52986e-05   constant   
  18  zeta_y       0.00000e+00   constant   
  19  zeta_vw      0.00000e+00   constant   
  20  T_CBO        1.00000e+02   9.44762e+02   0.00000e+00   0.00000e+00
  21  alpha_A0    -1.49363e-03   2.58242e-04   0.00000e+00  -1.27689e+00
  22  beta_A0      2.86434e-03   2.61966e-04   0.00000e+00  -1.98510e-01
  23  alpha_phi   -5.25715e-04   2.71251e-04   0.00000e+00  -1.10374e+00
  24  beta_phi    -5.56398e-04   2.67036e-04   0.00000e+00   5.09870e-01
  25  alpha_xy    -5.36990e-04   7.01118e-05   0.00000e+00   3.98030e+00
  26  w_xy         1.20754e+01   constant   
  27  beta_xy      5.87561e-04   6.97527e-05   0.00000e+00  -4.49462e-01
 MIGRAD MINIMIZATION HAS CONVERGED.
 FCN=539.637 FROM MIGRAD    STATUS=CONVERGED    1948 CALLS        6828 TOTAL
                     EDM=4.78525e-07    STRATEGY= 1  ERROR MATRIX UNCERTAINTY   1.9 per cent
  EXT PARAMETER                                   STEP         FIRST   
  NO.   NAME      VALUE            ERROR          SIZE      DERIVATIVE 
   1  N0           3.28899e+06   1.60912e+02   2.58095e-01  -1.47386e-06
   2  tau          6.44082e+01   constant   
   3  A0           3.64501e-01   6.58704e-05   7.79770e-08  -3.16790e+00
   4  phi          4.11995e+00   1.98264e-04  -1.27888e-07   4.11124e+00
   5  R           -6.08612e+01   constant   
   6  alpha_CBO    2.74998e-03   7.28897e-05   1.12911e-07   2.56905e+00
   7  w_CBO        2.32643e+00   constant   
   8  beta_CBO     7.13980e-03   6.89035e-05  -3.54853e-08  -9.01252e+00
   9  alpha_2CBO   5.99445e-06   6.78555e-05   8.38833e-08   7.08883e-01
  10  beta_2CBO   -2.22749e-04   7.41168e-05   8.95288e-08   2.66177e+00
  11  alpha_y     -1.69653e-03   7.66057e-05  -1.18831e-08   1.56374e+00
  12  w_y          1.38965e+01   constant   
  13  beta_y       1.11590e-03   7.61466e-05   5.02797e-08   2.66972e+00
  14  alpha_vw    -1.88847e-03   7.74122e-05  -4.69645e-08   1.61803e+00
  15  w_vw         1.43195e+01   constant   
  16  beta_vw     -4.87903e-03   7.61319e-05   5.43871e-08  -5.66208e+00
  17  LM           3.52986e-05   constant   
  18  zeta_y       0.00000e+00   constant   
  19  zeta_vw      0.00000e+00   constant   
  20  T_CBO        1.00000e+02   5.20646e+02  -0.00000e+00   0.00000e+00
  21  alpha_A0    -1.82444e-03   2.56853e-04   7.09253e-08   9.73340e-01
  22  beta_A0      2.73215e-03   2.62059e-04   2.17172e-07  -9.60470e-01
  23  alpha_phi   -6.23527e-04   2.59230e-04   3.43976e-07   1.62975e+00
  24  beta_phi    -4.53570e-05   2.72584e-04  -6.89136e-08   6.55892e-01
  25  alpha_xy    -5.30525e-04   7.13251e-05   3.57634e-08   1.98589e+00
  26  w_xy         1.20754e+01   constant   
  27  beta_xy      1.75084e-06   7.14255e-05  -4.53782e-08  -1.47610e+00
 EXTERNAL ERROR MATRIX.    NDIM=  28    NPAR= 18    ERR DEF=1
 ELEMENTS ABOVE DIAGONAL ARE NOT PRINTED.
  2.589e+04 
  8.727e-05  4.339e-09 
 -1.279e-03 -4.079e-10  3.931e-08 
 -2.376e-04  8.140e-11 -1.703e-09  5.313e-09 
  1.594e-04  2.407e-10  3.551e-10 -2.194e-11  4.748e-09 
 -3.759e-04 -9.037e-11 -3.811e-10 -1.137e-10  1.372e-10  4.604e-09 
 -2.697e-04  1.189e-10 -1.649e-09  5.032e-10 -1.001e-10 -9.538e-11  5.493e-09 
 -5.755e-04  7.662e-11 -3.410e-10  8.369e-11 -2.097e-10  3.780e-11  1.110e-10  5.868e-09 
  8.686e-04 -2.704e-10 -8.714e-11 -8.410e-11  1.559e-10  1.337e-10  1.057e-11 -2.536e-10  5.798e-09 
 -3.853e-04 -1.259e-10  8.926e-11  2.257e-10  1.762e-10 -7.973e-11  2.534e-10  7.150e-10 -1.515e-09  5.993e-09 
 -2.797e-04 -2.737e-11 -4.850e-10  1.527e-10 -7.558e-11 -9.459e-12  1.357e-10  2.043e-09  5.389e-10  7.700e-11  5.796e-09 
  0.000e+00  0.000e+00  0.000e+00  0.000e+00  0.000e+00  0.000e+00  0.000e+00  0.000e+00  0.000e+00  0.000e+00  0.000e+00 
  0.000e+00  0.000e+00  0.000e+00  0.000e+00  0.000e+00  0.000e+00  0.000e+00  0.000e+00  0.000e+00  0.000e+00  0.000e+00  1.800e+05 
  7.819e-05 -3.897e-10 -7.892e-10  1.754e-10  3.618e-10 -1.262e-10  3.184e-10  2.593e-10 -4.109e-10 -3.686e-10  2.941e-10 
  7.819e-05 -3.897e-10 -7.892e-10  1.754e-10  3.618e-10 -1.262e-10  3.184e-10  2.593e-10 -4.109e-10 -3.686e-10  2.941e-10  0.000e+00  6.597e-08 
  8.765e-04 -3.290e-10 -1.745e-09  5.850e-10  4.215e-10 -4.686e-11  6.838e-10  1.806e-10  2.256e-10 -1.154e-09  2.443e-10 
  8.765e-04 -3.290e-10 -1.745e-09  5.850e-10  4.215e-10 -4.686e-11  6.838e-10  1.806e-10  2.256e-10 -1.154e-09  2.443e-10  0.000e+00 -6.419e-10  6.867e-08 
 -3.059e-03 -8.708e-11 -2.327e-09 -5.546e-10  3.143e-10 -1.119e-09 -5.012e-10  1.363e-10  7.844e-11  1.108e-09 -1.047e-11 
 -3.059e-03 -8.708e-11 -2.327e-09 -5.546e-10  3.143e-10 -1.119e-09 -5.012e-10  1.363e-10  7.844e-11  1.108e-09 -1.047e-11  0.000e+00  4.159e-11  2.272e-10  6.720e-08 
 -8.141e-04 -2.442e-11  3.015e-09 -1.729e-09  9.623e-11 -2.112e-10 -1.799e-09 -9.364e-10  8.597e-10 -2.866e-10 -5.812e-10 
 -8.141e-04 -2.442e-11  3.015e-09 -1.729e-09  9.623e-11 -2.112e-10 -1.799e-09 -9.364e-10  8.597e-10 -2.866e-10 -5.812e-10  0.000e+00 -2.076e-10 -5.048e-10 -2.695e-09  7.430e-08 
 -3.008e-04  5.897e-11 -3.916e-10  6.463e-11  5.241e-11 -7.955e-11  6.322e-11  2.708e-12 -5.306e-10  5.513e-10 -2.023e-11 
 -3.008e-04  5.897e-11 -3.916e-10  6.463e-11  5.241e-11 -7.955e-11  6.322e-11  2.708e-12 -5.306e-10  5.513e-10 -2.023e-11  0.000e+00 -6.139e-11 -8.933e-11 -2.041e-10 -5.528e-10  5.087e-09 
 -2.161e-04 -9.734e-12  1.020e-10  9.795e-11 -9.552e-11  2.281e-11  1.026e-10  5.508e-10 -2.208e-10  3.511e-10  6.783e-10 
 -2.161e-04 -9.734e-12  1.020e-10  9.795e-11 -9.552e-11  2.281e-11  1.026e-10  5.508e-10 -2.208e-10  3.511e-10  6.783e-10  0.000e+00  1.247e-10 -1.729e-10  4.615e-10 -2.288e-10  1.036e-10  5.102e-09 
 PARAMETER  CORRELATION COEFFICIENTS  
       NO.  GLOBAL      1      3      4      6      8      9     10     11     13     14     16     20     21     22     23     24
        1  0.14119   1.000  0.008 -0.040 -0.020  0.014 -0.034 -0.023 -0.047  0.071 -0.031 -0.023  0.000  0.002  0.021 -0.073 -0.019
        3  0.10954   0.008  1.000 -0.031  0.017  0.053 -0.020  0.024  0.015 -0.054 -0.025 -0.005  0.000 -0.023 -0.019 -0.005 -0.001
        4  0.19040  -0.040 -0.031  1.000 -0.118  0.026 -0.028 -0.112 -0.022 -0.006  0.006 -0.032  0.000 -0.015 -0.034 -0.045  0.056
        6  0.17761  -0.020  0.017 -0.118  1.000 -0.004 -0.023  0.093  0.015 -0.015  0.040  0.028  0.000  0.009  0.031 -0.029 -0.087
        8  0.11074   0.014  0.053  0.026 -0.004  1.000  0.029 -0.020 -0.040  0.030  0.033 -0.014  0.000  0.020  0.023  0.018  0.005
        9  0.10605  -0.034 -0.020 -0.028 -0.023  0.029  1.000 -0.019  0.007  0.026 -0.015 -0.002  0.000 -0.007 -0.003 -0.064 -0.011
       10  0.17898  -0.023  0.024 -0.112  0.093 -0.020 -0.019  1.000  0.020  0.002  0.044  0.024  0.000  0.017  0.035 -0.026 -0.089
       11  0.38102  -0.047  0.015 -0.022  0.015 -0.040  0.007  0.020  1.000 -0.043  0.121  0.350  0.000  0.013  0.009  0.007 -0.045
       13  0.31097   0.071 -0.054 -0.006 -0.015  0.030  0.026  0.002 -0.043  1.000 -0.257  0.093  0.000 -0.021  0.011  0.004  0.041
       14  0.31607  -0.031 -0.025  0.006  0.040  0.033 -0.015  0.044  0.121 -0.257  1.000  0.013  0.000 -0.019 -0.057  0.055 -0.014
       16  0.38089  -0.023 -0.005 -0.032  0.028 -0.014 -0.002  0.024  0.350  0.093  0.013  1.000  0.000  0.015  0.012 -0.001 -0.028
       20  0.00000   0.000  0.000  0.000  0.000  0.000  0.000  0.000  0.000  0.000  0.000  0.000  1.000  0.000  0.000  0.000  0.000
       21  0.06018   0.002 -0.023 -0.015  0.009  0.020 -0.007  0.017  0.013 -0.021 -0.019  0.015  0.000  1.000 -0.010  0.001 -0.003
       22  0.09274   0.021 -0.019 -0.034  0.031  0.023 -0.003  0.035  0.009  0.011 -0.057  0.012  0.000 -0.010  1.000  0.003 -0.007
       23  0.14803  -0.073 -0.005 -0.045 -0.029  0.018 -0.064 -0.026  0.007  0.004  0.055 -0.001  0.000  0.001  0.003  1.000 -0.038
       24  0.15010  -0.019 -0.001  0.056 -0.087  0.005 -0.011 -0.089 -0.045  0.041 -0.014 -0.028  0.000 -0.003 -0.007 -0.038  1.000
       25  0.13622  -0.026  0.013 -0.028  0.012  0.011 -0.016  0.012  0.000 -0.098  0.100 -0.004  0.000 -0.003 -0.005 -0.011 -0.028
                     1.000  0.020
       27  0.15888  -0.019 -0.002  0.007  0.019 -0.019  0.005  0.019  0.101 -0.041  0.064  0.125  0.000  0.007 -0.009  0.025 -0.012
                     0.020  1.000
MINUIT - MINOS
 **********
 **   85 **RES 
 **********
 CALL TO MNFREE IGNORED.  THERE ARE NO FIXED PARAMETERS
 **********
 **   86 **MIG      2.5e+04        0.01
 **********
 START MIGRAD MINIMIZATION.  STRATEGY  1.  CONVERGENCE WHEN EDM .LT. 1.00e-05
 FCN=539.637 FROM MIGRAD    STATUS=INITIATE       36 CALLS        6864 TOTAL
                     EDM=4.51945e-07    STRATEGY= 1  ERROR MATRIX UNCERTAINTY   1.9 per cent
  EXT PARAMETER                                   STEP         FIRST   
  NO.   NAME      VALUE            ERROR          SIZE      DERIVATIVE 
   1  N0           3.28899e+06   1.60912e+02   2.58095e-01  -1.47384e-06
   2  tau          6.44082e+01   constant   
   3  A0           3.64501e-01   6.58704e-05   7.79770e-08  -3.16791e+00
   4  phi          4.11995e+00   1.98264e-04  -1.27888e-07   4.11124e+00
   5  R           -6.08612e+01   constant   
   6  alpha_CBO    2.74998e-03   7.28897e-05   1.12911e-07   2.56906e+00
   7  w_CBO        2.32643e+00   constant   
   8  beta_CBO     7.13980e-03   6.89035e-05  -3.54853e-08  -9.01252e+00
   9  alpha_2CBO   5.99445e-06   6.78555e-05   8.38833e-08   7.08880e-01
  10  beta_2CBO   -2.22749e-04   7.41168e-05   8.95288e-08   2.66179e+00
  11  alpha_y     -1.69653e-03   7.66057e-05  -1.18831e-08   1.56373e+00
  12  w_y          1.38965e+01   constant   
  13  beta_y       1.11590e-03   7.61466e-05   5.02797e-08   2.66971e+00
  14  alpha_vw    -1.88847e-03   7.74122e-05  -4.69645e-08   1.61804e+00
  15  w_vw         1.43195e+01   constant   
  16  beta_vw     -4.87903e-03   7.61319e-05   5.43871e-08  -5.66207e+00
  17  LM           3.52986e-05   constant   
  18  zeta_y       0.00000e+00   constant   
  19  zeta_vw      0.00000e+00   constant   
  20  T_CBO        1.00000e+02   5.20646e+02  -0.00000e+00   0.00000e+00
  21  alpha_A0    -1.82444e-03   2.56853e-04   7.09253e-08   9.73340e-01
  22  beta_A0      2.73215e-03   2.62059e-04   2.17172e-07  -9.60472e-01
  23  alpha_phi   -6.23527e-04   2.59230e-04   3.43976e-07   1.62975e+00
  24  beta_phi    -4.53570e-05   2.72584e-04  -6.89136e-08   6.55889e-01
  25  alpha_xy    -5.30525e-04   7.13251e-05   3.57634e-08   1.98588e+00
  26  w_xy         1.20754e+01   constant   
  27  beta_xy      1.75084e-06   7.14255e-05  -4.53782e-08  -1.47612e+00
 MIGRAD MINIMIZATION HAS CONVERGED.
 FCN=539.637 FROM MIGRAD    STATUS=CONVERGED      74 CALLS        6902 TOTAL
                     EDM=3.84528e-08    STRATEGY= 1  ERROR MATRIX UNCERTAINTY   2.5 per cent
  EXT PARAMETER                                   STEP         FIRST   
  NO.   NAME      VALUE            ERROR          SIZE      DERIVATIVE 
   1  N0           3.28899e+06   1.68057e+02   3.06934e-02  -1.19158e-06
   2  tau          6.44082e+01   constant   
   3  A0           3.64501e-01   6.65158e-05   1.08514e-08  -3.03996e-01
   4  phi          4.11995e+00   2.00374e-04  -9.21414e-08  -4.77381e-01
   5  R           -6.08612e+01   constant   
   6  alpha_CBO    2.74998e-03   7.24896e-05  -3.11063e-09  -2.18710e+00
   7  w_CBO        2.32643e+00   constant   
   8  beta_CBO     7.13983e-03   7.27499e-05   2.47068e-08  -1.06162e+00
   9  alpha_2CBO   5.99514e-06   6.77508e-05   6.84819e-10   2.27279e+00
  10  beta_2CBO   -2.22754e-04   7.45636e-05  -4.50017e-09   1.28281e+00
  11  alpha_y     -1.69652e-03   7.66001e-05   8.43908e-10  -4.81919e-01
  12  w_y          1.38965e+01   constant   
  13  beta_y       1.11589e-03   7.59774e-05  -4.00770e-09  -1.09211e+00
  14  alpha_vw    -1.88847e-03   7.70983e-05  -6.16166e-09  -1.14186e+00
  15  w_vw         1.43195e+01   constant   
  16  beta_vw     -4.87901e-03   7.52389e-05   1.77935e-08   1.71260e+00
  17  LM           3.52986e-05   constant   
  18  zeta_y       0.00000e+00   constant   
  19  zeta_vw      0.00000e+00   constant   
  20  T_CBO        1.00000e+02   5.20646e+02  -0.00000e+00   0.00000e+00
  21  alpha_A0    -1.82447e-03   2.60507e-04  -3.45594e-08   2.88200e-01
  22  beta_A0      2.73220e-03   2.63717e-04   4.62790e-08   1.93660e-02
  23  alpha_phi   -6.23586e-04   2.62654e-04  -5.88355e-08   2.03553e-02
  24  beta_phi    -4.53877e-05   2.74760e-04  -3.07140e-08   1.83121e-01
  25  alpha_xy    -5.30529e-04   7.15870e-05  -4.41713e-09   6.59575e-01
  26  w_xy         1.20754e+01   constant   
  27  beta_xy      1.75522e-06   7.16493e-05   4.37992e-09  -7.43874e-01
 EXTERNAL ERROR MATRIX.    NDIM=  28    NPAR= 18    ERR DEF=1
 ELEMENTS ABOVE DIAGONAL ARE NOT PRINTED.
  2.824e+04 
  6.236e-04  4.424e-09 
 -4.948e-03 -8.202e-10  4.015e-08 
 -6.978e-05  1.706e-10 -2.550e-09  5.255e-09 
  1.444e-03  4.577e-10 -7.736e-10  1.747e-10  5.293e-09 
 -6.680e-04 -2.002e-10  5.712e-10 -7.500e-11 -1.115e-10  4.590e-09 
 -6.685e-04  2.108e-11 -9.482e-10  4.841e-10 -3.320e-10 -5.377e-11  5.560e-09 
 -5.588e-04  7.444e-11 -2.982e-10  9.315e-11 -2.129e-10  2.870e-11  1.070e-10  5.868e-09 
  8.137e-04 -2.513e-10 -3.647e-10 -1.316e-10  1.911e-10  1.774e-10  2.570e-11 -2.489e-10  5.773e-09 
 -5.005e-04 -1.074e-10 -2.453e-10  1.559e-10  2.055e-10 -1.314e-11  2.812e-10  7.215e-10 -1.550e-09  5.944e-09 
  2.851e-04  1.461e-12 -2.162e-10  3.309e-10  2.676e-11 -1.966e-10  2.151e-11  2.031e-09  6.113e-10  1.704e-10  5.661e-09 
  0.000e+00  0.000e+00  0.000e+00  0.000e+00  0.000e+00  0.000e+00  0.000e+00  0.000e+00  0.000e+00  0.000e+00  0.000e+00 
  0.000e+00  0.000e+00  0.000e+00  0.000e+00  0.000e+00  0.000e+00  0.000e+00  0.000e+00  0.000e+00  0.000e+00  0.000e+00  1.800e+05 
 -2.085e-03 -8.225e-10  1.889e-09 -6.263e-11 -6.949e-10  2.134e-10  6.965e-10  2.537e-10 -4.123e-10 -3.362e-10 -6.123e-11 
 -2.085e-03 -8.225e-10  1.889e-09 -6.263e-11 -6.949e-10  2.134e-10  6.965e-10  2.537e-10 -4.123e-10 -3.362e-10 -6.123e-11  0.000e+00  6.786e-08 
  2.938e-03 -4.465e-11 -2.824e-09  9.884e-10  1.164e-09 -5.203e-10  2.999e-10  1.651e-10  3.365e-10 -1.029e-09  2.360e-10 
  2.938e-03 -4.465e-11 -2.824e-09  9.884e-10  1.164e-09 -5.203e-10  2.999e-10  1.651e-10  3.365e-10 -1.029e-09  2.360e-10  0.000e+00 -2.233e-09  6.955e-08 
 -5.778e-03 -4.835e-10 -6.595e-10 -1.057e-09 -7.096e-10 -5.194e-10  1.417e-12  1.533e-10 -4.964e-11  9.696e-10 -5.718e-11 
 -5.778e-03 -4.835e-10 -6.595e-10 -1.057e-09 -7.096e-10 -5.194e-10  1.417e-12  1.533e-10 -4.964e-11  9.696e-10 -5.718e-11  0.000e+00  2.175e-09 -1.030e-09  6.899e-08 
 -2.585e-03 -3.557e-10  4.941e-09 -1.956e-09 -7.214e-10  9.400e-11 -1.485e-09 -9.372e-10  8.388e-10 -2.881e-10 -8.095e-10 
 -2.585e-03 -3.557e-10  4.941e-09 -1.956e-09 -7.214e-10  9.400e-11 -1.485e-09 -9.372e-10  8.388e-10 -2.881e-10 -8.095e-10  0.000e+00  1.302e-09 -1.691e-09 -1.088e-09  7.549e-08 
 -6.000e-04 -4.391e-12  1.888e-11  3.652e-11 -1.010e-10 -3.664e-11  1.149e-10  1.371e-12 -5.278e-10  5.600e-10 -7.884e-11 
 -6.000e-04 -4.391e-12  1.888e-11  3.652e-11 -1.010e-10 -3.664e-11  1.149e-10  1.371e-12 -5.278e-10  5.600e-10 -7.884e-11  0.000e+00  2.058e-10 -3.270e-10  1.123e-10 -3.370e-10  5.125e-09 
  6.382e-05  4.716e-11 -2.547e-10  1.275e-10  4.306e-11 -2.011e-11  5.380e-11  5.517e-10 -2.214e-10  3.459e-10  7.267e-10 
  6.382e-05  4.716e-11 -2.547e-10  1.275e-10  4.306e-11 -2.011e-11  5.380e-11  5.517e-10 -2.214e-10  3.459e-10  7.267e-10  0.000e+00 -1.214e-10  3.742e-11  1.800e-10 -4.259e-10  6.895e-11  5.134e-09 
 PARAMETER  CORRELATION COEFFICIENTS  
       NO.  GLOBAL      1      3      4      6      8      9     10     11     13     14     16     20     21     22     23     24
        1  0.26924   1.000  0.056 -0.147 -0.006  0.118 -0.059 -0.053 -0.043  0.064 -0.039  0.023  0.000 -0.048  0.066 -0.131 -0.056
        3  0.15217   0.056  1.000 -0.062  0.035  0.095 -0.044  0.004  0.015 -0.050 -0.021  0.000  0.000 -0.047 -0.003 -0.028 -0.019
        4  0.26089  -0.147 -0.062  1.000 -0.176 -0.053  0.042 -0.063 -0.019 -0.024 -0.016 -0.014  0.000  0.036 -0.053 -0.013  0.090
        6  0.23542  -0.006  0.035 -0.176  1.000  0.033 -0.015  0.090  0.017 -0.024  0.028  0.061  0.000 -0.003  0.052 -0.056 -0.098
        8  0.19475   0.118  0.095 -0.053  0.033  1.000 -0.023 -0.061 -0.038  0.035  0.037  0.005  0.000 -0.037  0.061 -0.037 -0.036
        9  0.11048  -0.059 -0.044  0.042 -0.015 -0.023  1.000 -0.011  0.006  0.034 -0.003 -0.039  0.000  0.012 -0.029 -0.029  0.005
       10  0.16408  -0.053  0.004 -0.063  0.090 -0.061 -0.011  1.000  0.019  0.005  0.049  0.004  0.000  0.036  0.015  0.000 -0.072
       11  0.38421  -0.043  0.015 -0.019  0.017 -0.038  0.006  0.019  1.000 -0.043  0.122  0.352  0.000  0.013  0.008  0.008 -0.045
       13  0.32453   0.064 -0.050 -0.024 -0.024  0.035  0.034  0.005 -0.043  1.000 -0.265  0.107  0.000 -0.021  0.017 -0.002  0.040
       14  0.32098  -0.039 -0.021 -0.016  0.028  0.037 -0.003  0.049  0.122 -0.265  1.000  0.029  0.000 -0.017 -0.051  0.048 -0.014
       16  0.39571   0.023  0.000 -0.014  0.061  0.005 -0.039  0.004  0.352  0.107  0.029  1.000  0.000 -0.003  0.012 -0.003 -0.039
       20  0.00000   0.000  0.000  0.000  0.000  0.000  0.000  0.000  0.000  0.000  0.000  0.000  1.000  0.000  0.000  0.000  0.000
       21  0.10062  -0.048 -0.047  0.036 -0.003 -0.037  0.012  0.036  0.013 -0.021 -0.017 -0.003  0.000  1.000 -0.033  0.032  0.018
       22  0.12680   0.066 -0.003 -0.053  0.052  0.061 -0.029  0.015  0.008  0.017 -0.051  0.012  0.000 -0.033  1.000 -0.015 -0.023
       23  0.16813  -0.131 -0.028 -0.013 -0.056 -0.037 -0.029  0.000  0.008 -0.002  0.048 -0.003  0.000  0.032 -0.015  1.000 -0.015
       24  0.16683  -0.056 -0.019  0.090 -0.098 -0.036  0.005 -0.072 -0.045  0.040 -0.014 -0.039  0.000  0.018 -0.023 -0.015  1.000
       25  0.13637  -0.050 -0.001  0.001  0.007 -0.019 -0.008  0.022  0.000 -0.097  0.101 -0.015  0.000  0.011 -0.017  0.006 -0.017
                     1.000  0.013
       27  0.16250   0.005  0.010 -0.018  0.025  0.008 -0.004  0.010  0.101 -0.041  0.063  0.135  0.000 -0.007  0.002  0.010 -0.022
                     0.013  1.000
 **********
 **   87 **MINO      2.5e+04
 **********
    THE POSITIVE MINOS ERROR OF PARAMETER  20, T_CBO EXCEEDS ITS LIMIT.
    THE NEGATIVE MINOS ERROR OF PARAMETER  20, T_CBO EXCEEDS ITS LIMIT.
 FCN=539.637 FROM MINOS     STATUS=PROBLEMS     6140 CALLS       13042 TOTAL
                     EDM=3.84528e-08    STRATEGY= 1  ERROR MATRIX UNCERTAINTY   2.5 per cent
  EXT PARAMETER                  PARABOLIC         MINOS ERRORS        
  NO.   NAME      VALUE            ERROR      NEGATIVE      POSITIVE   
   1  N0           3.28899e+06   1.68057e+02  -1.74921e+02   1.74956e+02
   2  tau          6.44082e+01   constant   
   3  A0           3.64501e-01   6.65158e-05  -7.14398e-05   7.14461e-05
   4  phi          4.11995e+00   2.00374e-04  -1.99728e-04   1.99738e-04
   5  R           -6.08612e+01   constant   
   6  alpha_CBO    2.74998e-03   7.24896e-05  -7.23777e-05   7.23873e-05
   7  w_CBO        2.32643e+00   constant   
   8  beta_CBO     7.13983e-03   7.27499e-05  -7.37383e-05   7.37467e-05
   9  alpha_2CBO   5.99514e-06   6.77508e-05  -7.12440e-05   7.12322e-05
  10  beta_2CBO   -2.22754e-04   7.45636e-05  -7.30341e-05   7.30270e-05
  11  alpha_y     -1.69652e-03   7.66001e-05  -7.63193e-05   7.63193e-05
  12  w_y          1.38965e+01   constant   
  13  beta_y       1.11589e-03   7.59774e-05  -7.45764e-05   7.45795e-05
  14  alpha_vw    -1.88847e-03   7.70983e-05  -7.52712e-05   7.52753e-05
  15  w_vw         1.43195e+01   constant   
  16  beta_vw     -4.87901e-03   7.52389e-05  -7.58426e-05   7.58347e-05
  17  LM           3.52986e-05   constant   
  18  zeta_y       0.00000e+00   constant   
  19  zeta_vw      0.00000e+00   constant   
  20  T_CBO        1.00000e+02   5.20646e+02   at limit      at limit   
  21  alpha_A0    -1.82447e-03   2.60507e-04  -2.70369e-04   2.70353e-04
  22  beta_A0      2.73220e-03   2.63717e-04  -2.75427e-04   2.75441e-04
  23  alpha_phi   -6.23586e-04   2.62654e-04  -2.88653e-04   2.88635e-04
  24  beta_phi    -4.53877e-05   2.74760e-04  -2.78153e-04   2.78156e-04
  25  alpha_xy    -5.30529e-04   7.15870e-05  -7.08831e-05   7.08800e-05
  26  w_xy         1.20754e+01   constant   
  27  beta_xy      1.75522e-06   7.16493e-05  -7.07136e-05   7.07162e-05
 **********
 **   88 **SHO COR 
 **********
 PARAMETER  CORRELATION COEFFICIENTS  
       NO.  GLOBAL      1      3      4      6      8      9     10     11     13     14     16     20     21     22     23     24
        1  0.26924   1.000  0.056 -0.147 -0.006  0.118 -0.059 -0.053 -0.043  0.064 -0.039  0.023  0.000 -0.048  0.066 -0.131 -0.056
        3  0.15217   0.056  1.000 -0.062  0.035  0.095 -0.044  0.004  0.015 -0.050 -0.021  0.000  0.000 -0.047 -0.003 -0.028 -0.019
        4  0.26089  -0.147 -0.062  1.000 -0.176 -0.053  0.042 -0.063 -0.019 -0.024 -0.016 -0.014  0.000  0.036 -0.053 -0.013  0.090
        6  0.23542  -0.006  0.035 -0.176  1.000  0.033 -0.015  0.090  0.017 -0.024  0.028  0.061  0.000 -0.003  0.052 -0.056 -0.098
        8  0.19475   0.118  0.095 -0.053  0.033  1.000 -0.023 -0.061 -0.038  0.035  0.037  0.005  0.000 -0.037  0.061 -0.037 -0.036
        9  0.11048  -0.059 -0.044  0.042 -0.015 -0.023  1.000 -0.011  0.006  0.034 -0.003 -0.039  0.000  0.012 -0.029 -0.029  0.005
       10  0.16408  -0.053  0.004 -0.063  0.090 -0.061 -0.011  1.000  0.019  0.005  0.049  0.004  0.000  0.036  0.015  0.000 -0.072
       11  0.38421  -0.043  0.015 -0.019  0.017 -0.038  0.006  0.019  1.000 -0.043  0.122  0.352  0.000  0.013  0.008  0.008 -0.045
       13  0.32453   0.064 -0.050 -0.024 -0.024  0.035  0.034  0.005 -0.043  1.000 -0.265  0.107  0.000 -0.021  0.017 -0.002  0.040
       14  0.32098  -0.039 -0.021 -0.016  0.028  0.037 -0.003  0.049  0.122 -0.265  1.000  0.029  0.000 -0.017 -0.051  0.048 -0.014
       16  0.39571   0.023  0.000 -0.014  0.061  0.005 -0.039  0.004  0.352  0.107  0.029  1.000  0.000 -0.003  0.012 -0.003 -0.039
       20  0.00000   0.000  0.000  0.000  0.000  0.000  0.000  0.000  0.000  0.000  0.000  0.000  1.000  0.000  0.000  0.000  0.000
       21  0.10062  -0.048 -0.047  0.036 -0.003 -0.037  0.012  0.036  0.013 -0.021 -0.017 -0.003  0.000  1.000 -0.033  0.032  0.018
       22  0.12680   0.066 -0.003 -0.053  0.052  0.061 -0.029  0.015  0.008  0.017 -0.051  0.012  0.000 -0.033  1.000 -0.015 -0.023
       23  0.16813  -0.131 -0.028 -0.013 -0.056 -0.037 -0.029  0.000  0.008 -0.002  0.048 -0.003  0.000  0.032 -0.015  1.000 -0.015
       24  0.16683  -0.056 -0.019  0.090 -0.098 -0.036  0.005 -0.072 -0.045  0.040 -0.014 -0.039  0.000  0.018 -0.023 -0.015  1.000
       25  0.13637  -0.050 -0.001  0.001  0.007 -0.019 -0.008  0.022  0.000 -0.097  0.101 -0.015  0.000  0.011 -0.017  0.006 -0.017
                     1.000  0.013
       27  0.16250   0.005  0.010 -0.018  0.025  0.008 -0.004  0.010  0.101 -0.041  0.063  0.135  0.000 -0.007  0.002  0.010 -0.022
                     0.013  1.000
 ELEMENTS ABOVE DIAGONAL ARE NOT PRINTED.
