 + ++++++++++++++++++++++++++++++++++++++++++++++++++++++++++++++++++++ +
 +                                                                      +
 +           You have chose to blind your fitting according to          +
 +                omega_ref * (1 + (R +/- deltaR) *10^{-6})             +
 +                                                                      +
 + ++++++++++++++++++++++++++++++++++++++++++++++++++++++++++++++++++++ +
In main()...
reading format from /gm2data/zkhechad/run45/envelope/formats/formatB_sBin_constraintOn.txt
pBinTau 	= 0  
pBinPhi 	= 0  
constraintau 	= 1 
includeMopTerm 	= 0    
constrainMop    = 0   
Parameters after format file: pBinTau 0 pBinPhi 0 constraintau 1 includeMopTerm 0 constrainMop 0 c_e_scale 0.000000 
Opening file /gm2data/tbarrett/gm2fr/studies/run23_bunch_corrections/CorrectedFourier_Run3b.root.
reading reference data from /gm2data/zkhechad/cboTemplates/Run4CBOTemplates/templateFits0/noRF/sBin_constraintOn_cE0.0_seed0_noRF_calo1.root (fixing 5-param to these terms)
windowBins = 69
fitting sliding window 2590 from bin 2726 at 406.570000 to bin 2795 at 417.014000 (69 bins)

Reading data from /gm2data/cornell/histograms/aMethod/histogram_a_noRF.root
 **********
 **    1 **SET PRINTOUT            1
 **********
 **********
 **    2 **SET NOWARNINGS 
 **********
 PARAMETER DEFINITIONS:
    NO.   NAME         VALUE      STEP SIZE      LIMITS
     1 N0           3.52472e+06  1.00000e+02     no limits
     2 tau          6.44036e+01  constant
     3 A0           3.54706e-01  1.00000e-04     no limits
     4 phi          4.12308e+00  1.00000e-02     no limits
     5 R           -6.05837e+01  constant
     6 alpha_CBO    0.00000e+00  1.00000e-03     no limits
     7 w_CBO        2.32643e+00  constant
     8 beta_CBO     0.00000e+00  1.00000e-03     no limits
     9 alpha_2CBO   0.00000e+00  1.00000e-03     no limits
    10 beta_2CBO    0.00000e+00  1.00000e-03     no limits
    11 alpha_y      0.00000e+00  1.00000e-03     no limits
    12 w_y          1.38965e+01  constant
    13 beta_y       0.00000e+00  1.00000e-03     no limits
    14 alpha_vw     0.00000e+00  1.00000e-03     no limits
    15 w_vw         1.43195e+01  constant
    16 beta_vw      0.00000e+00  1.00000e-03     no limits
    17 LM           4.28808e-05  constant
    18 zeta_y       0.00000e+00  constant
    19 zeta_vw      0.00000e+00  constant
    20 T_CBO        1.00000e+02  1.00000e+00    0.00000e+00  1.00000e+03
    21 alpha_A0     0.00000e+00  1.00000e-03     no limits
    22 beta_A0      0.00000e+00  1.00000e-03     no limits
    23 alpha_phi    0.00000e+00  1.00000e-03     no limits
    24 beta_phi     0.00000e+00  1.00000e-03     no limits
    25 alpha_xy     0.00000e+00  1.00000e-03     no limits
    26 w_xy         1.20754e+01  constant
    27 beta_xy      0.00000e+00  1.00000e-03     no limits
MINUIT - FIT ONLY WIGGLE
 **********
 **    3 **FIX            5
 **********
 PARAMETER    5  IS CONSTANT.   IGNORED.
 **********
 **    4 **FIX            6
 **********
 **********
 **    5 **FIX            7
 **********
 PARAMETER    7  IS CONSTANT.   IGNORED.
 **********
 **    6 **FIX            8
 **********
 **********
 **    7 **FIX            9
 **********
 **********
 **    8 **FIX           10
 **********
 **********
 **    9 **FIX           11
 **********
 **********
 **   10 **FIX           12
 **********
 PARAMETER   12  IS CONSTANT.   IGNORED.
 **********
 **   11 **FIX           13
 **********
 **********
 **   12 **FIX           14
 **********
 **********
 **   13 **FIX           15
 **********
 PARAMETER   15  IS CONSTANT.   IGNORED.
 **********
 **   14 **FIX           16
 **********
 **********
 **   15 **MIGRAD
 **********
 FIRST CALL TO USER FUNCTION AT NEW START POINT, WITH IFLAG=4.
 START MIGRAD MINIMIZATION.  STRATEGY  1.  CONVERGENCE WHEN EDM .LT. 1.00e-04
 FCN=62.4875 FROM MIGRAD    STATUS=INITIATE      629 CALLS         630 TOTAL
                     EDM= unknown      STRATEGY= 1      NO ERROR MATRIX       
  EXT PARAMETER               CURRENT GUESS       STEP         FIRST   
  NO.   NAME      VALUE            ERROR          SIZE      DERIVATIVE 
   1  N0           3.52472e+06   1.00000e+02   0.00000e+00   5.04774e-04
   2  tau          6.44036e+01   constant   
   3  A0           3.54706e-01   1.00000e-04   0.00000e+00  -4.44590e+02
   4  phi          4.12308e+00   1.00000e-02   0.00000e+00   3.82368e+01
   5  R           -6.05837e+01   constant   
   6  alpha_CBO    0.00000e+00     fixed    
   7  w_CBO        2.32643e+00   constant   
   8  beta_CBO     0.00000e+00     fixed    
   9  alpha_2CBO   0.00000e+00     fixed    
  10  beta_2CBO    0.00000e+00     fixed    
  11  alpha_y      0.00000e+00     fixed    
  12  w_y          1.38965e+01   constant   
  13  beta_y       0.00000e+00     fixed    
  14  alpha_vw     0.00000e+00     fixed    
  15  w_vw         1.43195e+01   constant   
  16  beta_vw      0.00000e+00     fixed    
  17  LM           4.28808e-05   constant   
  18  zeta_y       0.00000e+00   constant   
  19  zeta_vw      0.00000e+00   constant   
  20  T_CBO        1.00000e+02   1.00000e+00   0.00000e+00   0.00000e+00
  21  alpha_A0     0.00000e+00   1.00000e-03   0.00000e+00  -3.72635e+02
  22  beta_A0      0.00000e+00   1.00000e-03   0.00000e+00   1.75172e+02
  23  alpha_phi    0.00000e+00   1.00000e-03   0.00000e+00   2.57592e+02
  24  beta_phi     0.00000e+00   1.00000e-03   0.00000e+00   4.32030e+02
  25  alpha_xy     0.00000e+00   1.00000e-03   0.00000e+00  -1.98904e+03
  26  w_xy         1.20754e+01   constant   
  27  beta_xy      0.00000e+00   1.00000e-03   0.00000e+00   1.30652e+03
 MIGRAD MINIMIZATION HAS CONVERGED.
 MIGRAD WILL VERIFY CONVERGENCE AND ERROR MATRIX.
  MNHESS FAILS AND WILL RETURN DIAGONAL MATRIX. 
 FCN=55.6969 FROM MIGRAD    STATUS=CONVERGED     747 CALLS         748 TOTAL
                     EDM=3.32419e-08    STRATEGY= 1  ERROR MATRIX UNCERTAINTY 100.0 per cent
  EXT PARAMETER                APPROXIMATE        STEP         FIRST   
  NO.   NAME      VALUE            ERROR          SIZE      DERIVATIVE 
   1  N0           3.52092e+06   3.47239e+03   1.09500e+01   1.81469e-08
   2  tau          6.44036e+01   constant   
   3  A0           3.54660e-01   1.26552e-03   4.65282e-06  -9.65194e-02
   4  phi          4.12224e+00   3.74961e-03   1.37860e-05  -1.95961e-03
   5  R           -6.05837e+01   constant   
   6  alpha_CBO    0.00000e+00     fixed    
   7  w_CBO        2.32643e+00   constant   
   8  beta_CBO     0.00000e+00     fixed    
   9  alpha_2CBO   0.00000e+00     fixed    
  10  beta_2CBO    0.00000e+00     fixed    
  11  alpha_y      0.00000e+00     fixed    
  12  w_y          1.38965e+01   constant   
  13  beta_y       0.00000e+00     fixed    
  14  alpha_vw     0.00000e+00     fixed    
  15  w_vw         1.43195e+01   constant   
  16  beta_vw      0.00000e+00     fixed    
  17  LM           4.28808e-05   constant   
  18  zeta_y       0.00000e+00   constant   
  19  zeta_vw      0.00000e+00   constant   
  20  T_CBO        1.00000e+02   1.41421e+00  -0.00000e+00   0.00000e+00
  21  alpha_A0     5.06417e-03   5.30729e-03  -2.16231e-05  -8.05396e-03
  22  beta_A0     -1.15629e-03   4.82438e-03   4.73352e-06  -3.01685e-02
  23  alpha_phi   -5.11229e-03   5.22445e-03   5.65339e-06  -1.93948e-03
  24  beta_phi    -6.20818e-03   5.38469e-03  -7.05079e-06  -4.23609e-02
  25  alpha_xy     1.96410e-03   1.38535e-03   1.83364e-06  -3.10261e-02
  26  w_xy         1.20754e+01   constant   
  27  beta_xy     -1.27582e-03   1.40433e-03  -5.27132e-07   7.99942e-02
 EXTERNAL ERROR MATRIX.    NDIM=  28    NPAR= 10    ERR DEF=1
  1.206e+07  0.000e+00  0.000e+00  0.000e+00  0.000e+00  0.000e+00  0.000e+00  0.000e+00  0.000e+00  0.000e+00 
  0.000e+00  1.602e-06  0.000e+00  0.000e+00  0.000e+00  0.000e+00  0.000e+00  0.000e+00  0.000e+00  0.000e+00 
  0.000e+00  0.000e+00  1.406e-05  0.000e+00  0.000e+00  0.000e+00  0.000e+00  0.000e+00  0.000e+00  0.000e+00 
  0.000e+00  0.000e+00  0.000e+00  2.000e+00  0.000e+00  0.000e+00  0.000e+00  0.000e+00  0.000e+00  0.000e+00 
  0.000e+00  0.000e+00  0.000e+00  0.000e+00  2.817e-05  0.000e+00  0.000e+00  0.000e+00  0.000e+00  0.000e+00 
  0.000e+00  0.000e+00  0.000e+00  0.000e+00  0.000e+00  2.327e-05  0.000e+00  0.000e+00  0.000e+00  0.000e+00 
  0.000e+00  0.000e+00  0.000e+00  0.000e+00  0.000e+00  0.000e+00  2.729e-05  0.000e+00  0.000e+00  0.000e+00 
  0.000e+00  0.000e+00  0.000e+00  0.000e+00  0.000e+00  0.000e+00  0.000e+00  2.899e-05  0.000e+00  0.000e+00 
  0.000e+00  0.000e+00  0.000e+00  0.000e+00  0.000e+00  0.000e+00  0.000e+00  0.000e+00  1.919e-06  0.000e+00 
  0.000e+00  0.000e+00  0.000e+00  0.000e+00  0.000e+00  0.000e+00  0.000e+00  0.000e+00  0.000e+00  1.972e-06 
ERR MATRIX APPROXIMATE
 PARAMETER  CORRELATION COEFFICIENTS  
       NO.  GLOBAL      1      3      4     20     21     22     23     24     25     27
        1  0.00000   1.000  0.000  0.000  0.000  0.000  0.000  0.000  0.000  0.000  0.000
        3  0.00000   0.000  1.000  0.000  0.000  0.000  0.000  0.000  0.000  0.000  0.000
        4  0.00000   0.000  0.000  1.000  0.000  0.000  0.000  0.000  0.000  0.000  0.000
       20  0.00000   0.000  0.000  0.000  1.000  0.000  0.000  0.000  0.000  0.000  0.000
       21  0.00000   0.000  0.000  0.000  0.000  1.000  0.000  0.000  0.000  0.000  0.000
       22  0.00000   0.000  0.000  0.000  0.000  0.000  1.000  0.000  0.000  0.000  0.000
       23  0.00000   0.000  0.000  0.000  0.000  0.000  0.000  1.000  0.000  0.000  0.000
       24  0.00000   0.000  0.000  0.000  0.000  0.000  0.000  0.000  1.000  0.000  0.000
       25  0.00000   0.000  0.000  0.000  0.000  0.000  0.000  0.000  0.000  1.000  0.000
       27  0.00000   0.000  0.000  0.000  0.000  0.000  0.000  0.000  0.000  0.000  1.000
 ERR MATRIX APPROXIMATE
MINUIT - FIT ONLY 1-CBO + wiggle
 **********
 **   16 **RES 
 **********
                   PARAMETER   16  beta_vw RESTORED TO VARIABLE.
                   PARAMETER   14  alpha_vw RESTORED TO VARIABLE.
                   PARAMETER   13  beta_y RESTORED TO VARIABLE.
                   PARAMETER   11  alpha_y RESTORED TO VARIABLE.
                   PARAMETER   10  beta_2CBO RESTORED TO VARIABLE.
                   PARAMETER    9  alpha_2CBO RESTORED TO VARIABLE.
                   PARAMETER    8  beta_CBO RESTORED TO VARIABLE.
                   PARAMETER    6  alpha_CBO RESTORED TO VARIABLE.
 **********
 **   17 **FIX            8
 **********
 **********
 **   18 **FIX            9
 **********
 **********
 **   19 **FIX           11
 **********
 **********
 **   20 **FIX           12
 **********
 PARAMETER   12  IS CONSTANT.   IGNORED.
 **********
 **   21 **FIX           14
 **********
 **********
 **   22 **FIX           15
 **********
 PARAMETER   15  IS CONSTANT.   IGNORED.
 **********
 **   23 **FIX           16
 **********
 **********
 **   24 **MIGRAD
 **********
 START MIGRAD MINIMIZATION.  STRATEGY  1.  CONVERGENCE WHEN EDM .LT. 1.00e-04
 FCN=55.6969 FROM MIGRAD    STATUS=INITIATE      957 CALLS        1705 TOTAL
                     EDM= unknown      STRATEGY= 1      NO ERROR MATRIX       
  EXT PARAMETER               CURRENT GUESS       STEP         FIRST   
  NO.   NAME      VALUE            ERROR          SIZE      DERIVATIVE 
   1  N0           3.52092e+06   3.47239e+03   0.00000e+00   1.81469e-08
   2  tau          6.44036e+01   constant   
   3  A0           3.54660e-01   1.26552e-03   0.00000e+00  -9.65193e-02
   4  phi          4.12224e+00   3.74961e-03   0.00000e+00  -1.95963e-03
   5  R           -6.05837e+01   constant   
   6  alpha_CBO    0.00000e+00   1.00000e-03   0.00000e+00   1.71618e+03
   7  w_CBO        2.32643e+00   constant   
   8  beta_CBO     0.00000e+00     fixed    
   9  alpha_2CBO   0.00000e+00     fixed    
  10  beta_2CBO    0.00000e+00   1.00000e-03   0.00000e+00   6.77828e+02
  11  alpha_y      0.00000e+00     fixed    
  12  w_y          1.38965e+01   constant   
  13  beta_y       0.00000e+00   1.00000e-03   0.00000e+00   2.18215e+03
  14  alpha_vw     0.00000e+00     fixed    
  15  w_vw         1.43195e+01   constant   
  16  beta_vw      0.00000e+00     fixed    
  17  LM           4.28808e-05   constant   
  18  zeta_y       0.00000e+00   constant   
  19  zeta_vw      0.00000e+00   constant   
  20  T_CBO        1.00000e+02   1.41421e+00   0.00000e+00   0.00000e+00
  21  alpha_A0     5.06417e-03   5.30729e-03   0.00000e+00  -8.05396e-03
  22  beta_A0     -1.15629e-03   4.82438e-03   0.00000e+00  -3.01685e-02
  23  alpha_phi   -5.11229e-03   5.22445e-03   0.00000e+00  -1.93799e-03
  24  beta_phi    -6.20818e-03   5.38469e-03   0.00000e+00  -4.23624e-02
  25  alpha_xy     1.96410e-03   1.38535e-03   0.00000e+00  -3.10260e-02
  26  w_xy         1.20754e+01   constant   
  27  beta_xy     -1.27582e-03   1.40433e-03   0.00000e+00   7.99942e-02
 MIGRAD MINIMIZATION HAS CONVERGED.
 MIGRAD WILL VERIFY CONVERGENCE AND ERROR MATRIX.
  MNHESS FAILS AND WILL RETURN DIAGONAL MATRIX. 
 FCN=51.613 FROM MIGRAD    STATUS=CONVERGED    1109 CALLS        1857 TOTAL
                     EDM=5.42042e-07    STRATEGY= 1  ERROR MATRIX UNCERTAINTY 100.0 per cent
  EXT PARAMETER                APPROXIMATE        STEP         FIRST   
  NO.   NAME      VALUE            ERROR          SIZE      DERIVATIVE 
   1  N0           3.52094e+06   3.47241e+03   1.05483e+01  -6.96655e-08
   2  tau          6.44036e+01   constant   
   3  A0           3.54581e-01   1.26582e-03   4.48319e-06  -2.84891e-01
   4  phi          4.12140e+00   3.75038e-03   1.32829e-05  -5.65959e-02
   5  R           -6.05837e+01   constant   
   6  alpha_CBO   -1.83263e-03   1.41641e-03   5.01654e-06   1.96227e-01
   7  w_CBO        2.32643e+00   constant   
   8  beta_CBO     0.00000e+00     fixed    
   9  alpha_2CBO   0.00000e+00     fixed    
  10  beta_2CBO   -6.55183e-04   1.39411e-03   4.93758e-06  -4.06463e-02
  11  alpha_y      0.00000e+00     fixed    
  12  w_y          1.38965e+01   constant   
  13  beta_y      -2.09815e-03   1.39068e-03   4.92542e-06  -1.78051e-01
  14  alpha_vw     0.00000e+00     fixed    
  15  w_vw         1.43195e+01   constant   
  16  beta_vw      0.00000e+00     fixed    
  17  LM           4.28808e-05   constant   
  18  zeta_y       0.00000e+00   constant   
  19  zeta_vw      0.00000e+00   constant   
  20  T_CBO        1.00000e+02   1.99998e+00  -0.00000e+00   0.00000e+00
  21  alpha_A0     4.57831e-03   5.31024e-03  -7.73334e-06   9.67291e-03
  22  beta_A0     -1.45108e-03   4.82603e-03   6.78601e-06  -1.24983e-01
  23  alpha_phi   -6.05797e-03   5.22647e-03   2.71692e-06  -8.26600e-02
  24  beta_phi    -6.55774e-03   5.38473e-03  -1.13951e-05  -3.15018e-02
  25  alpha_xy     1.83230e-03   1.38525e-03  -1.01905e-06   4.97268e-01
  26  w_xy         1.20754e+01   constant   
  27  beta_xy     -1.34921e-03   1.40422e-03  -3.15048e-07   3.51884e-01
 EXTERNAL ERROR MATRIX.    NDIM=  28    NPAR= 13    ERR DEF=1
 ELEMENTS ABOVE DIAGONAL ARE NOT PRINTED.
  1.206e+07 
  0.000e+00  1.602e-06 
  0.000e+00  0.000e+00  1.407e-05 
  0.000e+00  0.000e+00  0.000e+00  2.006e-06 
  0.000e+00  0.000e+00  0.000e+00  0.000e+00  1.944e-06 
  0.000e+00  0.000e+00  0.000e+00  0.000e+00  0.000e+00  1.934e-06 
  0.000e+00  0.000e+00  0.000e+00  0.000e+00  0.000e+00  0.000e+00  4.000e+00 
  0.000e+00  0.000e+00  0.000e+00  0.000e+00  0.000e+00  0.000e+00  0.000e+00  2.820e-05 
  0.000e+00  0.000e+00  0.000e+00  0.000e+00  0.000e+00  0.000e+00  0.000e+00  0.000e+00  2.329e-05 
  0.000e+00  0.000e+00  0.000e+00  0.000e+00  0.000e+00  0.000e+00  0.000e+00  0.000e+00  0.000e+00  2.732e-05 
  0.000e+00  0.000e+00  0.000e+00  0.000e+00  0.000e+00  0.000e+00  0.000e+00  0.000e+00  0.000e+00  0.000e+00  2.900e-05 
  0.000e+00  0.000e+00  0.000e+00  0.000e+00  0.000e+00  0.000e+00  0.000e+00  0.000e+00  0.000e+00  0.000e+00  0.000e+00 
  0.000e+00  0.000e+00  0.000e+00  0.000e+00  0.000e+00  0.000e+00  0.000e+00  0.000e+00  0.000e+00  0.000e+00  0.000e+00  1.919e-06 
  0.000e+00  0.000e+00  0.000e+00  0.000e+00  0.000e+00  0.000e+00  0.000e+00  0.000e+00  0.000e+00  0.000e+00  0.000e+00 
  0.000e+00  0.000e+00  0.000e+00  0.000e+00  0.000e+00  0.000e+00  0.000e+00  0.000e+00  0.000e+00  0.000e+00  0.000e+00  0.000e+00  1.972e-06 
ERR MATRIX APPROXIMATE
 PARAMETER  CORRELATION COEFFICIENTS  
       NO.  GLOBAL      1      3      4      6     10     13     20     21     22     23     24     25     27
        1  0.00000   1.000  0.000  0.000  0.000  0.000  0.000  0.000  0.000  0.000  0.000  0.000  0.000  0.000
        3  0.00000   0.000  1.000  0.000  0.000  0.000  0.000  0.000  0.000  0.000  0.000  0.000  0.000  0.000
        4  0.00000   0.000  0.000  1.000  0.000  0.000  0.000  0.000  0.000  0.000  0.000  0.000  0.000  0.000
        6  0.00000   0.000  0.000  0.000  1.000  0.000  0.000  0.000  0.000  0.000  0.000  0.000  0.000  0.000
       10  0.00000   0.000  0.000  0.000  0.000  1.000  0.000  0.000  0.000  0.000  0.000  0.000  0.000  0.000
       13  0.00000   0.000  0.000  0.000  0.000  0.000  1.000  0.000  0.000  0.000  0.000  0.000  0.000  0.000
       20  0.00000   0.000  0.000  0.000  0.000  0.000  0.000  1.000  0.000  0.000  0.000  0.000  0.000  0.000
       21  0.00000   0.000  0.000  0.000  0.000  0.000  0.000  0.000  1.000  0.000  0.000  0.000  0.000  0.000
       22  0.00000   0.000  0.000  0.000  0.000  0.000  0.000  0.000  0.000  1.000  0.000  0.000  0.000  0.000
       23  0.00000   0.000  0.000  0.000  0.000  0.000  0.000  0.000  0.000  0.000  1.000  0.000  0.000  0.000
       24  0.00000   0.000  0.000  0.000  0.000  0.000  0.000  0.000  0.000  0.000  0.000  1.000  0.000  0.000
       25  0.00000   0.000  0.000  0.000  0.000  0.000  0.000  0.000  0.000  0.000  0.000  0.000  1.000  0.000
       27  0.00000   0.000  0.000  0.000  0.000  0.000  0.000  0.000  0.000  0.000  0.000  0.000  0.000  1.000
 ERR MATRIX APPROXIMATE
MINUIT - FIT ONLY 2-CBO
 **********
 **   25 **RES 
 **********
                   PARAMETER   16  beta_vw RESTORED TO VARIABLE.
                   PARAMETER   14  alpha_vw RESTORED TO VARIABLE.
                   PARAMETER   11  alpha_y RESTORED TO VARIABLE.
                   PARAMETER    9  alpha_2CBO RESTORED TO VARIABLE.
                   PARAMETER    8  beta_CBO RESTORED TO VARIABLE.
 **********
 **   26 **FIX            0
 **********
 PARAMETER    0  IS UNDEFINED. IGNORED.
 **********
 **   27 **FIX            1
 **********
 **********
 **   28 **FIX            2
 **********
 PARAMETER    2  IS CONSTANT.   IGNORED.
 **********
 **   29 **FIX            3
 **********
 **********
 **   30 **FIX            4
 **********
 **********
 **   31 **FIX            5
 **********
 PARAMETER    5  IS CONSTANT.   IGNORED.
 **********
 **   32 **FIX            6
 **********
 **********
 **   33 **FIX            7
 **********
 PARAMETER    7  IS CONSTANT.   IGNORED.
 **********
 **   34 **FIX           10
 **********
 **********
 **   35 **FIX           11
 **********
 **********
 **   36 **FIX           12
 **********
 PARAMETER   12  IS CONSTANT.   IGNORED.
 **********
 **   37 **FIX           13
 **********
 **********
 **   38 **FIX           14
 **********
 **********
 **   39 **FIX           15
 **********
 PARAMETER   15  IS CONSTANT.   IGNORED.
 **********
 **   40 **FIX           16
 **********
 **********
 **   41 **MIGRAD
 **********
 START MIGRAD MINIMIZATION.  STRATEGY  1.  CONVERGENCE WHEN EDM .LT. 1.00e-04
 FCN=51.613 FROM MIGRAD    STATUS=INITIATE      515 CALLS        2372 TOTAL
                     EDM= unknown      STRATEGY= 1      NO ERROR MATRIX       
  EXT PARAMETER               CURRENT GUESS       STEP         FIRST   
  NO.   NAME      VALUE            ERROR          SIZE      DERIVATIVE 
   1  N0           3.52094e+06     fixed    
   2  tau          6.44036e+01   constant   
   3  A0           3.54581e-01     fixed    
   4  phi          4.12140e+00     fixed    
   5  R           -6.05837e+01   constant   
   6  alpha_CBO   -1.83263e-03     fixed    
   7  w_CBO        2.32643e+00   constant   
   8  beta_CBO     0.00000e+00   1.00000e-03   0.00000e+00  -2.33864e+03
   9  alpha_2CBO   0.00000e+00   1.00000e-03   0.00000e+00  -5.53372e+02
  10  beta_2CBO   -6.55183e-04     fixed    
  11  alpha_y      0.00000e+00     fixed    
  12  w_y          1.38965e+01   constant   
  13  beta_y      -2.09815e-03     fixed    
  14  alpha_vw     0.00000e+00     fixed    
  15  w_vw         1.43195e+01   constant   
  16  beta_vw      0.00000e+00     fixed    
  17  LM           4.28808e-05   constant   
  18  zeta_y       0.00000e+00   constant   
  19  zeta_vw      0.00000e+00   constant   
  20  T_CBO        1.00000e+02   1.99998e+00   0.00000e+00   0.00000e+00
  21  alpha_A0     4.57831e-03   5.31024e-03   0.00000e+00   9.67290e-03
  22  beta_A0     -1.45108e-03   4.82603e-03   0.00000e+00  -1.24983e-01
  23  alpha_phi   -6.05797e-03   5.22647e-03   0.00000e+00  -8.26608e-02
  24  beta_phi    -6.55774e-03   5.38473e-03   0.00000e+00  -3.15028e-02
  25  alpha_xy     1.83230e-03   1.38525e-03   0.00000e+00   4.97268e-01
  26  w_xy         1.20754e+01   constant   
  27  beta_xy     -1.34921e-03   1.40422e-03   0.00000e+00   3.51884e-01
 MIGRAD MINIMIZATION HAS CONVERGED.
 MIGRAD WILL VERIFY CONVERGENCE AND ERROR MATRIX.
  MNHESS FAILS AND WILL RETURN DIAGONAL MATRIX. 
 FCN=48.6803 FROM MIGRAD    STATUS=CONVERGED     600 CALLS        2457 TOTAL
                     EDM=4.3361e-07    STRATEGY= 1  ERROR MATRIX UNCERTAINTY 100.0 per cent
  EXT PARAMETER                APPROXIMATE        STEP         FIRST   
  NO.   NAME      VALUE            ERROR          SIZE      DERIVATIVE 
   1  N0           3.52094e+06     fixed    
   2  tau          6.44036e+01   constant   
   3  A0           3.54581e-01     fixed    
   4  phi          4.12140e+00     fixed    
   5  R           -6.05837e+01   constant   
   6  alpha_CBO   -1.83263e-03     fixed    
   7  w_CBO        2.32643e+00   constant   
   8  beta_CBO     2.35032e-03   1.37374e-03   4.72788e-06  -1.80557e-01
   9  alpha_2CBO   6.65753e-04   1.39510e-03   4.80140e-06   5.70077e-01
  10  beta_2CBO   -6.55183e-04     fixed    
  11  alpha_y      0.00000e+00     fixed    
  12  w_y          1.38965e+01   constant   
  13  beta_y      -2.09815e-03     fixed    
  14  alpha_vw     0.00000e+00     fixed    
  15  w_vw         1.43195e+01   constant   
  16  beta_vw      0.00000e+00     fixed    
  17  LM           4.28808e-05   constant   
  18  zeta_y       0.00000e+00   constant   
  19  zeta_vw      0.00000e+00   constant   
  20  T_CBO        1.00000e+02   2.82835e+00  -0.00000e+00   0.00000e+00
  21  alpha_A0     4.92453e-03   5.30948e-03  -1.04045e-05   2.97030e-02
  22  beta_A0     -9.10843e-05   4.82846e-03   1.07346e-05  -8.52806e-02
  23  alpha_phi   -5.61902e-03   5.22695e-03  -2.55401e-06  -7.53646e-02
  24  beta_phi    -5.14605e-03   5.39513e-03  -2.15029e-05   8.46274e-02
  25  alpha_xy     1.81014e-03   1.38521e-03  -6.47866e-07  -8.13729e-02
  26  w_xy         1.20754e+01   constant   
  27  beta_xy     -1.33399e-03   1.40419e-03   2.22224e-08   1.61745e-02
 EXTERNAL ERROR MATRIX.    NDIM=  28    NPAR=  9    ERR DEF=1
  1.887e-06  0.000e+00  0.000e+00  0.000e+00  0.000e+00  0.000e+00  0.000e+00  0.000e+00  0.000e+00 
  0.000e+00  1.946e-06  0.000e+00  0.000e+00  0.000e+00  0.000e+00  0.000e+00  0.000e+00  0.000e+00 
  0.000e+00  0.000e+00  8.000e+00  0.000e+00  0.000e+00  0.000e+00  0.000e+00  0.000e+00  0.000e+00 
  0.000e+00  0.000e+00  0.000e+00  2.819e-05  0.000e+00  0.000e+00  0.000e+00  0.000e+00  0.000e+00 
  0.000e+00  0.000e+00  0.000e+00  0.000e+00  2.331e-05  0.000e+00  0.000e+00  0.000e+00  0.000e+00 
  0.000e+00  0.000e+00  0.000e+00  0.000e+00  0.000e+00  2.732e-05  0.000e+00  0.000e+00  0.000e+00 
  0.000e+00  0.000e+00  0.000e+00  0.000e+00  0.000e+00  0.000e+00  2.911e-05  0.000e+00  0.000e+00 
  0.000e+00  0.000e+00  0.000e+00  0.000e+00  0.000e+00  0.000e+00  0.000e+00  1.919e-06  0.000e+00 
  0.000e+00  0.000e+00  0.000e+00  0.000e+00  0.000e+00  0.000e+00  0.000e+00  0.000e+00  1.972e-06 
ERR MATRIX APPROXIMATE
 PARAMETER  CORRELATION COEFFICIENTS  
       NO.  GLOBAL      8      9     20     21     22     23     24     25     27
        8  0.00000   1.000  0.000  0.000  0.000  0.000  0.000  0.000  0.000  0.000
        9  0.00000   0.000  1.000  0.000  0.000  0.000  0.000  0.000  0.000  0.000
       20  0.00000   0.000  0.000  1.000  0.000  0.000  0.000  0.000  0.000  0.000
       21  0.00000   0.000  0.000  0.000  1.000  0.000  0.000  0.000  0.000  0.000
       22  0.00000   0.000  0.000  0.000  0.000  1.000  0.000  0.000  0.000  0.000
       23  0.00000   0.000  0.000  0.000  0.000  0.000  1.000  0.000  0.000  0.000
       24  0.00000   0.000  0.000  0.000  0.000  0.000  0.000  1.000  0.000  0.000
       25  0.00000   0.000  0.000  0.000  0.000  0.000  0.000  0.000  1.000  0.000
       27  0.00000   0.000  0.000  0.000  0.000  0.000  0.000  0.000  0.000  1.000
 ERR MATRIX APPROXIMATE
MINUIT - FIT wiggle + 1-CBO + 2-CBO
 **********
 **   42 **RES 
 **********
                   PARAMETER   16  beta_vw RESTORED TO VARIABLE.
                   PARAMETER   14  alpha_vw RESTORED TO VARIABLE.
                   PARAMETER   13  beta_y RESTORED TO VARIABLE.
                   PARAMETER   11  alpha_y RESTORED TO VARIABLE.
                   PARAMETER   10  beta_2CBO RESTORED TO VARIABLE.
                   PARAMETER    6  alpha_CBO RESTORED TO VARIABLE.
                   PARAMETER    4  phi RESTORED TO VARIABLE.
                   PARAMETER    3  A0 RESTORED TO VARIABLE.
                   PARAMETER    1  N0 RESTORED TO VARIABLE.
 **********
 **   43 **FIX           10
 **********
 **********
 **   44 **FIX           11
 **********
 **********
 **   45 **FIX           12
 **********
 PARAMETER   12  IS CONSTANT.   IGNORED.
 **********
 **   46 **FIX           13
 **********
 **********
 **   47 **FIX           14
 **********
 **********
 **   48 **FIX           15
 **********
 PARAMETER   15  IS CONSTANT.   IGNORED.
 **********
 **   49 **FIX           16
 **********
 **********
 **   50 **MIGRAD
 **********
 START MIGRAD MINIMIZATION.  STRATEGY  1.  CONVERGENCE WHEN EDM .LT. 1.00e-04
 FCN=48.6803 FROM MIGRAD    STATUS=INITIATE      951 CALLS        3408 TOTAL
                     EDM= unknown      STRATEGY= 1      NO ERROR MATRIX       
  EXT PARAMETER               CURRENT GUESS       STEP         FIRST   
  NO.   NAME      VALUE            ERROR          SIZE      DERIVATIVE 
   1  N0           3.52094e+06   3.47241e+03   0.00000e+00   1.49501e-05
   2  tau          6.44036e+01   constant   
   3  A0           3.54581e-01   1.26582e-03   0.00000e+00   5.71134e+02
   4  phi          4.12140e+00   3.75038e-03   0.00000e+00  -5.25264e+01
   5  R           -6.05837e+01   constant   
   6  alpha_CBO   -1.83263e-03   1.41641e-03   0.00000e+00   4.78117e+01
   7  w_CBO        2.32643e+00   constant   
   8  beta_CBO     2.35032e-03   1.37374e-03   0.00000e+00  -1.80557e-01
   9  alpha_2CBO   6.65753e-04   1.39510e-03   0.00000e+00   5.70077e-01
  10  beta_2CBO   -6.55183e-04     fixed    
  11  alpha_y      0.00000e+00     fixed    
  12  w_y          1.38965e+01   constant   
  13  beta_y      -2.09815e-03     fixed    
  14  alpha_vw     0.00000e+00     fixed    
  15  w_vw         1.43195e+01   constant   
  16  beta_vw      0.00000e+00     fixed    
  17  LM           4.28808e-05   constant   
  18  zeta_y       0.00000e+00   constant   
  19  zeta_vw      0.00000e+00   constant   
  20  T_CBO        1.00000e+02   2.82835e+00   0.00000e+00   0.00000e+00
  21  alpha_A0     4.92453e-03   5.30948e-03   0.00000e+00   2.97030e-02
  22  beta_A0     -9.10843e-05   4.82846e-03   0.00000e+00  -8.52806e-02
  23  alpha_phi   -5.61902e-03   5.22695e-03   0.00000e+00  -7.53647e-02
  24  beta_phi    -5.14605e-03   5.39513e-03   0.00000e+00   8.46266e-02
  25  alpha_xy     1.81014e-03   1.38521e-03   0.00000e+00  -8.13729e-02
  26  w_xy         1.20754e+01   constant   
  27  beta_xy     -1.33399e-03   1.40419e-03   0.00000e+00   1.61746e-02
 MIGRAD MINIMIZATION HAS CONVERGED.
 MIGRAD WILL VERIFY CONVERGENCE AND ERROR MATRIX.
  MNHESS FAILS AND WILL RETURN DIAGONAL MATRIX. 
 FCN=48.5128 FROM MIGRAD    STATUS=CONVERGED    1077 CALLS        3534 TOTAL
                     EDM=6.95143e-06    STRATEGY= 1  ERROR MATRIX UNCERTAINTY 100.0 per cent
  EXT PARAMETER                APPROXIMATE        STEP         FIRST   
  NO.   NAME      VALUE            ERROR          SIZE      DERIVATIVE 
   1  N0           3.52071e+06   3.47218e+03   1.02323e+01  -9.90569e-07
   2  tau          6.44036e+01   constant   
   3  A0           3.54050e-01   1.26616e-03   4.35028e-06   9.74843e-01
   4  phi          4.12191e+00   3.75747e-03   1.29100e-05  -2.78042e-02
   5  R           -6.05837e+01   constant   
   6  alpha_CBO   -1.85534e-03   1.41643e-03   4.86657e-06  -1.34818e+00
   7  w_CBO        2.32643e+00   constant   
   8  beta_CBO     2.49831e-03   1.37379e-03   4.72007e-06  -6.35011e-02
   9  alpha_2CBO   6.47098e-04   1.39515e-03   4.79347e-06  -3.23928e-01
  10  beta_2CBO   -6.55183e-04     fixed    
  11  alpha_y      0.00000e+00     fixed    
  12  w_y          1.38965e+01   constant   
  13  beta_y      -2.09815e-03     fixed    
  14  alpha_vw     0.00000e+00     fixed    
  15  w_vw         1.43195e+01   constant   
  16  beta_vw      0.00000e+00     fixed    
  17  LM           4.28808e-05   constant   
  18  zeta_y       0.00000e+00   constant   
  19  zeta_vw      0.00000e+00   constant   
  20  T_CBO        1.00000e+02   3.99978e+00  -0.00000e+00   0.00000e+00
  21  alpha_A0     5.26830e-03   5.31764e-03   3.73329e-06  -1.93738e-02
  22  beta_A0     -2.26599e-04   4.83576e-03  -1.13664e-05   3.06610e-01
  23  alpha_phi   -5.88901e-03   5.23209e-03   1.48950e-05   7.81660e-02
  24  beta_phi    -4.86969e-03   5.39957e-03   1.43383e-05   1.43279e-01
  25  alpha_xy     1.82942e-03   1.38525e-03  -1.43401e-07   5.20611e-02
  26  w_xy         1.20754e+01   constant   
  27  beta_xy     -1.33003e-03   1.40423e-03  -5.00056e-07   7.69829e-02
 EXTERNAL ERROR MATRIX.    NDIM=  28    NPAR= 13    ERR DEF=1
 ELEMENTS ABOVE DIAGONAL ARE NOT PRINTED.
  1.206e+07 
  0.000e+00  1.603e-06 
  0.000e+00  0.000e+00  1.412e-05 
  0.000e+00  0.000e+00  0.000e+00  2.006e-06 
  0.000e+00  0.000e+00  0.000e+00  0.000e+00  1.887e-06 
  0.000e+00  0.000e+00  0.000e+00  0.000e+00  0.000e+00  1.946e-06 
  0.000e+00  0.000e+00  0.000e+00  0.000e+00  0.000e+00  0.000e+00  1.600e+01 
  0.000e+00  0.000e+00  0.000e+00  0.000e+00  0.000e+00  0.000e+00  0.000e+00  2.828e-05 
  0.000e+00  0.000e+00  0.000e+00  0.000e+00  0.000e+00  0.000e+00  0.000e+00  0.000e+00  2.338e-05 
  0.000e+00  0.000e+00  0.000e+00  0.000e+00  0.000e+00  0.000e+00  0.000e+00  0.000e+00  0.000e+00  2.737e-05 
  0.000e+00  0.000e+00  0.000e+00  0.000e+00  0.000e+00  0.000e+00  0.000e+00  0.000e+00  0.000e+00  0.000e+00  2.916e-05 
  0.000e+00  0.000e+00  0.000e+00  0.000e+00  0.000e+00  0.000e+00  0.000e+00  0.000e+00  0.000e+00  0.000e+00  0.000e+00 
  0.000e+00  0.000e+00  0.000e+00  0.000e+00  0.000e+00  0.000e+00  0.000e+00  0.000e+00  0.000e+00  0.000e+00  0.000e+00  1.919e-06 
  0.000e+00  0.000e+00  0.000e+00  0.000e+00  0.000e+00  0.000e+00  0.000e+00  0.000e+00  0.000e+00  0.000e+00  0.000e+00 
  0.000e+00  0.000e+00  0.000e+00  0.000e+00  0.000e+00  0.000e+00  0.000e+00  0.000e+00  0.000e+00  0.000e+00  0.000e+00  0.000e+00  1.972e-06 
ERR MATRIX APPROXIMATE
 PARAMETER  CORRELATION COEFFICIENTS  
       NO.  GLOBAL      1      3      4      6      8      9     20     21     22     23     24     25     27
        1  0.00000   1.000  0.000  0.000  0.000  0.000  0.000  0.000  0.000  0.000  0.000  0.000  0.000  0.000
        3  0.00000   0.000  1.000  0.000  0.000  0.000  0.000  0.000  0.000  0.000  0.000  0.000  0.000  0.000
        4  0.00000   0.000  0.000  1.000  0.000  0.000  0.000  0.000  0.000  0.000  0.000  0.000  0.000  0.000
        6  0.00000   0.000  0.000  0.000  1.000  0.000  0.000  0.000  0.000  0.000  0.000  0.000  0.000  0.000
        8  0.00000   0.000  0.000  0.000  0.000  1.000  0.000  0.000  0.000  0.000  0.000  0.000  0.000  0.000
        9  0.00000   0.000  0.000  0.000  0.000  0.000  1.000  0.000  0.000  0.000  0.000  0.000  0.000  0.000
       20  0.00000   0.000  0.000  0.000  0.000  0.000  0.000  1.000  0.000  0.000  0.000  0.000  0.000  0.000
       21  0.00000   0.000  0.000  0.000  0.000  0.000  0.000  0.000  1.000  0.000  0.000  0.000  0.000  0.000
       22  0.00000   0.000  0.000  0.000  0.000  0.000  0.000  0.000  0.000  1.000  0.000  0.000  0.000  0.000
       23  0.00000   0.000  0.000  0.000  0.000  0.000  0.000  0.000  0.000  0.000  1.000  0.000  0.000  0.000
       24  0.00000   0.000  0.000  0.000  0.000  0.000  0.000  0.000  0.000  0.000  0.000  1.000  0.000  0.000
       25  0.00000   0.000  0.000  0.000  0.000  0.000  0.000  0.000  0.000  0.000  0.000  0.000  1.000  0.000
       27  0.00000   0.000  0.000  0.000  0.000  0.000  0.000  0.000  0.000  0.000  0.000  0.000  0.000  1.000
 ERR MATRIX APPROXIMATE
MINUIT - FIT ONLY 1-y
 **********
 **   51 **RES 
 **********
                   PARAMETER   16  beta_vw RESTORED TO VARIABLE.
                   PARAMETER   14  alpha_vw RESTORED TO VARIABLE.
                   PARAMETER   13  beta_y RESTORED TO VARIABLE.
                   PARAMETER   11  alpha_y RESTORED TO VARIABLE.
                   PARAMETER   10  beta_2CBO RESTORED TO VARIABLE.
 **********
 **   52 **FIX            0
 **********
 PARAMETER    0  IS UNDEFINED. IGNORED.
 **********
 **   53 **FIX            1
 **********
 **********
 **   54 **FIX            2
 **********
 PARAMETER    2  IS CONSTANT.   IGNORED.
 **********
 **   55 **FIX            3
 **********
 **********
 **   56 **FIX            4
 **********
 **********
 **   57 **FIX            5
 **********
 PARAMETER    5  IS CONSTANT.   IGNORED.
 **********
 **   58 **FIX            6
 **********
 **********
 **   59 **FIX            7
 **********
 PARAMETER    7  IS CONSTANT.   IGNORED.
 **********
 **   60 **FIX            8
 **********
 **********
 **   61 **FIX            9
 **********
 **********
 **   62 **FIX           13
 **********
 **********
 **   63 **FIX           14
 **********
 **********
 **   64 **FIX           15
 **********
 PARAMETER   15  IS CONSTANT.   IGNORED.
 **********
 **   65 **FIX           16
 **********
 **********
 **   66 **MIGRAD
 **********
 START MIGRAD MINIMIZATION.  STRATEGY  1.  CONVERGENCE WHEN EDM .LT. 1.00e-04
 FCN=48.5128 FROM MIGRAD    STATUS=INITIATE      513 CALLS        4047 TOTAL
                     EDM= unknown      STRATEGY= 1      NO ERROR MATRIX       
  EXT PARAMETER               CURRENT GUESS       STEP         FIRST   
  NO.   NAME      VALUE            ERROR          SIZE      DERIVATIVE 
   1  N0           3.52071e+06     fixed    
   2  tau          6.44036e+01   constant   
   3  A0           3.54050e-01     fixed    
   4  phi          4.12191e+00     fixed    
   5  R           -6.05837e+01   constant   
   6  alpha_CBO   -1.85534e-03     fixed    
   7  w_CBO        2.32643e+00   constant   
   8  beta_CBO     2.49831e-03     fixed    
   9  alpha_2CBO   6.47098e-04     fixed    
  10  beta_2CBO   -6.55183e-04   1.39411e-03   0.00000e+00   8.01880e+01
  11  alpha_y      0.00000e+00   1.00000e-03   0.00000e+00  -2.29761e+03
  12  w_y          1.38965e+01   constant   
  13  beta_y      -2.09815e-03     fixed    
  14  alpha_vw     0.00000e+00     fixed    
  15  w_vw         1.43195e+01   constant   
  16  beta_vw      0.00000e+00     fixed    
  17  LM           4.28808e-05   constant   
  18  zeta_y       0.00000e+00   constant   
  19  zeta_vw      0.00000e+00   constant   
  20  T_CBO        1.00000e+02   3.99978e+00   0.00000e+00   0.00000e+00
  21  alpha_A0     5.26830e-03   5.31764e-03   0.00000e+00  -1.93738e-02
  22  beta_A0     -2.26599e-04   4.83576e-03   0.00000e+00   3.06610e-01
  23  alpha_phi   -5.88901e-03   5.23209e-03   0.00000e+00   7.81675e-02
  24  beta_phi    -4.86969e-03   5.39957e-03   0.00000e+00   1.43279e-01
  25  alpha_xy     1.82942e-03   1.38525e-03   0.00000e+00   5.20610e-02
  26  w_xy         1.20754e+01   constant   
  27  beta_xy     -1.33003e-03   1.40423e-03   0.00000e+00   7.69828e-02
 MIGRAD MINIMIZATION HAS CONVERGED.
 MIGRAD WILL VERIFY CONVERGENCE AND ERROR MATRIX.
  MNHESS FAILS AND WILL RETURN DIAGONAL MATRIX. 
 FCN=45.9199 FROM MIGRAD    STATUS=CONVERGED     577 CALLS        4111 TOTAL
                     EDM=8.70045e-06    STRATEGY= 1  ERROR MATRIX UNCERTAINTY 100.0 per cent
  EXT PARAMETER                APPROXIMATE        STEP         FIRST   
  NO.   NAME      VALUE            ERROR          SIZE      DERIVATIVE 
   1  N0           3.52071e+06     fixed    
   2  tau          6.44036e+01   constant   
   3  A0           3.54050e-01     fixed    
   4  phi          4.12191e+00     fixed    
   5  R           -6.05837e+01   constant   
   6  alpha_CBO   -1.85534e-03     fixed    
   7  w_CBO        2.32643e+00   constant   
   8  beta_CBO     2.49831e-03     fixed    
   9  alpha_2CBO   6.47098e-04     fixed    
  10  beta_2CBO   -7.31584e-04   1.39408e-03   4.66269e-06   2.55541e-02
  11  alpha_y      2.25433e-03   1.39889e-03   4.67877e-06  -1.92249e-02
  12  w_y          1.38965e+01   constant   
  13  beta_y      -2.09815e-03     fixed    
  14  alpha_vw     0.00000e+00     fixed    
  15  w_vw         1.43195e+01   constant   
  16  beta_vw      0.00000e+00     fixed    
  17  LM           4.28808e-05   constant   
  18  zeta_y       0.00000e+00   constant   
  19  zeta_vw      0.00000e+00   constant   
  20  T_CBO        1.00000e+02   5.65620e+00  -0.00000e+00   0.00000e+00
  21  alpha_A0     5.56740e-03   5.31834e-03  -1.27640e-05  -5.37194e-01
  22  beta_A0     -1.77112e-04   4.83578e-03  -2.10150e-05   4.41984e-01
  23  alpha_phi   -5.94097e-03   5.23278e-03  -1.59998e-05   1.88822e-01
  24  beta_phi    -4.93631e-03   5.39960e-03   2.31177e-05   1.67126e-01
  25  alpha_xy     1.89358e-03   1.38524e-03   4.03225e-06   1.17951e+00
  26  w_xy         1.20754e+01   constant   
  27  beta_xy     -1.40238e-03   1.40423e-03   3.63001e-08  -1.16957e+00
 EXTERNAL ERROR MATRIX.    NDIM=  28    NPAR=  9    ERR DEF=1
  1.943e-06  0.000e+00  0.000e+00  0.000e+00  0.000e+00  0.000e+00  0.000e+00  0.000e+00  0.000e+00 
  0.000e+00  1.957e-06  0.000e+00  0.000e+00  0.000e+00  0.000e+00  0.000e+00  0.000e+00  0.000e+00 
  0.000e+00  0.000e+00  3.200e+01  0.000e+00  0.000e+00  0.000e+00  0.000e+00  0.000e+00  0.000e+00 
  0.000e+00  0.000e+00  0.000e+00  2.828e-05  0.000e+00  0.000e+00  0.000e+00  0.000e+00  0.000e+00 
  0.000e+00  0.000e+00  0.000e+00  0.000e+00  2.338e-05  0.000e+00  0.000e+00  0.000e+00  0.000e+00 
  0.000e+00  0.000e+00  0.000e+00  0.000e+00  0.000e+00  2.738e-05  0.000e+00  0.000e+00  0.000e+00 
  0.000e+00  0.000e+00  0.000e+00  0.000e+00  0.000e+00  0.000e+00  2.916e-05  0.000e+00  0.000e+00 
  0.000e+00  0.000e+00  0.000e+00  0.000e+00  0.000e+00  0.000e+00  0.000e+00  1.919e-06  0.000e+00 
  0.000e+00  0.000e+00  0.000e+00  0.000e+00  0.000e+00  0.000e+00  0.000e+00  0.000e+00  1.972e-06 
ERR MATRIX APPROXIMATE
 PARAMETER  CORRELATION COEFFICIENTS  
       NO.  GLOBAL     10     11     20     21     22     23     24     25     27
       10  0.00000   1.000  0.000  0.000  0.000  0.000  0.000  0.000  0.000  0.000
       11  0.00000   0.000  1.000  0.000  0.000  0.000  0.000  0.000  0.000  0.000
       20  0.00000   0.000  0.000  1.000  0.000  0.000  0.000  0.000  0.000  0.000
       21  0.00000   0.000  0.000  0.000  1.000  0.000  0.000  0.000  0.000  0.000
       22  0.00000   0.000  0.000  0.000  0.000  1.000  0.000  0.000  0.000  0.000
       23  0.00000   0.000  0.000  0.000  0.000  0.000  1.000  0.000  0.000  0.000
       24  0.00000   0.000  0.000  0.000  0.000  0.000  0.000  1.000  0.000  0.000
       25  0.00000   0.000  0.000  0.000  0.000  0.000  0.000  0.000  1.000  0.000
       27  0.00000   0.000  0.000  0.000  0.000  0.000  0.000  0.000  0.000  1.000
 ERR MATRIX APPROXIMATE
MINUIT - FIT ONLY 2-y
 **********
 **   67 **RES 
 **********
                   PARAMETER   16  beta_vw RESTORED TO VARIABLE.
                   PARAMETER   14  alpha_vw RESTORED TO VARIABLE.
                   PARAMETER   13  beta_y RESTORED TO VARIABLE.
                   PARAMETER    9  alpha_2CBO RESTORED TO VARIABLE.
                   PARAMETER    8  beta_CBO RESTORED TO VARIABLE.
                   PARAMETER    6  alpha_CBO RESTORED TO VARIABLE.
                   PARAMETER    4  phi RESTORED TO VARIABLE.
                   PARAMETER    3  A0 RESTORED TO VARIABLE.
                   PARAMETER    1  N0 RESTORED TO VARIABLE.
 **********
 **   68 **FIX            0
 **********
 PARAMETER    0  IS UNDEFINED. IGNORED.
 **********
 **   69 **FIX            1
 **********
 **********
 **   70 **FIX            2
 **********
 PARAMETER    2  IS CONSTANT.   IGNORED.
 **********
 **   71 **FIX            3
 **********
 **********
 **   72 **FIX            4
 **********
 **********
 **   73 **FIX            5
 **********
 PARAMETER    5  IS CONSTANT.   IGNORED.
 **********
 **   74 **FIX            6
 **********
 **********
 **   75 **FIX            7
 **********
 PARAMETER    7  IS CONSTANT.   IGNORED.
 **********
 **   76 **FIX            8
 **********
 **********
 **   77 **FIX            9
 **********
 **********
 **   78 **FIX           10
 **********
 **********
 **   79 **FIX           11
 **********
 **********
 **   80 **FIX           12
 **********
 PARAMETER   12  IS CONSTANT.   IGNORED.
 **********
 **   81 **FIX           16
 **********
 **********
 **   82 **MIGRAD
 **********
 START MIGRAD MINIMIZATION.  STRATEGY  1.  CONVERGENCE WHEN EDM .LT. 1.00e-04
 FCN=45.9199 FROM MIGRAD    STATUS=INITIATE      513 CALLS        4624 TOTAL
                     EDM= unknown      STRATEGY= 1      NO ERROR MATRIX       
  EXT PARAMETER               CURRENT GUESS       STEP         FIRST   
  NO.   NAME      VALUE            ERROR          SIZE      DERIVATIVE 
   1  N0           3.52071e+06     fixed    
   2  tau          6.44036e+01   constant   
   3  A0           3.54050e-01     fixed    
   4  phi          4.12191e+00     fixed    
   5  R           -6.05837e+01   constant   
   6  alpha_CBO   -1.85534e-03     fixed    
   7  w_CBO        2.32643e+00   constant   
   8  beta_CBO     2.49831e-03     fixed    
   9  alpha_2CBO   6.47098e-04     fixed    
  10  beta_2CBO   -7.31584e-04     fixed    
  11  alpha_y      2.25433e-03     fixed    
  12  w_y          1.38965e+01   constant   
  13  beta_y      -2.09815e-03   1.39068e-03   0.00000e+00  -4.78556e+01
  14  alpha_vw     0.00000e+00   1.00000e-03   0.00000e+00  -4.09732e+02
  15  w_vw         1.43195e+01   constant   
  16  beta_vw      0.00000e+00     fixed    
  17  LM           4.28808e-05   constant   
  18  zeta_y       0.00000e+00   constant   
  19  zeta_vw      0.00000e+00   constant   
  20  T_CBO        1.00000e+02   5.65620e+00   0.00000e+00   0.00000e+00
  21  alpha_A0     5.56740e-03   5.31834e-03   0.00000e+00  -5.37194e-01
  22  beta_A0     -1.77112e-04   4.83578e-03   0.00000e+00   4.41984e-01
  23  alpha_phi   -5.94097e-03   5.23278e-03   0.00000e+00   1.88822e-01
  24  beta_phi    -4.93631e-03   5.39960e-03   0.00000e+00   1.67126e-01
  25  alpha_xy     1.89358e-03   1.38524e-03   0.00000e+00   1.17951e+00
  26  w_xy         1.20754e+01   constant   
  27  beta_xy     -1.40238e-03   1.40423e-03   0.00000e+00  -1.16957e+00
 MIGRAD MINIMIZATION HAS CONVERGED.
 MIGRAD WILL VERIFY CONVERGENCE AND ERROR MATRIX.
  MNHESS FAILS AND WILL RETURN DIAGONAL MATRIX. 
 FCN=45.8318 FROM MIGRAD    STATUS=CONVERGED     579 CALLS        4690 TOTAL
                     EDM=6.02904e-07    STRATEGY= 1  ERROR MATRIX UNCERTAINTY 100.0 per cent
  EXT PARAMETER                APPROXIMATE        STEP         FIRST   
  NO.   NAME      VALUE            ERROR          SIZE      DERIVATIVE 
   1  N0           3.52071e+06     fixed    
   2  tau          6.44036e+01   constant   
   3  A0           3.54050e-01     fixed    
   4  phi          4.12191e+00     fixed    
   5  R           -6.05837e+01   constant   
   6  alpha_CBO   -1.85534e-03     fixed    
   7  w_CBO        2.32643e+00   constant   
   8  beta_CBO     2.49831e-03     fixed    
   9  alpha_2CBO   6.47098e-04     fixed    
  10  beta_2CBO   -7.31584e-04     fixed    
  11  alpha_y      2.25433e-03     fixed    
  12  w_y          1.38965e+01   constant   
  13  beta_y      -2.21613e-03   1.39067e-03   4.64691e-06  -1.00671e-04
  14  alpha_vw     4.43972e-04   1.39513e-03   4.66183e-06   2.90152e-03
  15  w_vw         1.43195e+01   constant   
  16  beta_vw      0.00000e+00     fixed    
  17  LM           4.28808e-05   constant   
  18  zeta_y       0.00000e+00   constant   
  19  zeta_vw      0.00000e+00   constant   
  20  T_CBO        1.00000e+02   7.99813e+00  -0.00000e+00   0.00000e+00
  21  alpha_A0     5.56866e-03   5.31828e-03   1.04444e-05  -2.19147e-02
  22  beta_A0     -1.98429e-04   4.83577e-03  -5.32532e-06   2.13920e-01
  23  alpha_phi   -5.95780e-03   5.23275e-03  -9.33309e-06   2.08718e-02
  24  beta_phi    -4.92774e-03   5.39961e-03   1.08759e-05  -9.63907e-02
  25  alpha_xy     1.90493e-03   1.38524e-03  -9.60606e-06   7.59672e-02
  26  w_xy         1.20754e+01   constant   
  27  beta_xy     -1.42503e-03   1.40423e-03  -7.88995e-06  -1.49028e-02
 EXTERNAL ERROR MATRIX.    NDIM=  28    NPAR=  9    ERR DEF=1
  1.934e-06  0.000e+00  0.000e+00  0.000e+00  0.000e+00  0.000e+00  0.000e+00  0.000e+00  0.000e+00 
  0.000e+00  1.946e-06  0.000e+00  0.000e+00  0.000e+00  0.000e+00  0.000e+00  0.000e+00  0.000e+00 
  0.000e+00  0.000e+00  6.399e+01  0.000e+00  0.000e+00  0.000e+00  0.000e+00  0.000e+00  0.000e+00 
  0.000e+00  0.000e+00  0.000e+00  2.828e-05  0.000e+00  0.000e+00  0.000e+00  0.000e+00  0.000e+00 
  0.000e+00  0.000e+00  0.000e+00  0.000e+00  2.338e-05  0.000e+00  0.000e+00  0.000e+00  0.000e+00 
  0.000e+00  0.000e+00  0.000e+00  0.000e+00  0.000e+00  2.738e-05  0.000e+00  0.000e+00  0.000e+00 
  0.000e+00  0.000e+00  0.000e+00  0.000e+00  0.000e+00  0.000e+00  2.916e-05  0.000e+00  0.000e+00 
  0.000e+00  0.000e+00  0.000e+00  0.000e+00  0.000e+00  0.000e+00  0.000e+00  1.919e-06  0.000e+00 
  0.000e+00  0.000e+00  0.000e+00  0.000e+00  0.000e+00  0.000e+00  0.000e+00  0.000e+00  1.972e-06 
ERR MATRIX APPROXIMATE
 PARAMETER  CORRELATION COEFFICIENTS  
       NO.  GLOBAL     13     14     20     21     22     23     24     25     27
       13  0.00000   1.000  0.000  0.000  0.000  0.000  0.000  0.000  0.000  0.000
       14  0.00000   0.000  1.000  0.000  0.000  0.000  0.000  0.000  0.000  0.000
       20  0.00000   0.000  0.000  1.000  0.000  0.000  0.000  0.000  0.000  0.000
       21  0.00000   0.000  0.000  0.000  1.000  0.000  0.000  0.000  0.000  0.000
       22  0.00000   0.000  0.000  0.000  0.000  1.000  0.000  0.000  0.000  0.000
       23  0.00000   0.000  0.000  0.000  0.000  0.000  1.000  0.000  0.000  0.000
       24  0.00000   0.000  0.000  0.000  0.000  0.000  0.000  1.000  0.000  0.000
       25  0.00000   0.000  0.000  0.000  0.000  0.000  0.000  0.000  1.000  0.000
       27  0.00000   0.000  0.000  0.000  0.000  0.000  0.000  0.000  0.000  1.000
 ERR MATRIX APPROXIMATE
MINUIT - FIT ALTOGETHER
 **********
 **   83 **RES 
 **********
                   PARAMETER   16  beta_vw RESTORED TO VARIABLE.
                   PARAMETER   11  alpha_y RESTORED TO VARIABLE.
                   PARAMETER   10  beta_2CBO RESTORED TO VARIABLE.
                   PARAMETER    9  alpha_2CBO RESTORED TO VARIABLE.
                   PARAMETER    8  beta_CBO RESTORED TO VARIABLE.
                   PARAMETER    6  alpha_CBO RESTORED TO VARIABLE.
                   PARAMETER    4  phi RESTORED TO VARIABLE.
                   PARAMETER    3  A0 RESTORED TO VARIABLE.
                   PARAMETER    1  N0 RESTORED TO VARIABLE.
 **********
 **   84 **MIGRAD
 **********
 START MIGRAD MINIMIZATION.  STRATEGY  1.  CONVERGENCE WHEN EDM .LT. 1.00e-04
 FCN=45.8318 FROM MIGRAD    STATUS=INITIATE     1683 CALLS        6373 TOTAL
                     EDM= unknown      STRATEGY= 1      NO ERROR MATRIX       
  EXT PARAMETER               CURRENT GUESS       STEP         FIRST   
  NO.   NAME      VALUE            ERROR          SIZE      DERIVATIVE 
   1  N0           3.52071e+06   3.47218e+03   0.00000e+00  -9.15315e-06
   2  tau          6.44036e+01   constant   
   3  A0           3.54050e-01   1.26616e-03   0.00000e+00   5.60774e+01
   4  phi          4.12191e+00   3.75747e-03   0.00000e+00  -4.38152e+00
   5  R           -6.05837e+01   constant   
   6  alpha_CBO   -1.85534e-03   1.41643e-03   0.00000e+00   1.91482e+01
   7  w_CBO        2.32643e+00   constant   
   8  beta_CBO     2.49831e-03   1.37379e-03   0.00000e+00   4.74269e+00
   9  alpha_2CBO   6.47098e-04   1.39515e-03   0.00000e+00  -1.86884e+01
  10  beta_2CBO   -7.31584e-04   1.39408e-03   0.00000e+00  -3.03617e+00
  11  alpha_y      2.25433e-03   1.39889e-03   0.00000e+00  -5.52933e+01
  12  w_y          1.38965e+01   constant   
  13  beta_y      -2.21613e-03   1.39067e-03   0.00000e+00  -1.00717e-04
  14  alpha_vw     4.43972e-04   1.39513e-03   0.00000e+00   2.90147e-03
  15  w_vw         1.43195e+01   constant   
  16  beta_vw      0.00000e+00   1.00000e-03   0.00000e+00   5.71535e+02
  17  LM           4.28808e-05   constant   
  18  zeta_y       0.00000e+00   constant   
  19  zeta_vw      0.00000e+00   constant   
  20  T_CBO        1.00000e+02   7.99813e+00   0.00000e+00   0.00000e+00
  21  alpha_A0     5.56866e-03   5.31828e-03   0.00000e+00  -2.19147e-02
  22  beta_A0     -1.98429e-04   4.83577e-03   0.00000e+00   2.13920e-01
  23  alpha_phi   -5.95780e-03   5.23275e-03   0.00000e+00   2.08736e-02
  24  beta_phi    -4.92774e-03   5.39961e-03   0.00000e+00  -9.63905e-02
  25  alpha_xy     1.90493e-03   1.38524e-03   0.00000e+00   7.59672e-02
  26  w_xy         1.20754e+01   constant   
  27  beta_xy     -1.42503e-03   1.40423e-03   0.00000e+00  -1.49028e-02
 MIGRAD MINIMIZATION HAS CONVERGED.
 MIGRAD WILL VERIFY CONVERGENCE AND ERROR MATRIX.
  MNHESS FAILS AND WILL RETURN DIAGONAL MATRIX. 
 FCN=45.6504 FROM MIGRAD    STATUS=CONVERGED    1860 CALLS        6550 TOTAL
                     EDM=1.04961e-06    STRATEGY= 1  ERROR MATRIX UNCERTAINTY 100.0 per cent
  EXT PARAMETER                APPROXIMATE        STEP         FIRST   
  NO.   NAME      VALUE            ERROR          SIZE      DERIVATIVE 
   1  N0           3.52073e+06   3.47218e+03   9.93215e+00  -1.48197e-07
   2  tau          6.44036e+01   constant   
   3  A0           3.54013e-01   1.26615e-03   4.22264e-06  -6.36785e-02
   4  phi          4.12198e+00   3.75783e-03   1.25324e-05   1.30880e-01
   5  R           -6.05837e+01   constant   
   6  alpha_CBO   -1.85837e-03   1.41643e-03   4.72382e-06  -2.54156e-01
   7  w_CBO        2.32643e+00   constant   
   8  beta_CBO     2.49604e-03   1.37378e-03   4.58158e-06   2.47350e-01
   9  alpha_2CBO   6.56881e-04   1.39519e-03   4.65298e-06  -4.07461e-01
  10  beta_2CBO   -7.18199e-04   1.39404e-03   4.64916e-06   2.04802e-01
  11  alpha_y      2.05898e-03   1.39888e-03   4.66530e-06  -1.34389e-01
  12  w_y          1.38965e+01   constant   
  13  beta_y      -2.31765e-03   1.39066e-03   4.63789e-06   2.64735e-01
  14  alpha_vw     4.54873e-04   1.39513e-03   4.65278e-06  -5.52642e-01
  15  w_vw         1.43195e+01   constant   
  16  beta_vw     -6.48664e-04   1.39438e-03   4.65029e-06  -2.12503e-02
  17  LM           4.28808e-05   constant   
  18  zeta_y       0.00000e+00   constant   
  19  zeta_vw      0.00000e+00   constant   
  20  T_CBO        1.00000e+02   1.13084e+01  -0.00000e+00   0.00000e+00
  21  alpha_A0     5.52523e-03   5.31848e-03   1.07892e-07   1.27439e-01
  22  beta_A0     -2.60212e-04   4.83621e-03  -5.69299e-07   7.56569e-02
  23  alpha_phi   -5.98775e-03   5.23280e-03   1.97687e-06   6.39227e-02
  24  beta_phi    -4.85366e-03   5.39987e-03  -3.95039e-06  -4.72693e-02
  25  alpha_xy     1.87470e-03   1.38524e-03   2.75992e-07  -3.50721e-01
  26  w_xy         1.20754e+01   constant   
  27  beta_xy     -1.46489e-03   1.40422e-03  -9.76454e-07   2.38619e-01
 EXTERNAL ERROR MATRIX.    NDIM=  28    NPAR= 18    ERR DEF=1
 ELEMENTS ABOVE DIAGONAL ARE NOT PRINTED.
  1.206e+07 
  0.000e+00  1.603e-06 
  0.000e+00  0.000e+00  1.412e-05 
  0.000e+00  0.000e+00  0.000e+00  2.006e-06 
  0.000e+00  0.000e+00  0.000e+00  0.000e+00  1.887e-06 
  0.000e+00  0.000e+00  0.000e+00  0.000e+00  0.000e+00  1.947e-06 
  0.000e+00  0.000e+00  0.000e+00  0.000e+00  0.000e+00  0.000e+00  1.943e-06 
  0.000e+00  0.000e+00  0.000e+00  0.000e+00  0.000e+00  0.000e+00  0.000e+00  1.957e-06 
  0.000e+00  0.000e+00  0.000e+00  0.000e+00  0.000e+00  0.000e+00  0.000e+00  0.000e+00  1.934e-06 
  0.000e+00  0.000e+00  0.000e+00  0.000e+00  0.000e+00  0.000e+00  0.000e+00  0.000e+00  0.000e+00  1.946e-06 
  0.000e+00  0.000e+00  0.000e+00  0.000e+00  0.000e+00  0.000e+00  0.000e+00  0.000e+00  0.000e+00  0.000e+00  1.944e-06 
  0.000e+00  0.000e+00  0.000e+00  0.000e+00  0.000e+00  0.000e+00  0.000e+00  0.000e+00  0.000e+00  0.000e+00  0.000e+00 
  0.000e+00  0.000e+00  0.000e+00  0.000e+00  0.000e+00  0.000e+00  0.000e+00  0.000e+00  0.000e+00  0.000e+00  0.000e+00  1.279e+02 
  0.000e+00  0.000e+00  0.000e+00  0.000e+00  0.000e+00  0.000e+00  0.000e+00  0.000e+00  0.000e+00  0.000e+00  0.000e+00 
  0.000e+00  0.000e+00  0.000e+00  0.000e+00  0.000e+00  0.000e+00  0.000e+00  0.000e+00  0.000e+00  0.000e+00  0.000e+00  0.000e+00  2.829e-05 
  0.000e+00  0.000e+00  0.000e+00  0.000e+00  0.000e+00  0.000e+00  0.000e+00  0.000e+00  0.000e+00  0.000e+00  0.000e+00 
  0.000e+00  0.000e+00  0.000e+00  0.000e+00  0.000e+00  0.000e+00  0.000e+00  0.000e+00  0.000e+00  0.000e+00  0.000e+00  0.000e+00  0.000e+00  2.339e-05 
  0.000e+00  0.000e+00  0.000e+00  0.000e+00  0.000e+00  0.000e+00  0.000e+00  0.000e+00  0.000e+00  0.000e+00  0.000e+00 
  0.000e+00  0.000e+00  0.000e+00  0.000e+00  0.000e+00  0.000e+00  0.000e+00  0.000e+00  0.000e+00  0.000e+00  0.000e+00  0.000e+00  0.000e+00  0.000e+00  2.738e-05 
  0.000e+00  0.000e+00  0.000e+00  0.000e+00  0.000e+00  0.000e+00  0.000e+00  0.000e+00  0.000e+00  0.000e+00  0.000e+00 
  0.000e+00  0.000e+00  0.000e+00  0.000e+00  0.000e+00  0.000e+00  0.000e+00  0.000e+00  0.000e+00  0.000e+00  0.000e+00  0.000e+00  0.000e+00  0.000e+00  0.000e+00  2.916e-05 
  0.000e+00  0.000e+00  0.000e+00  0.000e+00  0.000e+00  0.000e+00  0.000e+00  0.000e+00  0.000e+00  0.000e+00  0.000e+00 
  0.000e+00  0.000e+00  0.000e+00  0.000e+00  0.000e+00  0.000e+00  0.000e+00  0.000e+00  0.000e+00  0.000e+00  0.000e+00  0.000e+00  0.000e+00  0.000e+00  0.000e+00  0.000e+00  1.919e-06 
  0.000e+00  0.000e+00  0.000e+00  0.000e+00  0.000e+00  0.000e+00  0.000e+00  0.000e+00  0.000e+00  0.000e+00  0.000e+00 
  0.000e+00  0.000e+00  0.000e+00  0.000e+00  0.000e+00  0.000e+00  0.000e+00  0.000e+00  0.000e+00  0.000e+00  0.000e+00  0.000e+00  0.000e+00  0.000e+00  0.000e+00  0.000e+00  0.000e+00  1.972e-06 
ERR MATRIX APPROXIMATE
 PARAMETER  CORRELATION COEFFICIENTS  
       NO.  GLOBAL      1      3      4      6      8      9     10     11     13     14     16     20     21     22     23     24
        1  0.00000   1.000  0.000  0.000  0.000  0.000  0.000  0.000  0.000  0.000  0.000  0.000  0.000  0.000  0.000  0.000  0.000
        3  0.00000   0.000  1.000  0.000  0.000  0.000  0.000  0.000  0.000  0.000  0.000  0.000  0.000  0.000  0.000  0.000  0.000
        4  0.00000   0.000  0.000  1.000  0.000  0.000  0.000  0.000  0.000  0.000  0.000  0.000  0.000  0.000  0.000  0.000  0.000
        6  0.00000   0.000  0.000  0.000  1.000  0.000  0.000  0.000  0.000  0.000  0.000  0.000  0.000  0.000  0.000  0.000  0.000
        8  0.00000   0.000  0.000  0.000  0.000  1.000  0.000  0.000  0.000  0.000  0.000  0.000  0.000  0.000  0.000  0.000  0.000
        9  0.00000   0.000  0.000  0.000  0.000  0.000  1.000  0.000  0.000  0.000  0.000  0.000  0.000  0.000  0.000  0.000  0.000
       10  0.00000   0.000  0.000  0.000  0.000  0.000  0.000  1.000  0.000  0.000  0.000  0.000  0.000  0.000  0.000  0.000  0.000
       11  0.00000   0.000  0.000  0.000  0.000  0.000  0.000  0.000  1.000  0.000  0.000  0.000  0.000  0.000  0.000  0.000  0.000
       13  0.00000   0.000  0.000  0.000  0.000  0.000  0.000  0.000  0.000  1.000  0.000  0.000  0.000  0.000  0.000  0.000  0.000
       14  0.00000   0.000  0.000  0.000  0.000  0.000  0.000  0.000  0.000  0.000  1.000  0.000  0.000  0.000  0.000  0.000  0.000
       16  0.00000   0.000  0.000  0.000  0.000  0.000  0.000  0.000  0.000  0.000  0.000  1.000  0.000  0.000  0.000  0.000  0.000
       20  0.00000   0.000  0.000  0.000  0.000  0.000  0.000  0.000  0.000  0.000  0.000  0.000  1.000  0.000  0.000  0.000  0.000
       21  0.00000   0.000  0.000  0.000  0.000  0.000  0.000  0.000  0.000  0.000  0.000  0.000  0.000  1.000  0.000  0.000  0.000
       22  0.00000   0.000  0.000  0.000  0.000  0.000  0.000  0.000  0.000  0.000  0.000  0.000  0.000  0.000  1.000  0.000  0.000
       23  0.00000   0.000  0.000  0.000  0.000  0.000  0.000  0.000  0.000  0.000  0.000  0.000  0.000  0.000  0.000  1.000  0.000
       24  0.00000   0.000  0.000  0.000  0.000  0.000  0.000  0.000  0.000  0.000  0.000  0.000  0.000  0.000  0.000  0.000  1.000
       25  0.00000   0.000  0.000  0.000  0.000  0.000  0.000  0.000  0.000  0.000  0.000  0.000  0.000  0.000  0.000  0.000  0.000
                     1.000  0.000
       27  0.00000   0.000  0.000  0.000  0.000  0.000  0.000  0.000  0.000  0.000  0.000  0.000  0.000  0.000  0.000  0.000  0.000
                     0.000  1.000
 ERR MATRIX APPROXIMATE
MINUIT - MINOS
 **********
 **   85 **RES 
 **********
 CALL TO MNFREE IGNORED.  THERE ARE NO FIXED PARAMETERS
 **********
 **   86 **MIG      2.5e+04        0.01
 **********
 START MIGRAD MINIMIZATION.  STRATEGY  1.  CONVERGENCE WHEN EDM .LT. 1.00e-05
 FCN=45.6504 FROM MIGRAD    STATUS=INITIATE       36 CALLS        6586 TOTAL
                     EDM=3.04774e-06    STRATEGY= 1  ERROR MATRIX UNCERTAINTY 100.0 per cent
  EXT PARAMETER                APPROXIMATE        STEP         FIRST   
  NO.   NAME      VALUE            ERROR          SIZE      DERIVATIVE 
   1  N0           3.52073e+06   3.47218e+03   9.93215e+00  -1.48197e-07
   2  tau          6.44036e+01   constant   
   3  A0           3.54013e-01   1.26615e-03   4.22264e-06  -6.36785e-02
   4  phi          4.12198e+00   3.75783e-03   1.25324e-05   1.30880e-01
   5  R           -6.05837e+01   constant   
   6  alpha_CBO   -1.85837e-03   1.41643e-03   4.72382e-06  -2.54156e-01
   7  w_CBO        2.32643e+00   constant   
   8  beta_CBO     2.49604e-03   1.37378e-03   4.58158e-06   2.47350e-01
   9  alpha_2CBO   6.56881e-04   1.39519e-03   4.65298e-06  -4.07461e-01
  10  beta_2CBO   -7.18199e-04   1.39404e-03   4.64916e-06   2.04802e-01
  11  alpha_y      2.05898e-03   1.39888e-03   4.66530e-06  -1.34389e-01
  12  w_y          1.38965e+01   constant   
  13  beta_y      -2.31765e-03   1.39066e-03   4.63789e-06   2.64735e-01
  14  alpha_vw     4.54873e-04   1.39513e-03   4.65278e-06  -5.52642e-01
  15  w_vw         1.43195e+01   constant   
  16  beta_vw     -6.48664e-04   1.39438e-03   4.65029e-06  -2.12503e-02
  17  LM           4.28808e-05   constant   
  18  zeta_y       0.00000e+00   constant   
  19  zeta_vw      0.00000e+00   constant   
  20  T_CBO        1.00000e+02   1.13084e+01  -0.00000e+00   0.00000e+00
  21  alpha_A0     5.52523e-03   5.31848e-03   1.07892e-07   1.27439e-01
  22  beta_A0     -2.60212e-04   4.83621e-03  -5.69299e-07   7.56569e-02
  23  alpha_phi   -5.98775e-03   5.23280e-03   1.97687e-06   6.39234e-02
  24  beta_phi    -4.85366e-03   5.39987e-03  -3.95039e-06  -4.72690e-02
  25  alpha_xy     1.87470e-03   1.38524e-03   2.75992e-07  -3.50722e-01
  26  w_xy         1.20754e+01   constant   
  27  beta_xy     -1.46489e-03   1.40422e-03  -9.76454e-07   2.38619e-01
 MIGRAD MINIMIZATION HAS CONVERGED.
 MIGRAD WILL VERIFY CONVERGENCE AND ERROR MATRIX.
  MNHESS FAILS AND WILL RETURN DIAGONAL MATRIX. 
 FCN=45.6504 FROM MIGRAD    STATUS=CONVERGED      98 CALLS        6648 TOTAL
                     EDM=3.99441e-07    STRATEGY= 1  ERROR MATRIX UNCERTAINTY 100.0 per cent
  EXT PARAMETER                APPROXIMATE        STEP         FIRST   
  NO.   NAME      VALUE            ERROR          SIZE      DERIVATIVE 
   1  N0           3.52073e+06   3.47218e+03   9.93215e+00   1.33270e-08
   2  tau          6.44036e+01   constant   
   3  A0           3.54013e-01   1.26615e-03   4.22264e-06  -1.40722e-01
   4  phi          4.12198e+00   3.75782e-03   1.25324e-05  -3.07409e-02
   5  R           -6.05837e+01   constant   
   6  alpha_CBO   -1.85812e-03   1.41643e-03   4.72382e-06   2.05556e-01
   7  w_CBO        2.32643e+00   constant   
   8  beta_CBO     2.49581e-03   1.37378e-03   4.58158e-06   5.76727e-02
   9  alpha_2CBO   6.57277e-04   1.39519e-03   4.65298e-06   7.58590e-02
  10  beta_2CBO   -7.18398e-04   1.39404e-03   4.64916e-06  -1.09698e-01
  11  alpha_y      2.05911e-03   1.39888e-03   4.66530e-06  -7.26734e-02
  12  w_y          1.38965e+01   constant   
  13  beta_y      -2.31791e-03   1.39066e-03   4.63789e-06   1.91776e-01
  14  alpha_vw     4.55411e-04   1.39513e-03   4.65278e-06  -1.40267e-01
  15  w_vw         1.43195e+01   constant   
  16  beta_vw     -6.48644e-04   1.39438e-03   4.65029e-06  -1.84264e-03
  17  LM           4.28808e-05   constant   
  18  zeta_y       0.00000e+00   constant   
  19  zeta_vw      0.00000e+00   constant   
  20  T_CBO        1.00000e+02   1.59849e+01  -0.00000e+00   0.00000e+00
  21  alpha_A0     5.52342e-03   5.31848e-03  -1.80238e-06  -2.99823e-02
  22  beta_A0     -2.61097e-04   4.83621e-03  -8.84767e-07   8.12896e-03
  23  alpha_phi   -5.98862e-03   5.23280e-03  -8.75180e-07  -4.23160e-02
  24  beta_phi    -4.85297e-03   5.39987e-03   6.89149e-07   2.93258e-02
  25  alpha_xy     1.87504e-03   1.38524e-03   3.36497e-07  -5.62266e-03
  26  w_xy         1.20754e+01   constant   
  27  beta_xy     -1.46512e-03   1.40422e-03  -2.35258e-07   5.36070e-02
 EXTERNAL ERROR MATRIX.    NDIM=  28    NPAR= 18    ERR DEF=1
 ELEMENTS ABOVE DIAGONAL ARE NOT PRINTED.
  1.206e+07 
  0.000e+00  1.603e-06 
  0.000e+00  0.000e+00  1.412e-05 
  0.000e+00  0.000e+00  0.000e+00  2.006e-06 
  0.000e+00  0.000e+00  0.000e+00  0.000e+00  1.887e-06 
  0.000e+00  0.000e+00  0.000e+00  0.000e+00  0.000e+00  1.947e-06 
  0.000e+00  0.000e+00  0.000e+00  0.000e+00  0.000e+00  0.000e+00  1.943e-06 
  0.000e+00  0.000e+00  0.000e+00  0.000e+00  0.000e+00  0.000e+00  0.000e+00  1.957e-06 
  0.000e+00  0.000e+00  0.000e+00  0.000e+00  0.000e+00  0.000e+00  0.000e+00  0.000e+00  1.934e-06 
  0.000e+00  0.000e+00  0.000e+00  0.000e+00  0.000e+00  0.000e+00  0.000e+00  0.000e+00  0.000e+00  1.946e-06 
  0.000e+00  0.000e+00  0.000e+00  0.000e+00  0.000e+00  0.000e+00  0.000e+00  0.000e+00  0.000e+00  0.000e+00  1.944e-06 
  0.000e+00  0.000e+00  0.000e+00  0.000e+00  0.000e+00  0.000e+00  0.000e+00  0.000e+00  0.000e+00  0.000e+00  0.000e+00 
  0.000e+00  0.000e+00  0.000e+00  0.000e+00  0.000e+00  0.000e+00  0.000e+00  0.000e+00  0.000e+00  0.000e+00  0.000e+00  2.558e+02 
  0.000e+00  0.000e+00  0.000e+00  0.000e+00  0.000e+00  0.000e+00  0.000e+00  0.000e+00  0.000e+00  0.000e+00  0.000e+00 
  0.000e+00  0.000e+00  0.000e+00  0.000e+00  0.000e+00  0.000e+00  0.000e+00  0.000e+00  0.000e+00  0.000e+00  0.000e+00  0.000e+00  2.829e-05 
  0.000e+00  0.000e+00  0.000e+00  0.000e+00  0.000e+00  0.000e+00  0.000e+00  0.000e+00  0.000e+00  0.000e+00  0.000e+00 
  0.000e+00  0.000e+00  0.000e+00  0.000e+00  0.000e+00  0.000e+00  0.000e+00  0.000e+00  0.000e+00  0.000e+00  0.000e+00  0.000e+00  0.000e+00  2.339e-05 
  0.000e+00  0.000e+00  0.000e+00  0.000e+00  0.000e+00  0.000e+00  0.000e+00  0.000e+00  0.000e+00  0.000e+00  0.000e+00 
  0.000e+00  0.000e+00  0.000e+00  0.000e+00  0.000e+00  0.000e+00  0.000e+00  0.000e+00  0.000e+00  0.000e+00  0.000e+00  0.000e+00  0.000e+00  0.000e+00  2.738e-05 
  0.000e+00  0.000e+00  0.000e+00  0.000e+00  0.000e+00  0.000e+00  0.000e+00  0.000e+00  0.000e+00  0.000e+00  0.000e+00 
  0.000e+00  0.000e+00  0.000e+00  0.000e+00  0.000e+00  0.000e+00  0.000e+00  0.000e+00  0.000e+00  0.000e+00  0.000e+00  0.000e+00  0.000e+00  0.000e+00  0.000e+00  2.916e-05 
  0.000e+00  0.000e+00  0.000e+00  0.000e+00  0.000e+00  0.000e+00  0.000e+00  0.000e+00  0.000e+00  0.000e+00  0.000e+00 
  0.000e+00  0.000e+00  0.000e+00  0.000e+00  0.000e+00  0.000e+00  0.000e+00  0.000e+00  0.000e+00  0.000e+00  0.000e+00  0.000e+00  0.000e+00  0.000e+00  0.000e+00  0.000e+00  1.919e-06 
  0.000e+00  0.000e+00  0.000e+00  0.000e+00  0.000e+00  0.000e+00  0.000e+00  0.000e+00  0.000e+00  0.000e+00  0.000e+00 
  0.000e+00  0.000e+00  0.000e+00  0.000e+00  0.000e+00  0.000e+00  0.000e+00  0.000e+00  0.000e+00  0.000e+00  0.000e+00  0.000e+00  0.000e+00  0.000e+00  0.000e+00  0.000e+00  0.000e+00  1.972e-06 
ERR MATRIX APPROXIMATE
 PARAMETER  CORRELATION COEFFICIENTS  
       NO.  GLOBAL      1      3      4      6      8      9     10     11     13     14     16     20     21     22     23     24
        1  0.00000   1.000  0.000  0.000  0.000  0.000  0.000  0.000  0.000  0.000  0.000  0.000  0.000  0.000  0.000  0.000  0.000
        3  0.00000   0.000  1.000  0.000  0.000  0.000  0.000  0.000  0.000  0.000  0.000  0.000  0.000  0.000  0.000  0.000  0.000
        4  0.00000   0.000  0.000  1.000  0.000  0.000  0.000  0.000  0.000  0.000  0.000  0.000  0.000  0.000  0.000  0.000  0.000
        6  0.00000   0.000  0.000  0.000  1.000  0.000  0.000  0.000  0.000  0.000  0.000  0.000  0.000  0.000  0.000  0.000  0.000
        8  0.00000   0.000  0.000  0.000  0.000  1.000  0.000  0.000  0.000  0.000  0.000  0.000  0.000  0.000  0.000  0.000  0.000
        9  0.00000   0.000  0.000  0.000  0.000  0.000  1.000  0.000  0.000  0.000  0.000  0.000  0.000  0.000  0.000  0.000  0.000
       10  0.00000   0.000  0.000  0.000  0.000  0.000  0.000  1.000  0.000  0.000  0.000  0.000  0.000  0.000  0.000  0.000  0.000
       11  0.00000   0.000  0.000  0.000  0.000  0.000  0.000  0.000  1.000  0.000  0.000  0.000  0.000  0.000  0.000  0.000  0.000
       13  0.00000   0.000  0.000  0.000  0.000  0.000  0.000  0.000  0.000  1.000  0.000  0.000  0.000  0.000  0.000  0.000  0.000
       14  0.00000   0.000  0.000  0.000  0.000  0.000  0.000  0.000  0.000  0.000  1.000  0.000  0.000  0.000  0.000  0.000  0.000
       16  0.00000   0.000  0.000  0.000  0.000  0.000  0.000  0.000  0.000  0.000  0.000  1.000  0.000  0.000  0.000  0.000  0.000
       20  0.00000   0.000  0.000  0.000  0.000  0.000  0.000  0.000  0.000  0.000  0.000  0.000  1.000  0.000  0.000  0.000  0.000
       21  0.00000   0.000  0.000  0.000  0.000  0.000  0.000  0.000  0.000  0.000  0.000  0.000  0.000  1.000  0.000  0.000  0.000
       22  0.00000   0.000  0.000  0.000  0.000  0.000  0.000  0.000  0.000  0.000  0.000  0.000  0.000  0.000  1.000  0.000  0.000
       23  0.00000   0.000  0.000  0.000  0.000  0.000  0.000  0.000  0.000  0.000  0.000  0.000  0.000  0.000  0.000  1.000  0.000
       24  0.00000   0.000  0.000  0.000  0.000  0.000  0.000  0.000  0.000  0.000  0.000  0.000  0.000  0.000  0.000  0.000  1.000
       25  0.00000   0.000  0.000  0.000  0.000  0.000  0.000  0.000  0.000  0.000  0.000  0.000  0.000  0.000  0.000  0.000  0.000
                     1.000  0.000
       27  0.00000   0.000  0.000  0.000  0.000  0.000  0.000  0.000  0.000  0.000  0.000  0.000  0.000  0.000  0.000  0.000  0.000
                     0.000  1.000
 ERR MATRIX APPROXIMATE
 **********
 **   87 **MINO      2.5e+04
 **********
  MNHESS FAILS AND WILL RETURN DIAGONAL MATRIX. 
    THE POSITIVE MINOS ERROR OF PARAMETER  20, T_CBO EXCEEDS ITS LIMIT.
    THE NEGATIVE MINOS ERROR OF PARAMETER  20, T_CBO EXCEEDS ITS LIMIT.
 FCN=45.6504 FROM MINOS     STATUS=PROBLEMS     7892 CALLS       14565 TOTAL
                     EDM=3.99441e-07    STRATEGY= 1  ERROR MATRIX UNCERTAINTY 100.0 per cent
  EXT PARAMETER                  PARABOLIC         MINOS ERRORS        
  NO.   NAME      VALUE            ERROR      NEGATIVE      POSITIVE   
   1  N0           3.52073e+06   3.47218e+03  -3.71339e+03   3.71344e+03
   2  tau          6.44036e+01   constant   
   3  A0           3.54013e-01   1.26615e-03  -1.34591e-03   1.34595e-03
   4  phi          4.12198e+00   3.75782e-03  -3.96901e-03   3.97123e-03
   5  R           -6.05837e+01   constant   
   6  alpha_CBO   -1.85812e-03   1.41643e-03  -1.47419e-03   1.47394e-03
   7  w_CBO        2.32643e+00   constant   
   8  beta_CBO     2.49581e-03   1.37378e-03  -1.45740e-03   1.45736e-03
   9  alpha_2CBO   6.57277e-04   1.39519e-03  -1.43406e-03   1.43384e-03
  10  beta_2CBO   -7.18398e-04   1.39404e-03  -1.43232e-03   1.43258e-03
  11  alpha_y      2.05911e-03   1.39888e-03  -1.53444e-03   1.53457e-03
  12  w_y          1.38965e+01   constant   
  13  beta_y      -2.31791e-03   1.39066e-03  -1.52276e-03   1.52215e-03
  14  alpha_vw     4.55411e-04   1.39513e-03  -1.51825e-03   1.51881e-03
  15  w_vw         1.43195e+01   constant   
  16  beta_vw     -6.48644e-04   1.39438e-03  -1.53860e-03   1.53849e-03
  17  LM           4.28808e-05   constant   
  18  zeta_y       0.00000e+00   constant   
  19  zeta_vw      0.00000e+00   constant   
  20  T_CBO        1.00000e+02   9.54289e+01   at limit      at limit   
  21  alpha_A0     5.52342e-03   5.31848e-03  -5.62743e-03   5.63371e-03
  22  beta_A0     -2.61097e-04   4.83621e-03  -5.14396e-03   5.14541e-03
  23  alpha_phi   -5.98862e-03   5.23280e-03  -5.45576e-03   5.44793e-03
  24  beta_phi    -4.85297e-03   5.39987e-03  -5.67760e-03   5.67939e-03
  25  alpha_xy     1.87504e-03   1.38524e-03  -1.39277e-03   1.39277e-03
  26  w_xy         1.20754e+01   constant   
  27  beta_xy     -1.46512e-03   1.40422e-03  -1.41385e-03   1.41365e-03
 **********
 **   88 **SHO COR 
 **********
 PARAMETER  CORRELATION COEFFICIENTS  
       NO.  GLOBAL      1      3      4      6      8      9     10     11     13     14     16     20     21     22     23     24
        1  0.00000   1.000  0.000  0.000  0.000  0.000  0.000  0.000  0.000  0.000  0.000  0.000  0.000  0.000  0.000  0.000  0.000
        3  0.00000   0.000  1.000  0.000  0.000  0.000  0.000  0.000  0.000  0.000  0.000  0.000  0.000  0.000  0.000  0.000  0.000
        4  0.00000   0.000  0.000  1.000  0.000  0.000  0.000  0.000  0.000  0.000  0.000  0.000  0.000  0.000  0.000  0.000  0.000
        6  0.00000   0.000  0.000  0.000  1.000  0.000  0.000  0.000  0.000  0.000  0.000  0.000  0.000  0.000  0.000  0.000  0.000
        8  0.00000   0.000  0.000  0.000  0.000  1.000  0.000  0.000  0.000  0.000  0.000  0.000  0.000  0.000  0.000  0.000  0.000
        9  0.00000   0.000  0.000  0.000  0.000  0.000  1.000  0.000  0.000  0.000  0.000  0.000  0.000  0.000  0.000  0.000  0.000
       10  0.00000   0.000  0.000  0.000  0.000  0.000  0.000  1.000  0.000  0.000  0.000  0.000  0.000  0.000  0.000  0.000  0.000
       11  0.00000   0.000  0.000  0.000  0.000  0.000  0.000  0.000  1.000  0.000  0.000  0.000  0.000  0.000  0.000  0.000  0.000
       13  0.00000   0.000  0.000  0.000  0.000  0.000  0.000  0.000  0.000  1.000  0.000  0.000  0.000  0.000  0.000  0.000  0.000
       14  0.00000   0.000  0.000  0.000  0.000  0.000  0.000  0.000  0.000  0.000  1.000  0.000  0.000  0.000  0.000  0.000  0.000
       16  0.00000   0.000  0.000  0.000  0.000  0.000  0.000  0.000  0.000  0.000  0.000  1.000  0.000  0.000  0.000  0.000  0.000
       20  0.00000   0.000  0.000  0.000  0.000  0.000  0.000  0.000  0.000  0.000  0.000  0.000  1.000  0.000  0.000  0.000  0.000
       21  0.00000   0.000  0.000  0.000  0.000  0.000  0.000  0.000  0.000  0.000  0.000  0.000  0.000  1.000  0.000  0.000  0.000
       22  0.00000   0.000  0.000  0.000  0.000  0.000  0.000  0.000  0.000  0.000  0.000  0.000  0.000  0.000  1.000  0.000  0.000
       23  0.00000   0.000  0.000  0.000  0.000  0.000  0.000  0.000  0.000  0.000  0.000  0.000  0.000  0.000  0.000  1.000  0.000
       24  0.00000   0.000  0.000  0.000  0.000  0.000  0.000  0.000  0.000  0.000  0.000  0.000  0.000  0.000  0.000  0.000  1.000
       25  0.00000   0.000  0.000  0.000  0.000  0.000  0.000  0.000  0.000  0.000  0.000  0.000  0.000  0.000  0.000  0.000  0.000
                     1.000  0.000
       27  0.00000   0.000  0.000  0.000  0.000  0.000  0.000  0.000  0.000  0.000  0.000  0.000  0.000  0.000  0.000  0.000  0.000
                     0.000  1.000
 ERR MATRIX APPROXIMATE
 ELEMENTS ABOVE DIAGONAL ARE NOT PRINTED.
