 + ++++++++++++++++++++++++++++++++++++++++++++++++++++++++++++++++++++ +
 +                                                                      +
 +           You have chose to blind your fitting according to          +
 +                omega_ref * (1 + (R +/- deltaR) *10^{-6})             +
 +                                                                      +
 + ++++++++++++++++++++++++++++++++++++++++++++++++++++++++++++++++++++ +
In main()...
reading format from /gm2data/zkhechad/run45/envelope/formats/formatB_sBin_constraintOn.txt
pBinTau 	= 0  
pBinPhi 	= 0  
constraintau 	= 1 
includeMopTerm 	= 0    
constrainMop    = 0   
Parameters after format file: pBinTau 0 pBinPhi 0 constraintau 1 includeMopTerm 0 constrainMop 0 c_e_scale 0.000000 
Opening file /gm2data/tbarrett/gm2fr/studies/run23_bunch_corrections/CorrectedFourier_Run3b.root.
reading reference data from /gm2data/zkhechad/cboTemplates/Run4CBOTemplates/templateFits3_floatBoth/noRF/sBin_constraintOn_cE0.0_seed0_noRF_calo3.root (fixing 5-param to these terms)
windowBins = 69
fitting sliding window 1890 from bin 2026 at 302.130000 to bin 2095 at 312.574000 (69 bins)

Reading data from /gm2data/cornell/histograms/aMethod/histogram_a_noRF.root
 **********
 **    1 **SET PRINTOUT            1
 **********
 **********
 **    2 **SET NOWARNINGS 
 **********
 PARAMETER DEFINITIONS:
    NO.   NAME         VALUE      STEP SIZE      LIMITS
     1 N0           2.88661e+06  1.00000e+02     no limits
     2 tau          6.43912e+01  constant
     3 A0           3.56392e-01  1.00000e-04     no limits
     4 phi          4.11718e+00  1.00000e-02     no limits
     5 R           -6.11300e+01  constant
     6 alpha_CBO    0.00000e+00  1.00000e-03     no limits
     7 w_CBO        2.32643e+00  constant
     8 beta_CBO     0.00000e+00  1.00000e-03     no limits
     9 alpha_2CBO   0.00000e+00  1.00000e-03     no limits
    10 beta_2CBO    0.00000e+00  1.00000e-03     no limits
    11 alpha_y      0.00000e+00  1.00000e-03     no limits
    12 w_y          1.38965e+01  constant
    13 beta_y       0.00000e+00  1.00000e-03     no limits
    14 alpha_vw     0.00000e+00  1.00000e-03     no limits
    15 w_vw         1.43195e+01  constant
    16 beta_vw      0.00000e+00  1.00000e-03     no limits
    17 LM          -4.86461e-04  constant
    18 zeta_y       0.00000e+00  constant
    19 zeta_vw      0.00000e+00  constant
    20 T_CBO        1.00000e+02  1.00000e+00    0.00000e+00  1.00000e+03
    21 alpha_A0     0.00000e+00  1.00000e-03     no limits
    22 beta_A0      0.00000e+00  1.00000e-03     no limits
    23 alpha_phi    0.00000e+00  1.00000e-03     no limits
    24 beta_phi     0.00000e+00  1.00000e-03     no limits
    25 alpha_vw_m_cbo   0.00000e+00  1.00000e-03     no limits
    26 w_vw_m_cbo   1.20584e+01  constant
    27 beta_vw_m_cbo   0.00000e+00  1.00000e-03     no limits
    28 alpha_vw_p_cbo   0.00000e+00  1.00000e-03     no limits
    29 w_vw_p_cbo   1.59923e+01  constant
    30 beta_vw_p_cbo   0.00000e+00  1.00000e-03     no limits
MINUIT - FIT ONLY WIGGLE
 **********
 **    3 **FIX            5
 **********
 PARAMETER    5  IS CONSTANT.   IGNORED.
 **********
 **    4 **FIX            6
 **********
 **********
 **    5 **FIX            7
 **********
 PARAMETER    7  IS CONSTANT.   IGNORED.
 **********
 **    6 **FIX            8
 **********
 **********
 **    7 **FIX            9
 **********
 **********
 **    8 **FIX           10
 **********
 **********
 **    9 **FIX           11
 **********
 **********
 **   10 **FIX           12
 **********
 PARAMETER   12  IS CONSTANT.   IGNORED.
 **********
 **   11 **FIX           13
 **********
 **********
 **   12 **FIX           14
 **********
 **********
 **   13 **FIX           15
 **********
 PARAMETER   15  IS CONSTANT.   IGNORED.
 **********
 **   14 **FIX           16
 **********
 **********
 **   15 **MIGRAD
 **********
 FIRST CALL TO USER FUNCTION AT NEW START POINT, WITH IFLAG=4.
 START MIGRAD MINIMIZATION.  STRATEGY  1.  CONVERGENCE WHEN EDM .LT. 1.00e-04
 FCN=4.80928e+06 FROM MIGRAD    STATUS=INITIATE      845 CALLS         846 TOTAL
                     EDM= unknown      STRATEGY= 1      NO ERROR MATRIX       
  EXT PARAMETER               CURRENT GUESS       STEP         FIRST   
  NO.   NAME      VALUE            ERROR          SIZE      DERIVATIVE 
   1  N0           2.88661e+06   1.00000e+02   0.00000e+00   6.66426e+00
   2  tau          6.43912e+01   constant   
   3  A0           3.56392e-01   1.00000e-04   0.00000e+00  -1.06216e+06
   4  phi          4.11718e+00   1.00000e-02   0.00000e+00  -8.53879e+05
   5  R           -6.11300e+01   constant   
   6  alpha_CBO    0.00000e+00     fixed    
   7  w_CBO        2.32643e+00   constant   
   8  beta_CBO     0.00000e+00     fixed    
   9  alpha_2CBO   0.00000e+00     fixed    
  10  beta_2CBO    0.00000e+00     fixed    
  11  alpha_y      0.00000e+00     fixed    
  12  w_y          1.38965e+01   constant   
  13  beta_y       0.00000e+00     fixed    
  14  alpha_vw     0.00000e+00     fixed    
  15  w_vw         1.43195e+01   constant   
  16  beta_vw      0.00000e+00     fixed    
  17  LM          -4.86461e-04   constant   
  18  zeta_y       0.00000e+00   constant   
  19  zeta_vw      0.00000e+00   constant   
  20  T_CBO        1.00000e+02   1.00000e+00   0.00000e+00   0.00000e+00
  21  alpha_A0     0.00000e+00   1.00000e-03   0.00000e+00  -8.26612e+05
  22  beta_A0      0.00000e+00   1.00000e-03   0.00000e+00  -2.23872e+05
  23  alpha_phi    0.00000e+00   1.00000e-03   0.00000e+00   1.50261e+05
  24  beta_phi     0.00000e+00   1.00000e-03   0.00000e+00  -6.32078e+05
  25  alpha_vw_m_cbo   0.00000e+00   1.00000e-03   0.00000e+00   1.75688e+04
  26  w_vw_m_cbo   1.20584e+01   constant   
  27  beta_vw_m_cbo   0.00000e+00   1.00000e-03   0.00000e+00   1.22249e+05
  28  alpha_vw_p_cbo   0.00000e+00   1.00000e-03   0.00000e+00   0.00000e+00
  29  w_vw_p_cbo   1.59923e+01   constant   
  30  beta_vw_p_cbo   0.00000e+00   1.00000e-03   0.00000e+00   0.00000e+00
 MIGRAD MINIMIZATION HAS CONVERGED.
 FCN=76.6361 FROM MIGRAD    STATUS=CONVERGED    1150 CALLS        1151 TOTAL
                     EDM=3.06181e-06    STRATEGY= 1  ERROR MATRIX UNCERTAINTY   1.0 per cent
  EXT PARAMETER                                   STEP         FIRST   
  NO.   NAME      VALUE            ERROR          SIZE      DERIVATIVE 
   1  N0           1.44351e+06   7.00758e+02  -3.87712e+00  -2.40081e-06
   2  tau          6.43912e+01   constant   
   3  A0           3.57668e-01   6.25957e-04   8.84766e-06  -2.51000e+00
   4  phi          4.11822e+00   1.22061e-03  -5.14187e-06  -4.80512e-01
   5  R           -6.11300e+01   constant   
   6  alpha_CBO    0.00000e+00     fixed    
   7  w_CBO        2.32643e+00   constant   
   8  beta_CBO     0.00000e+00     fixed    
   9  alpha_2CBO   0.00000e+00     fixed    
  10  beta_2CBO    0.00000e+00     fixed    
  11  alpha_y      0.00000e+00     fixed    
  12  w_y          1.38965e+01   constant   
  13  beta_y       0.00000e+00     fixed    
  14  alpha_vw     0.00000e+00     fixed    
  15  w_vw         1.43195e+01   constant   
  16  beta_vw      0.00000e+00     fixed    
  17  LM          -4.86461e-04   constant   
  18  zeta_y       0.00000e+00   constant   
  19  zeta_vw      0.00000e+00   constant   
  20  T_CBO        1.00000e+02   5.20646e+02  -0.00000e+00   0.00000e+00
  21  alpha_A0    -1.22879e-03   2.24017e-03   2.73619e-05   3.44451e-01
  22  beta_A0     -1.20688e-03   2.57934e-03  -5.56355e-05   2.02632e-01
  23  alpha_phi   -1.94101e-04   2.44896e-03  -3.50819e-05  -5.03896e-01
  24  beta_phi     2.18288e-03   2.27910e-03  -4.75143e-05   1.02651e+00
  25  alpha_vw_m_cbo  -2.00170e-03   7.63618e-04  -1.62800e-05  -2.69217e+00
  26  w_vw_m_cbo   1.20584e+01   constant   
  27  beta_vw_m_cbo  -1.87759e-04   7.21528e-04   1.03204e-05  -3.59542e-02
  28  alpha_vw_p_cbo   0.00000e+00   1.41421e+00  -0.00000e+00   0.00000e+00
  29  w_vw_p_cbo   1.59923e+01   constant   
  30  beta_vw_p_cbo   0.00000e+00   1.41421e+00  -0.00000e+00   0.00000e+00
 EXTERNAL ERROR MATRIX.    NDIM=  31    NPAR= 12    ERR DEF=1
 ELEMENTS ABOVE DIAGONAL ARE NOT PRINTED.
  4.911e+05 
  1.335e-02  3.918e-07 
  2.231e-01 -1.255e-07  1.490e-06 
  0.000e+00  0.000e+00  0.000e+00  1.800e+05 
  4.036e-01 -8.228e-08  1.246e-06  0.000e+00  5.018e-06 
  1.616e-01 -3.317e-07  9.387e-07  0.000e+00  4.822e-07  6.653e-06 
 -1.751e-01  6.986e-08 -1.068e-06  0.000e+00 -4.881e-07 -2.721e-07  5.997e-06 
  3.200e-01  7.954e-08  7.591e-07  0.000e+00  1.792e-07 -2.029e-07 -2.206e-07  5.194e-06 
 -9.040e-04 -8.723e-09 -7.960e-09  0.000e+00 -4.787e-07  2.004e-07  5.465e-08  5.715e-07  5.831e-07 
 -2.431e-02 -1.581e-08 -4.549e-08  0.000e+00  2.182e-07 -5.215e-08 -3.168e-09 -5.577e-07 -1.225e-07  5.206e-07 
  0.000e+00  0.000e+00  0.000e+00  0.000e+00  0.000e+00  0.000e+00  0.000e+00  0.000e+00  0.000e+00  0.000e+00  2.000e+00 
  0.000e+00  0.000e+00  0.000e+00  0.000e+00  0.000e+00  0.000e+00  0.000e+00  0.000e+00  0.000e+00  0.000e+00  0.000e+00 
  0.000e+00  0.000e+00  0.000e+00  0.000e+00  0.000e+00  0.000e+00  0.000e+00  0.000e+00  0.000e+00  0.000e+00  0.000e+00  2.000e+00 
 PARAMETER  CORRELATION COEFFICIENTS  
       NO.  GLOBAL      1      3      4     20     21     22     23     24     25     27     28     30
        1  0.34976   1.000  0.030  0.261  0.000  0.257  0.089 -0.102  0.200 -0.002 -0.048  0.000  0.000
        3  0.25877   0.030  1.000 -0.164  0.000 -0.059 -0.205  0.046  0.056 -0.018 -0.035  0.000  0.000
        4  0.66973   0.261 -0.164  1.000  0.000  0.456  0.298 -0.357  0.273 -0.009 -0.052  0.000  0.000
       20  0.00000   0.000  0.000  0.000  1.000  0.000  0.000  0.000  0.000  0.000  0.000  0.000  0.000
       21  0.56977   0.257 -0.059  0.456  0.000  1.000  0.083 -0.089  0.035 -0.280  0.135  0.000  0.000
       22  0.39603   0.089 -0.205  0.298  0.000  0.083  1.000 -0.043 -0.035  0.102 -0.028  0.000  0.000
       23  0.38475  -0.102  0.046 -0.357  0.000 -0.089 -0.043  1.000 -0.040  0.029 -0.002  0.000  0.000
       24  0.54605   0.200  0.056  0.273  0.000  0.035 -0.035 -0.040  1.000  0.328 -0.339  0.000  0.000
       25  0.46651  -0.002 -0.018 -0.009  0.000 -0.280  0.102  0.029  0.328  1.000 -0.222  0.000  0.000
       27  0.38070  -0.048 -0.035 -0.052  0.000  0.135 -0.028 -0.002 -0.339 -0.222  1.000  0.000  0.000
       28  0.00000   0.000  0.000  0.000  0.000  0.000  0.000  0.000  0.000  0.000  0.000  1.000  0.000
       30  0.00000   0.000  0.000  0.000  0.000  0.000  0.000  0.000  0.000  0.000  0.000  0.000  1.000
MINUIT - FIT ONLY 1-CBO + wiggle
 **********
 **   16 **RES 
 **********
                   PARAMETER   16  beta_vw RESTORED TO VARIABLE.
                   PARAMETER   14  alpha_vw RESTORED TO VARIABLE.
                   PARAMETER   13  beta_y RESTORED TO VARIABLE.
                   PARAMETER   11  alpha_y RESTORED TO VARIABLE.
                   PARAMETER   10  beta_2CBO RESTORED TO VARIABLE.
                   PARAMETER    9  alpha_2CBO RESTORED TO VARIABLE.
                   PARAMETER    8  beta_CBO RESTORED TO VARIABLE.
                   PARAMETER    6  alpha_CBO RESTORED TO VARIABLE.
 **********
 **   17 **FIX            8
 **********
 **********
 **   18 **FIX            9
 **********
 **********
 **   19 **FIX           11
 **********
 **********
 **   20 **FIX           12
 **********
 PARAMETER   12  IS CONSTANT.   IGNORED.
 **********
 **   21 **FIX           14
 **********
 **********
 **   22 **FIX           15
 **********
 PARAMETER   15  IS CONSTANT.   IGNORED.
 **********
 **   23 **FIX           16
 **********
 **********
 **   24 **MIGRAD
 **********
 START MIGRAD MINIMIZATION.  STRATEGY  1.  CONVERGENCE WHEN EDM .LT. 1.00e-04
 FCN=76.6361 FROM MIGRAD    STATUS=INITIATE     1225 CALLS        2376 TOTAL
                     EDM= unknown      STRATEGY= 1      NO ERROR MATRIX       
  EXT PARAMETER               CURRENT GUESS       STEP         FIRST   
  NO.   NAME      VALUE            ERROR          SIZE      DERIVATIVE 
   1  N0           1.44351e+06   7.00758e+02   0.00000e+00  -2.40081e-06
   2  tau          6.43912e+01   constant   
   3  A0           3.57668e-01   6.25957e-04   0.00000e+00  -2.51000e+00
   4  phi          4.11822e+00   1.22061e-03   0.00000e+00  -4.80512e-01
   5  R           -6.11300e+01   constant   
   6  alpha_CBO    0.00000e+00   1.00000e-03   0.00000e+00   1.40543e+03
   7  w_CBO        2.32643e+00   constant   
   8  beta_CBO     0.00000e+00     fixed    
   9  alpha_2CBO   0.00000e+00     fixed    
  10  beta_2CBO    0.00000e+00   1.00000e-03   0.00000e+00  -1.07575e+03
  11  alpha_y      0.00000e+00     fixed    
  12  w_y          1.38965e+01   constant   
  13  beta_y       0.00000e+00   1.00000e-03   0.00000e+00   1.63246e+03
  14  alpha_vw     0.00000e+00     fixed    
  15  w_vw         1.43195e+01   constant   
  16  beta_vw      0.00000e+00     fixed    
  17  LM          -4.86461e-04   constant   
  18  zeta_y       0.00000e+00   constant   
  19  zeta_vw      0.00000e+00   constant   
  20  T_CBO        1.00000e+02   5.20646e+02   0.00000e+00   0.00000e+00
  21  alpha_A0    -1.22879e-03   2.24017e-03   0.00000e+00   3.44451e-01
  22  beta_A0     -1.20688e-03   2.57934e-03   0.00000e+00   2.02632e-01
  23  alpha_phi   -1.94101e-04   2.44896e-03   0.00000e+00  -5.03896e-01
  24  beta_phi     2.18288e-03   2.27910e-03   0.00000e+00   1.02651e+00
  25  alpha_vw_m_cbo  -2.00170e-03   7.63618e-04   0.00000e+00  -2.69217e+00
  26  w_vw_m_cbo   1.20584e+01   constant   
  27  beta_vw_m_cbo  -1.87759e-04   7.21528e-04   0.00000e+00  -3.59543e-02
  28  alpha_vw_p_cbo   0.00000e+00   1.41421e+00   0.00000e+00   0.00000e+00
  29  w_vw_p_cbo   1.59923e+01   constant   
  30  beta_vw_p_cbo   0.00000e+00   1.41421e+00   0.00000e+00   0.00000e+00
 MIGRAD MINIMIZATION HAS CONVERGED.
 MIGRAD WILL VERIFY CONVERGENCE AND ERROR MATRIX.
  MNHESS FAILS AND WILL RETURN DIAGONAL MATRIX. 
 FCN=74.127 FROM MIGRAD    STATUS=CONVERGED    1397 CALLS        2548 TOTAL
                     EDM=1.84335e-06    STRATEGY= 1  ERROR MATRIX UNCERTAINTY 100.0 per cent
  EXT PARAMETER                APPROXIMATE        STEP         FIRST   
  NO.   NAME      VALUE            ERROR          SIZE      DERIVATIVE 
   1  N0           1.44346e+06   6.58191e+02   2.76780e+00  -2.51086e-06
   2  tau          6.43912e+01   constant   
   3  A0           3.57459e-01   6.11536e-04   2.58816e-06   6.98910e-01
   4  phi          4.11836e+00   1.71475e-03   7.25720e-06   2.59871e-01
   5  R           -6.11300e+01   constant   
   6  alpha_CBO   -1.28781e-03   1.26759e-03   5.36472e-06  -4.62506e-02
   7  w_CBO        2.32643e+00   constant   
   8  beta_CBO     0.00000e+00     fixed    
   9  alpha_2CBO   0.00000e+00     fixed    
  10  beta_2CBO    9.37283e-04   1.28101e-03   5.42151e-06   1.72554e-01
  11  alpha_y      0.00000e+00     fixed    
  12  w_y          1.38965e+01   constant   
  13  beta_y      -1.34817e-03   1.28732e-03   5.44821e-06   4.39197e-02
  14  alpha_vw     0.00000e+00     fixed    
  15  w_vw         1.43195e+01   constant   
  16  beta_vw      0.00000e+00     fixed    
  17  LM          -4.86461e-04   constant   
  18  zeta_y       0.00000e+00   constant   
  19  zeta_vw      0.00000e+00   constant   
  20  T_CBO        1.00000e+02   7.59439e+02  -0.00000e+00   0.00000e+00
  21  alpha_A0    -1.27167e-03   2.29254e-03   4.96018e-06  -2.27392e-01
  22  beta_A0     -5.83437e-04   2.56922e-03   5.00943e-06   1.07945e-01
  23  alpha_phi   -5.49276e-04   2.44242e-03  -4.84472e-06  -1.42979e-01
  24  beta_phi     2.04184e-03   2.40799e-03   7.53529e-06   1.53877e-01
  25  alpha_vw_m_cbo  -1.90925e-03   1.28178e-03   3.03407e-07  -8.49028e-01
  26  w_vw_m_cbo   1.20584e+01   constant   
  27  beta_vw_m_cbo  -1.37089e-04   1.29788e-03  -1.45124e-06  -7.57568e-01
  28  alpha_vw_p_cbo   0.00000e+00   1.41421e+00  -0.00000e+00   0.00000e+00
  29  w_vw_p_cbo   1.59923e+01   constant   
  30  beta_vw_p_cbo   0.00000e+00   1.41421e+00  -0.00000e+00   0.00000e+00
 EXTERNAL ERROR MATRIX.    NDIM=  31    NPAR= 15    ERR DEF=1
 ELEMENTS ABOVE DIAGONAL ARE NOT PRINTED.
  4.332e+05 
  0.000e+00  3.740e-07 
  0.000e+00  0.000e+00  2.940e-06 
  0.000e+00  0.000e+00  0.000e+00  1.607e-06 
  0.000e+00  0.000e+00  0.000e+00  0.000e+00  1.641e-06 
  0.000e+00  0.000e+00  0.000e+00  0.000e+00  0.000e+00  1.657e-06 
  0.000e+00  0.000e+00  0.000e+00  0.000e+00  0.000e+00  0.000e+00  5.421e+05 
  0.000e+00  0.000e+00  0.000e+00  0.000e+00  0.000e+00  0.000e+00  0.000e+00  5.256e-06 
  0.000e+00  0.000e+00  0.000e+00  0.000e+00  0.000e+00  0.000e+00  0.000e+00  0.000e+00  6.601e-06 
  0.000e+00  0.000e+00  0.000e+00  0.000e+00  0.000e+00  0.000e+00  0.000e+00  0.000e+00  0.000e+00  5.965e-06 
  0.000e+00  0.000e+00  0.000e+00  0.000e+00  0.000e+00  0.000e+00  0.000e+00  0.000e+00  0.000e+00  0.000e+00  5.798e-06 
  0.000e+00  0.000e+00  0.000e+00  0.000e+00  0.000e+00  0.000e+00  0.000e+00  0.000e+00  0.000e+00  0.000e+00  0.000e+00 
  0.000e+00  0.000e+00  0.000e+00  0.000e+00  0.000e+00  0.000e+00  0.000e+00  0.000e+00  0.000e+00  0.000e+00  0.000e+00  1.643e-06 
  0.000e+00  0.000e+00  0.000e+00  0.000e+00  0.000e+00  0.000e+00  0.000e+00  0.000e+00  0.000e+00  0.000e+00  0.000e+00 
  0.000e+00  0.000e+00  0.000e+00  0.000e+00  0.000e+00  0.000e+00  0.000e+00  0.000e+00  0.000e+00  0.000e+00  0.000e+00  0.000e+00  1.684e-06 
  0.000e+00  0.000e+00  0.000e+00  0.000e+00  0.000e+00  0.000e+00  0.000e+00  0.000e+00  0.000e+00  0.000e+00  0.000e+00 
  0.000e+00  0.000e+00  0.000e+00  0.000e+00  0.000e+00  0.000e+00  0.000e+00  0.000e+00  0.000e+00  0.000e+00  0.000e+00  0.000e+00  0.000e+00  2.000e+00 
  0.000e+00  0.000e+00  0.000e+00  0.000e+00  0.000e+00  0.000e+00  0.000e+00  0.000e+00  0.000e+00  0.000e+00  0.000e+00 
  0.000e+00  0.000e+00  0.000e+00  0.000e+00  0.000e+00  0.000e+00  0.000e+00  0.000e+00  0.000e+00  0.000e+00  0.000e+00  0.000e+00  0.000e+00  0.000e+00  2.000e+00 
ERR MATRIX APPROXIMATE
 PARAMETER  CORRELATION COEFFICIENTS  
       NO.  GLOBAL      1      3      4      6     10     13     20     21     22     23     24     25     27     28     30
        1  0.00000   1.000  0.000  0.000  0.000  0.000  0.000  0.000  0.000  0.000  0.000  0.000  0.000  0.000  0.000  0.000
        3  0.00000   0.000  1.000  0.000  0.000  0.000  0.000  0.000  0.000  0.000  0.000  0.000  0.000  0.000  0.000  0.000
        4  0.00000   0.000  0.000  1.000  0.000  0.000  0.000  0.000  0.000  0.000  0.000  0.000  0.000  0.000  0.000  0.000
        6  0.00000   0.000  0.000  0.000  1.000  0.000  0.000  0.000  0.000  0.000  0.000  0.000  0.000  0.000  0.000  0.000
       10  0.00000   0.000  0.000  0.000  0.000  1.000  0.000  0.000  0.000  0.000  0.000  0.000  0.000  0.000  0.000  0.000
       13  0.00000   0.000  0.000  0.000  0.000  0.000  1.000  0.000  0.000  0.000  0.000  0.000  0.000  0.000  0.000  0.000
       20  0.00000   0.000  0.000  0.000  0.000  0.000  0.000  1.000  0.000  0.000  0.000  0.000  0.000  0.000  0.000  0.000
       21  0.00000   0.000  0.000  0.000  0.000  0.000  0.000  0.000  1.000  0.000  0.000  0.000  0.000  0.000  0.000  0.000
       22  0.00000   0.000  0.000  0.000  0.000  0.000  0.000  0.000  0.000  1.000  0.000  0.000  0.000  0.000  0.000  0.000
       23  0.00000   0.000  0.000  0.000  0.000  0.000  0.000  0.000  0.000  0.000  1.000  0.000  0.000  0.000  0.000  0.000
       24  0.00000   0.000  0.000  0.000  0.000  0.000  0.000  0.000  0.000  0.000  0.000  1.000  0.000  0.000  0.000  0.000
       25  0.00000   0.000  0.000  0.000  0.000  0.000  0.000  0.000  0.000  0.000  0.000  0.000  1.000  0.000  0.000  0.000
       27  0.00000   0.000  0.000  0.000  0.000  0.000  0.000  0.000  0.000  0.000  0.000  0.000  0.000  1.000  0.000  0.000
       28  0.00000   0.000  0.000  0.000  0.000  0.000  0.000  0.000  0.000  0.000  0.000  0.000  0.000  0.000  1.000  0.000
       30  0.00000   0.000  0.000  0.000  0.000  0.000  0.000  0.000  0.000  0.000  0.000  0.000  0.000  0.000  0.000  1.000
 ERR MATRIX APPROXIMATE
MINUIT - FIT ONLY 2-CBO
 **********
 **   25 **RES 
 **********
                   PARAMETER   16  beta_vw RESTORED TO VARIABLE.
                   PARAMETER   14  alpha_vw RESTORED TO VARIABLE.
                   PARAMETER   11  alpha_y RESTORED TO VARIABLE.
                   PARAMETER    9  alpha_2CBO RESTORED TO VARIABLE.
                   PARAMETER    8  beta_CBO RESTORED TO VARIABLE.
 **********
 **   26 **FIX            0
 **********
 PARAMETER    0  IS UNDEFINED. IGNORED.
 **********
 **   27 **FIX            1
 **********
 **********
 **   28 **FIX            2
 **********
 PARAMETER    2  IS CONSTANT.   IGNORED.
 **********
 **   29 **FIX            3
 **********
 **********
 **   30 **FIX            4
 **********
 **********
 **   31 **FIX            5
 **********
 PARAMETER    5  IS CONSTANT.   IGNORED.
 **********
 **   32 **FIX            6
 **********
 **********
 **   33 **FIX            7
 **********
 PARAMETER    7  IS CONSTANT.   IGNORED.
 **********
 **   34 **FIX           10
 **********
 **********
 **   35 **FIX           11
 **********
 **********
 **   36 **FIX           12
 **********
 PARAMETER   12  IS CONSTANT.   IGNORED.
 **********
 **   37 **FIX           13
 **********
 **********
 **   38 **FIX           14
 **********
 **********
 **   39 **FIX           15
 **********
 PARAMETER   15  IS CONSTANT.   IGNORED.
 **********
 **   40 **FIX           16
 **********
 **********
 **   41 **MIGRAD
 **********
 START MIGRAD MINIMIZATION.  STRATEGY  1.  CONVERGENCE WHEN EDM .LT. 1.00e-04
 FCN=74.127 FROM MIGRAD    STATUS=INITIATE      719 CALLS        3267 TOTAL
                     EDM= unknown      STRATEGY= 1      NO ERROR MATRIX       
  EXT PARAMETER               CURRENT GUESS       STEP         FIRST   
  NO.   NAME      VALUE            ERROR          SIZE      DERIVATIVE 
   1  N0           1.44346e+06     fixed    
   2  tau          6.43912e+01   constant   
   3  A0           3.57459e-01     fixed    
   4  phi          4.11836e+00     fixed    
   5  R           -6.11300e+01   constant   
   6  alpha_CBO   -1.28781e-03     fixed    
   7  w_CBO        2.32643e+00   constant   
   8  beta_CBO     0.00000e+00   1.00000e-03   0.00000e+00   4.27110e+03
   9  alpha_2CBO   0.00000e+00   1.00000e-03   0.00000e+00  -1.64176e+03
  10  beta_2CBO    9.37283e-04     fixed    
  11  alpha_y      0.00000e+00     fixed    
  12  w_y          1.38965e+01   constant   
  13  beta_y      -1.34817e-03     fixed    
  14  alpha_vw     0.00000e+00     fixed    
  15  w_vw         1.43195e+01   constant   
  16  beta_vw      0.00000e+00     fixed    
  17  LM          -4.86461e-04   constant   
  18  zeta_y       0.00000e+00   constant   
  19  zeta_vw      0.00000e+00   constant   
  20  T_CBO        1.00000e+02   7.59439e+02   0.00000e+00   0.00000e+00
  21  alpha_A0    -1.27167e-03   2.29254e-03   0.00000e+00  -2.27392e-01
  22  beta_A0     -5.83437e-04   2.56922e-03   0.00000e+00   1.07945e-01
  23  alpha_phi   -5.49276e-04   2.44242e-03   0.00000e+00  -1.42980e-01
  24  beta_phi     2.04184e-03   2.40799e-03   0.00000e+00   1.53879e-01
  25  alpha_vw_m_cbo  -1.90925e-03   1.28178e-03   0.00000e+00  -8.49028e-01
  26  w_vw_m_cbo   1.20584e+01   constant   
  27  beta_vw_m_cbo  -1.37089e-04   1.29788e-03   0.00000e+00  -7.57568e-01
  28  alpha_vw_p_cbo   0.00000e+00   1.41421e+00   0.00000e+00   0.00000e+00
  29  w_vw_p_cbo   1.59923e+01   constant   
  30  beta_vw_p_cbo   0.00000e+00   1.41421e+00   0.00000e+00   0.00000e+00
 MIGRAD MINIMIZATION HAS CONVERGED.
 MIGRAD WILL VERIFY CONVERGENCE AND ERROR MATRIX.
  MNHESS FAILS AND WILL RETURN DIAGONAL MATRIX. 
 FCN=65.142 FROM MIGRAD    STATUS=CONVERGED     819 CALLS        3367 TOTAL
                     EDM=1.74243e-06    STRATEGY= 1  ERROR MATRIX UNCERTAINTY 100.0 per cent
  EXT PARAMETER                APPROXIMATE        STEP         FIRST   
  NO.   NAME      VALUE            ERROR          SIZE      DERIVATIVE 
   1  N0           1.44346e+06     fixed    
   2  tau          6.43912e+01   constant   
   3  A0           3.57459e-01     fixed    
   4  phi          4.11836e+00     fixed    
   5  R           -6.11300e+01   constant   
   6  alpha_CBO   -1.28781e-03     fixed    
   7  w_CBO        2.32643e+00   constant   
   8  beta_CBO    -3.71144e-03   1.31304e-03   5.21416e-06  -9.75060e-02
   9  alpha_2CBO   1.28923e-03   1.29865e-03   5.15702e-06  -4.65976e-01
  10  beta_2CBO    9.37283e-04     fixed    
  11  alpha_y      0.00000e+00     fixed    
  12  w_y          1.38965e+01   constant   
  13  beta_y      -1.34817e-03     fixed    
  14  alpha_vw     0.00000e+00     fixed    
  15  w_vw         1.43195e+01   constant   
  16  beta_vw      0.00000e+00     fixed    
  17  LM          -4.86461e-04   constant   
  18  zeta_y       0.00000e+00   constant   
  19  zeta_vw      0.00000e+00   constant   
  20  T_CBO        1.00000e+02   9.44762e+02  -0.00000e+00   0.00000e+00
  21  alpha_A0    -6.92464e-04   2.29188e-03   1.40138e-05  -1.02074e-02
  22  beta_A0     -1.11120e-03   2.57111e-03   2.33281e-07  -4.69846e-01
  23  alpha_phi   -6.75617e-04   2.44154e-03   1.15063e-06   7.29282e-01
  24  beta_phi     7.65841e-04   2.40930e-03   9.21274e-06  -1.13452e-01
  25  alpha_vw_m_cbo  -1.90270e-03   1.28175e-03  -1.56192e-06   6.02216e-02
  26  w_vw_m_cbo   1.20584e+01   constant   
  27  beta_vw_m_cbo  -1.88532e-04   1.29785e-03   2.37200e-06  -1.30663e-01
  28  alpha_vw_p_cbo   0.00000e+00   1.41421e+00  -0.00000e+00   0.00000e+00
  29  w_vw_p_cbo   1.59923e+01   constant   
  30  beta_vw_p_cbo   0.00000e+00   1.41421e+00  -0.00000e+00   0.00000e+00
 EXTERNAL ERROR MATRIX.    NDIM=  31    NPAR= 11    ERR DEF=1
  1.724e-06 
  0.000e+00  1.686e-06 
  0.000e+00  0.000e+00  1.153e+06 
  0.000e+00  0.000e+00  0.000e+00  5.253e-06 
  0.000e+00  0.000e+00  0.000e+00  0.000e+00  6.611e-06 
  0.000e+00  0.000e+00  0.000e+00  0.000e+00  0.000e+00  5.961e-06 
  0.000e+00  0.000e+00  0.000e+00  0.000e+00  0.000e+00  0.000e+00  5.805e-06 
  0.000e+00  0.000e+00  0.000e+00  0.000e+00  0.000e+00  0.000e+00  0.000e+00  1.643e-06 
  0.000e+00  0.000e+00  0.000e+00  0.000e+00  0.000e+00  0.000e+00  0.000e+00  0.000e+00  1.684e-06 
  0.000e+00  0.000e+00  0.000e+00  0.000e+00  0.000e+00  0.000e+00  0.000e+00  0.000e+00  0.000e+00  2.000e+00 
  0.000e+00  0.000e+00  0.000e+00  0.000e+00  0.000e+00  0.000e+00  0.000e+00  0.000e+00  0.000e+00  0.000e+00  2.000e+00 
ERR MATRIX APPROXIMATE
 PARAMETER  CORRELATION COEFFICIENTS  
       NO.  GLOBAL      8      9     20     21     22     23     24     25     27     28     30
        8  0.00000   1.000  0.000  0.000  0.000  0.000  0.000  0.000  0.000  0.000  0.000  0.000
        9  0.00000   0.000  1.000  0.000  0.000  0.000  0.000  0.000  0.000  0.000  0.000  0.000
       20  0.00000   0.000  0.000  1.000  0.000  0.000  0.000  0.000  0.000  0.000  0.000  0.000
       21  0.00000   0.000  0.000  0.000  1.000  0.000  0.000  0.000  0.000  0.000  0.000  0.000
       22  0.00000   0.000  0.000  0.000  0.000  1.000  0.000  0.000  0.000  0.000  0.000  0.000
       23  0.00000   0.000  0.000  0.000  0.000  0.000  1.000  0.000  0.000  0.000  0.000  0.000
       24  0.00000   0.000  0.000  0.000  0.000  0.000  0.000  1.000  0.000  0.000  0.000  0.000
       25  0.00000   0.000  0.000  0.000  0.000  0.000  0.000  0.000  1.000  0.000  0.000  0.000
       27  0.00000   0.000  0.000  0.000  0.000  0.000  0.000  0.000  0.000  1.000  0.000  0.000
       28  0.00000   0.000  0.000  0.000  0.000  0.000  0.000  0.000  0.000  0.000  1.000  0.000
       30  0.00000   0.000  0.000  0.000  0.000  0.000  0.000  0.000  0.000  0.000  0.000  1.000
 ERR MATRIX APPROXIMATE
MINUIT - FIT wiggle + 1-CBO + 2-CBO
 **********
 **   42 **RES 
 **********
                   PARAMETER   16  beta_vw RESTORED TO VARIABLE.
                   PARAMETER   14  alpha_vw RESTORED TO VARIABLE.
                   PARAMETER   13  beta_y RESTORED TO VARIABLE.
                   PARAMETER   11  alpha_y RESTORED TO VARIABLE.
                   PARAMETER   10  beta_2CBO RESTORED TO VARIABLE.
                   PARAMETER    6  alpha_CBO RESTORED TO VARIABLE.
                   PARAMETER    4  phi RESTORED TO VARIABLE.
                   PARAMETER    3  A0 RESTORED TO VARIABLE.
                   PARAMETER    1  N0 RESTORED TO VARIABLE.
 **********
 **   43 **FIX           10
 **********
 **********
 **   44 **FIX           11
 **********
 **********
 **   45 **FIX           12
 **********
 PARAMETER   12  IS CONSTANT.   IGNORED.
 **********
 **   46 **FIX           13
 **********
 **********
 **   47 **FIX           14
 **********
 **********
 **   48 **FIX           15
 **********
 PARAMETER   15  IS CONSTANT.   IGNORED.
 **********
 **   49 **FIX           16
 **********
 **********
 **   50 **MIGRAD
 **********
 START MIGRAD MINIMIZATION.  STRATEGY  1.  CONVERGENCE WHEN EDM .LT. 1.00e-04
 FCN=65.142 FROM MIGRAD    STATUS=INITIATE     1219 CALLS        4586 TOTAL
                     EDM= unknown      STRATEGY= 1      NO ERROR MATRIX       
  EXT PARAMETER               CURRENT GUESS       STEP         FIRST   
  NO.   NAME      VALUE            ERROR          SIZE      DERIVATIVE 
   1  N0           1.44346e+06   6.58191e+02   0.00000e+00  -2.35775e-04
   2  tau          6.43912e+01   constant   
   3  A0           3.57459e-01   6.11536e-04   0.00000e+00   4.34250e+02
   4  phi          4.11836e+00   1.71475e-03   0.00000e+00   5.27073e+02
   5  R           -6.11300e+01   constant   
   6  alpha_CBO   -1.28781e-03   1.26759e-03   0.00000e+00  -1.17112e+02
   7  w_CBO        2.32643e+00   constant   
   8  beta_CBO    -3.71144e-03   1.31304e-03   0.00000e+00  -9.75060e-02
   9  alpha_2CBO   1.28923e-03   1.29865e-03   0.00000e+00  -4.65976e-01
  10  beta_2CBO    9.37283e-04     fixed    
  11  alpha_y      0.00000e+00     fixed    
  12  w_y          1.38965e+01   constant   
  13  beta_y      -1.34817e-03     fixed    
  14  alpha_vw     0.00000e+00     fixed    
  15  w_vw         1.43195e+01   constant   
  16  beta_vw      0.00000e+00     fixed    
  17  LM          -4.86461e-04   constant   
  18  zeta_y       0.00000e+00   constant   
  19  zeta_vw      0.00000e+00   constant   
  20  T_CBO        1.00000e+02   9.44762e+02   0.00000e+00   0.00000e+00
  21  alpha_A0    -6.92464e-04   2.29188e-03   0.00000e+00  -1.02074e-02
  22  beta_A0     -1.11120e-03   2.57111e-03   0.00000e+00  -4.69846e-01
  23  alpha_phi   -6.75617e-04   2.44154e-03   0.00000e+00   7.29284e-01
  24  beta_phi     7.65841e-04   2.40930e-03   0.00000e+00  -1.13452e-01
  25  alpha_vw_m_cbo  -1.90270e-03   1.28175e-03   0.00000e+00   6.02216e-02
  26  w_vw_m_cbo   1.20584e+01   constant   
  27  beta_vw_m_cbo  -1.88532e-04   1.29785e-03   0.00000e+00  -1.30663e-01
  28  alpha_vw_p_cbo   0.00000e+00   1.41421e+00   0.00000e+00   0.00000e+00
  29  w_vw_p_cbo   1.59923e+01   constant   
  30  beta_vw_p_cbo   0.00000e+00   1.41421e+00   0.00000e+00   0.00000e+00
 MIGRAD MINIMIZATION HAS CONVERGED.
 MIGRAD WILL VERIFY CONVERGENCE AND ERROR MATRIX.
  MNHESS FAILS AND WILL RETURN DIAGONAL MATRIX. 
 FCN=64.9082 FROM MIGRAD    STATUS=CONVERGED    1362 CALLS        4729 TOTAL
                     EDM=3.01497e-06    STRATEGY= 1  ERROR MATRIX UNCERTAINTY 100.0 per cent
  EXT PARAMETER                APPROXIMATE        STEP         FIRST   
  NO.   NAME      VALUE            ERROR          SIZE      DERIVATIVE 
   1  N0           1.44346e+06   6.58189e+02   2.59242e+00   9.83115e-07
   2  tau          6.43912e+01   constant   
   3  A0           3.57398e-01   6.11697e-04   2.42479e-06  -7.41150e-01
   4  phi          4.11754e+00   1.71496e-03   6.79820e-06  -9.07377e-02
   5  R           -6.11300e+01   constant   
   6  alpha_CBO   -1.18712e-03   1.26755e-03   5.02464e-06  -1.90027e+00
   7  w_CBO        2.32643e+00   constant   
   8  beta_CBO    -3.83649e-03   1.31299e-03   5.20476e-06  -4.73473e-02
   9  alpha_2CBO   1.24886e-03   1.29859e-03   5.14769e-06  -4.43826e-01
  10  beta_2CBO    9.37283e-04     fixed    
  11  alpha_y      0.00000e+00     fixed    
  12  w_y          1.38965e+01   constant   
  13  beta_y      -1.34817e-03     fixed    
  14  alpha_vw     0.00000e+00     fixed    
  15  w_vw         1.43195e+01   constant   
  16  beta_vw      0.00000e+00     fixed    
  17  LM          -4.86461e-04   constant   
  18  zeta_y       0.00000e+00   constant   
  19  zeta_vw      0.00000e+00   constant   
  20  T_CBO        1.00000e+02   8.96179e+02  -0.00000e+00   0.00000e+00
  21  alpha_A0    -7.25505e-04   2.29249e-03  -5.35562e-06   1.89888e-01
  22  beta_A0     -1.11124e-03   2.57152e-03  -1.14692e-05  -6.91642e-02
  23  alpha_phi   -5.46066e-04   2.44136e-03   8.13750e-06   3.11986e-01
  24  beta_phi     7.22169e-04   2.40958e-03  -3.02408e-07  -3.58138e-01
  25  alpha_vw_m_cbo  -1.90867e-03   1.28170e-03   1.01896e-06  -1.29386e-01
  26  w_vw_m_cbo   1.20584e+01   constant   
  27  beta_vw_m_cbo  -1.99382e-04   1.29779e-03   5.20434e-07  -1.85718e-01
  28  alpha_vw_p_cbo   0.00000e+00   1.41421e+00  -0.00000e+00   0.00000e+00
  29  w_vw_p_cbo   1.59923e+01   constant   
  30  beta_vw_p_cbo   0.00000e+00   1.41421e+00  -0.00000e+00   0.00000e+00
 EXTERNAL ERROR MATRIX.    NDIM=  31    NPAR= 15    ERR DEF=1
 ELEMENTS ABOVE DIAGONAL ARE NOT PRINTED.
  4.332e+05 
  0.000e+00  3.742e-07 
  0.000e+00  0.000e+00  2.941e-06 
  0.000e+00  0.000e+00  0.000e+00  1.607e-06 
  0.000e+00  0.000e+00  0.000e+00  0.000e+00  1.724e-06 
  0.000e+00  0.000e+00  0.000e+00  0.000e+00  0.000e+00  1.686e-06 
  0.000e+00  0.000e+00  0.000e+00  0.000e+00  0.000e+00  0.000e+00  1.785e+06 
  0.000e+00  0.000e+00  0.000e+00  0.000e+00  0.000e+00  0.000e+00  0.000e+00  5.256e-06 
  0.000e+00  0.000e+00  0.000e+00  0.000e+00  0.000e+00  0.000e+00  0.000e+00  0.000e+00  6.613e-06 
  0.000e+00  0.000e+00  0.000e+00  0.000e+00  0.000e+00  0.000e+00  0.000e+00  0.000e+00  0.000e+00  5.960e-06 
  0.000e+00  0.000e+00  0.000e+00  0.000e+00  0.000e+00  0.000e+00  0.000e+00  0.000e+00  0.000e+00  0.000e+00  5.806e-06 
  0.000e+00  0.000e+00  0.000e+00  0.000e+00  0.000e+00  0.000e+00  0.000e+00  0.000e+00  0.000e+00  0.000e+00  0.000e+00 
  0.000e+00  0.000e+00  0.000e+00  0.000e+00  0.000e+00  0.000e+00  0.000e+00  0.000e+00  0.000e+00  0.000e+00  0.000e+00  1.643e-06 
  0.000e+00  0.000e+00  0.000e+00  0.000e+00  0.000e+00  0.000e+00  0.000e+00  0.000e+00  0.000e+00  0.000e+00  0.000e+00 
  0.000e+00  0.000e+00  0.000e+00  0.000e+00  0.000e+00  0.000e+00  0.000e+00  0.000e+00  0.000e+00  0.000e+00  0.000e+00  0.000e+00  1.684e-06 
  0.000e+00  0.000e+00  0.000e+00  0.000e+00  0.000e+00  0.000e+00  0.000e+00  0.000e+00  0.000e+00  0.000e+00  0.000e+00 
  0.000e+00  0.000e+00  0.000e+00  0.000e+00  0.000e+00  0.000e+00  0.000e+00  0.000e+00  0.000e+00  0.000e+00  0.000e+00  0.000e+00  0.000e+00  2.000e+00 
  0.000e+00  0.000e+00  0.000e+00  0.000e+00  0.000e+00  0.000e+00  0.000e+00  0.000e+00  0.000e+00  0.000e+00  0.000e+00 
  0.000e+00  0.000e+00  0.000e+00  0.000e+00  0.000e+00  0.000e+00  0.000e+00  0.000e+00  0.000e+00  0.000e+00  0.000e+00  0.000e+00  0.000e+00  0.000e+00  2.000e+00 
ERR MATRIX APPROXIMATE
 PARAMETER  CORRELATION COEFFICIENTS  
       NO.  GLOBAL      1      3      4      6      8      9     20     21     22     23     24     25     27     28     30
        1  0.00000   1.000  0.000  0.000  0.000  0.000  0.000  0.000  0.000  0.000  0.000  0.000  0.000  0.000  0.000  0.000
        3  0.00000   0.000  1.000  0.000  0.000  0.000  0.000  0.000  0.000  0.000  0.000  0.000  0.000  0.000  0.000  0.000
        4  0.00000   0.000  0.000  1.000  0.000  0.000  0.000  0.000  0.000  0.000  0.000  0.000  0.000  0.000  0.000  0.000
        6  0.00000   0.000  0.000  0.000  1.000  0.000  0.000  0.000  0.000  0.000  0.000  0.000  0.000  0.000  0.000  0.000
        8  0.00000   0.000  0.000  0.000  0.000  1.000  0.000  0.000  0.000  0.000  0.000  0.000  0.000  0.000  0.000  0.000
        9  0.00000   0.000  0.000  0.000  0.000  0.000  1.000  0.000  0.000  0.000  0.000  0.000  0.000  0.000  0.000  0.000
       20  0.00000   0.000  0.000  0.000  0.000  0.000  0.000  1.000  0.000  0.000  0.000  0.000  0.000  0.000  0.000  0.000
       21  0.00000   0.000  0.000  0.000  0.000  0.000  0.000  0.000  1.000  0.000  0.000  0.000  0.000  0.000  0.000  0.000
       22  0.00000   0.000  0.000  0.000  0.000  0.000  0.000  0.000  0.000  1.000  0.000  0.000  0.000  0.000  0.000  0.000
       23  0.00000   0.000  0.000  0.000  0.000  0.000  0.000  0.000  0.000  0.000  1.000  0.000  0.000  0.000  0.000  0.000
       24  0.00000   0.000  0.000  0.000  0.000  0.000  0.000  0.000  0.000  0.000  0.000  1.000  0.000  0.000  0.000  0.000
       25  0.00000   0.000  0.000  0.000  0.000  0.000  0.000  0.000  0.000  0.000  0.000  0.000  1.000  0.000  0.000  0.000
       27  0.00000   0.000  0.000  0.000  0.000  0.000  0.000  0.000  0.000  0.000  0.000  0.000  0.000  1.000  0.000  0.000
       28  0.00000   0.000  0.000  0.000  0.000  0.000  0.000  0.000  0.000  0.000  0.000  0.000  0.000  0.000  1.000  0.000
       30  0.00000   0.000  0.000  0.000  0.000  0.000  0.000  0.000  0.000  0.000  0.000  0.000  0.000  0.000  0.000  1.000
 ERR MATRIX APPROXIMATE
MINUIT - FIT ONLY 1-y
 **********
 **   51 **RES 
 **********
                   PARAMETER   16  beta_vw RESTORED TO VARIABLE.
                   PARAMETER   14  alpha_vw RESTORED TO VARIABLE.
                   PARAMETER   13  beta_y RESTORED TO VARIABLE.
                   PARAMETER   11  alpha_y RESTORED TO VARIABLE.
                   PARAMETER   10  beta_2CBO RESTORED TO VARIABLE.
 **********
 **   52 **FIX            0
 **********
 PARAMETER    0  IS UNDEFINED. IGNORED.
 **********
 **   53 **FIX            1
 **********
 **********
 **   54 **FIX            2
 **********
 PARAMETER    2  IS CONSTANT.   IGNORED.
 **********
 **   55 **FIX            3
 **********
 **********
 **   56 **FIX            4
 **********
 **********
 **   57 **FIX            5
 **********
 PARAMETER    5  IS CONSTANT.   IGNORED.
 **********
 **   58 **FIX            6
 **********
 **********
 **   59 **FIX            7
 **********
 PARAMETER    7  IS CONSTANT.   IGNORED.
 **********
 **   60 **FIX            8
 **********
 **********
 **   61 **FIX            9
 **********
 **********
 **   62 **FIX           13
 **********
 **********
 **   63 **FIX           14
 **********
 **********
 **   64 **FIX           15
 **********
 PARAMETER   15  IS CONSTANT.   IGNORED.
 **********
 **   65 **FIX           16
 **********
 **********
 **   66 **MIGRAD
 **********
 START MIGRAD MINIMIZATION.  STRATEGY  1.  CONVERGENCE WHEN EDM .LT. 1.00e-04
 FCN=64.9082 FROM MIGRAD    STATUS=INITIATE      717 CALLS        5446 TOTAL
                     EDM= unknown      STRATEGY= 1      NO ERROR MATRIX       
  EXT PARAMETER               CURRENT GUESS       STEP         FIRST   
  NO.   NAME      VALUE            ERROR          SIZE      DERIVATIVE 
   1  N0           1.44346e+06     fixed    
   2  tau          6.43912e+01   constant   
   3  A0           3.57398e-01     fixed    
   4  phi          4.11754e+00     fixed    
   5  R           -6.11300e+01   constant   
   6  alpha_CBO   -1.18712e-03     fixed    
   7  w_CBO        2.32643e+00   constant   
   8  beta_CBO    -3.83649e-03     fixed    
   9  alpha_2CBO   1.24886e-03     fixed    
  10  beta_2CBO    9.37283e-04   1.28101e-03   0.00000e+00   2.14363e+02
  11  alpha_y      0.00000e+00   1.00000e-03   0.00000e+00   1.88845e+02
  12  w_y          1.38965e+01   constant   
  13  beta_y      -1.34817e-03     fixed    
  14  alpha_vw     0.00000e+00     fixed    
  15  w_vw         1.43195e+01   constant   
  16  beta_vw      0.00000e+00     fixed    
  17  LM          -4.86461e-04   constant   
  18  zeta_y       0.00000e+00   constant   
  19  zeta_vw      0.00000e+00   constant   
  20  T_CBO        1.00000e+02   8.96179e+02   0.00000e+00   0.00000e+00
  21  alpha_A0    -7.25505e-04   2.29249e-03   0.00000e+00   1.89888e-01
  22  beta_A0     -1.11124e-03   2.57152e-03   0.00000e+00  -6.91644e-02
  23  alpha_phi   -5.46066e-04   2.44136e-03   0.00000e+00   3.11986e-01
  24  beta_phi     7.22169e-04   2.40958e-03   0.00000e+00  -3.58137e-01
  25  alpha_vw_m_cbo  -1.90867e-03   1.28170e-03   0.00000e+00  -1.29386e-01
  26  w_vw_m_cbo   1.20584e+01   constant   
  27  beta_vw_m_cbo  -1.99382e-04   1.29779e-03   0.00000e+00  -1.85718e-01
  28  alpha_vw_p_cbo   0.00000e+00   1.41421e+00   0.00000e+00   0.00000e+00
  29  w_vw_p_cbo   1.59923e+01   constant   
  30  beta_vw_p_cbo   0.00000e+00   1.41421e+00   0.00000e+00   0.00000e+00
 MIGRAD MINIMIZATION HAS CONVERGED.
 MIGRAD WILL VERIFY CONVERGENCE AND ERROR MATRIX.
  MNHESS FAILS AND WILL RETURN DIAGONAL MATRIX. 
 FCN=64.874 FROM MIGRAD    STATUS=CONVERGED     793 CALLS        5522 TOTAL
                     EDM=1.21635e-07    STRATEGY= 1  ERROR MATRIX UNCERTAINTY 100.0 per cent
  EXT PARAMETER                APPROXIMATE        STEP         FIRST   
  NO.   NAME      VALUE            ERROR          SIZE      DERIVATIVE 
   1  N0           1.44346e+06     fixed    
   2  tau          6.43912e+01   constant   
   3  A0           3.57398e-01     fixed    
   4  phi          4.11754e+00     fixed    
   5  R           -6.11300e+01   constant   
   6  alpha_CBO   -1.18712e-03     fixed    
   7  w_CBO        2.32643e+00   constant   
   8  beta_CBO    -3.83649e-03     fixed    
   9  alpha_2CBO   1.24886e-03     fixed    
  10  beta_2CBO    7.55668e-04   1.28093e-03   5.07636e-06   8.91376e-02
  11  alpha_y     -1.56195e-04   1.29212e-03   5.12070e-06  -2.39458e-02
  12  w_y          1.38965e+01   constant   
  13  beta_y      -1.34817e-03     fixed    
  14  alpha_vw     0.00000e+00     fixed    
  15  w_vw         1.43195e+01   constant   
  16  beta_vw      0.00000e+00     fixed    
  17  LM          -4.86461e-04   constant   
  18  zeta_y       0.00000e+00   constant   
  19  zeta_vw      0.00000e+00   constant   
  20  T_CBO        1.00000e+02   9.26237e+02  -0.00000e+00   0.00000e+00
  21  alpha_A0    -7.32479e-04   2.29247e-03  -8.06985e-07   1.62419e-01
  22  beta_A0     -1.17507e-03   2.57150e-03  -2.86580e-06  -8.52194e-03
  23  alpha_phi   -5.81188e-04   2.44135e-03   2.10733e-07   6.04539e-04
  24  beta_phi     7.33696e-04   2.40956e-03   1.14234e-06  -2.11642e-02
  25  alpha_vw_m_cbo  -1.90721e-03   1.28170e-03   8.82283e-07   1.69642e-01
  26  w_vw_m_cbo   1.20584e+01   constant   
  27  beta_vw_m_cbo  -2.03304e-04   1.29779e-03  -6.43300e-07  -2.11145e-01
  28  alpha_vw_p_cbo   0.00000e+00   1.41421e+00  -0.00000e+00   0.00000e+00
  29  w_vw_p_cbo   1.59923e+01   constant   
  30  beta_vw_p_cbo   0.00000e+00   1.41421e+00  -0.00000e+00   0.00000e+00
 EXTERNAL ERROR MATRIX.    NDIM=  31    NPAR= 11    ERR DEF=1
  1.641e-06 
  0.000e+00  1.670e-06 
  0.000e+00  0.000e+00  1.606e+06 
  0.000e+00  0.000e+00  0.000e+00  5.255e-06 
  0.000e+00  0.000e+00  0.000e+00  0.000e+00  6.613e-06 
  0.000e+00  0.000e+00  0.000e+00  0.000e+00  0.000e+00  5.960e-06 
  0.000e+00  0.000e+00  0.000e+00  0.000e+00  0.000e+00  0.000e+00  5.806e-06 
  0.000e+00  0.000e+00  0.000e+00  0.000e+00  0.000e+00  0.000e+00  0.000e+00  1.643e-06 
  0.000e+00  0.000e+00  0.000e+00  0.000e+00  0.000e+00  0.000e+00  0.000e+00  0.000e+00  1.684e-06 
  0.000e+00  0.000e+00  0.000e+00  0.000e+00  0.000e+00  0.000e+00  0.000e+00  0.000e+00  0.000e+00  2.000e+00 
  0.000e+00  0.000e+00  0.000e+00  0.000e+00  0.000e+00  0.000e+00  0.000e+00  0.000e+00  0.000e+00  0.000e+00  2.000e+00 
ERR MATRIX APPROXIMATE
 PARAMETER  CORRELATION COEFFICIENTS  
       NO.  GLOBAL     10     11     20     21     22     23     24     25     27     28     30
       10  0.00000   1.000  0.000  0.000  0.000  0.000  0.000  0.000  0.000  0.000  0.000  0.000
       11  0.00000   0.000  1.000  0.000  0.000  0.000  0.000  0.000  0.000  0.000  0.000  0.000
       20  0.00000   0.000  0.000  1.000  0.000  0.000  0.000  0.000  0.000  0.000  0.000  0.000
       21  0.00000   0.000  0.000  0.000  1.000  0.000  0.000  0.000  0.000  0.000  0.000  0.000
       22  0.00000   0.000  0.000  0.000  0.000  1.000  0.000  0.000  0.000  0.000  0.000  0.000
       23  0.00000   0.000  0.000  0.000  0.000  0.000  1.000  0.000  0.000  0.000  0.000  0.000
       24  0.00000   0.000  0.000  0.000  0.000  0.000  0.000  1.000  0.000  0.000  0.000  0.000
       25  0.00000   0.000  0.000  0.000  0.000  0.000  0.000  0.000  1.000  0.000  0.000  0.000
       27  0.00000   0.000  0.000  0.000  0.000  0.000  0.000  0.000  0.000  1.000  0.000  0.000
       28  0.00000   0.000  0.000  0.000  0.000  0.000  0.000  0.000  0.000  0.000  1.000  0.000
       30  0.00000   0.000  0.000  0.000  0.000  0.000  0.000  0.000  0.000  0.000  0.000  1.000
 ERR MATRIX APPROXIMATE
MINUIT - FIT ONLY 2-y
 **********
 **   67 **RES 
 **********
                   PARAMETER   16  beta_vw RESTORED TO VARIABLE.
                   PARAMETER   14  alpha_vw RESTORED TO VARIABLE.
                   PARAMETER   13  beta_y RESTORED TO VARIABLE.
                   PARAMETER    9  alpha_2CBO RESTORED TO VARIABLE.
                   PARAMETER    8  beta_CBO RESTORED TO VARIABLE.
                   PARAMETER    6  alpha_CBO RESTORED TO VARIABLE.
                   PARAMETER    4  phi RESTORED TO VARIABLE.
                   PARAMETER    3  A0 RESTORED TO VARIABLE.
                   PARAMETER    1  N0 RESTORED TO VARIABLE.
 **********
 **   68 **FIX            0
 **********
 PARAMETER    0  IS UNDEFINED. IGNORED.
 **********
 **   69 **FIX            1
 **********
 **********
 **   70 **FIX            2
 **********
 PARAMETER    2  IS CONSTANT.   IGNORED.
 **********
 **   71 **FIX            3
 **********
 **********
 **   72 **FIX            4
 **********
 **********
 **   73 **FIX            5
 **********
 PARAMETER    5  IS CONSTANT.   IGNORED.
 **********
 **   74 **FIX            6
 **********
 **********
 **   75 **FIX            7
 **********
 PARAMETER    7  IS CONSTANT.   IGNORED.
 **********
 **   76 **FIX            8
 **********
 **********
 **   77 **FIX            9
 **********
 **********
 **   78 **FIX           10
 **********
 **********
 **   79 **FIX           11
 **********
 **********
 **   80 **FIX           12
 **********
 PARAMETER   12  IS CONSTANT.   IGNORED.
 **********
 **   81 **FIX           16
 **********
 **********
 **   82 **MIGRAD
 **********
 START MIGRAD MINIMIZATION.  STRATEGY  1.  CONVERGENCE WHEN EDM .LT. 1.00e-04
 FCN=64.874 FROM MIGRAD    STATUS=INITIATE      717 CALLS        6239 TOTAL
                     EDM= unknown      STRATEGY= 1      NO ERROR MATRIX       
  EXT PARAMETER               CURRENT GUESS       STEP         FIRST   
  NO.   NAME      VALUE            ERROR          SIZE      DERIVATIVE 
   1  N0           1.44346e+06     fixed    
   2  tau          6.43912e+01   constant   
   3  A0           3.57398e-01     fixed    
   4  phi          4.11754e+00     fixed    
   5  R           -6.11300e+01   constant   
   6  alpha_CBO   -1.18712e-03     fixed    
   7  w_CBO        2.32643e+00   constant   
   8  beta_CBO    -3.83649e-03     fixed    
   9  alpha_2CBO   1.24886e-03     fixed    
  10  beta_2CBO    7.55668e-04     fixed    
  11  alpha_y     -1.56195e-04     fixed    
  12  w_y          1.38965e+01   constant   
  13  beta_y      -1.34817e-03   1.28732e-03   0.00000e+00  -4.47952e+01
  14  alpha_vw     0.00000e+00   1.00000e-03   0.00000e+00  -7.33305e+02
  15  w_vw         1.43195e+01   constant   
  16  beta_vw      0.00000e+00     fixed    
  17  LM          -4.86461e-04   constant   
  18  zeta_y       0.00000e+00   constant   
  19  zeta_vw      0.00000e+00   constant   
  20  T_CBO        1.00000e+02   9.26237e+02   0.00000e+00   0.00000e+00
  21  alpha_A0    -7.32479e-04   2.29247e-03   0.00000e+00   1.62419e-01
  22  beta_A0     -1.17507e-03   2.57150e-03   0.00000e+00  -8.52189e-03
  23  alpha_phi   -5.81188e-04   2.44135e-03   0.00000e+00   6.04273e-04
  24  beta_phi     7.33696e-04   2.40956e-03   0.00000e+00  -2.11636e-02
  25  alpha_vw_m_cbo  -1.90721e-03   1.28170e-03   0.00000e+00   1.69642e-01
  26  w_vw_m_cbo   1.20584e+01   constant   
  27  beta_vw_m_cbo  -2.03304e-04   1.29779e-03   0.00000e+00  -2.11145e-01
  28  alpha_vw_p_cbo   0.00000e+00   1.41421e+00   0.00000e+00   0.00000e+00
  29  w_vw_p_cbo   1.59923e+01   constant   
  30  beta_vw_p_cbo   0.00000e+00   1.41421e+00   0.00000e+00   0.00000e+00
 MIGRAD MINIMIZATION HAS CONVERGED.
 MIGRAD WILL VERIFY CONVERGENCE AND ERROR MATRIX.
  MNHESS FAILS AND WILL RETURN DIAGONAL MATRIX. 
 FCN=64.6321 FROM MIGRAD    STATUS=CONVERGED     794 CALLS        6316 TOTAL
                     EDM=1.03569e-06    STRATEGY= 1  ERROR MATRIX UNCERTAINTY 100.0 per cent
  EXT PARAMETER                APPROXIMATE        STEP         FIRST   
  NO.   NAME      VALUE            ERROR          SIZE      DERIVATIVE 
   1  N0           1.44346e+06     fixed    
   2  tau          6.43912e+01   constant   
   3  A0           3.57398e-01     fixed    
   4  phi          4.11754e+00     fixed    
   5  R           -6.11300e+01   constant   
   6  alpha_CBO   -1.18712e-03     fixed    
   7  w_CBO        2.32643e+00   constant   
   8  beta_CBO    -3.83649e-03     fixed    
   9  alpha_2CBO   1.24886e-03     fixed    
  10  beta_2CBO    7.55668e-04     fixed    
  11  alpha_y     -1.56195e-04     fixed    
  12  w_y          1.38965e+01   constant   
  13  beta_y      -1.52580e-03   1.28724e-03   5.09198e-06  -5.57887e-02
  14  alpha_vw     6.70279e-04   1.29061e-03   5.10530e-06  -2.76049e-01
  15  w_vw         1.43195e+01   constant   
  16  beta_vw      0.00000e+00     fixed    
  17  LM          -4.86461e-04   constant   
  18  zeta_y       0.00000e+00   constant   
  19  zeta_vw      0.00000e+00   constant   
  20  T_CBO        1.00000e+02   9.08947e+02  -0.00000e+00   0.00000e+00
  21  alpha_A0    -7.25518e-04   2.29246e-03   2.70717e-06  -5.92927e-01
  22  beta_A0     -1.16516e-03   2.57150e-03   1.13272e-05   1.36390e-01
  23  alpha_phi   -5.75965e-04   2.44134e-03  -2.08785e-06   1.37678e-01
  24  beta_phi     7.25201e-04   2.40957e-03  -5.22116e-06   1.40188e-02
  25  alpha_vw_m_cbo  -1.92302e-03   1.28170e-03   1.30693e-05  -2.89939e-01
  26  w_vw_m_cbo   1.20584e+01   constant   
  27  beta_vw_m_cbo  -1.61079e-04   1.29779e-03   8.49022e-06  -1.07245e-01
  28  alpha_vw_p_cbo   0.00000e+00   1.41421e+00  -0.00000e+00   0.00000e+00
  29  w_vw_p_cbo   1.59923e+01   constant   
  30  beta_vw_p_cbo   0.00000e+00   1.41421e+00  -0.00000e+00   0.00000e+00
 EXTERNAL ERROR MATRIX.    NDIM=  31    NPAR= 11    ERR DEF=1
  1.657e-06 
  0.000e+00  1.666e-06 
  0.000e+00  0.000e+00  1.716e+06 
  0.000e+00  0.000e+00  0.000e+00  5.255e-06 
  0.000e+00  0.000e+00  0.000e+00  0.000e+00  6.613e-06 
  0.000e+00  0.000e+00  0.000e+00  0.000e+00  0.000e+00  5.960e-06 
  0.000e+00  0.000e+00  0.000e+00  0.000e+00  0.000e+00  0.000e+00  5.806e-06 
  0.000e+00  0.000e+00  0.000e+00  0.000e+00  0.000e+00  0.000e+00  0.000e+00  1.643e-06 
  0.000e+00  0.000e+00  0.000e+00  0.000e+00  0.000e+00  0.000e+00  0.000e+00  0.000e+00  1.684e-06 
  0.000e+00  0.000e+00  0.000e+00  0.000e+00  0.000e+00  0.000e+00  0.000e+00  0.000e+00  0.000e+00  2.000e+00 
  0.000e+00  0.000e+00  0.000e+00  0.000e+00  0.000e+00  0.000e+00  0.000e+00  0.000e+00  0.000e+00  0.000e+00  2.000e+00 
ERR MATRIX APPROXIMATE
 PARAMETER  CORRELATION COEFFICIENTS  
       NO.  GLOBAL     13     14     20     21     22     23     24     25     27     28     30
       13  0.00000   1.000  0.000  0.000  0.000  0.000  0.000  0.000  0.000  0.000  0.000  0.000
       14  0.00000   0.000  1.000  0.000  0.000  0.000  0.000  0.000  0.000  0.000  0.000  0.000
       20  0.00000   0.000  0.000  1.000  0.000  0.000  0.000  0.000  0.000  0.000  0.000  0.000
       21  0.00000   0.000  0.000  0.000  1.000  0.000  0.000  0.000  0.000  0.000  0.000  0.000
       22  0.00000   0.000  0.000  0.000  0.000  1.000  0.000  0.000  0.000  0.000  0.000  0.000
       23  0.00000   0.000  0.000  0.000  0.000  0.000  1.000  0.000  0.000  0.000  0.000  0.000
       24  0.00000   0.000  0.000  0.000  0.000  0.000  0.000  1.000  0.000  0.000  0.000  0.000
       25  0.00000   0.000  0.000  0.000  0.000  0.000  0.000  0.000  1.000  0.000  0.000  0.000
       27  0.00000   0.000  0.000  0.000  0.000  0.000  0.000  0.000  0.000  1.000  0.000  0.000
       28  0.00000   0.000  0.000  0.000  0.000  0.000  0.000  0.000  0.000  0.000  1.000  0.000
       30  0.00000   0.000  0.000  0.000  0.000  0.000  0.000  0.000  0.000  0.000  0.000  1.000
 ERR MATRIX APPROXIMATE
MINUIT - FIT ALTOGETHER
 **********
 **   83 **RES 
 **********
                   PARAMETER   16  beta_vw RESTORED TO VARIABLE.
                   PARAMETER   11  alpha_y RESTORED TO VARIABLE.
                   PARAMETER   10  beta_2CBO RESTORED TO VARIABLE.
                   PARAMETER    9  alpha_2CBO RESTORED TO VARIABLE.
                   PARAMETER    8  beta_CBO RESTORED TO VARIABLE.
                   PARAMETER    6  alpha_CBO RESTORED TO VARIABLE.
                   PARAMETER    4  phi RESTORED TO VARIABLE.
                   PARAMETER    3  A0 RESTORED TO VARIABLE.
                   PARAMETER    1  N0 RESTORED TO VARIABLE.
 **********
 **   84 **MIGRAD
 **********
 START MIGRAD MINIMIZATION.  STRATEGY  1.  CONVERGENCE WHEN EDM .LT. 1.00e-04
 FCN=64.6321 FROM MIGRAD    STATUS=INITIATE     2031 CALLS        8347 TOTAL
                     EDM= unknown      STRATEGY= 1      NO ERROR MATRIX       
  EXT PARAMETER               CURRENT GUESS       STEP         FIRST   
  NO.   NAME      VALUE            ERROR          SIZE      DERIVATIVE 
   1  N0           1.44346e+06   6.58189e+02   0.00000e+00   1.23617e-05
   2  tau          6.43912e+01   constant   
   3  A0           3.57398e-01   6.11697e-04   0.00000e+00  -3.90827e+01
   4  phi          4.11754e+00   1.71496e-03   0.00000e+00  -2.34356e+00
   5  R           -6.11300e+01   constant   
   6  alpha_CBO   -1.18712e-03   1.26755e-03   0.00000e+00   4.44812e-01
   7  w_CBO        2.32643e+00   constant   
   8  beta_CBO    -3.83649e-03   1.31299e-03   0.00000e+00   8.34211e-01
   9  alpha_2CBO   1.24886e-03   1.29859e-03   0.00000e+00  -5.87189e+00
  10  beta_2CBO    7.55668e-04   1.28093e-03   0.00000e+00  -2.06972e+00
  11  alpha_y     -1.56195e-04   1.29212e-03   0.00000e+00  -1.53183e+02
  12  w_y          1.38965e+01   constant   
  13  beta_y      -1.52580e-03   1.28724e-03   0.00000e+00  -5.57888e-02
  14  alpha_vw     6.70279e-04   1.29061e-03   0.00000e+00  -2.76049e-01
  15  w_vw         1.43195e+01   constant   
  16  beta_vw      0.00000e+00   1.00000e-03   0.00000e+00   1.78829e+03
  17  LM          -4.86461e-04   constant   
  18  zeta_y       0.00000e+00   constant   
  19  zeta_vw      0.00000e+00   constant   
  20  T_CBO        1.00000e+02   9.08947e+02   0.00000e+00   0.00000e+00
  21  alpha_A0    -7.25518e-04   2.29246e-03   0.00000e+00  -5.92927e-01
  22  beta_A0     -1.16516e-03   2.57150e-03   0.00000e+00   1.36390e-01
  23  alpha_phi   -5.75965e-04   2.44134e-03   0.00000e+00   1.37678e-01
  24  beta_phi     7.25201e-04   2.40957e-03   0.00000e+00   1.40188e-02
  25  alpha_vw_m_cbo  -1.92302e-03   1.28170e-03   0.00000e+00  -2.89939e-01
  26  w_vw_m_cbo   1.20584e+01   constant   
  27  beta_vw_m_cbo  -1.61079e-04   1.29779e-03   0.00000e+00  -1.07245e-01
  28  alpha_vw_p_cbo   0.00000e+00   1.41421e+00   0.00000e+00   0.00000e+00
  29  w_vw_p_cbo   1.59923e+01   constant   
  30  beta_vw_p_cbo   0.00000e+00   1.41421e+00   0.00000e+00   0.00000e+00
 MIGRAD MINIMIZATION HAS CONVERGED.
 MIGRAD WILL VERIFY CONVERGENCE AND ERROR MATRIX.
  MNHESS FAILS AND WILL RETURN DIAGONAL MATRIX. 
 FCN=63.1101 FROM MIGRAD    STATUS=CONVERGED    2224 CALLS        8540 TOTAL
                     EDM=3.98897e-06    STRATEGY= 1  ERROR MATRIX UNCERTAINTY 100.0 per cent
  EXT PARAMETER                APPROXIMATE        STEP         FIRST   
  NO.   NAME      VALUE            ERROR          SIZE      DERIVATIVE 
   1  N0           1.44343e+06   6.58177e+02   2.55676e+00   1.34376e-06
   2  tau          6.43912e+01   constant   
   3  A0           3.57412e-01   6.11679e-04   2.39143e-06  -1.75763e+00
   4  phi          4.11759e+00   1.71492e-03   6.70466e-06  -3.26161e-01
   5  R           -6.11300e+01   constant   
   6  alpha_CBO   -1.18183e-03   1.26758e-03   4.95576e-06  -2.99292e-02
   7  w_CBO        2.32643e+00   constant   
   8  beta_CBO    -3.76832e-03   1.31301e-03   5.13337e-06   2.59709e-01
   9  alpha_2CBO   1.31003e-03   1.29862e-03   5.07710e-06   3.75523e-01
  10  beta_2CBO    7.59093e-04   1.28096e-03   5.00805e-06   5.34666e-01
  11  alpha_y     -6.20775e-04   1.29214e-03   5.05179e-06  -4.84172e-01
  12  w_y          1.38965e+01   constant   
  13  beta_y      -1.91344e-03   1.28727e-03   5.03271e-06   7.49235e-01
  14  alpha_vw     7.00913e-04   1.29063e-03   5.04587e-06  -5.18337e-01
  15  w_vw         1.43195e+01   constant   
  16  beta_vw     -1.74125e-03   1.28877e-03   5.03858e-06  -5.54211e-02
  17  LM          -4.86461e-04   constant   
  18  zeta_y       0.00000e+00   constant   
  19  zeta_vw      0.00000e+00   constant   
  20  T_CBO        1.00000e+02   9.19429e+02  -0.00000e+00   0.00000e+00
  21  alpha_A0    -6.38469e-04   2.29230e-03  -8.54678e-07  -8.87422e-01
  22  beta_A0     -1.20575e-03   2.57134e-03  -2.27990e-06  -1.57552e-01
  23  alpha_phi   -5.71231e-04   2.44126e-03  -8.06972e-07  -3.23408e-01
  24  beta_phi     6.30632e-04   2.40956e-03  -3.92488e-06  -6.40937e-02
  25  alpha_vw_m_cbo  -1.78998e-03   1.28173e-03  -2.40871e-06   9.59867e-01
  26  w_vw_m_cbo   1.20584e+01   constant   
  27  beta_vw_m_cbo  -4.95258e-05   1.29782e-03   2.16767e-06  -3.41219e-01
  28  alpha_vw_p_cbo   0.00000e+00   1.41421e+00  -0.00000e+00   0.00000e+00
  29  w_vw_p_cbo   1.59923e+01   constant   
  30  beta_vw_p_cbo   0.00000e+00   1.41421e+00  -0.00000e+00   0.00000e+00
 EXTERNAL ERROR MATRIX.    NDIM=  31    NPAR= 20    ERR DEF=1
 ELEMENTS ABOVE DIAGONAL ARE NOT PRINTED.
  4.332e+05 
  0.000e+00  3.742e-07 
  0.000e+00  0.000e+00  2.941e-06 
  0.000e+00  0.000e+00  0.000e+00  1.607e-06 
  0.000e+00  0.000e+00  0.000e+00  0.000e+00  1.724e-06 
  0.000e+00  0.000e+00  0.000e+00  0.000e+00  0.000e+00  1.686e-06 
  0.000e+00  0.000e+00  0.000e+00  0.000e+00  0.000e+00  0.000e+00  1.641e-06 
  0.000e+00  0.000e+00  0.000e+00  0.000e+00  0.000e+00  0.000e+00  0.000e+00  1.670e-06 
  0.000e+00  0.000e+00  0.000e+00  0.000e+00  0.000e+00  0.000e+00  0.000e+00  0.000e+00  1.657e-06 
  0.000e+00  0.000e+00  0.000e+00  0.000e+00  0.000e+00  0.000e+00  0.000e+00  0.000e+00  0.000e+00  1.666e-06 
  0.000e+00  0.000e+00  0.000e+00  0.000e+00  0.000e+00  0.000e+00  0.000e+00  0.000e+00  0.000e+00  0.000e+00  1.661e-06 
  0.000e+00  0.000e+00  0.000e+00  0.000e+00  0.000e+00  0.000e+00  0.000e+00  0.000e+00  0.000e+00  0.000e+00  0.000e+00 
  0.000e+00  0.000e+00  0.000e+00  0.000e+00  0.000e+00  0.000e+00  0.000e+00  0.000e+00  0.000e+00  0.000e+00  0.000e+00  1.652e+06 
  0.000e+00  0.000e+00  0.000e+00  0.000e+00  0.000e+00  0.000e+00  0.000e+00  0.000e+00  0.000e+00  0.000e+00  0.000e+00 
  0.000e+00  0.000e+00  0.000e+00  0.000e+00  0.000e+00  0.000e+00  0.000e+00  0.000e+00  0.000e+00  0.000e+00  0.000e+00  0.000e+00  5.255e-06 
  0.000e+00  0.000e+00  0.000e+00  0.000e+00  0.000e+00  0.000e+00  0.000e+00  0.000e+00  0.000e+00  0.000e+00  0.000e+00 
  0.000e+00  0.000e+00  0.000e+00  0.000e+00  0.000e+00  0.000e+00  0.000e+00  0.000e+00  0.000e+00  0.000e+00  0.000e+00  0.000e+00  0.000e+00  6.612e-06 
  0.000e+00  0.000e+00  0.000e+00  0.000e+00  0.000e+00  0.000e+00  0.000e+00  0.000e+00  0.000e+00  0.000e+00  0.000e+00 
  0.000e+00  0.000e+00  0.000e+00  0.000e+00  0.000e+00  0.000e+00  0.000e+00  0.000e+00  0.000e+00  0.000e+00  0.000e+00  0.000e+00  0.000e+00  0.000e+00  5.960e-06 
  0.000e+00  0.000e+00  0.000e+00  0.000e+00  0.000e+00  0.000e+00  0.000e+00  0.000e+00  0.000e+00  0.000e+00  0.000e+00 
  0.000e+00  0.000e+00  0.000e+00  0.000e+00  0.000e+00  0.000e+00  0.000e+00  0.000e+00  0.000e+00  0.000e+00  0.000e+00  0.000e+00  0.000e+00  0.000e+00  0.000e+00  5.806e-06 
  0.000e+00  0.000e+00  0.000e+00  0.000e+00  0.000e+00  0.000e+00  0.000e+00  0.000e+00  0.000e+00  0.000e+00  0.000e+00 
  0.000e+00  0.000e+00  0.000e+00  0.000e+00  0.000e+00  0.000e+00  0.000e+00  0.000e+00  0.000e+00  0.000e+00  0.000e+00  0.000e+00  0.000e+00  0.000e+00  0.000e+00  0.000e+00  1.643e-06 
  0.000e+00  0.000e+00  0.000e+00  0.000e+00  0.000e+00  0.000e+00  0.000e+00  0.000e+00  0.000e+00  0.000e+00  0.000e+00 
  0.000e+00  0.000e+00  0.000e+00  0.000e+00  0.000e+00  0.000e+00  0.000e+00  0.000e+00  0.000e+00  0.000e+00  0.000e+00  0.000e+00  0.000e+00  0.000e+00  0.000e+00  0.000e+00  0.000e+00  1.684e-06 
  0.000e+00  0.000e+00  0.000e+00  0.000e+00  0.000e+00  0.000e+00  0.000e+00  0.000e+00  0.000e+00  0.000e+00  0.000e+00 
  0.000e+00  0.000e+00  0.000e+00  0.000e+00  0.000e+00  0.000e+00  0.000e+00  0.000e+00  0.000e+00  0.000e+00  0.000e+00  0.000e+00  0.000e+00  0.000e+00  0.000e+00  0.000e+00  0.000e+00  0.000e+00  2.000e+00 
  0.000e+00  0.000e+00  0.000e+00  0.000e+00  0.000e+00  0.000e+00  0.000e+00  0.000e+00  0.000e+00  0.000e+00  0.000e+00 
  0.000e+00  0.000e+00  0.000e+00  0.000e+00  0.000e+00  0.000e+00  0.000e+00  0.000e+00  0.000e+00  0.000e+00  0.000e+00  0.000e+00  0.000e+00  0.000e+00  0.000e+00  0.000e+00  0.000e+00  0.000e+00  0.000e+00  2.000e+00 
ERR MATRIX APPROXIMATE
 PARAMETER  CORRELATION COEFFICIENTS  
       NO.  GLOBAL      1      3      4      6      8      9     10     11     13     14     16     20     21     22     23     24
        1  0.00000   1.000  0.000  0.000  0.000  0.000  0.000  0.000  0.000  0.000  0.000  0.000  0.000  0.000  0.000  0.000  0.000
        3  0.00000   0.000  1.000  0.000  0.000  0.000  0.000  0.000  0.000  0.000  0.000  0.000  0.000  0.000  0.000  0.000  0.000
        4  0.00000   0.000  0.000  1.000  0.000  0.000  0.000  0.000  0.000  0.000  0.000  0.000  0.000  0.000  0.000  0.000  0.000
        6  0.00000   0.000  0.000  0.000  1.000  0.000  0.000  0.000  0.000  0.000  0.000  0.000  0.000  0.000  0.000  0.000  0.000
        8  0.00000   0.000  0.000  0.000  0.000  1.000  0.000  0.000  0.000  0.000  0.000  0.000  0.000  0.000  0.000  0.000  0.000
        9  0.00000   0.000  0.000  0.000  0.000  0.000  1.000  0.000  0.000  0.000  0.000  0.000  0.000  0.000  0.000  0.000  0.000
       10  0.00000   0.000  0.000  0.000  0.000  0.000  0.000  1.000  0.000  0.000  0.000  0.000  0.000  0.000  0.000  0.000  0.000
       11  0.00000   0.000  0.000  0.000  0.000  0.000  0.000  0.000  1.000  0.000  0.000  0.000  0.000  0.000  0.000  0.000  0.000
       13  0.00000   0.000  0.000  0.000  0.000  0.000  0.000  0.000  0.000  1.000  0.000  0.000  0.000  0.000  0.000  0.000  0.000
       14  0.00000   0.000  0.000  0.000  0.000  0.000  0.000  0.000  0.000  0.000  1.000  0.000  0.000  0.000  0.000  0.000  0.000
       16  0.00000   0.000  0.000  0.000  0.000  0.000  0.000  0.000  0.000  0.000  0.000  1.000  0.000  0.000  0.000  0.000  0.000
       20  0.00000   0.000  0.000  0.000  0.000  0.000  0.000  0.000  0.000  0.000  0.000  0.000  1.000  0.000  0.000  0.000  0.000
       21  0.00000   0.000  0.000  0.000  0.000  0.000  0.000  0.000  0.000  0.000  0.000  0.000  0.000  1.000  0.000  0.000  0.000
       22  0.00000   0.000  0.000  0.000  0.000  0.000  0.000  0.000  0.000  0.000  0.000  0.000  0.000  0.000  1.000  0.000  0.000
       23  0.00000   0.000  0.000  0.000  0.000  0.000  0.000  0.000  0.000  0.000  0.000  0.000  0.000  0.000  0.000  1.000  0.000
       24  0.00000   0.000  0.000  0.000  0.000  0.000  0.000  0.000  0.000  0.000  0.000  0.000  0.000  0.000  0.000  0.000  1.000
       25  0.00000   0.000  0.000  0.000  0.000  0.000  0.000  0.000  0.000  0.000  0.000  0.000  0.000  0.000  0.000  0.000  0.000
                     1.000  0.000  0.000  0.000
       27  0.00000   0.000  0.000  0.000  0.000  0.000  0.000  0.000  0.000  0.000  0.000  0.000  0.000  0.000  0.000  0.000  0.000
                     0.000  1.000  0.000  0.000
       28  0.00000   0.000  0.000  0.000  0.000  0.000  0.000  0.000  0.000  0.000  0.000  0.000  0.000  0.000  0.000  0.000  0.000
                     0.000  0.000  1.000  0.000
       30  0.00000   0.000  0.000  0.000  0.000  0.000  0.000  0.000  0.000  0.000  0.000  0.000  0.000  0.000  0.000  0.000  0.000
                     0.000  0.000  0.000  1.000
 ERR MATRIX APPROXIMATE
MINUIT - MINOS
 **********
 **   85 **RES 
 **********
 CALL TO MNFREE IGNORED.  THERE ARE NO FIXED PARAMETERS
 **********
 **   86 **MIG      2.5e+04        0.01
 **********
 START MIGRAD MINIMIZATION.  STRATEGY  1.  CONVERGENCE WHEN EDM .LT. 1.00e-05
 FCN=63.1101 FROM MIGRAD    STATUS=INITIATE       40 CALLS        8580 TOTAL
                     EDM=1.15089e-05    STRATEGY= 1  ERROR MATRIX UNCERTAINTY 100.0 per cent
  EXT PARAMETER                APPROXIMATE        STEP         FIRST   
  NO.   NAME      VALUE            ERROR          SIZE      DERIVATIVE 
   1  N0           1.44343e+06   6.58177e+02   2.55676e+00   1.34376e-06
   2  tau          6.43912e+01   constant   
   3  A0           3.57412e-01   6.11679e-04   2.39143e-06  -1.75763e+00
   4  phi          4.11759e+00   1.71492e-03   6.70466e-06  -3.26161e-01
   5  R           -6.11300e+01   constant   
   6  alpha_CBO   -1.18183e-03   1.26758e-03   4.95576e-06  -2.99293e-02
   7  w_CBO        2.32643e+00   constant   
   8  beta_CBO    -3.76832e-03   1.31301e-03   5.13337e-06   2.59709e-01
   9  alpha_2CBO   1.31003e-03   1.29862e-03   5.07710e-06   3.75523e-01
  10  beta_2CBO    7.59093e-04   1.28096e-03   5.00805e-06   5.34665e-01
  11  alpha_y     -6.20775e-04   1.29214e-03   5.05179e-06  -4.84172e-01
  12  w_y          1.38965e+01   constant   
  13  beta_y      -1.91344e-03   1.28727e-03   5.03271e-06   7.49235e-01
  14  alpha_vw     7.00913e-04   1.29063e-03   5.04587e-06  -5.18337e-01
  15  w_vw         1.43195e+01   constant   
  16  beta_vw     -1.74125e-03   1.28877e-03   5.03858e-06  -5.54211e-02
  17  LM          -4.86461e-04   constant   
  18  zeta_y       0.00000e+00   constant   
  19  zeta_vw      0.00000e+00   constant   
  20  T_CBO        1.00000e+02   9.19429e+02  -0.00000e+00   0.00000e+00
  21  alpha_A0    -6.38469e-04   2.29230e-03  -8.54678e-07  -8.87422e-01
  22  beta_A0     -1.20575e-03   2.57134e-03  -2.27990e-06  -1.57552e-01
  23  alpha_phi   -5.71231e-04   2.44126e-03  -8.06972e-07  -3.23411e-01
  24  beta_phi     6.30632e-04   2.40956e-03  -3.92488e-06  -6.40979e-02
  25  alpha_vw_m_cbo  -1.78998e-03   1.28173e-03  -2.40871e-06   9.59867e-01
  26  w_vw_m_cbo   1.20584e+01   constant   
  27  beta_vw_m_cbo  -4.95258e-05   1.29782e-03   2.16767e-06  -3.41219e-01
  28  alpha_vw_p_cbo   0.00000e+00   1.41421e+00  -0.00000e+00   0.00000e+00
  29  w_vw_p_cbo   1.59923e+01   constant   
  30  beta_vw_p_cbo   0.00000e+00   1.41421e+00  -0.00000e+00   0.00000e+00
 MIGRAD MINIMIZATION HAS CONVERGED.
 MIGRAD WILL VERIFY CONVERGENCE AND ERROR MATRIX.
  MNHESS FAILS AND WILL RETURN DIAGONAL MATRIX. 
 FCN=63.1101 FROM MIGRAD    STATUS=CONVERGED     149 CALLS        8689 TOTAL
                     EDM=3.13404e-08    STRATEGY= 1  ERROR MATRIX UNCERTAINTY 100.0 per cent
  EXT PARAMETER                APPROXIMATE        STEP         FIRST   
  NO.   NAME      VALUE            ERROR          SIZE      DERIVATIVE 
   1  N0           1.44343e+06   6.58177e+02   2.55676e+00  -1.86454e-09
   2  tau          6.43912e+01   constant   
   3  A0           3.57412e-01   6.11679e-04   2.39143e-06  -1.09491e-01
   4  phi          4.11759e+00   1.71492e-03   6.70465e-06  -3.17071e-02
   5  R           -6.11300e+01   constant   
   6  alpha_CBO   -1.18146e-03   1.26758e-03   4.95576e-06   3.52152e-02
   7  w_CBO        2.32643e+00   constant   
   8  beta_CBO    -3.76847e-03   1.31301e-03   5.13336e-06   3.01595e-02
   9  alpha_2CBO   1.30991e-03   1.29862e-03   5.07710e-06  -4.67870e-02
  10  beta_2CBO    7.58686e-04   1.28096e-03   5.00805e-06  -2.20154e-02
  11  alpha_y     -6.20237e-04   1.29215e-03   5.05178e-06  -4.40553e-02
  12  w_y          1.38965e+01   constant   
  13  beta_y      -1.91424e-03   1.28727e-03   5.03271e-06   5.14096e-02
  14  alpha_vw     7.01734e-04   1.29063e-03   5.04587e-06  -3.75493e-02
  15  w_vw         1.43195e+01   constant   
  16  beta_vw     -1.74120e-03   1.28877e-03   5.03857e-06  -5.06410e-03
  17  LM          -4.86461e-04   constant   
  18  zeta_y       0.00000e+00   constant   
  19  zeta_vw      0.00000e+00   constant   
  20  T_CBO        1.00000e+02   9.13244e+02  -0.00000e+00   0.00000e+00
  21  alpha_A0    -6.36284e-04   2.29230e-03   1.87280e-07   1.04038e-02
  22  beta_A0     -1.20543e-03   2.57134e-03  -1.22822e-07  -2.66822e-03
  23  alpha_phi   -5.70471e-04   2.44126e-03  -6.55618e-08  -8.45664e-03
  24  beta_phi     6.30616e-04   2.40956e-03  -1.75040e-07  -2.38314e-02
  25  alpha_vw_m_cbo  -1.79084e-03   1.28173e-03  -1.84170e-07  -1.06412e-01
  26  w_vw_m_cbo   1.20584e+01   constant   
  27  beta_vw_m_cbo  -4.91098e-05   1.29782e-03   1.69903e-07   1.42008e-02
  28  alpha_vw_p_cbo   0.00000e+00   1.41421e+00  -0.00000e+00   0.00000e+00
  29  w_vw_p_cbo   1.59923e+01   constant   
  30  beta_vw_p_cbo   0.00000e+00   1.41421e+00  -0.00000e+00   0.00000e+00
 EXTERNAL ERROR MATRIX.    NDIM=  31    NPAR= 20    ERR DEF=1
 ELEMENTS ABOVE DIAGONAL ARE NOT PRINTED.
  4.332e+05 
  0.000e+00  3.742e-07 
  0.000e+00  0.000e+00  2.941e-06 
  0.000e+00  0.000e+00  0.000e+00  1.607e-06 
  0.000e+00  0.000e+00  0.000e+00  0.000e+00  1.724e-06 
  0.000e+00  0.000e+00  0.000e+00  0.000e+00  0.000e+00  1.686e-06 
  0.000e+00  0.000e+00  0.000e+00  0.000e+00  0.000e+00  0.000e+00  1.641e-06 
  0.000e+00  0.000e+00  0.000e+00  0.000e+00  0.000e+00  0.000e+00  0.000e+00  1.670e-06 
  0.000e+00  0.000e+00  0.000e+00  0.000e+00  0.000e+00  0.000e+00  0.000e+00  0.000e+00  1.657e-06 
  0.000e+00  0.000e+00  0.000e+00  0.000e+00  0.000e+00  0.000e+00  0.000e+00  0.000e+00  0.000e+00  1.666e-06 
  0.000e+00  0.000e+00  0.000e+00  0.000e+00  0.000e+00  0.000e+00  0.000e+00  0.000e+00  0.000e+00  0.000e+00  1.661e-06 
  0.000e+00  0.000e+00  0.000e+00  0.000e+00  0.000e+00  0.000e+00  0.000e+00  0.000e+00  0.000e+00  0.000e+00  0.000e+00 
  0.000e+00  0.000e+00  0.000e+00  0.000e+00  0.000e+00  0.000e+00  0.000e+00  0.000e+00  0.000e+00  0.000e+00  0.000e+00  1.691e+06 
  0.000e+00  0.000e+00  0.000e+00  0.000e+00  0.000e+00  0.000e+00  0.000e+00  0.000e+00  0.000e+00  0.000e+00  0.000e+00 
  0.000e+00  0.000e+00  0.000e+00  0.000e+00  0.000e+00  0.000e+00  0.000e+00  0.000e+00  0.000e+00  0.000e+00  0.000e+00  0.000e+00  5.255e-06 
  0.000e+00  0.000e+00  0.000e+00  0.000e+00  0.000e+00  0.000e+00  0.000e+00  0.000e+00  0.000e+00  0.000e+00  0.000e+00 
  0.000e+00  0.000e+00  0.000e+00  0.000e+00  0.000e+00  0.000e+00  0.000e+00  0.000e+00  0.000e+00  0.000e+00  0.000e+00  0.000e+00  0.000e+00  6.612e-06 
  0.000e+00  0.000e+00  0.000e+00  0.000e+00  0.000e+00  0.000e+00  0.000e+00  0.000e+00  0.000e+00  0.000e+00  0.000e+00 
  0.000e+00  0.000e+00  0.000e+00  0.000e+00  0.000e+00  0.000e+00  0.000e+00  0.000e+00  0.000e+00  0.000e+00  0.000e+00  0.000e+00  0.000e+00  0.000e+00  5.960e-06 
  0.000e+00  0.000e+00  0.000e+00  0.000e+00  0.000e+00  0.000e+00  0.000e+00  0.000e+00  0.000e+00  0.000e+00  0.000e+00 
  0.000e+00  0.000e+00  0.000e+00  0.000e+00  0.000e+00  0.000e+00  0.000e+00  0.000e+00  0.000e+00  0.000e+00  0.000e+00  0.000e+00  0.000e+00  0.000e+00  0.000e+00  5.806e-06 
  0.000e+00  0.000e+00  0.000e+00  0.000e+00  0.000e+00  0.000e+00  0.000e+00  0.000e+00  0.000e+00  0.000e+00  0.000e+00 
  0.000e+00  0.000e+00  0.000e+00  0.000e+00  0.000e+00  0.000e+00  0.000e+00  0.000e+00  0.000e+00  0.000e+00  0.000e+00  0.000e+00  0.000e+00  0.000e+00  0.000e+00  0.000e+00  1.643e-06 
  0.000e+00  0.000e+00  0.000e+00  0.000e+00  0.000e+00  0.000e+00  0.000e+00  0.000e+00  0.000e+00  0.000e+00  0.000e+00 
  0.000e+00  0.000e+00  0.000e+00  0.000e+00  0.000e+00  0.000e+00  0.000e+00  0.000e+00  0.000e+00  0.000e+00  0.000e+00  0.000e+00  0.000e+00  0.000e+00  0.000e+00  0.000e+00  0.000e+00  1.684e-06 
  0.000e+00  0.000e+00  0.000e+00  0.000e+00  0.000e+00  0.000e+00  0.000e+00  0.000e+00  0.000e+00  0.000e+00  0.000e+00 
  0.000e+00  0.000e+00  0.000e+00  0.000e+00  0.000e+00  0.000e+00  0.000e+00  0.000e+00  0.000e+00  0.000e+00  0.000e+00  0.000e+00  0.000e+00  0.000e+00  0.000e+00  0.000e+00  0.000e+00  0.000e+00  2.000e+00 
  0.000e+00  0.000e+00  0.000e+00  0.000e+00  0.000e+00  0.000e+00  0.000e+00  0.000e+00  0.000e+00  0.000e+00  0.000e+00 
  0.000e+00  0.000e+00  0.000e+00  0.000e+00  0.000e+00  0.000e+00  0.000e+00  0.000e+00  0.000e+00  0.000e+00  0.000e+00  0.000e+00  0.000e+00  0.000e+00  0.000e+00  0.000e+00  0.000e+00  0.000e+00  0.000e+00  2.000e+00 
ERR MATRIX APPROXIMATE
 PARAMETER  CORRELATION COEFFICIENTS  
       NO.  GLOBAL      1      3      4      6      8      9     10     11     13     14     16     20     21     22     23     24
        1  0.00000   1.000  0.000  0.000  0.000  0.000  0.000  0.000  0.000  0.000  0.000  0.000  0.000  0.000  0.000  0.000  0.000
        3  0.00000   0.000  1.000  0.000  0.000  0.000  0.000  0.000  0.000  0.000  0.000  0.000  0.000  0.000  0.000  0.000  0.000
        4  0.00000   0.000  0.000  1.000  0.000  0.000  0.000  0.000  0.000  0.000  0.000  0.000  0.000  0.000  0.000  0.000  0.000
        6  0.00000   0.000  0.000  0.000  1.000  0.000  0.000  0.000  0.000  0.000  0.000  0.000  0.000  0.000  0.000  0.000  0.000
        8  0.00000   0.000  0.000  0.000  0.000  1.000  0.000  0.000  0.000  0.000  0.000  0.000  0.000  0.000  0.000  0.000  0.000
        9  0.00000   0.000  0.000  0.000  0.000  0.000  1.000  0.000  0.000  0.000  0.000  0.000  0.000  0.000  0.000  0.000  0.000
       10  0.00000   0.000  0.000  0.000  0.000  0.000  0.000  1.000  0.000  0.000  0.000  0.000  0.000  0.000  0.000  0.000  0.000
       11  0.00000   0.000  0.000  0.000  0.000  0.000  0.000  0.000  1.000  0.000  0.000  0.000  0.000  0.000  0.000  0.000  0.000
       13  0.00000   0.000  0.000  0.000  0.000  0.000  0.000  0.000  0.000  1.000  0.000  0.000  0.000  0.000  0.000  0.000  0.000
       14  0.00000   0.000  0.000  0.000  0.000  0.000  0.000  0.000  0.000  0.000  1.000  0.000  0.000  0.000  0.000  0.000  0.000
       16  0.00000   0.000  0.000  0.000  0.000  0.000  0.000  0.000  0.000  0.000  0.000  1.000  0.000  0.000  0.000  0.000  0.000
       20  0.00000   0.000  0.000  0.000  0.000  0.000  0.000  0.000  0.000  0.000  0.000  0.000  1.000  0.000  0.000  0.000  0.000
       21  0.00000   0.000  0.000  0.000  0.000  0.000  0.000  0.000  0.000  0.000  0.000  0.000  0.000  1.000  0.000  0.000  0.000
       22  0.00000   0.000  0.000  0.000  0.000  0.000  0.000  0.000  0.000  0.000  0.000  0.000  0.000  0.000  1.000  0.000  0.000
       23  0.00000   0.000  0.000  0.000  0.000  0.000  0.000  0.000  0.000  0.000  0.000  0.000  0.000  0.000  0.000  1.000  0.000
       24  0.00000   0.000  0.000  0.000  0.000  0.000  0.000  0.000  0.000  0.000  0.000  0.000  0.000  0.000  0.000  0.000  1.000
       25  0.00000   0.000  0.000  0.000  0.000  0.000  0.000  0.000  0.000  0.000  0.000  0.000  0.000  0.000  0.000  0.000  0.000
                     1.000  0.000  0.000  0.000
       27  0.00000   0.000  0.000  0.000  0.000  0.000  0.000  0.000  0.000  0.000  0.000  0.000  0.000  0.000  0.000  0.000  0.000
                     0.000  1.000  0.000  0.000
       28  0.00000   0.000  0.000  0.000  0.000  0.000  0.000  0.000  0.000  0.000  0.000  0.000  0.000  0.000  0.000  0.000  0.000
                     0.000  0.000  1.000  0.000
       30  0.00000   0.000  0.000  0.000  0.000  0.000  0.000  0.000  0.000  0.000  0.000  0.000  0.000  0.000  0.000  0.000  0.000
                     0.000  0.000  0.000  1.000
 ERR MATRIX APPROXIMATE
 **********
 **   87 **MINO      2.5e+04
 **********
  MNHESS FAILS AND WILL RETURN DIAGONAL MATRIX. 
    THE POSITIVE MINOS ERROR OF PARAMETER  20, T_CBO EXCEEDS ITS LIMIT.
    THE NEGATIVE MINOS ERROR OF PARAMETER  20, T_CBO EXCEEDS ITS LIMIT.
                         POSITIVE MINOS ERROR NOT CALCULATED FOR PARAMETER 28
                         NEGATIVE MINOS ERROR NOT CALCULATED FOR PARAMETER 28
                         POSITIVE MINOS ERROR NOT CALCULATED FOR PARAMETER 30
                         NEGATIVE MINOS ERROR NOT CALCULATED FOR PARAMETER 30
 FCN=63.1101 FROM MINOS     STATUS=PROBLEMS    10866 CALLS       19580 TOTAL
                     EDM=3.13404e-08    STRATEGY= 1  ERROR MATRIX UNCERTAINTY 100.0 per cent
  EXT PARAMETER                  PARABOLIC         MINOS ERRORS        
  NO.   NAME      VALUE            ERROR      NEGATIVE      POSITIVE   
   1  N0           1.44343e+06   6.58177e+02  -7.04882e+02   7.04888e+02
   2  tau          6.43912e+01   constant   
   3  A0           3.57412e-01   6.11679e-04  -6.54712e-04   6.54736e-04
   4  phi          4.11759e+00   1.71492e-03  -1.79496e-03   1.79509e-03
   5  R           -6.11300e+01   constant   
   6  alpha_CBO   -1.18146e-03   1.26758e-03  -1.34605e-03   1.34591e-03
   7  w_CBO        2.32643e+00   constant   
   8  beta_CBO    -3.76847e-03   1.31301e-03  -1.35829e-03   1.35831e-03
   9  alpha_2CBO   1.30991e-03   1.29862e-03  -1.33912e-03   1.33924e-03
  10  beta_2CBO    7.58686e-04   1.28096e-03  -1.31425e-03   1.31433e-03
  11  alpha_y     -6.20237e-04   1.29215e-03  -1.40786e-03   1.40792e-03
  12  w_y          1.38965e+01   constant   
  13  beta_y      -1.91424e-03   1.28727e-03  -1.40098e-03   1.40082e-03
  14  alpha_vw     7.01734e-04   1.29063e-03  -1.39449e-03   1.39461e-03
  15  w_vw         1.43195e+01   constant   
  16  beta_vw     -1.74120e-03   1.28877e-03  -1.41626e-03   1.41621e-03
  17  LM          -4.86461e-04   constant   
  18  zeta_y       0.00000e+00   constant   
  19  zeta_vw      0.00000e+00   constant   
  20  T_CBO        1.00000e+02   9.60674e+02   at limit      at limit   
  21  alpha_A0    -6.36284e-04   2.29230e-03  -2.42637e-03   2.42579e-03
  22  beta_A0     -1.20543e-03   2.57134e-03  -2.71705e-03   2.71913e-03
  23  alpha_phi   -5.70471e-04   2.44126e-03  -2.55564e-03   2.55484e-03
  24  beta_phi     6.30616e-04   2.40956e-03  -2.50897e-03   2.50805e-03
  25  alpha_vw_m_cbo  -1.79084e-03   1.28173e-03  -1.29110e-03   1.29129e-03
  26  w_vw_m_cbo   1.20584e+01   constant   
  27  beta_vw_m_cbo  -4.91098e-05   1.29782e-03  -1.30745e-03   1.30747e-03
  28  alpha_vw_p_cbo   0.00000e+00   1.41421e+00                            
  29  w_vw_p_cbo   1.59923e+01   constant   
  30  beta_vw_p_cbo   0.00000e+00   1.41421e+00                            
 **********
 **   88 **SHO COR 
 **********
 PARAMETER  CORRELATION COEFFICIENTS  
       NO.  GLOBAL      1      3      4      6      8      9     10     11     13     14     16     20     21     22     23     24
        1  0.00000   1.000  0.000  0.000  0.000  0.000  0.000  0.000  0.000  0.000  0.000  0.000  0.000  0.000  0.000  0.000  0.000
        3  0.00000   0.000  1.000  0.000  0.000  0.000  0.000  0.000  0.000  0.000  0.000  0.000  0.000  0.000  0.000  0.000  0.000
        4  0.00000   0.000  0.000  1.000  0.000  0.000  0.000  0.000  0.000  0.000  0.000  0.000  0.000  0.000  0.000  0.000  0.000
        6  0.00000   0.000  0.000  0.000  1.000  0.000  0.000  0.000  0.000  0.000  0.000  0.000  0.000  0.000  0.000  0.000  0.000
        8  0.00000   0.000  0.000  0.000  0.000  1.000  0.000  0.000  0.000  0.000  0.000  0.000  0.000  0.000  0.000  0.000  0.000
        9  0.00000   0.000  0.000  0.000  0.000  0.000  1.000  0.000  0.000  0.000  0.000  0.000  0.000  0.000  0.000  0.000  0.000
       10  0.00000   0.000  0.000  0.000  0.000  0.000  0.000  1.000  0.000  0.000  0.000  0.000  0.000  0.000  0.000  0.000  0.000
       11  0.00000   0.000  0.000  0.000  0.000  0.000  0.000  0.000  1.000  0.000  0.000  0.000  0.000  0.000  0.000  0.000  0.000
       13  0.00000   0.000  0.000  0.000  0.000  0.000  0.000  0.000  0.000  1.000  0.000  0.000  0.000  0.000  0.000  0.000  0.000
       14  0.00000   0.000  0.000  0.000  0.000  0.000  0.000  0.000  0.000  0.000  1.000  0.000  0.000  0.000  0.000  0.000  0.000
       16  0.00000   0.000  0.000  0.000  0.000  0.000  0.000  0.000  0.000  0.000  0.000  1.000  0.000  0.000  0.000  0.000  0.000
       20  0.00000   0.000  0.000  0.000  0.000  0.000  0.000  0.000  0.000  0.000  0.000  0.000  1.000  0.000  0.000  0.000  0.000
       21  0.00000   0.000  0.000  0.000  0.000  0.000  0.000  0.000  0.000  0.000  0.000  0.000  0.000  1.000  0.000  0.000  0.000
       22  0.00000   0.000  0.000  0.000  0.000  0.000  0.000  0.000  0.000  0.000  0.000  0.000  0.000  0.000  1.000  0.000  0.000
       23  0.00000   0.000  0.000  0.000  0.000  0.000  0.000  0.000  0.000  0.000  0.000  0.000  0.000  0.000  0.000  1.000  0.000
       24  0.00000   0.000  0.000  0.000  0.000  0.000  0.000  0.000  0.000  0.000  0.000  0.000  0.000  0.000  0.000  0.000  1.000
       25  0.00000   0.000  0.000  0.000  0.000  0.000  0.000  0.000  0.000  0.000  0.000  0.000  0.000  0.000  0.000  0.000  0.000
                     1.000  0.000  0.000  0.000
       27  0.00000   0.000  0.000  0.000  0.000  0.000  0.000  0.000  0.000  0.000  0.000  0.000  0.000  0.000  0.000  0.000  0.000
                     0.000  1.000  0.000  0.000
       28  0.00000   0.000  0.000  0.000  0.000  0.000  0.000  0.000  0.000  0.000  0.000  0.000  0.000  0.000  0.000  0.000  0.000
                     0.000  0.000  1.000  0.000
       30  0.00000   0.000  0.000  0.000  0.000  0.000  0.000  0.000  0.000  0.000  0.000  0.000  0.000  0.000  0.000  0.000  0.000
                     0.000  0.000  0.000  1.000
 ERR MATRIX APPROXIMATE
 ELEMENTS ABOVE DIAGONAL ARE NOT PRINTED.
