 + ++++++++++++++++++++++++++++++++++++++++++++++++++++++++++++++++++++ +
 +                                                                      +
 +           You have chose to blind your fitting according to          +
 +                omega_ref * (1 + (R +/- deltaR) *10^{-6})             +
 +                                                                      +
 + ++++++++++++++++++++++++++++++++++++++++++++++++++++++++++++++++++++ +
In main()...
reading format from /gm2data/zkhechad/run45/envelope/formats/formatB_sBin_constraintOn.txt
pBinTau 	= 0  
pBinPhi 	= 0  
constraintau 	= 1 
includeMopTerm 	= 0    
constrainMop    = 0   
Parameters after format file: pBinTau 0 pBinPhi 0 constraintau 1 includeMopTerm 0 constrainMop 0 c_e_scale 0.000000 
Opening file /gm2data/tbarrett/gm2fr/studies/run23_bunch_corrections/CorrectedFourier_Run3b.root.
reading reference data from /gm2data/zkhechad/cboTemplates/Run4CBOTemplates/templateFits3_floatBoth/noRF/sBin_constraintOn_cE0.0_seed0_noRF_calo17.root (fixing 5-param to these terms)
windowBins = 69
fitting sliding window 2100 from bin 2236 at 333.462000 to bin 2305 at 343.906000 (69 bins)

Reading data from /gm2data/cornell/histograms/aMethod/histogram_a_noRF.root
 **********
 **    1 **SET PRINTOUT            1
 **********
 **********
 **    2 **SET NOWARNINGS 
 **********
 PARAMETER DEFINITIONS:
    NO.   NAME         VALUE      STEP SIZE      LIMITS
     1 N0           3.18672e+06  1.00000e+02     no limits
     2 tau          6.44122e+01  constant
     3 A0           3.45292e-01  1.00000e-04     no limits
     4 phi          4.12005e+00  1.00000e-02     no limits
     5 R           -6.08678e+01  constant
     6 alpha_CBO    0.00000e+00  1.00000e-03     no limits
     7 w_CBO        2.32643e+00  constant
     8 beta_CBO     0.00000e+00  1.00000e-03     no limits
     9 alpha_2CBO   0.00000e+00  1.00000e-03     no limits
    10 beta_2CBO    0.00000e+00  1.00000e-03     no limits
    11 alpha_y      0.00000e+00  1.00000e-03     no limits
    12 w_y          1.38965e+01  constant
    13 beta_y       0.00000e+00  1.00000e-03     no limits
    14 alpha_vw     0.00000e+00  1.00000e-03     no limits
    15 w_vw         1.43195e+01  constant
    16 beta_vw      0.00000e+00  1.00000e-03     no limits
    17 LM           2.68593e-04  constant
    18 zeta_y       0.00000e+00  constant
    19 zeta_vw      0.00000e+00  constant
    20 T_CBO        1.00000e+02  1.00000e+00    0.00000e+00  1.00000e+03
    21 alpha_A0     0.00000e+00  1.00000e-03     no limits
    22 beta_A0      0.00000e+00  1.00000e-03     no limits
    23 alpha_phi    0.00000e+00  1.00000e-03     no limits
    24 beta_phi     0.00000e+00  1.00000e-03     no limits
    25 alpha_vw_m_cbo   0.00000e+00  1.00000e-03     no limits
    26 w_vw_m_cbo   1.20584e+01  constant
    27 beta_vw_m_cbo   0.00000e+00  1.00000e-03     no limits
    28 alpha_vw_p_cbo   0.00000e+00  1.00000e-04     no limits
    29 w_vw_p_cbo   1.59923e+01  constant
    30 beta_vw_p_cbo   0.00000e+00  1.00000e-04     no limits
MINUIT - FIT ONLY WIGGLE
 **********
 **    3 **FIX            5
 **********
 PARAMETER    5  IS CONSTANT.   IGNORED.
 **********
 **    4 **FIX            6
 **********
 **********
 **    5 **FIX            7
 **********
 PARAMETER    7  IS CONSTANT.   IGNORED.
 **********
 **    6 **FIX            8
 **********
 **********
 **    7 **FIX            9
 **********
 **********
 **    8 **FIX           10
 **********
 **********
 **    9 **FIX           11
 **********
 **********
 **   10 **FIX           12
 **********
 PARAMETER   12  IS CONSTANT.   IGNORED.
 **********
 **   11 **FIX           13
 **********
 **********
 **   12 **FIX           14
 **********
 **********
 **   13 **FIX           15
 **********
 PARAMETER   15  IS CONSTANT.   IGNORED.
 **********
 **   14 **FIX           16
 **********
 **********
 **   15 **MIGRAD
 **********
 FIRST CALL TO USER FUNCTION AT NEW START POINT, WITH IFLAG=4.
 START MIGRAD MINIMIZATION.  STRATEGY  1.  CONVERGENCE WHEN EDM .LT. 1.00e-04
 FCN=3.1573e+06 FROM MIGRAD    STATUS=INITIATE      849 CALLS         850 TOTAL
                     EDM= unknown      STRATEGY= 1      NO ERROR MATRIX       
  EXT PARAMETER               CURRENT GUESS       STEP         FIRST   
  NO.   NAME      VALUE            ERROR          SIZE      DERIVATIVE 
   1  N0           3.18672e+06   1.00000e+02   0.00000e+00   3.96312e+00
   2  tau          6.44122e+01   constant   
   3  A0           3.45292e-01   1.00000e-04   0.00000e+00   7.26782e+05
   4  phi          4.12005e+00   1.00000e-02   0.00000e+00  -2.48958e+05
   5  R           -6.08678e+01   constant   
   6  alpha_CBO    0.00000e+00     fixed    
   7  w_CBO        2.32643e+00   constant   
   8  beta_CBO     0.00000e+00     fixed    
   9  alpha_2CBO   0.00000e+00     fixed    
  10  beta_2CBO    0.00000e+00     fixed    
  11  alpha_y      0.00000e+00     fixed    
  12  w_y          1.38965e+01   constant   
  13  beta_y       0.00000e+00     fixed    
  14  alpha_vw     0.00000e+00     fixed    
  15  w_vw         1.43195e+01   constant   
  16  beta_vw      0.00000e+00     fixed    
  17  LM           2.68593e-04   constant   
  18  zeta_y       0.00000e+00   constant   
  19  zeta_vw      0.00000e+00   constant   
  20  T_CBO        1.00000e+02   1.00000e+00   0.00000e+00   0.00000e+00
  21  alpha_A0     0.00000e+00   1.00000e-03   0.00000e+00   4.34908e+05
  22  beta_A0      0.00000e+00   1.00000e-03   0.00000e+00  -5.97186e+04
  23  alpha_phi    0.00000e+00   1.00000e-03   0.00000e+00   1.64187e+05
  24  beta_phi     0.00000e+00   1.00000e-03   0.00000e+00   4.82175e+05
  25  alpha_vw_m_cbo   0.00000e+00   1.00000e-03   0.00000e+00  -5.61208e+04
  26  w_vw_m_cbo   1.20584e+01   constant   
  27  beta_vw_m_cbo   0.00000e+00   1.00000e-03   0.00000e+00   6.83877e+04
  28  alpha_vw_p_cbo   0.00000e+00   1.00000e-04   0.00000e+00   3.94437e+04
  29  w_vw_p_cbo   1.59923e+01   constant   
  30  beta_vw_p_cbo   0.00000e+00   1.00000e-04   0.00000e+00  -4.85658e+04
 MIGRAD MINIMIZATION HAS CONVERGED.
 FCN=61.6344 FROM MIGRAD    STATUS=CONVERGED    1159 CALLS        1160 TOTAL
                     EDM=6.35794e-06    STRATEGY= 1  ERROR MATRIX UNCERTAINTY   0.9 per cent
  EXT PARAMETER                                   STEP         FIRST   
  NO.   NAME      VALUE            ERROR          SIZE      DERIVATIVE 
   1  N0           1.59348e+06   9.60226e+02  -5.61997e+00  -1.62119e-06
   2  tau          6.44122e+01   constant   
   3  A0           3.44277e-01   7.64029e-04   4.94888e-06   1.94374e+00
   4  phi          4.12444e+00   1.55536e-03   6.05599e-06  -2.74321e+00
   5  R           -6.08678e+01   constant   
   6  alpha_CBO    0.00000e+00     fixed    
   7  w_CBO        2.32643e+00   constant   
   8  beta_CBO     0.00000e+00     fixed    
   9  alpha_2CBO   0.00000e+00     fixed    
  10  beta_2CBO    0.00000e+00     fixed    
  11  alpha_y      0.00000e+00     fixed    
  12  w_y          1.38965e+01   constant   
  13  beta_y       0.00000e+00     fixed    
  14  alpha_vw     0.00000e+00     fixed    
  15  w_vw         1.43195e+01   constant   
  16  beta_vw      0.00000e+00     fixed    
  17  LM           2.68593e-04   constant   
  18  zeta_y       0.00000e+00   constant   
  19  zeta_vw      0.00000e+00   constant   
  20  T_CBO        1.00000e+02   5.20646e+02  -0.00000e+00   0.00000e+00
  21  alpha_A0     5.16676e-03   3.32683e-03  -5.22461e-05  -4.30586e-01
  22  beta_A0      2.45728e-03   2.82053e-03   7.53793e-05   3.51737e-01
  23  alpha_phi   -7.09395e-04   3.14274e-03  -5.10575e-05  -2.99903e-01
  24  beta_phi    -1.34156e-03   3.50546e-03   7.37711e-05  -1.17501e+00
  25  alpha_vw_m_cbo   1.04147e-03   8.88516e-04   2.46151e-06  -4.84980e-01
  26  w_vw_m_cbo   1.20584e+01   constant   
  27  beta_vw_m_cbo   1.13404e-03   9.69225e-04  -2.62144e-05  -8.01471e-01
  28  alpha_vw_p_cbo  -2.12363e-03   8.50032e-04  -9.10146e-06  -1.52119e-01
  29  w_vw_p_cbo   1.59923e+01   constant   
  30  beta_vw_p_cbo  -7.29777e-04   9.16231e-04   1.10733e-05  -8.70923e-02
 EXTERNAL ERROR MATRIX.    NDIM=  31    NPAR= 12    ERR DEF=1
 ELEMENTS ABOVE DIAGONAL ARE NOT PRINTED.
  9.220e+05 
 -9.827e-02  5.837e-07 
  1.534e-01  3.342e-07  2.419e-06 
  0.000e+00  0.000e+00  0.000e+00  1.800e+05 
 -7.820e-01  4.880e-07 -6.090e-07  0.000e+00  1.107e-05 
  5.279e-02  7.358e-08  6.187e-07  0.000e+00  1.187e-08  7.955e-06 
 -1.967e-01 -9.842e-08 -6.689e-07  0.000e+00 -1.030e-07  2.453e-07  9.877e-06 
 -9.216e-01  5.588e-07 -1.157e-06  0.000e+00  1.873e-06  5.357e-07 -8.762e-08  1.229e-05 
  7.227e-04  4.166e-08  1.257e-07  0.000e+00  3.042e-07  7.937e-07  3.516e-07 -2.444e-07  7.895e-07 
 -3.059e-02 -1.042e-07 -2.324e-07  0.000e+00  5.823e-07 -9.827e-07  4.606e-07 -4.716e-07 -7.921e-08  9.394e-07 
 -2.211e-02 -4.848e-09 -2.761e-08  0.000e+00  4.256e-07  1.094e-07  5.446e-07 -2.739e-07  7.331e-08  7.459e-08  7.226e-07 
  5.646e-03  6.540e-08  1.701e-07  0.000e+00  6.562e-08  1.048e-06  2.332e-07 -1.579e-08  1.706e-07 -1.702e-07  4.383e-08 
  5.646e-03  6.540e-08  1.701e-07  0.000e+00  6.562e-08  1.048e-06  2.332e-07 -1.579e-08  1.706e-07 -1.702e-07  4.383e-08  8.395e-07 
 PARAMETER  CORRELATION COEFFICIENTS  
       NO.  GLOBAL      1      3      4     20     21     22     23     24     25     27     28     30
        1  0.35510   1.000 -0.134  0.103  0.000 -0.245  0.019 -0.065 -0.274  0.001 -0.033 -0.027  0.006
        3  0.45979  -0.134  1.000  0.281  0.000  0.192  0.034 -0.041  0.209  0.061 -0.141 -0.007  0.093
        4  0.46804   0.103  0.281  1.000  0.000 -0.118  0.141 -0.137 -0.212  0.091 -0.154 -0.021  0.119
       20  0.00000   0.000  0.000  0.000  1.000  0.000  0.000  0.000  0.000  0.000  0.000  0.000  0.000
       21  0.43472  -0.245  0.192 -0.118  0.000  1.000  0.001 -0.010  0.161  0.103  0.181  0.150  0.022
       22  0.55600   0.019  0.034  0.141  0.000  0.001  1.000  0.028  0.054  0.317 -0.359  0.046  0.406
       23  0.33348  -0.065 -0.041 -0.137  0.000 -0.010  0.028  1.000 -0.008  0.126  0.151  0.204  0.081
       24  0.46401  -0.274  0.209 -0.212  0.000  0.161  0.054 -0.008  1.000 -0.078 -0.139 -0.092 -0.005
       25  0.38485   0.001  0.061  0.091  0.000  0.103  0.317  0.126 -0.078  1.000 -0.092  0.097  0.210
       27  0.48604  -0.033 -0.141 -0.154  0.000  0.181 -0.359  0.151 -0.139 -0.092  1.000  0.091 -0.192
       28  0.28822  -0.027 -0.007 -0.021  0.000  0.150  0.046  0.204 -0.092  0.097  0.091  1.000  0.056
       30  0.43377   0.006  0.093  0.119  0.000  0.022  0.406  0.081 -0.005  0.210 -0.192  0.056  1.000
MINUIT - FIT ONLY 1-CBO + wiggle
 **********
 **   16 **RES 
 **********
                   PARAMETER   16  beta_vw RESTORED TO VARIABLE.
                   PARAMETER   14  alpha_vw RESTORED TO VARIABLE.
                   PARAMETER   13  beta_y RESTORED TO VARIABLE.
                   PARAMETER   11  alpha_y RESTORED TO VARIABLE.
                   PARAMETER   10  beta_2CBO RESTORED TO VARIABLE.
                   PARAMETER    9  alpha_2CBO RESTORED TO VARIABLE.
                   PARAMETER    8  beta_CBO RESTORED TO VARIABLE.
                   PARAMETER    6  alpha_CBO RESTORED TO VARIABLE.
 **********
 **   17 **FIX            8
 **********
 **********
 **   18 **FIX            9
 **********
 **********
 **   19 **FIX           11
 **********
 **********
 **   20 **FIX           12
 **********
 PARAMETER   12  IS CONSTANT.   IGNORED.
 **********
 **   21 **FIX           14
 **********
 **********
 **   22 **FIX           15
 **********
 PARAMETER   15  IS CONSTANT.   IGNORED.
 **********
 **   23 **FIX           16
 **********
 **********
 **   24 **MIGRAD
 **********
 START MIGRAD MINIMIZATION.  STRATEGY  1.  CONVERGENCE WHEN EDM .LT. 1.00e-04
 FCN=61.6344 FROM MIGRAD    STATUS=INITIATE     1225 CALLS        2385 TOTAL
                     EDM= unknown      STRATEGY= 1      NO ERROR MATRIX       
  EXT PARAMETER               CURRENT GUESS       STEP         FIRST   
  NO.   NAME      VALUE            ERROR          SIZE      DERIVATIVE 
   1  N0           1.59348e+06   9.60226e+02   0.00000e+00  -1.62119e-06
   2  tau          6.44122e+01   constant   
   3  A0           3.44277e-01   7.64029e-04   0.00000e+00   1.94374e+00
   4  phi          4.12444e+00   1.55536e-03   0.00000e+00  -2.74321e+00
   5  R           -6.08678e+01   constant   
   6  alpha_CBO    0.00000e+00   1.00000e-03   0.00000e+00  -3.86286e+02
   7  w_CBO        2.32643e+00   constant   
   8  beta_CBO     0.00000e+00     fixed    
   9  alpha_2CBO   0.00000e+00     fixed    
  10  beta_2CBO    0.00000e+00   1.00000e-03   0.00000e+00  -4.55166e+02
  11  alpha_y      0.00000e+00     fixed    
  12  w_y          1.38965e+01   constant   
  13  beta_y       0.00000e+00   1.00000e-03   0.00000e+00  -1.19479e+03
  14  alpha_vw     0.00000e+00     fixed    
  15  w_vw         1.43195e+01   constant   
  16  beta_vw      0.00000e+00     fixed    
  17  LM           2.68593e-04   constant   
  18  zeta_y       0.00000e+00   constant   
  19  zeta_vw      0.00000e+00   constant   
  20  T_CBO        1.00000e+02   5.20646e+02   0.00000e+00   0.00000e+00
  21  alpha_A0     5.16676e-03   3.32683e-03   0.00000e+00  -4.30586e-01
  22  beta_A0      2.45728e-03   2.82053e-03   0.00000e+00   3.51737e-01
  23  alpha_phi   -7.09395e-04   3.14274e-03   0.00000e+00  -2.99904e-01
  24  beta_phi    -1.34156e-03   3.50546e-03   0.00000e+00  -1.17501e+00
  25  alpha_vw_m_cbo   1.04147e-03   8.88516e-04   0.00000e+00  -4.84980e-01
  26  w_vw_m_cbo   1.20584e+01   constant   
  27  beta_vw_m_cbo   1.13404e-03   9.69225e-04   0.00000e+00  -8.01471e-01
  28  alpha_vw_p_cbo  -2.12363e-03   8.50032e-04   0.00000e+00  -1.52119e-01
  29  w_vw_p_cbo   1.59923e+01   constant   
  30  beta_vw_p_cbo  -7.29777e-04   9.16231e-04   0.00000e+00  -8.70923e-02
 MIGRAD MINIMIZATION HAS CONVERGED.
 MIGRAD WILL VERIFY CONVERGENCE AND ERROR MATRIX.
  MNHESS FAILS AND WILL RETURN DIAGONAL MATRIX. 
 FCN=60.4766 FROM MIGRAD    STATUS=CONVERGED    1367 CALLS        2527 TOTAL
                     EDM=2.97321e-06    STRATEGY= 1  ERROR MATRIX UNCERTAINTY 100.0 per cent
  EXT PARAMETER                APPROXIMATE        STEP         FIRST   
  NO.   NAME      VALUE            ERROR          SIZE      DERIVATIVE 
   1  N0           1.59345e+06   8.96714e+02   3.39263e+00  -2.18875e-06
   2  tau          6.44122e+01   constant   
   3  A0           3.44205e-01   7.66572e-04   2.93480e-06   1.55219e+00
   4  phi          4.12433e+00   2.34569e-03   8.98032e-06  -3.65059e-01
   5  R           -6.08678e+01   constant   
   6  alpha_CBO    5.52288e-04   1.59313e-03   6.09925e-06   8.35089e-02
   7  w_CBO        2.32643e+00   constant   
   8  beta_CBO     0.00000e+00     fixed    
   9  alpha_2CBO   0.00000e+00     fixed    
  10  beta_2CBO    6.43360e-04   1.60500e-03   6.14468e-06   1.35076e-01
  11  alpha_y      0.00000e+00     fixed    
  12  w_y          1.38965e+01   constant   
  13  beta_y       1.51461e-03   1.58748e-03   6.07762e-06  -1.25930e-01
  14  alpha_vw     0.00000e+00     fixed    
  15  w_vw         1.43195e+01   constant   
  16  beta_vw      0.00000e+00     fixed    
  17  LM           2.68593e-04   constant   
  18  zeta_y       0.00000e+00   constant   
  19  zeta_vw      0.00000e+00   constant   
  20  T_CBO        1.00000e+02   7.59439e+02  -0.00000e+00   0.00000e+00
  21  alpha_A0     5.13126e-03   3.24955e-03  -9.64460e-06   1.57465e-01
  22  beta_A0      2.21464e-03   3.05507e-03  -5.57691e-07  -1.34409e-01
  23  alpha_phi   -7.06164e-04   3.21032e-03   1.32673e-06  -1.43023e-01
  24  beta_phi    -1.45561e-03   3.43576e-03  -1.44503e-05  -6.61054e-02
  25  alpha_vw_m_cbo   1.00891e-03   1.58722e-03   8.77959e-07  -3.48645e-01
  26  w_vw_m_cbo   1.20584e+01   constant   
  27  beta_vw_m_cbo   1.09504e-03   1.59628e-03   2.36242e-06  -4.63464e-01
  28  alpha_vw_p_cbo  -2.06228e-03   1.59838e-03  -2.92821e-06   9.68755e-02
  29  w_vw_p_cbo   1.59923e+01   constant   
  30  beta_vw_p_cbo  -5.93798e-04   1.58517e-03  -7.03381e-06  -5.33667e-01
 EXTERNAL ERROR MATRIX.    NDIM=  31    NPAR= 15    ERR DEF=1
 ELEMENTS ABOVE DIAGONAL ARE NOT PRINTED.
  8.041e+05 
  0.000e+00  5.876e-07 
  0.000e+00  0.000e+00  5.502e-06 
  0.000e+00  0.000e+00  0.000e+00  2.538e-06 
  0.000e+00  0.000e+00  0.000e+00  0.000e+00  2.576e-06 
  0.000e+00  0.000e+00  0.000e+00  0.000e+00  0.000e+00  2.520e-06 
  0.000e+00  0.000e+00  0.000e+00  0.000e+00  0.000e+00  0.000e+00  5.421e+05 
  0.000e+00  0.000e+00  0.000e+00  0.000e+00  0.000e+00  0.000e+00  0.000e+00  1.056e-05 
  0.000e+00  0.000e+00  0.000e+00  0.000e+00  0.000e+00  0.000e+00  0.000e+00  0.000e+00  9.333e-06 
  0.000e+00  0.000e+00  0.000e+00  0.000e+00  0.000e+00  0.000e+00  0.000e+00  0.000e+00  0.000e+00  1.031e-05 
  0.000e+00  0.000e+00  0.000e+00  0.000e+00  0.000e+00  0.000e+00  0.000e+00  0.000e+00  0.000e+00  0.000e+00  1.180e-05 
  0.000e+00  0.000e+00  0.000e+00  0.000e+00  0.000e+00  0.000e+00  0.000e+00  0.000e+00  0.000e+00  0.000e+00  0.000e+00 
  0.000e+00  0.000e+00  0.000e+00  0.000e+00  0.000e+00  0.000e+00  0.000e+00  0.000e+00  0.000e+00  0.000e+00  0.000e+00  2.519e-06 
  0.000e+00  0.000e+00  0.000e+00  0.000e+00  0.000e+00  0.000e+00  0.000e+00  0.000e+00  0.000e+00  0.000e+00  0.000e+00 
  0.000e+00  0.000e+00  0.000e+00  0.000e+00  0.000e+00  0.000e+00  0.000e+00  0.000e+00  0.000e+00  0.000e+00  0.000e+00  0.000e+00  2.548e-06 
  0.000e+00  0.000e+00  0.000e+00  0.000e+00  0.000e+00  0.000e+00  0.000e+00  0.000e+00  0.000e+00  0.000e+00  0.000e+00 
  0.000e+00  0.000e+00  0.000e+00  0.000e+00  0.000e+00  0.000e+00  0.000e+00  0.000e+00  0.000e+00  0.000e+00  0.000e+00  0.000e+00  0.000e+00  2.555e-06 
  0.000e+00  0.000e+00  0.000e+00  0.000e+00  0.000e+00  0.000e+00  0.000e+00  0.000e+00  0.000e+00  0.000e+00  0.000e+00 
  0.000e+00  0.000e+00  0.000e+00  0.000e+00  0.000e+00  0.000e+00  0.000e+00  0.000e+00  0.000e+00  0.000e+00  0.000e+00  0.000e+00  0.000e+00  0.000e+00  2.513e-06 
ERR MATRIX APPROXIMATE
 PARAMETER  CORRELATION COEFFICIENTS  
       NO.  GLOBAL      1      3      4      6     10     13     20     21     22     23     24     25     27     28     30
        1  0.00000   1.000  0.000  0.000  0.000  0.000  0.000  0.000  0.000  0.000  0.000  0.000  0.000  0.000  0.000  0.000
        3  0.00000   0.000  1.000  0.000  0.000  0.000  0.000  0.000  0.000  0.000  0.000  0.000  0.000  0.000  0.000  0.000
        4  0.00000   0.000  0.000  1.000  0.000  0.000  0.000  0.000  0.000  0.000  0.000  0.000  0.000  0.000  0.000  0.000
        6  0.00000   0.000  0.000  0.000  1.000  0.000  0.000  0.000  0.000  0.000  0.000  0.000  0.000  0.000  0.000  0.000
       10  0.00000   0.000  0.000  0.000  0.000  1.000  0.000  0.000  0.000  0.000  0.000  0.000  0.000  0.000  0.000  0.000
       13  0.00000   0.000  0.000  0.000  0.000  0.000  1.000  0.000  0.000  0.000  0.000  0.000  0.000  0.000  0.000  0.000
       20  0.00000   0.000  0.000  0.000  0.000  0.000  0.000  1.000  0.000  0.000  0.000  0.000  0.000  0.000  0.000  0.000
       21  0.00000   0.000  0.000  0.000  0.000  0.000  0.000  0.000  1.000  0.000  0.000  0.000  0.000  0.000  0.000  0.000
       22  0.00000   0.000  0.000  0.000  0.000  0.000  0.000  0.000  0.000  1.000  0.000  0.000  0.000  0.000  0.000  0.000
       23  0.00000   0.000  0.000  0.000  0.000  0.000  0.000  0.000  0.000  0.000  1.000  0.000  0.000  0.000  0.000  0.000
       24  0.00000   0.000  0.000  0.000  0.000  0.000  0.000  0.000  0.000  0.000  0.000  1.000  0.000  0.000  0.000  0.000
       25  0.00000   0.000  0.000  0.000  0.000  0.000  0.000  0.000  0.000  0.000  0.000  0.000  1.000  0.000  0.000  0.000
       27  0.00000   0.000  0.000  0.000  0.000  0.000  0.000  0.000  0.000  0.000  0.000  0.000  0.000  1.000  0.000  0.000
       28  0.00000   0.000  0.000  0.000  0.000  0.000  0.000  0.000  0.000  0.000  0.000  0.000  0.000  0.000  1.000  0.000
       30  0.00000   0.000  0.000  0.000  0.000  0.000  0.000  0.000  0.000  0.000  0.000  0.000  0.000  0.000  0.000  1.000
 ERR MATRIX APPROXIMATE
MINUIT - FIT ONLY 2-CBO
 **********
 **   25 **RES 
 **********
                   PARAMETER   16  beta_vw RESTORED TO VARIABLE.
                   PARAMETER   14  alpha_vw RESTORED TO VARIABLE.
                   PARAMETER   11  alpha_y RESTORED TO VARIABLE.
                   PARAMETER    9  alpha_2CBO RESTORED TO VARIABLE.
                   PARAMETER    8  beta_CBO RESTORED TO VARIABLE.
 **********
 **   26 **FIX            0
 **********
 PARAMETER    0  IS UNDEFINED. IGNORED.
 **********
 **   27 **FIX            1
 **********
 **********
 **   28 **FIX            2
 **********
 PARAMETER    2  IS CONSTANT.   IGNORED.
 **********
 **   29 **FIX            3
 **********
 **********
 **   30 **FIX            4
 **********
 **********
 **   31 **FIX            5
 **********
 PARAMETER    5  IS CONSTANT.   IGNORED.
 **********
 **   32 **FIX            6
 **********
 **********
 **   33 **FIX            7
 **********
 PARAMETER    7  IS CONSTANT.   IGNORED.
 **********
 **   34 **FIX           10
 **********
 **********
 **   35 **FIX           11
 **********
 **********
 **   36 **FIX           12
 **********
 PARAMETER   12  IS CONSTANT.   IGNORED.
 **********
 **   37 **FIX           13
 **********
 **********
 **   38 **FIX           14
 **********
 **********
 **   39 **FIX           15
 **********
 PARAMETER   15  IS CONSTANT.   IGNORED.
 **********
 **   40 **FIX           16
 **********
 **********
 **   41 **MIGRAD
 **********
 START MIGRAD MINIMIZATION.  STRATEGY  1.  CONVERGENCE WHEN EDM .LT. 1.00e-04
 FCN=60.4766 FROM MIGRAD    STATUS=INITIATE      719 CALLS        3246 TOTAL
                     EDM= unknown      STRATEGY= 1      NO ERROR MATRIX       
  EXT PARAMETER               CURRENT GUESS       STEP         FIRST   
  NO.   NAME      VALUE            ERROR          SIZE      DERIVATIVE 
   1  N0           1.59345e+06     fixed    
   2  tau          6.44122e+01   constant   
   3  A0           3.44205e-01     fixed    
   4  phi          4.12433e+00     fixed    
   5  R           -6.08678e+01   constant   
   6  alpha_CBO    5.52288e-04     fixed    
   7  w_CBO        2.32643e+00   constant   
   8  beta_CBO     0.00000e+00   1.00000e-03   0.00000e+00  -4.51204e+03
   9  alpha_2CBO   0.00000e+00   1.00000e-03   0.00000e+00  -1.37334e+02
  10  beta_2CBO    6.43360e-04     fixed    
  11  alpha_y      0.00000e+00     fixed    
  12  w_y          1.38965e+01   constant   
  13  beta_y       1.51461e-03     fixed    
  14  alpha_vw     0.00000e+00     fixed    
  15  w_vw         1.43195e+01   constant   
  16  beta_vw      0.00000e+00     fixed    
  17  LM           2.68593e-04   constant   
  18  zeta_y       0.00000e+00   constant   
  19  zeta_vw      0.00000e+00   constant   
  20  T_CBO        1.00000e+02   7.59439e+02   0.00000e+00   0.00000e+00
  21  alpha_A0     5.13126e-03   3.24955e-03   0.00000e+00   1.57465e-01
  22  beta_A0      2.21464e-03   3.05507e-03   0.00000e+00  -1.34409e-01
  23  alpha_phi   -7.06164e-04   3.21032e-03   0.00000e+00  -1.43024e-01
  24  beta_phi    -1.45561e-03   3.43576e-03   0.00000e+00  -6.61068e-02
  25  alpha_vw_m_cbo   1.00891e-03   1.58722e-03   0.00000e+00  -3.48645e-01
  26  w_vw_m_cbo   1.20584e+01   constant   
  27  beta_vw_m_cbo   1.09504e-03   1.59628e-03   0.00000e+00  -4.63464e-01
  28  alpha_vw_p_cbo  -2.06228e-03   1.59838e-03   0.00000e+00   9.68755e-02
  29  w_vw_p_cbo   1.59923e+01   constant   
  30  beta_vw_p_cbo  -5.93798e-04   1.58517e-03   0.00000e+00  -5.33667e-01
 MIGRAD MINIMIZATION HAS CONVERGED.
 MIGRAD WILL VERIFY CONVERGENCE AND ERROR MATRIX.
  MNHESS FAILS AND WILL RETURN DIAGONAL MATRIX. 
 FCN=47.4588 FROM MIGRAD    STATUS=CONVERGED     820 CALLS        3347 TOTAL
                     EDM=6.73377e-07    STRATEGY= 1  ERROR MATRIX UNCERTAINTY 100.0 per cent
  EXT PARAMETER                APPROXIMATE        STEP         FIRST   
  NO.   NAME      VALUE            ERROR          SIZE      DERIVATIVE 
   1  N0           1.59345e+06     fixed    
   2  tau          6.44122e+01   constant   
   3  A0           3.44205e-01     fixed    
   4  phi          4.12433e+00     fixed    
   5  R           -6.08678e+01   constant   
   6  alpha_CBO    5.52288e-04     fixed    
   7  w_CBO        2.32643e+00   constant   
   8  beta_CBO     5.76657e-03   1.59027e-03   5.40540e-06   1.46990e-02
   9  alpha_2CBO   1.16473e-04   1.57875e-03   5.36624e-06  -6.41006e-01
  10  beta_2CBO    6.43360e-04     fixed    
  11  alpha_y      0.00000e+00     fixed    
  12  w_y          1.38965e+01   constant   
  13  beta_y       1.51461e-03     fixed    
  14  alpha_vw     0.00000e+00     fixed    
  15  w_vw         1.43195e+01   constant   
  16  beta_vw      0.00000e+00     fixed    
  17  LM           2.68593e-04   constant   
  18  zeta_y       0.00000e+00   constant   
  19  zeta_vw      0.00000e+00   constant   
  20  T_CBO        1.00000e+02   9.44762e+02  -0.00000e+00   0.00000e+00
  21  alpha_A0     4.85870e-03   3.24977e-03  -1.00768e-05   6.45480e-02
  22  beta_A0      1.32250e-03   3.05596e-03   6.04799e-06  -6.15253e-02
  23  alpha_phi   -6.21593e-04   3.21021e-03  -9.69302e-06  -1.64209e-01
  24  beta_phi    -7.97533e-04   3.43511e-03   9.44992e-06  -1.06038e-01
  25  alpha_vw_m_cbo   1.10462e-03   1.58719e-03  -2.54263e-06  -1.72021e-01
  26  w_vw_m_cbo   1.20584e+01   constant   
  27  beta_vw_m_cbo   1.05186e-03   1.59624e-03  -3.37237e-07  -3.05922e-01
  28  alpha_vw_p_cbo  -2.05301e-03   1.59834e-03  -1.24977e-06  -2.25133e-01
  29  w_vw_p_cbo   1.59923e+01   constant   
  30  beta_vw_p_cbo  -4.91376e-04   1.58513e-03  -1.75017e-06   1.48649e-02
 EXTERNAL ERROR MATRIX.    NDIM=  31    NPAR= 11    ERR DEF=1
  2.529e-06 
  0.000e+00  2.492e-06 
  0.000e+00  0.000e+00  1.153e+06 
  0.000e+00  0.000e+00  0.000e+00  1.056e-05 
  0.000e+00  0.000e+00  0.000e+00  0.000e+00  9.339e-06 
  0.000e+00  0.000e+00  0.000e+00  0.000e+00  0.000e+00  1.031e-05 
  0.000e+00  0.000e+00  0.000e+00  0.000e+00  0.000e+00  0.000e+00  1.180e-05 
  0.000e+00  0.000e+00  0.000e+00  0.000e+00  0.000e+00  0.000e+00  0.000e+00  2.519e-06 
  0.000e+00  0.000e+00  0.000e+00  0.000e+00  0.000e+00  0.000e+00  0.000e+00  0.000e+00  2.548e-06 
  0.000e+00  0.000e+00  0.000e+00  0.000e+00  0.000e+00  0.000e+00  0.000e+00  0.000e+00  0.000e+00  2.555e-06 
  0.000e+00  0.000e+00  0.000e+00  0.000e+00  0.000e+00  0.000e+00  0.000e+00  0.000e+00  0.000e+00  0.000e+00  2.513e-06 
ERR MATRIX APPROXIMATE
 PARAMETER  CORRELATION COEFFICIENTS  
       NO.  GLOBAL      8      9     20     21     22     23     24     25     27     28     30
        8  0.00000   1.000  0.000  0.000  0.000  0.000  0.000  0.000  0.000  0.000  0.000  0.000
        9  0.00000   0.000  1.000  0.000  0.000  0.000  0.000  0.000  0.000  0.000  0.000  0.000
       20  0.00000   0.000  0.000  1.000  0.000  0.000  0.000  0.000  0.000  0.000  0.000  0.000
       21  0.00000   0.000  0.000  0.000  1.000  0.000  0.000  0.000  0.000  0.000  0.000  0.000
       22  0.00000   0.000  0.000  0.000  0.000  1.000  0.000  0.000  0.000  0.000  0.000  0.000
       23  0.00000   0.000  0.000  0.000  0.000  0.000  1.000  0.000  0.000  0.000  0.000  0.000
       24  0.00000   0.000  0.000  0.000  0.000  0.000  0.000  1.000  0.000  0.000  0.000  0.000
       25  0.00000   0.000  0.000  0.000  0.000  0.000  0.000  0.000  1.000  0.000  0.000  0.000
       27  0.00000   0.000  0.000  0.000  0.000  0.000  0.000  0.000  0.000  1.000  0.000  0.000
       28  0.00000   0.000  0.000  0.000  0.000  0.000  0.000  0.000  0.000  0.000  1.000  0.000
       30  0.00000   0.000  0.000  0.000  0.000  0.000  0.000  0.000  0.000  0.000  0.000  1.000
 ERR MATRIX APPROXIMATE
MINUIT - FIT wiggle + 1-CBO + 2-CBO
 **********
 **   42 **RES 
 **********
                   PARAMETER   16  beta_vw RESTORED TO VARIABLE.
                   PARAMETER   14  alpha_vw RESTORED TO VARIABLE.
                   PARAMETER   13  beta_y RESTORED TO VARIABLE.
                   PARAMETER   11  alpha_y RESTORED TO VARIABLE.
                   PARAMETER   10  beta_2CBO RESTORED TO VARIABLE.
                   PARAMETER    6  alpha_CBO RESTORED TO VARIABLE.
                   PARAMETER    4  phi RESTORED TO VARIABLE.
                   PARAMETER    3  A0 RESTORED TO VARIABLE.
                   PARAMETER    1  N0 RESTORED TO VARIABLE.
 **********
 **   43 **FIX           10
 **********
 **********
 **   44 **FIX           11
 **********
 **********
 **   45 **FIX           12
 **********
 PARAMETER   12  IS CONSTANT.   IGNORED.
 **********
 **   46 **FIX           13
 **********
 **********
 **   47 **FIX           14
 **********
 **********
 **   48 **FIX           15
 **********
 PARAMETER   15  IS CONSTANT.   IGNORED.
 **********
 **   49 **FIX           16
 **********
 **********
 **   50 **MIGRAD
 **********
 START MIGRAD MINIMIZATION.  STRATEGY  1.  CONVERGENCE WHEN EDM .LT. 1.00e-04
 FCN=47.4588 FROM MIGRAD    STATUS=INITIATE     1219 CALLS        4566 TOTAL
                     EDM= unknown      STRATEGY= 1      NO ERROR MATRIX       
  EXT PARAMETER               CURRENT GUESS       STEP         FIRST   
  NO.   NAME      VALUE            ERROR          SIZE      DERIVATIVE 
   1  N0           1.59345e+06   8.96714e+02   0.00000e+00  -4.09245e-04
   2  tau          6.44122e+01   constant   
   3  A0           3.44205e-01   7.66572e-04   0.00000e+00  -2.18138e+02
   4  phi          4.12433e+00   2.34569e-03   0.00000e+00   7.09276e+02
   5  R           -6.08678e+01   constant   
   6  alpha_CBO    5.52288e-04   1.59313e-03   0.00000e+00   1.75876e+02
   7  w_CBO        2.32643e+00   constant   
   8  beta_CBO     5.76657e-03   1.59027e-03   0.00000e+00   1.46990e-02
   9  alpha_2CBO   1.16473e-04   1.57875e-03   0.00000e+00  -6.41006e-01
  10  beta_2CBO    6.43360e-04     fixed    
  11  alpha_y      0.00000e+00     fixed    
  12  w_y          1.38965e+01   constant   
  13  beta_y       1.51461e-03     fixed    
  14  alpha_vw     0.00000e+00     fixed    
  15  w_vw         1.43195e+01   constant   
  16  beta_vw      0.00000e+00     fixed    
  17  LM           2.68593e-04   constant   
  18  zeta_y       0.00000e+00   constant   
  19  zeta_vw      0.00000e+00   constant   
  20  T_CBO        1.00000e+02   9.44762e+02   0.00000e+00   0.00000e+00
  21  alpha_A0     4.85870e-03   3.24977e-03   0.00000e+00   6.45480e-02
  22  beta_A0      1.32250e-03   3.05596e-03   0.00000e+00  -6.15253e-02
  23  alpha_phi   -6.21593e-04   3.21021e-03   0.00000e+00  -1.64208e-01
  24  beta_phi    -7.97533e-04   3.43511e-03   0.00000e+00  -1.06037e-01
  25  alpha_vw_m_cbo   1.10462e-03   1.58719e-03   0.00000e+00  -1.72021e-01
  26  w_vw_m_cbo   1.20584e+01   constant   
  27  beta_vw_m_cbo   1.05186e-03   1.59624e-03   0.00000e+00  -3.05922e-01
  28  alpha_vw_p_cbo  -2.05301e-03   1.59834e-03   0.00000e+00  -2.25133e-01
  29  w_vw_p_cbo   1.59923e+01   constant   
  30  beta_vw_p_cbo  -4.91376e-04   1.58513e-03   0.00000e+00   1.48649e-02
 MIGRAD MINIMIZATION HAS CONVERGED.
 MIGRAD WILL VERIFY CONVERGENCE AND ERROR MATRIX.
  MNHESS FAILS AND WILL RETURN DIAGONAL MATRIX. 
 FCN=46.6809 FROM MIGRAD    STATUS=CONVERGED    1361 CALLS        4708 TOTAL
                     EDM=2.32736e-06    STRATEGY= 1  ERROR MATRIX UNCERTAINTY 100.0 per cent
  EXT PARAMETER                APPROXIMATE        STEP         FIRST   
  NO.   NAME      VALUE            ERROR          SIZE      DERIVATIVE 
   1  N0           1.59356e+06   8.96775e+02   2.98801e+00  -8.02882e-07
   2  tau          6.44122e+01   constant   
   3  A0           3.44247e-01   7.66532e-04   2.58447e-06   4.33296e-01
   4  phi          4.12225e+00   2.34548e-03   7.90804e-06  -2.90538e-02
   5  R           -6.08678e+01   constant   
   6  alpha_CBO    3.96441e-04   1.59291e-03   5.37072e-06  -1.96502e-01
   7  w_CBO        2.32643e+00   constant   
   8  beta_CBO     6.11328e-03   1.59012e-03   5.36130e-06  -2.16024e-01
   9  alpha_2CBO   4.18067e-05   1.57857e-03   5.32235e-06  -5.45505e-02
  10  beta_2CBO    6.43360e-04     fixed    
  11  alpha_y      0.00000e+00     fixed    
  12  w_y          1.38965e+01   constant   
  13  beta_y       1.51461e-03     fixed    
  14  alpha_vw     0.00000e+00     fixed    
  15  w_vw         1.43195e+01   constant   
  16  beta_vw      0.00000e+00     fixed    
  17  LM           2.68593e-04   constant   
  18  zeta_y       0.00000e+00   constant   
  19  zeta_vw      0.00000e+00   constant   
  20  T_CBO        1.00000e+02   8.96179e+02  -0.00000e+00   0.00000e+00
  21  alpha_A0     5.00559e-03   3.24893e-03   5.04683e-06  -4.20747e-02
  22  beta_A0      9.82834e-04   3.05499e-03   4.65175e-06  -3.76384e-01
  23  alpha_phi   -4.40732e-04   3.21007e-03   5.99370e-06  -4.85175e-01
  24  beta_phi    -9.69779e-04   3.43538e-03  -1.29675e-05  -1.30013e-01
  25  alpha_vw_m_cbo   1.09136e-03   1.58701e-03   3.13246e-07   6.16280e-01
  26  w_vw_m_cbo   1.20584e+01   constant   
  27  beta_vw_m_cbo   1.01526e-03   1.59606e-03   1.14233e-06  -2.74304e-02
  28  alpha_vw_p_cbo  -2.08148e-03   1.59815e-03   1.46282e-06   1.71371e-01
  29  w_vw_p_cbo   1.59923e+01   constant   
  30  beta_vw_p_cbo  -4.93949e-04   1.58496e-03   3.06254e-07   5.77827e-01
 EXTERNAL ERROR MATRIX.    NDIM=  31    NPAR= 15    ERR DEF=1
 ELEMENTS ABOVE DIAGONAL ARE NOT PRINTED.
  8.042e+05 
  0.000e+00  5.876e-07 
  0.000e+00  0.000e+00  5.501e-06 
  0.000e+00  0.000e+00  0.000e+00  2.537e-06 
  0.000e+00  0.000e+00  0.000e+00  0.000e+00  2.528e-06 
  0.000e+00  0.000e+00  0.000e+00  0.000e+00  0.000e+00  2.492e-06 
  0.000e+00  0.000e+00  0.000e+00  0.000e+00  0.000e+00  0.000e+00  1.785e+06 
  0.000e+00  0.000e+00  0.000e+00  0.000e+00  0.000e+00  0.000e+00  0.000e+00  1.056e-05 
  0.000e+00  0.000e+00  0.000e+00  0.000e+00  0.000e+00  0.000e+00  0.000e+00  0.000e+00  9.333e-06 
  0.000e+00  0.000e+00  0.000e+00  0.000e+00  0.000e+00  0.000e+00  0.000e+00  0.000e+00  0.000e+00  1.030e-05 
  0.000e+00  0.000e+00  0.000e+00  0.000e+00  0.000e+00  0.000e+00  0.000e+00  0.000e+00  0.000e+00  0.000e+00  1.180e-05 
  0.000e+00  0.000e+00  0.000e+00  0.000e+00  0.000e+00  0.000e+00  0.000e+00  0.000e+00  0.000e+00  0.000e+00  0.000e+00 
  0.000e+00  0.000e+00  0.000e+00  0.000e+00  0.000e+00  0.000e+00  0.000e+00  0.000e+00  0.000e+00  0.000e+00  0.000e+00  2.519e-06 
  0.000e+00  0.000e+00  0.000e+00  0.000e+00  0.000e+00  0.000e+00  0.000e+00  0.000e+00  0.000e+00  0.000e+00  0.000e+00 
  0.000e+00  0.000e+00  0.000e+00  0.000e+00  0.000e+00  0.000e+00  0.000e+00  0.000e+00  0.000e+00  0.000e+00  0.000e+00  0.000e+00  2.547e-06 
  0.000e+00  0.000e+00  0.000e+00  0.000e+00  0.000e+00  0.000e+00  0.000e+00  0.000e+00  0.000e+00  0.000e+00  0.000e+00 
  0.000e+00  0.000e+00  0.000e+00  0.000e+00  0.000e+00  0.000e+00  0.000e+00  0.000e+00  0.000e+00  0.000e+00  0.000e+00  0.000e+00  0.000e+00  2.554e-06 
  0.000e+00  0.000e+00  0.000e+00  0.000e+00  0.000e+00  0.000e+00  0.000e+00  0.000e+00  0.000e+00  0.000e+00  0.000e+00 
  0.000e+00  0.000e+00  0.000e+00  0.000e+00  0.000e+00  0.000e+00  0.000e+00  0.000e+00  0.000e+00  0.000e+00  0.000e+00  0.000e+00  0.000e+00  0.000e+00  2.512e-06 
ERR MATRIX APPROXIMATE
 PARAMETER  CORRELATION COEFFICIENTS  
       NO.  GLOBAL      1      3      4      6      8      9     20     21     22     23     24     25     27     28     30
        1  0.00000   1.000  0.000  0.000  0.000  0.000  0.000  0.000  0.000  0.000  0.000  0.000  0.000  0.000  0.000  0.000
        3  0.00000   0.000  1.000  0.000  0.000  0.000  0.000  0.000  0.000  0.000  0.000  0.000  0.000  0.000  0.000  0.000
        4  0.00000   0.000  0.000  1.000  0.000  0.000  0.000  0.000  0.000  0.000  0.000  0.000  0.000  0.000  0.000  0.000
        6  0.00000   0.000  0.000  0.000  1.000  0.000  0.000  0.000  0.000  0.000  0.000  0.000  0.000  0.000  0.000  0.000
        8  0.00000   0.000  0.000  0.000  0.000  1.000  0.000  0.000  0.000  0.000  0.000  0.000  0.000  0.000  0.000  0.000
        9  0.00000   0.000  0.000  0.000  0.000  0.000  1.000  0.000  0.000  0.000  0.000  0.000  0.000  0.000  0.000  0.000
       20  0.00000   0.000  0.000  0.000  0.000  0.000  0.000  1.000  0.000  0.000  0.000  0.000  0.000  0.000  0.000  0.000
       21  0.00000   0.000  0.000  0.000  0.000  0.000  0.000  0.000  1.000  0.000  0.000  0.000  0.000  0.000  0.000  0.000
       22  0.00000   0.000  0.000  0.000  0.000  0.000  0.000  0.000  0.000  1.000  0.000  0.000  0.000  0.000  0.000  0.000
       23  0.00000   0.000  0.000  0.000  0.000  0.000  0.000  0.000  0.000  0.000  1.000  0.000  0.000  0.000  0.000  0.000
       24  0.00000   0.000  0.000  0.000  0.000  0.000  0.000  0.000  0.000  0.000  0.000  1.000  0.000  0.000  0.000  0.000
       25  0.00000   0.000  0.000  0.000  0.000  0.000  0.000  0.000  0.000  0.000  0.000  0.000  1.000  0.000  0.000  0.000
       27  0.00000   0.000  0.000  0.000  0.000  0.000  0.000  0.000  0.000  0.000  0.000  0.000  0.000  1.000  0.000  0.000
       28  0.00000   0.000  0.000  0.000  0.000  0.000  0.000  0.000  0.000  0.000  0.000  0.000  0.000  0.000  1.000  0.000
       30  0.00000   0.000  0.000  0.000  0.000  0.000  0.000  0.000  0.000  0.000  0.000  0.000  0.000  0.000  0.000  1.000
 ERR MATRIX APPROXIMATE
MINUIT - FIT ONLY 1-y
 **********
 **   51 **RES 
 **********
                   PARAMETER   16  beta_vw RESTORED TO VARIABLE.
                   PARAMETER   14  alpha_vw RESTORED TO VARIABLE.
                   PARAMETER   13  beta_y RESTORED TO VARIABLE.
                   PARAMETER   11  alpha_y RESTORED TO VARIABLE.
                   PARAMETER   10  beta_2CBO RESTORED TO VARIABLE.
 **********
 **   52 **FIX            0
 **********
 PARAMETER    0  IS UNDEFINED. IGNORED.
 **********
 **   53 **FIX            1
 **********
 **********
 **   54 **FIX            2
 **********
 PARAMETER    2  IS CONSTANT.   IGNORED.
 **********
 **   55 **FIX            3
 **********
 **********
 **   56 **FIX            4
 **********
 **********
 **   57 **FIX            5
 **********
 PARAMETER    5  IS CONSTANT.   IGNORED.
 **********
 **   58 **FIX            6
 **********
 **********
 **   59 **FIX            7
 **********
 PARAMETER    7  IS CONSTANT.   IGNORED.
 **********
 **   60 **FIX            8
 **********
 **********
 **   61 **FIX            9
 **********
 **********
 **   62 **FIX           13
 **********
 **********
 **   63 **FIX           14
 **********
 **********
 **   64 **FIX           15
 **********
 PARAMETER   15  IS CONSTANT.   IGNORED.
 **********
 **   65 **FIX           16
 **********
 **********
 **   66 **MIGRAD
 **********
 START MIGRAD MINIMIZATION.  STRATEGY  1.  CONVERGENCE WHEN EDM .LT. 1.00e-04
 FCN=46.6809 FROM MIGRAD    STATUS=INITIATE      717 CALLS        5425 TOTAL
                     EDM= unknown      STRATEGY= 1      NO ERROR MATRIX       
  EXT PARAMETER               CURRENT GUESS       STEP         FIRST   
  NO.   NAME      VALUE            ERROR          SIZE      DERIVATIVE 
   1  N0           1.59356e+06     fixed    
   2  tau          6.44122e+01   constant   
   3  A0           3.44247e-01     fixed    
   4  phi          4.12225e+00     fixed    
   5  R           -6.08678e+01   constant   
   6  alpha_CBO    3.96441e-04     fixed    
   7  w_CBO        2.32643e+00   constant   
   8  beta_CBO     6.11328e-03     fixed    
   9  alpha_2CBO   4.18067e-05     fixed    
  10  beta_2CBO    6.43360e-04   1.60500e-03   0.00000e+00   3.58623e+02
  11  alpha_y      0.00000e+00   1.00000e-03   0.00000e+00  -4.52213e+01
  12  w_y          1.38965e+01   constant   
  13  beta_y       1.51461e-03     fixed    
  14  alpha_vw     0.00000e+00     fixed    
  15  w_vw         1.43195e+01   constant   
  16  beta_vw      0.00000e+00     fixed    
  17  LM           2.68593e-04   constant   
  18  zeta_y       0.00000e+00   constant   
  19  zeta_vw      0.00000e+00   constant   
  20  T_CBO        1.00000e+02   8.96179e+02   0.00000e+00   0.00000e+00
  21  alpha_A0     5.00559e-03   3.24893e-03   0.00000e+00  -4.20746e-02
  22  beta_A0      9.82834e-04   3.05499e-03   0.00000e+00  -3.76384e-01
  23  alpha_phi   -4.40732e-04   3.21007e-03   0.00000e+00  -4.85174e-01
  24  beta_phi    -9.69779e-04   3.43538e-03   0.00000e+00  -1.30015e-01
  25  alpha_vw_m_cbo   1.09136e-03   1.58701e-03   0.00000e+00   6.16280e-01
  26  w_vw_m_cbo   1.20584e+01   constant   
  27  beta_vw_m_cbo   1.01526e-03   1.59606e-03   0.00000e+00  -2.74303e-02
  28  alpha_vw_p_cbo  -2.08148e-03   1.59815e-03   0.00000e+00   1.71371e-01
  29  w_vw_p_cbo   1.59923e+01   constant   
  30  beta_vw_p_cbo  -4.93949e-04   1.58496e-03   0.00000e+00   5.77827e-01
 MIGRAD MINIMIZATION HAS CONVERGED.
 MIGRAD WILL VERIFY CONVERGENCE AND ERROR MATRIX.
  MNHESS FAILS AND WILL RETURN DIAGONAL MATRIX. 
 FCN=46.5922 FROM MIGRAD    STATUS=CONVERGED     794 CALLS        5502 TOTAL
                     EDM=5.89491e-07    STRATEGY= 1  ERROR MATRIX UNCERTAINTY 100.0 per cent
  EXT PARAMETER                APPROXIMATE        STEP         FIRST   
  NO.   NAME      VALUE            ERROR          SIZE      DERIVATIVE 
   1  N0           1.59356e+06     fixed    
   2  tau          6.44122e+01   constant   
   3  A0           3.44247e-01     fixed    
   4  phi          4.12225e+00     fixed    
   5  R           -6.08678e+01   constant   
   6  alpha_CBO    3.96441e-04     fixed    
   7  w_CBO        2.32643e+00   constant   
   8  beta_CBO     6.11328e-03     fixed    
   9  alpha_2CBO   4.18067e-05     fixed    
  10  beta_2CBO    1.56004e-04   1.60478e-03   5.40572e-06   3.27986e-02
  11  alpha_y      5.38719e-05   1.59579e-03   5.37543e-06   2.67876e-01
  12  w_y          1.38965e+01   constant   
  13  beta_y       1.51461e-03     fixed    
  14  alpha_vw     0.00000e+00     fixed    
  15  w_vw         1.43195e+01   constant   
  16  beta_vw      0.00000e+00     fixed    
  17  LM           2.68593e-04   constant   
  18  zeta_y       0.00000e+00   constant   
  19  zeta_vw      0.00000e+00   constant   
  20  T_CBO        1.00000e+02   9.26237e+02  -0.00000e+00   0.00000e+00
  21  alpha_A0     4.98626e-03   3.24891e-03   6.50367e-06   5.41656e-02
  22  beta_A0      1.12552e-03   3.05501e-03   6.09525e-06   1.33687e-01
  23  alpha_phi   -2.74683e-04   3.21014e-03  -1.54742e-06  -6.12940e-02
  24  beta_phi    -9.21113e-04   3.43536e-03  -5.08352e-06  -1.22693e-01
  25  alpha_vw_m_cbo   1.09104e-03   1.58700e-03   1.36778e-06  -1.92221e-01
  26  w_vw_m_cbo   1.20584e+01   constant   
  27  beta_vw_m_cbo   1.01364e-03   1.59606e-03  -2.91023e-06   2.47589e-01
  28  alpha_vw_p_cbo  -2.08149e-03   1.59815e-03  -1.36751e-06   4.00001e-01
  29  w_vw_p_cbo   1.59923e+01   constant   
  30  beta_vw_p_cbo  -4.90812e-04   1.58495e-03   8.27057e-07  -1.89158e-01
 EXTERNAL ERROR MATRIX.    NDIM=  31    NPAR= 11    ERR DEF=1
  2.575e-06 
  0.000e+00  2.547e-06 
  0.000e+00  0.000e+00  1.606e+06 
  0.000e+00  0.000e+00  0.000e+00  1.056e-05 
  0.000e+00  0.000e+00  0.000e+00  0.000e+00  9.333e-06 
  0.000e+00  0.000e+00  0.000e+00  0.000e+00  0.000e+00  1.031e-05 
  0.000e+00  0.000e+00  0.000e+00  0.000e+00  0.000e+00  0.000e+00  1.180e-05 
  0.000e+00  0.000e+00  0.000e+00  0.000e+00  0.000e+00  0.000e+00  0.000e+00  2.519e-06 
  0.000e+00  0.000e+00  0.000e+00  0.000e+00  0.000e+00  0.000e+00  0.000e+00  0.000e+00  2.547e-06 
  0.000e+00  0.000e+00  0.000e+00  0.000e+00  0.000e+00  0.000e+00  0.000e+00  0.000e+00  0.000e+00  2.554e-06 
  0.000e+00  0.000e+00  0.000e+00  0.000e+00  0.000e+00  0.000e+00  0.000e+00  0.000e+00  0.000e+00  0.000e+00  2.512e-06 
ERR MATRIX APPROXIMATE
 PARAMETER  CORRELATION COEFFICIENTS  
       NO.  GLOBAL     10     11     20     21     22     23     24     25     27     28     30
       10  0.00000   1.000  0.000  0.000  0.000  0.000  0.000  0.000  0.000  0.000  0.000  0.000
       11  0.00000   0.000  1.000  0.000  0.000  0.000  0.000  0.000  0.000  0.000  0.000  0.000
       20  0.00000   0.000  0.000  1.000  0.000  0.000  0.000  0.000  0.000  0.000  0.000  0.000
       21  0.00000   0.000  0.000  0.000  1.000  0.000  0.000  0.000  0.000  0.000  0.000  0.000
       22  0.00000   0.000  0.000  0.000  0.000  1.000  0.000  0.000  0.000  0.000  0.000  0.000
       23  0.00000   0.000  0.000  0.000  0.000  0.000  1.000  0.000  0.000  0.000  0.000  0.000
       24  0.00000   0.000  0.000  0.000  0.000  0.000  0.000  1.000  0.000  0.000  0.000  0.000
       25  0.00000   0.000  0.000  0.000  0.000  0.000  0.000  0.000  1.000  0.000  0.000  0.000
       27  0.00000   0.000  0.000  0.000  0.000  0.000  0.000  0.000  0.000  1.000  0.000  0.000
       28  0.00000   0.000  0.000  0.000  0.000  0.000  0.000  0.000  0.000  0.000  1.000  0.000
       30  0.00000   0.000  0.000  0.000  0.000  0.000  0.000  0.000  0.000  0.000  0.000  1.000
 ERR MATRIX APPROXIMATE
MINUIT - FIT ONLY 2-y
 **********
 **   67 **RES 
 **********
                   PARAMETER   16  beta_vw RESTORED TO VARIABLE.
                   PARAMETER   14  alpha_vw RESTORED TO VARIABLE.
                   PARAMETER   13  beta_y RESTORED TO VARIABLE.
                   PARAMETER    9  alpha_2CBO RESTORED TO VARIABLE.
                   PARAMETER    8  beta_CBO RESTORED TO VARIABLE.
                   PARAMETER    6  alpha_CBO RESTORED TO VARIABLE.
                   PARAMETER    4  phi RESTORED TO VARIABLE.
                   PARAMETER    3  A0 RESTORED TO VARIABLE.
                   PARAMETER    1  N0 RESTORED TO VARIABLE.
 **********
 **   68 **FIX            0
 **********
 PARAMETER    0  IS UNDEFINED. IGNORED.
 **********
 **   69 **FIX            1
 **********
 **********
 **   70 **FIX            2
 **********
 PARAMETER    2  IS CONSTANT.   IGNORED.
 **********
 **   71 **FIX            3
 **********
 **********
 **   72 **FIX            4
 **********
 **********
 **   73 **FIX            5
 **********
 PARAMETER    5  IS CONSTANT.   IGNORED.
 **********
 **   74 **FIX            6
 **********
 **********
 **   75 **FIX            7
 **********
 PARAMETER    7  IS CONSTANT.   IGNORED.
 **********
 **   76 **FIX            8
 **********
 **********
 **   77 **FIX            9
 **********
 **********
 **   78 **FIX           10
 **********
 **********
 **   79 **FIX           11
 **********
 **********
 **   80 **FIX           12
 **********
 PARAMETER   12  IS CONSTANT.   IGNORED.
 **********
 **   81 **FIX           16
 **********
 **********
 **   82 **MIGRAD
 **********
 START MIGRAD MINIMIZATION.  STRATEGY  1.  CONVERGENCE WHEN EDM .LT. 1.00e-04
 FCN=46.5922 FROM MIGRAD    STATUS=INITIATE      717 CALLS        6219 TOTAL
                     EDM= unknown      STRATEGY= 1      NO ERROR MATRIX       
  EXT PARAMETER               CURRENT GUESS       STEP         FIRST   
  NO.   NAME      VALUE            ERROR          SIZE      DERIVATIVE 
   1  N0           1.59356e+06     fixed    
   2  tau          6.44122e+01   constant   
   3  A0           3.44247e-01     fixed    
   4  phi          4.12225e+00     fixed    
   5  R           -6.08678e+01   constant   
   6  alpha_CBO    3.96441e-04     fixed    
   7  w_CBO        2.32643e+00   constant   
   8  beta_CBO     6.11328e-03     fixed    
   9  alpha_2CBO   4.18067e-05     fixed    
  10  beta_2CBO    1.56004e-04     fixed    
  11  alpha_y      5.38719e-05     fixed    
  12  w_y          1.38965e+01   constant   
  13  beta_y       1.51461e-03   1.58748e-03   0.00000e+00  -3.74448e+01
  14  alpha_vw     0.00000e+00   1.00000e-03   0.00000e+00  -1.00319e+03
  15  w_vw         1.43195e+01   constant   
  16  beta_vw      0.00000e+00     fixed    
  17  LM           2.68593e-04   constant   
  18  zeta_y       0.00000e+00   constant   
  19  zeta_vw      0.00000e+00   constant   
  20  T_CBO        1.00000e+02   9.26237e+02   0.00000e+00   0.00000e+00
  21  alpha_A0     4.98626e-03   3.24891e-03   0.00000e+00   5.41656e-02
  22  beta_A0      1.12552e-03   3.05501e-03   0.00000e+00   1.33687e-01
  23  alpha_phi   -2.74683e-04   3.21014e-03   0.00000e+00  -6.12951e-02
  24  beta_phi    -9.21113e-04   3.43536e-03   0.00000e+00  -1.22691e-01
  25  alpha_vw_m_cbo   1.09104e-03   1.58700e-03   0.00000e+00  -1.92221e-01
  26  w_vw_m_cbo   1.20584e+01   constant   
  27  beta_vw_m_cbo   1.01364e-03   1.59606e-03   0.00000e+00   2.47589e-01
  28  alpha_vw_p_cbo  -2.08149e-03   1.59815e-03   0.00000e+00   4.00001e-01
  29  w_vw_p_cbo   1.59923e+01   constant   
  30  beta_vw_p_cbo  -4.90812e-04   1.58495e-03   0.00000e+00  -1.89158e-01
 MIGRAD MINIMIZATION HAS CONVERGED.
 MIGRAD WILL VERIFY CONVERGENCE AND ERROR MATRIX.
  MNHESS FAILS AND WILL RETURN DIAGONAL MATRIX. 
 FCN=45.8383 FROM MIGRAD    STATUS=CONVERGED     794 CALLS        6296 TOTAL
                     EDM=5.91301e-06    STRATEGY= 1  ERROR MATRIX UNCERTAINTY 100.0 per cent
  EXT PARAMETER                APPROXIMATE        STEP         FIRST   
  NO.   NAME      VALUE            ERROR          SIZE      DERIVATIVE 
   1  N0           1.59356e+06     fixed    
   2  tau          6.44122e+01   constant   
   3  A0           3.44247e-01     fixed    
   4  phi          4.12225e+00     fixed    
   5  R           -6.08678e+01   constant   
   6  alpha_CBO    3.96441e-04     fixed    
   7  w_CBO        2.32643e+00   constant   
   8  beta_CBO     6.11328e-03     fixed    
   9  alpha_2CBO   4.18067e-05     fixed    
  10  beta_2CBO    1.56004e-04     fixed    
  11  alpha_y      5.38719e-05     fixed    
  12  w_y          1.38965e+01   constant   
  13  beta_y       1.01048e-03   1.58727e-03   5.30420e-06   7.32297e-01
  14  alpha_vw     1.52152e-03   1.59524e-03   5.33086e-06  -3.49949e-01
  15  w_vw         1.43195e+01   constant   
  16  beta_vw      0.00000e+00     fixed    
  17  LM           2.68593e-04   constant   
  18  zeta_y       0.00000e+00   constant   
  19  zeta_vw      0.00000e+00   constant   
  20  T_CBO        1.00000e+02   9.08947e+02  -0.00000e+00   0.00000e+00
  21  alpha_A0     4.97263e-03   3.24892e-03  -6.91745e-06   9.60818e-03
  22  beta_A0      1.10087e-03   3.05499e-03  -2.25692e-06   2.94124e-01
  23  alpha_phi   -3.21185e-04   3.21007e-03  -2.64896e-05   7.27510e-02
  24  beta_phi    -9.14857e-04   3.43542e-03   1.07116e-05  -1.83600e-02
  25  alpha_vw_m_cbo   1.18077e-03   1.58700e-03   4.84985e-06   1.08893e-01
  26  w_vw_m_cbo   1.20584e+01   constant   
  27  beta_vw_m_cbo   1.14065e-03   1.59606e-03   1.85521e-05  -7.53795e-01
  28  alpha_vw_p_cbo  -2.22935e-03   1.59815e-03  -1.25565e-05  -5.87024e-01
  29  w_vw_p_cbo   1.59923e+01   constant   
  30  beta_vw_p_cbo  -7.94349e-04   1.58495e-03  -3.62365e-05  -1.85654e+00
 EXTERNAL ERROR MATRIX.    NDIM=  31    NPAR= 11    ERR DEF=1
  2.519e-06 
  0.000e+00  2.545e-06 
  0.000e+00  0.000e+00  1.716e+06 
  0.000e+00  0.000e+00  0.000e+00  1.056e-05 
  0.000e+00  0.000e+00  0.000e+00  0.000e+00  9.333e-06 
  0.000e+00  0.000e+00  0.000e+00  0.000e+00  0.000e+00  1.030e-05 
  0.000e+00  0.000e+00  0.000e+00  0.000e+00  0.000e+00  0.000e+00  1.180e-05 
  0.000e+00  0.000e+00  0.000e+00  0.000e+00  0.000e+00  0.000e+00  0.000e+00  2.519e-06 
  0.000e+00  0.000e+00  0.000e+00  0.000e+00  0.000e+00  0.000e+00  0.000e+00  0.000e+00  2.547e-06 
  0.000e+00  0.000e+00  0.000e+00  0.000e+00  0.000e+00  0.000e+00  0.000e+00  0.000e+00  0.000e+00  2.554e-06 
  0.000e+00  0.000e+00  0.000e+00  0.000e+00  0.000e+00  0.000e+00  0.000e+00  0.000e+00  0.000e+00  0.000e+00  2.512e-06 
ERR MATRIX APPROXIMATE
 PARAMETER  CORRELATION COEFFICIENTS  
       NO.  GLOBAL     13     14     20     21     22     23     24     25     27     28     30
       13  0.00000   1.000  0.000  0.000  0.000  0.000  0.000  0.000  0.000  0.000  0.000  0.000
       14  0.00000   0.000  1.000  0.000  0.000  0.000  0.000  0.000  0.000  0.000  0.000  0.000
       20  0.00000   0.000  0.000  1.000  0.000  0.000  0.000  0.000  0.000  0.000  0.000  0.000
       21  0.00000   0.000  0.000  0.000  1.000  0.000  0.000  0.000  0.000  0.000  0.000  0.000
       22  0.00000   0.000  0.000  0.000  0.000  1.000  0.000  0.000  0.000  0.000  0.000  0.000
       23  0.00000   0.000  0.000  0.000  0.000  0.000  1.000  0.000  0.000  0.000  0.000  0.000
       24  0.00000   0.000  0.000  0.000  0.000  0.000  0.000  1.000  0.000  0.000  0.000  0.000
       25  0.00000   0.000  0.000  0.000  0.000  0.000  0.000  0.000  1.000  0.000  0.000  0.000
       27  0.00000   0.000  0.000  0.000  0.000  0.000  0.000  0.000  0.000  1.000  0.000  0.000
       28  0.00000   0.000  0.000  0.000  0.000  0.000  0.000  0.000  0.000  0.000  1.000  0.000
       30  0.00000   0.000  0.000  0.000  0.000  0.000  0.000  0.000  0.000  0.000  0.000  1.000
 ERR MATRIX APPROXIMATE
MINUIT - FIT ALTOGETHER
 **********
 **   83 **RES 
 **********
                   PARAMETER   16  beta_vw RESTORED TO VARIABLE.
                   PARAMETER   11  alpha_y RESTORED TO VARIABLE.
                   PARAMETER   10  beta_2CBO RESTORED TO VARIABLE.
                   PARAMETER    9  alpha_2CBO RESTORED TO VARIABLE.
                   PARAMETER    8  beta_CBO RESTORED TO VARIABLE.
                   PARAMETER    6  alpha_CBO RESTORED TO VARIABLE.
                   PARAMETER    4  phi RESTORED TO VARIABLE.
                   PARAMETER    3  A0 RESTORED TO VARIABLE.
                   PARAMETER    1  N0 RESTORED TO VARIABLE.
 **********
 **   84 **MIGRAD
 **********
 START MIGRAD MINIMIZATION.  STRATEGY  1.  CONVERGENCE WHEN EDM .LT. 1.00e-04
 FCN=45.8383 FROM MIGRAD    STATUS=INITIATE     2031 CALLS        8327 TOTAL
                     EDM= unknown      STRATEGY= 1      NO ERROR MATRIX       
  EXT PARAMETER               CURRENT GUESS       STEP         FIRST   
  NO.   NAME      VALUE            ERROR          SIZE      DERIVATIVE 
   1  N0           1.59356e+06   8.96775e+02   0.00000e+00  -6.09129e-06
   2  tau          6.44122e+01   constant   
   3  A0           3.44247e-01   7.66532e-04   0.00000e+00  -1.30067e+01
   4  phi          4.12225e+00   2.34548e-03   0.00000e+00  -9.99552e-02
   5  R           -6.08678e+01   constant   
   6  alpha_CBO    3.96441e-04   1.59291e-03   0.00000e+00   1.02869e+01
   7  w_CBO        2.32643e+00   constant   
   8  beta_CBO     6.11328e-03   1.59012e-03   0.00000e+00  -7.52346e+00
   9  alpha_2CBO   4.18067e-05   1.57857e-03   0.00000e+00  -7.89603e+00
  10  beta_2CBO    1.56004e-04   1.60478e-03   0.00000e+00  -1.25351e+01
  11  alpha_y      5.38719e-05   1.59579e-03   0.00000e+00   4.94845e+01
  12  w_y          1.38965e+01   constant   
  13  beta_y       1.01048e-03   1.58727e-03   0.00000e+00   7.32297e-01
  14  alpha_vw     1.52152e-03   1.59524e-03   0.00000e+00  -3.49949e-01
  15  w_vw         1.43195e+01   constant   
  16  beta_vw      0.00000e+00   1.00000e-03   0.00000e+00   1.25829e+03
  17  LM           2.68593e-04   constant   
  18  zeta_y       0.00000e+00   constant   
  19  zeta_vw      0.00000e+00   constant   
  20  T_CBO        1.00000e+02   9.08947e+02   0.00000e+00   0.00000e+00
  21  alpha_A0     4.97263e-03   3.24892e-03   0.00000e+00   9.60817e-03
  22  beta_A0      1.10087e-03   3.05499e-03   0.00000e+00   2.94124e-01
  23  alpha_phi   -3.21185e-04   3.21007e-03   0.00000e+00   7.27509e-02
  24  beta_phi    -9.14857e-04   3.43542e-03   0.00000e+00  -1.83595e-02
  25  alpha_vw_m_cbo   1.18077e-03   1.58700e-03   0.00000e+00   1.08893e-01
  26  w_vw_m_cbo   1.20584e+01   constant   
  27  beta_vw_m_cbo   1.14065e-03   1.59606e-03   0.00000e+00  -7.53795e-01
  28  alpha_vw_p_cbo  -2.22935e-03   1.59815e-03   0.00000e+00  -5.87024e-01
  29  w_vw_p_cbo   1.59923e+01   constant   
  30  beta_vw_p_cbo  -7.94349e-04   1.58495e-03   0.00000e+00  -1.85654e+00
 MIGRAD MINIMIZATION HAS CONVERGED.
 MIGRAD WILL VERIFY CONVERGENCE AND ERROR MATRIX.
  MNHESS FAILS AND WILL RETURN DIAGONAL MATRIX. 
 FCN=44.566 FROM MIGRAD    STATUS=CONVERGED    2223 CALLS        8519 TOTAL
                     EDM=7.30088e-06    STRATEGY= 1  ERROR MATRIX UNCERTAINTY 100.0 per cent
  EXT PARAMETER                APPROXIMATE        STEP         FIRST   
  NO.   NAME      VALUE            ERROR          SIZE      DERIVATIVE 
   1  N0           1.59361e+06   8.96799e+02   2.92107e+00   1.46066e-06
   2  tau          6.44122e+01   constant   
   3  A0           3.44271e-01   7.66518e-04   2.52647e-06  -7.57418e-01
   4  phi          4.12221e+00   2.34537e-03   7.73042e-06  -5.42580e-01
   5  R           -6.08678e+01   constant   
   6  alpha_CBO    3.09759e-04   1.59286e-03   5.25012e-06  -5.14618e-01
   7  w_CBO        2.32643e+00   constant   
   8  beta_CBO     6.19838e-03   1.59006e-03   5.24090e-06  -5.79492e-01
   9  alpha_2CBO   5.04249e-05   1.57851e-03   5.20283e-06   4.96149e-01
  10  beta_2CBO    9.55716e-05   1.60473e-03   5.28924e-06   6.35196e-02
  11  alpha_y     -7.77877e-04   1.59574e-03   5.25961e-06  -3.74443e-01
  12  w_y          1.38965e+01   constant   
  13  beta_y       1.16124e-03   1.58721e-03   5.23151e-06  -1.43718e+00
  14  alpha_vw     1.51612e-03   1.59519e-03   5.25781e-06   9.90072e-01
  15  w_vw         1.43195e+01   constant   
  16  beta_vw     -1.98769e-03   1.58775e-03   5.23329e-06   6.62705e-01
  17  LM           2.68593e-04   constant   
  18  zeta_y       0.00000e+00   constant   
  19  zeta_vw      0.00000e+00   constant   
  20  T_CBO        1.00000e+02   9.19429e+02  -0.00000e+00   0.00000e+00
  21  alpha_A0     4.94992e-03   3.24855e-03   8.78218e-07   1.40613e-01
  22  beta_A0      1.20895e-03   3.05477e-03   8.93700e-06  -1.22150e-01
  23  alpha_phi   -2.02710e-04   3.21005e-03   1.20047e-05   2.66608e-01
  24  beta_phi    -8.66725e-04   3.43507e-03   1.17571e-06   1.18786e-01
  25  alpha_vw_m_cbo   1.36749e-03   1.58695e-03   3.19484e-07   1.29679e+00
  26  w_vw_m_cbo   1.20584e+01   constant   
  27  beta_vw_m_cbo   9.41791e-04   1.59601e-03   1.10508e-06   1.38116e-01
  28  alpha_vw_p_cbo  -2.61555e-03   1.59810e-03   9.80156e-06   3.21832e-02
  29  w_vw_p_cbo   1.59923e+01   constant   
  30  beta_vw_p_cbo  -6.55377e-04   1.58490e-03   1.15105e-06  -5.63150e-01
 EXTERNAL ERROR MATRIX.    NDIM=  31    NPAR= 20    ERR DEF=1
 ELEMENTS ABOVE DIAGONAL ARE NOT PRINTED.
  8.042e+05 
  0.000e+00  5.875e-07 
  0.000e+00  0.000e+00  5.501e-06 
  0.000e+00  0.000e+00  0.000e+00  2.537e-06 
  0.000e+00  0.000e+00  0.000e+00  0.000e+00  2.528e-06 
  0.000e+00  0.000e+00  0.000e+00  0.000e+00  0.000e+00  2.492e-06 
  0.000e+00  0.000e+00  0.000e+00  0.000e+00  0.000e+00  0.000e+00  2.575e-06 
  0.000e+00  0.000e+00  0.000e+00  0.000e+00  0.000e+00  0.000e+00  0.000e+00  2.546e-06 
  0.000e+00  0.000e+00  0.000e+00  0.000e+00  0.000e+00  0.000e+00  0.000e+00  0.000e+00  2.519e-06 
  0.000e+00  0.000e+00  0.000e+00  0.000e+00  0.000e+00  0.000e+00  0.000e+00  0.000e+00  0.000e+00  2.545e-06 
  0.000e+00  0.000e+00  0.000e+00  0.000e+00  0.000e+00  0.000e+00  0.000e+00  0.000e+00  0.000e+00  0.000e+00  2.521e-06 
  0.000e+00  0.000e+00  0.000e+00  0.000e+00  0.000e+00  0.000e+00  0.000e+00  0.000e+00  0.000e+00  0.000e+00  0.000e+00 
  0.000e+00  0.000e+00  0.000e+00  0.000e+00  0.000e+00  0.000e+00  0.000e+00  0.000e+00  0.000e+00  0.000e+00  0.000e+00  1.652e+06 
  0.000e+00  0.000e+00  0.000e+00  0.000e+00  0.000e+00  0.000e+00  0.000e+00  0.000e+00  0.000e+00  0.000e+00  0.000e+00 
  0.000e+00  0.000e+00  0.000e+00  0.000e+00  0.000e+00  0.000e+00  0.000e+00  0.000e+00  0.000e+00  0.000e+00  0.000e+00  0.000e+00  1.055e-05 
  0.000e+00  0.000e+00  0.000e+00  0.000e+00  0.000e+00  0.000e+00  0.000e+00  0.000e+00  0.000e+00  0.000e+00  0.000e+00 
  0.000e+00  0.000e+00  0.000e+00  0.000e+00  0.000e+00  0.000e+00  0.000e+00  0.000e+00  0.000e+00  0.000e+00  0.000e+00  0.000e+00  0.000e+00  9.332e-06 
  0.000e+00  0.000e+00  0.000e+00  0.000e+00  0.000e+00  0.000e+00  0.000e+00  0.000e+00  0.000e+00  0.000e+00  0.000e+00 
  0.000e+00  0.000e+00  0.000e+00  0.000e+00  0.000e+00  0.000e+00  0.000e+00  0.000e+00  0.000e+00  0.000e+00  0.000e+00  0.000e+00  0.000e+00  0.000e+00  1.030e-05 
  0.000e+00  0.000e+00  0.000e+00  0.000e+00  0.000e+00  0.000e+00  0.000e+00  0.000e+00  0.000e+00  0.000e+00  0.000e+00 
  0.000e+00  0.000e+00  0.000e+00  0.000e+00  0.000e+00  0.000e+00  0.000e+00  0.000e+00  0.000e+00  0.000e+00  0.000e+00  0.000e+00  0.000e+00  0.000e+00  0.000e+00  1.180e-05 
  0.000e+00  0.000e+00  0.000e+00  0.000e+00  0.000e+00  0.000e+00  0.000e+00  0.000e+00  0.000e+00  0.000e+00  0.000e+00 
  0.000e+00  0.000e+00  0.000e+00  0.000e+00  0.000e+00  0.000e+00  0.000e+00  0.000e+00  0.000e+00  0.000e+00  0.000e+00  0.000e+00  0.000e+00  0.000e+00  0.000e+00  0.000e+00  2.518e-06 
  0.000e+00  0.000e+00  0.000e+00  0.000e+00  0.000e+00  0.000e+00  0.000e+00  0.000e+00  0.000e+00  0.000e+00  0.000e+00 
  0.000e+00  0.000e+00  0.000e+00  0.000e+00  0.000e+00  0.000e+00  0.000e+00  0.000e+00  0.000e+00  0.000e+00  0.000e+00  0.000e+00  0.000e+00  0.000e+00  0.000e+00  0.000e+00  0.000e+00  2.547e-06 
  0.000e+00  0.000e+00  0.000e+00  0.000e+00  0.000e+00  0.000e+00  0.000e+00  0.000e+00  0.000e+00  0.000e+00  0.000e+00 
  0.000e+00  0.000e+00  0.000e+00  0.000e+00  0.000e+00  0.000e+00  0.000e+00  0.000e+00  0.000e+00  0.000e+00  0.000e+00  0.000e+00  0.000e+00  0.000e+00  0.000e+00  0.000e+00  0.000e+00  0.000e+00  2.554e-06 
  0.000e+00  0.000e+00  0.000e+00  0.000e+00  0.000e+00  0.000e+00  0.000e+00  0.000e+00  0.000e+00  0.000e+00  0.000e+00 
  0.000e+00  0.000e+00  0.000e+00  0.000e+00  0.000e+00  0.000e+00  0.000e+00  0.000e+00  0.000e+00  0.000e+00  0.000e+00  0.000e+00  0.000e+00  0.000e+00  0.000e+00  0.000e+00  0.000e+00  0.000e+00  0.000e+00  2.512e-06 
ERR MATRIX APPROXIMATE
 PARAMETER  CORRELATION COEFFICIENTS  
       NO.  GLOBAL      1      3      4      6      8      9     10     11     13     14     16     20     21     22     23     24
        1  0.00000   1.000  0.000  0.000  0.000  0.000  0.000  0.000  0.000  0.000  0.000  0.000  0.000  0.000  0.000  0.000  0.000
        3  0.00000   0.000  1.000  0.000  0.000  0.000  0.000  0.000  0.000  0.000  0.000  0.000  0.000  0.000  0.000  0.000  0.000
        4  0.00000   0.000  0.000  1.000  0.000  0.000  0.000  0.000  0.000  0.000  0.000  0.000  0.000  0.000  0.000  0.000  0.000
        6  0.00000   0.000  0.000  0.000  1.000  0.000  0.000  0.000  0.000  0.000  0.000  0.000  0.000  0.000  0.000  0.000  0.000
        8  0.00000   0.000  0.000  0.000  0.000  1.000  0.000  0.000  0.000  0.000  0.000  0.000  0.000  0.000  0.000  0.000  0.000
        9  0.00000   0.000  0.000  0.000  0.000  0.000  1.000  0.000  0.000  0.000  0.000  0.000  0.000  0.000  0.000  0.000  0.000
       10  0.00000   0.000  0.000  0.000  0.000  0.000  0.000  1.000  0.000  0.000  0.000  0.000  0.000  0.000  0.000  0.000  0.000
       11  0.00000   0.000  0.000  0.000  0.000  0.000  0.000  0.000  1.000  0.000  0.000  0.000  0.000  0.000  0.000  0.000  0.000
       13  0.00000   0.000  0.000  0.000  0.000  0.000  0.000  0.000  0.000  1.000  0.000  0.000  0.000  0.000  0.000  0.000  0.000
       14  0.00000   0.000  0.000  0.000  0.000  0.000  0.000  0.000  0.000  0.000  1.000  0.000  0.000  0.000  0.000  0.000  0.000
       16  0.00000   0.000  0.000  0.000  0.000  0.000  0.000  0.000  0.000  0.000  0.000  1.000  0.000  0.000  0.000  0.000  0.000
       20  0.00000   0.000  0.000  0.000  0.000  0.000  0.000  0.000  0.000  0.000  0.000  0.000  1.000  0.000  0.000  0.000  0.000
       21  0.00000   0.000  0.000  0.000  0.000  0.000  0.000  0.000  0.000  0.000  0.000  0.000  0.000  1.000  0.000  0.000  0.000
       22  0.00000   0.000  0.000  0.000  0.000  0.000  0.000  0.000  0.000  0.000  0.000  0.000  0.000  0.000  1.000  0.000  0.000
       23  0.00000   0.000  0.000  0.000  0.000  0.000  0.000  0.000  0.000  0.000  0.000  0.000  0.000  0.000  0.000  1.000  0.000
       24  0.00000   0.000  0.000  0.000  0.000  0.000  0.000  0.000  0.000  0.000  0.000  0.000  0.000  0.000  0.000  0.000  1.000
       25  0.00000   0.000  0.000  0.000  0.000  0.000  0.000  0.000  0.000  0.000  0.000  0.000  0.000  0.000  0.000  0.000  0.000
                     1.000  0.000  0.000  0.000
       27  0.00000   0.000  0.000  0.000  0.000  0.000  0.000  0.000  0.000  0.000  0.000  0.000  0.000  0.000  0.000  0.000  0.000
                     0.000  1.000  0.000  0.000
       28  0.00000   0.000  0.000  0.000  0.000  0.000  0.000  0.000  0.000  0.000  0.000  0.000  0.000  0.000  0.000  0.000  0.000
                     0.000  0.000  1.000  0.000
       30  0.00000   0.000  0.000  0.000  0.000  0.000  0.000  0.000  0.000  0.000  0.000  0.000  0.000  0.000  0.000  0.000  0.000
                     0.000  0.000  0.000  1.000
 ERR MATRIX APPROXIMATE
MINUIT - MINOS
 **********
 **   85 **RES 
 **********
 CALL TO MNFREE IGNORED.  THERE ARE NO FIXED PARAMETERS
 **********
 **   86 **MIG      2.5e+04        0.01
 **********
 START MIGRAD MINIMIZATION.  STRATEGY  1.  CONVERGENCE WHEN EDM .LT. 1.00e-05
 FCN=44.566 FROM MIGRAD    STATUS=INITIATE       40 CALLS        8559 TOTAL
                     EDM=2.13089e-05    STRATEGY= 1  ERROR MATRIX UNCERTAINTY 100.0 per cent
  EXT PARAMETER                APPROXIMATE        STEP         FIRST   
  NO.   NAME      VALUE            ERROR          SIZE      DERIVATIVE 
   1  N0           1.59361e+06   8.96799e+02   2.92107e+00   1.46066e-06
   2  tau          6.44122e+01   constant   
   3  A0           3.44271e-01   7.66518e-04   2.52647e-06  -7.57418e-01
   4  phi          4.12221e+00   2.34537e-03   7.73042e-06  -5.42580e-01
   5  R           -6.08678e+01   constant   
   6  alpha_CBO    3.09759e-04   1.59286e-03   5.25012e-06  -5.14618e-01
   7  w_CBO        2.32643e+00   constant   
   8  beta_CBO     6.19838e-03   1.59006e-03   5.24090e-06  -5.79492e-01
   9  alpha_2CBO   5.04249e-05   1.57851e-03   5.20283e-06   4.96149e-01
  10  beta_2CBO    9.55716e-05   1.60473e-03   5.28924e-06   6.35195e-02
  11  alpha_y     -7.77877e-04   1.59574e-03   5.25961e-06  -3.74443e-01
  12  w_y          1.38965e+01   constant   
  13  beta_y       1.16124e-03   1.58721e-03   5.23151e-06  -1.43718e+00
  14  alpha_vw     1.51612e-03   1.59519e-03   5.25781e-06   9.90071e-01
  15  w_vw         1.43195e+01   constant   
  16  beta_vw     -1.98769e-03   1.58775e-03   5.23329e-06   6.62705e-01
  17  LM           2.68593e-04   constant   
  18  zeta_y       0.00000e+00   constant   
  19  zeta_vw      0.00000e+00   constant   
  20  T_CBO        1.00000e+02   9.19429e+02  -0.00000e+00   0.00000e+00
  21  alpha_A0     4.94992e-03   3.24855e-03   8.78218e-07   1.40613e-01
  22  beta_A0      1.20895e-03   3.05477e-03   8.93700e-06  -1.22150e-01
  23  alpha_phi   -2.02710e-04   3.21005e-03   1.20047e-05   2.66607e-01
  24  beta_phi    -8.66725e-04   3.43507e-03   1.17571e-06   1.18785e-01
  25  alpha_vw_m_cbo   1.36749e-03   1.58695e-03   3.19484e-07   1.29679e+00
  26  w_vw_m_cbo   1.20584e+01   constant   
  27  beta_vw_m_cbo   9.41791e-04   1.59601e-03   1.10508e-06   1.38116e-01
  28  alpha_vw_p_cbo  -2.61555e-03   1.59810e-03   9.80156e-06   3.21832e-02
  29  w_vw_p_cbo   1.59923e+01   constant   
  30  beta_vw_p_cbo  -6.55377e-04   1.58490e-03   1.15105e-06  -5.63150e-01
 MIGRAD MINIMIZATION HAS CONVERGED.
 MIGRAD WILL VERIFY CONVERGENCE AND ERROR MATRIX.
  MNHESS FAILS AND WILL RETURN DIAGONAL MATRIX. 
 FCN=44.566 FROM MIGRAD    STATUS=CONVERGED     149 CALLS        8668 TOTAL
                     EDM=1.02101e-07    STRATEGY= 1  ERROR MATRIX UNCERTAINTY 100.0 per cent
  EXT PARAMETER                APPROXIMATE        STEP         FIRST   
  NO.   NAME      VALUE            ERROR          SIZE      DERIVATIVE 
   1  N0           1.59361e+06   8.96799e+02   2.92107e+00   5.94189e-08
   2  tau          6.44122e+01   constant   
   3  A0           3.44271e-01   7.66518e-04   2.52646e-06  -1.05236e-02
   4  phi          4.12221e+00   2.34537e-03   7.73039e-06   1.80293e-03
   5  R           -6.08678e+01   constant   
   6  alpha_CBO    3.10244e-04   1.59286e-03   5.25011e-06   3.06271e-02
   7  w_CBO        2.32643e+00   constant   
   8  beta_CBO     6.19881e-03   1.59006e-03   5.24089e-06  -5.73424e-02
   9  alpha_2CBO   4.98341e-05   1.57851e-03   5.20282e-06  -6.51753e-02
  10  beta_2CBO    9.56228e-05   1.60473e-03   5.28923e-06   6.54869e-02
  11  alpha_y     -7.77683e-04   1.59574e-03   5.25960e-06  -6.82649e-02
  12  w_y          1.38965e+01   constant   
  13  beta_y       1.16402e-03   1.58721e-03   5.23150e-06  -5.92169e-02
  14  alpha_vw     1.51352e-03   1.59519e-03   5.25780e-06  -9.34542e-03
  15  w_vw         1.43195e+01   constant   
  16  beta_vw     -1.98846e-03   1.58775e-03   5.23328e-06   4.61159e-02
  17  LM           2.68593e-04   constant   
  18  zeta_y       0.00000e+00   constant   
  19  zeta_vw      0.00000e+00   constant   
  20  T_CBO        1.00000e+02   9.13244e+02  -0.00000e+00   0.00000e+00
  21  alpha_A0     4.94962e-03   3.24855e-03   4.78466e-07  -4.98404e-03
  22  beta_A0      1.20963e-03   3.05477e-03   7.70331e-08   8.74233e-03
  23  alpha_phi   -2.03795e-04   3.21005e-03   3.65378e-07  -1.06262e-02
  24  beta_phi    -8.66753e-04   3.43507e-03   7.11850e-07   3.80800e-02
  25  alpha_vw_m_cbo   1.36559e-03   1.58695e-03  -1.83579e-07  -1.44574e-01
  26  w_vw_m_cbo   1.20584e+01   constant   
  27  beta_vw_m_cbo   9.41431e-04   1.59601e-03  -1.73863e-07   7.85352e-02
  28  alpha_vw_p_cbo  -2.61528e-03   1.59810e-03   3.17124e-07  -5.14699e-02
  29  w_vw_p_cbo   1.59923e+01   constant   
  30  beta_vw_p_cbo  -6.53961e-04   1.58490e-03   6.69362e-07  -4.64390e-02
 EXTERNAL ERROR MATRIX.    NDIM=  31    NPAR= 20    ERR DEF=1
 ELEMENTS ABOVE DIAGONAL ARE NOT PRINTED.
  8.042e+05 
  0.000e+00  5.876e-07 
  0.000e+00  0.000e+00  5.501e-06 
  0.000e+00  0.000e+00  0.000e+00  2.537e-06 
  0.000e+00  0.000e+00  0.000e+00  0.000e+00  2.528e-06 
  0.000e+00  0.000e+00  0.000e+00  0.000e+00  0.000e+00  2.492e-06 
  0.000e+00  0.000e+00  0.000e+00  0.000e+00  0.000e+00  0.000e+00  2.575e-06 
  0.000e+00  0.000e+00  0.000e+00  0.000e+00  0.000e+00  0.000e+00  0.000e+00  2.546e-06 
  0.000e+00  0.000e+00  0.000e+00  0.000e+00  0.000e+00  0.000e+00  0.000e+00  0.000e+00  2.519e-06 
  0.000e+00  0.000e+00  0.000e+00  0.000e+00  0.000e+00  0.000e+00  0.000e+00  0.000e+00  0.000e+00  2.545e-06 
  0.000e+00  0.000e+00  0.000e+00  0.000e+00  0.000e+00  0.000e+00  0.000e+00  0.000e+00  0.000e+00  0.000e+00  2.521e-06 
  0.000e+00  0.000e+00  0.000e+00  0.000e+00  0.000e+00  0.000e+00  0.000e+00  0.000e+00  0.000e+00  0.000e+00  0.000e+00 
  0.000e+00  0.000e+00  0.000e+00  0.000e+00  0.000e+00  0.000e+00  0.000e+00  0.000e+00  0.000e+00  0.000e+00  0.000e+00  1.691e+06 
  0.000e+00  0.000e+00  0.000e+00  0.000e+00  0.000e+00  0.000e+00  0.000e+00  0.000e+00  0.000e+00  0.000e+00  0.000e+00 
  0.000e+00  0.000e+00  0.000e+00  0.000e+00  0.000e+00  0.000e+00  0.000e+00  0.000e+00  0.000e+00  0.000e+00  0.000e+00  0.000e+00  1.055e-05 
  0.000e+00  0.000e+00  0.000e+00  0.000e+00  0.000e+00  0.000e+00  0.000e+00  0.000e+00  0.000e+00  0.000e+00  0.000e+00 
  0.000e+00  0.000e+00  0.000e+00  0.000e+00  0.000e+00  0.000e+00  0.000e+00  0.000e+00  0.000e+00  0.000e+00  0.000e+00  0.000e+00  0.000e+00  9.332e-06 
  0.000e+00  0.000e+00  0.000e+00  0.000e+00  0.000e+00  0.000e+00  0.000e+00  0.000e+00  0.000e+00  0.000e+00  0.000e+00 
  0.000e+00  0.000e+00  0.000e+00  0.000e+00  0.000e+00  0.000e+00  0.000e+00  0.000e+00  0.000e+00  0.000e+00  0.000e+00  0.000e+00  0.000e+00  0.000e+00  1.030e-05 
  0.000e+00  0.000e+00  0.000e+00  0.000e+00  0.000e+00  0.000e+00  0.000e+00  0.000e+00  0.000e+00  0.000e+00  0.000e+00 
  0.000e+00  0.000e+00  0.000e+00  0.000e+00  0.000e+00  0.000e+00  0.000e+00  0.000e+00  0.000e+00  0.000e+00  0.000e+00  0.000e+00  0.000e+00  0.000e+00  0.000e+00  1.180e-05 
  0.000e+00  0.000e+00  0.000e+00  0.000e+00  0.000e+00  0.000e+00  0.000e+00  0.000e+00  0.000e+00  0.000e+00  0.000e+00 
  0.000e+00  0.000e+00  0.000e+00  0.000e+00  0.000e+00  0.000e+00  0.000e+00  0.000e+00  0.000e+00  0.000e+00  0.000e+00  0.000e+00  0.000e+00  0.000e+00  0.000e+00  0.000e+00  2.518e-06 
  0.000e+00  0.000e+00  0.000e+00  0.000e+00  0.000e+00  0.000e+00  0.000e+00  0.000e+00  0.000e+00  0.000e+00  0.000e+00 
  0.000e+00  0.000e+00  0.000e+00  0.000e+00  0.000e+00  0.000e+00  0.000e+00  0.000e+00  0.000e+00  0.000e+00  0.000e+00  0.000e+00  0.000e+00  0.000e+00  0.000e+00  0.000e+00  0.000e+00  2.547e-06 
  0.000e+00  0.000e+00  0.000e+00  0.000e+00  0.000e+00  0.000e+00  0.000e+00  0.000e+00  0.000e+00  0.000e+00  0.000e+00 
  0.000e+00  0.000e+00  0.000e+00  0.000e+00  0.000e+00  0.000e+00  0.000e+00  0.000e+00  0.000e+00  0.000e+00  0.000e+00  0.000e+00  0.000e+00  0.000e+00  0.000e+00  0.000e+00  0.000e+00  0.000e+00  2.554e-06 
  0.000e+00  0.000e+00  0.000e+00  0.000e+00  0.000e+00  0.000e+00  0.000e+00  0.000e+00  0.000e+00  0.000e+00  0.000e+00 
  0.000e+00  0.000e+00  0.000e+00  0.000e+00  0.000e+00  0.000e+00  0.000e+00  0.000e+00  0.000e+00  0.000e+00  0.000e+00  0.000e+00  0.000e+00  0.000e+00  0.000e+00  0.000e+00  0.000e+00  0.000e+00  0.000e+00  2.512e-06 
ERR MATRIX APPROXIMATE
 PARAMETER  CORRELATION COEFFICIENTS  
       NO.  GLOBAL      1      3      4      6      8      9     10     11     13     14     16     20     21     22     23     24
        1  0.00000   1.000  0.000  0.000  0.000  0.000  0.000  0.000  0.000  0.000  0.000  0.000  0.000  0.000  0.000  0.000  0.000
        3  0.00000   0.000  1.000  0.000  0.000  0.000  0.000  0.000  0.000  0.000  0.000  0.000  0.000  0.000  0.000  0.000  0.000
        4  0.00000   0.000  0.000  1.000  0.000  0.000  0.000  0.000  0.000  0.000  0.000  0.000  0.000  0.000  0.000  0.000  0.000
        6  0.00000   0.000  0.000  0.000  1.000  0.000  0.000  0.000  0.000  0.000  0.000  0.000  0.000  0.000  0.000  0.000  0.000
        8  0.00000   0.000  0.000  0.000  0.000  1.000  0.000  0.000  0.000  0.000  0.000  0.000  0.000  0.000  0.000  0.000  0.000
        9  0.00000   0.000  0.000  0.000  0.000  0.000  1.000  0.000  0.000  0.000  0.000  0.000  0.000  0.000  0.000  0.000  0.000
       10  0.00000   0.000  0.000  0.000  0.000  0.000  0.000  1.000  0.000  0.000  0.000  0.000  0.000  0.000  0.000  0.000  0.000
       11  0.00000   0.000  0.000  0.000  0.000  0.000  0.000  0.000  1.000  0.000  0.000  0.000  0.000  0.000  0.000  0.000  0.000
       13  0.00000   0.000  0.000  0.000  0.000  0.000  0.000  0.000  0.000  1.000  0.000  0.000  0.000  0.000  0.000  0.000  0.000
       14  0.00000   0.000  0.000  0.000  0.000  0.000  0.000  0.000  0.000  0.000  1.000  0.000  0.000  0.000  0.000  0.000  0.000
       16  0.00000   0.000  0.000  0.000  0.000  0.000  0.000  0.000  0.000  0.000  0.000  1.000  0.000  0.000  0.000  0.000  0.000
       20  0.00000   0.000  0.000  0.000  0.000  0.000  0.000  0.000  0.000  0.000  0.000  0.000  1.000  0.000  0.000  0.000  0.000
       21  0.00000   0.000  0.000  0.000  0.000  0.000  0.000  0.000  0.000  0.000  0.000  0.000  0.000  1.000  0.000  0.000  0.000
       22  0.00000   0.000  0.000  0.000  0.000  0.000  0.000  0.000  0.000  0.000  0.000  0.000  0.000  0.000  1.000  0.000  0.000
       23  0.00000   0.000  0.000  0.000  0.000  0.000  0.000  0.000  0.000  0.000  0.000  0.000  0.000  0.000  0.000  1.000  0.000
       24  0.00000   0.000  0.000  0.000  0.000  0.000  0.000  0.000  0.000  0.000  0.000  0.000  0.000  0.000  0.000  0.000  1.000
       25  0.00000   0.000  0.000  0.000  0.000  0.000  0.000  0.000  0.000  0.000  0.000  0.000  0.000  0.000  0.000  0.000  0.000
                     1.000  0.000  0.000  0.000
       27  0.00000   0.000  0.000  0.000  0.000  0.000  0.000  0.000  0.000  0.000  0.000  0.000  0.000  0.000  0.000  0.000  0.000
                     0.000  1.000  0.000  0.000
       28  0.00000   0.000  0.000  0.000  0.000  0.000  0.000  0.000  0.000  0.000  0.000  0.000  0.000  0.000  0.000  0.000  0.000
                     0.000  0.000  1.000  0.000
       30  0.00000   0.000  0.000  0.000  0.000  0.000  0.000  0.000  0.000  0.000  0.000  0.000  0.000  0.000  0.000  0.000  0.000
                     0.000  0.000  0.000  1.000
 ERR MATRIX APPROXIMATE
 **********
 **   87 **MINO      2.5e+04
 **********
  MNHESS FAILS AND WILL RETURN DIAGONAL MATRIX. 
    THE POSITIVE MINOS ERROR OF PARAMETER  20, T_CBO EXCEEDS ITS LIMIT.
    THE NEGATIVE MINOS ERROR OF PARAMETER  20, T_CBO EXCEEDS ITS LIMIT.
 FCN=44.566 FROM MINOS     STATUS=PROBLEMS     8810 CALLS       17503 TOTAL
                     EDM=1.02101e-07    STRATEGY= 1  ERROR MATRIX UNCERTAINTY 100.0 per cent
  EXT PARAMETER                  PARABOLIC         MINOS ERRORS        
  NO.   NAME      VALUE            ERROR      NEGATIVE      POSITIVE   
   1  N0           1.59361e+06   8.96799e+02  -9.64989e+02   9.64987e+02
   2  tau          6.44122e+01   constant   
   3  A0           3.44271e-01   7.66518e-04  -8.10577e-04   8.10830e-04
   4  phi          4.12221e+00   2.34537e-03  -2.47324e-03   2.47213e-03
   5  R           -6.08678e+01   constant   
   6  alpha_CBO    3.10244e-04   1.59286e-03  -1.66085e-03   1.66090e-03
   7  w_CBO        2.32643e+00   constant   
   8  beta_CBO     6.19881e-03   1.59006e-03  -1.65376e-03   1.65387e-03
   9  alpha_2CBO   4.98341e-05   1.57851e-03  -1.61922e-03   1.61933e-03
  10  beta_2CBO    9.56228e-05   1.60473e-03  -1.66228e-03   1.66221e-03
  11  alpha_y     -7.77683e-04   1.59574e-03  -1.74758e-03   1.74776e-03
  12  w_y          1.38965e+01   constant   
  13  beta_y       1.16402e-03   1.58721e-03  -1.72609e-03   1.72626e-03
  14  alpha_vw     1.51352e-03   1.59519e-03  -1.75639e-03   1.75634e-03
  15  w_vw         1.43195e+01   constant   
  16  beta_vw     -1.98846e-03   1.58775e-03  -1.76426e-03   1.76422e-03
  17  LM           2.68593e-04   constant   
  18  zeta_y       0.00000e+00   constant   
  19  zeta_vw      0.00000e+00   constant   
  20  T_CBO        1.00000e+02   9.60674e+02   at limit      at limit   
  21  alpha_A0     4.94962e-03   3.24855e-03  -3.42706e-03   3.42583e-03
  22  beta_A0      1.20963e-03   3.05477e-03  -3.14848e-03   3.14739e-03
  23  alpha_phi   -2.03795e-04   3.21005e-03  -3.32796e-03   3.33019e-03
  24  beta_phi    -8.66753e-04   3.43507e-03  -3.65464e-03   3.65204e-03
  25  alpha_vw_m_cbo   1.36559e-03   1.58695e-03  -1.60366e-03   1.60398e-03
  26  w_vw_m_cbo   1.20584e+01   constant   
  27  beta_vw_m_cbo   9.41431e-04   1.59601e-03  -1.61937e-03   1.61917e-03
  28  alpha_vw_p_cbo  -2.61528e-03   1.59810e-03  -1.65460e-03   1.65473e-03
  29  w_vw_p_cbo   1.59923e+01   constant   
  30  beta_vw_p_cbo  -6.53961e-04   1.58490e-03  -1.63994e-03   1.64008e-03
 **********
 **   88 **SHO COR 
 **********
 PARAMETER  CORRELATION COEFFICIENTS  
       NO.  GLOBAL      1      3      4      6      8      9     10     11     13     14     16     20     21     22     23     24
        1  0.00000   1.000  0.000  0.000  0.000  0.000  0.000  0.000  0.000  0.000  0.000  0.000  0.000  0.000  0.000  0.000  0.000
        3  0.00000   0.000  1.000  0.000  0.000  0.000  0.000  0.000  0.000  0.000  0.000  0.000  0.000  0.000  0.000  0.000  0.000
        4  0.00000   0.000  0.000  1.000  0.000  0.000  0.000  0.000  0.000  0.000  0.000  0.000  0.000  0.000  0.000  0.000  0.000
        6  0.00000   0.000  0.000  0.000  1.000  0.000  0.000  0.000  0.000  0.000  0.000  0.000  0.000  0.000  0.000  0.000  0.000
        8  0.00000   0.000  0.000  0.000  0.000  1.000  0.000  0.000  0.000  0.000  0.000  0.000  0.000  0.000  0.000  0.000  0.000
        9  0.00000   0.000  0.000  0.000  0.000  0.000  1.000  0.000  0.000  0.000  0.000  0.000  0.000  0.000  0.000  0.000  0.000
       10  0.00000   0.000  0.000  0.000  0.000  0.000  0.000  1.000  0.000  0.000  0.000  0.000  0.000  0.000  0.000  0.000  0.000
       11  0.00000   0.000  0.000  0.000  0.000  0.000  0.000  0.000  1.000  0.000  0.000  0.000  0.000  0.000  0.000  0.000  0.000
       13  0.00000   0.000  0.000  0.000  0.000  0.000  0.000  0.000  0.000  1.000  0.000  0.000  0.000  0.000  0.000  0.000  0.000
       14  0.00000   0.000  0.000  0.000  0.000  0.000  0.000  0.000  0.000  0.000  1.000  0.000  0.000  0.000  0.000  0.000  0.000
       16  0.00000   0.000  0.000  0.000  0.000  0.000  0.000  0.000  0.000  0.000  0.000  1.000  0.000  0.000  0.000  0.000  0.000
       20  0.00000   0.000  0.000  0.000  0.000  0.000  0.000  0.000  0.000  0.000  0.000  0.000  1.000  0.000  0.000  0.000  0.000
       21  0.00000   0.000  0.000  0.000  0.000  0.000  0.000  0.000  0.000  0.000  0.000  0.000  0.000  1.000  0.000  0.000  0.000
       22  0.00000   0.000  0.000  0.000  0.000  0.000  0.000  0.000  0.000  0.000  0.000  0.000  0.000  0.000  1.000  0.000  0.000
       23  0.00000   0.000  0.000  0.000  0.000  0.000  0.000  0.000  0.000  0.000  0.000  0.000  0.000  0.000  0.000  1.000  0.000
       24  0.00000   0.000  0.000  0.000  0.000  0.000  0.000  0.000  0.000  0.000  0.000  0.000  0.000  0.000  0.000  0.000  1.000
       25  0.00000   0.000  0.000  0.000  0.000  0.000  0.000  0.000  0.000  0.000  0.000  0.000  0.000  0.000  0.000  0.000  0.000
                     1.000  0.000  0.000  0.000
       27  0.00000   0.000  0.000  0.000  0.000  0.000  0.000  0.000  0.000  0.000  0.000  0.000  0.000  0.000  0.000  0.000  0.000
                     0.000  1.000  0.000  0.000
       28  0.00000   0.000  0.000  0.000  0.000  0.000  0.000  0.000  0.000  0.000  0.000  0.000  0.000  0.000  0.000  0.000  0.000
                     0.000  0.000  1.000  0.000
       30  0.00000   0.000  0.000  0.000  0.000  0.000  0.000  0.000  0.000  0.000  0.000  0.000  0.000  0.000  0.000  0.000  0.000
                     0.000  0.000  0.000  1.000
 ERR MATRIX APPROXIMATE
 ELEMENTS ABOVE DIAGONAL ARE NOT PRINTED.
