 + ++++++++++++++++++++++++++++++++++++++++++++++++++++++++++++++++++++ +
 +                                                                      +
 +           You have chose to blind your fitting according to          +
 +                omega_ref * (1 + (R +/- deltaR) *10^{-6})             +
 +                                                                      +
 + ++++++++++++++++++++++++++++++++++++++++++++++++++++++++++++++++++++ +
In main()...
reading format from /gm2data/zkhechad/run45/envelope/formats/formatB_sBin_constraintOn.txt
pBinTau 	= 0  
pBinPhi 	= 0  
constraintau 	= 1 
includeMopTerm 	= 0    
constrainMop    = 0   
Parameters after format file: pBinTau 0 pBinPhi 0 constraintau 1 includeMopTerm 0 constrainMop 0 c_e_scale 0.000000 
Opening file /gm2data/tbarrett/gm2fr/studies/run23_bunch_corrections/CorrectedFourier_Run3b.root.
reading reference data from /gm2data/zkhechad/cboTemplates/Run4CBOTemplates/templateFits3_floatBoth/noRF/sBin_constraintOn_cE0.0_seed0_noRF_calo1.root (fixing 5-param to these terms)
windowBins = 69
fitting sliding window 0 from bin 136 at 20.142000 to bin 205 at 30.586000 (69 bins)

Reading data from /gm2data/cornell/histograms/aMethod/histogram_a_noRF.root
 **********
 **    1 **SET PRINTOUT            1
 **********
 **********
 **    2 **SET NOWARNINGS 
 **********
 PARAMETER DEFINITIONS:
    NO.   NAME         VALUE      STEP SIZE      LIMITS
     1 N0           3.52420e+06  1.00000e+02     no limits
     2 tau          6.43980e+01  constant
     3 A0           3.54708e-01  1.00000e-04     no limits
     4 phi          4.12300e+00  1.00000e-02     no limits
     5 R           -6.09320e+01  constant
     6 alpha_CBO    0.00000e+00  1.00000e-03     no limits
     7 w_CBO        2.32643e+00  constant
     8 beta_CBO     0.00000e+00  1.00000e-03     no limits
     9 alpha_2CBO   0.00000e+00  1.00000e-03     no limits
    10 beta_2CBO    0.00000e+00  1.00000e-03     no limits
    11 alpha_y      0.00000e+00  1.00000e-03     no limits
    12 w_y          1.38965e+01  constant
    13 beta_y       0.00000e+00  1.00000e-03     no limits
    14 alpha_vw     0.00000e+00  1.00000e-03     no limits
    15 w_vw         1.43195e+01  constant
    16 beta_vw      0.00000e+00  1.00000e-03     no limits
    17 LM          -1.56561e-04  constant
    18 zeta_y       0.00000e+00  constant
    19 zeta_vw      0.00000e+00  constant
    20 T_CBO        1.00000e+02  1.00000e+00    0.00000e+00  1.00000e+03
    21 alpha_A0     0.00000e+00  1.00000e-03     no limits
    22 beta_A0      0.00000e+00  1.00000e-03     no limits
    23 alpha_phi    0.00000e+00  1.00000e-03     no limits
    24 beta_phi     0.00000e+00  1.00000e-03     no limits
    25 alpha_vw_m_cbo   0.00000e+00  1.00000e-03     no limits
    26 w_vw_m_cbo   1.20584e+01  constant
    27 beta_vw_m_cbo   0.00000e+00  1.00000e-03     no limits
    28 alpha_vw_p_cbo   0.00000e+00  1.00000e-04     no limits
    29 w_vw_p_cbo   1.59923e+01  constant
    30 beta_vw_p_cbo   0.00000e+00  1.00000e-04     no limits
MINUIT - FIT ONLY WIGGLE
 **********
 **    3 **FIX            5
 **********
 PARAMETER    5  IS CONSTANT.   IGNORED.
 **********
 **    4 **FIX            6
 **********
 **********
 **    5 **FIX            7
 **********
 PARAMETER    7  IS CONSTANT.   IGNORED.
 **********
 **    6 **FIX            8
 **********
 **********
 **    7 **FIX            9
 **********
 **********
 **    8 **FIX           10
 **********
 **********
 **    9 **FIX           11
 **********
 **********
 **   10 **FIX           12
 **********
 PARAMETER   12  IS CONSTANT.   IGNORED.
 **********
 **   11 **FIX           13
 **********
 **********
 **   12 **FIX           14
 **********
 **********
 **   13 **FIX           15
 **********
 PARAMETER   15  IS CONSTANT.   IGNORED.
 **********
 **   14 **FIX           16
 **********
 **********
 **   15 **MIGRAD
 **********
 FIRST CALL TO USER FUNCTION AT NEW START POINT, WITH IFLAG=4.
 START MIGRAD MINIMIZATION.  STRATEGY  1.  CONVERGENCE WHEN EDM .LT. 1.00e-04
 FCN=4.31015e+08 FROM MIGRAD    STATUS=INITIATE      845 CALLS         846 TOTAL
                     EDM= unknown      STRATEGY= 1      NO ERROR MATRIX       
  EXT PARAMETER               CURRENT GUESS       STEP         FIRST   
  NO.   NAME      VALUE            ERROR          SIZE      DERIVATIVE 
   1  N0           3.52420e+06   1.00000e+02   0.00000e+00   4.88830e+02
   2  tau          6.43980e+01   constant   
   3  A0           3.54708e-01   1.00000e-04   0.00000e+00   4.89473e+07
   4  phi          4.12300e+00   1.00000e-02   0.00000e+00   5.66511e+07
   5  R           -6.09320e+01   constant   
   6  alpha_CBO    0.00000e+00     fixed    
   7  w_CBO        2.32643e+00   constant   
   8  beta_CBO     0.00000e+00     fixed    
   9  alpha_2CBO   0.00000e+00     fixed    
  10  beta_2CBO    0.00000e+00     fixed    
  11  alpha_y      0.00000e+00     fixed    
  12  w_y          1.38965e+01   constant   
  13  beta_y       0.00000e+00     fixed    
  14  alpha_vw     0.00000e+00     fixed    
  15  w_vw         1.43195e+01   constant   
  16  beta_vw      0.00000e+00     fixed    
  17  LM          -1.56561e-04   constant   
  18  zeta_y       0.00000e+00   constant   
  19  zeta_vw      0.00000e+00   constant   
  20  T_CBO        1.00000e+02   1.00000e+00   0.00000e+00   0.00000e+00
  21  alpha_A0     0.00000e+00   1.00000e-03   0.00000e+00  -1.96530e+07
  22  beta_A0      0.00000e+00   1.00000e-03   0.00000e+00  -6.66352e+07
  23  alpha_phi    0.00000e+00   1.00000e-03   0.00000e+00   6.54776e+07
  24  beta_phi     0.00000e+00   1.00000e-03   0.00000e+00  -3.67934e+06
  25  alpha_vw_m_cbo   0.00000e+00   1.00000e-03   0.00000e+00   1.26076e+07
  26  w_vw_m_cbo   1.20584e+01   constant   
  27  beta_vw_m_cbo   0.00000e+00   1.00000e-03   0.00000e+00  -8.65758e+05
  28  alpha_vw_p_cbo   0.00000e+00   1.00000e-04   0.00000e+00  -6.22914e+06
  29  w_vw_p_cbo   1.59923e+01   constant   
  30  beta_vw_p_cbo   0.00000e+00   1.00000e-04   0.00000e+00   4.50328e+06
 MIGRAD MINIMIZATION HAS CONVERGED.
 FCN=26236.7 FROM MIGRAD    STATUS=CONVERGED    1206 CALLS        1207 TOTAL
                     EDM=7.10577e-07    STRATEGY= 1  ERROR MATRIX UNCERTAINTY   0.6 per cent
  EXT PARAMETER                                   STEP         FIRST   
  NO.   NAME      VALUE            ERROR          SIZE      DERIVATIVE 
   1  N0           1.76106e+06   9.08374e+01   2.08327e-01  -3.21010e-06
   2  tau          6.43980e+01   constant   
   3  A0           3.53897e-01   6.69942e-05  -1.12183e-07  -1.29907e+01
   4  phi          4.11915e+00   1.93949e-04  -4.50410e-07  -1.67867e+00
   5  R           -6.09320e+01   constant   
   6  alpha_CBO    0.00000e+00     fixed    
   7  w_CBO        2.32643e+00   constant   
   8  beta_CBO     0.00000e+00     fixed    
   9  alpha_2CBO   0.00000e+00     fixed    
  10  beta_2CBO    0.00000e+00     fixed    
  11  alpha_y      0.00000e+00     fixed    
  12  w_y          1.38965e+01   constant   
  13  beta_y       0.00000e+00     fixed    
  14  alpha_vw     0.00000e+00     fixed    
  15  w_vw         1.43195e+01   constant   
  16  beta_vw      0.00000e+00     fixed    
  17  LM          -1.56561e-04   constant   
  18  zeta_y       0.00000e+00   constant   
  19  zeta_vw      0.00000e+00   constant   
  20  T_CBO        1.00000e+02   5.20646e+02  -0.00000e+00   0.00000e+00
  21  alpha_A0    -4.33598e-03   2.50259e-04   2.65665e-06   4.86398e-01
  22  beta_A0     -2.36374e-03   2.70114e-04   1.32960e-06   1.86599e+00
  23  alpha_phi   -2.95931e-03   2.78110e-04   4.68871e-07  -1.64584e+00
  24  beta_phi     2.02045e-03   2.46381e-04  -1.28165e-06  -1.75729e+00
  25  alpha_vw_m_cbo  -5.08685e-04   9.34986e-05   1.14423e-06  -7.10213e+00
  26  w_vw_m_cbo   1.20584e+01   constant   
  27  beta_vw_m_cbo   9.79974e-04   7.07994e-05  -2.21227e-07  -1.31071e+01
  28  alpha_vw_p_cbo  -3.58769e-03   9.39684e-05  -1.18443e-06   1.91313e+00
  29  w_vw_p_cbo   1.59923e+01   constant   
  30  beta_vw_p_cbo  -4.02486e-04   6.93184e-05  -9.91261e-08  -7.03882e+00
 EXTERNAL ERROR MATRIX.    NDIM=  31    NPAR= 12    ERR DEF=1
 ELEMENTS ABOVE DIAGONAL ARE NOT PRINTED.
  8.251e+03 
 -5.703e-04  4.488e-09 
 -2.453e-03 -3.705e-10  3.762e-08 
  0.000e+00  0.000e+00  0.000e+00  1.800e+05 
  2.151e-03 -2.029e-09  3.198e-09  0.000e+00  6.263e-08 
  5.898e-03 -1.644e-09 -6.587e-09  0.000e+00 -4.892e-11  7.296e-08 
 -6.210e-03  3.279e-09 -6.430e-10  0.000e+00 -1.508e-08 -7.621e-09  7.735e-08 
  1.268e-03 -2.844e-09  5.258e-09  0.000e+00  1.374e-08  8.608e-09 -2.206e-09  6.070e-08 
 -1.351e-04 -5.293e-10  9.751e-10  0.000e+00  5.183e-09  2.809e-09  3.882e-09 -6.255e-09  8.742e-09 
 -6.747e-06  6.727e-11 -2.572e-09  0.000e+00 -2.897e-09 -3.337e-10  1.263e-09 -3.788e-10 -6.372e-10  5.013e-09 
  5.711e-05  6.054e-10 -9.388e-10  0.000e+00 -5.926e-09 -1.991e-09 -2.455e-09  6.877e-09 -4.071e-09  6.831e-10  8.830e-09 
 -9.889e-05  8.294e-11 -9.973e-10  0.000e+00 -2.200e-09  4.606e-10  1.770e-09 -4.397e-10 -1.635e-10  2.184e-10  2.313e-10 
 -9.889e-05  8.294e-11 -9.973e-10  0.000e+00 -2.200e-09  4.606e-10  1.770e-09 -4.397e-10 -1.635e-10  2.184e-10  2.313e-10  4.805e-09 
 PARAMETER  CORRELATION COEFFICIENTS  
       NO.  GLOBAL      1      3      4     20     21     22     23     24     25     27     28     30
        1  0.35412   1.000 -0.094 -0.139  0.000  0.095  0.240 -0.246  0.057 -0.016 -0.001  0.007 -0.016
        3  0.31891  -0.094  1.000 -0.029  0.000 -0.121 -0.091  0.176 -0.172 -0.084  0.014  0.096  0.018
        4  0.31354  -0.139 -0.029  1.000  0.000  0.066 -0.126 -0.012  0.110  0.054 -0.187 -0.052 -0.074
       20  0.00000   0.000  0.000  0.000  1.000  0.000  0.000  0.000  0.000  0.000  0.000  0.000  0.000
       21  0.53931   0.095 -0.121  0.066  0.000  1.000 -0.001 -0.217  0.223  0.221 -0.164 -0.252 -0.127
       22  0.37679   0.240 -0.091 -0.126  0.000 -0.001  1.000 -0.101  0.129  0.111 -0.017 -0.078  0.025
       23  0.45307  -0.246  0.176 -0.012  0.000 -0.217 -0.101  1.000 -0.032  0.149  0.064 -0.094  0.092
       24  0.56743   0.057 -0.172  0.110  0.000  0.223  0.129 -0.032  1.000 -0.272 -0.022  0.297 -0.026
       25  0.56274  -0.016 -0.084  0.054  0.000  0.221  0.111  0.149 -0.272  1.000 -0.096 -0.463 -0.025
       27  0.25655  -0.001  0.014 -0.187  0.000 -0.164 -0.017  0.064 -0.022 -0.096  1.000  0.103  0.044
       28  0.57025   0.007  0.096 -0.052  0.000 -0.252 -0.078 -0.094  0.297 -0.463  0.103  1.000  0.036
       30  0.16067  -0.016  0.018 -0.074  0.000 -0.127  0.025  0.092 -0.026 -0.025  0.044  0.036  1.000
MINUIT - FIT ONLY 1-CBO + wiggle
 **********
 **   16 **RES 
 **********
                   PARAMETER   16  beta_vw RESTORED TO VARIABLE.
                   PARAMETER   14  alpha_vw RESTORED TO VARIABLE.
                   PARAMETER   13  beta_y RESTORED TO VARIABLE.
                   PARAMETER   11  alpha_y RESTORED TO VARIABLE.
                   PARAMETER   10  beta_2CBO RESTORED TO VARIABLE.
                   PARAMETER    9  alpha_2CBO RESTORED TO VARIABLE.
                   PARAMETER    8  beta_CBO RESTORED TO VARIABLE.
                   PARAMETER    6  alpha_CBO RESTORED TO VARIABLE.
 **********
 **   17 **FIX            8
 **********
 **********
 **   18 **FIX            9
 **********
 **********
 **   19 **FIX           11
 **********
 **********
 **   20 **FIX           12
 **********
 PARAMETER   12  IS CONSTANT.   IGNORED.
 **********
 **   21 **FIX           14
 **********
 **********
 **   22 **FIX           15
 **********
 PARAMETER   15  IS CONSTANT.   IGNORED.
 **********
 **   23 **FIX           16
 **********
 **********
 **   24 **MIGRAD
 **********
 START MIGRAD MINIMIZATION.  STRATEGY  1.  CONVERGENCE WHEN EDM .LT. 1.00e-04
 FCN=26236.7 FROM MIGRAD    STATUS=INITIATE     1225 CALLS        2432 TOTAL
                     EDM= unknown      STRATEGY= 1      NO ERROR MATRIX       
  EXT PARAMETER               CURRENT GUESS       STEP         FIRST   
  NO.   NAME      VALUE            ERROR          SIZE      DERIVATIVE 
   1  N0           1.76106e+06   9.08374e+01   0.00000e+00  -3.21009e-06
   2  tau          6.43980e+01   constant   
   3  A0           3.53897e-01   6.69942e-05   0.00000e+00  -1.29907e+01
   4  phi          4.11915e+00   1.93949e-04   0.00000e+00  -1.67864e+00
   5  R           -6.09320e+01   constant   
   6  alpha_CBO    0.00000e+00   1.00000e-03   0.00000e+00   1.25873e+06
   7  w_CBO        2.32643e+00   constant   
   8  beta_CBO     0.00000e+00     fixed    
   9  alpha_2CBO   0.00000e+00     fixed    
  10  beta_2CBO    0.00000e+00   1.00000e-03   0.00000e+00  -1.60914e+05
  11  alpha_y      0.00000e+00     fixed    
  12  w_y          1.38965e+01   constant   
  13  beta_y       0.00000e+00   1.00000e-03   0.00000e+00  -1.50829e+05
  14  alpha_vw     0.00000e+00     fixed    
  15  w_vw         1.43195e+01   constant   
  16  beta_vw      0.00000e+00     fixed    
  17  LM          -1.56561e-04   constant   
  18  zeta_y       0.00000e+00   constant   
  19  zeta_vw      0.00000e+00   constant   
  20  T_CBO        1.00000e+02   5.20646e+02   0.00000e+00   0.00000e+00
  21  alpha_A0    -4.33598e-03   2.50259e-04   0.00000e+00   4.86403e-01
  22  beta_A0     -2.36374e-03   2.70114e-04   0.00000e+00   1.86599e+00
  23  alpha_phi   -2.95931e-03   2.78110e-04   0.00000e+00  -1.64584e+00
  24  beta_phi     2.02045e-03   2.46381e-04   0.00000e+00  -1.75728e+00
  25  alpha_vw_m_cbo  -5.08685e-04   9.34986e-05   0.00000e+00  -7.10213e+00
  26  w_vw_m_cbo   1.20584e+01   constant   
  27  beta_vw_m_cbo   9.79974e-04   7.07994e-05   0.00000e+00  -1.31071e+01
  28  alpha_vw_p_cbo  -3.58769e-03   9.39684e-05   0.00000e+00   1.91311e+00
  29  w_vw_p_cbo   1.59923e+01   constant   
  30  beta_vw_p_cbo  -4.02486e-04   6.93184e-05   0.00000e+00  -7.03881e+00
 MIGRAD MINIMIZATION HAS CONVERGED.
 FCN=18268.3 FROM MIGRAD    STATUS=CONVERGED    1448 CALLS        2655 TOTAL
                     EDM=5.09604e-07    STRATEGY= 1  ERROR MATRIX UNCERTAINTY   3.9 per cent
  EXT PARAMETER                                   STEP         FIRST   
  NO.   NAME      VALUE            ERROR          SIZE      DERIVATIVE 
   1  N0           1.76103e+06   9.06097e+01  -2.09155e-01   1.73160e-06
   2  tau          6.43980e+01   constant   
   3  A0           3.53455e-01   6.82776e-05  -1.25091e-08  -3.42171e+00
   4  phi          4.12301e+00   2.01064e-04  -2.27637e-07  -2.72939e+00
   5  R           -6.09320e+01   constant   
   6  alpha_CBO   -1.24058e-02   1.40929e-04  -3.41839e-08  -4.21666e-01
   7  w_CBO        2.32643e+00   constant   
   8  beta_CBO     0.00000e+00     fixed    
   9  alpha_2CBO   0.00000e+00     fixed    
  10  beta_2CBO    5.04938e-04   1.32839e-04  -6.79277e-08  -3.72705e+00
  11  alpha_y      0.00000e+00     fixed    
  12  w_y          1.38965e+01   constant   
  13  beta_y       1.59410e-03   1.37036e-04   3.36793e-08  -5.29199e+00
  14  alpha_vw     0.00000e+00     fixed    
  15  w_vw         1.43195e+01   constant   
  16  beta_vw      0.00000e+00     fixed    
  17  LM          -1.56561e-04   constant   
  18  zeta_y       0.00000e+00   constant   
  19  zeta_vw      0.00000e+00   constant   
  20  T_CBO        1.00000e+02   5.20646e+02  -0.00000e+00   0.00000e+00
  21  alpha_A0    -2.29088e-03   2.71731e-04  -1.20912e-07   1.18930e+00
  22  beta_A0     -1.95440e-03   2.74585e-04  -4.98880e-07   5.66959e-01
  23  alpha_phi   -6.87065e-04   2.87450e-04   7.14860e-07   1.23000e+00
  24  beta_phi     2.72612e-03   2.72154e-04  -2.67131e-07   1.60154e+00
  25  alpha_vw_m_cbo  -8.92486e-04   1.38578e-04  -1.60949e-07   1.08002e+00
  26  w_vw_m_cbo   1.20584e+01   constant   
  27  beta_vw_m_cbo   9.43173e-04   1.35640e-04   4.82433e-08   6.73218e-01
  28  alpha_vw_p_cbo  -3.44751e-03   1.36335e-04   5.32626e-08   1.59383e+00
  29  w_vw_p_cbo   1.59923e+01   constant   
  30  beta_vw_p_cbo  -6.01284e-04   1.38289e-04  -1.18104e-07   3.00095e+00
 EXTERNAL ERROR MATRIX.    NDIM=  31    NPAR= 15    ERR DEF=1
 ELEMENTS ABOVE DIAGONAL ARE NOT PRINTED.
  8.210e+03 
 -5.130e-04  4.662e-09 
 -2.350e-03 -9.268e-10  4.043e-08 
  1.048e-04  6.241e-10 -6.503e-09  1.986e-08 
 -4.069e-05 -2.883e-10 -1.830e-09  1.455e-09  1.765e-08 
 -9.346e-05 -1.486e-10 -4.834e-10 -3.019e-10  3.685e-10  1.878e-08 
  0.000e+00  0.000e+00  0.000e+00  0.000e+00  0.000e+00  0.000e+00  1.800e+05 
  3.192e-03 -1.752e-09  3.584e-09 -2.903e-09  1.641e-09  3.452e-10  0.000e+00  7.384e-08 
  5.771e-03 -2.095e-09 -5.089e-09 -2.236e-10  1.981e-09  8.476e-10  0.000e+00  4.841e-09  7.540e-08 
 -5.956e-03  3.080e-09  1.117e-09 -3.577e-09 -3.391e-10  6.187e-10  0.000e+00 -8.899e-09 -4.980e-09  8.263e-08 
  5.651e-04 -1.664e-09  4.275e-09 -1.475e-09 -3.408e-09 -8.723e-11  0.000e+00  7.964e-09  1.594e-09 -7.296e-09  7.407e-08 
 -7.856e-05  2.036e-11 -4.560e-10  5.038e-10 -4.737e-10 -6.483e-10  0.000e+00  2.353e-10 -7.321e-11 -3.685e-10  6.939e-10 
 -7.856e-05  2.036e-11 -4.560e-10  5.038e-10 -4.737e-10 -6.483e-10  0.000e+00  2.353e-10 -7.321e-11 -3.685e-10  6.939e-10  1.920e-08 
 -1.047e-04  1.919e-10 -3.545e-10  9.631e-11  1.201e-10  1.231e-10  0.000e+00 -5.906e-10  2.571e-10  2.565e-10 -7.914e-10 
 -1.047e-04  1.919e-10 -3.545e-10  9.631e-11  1.201e-10  1.231e-10  0.000e+00 -5.906e-10  2.571e-10  2.565e-10 -7.914e-10 -2.062e-11  1.840e-08 
 -7.070e-05  1.611e-10  1.738e-10 -1.780e-10  1.127e-10  1.092e-10  0.000e+00 -5.002e-10 -2.590e-11  1.991e-10 -4.032e-10 
 -7.070e-05  1.611e-10  1.738e-10 -1.780e-10  1.127e-10  1.092e-10  0.000e+00 -5.002e-10 -2.590e-11  1.991e-10 -4.032e-10  6.676e-11  5.561e-13  1.859e-08 
 -1.214e-04  2.566e-10 -6.410e-10  2.769e-10 -2.049e-10 -5.772e-10  0.000e+00 -5.820e-10 -2.232e-11  9.417e-12  2.476e-10 
 -1.214e-04  2.566e-10 -6.410e-10  2.769e-10 -2.049e-10 -5.772e-10  0.000e+00 -5.820e-10 -2.232e-11  9.417e-12  2.476e-10  4.010e-10  1.800e-11  6.249e-11  1.912e-08 
 PARAMETER  CORRELATION COEFFICIENTS  
       NO.  GLOBAL      1      3      4      6     10     13     20     21     22     23     24     25     27     28     30
        1  0.35141   1.000 -0.083 -0.129  0.008 -0.003 -0.008  0.000  0.130  0.232 -0.229  0.023 -0.006 -0.009 -0.006 -0.010
        3  0.23683  -0.083  1.000 -0.068  0.065 -0.032 -0.016  0.000 -0.094 -0.112  0.157 -0.090  0.002  0.021  0.017  0.027
        4  0.29892  -0.129 -0.068  1.000 -0.230 -0.069 -0.018  0.000  0.066 -0.092  0.019  0.078 -0.016 -0.013  0.006 -0.023
        6  0.27383   0.008  0.065 -0.230  1.000  0.078 -0.016  0.000 -0.076 -0.006 -0.088 -0.038  0.026  0.005 -0.009  0.014
       10  0.16222  -0.003 -0.032 -0.069  0.078  1.000  0.020  0.000  0.045  0.054 -0.009 -0.094 -0.026  0.007  0.006 -0.011
       13  0.06560  -0.008 -0.016 -0.018 -0.016  0.020  1.000  0.000  0.009  0.023  0.016 -0.002 -0.034  0.007  0.006 -0.030
       20  0.00000   0.000  0.000  0.000  0.000  0.000  0.000  1.000  0.000  0.000  0.000  0.000  0.000  0.000  0.000  0.000
       21  0.22747   0.130 -0.094  0.066 -0.076  0.045  0.009  0.000  1.000  0.065 -0.114  0.108  0.006 -0.016 -0.014 -0.015
       22  0.26768   0.232 -0.112 -0.092 -0.006  0.054  0.023  0.000  0.065  1.000 -0.063  0.021 -0.002  0.007 -0.001 -0.001
       23  0.30453  -0.229  0.157  0.019 -0.088 -0.009  0.016  0.000 -0.114 -0.063  1.000 -0.093 -0.009  0.007  0.005  0.000
       24  0.19531   0.023 -0.090  0.078 -0.038 -0.094 -0.002  0.000  0.108  0.021 -0.093  1.000  0.018 -0.021 -0.011  0.007
       25  0.06018  -0.006  0.002 -0.016  0.026 -0.026 -0.034  0.000  0.006 -0.002 -0.009  0.018  1.000 -0.001  0.004  0.021
       27  0.03581  -0.009  0.021 -0.013  0.005  0.007  0.007  0.000 -0.016  0.007  0.007 -0.021 -0.001  1.000  0.000  0.001
       28  0.02864  -0.006  0.017  0.006 -0.009  0.006  0.006  0.000 -0.014 -0.001  0.005 -0.011  0.004  0.000  1.000  0.003
       30  0.05504  -0.010  0.027 -0.023  0.014 -0.011 -0.030  0.000 -0.015 -0.001  0.000  0.007  0.021  0.001  0.003  1.000
MINUIT - FIT ONLY 2-CBO
 **********
 **   25 **RES 
 **********
                   PARAMETER   16  beta_vw RESTORED TO VARIABLE.
                   PARAMETER   14  alpha_vw RESTORED TO VARIABLE.
                   PARAMETER   11  alpha_y RESTORED TO VARIABLE.
                   PARAMETER    9  alpha_2CBO RESTORED TO VARIABLE.
                   PARAMETER    8  beta_CBO RESTORED TO VARIABLE.
 **********
 **   26 **FIX            0
 **********
 PARAMETER    0  IS UNDEFINED. IGNORED.
 **********
 **   27 **FIX            1
 **********
 **********
 **   28 **FIX            2
 **********
 PARAMETER    2  IS CONSTANT.   IGNORED.
 **********
 **   29 **FIX            3
 **********
 **********
 **   30 **FIX            4
 **********
 **********
 **   31 **FIX            5
 **********
 PARAMETER    5  IS CONSTANT.   IGNORED.
 **********
 **   32 **FIX            6
 **********
 **********
 **   33 **FIX            7
 **********
 PARAMETER    7  IS CONSTANT.   IGNORED.
 **********
 **   34 **FIX           10
 **********
 **********
 **   35 **FIX           11
 **********
 **********
 **   36 **FIX           12
 **********
 PARAMETER   12  IS CONSTANT.   IGNORED.
 **********
 **   37 **FIX           13
 **********
 **********
 **   38 **FIX           14
 **********
 **********
 **   39 **FIX           15
 **********
 PARAMETER   15  IS CONSTANT.   IGNORED.
 **********
 **   40 **FIX           16
 **********
 **********
 **   41 **MIGRAD
 **********
 START MIGRAD MINIMIZATION.  STRATEGY  1.  CONVERGENCE WHEN EDM .LT. 1.00e-04
 FCN=18268.3 FROM MIGRAD    STATUS=INITIATE      719 CALLS        3374 TOTAL
                     EDM= unknown      STRATEGY= 1      NO ERROR MATRIX       
  EXT PARAMETER               CURRENT GUESS       STEP         FIRST   
  NO.   NAME      VALUE            ERROR          SIZE      DERIVATIVE 
   1  N0           1.76103e+06     fixed    
   2  tau          6.43980e+01   constant   
   3  A0           3.53455e-01     fixed    
   4  phi          4.12301e+00     fixed    
   5  R           -6.09320e+01   constant   
   6  alpha_CBO   -1.24058e-02     fixed    
   7  w_CBO        2.32643e+00   constant   
   8  beta_CBO     0.00000e+00   1.00000e-03   0.00000e+00  -1.26184e+06
   9  alpha_2CBO   0.00000e+00   1.00000e-03   0.00000e+00  -7.07574e+04
  10  beta_2CBO    5.04938e-04     fixed    
  11  alpha_y      0.00000e+00     fixed    
  12  w_y          1.38965e+01   constant   
  13  beta_y       1.59410e-03     fixed    
  14  alpha_vw     0.00000e+00     fixed    
  15  w_vw         1.43195e+01   constant   
  16  beta_vw      0.00000e+00     fixed    
  17  LM          -1.56561e-04   constant   
  18  zeta_y       0.00000e+00   constant   
  19  zeta_vw      0.00000e+00   constant   
  20  T_CBO        1.00000e+02   5.20646e+02   0.00000e+00   0.00000e+00
  21  alpha_A0    -2.29088e-03   2.71731e-04   0.00000e+00   1.18930e+00
  22  beta_A0     -1.95440e-03   2.74585e-04   0.00000e+00   5.66960e-01
  23  alpha_phi   -6.87065e-04   2.87450e-04   0.00000e+00   1.23002e+00
  24  beta_phi     2.72612e-03   2.72154e-04   0.00000e+00   1.60153e+00
  25  alpha_vw_m_cbo  -8.92486e-04   1.38578e-04   0.00000e+00   1.08001e+00
  26  w_vw_m_cbo   1.20584e+01   constant   
  27  beta_vw_m_cbo   9.43173e-04   1.35640e-04   0.00000e+00   6.73218e-01
  28  alpha_vw_p_cbo  -3.44751e-03   1.36335e-04   0.00000e+00   1.59384e+00
  29  w_vw_p_cbo   1.59923e+01   constant   
  30  beta_vw_p_cbo  -6.01284e-04   1.38289e-04   0.00000e+00   3.00094e+00
 MIGRAD MINIMIZATION HAS CONVERGED.
 FCN=10595.9 FROM MIGRAD    STATUS=CONVERGED     859 CALLS        3514 TOTAL
                     EDM=1.38848e-08    STRATEGY= 1  ERROR MATRIX UNCERTAINTY   1.6 per cent
  EXT PARAMETER                                   STEP         FIRST   
  NO.   NAME      VALUE            ERROR          SIZE      DERIVATIVE 
   1  N0           1.76103e+06     fixed    
   2  tau          6.43980e+01   constant   
   3  A0           3.53455e-01     fixed    
   4  phi          4.12301e+00     fixed    
   5  R           -6.09320e+01   constant   
   6  alpha_CBO   -1.24058e-02     fixed    
   7  w_CBO        2.32643e+00   constant   
   8  beta_CBO     1.21546e-02   1.38985e-04   3.18927e-09  -1.14441e-03
   9  alpha_2CBO   8.53856e-05   1.38531e-04  -2.28024e-07  -5.43401e-01
  10  beta_2CBO    5.04938e-04     fixed    
  11  alpha_y      0.00000e+00     fixed    
  12  w_y          1.38965e+01   constant   
  13  beta_y       1.59410e-03     fixed    
  14  alpha_vw     0.00000e+00     fixed    
  15  w_vw         1.43195e+01   constant   
  16  beta_vw      0.00000e+00     fixed    
  17  LM          -1.56561e-04   constant   
  18  zeta_y       0.00000e+00   constant   
  19  zeta_vw      0.00000e+00   constant   
  20  T_CBO        1.00000e+02   5.20646e+02  -0.00000e+00   0.00000e+00
  21  alpha_A0    -2.81669e-03   2.62560e-04   6.84007e-07   3.25212e-01
  22  beta_A0     -2.39845e-03   2.67860e-04   1.81012e-07  -1.90833e-01
  23  alpha_phi   -9.35798e-04   2.77747e-04   1.48957e-07   1.28939e-01
  24  beta_phi    -7.82483e-04   2.72732e-04   2.19332e-08   4.35367e-02
  25  alpha_vw_m_cbo  -9.97299e-04   1.37108e-04  -5.28055e-08  -9.82222e-01
  26  w_vw_m_cbo   1.20584e+01   constant   
  27  beta_vw_m_cbo   8.79130e-04   1.34667e-04   1.08821e-08  -5.18270e-01
  28  alpha_vw_p_cbo  -3.38520e-03   1.36048e-04   4.09347e-08   3.77626e-01
  29  w_vw_p_cbo   1.59923e+01   constant   
  30  beta_vw_p_cbo  -7.31354e-04   1.36071e-04  -5.61284e-08  -6.84313e-01
 EXTERNAL ERROR MATRIX.    NDIM=  31    NPAR= 11    ERR DEF=1
  1.932e-08 
 -9.482e-10  1.919e-08 
  0.000e+00  0.000e+00  1.800e+05 
 -9.526e-10  2.288e-09  0.000e+00  6.894e-08 
 -3.784e-10 -5.090e-09  0.000e+00  1.568e-09  7.175e-08 
 -9.386e-11 -5.606e-09  0.000e+00 -7.548e-09  1.603e-09  7.714e-08 
 -5.560e-09  4.828e-10  0.000e+00  1.559e-09  1.816e-09 -6.872e-09  7.438e-08 
 -1.673e-10 -1.469e-10  0.000e+00  4.957e-10 -3.035e-10 -1.312e-10 -1.560e-10  1.880e-08 
 -1.333e-10  3.642e-10  0.000e+00 -5.301e-10  7.527e-10  3.681e-10 -7.044e-10  2.049e-11  1.814e-08 
  7.564e-11  3.927e-10  0.000e+00 -5.711e-10  3.773e-10  2.842e-11 -3.024e-10  7.055e-11 -1.172e-10  1.851e-08 
 -2.381e-10  3.555e-10  0.000e+00 -1.523e-10  8.070e-11  8.582e-11 -5.607e-10 -2.959e-11 -1.396e-10 -3.451e-11  1.852e-08 
 PARAMETER  CORRELATION COEFFICIENTS  
       NO.  GLOBAL      8      9     20     21     22     23     24     25     27     28     30
        8  0.15908   1.000 -0.049  0.000 -0.026 -0.010 -0.002 -0.147 -0.009 -0.007  0.004 -0.013
        9  0.21435  -0.049  1.000  0.000  0.063 -0.137 -0.146  0.013 -0.008  0.020  0.021  0.019
       20  0.00000   0.000  0.000  1.000  0.000  0.000  0.000  0.000  0.000  0.000  0.000  0.000
       21  0.12420  -0.026  0.063  0.000  1.000  0.022 -0.104  0.022  0.014 -0.015 -0.016 -0.004
       22  0.14688  -0.010 -0.137  0.000  0.022  1.000  0.022  0.025 -0.008  0.021  0.010  0.002
       23  0.19616  -0.002 -0.146  0.000 -0.104  0.022  1.000 -0.091 -0.003  0.010  0.001  0.002
       24  0.17690  -0.147  0.013  0.000  0.022  0.025 -0.091  1.000 -0.004 -0.019 -0.008 -0.015
       25  0.02260  -0.009 -0.008  0.000  0.014 -0.008 -0.003 -0.004  1.000  0.001  0.004 -0.002
       27  0.04392  -0.007  0.020  0.000 -0.015  0.021  0.010 -0.019  0.001  1.000 -0.006 -0.008
       28  0.03312   0.004  0.021  0.000 -0.016  0.010  0.001 -0.008  0.004 -0.006  1.000 -0.002
       30  0.03063  -0.013  0.019  0.000 -0.004  0.002  0.002 -0.015 -0.002 -0.008 -0.002  1.000
MINUIT - FIT wiggle + 1-CBO + 2-CBO
 **********
 **   42 **RES 
 **********
                   PARAMETER   16  beta_vw RESTORED TO VARIABLE.
                   PARAMETER   14  alpha_vw RESTORED TO VARIABLE.
                   PARAMETER   13  beta_y RESTORED TO VARIABLE.
                   PARAMETER   11  alpha_y RESTORED TO VARIABLE.
                   PARAMETER   10  beta_2CBO RESTORED TO VARIABLE.
                   PARAMETER    6  alpha_CBO RESTORED TO VARIABLE.
                   PARAMETER    4  phi RESTORED TO VARIABLE.
                   PARAMETER    3  A0 RESTORED TO VARIABLE.
                   PARAMETER    1  N0 RESTORED TO VARIABLE.
 **********
 **   43 **FIX           10
 **********
 **********
 **   44 **FIX           11
 **********
 **********
 **   45 **FIX           12
 **********
 PARAMETER   12  IS CONSTANT.   IGNORED.
 **********
 **   46 **FIX           13
 **********
 **********
 **   47 **FIX           14
 **********
 **********
 **   48 **FIX           15
 **********
 PARAMETER   15  IS CONSTANT.   IGNORED.
 **********
 **   49 **FIX           16
 **********
 **********
 **   50 **MIGRAD
 **********
 START MIGRAD MINIMIZATION.  STRATEGY  1.  CONVERGENCE WHEN EDM .LT. 1.00e-04
 FCN=10595.9 FROM MIGRAD    STATUS=INITIATE     1219 CALLS        4733 TOTAL
                     EDM= unknown      STRATEGY= 1      NO ERROR MATRIX       
  EXT PARAMETER               CURRENT GUESS       STEP         FIRST   
  NO.   NAME      VALUE            ERROR          SIZE      DERIVATIVE 
   1  N0           1.76103e+06   9.06097e+01   0.00000e+00  -1.91074e-01
   2  tau          6.43980e+01   constant   
   3  A0           3.53455e-01   6.82776e-05   0.00000e+00  -6.12994e+05
   4  phi          4.12301e+00   2.01064e-04   0.00000e+00  -2.80717e+03
   5  R           -6.09320e+01   constant   
   6  alpha_CBO   -1.24058e-02   1.40929e-04   0.00000e+00   4.59204e+04
   7  w_CBO        2.32643e+00   constant   
   8  beta_CBO     1.21546e-02   1.38985e-04   0.00000e+00  -1.14547e-03
   9  alpha_2CBO   8.53856e-05   1.38531e-04   0.00000e+00  -5.43394e-01
  10  beta_2CBO    5.04938e-04     fixed    
  11  alpha_y      0.00000e+00     fixed    
  12  w_y          1.38965e+01   constant   
  13  beta_y       1.59410e-03     fixed    
  14  alpha_vw     0.00000e+00     fixed    
  15  w_vw         1.43195e+01   constant   
  16  beta_vw      0.00000e+00     fixed    
  17  LM          -1.56561e-04   constant   
  18  zeta_y       0.00000e+00   constant   
  19  zeta_vw      0.00000e+00   constant   
  20  T_CBO        1.00000e+02   5.20646e+02   0.00000e+00   0.00000e+00
  21  alpha_A0    -2.81669e-03   2.62560e-04   0.00000e+00   3.25209e-01
  22  beta_A0     -2.39845e-03   2.67860e-04   0.00000e+00  -1.90830e-01
  23  alpha_phi   -9.35798e-04   2.77747e-04   0.00000e+00   1.28926e-01
  24  beta_phi    -7.82483e-04   2.72732e-04   0.00000e+00   4.35218e-02
  25  alpha_vw_m_cbo  -9.97299e-04   1.37108e-04   0.00000e+00  -9.82217e-01
  26  w_vw_m_cbo   1.20584e+01   constant   
  27  beta_vw_m_cbo   8.79130e-04   1.34667e-04   0.00000e+00  -5.18273e-01
  28  alpha_vw_p_cbo  -3.38520e-03   1.36048e-04   0.00000e+00   3.77615e-01
  29  w_vw_p_cbo   1.59923e+01   constant   
  30  beta_vw_p_cbo  -7.31354e-04   1.36071e-04   0.00000e+00  -6.84311e-01
 MIGRAD MINIMIZATION HAS CONVERGED.
 FCN=10090.6 FROM MIGRAD    STATUS=CONVERGED    1440 CALLS        4954 TOTAL
                     EDM=2.70444e-07    STRATEGY= 1  ERROR MATRIX UNCERTAINTY   2.9 per cent
  EXT PARAMETER                                   STEP         FIRST   
  NO.   NAME      VALUE            ERROR          SIZE      DERIVATIVE 
   1  N0           1.76167e+06   9.18645e+01  -1.23839e-01  -8.26424e-06
   2  tau          6.43980e+01   constant   
   3  A0           3.54885e-01   7.00638e-05   1.09001e-07  -1.94118e+00
   4  phi          4.12274e+00   2.03202e-04   6.36097e-09  -1.96241e+00
   5  R           -6.09320e+01   constant   
   6  alpha_CBO   -1.26576e-02   1.38988e-04  -2.70395e-07  -5.47705e-01
   7  w_CBO        2.32643e+00   constant   
   8  beta_CBO     1.29619e-02   1.43519e-04   1.25873e-07   2.44050e-01
   9  alpha_2CBO  -1.09660e-04   1.36013e-04   2.18136e-07   2.53109e+00
  10  beta_2CBO    5.04938e-04     fixed    
  11  alpha_y      0.00000e+00     fixed    
  12  w_y          1.38965e+01   constant   
  13  beta_y       1.59410e-03     fixed    
  14  alpha_vw     0.00000e+00     fixed    
  15  w_vw         1.43195e+01   constant   
  16  beta_vw      0.00000e+00     fixed    
  17  LM          -1.56561e-04   constant   
  18  zeta_y       0.00000e+00   constant   
  19  zeta_vw      0.00000e+00   constant   
  20  T_CBO        1.00000e+02   5.20646e+02  -0.00000e+00   0.00000e+00
  21  alpha_A0    -3.43799e-03   2.74015e-04   6.52358e-07   8.22447e-02
  22  beta_A0     -2.49194e-03   2.81377e-04   1.03589e-08   8.71017e-02
  23  alpha_phi   -5.14937e-04   2.82679e-04   2.22910e-07  -7.42551e-01
  24  beta_phi    -1.52103e-03   2.75135e-04  -3.07890e-07   2.14068e-02
  25  alpha_vw_m_cbo  -1.07632e-03   1.37578e-04  -1.34403e-09  -1.83380e+00
  26  w_vw_m_cbo   1.20584e+01   constant   
  27  beta_vw_m_cbo   9.31262e-04   1.35141e-04  -6.51057e-08  -1.53823e+00
  28  alpha_vw_p_cbo  -3.33311e-03   1.36512e-04   1.85160e-08  -8.12026e-02
  29  w_vw_p_cbo   1.59923e+01   constant   
  30  beta_vw_p_cbo  -7.18240e-04   1.35998e-04  -7.17324e-08  -2.08762e+00
 EXTERNAL ERROR MATRIX.    NDIM=  31    NPAR= 15    ERR DEF=1
 ELEMENTS ABOVE DIAGONAL ARE NOT PRINTED.
  8.439e+03 
 -4.955e-04  4.909e-09 
 -2.936e-03 -3.834e-10  4.129e-08 
 -1.184e-04  6.259e-10 -4.181e-09  1.932e-08 
  9.773e-04  2.339e-09 -4.380e-10 -3.234e-10  2.060e-08 
 -2.098e-04 -7.572e-10  2.916e-09 -1.362e-09 -1.188e-09  1.850e-08 
  0.000e+00  0.000e+00  0.000e+00  0.000e+00  0.000e+00  0.000e+00  1.800e+05 
  2.096e-03 -2.855e-09  5.905e-09 -2.500e-09 -2.015e-09  1.265e-09  0.000e+00  7.508e-08 
  5.243e-03 -1.681e-09 -4.090e-09  3.133e-09 -5.969e-10 -1.265e-09  0.000e+00  1.388e-09  7.917e-08 
 -6.166e-03  3.216e-09 -5.959e-10 -1.707e-09  5.161e-10 -3.341e-09  0.000e+00 -1.057e-08 -7.812e-09  7.991e-08 
  7.260e-04 -2.726e-09  2.841e-09 -1.013e-09 -6.713e-09  9.619e-10  0.000e+00  4.261e-09  1.785e-09 -9.329e-09  7.570e-08 
 -1.221e-04 -1.471e-10 -2.790e-10  1.295e-10 -3.111e-10 -5.862e-11  0.000e+00 -5.034e-11  2.166e-10  2.445e-11 -4.449e-11 
 -1.221e-04 -1.471e-10 -2.790e-10  1.295e-10 -3.111e-10 -5.862e-11  0.000e+00 -5.034e-11  2.166e-10  2.445e-11 -4.449e-11  1.893e-08 
 -6.333e-07  2.329e-10 -4.784e-10  1.203e-10 -5.824e-11  5.750e-12  0.000e+00 -6.239e-11  1.622e-10  5.040e-10 -6.889e-10 
 -6.333e-07  2.329e-10 -4.784e-10  1.203e-10 -5.824e-11  5.750e-12  0.000e+00 -6.239e-11  1.622e-10  5.040e-10 -6.889e-10 -1.618e-11  1.826e-08 
  1.038e-04  1.357e-10  7.136e-11 -9.620e-11  2.343e-10  2.939e-11  0.000e+00  1.513e-10 -2.064e-11  2.115e-11 -2.986e-10 
  1.038e-04  1.357e-10  7.136e-11 -9.620e-11  2.343e-10  2.939e-11  0.000e+00  1.513e-10 -2.064e-11  2.115e-11 -2.986e-10 -2.765e-11 -9.488e-12  1.864e-08 
 -5.704e-05  1.382e-10 -5.083e-10  9.355e-11 -2.224e-10  4.103e-11  0.000e+00  8.056e-11  2.667e-10  3.209e-10 -5.552e-10 
 -5.704e-05  1.382e-10 -5.083e-10  9.355e-11 -2.224e-10  4.103e-11  0.000e+00  8.056e-11  2.667e-10  3.209e-10 -5.552e-10 -3.956e-12 -1.014e-10 -2.037e-11  1.850e-08 
 PARAMETER  CORRELATION COEFFICIENTS  
       NO.  GLOBAL      1      3      4      6      8      9     20     21     22     23     24     25     27     28     30
        1  0.35501   1.000 -0.077 -0.157 -0.009  0.074 -0.017  0.000  0.083  0.203 -0.237  0.029 -0.010 -0.000  0.008 -0.005
        3  0.33681  -0.077  1.000 -0.027  0.064  0.233 -0.079  0.000 -0.149 -0.085  0.162 -0.141 -0.015  0.025  0.014  0.015
        4  0.26756  -0.157 -0.027  1.000 -0.148 -0.015  0.106  0.000  0.106 -0.072 -0.010  0.051 -0.010 -0.017  0.003 -0.018
        6  0.20816  -0.009  0.064 -0.148  1.000 -0.016 -0.072  0.000 -0.066  0.080 -0.043 -0.026  0.007  0.006 -0.005  0.005
        8  0.29486   0.074  0.233 -0.015 -0.016  1.000 -0.061  0.000 -0.051 -0.015  0.013 -0.170 -0.016 -0.003  0.012 -0.011
        9  0.17183  -0.017 -0.079  0.106 -0.072 -0.061  1.000  0.000  0.034 -0.033 -0.087  0.026 -0.003  0.000  0.002  0.002
       20  0.00000   0.000  0.000  0.000  0.000  0.000  0.000  1.000  0.000  0.000  0.000  0.000  0.000  0.000  0.000  0.000
       21  0.22955   0.083 -0.149  0.106 -0.066 -0.051  0.034  0.000  1.000  0.018 -0.136  0.057 -0.001 -0.002  0.004  0.002
       22  0.23910   0.203 -0.085 -0.072  0.080 -0.015 -0.033  0.000  0.018  1.000 -0.098  0.023  0.006  0.004 -0.001  0.007
       23  0.32918  -0.237  0.162 -0.010 -0.043  0.013 -0.087  0.000 -0.136 -0.098  1.000 -0.120  0.001  0.013  0.001  0.008
       24  0.23181   0.029 -0.141  0.051 -0.026 -0.170  0.026  0.000  0.057  0.023 -0.120  1.000 -0.001 -0.019 -0.008 -0.015
       25  0.02699  -0.010 -0.015 -0.010  0.007 -0.016 -0.003  0.000 -0.001  0.006  0.001 -0.001  1.000 -0.001 -0.001 -0.000
       27  0.03756  -0.000  0.025 -0.017  0.006 -0.003  0.000  0.000 -0.002  0.004  0.013 -0.019 -0.001  1.000 -0.001 -0.006
       28  0.02159   0.008  0.014  0.003 -0.005  0.012  0.002  0.000  0.004 -0.001  0.001 -0.008 -0.001 -0.001  1.000 -0.001
       30  0.03470  -0.005  0.015 -0.018  0.005 -0.011  0.002  0.000  0.002  0.007  0.008 -0.015 -0.000 -0.006 -0.001  1.000
MINUIT - FIT ONLY 1-y
 **********
 **   51 **RES 
 **********
                   PARAMETER   16  beta_vw RESTORED TO VARIABLE.
                   PARAMETER   14  alpha_vw RESTORED TO VARIABLE.
                   PARAMETER   13  beta_y RESTORED TO VARIABLE.
                   PARAMETER   11  alpha_y RESTORED TO VARIABLE.
                   PARAMETER   10  beta_2CBO RESTORED TO VARIABLE.
 **********
 **   52 **FIX            0
 **********
 PARAMETER    0  IS UNDEFINED. IGNORED.
 **********
 **   53 **FIX            1
 **********
 **********
 **   54 **FIX            2
 **********
 PARAMETER    2  IS CONSTANT.   IGNORED.
 **********
 **   55 **FIX            3
 **********
 **********
 **   56 **FIX            4
 **********
 **********
 **   57 **FIX            5
 **********
 PARAMETER    5  IS CONSTANT.   IGNORED.
 **********
 **   58 **FIX            6
 **********
 **********
 **   59 **FIX            7
 **********
 PARAMETER    7  IS CONSTANT.   IGNORED.
 **********
 **   60 **FIX            8
 **********
 **********
 **   61 **FIX            9
 **********
 **********
 **   62 **FIX           13
 **********
 **********
 **   63 **FIX           14
 **********
 **********
 **   64 **FIX           15
 **********
 PARAMETER   15  IS CONSTANT.   IGNORED.
 **********
 **   65 **FIX           16
 **********
 **********
 **   66 **MIGRAD
 **********
 START MIGRAD MINIMIZATION.  STRATEGY  1.  CONVERGENCE WHEN EDM .LT. 1.00e-04
 FCN=10090.6 FROM MIGRAD    STATUS=INITIATE      717 CALLS        5671 TOTAL
                     EDM= unknown      STRATEGY= 1      NO ERROR MATRIX       
  EXT PARAMETER               CURRENT GUESS       STEP         FIRST   
  NO.   NAME      VALUE            ERROR          SIZE      DERIVATIVE 
   1  N0           1.76167e+06     fixed    
   2  tau          6.43980e+01   constant   
   3  A0           3.54885e-01     fixed    
   4  phi          4.12274e+00     fixed    
   5  R           -6.09320e+01   constant   
   6  alpha_CBO   -1.26576e-02     fixed    
   7  w_CBO        2.32643e+00   constant   
   8  beta_CBO     1.29619e-02     fixed    
   9  alpha_2CBO  -1.09660e-04     fixed    
  10  beta_2CBO    5.04938e-04   1.32839e-04   0.00000e+00   5.83426e+04
  11  alpha_y      0.00000e+00   1.00000e-03   0.00000e+00  -3.45467e+04
  12  w_y          1.38965e+01   constant   
  13  beta_y       1.59410e-03     fixed    
  14  alpha_vw     0.00000e+00     fixed    
  15  w_vw         1.43195e+01   constant   
  16  beta_vw      0.00000e+00     fixed    
  17  LM          -1.56561e-04   constant   
  18  zeta_y       0.00000e+00   constant   
  19  zeta_vw      0.00000e+00   constant   
  20  T_CBO        1.00000e+02   5.20646e+02   0.00000e+00   0.00000e+00
  21  alpha_A0    -3.43799e-03   2.74015e-04   0.00000e+00   8.22460e-02
  22  beta_A0     -2.49194e-03   2.81377e-04   0.00000e+00   8.71036e-02
  23  alpha_phi   -5.14937e-04   2.82679e-04   0.00000e+00  -7.42534e-01
  24  beta_phi    -1.52103e-03   2.75135e-04   0.00000e+00   2.14216e-02
  25  alpha_vw_m_cbo  -1.07632e-03   1.37578e-04   0.00000e+00  -1.83380e+00
  26  w_vw_m_cbo   1.20584e+01   constant   
  27  beta_vw_m_cbo   9.31262e-04   1.35141e-04   0.00000e+00  -1.53823e+00
  28  alpha_vw_p_cbo  -3.33311e-03   1.36512e-04   0.00000e+00  -8.11969e-02
  29  w_vw_p_cbo   1.59923e+01   constant   
  30  beta_vw_p_cbo  -7.18240e-04   1.35998e-04   0.00000e+00  -2.08762e+00
 MIGRAD MINIMIZATION HAS CONVERGED.
 MIGRAD WILL VERIFY CONVERGENCE AND ERROR MATRIX.
  MNHESS FAILS AND WILL RETURN DIAGONAL MATRIX. 
 FCN=10068.1 FROM MIGRAD    STATUS=CONVERGED     817 CALLS        5771 TOTAL
                     EDM=1.4734e-06    STRATEGY= 1  ERROR MATRIX UNCERTAINTY 100.0 per cent
  EXT PARAMETER                APPROXIMATE        STEP         FIRST   
  NO.   NAME      VALUE            ERROR          SIZE      DERIVATIVE 
   1  N0           1.76167e+06     fixed    
   2  tau          6.43980e+01   constant   
   3  A0           3.54885e-01     fixed    
   4  phi          4.12274e+00     fixed    
   5  R           -6.09320e+01   constant   
   6  alpha_CBO   -1.26576e-02     fixed    
   7  w_CBO        2.32643e+00   constant   
   8  beta_CBO     1.29619e-02     fixed    
   9  alpha_2CBO  -1.09660e-04     fixed    
  10  beta_2CBO   -7.47200e-05   1.37534e-04   6.73871e-06   7.31042e-01
  11  alpha_y      3.24561e-04   1.36939e-04   6.70952e-06   1.45333e+00
  12  w_y          1.38965e+01   constant   
  13  beta_y       1.59410e-03     fixed    
  14  alpha_vw     0.00000e+00     fixed    
  15  w_vw         1.43195e+01   constant   
  16  beta_vw      0.00000e+00     fixed    
  17  LM          -1.56561e-04   constant   
  18  zeta_y       0.00000e+00   constant   
  19  zeta_vw      0.00000e+00   constant   
  20  T_CBO        1.00000e+02   7.59439e+02  -0.00000e+00   0.00000e+00
  21  alpha_A0    -3.60586e-03   2.59565e-04  -6.77203e-07   7.87775e-01
  22  beta_A0     -2.52826e-03   2.63322e-04  -4.27884e-07  -2.87630e-01
  23  alpha_phi   -5.28868e-04   2.71671e-04   7.40837e-08   1.16575e+00
  24  beta_phi    -1.35548e-03   2.67685e-04   8.39800e-07  -5.80818e-01
  25  alpha_vw_m_cbo  -1.08220e-03   1.37334e-04  -1.51460e-07   5.43592e+00
  26  w_vw_m_cbo   1.20584e+01   constant   
  27  beta_vw_m_cbo   9.54817e-04   1.35398e-04  -7.64433e-07   8.77727e+00
  28  alpha_vw_p_cbo  -3.35789e-03   1.36358e-04   1.43088e-06  -5.12170e+00
  29  w_vw_p_cbo   1.59923e+01   constant   
  30  beta_vw_p_cbo  -7.12015e-04   1.36353e-04  -7.09091e-07  -9.29728e+00
 EXTERNAL ERROR MATRIX.    NDIM=  31    NPAR= 11    ERR DEF=1
  1.892e-08 
  0.000e+00  1.875e-08 
  0.000e+00  0.000e+00  5.421e+05 
  0.000e+00  0.000e+00  0.000e+00  6.737e-08 
  0.000e+00  0.000e+00  0.000e+00  0.000e+00  6.934e-08 
  0.000e+00  0.000e+00  0.000e+00  0.000e+00  0.000e+00  7.381e-08 
  0.000e+00  0.000e+00  0.000e+00  0.000e+00  0.000e+00  0.000e+00  7.166e-08 
  0.000e+00  0.000e+00  0.000e+00  0.000e+00  0.000e+00  0.000e+00  0.000e+00  1.886e-08 
  0.000e+00  0.000e+00  0.000e+00  0.000e+00  0.000e+00  0.000e+00  0.000e+00  0.000e+00  1.833e-08 
  0.000e+00  0.000e+00  0.000e+00  0.000e+00  0.000e+00  0.000e+00  0.000e+00  0.000e+00  0.000e+00  1.859e-08 
  0.000e+00  0.000e+00  0.000e+00  0.000e+00  0.000e+00  0.000e+00  0.000e+00  0.000e+00  0.000e+00  0.000e+00  1.859e-08 
ERR MATRIX APPROXIMATE
 PARAMETER  CORRELATION COEFFICIENTS  
       NO.  GLOBAL     10     11     20     21     22     23     24     25     27     28     30
       10  0.00000   1.000  0.000  0.000  0.000  0.000  0.000  0.000  0.000  0.000  0.000  0.000
       11  0.00000   0.000  1.000  0.000  0.000  0.000  0.000  0.000  0.000  0.000  0.000  0.000
       20  0.00000   0.000  0.000  1.000  0.000  0.000  0.000  0.000  0.000  0.000  0.000  0.000
       21  0.00000   0.000  0.000  0.000  1.000  0.000  0.000  0.000  0.000  0.000  0.000  0.000
       22  0.00000   0.000  0.000  0.000  0.000  1.000  0.000  0.000  0.000  0.000  0.000  0.000
       23  0.00000   0.000  0.000  0.000  0.000  0.000  1.000  0.000  0.000  0.000  0.000  0.000
       24  0.00000   0.000  0.000  0.000  0.000  0.000  0.000  1.000  0.000  0.000  0.000  0.000
       25  0.00000   0.000  0.000  0.000  0.000  0.000  0.000  0.000  1.000  0.000  0.000  0.000
       27  0.00000   0.000  0.000  0.000  0.000  0.000  0.000  0.000  0.000  1.000  0.000  0.000
       28  0.00000   0.000  0.000  0.000  0.000  0.000  0.000  0.000  0.000  0.000  1.000  0.000
       30  0.00000   0.000  0.000  0.000  0.000  0.000  0.000  0.000  0.000  0.000  0.000  1.000
 ERR MATRIX APPROXIMATE
MINUIT - FIT ONLY 2-y
 **********
 **   67 **RES 
 **********
                   PARAMETER   16  beta_vw RESTORED TO VARIABLE.
                   PARAMETER   14  alpha_vw RESTORED TO VARIABLE.
                   PARAMETER   13  beta_y RESTORED TO VARIABLE.
                   PARAMETER    9  alpha_2CBO RESTORED TO VARIABLE.
                   PARAMETER    8  beta_CBO RESTORED TO VARIABLE.
                   PARAMETER    6  alpha_CBO RESTORED TO VARIABLE.
                   PARAMETER    4  phi RESTORED TO VARIABLE.
                   PARAMETER    3  A0 RESTORED TO VARIABLE.
                   PARAMETER    1  N0 RESTORED TO VARIABLE.
 **********
 **   68 **FIX            0
 **********
 PARAMETER    0  IS UNDEFINED. IGNORED.
 **********
 **   69 **FIX            1
 **********
 **********
 **   70 **FIX            2
 **********
 PARAMETER    2  IS CONSTANT.   IGNORED.
 **********
 **   71 **FIX            3
 **********
 **********
 **   72 **FIX            4
 **********
 **********
 **   73 **FIX            5
 **********
 PARAMETER    5  IS CONSTANT.   IGNORED.
 **********
 **   74 **FIX            6
 **********
 **********
 **   75 **FIX            7
 **********
 PARAMETER    7  IS CONSTANT.   IGNORED.
 **********
 **   76 **FIX            8
 **********
 **********
 **   77 **FIX            9
 **********
 **********
 **   78 **FIX           10
 **********
 **********
 **   79 **FIX           11
 **********
 **********
 **   80 **FIX           12
 **********
 PARAMETER   12  IS CONSTANT.   IGNORED.
 **********
 **   81 **FIX           16
 **********
 **********
 **   82 **MIGRAD
 **********
 START MIGRAD MINIMIZATION.  STRATEGY  1.  CONVERGENCE WHEN EDM .LT. 1.00e-04
 FCN=10068.1 FROM MIGRAD    STATUS=INITIATE      717 CALLS        6488 TOTAL
                     EDM= unknown      STRATEGY= 1      NO ERROR MATRIX       
  EXT PARAMETER               CURRENT GUESS       STEP         FIRST   
  NO.   NAME      VALUE            ERROR          SIZE      DERIVATIVE 
   1  N0           1.76167e+06     fixed    
   2  tau          6.43980e+01   constant   
   3  A0           3.54885e-01     fixed    
   4  phi          4.12274e+00     fixed    
   5  R           -6.09320e+01   constant   
   6  alpha_CBO   -1.26576e-02     fixed    
   7  w_CBO        2.32643e+00   constant   
   8  beta_CBO     1.29619e-02     fixed    
   9  alpha_2CBO  -1.09660e-04     fixed    
  10  beta_2CBO   -7.47200e-05     fixed    
  11  alpha_y      3.24561e-04     fixed    
  12  w_y          1.38965e+01   constant   
  13  beta_y       1.59410e-03   1.37036e-04   0.00000e+00  -1.40088e+04
  14  alpha_vw     0.00000e+00   1.00000e-03   0.00000e+00  -9.77873e+05
  15  w_vw         1.43195e+01   constant   
  16  beta_vw      0.00000e+00     fixed    
  17  LM          -1.56561e-04   constant   
  18  zeta_y       0.00000e+00   constant   
  19  zeta_vw      0.00000e+00   constant   
  20  T_CBO        1.00000e+02   7.59439e+02   0.00000e+00   0.00000e+00
  21  alpha_A0    -3.60586e-03   2.59565e-04   0.00000e+00   7.87774e-01
  22  beta_A0     -2.52826e-03   2.63322e-04   0.00000e+00  -2.87629e-01
  23  alpha_phi   -5.28868e-04   2.71671e-04   0.00000e+00   1.16574e+00
  24  beta_phi    -1.35548e-03   2.67685e-04   0.00000e+00  -5.80809e-01
  25  alpha_vw_m_cbo  -1.08220e-03   1.37334e-04   0.00000e+00   5.43592e+00
  26  w_vw_m_cbo   1.20584e+01   constant   
  27  beta_vw_m_cbo   9.54817e-04   1.35398e-04   0.00000e+00   8.77727e+00
  28  alpha_vw_p_cbo  -3.35789e-03   1.36358e-04   0.00000e+00  -5.12169e+00
  29  w_vw_p_cbo   1.59923e+01   constant   
  30  beta_vw_p_cbo  -7.12015e-04   1.36353e-04   0.00000e+00  -9.29728e+00
 MIGRAD MINIMIZATION HAS CONVERGED.
 MIGRAD WILL VERIFY CONVERGENCE AND ERROR MATRIX.
  MNHESS FAILS AND WILL RETURN DIAGONAL MATRIX. 
 FCN=4836.43 FROM MIGRAD    STATUS=CONVERGED     841 CALLS        6612 TOTAL
                     EDM=1.63262e-06    STRATEGY= 1  ERROR MATRIX UNCERTAINTY 100.0 per cent
  EXT PARAMETER                APPROXIMATE        STEP         FIRST   
  NO.   NAME      VALUE            ERROR          SIZE      DERIVATIVE 
   1  N0           1.76167e+06     fixed    
   2  tau          6.43980e+01   constant   
   3  A0           3.54885e-01     fixed    
   4  phi          4.12274e+00     fixed    
   5  R           -6.09320e+01   constant   
   6  alpha_CBO   -1.26576e-02     fixed    
   7  w_CBO        2.32643e+00   constant   
   8  beta_CBO     1.29619e-02     fixed    
   9  alpha_2CBO  -1.09660e-04     fixed    
  10  beta_2CBO   -7.47200e-05     fixed    
  11  alpha_y      3.24561e-04     fixed    
  12  w_y          1.38965e+01   constant   
  13  beta_y      -2.02981e-03   1.35781e-04   4.61123e-06   1.13279e+00
  14  alpha_vw     1.07522e-02   1.36048e-04   4.62028e-06   2.43949e+00
  15  w_vw         1.43195e+01   constant   
  16  beta_vw      0.00000e+00     fixed    
  17  LM          -1.56561e-04   constant   
  18  zeta_y       0.00000e+00   constant   
  19  zeta_vw      0.00000e+00   constant   
  20  T_CBO        1.00000e+02   9.44762e+02  -0.00000e+00   0.00000e+00
  21  alpha_A0    -3.23030e-03   2.59545e-04   2.09097e-06  -6.63722e-01
  22  beta_A0     -2.59080e-03   2.63324e-04  -2.62601e-07  -1.81894e+00
  23  alpha_phi   -6.54891e-04   2.71734e-04  -1.24950e-07   7.43885e+00
  24  beta_phi    -1.68880e-03   2.67627e-04   1.52199e-06  -2.53125e+00
  25  alpha_vw_m_cbo   1.61176e-04   1.37335e-04   2.88763e-07   1.24501e+00
  26  w_vw_m_cbo   1.20584e+01   constant   
  27  beta_vw_m_cbo   7.19961e-04   1.35399e-04   6.70561e-07  -4.63577e+00
  28  alpha_vw_p_cbo  -1.90083e-03   1.36359e-04   2.59134e-08  -2.77048e+00
  29  w_vw_p_cbo   1.59923e+01   constant   
  30  beta_vw_p_cbo   1.12357e-03   1.36354e-04  -5.05000e-07   9.18322e-01
 EXTERNAL ERROR MATRIX.    NDIM=  31    NPAR= 11    ERR DEF=1
  1.844e-08 
  0.000e+00  1.851e-08 
  0.000e+00  0.000e+00  1.153e+06 
  0.000e+00  0.000e+00  0.000e+00  6.736e-08 
  0.000e+00  0.000e+00  0.000e+00  0.000e+00  6.934e-08 
  0.000e+00  0.000e+00  0.000e+00  0.000e+00  0.000e+00  7.384e-08 
  0.000e+00  0.000e+00  0.000e+00  0.000e+00  0.000e+00  0.000e+00  7.162e-08 
  0.000e+00  0.000e+00  0.000e+00  0.000e+00  0.000e+00  0.000e+00  0.000e+00  1.886e-08 
  0.000e+00  0.000e+00  0.000e+00  0.000e+00  0.000e+00  0.000e+00  0.000e+00  0.000e+00  1.833e-08 
  0.000e+00  0.000e+00  0.000e+00  0.000e+00  0.000e+00  0.000e+00  0.000e+00  0.000e+00  0.000e+00  1.859e-08 
  0.000e+00  0.000e+00  0.000e+00  0.000e+00  0.000e+00  0.000e+00  0.000e+00  0.000e+00  0.000e+00  0.000e+00  1.859e-08 
ERR MATRIX APPROXIMATE
 PARAMETER  CORRELATION COEFFICIENTS  
       NO.  GLOBAL     13     14     20     21     22     23     24     25     27     28     30
       13  0.00000   1.000  0.000  0.000  0.000  0.000  0.000  0.000  0.000  0.000  0.000  0.000
       14  0.00000   0.000  1.000  0.000  0.000  0.000  0.000  0.000  0.000  0.000  0.000  0.000
       20  0.00000   0.000  0.000  1.000  0.000  0.000  0.000  0.000  0.000  0.000  0.000  0.000
       21  0.00000   0.000  0.000  0.000  1.000  0.000  0.000  0.000  0.000  0.000  0.000  0.000
       22  0.00000   0.000  0.000  0.000  0.000  1.000  0.000  0.000  0.000  0.000  0.000  0.000
       23  0.00000   0.000  0.000  0.000  0.000  0.000  1.000  0.000  0.000  0.000  0.000  0.000
       24  0.00000   0.000  0.000  0.000  0.000  0.000  0.000  1.000  0.000  0.000  0.000  0.000
       25  0.00000   0.000  0.000  0.000  0.000  0.000  0.000  0.000  1.000  0.000  0.000  0.000
       27  0.00000   0.000  0.000  0.000  0.000  0.000  0.000  0.000  0.000  1.000  0.000  0.000
       28  0.00000   0.000  0.000  0.000  0.000  0.000  0.000  0.000  0.000  0.000  1.000  0.000
       30  0.00000   0.000  0.000  0.000  0.000  0.000  0.000  0.000  0.000  0.000  0.000  1.000
 ERR MATRIX APPROXIMATE
MINUIT - FIT ALTOGETHER
 **********
 **   83 **RES 
 **********
                   PARAMETER   16  beta_vw RESTORED TO VARIABLE.
                   PARAMETER   11  alpha_y RESTORED TO VARIABLE.
                   PARAMETER   10  beta_2CBO RESTORED TO VARIABLE.
                   PARAMETER    9  alpha_2CBO RESTORED TO VARIABLE.
                   PARAMETER    8  beta_CBO RESTORED TO VARIABLE.
                   PARAMETER    6  alpha_CBO RESTORED TO VARIABLE.
                   PARAMETER    4  phi RESTORED TO VARIABLE.
                   PARAMETER    3  A0 RESTORED TO VARIABLE.
                   PARAMETER    1  N0 RESTORED TO VARIABLE.
 **********
 **   84 **MIGRAD
 **********
 START MIGRAD MINIMIZATION.  STRATEGY  1.  CONVERGENCE WHEN EDM .LT. 1.00e-04
 FCN=4836.43 FROM MIGRAD    STATUS=INITIATE     2031 CALLS        8643 TOTAL
                     EDM= unknown      STRATEGY= 1      NO ERROR MATRIX       
  EXT PARAMETER               CURRENT GUESS       STEP         FIRST   
  NO.   NAME      VALUE            ERROR          SIZE      DERIVATIVE 
   1  N0           1.76167e+06   9.18645e+01   0.00000e+00   2.68724e-02
   2  tau          6.43980e+01   constant   
   3  A0           3.54885e-01   7.00638e-05   0.00000e+00   2.14281e+04
   4  phi          4.12274e+00   2.03202e-04   0.00000e+00   4.02733e+03
   5  R           -6.09320e+01   constant   
   6  alpha_CBO   -1.26576e-02   1.38988e-04   0.00000e+00  -1.64361e+04
   7  w_CBO        2.32643e+00   constant   
   8  beta_CBO     1.29619e-02   1.43519e-04   0.00000e+00   1.84245e+04
   9  alpha_2CBO  -1.09660e-04   1.36013e-04   0.00000e+00   4.48232e+02
  10  beta_2CBO   -7.47200e-05   1.37534e-04   0.00000e+00  -2.32938e+04
  11  alpha_y      3.24561e-04   1.36939e-04   0.00000e+00  -1.51364e+05
  12  w_y          1.38965e+01   constant   
  13  beta_y      -2.02981e-03   1.35781e-04   0.00000e+00   1.13279e+00
  14  alpha_vw     1.07522e-02   1.36048e-04   0.00000e+00   2.43949e+00
  15  w_vw         1.43195e+01   constant   
  16  beta_vw      0.00000e+00   1.00000e-03   0.00000e+00   8.94909e+05
  17  LM          -1.56561e-04   constant   
  18  zeta_y       0.00000e+00   constant   
  19  zeta_vw      0.00000e+00   constant   
  20  T_CBO        1.00000e+02   9.44762e+02   0.00000e+00   0.00000e+00
  21  alpha_A0    -3.23030e-03   2.59545e-04   0.00000e+00  -6.63717e-01
  22  beta_A0     -2.59080e-03   2.63324e-04   0.00000e+00  -1.81893e+00
  23  alpha_phi   -6.54891e-04   2.71734e-04   0.00000e+00   7.43879e+00
  24  beta_phi    -1.68880e-03   2.67627e-04   0.00000e+00  -2.53125e+00
  25  alpha_vw_m_cbo   1.61176e-04   1.37335e-04   0.00000e+00   1.24500e+00
  26  w_vw_m_cbo   1.20584e+01   constant   
  27  beta_vw_m_cbo   7.19961e-04   1.35399e-04   0.00000e+00  -4.63577e+00
  28  alpha_vw_p_cbo  -1.90083e-03   1.36359e-04   0.00000e+00  -2.77048e+00
  29  w_vw_p_cbo   1.59923e+01   constant   
  30  beta_vw_p_cbo   1.12357e-03   1.36354e-04   0.00000e+00   9.18321e-01
 MIGRAD MINIMIZATION HAS CONVERGED.
 FCN=705.92 FROM MIGRAD    STATUS=CONVERGED    2323 CALLS        8935 TOTAL
                     EDM=3.62017e-06    STRATEGY= 1  ERROR MATRIX UNCERTAINTY   1.5 per cent
  EXT PARAMETER                                   STEP         FIRST   
  NO.   NAME      VALUE            ERROR          SIZE      DERIVATIVE 
   1  N0           1.76172e+06   8.40439e+01   1.71742e-01   4.13730e-06
   2  tau          6.43980e+01   constant   
   3  A0           3.54856e-01   6.46436e-05  -1.52955e-08   2.72795e+00
   4  phi          4.12283e+00   1.95180e-04  -3.45798e-07   8.26942e+00
   5  R           -6.09320e+01   constant   
   6  alpha_CBO   -1.27354e-02   1.40269e-04   4.62808e-07  -2.25630e+00
   7  w_CBO        2.32643e+00   constant   
   8  beta_CBO     1.29190e-02   1.36848e-04  -2.75677e-07  -1.13785e+01
   9  alpha_2CBO  -3.83589e-05   1.31965e-04   6.00148e-07   5.38875e+00
  10  beta_2CBO   -5.66738e-05   1.45120e-04   6.65353e-07  -1.57773e+00
  11  alpha_y     -1.75649e-03   1.51746e-04  -1.73526e-07   4.63873e-01
  12  w_y          1.38965e+01   constant   
  13  beta_y      -3.08968e-03   1.51591e-04   6.78142e-07  -2.62716e+00
  14  alpha_vw     1.09344e-02   1.56449e-04  -8.42891e-07   5.37061e+00
  15  w_vw         1.43195e+01   constant   
  16  beta_vw     -9.58400e-03   1.51415e-04  -1.94709e-08   4.44110e-02
  17  LM          -1.56561e-04   constant   
  18  zeta_y       0.00000e+00   constant   
  19  zeta_vw      0.00000e+00   constant   
  20  T_CBO        1.00000e+02   5.20646e+02  -0.00000e+00   0.00000e+00
  21  alpha_A0    -3.50782e-03   2.59308e-04  -2.24803e-07   1.02759e+00
  22  beta_A0     -2.71448e-03   2.59579e-04   1.32310e-07   3.99753e+00
  23  alpha_phi   -7.11003e-04   2.62786e-04   1.20797e-06   3.16406e+00
  24  beta_phi    -1.26126e-03   2.72605e-04  -4.15425e-07   4.32554e+00
  25  alpha_vw_m_cbo  -2.72721e-04   1.39958e-04  -4.49145e-08   9.03927e+00
  26  w_vw_m_cbo   1.20584e+01   constant   
  27  beta_vw_m_cbo  -2.24787e-04   1.38699e-04  -8.99830e-07   9.12041e+00
  28  alpha_vw_p_cbo  -2.70847e-04   1.42484e-04  -9.21411e-08   9.01008e-01
  29  w_vw_p_cbo   1.59923e+01   constant   
  30  beta_vw_p_cbo   3.87509e-04   1.43663e-04   3.58688e-08  -5.85301e+00
 EXTERNAL ERROR MATRIX.    NDIM=  31    NPAR= 20    ERR DEF=1
 ELEMENTS ABOVE DIAGONAL ARE NOT PRINTED.
  7.063e+03 
  1.681e-04  4.179e-09 
  2.655e-04  1.695e-10  3.810e-08 
 -7.605e-04  1.315e-10 -1.943e-09  1.968e-08 
  1.323e-04  2.926e-10  6.443e-10 -1.001e-09  1.873e-08 
 -3.321e-04 -5.898e-11 -3.677e-10  5.795e-11  3.958e-10  1.741e-08 
 -8.623e-04  4.525e-11 -2.317e-09  1.705e-09 -1.011e-09 -1.053e-10  2.106e-08 
 -5.190e-04  1.733e-10 -8.123e-10  4.556e-10 -5.602e-10  7.489e-12  5.075e-10  2.303e-08 
  6.724e-04 -3.866e-10  2.399e-10 -2.941e-10  4.268e-10  3.393e-10 -1.568e-10 -1.049e-09  2.298e-08 
  4.599e-05 -1.445e-10  5.340e-11  1.201e-09  4.197e-10 -1.045e-10  8.896e-10  2.625e-09 -6.410e-09  2.448e-08 
 -4.403e-04 -1.723e-11 -6.128e-10  7.002e-10 -4.402e-10 -1.525e-10  6.735e-10  8.596e-09  2.152e-09  6.418e-11  2.293e-08 
  0.000e+00  0.000e+00  0.000e+00  0.000e+00  0.000e+00  0.000e+00  0.000e+00  0.000e+00  0.000e+00  0.000e+00  0.000e+00 
  0.000e+00  0.000e+00  0.000e+00  0.000e+00  0.000e+00  0.000e+00  0.000e+00  0.000e+00  0.000e+00  0.000e+00  0.000e+00  1.800e+05 
  1.276e-04 -1.217e-10 -1.974e-10  5.630e-10 -2.212e-10  3.688e-10  6.832e-10  5.582e-10 -6.361e-10  2.785e-11  7.381e-10 
  1.276e-04 -1.217e-10 -1.974e-10  5.630e-10 -2.212e-10  3.688e-10  6.832e-10  5.582e-10 -6.361e-10  2.785e-11  7.381e-10  0.000e+00  6.724e-08 
  4.574e-04 -5.325e-10  6.329e-10  3.452e-10  1.080e-09 -6.493e-10 -6.729e-12  5.735e-10 -3.292e-10 -1.617e-09  3.532e-10 
  4.574e-04 -5.325e-10  6.329e-10  3.452e-10  1.080e-09 -6.493e-10 -6.729e-12  5.735e-10 -3.292e-10 -1.617e-09  3.532e-10  0.000e+00 -1.894e-10  6.738e-08 
 -1.569e-03  4.764e-10 -1.866e-09 -1.081e-10 -6.663e-10 -1.443e-09 -1.088e-11 -7.774e-11  1.117e-09  1.839e-09  2.034e-10 
 -1.569e-03  4.764e-10 -1.866e-09 -1.081e-10 -6.663e-10 -1.443e-09 -1.088e-11 -7.774e-11  1.117e-09  1.839e-09  2.034e-10  0.000e+00  1.373e-09  9.785e-10  6.906e-08 
  3.053e-04  3.456e-10  2.168e-09 -2.759e-09  5.050e-10 -2.109e-10 -3.094e-09 -1.950e-09  1.295e-09 -6.092e-10 -1.420e-09 
  3.053e-04  3.456e-10  2.168e-09 -2.759e-09  5.050e-10 -2.109e-10 -3.094e-09 -1.950e-09  1.295e-09 -6.092e-10 -1.420e-09  0.000e+00 -2.952e-10  1.506e-09 -2.674e-09  7.431e-08 
 -3.118e-04  7.542e-11 -6.225e-10  4.574e-10 -2.048e-10 -4.878e-11  4.926e-10  1.091e-09 -2.244e-09  2.586e-09  1.193e-09 
 -3.118e-04  7.542e-11 -6.225e-10  4.574e-10 -2.048e-10 -4.878e-11  4.926e-10  1.091e-09 -2.244e-09  2.586e-09  1.193e-09  0.000e+00  1.862e-10 -1.085e-10  2.169e-11 -1.227e-09  1.959e-08 
  1.087e-04  1.937e-11  5.147e-10  3.951e-11 -6.578e-10  5.363e-10  1.416e-10  1.871e-09  2.754e-11  2.287e-10  2.437e-09 
  1.087e-04  1.937e-11  5.147e-10  3.951e-11 -6.578e-10  5.363e-10  1.416e-10  1.871e-09  2.754e-11  2.287e-10  2.437e-09  0.000e+00  9.528e-11  8.451e-10  1.187e-09  2.520e-10  4.492e-10  1.924e-08 
  1.216e-04  2.640e-10  9.143e-11 -5.799e-10  3.587e-11  5.096e-10 -4.991e-10 -2.851e-09 -2.537e-09  2.300e-09 -4.157e-09 
  1.216e-04  2.640e-10  9.143e-11 -5.799e-10  3.587e-11  5.096e-10 -4.991e-10 -2.851e-09 -2.537e-09  2.300e-09 -4.157e-09  0.000e+00 -5.464e-10  4.178e-10 -2.329e-10 -1.490e-10 -1.836e-10 -1.628e-09  2.030e-08 
 -2.934e-04  1.676e-10 -7.424e-10  4.433e-10 -2.254e-11  5.377e-11  4.262e-10  1.589e-09 -2.927e-09  3.675e-09  1.939e-09 
 -2.934e-04  1.676e-10 -7.424e-10  4.433e-10 -2.254e-11  5.377e-11  4.262e-10  1.589e-09 -2.927e-09  3.675e-09  1.939e-09  0.000e+00  8.291e-11 -1.930e-10  2.288e-13 -1.601e-09  1.085e-09 -1.349e-11  1.906e-10  2.064e-08 
 PARAMETER  CORRELATION COEFFICIENTS  
       NO.  GLOBAL      1      3      4      6      8      9     10     11     13     14     16     20     21     22     23     24
        1  0.15342   1.000  0.031  0.016 -0.065  0.012 -0.030 -0.071 -0.041  0.053  0.003 -0.035  0.000  0.006  0.021 -0.071  0.013
        3  0.10130   0.031  1.000  0.013  0.015  0.033 -0.007  0.005  0.018 -0.039 -0.014 -0.002  0.000 -0.007 -0.032  0.028  0.020
        4  0.12715   0.016  0.013  1.000 -0.071  0.024 -0.014 -0.082 -0.027  0.008  0.002 -0.021  0.000 -0.004  0.012 -0.036  0.041
        6  0.16164  -0.065  0.015 -0.071  1.000 -0.052  0.003  0.084  0.021 -0.014  0.055  0.033  0.000  0.015  0.009 -0.003 -0.072
        8  0.10948   0.012  0.033  0.024 -0.052  1.000  0.022 -0.051 -0.027  0.021  0.020 -0.021  0.000 -0.006  0.030 -0.019  0.014
        9  0.08258  -0.030 -0.007 -0.014  0.003  0.022  1.000 -0.005  0.000  0.017 -0.005 -0.008  0.000  0.011 -0.019 -0.042 -0.006
       10  0.16374  -0.071  0.005 -0.082  0.084 -0.051 -0.005  1.000  0.023 -0.007  0.039  0.031  0.000  0.018 -0.000 -0.000 -0.078
       11  0.40738  -0.041  0.018 -0.027  0.021 -0.027  0.000  0.023  1.000 -0.046  0.111  0.374  0.000  0.014  0.015 -0.002 -0.047
       13  0.33973   0.053 -0.039  0.008 -0.014  0.021  0.017 -0.007 -0.046  1.000 -0.270  0.094  0.000 -0.016 -0.008  0.028  0.031
       14  0.35228   0.003 -0.014  0.002  0.055  0.020 -0.005  0.039  0.111 -0.270  1.000  0.003  0.000  0.001 -0.040  0.045 -0.014
       16  0.42989  -0.035 -0.002 -0.021  0.033 -0.021 -0.008  0.031  0.374  0.094  0.003  1.000  0.000  0.019  0.009  0.005 -0.034
       20  0.00000   0.000  0.000  0.000  0.000  0.000  0.000  0.000  0.000  0.000  0.000  0.000  1.000  0.000  0.000  0.000  0.000
       21  0.04714   0.006 -0.007 -0.004  0.015 -0.006  0.011  0.018  0.014 -0.016  0.001  0.019  0.000  1.000 -0.003  0.020 -0.004
       22  0.08922   0.021 -0.032  0.012  0.009  0.030 -0.019 -0.000  0.015 -0.008 -0.040  0.009  0.000 -0.003  1.000  0.014  0.021
       23  0.13487  -0.071  0.028 -0.036 -0.003 -0.019 -0.042 -0.000 -0.002  0.028  0.045  0.005  0.000  0.020  0.014  1.000 -0.037
       24  0.13713   0.013  0.020  0.041 -0.072  0.014 -0.006 -0.078 -0.047  0.031 -0.014 -0.034  0.000 -0.004  0.021 -0.037  1.000
       25  0.16361  -0.027  0.008 -0.023  0.023 -0.011 -0.003  0.024  0.051 -0.106  0.118  0.056  0.000  0.005 -0.003  0.001 -0.032
                     1.000  0.023 -0.009  0.054
       27  0.15700   0.009  0.002  0.019  0.002 -0.035  0.029  0.007  0.089  0.001  0.011  0.116  0.000  0.003  0.023  0.033  0.007
                     0.023  1.000 -0.082 -0.001
       28  0.25975   0.010  0.029  0.003 -0.029  0.002  0.027 -0.024 -0.132 -0.117  0.103 -0.193  0.000 -0.015  0.011 -0.006 -0.004
                    -0.009 -0.082  1.000  0.009
       30  0.21954  -0.024  0.018 -0.026  0.022 -0.001  0.003  0.020  0.073 -0.134  0.164  0.089  0.000  0.002 -0.005  0.000 -0.041
                     0.054 -0.001  0.009  1.000
MINUIT - MINOS
 **********
 **   85 **RES 
 **********
 CALL TO MNFREE IGNORED.  THERE ARE NO FIXED PARAMETERS
 **********
 **   86 **MIG      2.5e+04        0.01
 **********
 START MIGRAD MINIMIZATION.  STRATEGY  1.  CONVERGENCE WHEN EDM .LT. 1.00e-05
 FCN=705.92 FROM MIGRAD    STATUS=INITIATE       40 CALLS        8975 TOTAL
                     EDM=3.70433e-06    STRATEGY= 1  ERROR MATRIX UNCERTAINTY   1.5 per cent
  EXT PARAMETER                                   STEP         FIRST   
  NO.   NAME      VALUE            ERROR          SIZE      DERIVATIVE 
   1  N0           1.76172e+06   8.40439e+01   1.71742e-01   4.13733e-06
   2  tau          6.43980e+01   constant   
   3  A0           3.54856e-01   6.46436e-05  -1.52955e-08   2.72796e+00
   4  phi          4.12283e+00   1.95180e-04  -3.45798e-07   8.26943e+00
   5  R           -6.09320e+01   constant   
   6  alpha_CBO   -1.27354e-02   1.40269e-04   4.62808e-07  -2.25631e+00
   7  w_CBO        2.32643e+00   constant   
   8  beta_CBO     1.29190e-02   1.36848e-04  -2.75677e-07  -1.13785e+01
   9  alpha_2CBO  -3.83589e-05   1.31965e-04   6.00148e-07   5.38875e+00
  10  beta_2CBO   -5.66738e-05   1.45120e-04   6.65353e-07  -1.57773e+00
  11  alpha_y     -1.75649e-03   1.51746e-04  -1.73526e-07   4.63877e-01
  12  w_y          1.38965e+01   constant   
  13  beta_y      -3.08968e-03   1.51591e-04   6.78142e-07  -2.62716e+00
  14  alpha_vw     1.09344e-02   1.56449e-04  -8.42891e-07   5.37060e+00
  15  w_vw         1.43195e+01   constant   
  16  beta_vw     -9.58400e-03   1.51415e-04  -1.94709e-08   4.44089e-02
  17  LM          -1.56561e-04   constant   
  18  zeta_y       0.00000e+00   constant   
  19  zeta_vw      0.00000e+00   constant   
  20  T_CBO        1.00000e+02   5.20646e+02  -0.00000e+00   0.00000e+00
  21  alpha_A0    -3.50782e-03   2.59308e-04  -2.24803e-07   1.02759e+00
  22  beta_A0     -2.71448e-03   2.59579e-04   1.32310e-07   3.99754e+00
  23  alpha_phi   -7.11003e-04   2.62786e-04   1.20797e-06   3.16408e+00
  24  beta_phi    -1.26126e-03   2.72605e-04  -4.15425e-07   4.32557e+00
  25  alpha_vw_m_cbo  -2.72721e-04   1.39958e-04  -4.49145e-08   9.03928e+00
  26  w_vw_m_cbo   1.20584e+01   constant   
  27  beta_vw_m_cbo  -2.24787e-04   1.38699e-04  -8.99830e-07   9.12041e+00
  28  alpha_vw_p_cbo  -2.70847e-04   1.42484e-04  -9.21411e-08   9.01005e-01
  29  w_vw_p_cbo   1.59923e+01   constant   
  30  beta_vw_p_cbo   3.87509e-04   1.43663e-04   3.58688e-08  -5.85301e+00
 MIGRAD MINIMIZATION HAS CONVERGED.
 FCN=705.92 FROM MIGRAD    STATUS=CONVERGED      81 CALLS        9016 TOTAL
                     EDM=1.96082e-07    STRATEGY= 1  ERROR MATRIX UNCERTAINTY   1.2 per cent
  EXT PARAMETER                                   STEP         FIRST   
  NO.   NAME      VALUE            ERROR          SIZE      DERIVATIVE 
   1  N0           1.76172e+06   8.33461e+01  -1.40985e-02  -3.24253e-06
   2  tau          6.43980e+01   constant   
   3  A0           3.54856e-01   6.35466e-05  -5.33237e-09  -8.62968e+00
   4  phi          4.12283e+00   1.94505e-04  -1.61932e-07  -4.58165e-01
   5  R           -6.09320e+01   constant   
   6  alpha_CBO   -1.27354e-02   1.41007e-04   2.78547e-08  -2.42381e+00
   7  w_CBO        2.32643e+00   constant   
   8  beta_CBO     1.29191e-02   1.40501e-04   1.01549e-07  -1.82313e+00
   9  alpha_2CBO  -3.83991e-05   1.32105e-04  -4.01218e-08   1.82204e-02
  10  beta_2CBO   -5.66472e-05   1.45081e-04   2.66159e-08   1.74306e-01
  11  alpha_y     -1.75650e-03   1.51770e-04  -1.66746e-08   7.03892e-02
  12  w_y          1.38965e+01   constant   
  13  beta_y      -3.08963e-03   1.52096e-04   4.58074e-08  -5.80697e-01
  14  alpha_vw     1.09344e-02   1.56028e-04  -7.15340e-08  -5.90658e-01
  15  w_vw         1.43195e+01   constant   
  16  beta_vw     -9.58401e-03   1.51421e-04  -4.44622e-09   9.50548e-02
  17  LM          -1.56561e-04   constant   
  18  zeta_y       0.00000e+00   constant   
  19  zeta_vw      0.00000e+00   constant   
  20  T_CBO        1.00000e+02   5.20646e+02  -0.00000e+00   0.00000e+00
  21  alpha_A0    -3.50786e-03   2.59998e-04  -3.79055e-08   7.57808e-01
  22  beta_A0     -2.71462e-03   2.59105e-04  -1.34295e-07  -2.29801e-01
  23  alpha_phi   -7.11107e-04   2.61557e-04  -1.04712e-07  -3.96814e-01
  24  beta_phi    -1.26143e-03   2.76955e-04  -1.67932e-07   6.52174e-01
  25  alpha_vw_m_cbo  -2.72812e-04   1.40241e-04  -9.17641e-08  -1.33072e-01
  26  w_vw_m_cbo   1.20584e+01   constant   
  27  beta_vw_m_cbo  -2.24889e-04   1.36007e-04  -1.01701e-07  -1.71192e+00
  28  alpha_vw_p_cbo  -2.70859e-04   1.42402e-04  -1.21608e-08  -3.80198e-01
  29  w_vw_p_cbo   1.59923e+01   constant   
  30  beta_vw_p_cbo   3.87558e-04   1.42849e-04   4.91619e-08   1.06646e+00
 EXTERNAL ERROR MATRIX.    NDIM=  31    NPAR= 20    ERR DEF=1
 ELEMENTS ABOVE DIAGONAL ARE NOT PRINTED.
  6.947e+03 
  2.919e-05  4.038e-09 
 -2.398e-04 -6.494e-10  3.783e-08 
 -8.325e-04  1.247e-10 -2.950e-09  1.988e-08 
  2.989e-04  6.665e-10 -1.856e-10 -3.367e-10  1.974e-08 
 -4.405e-04 -2.463e-10 -3.222e-10 -1.953e-10  1.353e-10  1.745e-08 
 -7.772e-04  1.817e-10 -2.261e-09  1.870e-09 -8.814e-10 -1.096e-10  2.105e-08 
 -5.635e-04  9.599e-11 -7.892e-10  3.502e-10 -6.705e-10  2.387e-11  5.050e-10  2.303e-08 
  7.648e-04 -2.019e-10 -2.038e-11  1.842e-12  8.274e-10  2.484e-10 -1.172e-10 -1.088e-09  2.313e-08 
 -1.907e-04 -5.188e-10 -1.525e-10  7.589e-10  9.741e-11 -1.053e-10  9.296e-10  2.627e-09 -6.503e-09  2.434e-08 
 -4.480e-04 -3.405e-11 -5.796e-10  6.712e-10 -4.829e-10 -1.419e-10  6.684e-10  8.600e-09  2.135e-09  7.685e-11  2.293e-08 
  0.000e+00  0.000e+00  0.000e+00  0.000e+00  0.000e+00  0.000e+00  0.000e+00  0.000e+00  0.000e+00  0.000e+00  0.000e+00 
  0.000e+00  0.000e+00  0.000e+00  0.000e+00  0.000e+00  0.000e+00  0.000e+00  0.000e+00  0.000e+00  0.000e+00  0.000e+00  1.800e+05 
  1.921e-04 -1.435e-10  9.519e-10  2.877e-10 -1.015e-09  6.617e-10  4.953e-10  6.802e-10 -9.859e-10  5.289e-10  7.726e-10 
  1.921e-04 -1.435e-10  9.519e-10  2.877e-10 -1.015e-09  6.617e-10  4.953e-10  6.802e-10 -9.859e-10  5.289e-10  7.726e-10  0.000e+00  6.760e-08 
  3.247e-05 -1.217e-09  3.757e-10 -4.891e-10  4.105e-10 -6.206e-10  4.682e-11  5.889e-10 -5.358e-10 -1.806e-09  3.798e-10 
  3.247e-05 -1.217e-09  3.757e-10 -4.891e-10  4.105e-10 -6.206e-10  4.682e-11  5.889e-10 -5.358e-10 -1.806e-09  3.798e-10  0.000e+00  7.608e-10  6.714e-08 
 -1.955e-03 -1.089e-10 -2.434e-09 -7.467e-10 -1.006e-09 -1.506e-09  9.183e-11 -1.011e-10  1.044e-09  1.525e-09  2.161e-10 
 -1.955e-03 -1.089e-10 -2.434e-09 -7.467e-10 -1.006e-09 -1.506e-09  9.183e-11 -1.011e-10  1.044e-09  1.525e-09  2.161e-10  0.000e+00  2.087e-09  4.807e-10  6.841e-08 
 -4.655e-06 -3.048e-10  3.313e-09 -3.850e-09 -1.058e-09  1.667e-10 -3.271e-09 -1.790e-09  6.868e-10 -1.797e-10 -1.354e-09 
 -4.655e-06 -3.048e-10  3.313e-09 -3.850e-09 -1.058e-09  1.667e-10 -3.271e-09 -1.790e-09  6.868e-10 -1.797e-10 -1.354e-09  0.000e+00  1.001e-09  2.422e-09 -2.271e-09  7.670e-08 
 -5.759e-04 -3.680e-10 -6.246e-10 -1.184e-10 -7.479e-10  1.129e-11  5.004e-10  1.118e-09 -2.427e-09  2.536e-09  1.215e-09 
 -5.759e-04 -3.680e-10 -6.246e-10 -1.184e-10 -7.479e-10  1.129e-11  5.004e-10  1.118e-09 -2.427e-09  2.536e-09  1.215e-09  0.000e+00  8.483e-10 -1.316e-10 -1.970e-10 -4.539e-10  1.967e-08 
 -2.813e-04 -5.625e-10 -1.323e-10 -5.776e-10 -9.404e-10  4.526e-10  2.572e-10  1.839e-09 -2.105e-11 -1.191e-10  2.447e-09 
 -2.813e-04 -5.625e-10 -1.323e-10 -5.776e-10 -9.404e-10  4.526e-10  2.572e-10  1.839e-09 -2.105e-11 -1.191e-10  2.447e-09  0.000e+00  7.816e-10  2.816e-10  4.941e-10  5.617e-10  1.843e-10  1.850e-08 
  6.391e-05  1.841e-10 -5.904e-11 -6.513e-10  3.828e-11  4.826e-10 -4.731e-10 -2.862e-09 -2.526e-09  2.226e-09 -4.157e-09 
  6.391e-05  1.841e-10 -5.904e-11 -6.513e-10  3.828e-11  4.826e-10 -4.731e-10 -2.862e-09 -2.526e-09  2.226e-09 -4.157e-09  0.000e+00 -4.697e-10  2.894e-10 -3.669e-10 -1.740e-10 -2.553e-10 -1.767e-09  2.028e-08 
 -9.145e-05  4.614e-10 -3.406e-10  7.388e-10  7.001e-11  1.150e-10  3.555e-10  1.613e-09 -2.925e-09  3.884e-09  1.936e-09 
 -9.145e-05  4.614e-10 -3.406e-10  7.388e-10  7.001e-11  1.150e-10  3.555e-10  1.613e-09 -2.925e-09  3.884e-09  1.936e-09  0.000e+00 -2.423e-10  1.537e-10  3.975e-10 -1.675e-09  1.262e-09  4.056e-10  2.660e-10  2.041e-08 
 PARAMETER  CORRELATION COEFFICIENTS  
       NO.  GLOBAL      1      3      4      6      8      9     10     11     13     14     16     20     21     22     23     24
        1  0.17028   1.000  0.006 -0.015 -0.071  0.026 -0.040 -0.064 -0.045  0.060 -0.015 -0.036  0.000  0.009  0.002 -0.090 -0.000
        3  0.17286   0.006  1.000 -0.053  0.014  0.075 -0.029  0.020  0.010 -0.021 -0.052 -0.004  0.000 -0.009 -0.074 -0.007 -0.017
        4  0.16330  -0.015 -0.053  1.000 -0.108 -0.007 -0.013 -0.080 -0.027 -0.001 -0.005 -0.020  0.000  0.019  0.007 -0.048  0.061
        6  0.19322  -0.071  0.014 -0.108  1.000 -0.017 -0.010  0.091  0.016  0.000  0.034  0.031  0.000  0.008 -0.013 -0.020 -0.099
        8  0.13015   0.026  0.075 -0.007 -0.017  1.000  0.007 -0.043 -0.031  0.039  0.004 -0.023  0.000 -0.028  0.011 -0.027 -0.027
        9  0.09043  -0.040 -0.029 -0.013 -0.010  0.007  1.000 -0.006  0.001  0.012 -0.005 -0.007  0.000  0.019 -0.018 -0.044  0.005
       10  0.16449  -0.064  0.020 -0.080  0.091 -0.043 -0.006  1.000  0.023 -0.005  0.041  0.030  0.000  0.013  0.001  0.002 -0.081
       11  0.40763  -0.045  0.010 -0.027  0.016 -0.031  0.001  0.023  1.000 -0.047  0.111  0.374  0.000  0.017  0.015 -0.003 -0.043
       13  0.34387   0.060 -0.021 -0.001  0.000  0.039  0.012 -0.005 -0.047  1.000 -0.274  0.093  0.000 -0.025 -0.014  0.026  0.016
       14  0.35751  -0.015 -0.052 -0.005  0.034  0.004 -0.005  0.041  0.111 -0.274  1.000  0.003  0.000  0.013 -0.045  0.037 -0.004
       16  0.42998  -0.036 -0.004 -0.020  0.031 -0.023 -0.007  0.030  0.374  0.093  0.003  1.000  0.000  0.020  0.010  0.005 -0.032
       20  0.00000   0.000  0.000  0.000  0.000  0.000  0.000  0.000  0.000  0.000  0.000  0.000  1.000  0.000  0.000  0.000  0.000
       21  0.07490   0.009 -0.009  0.019  0.008 -0.028  0.019  0.013  0.017 -0.025  0.013  0.020  0.000  1.000  0.011  0.031  0.014
       22  0.10956   0.002 -0.074  0.007 -0.013  0.011 -0.018  0.001  0.015 -0.014 -0.045  0.010  0.000  0.011  1.000  0.007  0.034
       23  0.14520  -0.090 -0.007 -0.048 -0.020 -0.027 -0.044  0.002 -0.003  0.026  0.037  0.005  0.000  0.031  0.007  1.000 -0.031
       24  0.15720  -0.000 -0.017  0.061 -0.099 -0.027  0.005 -0.081 -0.043  0.016 -0.004 -0.032  0.000  0.014  0.034 -0.031  1.000
       25  0.17941  -0.049 -0.041 -0.023 -0.006 -0.038  0.001  0.025  0.053 -0.114  0.116  0.057  0.000  0.023 -0.004 -0.005 -0.012
                     1.000  0.010 -0.013  0.063
       27  0.17402  -0.025 -0.065 -0.005 -0.030 -0.049  0.025  0.013  0.089 -0.001 -0.006  0.119  0.000  0.022  0.008  0.014  0.015
                     0.010  1.000 -0.091  0.021
       28  0.25992   0.005  0.020 -0.002 -0.032  0.002  0.026 -0.023 -0.132 -0.117  0.100 -0.193  0.000 -0.013  0.008 -0.010 -0.004
                    -0.013 -0.091  1.000  0.013
       30  0.23537  -0.008  0.051 -0.012  0.037  0.003  0.006  0.017  0.074 -0.135  0.174  0.089  0.000 -0.007  0.004  0.011 -0.042
                     0.063  0.021  0.013  1.000
 **********
 **   87 **MINO      2.5e+04
 **********
    THE POSITIVE MINOS ERROR OF PARAMETER  20, T_CBO EXCEEDS ITS LIMIT.
    THE NEGATIVE MINOS ERROR OF PARAMETER  20, T_CBO EXCEEDS ITS LIMIT.
 FCN=705.92 FROM MINOS     STATUS=PROBLEMS     7938 CALLS       16954 TOTAL
                     EDM=1.96082e-07    STRATEGY= 1  ERROR MATRIX UNCERTAINTY   1.2 per cent
  EXT PARAMETER                  PARABOLIC         MINOS ERRORS        
  NO.   NAME      VALUE            ERROR      NEGATIVE      POSITIVE   
   1  N0           1.76172e+06   8.33461e+01  -9.13483e+01   9.13692e+01
   2  tau          6.43980e+01   constant   
   3  A0           3.54856e-01   6.35466e-05  -6.98245e-05   6.98768e-05
   4  phi          4.12283e+00   1.94505e-04  -2.00344e-04   2.00332e-04
   5  R           -6.09320e+01   constant   
   6  alpha_CBO   -1.27354e-02   1.41007e-04  -1.41160e-04   1.41210e-04
   7  w_CBO        2.32643e+00   constant   
   8  beta_CBO     1.29191e-02   1.40501e-04  -1.43721e-04   1.43786e-04
   9  alpha_2CBO  -3.83991e-05   1.32105e-04  -1.38897e-04   1.38884e-04
  10  beta_2CBO   -5.66472e-05   1.45081e-04  -1.42449e-04   1.42443e-04
  11  alpha_y     -1.75650e-03   1.51770e-04  -1.50569e-04   1.50567e-04
  12  w_y          1.38965e+01   constant   
  13  beta_y      -3.08963e-03   1.52096e-04  -1.47672e-04   1.47685e-04
  14  alpha_vw     1.09344e-02   1.56028e-04  -1.50464e-04   1.50467e-04
  15  w_vw         1.43195e+01   constant   
  16  beta_vw     -9.58401e-03   1.51421e-04  -1.51383e-04   1.51381e-04
  17  LM          -1.56561e-04   constant   
  18  zeta_y       0.00000e+00   constant   
  19  zeta_vw      0.00000e+00   constant   
  20  T_CBO        1.00000e+02   5.20646e+02   at limit      at limit   
  21  alpha_A0    -3.50786e-03   2.59998e-04  -2.71438e-04   2.71359e-04
  22  beta_A0     -2.71462e-03   2.59105e-04  -2.76812e-04   2.76821e-04
  23  alpha_phi   -7.11107e-04   2.61557e-04  -2.89063e-04   2.89097e-04
  24  beta_phi    -1.26143e-03   2.76955e-04  -2.78934e-04   2.78863e-04
  25  alpha_vw_m_cbo  -2.72812e-04   1.40241e-04  -1.39376e-04   1.39375e-04
  26  w_vw_m_cbo   1.20584e+01   constant   
  27  beta_vw_m_cbo  -2.24889e-04   1.36007e-04  -1.37046e-04   1.37080e-04
  28  alpha_vw_p_cbo  -2.70859e-04   1.42402e-04  -1.41541e-04   1.41548e-04
  29  w_vw_p_cbo   1.59923e+01   constant   
  30  beta_vw_p_cbo   3.87558e-04   1.42849e-04  -1.40509e-04   1.40489e-04
 **********
 **   88 **SHO COR 
 **********
 PARAMETER  CORRELATION COEFFICIENTS  
       NO.  GLOBAL      1      3      4      6      8      9     10     11     13     14     16     20     21     22     23     24
        1  0.17028   1.000  0.006 -0.015 -0.071  0.026 -0.040 -0.064 -0.045  0.060 -0.015 -0.036  0.000  0.009  0.002 -0.090 -0.000
        3  0.17286   0.006  1.000 -0.053  0.014  0.075 -0.029  0.020  0.010 -0.021 -0.052 -0.004  0.000 -0.009 -0.074 -0.007 -0.017
        4  0.16330  -0.015 -0.053  1.000 -0.108 -0.007 -0.013 -0.080 -0.027 -0.001 -0.005 -0.020  0.000  0.019  0.007 -0.048  0.061
        6  0.19322  -0.071  0.014 -0.108  1.000 -0.017 -0.010  0.091  0.016  0.000  0.034  0.031  0.000  0.008 -0.013 -0.020 -0.099
        8  0.13015   0.026  0.075 -0.007 -0.017  1.000  0.007 -0.043 -0.031  0.039  0.004 -0.023  0.000 -0.028  0.011 -0.027 -0.027
        9  0.09043  -0.040 -0.029 -0.013 -0.010  0.007  1.000 -0.006  0.001  0.012 -0.005 -0.007  0.000  0.019 -0.018 -0.044  0.005
       10  0.16449  -0.064  0.020 -0.080  0.091 -0.043 -0.006  1.000  0.023 -0.005  0.041  0.030  0.000  0.013  0.001  0.002 -0.081
       11  0.40763  -0.045  0.010 -0.027  0.016 -0.031  0.001  0.023  1.000 -0.047  0.111  0.374  0.000  0.017  0.015 -0.003 -0.043
       13  0.34387   0.060 -0.021 -0.001  0.000  0.039  0.012 -0.005 -0.047  1.000 -0.274  0.093  0.000 -0.025 -0.014  0.026  0.016
       14  0.35751  -0.015 -0.052 -0.005  0.034  0.004 -0.005  0.041  0.111 -0.274  1.000  0.003  0.000  0.013 -0.045  0.037 -0.004
       16  0.42998  -0.036 -0.004 -0.020  0.031 -0.023 -0.007  0.030  0.374  0.093  0.003  1.000  0.000  0.020  0.010  0.005 -0.032
       20  0.00000   0.000  0.000  0.000  0.000  0.000  0.000  0.000  0.000  0.000  0.000  0.000  1.000  0.000  0.000  0.000  0.000
       21  0.07490   0.009 -0.009  0.019  0.008 -0.028  0.019  0.013  0.017 -0.025  0.013  0.020  0.000  1.000  0.011  0.031  0.014
       22  0.10956   0.002 -0.074  0.007 -0.013  0.011 -0.018  0.001  0.015 -0.014 -0.045  0.010  0.000  0.011  1.000  0.007  0.034
       23  0.14520  -0.090 -0.007 -0.048 -0.020 -0.027 -0.044  0.002 -0.003  0.026  0.037  0.005  0.000  0.031  0.007  1.000 -0.031
       24  0.15720  -0.000 -0.017  0.061 -0.099 -0.027  0.005 -0.081 -0.043  0.016 -0.004 -0.032  0.000  0.014  0.034 -0.031  1.000
       25  0.17941  -0.049 -0.041 -0.023 -0.006 -0.038  0.001  0.025  0.053 -0.114  0.116  0.057  0.000  0.023 -0.004 -0.005 -0.012
                     1.000  0.010 -0.013  0.063
       27  0.17402  -0.025 -0.065 -0.005 -0.030 -0.049  0.025  0.013  0.089 -0.001 -0.006  0.119  0.000  0.022  0.008  0.014  0.015
                     0.010  1.000 -0.091  0.021
       28  0.25992   0.005  0.020 -0.002 -0.032  0.002  0.026 -0.023 -0.132 -0.117  0.100 -0.193  0.000 -0.013  0.008 -0.010 -0.004
                    -0.013 -0.091  1.000  0.013
       30  0.23537  -0.008  0.051 -0.012  0.037  0.003  0.006  0.017  0.074 -0.135  0.174  0.089  0.000 -0.007  0.004  0.011 -0.042
                     0.063  0.021  0.013  1.000
 ELEMENTS ABOVE DIAGONAL ARE NOT PRINTED.
