 + ++++++++++++++++++++++++++++++++++++++++++++++++++++++++++++++++++++ +
 +                                                                      +
 +           You have chose to blind your fitting according to          +
 +                omega_ref * (1 + (R +/- deltaR) *10^{-6})             +
 +                                                                      +
 + ++++++++++++++++++++++++++++++++++++++++++++++++++++++++++++++++++++ +
In main()...
reading format from /gm2data/zkhechad/run45/envelope/formats/formatB_sBin_constraintOn.txt
pBinTau 	= 0  
pBinPhi 	= 0  
constraintau 	= 1 
includeMopTerm 	= 0    
constrainMop    = 0   
Parameters after format file: pBinTau 0 pBinPhi 0 constraintau 1 includeMopTerm 0 constrainMop 0 c_e_scale 0.000000 
Opening file /gm2data/tbarrett/gm2fr/studies/run23_bunch_corrections/CorrectedFourier_Run3b.root.
reading reference data from /gm2data/zkhechad/cboTemplates/Run4CBOTemplates/templateFits3_floatBoth/noRF/sBin_constraintOn_cE0.0_seed0_noRF_calo2.root (fixing 5-param to these terms)
windowBins = 69
fitting sliding window 2380 from bin 2516 at 375.238000 to bin 2585 at 385.682000 (69 bins)

Reading data from /gm2data/cornell/histograms/aMethod/histogram_a_noRF.root
 **********
 **    1 **SET PRINTOUT            1
 **********
 **********
 **    2 **SET NOWARNINGS 
 **********
 PARAMETER DEFINITIONS:
    NO.   NAME         VALUE      STEP SIZE      LIMITS
     1 N0           3.21068e+06  1.00000e+02     no limits
     2 tau          6.44102e+01  constant
     3 A0           3.64394e-01  1.00000e-04     no limits
     4 phi          4.11820e+00  1.00000e-02     no limits
     5 R           -5.98585e+01  constant
     6 alpha_CBO    0.00000e+00  1.00000e-03     no limits
     7 w_CBO        2.32643e+00  constant
     8 beta_CBO     0.00000e+00  1.00000e-03     no limits
     9 alpha_2CBO   0.00000e+00  1.00000e-03     no limits
    10 beta_2CBO    0.00000e+00  1.00000e-03     no limits
    11 alpha_y      0.00000e+00  1.00000e-03     no limits
    12 w_y          1.38965e+01  constant
    13 beta_y       0.00000e+00  1.00000e-03     no limits
    14 alpha_vw     0.00000e+00  1.00000e-03     no limits
    15 w_vw         1.43195e+01  constant
    16 beta_vw      0.00000e+00  1.00000e-03     no limits
    17 LM           2.78953e-04  constant
    18 zeta_y       0.00000e+00  constant
    19 zeta_vw      0.00000e+00  constant
    20 T_CBO        1.00000e+02  1.00000e+00    0.00000e+00  1.00000e+03
    21 alpha_A0     0.00000e+00  1.00000e-03     no limits
    22 beta_A0      0.00000e+00  1.00000e-03     no limits
    23 alpha_phi    0.00000e+00  1.00000e-03     no limits
    24 beta_phi     0.00000e+00  1.00000e-03     no limits
    25 alpha_vw_m_cbo   0.00000e+00  1.00000e-03     no limits
    26 w_vw_m_cbo   1.20584e+01  constant
    27 beta_vw_m_cbo   0.00000e+00  1.00000e-03     no limits
    28 alpha_vw_p_cbo   0.00000e+00  1.00000e-04     no limits
    29 w_vw_p_cbo   1.59923e+01  constant
    30 beta_vw_p_cbo   0.00000e+00  1.00000e-04     no limits
MINUIT - FIT ONLY WIGGLE
 **********
 **    3 **FIX            5
 **********
 PARAMETER    5  IS CONSTANT.   IGNORED.
 **********
 **    4 **FIX            6
 **********
 **********
 **    5 **FIX            7
 **********
 PARAMETER    7  IS CONSTANT.   IGNORED.
 **********
 **    6 **FIX            8
 **********
 **********
 **    7 **FIX            9
 **********
 **********
 **    8 **FIX           10
 **********
 **********
 **    9 **FIX           11
 **********
 **********
 **   10 **FIX           12
 **********
 PARAMETER   12  IS CONSTANT.   IGNORED.
 **********
 **   11 **FIX           13
 **********
 **********
 **   12 **FIX           14
 **********
 **********
 **   13 **FIX           15
 **********
 PARAMETER   15  IS CONSTANT.   IGNORED.
 **********
 **   14 **FIX           16
 **********
 **********
 **   15 **MIGRAD
 **********
 FIRST CALL TO USER FUNCTION AT NEW START POINT, WITH IFLAG=4.
 START MIGRAD MINIMIZATION.  STRATEGY  1.  CONVERGENCE WHEN EDM .LT. 1.00e-04
 FCN=1.54582e+06 FROM MIGRAD    STATUS=INITIATE      849 CALLS         850 TOTAL
                     EDM= unknown      STRATEGY= 1      NO ERROR MATRIX       
  EXT PARAMETER               CURRENT GUESS       STEP         FIRST   
  NO.   NAME      VALUE            ERROR          SIZE      DERIVATIVE 
   1  N0           3.21068e+06   1.00000e+02   0.00000e+00   1.92316e+00
   2  tau          6.44102e+01   constant   
   3  A0           3.64394e-01   1.00000e-04   0.00000e+00  -1.16942e+06
   4  phi          4.11820e+00   1.00000e-02   0.00000e+00   2.01187e+04
   5  R           -5.98585e+01   constant   
   6  alpha_CBO    0.00000e+00     fixed    
   7  w_CBO        2.32643e+00   constant   
   8  beta_CBO     0.00000e+00     fixed    
   9  alpha_2CBO   0.00000e+00     fixed    
  10  beta_2CBO    0.00000e+00     fixed    
  11  alpha_y      0.00000e+00     fixed    
  12  w_y          1.38965e+01   constant   
  13  beta_y       0.00000e+00     fixed    
  14  alpha_vw     0.00000e+00     fixed    
  15  w_vw         1.43195e+01   constant   
  16  beta_vw      0.00000e+00     fixed    
  17  LM           2.78953e-04   constant   
  18  zeta_y       0.00000e+00   constant   
  19  zeta_vw      0.00000e+00   constant   
  20  T_CBO        1.00000e+02   1.00000e+00   0.00000e+00   0.00000e+00
  21  alpha_A0     0.00000e+00   1.00000e-03   0.00000e+00   1.38236e+05
  22  beta_A0      0.00000e+00   1.00000e-03   0.00000e+00  -1.79390e+05
  23  alpha_phi    0.00000e+00   1.00000e-03   0.00000e+00   2.29849e+05
  24  beta_phi     0.00000e+00   1.00000e-03   0.00000e+00   1.70917e+05
  25  alpha_vw_m_cbo   0.00000e+00   1.00000e-03   0.00000e+00  -3.51384e+04
  26  w_vw_m_cbo   1.20584e+01   constant   
  27  beta_vw_m_cbo   0.00000e+00   1.00000e-03   0.00000e+00  -2.00929e+03
  28  alpha_vw_p_cbo   0.00000e+00   1.00000e-04   0.00000e+00   8.47233e+03
  29  w_vw_p_cbo   1.59923e+01   constant   
  30  beta_vw_p_cbo   0.00000e+00   1.00000e-04   0.00000e+00   3.15121e+04
 MIGRAD MINIMIZATION HAS CONVERGED.
 FCN=73.0228 FROM MIGRAD    STATUS=CONVERGED    1154 CALLS        1155 TOTAL
                     EDM=7.11185e-06    STRATEGY= 1  ERROR MATRIX UNCERTAINTY   2.6 per cent
  EXT PARAMETER                                   STEP         FIRST   
  NO.   NAME      VALUE            ERROR          SIZE      DERIVATIVE 
   1  N0           1.60397e+06   1.38124e+03  -3.49595e+00  -1.34250e-06
   2  tau          6.44102e+01   constant   
   3  A0           3.64925e-01   9.69370e-04  -7.59572e-06  -1.26824e+00
   4  phi          4.11467e+00   2.08696e-03   3.55327e-05  -1.67093e+00
   5  R           -5.98585e+01   constant   
   6  alpha_CBO    0.00000e+00     fixed    
   7  w_CBO        2.32643e+00   constant   
   8  beta_CBO     0.00000e+00     fixed    
   9  alpha_2CBO   0.00000e+00     fixed    
  10  beta_2CBO    0.00000e+00     fixed    
  11  alpha_y      0.00000e+00     fixed    
  12  w_y          1.38965e+01   constant   
  13  beta_y       0.00000e+00     fixed    
  14  alpha_vw     0.00000e+00     fixed    
  15  w_vw         1.43195e+01   constant   
  16  beta_vw      0.00000e+00     fixed    
  17  LM           2.78953e-04   constant   
  18  zeta_y       0.00000e+00   constant   
  19  zeta_vw      0.00000e+00   constant   
  20  T_CBO        1.00000e+02   5.20646e+02  -0.00000e+00   0.00000e+00
  21  alpha_A0    -2.53852e-03   3.31960e-03   5.14422e-05  -6.99663e-01
  22  beta_A0      4.31966e-04   3.58868e-03   4.22679e-05   2.66683e-01
  23  alpha_phi   -8.42138e-03   4.14377e-03   1.74628e-05  -5.45793e-02
  24  beta_phi     5.68950e-04   4.33326e-03  -6.48083e-05  -6.08839e-01
  25  alpha_vw_m_cbo   1.05036e-04   1.53309e-03   2.28884e-05  -3.52636e-01
  26  w_vw_m_cbo   1.20584e+01   constant   
  27  beta_vw_m_cbo   7.70927e-04   1.34437e-03  -2.58894e-05  -7.21457e-01
  28  alpha_vw_p_cbo   2.96632e-04   1.25835e-03   1.88493e-05   1.25873e+00
  29  w_vw_p_cbo   1.59923e+01   constant   
  30  beta_vw_p_cbo  -3.58890e-03   1.21546e-03  -4.44829e-06   7.04572e-01
 EXTERNAL ERROR MATRIX.    NDIM=  31    NPAR= 12    ERR DEF=1
 ELEMENTS ABOVE DIAGONAL ARE NOT PRINTED.
  1.908e+06 
  3.100e-01  9.397e-07 
 -6.258e-02 -4.015e-08  4.355e-06 
  0.000e+00  0.000e+00  0.000e+00  1.800e+05 
 -4.960e-01 -2.206e-07 -6.714e-08  0.000e+00  1.102e-05 
  5.822e-01 -1.256e-07  3.605e-07  0.000e+00 -1.375e-06  1.288e-05 
 -9.917e-01 -9.775e-09  4.364e-06  0.000e+00 -7.871e-07 -9.696e-07  1.717e-05 
 -8.062e-01 -3.859e-07 -4.690e-06  0.000e+00  1.049e-06  2.016e-06 -9.751e-07  1.878e-05 
  3.663e-02  2.512e-07  3.015e-07  0.000e+00  2.178e-06  9.262e-07  3.036e-07  2.449e-07  2.350e-06 
  3.348e-04  1.367e-07 -6.541e-07  0.000e+00 -1.143e-06 -1.095e-06 -2.468e-07  9.434e-07 -5.302e-07  1.807e-06 
 -8.806e-03 -1.756e-07  5.391e-07  0.000e+00  5.535e-07  7.767e-07  1.969e-07 -9.169e-07  2.538e-07 -3.613e-07  1.583e-06 
 -2.918e-02 -2.260e-07 -8.005e-08  0.000e+00 -8.159e-07  1.694e-08 -2.890e-07 -1.210e-07 -4.003e-07  1.203e-07 -2.278e-08 
 -2.918e-02 -2.260e-07 -8.005e-08  0.000e+00 -8.159e-07  1.694e-08 -2.890e-07 -1.210e-07 -4.003e-07  1.203e-07 -2.278e-08  1.477e-06 
 PARAMETER  CORRELATION COEFFICIENTS  
       NO.  GLOBAL      1      3      4     20     21     22     23     24     25     27     28     30
        1  0.34954   1.000  0.232 -0.022  0.000 -0.108  0.117 -0.173 -0.135  0.017  0.000 -0.005 -0.017
        3  0.42467   0.232  1.000 -0.020  0.000 -0.069 -0.036 -0.002 -0.092  0.169  0.105 -0.144 -0.192
        4  0.73220  -0.022 -0.020  1.000  0.000 -0.010  0.048  0.505 -0.519  0.094 -0.233  0.205 -0.032
       20  0.00000   0.000  0.000  0.000  1.000  0.000  0.000  0.000  0.000  0.000  0.000  0.000  0.000
       21  0.56568  -0.108 -0.069 -0.010  0.000  1.000 -0.115 -0.057  0.073  0.428 -0.256  0.133 -0.202
       22  0.46926   0.117 -0.036  0.048  0.000 -0.115  1.000 -0.065  0.130  0.168 -0.227  0.172  0.004
       23  0.59849  -0.173 -0.002  0.505  0.000 -0.057 -0.065  1.000 -0.054  0.048 -0.044  0.038 -0.057
       24  0.64002  -0.135 -0.092 -0.519  0.000  0.073  0.130 -0.054  1.000  0.037  0.162 -0.168 -0.023
       25  0.55240   0.017  0.169  0.094  0.000  0.428  0.168  0.048  0.037  1.000 -0.257  0.132 -0.215
       27  0.46859   0.000  0.105 -0.233  0.000 -0.256 -0.227 -0.044  0.162 -0.257  1.000 -0.214  0.074
       28  0.36411  -0.005 -0.144  0.205  0.000  0.133  0.172  0.038 -0.168  0.132 -0.214  1.000 -0.015
       30  0.31404  -0.017 -0.192 -0.032  0.000 -0.202  0.004 -0.057 -0.023 -0.215  0.074 -0.015  1.000
MINUIT - FIT ONLY 1-CBO + wiggle
 **********
 **   16 **RES 
 **********
                   PARAMETER   16  beta_vw RESTORED TO VARIABLE.
                   PARAMETER   14  alpha_vw RESTORED TO VARIABLE.
                   PARAMETER   13  beta_y RESTORED TO VARIABLE.
                   PARAMETER   11  alpha_y RESTORED TO VARIABLE.
                   PARAMETER   10  beta_2CBO RESTORED TO VARIABLE.
                   PARAMETER    9  alpha_2CBO RESTORED TO VARIABLE.
                   PARAMETER    8  beta_CBO RESTORED TO VARIABLE.
                   PARAMETER    6  alpha_CBO RESTORED TO VARIABLE.
 **********
 **   17 **FIX            8
 **********
 **********
 **   18 **FIX            9
 **********
 **********
 **   19 **FIX           11
 **********
 **********
 **   20 **FIX           12
 **********
 PARAMETER   12  IS CONSTANT.   IGNORED.
 **********
 **   21 **FIX           14
 **********
 **********
 **   22 **FIX           15
 **********
 PARAMETER   15  IS CONSTANT.   IGNORED.
 **********
 **   23 **FIX           16
 **********
 **********
 **   24 **MIGRAD
 **********
 START MIGRAD MINIMIZATION.  STRATEGY  1.  CONVERGENCE WHEN EDM .LT. 1.00e-04
 FCN=73.0228 FROM MIGRAD    STATUS=INITIATE     1219 CALLS        2374 TOTAL
                     EDM= unknown      STRATEGY= 1      NO ERROR MATRIX       
  EXT PARAMETER               CURRENT GUESS       STEP         FIRST   
  NO.   NAME      VALUE            ERROR          SIZE      DERIVATIVE 
   1  N0           1.60397e+06   1.38124e+03   0.00000e+00  -1.34250e-06
   2  tau          6.44102e+01   constant   
   3  A0           3.64925e-01   9.69370e-04   0.00000e+00  -1.26824e+00
   4  phi          4.11467e+00   2.08696e-03   0.00000e+00  -1.67093e+00
   5  R           -5.98585e+01   constant   
   6  alpha_CBO    0.00000e+00   1.00000e-03   0.00000e+00   1.70137e+03
   7  w_CBO        2.32643e+00   constant   
   8  beta_CBO     0.00000e+00     fixed    
   9  alpha_2CBO   0.00000e+00     fixed    
  10  beta_2CBO    0.00000e+00   1.00000e-03   0.00000e+00   3.12656e+02
  11  alpha_y      0.00000e+00     fixed    
  12  w_y          1.38965e+01   constant   
  13  beta_y       0.00000e+00   1.00000e-03   0.00000e+00   5.68540e+02
  14  alpha_vw     0.00000e+00     fixed    
  15  w_vw         1.43195e+01   constant   
  16  beta_vw      0.00000e+00     fixed    
  17  LM           2.78953e-04   constant   
  18  zeta_y       0.00000e+00   constant   
  19  zeta_vw      0.00000e+00   constant   
  20  T_CBO        1.00000e+02   5.20646e+02   0.00000e+00   0.00000e+00
  21  alpha_A0    -2.53852e-03   3.31960e-03   0.00000e+00  -6.99663e-01
  22  beta_A0      4.31966e-04   3.58868e-03   0.00000e+00   2.66683e-01
  23  alpha_phi   -8.42138e-03   4.14377e-03   0.00000e+00  -5.45800e-02
  24  beta_phi     5.68950e-04   4.33326e-03   0.00000e+00  -6.08839e-01
  25  alpha_vw_m_cbo   1.05036e-04   1.53309e-03   0.00000e+00  -3.52636e-01
  26  w_vw_m_cbo   1.20584e+01   constant   
  27  beta_vw_m_cbo   7.70927e-04   1.34437e-03   0.00000e+00  -7.21457e-01
  28  alpha_vw_p_cbo   2.96632e-04   1.25835e-03   0.00000e+00   1.25873e+00
  29  w_vw_p_cbo   1.59923e+01   constant   
  30  beta_vw_p_cbo  -3.58890e-03   1.21546e-03   0.00000e+00   7.04572e-01
 MIGRAD MINIMIZATION HAS CONVERGED.
 MIGRAD WILL VERIFY CONVERGENCE AND ERROR MATRIX.
  MNHESS FAILS AND WILL RETURN DIAGONAL MATRIX. 
 FCN=68.3255 FROM MIGRAD    STATUS=CONVERGED    1392 CALLS        2547 TOTAL
                     EDM=1.90168e-06    STRATEGY= 1  ERROR MATRIX UNCERTAINTY 100.0 per cent
  EXT PARAMETER                APPROXIMATE        STEP         FIRST   
  NO.   NAME      VALUE            ERROR          SIZE      DERIVATIVE 
   1  N0           1.60409e+06   1.29367e+03   5.13301e+00   1.59560e-07
   2  tau          6.44102e+01   constant   
   3  A0           3.65145e-01   9.67382e-04   3.93292e-06  -4.07775e-01
   4  phi          4.11599e+00   3.01416e-03   1.22542e-05   1.03240e-01
   5  R           -5.98585e+01   constant   
   6  alpha_CBO   -4.87814e-03   2.26482e-03   9.20772e-06  -3.53454e-02
   7  w_CBO        2.32643e+00   constant   
   8  beta_CBO     0.00000e+00     fixed    
   9  alpha_2CBO   0.00000e+00     fixed    
  10  beta_2CBO   -8.14061e-04   2.29499e-03   9.33038e-06  -3.59040e-02
  11  alpha_y      0.00000e+00     fixed    
  12  w_y          1.38965e+01   constant   
  13  beta_y      -1.47580e-03   2.29517e-03   9.33109e-06  -1.40827e-01
  14  alpha_vw     0.00000e+00     fixed    
  15  w_vw         1.43195e+01   constant   
  16  beta_vw      0.00000e+00     fixed    
  17  LM           2.78953e-04   constant   
  18  zeta_y       0.00000e+00   constant   
  19  zeta_vw      0.00000e+00   constant   
  20  T_CBO        1.00000e+02   7.59439e+02  -0.00000e+00   0.00000e+00
  21  alpha_A0    -4.61419e-03   3.76447e-03   1.04993e-05   5.05044e-02
  22  beta_A0      2.45124e-04   3.72974e-03  -3.65899e-06   2.19934e-01
  23  alpha_phi   -7.59957e-03   4.16637e-03   6.52748e-07   2.75740e-01
  24  beta_phi     2.25373e-04   4.36597e-03   2.32453e-06   1.85417e-01
  25  alpha_vw_m_cbo   2.16445e-05   2.29799e-03  -1.01020e-06   4.10247e-01
  26  w_vw_m_cbo   1.20584e+01   constant   
  27  beta_vw_m_cbo   7.98137e-04   2.26444e-03  -8.72478e-07  -3.60771e-01
  28  alpha_vw_p_cbo   2.12022e-04   2.29481e-03   1.02409e-06   5.16147e-01
  29  w_vw_p_cbo   1.59923e+01   constant   
  30  beta_vw_p_cbo  -3.63854e-03   2.26749e-03   1.05279e-06   1.36530e-01
 EXTERNAL ERROR MATRIX.    NDIM=  31    NPAR= 15    ERR DEF=1
 ELEMENTS ABOVE DIAGONAL ARE NOT PRINTED.
  1.674e+06 
  0.000e+00  9.358e-07 
  0.000e+00  0.000e+00  9.085e-06 
  0.000e+00  0.000e+00  0.000e+00  5.129e-06 
  0.000e+00  0.000e+00  0.000e+00  0.000e+00  5.267e-06 
  0.000e+00  0.000e+00  0.000e+00  0.000e+00  0.000e+00  5.268e-06 
  0.000e+00  0.000e+00  0.000e+00  0.000e+00  0.000e+00  0.000e+00  5.421e+05 
  0.000e+00  0.000e+00  0.000e+00  0.000e+00  0.000e+00  0.000e+00  0.000e+00  1.417e-05 
  0.000e+00  0.000e+00  0.000e+00  0.000e+00  0.000e+00  0.000e+00  0.000e+00  0.000e+00  1.391e-05 
  0.000e+00  0.000e+00  0.000e+00  0.000e+00  0.000e+00  0.000e+00  0.000e+00  0.000e+00  0.000e+00  1.736e-05 
  0.000e+00  0.000e+00  0.000e+00  0.000e+00  0.000e+00  0.000e+00  0.000e+00  0.000e+00  0.000e+00  0.000e+00  1.906e-05 
  0.000e+00  0.000e+00  0.000e+00  0.000e+00  0.000e+00  0.000e+00  0.000e+00  0.000e+00  0.000e+00  0.000e+00  0.000e+00 
  0.000e+00  0.000e+00  0.000e+00  0.000e+00  0.000e+00  0.000e+00  0.000e+00  0.000e+00  0.000e+00  0.000e+00  0.000e+00  5.281e-06 
  0.000e+00  0.000e+00  0.000e+00  0.000e+00  0.000e+00  0.000e+00  0.000e+00  0.000e+00  0.000e+00  0.000e+00  0.000e+00 
  0.000e+00  0.000e+00  0.000e+00  0.000e+00  0.000e+00  0.000e+00  0.000e+00  0.000e+00  0.000e+00  0.000e+00  0.000e+00  0.000e+00  5.128e-06 
  0.000e+00  0.000e+00  0.000e+00  0.000e+00  0.000e+00  0.000e+00  0.000e+00  0.000e+00  0.000e+00  0.000e+00  0.000e+00 
  0.000e+00  0.000e+00  0.000e+00  0.000e+00  0.000e+00  0.000e+00  0.000e+00  0.000e+00  0.000e+00  0.000e+00  0.000e+00  0.000e+00  0.000e+00  5.266e-06 
  0.000e+00  0.000e+00  0.000e+00  0.000e+00  0.000e+00  0.000e+00  0.000e+00  0.000e+00  0.000e+00  0.000e+00  0.000e+00 
  0.000e+00  0.000e+00  0.000e+00  0.000e+00  0.000e+00  0.000e+00  0.000e+00  0.000e+00  0.000e+00  0.000e+00  0.000e+00  0.000e+00  0.000e+00  0.000e+00  5.142e-06 
ERR MATRIX APPROXIMATE
 PARAMETER  CORRELATION COEFFICIENTS  
       NO.  GLOBAL      1      3      4      6     10     13     20     21     22     23     24     25     27     28     30
        1  0.00000   1.000  0.000  0.000  0.000  0.000  0.000  0.000  0.000  0.000  0.000  0.000  0.000  0.000  0.000  0.000
        3  0.00000   0.000  1.000  0.000  0.000  0.000  0.000  0.000  0.000  0.000  0.000  0.000  0.000  0.000  0.000  0.000
        4  0.00000   0.000  0.000  1.000  0.000  0.000  0.000  0.000  0.000  0.000  0.000  0.000  0.000  0.000  0.000  0.000
        6  0.00000   0.000  0.000  0.000  1.000  0.000  0.000  0.000  0.000  0.000  0.000  0.000  0.000  0.000  0.000  0.000
       10  0.00000   0.000  0.000  0.000  0.000  1.000  0.000  0.000  0.000  0.000  0.000  0.000  0.000  0.000  0.000  0.000
       13  0.00000   0.000  0.000  0.000  0.000  0.000  1.000  0.000  0.000  0.000  0.000  0.000  0.000  0.000  0.000  0.000
       20  0.00000   0.000  0.000  0.000  0.000  0.000  0.000  1.000  0.000  0.000  0.000  0.000  0.000  0.000  0.000  0.000
       21  0.00000   0.000  0.000  0.000  0.000  0.000  0.000  0.000  1.000  0.000  0.000  0.000  0.000  0.000  0.000  0.000
       22  0.00000   0.000  0.000  0.000  0.000  0.000  0.000  0.000  0.000  1.000  0.000  0.000  0.000  0.000  0.000  0.000
       23  0.00000   0.000  0.000  0.000  0.000  0.000  0.000  0.000  0.000  0.000  1.000  0.000  0.000  0.000  0.000  0.000
       24  0.00000   0.000  0.000  0.000  0.000  0.000  0.000  0.000  0.000  0.000  0.000  1.000  0.000  0.000  0.000  0.000
       25  0.00000   0.000  0.000  0.000  0.000  0.000  0.000  0.000  0.000  0.000  0.000  0.000  1.000  0.000  0.000  0.000
       27  0.00000   0.000  0.000  0.000  0.000  0.000  0.000  0.000  0.000  0.000  0.000  0.000  0.000  1.000  0.000  0.000
       28  0.00000   0.000  0.000  0.000  0.000  0.000  0.000  0.000  0.000  0.000  0.000  0.000  0.000  0.000  1.000  0.000
       30  0.00000   0.000  0.000  0.000  0.000  0.000  0.000  0.000  0.000  0.000  0.000  0.000  0.000  0.000  0.000  1.000
 ERR MATRIX APPROXIMATE
MINUIT - FIT ONLY 2-CBO
 **********
 **   25 **RES 
 **********
                   PARAMETER   16  beta_vw RESTORED TO VARIABLE.
                   PARAMETER   14  alpha_vw RESTORED TO VARIABLE.
                   PARAMETER   11  alpha_y RESTORED TO VARIABLE.
                   PARAMETER    9  alpha_2CBO RESTORED TO VARIABLE.
                   PARAMETER    8  beta_CBO RESTORED TO VARIABLE.
 **********
 **   26 **FIX            0
 **********
 PARAMETER    0  IS UNDEFINED. IGNORED.
 **********
 **   27 **FIX            1
 **********
 **********
 **   28 **FIX            2
 **********
 PARAMETER    2  IS CONSTANT.   IGNORED.
 **********
 **   29 **FIX            3
 **********
 **********
 **   30 **FIX            4
 **********
 **********
 **   31 **FIX            5
 **********
 PARAMETER    5  IS CONSTANT.   IGNORED.
 **********
 **   32 **FIX            6
 **********
 **********
 **   33 **FIX            7
 **********
 PARAMETER    7  IS CONSTANT.   IGNORED.
 **********
 **   34 **FIX           10
 **********
 **********
 **   35 **FIX           11
 **********
 **********
 **   36 **FIX           12
 **********
 PARAMETER   12  IS CONSTANT.   IGNORED.
 **********
 **   37 **FIX           13
 **********
 **********
 **   38 **FIX           14
 **********
 **********
 **   39 **FIX           15
 **********
 PARAMETER   15  IS CONSTANT.   IGNORED.
 **********
 **   40 **FIX           16
 **********
 **********
 **   41 **MIGRAD
 **********
 START MIGRAD MINIMIZATION.  STRATEGY  1.  CONVERGENCE WHEN EDM .LT. 1.00e-04
 FCN=68.3255 FROM MIGRAD    STATUS=INITIATE      715 CALLS        3262 TOTAL
                     EDM= unknown      STRATEGY= 1      NO ERROR MATRIX       
  EXT PARAMETER               CURRENT GUESS       STEP         FIRST   
  NO.   NAME      VALUE            ERROR          SIZE      DERIVATIVE 
   1  N0           1.60409e+06     fixed    
   2  tau          6.44102e+01   constant   
   3  A0           3.65145e-01     fixed    
   4  phi          4.11599e+00     fixed    
   5  R           -5.98585e+01   constant   
   6  alpha_CBO   -4.87814e-03     fixed    
   7  w_CBO        2.32643e+00   constant   
   8  beta_CBO     0.00000e+00   1.00000e-03   0.00000e+00  -8.97201e+01
   9  alpha_2CBO   0.00000e+00   1.00000e-03   0.00000e+00  -1.04368e+03
  10  beta_2CBO   -8.14061e-04     fixed    
  11  alpha_y      0.00000e+00     fixed    
  12  w_y          1.38965e+01   constant   
  13  beta_y      -1.47580e-03     fixed    
  14  alpha_vw     0.00000e+00     fixed    
  15  w_vw         1.43195e+01   constant   
  16  beta_vw      0.00000e+00     fixed    
  17  LM           2.78953e-04   constant   
  18  zeta_y       0.00000e+00   constant   
  19  zeta_vw      0.00000e+00   constant   
  20  T_CBO        1.00000e+02   7.59439e+02   0.00000e+00   0.00000e+00
  21  alpha_A0    -4.61419e-03   3.76447e-03   0.00000e+00   5.05044e-02
  22  beta_A0      2.45124e-04   3.72974e-03   0.00000e+00   2.19934e-01
  23  alpha_phi   -7.59957e-03   4.16637e-03   0.00000e+00   2.75742e-01
  24  beta_phi     2.25373e-04   4.36597e-03   0.00000e+00   1.85418e-01
  25  alpha_vw_m_cbo   2.16445e-05   2.29799e-03   0.00000e+00   4.10247e-01
  26  w_vw_m_cbo   1.20584e+01   constant   
  27  beta_vw_m_cbo   7.98137e-04   2.26444e-03   0.00000e+00  -3.60771e-01
  28  alpha_vw_p_cbo   2.12022e-04   2.29481e-03   0.00000e+00   5.16147e-01
  29  w_vw_p_cbo   1.59923e+01   constant   
  30  beta_vw_p_cbo  -3.63854e-03   2.26749e-03   0.00000e+00   1.36530e-01
 MIGRAD MINIMIZATION HAS CONVERGED.
 MIGRAD WILL VERIFY CONVERGENCE AND ERROR MATRIX.
  MNHESS FAILS AND WILL RETURN DIAGONAL MATRIX. 
 FCN=66.8505 FROM MIGRAD    STATUS=CONVERGED     815 CALLS        3362 TOTAL
                     EDM=1.70599e-07    STRATEGY= 1  ERROR MATRIX UNCERTAINTY 100.0 per cent
  EXT PARAMETER                APPROXIMATE        STEP         FIRST   
  NO.   NAME      VALUE            ERROR          SIZE      DERIVATIVE 
   1  N0           1.60409e+06     fixed    
   2  tau          6.44102e+01   constant   
   3  A0           3.65145e-01     fixed    
   4  phi          4.11599e+00     fixed    
   5  R           -5.98585e+01   constant   
   6  alpha_CBO   -4.87814e-03     fixed    
   7  w_CBO        2.32643e+00   constant   
   8  beta_CBO     2.42543e-04   2.29754e-03   9.24079e-06   1.29440e-01
   9  alpha_2CBO   2.80544e-03   2.26734e-03   9.11934e-06  -1.40393e-02
  10  beta_2CBO   -8.14061e-04     fixed    
  11  alpha_y      0.00000e+00     fixed    
  12  w_y          1.38965e+01   constant   
  13  beta_y      -1.47580e-03     fixed    
  14  alpha_vw     0.00000e+00     fixed    
  15  w_vw         1.43195e+01   constant   
  16  beta_vw      0.00000e+00     fixed    
  17  LM           2.78953e-04   constant   
  18  zeta_y       0.00000e+00   constant   
  19  zeta_vw      0.00000e+00   constant   
  20  T_CBO        1.00000e+02   9.44762e+02  -0.00000e+00   0.00000e+00
  21  alpha_A0    -4.84390e-03   3.76180e-03   6.73546e-06   7.20541e-02
  22  beta_A0     -8.34235e-05   3.73225e-03  -1.00582e-05  -1.17854e-02
  23  alpha_phi   -8.37346e-03   4.16178e-03   3.33275e-06   4.99302e-02
  24  beta_phi     8.40196e-04   4.37046e-03  -2.92244e-07   1.00913e-01
  25  alpha_vw_m_cbo   2.22094e-05   2.29800e-03   1.62650e-07  -2.68196e-02
  26  w_vw_m_cbo   1.20584e+01   constant   
  27  beta_vw_m_cbo   7.56661e-04   2.26446e-03   2.19895e-06   1.05209e-01
  28  alpha_vw_p_cbo   2.63601e-04   2.29482e-03  -2.26024e-06  -7.90030e-02
  29  w_vw_p_cbo   1.59923e+01   constant   
  30  beta_vw_p_cbo  -3.64244e-03   2.26752e-03   1.59006e-07   2.28109e-02
 EXTERNAL ERROR MATRIX.    NDIM=  31    NPAR= 11    ERR DEF=1
  5.279e-06 
  0.000e+00  5.141e-06 
  0.000e+00  0.000e+00  1.153e+06 
  0.000e+00  0.000e+00  0.000e+00  1.415e-05 
  0.000e+00  0.000e+00  0.000e+00  0.000e+00  1.393e-05 
  0.000e+00  0.000e+00  0.000e+00  0.000e+00  0.000e+00  1.732e-05 
  0.000e+00  0.000e+00  0.000e+00  0.000e+00  0.000e+00  0.000e+00  1.910e-05 
  0.000e+00  0.000e+00  0.000e+00  0.000e+00  0.000e+00  0.000e+00  0.000e+00  5.281e-06 
  0.000e+00  0.000e+00  0.000e+00  0.000e+00  0.000e+00  0.000e+00  0.000e+00  0.000e+00  5.128e-06 
  0.000e+00  0.000e+00  0.000e+00  0.000e+00  0.000e+00  0.000e+00  0.000e+00  0.000e+00  0.000e+00  5.266e-06 
  0.000e+00  0.000e+00  0.000e+00  0.000e+00  0.000e+00  0.000e+00  0.000e+00  0.000e+00  0.000e+00  0.000e+00  5.142e-06 
ERR MATRIX APPROXIMATE
 PARAMETER  CORRELATION COEFFICIENTS  
       NO.  GLOBAL      8      9     20     21     22     23     24     25     27     28     30
        8  0.00000   1.000  0.000  0.000  0.000  0.000  0.000  0.000  0.000  0.000  0.000  0.000
        9  0.00000   0.000  1.000  0.000  0.000  0.000  0.000  0.000  0.000  0.000  0.000  0.000
       20  0.00000   0.000  0.000  1.000  0.000  0.000  0.000  0.000  0.000  0.000  0.000  0.000
       21  0.00000   0.000  0.000  0.000  1.000  0.000  0.000  0.000  0.000  0.000  0.000  0.000
       22  0.00000   0.000  0.000  0.000  0.000  1.000  0.000  0.000  0.000  0.000  0.000  0.000
       23  0.00000   0.000  0.000  0.000  0.000  0.000  1.000  0.000  0.000  0.000  0.000  0.000
       24  0.00000   0.000  0.000  0.000  0.000  0.000  0.000  1.000  0.000  0.000  0.000  0.000
       25  0.00000   0.000  0.000  0.000  0.000  0.000  0.000  0.000  1.000  0.000  0.000  0.000
       27  0.00000   0.000  0.000  0.000  0.000  0.000  0.000  0.000  0.000  1.000  0.000  0.000
       28  0.00000   0.000  0.000  0.000  0.000  0.000  0.000  0.000  0.000  0.000  1.000  0.000
       30  0.00000   0.000  0.000  0.000  0.000  0.000  0.000  0.000  0.000  0.000  0.000  1.000
 ERR MATRIX APPROXIMATE
MINUIT - FIT wiggle + 1-CBO + 2-CBO
 **********
 **   42 **RES 
 **********
                   PARAMETER   16  beta_vw RESTORED TO VARIABLE.
                   PARAMETER   14  alpha_vw RESTORED TO VARIABLE.
                   PARAMETER   13  beta_y RESTORED TO VARIABLE.
                   PARAMETER   11  alpha_y RESTORED TO VARIABLE.
                   PARAMETER   10  beta_2CBO RESTORED TO VARIABLE.
                   PARAMETER    6  alpha_CBO RESTORED TO VARIABLE.
                   PARAMETER    4  phi RESTORED TO VARIABLE.
                   PARAMETER    3  A0 RESTORED TO VARIABLE.
                   PARAMETER    1  N0 RESTORED TO VARIABLE.
 **********
 **   43 **FIX           10
 **********
 **********
 **   44 **FIX           11
 **********
 **********
 **   45 **FIX           12
 **********
 PARAMETER   12  IS CONSTANT.   IGNORED.
 **********
 **   46 **FIX           13
 **********
 **********
 **   47 **FIX           14
 **********
 **********
 **   48 **FIX           15
 **********
 PARAMETER   15  IS CONSTANT.   IGNORED.
 **********
 **   49 **FIX           16
 **********
 **********
 **   50 **MIGRAD
 **********
 START MIGRAD MINIMIZATION.  STRATEGY  1.  CONVERGENCE WHEN EDM .LT. 1.00e-04
 FCN=66.8505 FROM MIGRAD    STATUS=INITIATE     1219 CALLS        4581 TOTAL
                     EDM= unknown      STRATEGY= 1      NO ERROR MATRIX       
  EXT PARAMETER               CURRENT GUESS       STEP         FIRST   
  NO.   NAME      VALUE            ERROR          SIZE      DERIVATIVE 
   1  N0           1.60409e+06   1.29367e+03   0.00000e+00   3.11276e-05
   2  tau          6.44102e+01   constant   
   3  A0           3.65145e-01   9.67382e-04   0.00000e+00  -5.64771e+01
   4  phi          4.11599e+00   3.01416e-03   0.00000e+00   6.60660e+01
   5  R           -5.98585e+01   constant   
   6  alpha_CBO   -4.87814e-03   2.26482e-03   0.00000e+00   3.50719e+01
   7  w_CBO        2.32643e+00   constant   
   8  beta_CBO     2.42543e-04   2.29754e-03   0.00000e+00   1.29440e-01
   9  alpha_2CBO   2.80544e-03   2.26734e-03   0.00000e+00  -1.40393e-02
  10  beta_2CBO   -8.14061e-04     fixed    
  11  alpha_y      0.00000e+00     fixed    
  12  w_y          1.38965e+01   constant   
  13  beta_y      -1.47580e-03     fixed    
  14  alpha_vw     0.00000e+00     fixed    
  15  w_vw         1.43195e+01   constant   
  16  beta_vw      0.00000e+00     fixed    
  17  LM           2.78953e-04   constant   
  18  zeta_y       0.00000e+00   constant   
  19  zeta_vw      0.00000e+00   constant   
  20  T_CBO        1.00000e+02   9.44762e+02   0.00000e+00   0.00000e+00
  21  alpha_A0    -4.84390e-03   3.76180e-03   0.00000e+00   7.20541e-02
  22  beta_A0     -8.34235e-05   3.73225e-03   0.00000e+00  -1.17854e-02
  23  alpha_phi   -8.37346e-03   4.16178e-03   0.00000e+00   4.99327e-02
  24  beta_phi     8.40196e-04   4.37046e-03   0.00000e+00   1.00913e-01
  25  alpha_vw_m_cbo   2.22094e-05   2.29800e-03   0.00000e+00  -2.68196e-02
  26  w_vw_m_cbo   1.20584e+01   constant   
  27  beta_vw_m_cbo   7.56661e-04   2.26446e-03   0.00000e+00   1.05209e-01
  28  alpha_vw_p_cbo   2.63601e-04   2.29482e-03   0.00000e+00  -7.90030e-02
  29  w_vw_p_cbo   1.59923e+01   constant   
  30  beta_vw_p_cbo  -3.64244e-03   2.26752e-03   0.00000e+00   2.28109e-02
 MIGRAD MINIMIZATION HAS CONVERGED.
 MIGRAD WILL VERIFY CONVERGENCE AND ERROR MATRIX.
  MNHESS FAILS AND WILL RETURN DIAGONAL MATRIX. 
 FCN=66.8384 FROM MIGRAD    STATUS=CONVERGED    1330 CALLS        4692 TOTAL
                     EDM=5.30073e-06    STRATEGY= 1  ERROR MATRIX UNCERTAINTY 100.0 per cent
  EXT PARAMETER                APPROXIMATE        STEP         FIRST   
  NO.   NAME      VALUE            ERROR          SIZE      DERIVATIVE 
   1  N0           1.60407e+06   1.29366e+03   5.07760e+00  -1.26123e-06
   2  tau          6.44102e+01   constant   
   3  A0           3.65172e-01   9.67386e-04   3.89053e-06   1.47442e+00
   4  phi          4.11569e+00   3.01385e-03   1.21207e-05   3.06671e-01
   5  R           -5.98585e+01   constant   
   6  alpha_CBO   -4.93603e-03   2.26495e-03   9.10892e-06  -2.20702e-01
   7  w_CBO        2.32643e+00   constant   
   8  beta_CBO     2.89653e-04   2.29757e-03   9.24008e-06  -5.80383e-02
   9  alpha_2CBO   2.82616e-03   2.26738e-03   9.11869e-06   5.74199e-01
  10  beta_2CBO   -8.14061e-04     fixed    
  11  alpha_y      0.00000e+00     fixed    
  12  w_y          1.38965e+01   constant   
  13  beta_y      -1.47580e-03     fixed    
  14  alpha_vw     0.00000e+00     fixed    
  15  w_vw         1.43195e+01   constant   
  16  beta_vw      0.00000e+00     fixed    
  17  LM           2.78953e-04   constant   
  18  zeta_y       0.00000e+00   constant   
  19  zeta_vw      0.00000e+00   constant   
  20  T_CBO        1.00000e+02   8.96179e+02  -0.00000e+00   0.00000e+00
  21  alpha_A0    -4.86911e-03   3.76159e-03   9.58779e-06  -4.96583e-01
  22  beta_A0     -7.49794e-05   3.73194e-03   2.20755e-05   1.97307e-01
  23  alpha_phi   -8.41821e-03   4.16153e-03  -2.04400e-05   8.64175e-02
  24  beta_phi     9.19450e-04   4.37057e-03   9.92051e-06  -6.42531e-02
  25  alpha_vw_m_cbo   1.73506e-05   2.29804e-03  -3.85896e-07  -1.15068e-01
  26  w_vw_m_cbo   1.20584e+01   constant   
  27  beta_vw_m_cbo   7.64614e-04   2.26450e-03   8.84188e-07   1.59244e-01
  28  alpha_vw_p_cbo   2.59114e-04   2.29486e-03   1.19096e-07  -5.94875e-02
  29  w_vw_p_cbo   1.59923e+01   constant   
  30  beta_vw_p_cbo  -3.63747e-03   2.26756e-03   6.80971e-07   1.27976e-01
 EXTERNAL ERROR MATRIX.    NDIM=  31    NPAR= 15    ERR DEF=1
 ELEMENTS ABOVE DIAGONAL ARE NOT PRINTED.
  1.674e+06 
  0.000e+00  9.358e-07 
  0.000e+00  0.000e+00  9.083e-06 
  0.000e+00  0.000e+00  0.000e+00  5.130e-06 
  0.000e+00  0.000e+00  0.000e+00  0.000e+00  5.279e-06 
  0.000e+00  0.000e+00  0.000e+00  0.000e+00  0.000e+00  5.141e-06 
  0.000e+00  0.000e+00  0.000e+00  0.000e+00  0.000e+00  0.000e+00  1.785e+06 
  0.000e+00  0.000e+00  0.000e+00  0.000e+00  0.000e+00  0.000e+00  0.000e+00  1.415e-05 
  0.000e+00  0.000e+00  0.000e+00  0.000e+00  0.000e+00  0.000e+00  0.000e+00  0.000e+00  1.393e-05 
  0.000e+00  0.000e+00  0.000e+00  0.000e+00  0.000e+00  0.000e+00  0.000e+00  0.000e+00  0.000e+00  1.732e-05 
  0.000e+00  0.000e+00  0.000e+00  0.000e+00  0.000e+00  0.000e+00  0.000e+00  0.000e+00  0.000e+00  0.000e+00  1.910e-05 
  0.000e+00  0.000e+00  0.000e+00  0.000e+00  0.000e+00  0.000e+00  0.000e+00  0.000e+00  0.000e+00  0.000e+00  0.000e+00 
  0.000e+00  0.000e+00  0.000e+00  0.000e+00  0.000e+00  0.000e+00  0.000e+00  0.000e+00  0.000e+00  0.000e+00  0.000e+00  5.281e-06 
  0.000e+00  0.000e+00  0.000e+00  0.000e+00  0.000e+00  0.000e+00  0.000e+00  0.000e+00  0.000e+00  0.000e+00  0.000e+00 
  0.000e+00  0.000e+00  0.000e+00  0.000e+00  0.000e+00  0.000e+00  0.000e+00  0.000e+00  0.000e+00  0.000e+00  0.000e+00  0.000e+00  5.128e-06 
  0.000e+00  0.000e+00  0.000e+00  0.000e+00  0.000e+00  0.000e+00  0.000e+00  0.000e+00  0.000e+00  0.000e+00  0.000e+00 
  0.000e+00  0.000e+00  0.000e+00  0.000e+00  0.000e+00  0.000e+00  0.000e+00  0.000e+00  0.000e+00  0.000e+00  0.000e+00  0.000e+00  0.000e+00  5.266e-06 
  0.000e+00  0.000e+00  0.000e+00  0.000e+00  0.000e+00  0.000e+00  0.000e+00  0.000e+00  0.000e+00  0.000e+00  0.000e+00 
  0.000e+00  0.000e+00  0.000e+00  0.000e+00  0.000e+00  0.000e+00  0.000e+00  0.000e+00  0.000e+00  0.000e+00  0.000e+00  0.000e+00  0.000e+00  0.000e+00  5.142e-06 
ERR MATRIX APPROXIMATE
 PARAMETER  CORRELATION COEFFICIENTS  
       NO.  GLOBAL      1      3      4      6      8      9     20     21     22     23     24     25     27     28     30
        1  0.00000   1.000  0.000  0.000  0.000  0.000  0.000  0.000  0.000  0.000  0.000  0.000  0.000  0.000  0.000  0.000
        3  0.00000   0.000  1.000  0.000  0.000  0.000  0.000  0.000  0.000  0.000  0.000  0.000  0.000  0.000  0.000  0.000
        4  0.00000   0.000  0.000  1.000  0.000  0.000  0.000  0.000  0.000  0.000  0.000  0.000  0.000  0.000  0.000  0.000
        6  0.00000   0.000  0.000  0.000  1.000  0.000  0.000  0.000  0.000  0.000  0.000  0.000  0.000  0.000  0.000  0.000
        8  0.00000   0.000  0.000  0.000  0.000  1.000  0.000  0.000  0.000  0.000  0.000  0.000  0.000  0.000  0.000  0.000
        9  0.00000   0.000  0.000  0.000  0.000  0.000  1.000  0.000  0.000  0.000  0.000  0.000  0.000  0.000  0.000  0.000
       20  0.00000   0.000  0.000  0.000  0.000  0.000  0.000  1.000  0.000  0.000  0.000  0.000  0.000  0.000  0.000  0.000
       21  0.00000   0.000  0.000  0.000  0.000  0.000  0.000  0.000  1.000  0.000  0.000  0.000  0.000  0.000  0.000  0.000
       22  0.00000   0.000  0.000  0.000  0.000  0.000  0.000  0.000  0.000  1.000  0.000  0.000  0.000  0.000  0.000  0.000
       23  0.00000   0.000  0.000  0.000  0.000  0.000  0.000  0.000  0.000  0.000  1.000  0.000  0.000  0.000  0.000  0.000
       24  0.00000   0.000  0.000  0.000  0.000  0.000  0.000  0.000  0.000  0.000  0.000  1.000  0.000  0.000  0.000  0.000
       25  0.00000   0.000  0.000  0.000  0.000  0.000  0.000  0.000  0.000  0.000  0.000  0.000  1.000  0.000  0.000  0.000
       27  0.00000   0.000  0.000  0.000  0.000  0.000  0.000  0.000  0.000  0.000  0.000  0.000  0.000  1.000  0.000  0.000
       28  0.00000   0.000  0.000  0.000  0.000  0.000  0.000  0.000  0.000  0.000  0.000  0.000  0.000  0.000  1.000  0.000
       30  0.00000   0.000  0.000  0.000  0.000  0.000  0.000  0.000  0.000  0.000  0.000  0.000  0.000  0.000  0.000  1.000
 ERR MATRIX APPROXIMATE
MINUIT - FIT ONLY 1-y
 **********
 **   51 **RES 
 **********
                   PARAMETER   16  beta_vw RESTORED TO VARIABLE.
                   PARAMETER   14  alpha_vw RESTORED TO VARIABLE.
                   PARAMETER   13  beta_y RESTORED TO VARIABLE.
                   PARAMETER   11  alpha_y RESTORED TO VARIABLE.
                   PARAMETER   10  beta_2CBO RESTORED TO VARIABLE.
 **********
 **   52 **FIX            0
 **********
 PARAMETER    0  IS UNDEFINED. IGNORED.
 **********
 **   53 **FIX            1
 **********
 **********
 **   54 **FIX            2
 **********
 PARAMETER    2  IS CONSTANT.   IGNORED.
 **********
 **   55 **FIX            3
 **********
 **********
 **   56 **FIX            4
 **********
 **********
 **   57 **FIX            5
 **********
 PARAMETER    5  IS CONSTANT.   IGNORED.
 **********
 **   58 **FIX            6
 **********
 **********
 **   59 **FIX            7
 **********
 PARAMETER    7  IS CONSTANT.   IGNORED.
 **********
 **   60 **FIX            8
 **********
 **********
 **   61 **FIX            9
 **********
 **********
 **   62 **FIX           13
 **********
 **********
 **   63 **FIX           14
 **********
 **********
 **   64 **FIX           15
 **********
 PARAMETER   15  IS CONSTANT.   IGNORED.
 **********
 **   65 **FIX           16
 **********
 **********
 **   66 **MIGRAD
 **********
 START MIGRAD MINIMIZATION.  STRATEGY  1.  CONVERGENCE WHEN EDM .LT. 1.00e-04
 FCN=66.8384 FROM MIGRAD    STATUS=INITIATE      715 CALLS        5407 TOTAL
                     EDM= unknown      STRATEGY= 1      NO ERROR MATRIX       
  EXT PARAMETER               CURRENT GUESS       STEP         FIRST   
  NO.   NAME      VALUE            ERROR          SIZE      DERIVATIVE 
   1  N0           1.60407e+06     fixed    
   2  tau          6.44102e+01   constant   
   3  A0           3.65172e-01     fixed    
   4  phi          4.11569e+00     fixed    
   5  R           -5.98585e+01   constant   
   6  alpha_CBO   -4.93603e-03     fixed    
   7  w_CBO        2.32643e+00   constant   
   8  beta_CBO     2.89653e-04     fixed    
   9  alpha_2CBO   2.82616e-03     fixed    
  10  beta_2CBO   -8.14061e-04   2.29499e-03   0.00000e+00  -1.58653e+01
  11  alpha_y      0.00000e+00   1.00000e-03   0.00000e+00  -3.19204e+02
  12  w_y          1.38965e+01   constant   
  13  beta_y      -1.47580e-03     fixed    
  14  alpha_vw     0.00000e+00     fixed    
  15  w_vw         1.43195e+01   constant   
  16  beta_vw      0.00000e+00     fixed    
  17  LM           2.78953e-04   constant   
  18  zeta_y       0.00000e+00   constant   
  19  zeta_vw      0.00000e+00   constant   
  20  T_CBO        1.00000e+02   8.96179e+02   0.00000e+00   0.00000e+00
  21  alpha_A0    -4.86911e-03   3.76159e-03   0.00000e+00  -4.96583e-01
  22  beta_A0     -7.49794e-05   3.73194e-03   0.00000e+00   1.97307e-01
  23  alpha_phi   -8.41821e-03   4.16153e-03   0.00000e+00   8.64178e-02
  24  beta_phi     9.19450e-04   4.37057e-03   0.00000e+00  -6.42532e-02
  25  alpha_vw_m_cbo   1.73506e-05   2.29804e-03   0.00000e+00  -1.15068e-01
  26  w_vw_m_cbo   1.20584e+01   constant   
  27  beta_vw_m_cbo   7.64614e-04   2.26450e-03   0.00000e+00   1.59244e-01
  28  alpha_vw_p_cbo   2.59114e-04   2.29486e-03   0.00000e+00  -5.94875e-02
  29  w_vw_p_cbo   1.59923e+01   constant   
  30  beta_vw_p_cbo  -3.63747e-03   2.26756e-03   0.00000e+00   1.27976e-01
 MIGRAD MINIMIZATION HAS CONVERGED.
 MIGRAD WILL VERIFY CONVERGENCE AND ERROR MATRIX.
  MNHESS FAILS AND WILL RETURN DIAGONAL MATRIX. 
 FCN=66.7054 FROM MIGRAD    STATUS=CONVERGED     768 CALLS        5460 TOTAL
                     EDM=8.03432e-06    STRATEGY= 1  ERROR MATRIX UNCERTAINTY 100.0 per cent
  EXT PARAMETER                APPROXIMATE        STEP         FIRST   
  NO.   NAME      VALUE            ERROR          SIZE      DERIVATIVE 
   1  N0           1.60407e+06     fixed    
   2  tau          6.44102e+01   constant   
   3  A0           3.65172e-01     fixed    
   4  phi          4.11569e+00     fixed    
   5  R           -5.98585e+01   constant   
   6  alpha_CBO   -4.93603e-03     fixed    
   7  w_CBO        2.32643e+00   constant   
   8  beta_CBO     2.89653e-04     fixed    
   9  alpha_2CBO   2.82616e-03     fixed    
  10  beta_2CBO   -7.63149e-04   2.29504e-03   9.22087e-06   7.10290e-01
  11  alpha_y      8.30946e-04   2.26721e-03   9.10905e-06  -3.54663e-02
  12  w_y          1.38965e+01   constant   
  13  beta_y      -1.47580e-03     fixed    
  14  alpha_vw     0.00000e+00     fixed    
  15  w_vw         1.43195e+01   constant   
  16  beta_vw      0.00000e+00     fixed    
  17  LM           2.78953e-04   constant   
  18  zeta_y       0.00000e+00   constant   
  19  zeta_vw      0.00000e+00   constant   
  20  T_CBO        1.00000e+02   9.26237e+02  -0.00000e+00   0.00000e+00
  21  alpha_A0    -4.85953e-03   3.76159e-03   6.07332e-06  -3.23192e-01
  22  beta_A0     -6.87059e-05   3.73195e-03   7.64753e-06  -2.15655e-02
  23  alpha_phi   -8.45141e-03   4.16150e-03  -3.24521e-05   3.21206e-01
  24  beta_phi     9.52253e-04   4.37065e-03   3.21889e-05   2.19790e-01
  25  alpha_vw_m_cbo   7.26850e-06   2.29804e-03  -1.03859e-05   1.44151e-02
  26  w_vw_m_cbo   1.20584e+01   constant   
  27  beta_vw_m_cbo   7.09665e-04   2.26450e-03  -5.45410e-05  -1.01880e+00
  28  alpha_vw_p_cbo   3.07481e-04   2.29486e-03   4.82099e-05   3.30529e-01
  29  w_vw_p_cbo   1.59923e+01   constant   
  30  beta_vw_p_cbo  -3.68395e-03   2.26756e-03  -4.61569e-05  -1.69226e-01
 EXTERNAL ERROR MATRIX.    NDIM=  31    NPAR= 11    ERR DEF=1
  5.267e-06 
  0.000e+00  5.140e-06 
  0.000e+00  0.000e+00  1.606e+06 
  0.000e+00  0.000e+00  0.000e+00  1.415e-05 
  0.000e+00  0.000e+00  0.000e+00  0.000e+00  1.393e-05 
  0.000e+00  0.000e+00  0.000e+00  0.000e+00  0.000e+00  1.732e-05 
  0.000e+00  0.000e+00  0.000e+00  0.000e+00  0.000e+00  0.000e+00  1.910e-05 
  0.000e+00  0.000e+00  0.000e+00  0.000e+00  0.000e+00  0.000e+00  0.000e+00  5.281e-06 
  0.000e+00  0.000e+00  0.000e+00  0.000e+00  0.000e+00  0.000e+00  0.000e+00  0.000e+00  5.128e-06 
  0.000e+00  0.000e+00  0.000e+00  0.000e+00  0.000e+00  0.000e+00  0.000e+00  0.000e+00  0.000e+00  5.266e-06 
  0.000e+00  0.000e+00  0.000e+00  0.000e+00  0.000e+00  0.000e+00  0.000e+00  0.000e+00  0.000e+00  0.000e+00  5.142e-06 
ERR MATRIX APPROXIMATE
 PARAMETER  CORRELATION COEFFICIENTS  
       NO.  GLOBAL     10     11     20     21     22     23     24     25     27     28     30
       10  0.00000   1.000  0.000  0.000  0.000  0.000  0.000  0.000  0.000  0.000  0.000  0.000
       11  0.00000   0.000  1.000  0.000  0.000  0.000  0.000  0.000  0.000  0.000  0.000  0.000
       20  0.00000   0.000  0.000  1.000  0.000  0.000  0.000  0.000  0.000  0.000  0.000  0.000
       21  0.00000   0.000  0.000  0.000  1.000  0.000  0.000  0.000  0.000  0.000  0.000  0.000
       22  0.00000   0.000  0.000  0.000  0.000  1.000  0.000  0.000  0.000  0.000  0.000  0.000
       23  0.00000   0.000  0.000  0.000  0.000  0.000  1.000  0.000  0.000  0.000  0.000  0.000
       24  0.00000   0.000  0.000  0.000  0.000  0.000  0.000  1.000  0.000  0.000  0.000  0.000
       25  0.00000   0.000  0.000  0.000  0.000  0.000  0.000  0.000  1.000  0.000  0.000  0.000
       27  0.00000   0.000  0.000  0.000  0.000  0.000  0.000  0.000  0.000  1.000  0.000  0.000
       28  0.00000   0.000  0.000  0.000  0.000  0.000  0.000  0.000  0.000  0.000  1.000  0.000
       30  0.00000   0.000  0.000  0.000  0.000  0.000  0.000  0.000  0.000  0.000  0.000  1.000
 ERR MATRIX APPROXIMATE
MINUIT - FIT ONLY 2-y
 **********
 **   67 **RES 
 **********
                   PARAMETER   16  beta_vw RESTORED TO VARIABLE.
                   PARAMETER   14  alpha_vw RESTORED TO VARIABLE.
                   PARAMETER   13  beta_y RESTORED TO VARIABLE.
                   PARAMETER    9  alpha_2CBO RESTORED TO VARIABLE.
                   PARAMETER    8  beta_CBO RESTORED TO VARIABLE.
                   PARAMETER    6  alpha_CBO RESTORED TO VARIABLE.
                   PARAMETER    4  phi RESTORED TO VARIABLE.
                   PARAMETER    3  A0 RESTORED TO VARIABLE.
                   PARAMETER    1  N0 RESTORED TO VARIABLE.
 **********
 **   68 **FIX            0
 **********
 PARAMETER    0  IS UNDEFINED. IGNORED.
 **********
 **   69 **FIX            1
 **********
 **********
 **   70 **FIX            2
 **********
 PARAMETER    2  IS CONSTANT.   IGNORED.
 **********
 **   71 **FIX            3
 **********
 **********
 **   72 **FIX            4
 **********
 **********
 **   73 **FIX            5
 **********
 PARAMETER    5  IS CONSTANT.   IGNORED.
 **********
 **   74 **FIX            6
 **********
 **********
 **   75 **FIX            7
 **********
 PARAMETER    7  IS CONSTANT.   IGNORED.
 **********
 **   76 **FIX            8
 **********
 **********
 **   77 **FIX            9
 **********
 **********
 **   78 **FIX           10
 **********
 **********
 **   79 **FIX           11
 **********
 **********
 **   80 **FIX           12
 **********
 PARAMETER   12  IS CONSTANT.   IGNORED.
 **********
 **   81 **FIX           16
 **********
 **********
 **   82 **MIGRAD
 **********
 START MIGRAD MINIMIZATION.  STRATEGY  1.  CONVERGENCE WHEN EDM .LT. 1.00e-04
 FCN=66.7054 FROM MIGRAD    STATUS=INITIATE      715 CALLS        6175 TOTAL
                     EDM= unknown      STRATEGY= 1      NO ERROR MATRIX       
  EXT PARAMETER               CURRENT GUESS       STEP         FIRST   
  NO.   NAME      VALUE            ERROR          SIZE      DERIVATIVE 
   1  N0           1.60407e+06     fixed    
   2  tau          6.44102e+01   constant   
   3  A0           3.65172e-01     fixed    
   4  phi          4.11569e+00     fixed    
   5  R           -5.98585e+01   constant   
   6  alpha_CBO   -4.93603e-03     fixed    
   7  w_CBO        2.32643e+00   constant   
   8  beta_CBO     2.89653e-04     fixed    
   9  alpha_2CBO   2.82616e-03     fixed    
  10  beta_2CBO   -7.63149e-04     fixed    
  11  alpha_y      8.30946e-04     fixed    
  12  w_y          1.38965e+01   constant   
  13  beta_y      -1.47580e-03   2.29517e-03   0.00000e+00   1.89353e+00
  14  alpha_vw     0.00000e+00   1.00000e-03   0.00000e+00   1.77833e+02
  15  w_vw         1.43195e+01   constant   
  16  beta_vw      0.00000e+00     fixed    
  17  LM           2.78953e-04   constant   
  18  zeta_y       0.00000e+00   constant   
  19  zeta_vw      0.00000e+00   constant   
  20  T_CBO        1.00000e+02   9.26237e+02   0.00000e+00   0.00000e+00
  21  alpha_A0    -4.85953e-03   3.76159e-03   0.00000e+00  -3.23192e-01
  22  beta_A0     -6.87059e-05   3.73195e-03   0.00000e+00  -2.15655e-02
  23  alpha_phi   -8.45141e-03   4.16150e-03   0.00000e+00   3.21205e-01
  24  beta_phi     9.52253e-04   4.37065e-03   0.00000e+00   2.19789e-01
  25  alpha_vw_m_cbo   7.26850e-06   2.29804e-03   0.00000e+00   1.44151e-02
  26  w_vw_m_cbo   1.20584e+01   constant   
  27  beta_vw_m_cbo   7.09665e-04   2.26450e-03   0.00000e+00  -1.01880e+00
  28  alpha_vw_p_cbo   3.07481e-04   2.29486e-03   0.00000e+00   3.30529e-01
  29  w_vw_p_cbo   1.59923e+01   constant   
  30  beta_vw_p_cbo  -3.68395e-03   2.26756e-03   0.00000e+00  -1.69226e-01
 MIGRAD MINIMIZATION HAS CONVERGED.
 MIGRAD WILL VERIFY CONVERGENCE AND ERROR MATRIX.
  MNHESS FAILS AND WILL RETURN DIAGONAL MATRIX. 
 FCN=66.6616 FROM MIGRAD    STATUS=CONVERGED     792 CALLS        6252 TOTAL
                     EDM=6.91965e-08    STRATEGY= 1  ERROR MATRIX UNCERTAINTY 100.0 per cent
  EXT PARAMETER                APPROXIMATE        STEP         FIRST   
  NO.   NAME      VALUE            ERROR          SIZE      DERIVATIVE 
   1  N0           1.60407e+06     fixed    
   2  tau          6.44102e+01   constant   
   3  A0           3.65172e-01     fixed    
   4  phi          4.11569e+00     fixed    
   5  R           -5.98585e+01   constant   
   6  alpha_CBO   -4.93603e-03     fixed    
   7  w_CBO        2.32643e+00   constant   
   8  beta_CBO     2.89653e-04     fixed    
   9  alpha_2CBO   2.82616e-03     fixed    
  10  beta_2CBO   -7.63149e-04     fixed    
  11  alpha_y      8.30946e-04     fixed    
  12  w_y          1.38965e+01   constant   
  13  beta_y      -1.35740e-03   2.29522e-03   9.21862e-06  -1.12655e-03
  14  alpha_vw    -4.94200e-04   2.28302e-03   9.16962e-06   1.03723e-02
  15  w_vw         1.43195e+01   constant   
  16  beta_vw      0.00000e+00     fixed    
  17  LM           2.78953e-04   constant   
  18  zeta_y       0.00000e+00   constant   
  19  zeta_vw      0.00000e+00   constant   
  20  T_CBO        1.00000e+02   9.08947e+02  -0.00000e+00   0.00000e+00
  21  alpha_A0    -4.84739e-03   3.76159e-03   2.23576e-06   7.88079e-03
  22  beta_A0     -7.69369e-05   3.73195e-03  -2.27409e-06  -9.45623e-03
  23  alpha_phi   -8.47960e-03   4.16146e-03  -3.77062e-06  -5.77041e-03
  24  beta_phi     9.40229e-04   4.37060e-03   1.30560e-06  -1.06881e-02
  25  alpha_vw_m_cbo  -5.68303e-06   2.29804e-03   4.73733e-06   9.91744e-02
  26  w_vw_m_cbo   1.20584e+01   constant   
  27  beta_vw_m_cbo   6.93533e-04   2.26450e-03  -3.15081e-06  -9.33362e-02
  28  alpha_vw_p_cbo   3.13319e-04   2.29486e-03   6.75477e-06   9.76339e-02
  29  w_vw_p_cbo   1.59923e+01   constant   
  30  beta_vw_p_cbo  -3.68726e-03   2.26756e-03   7.63148e-06  -3.39698e-02
 EXTERNAL ERROR MATRIX.    NDIM=  31    NPAR= 11    ERR DEF=1
  5.268e-06 
  0.000e+00  5.212e-06 
  0.000e+00  0.000e+00  1.716e+06 
  0.000e+00  0.000e+00  0.000e+00  1.415e-05 
  0.000e+00  0.000e+00  0.000e+00  0.000e+00  1.393e-05 
  0.000e+00  0.000e+00  0.000e+00  0.000e+00  0.000e+00  1.732e-05 
  0.000e+00  0.000e+00  0.000e+00  0.000e+00  0.000e+00  0.000e+00  1.910e-05 
  0.000e+00  0.000e+00  0.000e+00  0.000e+00  0.000e+00  0.000e+00  0.000e+00  5.281e-06 
  0.000e+00  0.000e+00  0.000e+00  0.000e+00  0.000e+00  0.000e+00  0.000e+00  0.000e+00  5.128e-06 
  0.000e+00  0.000e+00  0.000e+00  0.000e+00  0.000e+00  0.000e+00  0.000e+00  0.000e+00  0.000e+00  5.266e-06 
  0.000e+00  0.000e+00  0.000e+00  0.000e+00  0.000e+00  0.000e+00  0.000e+00  0.000e+00  0.000e+00  0.000e+00  5.142e-06 
ERR MATRIX APPROXIMATE
 PARAMETER  CORRELATION COEFFICIENTS  
       NO.  GLOBAL     13     14     20     21     22     23     24     25     27     28     30
       13  0.00000   1.000  0.000  0.000  0.000  0.000  0.000  0.000  0.000  0.000  0.000  0.000
       14  0.00000   0.000  1.000  0.000  0.000  0.000  0.000  0.000  0.000  0.000  0.000  0.000
       20  0.00000   0.000  0.000  1.000  0.000  0.000  0.000  0.000  0.000  0.000  0.000  0.000
       21  0.00000   0.000  0.000  0.000  1.000  0.000  0.000  0.000  0.000  0.000  0.000  0.000
       22  0.00000   0.000  0.000  0.000  0.000  1.000  0.000  0.000  0.000  0.000  0.000  0.000
       23  0.00000   0.000  0.000  0.000  0.000  0.000  1.000  0.000  0.000  0.000  0.000  0.000
       24  0.00000   0.000  0.000  0.000  0.000  0.000  0.000  1.000  0.000  0.000  0.000  0.000
       25  0.00000   0.000  0.000  0.000  0.000  0.000  0.000  0.000  1.000  0.000  0.000  0.000
       27  0.00000   0.000  0.000  0.000  0.000  0.000  0.000  0.000  0.000  1.000  0.000  0.000
       28  0.00000   0.000  0.000  0.000  0.000  0.000  0.000  0.000  0.000  0.000  1.000  0.000
       30  0.00000   0.000  0.000  0.000  0.000  0.000  0.000  0.000  0.000  0.000  0.000  1.000
 ERR MATRIX APPROXIMATE
MINUIT - FIT ALTOGETHER
 **********
 **   83 **RES 
 **********
                   PARAMETER   16  beta_vw RESTORED TO VARIABLE.
                   PARAMETER   11  alpha_y RESTORED TO VARIABLE.
                   PARAMETER   10  beta_2CBO RESTORED TO VARIABLE.
                   PARAMETER    9  alpha_2CBO RESTORED TO VARIABLE.
                   PARAMETER    8  beta_CBO RESTORED TO VARIABLE.
                   PARAMETER    6  alpha_CBO RESTORED TO VARIABLE.
                   PARAMETER    4  phi RESTORED TO VARIABLE.
                   PARAMETER    3  A0 RESTORED TO VARIABLE.
                   PARAMETER    1  N0 RESTORED TO VARIABLE.
 **********
 **   84 **MIGRAD
 **********
 START MIGRAD MINIMIZATION.  STRATEGY  1.  CONVERGENCE WHEN EDM .LT. 1.00e-04
 FCN=66.6616 FROM MIGRAD    STATUS=INITIATE     2029 CALLS        8281 TOTAL
                     EDM= unknown      STRATEGY= 1      NO ERROR MATRIX       
  EXT PARAMETER               CURRENT GUESS       STEP         FIRST   
  NO.   NAME      VALUE            ERROR          SIZE      DERIVATIVE 
   1  N0           1.60407e+06   1.29366e+03   0.00000e+00   3.10320e-06
   2  tau          6.44102e+01   constant   
   3  A0           3.65172e-01   9.67386e-04   0.00000e+00  -1.17117e+00
   4  phi          4.11569e+00   3.01385e-03   0.00000e+00   7.08201e+00
   5  R           -5.98585e+01   constant   
   6  alpha_CBO   -4.93603e-03   2.26495e-03   0.00000e+00   4.63366e+00
   7  w_CBO        2.32643e+00   constant   
   8  beta_CBO     2.89653e-04   2.29757e-03   0.00000e+00  -1.88509e+00
   9  alpha_2CBO   2.82616e-03   2.26738e-03   0.00000e+00   4.38705e+00
  10  beta_2CBO   -7.63149e-04   2.29504e-03   0.00000e+00  -3.11471e+00
  11  alpha_y      8.30946e-04   2.26721e-03   0.00000e+00   6.44924e+01
  12  w_y          1.38965e+01   constant   
  13  beta_y      -1.35740e-03   2.29522e-03   0.00000e+00  -1.12653e-03
  14  alpha_vw    -4.94200e-04   2.28302e-03   0.00000e+00   1.03723e-02
  15  w_vw         1.43195e+01   constant   
  16  beta_vw      0.00000e+00   1.00000e-03   0.00000e+00  -6.19225e+02
  17  LM           2.78953e-04   constant   
  18  zeta_y       0.00000e+00   constant   
  19  zeta_vw      0.00000e+00   constant   
  20  T_CBO        1.00000e+02   9.08947e+02   0.00000e+00   0.00000e+00
  21  alpha_A0    -4.84739e-03   3.76159e-03   0.00000e+00   7.88077e-03
  22  beta_A0     -7.69369e-05   3.73195e-03   0.00000e+00  -9.45627e-03
  23  alpha_phi   -8.47960e-03   4.16146e-03   0.00000e+00  -5.77127e-03
  24  beta_phi     9.40229e-04   4.37060e-03   0.00000e+00  -1.06878e-02
  25  alpha_vw_m_cbo  -5.68303e-06   2.29804e-03   0.00000e+00   9.91744e-02
  26  w_vw_m_cbo   1.20584e+01   constant   
  27  beta_vw_m_cbo   6.93533e-04   2.26450e-03   0.00000e+00  -9.33362e-02
  28  alpha_vw_p_cbo   3.13319e-04   2.29486e-03   0.00000e+00   9.76339e-02
  29  w_vw_p_cbo   1.59923e+01   constant   
  30  beta_vw_p_cbo  -3.68726e-03   2.26756e-03   0.00000e+00  -3.39698e-02
 MIGRAD MINIMIZATION HAS CONVERGED.
 MIGRAD WILL VERIFY CONVERGENCE AND ERROR MATRIX.
  MNHESS FAILS AND WILL RETURN DIAGONAL MATRIX. 
 FCN=66.0796 FROM MIGRAD    STATUS=CONVERGED    2220 CALLS        8472 TOTAL
                     EDM=5.27944e-06    STRATEGY= 1  ERROR MATRIX UNCERTAINTY 100.0 per cent
  EXT PARAMETER                APPROXIMATE        STEP         FIRST   
  NO.   NAME      VALUE            ERROR          SIZE      DERIVATIVE 
   1  N0           1.60405e+06   1.29364e+03   5.04907e+00   1.15139e-08
   2  tau          6.44102e+01   constant   
   3  A0           3.65184e-01   9.67393e-04   3.86873e-06  -5.47451e-01
   4  phi          4.11564e+00   3.01370e-03   1.20522e-05   5.87125e-01
   5  R           -5.98585e+01   constant   
   6  alpha_CBO   -4.96329e-03   2.26500e-03   9.05801e-06   1.87103e-01
   7  w_CBO        2.32643e+00   constant   
   8  beta_CBO     3.32075e-04   2.29759e-03   9.18837e-06   1.55915e-01
   9  alpha_2CBO   2.82736e-03   2.26742e-03   9.06770e-06  -1.37248e-01
  10  beta_2CBO   -7.23986e-04   2.29507e-03   9.17829e-06  -1.34046e-02
  11  alpha_y      1.06177e-03   2.26724e-03   9.06700e-06   1.17613e-02
  12  w_y          1.38965e+01   constant   
  13  beta_y      -6.69741e-04   2.29525e-03   9.17902e-06   3.94260e-02
  14  alpha_vw    -5.76828e-04   2.28305e-03   9.13022e-06   1.20885e+00
  15  w_vw         1.43195e+01   constant   
  16  beta_vw      1.90321e-03   2.27919e-03   9.11478e-06   2.74682e-01
  17  LM           2.78953e-04   constant   
  18  zeta_y       0.00000e+00   constant   
  19  zeta_vw      0.00000e+00   constant   
  20  T_CBO        1.00000e+02   9.19429e+02  -0.00000e+00   0.00000e+00
  21  alpha_A0    -4.81715e-03   3.76151e-03  -8.16843e-08  -2.40641e-01
  22  beta_A0     -1.20496e-04   3.73182e-03  -1.63349e-06  -1.03876e-01
  23  alpha_phi   -8.55842e-03   4.16130e-03  -5.43200e-06   2.26619e-01
  24  beta_phi     9.43757e-04   4.37040e-03   3.80588e-08  -3.25943e-02
  25  alpha_vw_m_cbo  -5.91422e-05   2.29807e-03  -2.15095e-06   3.51019e-02
  26  w_vw_m_cbo   1.20584e+01   constant   
  27  beta_vw_m_cbo   6.96379e-04   2.26454e-03   1.35107e-07  -3.68811e-01
  28  alpha_vw_p_cbo   3.48877e-04   2.29489e-03  -6.27491e-08   3.96191e-01
  29  w_vw_p_cbo   1.59923e+01   constant   
  30  beta_vw_p_cbo  -3.71452e-03   2.26760e-03   1.16376e-06  -1.63775e-01
 EXTERNAL ERROR MATRIX.    NDIM=  31    NPAR= 20    ERR DEF=1
 ELEMENTS ABOVE DIAGONAL ARE NOT PRINTED.
  1.674e+06 
  0.000e+00  9.358e-07 
  0.000e+00  0.000e+00  9.082e-06 
  0.000e+00  0.000e+00  0.000e+00  5.130e-06 
  0.000e+00  0.000e+00  0.000e+00  0.000e+00  5.279e-06 
  0.000e+00  0.000e+00  0.000e+00  0.000e+00  0.000e+00  5.141e-06 
  0.000e+00  0.000e+00  0.000e+00  0.000e+00  0.000e+00  0.000e+00  5.267e-06 
  0.000e+00  0.000e+00  0.000e+00  0.000e+00  0.000e+00  0.000e+00  0.000e+00  5.140e-06 
  0.000e+00  0.000e+00  0.000e+00  0.000e+00  0.000e+00  0.000e+00  0.000e+00  0.000e+00  5.268e-06 
  0.000e+00  0.000e+00  0.000e+00  0.000e+00  0.000e+00  0.000e+00  0.000e+00  0.000e+00  0.000e+00  5.212e-06 
  0.000e+00  0.000e+00  0.000e+00  0.000e+00  0.000e+00  0.000e+00  0.000e+00  0.000e+00  0.000e+00  0.000e+00  5.195e-06 
  0.000e+00  0.000e+00  0.000e+00  0.000e+00  0.000e+00  0.000e+00  0.000e+00  0.000e+00  0.000e+00  0.000e+00  0.000e+00 
  0.000e+00  0.000e+00  0.000e+00  0.000e+00  0.000e+00  0.000e+00  0.000e+00  0.000e+00  0.000e+00  0.000e+00  0.000e+00  1.652e+06 
  0.000e+00  0.000e+00  0.000e+00  0.000e+00  0.000e+00  0.000e+00  0.000e+00  0.000e+00  0.000e+00  0.000e+00  0.000e+00 
  0.000e+00  0.000e+00  0.000e+00  0.000e+00  0.000e+00  0.000e+00  0.000e+00  0.000e+00  0.000e+00  0.000e+00  0.000e+00  0.000e+00  1.415e-05 
  0.000e+00  0.000e+00  0.000e+00  0.000e+00  0.000e+00  0.000e+00  0.000e+00  0.000e+00  0.000e+00  0.000e+00  0.000e+00 
  0.000e+00  0.000e+00  0.000e+00  0.000e+00  0.000e+00  0.000e+00  0.000e+00  0.000e+00  0.000e+00  0.000e+00  0.000e+00  0.000e+00  0.000e+00  1.393e-05 
  0.000e+00  0.000e+00  0.000e+00  0.000e+00  0.000e+00  0.000e+00  0.000e+00  0.000e+00  0.000e+00  0.000e+00  0.000e+00 
  0.000e+00  0.000e+00  0.000e+00  0.000e+00  0.000e+00  0.000e+00  0.000e+00  0.000e+00  0.000e+00  0.000e+00  0.000e+00  0.000e+00  0.000e+00  0.000e+00  1.732e-05 
  0.000e+00  0.000e+00  0.000e+00  0.000e+00  0.000e+00  0.000e+00  0.000e+00  0.000e+00  0.000e+00  0.000e+00  0.000e+00 
  0.000e+00  0.000e+00  0.000e+00  0.000e+00  0.000e+00  0.000e+00  0.000e+00  0.000e+00  0.000e+00  0.000e+00  0.000e+00  0.000e+00  0.000e+00  0.000e+00  0.000e+00  1.910e-05 
  0.000e+00  0.000e+00  0.000e+00  0.000e+00  0.000e+00  0.000e+00  0.000e+00  0.000e+00  0.000e+00  0.000e+00  0.000e+00 
  0.000e+00  0.000e+00  0.000e+00  0.000e+00  0.000e+00  0.000e+00  0.000e+00  0.000e+00  0.000e+00  0.000e+00  0.000e+00  0.000e+00  0.000e+00  0.000e+00  0.000e+00  0.000e+00  5.281e-06 
  0.000e+00  0.000e+00  0.000e+00  0.000e+00  0.000e+00  0.000e+00  0.000e+00  0.000e+00  0.000e+00  0.000e+00  0.000e+00 
  0.000e+00  0.000e+00  0.000e+00  0.000e+00  0.000e+00  0.000e+00  0.000e+00  0.000e+00  0.000e+00  0.000e+00  0.000e+00  0.000e+00  0.000e+00  0.000e+00  0.000e+00  0.000e+00  0.000e+00  5.128e-06 
  0.000e+00  0.000e+00  0.000e+00  0.000e+00  0.000e+00  0.000e+00  0.000e+00  0.000e+00  0.000e+00  0.000e+00  0.000e+00 
  0.000e+00  0.000e+00  0.000e+00  0.000e+00  0.000e+00  0.000e+00  0.000e+00  0.000e+00  0.000e+00  0.000e+00  0.000e+00  0.000e+00  0.000e+00  0.000e+00  0.000e+00  0.000e+00  0.000e+00  0.000e+00  5.267e-06 
  0.000e+00  0.000e+00  0.000e+00  0.000e+00  0.000e+00  0.000e+00  0.000e+00  0.000e+00  0.000e+00  0.000e+00  0.000e+00 
  0.000e+00  0.000e+00  0.000e+00  0.000e+00  0.000e+00  0.000e+00  0.000e+00  0.000e+00  0.000e+00  0.000e+00  0.000e+00  0.000e+00  0.000e+00  0.000e+00  0.000e+00  0.000e+00  0.000e+00  0.000e+00  0.000e+00  5.142e-06 
ERR MATRIX APPROXIMATE
 PARAMETER  CORRELATION COEFFICIENTS  
       NO.  GLOBAL      1      3      4      6      8      9     10     11     13     14     16     20     21     22     23     24
        1  0.00000   1.000  0.000  0.000  0.000  0.000  0.000  0.000  0.000  0.000  0.000  0.000  0.000  0.000  0.000  0.000  0.000
        3  0.00000   0.000  1.000  0.000  0.000  0.000  0.000  0.000  0.000  0.000  0.000  0.000  0.000  0.000  0.000  0.000  0.000
        4  0.00000   0.000  0.000  1.000  0.000  0.000  0.000  0.000  0.000  0.000  0.000  0.000  0.000  0.000  0.000  0.000  0.000
        6  0.00000   0.000  0.000  0.000  1.000  0.000  0.000  0.000  0.000  0.000  0.000  0.000  0.000  0.000  0.000  0.000  0.000
        8  0.00000   0.000  0.000  0.000  0.000  1.000  0.000  0.000  0.000  0.000  0.000  0.000  0.000  0.000  0.000  0.000  0.000
        9  0.00000   0.000  0.000  0.000  0.000  0.000  1.000  0.000  0.000  0.000  0.000  0.000  0.000  0.000  0.000  0.000  0.000
       10  0.00000   0.000  0.000  0.000  0.000  0.000  0.000  1.000  0.000  0.000  0.000  0.000  0.000  0.000  0.000  0.000  0.000
       11  0.00000   0.000  0.000  0.000  0.000  0.000  0.000  0.000  1.000  0.000  0.000  0.000  0.000  0.000  0.000  0.000  0.000
       13  0.00000   0.000  0.000  0.000  0.000  0.000  0.000  0.000  0.000  1.000  0.000  0.000  0.000  0.000  0.000  0.000  0.000
       14  0.00000   0.000  0.000  0.000  0.000  0.000  0.000  0.000  0.000  0.000  1.000  0.000  0.000  0.000  0.000  0.000  0.000
       16  0.00000   0.000  0.000  0.000  0.000  0.000  0.000  0.000  0.000  0.000  0.000  1.000  0.000  0.000  0.000  0.000  0.000
       20  0.00000   0.000  0.000  0.000  0.000  0.000  0.000  0.000  0.000  0.000  0.000  0.000  1.000  0.000  0.000  0.000  0.000
       21  0.00000   0.000  0.000  0.000  0.000  0.000  0.000  0.000  0.000  0.000  0.000  0.000  0.000  1.000  0.000  0.000  0.000
       22  0.00000   0.000  0.000  0.000  0.000  0.000  0.000  0.000  0.000  0.000  0.000  0.000  0.000  0.000  1.000  0.000  0.000
       23  0.00000   0.000  0.000  0.000  0.000  0.000  0.000  0.000  0.000  0.000  0.000  0.000  0.000  0.000  0.000  1.000  0.000
       24  0.00000   0.000  0.000  0.000  0.000  0.000  0.000  0.000  0.000  0.000  0.000  0.000  0.000  0.000  0.000  0.000  1.000
       25  0.00000   0.000  0.000  0.000  0.000  0.000  0.000  0.000  0.000  0.000  0.000  0.000  0.000  0.000  0.000  0.000  0.000
                     1.000  0.000  0.000  0.000
       27  0.00000   0.000  0.000  0.000  0.000  0.000  0.000  0.000  0.000  0.000  0.000  0.000  0.000  0.000  0.000  0.000  0.000
                     0.000  1.000  0.000  0.000
       28  0.00000   0.000  0.000  0.000  0.000  0.000  0.000  0.000  0.000  0.000  0.000  0.000  0.000  0.000  0.000  0.000  0.000
                     0.000  0.000  1.000  0.000
       30  0.00000   0.000  0.000  0.000  0.000  0.000  0.000  0.000  0.000  0.000  0.000  0.000  0.000  0.000  0.000  0.000  0.000
                     0.000  0.000  0.000  1.000
 ERR MATRIX APPROXIMATE
MINUIT - MINOS
 **********
 **   85 **RES 
 **********
 CALL TO MNFREE IGNORED.  THERE ARE NO FIXED PARAMETERS
 **********
 **   86 **MIG      2.5e+04        0.01
 **********
 START MIGRAD MINIMIZATION.  STRATEGY  1.  CONVERGENCE WHEN EDM .LT. 1.00e-05
 FCN=66.0796 FROM MIGRAD    STATUS=INITIATE       40 CALLS        8512 TOTAL
                     EDM=1.53829e-05    STRATEGY= 1  ERROR MATRIX UNCERTAINTY 100.0 per cent
  EXT PARAMETER                APPROXIMATE        STEP         FIRST   
  NO.   NAME      VALUE            ERROR          SIZE      DERIVATIVE 
   1  N0           1.60405e+06   1.29364e+03   5.04907e+00   1.15138e-08
   2  tau          6.44102e+01   constant   
   3  A0           3.65184e-01   9.67393e-04   3.86873e-06  -5.47451e-01
   4  phi          4.11564e+00   3.01370e-03   1.20522e-05   5.87125e-01
   5  R           -5.98585e+01   constant   
   6  alpha_CBO   -4.96329e-03   2.26500e-03   9.05801e-06   1.87103e-01
   7  w_CBO        2.32643e+00   constant   
   8  beta_CBO     3.32075e-04   2.29759e-03   9.18837e-06   1.55915e-01
   9  alpha_2CBO   2.82736e-03   2.26742e-03   9.06770e-06  -1.37248e-01
  10  beta_2CBO   -7.23986e-04   2.29507e-03   9.17829e-06  -1.34046e-02
  11  alpha_y      1.06177e-03   2.26724e-03   9.06700e-06   1.17613e-02
  12  w_y          1.38965e+01   constant   
  13  beta_y      -6.69741e-04   2.29525e-03   9.17902e-06   3.94260e-02
  14  alpha_vw    -5.76828e-04   2.28305e-03   9.13022e-06   1.20885e+00
  15  w_vw         1.43195e+01   constant   
  16  beta_vw      1.90321e-03   2.27919e-03   9.11478e-06   2.74682e-01
  17  LM           2.78953e-04   constant   
  18  zeta_y       0.00000e+00   constant   
  19  zeta_vw      0.00000e+00   constant   
  20  T_CBO        1.00000e+02   9.19429e+02  -0.00000e+00   0.00000e+00
  21  alpha_A0    -4.81715e-03   3.76151e-03  -8.16843e-08  -2.40641e-01
  22  beta_A0     -1.20496e-04   3.73182e-03  -1.63349e-06  -1.03877e-01
  23  alpha_phi   -8.55842e-03   4.16130e-03  -5.43200e-06   2.26620e-01
  24  beta_phi     9.43757e-04   4.37040e-03   3.80588e-08  -3.25941e-02
  25  alpha_vw_m_cbo  -5.91422e-05   2.29807e-03  -2.15095e-06   3.51020e-02
  26  w_vw_m_cbo   1.20584e+01   constant   
  27  beta_vw_m_cbo   6.96379e-04   2.26454e-03   1.35107e-07  -3.68811e-01
  28  alpha_vw_p_cbo   3.48877e-04   2.29489e-03  -6.27491e-08   3.96191e-01
  29  w_vw_p_cbo   1.59923e+01   constant   
  30  beta_vw_p_cbo  -3.71452e-03   2.26760e-03   1.16376e-06  -1.63775e-01
 MIGRAD MINIMIZATION HAS CONVERGED.
 MIGRAD WILL VERIFY CONVERGENCE AND ERROR MATRIX.
  MNHESS FAILS AND WILL RETURN DIAGONAL MATRIX. 
 FCN=66.0796 FROM MIGRAD    STATUS=CONVERGED     148 CALLS        8620 TOTAL
                     EDM=3.95817e-08    STRATEGY= 1  ERROR MATRIX UNCERTAINTY 100.0 per cent
  EXT PARAMETER                APPROXIMATE        STEP         FIRST   
  NO.   NAME      VALUE            ERROR          SIZE      DERIVATIVE 
   1  N0           1.60405e+06   1.29364e+03   5.04907e+00   3.58274e-08
   2  tau          6.44102e+01   constant   
   3  A0           3.65184e-01   9.67393e-04   3.86873e-06   1.65691e-02
   4  phi          4.11564e+00   3.01370e-03   1.20522e-05  -1.23913e-02
   5  R           -5.98585e+01   constant   
   6  alpha_CBO   -4.96321e-03   2.26500e-03   9.05801e-06  -3.19009e-02
   7  w_CBO        2.32643e+00   constant   
   8  beta_CBO     3.32241e-04   2.29759e-03   9.18837e-06  -2.18530e-02
   9  alpha_2CBO   2.82789e-03   2.26742e-03   9.06770e-06  -3.90670e-02
  10  beta_2CBO   -7.23692e-04   2.29507e-03   9.17829e-06   1.98850e-02
  11  alpha_y      1.06020e-03   2.26724e-03   9.06700e-06  -4.18234e-03
  12  w_y          1.38965e+01   constant   
  13  beta_y      -6.69246e-04   2.29525e-03   9.17901e-06  -7.96159e-03
  14  alpha_vw    -5.80565e-04   2.28305e-03   9.13022e-06   3.87850e-02
  15  w_vw         1.43195e+01   constant   
  16  beta_vw      1.90234e-03   2.27919e-03   9.11478e-06  -4.44232e-03
  17  LM           2.78953e-04   constant   
  18  zeta_y       0.00000e+00   constant   
  19  zeta_vw      0.00000e+00   constant   
  20  T_CBO        1.00000e+02   9.13244e+02  -0.00000e+00   0.00000e+00
  21  alpha_A0    -4.81526e-03   3.76151e-03   1.84810e-07   1.20991e-03
  22  beta_A0     -1.19860e-04   3.73182e-03  -8.69947e-08  -2.17902e-02
  23  alpha_phi   -8.56165e-03   4.16130e-03  -1.27205e-06  -3.69363e-03
  24  beta_phi     9.45249e-04   4.37041e-03   1.18032e-06   1.30249e-02
  25  alpha_vw_m_cbo  -5.94051e-05   2.29807e-03  -1.70229e-07  -2.29855e-02
  26  w_vw_m_cbo   1.20584e+01   constant   
  27  beta_vw_m_cbo   6.97414e-04   2.26454e-03   8.94061e-08   2.86739e-02
  28  alpha_vw_p_cbo   3.47599e-04   2.29489e-03  -2.34600e-07  -5.06697e-02
  29  w_vw_p_cbo   1.59923e+01   constant   
  30  beta_vw_p_cbo  -3.71404e-03   2.26760e-03   6.12320e-08  -2.33354e-02
 EXTERNAL ERROR MATRIX.    NDIM=  31    NPAR= 20    ERR DEF=1
 ELEMENTS ABOVE DIAGONAL ARE NOT PRINTED.
  1.674e+06 
  0.000e+00  9.358e-07 
  0.000e+00  0.000e+00  9.082e-06 
  0.000e+00  0.000e+00  0.000e+00  5.130e-06 
  0.000e+00  0.000e+00  0.000e+00  0.000e+00  5.279e-06 
  0.000e+00  0.000e+00  0.000e+00  0.000e+00  0.000e+00  5.141e-06 
  0.000e+00  0.000e+00  0.000e+00  0.000e+00  0.000e+00  0.000e+00  5.267e-06 
  0.000e+00  0.000e+00  0.000e+00  0.000e+00  0.000e+00  0.000e+00  0.000e+00  5.140e-06 
  0.000e+00  0.000e+00  0.000e+00  0.000e+00  0.000e+00  0.000e+00  0.000e+00  0.000e+00  5.268e-06 
  0.000e+00  0.000e+00  0.000e+00  0.000e+00  0.000e+00  0.000e+00  0.000e+00  0.000e+00  0.000e+00  5.212e-06 
  0.000e+00  0.000e+00  0.000e+00  0.000e+00  0.000e+00  0.000e+00  0.000e+00  0.000e+00  0.000e+00  0.000e+00  5.195e-06 
  0.000e+00  0.000e+00  0.000e+00  0.000e+00  0.000e+00  0.000e+00  0.000e+00  0.000e+00  0.000e+00  0.000e+00  0.000e+00 
  0.000e+00  0.000e+00  0.000e+00  0.000e+00  0.000e+00  0.000e+00  0.000e+00  0.000e+00  0.000e+00  0.000e+00  0.000e+00  1.691e+06 
  0.000e+00  0.000e+00  0.000e+00  0.000e+00  0.000e+00  0.000e+00  0.000e+00  0.000e+00  0.000e+00  0.000e+00  0.000e+00 
  0.000e+00  0.000e+00  0.000e+00  0.000e+00  0.000e+00  0.000e+00  0.000e+00  0.000e+00  0.000e+00  0.000e+00  0.000e+00  0.000e+00  1.415e-05 
  0.000e+00  0.000e+00  0.000e+00  0.000e+00  0.000e+00  0.000e+00  0.000e+00  0.000e+00  0.000e+00  0.000e+00  0.000e+00 
  0.000e+00  0.000e+00  0.000e+00  0.000e+00  0.000e+00  0.000e+00  0.000e+00  0.000e+00  0.000e+00  0.000e+00  0.000e+00  0.000e+00  0.000e+00  1.393e-05 
  0.000e+00  0.000e+00  0.000e+00  0.000e+00  0.000e+00  0.000e+00  0.000e+00  0.000e+00  0.000e+00  0.000e+00  0.000e+00 
  0.000e+00  0.000e+00  0.000e+00  0.000e+00  0.000e+00  0.000e+00  0.000e+00  0.000e+00  0.000e+00  0.000e+00  0.000e+00  0.000e+00  0.000e+00  0.000e+00  1.732e-05 
  0.000e+00  0.000e+00  0.000e+00  0.000e+00  0.000e+00  0.000e+00  0.000e+00  0.000e+00  0.000e+00  0.000e+00  0.000e+00 
  0.000e+00  0.000e+00  0.000e+00  0.000e+00  0.000e+00  0.000e+00  0.000e+00  0.000e+00  0.000e+00  0.000e+00  0.000e+00  0.000e+00  0.000e+00  0.000e+00  0.000e+00  1.910e-05 
  0.000e+00  0.000e+00  0.000e+00  0.000e+00  0.000e+00  0.000e+00  0.000e+00  0.000e+00  0.000e+00  0.000e+00  0.000e+00 
  0.000e+00  0.000e+00  0.000e+00  0.000e+00  0.000e+00  0.000e+00  0.000e+00  0.000e+00  0.000e+00  0.000e+00  0.000e+00  0.000e+00  0.000e+00  0.000e+00  0.000e+00  0.000e+00  5.281e-06 
  0.000e+00  0.000e+00  0.000e+00  0.000e+00  0.000e+00  0.000e+00  0.000e+00  0.000e+00  0.000e+00  0.000e+00  0.000e+00 
  0.000e+00  0.000e+00  0.000e+00  0.000e+00  0.000e+00  0.000e+00  0.000e+00  0.000e+00  0.000e+00  0.000e+00  0.000e+00  0.000e+00  0.000e+00  0.000e+00  0.000e+00  0.000e+00  0.000e+00  5.128e-06 
  0.000e+00  0.000e+00  0.000e+00  0.000e+00  0.000e+00  0.000e+00  0.000e+00  0.000e+00  0.000e+00  0.000e+00  0.000e+00 
  0.000e+00  0.000e+00  0.000e+00  0.000e+00  0.000e+00  0.000e+00  0.000e+00  0.000e+00  0.000e+00  0.000e+00  0.000e+00  0.000e+00  0.000e+00  0.000e+00  0.000e+00  0.000e+00  0.000e+00  0.000e+00  5.267e-06 
  0.000e+00  0.000e+00  0.000e+00  0.000e+00  0.000e+00  0.000e+00  0.000e+00  0.000e+00  0.000e+00  0.000e+00  0.000e+00 
  0.000e+00  0.000e+00  0.000e+00  0.000e+00  0.000e+00  0.000e+00  0.000e+00  0.000e+00  0.000e+00  0.000e+00  0.000e+00  0.000e+00  0.000e+00  0.000e+00  0.000e+00  0.000e+00  0.000e+00  0.000e+00  0.000e+00  5.142e-06 
ERR MATRIX APPROXIMATE
 PARAMETER  CORRELATION COEFFICIENTS  
       NO.  GLOBAL      1      3      4      6      8      9     10     11     13     14     16     20     21     22     23     24
        1  0.00000   1.000  0.000  0.000  0.000  0.000  0.000  0.000  0.000  0.000  0.000  0.000  0.000  0.000  0.000  0.000  0.000
        3  0.00000   0.000  1.000  0.000  0.000  0.000  0.000  0.000  0.000  0.000  0.000  0.000  0.000  0.000  0.000  0.000  0.000
        4  0.00000   0.000  0.000  1.000  0.000  0.000  0.000  0.000  0.000  0.000  0.000  0.000  0.000  0.000  0.000  0.000  0.000
        6  0.00000   0.000  0.000  0.000  1.000  0.000  0.000  0.000  0.000  0.000  0.000  0.000  0.000  0.000  0.000  0.000  0.000
        8  0.00000   0.000  0.000  0.000  0.000  1.000  0.000  0.000  0.000  0.000  0.000  0.000  0.000  0.000  0.000  0.000  0.000
        9  0.00000   0.000  0.000  0.000  0.000  0.000  1.000  0.000  0.000  0.000  0.000  0.000  0.000  0.000  0.000  0.000  0.000
       10  0.00000   0.000  0.000  0.000  0.000  0.000  0.000  1.000  0.000  0.000  0.000  0.000  0.000  0.000  0.000  0.000  0.000
       11  0.00000   0.000  0.000  0.000  0.000  0.000  0.000  0.000  1.000  0.000  0.000  0.000  0.000  0.000  0.000  0.000  0.000
       13  0.00000   0.000  0.000  0.000  0.000  0.000  0.000  0.000  0.000  1.000  0.000  0.000  0.000  0.000  0.000  0.000  0.000
       14  0.00000   0.000  0.000  0.000  0.000  0.000  0.000  0.000  0.000  0.000  1.000  0.000  0.000  0.000  0.000  0.000  0.000
       16  0.00000   0.000  0.000  0.000  0.000  0.000  0.000  0.000  0.000  0.000  0.000  1.000  0.000  0.000  0.000  0.000  0.000
       20  0.00000   0.000  0.000  0.000  0.000  0.000  0.000  0.000  0.000  0.000  0.000  0.000  1.000  0.000  0.000  0.000  0.000
       21  0.00000   0.000  0.000  0.000  0.000  0.000  0.000  0.000  0.000  0.000  0.000  0.000  0.000  1.000  0.000  0.000  0.000
       22  0.00000   0.000  0.000  0.000  0.000  0.000  0.000  0.000  0.000  0.000  0.000  0.000  0.000  0.000  1.000  0.000  0.000
       23  0.00000   0.000  0.000  0.000  0.000  0.000  0.000  0.000  0.000  0.000  0.000  0.000  0.000  0.000  0.000  1.000  0.000
       24  0.00000   0.000  0.000  0.000  0.000  0.000  0.000  0.000  0.000  0.000  0.000  0.000  0.000  0.000  0.000  0.000  1.000
       25  0.00000   0.000  0.000  0.000  0.000  0.000  0.000  0.000  0.000  0.000  0.000  0.000  0.000  0.000  0.000  0.000  0.000
                     1.000  0.000  0.000  0.000
       27  0.00000   0.000  0.000  0.000  0.000  0.000  0.000  0.000  0.000  0.000  0.000  0.000  0.000  0.000  0.000  0.000  0.000
                     0.000  1.000  0.000  0.000
       28  0.00000   0.000  0.000  0.000  0.000  0.000  0.000  0.000  0.000  0.000  0.000  0.000  0.000  0.000  0.000  0.000  0.000
                     0.000  0.000  1.000  0.000
       30  0.00000   0.000  0.000  0.000  0.000  0.000  0.000  0.000  0.000  0.000  0.000  0.000  0.000  0.000  0.000  0.000  0.000
                     0.000  0.000  0.000  1.000
 ERR MATRIX APPROXIMATE
 **********
 **   87 **MINO      2.5e+04
 **********
  MNHESS FAILS AND WILL RETURN DIAGONAL MATRIX. 
    THE POSITIVE MINOS ERROR OF PARAMETER  20, T_CBO EXCEEDS ITS LIMIT.
    THE NEGATIVE MINOS ERROR OF PARAMETER  20, T_CBO EXCEEDS ITS LIMIT.
 FCN=66.0796 FROM MINOS     STATUS=PROBLEMS     8571 CALLS       17216 TOTAL
                     EDM=3.95817e-08    STRATEGY= 1  ERROR MATRIX UNCERTAINTY 100.0 per cent
  EXT PARAMETER                  PARABOLIC         MINOS ERRORS        
  NO.   NAME      VALUE            ERROR      NEGATIVE      POSITIVE   
   1  N0           1.60405e+06   1.29364e+03  -1.38303e+03   1.38296e+03
   2  tau          6.44102e+01   constant   
   3  A0           3.65184e-01   9.67393e-04  -1.01200e-03   1.01159e-03
   4  phi          4.11564e+00   3.01370e-03  -3.19504e-03   3.19474e-03
   5  R           -5.98585e+01   constant   
   6  alpha_CBO   -4.96321e-03   2.26500e-03  -2.40216e-03   2.40246e-03
   7  w_CBO        2.32643e+00   constant   
   8  beta_CBO     3.32241e-04   2.29759e-03  -2.40945e-03   2.40954e-03
   9  alpha_2CBO   2.82789e-03   2.26742e-03  -2.32597e-03   2.32621e-03
  10  beta_2CBO   -7.23692e-04   2.29507e-03  -2.35422e-03   2.35423e-03
  11  alpha_y      1.06020e-03   2.26724e-03  -2.50003e-03   2.49995e-03
  12  w_y          1.38965e+01   constant   
  13  beta_y      -6.69246e-04   2.29525e-03  -2.54994e-03   2.55022e-03
  14  alpha_vw    -5.80565e-04   2.28305e-03  -2.52439e-03   2.52399e-03
  15  w_vw         1.43195e+01   constant   
  16  beta_vw      1.90234e-03   2.27919e-03  -2.50731e-03   2.50746e-03
  17  LM           2.78953e-04   constant   
  18  zeta_y       0.00000e+00   constant   
  19  zeta_vw      0.00000e+00   constant   
  20  T_CBO        1.00000e+02   9.60674e+02   at limit      at limit   
  21  alpha_A0    -4.81526e-03   3.76151e-03  -3.92961e-03   3.93113e-03
  22  beta_A0     -1.19860e-04   3.73182e-03  -3.91473e-03   3.91414e-03
  23  alpha_phi   -8.56165e-03   4.16130e-03  -4.38715e-03   4.39026e-03
  24  beta_phi     9.45249e-04   4.37041e-03  -4.60175e-03   4.60609e-03
  25  alpha_vw_m_cbo  -5.94051e-05   2.29807e-03  -2.30561e-03   2.30566e-03
  26  w_vw_m_cbo   1.20584e+01   constant   
  27  beta_vw_m_cbo   6.97414e-04   2.26454e-03  -2.27562e-03   2.27545e-03
  28  alpha_vw_p_cbo   3.47599e-04   2.29489e-03  -2.30690e-03   2.30719e-03
  29  w_vw_p_cbo   1.59923e+01   constant   
  30  beta_vw_p_cbo  -3.71404e-03   2.26760e-03  -2.27914e-03   2.27931e-03
 **********
 **   88 **SHO COR 
 **********
 PARAMETER  CORRELATION COEFFICIENTS  
       NO.  GLOBAL      1      3      4      6      8      9     10     11     13     14     16     20     21     22     23     24
        1  0.00000   1.000  0.000  0.000  0.000  0.000  0.000  0.000  0.000  0.000  0.000  0.000  0.000  0.000  0.000  0.000  0.000
        3  0.00000   0.000  1.000  0.000  0.000  0.000  0.000  0.000  0.000  0.000  0.000  0.000  0.000  0.000  0.000  0.000  0.000
        4  0.00000   0.000  0.000  1.000  0.000  0.000  0.000  0.000  0.000  0.000  0.000  0.000  0.000  0.000  0.000  0.000  0.000
        6  0.00000   0.000  0.000  0.000  1.000  0.000  0.000  0.000  0.000  0.000  0.000  0.000  0.000  0.000  0.000  0.000  0.000
        8  0.00000   0.000  0.000  0.000  0.000  1.000  0.000  0.000  0.000  0.000  0.000  0.000  0.000  0.000  0.000  0.000  0.000
        9  0.00000   0.000  0.000  0.000  0.000  0.000  1.000  0.000  0.000  0.000  0.000  0.000  0.000  0.000  0.000  0.000  0.000
       10  0.00000   0.000  0.000  0.000  0.000  0.000  0.000  1.000  0.000  0.000  0.000  0.000  0.000  0.000  0.000  0.000  0.000
       11  0.00000   0.000  0.000  0.000  0.000  0.000  0.000  0.000  1.000  0.000  0.000  0.000  0.000  0.000  0.000  0.000  0.000
       13  0.00000   0.000  0.000  0.000  0.000  0.000  0.000  0.000  0.000  1.000  0.000  0.000  0.000  0.000  0.000  0.000  0.000
       14  0.00000   0.000  0.000  0.000  0.000  0.000  0.000  0.000  0.000  0.000  1.000  0.000  0.000  0.000  0.000  0.000  0.000
       16  0.00000   0.000  0.000  0.000  0.000  0.000  0.000  0.000  0.000  0.000  0.000  1.000  0.000  0.000  0.000  0.000  0.000
       20  0.00000   0.000  0.000  0.000  0.000  0.000  0.000  0.000  0.000  0.000  0.000  0.000  1.000  0.000  0.000  0.000  0.000
       21  0.00000   0.000  0.000  0.000  0.000  0.000  0.000  0.000  0.000  0.000  0.000  0.000  0.000  1.000  0.000  0.000  0.000
       22  0.00000   0.000  0.000  0.000  0.000  0.000  0.000  0.000  0.000  0.000  0.000  0.000  0.000  0.000  1.000  0.000  0.000
       23  0.00000   0.000  0.000  0.000  0.000  0.000  0.000  0.000  0.000  0.000  0.000  0.000  0.000  0.000  0.000  1.000  0.000
       24  0.00000   0.000  0.000  0.000  0.000  0.000  0.000  0.000  0.000  0.000  0.000  0.000  0.000  0.000  0.000  0.000  1.000
       25  0.00000   0.000  0.000  0.000  0.000  0.000  0.000  0.000  0.000  0.000  0.000  0.000  0.000  0.000  0.000  0.000  0.000
                     1.000  0.000  0.000  0.000
       27  0.00000   0.000  0.000  0.000  0.000  0.000  0.000  0.000  0.000  0.000  0.000  0.000  0.000  0.000  0.000  0.000  0.000
                     0.000  1.000  0.000  0.000
       28  0.00000   0.000  0.000  0.000  0.000  0.000  0.000  0.000  0.000  0.000  0.000  0.000  0.000  0.000  0.000  0.000  0.000
                     0.000  0.000  1.000  0.000
       30  0.00000   0.000  0.000  0.000  0.000  0.000  0.000  0.000  0.000  0.000  0.000  0.000  0.000  0.000  0.000  0.000  0.000
                     0.000  0.000  0.000  1.000
 ERR MATRIX APPROXIMATE
 ELEMENTS ABOVE DIAGONAL ARE NOT PRINTED.
