 + ++++++++++++++++++++++++++++++++++++++++++++++++++++++++++++++++++++ +
 +                                                                      +
 +           You have chose to blind your fitting according to          +
 +                omega_ref * (1 + (R +/- deltaR) *10^{-6})             +
 +                                                                      +
 + ++++++++++++++++++++++++++++++++++++++++++++++++++++++++++++++++++++ +
In main()...
reading format from /gm2data/zkhechad/run45/envelope/formats/formatB_sBin_constraintOn.txt
pBinTau 	= 0  
pBinPhi 	= 0  
constraintau 	= 1 
includeMopTerm 	= 0    
constrainMop    = 0   
Parameters after format file: pBinTau 0 pBinPhi 0 constraintau 1 includeMopTerm 0 constrainMop 0 c_e_scale 0.000000 
Opening file /gm2data/tbarrett/gm2fr/studies/run23_bunch_corrections/CorrectedFourier_Run3b.root.
reading full fit data from /gm2data/zkhechad/cboTemplates/Run4CBOTemplates/fullFits/noRF/sBin_constraintOn_cE0.0_seed0_noRF_calo8.root
windowBins = 69
fitting sliding window 1960 from bin 2096 at 312.574000 to bin 2165 at 323.018000 (69 bins)

Reading data from /gm2data/cornell/histograms/aMethod/histogram_a_noRF.root
 **********
 **    1 **SET PRINTOUT            1
 **********
 **********
 **    2 **SET NOWARNINGS 
 **********
 PARAMETER DEFINITIONS:
    NO.   NAME         VALUE      STEP SIZE      LIMITS
     1 N0           2.93777e+06  1.00000e+02     no limits
     2 tau          6.44050e+01  constant
     3 A0           3.52923e-01  1.00000e-04     no limits
     4 phi          4.11508e+00  1.00000e-02     no limits
     5 R           -6.11922e+01  constant
     6 alpha_CBO    0.00000e+00  1.00000e-03     no limits
     7 w_CBO        2.32500e+00  constant
     8 beta_CBO     0.00000e+00  1.00000e-03     no limits
     9 alpha_2CBO   0.00000e+00  1.00000e-03     no limits
    10 beta_2CBO    0.00000e+00  1.00000e-03     no limits
    11 alpha_y      0.00000e+00  1.00000e-03     no limits
    12 w_y          1.38860e+01  constant
    13 beta_y       0.00000e+00  1.00000e-03     no limits
    14 alpha_vw     0.00000e+00  1.00000e-03     no limits
    15 w_vw         1.43404e+01  constant
    16 beta_vw      0.00000e+00  1.00000e-03     no limits
    17 LM           1.41693e-04  constant
    18 zeta_y       0.00000e+00  constant
    19 zeta_vw      0.00000e+00  constant
    20 T_CBO        1.00000e+02  1.00000e+00    0.00000e+00  1.00000e+03
    21 alpha_A0     7.67132e-03  1.00000e-01     no limits
    22 beta_A0     -3.29624e-03  1.00000e-01     no limits
    23 alpha_phi    5.84716e-04  1.00000e-01     no limits
    24 beta_phi     2.17404e-04  1.00000e-01     no limits
MINUIT - FIT ONLY WIGGLE
 **********
 **    3 **FIX            5
 **********
 PARAMETER    5  IS CONSTANT.   IGNORED.
 **********
 **    4 **FIX            6
 **********
 **********
 **    5 **FIX            7
 **********
 PARAMETER    7  IS CONSTANT.   IGNORED.
 **********
 **    6 **FIX            8
 **********
 **********
 **    7 **FIX            9
 **********
 **********
 **    8 **FIX           10
 **********
 **********
 **    9 **FIX           11
 **********
 **********
 **   10 **FIX           12
 **********
 PARAMETER   12  IS CONSTANT.   IGNORED.
 **********
 **   11 **FIX           13
 **********
 **********
 **   12 **FIX           14
 **********
 **********
 **   13 **FIX           15
 **********
 PARAMETER   15  IS CONSTANT.   IGNORED.
 **********
 **   14 **FIX           16
 **********
 **********
 **   15 **MIGRAD
 **********
 FIRST CALL TO USER FUNCTION AT NEW START POINT, WITH IFLAG=4.
 START MIGRAD MINIMIZATION.  STRATEGY  1.  CONVERGENCE WHEN EDM .LT. 1.00e-04
 FCN=76.019 FROM MIGRAD    STATUS=INITIATE      437 CALLS         438 TOTAL
                     EDM= unknown      STRATEGY= 1      NO ERROR MATRIX       
  EXT PARAMETER               CURRENT GUESS       STEP         FIRST   
  NO.   NAME      VALUE            ERROR          SIZE      DERIVATIVE 
   1  N0           2.93777e+06   1.00000e+02   0.00000e+00  -7.87453e-04
   2  tau          6.44050e+01   constant   
   3  A0           3.52923e-01   1.00000e-04   0.00000e+00  -2.90071e+02
   4  phi          4.11508e+00   1.00000e-02   0.00000e+00  -2.47436e+02
   5  R           -6.11922e+01   constant   
   6  alpha_CBO    0.00000e+00     fixed    
   7  w_CBO        2.32500e+00   constant   
   8  beta_CBO     0.00000e+00     fixed    
   9  alpha_2CBO   0.00000e+00     fixed    
  10  beta_2CBO    0.00000e+00     fixed    
  11  alpha_y      0.00000e+00     fixed    
  12  w_y          1.38860e+01   constant   
  13  beta_y       0.00000e+00     fixed    
  14  alpha_vw     0.00000e+00     fixed    
  15  w_vw         1.43404e+01   constant   
  16  beta_vw      0.00000e+00     fixed    
  17  LM           1.41693e-04   constant   
  18  zeta_y       0.00000e+00   constant   
  19  zeta_vw      0.00000e+00   constant   
  20  T_CBO        1.00000e+02   1.00000e+00   0.00000e+00   0.00000e+00
  21  alpha_A0     7.67132e-03   1.00000e-01   0.00000e+00   1.68319e+03
  22  beta_A0     -3.29624e-03   1.00000e-01   0.00000e+00   1.89780e+02
  23  alpha_phi    5.84716e-04   1.00000e-01   0.00000e+00  -1.07166e+03
  24  beta_phi     2.17404e-04   1.00000e-01   0.00000e+00   2.33743e+02
 MIGRAD MINIMIZATION HAS CONVERGED.
 MIGRAD WILL VERIFY CONVERGENCE AND ERROR MATRIX.
  MNHESS FAILS AND WILL RETURN DIAGONAL MATRIX. 
 FCN=67.8338 FROM MIGRAD    STATUS=CONVERGED     535 CALLS         536 TOTAL
                     EDM=9.41816e-08    STRATEGY= 1  ERROR MATRIX UNCERTAINTY 100.0 per cent
  EXT PARAMETER                APPROXIMATE        STEP         FIRST   
  NO.   NAME      VALUE            ERROR          SIZE      DERIVATIVE 
   1  N0           2.93922e+06   1.43592e+03   5.64613e+00   8.73393e-08
   2  tau          6.44050e+01   constant   
   3  A0           3.52960e-01   6.65597e-04   2.69639e-06   6.69757e-01
   4  phi          4.11461e+00   1.94757e-03   7.88972e-06   4.61274e-02
   5  R           -6.11922e+01   constant   
   6  alpha_CBO    0.00000e+00     fixed    
   7  w_CBO        2.32500e+00   constant   
   8  beta_CBO     0.00000e+00     fixed    
   9  alpha_2CBO   0.00000e+00     fixed    
  10  beta_2CBO    0.00000e+00     fixed    
  11  alpha_y      0.00000e+00     fixed    
  12  w_y          1.38860e+01   constant   
  13  beta_y       0.00000e+00     fixed    
  14  alpha_vw     0.00000e+00     fixed    
  15  w_vw         1.43404e+01   constant   
  16  beta_vw      0.00000e+00     fixed    
  17  LM           1.41693e-04   constant   
  18  zeta_y       0.00000e+00   constant   
  19  zeta_vw      0.00000e+00   constant   
  20  T_CBO        1.00000e+02   1.41421e+00  -0.00000e+00   0.00000e+00
  21  alpha_A0     1.20037e-03   2.66832e-03  -4.11002e-06   2.37189e-02
  22  beta_A0     -3.55624e-03   2.66339e-03   1.42373e-05   6.38862e-02
  23  alpha_phi    4.50121e-03   2.80171e-03  -1.68727e-06   3.01445e-02
  24  beta_phi    -6.10879e-04   2.70916e-03  -6.81378e-08  -6.78666e-02
 EXTERNAL ERROR MATRIX.    NDIM=  25    NPAR=  8    ERR DEF=1
  2.062e+06  0.000e+00  0.000e+00  0.000e+00  0.000e+00  0.000e+00  0.000e+00  0.000e+00 
  0.000e+00  4.430e-07  0.000e+00  0.000e+00  0.000e+00  0.000e+00  0.000e+00  0.000e+00 
  0.000e+00  0.000e+00  3.793e-06  0.000e+00  0.000e+00  0.000e+00  0.000e+00  0.000e+00 
  0.000e+00  0.000e+00  0.000e+00  2.000e+00  0.000e+00  0.000e+00  0.000e+00  0.000e+00 
  0.000e+00  0.000e+00  0.000e+00  0.000e+00  7.120e-06  0.000e+00  0.000e+00  0.000e+00 
  0.000e+00  0.000e+00  0.000e+00  0.000e+00  0.000e+00  7.094e-06  0.000e+00  0.000e+00 
  0.000e+00  0.000e+00  0.000e+00  0.000e+00  0.000e+00  0.000e+00  7.850e-06  0.000e+00 
  0.000e+00  0.000e+00  0.000e+00  0.000e+00  0.000e+00  0.000e+00  0.000e+00  7.340e-06 
ERR MATRIX APPROXIMATE
 PARAMETER  CORRELATION COEFFICIENTS  
       NO.  GLOBAL      1      3      4     20     21     22     23     24
        1  0.00000   1.000  0.000  0.000  0.000  0.000  0.000  0.000  0.000
        3  0.00000   0.000  1.000  0.000  0.000  0.000  0.000  0.000  0.000
        4  0.00000   0.000  0.000  1.000  0.000  0.000  0.000  0.000  0.000
       20  0.00000   0.000  0.000  0.000  1.000  0.000  0.000  0.000  0.000
       21  0.00000   0.000  0.000  0.000  0.000  1.000  0.000  0.000  0.000
       22  0.00000   0.000  0.000  0.000  0.000  0.000  1.000  0.000  0.000
       23  0.00000   0.000  0.000  0.000  0.000  0.000  0.000  1.000  0.000
       24  0.00000   0.000  0.000  0.000  0.000  0.000  0.000  0.000  1.000
 ERR MATRIX APPROXIMATE
MINUIT - FIT ONLY 1-CBO + wiggle
 **********
 **   16 **RES 
 **********
                   PARAMETER   16  beta_vw RESTORED TO VARIABLE.
                   PARAMETER   14  alpha_vw RESTORED TO VARIABLE.
                   PARAMETER   13  beta_y RESTORED TO VARIABLE.
                   PARAMETER   11  alpha_y RESTORED TO VARIABLE.
                   PARAMETER   10  beta_2CBO RESTORED TO VARIABLE.
                   PARAMETER    9  alpha_2CBO RESTORED TO VARIABLE.
                   PARAMETER    8  beta_CBO RESTORED TO VARIABLE.
                   PARAMETER    6  alpha_CBO RESTORED TO VARIABLE.
 **********
 **   17 **FIX            8
 **********
 **********
 **   18 **FIX            9
 **********
 **********
 **   19 **FIX           11
 **********
 **********
 **   20 **FIX           12
 **********
 PARAMETER   12  IS CONSTANT.   IGNORED.
 **********
 **   21 **FIX           14
 **********
 **********
 **   22 **FIX           15
 **********
 PARAMETER   15  IS CONSTANT.   IGNORED.
 **********
 **   23 **FIX           16
 **********
 **********
 **   24 **MIGRAD
 **********
 START MIGRAD MINIMIZATION.  STRATEGY  1.  CONVERGENCE WHEN EDM .LT. 1.00e-04
 FCN=67.8338 FROM MIGRAD    STATUS=INITIATE      721 CALLS        1257 TOTAL
                     EDM= unknown      STRATEGY= 1      NO ERROR MATRIX       
  EXT PARAMETER               CURRENT GUESS       STEP         FIRST   
  NO.   NAME      VALUE            ERROR          SIZE      DERIVATIVE 
   1  N0           2.93922e+06   1.43592e+03   0.00000e+00   8.73392e-08
   2  tau          6.44050e+01   constant   
   3  A0           3.52960e-01   6.65597e-04   0.00000e+00   6.69757e-01
   4  phi          4.11461e+00   1.94757e-03   0.00000e+00   4.61274e-02
   5  R           -6.11922e+01   constant   
   6  alpha_CBO    0.00000e+00   1.00000e-03   0.00000e+00  -7.27915e+03
   7  w_CBO        2.32500e+00   constant   
   8  beta_CBO     0.00000e+00     fixed    
   9  alpha_2CBO   0.00000e+00     fixed    
  10  beta_2CBO    0.00000e+00   1.00000e-03   0.00000e+00  -4.28069e+03
  11  alpha_y      0.00000e+00     fixed    
  12  w_y          1.38860e+01   constant   
  13  beta_y       0.00000e+00   1.00000e-03   0.00000e+00  -1.91728e+03
  14  alpha_vw     0.00000e+00     fixed    
  15  w_vw         1.43404e+01   constant   
  16  beta_vw      0.00000e+00     fixed    
  17  LM           1.41693e-04   constant   
  18  zeta_y       0.00000e+00   constant   
  19  zeta_vw      0.00000e+00   constant   
  20  T_CBO        1.00000e+02   1.41421e+00   0.00000e+00   0.00000e+00
  21  alpha_A0     1.20037e-03   2.66832e-03   0.00000e+00   2.37189e-02
  22  beta_A0     -3.55624e-03   2.66339e-03   0.00000e+00   6.38862e-02
  23  alpha_phi    4.50121e-03   2.80171e-03   0.00000e+00   3.01444e-02
  24  beta_phi    -6.10879e-04   2.70916e-03   0.00000e+00  -6.78683e-02
 MIGRAD MINIMIZATION HAS CONVERGED.
 MIGRAD WILL VERIFY CONVERGENCE AND ERROR MATRIX.
  MNHESS FAILS AND WILL RETURN DIAGONAL MATRIX. 
 FCN=58.1739 FROM MIGRAD    STATUS=CONVERGED     854 CALLS        1390 TOTAL
                     EDM=2.29013e-06    STRATEGY= 1  ERROR MATRIX UNCERTAINTY 100.0 per cent
  EXT PARAMETER                APPROXIMATE        STEP         FIRST   
  NO.   NAME      VALUE            ERROR          SIZE      DERIVATIVE 
   1  N0           2.93900e+06   1.43581e+03   5.23461e+00  -1.03952e-08
   2  tau          6.44050e+01   constant   
   3  A0           3.52593e-01   6.65609e-04   2.50009e-06  -2.88683e-02
   4  phi          4.11451e+00   1.95000e-03   7.32437e-06   6.93348e-01
   5  R           -6.11922e+01   constant   
   6  alpha_CBO    1.91372e-03   7.02766e-04   2.63965e-06  -2.37513e-01
   7  w_CBO        2.32500e+00   constant   
   8  beta_CBO     0.00000e+00     fixed    
   9  alpha_2CBO   0.00000e+00     fixed    
  10  beta_2CBO    1.04252e-03   6.93396e-04   2.60446e-06  -4.53078e-01
  11  alpha_y      0.00000e+00     fixed    
  12  w_y          1.38860e+01   constant   
  13  beta_y       4.84090e-04   6.94115e-04   2.60716e-06   2.06032e+00
  14  alpha_vw     0.00000e+00     fixed    
  15  w_vw         1.43404e+01   constant   
  16  beta_vw      0.00000e+00     fixed    
  17  LM           1.41693e-04   constant   
  18  zeta_y       0.00000e+00   constant   
  19  zeta_vw      0.00000e+00   constant   
  20  T_CBO        1.00000e+02   1.99998e+00  -0.00000e+00   0.00000e+00
  21  alpha_A0     1.33346e-03   2.67105e-03  -8.41869e-06   6.54975e-01
  22  beta_A0     -3.83786e-03   2.66615e-03  -6.32324e-06   5.64419e-02
  23  alpha_phi    2.74688e-03   2.80612e-03  -1.59868e-06   2.63474e-02
  24  beta_phi    -7.36967e-04   2.71173e-03  -5.73326e-06  -5.32094e-02
 EXTERNAL ERROR MATRIX.    NDIM=  25    NPAR= 11    ERR DEF=1
  2.062e+06 
  0.000e+00  4.430e-07 
  0.000e+00  0.000e+00  3.803e-06 
  0.000e+00  0.000e+00  0.000e+00  4.939e-07 
  0.000e+00  0.000e+00  0.000e+00  0.000e+00  4.808e-07 
  0.000e+00  0.000e+00  0.000e+00  0.000e+00  0.000e+00  4.818e-07 
  0.000e+00  0.000e+00  0.000e+00  0.000e+00  0.000e+00  0.000e+00  4.000e+00 
  0.000e+00  0.000e+00  0.000e+00  0.000e+00  0.000e+00  0.000e+00  0.000e+00  7.135e-06 
  0.000e+00  0.000e+00  0.000e+00  0.000e+00  0.000e+00  0.000e+00  0.000e+00  0.000e+00  7.108e-06 
  0.000e+00  0.000e+00  0.000e+00  0.000e+00  0.000e+00  0.000e+00  0.000e+00  0.000e+00  0.000e+00  7.874e-06 
  0.000e+00  0.000e+00  0.000e+00  0.000e+00  0.000e+00  0.000e+00  0.000e+00  0.000e+00  0.000e+00  0.000e+00  7.353e-06 
ERR MATRIX APPROXIMATE
 PARAMETER  CORRELATION COEFFICIENTS  
       NO.  GLOBAL      1      3      4      6     10     13     20     21     22     23     24
        1  0.00000   1.000  0.000  0.000  0.000  0.000  0.000  0.000  0.000  0.000  0.000  0.000
        3  0.00000   0.000  1.000  0.000  0.000  0.000  0.000  0.000  0.000  0.000  0.000  0.000
        4  0.00000   0.000  0.000  1.000  0.000  0.000  0.000  0.000  0.000  0.000  0.000  0.000
        6  0.00000   0.000  0.000  0.000  1.000  0.000  0.000  0.000  0.000  0.000  0.000  0.000
       10  0.00000   0.000  0.000  0.000  0.000  1.000  0.000  0.000  0.000  0.000  0.000  0.000
       13  0.00000   0.000  0.000  0.000  0.000  0.000  1.000  0.000  0.000  0.000  0.000  0.000
       20  0.00000   0.000  0.000  0.000  0.000  0.000  0.000  1.000  0.000  0.000  0.000  0.000
       21  0.00000   0.000  0.000  0.000  0.000  0.000  0.000  0.000  1.000  0.000  0.000  0.000
       22  0.00000   0.000  0.000  0.000  0.000  0.000  0.000  0.000  0.000  1.000  0.000  0.000
       23  0.00000   0.000  0.000  0.000  0.000  0.000  0.000  0.000  0.000  0.000  1.000  0.000
       24  0.00000   0.000  0.000  0.000  0.000  0.000  0.000  0.000  0.000  0.000  0.000  1.000
 ERR MATRIX APPROXIMATE
MINUIT - FIT ONLY 2-CBO
 **********
 **   25 **RES 
 **********
                   PARAMETER   16  beta_vw RESTORED TO VARIABLE.
                   PARAMETER   14  alpha_vw RESTORED TO VARIABLE.
                   PARAMETER   11  alpha_y RESTORED TO VARIABLE.
                   PARAMETER    9  alpha_2CBO RESTORED TO VARIABLE.
                   PARAMETER    8  beta_CBO RESTORED TO VARIABLE.
 **********
 **   26 **FIX            0
 **********
 PARAMETER    0  IS UNDEFINED. IGNORED.
 **********
 **   27 **FIX            1
 **********
 **********
 **   28 **FIX            2
 **********
 PARAMETER    2  IS CONSTANT.   IGNORED.
 **********
 **   29 **FIX            3
 **********
 **********
 **   30 **FIX            4
 **********
 **********
 **   31 **FIX            5
 **********
 PARAMETER    5  IS CONSTANT.   IGNORED.
 **********
 **   32 **FIX            6
 **********
 **********
 **   33 **FIX            7
 **********
 PARAMETER    7  IS CONSTANT.   IGNORED.
 **********
 **   34 **FIX           10
 **********
 **********
 **   35 **FIX           11
 **********
 **********
 **   36 **FIX           12
 **********
 PARAMETER   12  IS CONSTANT.   IGNORED.
 **********
 **   37 **FIX           13
 **********
 **********
 **   38 **FIX           14
 **********
 **********
 **   39 **FIX           15
 **********
 PARAMETER   15  IS CONSTANT.   IGNORED.
 **********
 **   40 **FIX           16
 **********
 **********
 **   41 **MIGRAD
 **********
 START MIGRAD MINIMIZATION.  STRATEGY  1.  CONVERGENCE WHEN EDM .LT. 1.00e-04
 FCN=58.1739 FROM MIGRAD    STATUS=INITIATE      343 CALLS        1733 TOTAL
                     EDM= unknown      STRATEGY= 1      NO ERROR MATRIX       
  EXT PARAMETER               CURRENT GUESS       STEP         FIRST   
  NO.   NAME      VALUE            ERROR          SIZE      DERIVATIVE 
   1  N0           2.93900e+06     fixed    
   2  tau          6.44050e+01   constant   
   3  A0           3.52593e-01     fixed    
   4  phi          4.11451e+00     fixed    
   5  R           -6.11922e+01   constant   
   6  alpha_CBO    1.91372e-03     fixed    
   7  w_CBO        2.32500e+00   constant   
   8  beta_CBO     0.00000e+00   1.00000e-03   0.00000e+00   1.01244e+04
   9  alpha_2CBO   0.00000e+00   1.00000e-03   0.00000e+00  -3.14830e+03
  10  beta_2CBO    1.04252e-03     fixed    
  11  alpha_y      0.00000e+00     fixed    
  12  w_y          1.38860e+01   constant   
  13  beta_y       4.84090e-04     fixed    
  14  alpha_vw     0.00000e+00     fixed    
  15  w_vw         1.43404e+01   constant   
  16  beta_vw      0.00000e+00     fixed    
  17  LM           1.41693e-04   constant   
  18  zeta_y       0.00000e+00   constant   
  19  zeta_vw      0.00000e+00   constant   
  20  T_CBO        1.00000e+02   1.99998e+00   0.00000e+00   0.00000e+00
  21  alpha_A0     1.33346e-03   2.67105e-03   0.00000e+00   6.54975e-01
  22  beta_A0     -3.83786e-03   2.66615e-03   0.00000e+00   5.64419e-02
  23  alpha_phi    2.74688e-03   2.80612e-03   0.00000e+00   2.63472e-02
  24  beta_phi    -7.36967e-04   2.71173e-03   0.00000e+00  -5.32093e-02
 MIGRAD MINIMIZATION HAS CONVERGED.
 MIGRAD WILL VERIFY CONVERGENCE AND ERROR MATRIX.
  MNHESS FAILS AND WILL RETURN DIAGONAL MATRIX. 
 FCN=44.5567 FROM MIGRAD    STATUS=CONVERGED     411 CALLS        1801 TOTAL
                     EDM=7.42163e-07    STRATEGY= 1  ERROR MATRIX UNCERTAINTY 100.0 per cent
  EXT PARAMETER                APPROXIMATE        STEP         FIRST   
  NO.   NAME      VALUE            ERROR          SIZE      DERIVATIVE 
   1  N0           2.93900e+06     fixed    
   2  tau          6.44050e+01   constant   
   3  A0           3.52593e-01     fixed    
   4  phi          4.11451e+00     fixed    
   5  R           -6.11922e+01   constant   
   6  alpha_CBO    1.91372e-03     fixed    
   7  w_CBO        2.32500e+00   constant   
   8  beta_CBO    -2.41590e-03   6.79696e-04   2.24007e-06  -3.51251e-01
   9  alpha_2CBO   8.81017e-04   6.88539e-04   2.26921e-06  -8.92731e-01
  10  beta_2CBO    1.04252e-03     fixed    
  11  alpha_y      0.00000e+00     fixed    
  12  w_y          1.38860e+01   constant   
  13  beta_y       4.84090e-04     fixed    
  14  alpha_vw     0.00000e+00     fixed    
  15  w_vw         1.43404e+01   constant   
  16  beta_vw      0.00000e+00     fixed    
  17  LM           1.41693e-04   constant   
  18  zeta_y       0.00000e+00   constant   
  19  zeta_vw      0.00000e+00   constant   
  20  T_CBO        1.00000e+02   2.82835e+00  -0.00000e+00   0.00000e+00
  21  alpha_A0     7.58478e-04   2.67028e-03   6.01888e-06  -4.34679e-01
  22  beta_A0     -3.54544e-03   2.66845e-03  -1.97677e-05  -2.16627e-02
  23  alpha_phi    2.38459e-03   2.80560e-03  -2.94118e-06  -2.18112e-01
  24  beta_phi     8.01710e-04   2.71381e-03  -3.69299e-07  -1.86339e-02
 EXTERNAL ERROR MATRIX.    NDIM=  25    NPAR=  7    ERR DEF=1
  4.620e-07  0.000e+00  0.000e+00  0.000e+00  0.000e+00  0.000e+00  0.000e+00 
  0.000e+00  4.741e-07  0.000e+00  0.000e+00  0.000e+00  0.000e+00  0.000e+00 
  0.000e+00  0.000e+00  8.000e+00  0.000e+00  0.000e+00  0.000e+00  0.000e+00 
  0.000e+00  0.000e+00  0.000e+00  7.130e-06  0.000e+00  0.000e+00  0.000e+00 
  0.000e+00  0.000e+00  0.000e+00  0.000e+00  7.121e-06  0.000e+00  0.000e+00 
  0.000e+00  0.000e+00  0.000e+00  0.000e+00  0.000e+00  7.871e-06  0.000e+00 
  0.000e+00  0.000e+00  0.000e+00  0.000e+00  0.000e+00  0.000e+00  7.365e-06 
ERR MATRIX APPROXIMATE
 PARAMETER  CORRELATION COEFFICIENTS  
       NO.  GLOBAL      8      9     20     21     22     23     24
        8  0.00000   1.000  0.000  0.000  0.000  0.000  0.000  0.000
        9  0.00000   0.000  1.000  0.000  0.000  0.000  0.000  0.000
       20  0.00000   0.000  0.000  1.000  0.000  0.000  0.000  0.000
       21  0.00000   0.000  0.000  0.000  1.000  0.000  0.000  0.000
       22  0.00000   0.000  0.000  0.000  0.000  1.000  0.000  0.000
       23  0.00000   0.000  0.000  0.000  0.000  0.000  1.000  0.000
       24  0.00000   0.000  0.000  0.000  0.000  0.000  0.000  1.000
 ERR MATRIX APPROXIMATE
MINUIT - FIT wiggle + 1-CBO + 2-CBO
 **********
 **   42 **RES 
 **********
                   PARAMETER   16  beta_vw RESTORED TO VARIABLE.
                   PARAMETER   14  alpha_vw RESTORED TO VARIABLE.
                   PARAMETER   13  beta_y RESTORED TO VARIABLE.
                   PARAMETER   11  alpha_y RESTORED TO VARIABLE.
                   PARAMETER   10  beta_2CBO RESTORED TO VARIABLE.
                   PARAMETER    6  alpha_CBO RESTORED TO VARIABLE.
                   PARAMETER    4  phi RESTORED TO VARIABLE.
                   PARAMETER    3  A0 RESTORED TO VARIABLE.
                   PARAMETER    1  N0 RESTORED TO VARIABLE.
 **********
 **   43 **FIX           10
 **********
 **********
 **   44 **FIX           11
 **********
 **********
 **   45 **FIX           12
 **********
 PARAMETER   12  IS CONSTANT.   IGNORED.
 **********
 **   46 **FIX           13
 **********
 **********
 **   47 **FIX           14
 **********
 **********
 **   48 **FIX           15
 **********
 PARAMETER   15  IS CONSTANT.   IGNORED.
 **********
 **   49 **FIX           16
 **********
 **********
 **   50 **MIGRAD
 **********
 START MIGRAD MINIMIZATION.  STRATEGY  1.  CONVERGENCE WHEN EDM .LT. 1.00e-04
 FCN=44.5567 FROM MIGRAD    STATUS=INITIATE      715 CALLS        2516 TOTAL
                     EDM= unknown      STRATEGY= 1      NO ERROR MATRIX       
  EXT PARAMETER               CURRENT GUESS       STEP         FIRST   
  NO.   NAME      VALUE            ERROR          SIZE      DERIVATIVE 
   1  N0           2.93900e+06   1.43581e+03   0.00000e+00  -2.24018e-05
   2  tau          6.44050e+01   constant   
   3  A0           3.52593e-01   6.65609e-04   0.00000e+00   1.00078e+03
   4  phi          4.11451e+00   1.95000e-03   0.00000e+00  -7.24138e+02
   5  R           -6.11922e+01   constant   
   6  alpha_CBO    1.91372e-03   7.02766e-04   0.00000e+00   4.70197e+02
   7  w_CBO        2.32500e+00   constant   
   8  beta_CBO    -2.41590e-03   6.79696e-04   0.00000e+00  -3.51251e-01
   9  alpha_2CBO   8.81017e-04   6.88539e-04   0.00000e+00  -8.92731e-01
  10  beta_2CBO    1.04252e-03     fixed    
  11  alpha_y      0.00000e+00     fixed    
  12  w_y          1.38860e+01   constant   
  13  beta_y       4.84090e-04     fixed    
  14  alpha_vw     0.00000e+00     fixed    
  15  w_vw         1.43404e+01   constant   
  16  beta_vw      0.00000e+00     fixed    
  17  LM           1.41693e-04   constant   
  18  zeta_y       0.00000e+00   constant   
  19  zeta_vw      0.00000e+00   constant   
  20  T_CBO        1.00000e+02   2.82835e+00   0.00000e+00   0.00000e+00
  21  alpha_A0     7.58478e-04   2.67028e-03   0.00000e+00  -4.34679e-01
  22  beta_A0     -3.54544e-03   2.66845e-03   0.00000e+00  -2.16628e-02
  23  alpha_phi    2.38459e-03   2.80560e-03   0.00000e+00  -2.18113e-01
  24  beta_phi     8.01710e-04   2.71381e-03   0.00000e+00  -1.86333e-02
 MIGRAD MINIMIZATION HAS CONVERGED.
 MIGRAD WILL VERIFY CONVERGENCE AND ERROR MATRIX.
  MNHESS FAILS AND WILL RETURN DIAGONAL MATRIX. 
 FCN=43.8426 FROM MIGRAD    STATUS=CONVERGED     824 CALLS        2625 TOTAL
                     EDM=4.05741e-06    STRATEGY= 1  ERROR MATRIX UNCERTAINTY 100.0 per cent
  EXT PARAMETER                APPROXIMATE        STEP         FIRST   
  NO.   NAME      VALUE            ERROR          SIZE      DERIVATIVE 
   1  N0           2.93894e+06   1.43578e+03   4.55675e+00  -1.53650e-06
   2  tau          6.44050e+01   constant   
   3  A0           3.52339e-01   6.65717e-04   2.17673e-06   8.33158e-01
   4  phi          4.11607e+00   1.95153e-03   6.38097e-06  -8.65263e-02
   5  R           -6.11922e+01   constant   
   6  alpha_CBO    1.81864e-03   7.02751e-04   2.29782e-06   1.63418e-01
   7  w_CBO        2.32500e+00   constant   
   8  beta_CBO    -2.56285e-03   6.79696e-04   2.22243e-06  -7.66138e-01
   9  alpha_2CBO   8.63329e-04   6.88536e-04   2.25134e-06  -3.35236e-01
  10  beta_2CBO    1.04252e-03     fixed    
  11  alpha_y      0.00000e+00     fixed    
  12  w_y          1.38860e+01   constant   
  13  beta_y       4.84090e-04     fixed    
  14  alpha_vw     0.00000e+00     fixed    
  15  w_vw         1.43404e+01   constant   
  16  beta_vw      0.00000e+00     fixed    
  17  LM           1.41693e-04   constant   
  18  zeta_y       0.00000e+00   constant   
  19  zeta_vw      0.00000e+00   constant   
  20  T_CBO        1.00000e+02   3.99978e+00  -0.00000e+00   0.00000e+00
  21  alpha_A0     9.40259e-04   2.67227e-03  -7.70429e-06  -2.39206e-01
  22  beta_A0     -3.19736e-03   2.67008e-03   1.38837e-06  -4.59351e-02
  23  alpha_phi    2.16227e-03   2.80652e-03  -3.79814e-06   5.61689e-01
  24  beta_phi     7.57369e-04   2.71551e-03  -1.15263e-05   6.36215e-01
 EXTERNAL ERROR MATRIX.    NDIM=  25    NPAR= 11    ERR DEF=1
  2.061e+06 
  0.000e+00  4.432e-07 
  0.000e+00  0.000e+00  3.808e-06 
  0.000e+00  0.000e+00  0.000e+00  4.939e-07 
  0.000e+00  0.000e+00  0.000e+00  0.000e+00  4.620e-07 
  0.000e+00  0.000e+00  0.000e+00  0.000e+00  0.000e+00  4.741e-07 
  0.000e+00  0.000e+00  0.000e+00  0.000e+00  0.000e+00  0.000e+00  1.600e+01 
  0.000e+00  0.000e+00  0.000e+00  0.000e+00  0.000e+00  0.000e+00  0.000e+00  7.141e-06 
  0.000e+00  0.000e+00  0.000e+00  0.000e+00  0.000e+00  0.000e+00  0.000e+00  0.000e+00  7.129e-06 
  0.000e+00  0.000e+00  0.000e+00  0.000e+00  0.000e+00  0.000e+00  0.000e+00  0.000e+00  0.000e+00  7.877e-06 
  0.000e+00  0.000e+00  0.000e+00  0.000e+00  0.000e+00  0.000e+00  0.000e+00  0.000e+00  0.000e+00  0.000e+00  7.374e-06 
ERR MATRIX APPROXIMATE
 PARAMETER  CORRELATION COEFFICIENTS  
       NO.  GLOBAL      1      3      4      6      8      9     20     21     22     23     24
        1  0.00000   1.000  0.000  0.000  0.000  0.000  0.000  0.000  0.000  0.000  0.000  0.000
        3  0.00000   0.000  1.000  0.000  0.000  0.000  0.000  0.000  0.000  0.000  0.000  0.000
        4  0.00000   0.000  0.000  1.000  0.000  0.000  0.000  0.000  0.000  0.000  0.000  0.000
        6  0.00000   0.000  0.000  0.000  1.000  0.000  0.000  0.000  0.000  0.000  0.000  0.000
        8  0.00000   0.000  0.000  0.000  0.000  1.000  0.000  0.000  0.000  0.000  0.000  0.000
        9  0.00000   0.000  0.000  0.000  0.000  0.000  1.000  0.000  0.000  0.000  0.000  0.000
       20  0.00000   0.000  0.000  0.000  0.000  0.000  0.000  1.000  0.000  0.000  0.000  0.000
       21  0.00000   0.000  0.000  0.000  0.000  0.000  0.000  0.000  1.000  0.000  0.000  0.000
       22  0.00000   0.000  0.000  0.000  0.000  0.000  0.000  0.000  0.000  1.000  0.000  0.000
       23  0.00000   0.000  0.000  0.000  0.000  0.000  0.000  0.000  0.000  0.000  1.000  0.000
       24  0.00000   0.000  0.000  0.000  0.000  0.000  0.000  0.000  0.000  0.000  0.000  1.000
 ERR MATRIX APPROXIMATE
MINUIT - FIT ONLY 1-y
 **********
 **   51 **RES 
 **********
                   PARAMETER   16  beta_vw RESTORED TO VARIABLE.
                   PARAMETER   14  alpha_vw RESTORED TO VARIABLE.
                   PARAMETER   13  beta_y RESTORED TO VARIABLE.
                   PARAMETER   11  alpha_y RESTORED TO VARIABLE.
                   PARAMETER   10  beta_2CBO RESTORED TO VARIABLE.
 **********
 **   52 **FIX            0
 **********
 PARAMETER    0  IS UNDEFINED. IGNORED.
 **********
 **   53 **FIX            1
 **********
 **********
 **   54 **FIX            2
 **********
 PARAMETER    2  IS CONSTANT.   IGNORED.
 **********
 **   55 **FIX            3
 **********
 **********
 **   56 **FIX            4
 **********
 **********
 **   57 **FIX            5
 **********
 PARAMETER    5  IS CONSTANT.   IGNORED.
 **********
 **   58 **FIX            6
 **********
 **********
 **   59 **FIX            7
 **********
 PARAMETER    7  IS CONSTANT.   IGNORED.
 **********
 **   60 **FIX            8
 **********
 **********
 **   61 **FIX            9
 **********
 **********
 **   62 **FIX           13
 **********
 **********
 **   63 **FIX           14
 **********
 **********
 **   64 **FIX           15
 **********
 PARAMETER   15  IS CONSTANT.   IGNORED.
 **********
 **   65 **FIX           16
 **********
 **********
 **   66 **MIGRAD
 **********
 START MIGRAD MINIMIZATION.  STRATEGY  1.  CONVERGENCE WHEN EDM .LT. 1.00e-04
 FCN=43.8426 FROM MIGRAD    STATUS=INITIATE      341 CALLS        2966 TOTAL
                     EDM= unknown      STRATEGY= 1      NO ERROR MATRIX       
  EXT PARAMETER               CURRENT GUESS       STEP         FIRST   
  NO.   NAME      VALUE            ERROR          SIZE      DERIVATIVE 
   1  N0           2.93894e+06     fixed    
   2  tau          6.44050e+01   constant   
   3  A0           3.52339e-01     fixed    
   4  phi          4.11607e+00     fixed    
   5  R           -6.11922e+01   constant   
   6  alpha_CBO    1.81864e-03     fixed    
   7  w_CBO        2.32500e+00   constant   
   8  beta_CBO    -2.56285e-03     fixed    
   9  alpha_2CBO   8.63329e-04     fixed    
  10  beta_2CBO    1.04252e-03   6.93396e-04   0.00000e+00  -7.06638e+02
  11  alpha_y      0.00000e+00   1.00000e-03   0.00000e+00   1.66157e+03
  12  w_y          1.38860e+01   constant   
  13  beta_y       4.84090e-04     fixed    
  14  alpha_vw     0.00000e+00     fixed    
  15  w_vw         1.43404e+01   constant   
  16  beta_vw      0.00000e+00     fixed    
  17  LM           1.41693e-04   constant   
  18  zeta_y       0.00000e+00   constant   
  19  zeta_vw      0.00000e+00   constant   
  20  T_CBO        1.00000e+02   3.99978e+00   0.00000e+00   0.00000e+00
  21  alpha_A0     9.40259e-04   2.67227e-03   0.00000e+00  -2.39206e-01
  22  beta_A0     -3.19736e-03   2.67008e-03   0.00000e+00  -4.59351e-02
  23  alpha_phi    2.16227e-03   2.80652e-03   0.00000e+00   5.61687e-01
  24  beta_phi     7.57369e-04   2.71551e-03   0.00000e+00   6.36216e-01
 MIGRAD MINIMIZATION HAS CONVERGED.
 MIGRAD WILL VERIFY CONVERGENCE AND ERROR MATRIX.
  MNHESS FAILS AND WILL RETURN DIAGONAL MATRIX. 
 FCN=43.4467 FROM MIGRAD    STATUS=CONVERGED     393 CALLS        3018 TOTAL
                     EDM=1.3666e-06    STRATEGY= 1  ERROR MATRIX UNCERTAINTY 100.0 per cent
  EXT PARAMETER                APPROXIMATE        STEP         FIRST   
  NO.   NAME      VALUE            ERROR          SIZE      DERIVATIVE 
   1  N0           2.93894e+06     fixed    
   2  tau          6.44050e+01   constant   
   3  A0           3.52339e-01     fixed    
   4  phi          4.11607e+00     fixed    
   5  R           -6.11922e+01   constant   
   6  alpha_CBO    1.81864e-03     fixed    
   7  w_CBO        2.32500e+00   constant   
   8  beta_CBO    -2.56285e-03     fixed    
   9  alpha_2CBO   8.63329e-04     fixed    
  10  beta_2CBO    1.22971e-03   6.93367e-04   2.25711e-06   1.22005e+00
  11  alpha_y     -3.97055e-04   6.87716e-04   2.23872e-06  -5.88459e-01
  12  w_y          1.38860e+01   constant   
  13  beta_y       4.84090e-04     fixed    
  14  alpha_vw     0.00000e+00     fixed    
  15  w_vw         1.43404e+01   constant   
  16  beta_vw      0.00000e+00     fixed    
  17  LM           1.41693e-04   constant   
  18  zeta_y       0.00000e+00   constant   
  19  zeta_vw      0.00000e+00   constant   
  20  T_CBO        1.00000e+02   5.65620e+00  -0.00000e+00   0.00000e+00
  21  alpha_A0     9.67028e-04   2.67223e-03   6.61818e-06  -3.72634e-01
  22  beta_A0     -3.31814e-03   2.67006e-03  -4.59360e-06  -1.75803e-01
  23  alpha_phi    2.06018e-03   2.80657e-03  -5.06500e-06   2.67856e-01
  24  beta_phi     7.39689e-04   2.71550e-03  -4.21435e-07   2.54830e-01
 EXTERNAL ERROR MATRIX.    NDIM=  25    NPAR=  7    ERR DEF=1
  4.808e-07  0.000e+00  0.000e+00  0.000e+00  0.000e+00  0.000e+00  0.000e+00 
  0.000e+00  4.730e-07  0.000e+00  0.000e+00  0.000e+00  0.000e+00  0.000e+00 
  0.000e+00  0.000e+00  3.200e+01  0.000e+00  0.000e+00  0.000e+00  0.000e+00 
  0.000e+00  0.000e+00  0.000e+00  7.141e-06  0.000e+00  0.000e+00  0.000e+00 
  0.000e+00  0.000e+00  0.000e+00  0.000e+00  7.129e-06  0.000e+00  0.000e+00 
  0.000e+00  0.000e+00  0.000e+00  0.000e+00  0.000e+00  7.877e-06  0.000e+00 
  0.000e+00  0.000e+00  0.000e+00  0.000e+00  0.000e+00  0.000e+00  7.374e-06 
ERR MATRIX APPROXIMATE
 PARAMETER  CORRELATION COEFFICIENTS  
       NO.  GLOBAL     10     11     20     21     22     23     24
       10  0.00000   1.000  0.000  0.000  0.000  0.000  0.000  0.000
       11  0.00000   0.000  1.000  0.000  0.000  0.000  0.000  0.000
       20  0.00000   0.000  0.000  1.000  0.000  0.000  0.000  0.000
       21  0.00000   0.000  0.000  0.000  1.000  0.000  0.000  0.000
       22  0.00000   0.000  0.000  0.000  0.000  1.000  0.000  0.000
       23  0.00000   0.000  0.000  0.000  0.000  0.000  1.000  0.000
       24  0.00000   0.000  0.000  0.000  0.000  0.000  0.000  1.000
 ERR MATRIX APPROXIMATE
MINUIT - FIT ONLY 2-y
 **********
 **   67 **RES 
 **********
                   PARAMETER   16  beta_vw RESTORED TO VARIABLE.
                   PARAMETER   14  alpha_vw RESTORED TO VARIABLE.
                   PARAMETER   13  beta_y RESTORED TO VARIABLE.
                   PARAMETER    9  alpha_2CBO RESTORED TO VARIABLE.
                   PARAMETER    8  beta_CBO RESTORED TO VARIABLE.
                   PARAMETER    6  alpha_CBO RESTORED TO VARIABLE.
                   PARAMETER    4  phi RESTORED TO VARIABLE.
                   PARAMETER    3  A0 RESTORED TO VARIABLE.
                   PARAMETER    1  N0 RESTORED TO VARIABLE.
 **********
 **   68 **FIX            0
 **********
 PARAMETER    0  IS UNDEFINED. IGNORED.
 **********
 **   69 **FIX            1
 **********
 **********
 **   70 **FIX            2
 **********
 PARAMETER    2  IS CONSTANT.   IGNORED.
 **********
 **   71 **FIX            3
 **********
 **********
 **   72 **FIX            4
 **********
 **********
 **   73 **FIX            5
 **********
 PARAMETER    5  IS CONSTANT.   IGNORED.
 **********
 **   74 **FIX            6
 **********
 **********
 **   75 **FIX            7
 **********
 PARAMETER    7  IS CONSTANT.   IGNORED.
 **********
 **   76 **FIX            8
 **********
 **********
 **   77 **FIX            9
 **********
 **********
 **   78 **FIX           10
 **********
 **********
 **   79 **FIX           11
 **********
 **********
 **   80 **FIX           12
 **********
 PARAMETER   12  IS CONSTANT.   IGNORED.
 **********
 **   81 **FIX           16
 **********
 **********
 **   82 **MIGRAD
 **********
 START MIGRAD MINIMIZATION.  STRATEGY  1.  CONVERGENCE WHEN EDM .LT. 1.00e-04
 FCN=43.4467 FROM MIGRAD    STATUS=INITIATE      341 CALLS        3359 TOTAL
                     EDM= unknown      STRATEGY= 1      NO ERROR MATRIX       
  EXT PARAMETER               CURRENT GUESS       STEP         FIRST   
  NO.   NAME      VALUE            ERROR          SIZE      DERIVATIVE 
   1  N0           2.93894e+06     fixed    
   2  tau          6.44050e+01   constant   
   3  A0           3.52339e-01     fixed    
   4  phi          4.11607e+00     fixed    
   5  R           -6.11922e+01   constant   
   6  alpha_CBO    1.81864e-03     fixed    
   7  w_CBO        2.32500e+00   constant   
   8  beta_CBO    -2.56285e-03     fixed    
   9  alpha_2CBO   8.63329e-04     fixed    
  10  beta_2CBO    1.22971e-03     fixed    
  11  alpha_y     -3.97055e-04     fixed    
  12  w_y          1.38860e+01   constant   
  13  beta_y       4.84090e-04   6.94115e-04   0.00000e+00   1.30894e+02
  14  alpha_vw     0.00000e+00   1.00000e-03   0.00000e+00   5.77671e+03
  15  w_vw         1.43404e+01   constant   
  16  beta_vw      0.00000e+00     fixed    
  17  LM           1.41693e-04   constant   
  18  zeta_y       0.00000e+00   constant   
  19  zeta_vw      0.00000e+00   constant   
  20  T_CBO        1.00000e+02   5.65620e+00   0.00000e+00   0.00000e+00
  21  alpha_A0     9.67028e-04   2.67223e-03   0.00000e+00  -3.72634e-01
  22  beta_A0     -3.31814e-03   2.67006e-03   0.00000e+00  -1.75803e-01
  23  alpha_phi    2.06018e-03   2.80657e-03   0.00000e+00   2.67856e-01
  24  beta_phi     7.39689e-04   2.71550e-03   0.00000e+00   2.54831e-01
 MIGRAD MINIMIZATION HAS CONVERGED.
 MIGRAD WILL VERIFY CONVERGENCE AND ERROR MATRIX.
  MNHESS FAILS AND WILL RETURN DIAGONAL MATRIX. 
 FCN=39.4699 FROM MIGRAD    STATUS=CONVERGED     393 CALLS        3411 TOTAL
                     EDM=4.22115e-08    STRATEGY= 1  ERROR MATRIX UNCERTAINTY 100.0 per cent
  EXT PARAMETER                APPROXIMATE        STEP         FIRST   
  NO.   NAME      VALUE            ERROR          SIZE      DERIVATIVE 
   1  N0           2.93894e+06     fixed    
   2  tau          6.44050e+01   constant   
   3  A0           3.52339e-01     fixed    
   4  phi          4.11607e+00     fixed    
   5  R           -6.11922e+01   constant   
   6  alpha_CBO    1.81864e-03     fixed    
   7  w_CBO        2.32500e+00   constant   
   8  beta_CBO    -2.56285e-03     fixed    
   9  alpha_2CBO   8.63329e-04     fixed    
  10  beta_2CBO    1.22971e-03     fixed    
  11  alpha_y     -3.97055e-04     fixed    
  12  w_y          1.38860e+01   constant   
  13  beta_y       5.46903e-04   6.94128e-04   2.15613e-06  -2.43026e-02
  14  alpha_vw    -1.37827e-03   6.89622e-04   2.14214e-06   5.42339e-03
  15  w_vw         1.43404e+01   constant   
  16  beta_vw      0.00000e+00     fixed    
  17  LM           1.41693e-04   constant   
  18  zeta_y       0.00000e+00   constant   
  19  zeta_vw      0.00000e+00   constant   
  20  T_CBO        1.00000e+02   7.99813e+00  -0.00000e+00   0.00000e+00
  21  alpha_A0     9.88713e-04   2.67222e-03  -1.28202e-06   2.12834e-02
  22  beta_A0     -3.25902e-03   2.67003e-03   5.33531e-06  -3.90984e-02
  23  alpha_phi    2.11581e-03   2.80647e-03   3.16100e-06   9.76531e-02
  24  beta_phi     6.92147e-04   2.71555e-03  -2.86589e-06   3.06724e-02
 EXTERNAL ERROR MATRIX.    NDIM=  25    NPAR=  7    ERR DEF=1
  4.818e-07  0.000e+00  0.000e+00  0.000e+00  0.000e+00  0.000e+00  0.000e+00 
  0.000e+00  4.756e-07  0.000e+00  0.000e+00  0.000e+00  0.000e+00  0.000e+00 
  0.000e+00  0.000e+00  6.399e+01  0.000e+00  0.000e+00  0.000e+00  0.000e+00 
  0.000e+00  0.000e+00  0.000e+00  7.141e-06  0.000e+00  0.000e+00  0.000e+00 
  0.000e+00  0.000e+00  0.000e+00  0.000e+00  7.129e-06  0.000e+00  0.000e+00 
  0.000e+00  0.000e+00  0.000e+00  0.000e+00  0.000e+00  7.876e-06  0.000e+00 
  0.000e+00  0.000e+00  0.000e+00  0.000e+00  0.000e+00  0.000e+00  7.374e-06 
ERR MATRIX APPROXIMATE
 PARAMETER  CORRELATION COEFFICIENTS  
       NO.  GLOBAL     13     14     20     21     22     23     24
       13  0.00000   1.000  0.000  0.000  0.000  0.000  0.000  0.000
       14  0.00000   0.000  1.000  0.000  0.000  0.000  0.000  0.000
       20  0.00000   0.000  0.000  1.000  0.000  0.000  0.000  0.000
       21  0.00000   0.000  0.000  0.000  1.000  0.000  0.000  0.000
       22  0.00000   0.000  0.000  0.000  0.000  1.000  0.000  0.000
       23  0.00000   0.000  0.000  0.000  0.000  0.000  1.000  0.000
       24  0.00000   0.000  0.000  0.000  0.000  0.000  0.000  1.000
 ERR MATRIX APPROXIMATE
MINUIT - FIT ALTOGETHER
 **********
 **   83 **RES 
 **********
                   PARAMETER   16  beta_vw RESTORED TO VARIABLE.
                   PARAMETER   11  alpha_y RESTORED TO VARIABLE.
                   PARAMETER   10  beta_2CBO RESTORED TO VARIABLE.
                   PARAMETER    9  alpha_2CBO RESTORED TO VARIABLE.
                   PARAMETER    8  beta_CBO RESTORED TO VARIABLE.
                   PARAMETER    6  alpha_CBO RESTORED TO VARIABLE.
                   PARAMETER    4  phi RESTORED TO VARIABLE.
                   PARAMETER    3  A0 RESTORED TO VARIABLE.
                   PARAMETER    1  N0 RESTORED TO VARIABLE.
 **********
 **   84 **MIGRAD
 **********
 START MIGRAD MINIMIZATION.  STRATEGY  1.  CONVERGENCE WHEN EDM .LT. 1.00e-04
 FCN=39.4699 FROM MIGRAD    STATUS=INITIATE     1367 CALLS        4778 TOTAL
                     EDM= unknown      STRATEGY= 1      NO ERROR MATRIX       
  EXT PARAMETER               CURRENT GUESS       STEP         FIRST   
  NO.   NAME      VALUE            ERROR          SIZE      DERIVATIVE 
   1  N0           2.93894e+06   1.43578e+03   0.00000e+00   1.10017e-05
   2  tau          6.44050e+01   constant   
   3  A0           3.52339e-01   6.65717e-04   0.00000e+00  -6.96231e+00
   4  phi          4.11607e+00   1.95153e-03   0.00000e+00   6.99882e+00
   5  R           -6.11922e+01   constant   
   6  alpha_CBO    1.81864e-03   7.02751e-04   0.00000e+00  -7.09011e+01
   7  w_CBO        2.32500e+00   constant   
   8  beta_CBO    -2.56285e-03   6.79696e-04   0.00000e+00   1.20387e+01
   9  alpha_2CBO   8.63329e-04   6.88536e-04   0.00000e+00   4.36704e+01
  10  beta_2CBO    1.22971e-03   6.93367e-04   0.00000e+00   6.24085e+01
  11  alpha_y     -3.97055e-04   6.87716e-04   0.00000e+00  -1.54853e+03
  12  w_y          1.38860e+01   constant   
  13  beta_y       5.46903e-04   6.94128e-04   0.00000e+00  -2.43027e-02
  14  alpha_vw    -1.37827e-03   6.89622e-04   0.00000e+00   5.42329e-03
  15  w_vw         1.43404e+01   constant   
  16  beta_vw      0.00000e+00   1.00000e-03   0.00000e+00   1.85635e+03
  17  LM           1.41693e-04   constant   
  18  zeta_y       0.00000e+00   constant   
  19  zeta_vw      0.00000e+00   constant   
  20  T_CBO        1.00000e+02   7.99813e+00   0.00000e+00   0.00000e+00
  21  alpha_A0     9.88713e-04   2.67222e-03   0.00000e+00   2.12834e-02
  22  beta_A0     -3.25902e-03   2.67003e-03   0.00000e+00  -3.90984e-02
  23  alpha_phi    2.11581e-03   2.80647e-03   0.00000e+00   9.76522e-02
  24  beta_phi     6.92147e-04   2.71555e-03   0.00000e+00   3.06695e-02
 MIGRAD MINIMIZATION HAS CONVERGED.
 MIGRAD WILL VERIFY CONVERGENCE AND ERROR MATRIX.
  MNHESS FAILS AND WILL RETURN DIAGONAL MATRIX. 
 FCN=38.7359 FROM MIGRAD    STATUS=CONVERGED    1526 CALLS        4937 TOTAL
                     EDM=7.28822e-07    STRATEGY= 1  ERROR MATRIX UNCERTAINTY 100.0 per cent
  EXT PARAMETER                APPROXIMATE        STEP         FIRST   
  NO.   NAME      VALUE            ERROR          SIZE      DERIVATIVE 
   1  N0           2.93888e+06   1.43575e+03   4.28937e+00  -7.92972e-08
   2  tau          6.44050e+01   constant   
   3  A0           3.52323e-01   6.65714e-04   2.04903e-06   1.65197e-01
   4  phi          4.11605e+00   1.95164e-03   6.00703e-06  -1.02674e-01
   5  R           -6.11922e+01   constant   
   6  alpha_CBO    1.86175e-03   7.02744e-04   2.16301e-06  -5.47188e-01
   7  w_CBO        2.32500e+00   constant   
   8  beta_CBO    -2.54853e-03   6.79700e-04   2.09208e-06   8.67701e-03
   9  alpha_2CBO   8.47195e-04   6.88540e-04   2.11929e-06   1.30934e-01
  10  beta_2CBO    1.19146e-03   6.93353e-04   2.13411e-06  -6.32419e-02
  11  alpha_y     -1.93681e-05   6.87729e-04   2.11680e-06   1.20682e+00
  12  w_y          1.38860e+01   constant   
  13  beta_y       6.97837e-04   6.94139e-04   2.13653e-06   4.18798e-01
  14  alpha_vw    -1.49030e-03   6.89634e-04   2.12266e-06   5.50900e-01
  15  w_vw         1.43404e+01   constant   
  16  beta_vw     -4.72542e-04   6.92198e-04   2.13055e-06  -4.80293e-01
  17  LM           1.41693e-04   constant   
  18  zeta_y       0.00000e+00   constant   
  19  zeta_vw      0.00000e+00   constant   
  20  T_CBO        1.00000e+02   1.13084e+01  -0.00000e+00   0.00000e+00
  21  alpha_A0     1.02054e-03   2.67241e-03   2.96909e-06   3.79861e-02
  22  beta_A0     -3.17666e-03   2.67015e-03   2.47204e-06  -2.00890e-01
  23  alpha_phi    2.15354e-03   2.80657e-03  -7.61989e-07   1.04650e-01
  24  beta_phi     6.67254e-04   2.71573e-03  -1.21014e-06   2.58513e-01
 EXTERNAL ERROR MATRIX.    NDIM=  25    NPAR= 16    ERR DEF=1
 ELEMENTS ABOVE DIAGONAL ARE NOT PRINTED.
  2.061e+06 
  0.000e+00  4.432e-07 
  0.000e+00  0.000e+00  3.809e-06 
  0.000e+00  0.000e+00  0.000e+00  4.938e-07 
  0.000e+00  0.000e+00  0.000e+00  0.000e+00  4.620e-07 
  0.000e+00  0.000e+00  0.000e+00  0.000e+00  0.000e+00  4.741e-07 
  0.000e+00  0.000e+00  0.000e+00  0.000e+00  0.000e+00  0.000e+00  4.807e-07 
  0.000e+00  0.000e+00  0.000e+00  0.000e+00  0.000e+00  0.000e+00  0.000e+00  4.730e-07 
  0.000e+00  0.000e+00  0.000e+00  0.000e+00  0.000e+00  0.000e+00  0.000e+00  0.000e+00  4.818e-07 
  0.000e+00  0.000e+00  0.000e+00  0.000e+00  0.000e+00  0.000e+00  0.000e+00  0.000e+00  0.000e+00  4.756e-07 
  0.000e+00  0.000e+00  0.000e+00  0.000e+00  0.000e+00  0.000e+00  0.000e+00  0.000e+00  0.000e+00  0.000e+00  4.791e-07 
  0.000e+00  0.000e+00  0.000e+00  0.000e+00  0.000e+00  0.000e+00  0.000e+00  0.000e+00  0.000e+00  0.000e+00  0.000e+00 
  0.000e+00  0.000e+00  0.000e+00  0.000e+00  0.000e+00  0.000e+00  0.000e+00  0.000e+00  0.000e+00  0.000e+00  0.000e+00  1.279e+02 
  0.000e+00  0.000e+00  0.000e+00  0.000e+00  0.000e+00  0.000e+00  0.000e+00  0.000e+00  0.000e+00  0.000e+00  0.000e+00 
  0.000e+00  0.000e+00  0.000e+00  0.000e+00  0.000e+00  0.000e+00  0.000e+00  0.000e+00  0.000e+00  0.000e+00  0.000e+00  0.000e+00  7.142e-06 
  0.000e+00  0.000e+00  0.000e+00  0.000e+00  0.000e+00  0.000e+00  0.000e+00  0.000e+00  0.000e+00  0.000e+00  0.000e+00 
  0.000e+00  0.000e+00  0.000e+00  0.000e+00  0.000e+00  0.000e+00  0.000e+00  0.000e+00  0.000e+00  0.000e+00  0.000e+00  0.000e+00  0.000e+00  7.130e-06 
  0.000e+00  0.000e+00  0.000e+00  0.000e+00  0.000e+00  0.000e+00  0.000e+00  0.000e+00  0.000e+00  0.000e+00  0.000e+00 
  0.000e+00  0.000e+00  0.000e+00  0.000e+00  0.000e+00  0.000e+00  0.000e+00  0.000e+00  0.000e+00  0.000e+00  0.000e+00  0.000e+00  0.000e+00  0.000e+00  7.877e-06 
  0.000e+00  0.000e+00  0.000e+00  0.000e+00  0.000e+00  0.000e+00  0.000e+00  0.000e+00  0.000e+00  0.000e+00  0.000e+00 
  0.000e+00  0.000e+00  0.000e+00  0.000e+00  0.000e+00  0.000e+00  0.000e+00  0.000e+00  0.000e+00  0.000e+00  0.000e+00  0.000e+00  0.000e+00  0.000e+00  0.000e+00  7.375e-06 
ERR MATRIX APPROXIMATE
 PARAMETER  CORRELATION COEFFICIENTS  
       NO.  GLOBAL      1      3      4      6      8      9     10     11     13     14     16     20     21     22     23     24
        1  0.00000   1.000  0.000  0.000  0.000  0.000  0.000  0.000  0.000  0.000  0.000  0.000  0.000  0.000  0.000  0.000  0.000
        3  0.00000   0.000  1.000  0.000  0.000  0.000  0.000  0.000  0.000  0.000  0.000  0.000  0.000  0.000  0.000  0.000  0.000
        4  0.00000   0.000  0.000  1.000  0.000  0.000  0.000  0.000  0.000  0.000  0.000  0.000  0.000  0.000  0.000  0.000  0.000
        6  0.00000   0.000  0.000  0.000  1.000  0.000  0.000  0.000  0.000  0.000  0.000  0.000  0.000  0.000  0.000  0.000  0.000
        8  0.00000   0.000  0.000  0.000  0.000  1.000  0.000  0.000  0.000  0.000  0.000  0.000  0.000  0.000  0.000  0.000  0.000
        9  0.00000   0.000  0.000  0.000  0.000  0.000  1.000  0.000  0.000  0.000  0.000  0.000  0.000  0.000  0.000  0.000  0.000
       10  0.00000   0.000  0.000  0.000  0.000  0.000  0.000  1.000  0.000  0.000  0.000  0.000  0.000  0.000  0.000  0.000  0.000
       11  0.00000   0.000  0.000  0.000  0.000  0.000  0.000  0.000  1.000  0.000  0.000  0.000  0.000  0.000  0.000  0.000  0.000
       13  0.00000   0.000  0.000  0.000  0.000  0.000  0.000  0.000  0.000  1.000  0.000  0.000  0.000  0.000  0.000  0.000  0.000
       14  0.00000   0.000  0.000  0.000  0.000  0.000  0.000  0.000  0.000  0.000  1.000  0.000  0.000  0.000  0.000  0.000  0.000
       16  0.00000   0.000  0.000  0.000  0.000  0.000  0.000  0.000  0.000  0.000  0.000  1.000  0.000  0.000  0.000  0.000  0.000
       20  0.00000   0.000  0.000  0.000  0.000  0.000  0.000  0.000  0.000  0.000  0.000  0.000  1.000  0.000  0.000  0.000  0.000
       21  0.00000   0.000  0.000  0.000  0.000  0.000  0.000  0.000  0.000  0.000  0.000  0.000  0.000  1.000  0.000  0.000  0.000
       22  0.00000   0.000  0.000  0.000  0.000  0.000  0.000  0.000  0.000  0.000  0.000  0.000  0.000  0.000  1.000  0.000  0.000
       23  0.00000   0.000  0.000  0.000  0.000  0.000  0.000  0.000  0.000  0.000  0.000  0.000  0.000  0.000  0.000  1.000  0.000
       24  0.00000   0.000  0.000  0.000  0.000  0.000  0.000  0.000  0.000  0.000  0.000  0.000  0.000  0.000  0.000  0.000  1.000
 ERR MATRIX APPROXIMATE
MINUIT - MINOS
 **********
 **   85 **RES 
 **********
 CALL TO MNFREE IGNORED.  THERE ARE NO FIXED PARAMETERS
 **********
 **   86 **MIG      2.5e+04        0.01
 **********
 START MIGRAD MINIMIZATION.  STRATEGY  1.  CONVERGENCE WHEN EDM .LT. 1.00e-05
 FCN=38.7359 FROM MIGRAD    STATUS=INITIATE       32 CALLS        4969 TOTAL
                     EDM=2.12854e-06    STRATEGY= 1  ERROR MATRIX UNCERTAINTY 100.0 per cent
  EXT PARAMETER                APPROXIMATE        STEP         FIRST   
  NO.   NAME      VALUE            ERROR          SIZE      DERIVATIVE 
   1  N0           2.93888e+06   1.43575e+03   4.28937e+00  -7.92971e-08
   2  tau          6.44050e+01   constant   
   3  A0           3.52323e-01   6.65714e-04   2.04903e-06   1.65197e-01
   4  phi          4.11605e+00   1.95164e-03   6.00703e-06  -1.02674e-01
   5  R           -6.11922e+01   constant   
   6  alpha_CBO    1.86175e-03   7.02744e-04   2.16301e-06  -5.47188e-01
   7  w_CBO        2.32500e+00   constant   
   8  beta_CBO    -2.54853e-03   6.79700e-04   2.09208e-06   8.67659e-03
   9  alpha_2CBO   8.47195e-04   6.88540e-04   2.11929e-06   1.30934e-01
  10  beta_2CBO    1.19146e-03   6.93353e-04   2.13411e-06  -6.32419e-02
  11  alpha_y     -1.93681e-05   6.87729e-04   2.11680e-06   1.20682e+00
  12  w_y          1.38860e+01   constant   
  13  beta_y       6.97837e-04   6.94139e-04   2.13653e-06   4.18798e-01
  14  alpha_vw    -1.49030e-03   6.89634e-04   2.12266e-06   5.50900e-01
  15  w_vw         1.43404e+01   constant   
  16  beta_vw     -4.72542e-04   6.92198e-04   2.13055e-06  -4.80293e-01
  17  LM           1.41693e-04   constant   
  18  zeta_y       0.00000e+00   constant   
  19  zeta_vw      0.00000e+00   constant   
  20  T_CBO        1.00000e+02   1.13084e+01  -0.00000e+00   0.00000e+00
  21  alpha_A0     1.02054e-03   2.67241e-03   2.96909e-06   3.79862e-02
  22  beta_A0     -3.17666e-03   2.67015e-03   2.47204e-06  -2.00890e-01
  23  alpha_phi    2.15354e-03   2.80657e-03  -7.61989e-07   1.04648e-01
  24  beta_phi     6.67254e-04   2.71573e-03  -1.21014e-06   2.58512e-01
 MIGRAD MINIMIZATION HAS CONVERGED.
 MIGRAD WILL VERIFY CONVERGENCE AND ERROR MATRIX.
  MNHESS FAILS AND WILL RETURN DIAGONAL MATRIX. 
 FCN=38.7359 FROM MIGRAD    STATUS=CONVERGED      90 CALLS        5027 TOTAL
                     EDM=2.42725e-07    STRATEGY= 1  ERROR MATRIX UNCERTAINTY 100.0 per cent
  EXT PARAMETER                APPROXIMATE        STEP         FIRST   
  NO.   NAME      VALUE            ERROR          SIZE      DERIVATIVE 
   1  N0           2.93888e+06   1.43575e+03   4.28937e+00  -1.36144e-07
   2  tau          6.44050e+01   constant   
   3  A0           3.52323e-01   6.65714e-04   2.04903e-06   3.60619e-01
   4  phi          4.11605e+00   1.95164e-03   6.00704e-06  -6.06162e-03
   5  R           -6.11922e+01   constant   
   6  alpha_CBO    1.86188e-03   7.02744e-04   2.16301e-06  -1.89156e-02
   7  w_CBO        2.32500e+00   constant   
   8  beta_CBO    -2.54853e-03   6.79700e-04   2.09208e-06   3.46995e-02
   9  alpha_2CBO   8.47164e-04   6.88540e-04   2.11929e-06   2.24154e-01
  10  beta_2CBO    1.19147e-03   6.93353e-04   2.13411e-06  -1.76953e-02
  11  alpha_y     -1.96535e-05   6.87729e-04   2.11680e-06  -1.92148e-01
  12  w_y          1.38860e+01   constant   
  13  beta_y       6.97736e-04   6.94139e-04   2.13653e-06   1.11138e-01
  14  alpha_vw    -1.49043e-03   6.89634e-04   2.12266e-06  -3.28703e-01
  15  w_vw         1.43404e+01   constant   
  16  beta_vw     -4.72427e-04   6.92198e-04   2.13055e-06  -4.36296e-02
  17  LM           1.41693e-04   constant   
  18  zeta_y       0.00000e+00   constant   
  19  zeta_vw      0.00000e+00   constant   
  20  T_CBO        1.00000e+02   1.59849e+01  -0.00000e+00   0.00000e+00
  21  alpha_A0     1.02040e-03   2.67241e-03  -1.35645e-07   3.86551e-03
  22  beta_A0     -3.17594e-03   2.67015e-03   7.16140e-07  -3.80353e-02
  23  alpha_phi    2.15313e-03   2.80658e-03  -4.12150e-07   5.91721e-02
  24  beta_phi     6.66301e-04   2.71574e-03  -9.53286e-07   3.36026e-02
 EXTERNAL ERROR MATRIX.    NDIM=  25    NPAR= 16    ERR DEF=1
 ELEMENTS ABOVE DIAGONAL ARE NOT PRINTED.
  2.061e+06 
  0.000e+00  4.432e-07 
  0.000e+00  0.000e+00  3.809e-06 
  0.000e+00  0.000e+00  0.000e+00  4.938e-07 
  0.000e+00  0.000e+00  0.000e+00  0.000e+00  4.620e-07 
  0.000e+00  0.000e+00  0.000e+00  0.000e+00  0.000e+00  4.741e-07 
  0.000e+00  0.000e+00  0.000e+00  0.000e+00  0.000e+00  0.000e+00  4.807e-07 
  0.000e+00  0.000e+00  0.000e+00  0.000e+00  0.000e+00  0.000e+00  0.000e+00  4.730e-07 
  0.000e+00  0.000e+00  0.000e+00  0.000e+00  0.000e+00  0.000e+00  0.000e+00  0.000e+00  4.818e-07 
  0.000e+00  0.000e+00  0.000e+00  0.000e+00  0.000e+00  0.000e+00  0.000e+00  0.000e+00  0.000e+00  4.756e-07 
  0.000e+00  0.000e+00  0.000e+00  0.000e+00  0.000e+00  0.000e+00  0.000e+00  0.000e+00  0.000e+00  0.000e+00  4.791e-07 
  0.000e+00  0.000e+00  0.000e+00  0.000e+00  0.000e+00  0.000e+00  0.000e+00  0.000e+00  0.000e+00  0.000e+00  0.000e+00 
  0.000e+00  0.000e+00  0.000e+00  0.000e+00  0.000e+00  0.000e+00  0.000e+00  0.000e+00  0.000e+00  0.000e+00  0.000e+00  2.558e+02 
  0.000e+00  0.000e+00  0.000e+00  0.000e+00  0.000e+00  0.000e+00  0.000e+00  0.000e+00  0.000e+00  0.000e+00  0.000e+00 
  0.000e+00  0.000e+00  0.000e+00  0.000e+00  0.000e+00  0.000e+00  0.000e+00  0.000e+00  0.000e+00  0.000e+00  0.000e+00  0.000e+00  7.142e-06 
  0.000e+00  0.000e+00  0.000e+00  0.000e+00  0.000e+00  0.000e+00  0.000e+00  0.000e+00  0.000e+00  0.000e+00  0.000e+00 
  0.000e+00  0.000e+00  0.000e+00  0.000e+00  0.000e+00  0.000e+00  0.000e+00  0.000e+00  0.000e+00  0.000e+00  0.000e+00  0.000e+00  0.000e+00  7.130e-06 
  0.000e+00  0.000e+00  0.000e+00  0.000e+00  0.000e+00  0.000e+00  0.000e+00  0.000e+00  0.000e+00  0.000e+00  0.000e+00 
  0.000e+00  0.000e+00  0.000e+00  0.000e+00  0.000e+00  0.000e+00  0.000e+00  0.000e+00  0.000e+00  0.000e+00  0.000e+00  0.000e+00  0.000e+00  0.000e+00  7.877e-06 
  0.000e+00  0.000e+00  0.000e+00  0.000e+00  0.000e+00  0.000e+00  0.000e+00  0.000e+00  0.000e+00  0.000e+00  0.000e+00 
  0.000e+00  0.000e+00  0.000e+00  0.000e+00  0.000e+00  0.000e+00  0.000e+00  0.000e+00  0.000e+00  0.000e+00  0.000e+00  0.000e+00  0.000e+00  0.000e+00  0.000e+00  7.375e-06 
ERR MATRIX APPROXIMATE
 PARAMETER  CORRELATION COEFFICIENTS  
       NO.  GLOBAL      1      3      4      6      8      9     10     11     13     14     16     20     21     22     23     24
        1  0.00000   1.000  0.000  0.000  0.000  0.000  0.000  0.000  0.000  0.000  0.000  0.000  0.000  0.000  0.000  0.000  0.000
        3  0.00000   0.000  1.000  0.000  0.000  0.000  0.000  0.000  0.000  0.000  0.000  0.000  0.000  0.000  0.000  0.000  0.000
        4  0.00000   0.000  0.000  1.000  0.000  0.000  0.000  0.000  0.000  0.000  0.000  0.000  0.000  0.000  0.000  0.000  0.000
        6  0.00000   0.000  0.000  0.000  1.000  0.000  0.000  0.000  0.000  0.000  0.000  0.000  0.000  0.000  0.000  0.000  0.000
        8  0.00000   0.000  0.000  0.000  0.000  1.000  0.000  0.000  0.000  0.000  0.000  0.000  0.000  0.000  0.000  0.000  0.000
        9  0.00000   0.000  0.000  0.000  0.000  0.000  1.000  0.000  0.000  0.000  0.000  0.000  0.000  0.000  0.000  0.000  0.000
       10  0.00000   0.000  0.000  0.000  0.000  0.000  0.000  1.000  0.000  0.000  0.000  0.000  0.000  0.000  0.000  0.000  0.000
       11  0.00000   0.000  0.000  0.000  0.000  0.000  0.000  0.000  1.000  0.000  0.000  0.000  0.000  0.000  0.000  0.000  0.000
       13  0.00000   0.000  0.000  0.000  0.000  0.000  0.000  0.000  0.000  1.000  0.000  0.000  0.000  0.000  0.000  0.000  0.000
       14  0.00000   0.000  0.000  0.000  0.000  0.000  0.000  0.000  0.000  0.000  1.000  0.000  0.000  0.000  0.000  0.000  0.000
       16  0.00000   0.000  0.000  0.000  0.000  0.000  0.000  0.000  0.000  0.000  0.000  1.000  0.000  0.000  0.000  0.000  0.000
       20  0.00000   0.000  0.000  0.000  0.000  0.000  0.000  0.000  0.000  0.000  0.000  0.000  1.000  0.000  0.000  0.000  0.000
       21  0.00000   0.000  0.000  0.000  0.000  0.000  0.000  0.000  0.000  0.000  0.000  0.000  0.000  1.000  0.000  0.000  0.000
       22  0.00000   0.000  0.000  0.000  0.000  0.000  0.000  0.000  0.000  0.000  0.000  0.000  0.000  0.000  1.000  0.000  0.000
       23  0.00000   0.000  0.000  0.000  0.000  0.000  0.000  0.000  0.000  0.000  0.000  0.000  0.000  0.000  0.000  1.000  0.000
       24  0.00000   0.000  0.000  0.000  0.000  0.000  0.000  0.000  0.000  0.000  0.000  0.000  0.000  0.000  0.000  0.000  1.000
 ERR MATRIX APPROXIMATE
 **********
 **   87 **MINO      2.5e+04
 **********
  MNHESS FAILS AND WILL RETURN DIAGONAL MATRIX. 
    THE POSITIVE MINOS ERROR OF PARAMETER  20, T_CBO EXCEEDS ITS LIMIT.
    THE NEGATIVE MINOS ERROR OF PARAMETER  20, T_CBO EXCEEDS ITS LIMIT.
 FCN=38.7359 FROM MINOS     STATUS=PROBLEMS     5772 CALLS       10824 TOTAL
                     EDM=2.42725e-07    STRATEGY= 1  ERROR MATRIX UNCERTAINTY 100.0 per cent
  EXT PARAMETER                  PARABOLIC         MINOS ERRORS        
  NO.   NAME      VALUE            ERROR      NEGATIVE      POSITIVE   
   1  N0           2.93888e+06   1.43575e+03  -1.54259e+03   1.54302e+03
   2  tau          6.44050e+01   constant   
   3  A0           3.52323e-01   6.65714e-04  -7.06947e-04   7.06859e-04
   4  phi          4.11605e+00   1.95164e-03  -2.04992e-03   2.05078e-03
   5  R           -6.11922e+01   constant   
   6  alpha_CBO    1.86188e-03   7.02744e-04  -7.31758e-04   7.31884e-04
   7  w_CBO        2.32500e+00   constant   
   8  beta_CBO    -2.54853e-03   6.79700e-04  -7.10215e-04   7.10150e-04
   9  alpha_2CBO   8.47164e-04   6.88540e-04  -7.10213e-04   7.10039e-04
  10  beta_2CBO    1.19147e-03   6.93353e-04  -7.14174e-04   7.14167e-04
  11  alpha_y     -1.96535e-05   6.87729e-04  -7.15382e-04   7.15453e-04
  12  w_y          1.38860e+01   constant   
  13  beta_y       6.97736e-04   6.94139e-04  -7.27642e-04   7.27577e-04
  14  alpha_vw    -1.49043e-03   6.89634e-04  -7.18024e-04   7.18155e-04
  15  w_vw         1.43404e+01   constant   
  16  beta_vw     -4.72427e-04   6.92198e-04  -7.24703e-04   7.24733e-04
  17  LM           1.41693e-04   constant   
  18  zeta_y       0.00000e+00   constant   
  19  zeta_vw      0.00000e+00   constant   
  20  T_CBO        1.00000e+02   9.54289e+01   at limit      at limit   
  21  alpha_A0     1.02040e-03   2.67241e-03  -2.79220e-03   2.79217e-03
  22  beta_A0     -3.17594e-03   2.67015e-03  -2.80040e-03   2.80215e-03
  23  alpha_phi    2.15313e-03   2.80658e-03  -2.93980e-03   2.93698e-03
  24  beta_phi     6.66301e-04   2.71574e-03  -2.87412e-03   2.87280e-03
 **********
 **   88 **SHO COR 
 **********
 PARAMETER  CORRELATION COEFFICIENTS  
       NO.  GLOBAL      1      3      4      6      8      9     10     11     13     14     16     20     21     22     23     24
        1  0.00000   1.000  0.000  0.000  0.000  0.000  0.000  0.000  0.000  0.000  0.000  0.000  0.000  0.000  0.000  0.000  0.000
        3  0.00000   0.000  1.000  0.000  0.000  0.000  0.000  0.000  0.000  0.000  0.000  0.000  0.000  0.000  0.000  0.000  0.000
        4  0.00000   0.000  0.000  1.000  0.000  0.000  0.000  0.000  0.000  0.000  0.000  0.000  0.000  0.000  0.000  0.000  0.000
        6  0.00000   0.000  0.000  0.000  1.000  0.000  0.000  0.000  0.000  0.000  0.000  0.000  0.000  0.000  0.000  0.000  0.000
        8  0.00000   0.000  0.000  0.000  0.000  1.000  0.000  0.000  0.000  0.000  0.000  0.000  0.000  0.000  0.000  0.000  0.000
        9  0.00000   0.000  0.000  0.000  0.000  0.000  1.000  0.000  0.000  0.000  0.000  0.000  0.000  0.000  0.000  0.000  0.000
       10  0.00000   0.000  0.000  0.000  0.000  0.000  0.000  1.000  0.000  0.000  0.000  0.000  0.000  0.000  0.000  0.000  0.000
       11  0.00000   0.000  0.000  0.000  0.000  0.000  0.000  0.000  1.000  0.000  0.000  0.000  0.000  0.000  0.000  0.000  0.000
       13  0.00000   0.000  0.000  0.000  0.000  0.000  0.000  0.000  0.000  1.000  0.000  0.000  0.000  0.000  0.000  0.000  0.000
       14  0.00000   0.000  0.000  0.000  0.000  0.000  0.000  0.000  0.000  0.000  1.000  0.000  0.000  0.000  0.000  0.000  0.000
       16  0.00000   0.000  0.000  0.000  0.000  0.000  0.000  0.000  0.000  0.000  0.000  1.000  0.000  0.000  0.000  0.000  0.000
       20  0.00000   0.000  0.000  0.000  0.000  0.000  0.000  0.000  0.000  0.000  0.000  0.000  1.000  0.000  0.000  0.000  0.000
       21  0.00000   0.000  0.000  0.000  0.000  0.000  0.000  0.000  0.000  0.000  0.000  0.000  0.000  1.000  0.000  0.000  0.000
       22  0.00000   0.000  0.000  0.000  0.000  0.000  0.000  0.000  0.000  0.000  0.000  0.000  0.000  0.000  1.000  0.000  0.000
       23  0.00000   0.000  0.000  0.000  0.000  0.000  0.000  0.000  0.000  0.000  0.000  0.000  0.000  0.000  0.000  1.000  0.000
       24  0.00000   0.000  0.000  0.000  0.000  0.000  0.000  0.000  0.000  0.000  0.000  0.000  0.000  0.000  0.000  0.000  1.000
 ERR MATRIX APPROXIMATE
 ELEMENTS ABOVE DIAGONAL ARE NOT PRINTED.
