 + ++++++++++++++++++++++++++++++++++++++++++++++++++++++++++++++++++++ +
 +                                                                      +
 +           You have chose to blind your fitting according to          +
 +                omega_ref * (1 + (R +/- deltaR) *10^{-6})             +
 +                                                                      +
 + ++++++++++++++++++++++++++++++++++++++++++++++++++++++++++++++++++++ +
In main()...
reading format from /gm2data/zkhechad/run45/envelope/formats/formatB_sBin_constraintOn.txt
pBinTau 	= 0  
pBinPhi 	= 0  
constraintau 	= 1 
includeMopTerm 	= 0    
constrainMop    = 0   
Parameters after format file: pBinTau 0 pBinPhi 0 constraintau 1 includeMopTerm 0 constrainMop 0 c_e_scale 0.000000 
Opening file /gm2data/tbarrett/gm2fr/studies/run23_bunch_corrections/CorrectedFourier_Run3b.root.
reading full fit data from /gm2data/zkhechad/cboTemplates/Run4CBOTemplates/fullFits/noRF/sBin_constraintOn_cE0.0_seed0_noRF_calo14.root
windowBins = 69
fitting sliding window 2380 from bin 2513 at 374.790400 to bin 2582 at 385.234400 (69 bins)

Reading data from /gm2data/cornell/histograms/aMethod/histogram_a_noRF.root
 **********
 **    1 **SET PRINTOUT            1
 **********
 **********
 **    2 **SET NOWARNINGS 
 **********
 PARAMETER DEFINITIONS:
    NO.   NAME         VALUE      STEP SIZE      LIMITS
     1 N0           3.41750e+06  1.00000e+02     no limits
     2 tau          6.44063e+01  constant
     3 A0           3.61912e-01  1.00000e-04     no limits
     4 phi          4.12132e+00  1.00000e-02     no limits
     5 R           -6.04192e+01  constant
     6 alpha_CBO    0.00000e+00  1.00000e-03     no limits
     7 w_CBO        2.32500e+00  constant
     8 beta_CBO     0.00000e+00  1.00000e-03     no limits
     9 alpha_2CBO   0.00000e+00  1.00000e-03     no limits
    10 beta_2CBO    0.00000e+00  1.00000e-03     no limits
    11 alpha_y      0.00000e+00  1.00000e-03     no limits
    12 w_y          1.38860e+01  constant
    13 beta_y       0.00000e+00  1.00000e-03     no limits
    14 alpha_vw     0.00000e+00  1.00000e-03     no limits
    15 w_vw         1.43404e+01  constant
    16 beta_vw      0.00000e+00  1.00000e-03     no limits
    17 LM           8.43198e-05  constant
    18 zeta_y       0.00000e+00  constant
    19 zeta_vw      0.00000e+00  constant
MINUIT - FIT ONLY WIGGLE
 **********
 **    3 **FIX            5
 **********
 PARAMETER    5  IS CONSTANT.   IGNORED.
 **********
 **    4 **FIX            6
 **********
 **********
 **    5 **FIX            7
 **********
 PARAMETER    7  IS CONSTANT.   IGNORED.
 **********
 **    6 **FIX            8
 **********
 **********
 **    7 **FIX            9
 **********
 **********
 **    8 **FIX           10
 **********
 **********
 **    9 **FIX           11
 **********
 **********
 **   10 **FIX           12
 **********
 PARAMETER   12  IS CONSTANT.   IGNORED.
 **********
 **   11 **FIX           13
 **********
 **********
 **   12 **FIX           14
 **********
 **********
 **   13 **FIX           15
 **********
 PARAMETER   15  IS CONSTANT.   IGNORED.
 **********
 **   14 **FIX           16
 **********
 **********
 **   15 **MIGRAD
 **********
 FIRST CALL TO USER FUNCTION AT NEW START POINT, WITH IFLAG=4.
 START MIGRAD MINIMIZATION.  STRATEGY  1.  CONVERGENCE WHEN EDM .LT. 1.00e-04
 FCN=80.5573 FROM MIGRAD    STATUS=INITIATE       12 CALLS          13 TOTAL
                     EDM= unknown      STRATEGY= 1      NO ERROR MATRIX       
  EXT PARAMETER               CURRENT GUESS       STEP         FIRST   
  NO.   NAME      VALUE            ERROR          SIZE      DERIVATIVE 
   1  N0           3.41750e+06   1.00000e+02   1.00000e+02   2.68985e-04
   2  tau          6.44063e+01   constant   
   3  A0           3.61912e-01   1.00000e-04   1.00000e-04  -2.09750e+03
   4  phi          4.12132e+00   1.00000e-02   1.00000e-02   1.05816e+02
   5  R           -6.04192e+01   constant   
   6  alpha_CBO    0.00000e+00     fixed    
   7  w_CBO        2.32500e+00   constant   
   8  beta_CBO     0.00000e+00     fixed    
   9  alpha_2CBO   0.00000e+00     fixed    
  10  beta_2CBO    0.00000e+00     fixed    
  11  alpha_y      0.00000e+00     fixed    
  12  w_y          1.38860e+01   constant   
  13  beta_y       0.00000e+00     fixed    
  14  alpha_vw     0.00000e+00     fixed    
  15  w_vw         1.43404e+01   constant   
  16  beta_vw      0.00000e+00     fixed    
  17  LM           8.43198e-05   constant   
  18  zeta_y       0.00000e+00   constant   
  19  zeta_vw      0.00000e+00   constant   
 MIGRAD MINIMIZATION HAS CONVERGED.
 MIGRAD WILL VERIFY CONVERGENCE AND ERROR MATRIX.
 COVARIANCE MATRIX CALCULATED SUCCESSFULLY
 FCN=79.4608 FROM MIGRAD    STATUS=CONVERGED      52 CALLS          53 TOTAL
                     EDM=9.01869e-11    STRATEGY= 1      ERROR MATRIX ACCURATE 
  EXT PARAMETER                                   STEP         FIRST   
  NO.   NAME      VALUE            ERROR          SIZE      DERIVATIVE 
   1  N0           3.41706e+06   2.76572e+03   1.07212e+01  -4.26407e-09
   2  tau          6.44063e+01   constant   
   3  A0           3.62889e-01   1.00245e-03   4.30595e-06   6.52262e-03
   4  phi          4.12111e+00   2.95964e-03   1.28662e-05  -2.33767e-03
   5  R           -6.04192e+01   constant   
   6  alpha_CBO    0.00000e+00     fixed    
   7  w_CBO        2.32500e+00   constant   
   8  beta_CBO     0.00000e+00     fixed    
   9  alpha_2CBO   0.00000e+00     fixed    
  10  beta_2CBO    0.00000e+00     fixed    
  11  alpha_y      0.00000e+00     fixed    
  12  w_y          1.38860e+01   constant   
  13  beta_y       0.00000e+00     fixed    
  14  alpha_vw     0.00000e+00     fixed    
  15  w_vw         1.43404e+01   constant   
  16  beta_vw      0.00000e+00     fixed    
  17  LM           8.43198e-05   constant   
  18  zeta_y       0.00000e+00   constant   
  19  zeta_vw      0.00000e+00   constant   
 EXTERNAL ERROR MATRIX.    NDIM=  25    NPAR=  3    ERR DEF=1
  7.649e+06  5.112e-01 -8.405e-01 
  5.112e-01  1.005e-06  1.357e-07 
 -8.405e-01  1.357e-07  8.759e-06 
 PARAMETER  CORRELATION COEFFICIENTS  
       NO.  GLOBAL      1      3      4
        1  0.21532   1.000  0.184 -0.103
        3  0.19549   0.184  1.000  0.046
        4  0.12196  -0.103  0.046  1.000
MINUIT - FIT ONLY 1-CBO + wiggle
 **********
 **   16 **RES 
 **********
                   PARAMETER   16  beta_vw RESTORED TO VARIABLE.
                   PARAMETER   14  alpha_vw RESTORED TO VARIABLE.
                   PARAMETER   13  beta_y RESTORED TO VARIABLE.
                   PARAMETER   11  alpha_y RESTORED TO VARIABLE.
                   PARAMETER   10  beta_2CBO RESTORED TO VARIABLE.
                   PARAMETER    9  alpha_2CBO RESTORED TO VARIABLE.
                   PARAMETER    8  beta_CBO RESTORED TO VARIABLE.
                   PARAMETER    6  alpha_CBO RESTORED TO VARIABLE.
 **********
 **   17 **FIX            8
 **********
 **********
 **   18 **FIX            9
 **********
 **********
 **   19 **FIX           11
 **********
 **********
 **   20 **FIX           12
 **********
 PARAMETER   12  IS CONSTANT.   IGNORED.
 **********
 **   21 **FIX           14
 **********
 **********
 **   22 **FIX           15
 **********
 PARAMETER   15  IS CONSTANT.   IGNORED.
 **********
 **   23 **FIX           16
 **********
 **********
 **   24 **MIGRAD
 **********
 START MIGRAD MINIMIZATION.  STRATEGY  1.  CONVERGENCE WHEN EDM .LT. 1.00e-04
 FCN=79.4608 FROM MIGRAD    STATUS=INITIATE       18 CALLS          71 TOTAL
                     EDM= unknown      STRATEGY= 1      NO ERROR MATRIX       
  EXT PARAMETER               CURRENT GUESS       STEP         FIRST   
  NO.   NAME      VALUE            ERROR          SIZE      DERIVATIVE 
   1  N0           3.41706e+06   2.76572e+03   1.07212e+01  -4.26417e-09
   2  tau          6.44063e+01   constant   
   3  A0           3.62889e-01   1.00245e-03   4.30595e-06   6.52277e-03
   4  phi          4.12111e+00   2.95964e-03   1.28662e-05  -2.33641e-03
   5  R           -6.04192e+01   constant   
   6  alpha_CBO    0.00000e+00   1.00000e-03   1.00000e-03  -3.60995e+03
   7  w_CBO        2.32500e+00   constant   
   8  beta_CBO     0.00000e+00     fixed    
   9  alpha_2CBO   0.00000e+00     fixed    
  10  beta_2CBO    0.00000e+00   1.00000e-03   1.00000e-03  -9.36050e+02
  11  alpha_y      0.00000e+00     fixed    
  12  w_y          1.38860e+01   constant   
  13  beta_y       0.00000e+00   1.00000e-03   1.00000e-03  -2.37110e+02
  14  alpha_vw     0.00000e+00     fixed    
  15  w_vw         1.43404e+01   constant   
  16  beta_vw      0.00000e+00     fixed    
  17  LM           8.43198e-05   constant   
  18  zeta_y       0.00000e+00   constant   
  19  zeta_vw      0.00000e+00   constant   
 MIGRAD MINIMIZATION HAS CONVERGED.
 MIGRAD WILL VERIFY CONVERGENCE AND ERROR MATRIX.
 COVARIANCE MATRIX CALCULATED SUCCESSFULLY
 FCN=74.8857 FROM MIGRAD    STATUS=CONVERGED     112 CALLS         165 TOTAL
                     EDM=1.85872e-07    STRATEGY= 1      ERROR MATRIX ACCURATE 
  EXT PARAMETER                                   STEP         FIRST   
  NO.   NAME      VALUE            ERROR          SIZE      DERIVATIVE 
   1  N0           3.41695e+06   2.76893e+03   1.04117e+01  -1.41758e-07
   2  tau          6.44063e+01   constant   
   3  A0           3.62913e-01   1.00319e-03   4.18102e-06   1.83180e-02
   4  phi          4.11991e+00   3.01784e-03   1.24950e-05  -6.03494e-02
   5  R           -6.04192e+01   constant   
   6  alpha_CBO    2.38911e-03   1.15494e-03   4.80672e-06   2.53625e-01
   7  w_CBO        2.32500e+00   constant   
   8  beta_CBO     0.00000e+00     fixed    
   9  alpha_2CBO   0.00000e+00     fixed    
  10  beta_2CBO    5.31459e-04   1.12721e-03   4.78522e-06  -2.22863e-01
  11  alpha_y      0.00000e+00     fixed    
  12  w_y          1.38860e+01   constant   
  13  beta_y       1.23784e-04   1.12341e-03   4.77745e-06   1.00601e-01
  14  alpha_vw     0.00000e+00     fixed    
  15  w_vw         1.43404e+01   constant   
  16  beta_vw      0.00000e+00     fixed    
  17  LM           8.43198e-05   constant   
  18  zeta_y       0.00000e+00   constant   
  19  zeta_vw      0.00000e+00   constant   
 EXTERNAL ERROR MATRIX.    NDIM=  25    NPAR=  6    ERR DEF=1
  7.667e+06  5.060e-01 -7.894e-01 -9.780e-02  1.135e-01  3.357e-02 
  5.060e-01  1.006e-06  1.215e-07  2.466e-08 -3.943e-08 -1.313e-08 
 -7.894e-01  1.215e-07  9.107e-06 -6.807e-07  4.506e-08  2.009e-09 
 -9.780e-02  2.466e-08 -6.807e-07  1.334e-06 -3.519e-08 -1.494e-08 
  1.135e-01 -3.943e-08  4.506e-08 -3.519e-08  1.271e-06  2.250e-09 
  3.357e-02 -1.313e-08  2.009e-09 -1.494e-08  2.250e-09  1.262e-06 
 PARAMETER  CORRELATION COEFFICIENTS  
       NO.  GLOBAL      1      3      4      6     10     13
        1  0.22054   1.000  0.182 -0.094 -0.031  0.036  0.011
        3  0.19984   0.182  1.000  0.040  0.021 -0.035 -0.012
        4  0.22915  -0.094  0.040  1.000 -0.195  0.013  0.001
        6  0.20649  -0.031  0.021 -0.195  1.000 -0.027 -0.012
       10  0.06268   0.036 -0.035  0.013 -0.027  1.000  0.002
       13  0.02063   0.011 -0.012  0.001 -0.012  0.002  1.000
MINUIT - FIT ONLY 2-CBO
 **********
 **   25 **RES 
 **********
                   PARAMETER   16  beta_vw RESTORED TO VARIABLE.
                   PARAMETER   14  alpha_vw RESTORED TO VARIABLE.
                   PARAMETER   11  alpha_y RESTORED TO VARIABLE.
                   PARAMETER    9  alpha_2CBO RESTORED TO VARIABLE.
                   PARAMETER    8  beta_CBO RESTORED TO VARIABLE.
 **********
 **   26 **FIX            0
 **********
 PARAMETER    0  IS UNDEFINED. IGNORED.
 **********
 **   27 **FIX            1
 **********
 **********
 **   28 **FIX            2
 **********
 PARAMETER    2  IS CONSTANT.   IGNORED.
 **********
 **   29 **FIX            3
 **********
 **********
 **   30 **FIX            4
 **********
 **********
 **   31 **FIX            5
 **********
 PARAMETER    5  IS CONSTANT.   IGNORED.
 **********
 **   32 **FIX            6
 **********
 **********
 **   33 **FIX            7
 **********
 PARAMETER    7  IS CONSTANT.   IGNORED.
 **********
 **   34 **FIX           10
 **********
 **********
 **   35 **FIX           11
 **********
 **********
 **   36 **FIX           12
 **********
 PARAMETER   12  IS CONSTANT.   IGNORED.
 **********
 **   37 **FIX           13
 **********
 **********
 **   38 **FIX           14
 **********
 **********
 **   39 **FIX           15
 **********
 PARAMETER   15  IS CONSTANT.   IGNORED.
 **********
 **   40 **FIX           16
 **********
 **********
 **   41 **MIGRAD
 **********
 START MIGRAD MINIMIZATION.  STRATEGY  1.  CONVERGENCE WHEN EDM .LT. 1.00e-04
 FCN=74.8857 FROM MIGRAD    STATUS=INITIATE        8 CALLS         173 TOTAL
                     EDM= unknown      STRATEGY= 1      NO ERROR MATRIX       
  EXT PARAMETER               CURRENT GUESS       STEP         FIRST   
  NO.   NAME      VALUE            ERROR          SIZE      DERIVATIVE 
   1  N0           3.41695e+06     fixed    
   2  tau          6.44063e+01   constant   
   3  A0           3.62913e-01     fixed    
   4  phi          4.11991e+00     fixed    
   5  R           -6.04192e+01   constant   
   6  alpha_CBO    2.38911e-03     fixed    
   7  w_CBO        2.32500e+00   constant   
   8  beta_CBO     0.00000e+00   1.00000e-03   1.00000e-03   4.07439e+03
   9  alpha_2CBO   0.00000e+00   1.00000e-03   1.00000e-03  -2.37747e+03
  10  beta_2CBO    5.31459e-04     fixed    
  11  alpha_y      0.00000e+00     fixed    
  12  w_y          1.38860e+01   constant   
  13  beta_y       1.23784e-04     fixed    
  14  alpha_vw     0.00000e+00     fixed    
  15  w_vw         1.43404e+01   constant   
  16  beta_vw      0.00000e+00     fixed    
  17  LM           8.43198e-05   constant   
  18  zeta_y       0.00000e+00   constant   
  19  zeta_vw      0.00000e+00   constant   
 MIGRAD MINIMIZATION HAS CONVERGED.
 MIGRAD WILL VERIFY CONVERGENCE AND ERROR MATRIX.
 COVARIANCE MATRIX CALCULATED SUCCESSFULLY
 FCN=67.8614 FROM MIGRAD    STATUS=CONVERGED      28 CALLS         193 TOTAL
                     EDM=2.91738e-06    STRATEGY= 1      ERROR MATRIX ACCURATE 
  EXT PARAMETER                                   STEP         FIRST   
  NO.   NAME      VALUE            ERROR          SIZE      DERIVATIVE 
   1  N0           3.41695e+06     fixed    
   2  tau          6.44063e+01   constant   
   3  A0           3.62913e-01     fixed    
   4  phi          4.11991e+00     fixed    
   5  R           -6.04192e+01   constant   
   6  alpha_CBO    2.38911e-03     fixed    
   7  w_CBO        2.32500e+00   constant   
   8  beta_CBO    -2.54244e-03   1.10669e-03   4.48176e-06   1.11975e+00
   9  alpha_2CBO   1.55202e-03   1.11149e-03   4.50122e-06   1.90242e+00
  10  beta_2CBO    5.31459e-04     fixed    
  11  alpha_y      0.00000e+00     fixed    
  12  w_y          1.38860e+01   constant   
  13  beta_y       1.23784e-04     fixed    
  14  alpha_vw     0.00000e+00     fixed    
  15  w_vw         1.43404e+01   constant   
  16  beta_vw      0.00000e+00     fixed    
  17  LM           8.43198e-05   constant   
  18  zeta_y       0.00000e+00   constant   
  19  zeta_vw      0.00000e+00   constant   
 EXTERNAL ERROR MATRIX.    NDIM=  25    NPAR=  2    ERR DEF=1
  1.225e-06 -4.039e-08 
 -4.039e-08  1.235e-06 
 PARAMETER  CORRELATION COEFFICIENTS  
       NO.  GLOBAL      8      9
        8  0.03284   1.000 -0.033
        9  0.03284  -0.033  1.000
MINUIT - FIT wiggle + 1-CBO + 2-CBO
 **********
 **   42 **RES 
 **********
                   PARAMETER   16  beta_vw RESTORED TO VARIABLE.
                   PARAMETER   14  alpha_vw RESTORED TO VARIABLE.
                   PARAMETER   13  beta_y RESTORED TO VARIABLE.
                   PARAMETER   11  alpha_y RESTORED TO VARIABLE.
                   PARAMETER   10  beta_2CBO RESTORED TO VARIABLE.
                   PARAMETER    6  alpha_CBO RESTORED TO VARIABLE.
                   PARAMETER    4  phi RESTORED TO VARIABLE.
                   PARAMETER    3  A0 RESTORED TO VARIABLE.
                   PARAMETER    1  N0 RESTORED TO VARIABLE.
 **********
 **   43 **FIX           10
 **********
 **********
 **   44 **FIX           11
 **********
 **********
 **   45 **FIX           12
 **********
 PARAMETER   12  IS CONSTANT.   IGNORED.
 **********
 **   46 **FIX           13
 **********
 **********
 **   47 **FIX           14
 **********
 **********
 **   48 **FIX           15
 **********
 PARAMETER   15  IS CONSTANT.   IGNORED.
 **********
 **   49 **FIX           16
 **********
 **********
 **   50 **MIGRAD
 **********
 START MIGRAD MINIMIZATION.  STRATEGY  1.  CONVERGENCE WHEN EDM .LT. 1.00e-04
 FCN=67.8614 FROM MIGRAD    STATUS=INITIATE       12 CALLS         205 TOTAL
                     EDM= unknown      STRATEGY= 1      NO ERROR MATRIX       
  EXT PARAMETER               CURRENT GUESS       STEP         FIRST   
  NO.   NAME      VALUE            ERROR          SIZE      DERIVATIVE 
   1  N0           3.41695e+06   2.76893e+03   2.76893e+03  -1.64315e-05
   2  tau          6.44063e+01   constant   
   3  A0           3.62913e-01   1.00319e-03   1.00319e-03   9.15013e+02
   4  phi          4.11991e+00   3.01784e-03   3.01784e-03   9.83659e+01
   5  R           -6.04192e+01   constant   
   6  alpha_CBO    2.38911e-03   1.15494e-03   1.15494e-03   2.10161e+02
   7  w_CBO        2.32500e+00   constant   
   8  beta_CBO    -2.54244e-03   1.10669e-03   4.48176e-06   1.11975e+00
   9  alpha_2CBO   1.55202e-03   1.11149e-03   4.50122e-06   1.90242e+00
  10  beta_2CBO    5.31459e-04     fixed    
  11  alpha_y      0.00000e+00     fixed    
  12  w_y          1.38860e+01   constant   
  13  beta_y       1.23784e-04     fixed    
  14  alpha_vw     0.00000e+00     fixed    
  15  w_vw         1.43404e+01   constant   
  16  beta_vw      0.00000e+00     fixed    
  17  LM           8.43198e-05   constant   
  18  zeta_y       0.00000e+00   constant   
  19  zeta_vw      0.00000e+00   constant   
 MIGRAD MINIMIZATION HAS CONVERGED.
 MIGRAD WILL VERIFY CONVERGENCE AND ERROR MATRIX.
 COVARIANCE MATRIX CALCULATED SUCCESSFULLY
 FCN=67.603 FROM MIGRAD    STATUS=CONVERGED      93 CALLS         286 TOTAL
                     EDM=6.74561e-06    STRATEGY= 1      ERROR MATRIX ACCURATE 
  EXT PARAMETER                                   STEP         FIRST   
  NO.   NAME      VALUE            ERROR          SIZE      DERIVATIVE 
   1  N0           3.41682e+06   2.76973e+03   9.89918e+00   1.04042e-06
   2  tau          6.44063e+01   constant   
   3  A0           3.62425e-01   1.02518e-03   3.97662e-06  -7.34215e-01
   4  phi          4.11944e+00   3.03827e-03   1.18983e-05   5.97662e-01
   5  R           -6.04192e+01   constant   
   6  alpha_CBO    2.26813e-03   1.15579e-03   4.57012e-06  -3.89805e-01
   7  w_CBO        2.32500e+00   constant   
   8  beta_CBO    -2.67188e-03   1.13570e-03   4.47326e-06  -1.51548e+00
   9  alpha_2CBO   1.54885e-03   1.11366e-03   4.49269e-06   7.49155e-02
  10  beta_2CBO    5.31459e-04     fixed    
  11  alpha_y      0.00000e+00     fixed    
  12  w_y          1.38860e+01   constant   
  13  beta_y       1.23784e-04     fixed    
  14  alpha_vw     0.00000e+00     fixed    
  15  w_vw         1.43404e+01   constant   
  16  beta_vw      0.00000e+00     fixed    
  17  LM           8.43198e-05   constant   
  18  zeta_y       0.00000e+00   constant   
  19  zeta_vw      0.00000e+00   constant   
 EXTERNAL ERROR MATRIX.    NDIM=  25    NPAR=  6    ERR DEF=1
  7.671e+06  5.323e-01 -7.549e-01 -9.533e-02  1.201e-01  8.103e-02 
  5.323e-01  1.051e-06  1.842e-07  2.816e-08  2.417e-07  3.715e-09 
 -7.549e-01  1.842e-07  9.231e-06 -6.819e-07  3.162e-07  1.437e-07 
 -9.533e-02  2.816e-08 -6.819e-07  1.336e-06  2.597e-08 -5.635e-08 
  1.201e-01  2.417e-07  3.162e-07  2.597e-08  1.290e-06 -3.622e-08 
  8.103e-02  3.715e-09  1.437e-07 -5.635e-08 -3.622e-08  1.240e-06 
 PARAMETER  CORRELATION COEFFICIENTS  
       NO.  GLOBAL      1      3      4      6      8      9
        1  0.22196   1.000  0.187 -0.090 -0.030  0.038  0.026
        3  0.28301   0.187  1.000  0.059  0.024  0.208  0.003
        4  0.24970  -0.090  0.059  1.000 -0.194  0.092  0.042
        6  0.20998  -0.030  0.024 -0.194  1.000  0.020 -0.044
        8  0.22692   0.038  0.208  0.092  0.020  1.000 -0.029
        9  0.07075   0.026  0.003  0.042 -0.044 -0.029  1.000
MINUIT - FIT ONLY 1-y
 **********
 **   51 **RES 
 **********
                   PARAMETER   16  beta_vw RESTORED TO VARIABLE.
                   PARAMETER   14  alpha_vw RESTORED TO VARIABLE.
                   PARAMETER   13  beta_y RESTORED TO VARIABLE.
                   PARAMETER   11  alpha_y RESTORED TO VARIABLE.
                   PARAMETER   10  beta_2CBO RESTORED TO VARIABLE.
 **********
 **   52 **FIX            0
 **********
 PARAMETER    0  IS UNDEFINED. IGNORED.
 **********
 **   53 **FIX            1
 **********
 **********
 **   54 **FIX            2
 **********
 PARAMETER    2  IS CONSTANT.   IGNORED.
 **********
 **   55 **FIX            3
 **********
 **********
 **   56 **FIX            4
 **********
 **********
 **   57 **FIX            5
 **********
 PARAMETER    5  IS CONSTANT.   IGNORED.
 **********
 **   58 **FIX            6
 **********
 **********
 **   59 **FIX            7
 **********
 PARAMETER    7  IS CONSTANT.   IGNORED.
 **********
 **   60 **FIX            8
 **********
 **********
 **   61 **FIX            9
 **********
 **********
 **   62 **FIX           13
 **********
 **********
 **   63 **FIX           14
 **********
 **********
 **   64 **FIX           15
 **********
 PARAMETER   15  IS CONSTANT.   IGNORED.
 **********
 **   65 **FIX           16
 **********
 **********
 **   66 **MIGRAD
 **********
 START MIGRAD MINIMIZATION.  STRATEGY  1.  CONVERGENCE WHEN EDM .LT. 1.00e-04
 FCN=67.603 FROM MIGRAD    STATUS=INITIATE        6 CALLS         292 TOTAL
                     EDM= unknown      STRATEGY= 1      NO ERROR MATRIX       
  EXT PARAMETER               CURRENT GUESS       STEP         FIRST   
  NO.   NAME      VALUE            ERROR          SIZE      DERIVATIVE 
   1  N0           3.41682e+06     fixed    
   2  tau          6.44063e+01   constant   
   3  A0           3.62425e-01     fixed    
   4  phi          4.11944e+00     fixed    
   5  R           -6.04192e+01   constant   
   6  alpha_CBO    2.26813e-03     fixed    
   7  w_CBO        2.32500e+00   constant   
   8  beta_CBO    -2.67188e-03     fixed    
   9  alpha_2CBO   1.54885e-03     fixed    
  10  beta_2CBO    5.31459e-04   1.12721e-03   1.12721e-03  -2.35044e+02
  11  alpha_y      0.00000e+00   1.00000e-03   1.00000e-03  -1.17470e+03
  12  w_y          1.38860e+01   constant   
  13  beta_y       1.23784e-04     fixed    
  14  alpha_vw     0.00000e+00     fixed    
  15  w_vw         1.43404e+01   constant   
  16  beta_vw      0.00000e+00     fixed    
  17  LM           8.43198e-05   constant   
  18  zeta_y       0.00000e+00   constant   
  19  zeta_vw      0.00000e+00   constant   
 MIGRAD MINIMIZATION HAS CONVERGED.
 MIGRAD WILL VERIFY CONVERGENCE AND ERROR MATRIX.
 COVARIANCE MATRIX CALCULATED SUCCESSFULLY
 FCN=67.1564 FROM MIGRAD    STATUS=CONVERGED      26 CALLS         312 TOTAL
                     EDM=2.46229e-09    STRATEGY= 1      ERROR MATRIX ACCURATE 
  EXT PARAMETER                                   STEP         FIRST   
  NO.   NAME      VALUE            ERROR          SIZE      DERIVATIVE 
   1  N0           3.41682e+06     fixed    
   2  tau          6.44063e+01   constant   
   3  A0           3.62425e-01     fixed    
   4  phi          4.11944e+00     fixed    
   5  R           -6.04192e+01   constant   
   6  alpha_CBO    2.26813e-03     fixed    
   7  w_CBO        2.32500e+00   constant   
   8  beta_CBO    -2.67188e-03     fixed    
   9  alpha_2CBO   1.54885e-03     fixed    
  10  beta_2CBO    6.89294e-04   1.12506e-03   4.53489e-06   6.12150e-02
  11  alpha_y      7.28812e-04   1.11256e-03   4.48449e-06  -1.28934e-02
  12  w_y          1.38860e+01   constant   
  13  beta_y       1.23784e-04     fixed    
  14  alpha_vw     0.00000e+00     fixed    
  15  w_vw         1.43404e+01   constant   
  16  beta_vw      0.00000e+00     fixed    
  17  LM           8.43198e-05   constant   
  18  zeta_y       0.00000e+00   constant   
  19  zeta_vw      0.00000e+00   constant   
 EXTERNAL ERROR MATRIX.    NDIM=  25    NPAR=  2    ERR DEF=1
  1.266e-06  1.542e-08 
  1.542e-08  1.238e-06 
 PARAMETER  CORRELATION COEFFICIENTS  
       NO.  GLOBAL     10     11
       10  0.01232   1.000  0.012
       11  0.01232   0.012  1.000
MINUIT - FIT ONLY 2-y
 **********
 **   67 **RES 
 **********
                   PARAMETER   16  beta_vw RESTORED TO VARIABLE.
                   PARAMETER   14  alpha_vw RESTORED TO VARIABLE.
                   PARAMETER   13  beta_y RESTORED TO VARIABLE.
                   PARAMETER    9  alpha_2CBO RESTORED TO VARIABLE.
                   PARAMETER    8  beta_CBO RESTORED TO VARIABLE.
                   PARAMETER    6  alpha_CBO RESTORED TO VARIABLE.
                   PARAMETER    4  phi RESTORED TO VARIABLE.
                   PARAMETER    3  A0 RESTORED TO VARIABLE.
                   PARAMETER    1  N0 RESTORED TO VARIABLE.
 **********
 **   68 **FIX            0
 **********
 PARAMETER    0  IS UNDEFINED. IGNORED.
 **********
 **   69 **FIX            1
 **********
 **********
 **   70 **FIX            2
 **********
 PARAMETER    2  IS CONSTANT.   IGNORED.
 **********
 **   71 **FIX            3
 **********
 **********
 **   72 **FIX            4
 **********
 **********
 **   73 **FIX            5
 **********
 PARAMETER    5  IS CONSTANT.   IGNORED.
 **********
 **   74 **FIX            6
 **********
 **********
 **   75 **FIX            7
 **********
 PARAMETER    7  IS CONSTANT.   IGNORED.
 **********
 **   76 **FIX            8
 **********
 **********
 **   77 **FIX            9
 **********
 **********
 **   78 **FIX           10
 **********
 **********
 **   79 **FIX           11
 **********
 **********
 **   80 **FIX           12
 **********
 PARAMETER   12  IS CONSTANT.   IGNORED.
 **********
 **   81 **FIX           16
 **********
 **********
 **   82 **MIGRAD
 **********
 START MIGRAD MINIMIZATION.  STRATEGY  1.  CONVERGENCE WHEN EDM .LT. 1.00e-04
 FCN=67.1564 FROM MIGRAD    STATUS=INITIATE        6 CALLS         318 TOTAL
                     EDM= unknown      STRATEGY= 1      NO ERROR MATRIX       
  EXT PARAMETER               CURRENT GUESS       STEP         FIRST   
  NO.   NAME      VALUE            ERROR          SIZE      DERIVATIVE 
   1  N0           3.41682e+06     fixed    
   2  tau          6.44063e+01   constant   
   3  A0           3.62425e-01     fixed    
   4  phi          4.11944e+00     fixed    
   5  R           -6.04192e+01   constant   
   6  alpha_CBO    2.26813e-03     fixed    
   7  w_CBO        2.32500e+00   constant   
   8  beta_CBO    -2.67188e-03     fixed    
   9  alpha_2CBO   1.54885e-03     fixed    
  10  beta_2CBO    6.89294e-04     fixed    
  11  alpha_y      7.28812e-04     fixed    
  12  w_y          1.38860e+01   constant   
  13  beta_y       1.23784e-04   1.12341e-03   1.12341e-03  -6.08505e+01
  14  alpha_vw     0.00000e+00   1.00000e-03   1.00000e-03  -1.85445e+03
  15  w_vw         1.43404e+01   constant   
  16  beta_vw      0.00000e+00     fixed    
  17  LM           8.43198e-05   constant   
  18  zeta_y       0.00000e+00   constant   
  19  zeta_vw      0.00000e+00   constant   
 MIGRAD MINIMIZATION HAS CONVERGED.
 MIGRAD WILL VERIFY CONVERGENCE AND ERROR MATRIX.
 COVARIANCE MATRIX CALCULATED SUCCESSFULLY
 FCN=66.0739 FROM MIGRAD    STATUS=CONVERGED      26 CALLS         338 TOTAL
                     EDM=4.16939e-07    STRATEGY= 1      ERROR MATRIX ACCURATE 
  EXT PARAMETER                                   STEP         FIRST   
  NO.   NAME      VALUE            ERROR          SIZE      DERIVATIVE 
   1  N0           3.41682e+06     fixed    
   2  tau          6.44063e+01   constant   
   3  A0           3.62425e-01     fixed    
   4  phi          4.11944e+00     fixed    
   5  R           -6.04192e+01   constant   
   6  alpha_CBO    2.26813e-03     fixed    
   7  w_CBO        2.32500e+00   constant   
   8  beta_CBO    -2.67188e-03     fixed    
   9  alpha_2CBO   1.54885e-03     fixed    
  10  beta_2CBO    6.89294e-04     fixed    
  11  alpha_y      7.28812e-04     fixed    
  12  w_y          1.38860e+01   constant   
  13  beta_y       2.47847e-04   1.12625e-03   4.49160e-06  -8.12341e-01
  14  alpha_vw     1.16335e-03   1.11877e-03   4.46177e-06   2.70133e-02
  15  w_vw         1.43404e+01   constant   
  16  beta_vw      0.00000e+00     fixed    
  17  LM           8.43198e-05   constant   
  18  zeta_y       0.00000e+00   constant   
  19  zeta_vw      0.00000e+00   constant   
 EXTERNAL ERROR MATRIX.    NDIM=  25    NPAR=  2    ERR DEF=1
  1.268e-06  9.273e-08 
  9.273e-08  1.252e-06 
 PARAMETER  CORRELATION COEFFICIENTS  
       NO.  GLOBAL     13     14
       13  0.07360   1.000  0.074
       14  0.07360   0.074  1.000
MINUIT - FIT ALTOGETHER
 **********
 **   83 **RES 
 **********
                   PARAMETER   16  beta_vw RESTORED TO VARIABLE.
                   PARAMETER   11  alpha_y RESTORED TO VARIABLE.
                   PARAMETER   10  beta_2CBO RESTORED TO VARIABLE.
                   PARAMETER    9  alpha_2CBO RESTORED TO VARIABLE.
                   PARAMETER    8  beta_CBO RESTORED TO VARIABLE.
                   PARAMETER    6  alpha_CBO RESTORED TO VARIABLE.
                   PARAMETER    4  phi RESTORED TO VARIABLE.
                   PARAMETER    3  A0 RESTORED TO VARIABLE.
                   PARAMETER    1  N0 RESTORED TO VARIABLE.
 **********
 **   84 **MIGRAD
 **********
 START MIGRAD MINIMIZATION.  STRATEGY  1.  CONVERGENCE WHEN EDM .LT. 1.00e-04
 FCN=66.0739 FROM MIGRAD    STATUS=INITIATE       24 CALLS         362 TOTAL
                     EDM= unknown      STRATEGY= 1      NO ERROR MATRIX       
  EXT PARAMETER               CURRENT GUESS       STEP         FIRST   
  NO.   NAME      VALUE            ERROR          SIZE      DERIVATIVE 
   1  N0           3.41682e+06   2.76973e+03   2.76973e+03  -2.08450e-05
   2  tau          6.44063e+01   constant   
   3  A0           3.62425e-01   1.02518e-03   1.02518e-03   1.91034e+01
   4  phi          4.11944e+00   3.03827e-03   3.03827e-03  -1.46371e+01
   5  R           -6.04192e+01   constant   
   6  alpha_CBO    2.26813e-03   1.15579e-03   1.15579e-03   3.41857e+01
   7  w_CBO        2.32500e+00   constant   
   8  beta_CBO    -2.67188e-03   1.13570e-03   1.13570e-03   4.81539e+01
   9  alpha_2CBO   1.54885e-03   1.11366e-03   1.11366e-03   1.23797e+01
  10  beta_2CBO    6.89294e-04   1.12506e-03   1.12506e-03  -1.75956e+01
  11  alpha_y      7.28812e-04   1.11256e-03   1.11256e-03  -6.02646e+02
  12  w_y          1.38860e+01   constant   
  13  beta_y       2.47847e-04   1.12625e-03   4.49160e-06  -8.12341e-01
  14  alpha_vw     1.16335e-03   1.11877e-03   4.46177e-06   2.70132e-02
  15  w_vw         1.43404e+01   constant   
  16  beta_vw      0.00000e+00   1.00000e-03   1.00000e-03  -1.63258e+03
  17  LM           8.43198e-05   constant   
  18  zeta_y       0.00000e+00   constant   
  19  zeta_vw      0.00000e+00   constant   
 MIGRAD MINIMIZATION HAS CONVERGED.
 MIGRAD WILL VERIFY CONVERGENCE AND ERROR MATRIX.
 COVARIANCE MATRIX CALCULATED SUCCESSFULLY
 FCN=65.0221 FROM MIGRAD    STATUS=CONVERGED     218 CALLS         556 TOTAL
                     EDM=1.25105e-06    STRATEGY= 1      ERROR MATRIX ACCURATE 
  EXT PARAMETER                                   STEP         FIRST   
  NO.   NAME      VALUE            ERROR          SIZE      DERIVATIVE 
   1  N0           3.41696e+06   2.77286e+03   9.71151e+00   1.42083e-07
   2  tau          6.44063e+01   constant   
   3  A0           3.62404e-01   1.02645e-03   3.90118e-06   2.64063e-01
   4  phi          4.11954e+00   3.03935e-03   1.16732e-05  -1.99484e-02
   5  R           -6.04192e+01   constant   
   6  alpha_CBO    2.20514e-03   1.15698e-03   4.48326e-06   8.85434e-03
   7  w_CBO        2.32500e+00   constant   
   8  beta_CBO    -2.73418e-03   1.13768e-03   4.38831e-06   4.49760e-02
   9  alpha_2CBO   1.54323e-03   1.11390e-03   4.40740e-06   3.28521e-01
  10  beta_2CBO    7.29587e-04   1.12907e-03   4.46317e-06  -1.04614e-01
  11  alpha_y      1.09387e-03   1.17744e-03   4.41351e-06   2.39093e-01
  12  w_y          1.38860e+01   constant   
  13  beta_y       6.58916e-04   1.19951e-03   4.45604e-06   1.44487e-01
  14  alpha_vw     1.30971e-03   1.18253e-03   4.42644e-06  -1.01101e+00
  15  w_vw         1.43404e+01   constant   
  16  beta_vw      1.14737e-03   1.19420e-03   4.44286e-06   7.07554e-01
  17  LM           8.43198e-05   constant   
  18  zeta_y       0.00000e+00   constant   
  19  zeta_vw      0.00000e+00   constant   
 EXTERNAL ERROR MATRIX.    NDIM=  25    NPAR= 11    ERR DEF=1
  7.689e+06 
  5.266e-01  1.054e-06 
 -7.472e-01  1.830e-07  9.238e-06 
 -1.021e-01  3.044e-08 -6.849e-07  1.339e-06 
  1.113e-01  2.448e-07  3.120e-07  2.945e-08  1.294e-06 
  8.209e-02  2.686e-09  1.429e-07 -5.685e-08 -3.686e-08  1.241e-06 
  1.111e-01 -5.186e-08  3.509e-08 -3.868e-08 -6.515e-08  1.548e-08  1.275e-06 
  4.928e-02  8.057e-09  6.804e-08 -1.525e-08 -2.131e-08 -1.998e-08  2.278e-08  1.386e-06 
  6.223e-02 -2.130e-08  1.147e-08 -2.967e-08 -2.494e-08  4.742e-09  1.267e-08  2.925e-08  1.439e-06 
  5.575e-02 -7.875e-09  5.346e-08 -2.850e-08 -2.355e-08  3.425e-10  2.257e-08  4.484e-07  1.145e-07  1.398e-06 
  7.135e-02 -1.574e-08  2.490e-08 -3.493e-08 -3.058e-08  4.910e-09  2.238e-08 -6.700e-08  4.891e-07  1.169e-08  1.426e-06 
 PARAMETER  CORRELATION COEFFICIENTS  
       NO.  GLOBAL      1      3      4      6      8      9     10     11     13     14     16
        1  0.22656   1.000  0.185 -0.089 -0.032  0.035  0.027  0.036  0.015  0.019  0.017  0.022
        3  0.28693   0.185  1.000  0.059  0.026  0.210  0.002 -0.045  0.007 -0.017 -0.006 -0.013
        4  0.25078  -0.089  0.059  1.000 -0.195  0.090  0.042  0.010  0.019  0.003  0.015  0.007
        6  0.21468  -0.032  0.026 -0.195  1.000  0.022 -0.044 -0.030 -0.011 -0.021 -0.021 -0.025
        8  0.23410   0.035  0.210  0.090  0.022  1.000 -0.029 -0.051 -0.016 -0.018 -0.018 -0.023
        9  0.07362   0.027  0.002  0.042 -0.044 -0.029  1.000  0.012 -0.015  0.004  0.000  0.004
       10  0.08544   0.036 -0.045  0.010 -0.030 -0.051  0.012  1.000  0.017  0.009  0.017  0.017
       11  0.32771   0.015  0.007  0.019 -0.011 -0.016 -0.015  0.017  1.000  0.021  0.322 -0.048
       13  0.35110   0.019 -0.017  0.003 -0.021 -0.018  0.004  0.009  0.021  1.000  0.081  0.341
       14  0.33146   0.017 -0.006  0.015 -0.021 -0.018  0.000  0.017  0.322  0.081  1.000  0.008
       16  0.34742   0.022 -0.013  0.007 -0.025 -0.023  0.004  0.017 -0.048  0.341  0.008  1.000
MINUIT - MINOS
 **********
 **   85 **RES 
 **********
 CALL TO MNFREE IGNORED.  THERE ARE NO FIXED PARAMETERS
 **********
 **   86 **MIG      2.5e+04        0.01
 **********
 START MIGRAD MINIMIZATION.  STRATEGY  1.  CONVERGENCE WHEN EDM .LT. 1.00e-05
 FCN=65.0221 FROM MIGRAD    STATUS=INITIATE       22 CALLS         578 TOTAL
                     EDM=6.25526e-07    STRATEGY= 1      ERROR MATRIX ACCURATE 
  EXT PARAMETER                                   STEP         FIRST   
  NO.   NAME      VALUE            ERROR          SIZE      DERIVATIVE 
   1  N0           3.41696e+06   2.77286e+03   9.71151e+00   1.42083e-07
   2  tau          6.44063e+01   constant   
   3  A0           3.62404e-01   1.02645e-03   3.90118e-06   2.64063e-01
   4  phi          4.11954e+00   3.03935e-03   1.16732e-05  -1.99473e-02
   5  R           -6.04192e+01   constant   
   6  alpha_CBO    2.20514e-03   1.15698e-03   4.48326e-06   8.85438e-03
   7  w_CBO        2.32500e+00   constant   
   8  beta_CBO    -2.73418e-03   1.13768e-03   4.38831e-06   4.49758e-02
   9  alpha_2CBO   1.54323e-03   1.11390e-03   4.40740e-06   3.28521e-01
  10  beta_2CBO    7.29587e-04   1.12907e-03   4.46317e-06  -1.04614e-01
  11  alpha_y      1.09387e-03   1.17744e-03   4.41351e-06   2.39093e-01
  12  w_y          1.38860e+01   constant   
  13  beta_y       6.58916e-04   1.19951e-03   4.45604e-06   1.44487e-01
  14  alpha_vw     1.30971e-03   1.18253e-03   4.42644e-06  -1.01101e+00
  15  w_vw         1.43404e+01   constant   
  16  beta_vw      1.14737e-03   1.19420e-03   4.44286e-06   7.07554e-01
  17  LM           8.43198e-05   constant   
  18  zeta_y       0.00000e+00   constant   
  19  zeta_vw      0.00000e+00   constant   
 MIGRAD MINIMIZATION HAS CONVERGED.
 FCN=65.0221 FROM MIGRAD    STATUS=CONVERGED      45 CALLS         601 TOTAL
                     EDM=9.61087e-18    STRATEGY= 1  ERROR MATRIX UNCERTAINTY   0.0 per cent
  EXT PARAMETER                                   STEP         FIRST   
  NO.   NAME      VALUE            ERROR          SIZE      DERIVATIVE 
   1  N0           3.41696e+06   2.77286e+03  -6.40370e-01   1.03894e-12
   2  tau          6.44063e+01   constant   
   3  A0           3.62404e-01   1.02645e-03  -1.81324e-07   4.66266e-07
   4  phi          4.11954e+00   3.03935e-03   1.04680e-07   1.37383e-06
   5  R           -6.04192e+01   constant   
   6  alpha_CBO    2.20514e-03   1.15698e-03  -9.56785e-10   1.23938e-06
   7  w_CBO        2.32500e+00   constant   
   8  beta_CBO    -2.73424e-03   1.13768e-03  -6.04450e-08   1.08970e-06
   9  alpha_2CBO   1.54303e-03   1.11390e-03  -2.06200e-07   9.81805e-07
  10  beta_2CBO    7.29652e-04   1.12907e-03   6.49284e-08   9.07447e-07
  11  alpha_y      1.09395e-03   1.17744e-03   8.36334e-08   1.21871e-06
  12  w_y          1.38860e+01   constant   
  13  beta_y       6.58692e-04   1.19951e-03  -2.23525e-07   9.90222e-07
  14  alpha_vw     1.31035e-03   1.18253e-03   6.40268e-07   6.75800e-07
  15  w_vw         1.43404e+01   constant   
  16  beta_vw      1.14684e-03   1.19421e-03  -5.27481e-07   1.20427e-06
  17  LM           8.43198e-05   constant   
  18  zeta_y       0.00000e+00   constant   
  19  zeta_vw      0.00000e+00   constant   
 EXTERNAL ERROR MATRIX.    NDIM=  25    NPAR= 11    ERR DEF=1
  7.689e+06 
  5.266e-01  1.054e-06 
 -7.472e-01  1.830e-07  9.238e-06 
 -1.021e-01  3.044e-08 -6.849e-07  1.339e-06 
  1.113e-01  2.448e-07  3.120e-07  2.945e-08  1.294e-06 
  8.209e-02  2.686e-09  1.429e-07 -5.685e-08 -3.686e-08  1.241e-06 
  1.111e-01 -5.186e-08  3.509e-08 -3.868e-08 -6.515e-08  1.548e-08  1.275e-06 
  4.928e-02  8.058e-09  6.803e-08 -1.525e-08 -2.131e-08 -1.998e-08  2.278e-08  1.386e-06 
  6.223e-02 -2.130e-08  1.148e-08 -2.967e-08 -2.494e-08  4.742e-09  1.267e-08  2.925e-08  1.439e-06 
  5.575e-02 -7.876e-09  5.345e-08 -2.850e-08 -2.355e-08  3.422e-10  2.257e-08  4.484e-07  1.145e-07  1.398e-06 
  7.135e-02 -1.574e-08  2.490e-08 -3.492e-08 -3.058e-08  4.911e-09  2.238e-08 -6.700e-08  4.891e-07  1.169e-08  1.426e-06 
 PARAMETER  CORRELATION COEFFICIENTS  
       NO.  GLOBAL      1      3      4      6      8      9     10     11     13     14     16
        1  0.22656   1.000  0.185 -0.089 -0.032  0.035  0.027  0.036  0.015  0.019  0.017  0.022
        3  0.28693   0.185  1.000  0.059  0.026  0.210  0.002 -0.045  0.007 -0.017 -0.006 -0.013
        4  0.25078  -0.089  0.059  1.000 -0.195  0.090  0.042  0.010  0.019  0.003  0.015  0.007
        6  0.21468  -0.032  0.026 -0.195  1.000  0.022 -0.044 -0.030 -0.011 -0.021 -0.021 -0.025
        8  0.23410   0.035  0.210  0.090  0.022  1.000 -0.029 -0.051 -0.016 -0.018 -0.018 -0.023
        9  0.07362   0.027  0.002  0.042 -0.044 -0.029  1.000  0.012 -0.015  0.004  0.000  0.004
       10  0.08544   0.036 -0.045  0.010 -0.030 -0.051  0.012  1.000  0.017  0.009  0.017  0.017
       11  0.32771   0.015  0.007  0.019 -0.011 -0.016 -0.015  0.017  1.000  0.021  0.322 -0.048
       13  0.35110   0.019 -0.017  0.003 -0.021 -0.018  0.004  0.009  0.021  1.000  0.081  0.341
       14  0.33146   0.017 -0.006  0.015 -0.021 -0.018  0.000  0.017  0.322  0.081  1.000  0.008
       16  0.34742   0.022 -0.013  0.007 -0.025 -0.023  0.004  0.017 -0.048  0.341  0.008  1.000
 **********
 **   87 **MINO      2.5e+04
 **********
 FCN=65.0221 FROM MINOS     STATUS=SUCCESSFUL    924 CALLS        1525 TOTAL
                     EDM=9.61087e-18    STRATEGY= 1  ERROR MATRIX UNCERTAINTY   0.0 per cent
  EXT PARAMETER                  PARABOLIC         MINOS ERRORS        
  NO.   NAME      VALUE            ERROR      NEGATIVE      POSITIVE   
   1  N0           3.41696e+06   2.77286e+03  -2.77286e+03   2.77286e+03
   2  tau          6.44063e+01   constant   
   3  A0           3.62404e-01   1.02645e-03  -1.02661e-03   1.02629e-03
   4  phi          4.11954e+00   3.03935e-03  -3.03966e-03   3.03905e-03
   5  R           -6.04192e+01   constant   
   6  alpha_CBO    2.20514e-03   1.15698e-03  -1.15693e-03   1.15702e-03
   7  w_CBO        2.32500e+00   constant   
   8  beta_CBO    -2.73424e-03   1.13768e-03  -1.13770e-03   1.13767e-03
   9  alpha_2CBO   1.54303e-03   1.11390e-03  -1.11393e-03   1.11388e-03
  10  beta_2CBO    7.29652e-04   1.12907e-03  -1.12911e-03   1.12903e-03
  11  alpha_y      1.09395e-03   1.17744e-03  -1.17746e-03   1.17743e-03
  12  w_y          1.38860e+01   constant   
  13  beta_y       6.58692e-04   1.19951e-03  -1.19953e-03   1.19949e-03
  14  alpha_vw     1.31035e-03   1.18253e-03  -1.18255e-03   1.18251e-03
  15  w_vw         1.43404e+01   constant   
  16  beta_vw      1.14684e-03   1.19421e-03  -1.19423e-03   1.19418e-03
  17  LM           8.43198e-05   constant   
  18  zeta_y       0.00000e+00   constant   
  19  zeta_vw      0.00000e+00   constant   
 **********
 **   88 **SHO COR 
 **********
 PARAMETER  CORRELATION COEFFICIENTS  
       NO.  GLOBAL      1      3      4      6      8      9     10     11     13     14     16
        1  0.22656   1.000  0.185 -0.089 -0.032  0.035  0.027  0.036  0.015  0.019  0.017  0.022
        3  0.28693   0.185  1.000  0.059  0.026  0.210  0.002 -0.045  0.007 -0.017 -0.006 -0.013
        4  0.25078  -0.089  0.059  1.000 -0.195  0.090  0.042  0.010  0.019  0.003  0.015  0.007
        6  0.21468  -0.032  0.026 -0.195  1.000  0.022 -0.044 -0.030 -0.011 -0.021 -0.021 -0.025
        8  0.23410   0.035  0.210  0.090  0.022  1.000 -0.029 -0.051 -0.016 -0.018 -0.018 -0.023
        9  0.07362   0.027  0.002  0.042 -0.044 -0.029  1.000  0.012 -0.015  0.004  0.000  0.004
       10  0.08544   0.036 -0.045  0.010 -0.030 -0.051  0.012  1.000  0.017  0.009  0.017  0.017
       11  0.32771   0.015  0.007  0.019 -0.011 -0.016 -0.015  0.017  1.000  0.021  0.322 -0.048
       13  0.35110   0.019 -0.017  0.003 -0.021 -0.018  0.004  0.009  0.021  1.000  0.081  0.341
       14  0.33146   0.017 -0.006  0.015 -0.021 -0.018  0.000  0.017  0.322  0.081  1.000  0.008
       16  0.34742   0.022 -0.013  0.007 -0.025 -0.023  0.004  0.017 -0.048  0.341  0.008  1.000
