 + ++++++++++++++++++++++++++++++++++++++++++++++++++++++++++++++++++++ +
 +                                                                      +
 +           You have chose to blind your fitting according to          +
 +                omega_ref * (1 + (R +/- deltaR) *10^{-6})             +
 +                                                                      +
 + ++++++++++++++++++++++++++++++++++++++++++++++++++++++++++++++++++++ +
In main()...
reading format from /gm2data/zkhechad/run45/envelope/formats/formatB_sBin_constraintOn.txt
pBinTau 	= 0  
pBinPhi 	= 0  
constraintau 	= 1 
includeMopTerm 	= 0    
constrainMop    = 0   
Parameters after format file: pBinTau 0 pBinPhi 0 constraintau 1 includeMopTerm 0 constrainMop 0 c_e_scale 0.000000 
Opening file /gm2data/tbarrett/gm2fr/studies/run23_bunch_corrections/CorrectedFourier_Run3b.root.
reading full fit data from /gm2data/zkhechad/cboTemplates/Run4CBOTemplates/fullFits/noRF/sBin_constraintOn_cE0.0_seed0_noRF_calo8.root
deltaT 164.120000
windowBins = 240
fitting sliding window 2600 from bin 2803 at 418.207600 to bin 3043 at 454.015600 (240 bins)

Reading data from /gm2data/cornell/histograms/aMethod/histogram_a_noRF.root
 **********
 **    1 **SET PRINTOUT            1
 **********
 **********
 **    2 **SET NOWARNINGS 
 **********
 PARAMETER DEFINITIONS:
    NO.   NAME         VALUE      STEP SIZE      LIMITS
     1 N0           2.93784e+06  1.00000e+02     no limits
     2 tau          6.44057e+01  constant
     3 A0           3.52928e-01  1.00000e-04     no limits
     4 phi          4.11508e+00  1.00000e-02     no limits
     5 R           -6.11811e+01  constant
     6 alpha_CBO    0.00000e+00  1.00000e-03     no limits
     7 w_CBO        2.32660e+00  constant
     8 beta_CBO     0.00000e+00  1.00000e-03     no limits
     9 alpha_2CBO   0.00000e+00  1.00000e-03     no limits
    10 beta_2CBO    0.00000e+00  1.00000e-03     no limits
    11 alpha_y      0.00000e+00  1.00000e-03     no limits
    12 w_y          1.44500e+01  constant
    13 beta_y       0.00000e+00  1.00000e-03     no limits
    14 alpha_vw     0.00000e+00  1.00000e-03     no limits
    15 w_vw         1.29000e+01  constant
    16 beta_vw      0.00000e+00  1.00000e-03     no limits
    17 LM           1.69497e-04  constant
MINUIT - FIT ONLY WIGGLE
 **********
 **    3 **FIX            5
 **********
 PARAMETER    5  IS CONSTANT.   IGNORED.
 **********
 **    4 **FIX            6
 **********
 **********
 **    5 **FIX            7
 **********
 PARAMETER    7  IS CONSTANT.   IGNORED.
 **********
 **    6 **FIX            8
 **********
 **********
 **    7 **FIX            9
 **********
 **********
 **    8 **FIX           10
 **********
 **********
 **    9 **FIX           11
 **********
 **********
 **   10 **FIX           12
 **********
 PARAMETER   12  IS CONSTANT.   IGNORED.
 **********
 **   11 **FIX           13
 **********
 **********
 **   12 **FIX           14
 **********
 **********
 **   13 **FIX           15
 **********
 PARAMETER   15  IS CONSTANT.   IGNORED.
 **********
 **   14 **FIX           16
 **********
 **********
 **   15 **MIGRAD
 **********
 FIRST CALL TO USER FUNCTION AT NEW START POINT, WITH IFLAG=4.
 START MIGRAD MINIMIZATION.  STRATEGY  1.  CONVERGENCE WHEN EDM .LT. 1.00e-04
 FCN=215.686 FROM MIGRAD    STATUS=INITIATE       12 CALLS          13 TOTAL
                     EDM= unknown      STRATEGY= 1      NO ERROR MATRIX       
  EXT PARAMETER               CURRENT GUESS       STEP         FIRST   
  NO.   NAME      VALUE            ERROR          SIZE      DERIVATIVE 
   1  N0           2.93784e+06   1.00000e+02   1.00000e+02   2.37266e-03
   2  tau          6.44057e+01   constant   
   3  A0           3.52928e-01   1.00000e-04   1.00000e-04  -2.90898e+03
   4  phi          4.11508e+00   1.00000e-02   1.00000e-02   1.75102e+03
   5  R           -6.11811e+01   constant   
   6  alpha_CBO    0.00000e+00     fixed    
   7  w_CBO        2.32660e+00   constant   
   8  beta_CBO     0.00000e+00     fixed    
   9  alpha_2CBO   0.00000e+00     fixed    
  10  beta_2CBO    0.00000e+00     fixed    
  11  alpha_y      0.00000e+00     fixed    
  12  w_y          1.44500e+01   constant   
  13  beta_y       0.00000e+00     fixed    
  14  alpha_vw     0.00000e+00     fixed    
  15  w_vw         1.29000e+01   constant   
  16  beta_vw      0.00000e+00     fixed    
  17  LM           1.69497e-04   constant   
 MIGRAD MINIMIZATION HAS CONVERGED.
 MIGRAD WILL VERIFY CONVERGENCE AND ERROR MATRIX.
 COVARIANCE MATRIX CALCULATED SUCCESSFULLY
 FCN=204.527 FROM MIGRAD    STATUS=CONVERGED      43 CALLS          44 TOTAL
                     EDM=3.58114e-06    STRATEGY= 1      ERROR MATRIX ACCURATE 
  EXT PARAMETER                                   STEP         FIRST   
  NO.   NAME      VALUE            ERROR          SIZE      DERIVATIVE 
   1  N0           2.93370e+06   1.94136e+03   1.28500e+01   7.52984e-07
   2  tau          6.44057e+01   constant   
   3  A0           3.53903e-01   8.71370e-04   6.08463e-06  -1.20957e+00
   4  phi          4.10956e+00   2.55298e-03   1.78597e-05  -7.78866e-01
   5  R           -6.11811e+01   constant   
   6  alpha_CBO    0.00000e+00     fixed    
   7  w_CBO        2.32660e+00   constant   
   8  beta_CBO     0.00000e+00     fixed    
   9  alpha_2CBO   0.00000e+00     fixed    
  10  beta_2CBO    0.00000e+00     fixed    
  11  alpha_y      0.00000e+00     fixed    
  12  w_y          1.44500e+01   constant   
  13  beta_y       0.00000e+00     fixed    
  14  alpha_vw     0.00000e+00     fixed    
  15  w_vw         1.29000e+01   constant   
  16  beta_vw      0.00000e+00     fixed    
  17  LM           1.69497e-04   constant   
 EXTERNAL ERROR MATRIX.    NDIM=  25    NPAR=  3    ERR DEF=1
  3.769e+06  1.190e-01 -1.690e-01 
  1.190e-01  7.593e-07 -1.105e-08 
 -1.690e-01 -1.105e-08  6.518e-06 
 PARAMETER  CORRELATION COEFFICIENTS  
       NO.  GLOBAL      1      3      4
        1  0.07802   1.000  0.070 -0.034
        3  0.07039   0.070  1.000 -0.005
        4  0.03419  -0.034 -0.005  1.000
MINUIT - FIT ONLY 1-CBO + wiggle
 **********
 **   16 **RES 
 **********
                   PARAMETER   16  beta_vw RESTORED TO VARIABLE.
                   PARAMETER   14  alpha_vw RESTORED TO VARIABLE.
                   PARAMETER   13  beta_y RESTORED TO VARIABLE.
                   PARAMETER   11  alpha_y RESTORED TO VARIABLE.
                   PARAMETER   10  beta_2CBO RESTORED TO VARIABLE.
                   PARAMETER    9  alpha_2CBO RESTORED TO VARIABLE.
                   PARAMETER    8  beta_CBO RESTORED TO VARIABLE.
                   PARAMETER    6  alpha_CBO RESTORED TO VARIABLE.
 **********
 **   17 **FIX            8
 **********
 **********
 **   18 **FIX            9
 **********
 **********
 **   19 **FIX           11
 **********
 **********
 **   20 **FIX           12
 **********
 PARAMETER   12  IS CONSTANT.   IGNORED.
 **********
 **   21 **FIX           14
 **********
 **********
 **   22 **FIX           15
 **********
 PARAMETER   15  IS CONSTANT.   IGNORED.
 **********
 **   23 **FIX           16
 **********
 **********
 **   24 **MIGRAD
 **********
 START MIGRAD MINIMIZATION.  STRATEGY  1.  CONVERGENCE WHEN EDM .LT. 1.00e-04
 FCN=204.527 FROM MIGRAD    STATUS=INITIATE       18 CALLS          62 TOTAL
                     EDM= unknown      STRATEGY= 1      NO ERROR MATRIX       
  EXT PARAMETER               CURRENT GUESS       STEP         FIRST   
  NO.   NAME      VALUE            ERROR          SIZE      DERIVATIVE 
   1  N0           2.93370e+06   1.94136e+03   1.28500e+01   7.52984e-07
   2  tau          6.44057e+01   constant   
   3  A0           3.53903e-01   8.71370e-04   6.08463e-06  -1.20957e+00
   4  phi          4.10956e+00   2.55298e-03   1.78597e-05  -7.78866e-01
   5  R           -6.11811e+01   constant   
   6  alpha_CBO    0.00000e+00   1.00000e-03   1.00000e-03  -5.41335e+03
   7  w_CBO        2.32660e+00   constant   
   8  beta_CBO     0.00000e+00     fixed    
   9  alpha_2CBO   0.00000e+00     fixed    
  10  beta_2CBO    0.00000e+00   1.00000e-03   1.00000e-03   1.80704e+02
  11  alpha_y      0.00000e+00     fixed    
  12  w_y          1.44500e+01   constant   
  13  beta_y       0.00000e+00   1.00000e-03   1.00000e-03   1.38653e+03
  14  alpha_vw     0.00000e+00     fixed    
  15  w_vw         1.29000e+01   constant   
  16  beta_vw      0.00000e+00     fixed    
  17  LM           1.69497e-04   constant   
 MIGRAD MINIMIZATION HAS CONVERGED.
 MIGRAD WILL VERIFY CONVERGENCE AND ERROR MATRIX.
 COVARIANCE MATRIX CALCULATED SUCCESSFULLY
 FCN=197.769 FROM MIGRAD    STATUS=CONVERGED      97 CALLS         141 TOTAL
                     EDM=2.61453e-07    STRATEGY= 1      ERROR MATRIX ACCURATE 
  EXT PARAMETER                                   STEP         FIRST   
  NO.   NAME      VALUE            ERROR          SIZE      DERIVATIVE 
   1  N0           2.93356e+06   1.94232e+03   1.26364e+01   2.89373e-07
   2  tau          6.44057e+01   constant   
   3  A0           3.53849e-01   8.71746e-04   5.98419e-06  -8.16683e-02
   4  phi          4.10937e+00   2.55454e-03   1.75665e-05  -1.57541e-01
   5  R           -6.11811e+01   constant   
   6  alpha_CBO    2.34129e-03   9.30472e-04   6.39839e-06  -2.00617e-02
   7  w_CBO        2.32660e+00   constant   
   8  beta_CBO     0.00000e+00     fixed    
   9  alpha_2CBO   0.00000e+00     fixed    
  10  beta_2CBO   -5.67810e-05   9.31878e-04   6.41300e-06   1.85079e-01
  11  alpha_y      0.00000e+00     fixed    
  12  w_y          1.44500e+01   constant   
  13  beta_y      -5.99751e-04   9.33621e-04   6.42684e-06   9.55304e-04
  14  alpha_vw     0.00000e+00     fixed    
  15  w_vw         1.29000e+01   constant   
  16  beta_vw      0.00000e+00     fixed    
  17  LM           1.69497e-04   constant   
 EXTERNAL ERROR MATRIX.    NDIM=  25    NPAR=  6    ERR DEF=1
  3.773e+06  1.204e-01 -1.640e-01 -5.174e-02  2.785e-02  8.485e-03 
  1.204e-01  7.599e-07 -9.148e-09 -1.902e-08  9.320e-09  2.338e-09 
 -1.640e-01 -9.148e-09  6.526e-06 -6.574e-08  3.296e-08  1.339e-08 
 -5.174e-02 -1.902e-08 -6.574e-08  8.658e-07  7.169e-09  1.564e-09 
  2.785e-02  9.320e-09  3.296e-08  7.169e-09  8.684e-07 -3.059e-09 
  8.485e-03  2.338e-09  1.339e-08  1.564e-09 -3.059e-09  8.716e-07 
 PARAMETER  CORRELATION COEFFICIENTS  
       NO.  GLOBAL      1      3      4      6     10     13
        1  0.08464   1.000  0.071 -0.033 -0.029  0.015  0.005
        3  0.07511   0.071  1.000 -0.004 -0.023  0.011  0.003
        4  0.04654  -0.033 -0.004  1.000 -0.028  0.014  0.006
        6  0.04684  -0.029 -0.023 -0.028  1.000  0.008  0.002
       10  0.02556   0.015  0.011  0.014  0.008  1.000 -0.004
       13  0.00896   0.005  0.003  0.006  0.002 -0.004  1.000
MINUIT - FIT ONLY 2-CBO
 **********
 **   25 **RES 
 **********
                   PARAMETER   16  beta_vw RESTORED TO VARIABLE.
                   PARAMETER   14  alpha_vw RESTORED TO VARIABLE.
                   PARAMETER   11  alpha_y RESTORED TO VARIABLE.
                   PARAMETER    9  alpha_2CBO RESTORED TO VARIABLE.
                   PARAMETER    8  beta_CBO RESTORED TO VARIABLE.
 **********
 **   26 **FIX            0
 **********
 PARAMETER    0  IS UNDEFINED. IGNORED.
 **********
 **   27 **FIX            1
 **********
 **********
 **   28 **FIX            2
 **********
 PARAMETER    2  IS CONSTANT.   IGNORED.
 **********
 **   29 **FIX            3
 **********
 **********
 **   30 **FIX            4
 **********
 **********
 **   31 **FIX            5
 **********
 PARAMETER    5  IS CONSTANT.   IGNORED.
 **********
 **   32 **FIX            6
 **********
 **********
 **   33 **FIX            7
 **********
 PARAMETER    7  IS CONSTANT.   IGNORED.
 **********
 **   34 **FIX           10
 **********
 **********
 **   35 **FIX           11
 **********
 **********
 **   36 **FIX           12
 **********
 PARAMETER   12  IS CONSTANT.   IGNORED.
 **********
 **   37 **FIX           13
 **********
 **********
 **   38 **FIX           14
 **********
 **********
 **   39 **FIX           15
 **********
 PARAMETER   15  IS CONSTANT.   IGNORED.
 **********
 **   40 **FIX           16
 **********
 **********
 **   41 **MIGRAD
 **********
 START MIGRAD MINIMIZATION.  STRATEGY  1.  CONVERGENCE WHEN EDM .LT. 1.00e-04
 FCN=197.769 FROM MIGRAD    STATUS=INITIATE        8 CALLS         149 TOTAL
                     EDM= unknown      STRATEGY= 1      NO ERROR MATRIX       
  EXT PARAMETER               CURRENT GUESS       STEP         FIRST   
  NO.   NAME      VALUE            ERROR          SIZE      DERIVATIVE 
   1  N0           2.93356e+06     fixed    
   2  tau          6.44057e+01   constant   
   3  A0           3.53849e-01     fixed    
   4  phi          4.10937e+00     fixed    
   5  R           -6.11811e+01   constant   
   6  alpha_CBO    2.34129e-03     fixed    
   7  w_CBO        2.32660e+00   constant   
   8  beta_CBO     0.00000e+00   1.00000e-03   1.00000e-03   4.57157e+03
   9  alpha_2CBO   0.00000e+00   1.00000e-03   1.00000e-03  -1.68863e+03
  10  beta_2CBO   -5.67810e-05     fixed    
  11  alpha_y      0.00000e+00     fixed    
  12  w_y          1.44500e+01   constant   
  13  beta_y      -5.99751e-04     fixed    
  14  alpha_vw     0.00000e+00     fixed    
  15  w_vw         1.29000e+01   constant   
  16  beta_vw      0.00000e+00     fixed    
  17  LM           1.69497e-04   constant   
 MIGRAD MINIMIZATION HAS CONVERGED.
 MIGRAD WILL VERIFY CONVERGENCE AND ERROR MATRIX.
 COVARIANCE MATRIX CALCULATED SUCCESSFULLY
 FCN=192.576 FROM MIGRAD    STATUS=CONVERGED      28 CALLS         169 TOTAL
                     EDM=7.2198e-10    STRATEGY= 1      ERROR MATRIX ACCURATE 
  EXT PARAMETER                                   STEP         FIRST   
  NO.   NAME      VALUE            ERROR          SIZE      DERIVATIVE 
   1  N0           2.93356e+06     fixed    
   2  tau          6.44057e+01   constant   
   3  A0           3.53849e-01     fixed    
   4  phi          4.10937e+00     fixed    
   5  R           -6.11811e+01   constant   
   6  alpha_CBO    2.34129e-03     fixed    
   7  w_CBO        2.32660e+00   constant   
   8  beta_CBO    -2.00242e-03   9.36676e-04   6.36329e-06   1.40093e-02
   9  alpha_2CBO   7.29183e-04   9.34518e-04   6.34863e-06   3.81032e-02
  10  beta_2CBO   -5.67810e-05     fixed    
  11  alpha_y      0.00000e+00     fixed    
  12  w_y          1.44500e+01   constant   
  13  beta_y      -5.99751e-04     fixed    
  14  alpha_vw     0.00000e+00     fixed    
  15  w_vw         1.29000e+01   constant   
  16  beta_vw      0.00000e+00     fixed    
  17  LM           1.69497e-04   constant   
 EXTERNAL ERROR MATRIX.    NDIM=  25    NPAR=  2    ERR DEF=1
  8.774e-07  3.584e-09 
  3.584e-09  8.733e-07 
 PARAMETER  CORRELATION COEFFICIENTS  
       NO.  GLOBAL      8      9
        8  0.00409   1.000  0.004
        9  0.00409   0.004  1.000
MINUIT - FIT wiggle + 1-CBO + 2-CBO
 **********
 **   42 **RES 
 **********
                   PARAMETER   16  beta_vw RESTORED TO VARIABLE.
                   PARAMETER   14  alpha_vw RESTORED TO VARIABLE.
                   PARAMETER   13  beta_y RESTORED TO VARIABLE.
                   PARAMETER   11  alpha_y RESTORED TO VARIABLE.
                   PARAMETER   10  beta_2CBO RESTORED TO VARIABLE.
                   PARAMETER    6  alpha_CBO RESTORED TO VARIABLE.
                   PARAMETER    4  phi RESTORED TO VARIABLE.
                   PARAMETER    3  A0 RESTORED TO VARIABLE.
                   PARAMETER    1  N0 RESTORED TO VARIABLE.
 **********
 **   43 **FIX           10
 **********
 **********
 **   44 **FIX           11
 **********
 **********
 **   45 **FIX           12
 **********
 PARAMETER   12  IS CONSTANT.   IGNORED.
 **********
 **   46 **FIX           13
 **********
 **********
 **   47 **FIX           14
 **********
 **********
 **   48 **FIX           15
 **********
 PARAMETER   15  IS CONSTANT.   IGNORED.
 **********
 **   49 **FIX           16
 **********
 **********
 **   50 **MIGRAD
 **********
 START MIGRAD MINIMIZATION.  STRATEGY  1.  CONVERGENCE WHEN EDM .LT. 1.00e-04
 FCN=192.576 FROM MIGRAD    STATUS=INITIATE       12 CALLS         181 TOTAL
                     EDM= unknown      STRATEGY= 1      NO ERROR MATRIX       
  EXT PARAMETER               CURRENT GUESS       STEP         FIRST   
  NO.   NAME      VALUE            ERROR          SIZE      DERIVATIVE 
   1  N0           2.93356e+06   1.94232e+03   1.94232e+03   1.75652e-05
   2  tau          6.44057e+01   constant   
   3  A0           3.53849e-01   8.71746e-04   8.71746e-04   1.89147e+01
   4  phi          4.10937e+00   2.55454e-03   2.55454e-03   3.60135e+00
   5  R           -6.11811e+01   constant   
   6  alpha_CBO    2.34129e-03   9.30472e-04   9.30472e-04   7.75961e+01
   7  w_CBO        2.32660e+00   constant   
   8  beta_CBO    -2.00242e-03   9.36676e-04   6.36329e-06   1.40096e-02
   9  alpha_2CBO   7.29183e-04   9.34518e-04   6.34863e-06   3.81030e-02
  10  beta_2CBO   -5.67810e-05     fixed    
  11  alpha_y      0.00000e+00     fixed    
  12  w_y          1.44500e+01   constant   
  13  beta_y      -5.99751e-04     fixed    
  14  alpha_vw     0.00000e+00     fixed    
  15  w_vw         1.29000e+01   constant   
  16  beta_vw      0.00000e+00     fixed    
  17  LM           1.69497e-04   constant   
 MIGRAD MINIMIZATION HAS CONVERGED.
 MIGRAD WILL VERIFY CONVERGENCE AND ERROR MATRIX.
 COVARIANCE MATRIX CALCULATED SUCCESSFULLY
 FCN=192.575 FROM MIGRAD    STATUS=CONVERGED      78 CALLS         247 TOTAL
                     EDM=1.14144e-08    STRATEGY= 1      ERROR MATRIX ACCURATE 
  EXT PARAMETER                                   STEP         FIRST   
  NO.   NAME      VALUE            ERROR          SIZE      DERIVATIVE 
   1  N0           2.93353e+06   1.94218e+03   1.24701e+01   6.51579e-08
   2  tau          6.44057e+01   constant   
   3  A0           3.53841e-01   8.71725e-04   5.90566e-06  -5.75850e-02
   4  phi          4.10937e+00   2.55460e-03   1.73355e-05  -3.36827e-03
   5  R           -6.11811e+01   constant   
   6  alpha_CBO    2.30842e-03   9.30620e-04   6.31431e-06  -5.06079e-02
   7  w_CBO        2.32660e+00   constant   
   8  beta_CBO    -2.00289e-03   9.36771e-04   6.36333e-06   1.66184e-02
   9  alpha_2CBO   7.29933e-04   9.34833e-04   6.34867e-06   5.28037e-02
  10  beta_2CBO   -5.67810e-05     fixed    
  11  alpha_y      0.00000e+00     fixed    
  12  w_y          1.44500e+01   constant   
  13  beta_y      -5.99751e-04     fixed    
  14  alpha_vw     0.00000e+00     fixed    
  15  w_vw         1.29000e+01   constant   
  16  beta_vw      0.00000e+00     fixed    
  17  LM           1.69497e-04   constant   
 EXTERNAL ERROR MATRIX.    NDIM=  25    NPAR=  6    ERR DEF=1
  3.772e+06  1.201e-01 -1.645e-01 -5.159e-02  9.749e-03 -1.866e-02 
  1.201e-01  7.599e-07 -9.851e-09 -1.912e-08  4.106e-09  2.235e-09 
 -1.645e-01 -9.851e-09  6.526e-06 -6.566e-08 -1.044e-08 -3.795e-08 
 -5.159e-02 -1.912e-08 -6.566e-08  8.661e-07  9.262e-09 -1.374e-08 
  9.749e-03  4.106e-09 -1.044e-08  9.262e-09  8.775e-07  3.454e-09 
 -1.866e-02  2.235e-09 -3.795e-08 -1.374e-08  3.454e-09  8.739e-07 
 PARAMETER  CORRELATION COEFFICIENTS  
       NO.  GLOBAL      1      3      4      6      8      9
        1  0.08391   1.000  0.071 -0.033 -0.029  0.005 -0.010
        3  0.07441   0.071  1.000 -0.004 -0.024  0.005  0.003
        4  0.04707  -0.033 -0.004  1.000 -0.028 -0.004 -0.016
        6  0.04990  -0.029 -0.024 -0.028  1.000  0.011 -0.016
        8  0.01416   0.005  0.005 -0.004  0.011  1.000  0.004
        9  0.02588  -0.010  0.003 -0.016 -0.016  0.004  1.000
MINUIT - FIT ONLY 1-y
 **********
 **   51 **RES 
 **********
                   PARAMETER   16  beta_vw RESTORED TO VARIABLE.
                   PARAMETER   14  alpha_vw RESTORED TO VARIABLE.
                   PARAMETER   13  beta_y RESTORED TO VARIABLE.
                   PARAMETER   11  alpha_y RESTORED TO VARIABLE.
                   PARAMETER   10  beta_2CBO RESTORED TO VARIABLE.
 **********
 **   52 **FIX            0
 **********
 PARAMETER    0  IS UNDEFINED. IGNORED.
 **********
 **   53 **FIX            1
 **********
 **********
 **   54 **FIX            2
 **********
 PARAMETER    2  IS CONSTANT.   IGNORED.
 **********
 **   55 **FIX            3
 **********
 **********
 **   56 **FIX            4
 **********
 **********
 **   57 **FIX            5
 **********
 PARAMETER    5  IS CONSTANT.   IGNORED.
 **********
 **   58 **FIX            6
 **********
 **********
 **   59 **FIX            7
 **********
 PARAMETER    7  IS CONSTANT.   IGNORED.
 **********
 **   60 **FIX            8
 **********
 **********
 **   61 **FIX            9
 **********
 **********
 **   62 **FIX           13
 **********
 **********
 **   63 **FIX           14
 **********
 **********
 **   64 **FIX           15
 **********
 PARAMETER   15  IS CONSTANT.   IGNORED.
 **********
 **   65 **FIX           16
 **********
 **********
 **   66 **MIGRAD
 **********
 START MIGRAD MINIMIZATION.  STRATEGY  1.  CONVERGENCE WHEN EDM .LT. 1.00e-04
 FCN=192.575 FROM MIGRAD    STATUS=INITIATE        6 CALLS         253 TOTAL
                     EDM= unknown      STRATEGY= 1      NO ERROR MATRIX       
  EXT PARAMETER               CURRENT GUESS       STEP         FIRST   
  NO.   NAME      VALUE            ERROR          SIZE      DERIVATIVE 
   1  N0           2.93353e+06     fixed    
   2  tau          6.44057e+01   constant   
   3  A0           3.53841e-01     fixed    
   4  phi          4.10937e+00     fixed    
   5  R           -6.11811e+01   constant   
   6  alpha_CBO    2.30842e-03     fixed    
   7  w_CBO        2.32660e+00   constant   
   8  beta_CBO    -2.00289e-03     fixed    
   9  alpha_2CBO   7.29933e-04     fixed    
  10  beta_2CBO   -5.67810e-05   9.31878e-04   9.31878e-04  -9.18231e+01
  11  alpha_y      0.00000e+00   1.00000e-03   1.00000e-03  -1.70826e+03
  12  w_y          1.44500e+01   constant   
  13  beta_y      -5.99751e-04     fixed    
  14  alpha_vw     0.00000e+00     fixed    
  15  w_vw         1.29000e+01   constant   
  16  beta_vw      0.00000e+00     fixed    
  17  LM           1.69497e-04   constant   
 MIGRAD MINIMIZATION HAS CONVERGED.
 MIGRAD WILL VERIFY CONVERGENCE AND ERROR MATRIX.
 COVARIANCE MATRIX CALCULATED SUCCESSFULLY
 FCN=191.939 FROM MIGRAD    STATUS=CONVERGED      21 CALLS         268 TOTAL
                     EDM=2.43097e-06    STRATEGY= 1      ERROR MATRIX ACCURATE 
  EXT PARAMETER                                   STEP         FIRST   
  NO.   NAME      VALUE            ERROR          SIZE      DERIVATIVE 
   1  N0           2.93353e+06     fixed    
   2  tau          6.44057e+01   constant   
   3  A0           3.53841e-01     fixed    
   4  phi          4.10937e+00     fixed    
   5  R           -6.11811e+01   constant   
   6  alpha_CBO    2.30842e-03     fixed    
   7  w_CBO        2.32660e+00   constant   
   8  beta_CBO    -2.00289e-03     fixed    
   9  alpha_2CBO   7.29933e-04     fixed    
  10  beta_2CBO   -1.69368e-05   9.31584e-04   6.31832e-06  -2.36328e+00
  11  alpha_y      7.42567e-04   9.32409e-04   6.32390e-06  -1.27720e-01
  12  w_y          1.44500e+01   constant   
  13  beta_y      -5.99751e-04     fixed    
  14  alpha_vw     0.00000e+00     fixed    
  15  w_vw         1.29000e+01   constant   
  16  beta_vw      0.00000e+00     fixed    
  17  LM           1.69497e-04   constant   
 EXTERNAL ERROR MATRIX.    NDIM=  25    NPAR=  2    ERR DEF=1
  8.678e-07  1.209e-09 
  1.209e-09  8.694e-07 
 PARAMETER  CORRELATION COEFFICIENTS  
       NO.  GLOBAL     10     11
       10  0.00139   1.000  0.001
       11  0.00139   0.001  1.000
MINUIT - FIT ONLY 2-y
 **********
 **   67 **RES 
 **********
                   PARAMETER   16  beta_vw RESTORED TO VARIABLE.
                   PARAMETER   14  alpha_vw RESTORED TO VARIABLE.
                   PARAMETER   13  beta_y RESTORED TO VARIABLE.
                   PARAMETER    9  alpha_2CBO RESTORED TO VARIABLE.
                   PARAMETER    8  beta_CBO RESTORED TO VARIABLE.
                   PARAMETER    6  alpha_CBO RESTORED TO VARIABLE.
                   PARAMETER    4  phi RESTORED TO VARIABLE.
                   PARAMETER    3  A0 RESTORED TO VARIABLE.
                   PARAMETER    1  N0 RESTORED TO VARIABLE.
 **********
 **   68 **FIX            0
 **********
 PARAMETER    0  IS UNDEFINED. IGNORED.
 **********
 **   69 **FIX            1
 **********
 **********
 **   70 **FIX            2
 **********
 PARAMETER    2  IS CONSTANT.   IGNORED.
 **********
 **   71 **FIX            3
 **********
 **********
 **   72 **FIX            4
 **********
 **********
 **   73 **FIX            5
 **********
 PARAMETER    5  IS CONSTANT.   IGNORED.
 **********
 **   74 **FIX            6
 **********
 **********
 **   75 **FIX            7
 **********
 PARAMETER    7  IS CONSTANT.   IGNORED.
 **********
 **   76 **FIX            8
 **********
 **********
 **   77 **FIX            9
 **********
 **********
 **   78 **FIX           10
 **********
 **********
 **   79 **FIX           11
 **********
 **********
 **   80 **FIX           12
 **********
 PARAMETER   12  IS CONSTANT.   IGNORED.
 **********
 **   81 **FIX           16
 **********
 **********
 **   82 **MIGRAD
 **********
 START MIGRAD MINIMIZATION.  STRATEGY  1.  CONVERGENCE WHEN EDM .LT. 1.00e-04
 FCN=191.939 FROM MIGRAD    STATUS=INITIATE        6 CALLS         274 TOTAL
                     EDM= unknown      STRATEGY= 1      NO ERROR MATRIX       
  EXT PARAMETER               CURRENT GUESS       STEP         FIRST   
  NO.   NAME      VALUE            ERROR          SIZE      DERIVATIVE 
   1  N0           2.93353e+06     fixed    
   2  tau          6.44057e+01   constant   
   3  A0           3.53841e-01     fixed    
   4  phi          4.10937e+00     fixed    
   5  R           -6.11811e+01   constant   
   6  alpha_CBO    2.30842e-03     fixed    
   7  w_CBO        2.32660e+00   constant   
   8  beta_CBO    -2.00289e-03     fixed    
   9  alpha_2CBO   7.29933e-04     fixed    
  10  beta_2CBO   -1.69368e-05     fixed    
  11  alpha_y      7.42567e-04     fixed    
  12  w_y          1.44500e+01   constant   
  13  beta_y      -5.99751e-04   9.33621e-04   9.33621e-04  -1.49799e+01
  14  alpha_vw     0.00000e+00   1.00000e-03   1.00000e-03   1.89299e+03
  15  w_vw         1.29000e+01   constant   
  16  beta_vw      0.00000e+00     fixed    
  17  LM           1.69497e-04   constant   
 MIGRAD MINIMIZATION HAS CONVERGED.
 MIGRAD WILL VERIFY CONVERGENCE AND ERROR MATRIX.
 COVARIANCE MATRIX CALCULATED SUCCESSFULLY
 FCN=191.156 FROM MIGRAD    STATUS=CONVERGED      26 CALLS         294 TOTAL
                     EDM=3.44808e-07    STRATEGY= 1      ERROR MATRIX ACCURATE 
  EXT PARAMETER                                   STEP         FIRST   
  NO.   NAME      VALUE            ERROR          SIZE      DERIVATIVE 
   1  N0           2.93353e+06     fixed    
   2  tau          6.44057e+01   constant   
   3  A0           3.53841e-01     fixed    
   4  phi          4.10937e+00     fixed    
   5  R           -6.11811e+01   constant   
   6  alpha_CBO    2.30842e-03     fixed    
   7  w_CBO        2.32660e+00   constant   
   8  beta_CBO    -2.00289e-03     fixed    
   9  alpha_2CBO   7.29933e-04     fixed    
  10  beta_2CBO   -1.69368e-05     fixed    
  11  alpha_y      7.42567e-04     fixed    
  12  w_y          1.44500e+01   constant   
  13  beta_y      -5.40227e-04   9.35535e-04   6.31905e-06  -8.88080e-01
  14  alpha_vw    -8.26629e-04   9.34309e-04   6.31076e-06  -7.04638e-03
  15  w_vw         1.29000e+01   constant   
  16  beta_vw      0.00000e+00     fixed    
  17  LM           1.69497e-04   constant   
 EXTERNAL ERROR MATRIX.    NDIM=  25    NPAR=  2    ERR DEF=1
  8.752e-07 -5.637e-08 
 -5.637e-08  8.729e-07 
 PARAMETER  CORRELATION COEFFICIENTS  
       NO.  GLOBAL     13     14
       13  0.06449   1.000 -0.064
       14  0.06449  -0.064  1.000
MINUIT - FIT ALTOGETHER
 **********
 **   83 **RES 
 **********
                   PARAMETER   16  beta_vw RESTORED TO VARIABLE.
                   PARAMETER   11  alpha_y RESTORED TO VARIABLE.
                   PARAMETER   10  beta_2CBO RESTORED TO VARIABLE.
                   PARAMETER    9  alpha_2CBO RESTORED TO VARIABLE.
                   PARAMETER    8  beta_CBO RESTORED TO VARIABLE.
                   PARAMETER    6  alpha_CBO RESTORED TO VARIABLE.
                   PARAMETER    4  phi RESTORED TO VARIABLE.
                   PARAMETER    3  A0 RESTORED TO VARIABLE.
                   PARAMETER    1  N0 RESTORED TO VARIABLE.
 **********
 **   84 **MIGRAD
 **********
 START MIGRAD MINIMIZATION.  STRATEGY  1.  CONVERGENCE WHEN EDM .LT. 1.00e-04
 FCN=191.156 FROM MIGRAD    STATUS=INITIATE       24 CALLS         318 TOTAL
                     EDM= unknown      STRATEGY= 1      NO ERROR MATRIX       
  EXT PARAMETER               CURRENT GUESS       STEP         FIRST   
  NO.   NAME      VALUE            ERROR          SIZE      DERIVATIVE 
   1  N0           2.93353e+06   1.94218e+03   1.94218e+03   1.30119e-06
   2  tau          6.44057e+01   constant   
   3  A0           3.53841e-01   8.71725e-04   8.71725e-04  -3.27615e-01
   4  phi          4.10937e+00   2.55460e-03   2.55460e-03   9.00196e-01
   5  R           -6.11811e+01   constant   
   6  alpha_CBO    2.30842e-03   9.30620e-04   9.30620e-04  -8.62727e-02
   7  w_CBO        2.32660e+00   constant   
   8  beta_CBO    -2.00289e-03   9.36771e-04   9.36771e-04  -7.80865e+00
   9  alpha_2CBO   7.29933e-04   9.34833e-04   9.34833e-04  -6.64096e+00
  10  beta_2CBO   -1.69368e-05   9.31584e-04   9.31584e-04  -1.02816e+01
  11  alpha_y      7.42567e-04   9.32409e-04   9.32409e-04   6.18863e+01
  12  w_y          1.44500e+01   constant   
  13  beta_y      -5.40227e-04   9.35535e-04   6.31905e-06  -8.88080e-01
  14  alpha_vw    -8.26629e-04   9.34309e-04   6.31076e-06  -7.04617e-03
  15  w_vw         1.29000e+01   constant   
  16  beta_vw      0.00000e+00   1.00000e-03   1.00000e-03   2.74190e+03
  17  LM           1.69497e-04   constant   
 MIGRAD MINIMIZATION HAS CONVERGED.
 MIGRAD WILL VERIFY CONVERGENCE AND ERROR MATRIX.
 COVARIANCE MATRIX CALCULATED SUCCESSFULLY
 FCN=189.502 FROM MIGRAD    STATUS=CONVERGED     170 CALLS         464 TOTAL
                     EDM=3.27829e-06    STRATEGY= 1      ERROR MATRIX ACCURATE 
  EXT PARAMETER                                   STEP         FIRST   
  NO.   NAME      VALUE            ERROR          SIZE      DERIVATIVE 
   1  N0           2.93352e+06   1.94249e+03   1.23707e+01   4.15819e-07
   2  tau          6.44057e+01   constant   
   3  A0           3.53838e-01   8.71800e-04   5.85860e-06   7.40660e-01
   4  phi          4.10935e+00   2.55501e-03   1.71974e-05   2.65633e-01
   5  R           -6.11811e+01   constant   
   6  alpha_CBO    2.29979e-03   9.30699e-04   6.26399e-06   6.67999e-01
   7  w_CBO        2.32660e+00   constant   
   8  beta_CBO    -1.99725e-03   9.37031e-04   6.31260e-06  -9.95881e-01
   9  alpha_2CBO   7.35288e-04   9.34868e-04   6.29811e-06  -1.26150e+00
  10  beta_2CBO   -9.71070e-06   9.32098e-04   6.27824e-06   4.46806e-01
  11  alpha_y      6.39108e-04   9.34881e-04   6.28386e-06   1.42854e+00
  12  w_y          1.44500e+01   constant   
  13  beta_y      -5.85383e-04   9.36293e-04   6.29181e-06   1.06729e-01
  14  alpha_vw    -8.29944e-04   9.34913e-04   6.28356e-06  -6.60872e-01
  15  w_vw         1.29000e+01   constant   
  16  beta_vw     -1.20356e-03   9.36295e-04   6.29210e-06  -3.29878e-02
  17  LM           1.69497e-04   constant   
 EXTERNAL ERROR MATRIX.    NDIM=  25    NPAR= 11    ERR DEF=1
  3.773e+06 
  1.205e-01  7.600e-07 
 -1.630e-01 -9.360e-09  6.528e-06 
 -5.123e-02 -1.901e-08 -6.521e-08  8.662e-07 
  8.985e-03  3.871e-09 -1.138e-08  9.050e-09  8.780e-07 
 -1.884e-02  2.190e-09 -3.818e-08 -1.380e-08  3.560e-09  8.740e-07 
  2.767e-02  9.282e-09  3.335e-08  6.986e-09 -1.821e-08 -2.072e-09  8.688e-07 
  7.646e-03  2.413e-09  1.146e-08  4.485e-09 -3.053e-09 -6.575e-10  1.205e-09  8.740e-07 
  8.024e-03  2.406e-09  1.158e-08  1.671e-09 -5.664e-09 -5.044e-09 -2.830e-09 -3.067e-09  8.766e-07 
  1.211e-02  2.853e-09  1.498e-08  3.931e-09 -6.954e-09 -3.653e-09 -3.235e-09  2.867e-08 -5.634e-08  8.741e-07 
  5.938e-03  2.467e-09  9.697e-09  6.480e-09 -1.929e-09 -2.162e-09 -1.956e-09  5.618e-08  3.330e-08  1.520e-09  8.766e-07 
 PARAMETER  CORRELATION COEFFICIENTS  
       NO.  GLOBAL      1      3      4      6      8      9     10     11     13     14     16
        1  0.08582   1.000  0.071 -0.033 -0.028  0.005 -0.010  0.015  0.004  0.004  0.007  0.003
        3  0.07553   0.071  1.000 -0.004 -0.023  0.005  0.003  0.011  0.003  0.003  0.004  0.003
        4  0.05014  -0.033 -0.004  1.000 -0.027 -0.005 -0.016  0.014  0.005  0.005  0.006  0.004
        6  0.05154  -0.028 -0.023 -0.027  1.000  0.010 -0.016  0.008  0.005  0.002  0.005  0.007
        8  0.02761   0.005  0.005 -0.005  0.010  1.000  0.004 -0.021 -0.003 -0.006 -0.008 -0.002
        9  0.02710  -0.010  0.003 -0.016 -0.016  0.004  1.000 -0.002 -0.001 -0.006 -0.004 -0.002
       10  0.03346   0.015  0.011  0.014  0.008 -0.021 -0.002  1.000  0.001 -0.003 -0.004 -0.002
       11  0.07265   0.004  0.003  0.005  0.005 -0.003 -0.001  0.001  1.000 -0.004  0.033  0.064
       13  0.07594   0.004  0.003  0.005  0.002 -0.006 -0.006 -0.003 -0.004  1.000 -0.064  0.038
       14  0.07375   0.007  0.004  0.006  0.005 -0.008 -0.004 -0.004  0.033 -0.064  1.000  0.002
       16  0.07535   0.003  0.003  0.004  0.007 -0.002 -0.002 -0.002  0.064  0.038  0.002  1.000
MINUIT - MINOS
 **********
 **   85 **RES 
 **********
 CALL TO MNFREE IGNORED.  THERE ARE NO FIXED PARAMETERS
 **********
 **   86 **MIG      2.5e+04        0.01
 **********
 START MIGRAD MINIMIZATION.  STRATEGY  1.  CONVERGENCE WHEN EDM .LT. 1.00e-05
 FCN=189.502 FROM MIGRAD    STATUS=INITIATE       22 CALLS         486 TOTAL
                     EDM=1.63914e-06    STRATEGY= 1      ERROR MATRIX ACCURATE 
  EXT PARAMETER                                   STEP         FIRST   
  NO.   NAME      VALUE            ERROR          SIZE      DERIVATIVE 
   1  N0           2.93352e+06   1.94249e+03   1.23707e+01   4.15819e-07
   2  tau          6.44057e+01   constant   
   3  A0           3.53838e-01   8.71800e-04   5.85860e-06   7.40660e-01
   4  phi          4.10935e+00   2.55501e-03   1.71974e-05   2.65633e-01
   5  R           -6.11811e+01   constant   
   6  alpha_CBO    2.29979e-03   9.30699e-04   6.26399e-06   6.67999e-01
   7  w_CBO        2.32660e+00   constant   
   8  beta_CBO    -1.99725e-03   9.37031e-04   6.31260e-06  -9.95881e-01
   9  alpha_2CBO   7.35288e-04   9.34868e-04   6.29811e-06  -1.26150e+00
  10  beta_2CBO   -9.71070e-06   9.32098e-04   6.27824e-06   4.46806e-01
  11  alpha_y      6.39108e-04   9.34881e-04   6.28386e-06   1.42854e+00
  12  w_y          1.44500e+01   constant   
  13  beta_y      -5.85383e-04   9.36293e-04   6.29181e-06   1.06729e-01
  14  alpha_vw    -8.29944e-04   9.34913e-04   6.28356e-06  -6.60872e-01
  15  w_vw         1.29000e+01   constant   
  16  beta_vw     -1.20356e-03   9.36295e-04   6.29210e-06  -3.29881e-02
  17  LM           1.69497e-04   constant   
 MIGRAD MINIMIZATION HAS CONVERGED.
 FCN=189.502 FROM MIGRAD    STATUS=CONVERGED      45 CALLS         509 TOTAL
                     EDM=9.18049e-17    STRATEGY= 1  ERROR MATRIX UNCERTAINTY   0.0 per cent
  EXT PARAMETER                                   STEP         FIRST   
  NO.   NAME      VALUE            ERROR          SIZE      DERIVATIVE 
   1  N0           2.93352e+06   1.94249e+03  -8.05740e-01   4.07462e-12
   2  tau          6.44057e+01   constant   
   3  A0           3.53838e-01   8.71800e-04  -2.98555e-07   1.02435e-05
   4  phi          4.10935e+00   2.55501e-03  -8.48800e-07   4.26470e-06
   5  R           -6.11811e+01   constant   
   6  alpha_CBO    2.29952e-03   9.30699e-04  -2.70602e-07   4.44656e-06
   7  w_CBO        2.32660e+00   constant   
   8  beta_CBO    -1.99681e-03   9.37030e-04   4.38859e-07   3.22595e-06
   9  alpha_2CBO   7.35854e-04   9.34867e-04   5.65780e-07   3.42968e-06
  10  beta_2CBO   -9.93293e-06   9.32098e-04  -2.22232e-07   3.93171e-06
  11  alpha_y      6.38487e-04   9.34881e-04  -6.21418e-07   4.69031e-06
  12  w_y          1.44500e+01   constant   
  13  beta_y      -5.85456e-04   9.36294e-04  -7.26845e-08   3.69059e-06
  14  alpha_vw    -8.29685e-04   9.34912e-04   2.59456e-07   3.38560e-06
  15  w_vw         1.29000e+01   constant   
  16  beta_vw     -1.20359e-03   9.36295e-04  -3.44304e-08   3.55717e-06
  17  LM           1.69497e-04   constant   
 EXTERNAL ERROR MATRIX.    NDIM=  25    NPAR= 11    ERR DEF=1
  3.773e+06 
  1.205e-01  7.600e-07 
 -1.630e-01 -9.356e-09  6.528e-06 
 -5.123e-02 -1.901e-08 -6.521e-08  8.662e-07 
  8.984e-03  3.870e-09 -1.138e-08  9.050e-09  8.780e-07 
 -1.884e-02  2.189e-09 -3.818e-08 -1.380e-08  3.559e-09  8.740e-07 
  2.767e-02  9.283e-09  3.336e-08  6.987e-09 -1.821e-08 -2.072e-09  8.688e-07 
  7.649e-03  2.415e-09  1.147e-08  4.486e-09 -3.053e-09 -6.571e-10  1.205e-09  8.740e-07 
  8.025e-03  2.407e-09  1.158e-08  1.671e-09 -5.664e-09 -5.044e-09 -2.829e-09 -3.066e-09  8.766e-07 
  1.211e-02  2.853e-09  1.498e-08  3.931e-09 -6.954e-09 -3.654e-09 -3.235e-09  2.867e-08 -5.634e-08  8.741e-07 
  5.939e-03  2.468e-09  9.698e-09  6.480e-09 -1.929e-09 -2.162e-09 -1.956e-09  5.618e-08  3.330e-08  1.520e-09  8.766e-07 
 PARAMETER  CORRELATION COEFFICIENTS  
       NO.  GLOBAL      1      3      4      6      8      9     10     11     13     14     16
        1  0.08582   1.000  0.071 -0.033 -0.028  0.005 -0.010  0.015  0.004  0.004  0.007  0.003
        3  0.07553   0.071  1.000 -0.004 -0.023  0.005  0.003  0.011  0.003  0.003  0.004  0.003
        4  0.05014  -0.033 -0.004  1.000 -0.027 -0.005 -0.016  0.014  0.005  0.005  0.006  0.004
        6  0.05153  -0.028 -0.023 -0.027  1.000  0.010 -0.016  0.008  0.005  0.002  0.005  0.007
        8  0.02762   0.005  0.005 -0.005  0.010  1.000  0.004 -0.021 -0.003 -0.006 -0.008 -0.002
        9  0.02710  -0.010  0.003 -0.016 -0.016  0.004  1.000 -0.002 -0.001 -0.006 -0.004 -0.002
       10  0.03346   0.015  0.011  0.014  0.008 -0.021 -0.002  1.000  0.001 -0.003 -0.004 -0.002
       11  0.07265   0.004  0.003  0.005  0.005 -0.003 -0.001  0.001  1.000 -0.004  0.033  0.064
       13  0.07594   0.004  0.003  0.005  0.002 -0.006 -0.006 -0.003 -0.004  1.000 -0.064  0.038
       14  0.07375   0.007  0.004  0.006  0.005 -0.008 -0.004 -0.004  0.033 -0.064  1.000  0.002
       16  0.07535   0.003  0.003  0.004  0.007 -0.002 -0.002 -0.002  0.064  0.038  0.002  1.000
 **********
 **   87 **MINO      2.5e+04
 **********
 FCN=189.502 FROM MINOS     STATUS=SUCCESSFUL    924 CALLS        1433 TOTAL
                     EDM=9.18049e-17    STRATEGY= 1  ERROR MATRIX UNCERTAINTY   0.0 per cent
  EXT PARAMETER                  PARABOLIC         MINOS ERRORS        
  NO.   NAME      VALUE            ERROR      NEGATIVE      POSITIVE   
   1  N0           2.93352e+06   1.94249e+03  -1.94249e+03   1.94249e+03
   2  tau          6.44057e+01   constant   
   3  A0           3.53838e-01   8.71800e-04  -8.71842e-04   8.71759e-04
   4  phi          4.10935e+00   2.55501e-03  -2.55493e-03   2.55510e-03
   5  R           -6.11811e+01   constant   
   6  alpha_CBO    2.29952e-03   9.30699e-04  -9.30682e-04   9.30716e-04
   7  w_CBO        2.32660e+00   constant   
   8  beta_CBO    -1.99681e-03   9.37030e-04  -9.37034e-04   9.37029e-04
   9  alpha_2CBO   7.35854e-04   9.34867e-04  -9.34861e-04   9.34875e-04
  10  beta_2CBO   -9.93293e-06   9.32098e-04  -9.32108e-04   9.32089e-04
  11  alpha_y      6.38487e-04   9.34881e-04  -9.34884e-04   9.34879e-04
  12  w_y          1.44500e+01   constant   
  13  beta_y      -5.85456e-04   9.36294e-04  -9.36297e-04   9.36291e-04
  14  alpha_vw    -8.29685e-04   9.34912e-04  -9.34917e-04   9.34909e-04
  15  w_vw         1.29000e+01   constant   
  16  beta_vw     -1.20359e-03   9.36295e-04  -9.36298e-04   9.36294e-04
  17  LM           1.69497e-04   constant   
 **********
 **   88 **SHO COR 
 **********
 PARAMETER  CORRELATION COEFFICIENTS  
       NO.  GLOBAL      1      3      4      6      8      9     10     11     13     14     16
        1  0.08582   1.000  0.071 -0.033 -0.028  0.005 -0.010  0.015  0.004  0.004  0.007  0.003
        3  0.07553   0.071  1.000 -0.004 -0.023  0.005  0.003  0.011  0.003  0.003  0.004  0.003
        4  0.05014  -0.033 -0.004  1.000 -0.027 -0.005 -0.016  0.014  0.005  0.005  0.006  0.004
        6  0.05153  -0.028 -0.023 -0.027  1.000  0.010 -0.016  0.008  0.005  0.002  0.005  0.007
        8  0.02762   0.005  0.005 -0.005  0.010  1.000  0.004 -0.021 -0.003 -0.006 -0.008 -0.002
        9  0.02710  -0.010  0.003 -0.016 -0.016  0.004  1.000 -0.002 -0.001 -0.006 -0.004 -0.002
       10  0.03346   0.015  0.011  0.014  0.008 -0.021 -0.002  1.000  0.001 -0.003 -0.004 -0.002
       11  0.07265   0.004  0.003  0.005  0.005 -0.003 -0.001  0.001  1.000 -0.004  0.033  0.064
       13  0.07594   0.004  0.003  0.005  0.002 -0.006 -0.006 -0.003 -0.004  1.000 -0.064  0.038
       14  0.07375   0.007  0.004  0.006  0.005 -0.008 -0.004 -0.004  0.033 -0.064  1.000  0.002
       16  0.07535   0.003  0.003  0.004  0.007 -0.002 -0.002 -0.002  0.064  0.038  0.002  1.000
