 + ++++++++++++++++++++++++++++++++++++++++++++++++++++++++++++++++++++ +
 +                                                                      +
 +           You have chose to blind your fitting according to          +
 +                omega_ref * (1 + (R +/- deltaR) *10^{-6})             +
 +                                                                      +
 + ++++++++++++++++++++++++++++++++++++++++++++++++++++++++++++++++++++ +
In main()...
reading format from /gm2data/zkhechad/run45/envelope/formats/formatB_sBin_constraintOn.txt
pBinTau 	= 0  
pBinPhi 	= 0  
constraintau 	= 1 
includeMopTerm 	= 0    
constrainMop    = 0   
Parameters after format file: pBinTau 0 pBinPhi 0 constraintau 1 includeMopTerm 0 constrainMop 0 c_e_scale 0.000000 
Opening file /gm2data/tbarrett/gm2fr/studies/run23_bunch_corrections/CorrectedFourier_Run3b.root.
reading full fit data from /gm2data/zkhechad/cboTemplates/Run4CBOTemplates/fullFits/noRF/sBin_constraintOn_cE0.0_seed0_noRF_calo17.root
windowBins = 69
fitting sliding window 1120 from bin 1253 at 186.798400 to bin 1322 at 197.242400 (69 bins)

Reading data from /gm2data/cornell/histograms/aMethod/histogram_a_noRF.root
 **********
 **    1 **SET PRINTOUT            1
 **********
 **********
 **    2 **SET NOWARNINGS 
 **********
 PARAMETER DEFINITIONS:
    NO.   NAME         VALUE      STEP SIZE      LIMITS
     1 N0           3.18434e+06  1.00000e+02     no limits
     2 tau          6.43835e+01  constant
     3 A0           3.45296e-01  1.00000e-04     no limits
     4 phi          4.11995e+00  1.00000e-02     no limits
     5 R           -6.13244e+01  constant
     6 alpha_CBO    0.00000e+00  1.00000e-03     no limits
     7 w_CBO        2.32500e+00  constant
     8 beta_CBO     0.00000e+00  1.00000e-03     no limits
     9 alpha_2CBO   0.00000e+00  1.00000e-03     no limits
    10 beta_2CBO    0.00000e+00  1.00000e-03     no limits
    11 alpha_y      0.00000e+00  1.00000e-03     no limits
    12 w_y          1.44500e+01  constant
    13 beta_y       0.00000e+00  1.00000e-03     no limits
    14 alpha_vw     0.00000e+00  1.00000e-03     no limits
    15 w_vw         1.29000e+01  constant
    16 beta_vw      0.00000e+00  1.00000e-03     no limits
    17 LM          -7.43115e-04  constant
    18 zeta_y       0.00000e+00  constant
    19 zeta_vw      0.00000e+00  constant
MINUIT - FIT ONLY WIGGLE
 **********
 **    3 **FIX            5
 **********
 PARAMETER    5  IS CONSTANT.   IGNORED.
 **********
 **    4 **FIX            6
 **********
 **********
 **    5 **FIX            7
 **********
 PARAMETER    7  IS CONSTANT.   IGNORED.
 **********
 **    6 **FIX            8
 **********
 **********
 **    7 **FIX            9
 **********
 **********
 **    8 **FIX           10
 **********
 **********
 **    9 **FIX           11
 **********
 **********
 **   10 **FIX           12
 **********
 PARAMETER   12  IS CONSTANT.   IGNORED.
 **********
 **   11 **FIX           13
 **********
 **********
 **   12 **FIX           14
 **********
 **********
 **   13 **FIX           15
 **********
 PARAMETER   15  IS CONSTANT.   IGNORED.
 **********
 **   14 **FIX           16
 **********
 **********
 **   15 **MIGRAD
 **********
 FIRST CALL TO USER FUNCTION AT NEW START POINT, WITH IFLAG=4.
 START MIGRAD MINIMIZATION.  STRATEGY  1.  CONVERGENCE WHEN EDM .LT. 1.00e-04
 FCN=249.66 FROM MIGRAD    STATUS=INITIATE       12 CALLS          13 TOTAL
                     EDM= unknown      STRATEGY= 1      NO ERROR MATRIX       
  EXT PARAMETER               CURRENT GUESS       STEP         FIRST   
  NO.   NAME      VALUE            ERROR          SIZE      DERIVATIVE 
   1  N0           3.18434e+06   1.00000e+02   1.00000e+02  -4.50527e-03
   2  tau          6.43835e+01   constant   
   3  A0           3.45296e-01   1.00000e-04   1.00000e-04  -1.14866e+04
   4  phi          4.11995e+00   1.00000e-02   1.00000e-02  -2.16833e+03
   5  R           -6.13244e+01   constant   
   6  alpha_CBO    0.00000e+00     fixed    
   7  w_CBO        2.32500e+00   constant   
   8  beta_CBO     0.00000e+00     fixed    
   9  alpha_2CBO   0.00000e+00     fixed    
  10  beta_2CBO    0.00000e+00     fixed    
  11  alpha_y      0.00000e+00     fixed    
  12  w_y          1.44500e+01   constant   
  13  beta_y       0.00000e+00     fixed    
  14  alpha_vw     0.00000e+00     fixed    
  15  w_vw         1.29000e+01   constant   
  16  beta_vw      0.00000e+00     fixed    
  17  LM          -7.43115e-04   constant   
  18  zeta_y       0.00000e+00   constant   
  19  zeta_vw      0.00000e+00   constant   
 MIGRAD MINIMIZATION HAS CONVERGED.
 MIGRAD WILL VERIFY CONVERGENCE AND ERROR MATRIX.
 COVARIANCE MATRIX CALCULATED SUCCESSFULLY
 FCN=245.019 FROM MIGRAD    STATUS=CONVERGED      52 CALLS          53 TOTAL
                     EDM=1.36465e-09    STRATEGY= 1      ERROR MATRIX ACCURATE 
  EXT PARAMETER                                   STEP         FIRST   
  NO.   NAME      VALUE            ERROR          SIZE      DERIVATIVE 
   1  N0           3.18518e+06   5.98105e+02   4.46488e+00  -5.70035e-08
   2  tau          6.43835e+01   constant   
   3  A0           3.45684e-01   2.42367e-04   1.83691e-06  -1.19780e-01
   4  phi          4.12041e+00   7.23380e-04   5.46985e-06  -3.55797e-02
   5  R           -6.13244e+01   constant   
   6  alpha_CBO    0.00000e+00     fixed    
   7  w_CBO        2.32500e+00   constant   
   8  beta_CBO     0.00000e+00     fixed    
   9  alpha_2CBO   0.00000e+00     fixed    
  10  beta_2CBO    0.00000e+00     fixed    
  11  alpha_y      0.00000e+00     fixed    
  12  w_y          1.44500e+01   constant   
  13  beta_y       0.00000e+00     fixed    
  14  alpha_vw     0.00000e+00     fixed    
  15  w_vw         1.29000e+01   constant   
  16  beta_vw      0.00000e+00     fixed    
  17  LM          -7.43115e-04   constant   
  18  zeta_y       0.00000e+00   constant   
  19  zeta_vw      0.00000e+00   constant   
 EXTERNAL ERROR MATRIX.    NDIM=  25    NPAR=  3    ERR DEF=1
  3.577e+05  1.891e-02 -6.352e-02 
  1.891e-02  5.874e-08  7.163e-09 
 -6.352e-02  7.163e-09  5.233e-07 
 PARAMETER  CORRELATION COEFFICIENTS  
       NO.  GLOBAL      1      3      4
        1  0.20052   1.000  0.130 -0.147
        3  0.14388   0.130  1.000  0.041
        4  0.15879  -0.147  0.041  1.000
MINUIT - FIT ONLY 1-CBO + wiggle
 **********
 **   16 **RES 
 **********
                   PARAMETER   16  beta_vw RESTORED TO VARIABLE.
                   PARAMETER   14  alpha_vw RESTORED TO VARIABLE.
                   PARAMETER   13  beta_y RESTORED TO VARIABLE.
                   PARAMETER   11  alpha_y RESTORED TO VARIABLE.
                   PARAMETER   10  beta_2CBO RESTORED TO VARIABLE.
                   PARAMETER    9  alpha_2CBO RESTORED TO VARIABLE.
                   PARAMETER    8  beta_CBO RESTORED TO VARIABLE.
                   PARAMETER    6  alpha_CBO RESTORED TO VARIABLE.
 **********
 **   17 **FIX            8
 **********
 **********
 **   18 **FIX            9
 **********
 **********
 **   19 **FIX           11
 **********
 **********
 **   20 **FIX           12
 **********
 PARAMETER   12  IS CONSTANT.   IGNORED.
 **********
 **   21 **FIX           14
 **********
 **********
 **   22 **FIX           15
 **********
 PARAMETER   15  IS CONSTANT.   IGNORED.
 **********
 **   23 **FIX           16
 **********
 **********
 **   24 **MIGRAD
 **********
 START MIGRAD MINIMIZATION.  STRATEGY  1.  CONVERGENCE WHEN EDM .LT. 1.00e-04
 FCN=245.019 FROM MIGRAD    STATUS=INITIATE       18 CALLS          71 TOTAL
                     EDM= unknown      STRATEGY= 1      NO ERROR MATRIX       
  EXT PARAMETER               CURRENT GUESS       STEP         FIRST   
  NO.   NAME      VALUE            ERROR          SIZE      DERIVATIVE 
   1  N0           3.18518e+06   5.98105e+02   4.46488e+00  -5.70049e-08
   2  tau          6.43835e+01   constant   
   3  A0           3.45684e-01   2.42367e-04   1.83691e-06  -1.19776e-01
   4  phi          4.12041e+00   7.23380e-04   5.46985e-06  -3.55742e-02
   5  R           -6.13244e+01   constant   
   6  alpha_CBO    0.00000e+00   1.00000e-03   1.00000e-03  -3.72073e+04
   7  w_CBO        2.32500e+00   constant   
   8  beta_CBO     0.00000e+00     fixed    
   9  alpha_2CBO   0.00000e+00     fixed    
  10  beta_2CBO    0.00000e+00   1.00000e-03   1.00000e-03   2.51347e+04
  11  alpha_y      0.00000e+00     fixed    
  12  w_y          1.44500e+01   constant   
  13  beta_y       0.00000e+00   1.00000e-03   1.00000e-03  -6.10736e+03
  14  alpha_vw     0.00000e+00     fixed    
  15  w_vw         1.29000e+01   constant   
  16  beta_vw      0.00000e+00     fixed    
  17  LM          -7.43115e-04   constant   
  18  zeta_y       0.00000e+00   constant   
  19  zeta_vw      0.00000e+00   constant   
 MIGRAD MINIMIZATION HAS CONVERGED.
 MIGRAD WILL VERIFY CONVERGENCE AND ERROR MATRIX.
 COVARIANCE MATRIX CALCULATED SUCCESSFULLY
 FCN=208.167 FROM MIGRAD    STATUS=CONVERGED     111 CALLS         164 TOTAL
                     EDM=8.72358e-07    STRATEGY= 1      ERROR MATRIX ACCURATE 
  EXT PARAMETER                                   STEP         FIRST   
  NO.   NAME      VALUE            ERROR          SIZE      DERIVATIVE 
   1  N0           3.18528e+06   5.98434e+02   4.11703e+00  -6.04291e-07
   2  tau          6.43835e+01   constant   
   3  A0           3.45682e-01   2.42772e-04   1.69394e-06   2.00507e+00
   4  phi          4.12109e+00   7.34728e-04   5.04328e-06  -6.52919e-01
   5  R           -6.13244e+01   constant   
   6  alpha_CBO    1.37015e-03   2.70256e-04   1.87389e-06  -1.60477e+00
   7  w_CBO        2.32500e+00   constant   
   8  beta_CBO     0.00000e+00     fixed    
   9  alpha_2CBO   0.00000e+00     fixed    
  10  beta_2CBO   -8.53696e-04   2.59293e-04   1.82873e-06   1.54578e+00
  11  alpha_y      0.00000e+00     fixed    
  12  w_y          1.44500e+01   constant   
  13  beta_y       2.06506e-04   2.58690e-04   1.82600e-06   3.51612e+00
  14  alpha_vw     0.00000e+00     fixed    
  15  w_vw         1.29000e+01   constant   
  16  beta_vw      0.00000e+00     fixed    
  17  LM          -7.43115e-04   constant   
  18  zeta_y       0.00000e+00   constant   
  19  zeta_vw      0.00000e+00   constant   
 EXTERNAL ERROR MATRIX.    NDIM=  25    NPAR=  6    ERR DEF=1
  3.581e+05  1.875e-02 -6.109e-02  4.966e-03  7.643e-04  1.812e-03 
  1.875e-02  5.894e-08  6.293e-09 -2.074e-09 -2.751e-09  7.816e-10 
 -6.109e-02  6.293e-09  5.398e-07  3.471e-08 -2.412e-09  2.293e-09 
  4.966e-03 -2.074e-09  3.471e-08  7.304e-08 -6.685e-10  9.209e-10 
  7.643e-04 -2.751e-09 -2.412e-09 -6.685e-10  6.723e-08  1.203e-09 
  1.812e-03  7.816e-10  2.293e-09  9.209e-10  1.203e-09  6.692e-08 
 PARAMETER  CORRELATION COEFFICIENTS  
       NO.  GLOBAL      1      3      4      6     10     13
        1  0.20300   1.000  0.129 -0.139  0.031  0.005  0.012
        3  0.15406   0.129  1.000  0.035 -0.032 -0.044  0.012
        4  0.23492  -0.139  0.035  1.000  0.175 -0.013  0.012
        6  0.18958   0.031 -0.032  0.175  1.000 -0.010  0.013
       10  0.05057   0.005 -0.044 -0.013 -0.010  1.000  0.018
       13  0.03003   0.012  0.012  0.012  0.013  0.018  1.000
MINUIT - FIT ONLY 2-CBO
 **********
 **   25 **RES 
 **********
                   PARAMETER   16  beta_vw RESTORED TO VARIABLE.
                   PARAMETER   14  alpha_vw RESTORED TO VARIABLE.
                   PARAMETER   11  alpha_y RESTORED TO VARIABLE.
                   PARAMETER    9  alpha_2CBO RESTORED TO VARIABLE.
                   PARAMETER    8  beta_CBO RESTORED TO VARIABLE.
 **********
 **   26 **FIX            0
 **********
 PARAMETER    0  IS UNDEFINED. IGNORED.
 **********
 **   27 **FIX            1
 **********
 **********
 **   28 **FIX            2
 **********
 PARAMETER    2  IS CONSTANT.   IGNORED.
 **********
 **   29 **FIX            3
 **********
 **********
 **   30 **FIX            4
 **********
 **********
 **   31 **FIX            5
 **********
 PARAMETER    5  IS CONSTANT.   IGNORED.
 **********
 **   32 **FIX            6
 **********
 **********
 **   33 **FIX            7
 **********
 PARAMETER    7  IS CONSTANT.   IGNORED.
 **********
 **   34 **FIX           10
 **********
 **********
 **   35 **FIX           11
 **********
 **********
 **   36 **FIX           12
 **********
 PARAMETER   12  IS CONSTANT.   IGNORED.
 **********
 **   37 **FIX           13
 **********
 **********
 **   38 **FIX           14
 **********
 **********
 **   39 **FIX           15
 **********
 PARAMETER   15  IS CONSTANT.   IGNORED.
 **********
 **   40 **FIX           16
 **********
 **********
 **   41 **MIGRAD
 **********
 START MIGRAD MINIMIZATION.  STRATEGY  1.  CONVERGENCE WHEN EDM .LT. 1.00e-04
 FCN=208.167 FROM MIGRAD    STATUS=INITIATE        8 CALLS         172 TOTAL
                     EDM= unknown      STRATEGY= 1      NO ERROR MATRIX       
  EXT PARAMETER               CURRENT GUESS       STEP         FIRST   
  NO.   NAME      VALUE            ERROR          SIZE      DERIVATIVE 
   1  N0           3.18528e+06     fixed    
   2  tau          6.43835e+01   constant   
   3  A0           3.45682e-01     fixed    
   4  phi          4.12109e+00     fixed    
   5  R           -6.13244e+01   constant   
   6  alpha_CBO    1.37015e-03     fixed    
   7  w_CBO        2.32500e+00   constant   
   8  beta_CBO     0.00000e+00   1.00000e-03   1.00000e-03  -9.41575e+04
   9  alpha_2CBO   0.00000e+00   1.00000e-03   1.00000e-03   8.46950e+02
  10  beta_2CBO   -8.53696e-04     fixed    
  11  alpha_y      0.00000e+00     fixed    
  12  w_y          1.44500e+01   constant   
  13  beta_y       2.06506e-04     fixed    
  14  alpha_vw     0.00000e+00     fixed    
  15  w_vw         1.29000e+01   constant   
  16  beta_vw      0.00000e+00     fixed    
  17  LM          -7.43115e-04   constant   
  18  zeta_y       0.00000e+00   constant   
  19  zeta_vw      0.00000e+00   constant   
 MIGRAD MINIMIZATION HAS CONVERGED.
 MIGRAD WILL VERIFY CONVERGENCE AND ERROR MATRIX.
 COVARIANCE MATRIX CALCULATED SUCCESSFULLY
 FCN=63.6542 FROM MIGRAD    STATUS=CONVERGED      28 CALLS         192 TOTAL
                     EDM=5.45473e-06    STRATEGY= 1      ERROR MATRIX ACCURATE 
  EXT PARAMETER                                   STEP         FIRST   
  NO.   NAME      VALUE            ERROR          SIZE      DERIVATIVE 
   1  N0           3.18528e+06     fixed    
   2  tau          6.43835e+01   constant   
   3  A0           3.45682e-01     fixed    
   4  phi          4.12109e+00     fixed    
   5  R           -6.13244e+01   constant   
   6  alpha_CBO    1.37015e-03     fixed    
   7  w_CBO        2.32500e+00   constant   
   8  beta_CBO     3.07039e-03   2.55424e-04   1.00211e-06  -1.19064e-01
   9  alpha_2CBO   9.05539e-05   2.61545e-04   1.02612e-06  -1.26236e+01
  10  beta_2CBO   -8.53696e-04     fixed    
  11  alpha_y      0.00000e+00     fixed    
  12  w_y          1.44500e+01   constant   
  13  beta_y       2.06506e-04     fixed    
  14  alpha_vw     0.00000e+00     fixed    
  15  w_vw         1.29000e+01   constant   
  16  beta_vw      0.00000e+00     fixed    
  17  LM          -7.43115e-04   constant   
  18  zeta_y       0.00000e+00   constant   
  19  zeta_vw      0.00000e+00   constant   
 EXTERNAL ERROR MATRIX.    NDIM=  25    NPAR=  2    ERR DEF=1
  6.524e-08  2.548e-09 
  2.548e-09  6.841e-08 
 PARAMETER  CORRELATION COEFFICIENTS  
       NO.  GLOBAL      8      9
        8  0.03814   1.000  0.038
        9  0.03814   0.038  1.000
MINUIT - FIT wiggle + 1-CBO + 2-CBO
 **********
 **   42 **RES 
 **********
                   PARAMETER   16  beta_vw RESTORED TO VARIABLE.
                   PARAMETER   14  alpha_vw RESTORED TO VARIABLE.
                   PARAMETER   13  beta_y RESTORED TO VARIABLE.
                   PARAMETER   11  alpha_y RESTORED TO VARIABLE.
                   PARAMETER   10  beta_2CBO RESTORED TO VARIABLE.
                   PARAMETER    6  alpha_CBO RESTORED TO VARIABLE.
                   PARAMETER    4  phi RESTORED TO VARIABLE.
                   PARAMETER    3  A0 RESTORED TO VARIABLE.
                   PARAMETER    1  N0 RESTORED TO VARIABLE.
 **********
 **   43 **FIX           10
 **********
 **********
 **   44 **FIX           11
 **********
 **********
 **   45 **FIX           12
 **********
 PARAMETER   12  IS CONSTANT.   IGNORED.
 **********
 **   46 **FIX           13
 **********
 **********
 **   47 **FIX           14
 **********
 **********
 **   48 **FIX           15
 **********
 PARAMETER   15  IS CONSTANT.   IGNORED.
 **********
 **   49 **FIX           16
 **********
 **********
 **   50 **MIGRAD
 **********
 START MIGRAD MINIMIZATION.  STRATEGY  1.  CONVERGENCE WHEN EDM .LT. 1.00e-04
 FCN=63.6542 FROM MIGRAD    STATUS=INITIATE       12 CALLS         204 TOTAL
                     EDM= unknown      STRATEGY= 1      NO ERROR MATRIX       
  EXT PARAMETER               CURRENT GUESS       STEP         FIRST   
  NO.   NAME      VALUE            ERROR          SIZE      DERIVATIVE 
   1  N0           3.18528e+06   5.98434e+02   5.98434e+02   1.31466e-03
   2  tau          6.43835e+01   constant   
   3  A0           3.45682e-01   2.42772e-04   2.42772e-04   2.17407e+04
   4  phi          4.12109e+00   7.34728e-04   7.34728e-04   2.33757e+03
   5  R           -6.13244e+01   constant   
   6  alpha_CBO    1.37015e-03   2.70256e-04   2.70256e-04  -7.58935e+02
   7  w_CBO        2.32500e+00   constant   
   8  beta_CBO     3.07039e-03   2.55424e-04   1.00211e-06  -1.19057e-01
   9  alpha_2CBO   9.05539e-05   2.61545e-04   1.02612e-06  -1.26236e+01
  10  beta_2CBO   -8.53696e-04     fixed    
  11  alpha_y      0.00000e+00     fixed    
  12  w_y          1.44500e+01   constant   
  13  beta_y       2.06506e-04     fixed    
  14  alpha_vw     0.00000e+00     fixed    
  15  w_vw         1.29000e+01   constant   
  16  beta_vw      0.00000e+00     fixed    
  17  LM          -7.43115e-04   constant   
  18  zeta_y       0.00000e+00   constant   
  19  zeta_vw      0.00000e+00   constant   
 MIGRAD MINIMIZATION HAS CONVERGED.
 MIGRAD WILL VERIFY CONVERGENCE AND ERROR MATRIX.
 COVARIANCE MATRIX CALCULATED SUCCESSFULLY
 FCN=54.9935 FROM MIGRAD    STATUS=CONVERGED     107 CALLS         299 TOTAL
                     EDM=9.01838e-07    STRATEGY= 1      ERROR MATRIX ACCURATE 
  EXT PARAMETER                                   STEP         FIRST   
  NO.   NAME      VALUE            ERROR          SIZE      DERIVATIVE 
   1  N0           3.18489e+06   5.99920e+02   2.12987e+00   3.75554e-07
   2  tau          6.43835e+01   constant   
   3  A0           3.44982e-01   2.49093e-04   8.76723e-07   8.27104e-01
   4  phi          4.12041e+00   7.39457e-04   2.61541e-06  -1.12423e+00
   5  R           -6.13244e+01   constant   
   6  alpha_CBO    1.37671e-03   2.71148e-04   9.69611e-07  -2.59423e+00
   7  w_CBO        2.32500e+00   constant   
   8  beta_CBO     3.25459e-03   2.63001e-04   9.32649e-07  -1.08778e-01
   9  alpha_2CBO   8.60426e-05   2.63029e-04   9.55002e-07   2.37017e+00
  10  beta_2CBO   -8.53696e-04     fixed    
  11  alpha_y      0.00000e+00     fixed    
  12  w_y          1.44500e+01   constant   
  13  beta_y       2.06506e-04     fixed    
  14  alpha_vw     0.00000e+00     fixed    
  15  w_vw         1.29000e+01   constant   
  16  beta_vw      0.00000e+00     fixed    
  17  LM          -7.43115e-04   constant   
  18  zeta_y       0.00000e+00   constant   
  19  zeta_vw      0.00000e+00   constant   
 EXTERNAL ERROR MATRIX.    NDIM=  25    NPAR=  6    ERR DEF=1
  3.599e+05  2.049e-02 -5.831e-02  5.586e-03 -8.505e-03  7.642e-03 
  2.049e-02  6.205e-08  9.297e-09 -2.212e-09 -1.487e-08 -8.615e-10 
 -5.831e-02  9.297e-09  5.468e-07  3.555e-08 -1.458e-08  9.887e-09 
  5.586e-03 -2.212e-09  3.555e-08  7.352e-08  1.834e-10  5.835e-09 
 -8.505e-03 -1.487e-08 -1.458e-08  1.834e-10  6.917e-08  2.427e-09 
  7.642e-03 -8.615e-10  9.887e-09  5.835e-09  2.427e-09  6.918e-08 
 PARAMETER  CORRELATION COEFFICIENTS  
       NO.  GLOBAL      1      3      4      6      8      9
        1  0.21492   1.000  0.137 -0.131  0.034 -0.054  0.048
        3  0.26842   0.137  1.000  0.050 -0.033 -0.227 -0.013
        4  0.25084  -0.131  0.050  1.000  0.177 -0.075  0.051
        6  0.20526   0.034 -0.033  0.177  1.000  0.003  0.082
        8  0.24086  -0.054 -0.227 -0.075  0.003  1.000  0.035
        9  0.11194   0.048 -0.013  0.051  0.082  0.035  1.000
MINUIT - FIT ONLY 1-y
 **********
 **   51 **RES 
 **********
                   PARAMETER   16  beta_vw RESTORED TO VARIABLE.
                   PARAMETER   14  alpha_vw RESTORED TO VARIABLE.
                   PARAMETER   13  beta_y RESTORED TO VARIABLE.
                   PARAMETER   11  alpha_y RESTORED TO VARIABLE.
                   PARAMETER   10  beta_2CBO RESTORED TO VARIABLE.
 **********
 **   52 **FIX            0
 **********
 PARAMETER    0  IS UNDEFINED. IGNORED.
 **********
 **   53 **FIX            1
 **********
 **********
 **   54 **FIX            2
 **********
 PARAMETER    2  IS CONSTANT.   IGNORED.
 **********
 **   55 **FIX            3
 **********
 **********
 **   56 **FIX            4
 **********
 **********
 **   57 **FIX            5
 **********
 PARAMETER    5  IS CONSTANT.   IGNORED.
 **********
 **   58 **FIX            6
 **********
 **********
 **   59 **FIX            7
 **********
 PARAMETER    7  IS CONSTANT.   IGNORED.
 **********
 **   60 **FIX            8
 **********
 **********
 **   61 **FIX            9
 **********
 **********
 **   62 **FIX           13
 **********
 **********
 **   63 **FIX           14
 **********
 **********
 **   64 **FIX           15
 **********
 PARAMETER   15  IS CONSTANT.   IGNORED.
 **********
 **   65 **FIX           16
 **********
 **********
 **   66 **MIGRAD
 **********
 START MIGRAD MINIMIZATION.  STRATEGY  1.  CONVERGENCE WHEN EDM .LT. 1.00e-04
 FCN=54.9935 FROM MIGRAD    STATUS=INITIATE        6 CALLS         305 TOTAL
                     EDM= unknown      STRATEGY= 1      NO ERROR MATRIX       
  EXT PARAMETER               CURRENT GUESS       STEP         FIRST   
  NO.   NAME      VALUE            ERROR          SIZE      DERIVATIVE 
   1  N0           3.18489e+06     fixed    
   2  tau          6.43835e+01   constant   
   3  A0           3.44982e-01     fixed    
   4  phi          4.12041e+00     fixed    
   5  R           -6.13244e+01   constant   
   6  alpha_CBO    1.37671e-03     fixed    
   7  w_CBO        2.32500e+00   constant   
   8  beta_CBO     3.25459e-03     fixed    
   9  alpha_2CBO   8.60426e-05     fixed    
  10  beta_2CBO   -8.53696e-04   2.59293e-04   2.59293e-04  -2.93141e+03
  11  alpha_y      0.00000e+00   1.00000e-03   1.00000e-03  -3.50910e+03
  12  w_y          1.44500e+01   constant   
  13  beta_y       2.06506e-04     fixed    
  14  alpha_vw     0.00000e+00     fixed    
  15  w_vw         1.29000e+01   constant   
  16  beta_vw      0.00000e+00     fixed    
  17  LM          -7.43115e-04   constant   
  18  zeta_y       0.00000e+00   constant   
  19  zeta_vw      0.00000e+00   constant   
 MIGRAD MINIMIZATION HAS CONVERGED.
 MIGRAD WILL VERIFY CONVERGENCE AND ERROR MATRIX.
 COVARIANCE MATRIX CALCULATED SUCCESSFULLY
 FCN=54.6395 FROM MIGRAD    STATUS=CONVERGED      26 CALLS         325 TOTAL
                     EDM=2.55625e-12    STRATEGY= 1      ERROR MATRIX ACCURATE 
  EXT PARAMETER                                   STEP         FIRST   
  NO.   NAME      VALUE            ERROR          SIZE      DERIVATIVE 
   1  N0           3.18489e+06     fixed    
   2  tau          6.43835e+01   constant   
   3  A0           3.44982e-01     fixed    
   4  phi          4.12041e+00     fixed    
   5  R           -6.13244e+01   constant   
   6  alpha_CBO    1.37671e-03     fixed    
   7  w_CBO        2.32500e+00   constant   
   8  beta_CBO     3.25459e-03     fixed    
   9  alpha_2CBO   8.60426e-05     fixed    
  10  beta_2CBO   -7.55772e-04   2.58979e-04   9.43244e-07   6.70959e-03
  11  alpha_y      1.19924e-04   2.61787e-04   9.53471e-07  -5.50522e-03
  12  w_y          1.44500e+01   constant   
  13  beta_y       2.06506e-04     fixed    
  14  alpha_vw     0.00000e+00     fixed    
  15  w_vw         1.29000e+01   constant   
  16  beta_vw      0.00000e+00     fixed    
  17  LM          -7.43115e-04   constant   
  18  zeta_y       0.00000e+00   constant   
  19  zeta_vw      0.00000e+00   constant   
 EXTERNAL ERROR MATRIX.    NDIM=  25    NPAR=  2    ERR DEF=1
  6.707e-08 -2.173e-10 
 -2.173e-10  6.853e-08 
 PARAMETER  CORRELATION COEFFICIENTS  
       NO.  GLOBAL     10     11
       10  0.00321   1.000 -0.003
       11  0.00321  -0.003  1.000
MINUIT - FIT ONLY 2-y
 **********
 **   67 **RES 
 **********
                   PARAMETER   16  beta_vw RESTORED TO VARIABLE.
                   PARAMETER   14  alpha_vw RESTORED TO VARIABLE.
                   PARAMETER   13  beta_y RESTORED TO VARIABLE.
                   PARAMETER    9  alpha_2CBO RESTORED TO VARIABLE.
                   PARAMETER    8  beta_CBO RESTORED TO VARIABLE.
                   PARAMETER    6  alpha_CBO RESTORED TO VARIABLE.
                   PARAMETER    4  phi RESTORED TO VARIABLE.
                   PARAMETER    3  A0 RESTORED TO VARIABLE.
                   PARAMETER    1  N0 RESTORED TO VARIABLE.
 **********
 **   68 **FIX            0
 **********
 PARAMETER    0  IS UNDEFINED. IGNORED.
 **********
 **   69 **FIX            1
 **********
 **********
 **   70 **FIX            2
 **********
 PARAMETER    2  IS CONSTANT.   IGNORED.
 **********
 **   71 **FIX            3
 **********
 **********
 **   72 **FIX            4
 **********
 **********
 **   73 **FIX            5
 **********
 PARAMETER    5  IS CONSTANT.   IGNORED.
 **********
 **   74 **FIX            6
 **********
 **********
 **   75 **FIX            7
 **********
 PARAMETER    7  IS CONSTANT.   IGNORED.
 **********
 **   76 **FIX            8
 **********
 **********
 **   77 **FIX            9
 **********
 **********
 **   78 **FIX           10
 **********
 **********
 **   79 **FIX           11
 **********
 **********
 **   80 **FIX           12
 **********
 PARAMETER   12  IS CONSTANT.   IGNORED.
 **********
 **   81 **FIX           16
 **********
 **********
 **   82 **MIGRAD
 **********
 START MIGRAD MINIMIZATION.  STRATEGY  1.  CONVERGENCE WHEN EDM .LT. 1.00e-04
 FCN=54.6395 FROM MIGRAD    STATUS=INITIATE        6 CALLS         331 TOTAL
                     EDM= unknown      STRATEGY= 1      NO ERROR MATRIX       
  EXT PARAMETER               CURRENT GUESS       STEP         FIRST   
  NO.   NAME      VALUE            ERROR          SIZE      DERIVATIVE 
   1  N0           3.18489e+06     fixed    
   2  tau          6.43835e+01   constant   
   3  A0           3.44982e-01     fixed    
   4  phi          4.12041e+00     fixed    
   5  R           -6.13244e+01   constant   
   6  alpha_CBO    1.37671e-03     fixed    
   7  w_CBO        2.32500e+00   constant   
   8  beta_CBO     3.25459e-03     fixed    
   9  alpha_2CBO   8.60426e-05     fixed    
  10  beta_2CBO   -7.55772e-04     fixed    
  11  alpha_y      1.19924e-04     fixed    
  12  w_y          1.44500e+01   constant   
  13  beta_y       2.06506e-04   2.58690e-04   2.58690e-04  -7.13079e+02
  14  alpha_vw     0.00000e+00   1.00000e-03   1.00000e-03  -1.48378e+03
  15  w_vw         1.29000e+01   constant   
  16  beta_vw      0.00000e+00     fixed    
  17  LM          -7.43115e-04   constant   
  18  zeta_y       0.00000e+00   constant   
  19  zeta_vw      0.00000e+00   constant   
 MIGRAD MINIMIZATION HAS CONVERGED.
 MIGRAD WILL VERIFY CONVERGENCE AND ERROR MATRIX.
 COVARIANCE MATRIX CALCULATED SUCCESSFULLY
 FCN=54.5977 FROM MIGRAD    STATUS=CONVERGED      32 CALLS         357 TOTAL
                     EDM=1.23985e-18    STRATEGY= 1      ERROR MATRIX ACCURATE 
  EXT PARAMETER                                   STEP         FIRST   
  NO.   NAME      VALUE            ERROR          SIZE      DERIVATIVE 
   1  N0           3.18489e+06     fixed    
   2  tau          6.43835e+01   constant   
   3  A0           3.44982e-01     fixed    
   4  phi          4.12041e+00     fixed    
   5  R           -6.13244e+01   constant   
   6  alpha_CBO    1.37671e-03     fixed    
   7  w_CBO        2.32500e+00   constant   
   8  beta_CBO     3.25459e-03     fixed    
   9  alpha_2CBO   8.60426e-05     fixed    
  10  beta_2CBO   -7.55772e-04     fixed    
  11  alpha_y      1.19924e-04     fixed    
  12  w_y          1.44500e+01   constant   
  13  beta_y       2.24306e-04   2.60678e-04   9.41403e-07  -5.34000e-06
  14  alpha_vw     4.77876e-05   2.61873e-04   9.45720e-07   2.21641e-06
  15  w_vw         1.29000e+01   constant   
  16  beta_vw      0.00000e+00     fixed    
  17  LM          -7.43115e-04   constant   
  18  zeta_y       0.00000e+00   constant   
  19  zeta_vw      0.00000e+00   constant   
 EXTERNAL ERROR MATRIX.    NDIM=  25    NPAR=  2    ERR DEF=1
  6.795e-08 -8.664e-09 
 -8.664e-09  6.858e-08 
 PARAMETER  CORRELATION COEFFICIENTS  
       NO.  GLOBAL     13     14
       13  0.12692   1.000 -0.127
       14  0.12692  -0.127  1.000
MINUIT - FIT ALTOGETHER
 **********
 **   83 **RES 
 **********
                   PARAMETER   16  beta_vw RESTORED TO VARIABLE.
                   PARAMETER   11  alpha_y RESTORED TO VARIABLE.
                   PARAMETER   10  beta_2CBO RESTORED TO VARIABLE.
                   PARAMETER    9  alpha_2CBO RESTORED TO VARIABLE.
                   PARAMETER    8  beta_CBO RESTORED TO VARIABLE.
                   PARAMETER    6  alpha_CBO RESTORED TO VARIABLE.
                   PARAMETER    4  phi RESTORED TO VARIABLE.
                   PARAMETER    3  A0 RESTORED TO VARIABLE.
                   PARAMETER    1  N0 RESTORED TO VARIABLE.
 **********
 **   84 **MIGRAD
 **********
 START MIGRAD MINIMIZATION.  STRATEGY  1.  CONVERGENCE WHEN EDM .LT. 1.00e-04
 FCN=54.5977 FROM MIGRAD    STATUS=INITIATE       24 CALLS         381 TOTAL
                     EDM= unknown      STRATEGY= 1      NO ERROR MATRIX       
  EXT PARAMETER               CURRENT GUESS       STEP         FIRST   
  NO.   NAME      VALUE            ERROR          SIZE      DERIVATIVE 
   1  N0           3.18489e+06   5.99920e+02   5.99920e+02   7.44970e-06
   2  tau          6.43835e+01   constant   
   3  A0           3.44982e-01   2.49093e-04   2.49093e-04   1.17143e+02
   4  phi          4.12041e+00   7.39457e-04   7.39457e-04   1.61359e+01
   5  R           -6.13244e+01   constant   
   6  alpha_CBO    1.37671e-03   2.71148e-04   2.71148e-04   7.11453e+01
   7  w_CBO        2.32500e+00   constant   
   8  beta_CBO     3.25459e-03   2.63001e-04   2.63001e-04  -3.50560e+01
   9  alpha_2CBO   8.60426e-05   2.63029e-04   2.63029e-04  -4.33464e+01
  10  beta_2CBO   -7.55772e-04   2.58979e-04   2.58979e-04   3.47132e+00
  11  alpha_y      1.19924e-04   2.61787e-04   2.61787e-04   5.34269e+01
  12  w_y          1.44500e+01   constant   
  13  beta_y       2.24306e-04   2.60678e-04   9.41403e-07  -1.03781e-06
  14  alpha_vw     4.77876e-05   2.61873e-04   9.45720e-07  -1.03683e-06
  15  w_vw         1.29000e+01   constant   
  16  beta_vw      0.00000e+00   1.00000e-03   1.00000e-03  -6.80881e+02
  17  LM          -7.43115e-04   constant   
  18  zeta_y       0.00000e+00   constant   
  19  zeta_vw      0.00000e+00   constant   
 MIGRAD MINIMIZATION HAS CONVERGED.
 MIGRAD WILL VERIFY CONVERGENCE AND ERROR MATRIX.
 COVARIANCE MATRIX CALCULATED SUCCESSFULLY
 FCN=54.5894 FROM MIGRAD    STATUS=CONVERGED     171 CALLS         528 TOTAL
                     EDM=3.66682e-06    STRATEGY= 1      ERROR MATRIX ACCURATE 
  EXT PARAMETER                                   STEP         FIRST   
  NO.   NAME      VALUE            ERROR          SIZE      DERIVATIVE 
   1  N0           3.18489e+06   6.00064e+02   2.12217e+00   2.86525e-07
   2  tau          6.43835e+01   constant   
   3  A0           3.44979e-01   2.49508e-04   8.73559e-07   9.86444e+00
   4  phi          4.12040e+00   7.39648e-04   2.60598e-06   6.44036e-01
   5  R           -6.13244e+01   constant   
   6  alpha_CBO    1.37441e-03   2.71278e-04   9.66106e-07   3.14487e+00
   7  w_CBO        2.32500e+00   constant   
   8  beta_CBO     3.25718e-03   2.63169e-04   9.29278e-07   1.13794e+00
   9  alpha_2CBO   8.73098e-05   2.63097e-04   9.51551e-07  -3.97511e-01
  10  beta_2CBO   -7.54862e-04   2.59609e-04   9.42821e-07   3.05844e-01
  11  alpha_y      1.20960e-04   2.64116e-04   9.53042e-07  -1.45515e+00
  12  w_y          1.44500e+01   constant   
  13  beta_y       2.23021e-04   2.61164e-04   9.41333e-07  -8.07706e-01
  14  alpha_vw     4.76302e-05   2.62141e-04   9.45650e-07  -1.30088e+00
  15  w_vw         1.29000e+01   constant   
  16  beta_vw      2.32943e-05   2.63250e-04   9.48623e-07   9.10028e-01
  17  LM          -7.43115e-04   constant   
  18  zeta_y       0.00000e+00   constant   
  19  zeta_vw      0.00000e+00   constant   
 EXTERNAL ERROR MATRIX.    NDIM=  25    NPAR= 11    ERR DEF=1
  3.601e+05 
  2.047e-02  6.225e-08 
 -5.819e-02  9.474e-09  5.471e-07 
  5.682e-03 -2.192e-09  3.565e-08  7.359e-08 
 -8.439e-03 -1.495e-08 -1.460e-08  1.896e-10  6.926e-08 
  7.682e-03 -9.275e-10  9.857e-09  5.853e-09  2.456e-09  6.922e-08 
  6.508e-04 -3.179e-09 -2.582e-09 -5.516e-10  2.150e-09  9.432e-10  6.740e-08 
 -2.207e-03  8.739e-10 -1.403e-09 -1.550e-09 -3.272e-10 -5.453e-10  3.005e-11  6.976e-08 
  1.621e-03  7.212e-10  2.198e-09  8.193e-10  5.204e-10  3.949e-11  1.210e-09 -8.343e-10  6.821e-08 
  7.234e-04 -1.001e-09 -5.130e-10  8.095e-10 -2.751e-10  1.113e-09 -7.684e-10 -2.415e-09 -8.643e-09  6.872e-08 
  1.489e-03  1.254e-09  1.875e-09  6.174e-10  9.944e-10 -6.843e-11  2.203e-09  8.626e-09 -3.534e-09 -6.754e-10  6.930e-08 
 PARAMETER  CORRELATION COEFFICIENTS  
       NO.  GLOBAL      1      3      4      6      8      9     10     11     13     14     16
        1  0.21598   1.000  0.137 -0.131  0.035 -0.053  0.049  0.004 -0.014  0.010  0.005  0.009
        3  0.27409   0.137  1.000  0.051 -0.032 -0.228 -0.014 -0.049  0.013  0.011 -0.015  0.019
        4  0.25177  -0.131  0.051  1.000  0.178 -0.075  0.051 -0.013 -0.007  0.011 -0.003  0.010
        6  0.20749   0.035 -0.032  0.178  1.000  0.003  0.082 -0.008 -0.022  0.012  0.011  0.009
        8  0.24334  -0.053 -0.228 -0.075  0.003  1.000  0.035  0.031 -0.005  0.008 -0.004  0.014
        9  0.11419   0.049 -0.014  0.051  0.082  0.035  1.000  0.014 -0.008  0.001  0.016 -0.001
       10  0.06970   0.004 -0.049 -0.013 -0.008  0.031  0.014  1.000  0.000  0.018 -0.011  0.032
       11  0.13254  -0.014  0.013 -0.007 -0.022 -0.005 -0.008  0.000  1.000 -0.012 -0.035  0.124
       13  0.14059   0.010  0.011  0.011  0.012  0.008  0.001  0.018 -0.012  1.000 -0.126 -0.051
       14  0.13460   0.005 -0.015 -0.003  0.011 -0.004  0.016 -0.011 -0.035 -0.126  1.000 -0.010
       16  0.14227   0.009  0.019  0.010  0.009  0.014 -0.001  0.032  0.124 -0.051 -0.010  1.000
MINUIT - MINOS
 **********
 **   85 **RES 
 **********
 CALL TO MNFREE IGNORED.  THERE ARE NO FIXED PARAMETERS
 **********
 **   86 **MIG      2.5e+04        0.01
 **********
 START MIGRAD MINIMIZATION.  STRATEGY  1.  CONVERGENCE WHEN EDM .LT. 1.00e-05
 FCN=54.5894 FROM MIGRAD    STATUS=INITIATE       22 CALLS         550 TOTAL
                     EDM=1.83341e-06    STRATEGY= 1      ERROR MATRIX ACCURATE 
  EXT PARAMETER                                   STEP         FIRST   
  NO.   NAME      VALUE            ERROR          SIZE      DERIVATIVE 
   1  N0           3.18489e+06   6.00064e+02   2.12217e+00   2.86525e-07
   2  tau          6.43835e+01   constant   
   3  A0           3.44979e-01   2.49508e-04   8.73559e-07   9.86444e+00
   4  phi          4.12040e+00   7.39648e-04   2.60598e-06   6.44038e-01
   5  R           -6.13244e+01   constant   
   6  alpha_CBO    1.37441e-03   2.71278e-04   9.66106e-07   3.14488e+00
   7  w_CBO        2.32500e+00   constant   
   8  beta_CBO     3.25718e-03   2.63169e-04   9.29278e-07   1.13793e+00
   9  alpha_2CBO   8.73098e-05   2.63097e-04   9.51551e-07  -3.97505e-01
  10  beta_2CBO   -7.54862e-04   2.59609e-04   9.42821e-07   3.05841e-01
  11  alpha_y      1.20960e-04   2.64116e-04   9.53042e-07  -1.45515e+00
  12  w_y          1.44500e+01   constant   
  13  beta_y       2.23021e-04   2.61164e-04   9.41333e-07  -8.07704e-01
  14  alpha_vw     4.76302e-05   2.62141e-04   9.45650e-07  -1.30088e+00
  15  w_vw         1.29000e+01   constant   
  16  beta_vw      2.32943e-05   2.63250e-04   9.48623e-07   9.10029e-01
  17  LM          -7.43115e-04   constant   
  18  zeta_y       0.00000e+00   constant   
  19  zeta_vw      0.00000e+00   constant   
 MIGRAD MINIMIZATION HAS CONVERGED.
 FCN=54.5894 FROM MIGRAD    STATUS=CONVERGED      45 CALLS         573 TOTAL
                     EDM=6.34902e-18    STRATEGY= 1  ERROR MATRIX UNCERTAINTY   0.0 per cent
  EXT PARAMETER                                   STEP         FIRST   
  NO.   NAME      VALUE            ERROR          SIZE      DERIVATIVE 
   1  N0           3.18489e+06   6.00064e+02  -1.37669e-01   4.38948e-12
   2  tau          6.43835e+01   constant   
   3  A0           3.44979e-01   2.49508e-04  -3.01078e-07   3.10714e-06
   4  phi          4.12040e+00   7.39648e-04  -2.61284e-07   6.07347e-06
   5  R           -6.13244e+01   constant   
   6  alpha_CBO    1.37429e-03   2.71278e-04  -1.16614e-07  -1.90487e-06
   7  w_CBO        2.32500e+00   constant   
   8  beta_CBO     3.25721e-03   2.63169e-04   3.94213e-08  -1.22339e-07
   9  alpha_2CBO   8.73135e-05   2.63097e-04   3.68635e-09  -1.36277e-06
  10  beta_2CBO   -7.54858e-04   2.59609e-04   4.94987e-09  -1.26234e-06
  11  alpha_y      1.21004e-04   2.64116e-04   4.38885e-08   1.24507e-06
  12  w_y          1.44500e+01   constant   
  13  beta_y       2.23037e-04   2.61164e-04   1.66657e-08   1.11337e-06
  14  alpha_vw     4.76741e-05   2.62141e-04   4.39763e-08  -1.05193e-06
  15  w_vw         1.29000e+01   constant   
  16  beta_vw      2.32582e-05   2.63250e-04  -3.60137e-08  -1.29956e-06
  17  LM          -7.43115e-04   constant   
  18  zeta_y       0.00000e+00   constant   
  19  zeta_vw      0.00000e+00   constant   
 EXTERNAL ERROR MATRIX.    NDIM=  25    NPAR= 11    ERR DEF=1
  3.601e+05 
  2.047e-02  6.225e-08 
 -5.819e-02  9.474e-09  5.471e-07 
  5.682e-03 -2.192e-09  3.565e-08  7.359e-08 
 -8.439e-03 -1.495e-08 -1.460e-08  1.896e-10  6.926e-08 
  7.682e-03 -9.275e-10  9.857e-09  5.853e-09  2.456e-09  6.922e-08 
  6.508e-04 -3.179e-09 -2.582e-09 -5.516e-10  2.150e-09  9.432e-10  6.740e-08 
 -2.207e-03  8.739e-10 -1.403e-09 -1.550e-09 -3.272e-10 -5.453e-10  3.005e-11  6.976e-08 
  1.621e-03  7.212e-10  2.198e-09  8.193e-10  5.204e-10  3.949e-11  1.210e-09 -8.343e-10  6.821e-08 
  7.234e-04 -1.001e-09 -5.130e-10  8.095e-10 -2.751e-10  1.113e-09 -7.684e-10 -2.415e-09 -8.643e-09  6.872e-08 
  1.489e-03  1.254e-09  1.875e-09  6.174e-10  9.944e-10 -6.843e-11  2.203e-09  8.626e-09 -3.534e-09 -6.754e-10  6.930e-08 
 PARAMETER  CORRELATION COEFFICIENTS  
       NO.  GLOBAL      1      3      4      6      8      9     10     11     13     14     16
        1  0.21598   1.000  0.137 -0.131  0.035 -0.053  0.049  0.004 -0.014  0.010  0.005  0.009
        3  0.27409   0.137  1.000  0.051 -0.032 -0.228 -0.014 -0.049  0.013  0.011 -0.015  0.019
        4  0.25177  -0.131  0.051  1.000  0.178 -0.075  0.051 -0.013 -0.007  0.011 -0.003  0.010
        6  0.20749   0.035 -0.032  0.178  1.000  0.003  0.082 -0.008 -0.022  0.012  0.011  0.009
        8  0.24334  -0.053 -0.228 -0.075  0.003  1.000  0.035  0.031 -0.005  0.008 -0.004  0.014
        9  0.11419   0.049 -0.014  0.051  0.082  0.035  1.000  0.014 -0.008  0.001  0.016 -0.001
       10  0.06970   0.004 -0.049 -0.013 -0.008  0.031  0.014  1.000  0.000  0.018 -0.011  0.032
       11  0.13254  -0.014  0.013 -0.007 -0.022 -0.005 -0.008  0.000  1.000 -0.012 -0.035  0.124
       13  0.14059   0.010  0.011  0.011  0.012  0.008  0.001  0.018 -0.012  1.000 -0.126 -0.051
       14  0.13460   0.005 -0.015 -0.003  0.011 -0.004  0.016 -0.011 -0.035 -0.126  1.000 -0.010
       16  0.14227   0.009  0.019  0.010  0.009  0.014 -0.001  0.032  0.124 -0.051 -0.010  1.000
 **********
 **   87 **MINO      2.5e+04
 **********
 FCN=54.5894 FROM MINOS     STATUS=SUCCESSFUL    924 CALLS        1497 TOTAL
                     EDM=6.34902e-18    STRATEGY= 1  ERROR MATRIX UNCERTAINTY   0.0 per cent
  EXT PARAMETER                  PARABOLIC         MINOS ERRORS        
  NO.   NAME      VALUE            ERROR      NEGATIVE      POSITIVE   
   1  N0           3.18489e+06   6.00064e+02  -6.00064e+02   6.00064e+02
   2  tau          6.43835e+01   constant   
   3  A0           3.44979e-01   2.49508e-04  -2.49516e-04   2.49501e-04
   4  phi          4.12040e+00   7.39648e-04  -7.39660e-04   7.39638e-04
   5  R           -6.13244e+01   constant   
   6  alpha_CBO    1.37429e-03   2.71278e-04  -2.71281e-04   2.71275e-04
   7  w_CBO        2.32500e+00   constant   
   8  beta_CBO     3.25721e-03   2.63169e-04  -2.63167e-04   2.63170e-04
   9  alpha_2CBO   8.73135e-05   2.63097e-04  -2.63100e-04   2.63094e-04
  10  beta_2CBO   -7.54858e-04   2.59609e-04  -2.59610e-04   2.59609e-04
  11  alpha_y      1.21004e-04   2.64116e-04  -2.64115e-04   2.64116e-04
  12  w_y          1.44500e+01   constant   
  13  beta_y       2.23037e-04   2.61164e-04  -2.61164e-04   2.61163e-04
  14  alpha_vw     4.76741e-05   2.62141e-04  -2.62141e-04   2.62140e-04
  15  w_vw         1.29000e+01   constant   
  16  beta_vw      2.32582e-05   2.63250e-04  -2.63250e-04   2.63249e-04
  17  LM          -7.43115e-04   constant   
  18  zeta_y       0.00000e+00   constant   
  19  zeta_vw      0.00000e+00   constant   
 **********
 **   88 **SHO COR 
 **********
 PARAMETER  CORRELATION COEFFICIENTS  
       NO.  GLOBAL      1      3      4      6      8      9     10     11     13     14     16
        1  0.21598   1.000  0.137 -0.131  0.035 -0.053  0.049  0.004 -0.014  0.010  0.005  0.009
        3  0.27409   0.137  1.000  0.051 -0.032 -0.228 -0.014 -0.049  0.013  0.011 -0.015  0.019
        4  0.25177  -0.131  0.051  1.000  0.178 -0.075  0.051 -0.013 -0.007  0.011 -0.003  0.010
        6  0.20749   0.035 -0.032  0.178  1.000  0.003  0.082 -0.008 -0.022  0.012  0.011  0.009
        8  0.24334  -0.053 -0.228 -0.075  0.003  1.000  0.035  0.031 -0.005  0.008 -0.004  0.014
        9  0.11419   0.049 -0.014  0.051  0.082  0.035  1.000  0.014 -0.008  0.001  0.016 -0.001
       10  0.06970   0.004 -0.049 -0.013 -0.008  0.031  0.014  1.000  0.000  0.018 -0.011  0.032
       11  0.13254  -0.014  0.013 -0.007 -0.022 -0.005 -0.008  0.000  1.000 -0.012 -0.035  0.124
       13  0.14059   0.010  0.011  0.011  0.012  0.008  0.001  0.018 -0.012  1.000 -0.126 -0.051
       14  0.13460   0.005 -0.015 -0.003  0.011 -0.004  0.016 -0.011 -0.035 -0.126  1.000 -0.010
       16  0.14227   0.009  0.019  0.010  0.009  0.014 -0.001  0.032  0.124 -0.051 -0.010  1.000
