 + ++++++++++++++++++++++++++++++++++++++++++++++++++++++++++++++++++++ +
 +                                                                      +
 +           You have chose to blind your fitting according to          +
 +                omega_ref * (1 + (R +/- deltaR) *10^{-6})             +
 +                                                                      +
 + ++++++++++++++++++++++++++++++++++++++++++++++++++++++++++++++++++++ +
In main()...
reading format from /gm2data/zkhechad/run45/envelope/formats/formatB_sBin_constraintOn.txt
pBinTau 	= 0  
pBinPhi 	= 0  
constraintau 	= 1 
includeMopTerm 	= 0    
constrainMop    = 0   
Parameters after format file: pBinTau 0 pBinPhi 0 constraintau 1 includeMopTerm 0 constrainMop 0 c_e_scale 0.000000 
Opening file /gm2data/tbarrett/gm2fr/studies/run23_bunch_corrections/CorrectedFourier_Run3b.root.
reading full fit data from /gm2data/zkhechad/cboTemplates/Run4CBOTemplates/fullFits/noRF/sBin_constraintOn_cE0.0_seed0_noRF_calo1.root
windowBins = 70
fitting sliding window 1120 from bin 1323 at 197.391600 to bin 1393 at 207.835600 (70 bins)

Reading data from /gm2data/cornell/histograms/aMethod/histogram_a_noRF.root
 **********
 **    1 **SET PRINTOUT            1
 **********
 **********
 **    2 **SET NOWARNINGS 
 **********
 PARAMETER DEFINITIONS:
    NO.   NAME         VALUE      STEP SIZE      LIMITS
     1 N0           3.52742e+06  1.00000e+02     no limits
     2 tau          6.44342e+01  constant
     3 A0           3.54699e-01  1.00000e-04     no limits
     4 phi          4.12308e+00  1.00000e-02     no limits
     5 R           -6.05813e+01  constant
     6 alpha_CBO    0.00000e+00  1.00000e-03     no limits
     7 w_CBO        2.32500e+00  constant
     8 beta_CBO     0.00000e+00  1.00000e-03     no limits
     9 alpha_2CBO   0.00000e+00  1.00000e-03     no limits
    10 beta_2CBO    0.00000e+00  1.00000e-03     no limits
    11 alpha_y      0.00000e+00  1.00000e-03     no limits
    12 w_y          1.44500e+01  constant
    13 beta_y       0.00000e+00  1.00000e-03     no limits
    14 alpha_vw     0.00000e+00  1.00000e-03     no limits
    15 w_vw         1.29000e+01  constant
    16 beta_vw      0.00000e+00  1.00000e-03     no limits
    17 LM           1.10061e-03  constant
    18 zeta_y       0.00000e+00  constant
    19 zeta_vw      0.00000e+00  constant
MINUIT - FIT ONLY WIGGLE
 **********
 **    3 **FIX            5
 **********
 PARAMETER    5  IS CONSTANT.   IGNORED.
 **********
 **    4 **FIX            6
 **********
 **********
 **    5 **FIX            7
 **********
 PARAMETER    7  IS CONSTANT.   IGNORED.
 **********
 **    6 **FIX            8
 **********
 **********
 **    7 **FIX            9
 **********
 **********
 **    8 **FIX           10
 **********
 **********
 **    9 **FIX           11
 **********
 **********
 **   10 **FIX           12
 **********
 PARAMETER   12  IS CONSTANT.   IGNORED.
 **********
 **   11 **FIX           13
 **********
 **********
 **   12 **FIX           14
 **********
 **********
 **   13 **FIX           15
 **********
 PARAMETER   15  IS CONSTANT.   IGNORED.
 **********
 **   14 **FIX           16
 **********
 **********
 **   15 **MIGRAD
 **********
 FIRST CALL TO USER FUNCTION AT NEW START POINT, WITH IFLAG=4.
 START MIGRAD MINIMIZATION.  STRATEGY  1.  CONVERGENCE WHEN EDM .LT. 1.00e-04
 FCN=290.121 FROM MIGRAD    STATUS=INITIATE       12 CALLS          13 TOTAL
                     EDM= unknown      STRATEGY= 1      NO ERROR MATRIX       
  EXT PARAMETER               CURRENT GUESS       STEP         FIRST   
  NO.   NAME      VALUE            ERROR          SIZE      DERIVATIVE 
   1  N0           3.52742e+06   1.00000e+02   1.00000e+02  -1.25131e-03
   2  tau          6.44342e+01   constant   
   3  A0           3.54699e-01   1.00000e-04   1.00000e-04   1.33442e+04
   4  phi          4.12308e+00   1.00000e-02   1.00000e-02   3.77774e+03
   5  R           -6.05813e+01   constant   
   6  alpha_CBO    0.00000e+00     fixed    
   7  w_CBO        2.32500e+00   constant   
   8  beta_CBO     0.00000e+00     fixed    
   9  alpha_2CBO   0.00000e+00     fixed    
  10  beta_2CBO    0.00000e+00     fixed    
  11  alpha_y      0.00000e+00     fixed    
  12  w_y          1.44500e+01   constant   
  13  beta_y       0.00000e+00     fixed    
  14  alpha_vw     0.00000e+00     fixed    
  15  w_vw         1.29000e+01   constant   
  16  beta_vw      0.00000e+00     fixed    
  17  LM           1.10061e-03   constant   
  18  zeta_y       0.00000e+00   constant   
  19  zeta_vw      0.00000e+00   constant   
 MIGRAD MINIMIZATION HAS CONVERGED.
 MIGRAD WILL VERIFY CONVERGENCE AND ERROR MATRIX.
 COVARIANCE MATRIX CALCULATED SUCCESSFULLY
 FCN=285.571 FROM MIGRAD    STATUS=CONVERGED      52 CALLS          53 TOTAL
                     EDM=3.83801e-12    STRATEGY= 1      ERROR MATRIX ACCURATE 
  EXT PARAMETER                                   STEP         FIRST   
  NO.   NAME      VALUE            ERROR          SIZE      DERIVATIVE 
   1  N0           3.52746e+06   6.88864e+02   5.55286e+00  -3.04340e-10
   2  tau          6.44342e+01   constant   
   3  A0           3.54287e-01   2.55059e-04   2.09871e-06  -8.65743e-03
   4  phi          4.12214e+00   7.42371e-04   6.04061e-06  -2.26628e-03
   5  R           -6.05813e+01   constant   
   6  alpha_CBO    0.00000e+00     fixed    
   7  w_CBO        2.32500e+00   constant   
   8  beta_CBO     0.00000e+00     fixed    
   9  alpha_2CBO   0.00000e+00     fixed    
  10  beta_2CBO    0.00000e+00     fixed    
  11  alpha_y      0.00000e+00     fixed    
  12  w_y          1.44500e+01   constant   
  13  beta_y       0.00000e+00     fixed    
  14  alpha_vw     0.00000e+00     fixed    
  15  w_vw         1.29000e+01   constant   
  16  beta_vw      0.00000e+00     fixed    
  17  LM           1.10061e-03   constant   
  18  zeta_y       0.00000e+00   constant   
  19  zeta_vw      0.00000e+00   constant   
 EXTERNAL ERROR MATRIX.    NDIM=  25    NPAR=  3    ERR DEF=1
  4.745e+05  1.417e-02  8.629e-02 
  1.417e-02  6.506e-08 -6.833e-09 
  8.629e-02 -6.833e-09  5.511e-07 
 PARAMETER  CORRELATION COEFFICIENTS  
       NO.  GLOBAL      1      3      4
        1  0.18975   1.000  0.081  0.169
        3  0.09512   0.081  1.000 -0.036
        4  0.17595   0.169 -0.036  1.000
MINUIT - FIT ONLY 1-CBO + wiggle
 **********
 **   16 **RES 
 **********
                   PARAMETER   16  beta_vw RESTORED TO VARIABLE.
                   PARAMETER   14  alpha_vw RESTORED TO VARIABLE.
                   PARAMETER   13  beta_y RESTORED TO VARIABLE.
                   PARAMETER   11  alpha_y RESTORED TO VARIABLE.
                   PARAMETER   10  beta_2CBO RESTORED TO VARIABLE.
                   PARAMETER    9  alpha_2CBO RESTORED TO VARIABLE.
                   PARAMETER    8  beta_CBO RESTORED TO VARIABLE.
                   PARAMETER    6  alpha_CBO RESTORED TO VARIABLE.
 **********
 **   17 **FIX            8
 **********
 **********
 **   18 **FIX            9
 **********
 **********
 **   19 **FIX           11
 **********
 **********
 **   20 **FIX           12
 **********
 PARAMETER   12  IS CONSTANT.   IGNORED.
 **********
 **   21 **FIX           14
 **********
 **********
 **   22 **FIX           15
 **********
 PARAMETER   15  IS CONSTANT.   IGNORED.
 **********
 **   23 **FIX           16
 **********
 **********
 **   24 **MIGRAD
 **********
 START MIGRAD MINIMIZATION.  STRATEGY  1.  CONVERGENCE WHEN EDM .LT. 1.00e-04
 FCN=285.571 FROM MIGRAD    STATUS=INITIATE       18 CALLS          71 TOTAL
                     EDM= unknown      STRATEGY= 1      NO ERROR MATRIX       
  EXT PARAMETER               CURRENT GUESS       STEP         FIRST   
  NO.   NAME      VALUE            ERROR          SIZE      DERIVATIVE 
   1  N0           3.52746e+06   6.88864e+02   5.55286e+00  -3.05752e-10
   2  tau          6.44342e+01   constant   
   3  A0           3.54287e-01   2.55059e-04   2.09871e-06  -8.65110e-03
   4  phi          4.12214e+00   7.42371e-04   6.04061e-06  -2.26922e-03
   5  R           -6.05813e+01   constant   
   6  alpha_CBO    0.00000e+00   1.00000e-03   1.00000e-03   4.51629e+04
   7  w_CBO        2.32500e+00   constant   
   8  beta_CBO     0.00000e+00     fixed    
   9  alpha_2CBO   0.00000e+00     fixed    
  10  beta_2CBO    0.00000e+00   1.00000e-03   1.00000e-03   1.25411e+03
  11  alpha_y      0.00000e+00     fixed    
  12  w_y          1.44500e+01   constant   
  13  beta_y       0.00000e+00   1.00000e-03   1.00000e-03  -3.07646e+03
  14  alpha_vw     0.00000e+00     fixed    
  15  w_vw         1.29000e+01   constant   
  16  beta_vw      0.00000e+00     fixed    
  17  LM           1.10061e-03   constant   
  18  zeta_y       0.00000e+00   constant   
  19  zeta_vw      0.00000e+00   constant   
 MIGRAD MINIMIZATION HAS CONVERGED.
 MIGRAD WILL VERIFY CONVERGENCE AND ERROR MATRIX.
 COVARIANCE MATRIX CALCULATED SUCCESSFULLY
 FCN=245.627 FROM MIGRAD    STATUS=CONVERGED     113 CALLS         166 TOTAL
                     EDM=2.31817e-06    STRATEGY= 1      ERROR MATRIX ACCURATE 
  EXT PARAMETER                                   STEP         FIRST   
  NO.   NAME      VALUE            ERROR          SIZE      DERIVATIVE 
   1  N0           3.52730e+06   6.89542e+02   5.15111e+00  -4.75422e-07
   2  tau          6.44342e+01   constant   
   3  A0           3.54122e-01   2.56656e-04   1.94679e-06  -3.23131e+00
   4  phi          4.12290e+00   7.52857e-04   5.60729e-06  -4.89793e-01
   5  R           -6.05813e+01   constant   
   6  alpha_CBO   -1.76098e-03   2.79359e-04   2.10157e-06   1.67100e-01
   7  w_CBO        2.32500e+00   constant   
   8  beta_CBO     0.00000e+00     fixed    
   9  alpha_2CBO   0.00000e+00     fixed    
  10  beta_2CBO   -1.38200e-05   2.73180e-04   2.09002e-06  -6.08897e+00
  11  alpha_y      0.00000e+00     fixed    
  12  w_y          1.44500e+01   constant   
  13  beta_y       1.12122e-04   2.71607e-04   2.08218e-06   3.16246e+00
  14  alpha_vw     0.00000e+00     fixed    
  15  w_vw         1.29000e+01   constant   
  16  beta_vw      0.00000e+00     fixed    
  17  LM           1.10061e-03   constant   
  18  zeta_y       0.00000e+00   constant   
  19  zeta_vw      0.00000e+00   constant   
 EXTERNAL ERROR MATRIX.    NDIM=  25    NPAR=  6    ERR DEF=1
  4.755e+05  1.464e-02  8.298e-02  7.270e-03 -4.619e-03 -6.120e-04 
  1.464e-02  6.587e-08 -9.676e-09  7.078e-09  3.285e-09 -1.474e-09 
  8.298e-02 -9.676e-09  5.668e-07 -3.381e-08  5.498e-09  5.810e-10 
  7.270e-03  7.078e-09 -3.381e-08  7.804e-08 -1.440e-09  5.059e-11 
 -4.619e-03  3.285e-09  5.498e-09 -1.440e-09  7.463e-08  5.172e-10 
 -6.120e-04 -1.474e-09  5.810e-10  5.059e-11  5.172e-10  7.377e-08 
 PARAMETER  CORRELATION COEFFICIENTS  
       NO.  GLOBAL      1      3      4      6     10     13
        1  0.19491   1.000  0.083  0.160  0.038 -0.025 -0.003
        3  0.14667   0.083  1.000 -0.050  0.099  0.047 -0.021
        4  0.23791   0.160 -0.050  1.000 -0.161  0.027  0.003
        6  0.19376   0.038  0.099 -0.161  1.000 -0.019  0.001
       10  0.06743  -0.025  0.047  0.027 -0.019  1.000  0.007
       13  0.02294  -0.003 -0.021  0.003  0.001  0.007  1.000
MINUIT - FIT ONLY 2-CBO
 **********
 **   25 **RES 
 **********
                   PARAMETER   16  beta_vw RESTORED TO VARIABLE.
                   PARAMETER   14  alpha_vw RESTORED TO VARIABLE.
                   PARAMETER   11  alpha_y RESTORED TO VARIABLE.
                   PARAMETER    9  alpha_2CBO RESTORED TO VARIABLE.
                   PARAMETER    8  beta_CBO RESTORED TO VARIABLE.
 **********
 **   26 **FIX            0
 **********
 PARAMETER    0  IS UNDEFINED. IGNORED.
 **********
 **   27 **FIX            1
 **********
 **********
 **   28 **FIX            2
 **********
 PARAMETER    2  IS CONSTANT.   IGNORED.
 **********
 **   29 **FIX            3
 **********
 **********
 **   30 **FIX            4
 **********
 **********
 **   31 **FIX            5
 **********
 PARAMETER    5  IS CONSTANT.   IGNORED.
 **********
 **   32 **FIX            6
 **********
 **********
 **   33 **FIX            7
 **********
 PARAMETER    7  IS CONSTANT.   IGNORED.
 **********
 **   34 **FIX           10
 **********
 **********
 **   35 **FIX           11
 **********
 **********
 **   36 **FIX           12
 **********
 PARAMETER   12  IS CONSTANT.   IGNORED.
 **********
 **   37 **FIX           13
 **********
 **********
 **   38 **FIX           14
 **********
 **********
 **   39 **FIX           15
 **********
 PARAMETER   15  IS CONSTANT.   IGNORED.
 **********
 **   40 **FIX           16
 **********
 **********
 **   41 **MIGRAD
 **********
 START MIGRAD MINIMIZATION.  STRATEGY  1.  CONVERGENCE WHEN EDM .LT. 1.00e-04
 FCN=245.627 FROM MIGRAD    STATUS=INITIATE        8 CALLS         174 TOTAL
                     EDM= unknown      STRATEGY= 1      NO ERROR MATRIX       
  EXT PARAMETER               CURRENT GUESS       STEP         FIRST   
  NO.   NAME      VALUE            ERROR          SIZE      DERIVATIVE 
   1  N0           3.52730e+06     fixed    
   2  tau          6.44342e+01   constant   
   3  A0           3.54122e-01     fixed    
   4  phi          4.12290e+00     fixed    
   5  R           -6.05813e+01   constant   
   6  alpha_CBO   -1.76098e-03     fixed    
   7  w_CBO        2.32500e+00   constant   
   8  beta_CBO     0.00000e+00   1.00000e-03   1.00000e-03  -9.79424e+04
   9  alpha_2CBO   0.00000e+00   1.00000e-03   1.00000e-03   5.80927e+03
  10  beta_2CBO   -1.38200e-05     fixed    
  11  alpha_y      0.00000e+00     fixed    
  12  w_y          1.44500e+01   constant   
  13  beta_y       1.12122e-04     fixed    
  14  alpha_vw     0.00000e+00     fixed    
  15  w_vw         1.29000e+01   constant   
  16  beta_vw      0.00000e+00     fixed    
  17  LM           1.10061e-03   constant   
  18  zeta_y       0.00000e+00   constant   
  19  zeta_vw      0.00000e+00   constant   
 MIGRAD MINIMIZATION HAS CONVERGED.
 MIGRAD WILL VERIFY CONVERGENCE AND ERROR MATRIX.
 COVARIANCE MATRIX CALCULATED SUCCESSFULLY
 FCN=71.3208 FROM MIGRAD    STATUS=CONVERGED      28 CALLS         194 TOTAL
                     EDM=3.88729e-06    STRATEGY= 1      ERROR MATRIX ACCURATE 
  EXT PARAMETER                                   STEP         FIRST   
  NO.   NAME      VALUE            ERROR          SIZE      DERIVATIVE 
   1  N0           3.52730e+06     fixed    
   2  tau          6.44342e+01   constant   
   3  A0           3.54122e-01     fixed    
   4  phi          4.12290e+00     fixed    
   5  R           -6.05813e+01   constant   
   6  alpha_CBO   -1.76098e-03     fixed    
   7  w_CBO        2.32500e+00   constant   
   8  beta_CBO     3.53927e-03   2.68550e-04   1.11442e-06  -6.19348e-01
   9  alpha_2CBO  -3.38818e-04   2.69989e-04   1.12039e-06  -1.03311e+01
  10  beta_2CBO   -1.38200e-05     fixed    
  11  alpha_y      0.00000e+00     fixed    
  12  w_y          1.44500e+01   constant   
  13  beta_y       1.12122e-04     fixed    
  14  alpha_vw     0.00000e+00     fixed    
  15  w_vw         1.29000e+01   constant   
  16  beta_vw      0.00000e+00     fixed    
  17  LM           1.10061e-03   constant   
  18  zeta_y       0.00000e+00   constant   
  19  zeta_vw      0.00000e+00   constant   
 EXTERNAL ERROR MATRIX.    NDIM=  25    NPAR=  2    ERR DEF=1
  7.212e-08 -2.587e-09 
 -2.587e-09  7.289e-08 
 PARAMETER  CORRELATION COEFFICIENTS  
       NO.  GLOBAL      8      9
        8  0.03569   1.000 -0.036
        9  0.03569  -0.036  1.000
MINUIT - FIT wiggle + 1-CBO + 2-CBO
 **********
 **   42 **RES 
 **********
                   PARAMETER   16  beta_vw RESTORED TO VARIABLE.
                   PARAMETER   14  alpha_vw RESTORED TO VARIABLE.
                   PARAMETER   13  beta_y RESTORED TO VARIABLE.
                   PARAMETER   11  alpha_y RESTORED TO VARIABLE.
                   PARAMETER   10  beta_2CBO RESTORED TO VARIABLE.
                   PARAMETER    6  alpha_CBO RESTORED TO VARIABLE.
                   PARAMETER    4  phi RESTORED TO VARIABLE.
                   PARAMETER    3  A0 RESTORED TO VARIABLE.
                   PARAMETER    1  N0 RESTORED TO VARIABLE.
 **********
 **   43 **FIX           10
 **********
 **********
 **   44 **FIX           11
 **********
 **********
 **   45 **FIX           12
 **********
 PARAMETER   12  IS CONSTANT.   IGNORED.
 **********
 **   46 **FIX           13
 **********
 **********
 **   47 **FIX           14
 **********
 **********
 **   48 **FIX           15
 **********
 PARAMETER   15  IS CONSTANT.   IGNORED.
 **********
 **   49 **FIX           16
 **********
 **********
 **   50 **MIGRAD
 **********
 START MIGRAD MINIMIZATION.  STRATEGY  1.  CONVERGENCE WHEN EDM .LT. 1.00e-04
 FCN=71.3208 FROM MIGRAD    STATUS=INITIATE       12 CALLS         206 TOTAL
                     EDM= unknown      STRATEGY= 1      NO ERROR MATRIX       
  EXT PARAMETER               CURRENT GUESS       STEP         FIRST   
  NO.   NAME      VALUE            ERROR          SIZE      DERIVATIVE 
   1  N0           3.52730e+06   6.89542e+02   6.89542e+02  -4.12392e-04
   2  tau          6.44342e+01   constant   
   3  A0           3.54122e-01   2.56656e-04   2.56656e-04  -2.28105e+04
   4  phi          4.12290e+00   7.52857e-04   7.52857e-04  -1.95324e+03
   5  R           -6.05813e+01   constant   
   6  alpha_CBO   -1.76098e-03   2.79359e-04   2.79359e-04   2.60334e+03
   7  w_CBO        2.32500e+00   constant   
   8  beta_CBO     3.53927e-03   2.68550e-04   1.11442e-06  -6.19349e-01
   9  alpha_2CBO  -3.38818e-04   2.69989e-04   1.12039e-06  -1.03311e+01
  10  beta_2CBO   -1.38200e-05     fixed    
  11  alpha_y      0.00000e+00     fixed    
  12  w_y          1.44500e+01   constant   
  13  beta_y       1.12122e-04     fixed    
  14  alpha_vw     0.00000e+00     fixed    
  15  w_vw         1.29000e+01   constant   
  16  beta_vw      0.00000e+00     fixed    
  17  LM           1.10061e-03   constant   
  18  zeta_y       0.00000e+00   constant   
  19  zeta_vw      0.00000e+00   constant   
 MIGRAD MINIMIZATION HAS CONVERGED.
 MIGRAD WILL VERIFY CONVERGENCE AND ERROR MATRIX.
 COVARIANCE MATRIX CALCULATED SUCCESSFULLY
 FCN=61.8122 FROM MIGRAD    STATUS=CONVERGED     106 CALLS         300 TOTAL
                     EDM=1.39636e-06    STRATEGY= 1      ERROR MATRIX ACCURATE 
  EXT PARAMETER                                   STEP         FIRST   
  NO.   NAME      VALUE            ERROR          SIZE      DERIVATIVE 
   1  N0           3.52766e+06   6.90281e+02   2.59983e+00   1.14970e-06
   2  tau          6.44342e+01   constant   
   3  A0           3.54899e-01   2.63147e-04   9.81983e-07   2.53180e-01
   4  phi          4.12343e+00   7.52178e-04   2.82285e-06   6.88664e-01
   5  R           -6.05813e+01   constant   
   6  alpha_CBO   -1.81258e-03   2.79735e-04   1.06058e-06  -1.89764e+00
   7  w_CBO        2.32500e+00   constant   
   8  beta_CBO     3.73501e-03   2.75938e-04   1.03854e-06  -5.45227e-01
   9  alpha_2CBO  -3.09123e-04   2.70905e-04   1.04412e-06  -4.33134e+00
  10  beta_2CBO   -1.38200e-05     fixed    
  11  alpha_y      0.00000e+00     fixed    
  12  w_y          1.44500e+01   constant   
  13  beta_y       1.12122e-04     fixed    
  14  alpha_vw     0.00000e+00     fixed    
  15  w_vw         1.29000e+01   constant   
  16  beta_vw      0.00000e+00     fixed    
  17  LM           1.10061e-03   constant   
  18  zeta_y       0.00000e+00   constant   
  19  zeta_vw      0.00000e+00   constant   
 EXTERNAL ERROR MATRIX.    NDIM=  25    NPAR=  6    ERR DEF=1
  4.765e+05  1.680e-02  8.353e-02  7.448e-03  7.278e-03  5.556e-03 
  1.680e-02  6.925e-08 -8.083e-09  7.203e-09  1.605e-08  3.632e-09 
  8.353e-02 -8.083e-09  5.658e-07 -3.414e-08  1.022e-08 -7.963e-09 
  7.448e-03  7.203e-09 -3.414e-08  7.825e-08 -8.175e-10  4.130e-09 
  7.278e-03  1.605e-08  1.022e-08 -8.175e-10  7.614e-08 -1.977e-09 
  5.556e-03  3.632e-09 -7.963e-09  4.130e-09 -1.977e-09  7.339e-08 
 PARAMETER  CORRELATION COEFFICIENTS  
       NO.  GLOBAL      1      3      4      6      8      9
        1  0.19964   1.000  0.092  0.161  0.039  0.038  0.030
        3  0.26480   0.092  1.000 -0.041  0.098  0.221  0.051
        4  0.24398   0.161 -0.041  1.000 -0.162  0.049 -0.039
        6  0.20036   0.039  0.098 -0.162  1.000 -0.011  0.055
        8  0.23265   0.038  0.221  0.049 -0.011  1.000 -0.026
        9  0.08983   0.030  0.051 -0.039  0.055 -0.026  1.000
MINUIT - FIT ONLY 1-y
 **********
 **   51 **RES 
 **********
                   PARAMETER   16  beta_vw RESTORED TO VARIABLE.
                   PARAMETER   14  alpha_vw RESTORED TO VARIABLE.
                   PARAMETER   13  beta_y RESTORED TO VARIABLE.
                   PARAMETER   11  alpha_y RESTORED TO VARIABLE.
                   PARAMETER   10  beta_2CBO RESTORED TO VARIABLE.
 **********
 **   52 **FIX            0
 **********
 PARAMETER    0  IS UNDEFINED. IGNORED.
 **********
 **   53 **FIX            1
 **********
 **********
 **   54 **FIX            2
 **********
 PARAMETER    2  IS CONSTANT.   IGNORED.
 **********
 **   55 **FIX            3
 **********
 **********
 **   56 **FIX            4
 **********
 **********
 **   57 **FIX            5
 **********
 PARAMETER    5  IS CONSTANT.   IGNORED.
 **********
 **   58 **FIX            6
 **********
 **********
 **   59 **FIX            7
 **********
 PARAMETER    7  IS CONSTANT.   IGNORED.
 **********
 **   60 **FIX            8
 **********
 **********
 **   61 **FIX            9
 **********
 **********
 **   62 **FIX           13
 **********
 **********
 **   63 **FIX           14
 **********
 **********
 **   64 **FIX           15
 **********
 PARAMETER   15  IS CONSTANT.   IGNORED.
 **********
 **   65 **FIX           16
 **********
 **********
 **   66 **MIGRAD
 **********
 START MIGRAD MINIMIZATION.  STRATEGY  1.  CONVERGENCE WHEN EDM .LT. 1.00e-04
 FCN=61.8122 FROM MIGRAD    STATUS=INITIATE        6 CALLS         306 TOTAL
                     EDM= unknown      STRATEGY= 1      NO ERROR MATRIX       
  EXT PARAMETER               CURRENT GUESS       STEP         FIRST   
  NO.   NAME      VALUE            ERROR          SIZE      DERIVATIVE 
   1  N0           3.52766e+06     fixed    
   2  tau          6.44342e+01   constant   
   3  A0           3.54899e-01     fixed    
   4  phi          4.12343e+00     fixed    
   5  R           -6.05813e+01   constant   
   6  alpha_CBO   -1.81258e-03     fixed    
   7  w_CBO        2.32500e+00   constant   
   8  beta_CBO     3.73501e-03     fixed    
   9  alpha_2CBO  -3.09123e-04     fixed    
  10  beta_2CBO   -1.38200e-05   2.73180e-04   2.73180e-04  -5.04115e+03
  11  alpha_y      0.00000e+00   1.00000e-03   1.00000e-03   6.92267e+03
  12  w_y          1.44500e+01   constant   
  13  beta_y       1.12122e-04     fixed    
  14  alpha_vw     0.00000e+00     fixed    
  15  w_vw         1.29000e+01   constant   
  16  beta_vw      0.00000e+00     fixed    
  17  LM           1.10061e-03   constant   
  18  zeta_y       0.00000e+00   constant   
  19  zeta_vw      0.00000e+00   constant   
 MIGRAD MINIMIZATION HAS CONVERGED.
 MIGRAD WILL VERIFY CONVERGENCE AND ERROR MATRIX.
 COVARIANCE MATRIX CALCULATED SUCCESSFULLY
 FCN=60.4407 FROM MIGRAD    STATUS=CONVERGED      26 CALLS         326 TOTAL
                     EDM=1.51115e-08    STRATEGY= 1      ERROR MATRIX ACCURATE 
  EXT PARAMETER                                   STEP         FIRST   
  NO.   NAME      VALUE            ERROR          SIZE      DERIVATIVE 
   1  N0           3.52766e+06     fixed    
   2  tau          6.44342e+01   constant   
   3  A0           3.54899e-01     fixed    
   4  phi          4.12343e+00     fixed    
   5  R           -6.05813e+01   constant   
   6  alpha_CBO   -1.81258e-03     fixed    
   7  w_CBO        2.32500e+00   constant   
   8  beta_CBO     3.73501e-03     fixed    
   9  alpha_2CBO  -3.09123e-04     fixed    
  10  beta_2CBO    1.77595e-04   2.72585e-04   1.04314e-06   5.19374e-01
  11  alpha_y     -2.56845e-04   2.70819e-04   1.03639e-06   3.81056e-01
  12  w_y          1.44500e+01   constant   
  13  beta_y       1.12122e-04     fixed    
  14  alpha_vw     0.00000e+00     fixed    
  15  w_vw         1.29000e+01   constant   
  16  beta_vw      0.00000e+00     fixed    
  17  LM           1.10061e-03   constant   
  18  zeta_y       0.00000e+00   constant   
  19  zeta_vw      0.00000e+00   constant   
 EXTERNAL ERROR MATRIX.    NDIM=  25    NPAR=  2    ERR DEF=1
  7.430e-08 -1.187e-09 
 -1.187e-09  7.334e-08 
 PARAMETER  CORRELATION COEFFICIENTS  
       NO.  GLOBAL     10     11
       10  0.01608   1.000 -0.016
       11  0.01608  -0.016  1.000
MINUIT - FIT ONLY 2-y
 **********
 **   67 **RES 
 **********
                   PARAMETER   16  beta_vw RESTORED TO VARIABLE.
                   PARAMETER   14  alpha_vw RESTORED TO VARIABLE.
                   PARAMETER   13  beta_y RESTORED TO VARIABLE.
                   PARAMETER    9  alpha_2CBO RESTORED TO VARIABLE.
                   PARAMETER    8  beta_CBO RESTORED TO VARIABLE.
                   PARAMETER    6  alpha_CBO RESTORED TO VARIABLE.
                   PARAMETER    4  phi RESTORED TO VARIABLE.
                   PARAMETER    3  A0 RESTORED TO VARIABLE.
                   PARAMETER    1  N0 RESTORED TO VARIABLE.
 **********
 **   68 **FIX            0
 **********
 PARAMETER    0  IS UNDEFINED. IGNORED.
 **********
 **   69 **FIX            1
 **********
 **********
 **   70 **FIX            2
 **********
 PARAMETER    2  IS CONSTANT.   IGNORED.
 **********
 **   71 **FIX            3
 **********
 **********
 **   72 **FIX            4
 **********
 **********
 **   73 **FIX            5
 **********
 PARAMETER    5  IS CONSTANT.   IGNORED.
 **********
 **   74 **FIX            6
 **********
 **********
 **   75 **FIX            7
 **********
 PARAMETER    7  IS CONSTANT.   IGNORED.
 **********
 **   76 **FIX            8
 **********
 **********
 **   77 **FIX            9
 **********
 **********
 **   78 **FIX           10
 **********
 **********
 **   79 **FIX           11
 **********
 **********
 **   80 **FIX           12
 **********
 PARAMETER   12  IS CONSTANT.   IGNORED.
 **********
 **   81 **FIX           16
 **********
 **********
 **   82 **MIGRAD
 **********
 START MIGRAD MINIMIZATION.  STRATEGY  1.  CONVERGENCE WHEN EDM .LT. 1.00e-04
 FCN=60.4407 FROM MIGRAD    STATUS=INITIATE        6 CALLS         332 TOTAL
                     EDM= unknown      STRATEGY= 1      NO ERROR MATRIX       
  EXT PARAMETER               CURRENT GUESS       STEP         FIRST   
  NO.   NAME      VALUE            ERROR          SIZE      DERIVATIVE 
   1  N0           3.52766e+06     fixed    
   2  tau          6.44342e+01   constant   
   3  A0           3.54899e-01     fixed    
   4  phi          4.12343e+00     fixed    
   5  R           -6.05813e+01   constant   
   6  alpha_CBO   -1.81258e-03     fixed    
   7  w_CBO        2.32500e+00   constant   
   8  beta_CBO     3.73501e-03     fixed    
   9  alpha_2CBO  -3.09123e-04     fixed    
  10  beta_2CBO    1.77595e-04     fixed    
  11  alpha_y     -2.56845e-04     fixed    
  12  w_y          1.44500e+01   constant   
  13  beta_y       1.12122e-04   2.71607e-04   2.71607e-04  -3.81519e+02
  14  alpha_vw     0.00000e+00   1.00000e-03   1.00000e-03  -1.06628e+04
  15  w_vw         1.29000e+01   constant   
  16  beta_vw      0.00000e+00     fixed    
  17  LM           1.10061e-03   constant   
  18  zeta_y       0.00000e+00   constant   
  19  zeta_vw      0.00000e+00   constant   
 MIGRAD MINIMIZATION HAS CONVERGED.
 MIGRAD WILL VERIFY CONVERGENCE AND ERROR MATRIX.
 COVARIANCE MATRIX CALCULATED SUCCESSFULLY
 FCN=58.3382 FROM MIGRAD    STATUS=CONVERGED      26 CALLS         352 TOTAL
                     EDM=2.58731e-06    STRATEGY= 1      ERROR MATRIX ACCURATE 
  EXT PARAMETER                                   STEP         FIRST   
  NO.   NAME      VALUE            ERROR          SIZE      DERIVATIVE 
   1  N0           3.52766e+06     fixed    
   2  tau          6.44342e+01   constant   
   3  A0           3.54899e-01     fixed    
   4  phi          4.12343e+00     fixed    
   5  R           -6.05813e+01   constant   
   6  alpha_CBO   -1.81258e-03     fixed    
   7  w_CBO        2.32500e+00   constant   
   8  beta_CBO     3.73501e-03     fixed    
   9  alpha_2CBO  -3.09123e-04     fixed    
  10  beta_2CBO    1.77595e-04     fixed    
  11  alpha_y     -2.56845e-04     fixed    
  12  w_y          1.44500e+01   constant   
  13  beta_y       1.01512e-04   2.72077e-04   1.02131e-06   8.33662e+00
  14  alpha_vw     3.94730e-04   2.72420e-04   1.02259e-06  -2.97541e-01
  15  w_vw         1.29000e+01   constant   
  16  beta_vw      0.00000e+00     fixed    
  17  LM           1.10061e-03   constant   
  18  zeta_y       0.00000e+00   constant   
  19  zeta_vw      0.00000e+00   constant   
 EXTERNAL ERROR MATRIX.    NDIM=  25    NPAR=  2    ERR DEF=1
  7.403e-08 -4.697e-09 
 -4.697e-09  7.421e-08 
 PARAMETER  CORRELATION COEFFICIENTS  
       NO.  GLOBAL     13     14
       13  0.06337   1.000 -0.063
       14  0.06337  -0.063  1.000
MINUIT - FIT ALTOGETHER
 **********
 **   83 **RES 
 **********
                   PARAMETER   16  beta_vw RESTORED TO VARIABLE.
                   PARAMETER   11  alpha_y RESTORED TO VARIABLE.
                   PARAMETER   10  beta_2CBO RESTORED TO VARIABLE.
                   PARAMETER    9  alpha_2CBO RESTORED TO VARIABLE.
                   PARAMETER    8  beta_CBO RESTORED TO VARIABLE.
                   PARAMETER    6  alpha_CBO RESTORED TO VARIABLE.
                   PARAMETER    4  phi RESTORED TO VARIABLE.
                   PARAMETER    3  A0 RESTORED TO VARIABLE.
                   PARAMETER    1  N0 RESTORED TO VARIABLE.
 **********
 **   84 **MIGRAD
 **********
 START MIGRAD MINIMIZATION.  STRATEGY  1.  CONVERGENCE WHEN EDM .LT. 1.00e-04
 FCN=58.3382 FROM MIGRAD    STATUS=INITIATE       24 CALLS         376 TOTAL
                     EDM= unknown      STRATEGY= 1      NO ERROR MATRIX       
  EXT PARAMETER               CURRENT GUESS       STEP         FIRST   
  NO.   NAME      VALUE            ERROR          SIZE      DERIVATIVE 
   1  N0           3.52766e+06   6.90281e+02   6.90281e+02   1.23253e-04
   2  tau          6.44342e+01   constant   
   3  A0           3.54899e-01   2.63147e-04   2.63147e-04  -1.18093e+02
   4  phi          4.12343e+00   7.52178e-04   7.52178e-04  -7.87475e+01
   5  R           -6.05813e+01   constant   
   6  alpha_CBO   -1.81258e-03   2.79735e-04   2.79735e-04   1.79390e+02
   7  w_CBO        2.32500e+00   constant   
   8  beta_CBO     3.73501e-03   2.75938e-04   2.75938e-04  -3.99541e+02
   9  alpha_2CBO  -3.09123e-04   2.70905e-04   2.70905e-04  -4.01427e+01
  10  beta_2CBO    1.77595e-04   2.72585e-04   2.72585e-04  -1.78906e+02
  11  alpha_y     -2.56845e-04   2.70819e-04   2.70819e-04   1.52855e+03
  12  w_y          1.44500e+01   constant   
  13  beta_y       1.01512e-04   2.72077e-04   1.02131e-06   8.33662e+00
  14  alpha_vw     3.94730e-04   2.72420e-04   1.02259e-06  -2.97538e-01
  15  w_vw         1.29000e+01   constant   
  16  beta_vw      0.00000e+00   1.00000e-03   1.00000e-03  -6.61679e+03
  17  LM           1.10061e-03   constant   
  18  zeta_y       0.00000e+00   constant   
  19  zeta_vw      0.00000e+00   constant   
 MIGRAD MINIMIZATION HAS CONVERGED.
 MIGRAD WILL VERIFY CONVERGENCE AND ERROR MATRIX.
 COVARIANCE MATRIX CALCULATED SUCCESSFULLY
 FCN=57.4915 FROM MIGRAD    STATUS=CONVERGED     194 CALLS         546 TOTAL
                     EDM=6.92748e-06    STRATEGY= 1      ERROR MATRIX ACCURATE 
  EXT PARAMETER                                   STEP         FIRST   
  NO.   NAME      VALUE            ERROR          SIZE      DERIVATIVE 
   1  N0           3.52762e+06   6.90654e+02   2.50879e+00  -2.16317e-06
   2  tau          6.44342e+01   constant   
   3  A0           3.54906e-01   2.63666e-04   9.47577e-07   2.09202e+00
   4  phi          4.12346e+00   7.52556e-04   2.72402e-06  -1.53823e+00
   5  R           -6.05813e+01   constant   
   6  alpha_CBO   -1.82859e-03   2.79928e-04   1.02345e-06   1.08797e+00
   7  w_CBO        2.32500e+00   constant   
   8  beta_CBO     3.75551e-03   2.76352e-04   1.00218e-06  -9.78074e+00
   9  alpha_2CBO  -3.13092e-04   2.71067e-04   1.00758e-06  -3.40169e-01
  10  beta_2CBO    1.91664e-04   2.73697e-04   1.01780e-06  -2.40418e+00
  11  alpha_y     -2.91654e-04   2.74934e-04   1.01122e-06  -2.52491e+00
  12  w_y          1.44500e+01   constant   
  13  beta_y       6.82350e-05   2.74625e-04   1.01400e-06  -3.34247e+00
  14  alpha_vw     4.02051e-04   2.75367e-04   1.01528e-06   9.49082e-01
  15  w_vw         1.29000e+01   constant   
  16  beta_vw      2.44588e-04   2.74370e-04   1.00996e-06  -9.52474e-01
  17  LM           1.10061e-03   constant   
  18  zeta_y       0.00000e+00   constant   
  19  zeta_vw      0.00000e+00   constant   
 EXTERNAL ERROR MATRIX.    NDIM=  25    NPAR= 11    ERR DEF=1
  4.770e+05 
  1.655e-02  6.952e-08 
  8.303e-02 -7.753e-09  5.663e-07 
  7.675e-03  7.099e-09 -3.434e-08  7.836e-08 
  6.962e-03  1.625e-08  1.057e-08 -9.391e-10  7.637e-08 
  5.693e-03  3.499e-09 -8.114e-09  4.202e-09 -2.062e-09  7.348e-08 
 -4.520e-03  4.009e-09  6.085e-09 -1.600e-09  3.815e-09 -1.541e-09  7.491e-08 
  9.126e-04  1.431e-09 -2.860e-10  6.322e-11 -5.471e-10 -9.534e-10 -1.213e-09  7.559e-08 
  1.423e-04 -1.474e-09  1.525e-10  4.593e-10  1.196e-10  1.298e-09  2.172e-10 -4.546e-10  7.542e-08 
 -2.110e-03 -8.994e-11  1.151e-09 -8.441e-10  1.075e-09  2.936e-10  1.507e-09 -1.085e-08 -4.684e-09  7.583e-08 
 -3.779e-03  8.891e-10  2.289e-09 -2.220e-09  1.169e-09 -1.445e-09  1.486e-09  7.038e-09 -1.001e-08 -4.997e-10  7.528e-08 
 PARAMETER  CORRELATION COEFFICIENTS  
       NO.  GLOBAL      1      3      4      6      8      9     10     11     13     14     16
        1  0.20227   1.000  0.091  0.160  0.040  0.036  0.030 -0.024  0.005  0.001 -0.011 -0.020
        3  0.27172   0.091  1.000 -0.039  0.096  0.223  0.049  0.056  0.020 -0.020 -0.001  0.012
        4  0.24591   0.160 -0.039  1.000 -0.163  0.051 -0.040  0.030 -0.001  0.001  0.006  0.011
        6  0.20361   0.040  0.096 -0.163  1.000 -0.012  0.055 -0.021  0.001  0.006 -0.011 -0.029
        8  0.23864   0.036  0.223  0.051 -0.012  1.000 -0.028  0.050 -0.007  0.002  0.014  0.015
        9  0.09606   0.030  0.049 -0.040  0.055 -0.028  1.000 -0.021 -0.013  0.017  0.004 -0.019
       10  0.09145  -0.024  0.056  0.030 -0.021  0.050 -0.021  1.000 -0.016  0.003  0.020  0.020
       11  0.17301   0.005  0.020 -0.001  0.001 -0.007 -0.013 -0.016  1.000 -0.006 -0.143  0.093
       13  0.14961   0.001 -0.020  0.001  0.006  0.002  0.017  0.003 -0.006  1.000 -0.062 -0.133
       14  0.15874  -0.011 -0.001  0.006 -0.011  0.014  0.004  0.020 -0.143 -0.062  1.000 -0.007
       16  0.16844  -0.020  0.012  0.011 -0.029  0.015 -0.019  0.020  0.093 -0.133 -0.007  1.000
MINUIT - MINOS
 **********
 **   85 **RES 
 **********
 CALL TO MNFREE IGNORED.  THERE ARE NO FIXED PARAMETERS
 **********
 **   86 **MIG      2.5e+04        0.01
 **********
 START MIGRAD MINIMIZATION.  STRATEGY  1.  CONVERGENCE WHEN EDM .LT. 1.00e-05
 FCN=57.4915 FROM MIGRAD    STATUS=INITIATE       22 CALLS         568 TOTAL
                     EDM=3.46374e-06    STRATEGY= 1      ERROR MATRIX ACCURATE 
  EXT PARAMETER                                   STEP         FIRST   
  NO.   NAME      VALUE            ERROR          SIZE      DERIVATIVE 
   1  N0           3.52762e+06   6.90654e+02   2.50879e+00  -2.16317e-06
   2  tau          6.44342e+01   constant   
   3  A0           3.54906e-01   2.63666e-04   9.47577e-07   2.09202e+00
   4  phi          4.12346e+00   7.52556e-04   2.72402e-06  -1.53823e+00
   5  R           -6.05813e+01   constant   
   6  alpha_CBO   -1.82859e-03   2.79928e-04   1.02345e-06   1.08797e+00
   7  w_CBO        2.32500e+00   constant   
   8  beta_CBO     3.75551e-03   2.76352e-04   1.00218e-06  -9.78074e+00
   9  alpha_2CBO  -3.13092e-04   2.71067e-04   1.00758e-06  -3.40173e-01
  10  beta_2CBO    1.91664e-04   2.73697e-04   1.01780e-06  -2.40418e+00
  11  alpha_y     -2.91654e-04   2.74934e-04   1.01122e-06  -2.52491e+00
  12  w_y          1.44500e+01   constant   
  13  beta_y       6.82350e-05   2.74625e-04   1.01400e-06  -3.34247e+00
  14  alpha_vw     4.02051e-04   2.75367e-04   1.01528e-06   9.49086e-01
  15  w_vw         1.29000e+01   constant   
  16  beta_vw      2.44588e-04   2.74370e-04   1.00996e-06  -9.52474e-01
  17  LM           1.10061e-03   constant   
  18  zeta_y       0.00000e+00   constant   
  19  zeta_vw      0.00000e+00   constant   
 MIGRAD MINIMIZATION HAS CONVERGED.
 FCN=57.4915 FROM MIGRAD    STATUS=CONVERGED      45 CALLS         591 TOTAL
                     EDM=1.12886e-17    STRATEGY= 1  ERROR MATRIX UNCERTAINTY   0.0 per cent
  EXT PARAMETER                                   STEP         FIRST   
  NO.   NAME      VALUE            ERROR          SIZE      DERIVATIVE 
   1  N0           3.52762e+06   6.90654e+02   5.88461e-01  -5.26791e-12
   2  tau          6.44342e+01   constant   
   3  A0           3.54906e-01   2.63666e-04   2.00590e-08  -1.53157e-05
   4  phi          4.12346e+00   7.52556e-04   6.10248e-07  -1.00164e-06
   5  R           -6.05813e+01   constant   
   6  alpha_CBO   -1.82866e-03   2.79928e-04  -7.37746e-08  -3.53725e-06
   7  w_CBO        2.32500e+00   constant   
   8  beta_CBO     3.75589e-03   2.76352e-04   3.76442e-07  -4.68291e-06
   9  alpha_2CBO  -3.13097e-04   2.71067e-04  -5.32844e-09  -4.05136e-06
  10  beta_2CBO    1.91768e-04   2.73697e-04   1.03735e-07  -1.64057e-06
  11  alpha_y     -2.91556e-04   2.74934e-04   9.81066e-08  -1.22263e-06
  12  w_y          1.44500e+01   constant   
  13  beta_y       6.83605e-05   2.74625e-04   1.25553e-07  -2.27387e-06
  14  alpha_vw     4.01999e-04   2.75367e-04  -5.14681e-08  -5.22087e-06
  15  w_vw         1.29000e+01   constant   
  16  beta_vw      2.44621e-04   2.74370e-04   3.34501e-08  -4.11921e-06
  17  LM           1.10061e-03   constant   
  18  zeta_y       0.00000e+00   constant   
  19  zeta_vw      0.00000e+00   constant   
 EXTERNAL ERROR MATRIX.    NDIM=  25    NPAR= 11    ERR DEF=1
  4.770e+05 
  1.655e-02  6.952e-08 
  8.303e-02 -7.753e-09  5.663e-07 
  7.675e-03  7.099e-09 -3.434e-08  7.836e-08 
  6.962e-03  1.625e-08  1.057e-08 -9.391e-10  7.637e-08 
  5.693e-03  3.499e-09 -8.114e-09  4.202e-09 -2.062e-09  7.348e-08 
 -4.520e-03  4.009e-09  6.085e-09 -1.600e-09  3.815e-09 -1.541e-09  7.491e-08 
  9.126e-04  1.431e-09 -2.860e-10  6.322e-11 -5.470e-10 -9.534e-10 -1.213e-09  7.559e-08 
  1.424e-04 -1.474e-09  1.525e-10  4.593e-10  1.196e-10  1.298e-09  2.172e-10 -4.546e-10  7.542e-08 
 -2.110e-03 -8.994e-11  1.151e-09 -8.441e-10  1.075e-09  2.936e-10  1.507e-09 -1.085e-08 -4.684e-09  7.583e-08 
 -3.779e-03  8.892e-10  2.289e-09 -2.220e-09  1.169e-09 -1.445e-09  1.486e-09  7.038e-09 -1.001e-08 -4.997e-10  7.528e-08 
 PARAMETER  CORRELATION COEFFICIENTS  
       NO.  GLOBAL      1      3      4      6      8      9     10     11     13     14     16
        1  0.20227   1.000  0.091  0.160  0.040  0.036  0.030 -0.024  0.005  0.001 -0.011 -0.020
        3  0.27172   0.091  1.000 -0.039  0.096  0.223  0.049  0.056  0.020 -0.020 -0.001  0.012
        4  0.24591   0.160 -0.039  1.000 -0.163  0.051 -0.040  0.030 -0.001  0.001  0.006  0.011
        6  0.20361   0.040  0.096 -0.163  1.000 -0.012  0.055 -0.021  0.001  0.006 -0.011 -0.029
        8  0.23864   0.036  0.223  0.051 -0.012  1.000 -0.028  0.050 -0.007  0.002  0.014  0.015
        9  0.09606   0.030  0.049 -0.040  0.055 -0.028  1.000 -0.021 -0.013  0.017  0.004 -0.019
       10  0.09145  -0.024  0.056  0.030 -0.021  0.050 -0.021  1.000 -0.016  0.003  0.020  0.020
       11  0.17301   0.005  0.020 -0.001  0.001 -0.007 -0.013 -0.016  1.000 -0.006 -0.143  0.093
       13  0.14961   0.001 -0.020  0.001  0.006  0.002  0.017  0.003 -0.006  1.000 -0.062 -0.133
       14  0.15874  -0.011 -0.001  0.006 -0.011  0.014  0.004  0.020 -0.143 -0.062  1.000 -0.007
       16  0.16844  -0.020  0.012  0.011 -0.029  0.015 -0.019  0.020  0.093 -0.133 -0.007  1.000
 **********
 **   87 **MINO      2.5e+04
 **********
 FCN=57.4915 FROM MINOS     STATUS=SUCCESSFUL    924 CALLS        1515 TOTAL
                     EDM=1.12886e-17    STRATEGY= 1  ERROR MATRIX UNCERTAINTY   0.0 per cent
  EXT PARAMETER                  PARABOLIC         MINOS ERRORS        
  NO.   NAME      VALUE            ERROR      NEGATIVE      POSITIVE   
   1  N0           3.52762e+06   6.90654e+02  -6.90654e+02   6.90654e+02
   2  tau          6.44342e+01   constant   
   3  A0           3.54906e-01   2.63666e-04  -2.63672e-04   2.63660e-04
   4  phi          4.12346e+00   7.52556e-04  -7.52556e-04   7.52556e-04
   5  R           -6.05813e+01   constant   
   6  alpha_CBO   -1.82866e-03   2.79928e-04  -2.79931e-04   2.79926e-04
   7  w_CBO        2.32500e+00   constant   
   8  beta_CBO     3.75589e-03   2.76352e-04  -2.76353e-04   2.76351e-04
   9  alpha_2CBO  -3.13097e-04   2.71067e-04  -2.71068e-04   2.71065e-04
  10  beta_2CBO    1.91768e-04   2.73697e-04  -2.73695e-04   2.73699e-04
  11  alpha_y     -2.91556e-04   2.74934e-04  -2.74934e-04   2.74934e-04
  12  w_y          1.44500e+01   constant   
  13  beta_y       6.83605e-05   2.74625e-04  -2.74625e-04   2.74624e-04
  14  alpha_vw     4.01999e-04   2.75367e-04  -2.75367e-04   2.75368e-04
  15  w_vw         1.29000e+01   constant   
  16  beta_vw      2.44621e-04   2.74370e-04  -2.74369e-04   2.74371e-04
  17  LM           1.10061e-03   constant   
  18  zeta_y       0.00000e+00   constant   
  19  zeta_vw      0.00000e+00   constant   
 **********
 **   88 **SHO COR 
 **********
 PARAMETER  CORRELATION COEFFICIENTS  
       NO.  GLOBAL      1      3      4      6      8      9     10     11     13     14     16
        1  0.20227   1.000  0.091  0.160  0.040  0.036  0.030 -0.024  0.005  0.001 -0.011 -0.020
        3  0.27172   0.091  1.000 -0.039  0.096  0.223  0.049  0.056  0.020 -0.020 -0.001  0.012
        4  0.24591   0.160 -0.039  1.000 -0.163  0.051 -0.040  0.030 -0.001  0.001  0.006  0.011
        6  0.20361   0.040  0.096 -0.163  1.000 -0.012  0.055 -0.021  0.001  0.006 -0.011 -0.029
        8  0.23864   0.036  0.223  0.051 -0.012  1.000 -0.028  0.050 -0.007  0.002  0.014  0.015
        9  0.09606   0.030  0.049 -0.040  0.055 -0.028  1.000 -0.021 -0.013  0.017  0.004 -0.019
       10  0.09145  -0.024  0.056  0.030 -0.021  0.050 -0.021  1.000 -0.016  0.003  0.020  0.020
       11  0.17301   0.005  0.020 -0.001  0.001 -0.007 -0.013 -0.016  1.000 -0.006 -0.143  0.093
       13  0.14961   0.001 -0.020  0.001  0.006  0.002  0.017  0.003 -0.006  1.000 -0.062 -0.133
       14  0.15874  -0.011 -0.001  0.006 -0.011  0.014  0.004  0.020 -0.143 -0.062  1.000 -0.007
       16  0.16844  -0.020  0.012  0.011 -0.029  0.015 -0.019  0.020  0.093 -0.133 -0.007  1.000
