 + ++++++++++++++++++++++++++++++++++++++++++++++++++++++++++++++++++++ +
 +                                                                      +
 +           You have chose to blind your fitting according to          +
 +                omega_ref * (1 + (R +/- deltaR) *10^{-6})             +
 +                                                                      +
 + ++++++++++++++++++++++++++++++++++++++++++++++++++++++++++++++++++++ +
In main()...
reading format from /gm2data/zkhechad/run45/envelope/formats/formatB_sBin_constraintOn.txt
pBinTau 	= 0  
pBinPhi 	= 0  
constraintau 	= 1 
includeMopTerm 	= 0    
constrainMop    = 0   
Parameters after format file: pBinTau 0 pBinPhi 0 constraintau 1 includeMopTerm 0 constrainMop 0 c_e_scale 0.000000 
Opening file /gm2data/tbarrett/gm2fr/studies/run23_bunch_corrections/CorrectedFourier_Run3b.root.
reading full fit data from /gm2data/zkhechad/cboTemplates/Run4CBOTemplates/templateFits0_v2.0/noRF/sBin_constraintOn_cE0.0_seed0_noRF_calo16.root
windowBins = 17
fitting sliding window 360 from bin 496 at 73.854000 to bin 513 at 76.539600 (17 bins)

Reading data from /gm2data/cornell/histograms/aMethod/histogram_a_noRF.root
 **********
 **    1 **SET PRINTOUT            1
 **********
 **********
 **    2 **SET NOWARNINGS 
 **********
 PARAMETER DEFINITIONS:
    NO.   NAME         VALUE      STEP SIZE      LIMITS
     1 N0           3.09796e+06  1.00000e+02     no limits
     2 tau          6.43838e+01  constant
     3 A0           3.49539e-01  1.00000e-04     no limits
     4 phi          4.11719e+00  1.00000e-02     no limits
     5 R           -6.25346e+01  constant
     6 alpha_CBO    0.00000e+00  1.00000e-03     no limits
     7 w_CBO        2.32500e+00  constant
     8 beta_CBO     0.00000e+00  1.00000e-03     no limits
     9 alpha_2CBO   0.00000e+00  1.00000e-03     no limits
    10 beta_2CBO    0.00000e+00  1.00000e-03     no limits
    11 alpha_y      0.00000e+00  1.00000e-03     no limits
    12 w_y          1.44500e+01  constant
    13 beta_y       0.00000e+00  1.00000e-03     no limits
    14 alpha_vw     0.00000e+00  1.00000e-03     no limits
    15 w_vw         1.29000e+01  constant
    16 beta_vw      0.00000e+00  1.00000e-03     no limits
    17 LM          -7.79046e-04  constant
    18 zeta_y       0.00000e+00  constant
    19 zeta_vw      0.00000e+00  constant
    20 T_CBO        1.00000e+02  1.00000e+00    0.00000e+00  1.00000e+03
    21 alpha_A0     0.00000e+00  1.00000e-03     no limits
    22 beta_A0      0.00000e+00  1.00000e-03     no limits
    23 alpha_phi    0.00000e+00  1.00000e-03     no limits
    24 beta_phi     0.00000e+00  1.00000e-03     no limits
MINUIT - FIT ONLY WIGGLE
 **********
 **    3 **FIX            5
 **********
 PARAMETER    5  IS CONSTANT.   IGNORED.
 **********
 **    4 **FIX            6
 **********
 **********
 **    5 **FIX            7
 **********
 PARAMETER    7  IS CONSTANT.   IGNORED.
 **********
 **    6 **FIX            8
 **********
 **********
 **    7 **FIX            9
 **********
 **********
 **    8 **FIX           10
 **********
 **********
 **    9 **FIX           11
 **********
 **********
 **   10 **FIX           12
 **********
 PARAMETER   12  IS CONSTANT.   IGNORED.
 **********
 **   11 **FIX           13
 **********
 **********
 **   12 **FIX           14
 **********
 **********
 **   13 **FIX           15
 **********
 PARAMETER   15  IS CONSTANT.   IGNORED.
 **********
 **   14 **FIX           16
 **********
 **********
 **   15 **MIGRAD
 **********
 FIRST CALL TO USER FUNCTION AT NEW START POINT, WITH IFLAG=4.
 START MIGRAD MINIMIZATION.  STRATEGY  1.  CONVERGENCE WHEN EDM .LT. 1.00e-04
 FCN=540.898 FROM MIGRAD    STATUS=INITIATE      433 CALLS         434 TOTAL
                     EDM= unknown      STRATEGY= 1      NO ERROR MATRIX       
  EXT PARAMETER               CURRENT GUESS       STEP         FIRST   
  NO.   NAME      VALUE            ERROR          SIZE      DERIVATIVE 
   1  N0           3.09796e+06   1.00000e+02   0.00000e+00  -2.06008e-02
   2  tau          6.43838e+01   constant   
   3  A0           3.49539e-01   1.00000e-04   0.00000e+00  -1.25362e+05
   4  phi          4.11719e+00   1.00000e-02   0.00000e+00   1.06568e+04
   5  R           -6.25346e+01   constant   
   6  alpha_CBO    0.00000e+00     fixed    
   7  w_CBO        2.32500e+00   constant   
   8  beta_CBO     0.00000e+00     fixed    
   9  alpha_2CBO   0.00000e+00     fixed    
  10  beta_2CBO    0.00000e+00     fixed    
  11  alpha_y      0.00000e+00     fixed    
  12  w_y          1.44500e+01   constant   
  13  beta_y       0.00000e+00     fixed    
  14  alpha_vw     0.00000e+00     fixed    
  15  w_vw         1.29000e+01   constant   
  16  beta_vw      0.00000e+00     fixed    
  17  LM          -7.79046e-04   constant   
  18  zeta_y       0.00000e+00   constant   
  19  zeta_vw      0.00000e+00   constant   
  20  T_CBO        1.00000e+02   1.00000e+00   0.00000e+00   0.00000e+00
  21  alpha_A0     0.00000e+00   1.00000e-03   0.00000e+00   9.47205e+03
  22  beta_A0      0.00000e+00   1.00000e-03   0.00000e+00   7.97491e+03
  23  alpha_phi    0.00000e+00   1.00000e-03   0.00000e+00   6.62601e+01
  24  beta_phi     0.00000e+00   1.00000e-03   0.00000e+00   1.51261e+04
 MIGRAD MINIMIZATION HAS CONVERGED.
 FCN=24.4813 FROM MIGRAD    STATUS=CONVERGED     808 CALLS         809 TOTAL
                     EDM=9.8127e-06    STRATEGY= 1  ERROR MATRIX UNCERTAINTY   1.2 per cent
  EXT PARAMETER                                   STEP         FIRST   
  NO.   NAME      VALUE            ERROR          SIZE      DERIVATIVE 
   1  N0           3.11326e+06   7.65675e+02   1.62578e-01   9.38218e-06
   2  tau          6.43838e+01   constant   
   3  A0           3.55502e-01   2.61938e-04  -7.48426e-07  -2.17994e+01
   4  phi          4.12025e+00   5.44094e-04  -2.09332e-06  -6.84229e+00
   5  R           -6.25346e+01   constant   
   6  alpha_CBO    0.00000e+00     fixed    
   7  w_CBO        2.32500e+00   constant   
   8  beta_CBO     0.00000e+00     fixed    
   9  alpha_2CBO   0.00000e+00     fixed    
  10  beta_2CBO    0.00000e+00     fixed    
  11  alpha_y      0.00000e+00     fixed    
  12  w_y          1.44500e+01   constant   
  13  beta_y       0.00000e+00     fixed    
  14  alpha_vw     0.00000e+00     fixed    
  15  w_vw         1.29000e+01   constant   
  16  beta_vw      0.00000e+00     fixed    
  17  LM          -7.79046e-04   constant   
  18  zeta_y       0.00000e+00   constant   
  19  zeta_vw      0.00000e+00   constant   
  20  T_CBO        5.14875e+00   6.21073e+02  -1.23968e-02   3.27531e-03
  21  alpha_A0    -2.16846e-02   2.15252e-02  -2.23219e-04  -2.12836e-04
  22  beta_A0     -2.41676e-03   1.76075e-02  -1.84710e-04  -1.62529e-03
  23  alpha_phi    2.45008e-03   4.09743e-03   3.85115e-05   1.29375e-03
  24  beta_phi    -2.12570e-02   1.85869e-02  -1.94997e-04  -1.38358e-04
 EXTERNAL ERROR MATRIX.    NDIM=  25    NPAR=  8    ERR DEF=1
  5.863e+05  1.532e-01  1.590e-01 -7.946e+02 -1.650e-01  4.392e-01 -2.826e-02 -3.093e-01 
  1.532e-01  6.861e-08  4.354e-08  5.729e-04  1.024e-07  3.640e-07 -1.006e-08  1.372e-07 
  1.590e-01  4.354e-08  2.960e-07  1.801e-03  4.109e-07  4.676e-07 -1.048e-07  3.183e-07 
 -7.946e+02  5.729e-04  1.801e-03  7.188e+03  1.822e+00  1.484e+00 -3.179e-01  1.573e+00 
 -1.650e-01  1.024e-07  4.109e-07  1.822e+00  4.633e-04  3.758e-04 -8.036e-05  3.988e-04 
  4.392e-01  3.640e-07  4.676e-07  1.484e+00  3.758e-04  3.100e-04 -6.563e-05  3.239e-04 
 -2.826e-02 -1.006e-08 -1.048e-07 -3.179e-01 -8.036e-05 -6.563e-05  1.679e-05 -6.958e-05 
 -3.093e-01  1.372e-07  3.183e-07  1.573e+00  3.988e-04  3.239e-04 -6.958e-05  3.455e-04 
 PARAMETER  CORRELATION COEFFICIENTS  
       NO.  GLOBAL      1      3      4     20     21     22     23     24
        1  0.81899   1.000  0.764  0.382 -0.012 -0.010  0.033 -0.009 -0.022
        3  0.84156   0.764  1.000  0.306  0.026  0.018  0.079 -0.009  0.028
        4  0.41534   0.382  0.306  1.000  0.039  0.035  0.049 -0.047  0.031
       20  0.99945  -0.012  0.026  0.039  1.000  0.998  0.994 -0.915  0.998
       21  0.99849  -0.010  0.018  0.035  0.998  1.000  0.992 -0.911  0.997
       22  0.99648   0.033  0.079  0.049  0.994  0.992  1.000 -0.910  0.990
       23  0.91869  -0.009 -0.009 -0.047 -0.915 -0.911 -0.910  1.000 -0.914
       24  0.99860  -0.022  0.028  0.031  0.998  0.997  0.990 -0.914  1.000
MINUIT - FIT ONLY 1-CBO + wiggle
 **********
 **   16 **RES 
 **********
                   PARAMETER   16  beta_vw RESTORED TO VARIABLE.
                   PARAMETER   14  alpha_vw RESTORED TO VARIABLE.
                   PARAMETER   13  beta_y RESTORED TO VARIABLE.
                   PARAMETER   11  alpha_y RESTORED TO VARIABLE.
                   PARAMETER   10  beta_2CBO RESTORED TO VARIABLE.
                   PARAMETER    9  alpha_2CBO RESTORED TO VARIABLE.
                   PARAMETER    8  beta_CBO RESTORED TO VARIABLE.
                   PARAMETER    6  alpha_CBO RESTORED TO VARIABLE.
 **********
 **   17 **FIX            8
 **********
 **********
 **   18 **FIX            9
 **********
 **********
 **   19 **FIX           11
 **********
 **********
 **   20 **FIX           12
 **********
 PARAMETER   12  IS CONSTANT.   IGNORED.
 **********
 **   21 **FIX           14
 **********
 **********
 **   22 **FIX           15
 **********
 PARAMETER   15  IS CONSTANT.   IGNORED.
 **********
 **   23 **FIX           16
 **********
 **********
 **   24 **MIGRAD
 **********
 START MIGRAD MINIMIZATION.  STRATEGY  1.  CONVERGENCE WHEN EDM .LT. 1.00e-04
 FCN=24.4813 FROM MIGRAD    STATUS=INITIATE       28 CALLS         837 TOTAL
                     EDM= unknown      STRATEGY= 1      NO ERROR MATRIX       
  EXT PARAMETER               CURRENT GUESS       STEP         FIRST   
  NO.   NAME      VALUE            ERROR          SIZE      DERIVATIVE 
   1  N0           3.11326e+06   7.65675e+02   1.62578e-01   9.38218e-06
   2  tau          6.43838e+01   constant   
   3  A0           3.55502e-01   2.61938e-04  -7.48426e-07  -2.17994e+01
   4  phi          4.12025e+00   5.44094e-04  -2.09332e-06  -6.84229e+00
   5  R           -6.25346e+01   constant   
   6  alpha_CBO    0.00000e+00   1.00000e-03   1.00000e-03  -5.20337e+03
   7  w_CBO        2.32500e+00   constant   
   8  beta_CBO     0.00000e+00     fixed    
   9  alpha_2CBO   0.00000e+00     fixed    
  10  beta_2CBO    0.00000e+00   1.00000e-03   1.00000e-03   7.02191e+03
  11  alpha_y      0.00000e+00     fixed    
  12  w_y          1.44500e+01   constant   
  13  beta_y       0.00000e+00   1.00000e-03   1.00000e-03   7.80237e+02
  14  alpha_vw     0.00000e+00     fixed    
  15  w_vw         1.29000e+01   constant   
  16  beta_vw      0.00000e+00     fixed    
  17  LM          -7.79046e-04   constant   
  18  zeta_y       0.00000e+00   constant   
  19  zeta_vw      0.00000e+00   constant   
  20  T_CBO        5.14875e+00   6.21073e+02  -1.23968e-02   3.26514e-03
  21  alpha_A0    -2.16846e-02   2.15252e-02  -2.23219e-04  -2.12836e-04
  22  beta_A0     -2.41676e-03   1.76075e-02  -1.84710e-04  -1.62529e-03
  23  alpha_phi    2.45008e-03   4.09743e-03   3.85115e-05   1.29375e-03
  24  beta_phi    -2.12570e-02   1.85869e-02  -1.94997e-04  -1.38358e-04
 MIGRAD MINIMIZATION HAS CONVERGED.
 MIGRAD WILL VERIFY CONVERGENCE AND ERROR MATRIX.
 FCN=7.928 FROM MIGRAD    STATUS=CONVERGED    1561 CALLS        2370 TOTAL
                     EDM=3.05363e-05    STRATEGY= 1      ERR MATRIX NOT POS-DEF
  EXT PARAMETER                APPROXIMATE        STEP         FIRST   
  NO.   NAME      VALUE            ERROR          SIZE      DERIVATIVE 
   1  N0           3.12909e+06   3.42937e+03   1.49206e+00  -2.04938e-06
   2  tau          6.43838e+01   constant   
   3  A0           3.59410e-01   1.47937e-03   2.61225e-07  -3.34021e+00
   4  phi          4.10171e+00   5.90253e-03   1.95585e-06   3.82130e+00
   5  R           -6.25346e+01   constant   
   6  alpha_CBO    4.47311e-02   2.70647e-03   3.24891e-07  -7.15531e+00
   7  w_CBO        2.32500e+00   constant   
   8  beta_CBO     0.00000e+00     fixed    
   9  alpha_2CBO   0.00000e+00     fixed    
  10  beta_2CBO   -1.78637e-02   1.25798e-03   3.28595e-07  -4.07931e+00
  11  alpha_y      0.00000e+00     fixed    
  12  w_y          1.44500e+01   constant   
  13  beta_y      -1.04248e-04   2.38554e-04   3.45561e-07   2.35381e+00
  14  alpha_vw     0.00000e+00     fixed    
  15  w_vw         1.29000e+01   constant   
  16  beta_vw      0.00000e+00     fixed    
  17  LM          -7.79046e-04   constant   
  18  zeta_y       0.00000e+00   constant   
  19  zeta_vw      0.00000e+00   constant   
  20  T_CBO        5.18772e+00   1.87599e-02   6.80265e-07   5.06089e+01
  21  alpha_A0     1.18361e+05   1.14509e+04   1.83245e+00   4.83914e-07
  22  beta_A0      1.09920e+05   1.32523e+04   2.40596e+00   9.43344e-07
  23  alpha_phi    3.50089e+05   1.74379e+04   1.92032e+00   6.42763e-07
  24  beta_phi    -2.42099e+04   1.07457e+04   1.74539e+00   9.73054e-08
 EXTERNAL ERROR MATRIX.    NDIM=  25    NPAR= 11    ERR DEF=1
  1.176e+07 
 -3.626e+00  2.189e-06 
  2.344e+00 -2.345e-06  3.484e-05 
  1.684e+00  3.635e-07  4.151e-06  7.325e-06 
  4.095e-01 -2.114e-07 -1.901e-06 -2.785e-06  1.583e-06 
 -2.204e-02 -1.664e-08 -6.932e-09  3.415e-09 -3.362e-09  5.691e-08 
  6.235e+00  3.359e-06 -3.600e-05  1.914e-05 -6.492e-06  1.426e-08  3.519e-04 
  3.183e+07 -1.153e+01 -1.168e+01  2.032e+00  1.594e+00  2.456e-02 -4.341e+01  1.311e+08 
 -2.382e+06  7.714e+00 -6.421e+01 -5.466e+00  6.192e+00 -6.095e-02  2.673e+00  3.980e+07  1.756e+08 
 -8.172e+06  7.137e+00 -1.510e+01  1.908e+01 -8.305e+00  1.280e-02 -1.428e+02  5.773e+07  1.025e+08  3.041e+08 
 -2.984e+07  1.260e+01  1.737e+01  3.733e+00 -4.011e+00 -5.735e-02 -7.334e+00 -1.094e+08 -2.829e+07  1.663e+07  1.155e+08 
ERR MATRIX NOT POS-DEF
 PARAMETER  CORRELATION COEFFICIENTS  
       NO.  GLOBAL      1      3      4      6     10     13     20     21     22     23     24
        1  0.98916   1.000 -0.715  0.116  0.181  0.095 -0.027  0.097  0.811 -0.052 -0.137 -0.810
        3  0.99268  -0.715  1.000 -0.269  0.091 -0.114 -0.047  0.121 -0.681  0.393  0.277  0.792
        4  0.99627   0.116 -0.269  1.000  0.260 -0.256 -0.005 -0.325 -0.173 -0.821 -0.147  0.274
        6  0.99662   0.181  0.091  0.260  1.000 -0.818  0.005  0.377  0.066 -0.152  0.404  0.128
       10  0.98391   0.095 -0.114 -0.256 -0.818  1.000 -0.011 -0.275  0.111  0.371 -0.379 -0.297
       13  0.13447  -0.027 -0.047 -0.005  0.005 -0.011  1.000  0.003  0.009 -0.019  0.003 -0.022
       20  0.99733   0.097  0.121 -0.325  0.377 -0.275  0.003  1.000 -0.202  0.011 -0.436 -0.036
       21  0.99369   0.811 -0.681 -0.173  0.066  0.111  0.009 -0.202  1.000  0.262  0.289 -0.889
       22  0.99157  -0.052  0.393 -0.821 -0.152  0.371 -0.019  0.011  0.262  1.000  0.444 -0.199
       23  0.99700  -0.137  0.277 -0.147  0.404 -0.379  0.003 -0.436  0.289  0.444  1.000  0.089
       24  0.99353  -0.810  0.792  0.274  0.128 -0.297 -0.022 -0.036 -0.889 -0.199  0.089  1.000
 ERR MATRIX NOT POS-DEF
MINUIT - FIT ONLY 2-CBO
 **********
 **   25 **RES 
 **********
                   PARAMETER   16  beta_vw RESTORED TO VARIABLE.
                   PARAMETER   14  alpha_vw RESTORED TO VARIABLE.
                   PARAMETER   11  alpha_y RESTORED TO VARIABLE.
                   PARAMETER    9  alpha_2CBO RESTORED TO VARIABLE.
                   PARAMETER    8  beta_CBO RESTORED TO VARIABLE.
 **********
 **   26 **FIX            0
 **********
 PARAMETER    0  IS UNDEFINED. IGNORED.
 **********
 **   27 **FIX            1
 **********
 **********
 **   28 **FIX            2
 **********
 PARAMETER    2  IS CONSTANT.   IGNORED.
 **********
 **   29 **FIX            3
 **********
 **********
 **   30 **FIX            4
 **********
 **********
 **   31 **FIX            5
 **********
 PARAMETER    5  IS CONSTANT.   IGNORED.
 **********
 **   32 **FIX            6
 **********
 **********
 **   33 **FIX            7
 **********
 PARAMETER    7  IS CONSTANT.   IGNORED.
 **********
 **   34 **FIX           10
 **********
 **********
 **   35 **FIX           11
 **********
 **********
 **   36 **FIX           12
 **********
 PARAMETER   12  IS CONSTANT.   IGNORED.
 **********
 **   37 **FIX           13
 **********
 **********
 **   38 **FIX           14
 **********
 **********
 **   39 **FIX           15
 **********
 PARAMETER   15  IS CONSTANT.   IGNORED.
 **********
 **   40 **FIX           16
 **********
 **********
 **   41 **MIGRAD
 **********
 START MIGRAD MINIMIZATION.  STRATEGY  1.  CONVERGENCE WHEN EDM .LT. 1.00e-04
 FCN=7.928 FROM MIGRAD    STATUS=INITIATE       18 CALLS        2388 TOTAL
                     EDM= unknown      STRATEGY= 1      NO ERROR MATRIX       
  EXT PARAMETER               CURRENT GUESS       STEP         FIRST   
  NO.   NAME      VALUE            ERROR          SIZE      DERIVATIVE 
   1  N0           3.12909e+06     fixed    
   2  tau          6.43838e+01   constant   
   3  A0           3.59410e-01     fixed    
   4  phi          4.10171e+00     fixed    
   5  R           -6.25346e+01   constant   
   6  alpha_CBO    4.47311e-02     fixed    
   7  w_CBO        2.32500e+00   constant   
   8  beta_CBO     0.00000e+00   1.00000e-03   1.00000e-03  -9.17627e+01
   9  alpha_2CBO   0.00000e+00   1.00000e-03   1.00000e-03   6.25055e+02
  10  beta_2CBO   -1.78637e-02     fixed    
  11  alpha_y      0.00000e+00     fixed    
  12  w_y          1.44500e+01   constant   
  13  beta_y      -1.04248e-04     fixed    
  14  alpha_vw     0.00000e+00     fixed    
  15  w_vw         1.29000e+01   constant   
  16  beta_vw      0.00000e+00     fixed    
  17  LM          -7.79046e-04   constant   
  18  zeta_y       0.00000e+00   constant   
  19  zeta_vw      0.00000e+00   constant   
  20  T_CBO        5.18772e+00   1.87599e-02   6.80265e-07   5.08000e+01
  21  alpha_A0     1.18361e+05   1.14509e+04   1.83245e+00   4.83918e-07
  22  beta_A0      1.09920e+05   1.32523e+04   2.40596e+00   9.43350e-07
  23  alpha_phi    3.50089e+05   1.74379e+04   1.92032e+00   6.42765e-07
  24  beta_phi    -2.42099e+04   1.07457e+04   1.74539e+00   9.73086e-08
 MIGRAD MINIMIZATION HAS CONVERGED.
 MIGRAD WILL VERIFY CONVERGENCE AND ERROR MATRIX.
 FCN=7.59175 FROM MIGRAD    STATUS=CONVERGED     181 CALLS        2551 TOTAL
                     EDM=3.41513e-05    STRATEGY= 1      ERR MATRIX NOT POS-DEF
  EXT PARAMETER                APPROXIMATE        STEP         FIRST   
  NO.   NAME      VALUE            ERROR          SIZE      DERIVATIVE 
   1  N0           3.12909e+06     fixed    
   2  tau          6.43838e+01   constant   
   3  A0           3.59410e-01     fixed    
   4  phi          4.10171e+00     fixed    
   5  R           -6.25346e+01   constant   
   6  alpha_CBO    4.47311e-02     fixed    
   7  w_CBO        2.32500e+00   constant   
   8  beta_CBO    -1.34978e-03   1.72753e-03   3.34121e-07  -5.20202e-01
   9  alpha_2CBO  -1.28401e-03   1.61857e-03   3.29879e-07   5.42319e-01
  10  beta_2CBO   -1.78637e-02     fixed    
  11  alpha_y      0.00000e+00     fixed    
  12  w_y          1.44500e+01   constant   
  13  beta_y      -1.04248e-04     fixed    
  14  alpha_vw     0.00000e+00     fixed    
  15  w_vw         1.29000e+01   constant   
  16  beta_vw      0.00000e+00     fixed    
  17  LM          -7.79046e-04   constant   
  18  zeta_y       0.00000e+00   constant   
  19  zeta_vw      0.00000e+00   constant   
  20  T_CBO        5.18754e+00   2.09438e-02   6.80267e-07   4.92799e+00
  21  alpha_A0     1.12067e+05   1.04388e+04   1.79795e+00  -2.08644e-08
  22  beta_A0      1.07536e+05   7.24591e+03   2.36334e+00  -1.09840e-07
  23  alpha_phi    3.51908e+05   2.06417e+04   1.88910e+00  -2.89030e-07
  24  beta_phi    -3.25937e+04   1.08093e+04   1.71050e+00   2.69983e-08
 EXTERNAL ERROR MATRIX.    NDIM=  25    NPAR=  7    ERR DEF=1
  2.984e-06  2.725e-06  4.895e-07  1.351e+01  5.349e+00 -3.928e+00  1.816e+01 
  2.725e-06  2.620e-06  3.707e-07  1.278e+01  4.775e+00 -3.696e+00  1.696e+01 
  4.895e-07  3.707e-07  4.386e-04 -1.378e+02 -1.307e+02 -4.291e+02  4.269e+01 
  1.351e+01  1.278e+01 -1.378e+02  1.090e+08  6.616e+07  1.186e+08  7.095e+07 
  5.349e+00  4.775e+00 -1.307e+02  6.616e+07  5.250e+07  1.223e+08  1.984e+07 
 -3.928e+00 -3.696e+00 -4.291e+02  1.186e+08  1.223e+08  4.261e+08 -6.350e+07 
  1.816e+01  1.696e+01  4.269e+01  7.095e+07  1.984e+07 -6.350e+07  1.168e+08 
ERR MATRIX NOT POS-DEF
 PARAMETER  CORRELATION COEFFICIENTS  
       NO.  GLOBAL      8      9     20     21     22     23     24
        8  0.99085   1.000  0.975  0.014  0.749  0.427 -0.110  0.973
        9  0.98983   0.975  1.000  0.011  0.757  0.407 -0.111  0.970
       20  0.99783   0.014  0.011  1.000 -0.631 -0.861 -0.993  0.189
       21  0.99239   0.749  0.757 -0.631  1.000  0.875  0.550  0.629
       22  0.97139   0.427  0.407 -0.861  0.875  1.000  0.818  0.253
       23  0.99785  -0.110 -0.111 -0.993  0.550  0.818  1.000 -0.285
       24  0.99361   0.973  0.970  0.189  0.629  0.253 -0.285  1.000
 ERR MATRIX NOT POS-DEF
MINUIT - FIT wiggle + 1-CBO + 2-CBO
 **********
 **   42 **RES 
 **********
                   PARAMETER   16  beta_vw RESTORED TO VARIABLE.
                   PARAMETER   14  alpha_vw RESTORED TO VARIABLE.
                   PARAMETER   13  beta_y RESTORED TO VARIABLE.
                   PARAMETER   11  alpha_y RESTORED TO VARIABLE.
                   PARAMETER   10  beta_2CBO RESTORED TO VARIABLE.
                   PARAMETER    6  alpha_CBO RESTORED TO VARIABLE.
                   PARAMETER    4  phi RESTORED TO VARIABLE.
                   PARAMETER    3  A0 RESTORED TO VARIABLE.
                   PARAMETER    1  N0 RESTORED TO VARIABLE.
 **********
 **   43 **FIX           10
 **********
 **********
 **   44 **FIX           11
 **********
 **********
 **   45 **FIX           12
 **********
 PARAMETER   12  IS CONSTANT.   IGNORED.
 **********
 **   46 **FIX           13
 **********
 **********
 **   47 **FIX           14
 **********
 **********
 **   48 **FIX           15
 **********
 PARAMETER   15  IS CONSTANT.   IGNORED.
 **********
 **   49 **FIX           16
 **********
 **********
 **   50 **MIGRAD
 **********
 START MIGRAD MINIMIZATION.  STRATEGY  1.  CONVERGENCE WHEN EDM .LT. 1.00e-04
 FCN=7.59175 FROM MIGRAD    STATUS=INITIATE       22 CALLS        2573 TOTAL
                     EDM= unknown      STRATEGY= 1      NO ERROR MATRIX       
  EXT PARAMETER               CURRENT GUESS       STEP         FIRST   
  NO.   NAME      VALUE            ERROR          SIZE      DERIVATIVE 
   1  N0           3.12909e+06   3.42937e+03   3.42937e+03  -2.22057e-05
   2  tau          6.43838e+01   constant   
   3  A0           3.59410e-01   1.47937e-03   1.47937e-03  -4.86575e+01
   4  phi          4.10171e+00   5.90253e-03   5.90253e-03   4.56449e+01
   5  R           -6.25346e+01   constant   
   6  alpha_CBO    4.47311e-02   2.70647e-03   2.70647e-03   4.51928e+02
   7  w_CBO        2.32500e+00   constant   
   8  beta_CBO    -1.34978e-03   1.72753e-03   3.34121e-07  -5.20199e-01
   9  alpha_2CBO  -1.28401e-03   1.61857e-03   3.29879e-07   5.42322e-01
  10  beta_2CBO   -1.78637e-02     fixed    
  11  alpha_y      0.00000e+00     fixed    
  12  w_y          1.44500e+01   constant   
  13  beta_y      -1.04248e-04     fixed    
  14  alpha_vw     0.00000e+00     fixed    
  15  w_vw         1.29000e+01   constant   
  16  beta_vw      0.00000e+00     fixed    
  17  LM          -7.79046e-04   constant   
  18  zeta_y       0.00000e+00   constant   
  19  zeta_vw      0.00000e+00   constant   
  20  T_CBO        5.18754e+00   2.09438e-02   6.80267e-07   5.11592e+00
  21  alpha_A0     1.12067e+05   1.04388e+04   1.79795e+00  -2.08699e-08
  22  beta_A0      1.07536e+05   7.24591e+03   2.36334e+00  -1.09850e-07
  23  alpha_phi    3.51908e+05   2.06417e+04   1.88910e+00  -2.89031e-07
  24  beta_phi    -3.25937e+04   1.08093e+04   1.71050e+00   2.69980e-08
 MIGRAD MINIMIZATION HAS CONVERGED.
 MIGRAD WILL VERIFY CONVERGENCE AND ERROR MATRIX.
 FCN=6.3507 FROM HESSE     STATUS=NOT POSDEF    100 CALLS        3091 TOTAL
                     EDM=0.0010146    STRATEGY= 1      ERR MATRIX NOT POS-DEF
  EXT PARAMETER                APPROXIMATE        STEP         FIRST   
  NO.   NAME      VALUE            ERROR          SIZE      DERIVATIVE 
   1  N0           3.12097e+06   5.98374e+03   1.48819e+00  -7.00361e-07
   2  tau          6.43838e+01   constant   
   3  A0           3.64440e-01   2.16393e-03   2.38784e-07  -1.82335e+00
   4  phi          4.09133e+00   5.70294e-03   1.95090e-06   4.62103e+00
   5  R           -6.25346e+01   constant   
   6  alpha_CBO    4.12811e-02   1.57661e-03   2.93929e-07  -1.84821e+00
   7  w_CBO        2.32500e+00   constant   
   8  beta_CBO    -6.97689e-03   2.25663e-03   3.09649e-07  -4.34556e+00
   9  alpha_2CBO  -5.81694e-03   1.56696e-03   3.05059e-07  -3.39306e+00
  10  beta_2CBO   -1.78637e-02     fixed    
  11  alpha_y      0.00000e+00     fixed    
  12  w_y          1.44500e+01   constant   
  13  beta_y      -1.04248e-04     fixed    
  14  alpha_vw     0.00000e+00     fixed    
  15  w_vw         1.29000e+01   constant   
  16  beta_vw      0.00000e+00     fixed    
  17  LM          -7.79046e-04   constant   
  18  zeta_y       0.00000e+00   constant   
  19  zeta_vw      0.00000e+00   constant   
  20  T_CBO        5.18743e+00   1.82474e-02   6.80267e-07  -1.26978e+02
  21  alpha_A0     6.55627e+04   1.42899e+04   1.62868e+00  -8.48243e-07
  22  beta_A0      1.15320e+05   1.23879e+04   2.14191e+00  -5.01007e-07
  23  alpha_phi    3.66953e+05   1.69499e+04   1.75495e+00  -1.33519e-06
  24  beta_phi    -3.91293e+04   1.34736e+04   1.56347e+00   1.35111e-06
 CALL LIMIT EXCEEDED IN MIGRAD.
 MIGRAD TERMINATED WITHOUT CONVERGENCE.
 FCN=5.95844 FROM MIGRAD    STATUS=CALL LIMIT   1906 CALLS        4457 TOTAL
                     EDM=0.00387704    STRATEGY= 1      ERR MATRIX NOT POS-DEF
  EXT PARAMETER                APPROXIMATE        STEP         FIRST   
  NO.   NAME      VALUE            ERROR          SIZE      DERIVATIVE 
   1  N0           3.42295e+06   1.94038e+05   6.75573e+03  -5.94219e-05
   2  tau          6.43838e+01   constant   
   3  A0           4.12516e-01   3.51877e-02   1.14478e-03   1.95274e+02
   4  phi          4.07821e+00   1.99953e-02  -4.83873e-04  -3.22210e+01
   5  R           -6.25346e+01   constant   
   6  alpha_CBO    6.10635e-02   1.27319e-02   3.87193e-04   1.95751e+02
   7  w_CBO        2.32500e+00   constant   
   8  beta_CBO    -9.62595e-02   5.72457e-02  -2.02203e-03  -3.65642e+01
   9  alpha_2CBO  -1.77739e-02   8.48497e-03  -3.19023e-04   2.66675e+02
  10  beta_2CBO   -1.78637e-02     fixed    
  11  alpha_y      0.00000e+00     fixed    
  12  w_y          1.44500e+01   constant   
  13  beta_y      -1.04248e-04     fixed    
  14  alpha_vw     0.00000e+00     fixed    
  15  w_vw         1.29000e+01   constant   
  16  beta_vw      0.00000e+00     fixed    
  17  LM          -7.79046e-04   constant   
  18  zeta_y       0.00000e+00   constant   
  19  zeta_vw      0.00000e+00   constant   
  20  T_CBO        5.10083e+00   5.67598e-02  -2.78935e-05  -4.30369e+02
  21  alpha_A0     4.18385e+05   2.33902e+05   7.88367e+03  -7.95688e-06
  22  beta_A0      2.84932e+05   1.68120e+05   5.00760e+03  -2.22033e-05
  23  alpha_phi    5.68712e+05   1.65571e+05   5.09340e+03  -1.61717e-05
  24  beta_phi    -4.80944e+05   2.73491e+05  -9.82673e+03  -3.47726e-05
 EXTERNAL ERROR MATRIX.    NDIM=  25    NPAR= 11    ERR DEF=1
  3.765e+10 
  6.752e+03  1.238e-03 
 -3.499e+03 -6.572e-04  3.998e-04 
  2.410e+03  4.434e-04 -2.363e-04  1.621e-04 
 -1.109e+04 -1.991e-03  1.039e-03 -7.083e-04  3.277e-03 
 -1.519e+03 -2.679e-04  1.421e-04 -9.380e-05  4.572e-04  7.199e-05 
 -1.098e+04 -1.982e-03  1.016e-03 -7.063e-04  3.238e-03  4.436e-04  3.222e-03 
  4.528e+10  8.103e+03 -4.207e+03  2.903e+03 -1.329e+04 -1.786e+03 -1.316e+04  5.471e+10 
  3.173e+10  5.881e+03 -3.220e+03  2.126e+03 -9.351e+03 -1.242e+03 -9.305e+03  3.817e+10  2.826e+10 
  3.134e+10  5.793e+03 -3.171e+03  2.089e+03 -9.268e+03 -1.263e+03 -9.199e+03  3.754e+10  2.777e+10  2.741e+10 
 -5.280e+10 -9.382e+03  4.891e+03 -3.335e+03  1.561e+04  2.211e+03  1.536e+04 -6.331e+10 -4.393e+10 -4.365e+10  7.480e+10 
ERR MATRIX NOT POS-DEF
 PARAMETER  CORRELATION COEFFICIENTS  
       NO.  GLOBAL      1      3      4      6      8      9     20     21     22     23     24
        1  1.00000   1.000  0.989 -0.902  0.975 -0.998 -0.923 -0.997  0.998  0.973  0.975 -0.995
        3  1.00000   0.989  1.000 -0.934  0.990 -0.988 -0.897 -0.993  0.985  0.994  0.994 -0.975
        4  0.99991  -0.902 -0.934  1.000 -0.928  0.908  0.837  0.896 -0.899 -0.958 -0.958  0.894
        6  0.99994   0.975  0.990 -0.928  1.000 -0.972 -0.868 -0.977  0.975  0.993  0.991 -0.958
        8  1.00000  -0.998 -0.988  0.908 -0.972  1.000  0.941  0.997 -0.993 -0.972 -0.978  0.997
        9  0.99986  -0.923 -0.897  0.837 -0.868  0.941  1.000  0.921 -0.900 -0.871 -0.899  0.953
       20  0.99996  -0.997 -0.993  0.896 -0.977  0.997  0.921  1.000 -0.991 -0.975 -0.979  0.989
       21  0.99999   0.998  0.985 -0.899  0.975 -0.993 -0.900 -0.991  1.000  0.971  0.969 -0.990
       22  0.99997   0.973  0.994 -0.958  0.993 -0.972 -0.871 -0.975  0.971  1.000  0.998 -0.956
       23  0.99998   0.975  0.994 -0.958  0.991 -0.978 -0.899 -0.979  0.969  0.998  1.000 -0.964
       24  1.00000  -0.995 -0.975  0.894 -0.958  0.997  0.953  0.989 -0.990 -0.956 -0.964  1.000
 ERR MATRIX NOT POS-DEF
MINUIT - FIT ONLY 1-y
 **********
 **   51 **RES 
 **********
                   PARAMETER   16  beta_vw RESTORED TO VARIABLE.
                   PARAMETER   14  alpha_vw RESTORED TO VARIABLE.
                   PARAMETER   13  beta_y RESTORED TO VARIABLE.
                   PARAMETER   11  alpha_y RESTORED TO VARIABLE.
                   PARAMETER   10  beta_2CBO RESTORED TO VARIABLE.
 **********
 **   52 **FIX            0
 **********
 PARAMETER    0  IS UNDEFINED. IGNORED.
 **********
 **   53 **FIX            1
 **********
 **********
 **   54 **FIX            2
 **********
 PARAMETER    2  IS CONSTANT.   IGNORED.
 **********
 **   55 **FIX            3
 **********
 **********
 **   56 **FIX            4
 **********
 **********
 **   57 **FIX            5
 **********
 PARAMETER    5  IS CONSTANT.   IGNORED.
 **********
 **   58 **FIX            6
 **********
 **********
 **   59 **FIX            7
 **********
 PARAMETER    7  IS CONSTANT.   IGNORED.
 **********
 **   60 **FIX            8
 **********
 **********
 **   61 **FIX            9
 **********
 **********
 **   62 **FIX           13
 **********
 **********
 **   63 **FIX           14
 **********
 **********
 **   64 **FIX           15
 **********
 PARAMETER   15  IS CONSTANT.   IGNORED.
 **********
 **   65 **FIX           16
 **********
 **********
 **   66 **MIGRAD
 **********
 START MIGRAD MINIMIZATION.  STRATEGY  1.  CONVERGENCE WHEN EDM .LT. 1.00e-04
 FCN=5.95844 FROM MIGRAD    STATUS=INITIATE       16 CALLS        4473 TOTAL
                     EDM= unknown      STRATEGY= 1      NO ERROR MATRIX       
  EXT PARAMETER               CURRENT GUESS       STEP         FIRST   
  NO.   NAME      VALUE            ERROR          SIZE      DERIVATIVE 
   1  N0           3.42295e+06     fixed    
   2  tau          6.43838e+01   constant   
   3  A0           4.12516e-01     fixed    
   4  phi          4.07821e+00     fixed    
   5  R           -6.25346e+01   constant   
   6  alpha_CBO    6.10635e-02     fixed    
   7  w_CBO        2.32500e+00   constant   
   8  beta_CBO    -9.62595e-02     fixed    
   9  alpha_2CBO  -1.77739e-02     fixed    
  10  beta_2CBO   -1.78637e-02   1.25798e-03   1.25798e-03   2.06593e+02
  11  alpha_y      0.00000e+00   1.00000e-03   1.00000e-03  -8.49146e+03
  12  w_y          1.44500e+01   constant   
  13  beta_y      -1.04248e-04     fixed    
  14  alpha_vw     0.00000e+00     fixed    
  15  w_vw         1.29000e+01   constant   
  16  beta_vw      0.00000e+00     fixed    
  17  LM          -7.79046e-04   constant   
  18  zeta_y       0.00000e+00   constant   
  19  zeta_vw      0.00000e+00   constant   
  20  T_CBO        5.10083e+00   5.67598e-02  -2.78935e-05  -4.30369e+02
  21  alpha_A0     4.18385e+05   2.33902e+05   7.88367e+03  -7.95688e-06
  22  beta_A0      2.84932e+05   1.68120e+05   5.00760e+03  -2.22033e-05
  23  alpha_phi    5.68712e+05   1.65571e+05   5.09340e+03  -1.61717e-05
  24  beta_phi    -4.80944e+05   2.73491e+05  -9.82673e+03  -3.47726e-05
 MIGRAD MINIMIZATION HAS CONVERGED.
 MIGRAD WILL VERIFY CONVERGENCE AND ERROR MATRIX.
 FCN=4.95445 FROM MIGRAD    STATUS=CONVERGED     161 CALLS        4618 TOTAL
                     EDM=2.16029e-05    STRATEGY= 1      ERR MATRIX NOT POS-DEF
  EXT PARAMETER                APPROXIMATE        STEP         FIRST   
  NO.   NAME      VALUE            ERROR          SIZE      DERIVATIVE 
   1  N0           3.42295e+06     fixed    
   2  tau          6.43838e+01   constant   
   3  A0           4.12516e-01     fixed    
   4  phi          4.07821e+00     fixed    
   5  R           -6.25346e+01   constant   
   6  alpha_CBO    6.10635e-02     fixed    
   7  w_CBO        2.32500e+00   constant   
   8  beta_CBO    -9.62595e-02     fixed    
   9  alpha_2CBO  -1.77739e-02     fixed    
  10  beta_2CBO   -1.80970e-02   6.72063e-04   2.65308e-07  -4.54351e+00
  11  alpha_y      2.33026e-04   2.31702e-04   2.62228e-07   7.56747e+00
  12  w_y          1.44500e+01   constant   
  13  beta_y      -1.04248e-04     fixed    
  14  alpha_vw     0.00000e+00     fixed    
  15  w_vw         1.29000e+01   constant   
  16  beta_vw      0.00000e+00     fixed    
  17  LM          -7.79046e-04   constant   
  18  zeta_y       0.00000e+00   constant   
  19  zeta_vw      0.00000e+00   constant   
  20  T_CBO        5.10064e+00   7.30830e-03   6.80846e-07  -2.74318e+01
  21  alpha_A0     4.18684e+05   9.07518e+03   1.65398e+00  -1.40918e-06
  22  beta_A0      2.82889e+05   8.26173e+03   2.05080e+00  -7.00612e-07
  23  alpha_phi    5.69046e+05   1.20332e+04   1.47099e+00  -1.10809e-06
  24  beta_phi    -4.80326e+05   1.02985e+04   1.34318e+00  -3.14359e-06
 EXTERNAL ERROR MATRIX.    NDIM=  25    NPAR=  7    ERR DEF=1
  4.517e-07 -4.419e-08  2.265e-07 -3.192e-01  3.583e+00 -5.011e-01 -1.131e+00 
 -4.419e-08  5.369e-08 -3.807e-08  5.749e-02 -4.037e-01  6.059e-02  1.173e-01 
  2.265e-07 -3.807e-08  5.341e-05 -6.544e+01 -4.153e+01 -8.738e+01  7.296e+01 
 -3.192e-01  5.749e-02 -6.544e+01  8.236e+07  5.089e+07  1.069e+08 -8.907e+07 
  3.583e+00 -4.037e-01 -4.153e+01  5.089e+07  6.826e+07  6.767e+07 -7.012e+07 
 -5.011e-01  6.059e-02 -8.738e+01  1.069e+08  6.767e+07  1.448e+08 -1.194e+08 
 -1.131e+00  1.173e-01  7.296e+01 -8.907e+07 -7.012e+07 -1.194e+08  1.061e+08 
ERR MATRIX NOT POS-DEF
 PARAMETER  CORRELATION COEFFICIENTS  
       NO.  GLOBAL     10     11     20     21     22     23     24
       10  0.94367   1.000 -0.284  0.046 -0.052  0.645 -0.062 -0.163
       11  0.31654  -0.284  1.000 -0.022  0.027 -0.211  0.022  0.049
       20  0.99729   0.046 -0.022  1.000 -0.987 -0.688 -0.994  0.969
       21  0.98754  -0.052  0.027 -0.987  1.000  0.679  0.978 -0.953
       22  0.97597   0.645 -0.211 -0.688  0.679  1.000  0.681 -0.824
       23  0.99449  -0.062  0.022 -0.994  0.978  0.681  1.000 -0.963
       24  0.99377  -0.163  0.049  0.969 -0.953 -0.824 -0.963  1.000
 ERR MATRIX NOT POS-DEF
MINUIT - FIT ONLY 2-y
 **********
 **   67 **RES 
 **********
                   PARAMETER   16  beta_vw RESTORED TO VARIABLE.
                   PARAMETER   14  alpha_vw RESTORED TO VARIABLE.
                   PARAMETER   13  beta_y RESTORED TO VARIABLE.
                   PARAMETER    9  alpha_2CBO RESTORED TO VARIABLE.
                   PARAMETER    8  beta_CBO RESTORED TO VARIABLE.
                   PARAMETER    6  alpha_CBO RESTORED TO VARIABLE.
                   PARAMETER    4  phi RESTORED TO VARIABLE.
                   PARAMETER    3  A0 RESTORED TO VARIABLE.
                   PARAMETER    1  N0 RESTORED TO VARIABLE.
 **********
 **   68 **FIX            0
 **********
 PARAMETER    0  IS UNDEFINED. IGNORED.
 **********
 **   69 **FIX            1
 **********
 **********
 **   70 **FIX            2
 **********
 PARAMETER    2  IS CONSTANT.   IGNORED.
 **********
 **   71 **FIX            3
 **********
 **********
 **   72 **FIX            4
 **********
 **********
 **   73 **FIX            5
 **********
 PARAMETER    5  IS CONSTANT.   IGNORED.
 **********
 **   74 **FIX            6
 **********
 **********
 **   75 **FIX            7
 **********
 PARAMETER    7  IS CONSTANT.   IGNORED.
 **********
 **   76 **FIX            8
 **********
 **********
 **   77 **FIX            9
 **********
 **********
 **   78 **FIX           10
 **********
 **********
 **   79 **FIX           11
 **********
 **********
 **   80 **FIX           12
 **********
 PARAMETER   12  IS CONSTANT.   IGNORED.
 **********
 **   81 **FIX           16
 **********
 **********
 **   82 **MIGRAD
 **********
 START MIGRAD MINIMIZATION.  STRATEGY  1.  CONVERGENCE WHEN EDM .LT. 1.00e-04
 FCN=4.95445 FROM MIGRAD    STATUS=INITIATE       14 CALLS        4632 TOTAL
                     EDM= unknown      STRATEGY= 1      NO ERROR MATRIX       
  EXT PARAMETER               CURRENT GUESS       STEP         FIRST   
  NO.   NAME      VALUE            ERROR          SIZE      DERIVATIVE 
   1  N0           3.42295e+06     fixed    
   2  tau          6.43838e+01   constant   
   3  A0           4.12516e-01     fixed    
   4  phi          4.07821e+00     fixed    
   5  R           -6.25346e+01   constant   
   6  alpha_CBO    6.10635e-02     fixed    
   7  w_CBO        2.32500e+00   constant   
   8  beta_CBO    -9.62595e-02     fixed    
   9  alpha_2CBO  -1.77739e-02     fixed    
  10  beta_2CBO   -1.80970e-02     fixed    
  11  alpha_y      2.33026e-04     fixed    
  12  w_y          1.44500e+01   constant   
  13  beta_y      -1.04248e-04   2.38554e-04   2.38554e-04  -4.65889e+02
  14  alpha_vw     0.00000e+00   1.00000e-03   1.00000e-03   1.97306e+03
  15  w_vw         1.29000e+01   constant   
  16  beta_vw      0.00000e+00     fixed    
  17  LM          -7.79046e-04   constant   
  18  zeta_y       0.00000e+00   constant   
  19  zeta_vw      0.00000e+00   constant   
  20  T_CBO        5.10064e+00   7.30830e-03   6.80846e-07  -2.62004e+01
  21  alpha_A0     4.18684e+05   9.07518e+03   1.65398e+00  -1.40918e-06
  22  beta_A0      2.82889e+05   8.26173e+03   2.05080e+00  -7.00627e-07
  23  alpha_phi    5.69046e+05   1.20332e+04   1.47099e+00  -1.10809e-06
  24  beta_phi    -4.80326e+05   1.02985e+04   1.34318e+00  -3.14359e-06
 MIGRAD MINIMIZATION HAS CONVERGED.
 MIGRAD WILL VERIFY CONVERGENCE AND ERROR MATRIX.
 FCN=4.89811 FROM MIGRAD    STATUS=CONVERGED     130 CALLS        4748 TOTAL
                     EDM=2.15115e-05    STRATEGY= 1      ERR MATRIX NOT POS-DEF
  EXT PARAMETER                APPROXIMATE        STEP         FIRST   
  NO.   NAME      VALUE            ERROR          SIZE      DERIVATIVE 
   1  N0           3.42295e+06     fixed    
   2  tau          6.43838e+01   constant   
   3  A0           4.12516e-01     fixed    
   4  phi          4.07821e+00     fixed    
   5  R           -6.25346e+01   constant   
   6  alpha_CBO    6.10635e-02     fixed    
   7  w_CBO        2.32500e+00   constant   
   8  beta_CBO    -9.62595e-02     fixed    
   9  alpha_2CBO  -1.77739e-02     fixed    
  10  beta_2CBO   -1.80970e-02     fixed    
  11  alpha_y      2.33026e-04     fixed    
  12  w_y          1.44500e+01   constant   
  13  beta_y      -9.90803e-05   2.39107e-04   2.80850e-07  -4.26645e-01
  14  alpha_vw    -5.59053e-05   2.41838e-04   2.80608e-07  -1.25736e-01
  15  w_vw         1.29000e+01   constant   
  16  beta_vw      0.00000e+00     fixed    
  17  LM          -7.79046e-04   constant   
  18  zeta_y       0.00000e+00   constant   
  19  zeta_vw      0.00000e+00   constant   
  20  T_CBO        5.10065e+00   7.54112e-03   6.80846e-07  -5.33609e+01
  21  alpha_A0     4.18666e+05   9.35470e+03   1.64611e+00   1.33488e-07
  22  beta_A0      2.82955e+05   6.50210e+03   2.04109e+00  -7.58464e-08
  23  alpha_phi    5.69049e+05   1.24039e+04   1.46401e+00  -4.20756e-07
  24  beta_phi    -4.80346e+05   1.04927e+04   1.33680e+00  -5.07822e-07
 EXTERNAL ERROR MATRIX.    NDIM=  25    NPAR=  7    ERR DEF=1
  5.717e-08  8.252e-09  1.437e-09  8.576e-03 -2.007e-02 -9.833e-03  1.174e-02 
  8.252e-09  5.849e-08 -1.644e-08  3.089e-02 -6.520e-02  7.958e-03  1.417e-02 
  1.437e-09 -1.644e-08  5.687e-05 -6.966e+01 -4.627e+01 -9.299e+01  7.848e+01 
  8.576e-03  3.089e-02 -6.966e+01  8.751e+07  5.703e+07  1.137e+08 -9.594e+07 
 -2.007e-02 -6.520e-02 -4.627e+01  5.703e+07  4.228e+07  7.648e+07 -6.524e+07 
 -9.833e-03  7.958e-03 -9.299e+01  1.137e+08  7.648e+07  1.539e+08 -1.288e+08 
  1.174e-02  1.417e-02  7.848e+01 -9.594e+07 -6.524e+07 -1.288e+08  1.101e+08 
ERR MATRIX NOT POS-DEF
 PARAMETER  CORRELATION COEFFICIENTS  
       NO.  GLOBAL     13     14     20     21     22     23     24
       13  0.14626   1.000  0.143  0.001  0.004 -0.013 -0.003  0.005
       14  0.21217   0.143  1.000 -0.009  0.014 -0.041  0.003  0.006
       20  0.99746   0.001 -0.009  1.000 -0.988 -0.944 -0.994  0.992
       21  0.98828   0.004  0.014 -0.988  1.000  0.938  0.980 -0.977
       22  0.96090  -0.013 -0.041 -0.944  0.938  1.000  0.948 -0.956
       23  0.99481  -0.003  0.003 -0.994  0.980  0.948  1.000 -0.989
       24  0.99400   0.005  0.006  0.992 -0.977 -0.956 -0.989  1.000
 ERR MATRIX NOT POS-DEF
MINUIT - FIT ALTOGETHER
 **********
 **   83 **RES 
 **********
                   PARAMETER   16  beta_vw RESTORED TO VARIABLE.
                   PARAMETER   11  alpha_y RESTORED TO VARIABLE.
                   PARAMETER   10  beta_2CBO RESTORED TO VARIABLE.
                   PARAMETER    9  alpha_2CBO RESTORED TO VARIABLE.
                   PARAMETER    8  beta_CBO RESTORED TO VARIABLE.
                   PARAMETER    6  alpha_CBO RESTORED TO VARIABLE.
                   PARAMETER    4  phi RESTORED TO VARIABLE.
                   PARAMETER    3  A0 RESTORED TO VARIABLE.
                   PARAMETER    1  N0 RESTORED TO VARIABLE.
 **********
 **   84 **MIGRAD
 **********
 START MIGRAD MINIMIZATION.  STRATEGY  1.  CONVERGENCE WHEN EDM .LT. 1.00e-04
 FCN=4.89811 FROM MIGRAD    STATUS=INITIATE       34 CALLS        4782 TOTAL
                     EDM= unknown      STRATEGY= 1      NO ERROR MATRIX       
  EXT PARAMETER               CURRENT GUESS       STEP         FIRST   
  NO.   NAME      VALUE            ERROR          SIZE      DERIVATIVE 
   1  N0           3.42295e+06   1.94038e+05   1.94038e+05   2.11538e-04
   2  tau          6.43838e+01   constant   
   3  A0           4.12516e-01   3.51877e-02   3.51877e-02   4.22628e+02
   4  phi          4.07821e+00   1.99953e-02   1.99953e-02   1.46834e+01
   5  R           -6.25346e+01   constant   
   6  alpha_CBO    6.10635e-02   1.27319e-02   1.27319e-02  -1.34892e+02
   7  w_CBO        2.32500e+00   constant   
   8  beta_CBO    -9.62595e-02   5.72457e-02   5.72457e-02   1.11066e+03
   9  alpha_2CBO  -1.77739e-02   8.48497e-03   8.48497e-03  -1.19192e+03
  10  beta_2CBO   -1.80970e-02   6.72063e-04   6.72063e-04  -1.51101e+02
  11  alpha_y      2.33026e-04   2.31702e-04   2.31702e-04   9.54959e+02
  12  w_y          1.44500e+01   constant   
  13  beta_y      -9.90803e-05   2.39107e-04   2.80850e-07  -4.26644e-01
  14  alpha_vw    -5.59053e-05   2.41838e-04   2.80608e-07  -1.25740e-01
  15  w_vw         1.29000e+01   constant   
  16  beta_vw      0.00000e+00   1.00000e-03   1.00000e-03  -1.23826e+03
  17  LM          -7.79046e-04   constant   
  18  zeta_y       0.00000e+00   constant   
  19  zeta_vw      0.00000e+00   constant   
  20  T_CBO        5.10065e+00   7.54112e-03   6.80846e-07  -5.21296e+01
  21  alpha_A0     4.18666e+05   9.35470e+03   1.64611e+00   1.33486e-07
  22  beta_A0      2.82955e+05   6.50210e+03   2.04109e+00  -7.58449e-08
  23  alpha_phi    5.69049e+05   1.24039e+04   1.46401e+00  -4.20757e-07
  24  beta_phi    -4.80346e+05   1.04927e+04   1.33680e+00  -5.07821e-07
 MIGRAD MINIMIZATION HAS CONVERGED.
 MIGRAD WILL VERIFY CONVERGENCE AND ERROR MATRIX.
 FCN=4.6186 FROM MIGRAD    STATUS=CONVERGED    1545 CALLS        6293 TOTAL
                     EDM=1.19085e-05    STRATEGY= 1      ERR MATRIX NOT POS-DEF
  EXT PARAMETER                APPROXIMATE        STEP         FIRST   
  NO.   NAME      VALUE            ERROR          SIZE      DERIVATIVE 
   1  N0           3.43448e+06   6.02824e+03   1.63769e+00   5.88395e-06
   2  tau          6.43838e+01   constant   
   3  A0           4.07934e-01   1.56437e-03   1.94518e-07  -2.69337e+01
   4  phi          4.08486e+00   4.38788e-03   1.94781e-06  -6.34890e+00
   5  R           -6.25346e+01   constant   
   6  alpha_CBO    5.12017e-02   2.25526e-03   2.53741e-07   5.63492e+00
   7  w_CBO        2.32500e+00   constant   
   8  beta_CBO    -9.78948e-02   1.98016e-03   2.69501e-07  -4.33865e+00
   9  alpha_2CBO  -1.76755e-02   1.55297e-03   2.64859e-07   1.61214e+00
  10  beta_2CBO   -1.43749e-02   1.36549e-03   2.57814e-07  -6.27558e-01
  11  alpha_y      2.83888e-04   3.00569e-04   2.54727e-07   6.49615e-02
  12  w_y          1.44500e+01   constant   
  13  beta_y      -7.18325e-05   2.63512e-04   2.74118e-07   3.25272e-01
  14  alpha_vw    -4.83851e-05   3.09717e-04   2.73878e-07   3.80336e-01
  15  w_vw         1.29000e+01   constant   
  16  beta_vw      3.54199e-05   2.54622e-04   2.54919e-07  -2.44660e-01
  17  LM          -7.79046e-04   constant   
  18  zeta_y       0.00000e+00   constant   
  19  zeta_vw      0.00000e+00   constant   
  20  T_CBO        5.09256e+00   6.84161e-03   6.80900e-07  -4.44387e+02
  21  alpha_A0     4.43775e+05   1.54793e+04   1.68866e+00  -2.05210e-06
  22  beta_A0      2.47143e+05   1.44671e+04   2.11093e+00   8.41776e-07
  23  alpha_phi    4.97678e+05   1.43918e+04   1.45650e+00  -4.31172e-07
  24  beta_phi    -5.19136e+05   1.32230e+04   1.33182e+00   2.38152e-06
 EXTERNAL ERROR MATRIX.    NDIM=  25    NPAR= 16    ERR DEF=1
 ELEMENTS ABOVE DIAGONAL ARE NOT PRINTED.
  3.634e+07 
  3.085e+00  2.447e-06 
  3.091e+00 -6.378e-07  1.925e-05 
  1.456e+00 -1.052e-07  2.175e-06  5.086e-06 
 -7.108e+00 -1.006e-06 -7.723e-08 -2.281e-07  3.921e-06 
  1.113e+00  2.716e-07 -5.286e-08 -2.340e-07  2.036e-06  2.412e-06 
 -2.109e-01  4.290e-07 -6.243e-07 -2.169e-06  2.090e-07  1.099e-07  1.865e-06 
  7.638e-02 -2.362e-08 -1.834e-07 -3.593e-08  2.171e-09  6.489e-08 -1.335e-07  9.034e-08 
  4.386e-02  2.179e-08  7.580e-10 -2.025e-08  2.946e-08  5.409e-08  9.105e-10  2.490e-09  6.944e-08 
  5.936e-02 -4.349e-09 -1.692e-07 -3.326e-08  9.651e-09  6.704e-08 -1.193e-07  5.531e-08  1.191e-08  9.592e-08 
  7.237e-02  5.365e-08  1.489e-07 -2.265e-08  5.154e-08  6.194e-08  2.884e-08 -1.118e-08  2.619e-08 -3.176e-09  6.483e-08 
  6.738e+00 -1.137e-06 -1.040e-05  3.805e-06 -2.417e-06 -1.530e-06 -1.505e-06 -7.477e-09 -6.788e-08 -3.366e-08 -1.882e-07 
  6.738e+00 -1.137e-06 -1.040e-05  3.805e-06 -2.417e-06 -1.530e-06 -1.505e-06 -7.477e-09 -6.788e-08 -3.366e-08 -1.882e-07  4.681e-05 
  4.262e+07 -3.262e+00 -8.247e+00  1.831e+00  7.720e+00  1.613e+01 -2.267e+00  8.460e-01  3.268e-01  7.565e-01  1.815e-01 
  4.262e+07 -3.262e+00 -8.247e+00  1.831e+00  7.720e+00  1.613e+01 -2.267e+00  8.460e-01  3.268e-01  7.565e-01  1.815e-01 -2.657e+01  2.396e+08 
 -5.108e+06  1.096e+01 -3.141e+01 -2.883e+00  5.921e+00  5.344e+00  1.072e+01 -1.235e+00  4.341e-02 -1.046e+00  2.620e-01 
 -5.108e+06  1.096e+01 -3.141e+01 -2.883e+00  5.921e+00  5.344e+00  1.072e+01 -1.235e+00  4.341e-02 -1.046e+00  2.620e-01 -1.129e+01  3.533e+07  2.093e+08 
 -2.256e+07  3.934e+00 -1.562e+01  1.930e+01  3.213e-01 -3.721e+00 -8.929e+00  7.248e-03 -1.194e-01  5.465e-02 -2.533e-01 
 -2.256e+07  3.934e+00 -1.562e+01  1.930e+01  3.213e-01 -3.721e+00 -8.929e+00  7.248e-03 -1.194e-01  5.465e-02 -2.533e-01 -2.473e+01  1.109e+07  7.309e+07  2.071e+08 
 -1.690e+07  6.653e+00  6.803e+00  4.440e+00  1.268e+01  1.081e+01 -1.880e+00  2.086e-01  2.739e-01  3.134e-01  4.859e-01 
 -1.690e+07  6.653e+00  6.803e+00  4.440e+00  1.268e+01  1.081e+01 -1.880e+00  2.086e-01  2.739e-01  3.134e-01  4.859e-01  2.717e+01 -4.100e+07  6.190e+06 -3.013e+07  1.748e+08 
ERR MATRIX NOT POS-DEF
 PARAMETER  CORRELATION COEFFICIENTS  
       NO.  GLOBAL      1      3      4      6      8      9     10     11     13     14     16     20     21     22     23     24
        1  0.99579   1.000  0.327  0.117  0.107 -0.595  0.119 -0.026  0.042  0.028  0.032  0.047  0.163  0.457 -0.059 -0.260 -0.212
        3  0.99646   0.327  1.000 -0.093 -0.030 -0.325  0.112  0.201 -0.050  0.053 -0.009  0.135 -0.106 -0.135  0.484  0.175  0.322
        4  0.99493   0.117 -0.093  1.000  0.220 -0.009 -0.008 -0.104 -0.139  0.001 -0.125  0.133 -0.347 -0.121 -0.495 -0.247  0.117
        6  0.99529   0.107 -0.030  0.220  1.000 -0.051 -0.067 -0.704 -0.053 -0.034 -0.048 -0.039  0.247  0.052 -0.088  0.595  0.149
        8  0.99309  -0.595 -0.325 -0.009 -0.051  1.000  0.662  0.077  0.004  0.056  0.016  0.102 -0.178  0.252  0.207  0.011  0.484
        9  0.98914   0.119  0.112 -0.008 -0.067  0.662  1.000  0.052  0.139  0.132  0.139  0.157 -0.144  0.671  0.238 -0.167  0.526
       10  0.98667  -0.026  0.201 -0.104 -0.704  0.077  0.052  1.000 -0.325  0.003 -0.282  0.083 -0.161 -0.107  0.543 -0.454 -0.104
       11  0.68292   0.042 -0.050 -0.139 -0.053  0.004  0.139 -0.325  1.000  0.031  0.594 -0.146 -0.004  0.182 -0.284  0.002  0.052
       13  0.44274   0.028  0.053  0.001 -0.034  0.056  0.132  0.003  0.031  1.000  0.146  0.390 -0.038  0.080  0.011 -0.031  0.079
       14  0.64732   0.032 -0.009 -0.125 -0.048  0.016  0.139 -0.282  0.594  0.146  1.000 -0.040 -0.016  0.158 -0.233  0.012  0.077
       16  0.50527   0.047  0.135  0.133 -0.039  0.102  0.157  0.083 -0.146  0.390 -0.040  1.000 -0.108  0.046  0.071 -0.069  0.144
       20  0.99674   0.163 -0.106 -0.347  0.247 -0.178 -0.144 -0.161 -0.004 -0.038 -0.016 -0.108  1.000 -0.251 -0.114 -0.251  0.300
       21  0.99526   0.457 -0.135 -0.121  0.052  0.252  0.671 -0.107  0.182  0.080  0.158  0.046 -0.251  1.000  0.158  0.050 -0.200
       22  0.99117  -0.059  0.484 -0.495 -0.088  0.207  0.238  0.543 -0.284  0.011 -0.233  0.071 -0.114  0.158  1.000  0.351  0.032
       23  0.99600  -0.260  0.175 -0.247  0.595  0.011 -0.167 -0.454  0.002 -0.031  0.012 -0.069 -0.251  0.050  0.351  1.000 -0.158
       24  0.99607  -0.212  0.322  0.117  0.149  0.484  0.526 -0.104  0.052  0.079  0.077  0.144  0.300 -0.200  0.032 -0.158  1.000
 ERR MATRIX NOT POS-DEF
MINUIT - MINOS
 **********
 **   85 **RES 
 **********
 CALL TO MNFREE IGNORED.  THERE ARE NO FIXED PARAMETERS
 **********
 **   86 **MIG      2.5e+04        0.01
 **********
 START MIGRAD MINIMIZATION.  STRATEGY  1.  CONVERGENCE WHEN EDM .LT. 1.00e-05
 FCN=4.6186 FROM MIGRAD    STATUS=INITIATE       32 CALLS        6325 TOTAL
                     EDM=5.91664e-06    STRATEGY= 1      ERR MATRIX NOT POS-DEF
  EXT PARAMETER                APPROXIMATE        STEP         FIRST   
  NO.   NAME      VALUE            ERROR          SIZE      DERIVATIVE 
   1  N0           3.43448e+06   6.02824e+03   1.63769e+00   5.88395e-06
   2  tau          6.43838e+01   constant   
   3  A0           4.07934e-01   1.56437e-03   1.94518e-07  -2.69337e+01
   4  phi          4.08486e+00   4.38788e-03   1.94781e-06  -6.34890e+00
   5  R           -6.25346e+01   constant   
   6  alpha_CBO    5.12017e-02   2.25526e-03   2.53741e-07   5.63492e+00
   7  w_CBO        2.32500e+00   constant   
   8  beta_CBO    -9.78948e-02   1.98016e-03   2.69501e-07  -4.33866e+00
   9  alpha_2CBO  -1.76755e-02   1.55297e-03   2.64859e-07   1.61214e+00
  10  beta_2CBO   -1.43749e-02   1.36549e-03   2.57814e-07  -6.27550e-01
  11  alpha_y      2.83888e-04   3.00569e-04   2.54727e-07   6.49522e-02
  12  w_y          1.44500e+01   constant   
  13  beta_y      -7.18325e-05   2.63512e-04   2.74118e-07   3.25268e-01
  14  alpha_vw    -4.83851e-05   3.09717e-04   2.73878e-07   3.80342e-01
  15  w_vw         1.29000e+01   constant   
  16  beta_vw      3.54199e-05   2.54622e-04   2.54919e-07  -2.44660e-01
  17  LM          -7.79046e-04   constant   
  18  zeta_y       0.00000e+00   constant   
  19  zeta_vw      0.00000e+00   constant   
  20  T_CBO        5.09256e+00   6.84161e-03   6.80900e-07  -4.43249e+02
  21  alpha_A0     4.43775e+05   1.54793e+04   1.68866e+00  -2.05211e-06
  22  beta_A0      2.47143e+05   1.44671e+04   2.11093e+00   8.41775e-07
  23  alpha_phi    4.97678e+05   1.43918e+04   1.45650e+00  -4.31171e-07
  24  beta_phi    -5.19136e+05   1.32230e+04   1.33182e+00   2.38152e-06
 MIGRAD FAILS TO FIND IMPROVEMENT
 FCN=4.5056 FROM HESSE     STATUS=NOT POSDEF    185 CALLS       15092 TOTAL
                     EDM=4.64984e-06    STRATEGY= 1      ERR MATRIX NOT POS-DEF
  EXT PARAMETER                APPROXIMATE        STEP         FIRST   
  NO.   NAME      VALUE            ERROR          SIZE      DERIVATIVE 
   1  N0           4.08093e+06   6.68223e+03   1.94594e+00  -2.12522e-06
   2  tau          6.43838e+01   constant   
   3  A0           4.90376e-01   1.05768e-03   2.33830e-07   8.16935e+00
   4  phi          4.06093e+00   3.46595e-03   1.93640e-06  -4.34504e+00
   5  R           -6.25346e+01   constant   
   6  alpha_CBO    3.71443e-02   1.90146e-03   2.42061e-07   1.58585e+01
   7  w_CBO        2.32500e+00   constant   
   8  beta_CBO    -2.60348e-01   1.63978e-03   2.53970e-07  -5.93275e+00
   9  alpha_2CBO  -4.06321e-02   1.15196e-03   2.52470e-07   6.37534e+00
  10  beta_2CBO    5.16563e-03   1.02092e-03   2.43382e-07   2.87242e+00
  11  alpha_y      1.95914e-04   2.82880e-04   2.52128e-07   1.23762e-01
  12  w_y          1.44500e+01   constant   
  13  beta_y       1.54443e-04   2.62464e-04   2.71374e-07  -1.41981e+00
  14  alpha_vw    -1.35396e-04   2.93940e-04   2.71124e-07   2.73531e-01
  15  w_vw         1.29000e+01   constant   
  16  beta_vw      3.54260e-04   2.51462e-04   2.52329e-07   2.00227e+00
  17  LM          -7.79046e-04   constant   
  18  zeta_y       0.00000e+00   constant   
  19  zeta_vw      0.00000e+00   constant   
  20  T_CBO        4.97827e+00   2.86736e-03   6.81670e-07  -3.06800e+02
  21  alpha_A0     1.18009e+06   1.30851e+04   1.85970e+00  -6.27233e-07
  22  beta_A0      6.40884e+05   1.02281e+04   1.83580e+00  -4.47346e-07
  23  alpha_phi    5.52904e+05   1.12514e+04   1.27418e+00  -2.62184e-06
  24  beta_phi    -1.28723e+06   1.15696e+04   1.16235e+00  -7.99014e-07
 MIGRAD MINIMIZATION HAS CONVERGED.
 MIGRAD WILL VERIFY CONVERGENCE AND ERROR MATRIX.
 FCN=4.50559 FROM MIGRAD    STATUS=CONVERGED    9021 CALLS       15314 TOTAL
                     EDM=1.91362e-07    STRATEGY= 1      ERR MATRIX NOT POS-DEF
  EXT PARAMETER                APPROXIMATE        STEP         FIRST   
  NO.   NAME      VALUE            ERROR          SIZE      DERIVATIVE 
   1  N0           4.08093e+06   6.68166e+03   1.94594e+00   4.90197e-09
   2  tau          6.43838e+01   constant   
   3  A0           4.90376e-01   1.05752e-03   2.33830e-07  -1.43276e-01
   4  phi          4.06093e+00   3.46524e-03   1.93640e-06   1.13780e-01
   5  R           -6.25346e+01   constant   
   6  alpha_CBO    3.71438e-02   1.90115e-03   2.42061e-07   1.03443e-01
   7  w_CBO        2.32500e+00   constant   
   8  beta_CBO    -2.60348e-01   1.63957e-03   2.53969e-07  -8.71574e-02
   9  alpha_2CBO  -4.06320e-02   1.15201e-03   2.52469e-07  -2.44005e-02
  10  beta_2CBO    5.16564e-03   1.02082e-03   2.43381e-07  -3.75653e-04
  11  alpha_y      1.95919e-04   2.82885e-04   2.52127e-07  -1.03556e-03
  12  w_y          1.44500e+01   constant   
  13  beta_y       1.54444e-04   2.62464e-04   2.71374e-07  -1.31570e-04
  14  alpha_vw    -1.35400e-04   2.93942e-04   2.71124e-07   6.60744e-04
  15  w_vw         1.29000e+01   constant   
  16  beta_vw      3.54265e-04   2.51460e-04   2.52329e-07  -1.03354e-03
  17  LM          -7.79046e-04   constant   
  18  zeta_y       0.00000e+00   constant   
  19  zeta_vw      0.00000e+00   constant   
  20  T_CBO        4.97827e+00   2.86708e-03   6.81670e-07  -3.71258e+00
  21  alpha_A0     1.18009e+06   1.30908e+04   1.85973e+00  -8.13447e-09
  22  beta_A0      6.40887e+05   1.02290e+04   1.83580e+00  -1.08939e-08
  23  alpha_phi    5.52905e+05   1.12498e+04   1.27418e+00  -1.03441e-08
  24  beta_phi    -1.28723e+06   1.15681e+04   1.16235e+00   1.16891e-09
 EXTERNAL ERROR MATRIX.    NDIM=  25    NPAR= 16    ERR DEF=1
 ELEMENTS ABOVE DIAGONAL ARE NOT PRINTED.
  4.464e+07 
  2.448e+00  1.118e-06 
  4.136e+00 -3.727e-07  1.201e-05 
 -5.231e-02 -1.540e-08  1.895e-06  3.614e-06 
 -8.728e+00 -4.405e-07  2.388e-07 -2.542e-07  2.688e-06 
 -1.452e+00  2.442e-07 -1.818e-07 -7.609e-07  1.254e-06  1.327e-06 
  8.623e-01  6.183e-08  8.483e-07 -1.148e-06 -8.892e-08  2.125e-08  1.042e-06 
 -1.196e-01  2.357e-08 -2.944e-07 -1.226e-07  2.345e-08  5.558e-08 -5.165e-08  8.002e-08 
 -1.161e-03  1.450e-08  7.963e-09 -2.941e-08  1.565e-08  2.902e-08  2.993e-09  1.664e-09  6.889e-08 
 -1.110e-01  2.826e-08 -2.303e-07 -1.080e-07  1.878e-08  4.374e-08 -4.216e-08  4.530e-08  1.095e-08  8.640e-08 
  8.384e-02  1.219e-08  1.309e-07  9.956e-09  2.494e-08  2.584e-08 -1.030e-08 -8.390e-09  2.553e-08 -8.330e-10  6.323e-08 
  2.865e+00 -4.864e-07 -3.263e-06  8.123e-07 -1.430e-06 -1.110e-06 -3.521e-07 -3.854e-08 -4.370e-08 -5.589e-08 -7.152e-08 
  2.865e+00 -4.864e-07 -3.263e-06  8.123e-07 -1.430e-06 -1.110e-06 -3.521e-07 -3.854e-08 -4.370e-08 -5.589e-08 -7.152e-08  8.220e-06 
  2.643e+07 -5.497e-01 -6.217e+00 -5.551e+00  1.195e+00  7.323e+00 -1.915e+00  5.962e-01  1.509e-01  4.295e-01  1.849e-01 
  2.643e+07 -5.497e-01 -6.217e+00 -5.551e+00  1.195e+00  7.323e+00 -1.915e+00  5.962e-01  1.509e-01  4.295e-01  1.849e-01 -1.790e+01  1.714e+08 
 -2.827e+06  5.019e+00 -7.181e-01  4.829e+00  7.567e-01  1.964e-02  2.885e+00 -7.156e-01 -7.464e-02 -6.484e-01 -1.035e-01 
 -2.827e+06  5.019e+00 -7.181e-01  4.829e+00  7.567e-01  1.964e-02  2.885e+00 -7.156e-01 -7.464e-02 -6.484e-01 -1.035e-01 -8.254e+00 -7.652e+05  1.046e+08 
 -2.517e+07  2.697e+00 -9.265e+00  1.478e+01  7.191e-01 -3.606e+00 -6.652e+00 -6.692e-02 -1.280e-01 -4.325e-02 -1.520e-01 
 -2.517e+07  2.697e+00 -9.265e+00  1.478e+01  7.191e-01 -3.606e+00 -6.652e+00 -6.692e-02 -1.280e-01 -4.325e-02 -1.520e-01 -3.907e+00 -2.294e+07  5.631e+07  1.266e+08 
 -1.348e+07  3.804e+00  8.216e+00  7.300e-01  7.249e+00  6.044e+00 -8.926e-01  1.878e-01  1.794e-01  2.305e-01  2.968e-01 
 -1.348e+07  3.804e+00  8.216e+00  7.300e-01  7.249e+00  6.044e+00 -8.926e-01  1.878e-01  1.794e-01  2.305e-01  2.968e-01  8.778e+00 -6.486e+07 -2.726e+07 -2.422e+07  1.338e+08 
ERR MATRIX NOT POS-DEF
 PARAMETER  CORRELATION COEFFICIENTS  
       NO.  GLOBAL      1      3      4      6      8      9     10     11     13     14     16     20     21     22     23     24
        1  0.99517   1.000  0.346  0.179 -0.004 -0.797 -0.189  0.126 -0.063 -0.001 -0.057  0.050  0.150  0.302 -0.041 -0.335 -0.174
        3  0.99638   0.346  1.000 -0.102 -0.008 -0.254  0.200  0.057  0.079  0.052  0.091  0.046 -0.160 -0.040  0.464  0.227  0.311
        4  0.99579   0.179 -0.102  1.000  0.288  0.042 -0.046  0.240 -0.300  0.009 -0.226  0.150 -0.328 -0.137 -0.020 -0.238  0.205
        6  0.99384  -0.004 -0.008  0.288  1.000 -0.082 -0.347 -0.591 -0.228 -0.059 -0.193  0.021  0.149 -0.223  0.248  0.691  0.033
        8  0.99087  -0.797 -0.254  0.042 -0.082  1.000  0.664 -0.053  0.051  0.036  0.039  0.060 -0.304  0.056  0.045  0.039  0.382
        9  0.98163  -0.189  0.200 -0.046 -0.347  0.664  1.000  0.018  0.171  0.096  0.129  0.089 -0.336  0.486  0.002 -0.278  0.453
       10  0.97822   0.126  0.057  0.240 -0.591 -0.053  0.018  1.000 -0.179  0.011 -0.140 -0.040 -0.120 -0.143  0.276 -0.579 -0.076
       11  0.63085  -0.063  0.079 -0.300 -0.228  0.051  0.171 -0.179  1.000  0.022  0.545 -0.118 -0.048  0.161 -0.247 -0.021  0.057
       13  0.43566  -0.001  0.052  0.009 -0.059  0.036  0.096  0.011  0.022  1.000  0.142  0.387 -0.058  0.044 -0.028 -0.043  0.059
       14  0.59601  -0.057  0.091 -0.226 -0.193  0.039  0.129 -0.140  0.545  0.142  1.000 -0.011 -0.066  0.112 -0.216 -0.013  0.068
       16  0.48671   0.050  0.046  0.150  0.021  0.060  0.089 -0.040 -0.118  0.387 -0.011  1.000 -0.099  0.056 -0.040 -0.054  0.102
       20  0.99627   0.150 -0.160 -0.328  0.149 -0.304 -0.336 -0.120 -0.048 -0.058 -0.066 -0.099  1.000 -0.477 -0.281 -0.121  0.265
       21  0.99167   0.302 -0.040 -0.137 -0.223  0.056  0.486 -0.143  0.161  0.044  0.112  0.056 -0.477  1.000 -0.006 -0.156 -0.428
       22  0.98669  -0.041  0.464 -0.020  0.248  0.045  0.002  0.276 -0.247 -0.028 -0.216 -0.040 -0.281 -0.006  1.000  0.489 -0.230
       23  0.99494  -0.335  0.227 -0.238  0.691  0.039 -0.278 -0.579 -0.021 -0.043 -0.013 -0.054 -0.121 -0.156  0.489  1.000 -0.186
       24  0.99605  -0.174  0.311  0.205  0.033  0.382  0.453 -0.076  0.057  0.059  0.068  0.102  0.265 -0.428 -0.230 -0.186  1.000
 ERR MATRIX NOT POS-DEF
 **********
 **   87 **MINO      2.5e+04
 **********
                         POSITIVE MINOS ERROR NOT CALCULATED FOR PARAMETER 1
                         NEGATIVE MINOS ERROR NOT CALCULATED FOR PARAMETER 1
 MIGRAD FAILS WITH STRATEGY=0.   WILL TRY WITH STRATEGY=1.
                         POSITIVE MINOS ERROR NOT CALCULATED FOR PARAMETER 3
                         NEGATIVE MINOS ERROR NOT CALCULATED FOR PARAMETER 3
 MIGRAD FAILS WITH STRATEGY=0.   WILL TRY WITH STRATEGY=1.
                         POSITIVE MINOS ERROR NOT CALCULATED FOR PARAMETER 4
                         POSITIVE MINOS ERROR NOT CALCULATED FOR PARAMETER 6
 MIGRAD FAILS WITH STRATEGY=0.   WILL TRY WITH STRATEGY=1.
                         NEGATIVE MINOS ERROR NOT CALCULATED FOR PARAMETER 6
                         POSITIVE MINOS ERROR NOT CALCULATED FOR PARAMETER 8
                         NEGATIVE MINOS ERROR NOT CALCULATED FOR PARAMETER 8
                         POSITIVE MINOS ERROR NOT CALCULATED FOR PARAMETER 9
 MIGRAD FAILS WITH STRATEGY=0.   WILL TRY WITH STRATEGY=1.
                         POSITIVE MINOS ERROR NOT CALCULATED FOR PARAMETER 10
 MIGRAD FAILS WITH STRATEGY=0.   WILL TRY WITH STRATEGY=1.
                         NEGATIVE MINOS ERROR NOT CALCULATED FOR PARAMETER 10
 MIGRAD FAILS WITH STRATEGY=0.   WILL TRY WITH STRATEGY=1.
                         POSITIVE MINOS ERROR NOT CALCULATED FOR PARAMETER 20
                         NEGATIVE MINOS ERROR NOT CALCULATED FOR PARAMETER 20
                         POSITIVE MINOS ERROR NOT CALCULATED FOR PARAMETER 21
                         NEGATIVE MINOS ERROR NOT CALCULATED FOR PARAMETER 21
                         POSITIVE MINOS ERROR NOT CALCULATED FOR PARAMETER 22
 MIGRAD FAILS WITH STRATEGY=0.   WILL TRY WITH STRATEGY=1.
                         NEGATIVE MINOS ERROR NOT CALCULATED FOR PARAMETER 22
                         POSITIVE MINOS ERROR NOT CALCULATED FOR PARAMETER 23
 MIGRAD FAILS WITH STRATEGY=0.   WILL TRY WITH STRATEGY=1.
                         NEGATIVE MINOS ERROR NOT CALCULATED FOR PARAMETER 23
                         POSITIVE MINOS ERROR NOT CALCULATED FOR PARAMETER 24
                         NEGATIVE MINOS ERROR NOT CALCULATED FOR PARAMETER 24
 FCN=4.50559 FROM MINOS     STATUS=PROBLEMS   241694 CALLS      257199 TOTAL
                     EDM=1.9295e-07    STRATEGY= 1      ERR MATRIX NOT POS-DEF
  EXT PARAMETER                  PARABOLIC         MINOS ERRORS        
  NO.   NAME      VALUE            ERROR      NEGATIVE      POSITIVE   
   1  N0           4.08093e+06   6.73669e+03                            
   2  tau          6.43838e+01   constant   
   3  A0           4.90376e-01   1.06724e-03                            
   4  phi          4.06093e+00   3.48170e-03  -1.58696e-02              
   5  R           -6.25346e+01   constant   
   6  alpha_CBO    3.71438e-02   1.91819e-03                            
   7  w_CBO        2.32500e+00   constant   
   8  beta_CBO    -2.60348e-01   1.65150e-03                            
   9  alpha_2CBO  -4.06320e-02   1.16184e-03  -1.00568e-02              
  10  beta_2CBO    5.16564e-03   1.02762e-03                            
  11  alpha_y      1.95919e-04   2.83698e-04  -3.68728e-04   4.34191e-04
  12  w_y          1.44500e+01   constant   
  13  beta_y       1.54444e-04   2.62538e-04  -6.19708e-04   8.48827e-04
  14  alpha_vw    -1.35400e-04   2.94486e-04  -3.42230e-04   3.41606e-04
  15  w_vw         1.29000e+01   constant   
  16  beta_vw      3.54265e-04   2.51538e-04  -7.38115e-04   1.02237e-03
  17  LM          -7.79046e-04   constant   
  18  zeta_y       0.00000e+00   constant   
  19  zeta_vw      0.00000e+00   constant   
  20  T_CBO        4.97827e+00   2.85102e-03                            
  21  alpha_A0     1.18009e+06   1.32203e+04                            
  22  beta_A0      6.40887e+05   1.04119e+04                            
  23  alpha_phi    5.52905e+05   1.13873e+04                            
  24  beta_phi    -1.28723e+06   1.15957e+04                            
 **********
 **   88 **SHO COR 
 **********
 PARAMETER  CORRELATION COEFFICIENTS  
       NO.  GLOBAL      1      3      4      6      8      9     10     11     13     14     16     20     21     22     23     24
        1  0.99524   1.000  0.339  0.175 -0.008 -0.797 -0.186  0.122 -0.060 -0.001 -0.054  0.050  0.155  0.307 -0.052 -0.339 -0.176
        3  0.99645   0.339  1.000 -0.099 -0.001 -0.251  0.194  0.063  0.073  0.052  0.086  0.045 -0.158 -0.054  0.471  0.233  0.316
        4  0.99583   0.175 -0.099  1.000  0.286  0.044 -0.045  0.243 -0.302  0.009 -0.228  0.151 -0.327 -0.144 -0.018 -0.237  0.211
        6  0.99395  -0.008 -0.001  0.286  1.000 -0.083 -0.354 -0.585 -0.233 -0.059 -0.197  0.020  0.153 -0.234  0.258  0.695  0.033
        8  0.99100  -0.797 -0.251  0.044 -0.083  1.000  0.663 -0.050  0.051  0.037  0.040  0.061 -0.311  0.054  0.046  0.038  0.385
        9  0.98194  -0.186  0.194 -0.045 -0.354  0.663  1.000  0.017  0.175  0.097  0.133  0.091 -0.341  0.489 -0.010 -0.286  0.456
       10  0.97851   0.122  0.063  0.243 -0.585 -0.050  0.017  1.000 -0.182  0.011 -0.143 -0.040 -0.125 -0.148  0.281 -0.569 -0.073
       11  0.63355  -0.060  0.073 -0.302 -0.233  0.051  0.175 -0.182  1.000  0.023  0.547 -0.117 -0.047  0.169 -0.254 -0.029  0.057
       13  0.43588  -0.001  0.052  0.009 -0.059  0.037  0.097  0.011  0.023  1.000  0.142  0.387 -0.059  0.045 -0.029 -0.044  0.060
       14  0.59797  -0.054  0.086 -0.228 -0.197  0.040  0.133 -0.143  0.547  0.142  1.000 -0.011 -0.066  0.118 -0.221 -0.019  0.068
       16  0.48714   0.050  0.045  0.151  0.020  0.061  0.091 -0.040 -0.117  0.387 -0.011  1.000 -0.100  0.057 -0.042 -0.056  0.104
       20  0.99623   0.155 -0.158 -0.327  0.153 -0.311 -0.341 -0.125 -0.047 -0.059 -0.066 -0.100  1.000 -0.466 -0.275 -0.113  0.252
       21  0.99183   0.307 -0.054 -0.144 -0.234  0.054  0.489 -0.148  0.169  0.045  0.118  0.057 -0.466  1.000 -0.034 -0.175 -0.422
       22  0.98715  -0.052  0.471 -0.018  0.258  0.046 -0.010  0.281 -0.254 -0.029 -0.221 -0.042 -0.275 -0.034  1.000  0.498 -0.220
       23  0.99506  -0.339  0.233 -0.237  0.695  0.038 -0.286 -0.569 -0.029 -0.044 -0.019 -0.056 -0.113 -0.175  0.498  1.000 -0.180
       24  0.99606  -0.176  0.316  0.211  0.033  0.385  0.456 -0.073  0.057  0.060  0.068  0.104  0.252 -0.422 -0.220 -0.180  1.000
 ERR MATRIX NOT POS-DEF
 ELEMENTS ABOVE DIAGONAL ARE NOT PRINTED.
