 + ++++++++++++++++++++++++++++++++++++++++++++++++++++++++++++++++++++ +
 +                                                                      +
 +           You have chose to blind your fitting according to          +
 +                omega_ref * (1 + (R +/- deltaR) *10^{-6})             +
 +                                                                      +
 + ++++++++++++++++++++++++++++++++++++++++++++++++++++++++++++++++++++ +
In main()...
reading format from /gm2data/zkhechad/run45/envelope/formats/formatB_sBin_constraintOn.txt
pBinTau 	= 0  
pBinPhi 	= 0  
constraintau 	= 1 
includeMopTerm 	= 0    
constrainMop    = 0   
Parameters after format file: pBinTau 0 pBinPhi 0 constraintau 1 includeMopTerm 0 constrainMop 0 c_e_scale 0.000000 
Opening file /gm2data/tbarrett/gm2fr/studies/run23_bunch_corrections/CorrectedFourier_Run3b.root.
reading full fit data from /gm2data/zkhechad/cboTemplates/Run4CBOTemplates/templateFits0/noRF/sBin_constraintOn_cE0.0_seed0_noRF_calo13.root
windowBins = 69
fitting sliding window 490 from bin 693 at 103.246400 to bin 762 at 113.690400 (69 bins)

Reading data from /gm2data/cornell/histograms/aMethod/histogram_a_noRF.root
 **********
 **    1 **SET PRINTOUT            1
 **********
 **********
 **    2 **SET NOWARNINGS 
 **********
 PARAMETER DEFINITIONS:
    NO.   NAME         VALUE      STEP SIZE      LIMITS
     1 N0           3.45150e+06  1.00000e+02     no limits
     2 tau          6.43933e+01  constant
     3 A0           3.52690e-01  1.00000e-04     no limits
     4 phi          4.13066e+00  1.00000e-02     no limits
     5 R           -6.07598e+01  constant
     6 alpha_CBO    0.00000e+00  1.00000e-03     no limits
     7 w_CBO        2.32721e+00  constant
     8 beta_CBO     0.00000e+00  1.00000e-03     no limits
     9 alpha_2CBO   0.00000e+00  1.00000e-03     no limits
    10 beta_2CBO    0.00000e+00  1.00000e-03     no limits
    11 alpha_y      0.00000e+00  1.00000e-03     no limits
    12 w_y          1.44500e+01  constant
    13 beta_y       0.00000e+00  1.00000e-03     no limits
    14 alpha_vw     0.00000e+00  1.00000e-03     no limits
    15 w_vw         1.29000e+01  constant
    16 beta_vw      0.00000e+00  1.00000e-03     no limits
    17 LM          -3.46658e-04  constant
    18 zeta_y       0.00000e+00  constant
    19 zeta_vw      0.00000e+00  constant
MINUIT - FIT ONLY WIGGLE
 **********
 **    3 **FIX            5
 **********
 PARAMETER    5  IS CONSTANT.   IGNORED.
 **********
 **    4 **FIX            6
 **********
 **********
 **    5 **FIX            7
 **********
 PARAMETER    7  IS CONSTANT.   IGNORED.
 **********
 **    6 **FIX            8
 **********
 **********
 **    7 **FIX            9
 **********
 **********
 **    8 **FIX           10
 **********
 **********
 **    9 **FIX           11
 **********
 **********
 **   10 **FIX           12
 **********
 PARAMETER   12  IS CONSTANT.   IGNORED.
 **********
 **   11 **FIX           13
 **********
 **********
 **   12 **FIX           14
 **********
 **********
 **   13 **FIX           15
 **********
 PARAMETER   15  IS CONSTANT.   IGNORED.
 **********
 **   14 **FIX           16
 **********
 **********
 **   15 **MIGRAD
 **********
 FIRST CALL TO USER FUNCTION AT NEW START POINT, WITH IFLAG=4.
 START MIGRAD MINIMIZATION.  STRATEGY  1.  CONVERGENCE WHEN EDM .LT. 1.00e-04
 FCN=3660.78 FROM MIGRAD    STATUS=INITIATE        8 CALLS           9 TOTAL
                     EDM= unknown      STRATEGY= 1      NO ERROR MATRIX       
  EXT PARAMETER               CURRENT GUESS       STEP         FIRST   
  NO.   NAME      VALUE            ERROR          SIZE      DERIVATIVE 
   1  N0           3.45150e+06   1.00000e+02   1.00000e+02   2.07329e-02
   2  tau          6.43933e+01   constant   
   3  A0           3.52690e-01   1.00000e-04   1.00000e-04   2.12656e+05
   4  phi          4.13066e+00   1.00000e-02   1.00000e-02  -4.35964e+04
   5  R           -6.07598e+01   constant   
   6  alpha_CBO    0.00000e+00     fixed    
   7  w_CBO        2.32721e+00   constant   
   8  beta_CBO     0.00000e+00     fixed    
   9  alpha_2CBO   0.00000e+00     fixed    
  10  beta_2CBO    0.00000e+00     fixed    
  11  alpha_y      0.00000e+00     fixed    
  12  w_y          1.44500e+01   constant   
  13  beta_y       0.00000e+00     fixed    
  14  alpha_vw     0.00000e+00     fixed    
  15  w_vw         1.29000e+01   constant   
  16  beta_vw      0.00000e+00     fixed    
  17  LM          -3.46658e-04   constant   
  18  zeta_y       0.00000e+00   constant   
  19  zeta_vw      0.00000e+00   constant   
 MIGRAD MINIMIZATION HAS CONVERGED.
 MIGRAD WILL VERIFY CONVERGENCE AND ERROR MATRIX.
 COVARIANCE MATRIX CALCULATED SUCCESSFULLY
 FCN=3380.85 FROM MIGRAD    STATUS=CONVERGED      53 CALLS          54 TOTAL
                     EDM=3.55992e-07    STRATEGY= 1      ERROR MATRIX ACCURATE 
  EXT PARAMETER                                   STEP         FIRST   
  NO.   NAME      VALUE            ERROR          SIZE      DERIVATIVE 
   1  N0           3.44999e+06   3.30652e+02   9.26972e+00  -1.56470e-06
   2  tau          6.43933e+01   constant   
   3  A0           3.50894e-01   1.29324e-04   3.67131e-06   3.44869e+00
   4  phi          4.13404e+00   3.76935e-04   1.05818e-05  -1.50133e+00
   5  R           -6.07598e+01   constant   
   6  alpha_CBO    0.00000e+00     fixed    
   7  w_CBO        2.32721e+00   constant   
   8  beta_CBO     0.00000e+00     fixed    
   9  alpha_2CBO   0.00000e+00     fixed    
  10  beta_2CBO    0.00000e+00     fixed    
  11  alpha_y      0.00000e+00     fixed    
  12  w_y          1.44500e+01   constant   
  13  beta_y       0.00000e+00     fixed    
  14  alpha_vw     0.00000e+00     fixed    
  15  w_vw         1.29000e+01   constant   
  16  beta_vw      0.00000e+00     fixed    
  17  LM          -3.46658e-04   constant   
  18  zeta_y       0.00000e+00   constant   
  19  zeta_vw      0.00000e+00   constant   
 EXTERNAL ERROR MATRIX.    NDIM=  25    NPAR=  3    ERR DEF=1
  1.093e+05 -1.592e-04 -1.853e-02 
 -1.592e-04  1.672e-08 -1.011e-09 
 -1.853e-02 -1.011e-09  1.421e-07 
 PARAMETER  CORRELATION COEFFICIENTS  
       NO.  GLOBAL      1      3      4
        1  0.14879   1.000 -0.004 -0.149
        3  0.02185  -0.004  1.000 -0.021
        4  0.15015  -0.149 -0.021  1.000
MINUIT - FIT ONLY 1-CBO + wiggle
 **********
 **   16 **RES 
 **********
                   PARAMETER   16  beta_vw RESTORED TO VARIABLE.
                   PARAMETER   14  alpha_vw RESTORED TO VARIABLE.
                   PARAMETER   13  beta_y RESTORED TO VARIABLE.
                   PARAMETER   11  alpha_y RESTORED TO VARIABLE.
                   PARAMETER   10  beta_2CBO RESTORED TO VARIABLE.
                   PARAMETER    9  alpha_2CBO RESTORED TO VARIABLE.
                   PARAMETER    8  beta_CBO RESTORED TO VARIABLE.
                   PARAMETER    6  alpha_CBO RESTORED TO VARIABLE.
 **********
 **   17 **FIX            8
 **********
 **********
 **   18 **FIX            9
 **********
 **********
 **   19 **FIX           11
 **********
 **********
 **   20 **FIX           12
 **********
 PARAMETER   12  IS CONSTANT.   IGNORED.
 **********
 **   21 **FIX           14
 **********
 **********
 **   22 **FIX           15
 **********
 PARAMETER   15  IS CONSTANT.   IGNORED.
 **********
 **   23 **FIX           16
 **********
 **********
 **   24 **MIGRAD
 **********
 START MIGRAD MINIMIZATION.  STRATEGY  1.  CONVERGENCE WHEN EDM .LT. 1.00e-04
 FCN=3380.85 FROM MIGRAD    STATUS=INITIATE       18 CALLS          72 TOTAL
                     EDM= unknown      STRATEGY= 1      NO ERROR MATRIX       
  EXT PARAMETER               CURRENT GUESS       STEP         FIRST   
  NO.   NAME      VALUE            ERROR          SIZE      DERIVATIVE 
   1  N0           3.44999e+06   3.30652e+02   9.26972e+00  -1.56470e-06
   2  tau          6.43933e+01   constant   
   3  A0           3.50894e-01   1.29324e-04   3.67131e-06   3.44869e+00
   4  phi          4.13404e+00   3.76935e-04   1.05818e-05  -1.50135e+00
   5  R           -6.07598e+01   constant   
   6  alpha_CBO    0.00000e+00   1.00000e-03   1.00000e-03  -5.86085e+05
   7  w_CBO        2.32721e+00   constant   
   8  beta_CBO     0.00000e+00     fixed    
   9  alpha_2CBO   0.00000e+00     fixed    
  10  beta_2CBO    0.00000e+00   1.00000e-03   1.00000e-03  -5.49343e+04
  11  alpha_y      0.00000e+00     fixed    
  12  w_y          1.44500e+01   constant   
  13  beta_y       0.00000e+00   1.00000e-03   1.00000e-03   1.58646e+04
  14  alpha_vw     0.00000e+00     fixed    
  15  w_vw         1.29000e+01   constant   
  16  beta_vw      0.00000e+00     fixed    
  17  LM          -3.46658e-04   constant   
  18  zeta_y       0.00000e+00   constant   
  19  zeta_vw      0.00000e+00   constant   
 MIGRAD MINIMIZATION HAS CONVERGED.
 MIGRAD WILL VERIFY CONVERGENCE AND ERROR MATRIX.
 COVARIANCE MATRIX CALCULATED SUCCESSFULLY
 FCN=1721.59 FROM MIGRAD    STATUS=CONVERGED     125 CALLS         179 TOTAL
                     EDM=4.15687e-08    STRATEGY= 1      ERROR MATRIX ACCURATE 
  EXT PARAMETER                                   STEP         FIRST   
  NO.   NAME      VALUE            ERROR          SIZE      DERIVATIVE 
   1  N0           3.45131e+06   3.32702e+02   6.61826e+00  -3.87992e-08
   2  tau          6.43933e+01   constant   
   3  A0           3.52116e-01   1.32699e-04   2.61835e-06  -2.31363e-01
   4  phi          4.13411e+00   3.75654e-04   7.52422e-06   6.99955e-01
   5  R           -6.07598e+01   constant   
   6  alpha_CBO    5.58604e-03   1.37706e-04   2.70713e-06  -1.27110e-01
   7  w_CBO        2.32721e+00   constant   
   8  beta_CBO     0.00000e+00     fixed    
   9  alpha_2CBO   0.00000e+00     fixed    
  10  beta_2CBO    7.71191e-04   1.35322e-04   2.73135e-06   4.50082e-01
  11  alpha_y      0.00000e+00     fixed    
  12  w_y          1.44500e+01   constant   
  13  beta_y      -6.17701e-05   1.35042e-04   2.73557e-06   6.06333e-01
  14  alpha_vw     0.00000e+00     fixed    
  15  w_vw         1.29000e+01   constant   
  16  beta_vw      0.00000e+00     fixed    
  17  LM          -3.46658e-04   constant   
  18  zeta_y       0.00000e+00   constant   
  19  zeta_vw      0.00000e+00   constant   
 EXTERNAL ERROR MATRIX.    NDIM=  25    NPAR=  6    ERR DEF=1
  1.107e+05  8.699e-04 -1.825e-02  4.122e-03  2.688e-03  9.849e-04 
  8.699e-04  1.761e-08 -9.701e-10  4.091e-09  8.562e-10  2.093e-10 
 -1.825e-02 -9.701e-10  1.411e-07  1.324e-10  1.224e-09  3.040e-10 
  4.122e-03  4.091e-09  1.324e-10  1.896e-08  9.112e-10  2.672e-10 
  2.688e-03  8.562e-10  1.224e-09  9.112e-10  1.831e-08  1.560e-10 
  9.849e-04  2.093e-10  3.040e-10  2.672e-10  1.560e-10  1.824e-08 
 PARAMETER  CORRELATION COEFFICIENTS  
       NO.  GLOBAL      1      3      4      6     10     13
        1  0.18282   1.000  0.020 -0.146  0.090  0.060  0.022
        3  0.22808   0.020  1.000 -0.019  0.224  0.048  0.012
        4  0.15218  -0.146 -0.019  1.000  0.003  0.024  0.006
        6  0.24288   0.090  0.224  0.003  1.000  0.049  0.014
       10  0.08965   0.060  0.048  0.024  0.049  1.000  0.009
       13  0.02888   0.022  0.012  0.006  0.014  0.009  1.000
MINUIT - FIT ONLY 2-CBO
 **********
 **   25 **RES 
 **********
                   PARAMETER   16  beta_vw RESTORED TO VARIABLE.
                   PARAMETER   14  alpha_vw RESTORED TO VARIABLE.
                   PARAMETER   11  alpha_y RESTORED TO VARIABLE.
                   PARAMETER    9  alpha_2CBO RESTORED TO VARIABLE.
                   PARAMETER    8  beta_CBO RESTORED TO VARIABLE.
 **********
 **   26 **FIX            0
 **********
 PARAMETER    0  IS UNDEFINED. IGNORED.
 **********
 **   27 **FIX            1
 **********
 **********
 **   28 **FIX            2
 **********
 PARAMETER    2  IS CONSTANT.   IGNORED.
 **********
 **   29 **FIX            3
 **********
 **********
 **   30 **FIX            4
 **********
 **********
 **   31 **FIX            5
 **********
 PARAMETER    5  IS CONSTANT.   IGNORED.
 **********
 **   32 **FIX            6
 **********
 **********
 **   33 **FIX            7
 **********
 PARAMETER    7  IS CONSTANT.   IGNORED.
 **********
 **   34 **FIX           10
 **********
 **********
 **   35 **FIX           11
 **********
 **********
 **   36 **FIX           12
 **********
 PARAMETER   12  IS CONSTANT.   IGNORED.
 **********
 **   37 **FIX           13
 **********
 **********
 **   38 **FIX           14
 **********
 **********
 **   39 **FIX           15
 **********
 PARAMETER   15  IS CONSTANT.   IGNORED.
 **********
 **   40 **FIX           16
 **********
 **********
 **   41 **MIGRAD
 **********
 START MIGRAD MINIMIZATION.  STRATEGY  1.  CONVERGENCE WHEN EDM .LT. 1.00e-04
 FCN=1721.59 FROM MIGRAD    STATUS=INITIATE        8 CALLS         187 TOTAL
                     EDM= unknown      STRATEGY= 1      NO ERROR MATRIX       
  EXT PARAMETER               CURRENT GUESS       STEP         FIRST   
  NO.   NAME      VALUE            ERROR          SIZE      DERIVATIVE 
   1  N0           3.45131e+06     fixed    
   2  tau          6.43933e+01   constant   
   3  A0           3.52116e-01     fixed    
   4  phi          4.13411e+00     fixed    
   5  R           -6.07598e+01   constant   
   6  alpha_CBO    5.58604e-03     fixed    
   7  w_CBO        2.32721e+00   constant   
   8  beta_CBO     0.00000e+00   1.00000e-03   1.00000e-03   5.74554e+05
   9  alpha_2CBO   0.00000e+00   1.00000e-03   1.00000e-03   2.15522e+04
  10  beta_2CBO    7.71191e-04     fixed    
  11  alpha_y      0.00000e+00     fixed    
  12  w_y          1.44500e+01   constant   
  13  beta_y      -6.17701e-05     fixed    
  14  alpha_vw     0.00000e+00     fixed    
  15  w_vw         1.29000e+01   constant   
  16  beta_vw      0.00000e+00     fixed    
  17  LM          -3.46658e-04   constant   
  18  zeta_y       0.00000e+00   constant   
  19  zeta_vw      0.00000e+00   constant   
 MIGRAD MINIMIZATION HAS CONVERGED.
 MIGRAD WILL VERIFY CONVERGENCE AND ERROR MATRIX.
 COVARIANCE MATRIX CALCULATED SUCCESSFULLY
 FCN=230.562 FROM MIGRAD    STATUS=CONVERGED      28 CALLS         207 TOTAL
                     EDM=1.41243e-06    STRATEGY= 1      ERROR MATRIX ACCURATE 
  EXT PARAMETER                                   STEP         FIRST   
  NO.   NAME      VALUE            ERROR          SIZE      DERIVATIVE 
   1  N0           3.45131e+06     fixed    
   2  tau          6.43933e+01   constant   
   3  A0           3.52116e-01     fixed    
   4  phi          4.13411e+00     fixed    
   5  R           -6.07598e+01   constant   
   6  alpha_CBO    5.58604e-03     fixed    
   7  w_CBO        2.32721e+00   constant   
   8  beta_CBO    -5.18586e-03   1.34393e-04   9.98471e-07   4.64420e-01
   9  alpha_2CBO  -1.16514e-04   1.33209e-04   9.89670e-07  -1.26018e+01
  10  beta_2CBO    7.71191e-04     fixed    
  11  alpha_y      0.00000e+00     fixed    
  12  w_y          1.44500e+01   constant   
  13  beta_y      -6.17701e-05     fixed    
  14  alpha_vw     0.00000e+00     fixed    
  15  w_vw         1.29000e+01   constant   
  16  beta_vw      0.00000e+00     fixed    
  17  LM          -3.46658e-04   constant   
  18  zeta_y       0.00000e+00   constant   
  19  zeta_vw      0.00000e+00   constant   
 EXTERNAL ERROR MATRIX.    NDIM=  25    NPAR=  2    ERR DEF=1
  1.806e-08 -2.604e-10 
 -2.604e-10  1.774e-08 
 PARAMETER  CORRELATION COEFFICIENTS  
       NO.  GLOBAL      8      9
        8  0.01455   1.000 -0.015
        9  0.01455  -0.015  1.000
MINUIT - FIT wiggle + 1-CBO + 2-CBO
 **********
 **   42 **RES 
 **********
                   PARAMETER   16  beta_vw RESTORED TO VARIABLE.
                   PARAMETER   14  alpha_vw RESTORED TO VARIABLE.
                   PARAMETER   13  beta_y RESTORED TO VARIABLE.
                   PARAMETER   11  alpha_y RESTORED TO VARIABLE.
                   PARAMETER   10  beta_2CBO RESTORED TO VARIABLE.
                   PARAMETER    6  alpha_CBO RESTORED TO VARIABLE.
                   PARAMETER    4  phi RESTORED TO VARIABLE.
                   PARAMETER    3  A0 RESTORED TO VARIABLE.
                   PARAMETER    1  N0 RESTORED TO VARIABLE.
 **********
 **   43 **FIX           10
 **********
 **********
 **   44 **FIX           11
 **********
 **********
 **   45 **FIX           12
 **********
 PARAMETER   12  IS CONSTANT.   IGNORED.
 **********
 **   46 **FIX           13
 **********
 **********
 **   47 **FIX           14
 **********
 **********
 **   48 **FIX           15
 **********
 PARAMETER   15  IS CONSTANT.   IGNORED.
 **********
 **   49 **FIX           16
 **********
 **********
 **   50 **MIGRAD
 **********
 START MIGRAD MINIMIZATION.  STRATEGY  1.  CONVERGENCE WHEN EDM .LT. 1.00e-04
 FCN=230.562 FROM MIGRAD    STATUS=INITIATE       12 CALLS         219 TOTAL
                     EDM= unknown      STRATEGY= 1      NO ERROR MATRIX       
  EXT PARAMETER               CURRENT GUESS       STEP         FIRST   
  NO.   NAME      VALUE            ERROR          SIZE      DERIVATIVE 
   1  N0           3.45131e+06   3.32702e+02   3.32702e+02   8.05269e-03
   2  tau          6.43933e+01   constant   
   3  A0           3.52116e-01   1.32699e-04   1.32699e-04  -3.92501e+04
   4  phi          4.13411e+00   3.75654e-04   3.75654e-04   4.09258e+04
   5  R           -6.07598e+01   constant   
   6  alpha_CBO    5.58604e-03   1.37706e-04   1.37706e-04   2.49166e+04
   7  w_CBO        2.32721e+00   constant   
   8  beta_CBO    -5.18586e-03   1.34393e-04   9.98471e-07   4.64413e-01
   9  alpha_2CBO  -1.16514e-04   1.33209e-04   9.89670e-07  -1.26018e+01
  10  beta_2CBO    7.71191e-04     fixed    
  11  alpha_y      0.00000e+00     fixed    
  12  w_y          1.44500e+01   constant   
  13  beta_y      -6.17701e-05     fixed    
  14  alpha_vw     0.00000e+00     fixed    
  15  w_vw         1.29000e+01   constant   
  16  beta_vw      0.00000e+00     fixed    
  17  LM          -3.46658e-04   constant   
  18  zeta_y       0.00000e+00   constant   
  19  zeta_vw      0.00000e+00   constant   
 MIGRAD MINIMIZATION HAS CONVERGED.
 MIGRAD WILL VERIFY CONVERGENCE AND ERROR MATRIX.
 COVARIANCE MATRIX CALCULATED SUCCESSFULLY
 FCN=160.652 FROM MIGRAD    STATUS=CONVERGED     119 CALLS         326 TOTAL
                     EDM=5.2992e-08    STRATEGY= 1      ERROR MATRIX ACCURATE 
  EXT PARAMETER                                   STEP         FIRST   
  NO.   NAME      VALUE            ERROR          SIZE      DERIVATIVE 
   1  N0           3.45121e+06   3.32083e+02   2.02734e+00   4.49633e-07
   2  tau          6.43933e+01   constant   
   3  A0           3.52446e-01   1.32844e-04   8.01694e-07  -1.00050e+00
   4  phi          4.13114e+00   3.82987e-04   2.30278e-06   3.04750e-01
   5  R           -6.07598e+01   constant   
   6  alpha_CBO    5.40639e-03   1.37741e-04   8.29432e-07   9.56069e-01
   7  w_CBO        2.32721e+00   constant   
   8  beta_CBO    -5.43152e-03   1.37583e-04   8.34341e-07   2.93390e-01
   9  alpha_2CBO  -7.09115e-05   1.33521e-04   8.27012e-07  -1.44163e+00
  10  beta_2CBO    7.71191e-04     fixed    
  11  alpha_y      0.00000e+00     fixed    
  12  w_y          1.44500e+01   constant   
  13  beta_y      -6.17701e-05     fixed    
  14  alpha_vw     0.00000e+00     fixed    
  15  w_vw         1.29000e+01   constant   
  16  beta_vw      0.00000e+00     fixed    
  17  LM          -3.46658e-04   constant   
  18  zeta_y       0.00000e+00   constant   
  19  zeta_vw      0.00000e+00   constant   
 EXTERNAL ERROR MATRIX.    NDIM=  25    NPAR=  6    ERR DEF=1
  1.103e+05  7.275e-04 -1.823e-02  3.999e-03  5.248e-04  2.696e-05 
  7.275e-04  1.765e-08 -1.709e-09  4.034e-09 -1.174e-09  7.351e-10 
 -1.823e-02 -1.709e-09  1.467e-07  3.494e-10  1.040e-08 -1.986e-09 
  3.999e-03  4.034e-09  3.494e-10  1.897e-08  6.036e-10  7.786e-10 
  5.248e-04 -1.174e-09  1.040e-08  6.036e-10  1.893e-08 -4.175e-10 
  2.696e-05  7.351e-10 -1.986e-09  7.786e-10 -4.175e-10  1.783e-08 
 PARAMETER  CORRELATION COEFFICIENTS  
       NO.  GLOBAL      1      3      4      6      8      9
        1  0.17289   1.000  0.016 -0.143  0.087  0.011  0.001
        3  0.23461   0.016  1.000 -0.034  0.220 -0.064  0.041
        4  0.24895  -0.143 -0.034  1.000  0.007  0.197 -0.039
        6  0.24324   0.087  0.220  0.007  1.000  0.032  0.042
        8  0.21401   0.011 -0.064  0.197  0.032  1.000 -0.023
        9  0.06778   0.001  0.041 -0.039  0.042 -0.023  1.000
MINUIT - FIT ONLY 1-y
 **********
 **   51 **RES 
 **********
                   PARAMETER   16  beta_vw RESTORED TO VARIABLE.
                   PARAMETER   14  alpha_vw RESTORED TO VARIABLE.
                   PARAMETER   13  beta_y RESTORED TO VARIABLE.
                   PARAMETER   11  alpha_y RESTORED TO VARIABLE.
                   PARAMETER   10  beta_2CBO RESTORED TO VARIABLE.
 **********
 **   52 **FIX            0
 **********
 PARAMETER    0  IS UNDEFINED. IGNORED.
 **********
 **   53 **FIX            1
 **********
 **********
 **   54 **FIX            2
 **********
 PARAMETER    2  IS CONSTANT.   IGNORED.
 **********
 **   55 **FIX            3
 **********
 **********
 **   56 **FIX            4
 **********
 **********
 **   57 **FIX            5
 **********
 PARAMETER    5  IS CONSTANT.   IGNORED.
 **********
 **   58 **FIX            6
 **********
 **********
 **   59 **FIX            7
 **********
 PARAMETER    7  IS CONSTANT.   IGNORED.
 **********
 **   60 **FIX            8
 **********
 **********
 **   61 **FIX            9
 **********
 **********
 **   62 **FIX           13
 **********
 **********
 **   63 **FIX           14
 **********
 **********
 **   64 **FIX           15
 **********
 PARAMETER   15  IS CONSTANT.   IGNORED.
 **********
 **   65 **FIX           16
 **********
 **********
 **   66 **MIGRAD
 **********
 START MIGRAD MINIMIZATION.  STRATEGY  1.  CONVERGENCE WHEN EDM .LT. 1.00e-04
 FCN=160.652 FROM MIGRAD    STATUS=INITIATE        6 CALLS         332 TOTAL
                     EDM= unknown      STRATEGY= 1      NO ERROR MATRIX       
  EXT PARAMETER               CURRENT GUESS       STEP         FIRST   
  NO.   NAME      VALUE            ERROR          SIZE      DERIVATIVE 
   1  N0           3.45121e+06     fixed    
   2  tau          6.43933e+01   constant   
   3  A0           3.52446e-01     fixed    
   4  phi          4.13114e+00     fixed    
   5  R           -6.07598e+01   constant   
   6  alpha_CBO    5.40639e-03     fixed    
   7  w_CBO        2.32721e+00   constant   
   8  beta_CBO    -5.43152e-03     fixed    
   9  alpha_2CBO  -7.09115e-05     fixed    
  10  beta_2CBO    7.71191e-04   1.35322e-04   1.35322e-04   5.98623e+04
  11  alpha_y      0.00000e+00   1.00000e-03   1.00000e-03   1.04745e+05
  12  w_y          1.44500e+01   constant   
  13  beta_y      -6.17701e-05     fixed    
  14  alpha_vw     0.00000e+00     fixed    
  15  w_vw         1.29000e+01   constant   
  16  beta_vw      0.00000e+00     fixed    
  17  LM          -3.46658e-04   constant   
  18  zeta_y       0.00000e+00   constant   
  19  zeta_vw      0.00000e+00   constant   
 MIGRAD MINIMIZATION HAS CONVERGED.
 MIGRAD WILL VERIFY CONVERGENCE AND ERROR MATRIX.
 COVARIANCE MATRIX CALCULATED SUCCESSFULLY
 FCN=95.908 FROM MIGRAD    STATUS=CONVERGED      26 CALLS         352 TOTAL
                     EDM=6.44523e-10    STRATEGY= 1      ERROR MATRIX ACCURATE 
  EXT PARAMETER                                   STEP         FIRST   
  NO.   NAME      VALUE            ERROR          SIZE      DERIVATIVE 
   1  N0           3.45121e+06     fixed    
   2  tau          6.43933e+01   constant   
   3  A0           3.52446e-01     fixed    
   4  phi          4.13114e+00     fixed    
   5  R           -6.07598e+01   constant   
   6  alpha_CBO    5.40639e-03     fixed    
   7  w_CBO        2.32721e+00   constant   
   8  beta_CBO    -5.43152e-03     fixed    
   9  alpha_2CBO  -7.09115e-05     fixed    
  10  beta_2CBO    2.29476e-04   1.34796e-04   6.47928e-07  -2.24909e-01
  11  alpha_y     -9.26620e-04   1.33101e-04   6.39779e-07   1.43981e-01
  12  w_y          1.44500e+01   constant   
  13  beta_y      -6.17701e-05     fixed    
  14  alpha_vw     0.00000e+00     fixed    
  15  w_vw         1.29000e+01   constant   
  16  beta_vw      0.00000e+00     fixed    
  17  LM          -3.46658e-04   constant   
  18  zeta_y       0.00000e+00   constant   
  19  zeta_vw      0.00000e+00   constant   
 EXTERNAL ERROR MATRIX.    NDIM=  25    NPAR=  2    ERR DEF=1
  1.817e-08 -4.131e-11 
 -4.131e-11  1.772e-08 
 PARAMETER  CORRELATION COEFFICIENTS  
       NO.  GLOBAL     10     11
       10  0.00230   1.000 -0.002
       11  0.00230  -0.002  1.000
MINUIT - FIT ONLY 2-y
 **********
 **   67 **RES 
 **********
                   PARAMETER   16  beta_vw RESTORED TO VARIABLE.
                   PARAMETER   14  alpha_vw RESTORED TO VARIABLE.
                   PARAMETER   13  beta_y RESTORED TO VARIABLE.
                   PARAMETER    9  alpha_2CBO RESTORED TO VARIABLE.
                   PARAMETER    8  beta_CBO RESTORED TO VARIABLE.
                   PARAMETER    6  alpha_CBO RESTORED TO VARIABLE.
                   PARAMETER    4  phi RESTORED TO VARIABLE.
                   PARAMETER    3  A0 RESTORED TO VARIABLE.
                   PARAMETER    1  N0 RESTORED TO VARIABLE.
 **********
 **   68 **FIX            0
 **********
 PARAMETER    0  IS UNDEFINED. IGNORED.
 **********
 **   69 **FIX            1
 **********
 **********
 **   70 **FIX            2
 **********
 PARAMETER    2  IS CONSTANT.   IGNORED.
 **********
 **   71 **FIX            3
 **********
 **********
 **   72 **FIX            4
 **********
 **********
 **   73 **FIX            5
 **********
 PARAMETER    5  IS CONSTANT.   IGNORED.
 **********
 **   74 **FIX            6
 **********
 **********
 **   75 **FIX            7
 **********
 PARAMETER    7  IS CONSTANT.   IGNORED.
 **********
 **   76 **FIX            8
 **********
 **********
 **   77 **FIX            9
 **********
 **********
 **   78 **FIX           10
 **********
 **********
 **   79 **FIX           11
 **********
 **********
 **   80 **FIX           12
 **********
 PARAMETER   12  IS CONSTANT.   IGNORED.
 **********
 **   81 **FIX           16
 **********
 **********
 **   82 **MIGRAD
 **********
 START MIGRAD MINIMIZATION.  STRATEGY  1.  CONVERGENCE WHEN EDM .LT. 1.00e-04
 FCN=95.908 FROM MIGRAD    STATUS=INITIATE        6 CALLS         358 TOTAL
                     EDM= unknown      STRATEGY= 1      NO ERROR MATRIX       
  EXT PARAMETER               CURRENT GUESS       STEP         FIRST   
  NO.   NAME      VALUE            ERROR          SIZE      DERIVATIVE 
   1  N0           3.45121e+06     fixed    
   2  tau          6.43933e+01   constant   
   3  A0           3.52446e-01     fixed    
   4  phi          4.13114e+00     fixed    
   5  R           -6.07598e+01   constant   
   6  alpha_CBO    5.40639e-03     fixed    
   7  w_CBO        2.32721e+00   constant   
   8  beta_CBO    -5.43152e-03     fixed    
   9  alpha_2CBO  -7.09115e-05     fixed    
  10  beta_2CBO    2.29476e-04     fixed    
  11  alpha_y     -9.26620e-04     fixed    
  12  w_y          1.44500e+01   constant   
  13  beta_y      -6.17701e-05   1.35042e-04   1.35042e-04   1.49809e+04
  14  alpha_vw     0.00000e+00   1.00000e-03   1.00000e-03  -2.17848e+04
  15  w_vw         1.29000e+01   constant   
  16  beta_vw      0.00000e+00     fixed    
  17  LM          -3.46658e-04   constant   
  18  zeta_y       0.00000e+00   constant   
  19  zeta_vw      0.00000e+00   constant   
 MIGRAD MINIMIZATION HAS CONVERGED.
 MIGRAD WILL VERIFY CONVERGENCE AND ERROR MATRIX.
 COVARIANCE MATRIX CALCULATED SUCCESSFULLY
 FCN=93.2207 FROM MIGRAD    STATUS=CONVERGED      32 CALLS         384 TOTAL
                     EDM=2.59038e-17    STRATEGY= 1      ERROR MATRIX ACCURATE 
  EXT PARAMETER                                   STEP         FIRST   
  NO.   NAME      VALUE            ERROR          SIZE      DERIVATIVE 
   1  N0           3.45121e+06     fixed    
   2  tau          6.43933e+01   constant   
   3  A0           3.52446e-01     fixed    
   4  phi          4.13114e+00     fixed    
   5  R           -6.07598e+01   constant   
   6  alpha_CBO    5.40639e-03     fixed    
   7  w_CBO        2.32721e+00   constant   
   8  beta_CBO    -5.43152e-03     fixed    
   9  alpha_2CBO  -7.09115e-05     fixed    
  10  beta_2CBO    2.29476e-04     fixed    
  11  alpha_y     -9.26620e-04     fixed    
  12  w_y          1.44500e+01   constant   
  13  beta_y      -1.65874e-04   1.37281e-04   6.39717e-07   5.27589e-05
  14  alpha_vw     1.75124e-04   1.35711e-04   6.32400e-07  -2.02242e-06
  15  w_vw         1.29000e+01   constant   
  16  beta_vw      0.00000e+00     fixed    
  17  LM          -3.46658e-04   constant   
  18  zeta_y       0.00000e+00   constant   
  19  zeta_vw      0.00000e+00   constant   
 EXTERNAL ERROR MATRIX.    NDIM=  25    NPAR=  2    ERR DEF=1
  1.885e-08  3.403e-09 
  3.403e-09  1.842e-08 
 PARAMETER  CORRELATION COEFFICIENTS  
       NO.  GLOBAL     13     14
       13  0.18263   1.000  0.183
       14  0.18263   0.183  1.000
MINUIT - FIT ALTOGETHER
 **********
 **   83 **RES 
 **********
                   PARAMETER   16  beta_vw RESTORED TO VARIABLE.
                   PARAMETER   11  alpha_y RESTORED TO VARIABLE.
                   PARAMETER   10  beta_2CBO RESTORED TO VARIABLE.
                   PARAMETER    9  alpha_2CBO RESTORED TO VARIABLE.
                   PARAMETER    8  beta_CBO RESTORED TO VARIABLE.
                   PARAMETER    6  alpha_CBO RESTORED TO VARIABLE.
                   PARAMETER    4  phi RESTORED TO VARIABLE.
                   PARAMETER    3  A0 RESTORED TO VARIABLE.
                   PARAMETER    1  N0 RESTORED TO VARIABLE.
 **********
 **   84 **MIGRAD
 **********
 START MIGRAD MINIMIZATION.  STRATEGY  1.  CONVERGENCE WHEN EDM .LT. 1.00e-04
 FCN=93.2207 FROM MIGRAD    STATUS=INITIATE       24 CALLS         408 TOTAL
                     EDM= unknown      STRATEGY= 1      NO ERROR MATRIX       
  EXT PARAMETER               CURRENT GUESS       STEP         FIRST   
  NO.   NAME      VALUE            ERROR          SIZE      DERIVATIVE 
   1  N0           3.45121e+06   3.32083e+02   3.32083e+02   1.56917e-03
   2  tau          6.43933e+01   constant   
   3  A0           3.52446e-01   1.32844e-04   1.32844e-04   3.63483e+03
   4  phi          4.13114e+00   3.82987e-04   3.82987e-04   4.50107e+02
   5  R           -6.07598e+01   constant   
   6  alpha_CBO    5.40639e-03   1.37741e-04   1.37741e-04   1.76316e+03
   7  w_CBO        2.32721e+00   constant   
   8  beta_CBO    -5.43152e-03   1.37583e-04   1.37583e-04   6.43910e+03
   9  alpha_2CBO  -7.09115e-05   1.33521e-04   1.33521e-04  -2.34684e+03
  10  beta_2CBO    2.29476e-04   1.34796e-04   1.34796e-04   3.69816e+02
  11  alpha_y     -9.26620e-04   1.33101e-04   1.33101e-04  -2.41399e+03
  12  w_y          1.44500e+01   constant   
  13  beta_y      -1.65874e-04   1.37281e-04   6.39717e-07  -1.30509e-06
  14  alpha_vw     1.75124e-04   1.35711e-04   6.32400e-07  -6.51668e-07
  15  w_vw         1.29000e+01   constant   
  16  beta_vw      0.00000e+00   1.00000e-03   1.00000e-03   1.59598e+03
  17  LM          -3.46658e-04   constant   
  18  zeta_y       0.00000e+00   constant   
  19  zeta_vw      0.00000e+00   constant   
 MIGRAD MINIMIZATION HAS CONVERGED.
 MIGRAD WILL VERIFY CONVERGENCE AND ERROR MATRIX.
 COVARIANCE MATRIX CALCULATED SUCCESSFULLY
 FCN=92.7803 FROM MIGRAD    STATUS=CONVERGED     194 CALLS         578 TOTAL
                     EDM=4.97192e-06    STRATEGY= 1      ERROR MATRIX ACCURATE 
  EXT PARAMETER                                   STEP         FIRST   
  NO.   NAME      VALUE            ERROR          SIZE      DERIVATIVE 
   1  N0           3.45112e+06   3.32794e+02   1.64562e+00  -2.82342e-06
   2  tau          6.43933e+01   constant   
   3  A0           3.52415e-01   1.32998e-04   6.10647e-07   5.34434e+00
   4  phi          4.13109e+00   3.83466e-04   1.96986e-06   2.60597e+00
   5  R           -6.07598e+01   constant   
   6  alpha_CBO    5.37713e-03   1.37954e-04   6.31772e-07   1.03848e+01
   7  w_CBO        2.32721e+00   constant   
   8  beta_CBO    -5.49550e-03   1.38400e-04   6.35502e-07  -3.62025e-01
   9  alpha_2CBO  -5.08764e-05   1.33661e-04   6.29920e-07   1.97947e+00
  10  beta_2CBO    2.14380e-04   1.36092e-04   6.37404e-07  -1.42727e+01
  11  alpha_y     -9.02694e-04   1.35924e-04   6.29386e-07  -1.72645e+00
  12  w_y          1.44500e+01   constant   
  13  beta_y      -1.70934e-04   1.38424e-04   6.38235e-07   1.90582e+00
  14  alpha_vw     1.78525e-04   1.36702e-04   6.30936e-07   5.95604e+00
  15  w_vw         1.29000e+01   constant   
  16  beta_vw     -1.63718e-05   1.37694e-04   6.36632e-07  -6.66344e+00
  17  LM          -3.46658e-04   constant   
  18  zeta_y       0.00000e+00   constant   
  19  zeta_vw      0.00000e+00   constant   
 EXTERNAL ERROR MATRIX.    NDIM=  25    NPAR= 11    ERR DEF=1
  1.108e+05 
  8.479e-04  1.769e-08 
 -1.787e-02 -1.634e-09  1.470e-07 
  4.158e-03  4.069e-09  4.842e-10  1.903e-08 
  8.506e-04 -1.092e-09  1.065e-08  7.104e-10  1.915e-08 
 -3.599e-05  7.063e-10 -1.996e-09  7.694e-10 -4.610e-10  1.787e-08 
  2.776e-03  7.077e-10  2.327e-09  9.685e-10  1.951e-09 -2.431e-10  1.852e-08 
  3.299e-05  2.658e-10 -5.920e-10 -1.136e-10  4.604e-11 -3.581e-10 -8.120e-11  1.848e-08 
  9.084e-04  1.341e-10  6.308e-10  2.545e-10  4.645e-10 -1.992e-10  1.621e-10 -1.307e-10  1.916e-08 
 -2.606e-04  9.769e-11 -3.882e-10 -1.947e-10 -1.247e-10 -1.090e-10 -3.008e-10  2.182e-09  3.411e-09  1.869e-08 
 -3.713e-04 -3.889e-10  5.717e-10  1.382e-10 -3.003e-10  7.017e-10  4.867e-11 -3.077e-09  2.307e-09 -1.181e-10  1.896e-08 
 PARAMETER  CORRELATION COEFFICIENTS  
       NO.  GLOBAL      1      3      4      6      8      9     10     11     13     14     16
        1  0.18461   1.000  0.019 -0.140  0.091  0.018 -0.001  0.061  0.001  0.020 -0.006 -0.008
        3  0.23909   0.019  1.000 -0.032  0.222 -0.059  0.040  0.039  0.015  0.007  0.005 -0.021
        4  0.25334  -0.140 -0.032  1.000  0.009  0.201 -0.039  0.045 -0.011  0.012 -0.007  0.011
        6  0.24901   0.091  0.222  0.009  1.000  0.037  0.042  0.052 -0.006  0.013 -0.010  0.007
        8  0.23876   0.018 -0.059  0.201  0.037  1.000 -0.025  0.104  0.002  0.024 -0.007 -0.016
        9  0.08150  -0.001  0.040 -0.039  0.042 -0.025  1.000 -0.013 -0.020 -0.011 -0.006  0.038
       10  0.13746   0.061  0.039  0.045  0.052  0.104 -0.013  1.000 -0.004  0.009 -0.016  0.003
       11  0.20265   0.001  0.015 -0.011 -0.006  0.002 -0.020 -0.004  1.000 -0.007  0.117 -0.164
       13  0.22181   0.020  0.007  0.012  0.013  0.024 -0.011  0.009 -0.007  1.000  0.180  0.121
       14  0.21743  -0.006  0.005 -0.007 -0.010 -0.007 -0.006 -0.016  0.117  0.180  1.000 -0.006
       16  0.20956  -0.008 -0.021  0.011  0.007 -0.016  0.038  0.003 -0.164  0.121 -0.006  1.000
MINUIT - MINOS
 **********
 **   85 **RES 
 **********
 CALL TO MNFREE IGNORED.  THERE ARE NO FIXED PARAMETERS
 **********
 **   86 **MIG      2.5e+04        0.01
 **********
 START MIGRAD MINIMIZATION.  STRATEGY  1.  CONVERGENCE WHEN EDM .LT. 1.00e-05
 FCN=92.7803 FROM MIGRAD    STATUS=INITIATE       22 CALLS         600 TOTAL
                     EDM=2.48595e-06    STRATEGY= 1      ERROR MATRIX ACCURATE 
  EXT PARAMETER                                   STEP         FIRST   
  NO.   NAME      VALUE            ERROR          SIZE      DERIVATIVE 
   1  N0           3.45112e+06   3.32794e+02   1.64562e+00  -2.82342e-06
   2  tau          6.43933e+01   constant   
   3  A0           3.52415e-01   1.32998e-04   6.10647e-07   5.34434e+00
   4  phi          4.13109e+00   3.83466e-04   1.96986e-06   2.60597e+00
   5  R           -6.07598e+01   constant   
   6  alpha_CBO    5.37713e-03   1.37954e-04   6.31772e-07   1.03848e+01
   7  w_CBO        2.32721e+00   constant   
   8  beta_CBO    -5.49550e-03   1.38400e-04   6.35502e-07  -3.62039e-01
   9  alpha_2CBO  -5.08764e-05   1.33661e-04   6.29920e-07   1.97950e+00
  10  beta_2CBO    2.14380e-04   1.36092e-04   6.37404e-07  -1.42726e+01
  11  alpha_y     -9.02694e-04   1.35924e-04   6.29386e-07  -1.72646e+00
  12  w_y          1.44500e+01   constant   
  13  beta_y      -1.70934e-04   1.38424e-04   6.38235e-07   1.90581e+00
  14  alpha_vw     1.78525e-04   1.36702e-04   6.30936e-07   5.95604e+00
  15  w_vw         1.29000e+01   constant   
  16  beta_vw     -1.63718e-05   1.37694e-04   6.36632e-07  -6.66342e+00
  17  LM          -3.46658e-04   constant   
  18  zeta_y       0.00000e+00   constant   
  19  zeta_vw      0.00000e+00   constant   
 MIGRAD MINIMIZATION HAS CONVERGED.
 FCN=92.7803 FROM MIGRAD    STATUS=CONVERGED      45 CALLS         623 TOTAL
                     EDM=1.98128e-17    STRATEGY= 1  ERROR MATRIX UNCERTAINTY   0.0 per cent
  EXT PARAMETER                                   STEP         FIRST   
  NO.   NAME      VALUE            ERROR          SIZE      DERIVATIVE 
   1  N0           3.45112e+06   3.32794e+02   1.74477e-01   6.27805e-12
   2  tau          6.43933e+01   constant   
   3  A0           3.52415e-01   1.32998e-04  -6.24002e-08   1.44285e-06
   4  phi          4.13109e+00   3.83466e-04  -1.92505e-07  -2.09174e-05
   5  R           -6.07598e+01   constant   
   6  alpha_CBO    5.37704e-03   1.37954e-04  -9.74742e-08  -8.77253e-07
   7  w_CBO        2.32721e+00   constant   
   8  beta_CBO    -5.49550e-03   1.38400e-04   3.36316e-09  -5.25498e-06
   9  alpha_2CBO  -5.08967e-05   1.33661e-04  -2.02895e-08  -6.98226e-06
  10  beta_2CBO    2.14507e-04   1.36092e-04   1.27565e-07  -4.35865e-06
  11  alpha_y     -9.02695e-04   1.35924e-04  -1.96098e-10  -1.51279e-06
  12  w_y          1.44500e+01   constant   
  13  beta_y      -1.70955e-04   1.38424e-04  -2.06238e-08  -3.78520e-07
  14  alpha_vw     1.78467e-04   1.36702e-04  -5.85849e-08  -9.41481e-06
  15  w_vw         1.29000e+01   constant   
  16  beta_vw     -1.63144e-05   1.37694e-04   5.73161e-08  -3.77241e-06
  17  LM          -3.46658e-04   constant   
  18  zeta_y       0.00000e+00   constant   
  19  zeta_vw      0.00000e+00   constant   
 EXTERNAL ERROR MATRIX.    NDIM=  25    NPAR= 11    ERR DEF=1
  1.108e+05 
  8.479e-04  1.769e-08 
 -1.786e-02 -1.634e-09  1.470e-07 
  4.158e-03  4.069e-09  4.841e-10  1.903e-08 
  8.506e-04 -1.092e-09  1.065e-08  7.104e-10  1.915e-08 
 -3.598e-05  7.063e-10 -1.996e-09  7.694e-10 -4.610e-10  1.787e-08 
  2.776e-03  7.077e-10  2.327e-09  9.685e-10  1.951e-09 -2.431e-10  1.852e-08 
  3.299e-05  2.658e-10 -5.920e-10 -1.136e-10  4.604e-11 -3.581e-10 -8.120e-11  1.848e-08 
  9.084e-04  1.341e-10  6.308e-10  2.545e-10  4.645e-10 -1.992e-10  1.621e-10 -1.307e-10  1.916e-08 
 -2.606e-04  9.769e-11 -3.882e-10 -1.947e-10 -1.247e-10 -1.090e-10 -3.008e-10  2.182e-09  3.411e-09  1.869e-08 
 -3.713e-04 -3.889e-10  5.717e-10  1.382e-10 -3.003e-10  7.017e-10  4.867e-11 -3.077e-09  2.307e-09 -1.181e-10  1.896e-08 
 PARAMETER  CORRELATION COEFFICIENTS  
       NO.  GLOBAL      1      3      4      6      8      9     10     11     13     14     16
        1  0.18461   1.000  0.019 -0.140  0.091  0.018 -0.001  0.061  0.001  0.020 -0.006 -0.008
        3  0.23909   0.019  1.000 -0.032  0.222 -0.059  0.040  0.039  0.015  0.007  0.005 -0.021
        4  0.25334  -0.140 -0.032  1.000  0.009  0.201 -0.039  0.045 -0.011  0.012 -0.007  0.011
        6  0.24901   0.091  0.222  0.009  1.000  0.037  0.042  0.052 -0.006  0.013 -0.010  0.007
        8  0.23876   0.018 -0.059  0.201  0.037  1.000 -0.025  0.104  0.002  0.024 -0.007 -0.016
        9  0.08150  -0.001  0.040 -0.039  0.042 -0.025  1.000 -0.013 -0.020 -0.011 -0.006  0.038
       10  0.13746   0.061  0.039  0.045  0.052  0.104 -0.013  1.000 -0.004  0.009 -0.016  0.003
       11  0.20265   0.001  0.015 -0.011 -0.006  0.002 -0.020 -0.004  1.000 -0.007  0.117 -0.164
       13  0.22181   0.020  0.007  0.012  0.013  0.024 -0.011  0.009 -0.007  1.000  0.180  0.121
       14  0.21743  -0.006  0.005 -0.007 -0.010 -0.007 -0.006 -0.016  0.117  0.180  1.000 -0.006
       16  0.20956  -0.008 -0.021  0.011  0.007 -0.016  0.038  0.003 -0.164  0.121 -0.006  1.000
 **********
 **   87 **MINO      2.5e+04
 **********
 FCN=92.7803 FROM MINOS     STATUS=SUCCESSFUL    924 CALLS        1547 TOTAL
                     EDM=1.98128e-17    STRATEGY= 1  ERROR MATRIX UNCERTAINTY   0.0 per cent
  EXT PARAMETER                  PARABOLIC         MINOS ERRORS        
  NO.   NAME      VALUE            ERROR      NEGATIVE      POSITIVE   
   1  N0           3.45112e+06   3.32794e+02  -3.32794e+02   3.32794e+02
   2  tau          6.43933e+01   constant   
   3  A0           3.52415e-01   1.32998e-04  -1.32999e-04   1.32998e-04
   4  phi          4.13109e+00   3.83466e-04  -3.83457e-04   3.83476e-04
   5  R           -6.07598e+01   constant   
   6  alpha_CBO    5.37704e-03   1.37954e-04  -1.37955e-04   1.37953e-04
   7  w_CBO        2.32721e+00   constant   
   8  beta_CBO    -5.49550e-03   1.38400e-04  -1.38401e-04   1.38400e-04
   9  alpha_2CBO  -5.08967e-05   1.33661e-04  -1.33661e-04   1.33662e-04
  10  beta_2CBO    2.14507e-04   1.36092e-04  -1.36092e-04   1.36091e-04
  11  alpha_y     -9.02695e-04   1.35924e-04  -1.35924e-04   1.35924e-04
  12  w_y          1.44500e+01   constant   
  13  beta_y      -1.70955e-04   1.38424e-04  -1.38424e-04   1.38423e-04
  14  alpha_vw     1.78467e-04   1.36702e-04  -1.36702e-04   1.36702e-04
  15  w_vw         1.29000e+01   constant   
  16  beta_vw     -1.63144e-05   1.37694e-04  -1.37694e-04   1.37694e-04
  17  LM          -3.46658e-04   constant   
  18  zeta_y       0.00000e+00   constant   
  19  zeta_vw      0.00000e+00   constant   
 **********
 **   88 **SHO COR 
 **********
 PARAMETER  CORRELATION COEFFICIENTS  
       NO.  GLOBAL      1      3      4      6      8      9     10     11     13     14     16
        1  0.18461   1.000  0.019 -0.140  0.091  0.018 -0.001  0.061  0.001  0.020 -0.006 -0.008
        3  0.23909   0.019  1.000 -0.032  0.222 -0.059  0.040  0.039  0.015  0.007  0.005 -0.021
        4  0.25334  -0.140 -0.032  1.000  0.009  0.201 -0.039  0.045 -0.011  0.012 -0.007  0.011
        6  0.24901   0.091  0.222  0.009  1.000  0.037  0.042  0.052 -0.006  0.013 -0.010  0.007
        8  0.23876   0.018 -0.059  0.201  0.037  1.000 -0.025  0.104  0.002  0.024 -0.007 -0.016
        9  0.08150  -0.001  0.040 -0.039  0.042 -0.025  1.000 -0.013 -0.020 -0.011 -0.006  0.038
       10  0.13746   0.061  0.039  0.045  0.052  0.104 -0.013  1.000 -0.004  0.009 -0.016  0.003
       11  0.20265   0.001  0.015 -0.011 -0.006  0.002 -0.020 -0.004  1.000 -0.007  0.117 -0.164
       13  0.22181   0.020  0.007  0.012  0.013  0.024 -0.011  0.009 -0.007  1.000  0.180  0.121
       14  0.21743  -0.006  0.005 -0.007 -0.010 -0.007 -0.006 -0.016  0.117  0.180  1.000 -0.006
       16  0.20956  -0.008 -0.021  0.011  0.007 -0.016  0.038  0.003 -0.164  0.121 -0.006  1.000
