 + ++++++++++++++++++++++++++++++++++++++++++++++++++++++++++++++++++++ +
 +                                                                      +
 +           You have chose to blind your fitting according to          +
 +                omega_ref * (1 + (R +/- deltaR) *10^{-6})             +
 +                                                                      +
 + ++++++++++++++++++++++++++++++++++++++++++++++++++++++++++++++++++++ +
In main()...
reading format from /gm2data/zkhechad/run45/envelope/formats/formatB_sBin_constraintOn.txt
pBinTau 	= 0  
pBinPhi 	= 0  
constraintau 	= 1 
includeMopTerm 	= 0    
constrainMop    = 0   
Parameters after format file: pBinTau 0 pBinPhi 0 constraintau 1 includeMopTerm 0 constrainMop 0 c_e_scale 0.000000 
Opening file /gm2data/tbarrett/gm2fr/studies/run23_bunch_corrections/CorrectedFourier_Run3b.root.
reading full fit data from /gm2data/zkhechad/cboTemplates/Run4CBOTemplates/templateFits0_v2.0/noRF/sBin_constraintOn_cE0.0_seed0_noRF_calo24.root
windowBins = 69
fitting sliding window 914 from bin 1050 at 156.510800 to bin 1119 at 166.954800 (69 bins)

Reading data from /gm2data/cornell/histograms/aMethod/histogram_a_noRF.root
 **********
 **    1 **SET PRINTOUT            1
 **********
 **********
 **    2 **SET NOWARNINGS 
 **********
 PARAMETER DEFINITIONS:
    NO.   NAME         VALUE      STEP SIZE      LIMITS
     1 N0           3.17742e+06  1.00000e+02     no limits
     2 tau          6.44362e+01  constant
     3 A0           3.64954e-01  1.00000e-04     no limits
     4 phi          4.11955e+00  1.00000e-02     no limits
     5 R           -6.08502e+01  constant
     6 alpha_CBO    0.00000e+00  1.00000e-03     no limits
     7 w_CBO        2.32500e+00  constant
     8 beta_CBO     0.00000e+00  1.00000e-03     no limits
     9 alpha_2CBO   0.00000e+00  1.00000e-03     no limits
    10 beta_2CBO    0.00000e+00  1.00000e-03     no limits
    11 alpha_y      0.00000e+00  1.00000e-03     no limits
    12 w_y          1.44500e+01  constant
    13 beta_y       0.00000e+00  1.00000e-03     no limits
    14 alpha_vw     0.00000e+00  1.00000e-03     no limits
    15 w_vw         1.29000e+01  constant
    16 beta_vw      0.00000e+00  1.00000e-03     no limits
    17 LM           1.15487e-03  constant
    18 zeta_y       0.00000e+00  constant
    19 zeta_vw      0.00000e+00  constant
MINUIT - FIT ONLY WIGGLE
 **********
 **    3 **FIX            5
 **********
 PARAMETER    5  IS CONSTANT.   IGNORED.
 **********
 **    4 **FIX            6
 **********
 **********
 **    5 **FIX            7
 **********
 PARAMETER    7  IS CONSTANT.   IGNORED.
 **********
 **    6 **FIX            8
 **********
 **********
 **    7 **FIX            9
 **********
 **********
 **    8 **FIX           10
 **********
 **********
 **    9 **FIX           11
 **********
 **********
 **   10 **FIX           12
 **********
 PARAMETER   12  IS CONSTANT.   IGNORED.
 **********
 **   11 **FIX           13
 **********
 **********
 **   12 **FIX           14
 **********
 **********
 **   13 **FIX           15
 **********
 PARAMETER   15  IS CONSTANT.   IGNORED.
 **********
 **   14 **FIX           16
 **********
 **********
 **   15 **MIGRAD
 **********
 FIRST CALL TO USER FUNCTION AT NEW START POINT, WITH IFLAG=4.
 START MIGRAD MINIMIZATION.  STRATEGY  1.  CONVERGENCE WHEN EDM .LT. 1.00e-04
 FCN=504.598 FROM MIGRAD    STATUS=INITIATE       12 CALLS          13 TOTAL
                     EDM= unknown      STRATEGY= 1      NO ERROR MATRIX       
  EXT PARAMETER               CURRENT GUESS       STEP         FIRST   
  NO.   NAME      VALUE            ERROR          SIZE      DERIVATIVE 
   1  N0           3.17742e+06   1.00000e+02   1.00000e+02  -4.71550e-03
   2  tau          6.44362e+01   constant   
   3  A0           3.64954e-01   1.00000e-04   1.00000e-04   2.81718e+04
   4  phi          4.11955e+00   1.00000e-02   1.00000e-02  -1.59725e+04
   5  R           -6.08502e+01   constant   
   6  alpha_CBO    0.00000e+00     fixed    
   7  w_CBO        2.32500e+00   constant   
   8  beta_CBO     0.00000e+00     fixed    
   9  alpha_2CBO   0.00000e+00     fixed    
  10  beta_2CBO    0.00000e+00     fixed    
  11  alpha_y      0.00000e+00     fixed    
  12  w_y          1.44500e+01   constant   
  13  beta_y       0.00000e+00     fixed    
  14  alpha_vw     0.00000e+00     fixed    
  15  w_vw         1.29000e+01   constant   
  16  beta_vw      0.00000e+00     fixed    
  17  LM           1.15487e-03   constant   
  18  zeta_y       0.00000e+00   constant   
  19  zeta_vw      0.00000e+00   constant   
 MIGRAD MINIMIZATION HAS CONVERGED.
 MIGRAD WILL VERIFY CONVERGENCE AND ERROR MATRIX.
 COVARIANCE MATRIX CALCULATED SUCCESSFULLY
 FCN=481.437 FROM MIGRAD    STATUS=CONVERGED      52 CALLS          53 TOTAL
                     EDM=1.70135e-09    STRATEGY= 1      ERROR MATRIX ACCURATE 
  EXT PARAMETER                                   STEP         FIRST   
  NO.   NAME      VALUE            ERROR          SIZE      DERIVATIVE 
   1  N0           3.17750e+06   4.68607e+02   4.89349e+00   2.43027e-08
   2  tau          6.44362e+01   constant   
   3  A0           3.64556e-01   1.82832e-04   1.92454e-06  -1.54650e-01
   4  phi          4.12172e+00   5.37002e-04   5.71247e-06   9.95781e-02
   5  R           -6.08502e+01   constant   
   6  alpha_CBO    0.00000e+00     fixed    
   7  w_CBO        2.32500e+00   constant   
   8  beta_CBO     0.00000e+00     fixed    
   9  alpha_2CBO   0.00000e+00     fixed    
  10  beta_2CBO    0.00000e+00     fixed    
  11  alpha_y      0.00000e+00     fixed    
  12  w_y          1.44500e+01   constant   
  13  beta_y       0.00000e+00     fixed    
  14  alpha_vw     0.00000e+00     fixed    
  15  w_vw         1.29000e+01   constant   
  16  beta_vw      0.00000e+00     fixed    
  17  LM           1.15487e-03   constant   
  18  zeta_y       0.00000e+00   constant   
  19  zeta_vw      0.00000e+00   constant   
 EXTERNAL ERROR MATRIX.    NDIM=  25    NPAR=  3    ERR DEF=1
  2.196e+05  1.542e-02 -2.728e-02 
  1.542e-02  3.343e-08  4.479e-09 
 -2.728e-02  4.479e-09  2.884e-07 
 PARAMETER  CORRELATION COEFFICIENTS  
       NO.  GLOBAL      1      3      4
        1  0.21451   1.000  0.180 -0.108
        3  0.19151   0.180  1.000  0.046
        4  0.12704  -0.108  0.046  1.000
MINUIT - FIT ONLY 1-CBO + wiggle
 **********
 **   16 **RES 
 **********
                   PARAMETER   16  beta_vw RESTORED TO VARIABLE.
                   PARAMETER   14  alpha_vw RESTORED TO VARIABLE.
                   PARAMETER   13  beta_y RESTORED TO VARIABLE.
                   PARAMETER   11  alpha_y RESTORED TO VARIABLE.
                   PARAMETER   10  beta_2CBO RESTORED TO VARIABLE.
                   PARAMETER    9  alpha_2CBO RESTORED TO VARIABLE.
                   PARAMETER    8  beta_CBO RESTORED TO VARIABLE.
                   PARAMETER    6  alpha_CBO RESTORED TO VARIABLE.
 **********
 **   17 **FIX            8
 **********
 **********
 **   18 **FIX            9
 **********
 **********
 **   19 **FIX           11
 **********
 **********
 **   20 **FIX           12
 **********
 PARAMETER   12  IS CONSTANT.   IGNORED.
 **********
 **   21 **FIX           14
 **********
 **********
 **   22 **FIX           15
 **********
 PARAMETER   15  IS CONSTANT.   IGNORED.
 **********
 **   23 **FIX           16
 **********
 **********
 **   24 **MIGRAD
 **********
 START MIGRAD MINIMIZATION.  STRATEGY  1.  CONVERGENCE WHEN EDM .LT. 1.00e-04
 FCN=481.437 FROM MIGRAD    STATUS=INITIATE       18 CALLS          71 TOTAL
                     EDM= unknown      STRATEGY= 1      NO ERROR MATRIX       
  EXT PARAMETER               CURRENT GUESS       STEP         FIRST   
  NO.   NAME      VALUE            ERROR          SIZE      DERIVATIVE 
   1  N0           3.17750e+06   4.68607e+02   4.89349e+00   2.43048e-08
   2  tau          6.44362e+01   constant   
   3  A0           3.64556e-01   1.82832e-04   1.92454e-06  -1.54655e-01
   4  phi          4.12172e+00   5.37002e-04   5.71247e-06   9.95581e-02
   5  R           -6.08502e+01   constant   
   6  alpha_CBO    0.00000e+00   1.00000e-03   1.00000e-03   5.91779e+04
   7  w_CBO        2.32500e+00   constant   
   8  beta_CBO     0.00000e+00     fixed    
   9  alpha_2CBO   0.00000e+00     fixed    
  10  beta_2CBO    0.00000e+00   1.00000e-03   1.00000e-03  -1.72490e+04
  11  alpha_y      0.00000e+00     fixed    
  12  w_y          1.44500e+01   constant   
  13  beta_y       0.00000e+00   1.00000e-03   1.00000e-03  -7.57932e+03
  14  alpha_vw     0.00000e+00     fixed    
  15  w_vw         1.29000e+01   constant   
  16  beta_vw      0.00000e+00     fixed    
  17  LM           1.15487e-03   constant   
  18  zeta_y       0.00000e+00   constant   
  19  zeta_vw      0.00000e+00   constant   
 MIGRAD MINIMIZATION HAS CONVERGED.
 MIGRAD WILL VERIFY CONVERGENCE AND ERROR MATRIX.
 COVARIANCE MATRIX CALCULATED SUCCESSFULLY
 FCN=439.309 FROM MIGRAD    STATUS=CONVERGED     125 CALLS         178 TOTAL
                     EDM=3.84796e-09    STRATEGY= 1      ERROR MATRIX ACCURATE 
  EXT PARAMETER                                   STEP         FIRST   
  NO.   NAME      VALUE            ERROR          SIZE      DERIVATIVE 
   1  N0           3.17760e+06   4.69355e+02   4.67510e+00  -1.52877e-07
   2  tau          6.44362e+01   constant   
   3  A0           3.64807e-01   1.86959e-04   1.83841e-06   1.18098e-01
   4  phi          4.12211e+00   5.40237e-04   5.45289e-06  -7.21883e-02
   5  R           -6.08502e+01   constant   
   6  alpha_CBO   -1.27977e-03   2.06586e-04   2.05813e-06   7.58955e-02
   7  w_CBO        2.32500e+00   constant   
   8  beta_CBO     0.00000e+00     fixed    
   9  alpha_2CBO   0.00000e+00     fixed    
  10  beta_2CBO    4.13599e-04   2.04790e-04   2.09376e-06   1.64706e-01
  11  alpha_y      0.00000e+00     fixed    
  12  w_y          1.44500e+01   constant   
  13  beta_y       1.82872e-04   2.05113e-04   2.10068e-06  -7.93813e-02
  14  alpha_vw     0.00000e+00     fixed    
  15  w_vw         1.29000e+01   constant   
  16  beta_vw      0.00000e+00     fixed    
  17  LM           1.15487e-03   constant   
  18  zeta_y       0.00000e+00   constant   
  19  zeta_vw      0.00000e+00   constant   
 EXTERNAL ERROR MATRIX.    NDIM=  25    NPAR=  6    ERR DEF=1
  2.203e+05  1.615e-02 -2.594e-02 -4.344e-03 -2.504e-03 -1.610e-03 
  1.615e-02  3.495e-08  6.899e-09 -7.966e-09  1.685e-09  2.543e-10 
 -2.594e-02  6.899e-09  2.919e-07 -1.297e-08  1.117e-09 -7.720e-10 
 -4.344e-03 -7.966e-09 -1.297e-08  4.268e-08 -1.684e-09 -6.305e-10 
 -2.504e-03  1.685e-09  1.117e-09 -1.684e-09  4.194e-08  5.542e-10 
 -1.610e-03  2.543e-10 -7.720e-10 -6.305e-10  5.542e-10  4.207e-08 
 PARAMETER  CORRELATION COEFFICIENTS  
       NO.  GLOBAL      1      3      4      6     10     13
        1  0.22134   1.000  0.184 -0.102 -0.045 -0.026 -0.017
        3  0.28095   0.184  1.000  0.068 -0.206  0.044  0.007
        4  0.17181  -0.102  0.068  1.000 -0.116  0.010 -0.007
        6  0.23352  -0.045 -0.206 -0.116  1.000 -0.040 -0.015
       10  0.06546  -0.026  0.044  0.010 -0.040  1.000  0.013
       13  0.02893  -0.017  0.007 -0.007 -0.015  0.013  1.000
MINUIT - FIT ONLY 2-CBO
 **********
 **   25 **RES 
 **********
                   PARAMETER   16  beta_vw RESTORED TO VARIABLE.
                   PARAMETER   14  alpha_vw RESTORED TO VARIABLE.
                   PARAMETER   11  alpha_y RESTORED TO VARIABLE.
                   PARAMETER    9  alpha_2CBO RESTORED TO VARIABLE.
                   PARAMETER    8  beta_CBO RESTORED TO VARIABLE.
 **********
 **   26 **FIX            0
 **********
 PARAMETER    0  IS UNDEFINED. IGNORED.
 **********
 **   27 **FIX            1
 **********
 **********
 **   28 **FIX            2
 **********
 PARAMETER    2  IS CONSTANT.   IGNORED.
 **********
 **   29 **FIX            3
 **********
 **********
 **   30 **FIX            4
 **********
 **********
 **   31 **FIX            5
 **********
 PARAMETER    5  IS CONSTANT.   IGNORED.
 **********
 **   32 **FIX            6
 **********
 **********
 **   33 **FIX            7
 **********
 PARAMETER    7  IS CONSTANT.   IGNORED.
 **********
 **   34 **FIX           10
 **********
 **********
 **   35 **FIX           11
 **********
 **********
 **   36 **FIX           12
 **********
 PARAMETER   12  IS CONSTANT.   IGNORED.
 **********
 **   37 **FIX           13
 **********
 **********
 **   38 **FIX           14
 **********
 **********
 **   39 **FIX           15
 **********
 PARAMETER   15  IS CONSTANT.   IGNORED.
 **********
 **   40 **FIX           16
 **********
 **********
 **   41 **MIGRAD
 **********
 START MIGRAD MINIMIZATION.  STRATEGY  1.  CONVERGENCE WHEN EDM .LT. 1.00e-04
 FCN=439.309 FROM MIGRAD    STATUS=INITIATE        8 CALLS         186 TOTAL
                     EDM= unknown      STRATEGY= 1      NO ERROR MATRIX       
  EXT PARAMETER               CURRENT GUESS       STEP         FIRST   
  NO.   NAME      VALUE            ERROR          SIZE      DERIVATIVE 
   1  N0           3.17760e+06     fixed    
   2  tau          6.44362e+01   constant   
   3  A0           3.64807e-01     fixed    
   4  phi          4.12211e+00     fixed    
   5  R           -6.08502e+01   constant   
   6  alpha_CBO   -1.27977e-03     fixed    
   7  w_CBO        2.32500e+00   constant   
   8  beta_CBO     0.00000e+00   1.00000e-03   1.00000e-03  -1.77945e+05
   9  alpha_2CBO   0.00000e+00   1.00000e-03   1.00000e-03   2.13071e+04
  10  beta_2CBO    4.13599e-04     fixed    
  11  alpha_y      0.00000e+00     fixed    
  12  w_y          1.44500e+01   constant   
  13  beta_y       1.82872e-04     fixed    
  14  alpha_vw     0.00000e+00     fixed    
  15  w_vw         1.29000e+01   constant   
  16  beta_vw      0.00000e+00     fixed    
  17  LM           1.15487e-03   constant   
  18  zeta_y       0.00000e+00   constant   
  19  zeta_vw      0.00000e+00   constant   
 MIGRAD MINIMIZATION HAS CONVERGED.
 MIGRAD WILL VERIFY CONVERGENCE AND ERROR MATRIX.
 COVARIANCE MATRIX CALCULATED SUCCESSFULLY
 FCN=99.4349 FROM MIGRAD    STATUS=CONVERGED      33 CALLS         211 TOTAL
                     EDM=8.98456e-12    STRATEGY= 1      ERROR MATRIX ACCURATE 
  EXT PARAMETER                                   STEP         FIRST   
  NO.   NAME      VALUE            ERROR          SIZE      DERIVATIVE 
   1  N0           3.17760e+06     fixed    
   2  tau          6.44362e+01   constant   
   3  A0           3.64807e-01     fixed    
   4  phi          4.12211e+00     fixed    
   5  R           -6.08502e+01   constant   
   6  alpha_CBO   -1.27977e-03     fixed    
   7  w_CBO        2.32500e+00   constant   
   8  beta_CBO     3.78747e-03   2.06872e-04   1.01128e-06  -2.03633e-02
   9  alpha_2CBO  -2.71634e-04   2.03274e-04   9.93695e-07  -1.57079e-03
  10  beta_2CBO    4.13599e-04     fixed    
  11  alpha_y      0.00000e+00     fixed    
  12  w_y          1.44500e+01   constant   
  13  beta_y       1.82872e-04     fixed    
  14  alpha_vw     0.00000e+00     fixed    
  15  w_vw         1.29000e+01   constant   
  16  beta_vw      0.00000e+00     fixed    
  17  LM           1.15487e-03   constant   
  18  zeta_y       0.00000e+00   constant   
  19  zeta_vw      0.00000e+00   constant   
 EXTERNAL ERROR MATRIX.    NDIM=  25    NPAR=  2    ERR DEF=1
  4.280e-08  1.895e-09 
  1.895e-09  4.132e-08 
 PARAMETER  CORRELATION COEFFICIENTS  
       NO.  GLOBAL      8      9
        8  0.04506   1.000  0.045
        9  0.04506   0.045  1.000
MINUIT - FIT wiggle + 1-CBO + 2-CBO
 **********
 **   42 **RES 
 **********
                   PARAMETER   16  beta_vw RESTORED TO VARIABLE.
                   PARAMETER   14  alpha_vw RESTORED TO VARIABLE.
                   PARAMETER   13  beta_y RESTORED TO VARIABLE.
                   PARAMETER   11  alpha_y RESTORED TO VARIABLE.
                   PARAMETER   10  beta_2CBO RESTORED TO VARIABLE.
                   PARAMETER    6  alpha_CBO RESTORED TO VARIABLE.
                   PARAMETER    4  phi RESTORED TO VARIABLE.
                   PARAMETER    3  A0 RESTORED TO VARIABLE.
                   PARAMETER    1  N0 RESTORED TO VARIABLE.
 **********
 **   43 **FIX           10
 **********
 **********
 **   44 **FIX           11
 **********
 **********
 **   45 **FIX           12
 **********
 PARAMETER   12  IS CONSTANT.   IGNORED.
 **********
 **   46 **FIX           13
 **********
 **********
 **   47 **FIX           14
 **********
 **********
 **   48 **FIX           15
 **********
 PARAMETER   15  IS CONSTANT.   IGNORED.
 **********
 **   49 **FIX           16
 **********
 **********
 **   50 **MIGRAD
 **********
 START MIGRAD MINIMIZATION.  STRATEGY  1.  CONVERGENCE WHEN EDM .LT. 1.00e-04
 FCN=99.4349 FROM MIGRAD    STATUS=INITIATE       12 CALLS         223 TOTAL
                     EDM= unknown      STRATEGY= 1      NO ERROR MATRIX       
  EXT PARAMETER               CURRENT GUESS       STEP         FIRST   
  NO.   NAME      VALUE            ERROR          SIZE      DERIVATIVE 
   1  N0           3.17760e+06   4.69355e+02   4.69355e+02   4.14568e-03
   2  tau          6.44362e+01   constant   
   3  A0           3.64807e-01   1.86959e-04   1.86959e-04  -1.12014e+04
   4  phi          4.12211e+00   5.40237e-04   5.40237e-04   1.29808e+04
   5  R           -6.08502e+01   constant   
   6  alpha_CBO   -1.27977e-03   2.06586e-04   2.06586e-04   3.85979e+03
   7  w_CBO        2.32500e+00   constant   
   8  beta_CBO     3.78747e-03   2.06872e-04   1.01128e-06  -2.03597e-02
   9  alpha_2CBO  -2.71634e-04   2.03274e-04   9.93695e-07  -1.57988e-03
  10  beta_2CBO    4.13599e-04     fixed    
  11  alpha_y      0.00000e+00     fixed    
  12  w_y          1.44500e+01   constant   
  13  beta_y       1.82872e-04     fixed    
  14  alpha_vw     0.00000e+00     fixed    
  15  w_vw         1.29000e+01   constant   
  16  beta_vw      0.00000e+00     fixed    
  17  LM           1.15487e-03   constant   
  18  zeta_y       0.00000e+00   constant   
  19  zeta_vw      0.00000e+00   constant   
 MIGRAD MINIMIZATION HAS CONVERGED.
 MIGRAD WILL VERIFY CONVERGENCE AND ERROR MATRIX.
 COVARIANCE MATRIX CALCULATED SUCCESSFULLY
 FCN=86.1441 FROM MIGRAD    STATUS=CONVERGED     108 CALLS         319 TOTAL
                     EDM=1.69681e-06    STRATEGY= 1      ERROR MATRIX ACCURATE 
  EXT PARAMETER                                   STEP         FIRST   
  NO.   NAME      VALUE            ERROR          SIZE      DERIVATIVE 
   1  N0           3.17740e+06   4.69595e+02   2.07971e+00   2.69885e-06
   2  tau          6.44362e+01   constant   
   3  A0           3.64946e-01   1.86858e-04   8.17598e-07   1.79964e+00
   4  phi          4.12026e+00   5.49740e-04   2.42504e-06  -3.58891e-01
   5  R           -6.08502e+01   constant   
   6  alpha_CBO   -1.31645e-03   2.06586e-04   9.15759e-07  -1.28183e+00
   7  w_CBO        2.32500e+00   constant   
   8  beta_CBO     3.94241e-03   2.11228e-04   9.42117e-07  -4.34560e+00
   9  alpha_2CBO  -2.28777e-04   2.03863e-04   9.25751e-07   3.86038e+00
  10  beta_2CBO    4.13599e-04     fixed    
  11  alpha_y      0.00000e+00     fixed    
  12  w_y          1.44500e+01   constant   
  13  beta_y       1.82872e-04     fixed    
  14  alpha_vw     0.00000e+00     fixed    
  15  w_vw         1.29000e+01   constant   
  16  beta_vw      0.00000e+00     fixed    
  17  LM           1.15487e-03   constant   
  18  zeta_y       0.00000e+00   constant   
  19  zeta_vw      0.00000e+00   constant   
 EXTERNAL ERROR MATRIX.    NDIM=  25    NPAR=  6    ERR DEF=1
  2.205e+05  1.616e-02 -2.428e-02 -4.299e-03 -2.891e-03 -3.321e-03 
  1.616e-02  3.492e-08  6.007e-09 -7.904e-09  1.603e-09  2.695e-10 
 -2.428e-02  6.007e-09  3.022e-07 -1.254e-08 -2.140e-08 -4.825e-09 
 -4.299e-03 -7.904e-09 -1.254e-08  4.268e-08 -6.017e-10 -1.600e-09 
 -2.891e-03  1.603e-09 -2.140e-08 -6.017e-10  4.462e-08  2.402e-09 
 -3.321e-03  2.695e-10 -4.825e-09 -1.600e-09  2.402e-09  4.156e-08 
 PARAMETER  CORRELATION COEFFICIENTS  
       NO.  GLOBAL      1      3      4      6      8      9
        1  0.22381   1.000  0.184 -0.094 -0.044 -0.029 -0.035
        3  0.28024   0.184  1.000  0.058 -0.205  0.041  0.007
        4  0.25183  -0.094  0.058  1.000 -0.110 -0.184 -0.043
        6  0.23288  -0.044 -0.205 -0.110  1.000 -0.014 -0.038
        8  0.20620  -0.029  0.041 -0.184 -0.014  1.000  0.056
        9  0.08658  -0.035  0.007 -0.043 -0.038  0.056  1.000
MINUIT - FIT ONLY 1-y
 **********
 **   51 **RES 
 **********
                   PARAMETER   16  beta_vw RESTORED TO VARIABLE.
                   PARAMETER   14  alpha_vw RESTORED TO VARIABLE.
                   PARAMETER   13  beta_y RESTORED TO VARIABLE.
                   PARAMETER   11  alpha_y RESTORED TO VARIABLE.
                   PARAMETER   10  beta_2CBO RESTORED TO VARIABLE.
 **********
 **   52 **FIX            0
 **********
 PARAMETER    0  IS UNDEFINED. IGNORED.
 **********
 **   53 **FIX            1
 **********
 **********
 **   54 **FIX            2
 **********
 PARAMETER    2  IS CONSTANT.   IGNORED.
 **********
 **   55 **FIX            3
 **********
 **********
 **   56 **FIX            4
 **********
 **********
 **   57 **FIX            5
 **********
 PARAMETER    5  IS CONSTANT.   IGNORED.
 **********
 **   58 **FIX            6
 **********
 **********
 **   59 **FIX            7
 **********
 PARAMETER    7  IS CONSTANT.   IGNORED.
 **********
 **   60 **FIX            8
 **********
 **********
 **   61 **FIX            9
 **********
 **********
 **   62 **FIX           13
 **********
 **********
 **   63 **FIX           14
 **********
 **********
 **   64 **FIX           15
 **********
 PARAMETER   15  IS CONSTANT.   IGNORED.
 **********
 **   65 **FIX           16
 **********
 **********
 **   66 **MIGRAD
 **********
 START MIGRAD MINIMIZATION.  STRATEGY  1.  CONVERGENCE WHEN EDM .LT. 1.00e-04
 FCN=86.1441 FROM MIGRAD    STATUS=INITIATE        6 CALLS         325 TOTAL
                     EDM= unknown      STRATEGY= 1      NO ERROR MATRIX       
  EXT PARAMETER               CURRENT GUESS       STEP         FIRST   
  NO.   NAME      VALUE            ERROR          SIZE      DERIVATIVE 
   1  N0           3.17740e+06     fixed    
   2  tau          6.44362e+01   constant   
   3  A0           3.64946e-01     fixed    
   4  phi          4.12026e+00     fixed    
   5  R           -6.08502e+01   constant   
   6  alpha_CBO   -1.31645e-03     fixed    
   7  w_CBO        2.32500e+00   constant   
   8  beta_CBO     3.94241e-03     fixed    
   9  alpha_2CBO  -2.28777e-04     fixed    
  10  beta_2CBO    4.13599e-04   2.04790e-04   2.04790e-04  -2.46627e+03
  11  alpha_y      0.00000e+00   1.00000e-03   1.00000e-03   5.98090e+03
  12  w_y          1.44500e+01   constant   
  13  beta_y       1.82872e-04     fixed    
  14  alpha_vw     0.00000e+00     fixed    
  15  w_vw         1.29000e+01   constant   
  16  beta_vw      0.00000e+00     fixed    
  17  LM           1.15487e-03   constant   
  18  zeta_y       0.00000e+00   constant   
  19  zeta_vw      0.00000e+00   constant   
 MIGRAD MINIMIZATION HAS CONVERGED.
 MIGRAD WILL VERIFY CONVERGENCE AND ERROR MATRIX.
 COVARIANCE MATRIX CALCULATED SUCCESSFULLY
 FCN=85.717 FROM MIGRAD    STATUS=CONVERGED      26 CALLS         345 TOTAL
                     EDM=1.68635e-09    STRATEGY= 1      ERROR MATRIX ACCURATE 
  EXT PARAMETER                                   STEP         FIRST   
  NO.   NAME      VALUE            ERROR          SIZE      DERIVATIVE 
   1  N0           3.17740e+06     fixed    
   2  tau          6.44362e+01   constant   
   3  A0           3.64946e-01     fixed    
   4  phi          4.12026e+00     fixed    
   5  R           -6.08502e+01   constant   
   6  alpha_CBO   -1.31645e-03     fixed    
   7  w_CBO        2.32500e+00   constant   
   8  beta_CBO     3.94241e-03     fixed    
   9  alpha_2CBO  -2.28777e-04     fixed    
  10  beta_2CBO    4.63960e-04   2.04389e-04   9.29308e-07   2.61413e-01
  11  alpha_y     -1.22064e-04   2.02432e-04   9.20410e-07   1.09980e-01
  12  w_y          1.44500e+01   constant   
  13  beta_y       1.82872e-04     fixed    
  14  alpha_vw     0.00000e+00     fixed    
  15  w_vw         1.29000e+01   constant   
  16  beta_vw      0.00000e+00     fixed    
  17  LM           1.15487e-03   constant   
  18  zeta_y       0.00000e+00   constant   
  19  zeta_vw      0.00000e+00   constant   
 EXTERNAL ERROR MATRIX.    NDIM=  25    NPAR=  2    ERR DEF=1
  4.177e-08  3.875e-10 
  3.875e-10  4.098e-08 
 PARAMETER  CORRELATION COEFFICIENTS  
       NO.  GLOBAL     10     11
       10  0.00937   1.000  0.009
       11  0.00937   0.009  1.000
MINUIT - FIT ONLY 2-y
 **********
 **   67 **RES 
 **********
                   PARAMETER   16  beta_vw RESTORED TO VARIABLE.
                   PARAMETER   14  alpha_vw RESTORED TO VARIABLE.
                   PARAMETER   13  beta_y RESTORED TO VARIABLE.
                   PARAMETER    9  alpha_2CBO RESTORED TO VARIABLE.
                   PARAMETER    8  beta_CBO RESTORED TO VARIABLE.
                   PARAMETER    6  alpha_CBO RESTORED TO VARIABLE.
                   PARAMETER    4  phi RESTORED TO VARIABLE.
                   PARAMETER    3  A0 RESTORED TO VARIABLE.
                   PARAMETER    1  N0 RESTORED TO VARIABLE.
 **********
 **   68 **FIX            0
 **********
 PARAMETER    0  IS UNDEFINED. IGNORED.
 **********
 **   69 **FIX            1
 **********
 **********
 **   70 **FIX            2
 **********
 PARAMETER    2  IS CONSTANT.   IGNORED.
 **********
 **   71 **FIX            3
 **********
 **********
 **   72 **FIX            4
 **********
 **********
 **   73 **FIX            5
 **********
 PARAMETER    5  IS CONSTANT.   IGNORED.
 **********
 **   74 **FIX            6
 **********
 **********
 **   75 **FIX            7
 **********
 PARAMETER    7  IS CONSTANT.   IGNORED.
 **********
 **   76 **FIX            8
 **********
 **********
 **   77 **FIX            9
 **********
 **********
 **   78 **FIX           10
 **********
 **********
 **   79 **FIX           11
 **********
 **********
 **   80 **FIX           12
 **********
 PARAMETER   12  IS CONSTANT.   IGNORED.
 **********
 **   81 **FIX           16
 **********
 **********
 **   82 **MIGRAD
 **********
 START MIGRAD MINIMIZATION.  STRATEGY  1.  CONVERGENCE WHEN EDM .LT. 1.00e-04
 FCN=85.717 FROM MIGRAD    STATUS=INITIATE        6 CALLS         351 TOTAL
                     EDM= unknown      STRATEGY= 1      NO ERROR MATRIX       
  EXT PARAMETER               CURRENT GUESS       STEP         FIRST   
  NO.   NAME      VALUE            ERROR          SIZE      DERIVATIVE 
   1  N0           3.17740e+06     fixed    
   2  tau          6.44362e+01   constant   
   3  A0           3.64946e-01     fixed    
   4  phi          4.12026e+00     fixed    
   5  R           -6.08502e+01   constant   
   6  alpha_CBO   -1.31645e-03     fixed    
   7  w_CBO        2.32500e+00   constant   
   8  beta_CBO     3.94241e-03     fixed    
   9  alpha_2CBO  -2.28777e-04     fixed    
  10  beta_2CBO    4.63960e-04     fixed    
  11  alpha_y     -1.22064e-04     fixed    
  12  w_y          1.44500e+01   constant   
  13  beta_y       1.82872e-04   2.05113e-04   2.05113e-04  -3.96526e+03
  14  alpha_vw     0.00000e+00   1.00000e-03   1.00000e-03   1.75793e+04
  15  w_vw         1.29000e+01   constant   
  16  beta_vw      0.00000e+00     fixed    
  17  LM           1.15487e-03   constant   
  18  zeta_y       0.00000e+00   constant   
  19  zeta_vw      0.00000e+00   constant   
 MIGRAD MINIMIZATION HAS CONVERGED.
 MIGRAD WILL VERIFY CONVERGENCE AND ERROR MATRIX.
 COVARIANCE MATRIX CALCULATED SUCCESSFULLY
 FCN=82.4719 FROM MIGRAD    STATUS=CONVERGED      31 CALLS         376 TOTAL
                     EDM=3.08396e-09    STRATEGY= 1      ERROR MATRIX ACCURATE 
  EXT PARAMETER                                   STEP         FIRST   
  NO.   NAME      VALUE            ERROR          SIZE      DERIVATIVE 
   1  N0           3.17740e+06     fixed    
   2  tau          6.44362e+01   constant   
   3  A0           3.64946e-01     fixed    
   4  phi          4.12026e+00     fixed    
   5  R           -6.08502e+01   constant   
   6  alpha_CBO   -1.31645e-03     fixed    
   7  w_CBO        2.32500e+00   constant   
   8  beta_CBO     3.94241e-03     fixed    
   9  alpha_2CBO  -2.28777e-04     fixed    
  10  beta_2CBO    4.63960e-04     fixed    
  11  alpha_y     -1.22064e-04     fixed    
  12  w_y          1.44500e+01   constant   
  13  beta_y       2.32573e-04   2.05912e-04   9.14601e-07   5.95312e-02
  14  alpha_vw    -3.57968e-04   2.03982e-04   9.06031e-07   3.74744e-01
  15  w_vw         1.29000e+01   constant   
  16  beta_vw      0.00000e+00     fixed    
  17  LM           1.15487e-03   constant   
  18  zeta_y       0.00000e+00   constant   
  19  zeta_vw      0.00000e+00   constant   
 EXTERNAL ERROR MATRIX.    NDIM=  25    NPAR=  2    ERR DEF=1
  4.240e-08  3.910e-09 
  3.910e-09  4.161e-08 
 PARAMETER  CORRELATION COEFFICIENTS  
       NO.  GLOBAL     13     14
       13  0.09308   1.000  0.093
       14  0.09308   0.093  1.000
MINUIT - FIT ALTOGETHER
 **********
 **   83 **RES 
 **********
                   PARAMETER   16  beta_vw RESTORED TO VARIABLE.
                   PARAMETER   11  alpha_y RESTORED TO VARIABLE.
                   PARAMETER   10  beta_2CBO RESTORED TO VARIABLE.
                   PARAMETER    9  alpha_2CBO RESTORED TO VARIABLE.
                   PARAMETER    8  beta_CBO RESTORED TO VARIABLE.
                   PARAMETER    6  alpha_CBO RESTORED TO VARIABLE.
                   PARAMETER    4  phi RESTORED TO VARIABLE.
                   PARAMETER    3  A0 RESTORED TO VARIABLE.
                   PARAMETER    1  N0 RESTORED TO VARIABLE.
 **********
 **   84 **MIGRAD
 **********
 START MIGRAD MINIMIZATION.  STRATEGY  1.  CONVERGENCE WHEN EDM .LT. 1.00e-04
 FCN=82.4719 FROM MIGRAD    STATUS=INITIATE       24 CALLS         400 TOTAL
                     EDM= unknown      STRATEGY= 1      NO ERROR MATRIX       
  EXT PARAMETER               CURRENT GUESS       STEP         FIRST   
  NO.   NAME      VALUE            ERROR          SIZE      DERIVATIVE 
   1  N0           3.17740e+06   4.69595e+02   4.69595e+02   1.45751e-04
   2  tau          6.44362e+01   constant   
   3  A0           3.64946e-01   1.86858e-04   1.86858e-04  -2.41832e+01
   4  phi          4.12026e+00   5.49740e-04   5.49740e-04   8.80368e+01
   5  R           -6.08502e+01   constant   
   6  alpha_CBO   -1.31645e-03   2.06586e-04   2.06586e-04   3.85771e+02
   7  w_CBO        2.32500e+00   constant   
   8  beta_CBO     3.94241e-03   2.11228e-04   2.11228e-04  -2.42278e+02
   9  alpha_2CBO  -2.28777e-04   2.03863e-04   2.03863e-04   7.60883e+01
  10  beta_2CBO    4.63960e-04   2.04389e-04   2.04389e-04  -4.41617e+02
  11  alpha_y     -1.22064e-04   2.02432e-04   2.02432e-04   8.18330e+02
  12  w_y          1.44500e+01   constant   
  13  beta_y       2.32573e-04   2.05912e-04   9.14601e-07   5.95322e-02
  14  alpha_vw    -3.57968e-04   2.03982e-04   9.06031e-07   3.74756e-01
  15  w_vw         1.29000e+01   constant   
  16  beta_vw      0.00000e+00   1.00000e-03   1.00000e-03   1.34419e+03
  17  LM           1.15487e-03   constant   
  18  zeta_y       0.00000e+00   constant   
  19  zeta_vw      0.00000e+00   constant   
 MIGRAD MINIMIZATION HAS CONVERGED.
 MIGRAD WILL VERIFY CONVERGENCE AND ERROR MATRIX.
 COVARIANCE MATRIX CALCULATED SUCCESSFULLY
 FCN=82.4416 FROM MIGRAD    STATUS=CONVERGED     170 CALLS         546 TOTAL
                     EDM=7.87814e-06    STRATEGY= 1      ERROR MATRIX ACCURATE 
  EXT PARAMETER                                   STEP         FIRST   
  NO.   NAME      VALUE            ERROR          SIZE      DERIVATIVE 
   1  N0           3.17739e+06   4.69858e+02   2.03504e+00   1.54896e-06
   2  tau          6.44362e+01   constant   
   3  A0           3.64947e-01   1.87087e-04   8.00042e-07  -9.79066e+00
   4  phi          4.12025e+00   5.49905e-04   2.37295e-06   4.64070e+00
   5  R           -6.08502e+01   constant   
   6  alpha_CBO   -1.32429e-03   2.06799e-04   8.96095e-07   8.03909e+00
   7  w_CBO        2.32500e+00   constant   
   8  beta_CBO     3.94891e-03   2.11322e-04   9.21888e-07  -1.49140e-01
   9  alpha_2CBO  -2.29739e-04   2.03964e-04   9.05875e-07  -3.74733e+00
  10  beta_2CBO    4.73898e-04   2.04939e-04   9.11586e-07  -2.40622e+00
  11  alpha_y     -1.36683e-04   2.03324e-04   9.02865e-07  -4.23615e+00
  12  w_y          1.44500e+01   constant   
  13  beta_y       2.32285e-04   2.06152e-04   9.14439e-07   5.86681e+00
  14  alpha_vw    -3.59498e-04   2.04331e-04   9.05871e-07   7.41788e-01
  15  w_vw         1.29000e+01   constant   
  16  beta_vw     -2.71989e-05   2.05243e-04   9.11347e-07  -3.35037e+00
  17  LM           1.15487e-03   constant   
  18  zeta_y       0.00000e+00   constant   
  19  zeta_vw      0.00000e+00   constant   
 EXTERNAL ERROR MATRIX.    NDIM=  25    NPAR= 11    ERR DEF=1
  2.208e+05 
  1.605e-02  3.500e-08 
 -2.425e-02  6.071e-09  3.024e-07 
 -4.156e-03 -7.967e-09 -1.252e-08  4.277e-08 
 -2.981e-03  1.640e-09 -2.142e-08 -6.460e-10  4.466e-08 
 -3.365e-03  3.196e-10 -4.760e-09 -1.619e-09  2.421e-09  4.160e-08 
 -2.636e-03  1.664e-09  6.311e-10 -1.723e-09  6.935e-10  7.229e-10  4.200e-08 
  2.645e-06 -4.684e-10 -1.100e-09 -1.006e-10 -1.242e-10 -4.071e-10  3.555e-10  4.134e-08 
 -1.574e-03  3.372e-10 -1.045e-09 -5.753e-10  9.008e-10  5.947e-11  4.563e-10 -2.478e-10  4.250e-08 
  9.791e-04  3.052e-10  1.475e-09  5.677e-10 -4.435e-10  2.511e-10 -9.700e-10  1.827e-09  3.882e-09  4.175e-08 
 -1.533e-04  6.501e-10  1.543e-09  2.623e-10  3.827e-10  9.940e-10 -4.502e-10 -3.330e-09  1.468e-09  4.200e-10  4.212e-08 
 PARAMETER  CORRELATION COEFFICIENTS  
       NO.  GLOBAL      1      3      4      6      8      9     10     11     13     14     16
        1  0.22619   1.000  0.183 -0.094 -0.043 -0.030 -0.035 -0.027  0.000 -0.016  0.010 -0.002
        3  0.28423   0.183  1.000  0.059 -0.206  0.041  0.008  0.043 -0.012  0.009  0.008  0.017
        4  0.25296  -0.094  0.059  1.000 -0.110 -0.184 -0.042  0.006 -0.010 -0.009  0.013  0.014
        6  0.23703  -0.043 -0.206 -0.110  1.000 -0.015 -0.038 -0.041 -0.002 -0.013  0.013  0.006
        8  0.20826  -0.030  0.041 -0.184 -0.015  1.000  0.056  0.016 -0.003  0.021 -0.010  0.009
        9  0.09204  -0.035  0.008 -0.042 -0.038  0.056  1.000  0.017 -0.010  0.001  0.006  0.024
       10  0.07385  -0.027  0.043  0.006 -0.041  0.016  0.017  1.000  0.009  0.011 -0.023 -0.011
       11  0.09399   0.000 -0.012 -0.010 -0.002 -0.003 -0.010  0.009  1.000 -0.006  0.044 -0.080
       13  0.10472  -0.016  0.009 -0.009 -0.013  0.021  0.001  0.011 -0.006  1.000  0.092  0.035
       14  0.10969   0.010  0.008  0.013  0.013 -0.010  0.006 -0.023  0.044  0.092  1.000  0.010
       16  0.09447  -0.002  0.017  0.014  0.006  0.009  0.024 -0.011 -0.080  0.035  0.010  1.000
MINUIT - MINOS
 **********
 **   85 **RES 
 **********
 CALL TO MNFREE IGNORED.  THERE ARE NO FIXED PARAMETERS
 **********
 **   86 **MIG      2.5e+04        0.01
 **********
 START MIGRAD MINIMIZATION.  STRATEGY  1.  CONVERGENCE WHEN EDM .LT. 1.00e-05
 FCN=82.4416 FROM MIGRAD    STATUS=INITIATE       22 CALLS         568 TOTAL
                     EDM=3.93907e-06    STRATEGY= 1      ERROR MATRIX ACCURATE 
  EXT PARAMETER                                   STEP         FIRST   
  NO.   NAME      VALUE            ERROR          SIZE      DERIVATIVE 
   1  N0           3.17739e+06   4.69858e+02   2.03504e+00   1.54896e-06
   2  tau          6.44362e+01   constant   
   3  A0           3.64947e-01   1.87087e-04   8.00042e-07  -9.79066e+00
   4  phi          4.12025e+00   5.49905e-04   2.37295e-06   4.64070e+00
   5  R           -6.08502e+01   constant   
   6  alpha_CBO   -1.32429e-03   2.06799e-04   8.96095e-07   8.03910e+00
   7  w_CBO        2.32500e+00   constant   
   8  beta_CBO     3.94891e-03   2.11322e-04   9.21888e-07  -1.49151e-01
   9  alpha_2CBO  -2.29739e-04   2.03964e-04   9.05875e-07  -3.74732e+00
  10  beta_2CBO    4.73898e-04   2.04939e-04   9.11586e-07  -2.40622e+00
  11  alpha_y     -1.36683e-04   2.03324e-04   9.02865e-07  -4.23615e+00
  12  w_y          1.44500e+01   constant   
  13  beta_y       2.32285e-04   2.06152e-04   9.14439e-07   5.86680e+00
  14  alpha_vw    -3.59498e-04   2.04331e-04   9.05871e-07   7.41790e-01
  15  w_vw         1.29000e+01   constant   
  16  beta_vw     -2.71989e-05   2.05243e-04   9.11347e-07  -3.35037e+00
  17  LM           1.15487e-03   constant   
  18  zeta_y       0.00000e+00   constant   
  19  zeta_vw      0.00000e+00   constant   
 MIGRAD MINIMIZATION HAS CONVERGED.
 FCN=82.4416 FROM MIGRAD    STATUS=CONVERGED      45 CALLS         591 TOTAL
                     EDM=8.34682e-18    STRATEGY= 1  ERROR MATRIX UNCERTAINTY   0.0 per cent
  EXT PARAMETER                                   STEP         FIRST   
  NO.   NAME      VALUE            ERROR          SIZE      DERIVATIVE 
   1  N0           3.17739e+06   4.69859e+02  -2.51187e-02   3.86165e-12
   2  tau          6.44362e+01   constant   
   3  A0           3.64947e-01   1.87087e-04   1.78566e-07   1.71587e-05
   4  phi          4.12025e+00   5.49905e-04  -6.09824e-07  -6.56659e-06
   5  R           -6.08502e+01   constant   
   6  alpha_CBO   -1.32447e-03   2.06799e-04  -1.82084e-07  -1.28455e-06
   7  w_CBO        2.32500e+00   constant   
   8  beta_CBO     3.94898e-03   2.11322e-04   6.92272e-08   3.89998e-06
   9  alpha_2CBO  -2.29638e-04   2.03964e-04   1.01258e-07   2.90218e-06
  10  beta_2CBO    4.73964e-04   2.04939e-04   6.66055e-08   2.26822e-06
  11  alpha_y     -1.36601e-04   2.03324e-04   8.23520e-08   3.36043e-06
  12  w_y          1.44500e+01   constant   
  13  beta_y       2.32169e-04   2.06152e-04  -1.15837e-07   2.20675e-06
  14  alpha_vw    -3.59526e-04   2.04331e-04  -2.79979e-08   1.62366e-06
  15  w_vw         1.29000e+01   constant   
  16  beta_vw     -2.71399e-05   2.05243e-04   5.90691e-08   4.64679e-06
  17  LM           1.15487e-03   constant   
  18  zeta_y       0.00000e+00   constant   
  19  zeta_vw      0.00000e+00   constant   
 EXTERNAL ERROR MATRIX.    NDIM=  25    NPAR= 11    ERR DEF=1
  2.208e+05 
  1.605e-02  3.500e-08 
 -2.425e-02  6.071e-09  3.024e-07 
 -4.156e-03 -7.967e-09 -1.252e-08  4.277e-08 
 -2.981e-03  1.640e-09 -2.142e-08 -6.460e-10  4.466e-08 
 -3.365e-03  3.196e-10 -4.760e-09 -1.619e-09  2.421e-09  4.160e-08 
 -2.636e-03  1.664e-09  6.311e-10 -1.723e-09  6.935e-10  7.229e-10  4.200e-08 
  2.632e-06 -4.684e-10 -1.100e-09 -1.006e-10 -1.242e-10 -4.071e-10  3.555e-10  4.134e-08 
 -1.574e-03  3.372e-10 -1.045e-09 -5.753e-10  9.008e-10  5.946e-11  4.563e-10 -2.478e-10  4.250e-08 
  9.791e-04  3.052e-10  1.475e-09  5.677e-10 -4.435e-10  2.511e-10 -9.700e-10  1.827e-09  3.882e-09  4.175e-08 
 -1.533e-04  6.501e-10  1.543e-09  2.623e-10  3.827e-10  9.940e-10 -4.502e-10 -3.330e-09  1.468e-09  4.200e-10  4.212e-08 
 PARAMETER  CORRELATION COEFFICIENTS  
       NO.  GLOBAL      1      3      4      6      8      9     10     11     13     14     16
        1  0.22619   1.000  0.183 -0.094 -0.043 -0.030 -0.035 -0.027  0.000 -0.016  0.010 -0.002
        3  0.28423   0.183  1.000  0.059 -0.206  0.041  0.008  0.043 -0.012  0.009  0.008  0.017
        4  0.25296  -0.094  0.059  1.000 -0.110 -0.184 -0.042  0.006 -0.010 -0.009  0.013  0.014
        6  0.23703  -0.043 -0.206 -0.110  1.000 -0.015 -0.038 -0.041 -0.002 -0.013  0.013  0.006
        8  0.20826  -0.030  0.041 -0.184 -0.015  1.000  0.056  0.016 -0.003  0.021 -0.010  0.009
        9  0.09204  -0.035  0.008 -0.042 -0.038  0.056  1.000  0.017 -0.010  0.001  0.006  0.024
       10  0.07385  -0.027  0.043  0.006 -0.041  0.016  0.017  1.000  0.009  0.011 -0.023 -0.011
       11  0.09399   0.000 -0.012 -0.010 -0.002 -0.003 -0.010  0.009  1.000 -0.006  0.044 -0.080
       13  0.10472  -0.016  0.009 -0.009 -0.013  0.021  0.001  0.011 -0.006  1.000  0.092  0.035
       14  0.10969   0.010  0.008  0.013  0.013 -0.010  0.006 -0.023  0.044  0.092  1.000  0.010
       16  0.09447  -0.002  0.017  0.014  0.006  0.009  0.024 -0.011 -0.080  0.035  0.010  1.000
 **********
 **   87 **MINO      2.5e+04
 **********
 FCN=82.4416 FROM MINOS     STATUS=SUCCESSFUL    924 CALLS        1515 TOTAL
                     EDM=8.34682e-18    STRATEGY= 1  ERROR MATRIX UNCERTAINTY   0.0 per cent
  EXT PARAMETER                  PARABOLIC         MINOS ERRORS        
  NO.   NAME      VALUE            ERROR      NEGATIVE      POSITIVE   
   1  N0           3.17739e+06   4.69859e+02  -4.69858e+02   4.69858e+02
   2  tau          6.44362e+01   constant   
   3  A0           3.64947e-01   1.87087e-04  -1.87092e-04   1.87081e-04
   4  phi          4.12025e+00   5.49905e-04  -5.49914e-04   5.49895e-04
   5  R           -6.08502e+01   constant   
   6  alpha_CBO   -1.32447e-03   2.06799e-04  -2.06798e-04   2.06800e-04
   7  w_CBO        2.32500e+00   constant   
   8  beta_CBO     3.94898e-03   2.11322e-04  -2.11321e-04   2.11324e-04
   9  alpha_2CBO  -2.29638e-04   2.03964e-04  -2.03963e-04   2.03966e-04
  10  beta_2CBO    4.73964e-04   2.04939e-04  -2.04938e-04   2.04940e-04
  11  alpha_y     -1.36601e-04   2.03324e-04  -2.03324e-04   2.03324e-04
  12  w_y          1.44500e+01   constant   
  13  beta_y       2.32169e-04   2.06152e-04  -2.06152e-04   2.06153e-04
  14  alpha_vw    -3.59526e-04   2.04331e-04  -2.04331e-04   2.04330e-04
  15  w_vw         1.29000e+01   constant   
  16  beta_vw     -2.71399e-05   2.05243e-04  -2.05243e-04   2.05244e-04
  17  LM           1.15487e-03   constant   
  18  zeta_y       0.00000e+00   constant   
  19  zeta_vw      0.00000e+00   constant   
 **********
 **   88 **SHO COR 
 **********
 PARAMETER  CORRELATION COEFFICIENTS  
       NO.  GLOBAL      1      3      4      6      8      9     10     11     13     14     16
        1  0.22619   1.000  0.183 -0.094 -0.043 -0.030 -0.035 -0.027  0.000 -0.016  0.010 -0.002
        3  0.28423   0.183  1.000  0.059 -0.206  0.041  0.008  0.043 -0.012  0.009  0.008  0.017
        4  0.25296  -0.094  0.059  1.000 -0.110 -0.184 -0.042  0.006 -0.010 -0.009  0.013  0.014
        6  0.23703  -0.043 -0.206 -0.110  1.000 -0.015 -0.038 -0.041 -0.002 -0.013  0.013  0.006
        8  0.20826  -0.030  0.041 -0.184 -0.015  1.000  0.056  0.016 -0.003  0.021 -0.010  0.009
        9  0.09204  -0.035  0.008 -0.042 -0.038  0.056  1.000  0.017 -0.010  0.001  0.006  0.024
       10  0.07385  -0.027  0.043  0.006 -0.041  0.016  0.017  1.000  0.009  0.011 -0.023 -0.011
       11  0.09399   0.000 -0.012 -0.010 -0.002 -0.003 -0.010  0.009  1.000 -0.006  0.044 -0.080
       13  0.10472  -0.016  0.009 -0.009 -0.013  0.021  0.001  0.011 -0.006  1.000  0.092  0.035
       14  0.10969   0.010  0.008  0.013  0.013 -0.010  0.006 -0.023  0.044  0.092  1.000  0.010
       16  0.09447  -0.002  0.017  0.014  0.006  0.009  0.024 -0.011 -0.080  0.035  0.010  1.000
