 + ++++++++++++++++++++++++++++++++++++++++++++++++++++++++++++++++++++ +
 +                                                                      +
 +           You have chose to blind your fitting according to          +
 +                omega_ref * (1 + (R +/- deltaR) *10^{-6})             +
 +                                                                      +
 + ++++++++++++++++++++++++++++++++++++++++++++++++++++++++++++++++++++ +
In main()...
reading format from /gm2data/zkhechad/run45/envelope/formats/formatB_sBin_constraintOn.txt
pBinTau 	= 0  
pBinPhi 	= 0  
constraintau 	= 1 
includeMopTerm 	= 0    
constrainMop    = 0   
Parameters after format file: pBinTau 0 pBinPhi 0 constraintau 1 includeMopTerm 0 constrainMop 0 c_e_scale 0.000000 
Opening file /gm2data/tbarrett/gm2fr/studies/run23_bunch_corrections/CorrectedFourier_Run3b.root.
reading full fit data from /gm2data/zkhechad/cboTemplates/Run4CBOTemplates/templateFits0_v2.0/noRF/sBin_constraintOn_cE0.0_seed0_noRF_calo7.root
windowBins = 17
fitting sliding window 144 from bin 280 at 41.626800 to bin 297 at 44.312400 (17 bins)

Reading data from /gm2data/cornell/histograms/aMethod/histogram_a_noRF.root
 **********
 **    1 **SET PRINTOUT            1
 **********
 **********
 **    2 **SET NOWARNINGS 
 **********
 PARAMETER DEFINITIONS:
    NO.   NAME         VALUE      STEP SIZE      LIMITS
     1 N0           3.03263e+06  1.00000e+02     no limits
     2 tau          6.43884e+01  constant
     3 A0           3.50182e-01  1.00000e-04     no limits
     4 phi          4.11722e+00  1.00000e-02     no limits
     5 R           -6.17521e+01  constant
     6 alpha_CBO    0.00000e+00  1.00000e-03     no limits
     7 w_CBO        2.32500e+00  constant
     8 beta_CBO     0.00000e+00  1.00000e-03     no limits
     9 alpha_2CBO   0.00000e+00  1.00000e-03     no limits
    10 beta_2CBO    0.00000e+00  1.00000e-03     no limits
    11 alpha_y      0.00000e+00  1.00000e-03     no limits
    12 w_y          1.44500e+01  constant
    13 beta_y       0.00000e+00  1.00000e-03     no limits
    14 alpha_vw     0.00000e+00  1.00000e-03     no limits
    15 w_vw         1.29000e+01  constant
    16 beta_vw      0.00000e+00  1.00000e-03     no limits
    17 LM          -7.01586e-04  constant
    18 zeta_y       0.00000e+00  constant
    19 zeta_vw      0.00000e+00  constant
MINUIT - FIT ONLY WIGGLE
 **********
 **    3 **FIX            5
 **********
 PARAMETER    5  IS CONSTANT.   IGNORED.
 **********
 **    4 **FIX            6
 **********
 **********
 **    5 **FIX            7
 **********
 PARAMETER    7  IS CONSTANT.   IGNORED.
 **********
 **    6 **FIX            8
 **********
 **********
 **    7 **FIX            9
 **********
 **********
 **    8 **FIX           10
 **********
 **********
 **    9 **FIX           11
 **********
 **********
 **   10 **FIX           12
 **********
 PARAMETER   12  IS CONSTANT.   IGNORED.
 **********
 **   11 **FIX           13
 **********
 **********
 **   12 **FIX           14
 **********
 **********
 **   13 **FIX           15
 **********
 PARAMETER   15  IS CONSTANT.   IGNORED.
 **********
 **   14 **FIX           16
 **********
 **********
 **   15 **MIGRAD
 **********
 FIRST CALL TO USER FUNCTION AT NEW START POINT, WITH IFLAG=4.
 START MIGRAD MINIMIZATION.  STRATEGY  1.  CONVERGENCE WHEN EDM .LT. 1.00e-04
 FCN=3740.05 FROM MIGRAD    STATUS=INITIATE       12 CALLS          13 TOTAL
                     EDM= unknown      STRATEGY= 1      NO ERROR MATRIX       
  EXT PARAMETER               CURRENT GUESS       STEP         FIRST   
  NO.   NAME      VALUE            ERROR          SIZE      DERIVATIVE 
   1  N0           3.03263e+06   1.00000e+02   1.00000e+02  -8.14566e-02
   2  tau          6.43884e+01   constant   
   3  A0           3.50182e-01   1.00000e-04   1.00000e-04  -2.82764e+05
   4  phi          4.11722e+00   1.00000e-02   1.00000e-02  -1.04490e+05
   5  R           -6.17521e+01   constant   
   6  alpha_CBO    0.00000e+00     fixed    
   7  w_CBO        2.32500e+00   constant   
   8  beta_CBO     0.00000e+00     fixed    
   9  alpha_2CBO   0.00000e+00     fixed    
  10  beta_2CBO    0.00000e+00     fixed    
  11  alpha_y      0.00000e+00     fixed    
  12  w_y          1.44500e+01   constant   
  13  beta_y       0.00000e+00     fixed    
  14  alpha_vw     0.00000e+00     fixed    
  15  w_vw         1.29000e+01   constant   
  16  beta_vw      0.00000e+00     fixed    
  17  LM          -7.01586e-04   constant   
  18  zeta_y       0.00000e+00   constant   
  19  zeta_vw      0.00000e+00   constant   
 MIGRAD MINIMIZATION HAS CONVERGED.
 MIGRAD WILL VERIFY CONVERGENCE AND ERROR MATRIX.
 COVARIANCE MATRIX CALCULATED SUCCESSFULLY
 FCN=1240.04 FROM MIGRAD    STATUS=CONVERGED      66 CALLS          67 TOTAL
                     EDM=3.69019e-08    STRATEGY= 1      ERROR MATRIX ACCURATE 
  EXT PARAMETER                                   STEP         FIRST   
  NO.   NAME      VALUE            ERROR          SIZE      DERIVATIVE 
   1  N0           3.01491e+06   5.93939e+02   5.90465e+00  -2.42546e-07
   2  tau          6.43884e+01   constant   
   3  A0           3.59823e-01   2.28105e-04   2.88026e-06   1.14492e+00
   4  phi          4.15280e+00   8.08595e-04   8.20705e-06  -4.92412e-01
   5  R           -6.17521e+01   constant   
   6  alpha_CBO    0.00000e+00     fixed    
   7  w_CBO        2.32500e+00   constant   
   8  beta_CBO     0.00000e+00     fixed    
   9  alpha_2CBO   0.00000e+00     fixed    
  10  beta_2CBO    0.00000e+00     fixed    
  11  alpha_y      0.00000e+00     fixed    
  12  w_y          1.44500e+01   constant   
  13  beta_y       0.00000e+00     fixed    
  14  alpha_vw     0.00000e+00     fixed    
  15  w_vw         1.29000e+01   constant   
  16  beta_vw      0.00000e+00     fixed    
  17  LM          -7.01586e-04   constant   
  18  zeta_y       0.00000e+00   constant   
  19  zeta_vw      0.00000e+00   constant   
 EXTERNAL ERROR MATRIX.    NDIM=  25    NPAR=  3    ERR DEF=1
  3.528e+05 -8.820e-02 -3.805e-01 
 -8.820e-02  5.203e-08  1.169e-07 
 -3.805e-01  1.169e-07  6.538e-07 
 PARAMETER  CORRELATION COEFFICIENTS  
       NO.  GLOBAL      1      3      4
        1  0.81535   1.000 -0.651 -0.792
        3  0.67908  -0.651  1.000  0.634
        4  0.80736  -0.792  0.634  1.000
MINUIT - FIT ONLY 1-CBO + wiggle
 **********
 **   16 **RES 
 **********
                   PARAMETER   16  beta_vw RESTORED TO VARIABLE.
                   PARAMETER   14  alpha_vw RESTORED TO VARIABLE.
                   PARAMETER   13  beta_y RESTORED TO VARIABLE.
                   PARAMETER   11  alpha_y RESTORED TO VARIABLE.
                   PARAMETER   10  beta_2CBO RESTORED TO VARIABLE.
                   PARAMETER    9  alpha_2CBO RESTORED TO VARIABLE.
                   PARAMETER    8  beta_CBO RESTORED TO VARIABLE.
                   PARAMETER    6  alpha_CBO RESTORED TO VARIABLE.
 **********
 **   17 **FIX            8
 **********
 **********
 **   18 **FIX            9
 **********
 **********
 **   19 **FIX           11
 **********
 **********
 **   20 **FIX           12
 **********
 PARAMETER   12  IS CONSTANT.   IGNORED.
 **********
 **   21 **FIX           14
 **********
 **********
 **   22 **FIX           15
 **********
 PARAMETER   15  IS CONSTANT.   IGNORED.
 **********
 **   23 **FIX           16
 **********
 **********
 **   24 **MIGRAD
 **********
 START MIGRAD MINIMIZATION.  STRATEGY  1.  CONVERGENCE WHEN EDM .LT. 1.00e-04
 FCN=1240.04 FROM MIGRAD    STATUS=INITIATE       18 CALLS          85 TOTAL
                     EDM= unknown      STRATEGY= 1      NO ERROR MATRIX       
  EXT PARAMETER               CURRENT GUESS       STEP         FIRST   
  NO.   NAME      VALUE            ERROR          SIZE      DERIVATIVE 
   1  N0           3.01491e+06   5.93939e+02   5.90465e+00  -2.42546e-07
   2  tau          6.43884e+01   constant   
   3  A0           3.59823e-01   2.28105e-04   2.88026e-06   1.14490e+00
   4  phi          4.15280e+00   8.08595e-04   8.20705e-06  -4.92331e-01
   5  R           -6.17521e+01   constant   
   6  alpha_CBO    0.00000e+00   1.00000e-03   1.00000e-03  -1.12306e+04
   7  w_CBO        2.32500e+00   constant   
   8  beta_CBO     0.00000e+00     fixed    
   9  alpha_2CBO   0.00000e+00     fixed    
  10  beta_2CBO    0.00000e+00   1.00000e-03   1.00000e-03   2.06870e+05
  11  alpha_y      0.00000e+00     fixed    
  12  w_y          1.44500e+01   constant   
  13  beta_y       0.00000e+00   1.00000e-03   1.00000e-03  -1.08349e+05
  14  alpha_vw     0.00000e+00     fixed    
  15  w_vw         1.29000e+01   constant   
  16  beta_vw      0.00000e+00     fixed    
  17  LM          -7.01586e-04   constant   
  18  zeta_y       0.00000e+00   constant   
  19  zeta_vw      0.00000e+00   constant   
 MIGRAD MINIMIZATION HAS CONVERGED.
 MIGRAD WILL VERIFY CONVERGENCE AND ERROR MATRIX.
 COVARIANCE MATRIX CALCULATED SUCCESSFULLY
 FCN=710.655 FROM MIGRAD    STATUS=CONVERGED     183 CALLS         250 TOTAL
                     EDM=2.7855e-09    STRATEGY= 1      ERROR MATRIX ACCURATE 
  EXT PARAMETER                                   STEP         FIRST   
  NO.   NAME      VALUE            ERROR          SIZE      DERIVATIVE 
   1  N0           2.99039e+06   1.95208e+03   4.43508e+00   5.53314e-08
   2  tau          6.43884e+01   constant   
   3  A0           3.64255e-01   4.29761e-04   2.21917e-06  -1.90584e-01
   4  phi          4.20071e+00   3.67012e-03   6.14875e-06   1.33333e-01
   5  R           -6.17521e+01   constant   
   6  alpha_CBO   -1.05703e-02   8.06129e-04   2.06039e-06   3.27610e-01
   7  w_CBO        2.32500e+00   constant   
   8  beta_CBO     0.00000e+00     fixed    
   9  alpha_2CBO   0.00000e+00     fixed    
  10  beta_2CBO   -5.03741e-03   2.36182e-04   2.16396e-06   1.27525e-01
  11  alpha_y      0.00000e+00     fixed    
  12  w_y          1.44500e+01   constant   
  13  beta_y       1.14800e-03   1.63409e-04   2.10917e-06  -5.87378e-02
  14  alpha_vw     0.00000e+00     fixed    
  15  w_vw         1.29000e+01   constant   
  16  beta_vw      0.00000e+00     fixed    
  17  LM          -7.01586e-04   constant   
  18  zeta_y       0.00000e+00   constant   
  19  zeta_vw      0.00000e+00   constant   
 EXTERNAL ERROR MATRIX.    NDIM=  25    NPAR=  6    ERR DEF=1
  3.811e+06 -7.593e-01 -7.035e+00  1.500e+00  3.064e-01  2.204e-02 
 -7.593e-01  1.847e-07  1.401e-06 -2.875e-07 -5.968e-08 -2.044e-09 
 -7.035e+00  1.401e-06  1.347e-05 -2.889e-06 -6.009e-07 -4.925e-08 
  1.500e+00 -2.875e-07 -2.889e-06  6.498e-07  1.346e-07  1.229e-08 
  3.064e-01 -5.968e-08 -6.009e-07  1.346e-07  5.578e-08  3.403e-09 
  2.204e-02 -2.044e-09 -4.925e-08  1.229e-08  3.403e-09  2.670e-08 
 PARAMETER  CORRELATION COEFFICIENTS  
       NO.  GLOBAL      1      3      4      6     10     13
        1  0.98462   1.000 -0.905 -0.982  0.953  0.665  0.069
        3  0.91807  -0.905  1.000  0.888 -0.830 -0.588 -0.029
        4  0.99169  -0.982  0.888  1.000 -0.976 -0.693 -0.082
        6  0.98056   0.953 -0.830 -0.976  1.000  0.707  0.093
       10  0.71080   0.665 -0.588 -0.693  0.707  1.000  0.088
       13  0.13459   0.069 -0.029 -0.082  0.093  0.088  1.000
MINUIT - FIT ONLY 2-CBO
 **********
 **   25 **RES 
 **********
                   PARAMETER   16  beta_vw RESTORED TO VARIABLE.
                   PARAMETER   14  alpha_vw RESTORED TO VARIABLE.
                   PARAMETER   11  alpha_y RESTORED TO VARIABLE.
                   PARAMETER    9  alpha_2CBO RESTORED TO VARIABLE.
                   PARAMETER    8  beta_CBO RESTORED TO VARIABLE.
 **********
 **   26 **FIX            0
 **********
 PARAMETER    0  IS UNDEFINED. IGNORED.
 **********
 **   27 **FIX            1
 **********
 **********
 **   28 **FIX            2
 **********
 PARAMETER    2  IS CONSTANT.   IGNORED.
 **********
 **   29 **FIX            3
 **********
 **********
 **   30 **FIX            4
 **********
 **********
 **   31 **FIX            5
 **********
 PARAMETER    5  IS CONSTANT.   IGNORED.
 **********
 **   32 **FIX            6
 **********
 **********
 **   33 **FIX            7
 **********
 PARAMETER    7  IS CONSTANT.   IGNORED.
 **********
 **   34 **FIX           10
 **********
 **********
 **   35 **FIX           11
 **********
 **********
 **   36 **FIX           12
 **********
 PARAMETER   12  IS CONSTANT.   IGNORED.
 **********
 **   37 **FIX           13
 **********
 **********
 **   38 **FIX           14
 **********
 **********
 **   39 **FIX           15
 **********
 PARAMETER   15  IS CONSTANT.   IGNORED.
 **********
 **   40 **FIX           16
 **********
 **********
 **   41 **MIGRAD
 **********
 START MIGRAD MINIMIZATION.  STRATEGY  1.  CONVERGENCE WHEN EDM .LT. 1.00e-04
 FCN=710.655 FROM MIGRAD    STATUS=INITIATE        8 CALLS         258 TOTAL
                     EDM= unknown      STRATEGY= 1      NO ERROR MATRIX       
  EXT PARAMETER               CURRENT GUESS       STEP         FIRST   
  NO.   NAME      VALUE            ERROR          SIZE      DERIVATIVE 
   1  N0           2.99039e+06     fixed    
   2  tau          6.43884e+01   constant   
   3  A0           3.64255e-01     fixed    
   4  phi          4.20071e+00     fixed    
   5  R           -6.17521e+01   constant   
   6  alpha_CBO   -1.05703e-02     fixed    
   7  w_CBO        2.32500e+00   constant   
   8  beta_CBO     0.00000e+00   1.00000e-03   1.00000e-03   3.54418e+04
   9  alpha_2CBO   0.00000e+00   1.00000e-03   1.00000e-03   7.62048e+04
  10  beta_2CBO   -5.03741e-03     fixed    
  11  alpha_y      0.00000e+00     fixed    
  12  w_y          1.44500e+01   constant   
  13  beta_y       1.14800e-03     fixed    
  14  alpha_vw     0.00000e+00     fixed    
  15  w_vw         1.29000e+01   constant   
  16  beta_vw      0.00000e+00     fixed    
  17  LM          -7.01586e-04   constant   
  18  zeta_y       0.00000e+00   constant   
  19  zeta_vw      0.00000e+00   constant   
 MIGRAD MINIMIZATION HAS CONVERGED.
 MIGRAD WILL VERIFY CONVERGENCE AND ERROR MATRIX.
 COVARIANCE MATRIX CALCULATED SUCCESSFULLY
 FCN=670.155 FROM MIGRAD    STATUS=CONVERGED      32 CALLS         282 TOTAL
                     EDM=1.15112e-18    STRATEGY= 1      ERROR MATRIX ACCURATE 
  EXT PARAMETER                                   STEP         FIRST   
  NO.   NAME      VALUE            ERROR          SIZE      DERIVATIVE 
   1  N0           2.99039e+06     fixed    
   2  tau          6.43884e+01   constant   
   3  A0           3.64255e-01     fixed    
   4  phi          4.20071e+00     fixed    
   5  R           -6.17521e+01   constant   
   6  alpha_CBO   -1.05703e-02     fixed    
   7  w_CBO        2.32500e+00   constant   
   8  beta_CBO    -3.63399e-04   1.65827e-04   2.08146e-06  -9.01211e-06
   9  alpha_2CBO  -8.93929e-04   1.58030e-04   1.98359e-06   8.59704e-07
  10  beta_2CBO   -5.03741e-03     fixed    
  11  alpha_y      0.00000e+00     fixed    
  12  w_y          1.44500e+01   constant   
  13  beta_y       1.14800e-03     fixed    
  14  alpha_vw     0.00000e+00     fixed    
  15  w_vw         1.29000e+01   constant   
  16  beta_vw      0.00000e+00     fixed    
  17  LM          -7.01586e-04   constant   
  18  zeta_y       0.00000e+00   constant   
  19  zeta_vw      0.00000e+00   constant   
 EXTERNAL ERROR MATRIX.    NDIM=  25    NPAR=  2    ERR DEF=1
  2.750e-08 -3.252e-09 
 -3.252e-09  2.497e-08 
 PARAMETER  CORRELATION COEFFICIENTS  
       NO.  GLOBAL      8      9
        8  0.12409   1.000 -0.124
        9  0.12409  -0.124  1.000
MINUIT - FIT wiggle + 1-CBO + 2-CBO
 **********
 **   42 **RES 
 **********
                   PARAMETER   16  beta_vw RESTORED TO VARIABLE.
                   PARAMETER   14  alpha_vw RESTORED TO VARIABLE.
                   PARAMETER   13  beta_y RESTORED TO VARIABLE.
                   PARAMETER   11  alpha_y RESTORED TO VARIABLE.
                   PARAMETER   10  beta_2CBO RESTORED TO VARIABLE.
                   PARAMETER    6  alpha_CBO RESTORED TO VARIABLE.
                   PARAMETER    4  phi RESTORED TO VARIABLE.
                   PARAMETER    3  A0 RESTORED TO VARIABLE.
                   PARAMETER    1  N0 RESTORED TO VARIABLE.
 **********
 **   43 **FIX           10
 **********
 **********
 **   44 **FIX           11
 **********
 **********
 **   45 **FIX           12
 **********
 PARAMETER   12  IS CONSTANT.   IGNORED.
 **********
 **   46 **FIX           13
 **********
 **********
 **   47 **FIX           14
 **********
 **********
 **   48 **FIX           15
 **********
 PARAMETER   15  IS CONSTANT.   IGNORED.
 **********
 **   49 **FIX           16
 **********
 **********
 **   50 **MIGRAD
 **********
 START MIGRAD MINIMIZATION.  STRATEGY  1.  CONVERGENCE WHEN EDM .LT. 1.00e-04
 FCN=670.155 FROM MIGRAD    STATUS=INITIATE       12 CALLS         294 TOTAL
                     EDM= unknown      STRATEGY= 1      NO ERROR MATRIX       
  EXT PARAMETER               CURRENT GUESS       STEP         FIRST   
  NO.   NAME      VALUE            ERROR          SIZE      DERIVATIVE 
   1  N0           2.99039e+06   1.95208e+03   1.95208e+03   9.79567e-04
   2  tau          6.43884e+01   constant   
   3  A0           3.64255e-01   4.29761e-04   4.29761e-04   1.97797e+03
   4  phi          4.20071e+00   3.67012e-03   3.67012e-03   3.69318e+03
   5  R           -6.17521e+01   constant   
   6  alpha_CBO   -1.05703e-02   8.06129e-04   8.06129e-04   2.91134e+03
   7  w_CBO        2.32500e+00   constant   
   8  beta_CBO    -3.63399e-04   1.65827e-04   2.08146e-06  -3.14059e-06
   9  alpha_2CBO  -8.93929e-04   1.58030e-04   1.98359e-06   9.74331e-07
  10  beta_2CBO   -5.03741e-03     fixed    
  11  alpha_y      0.00000e+00     fixed    
  12  w_y          1.44500e+01   constant   
  13  beta_y       1.14800e-03     fixed    
  14  alpha_vw     0.00000e+00     fixed    
  15  w_vw         1.29000e+01   constant   
  16  beta_vw      0.00000e+00     fixed    
  17  LM          -7.01586e-04   constant   
  18  zeta_y       0.00000e+00   constant   
  19  zeta_vw      0.00000e+00   constant   
 MIGRAD MINIMIZATION HAS CONVERGED.
 FCN=643.319 FROM MIGRAD    STATUS=CONVERGED     128 CALLS         410 TOTAL
                     EDM=6.59467e-07    STRATEGY= 1  ERROR MATRIX UNCERTAINTY   2.6 per cent
  EXT PARAMETER                                   STEP         FIRST   
  NO.   NAME      VALUE            ERROR          SIZE      DERIVATIVE 
   1  N0           3.00029e+06   1.91265e+03  -3.01398e+01  -1.14339e-06
   2  tau          6.43884e+01   constant   
   3  A0           3.60742e-01   8.39458e-04   7.59720e-06   5.82373e-01
   4  phi          4.18275e+00   3.44527e-03   4.62618e-05  -5.61755e-01
   5  R           -6.17521e+01   constant   
   6  alpha_CBO   -7.37150e-03   6.81452e-04  -1.21609e-05  -1.80104e+00
   7  w_CBO        2.32500e+00   constant   
   8  beta_CBO    -1.96806e-03   5.64949e-04   2.36810e-06  -1.20209e+00
   9  alpha_2CBO  -8.53107e-04   2.59856e-04   8.04620e-07  -1.73708e+00
  10  beta_2CBO   -5.03741e-03     fixed    
  11  alpha_y      0.00000e+00     fixed    
  12  w_y          1.44500e+01   constant   
  13  beta_y       1.14800e-03     fixed    
  14  alpha_vw     0.00000e+00     fixed    
  15  w_vw         1.29000e+01   constant   
  16  beta_vw      0.00000e+00     fixed    
  17  LM          -7.01586e-04   constant   
  18  zeta_y       0.00000e+00   constant   
  19  zeta_vw      0.00000e+00   constant   
 EXTERNAL ERROR MATRIX.    NDIM=  25    NPAR=  6    ERR DEF=1
  3.658e+06 -1.187e+00 -6.453e+00  1.180e+00 -5.161e-01 -2.852e-03 
 -1.187e+00  7.047e-07  1.997e-06 -2.763e-07  4.321e-07 -1.143e-07 
 -6.453e+00  1.997e-06  1.187e-05 -2.218e-06  8.271e-07  5.936e-08 
  1.180e+00 -2.763e-07 -2.218e-06  4.644e-07 -8.018e-08 -4.171e-08 
 -5.161e-01  4.321e-07  8.271e-07 -8.018e-08  3.192e-07 -9.843e-08 
 -2.852e-03 -1.143e-07  5.936e-08 -4.171e-08 -9.843e-08  6.752e-08 
 PARAMETER  CORRELATION COEFFICIENTS  
       NO.  GLOBAL      1      3      4      6      8      9
        1  0.98411   1.000 -0.739 -0.979  0.906 -0.478 -0.006
        3  0.98020  -0.739  1.000  0.690 -0.483  0.911 -0.524
        4  0.99049  -0.979  0.690  1.000 -0.945  0.425  0.066
        6  0.97370   0.906 -0.483 -0.945  1.000 -0.208 -0.236
        8  0.95738  -0.478  0.911  0.425 -0.208  1.000 -0.671
        9  0.79712  -0.006 -0.524  0.066 -0.236 -0.671  1.000
MINUIT - FIT ONLY 1-y
 **********
 **   51 **RES 
 **********
                   PARAMETER   16  beta_vw RESTORED TO VARIABLE.
                   PARAMETER   14  alpha_vw RESTORED TO VARIABLE.
                   PARAMETER   13  beta_y RESTORED TO VARIABLE.
                   PARAMETER   11  alpha_y RESTORED TO VARIABLE.
                   PARAMETER   10  beta_2CBO RESTORED TO VARIABLE.
 **********
 **   52 **FIX            0
 **********
 PARAMETER    0  IS UNDEFINED. IGNORED.
 **********
 **   53 **FIX            1
 **********
 **********
 **   54 **FIX            2
 **********
 PARAMETER    2  IS CONSTANT.   IGNORED.
 **********
 **   55 **FIX            3
 **********
 **********
 **   56 **FIX            4
 **********
 **********
 **   57 **FIX            5
 **********
 PARAMETER    5  IS CONSTANT.   IGNORED.
 **********
 **   58 **FIX            6
 **********
 **********
 **   59 **FIX            7
 **********
 PARAMETER    7  IS CONSTANT.   IGNORED.
 **********
 **   60 **FIX            8
 **********
 **********
 **   61 **FIX            9
 **********
 **********
 **   62 **FIX           13
 **********
 **********
 **   63 **FIX           14
 **********
 **********
 **   64 **FIX           15
 **********
 PARAMETER   15  IS CONSTANT.   IGNORED.
 **********
 **   65 **FIX           16
 **********
 **********
 **   66 **MIGRAD
 **********
 START MIGRAD MINIMIZATION.  STRATEGY  1.  CONVERGENCE WHEN EDM .LT. 1.00e-04
 FCN=643.319 FROM MIGRAD    STATUS=INITIATE        6 CALLS         416 TOTAL
                     EDM= unknown      STRATEGY= 1      NO ERROR MATRIX       
  EXT PARAMETER               CURRENT GUESS       STEP         FIRST   
  NO.   NAME      VALUE            ERROR          SIZE      DERIVATIVE 
   1  N0           3.00029e+06     fixed    
   2  tau          6.43884e+01   constant   
   3  A0           3.60742e-01     fixed    
   4  phi          4.18275e+00     fixed    
   5  R           -6.17521e+01   constant   
   6  alpha_CBO   -7.37150e-03     fixed    
   7  w_CBO        2.32500e+00   constant   
   8  beta_CBO    -1.96806e-03     fixed    
   9  alpha_2CBO  -8.53107e-04     fixed    
  10  beta_2CBO   -5.03741e-03   2.36182e-04   2.36182e-04  -5.61877e+04
  11  alpha_y      0.00000e+00   1.00000e-03   1.00000e-03  -2.49091e+05
  12  w_y          1.44500e+01   constant   
  13  beta_y       1.14800e-03     fixed    
  14  alpha_vw     0.00000e+00     fixed    
  15  w_vw         1.29000e+01   constant   
  16  beta_vw      0.00000e+00     fixed    
  17  LM          -7.01586e-04   constant   
  18  zeta_y       0.00000e+00   constant   
  19  zeta_vw      0.00000e+00   constant   
 MIGRAD MINIMIZATION HAS CONVERGED.
 MIGRAD WILL VERIFY CONVERGENCE AND ERROR MATRIX.
 COVARIANCE MATRIX CALCULATED SUCCESSFULLY
 FCN=208.668 FROM MIGRAD    STATUS=CONVERGED      31 CALLS         441 TOTAL
                     EDM=4.04877e-09    STRATEGY= 1      ERROR MATRIX ACCURATE 
  EXT PARAMETER                                   STEP         FIRST   
  NO.   NAME      VALUE            ERROR          SIZE      DERIVATIVE 
   1  N0           3.00029e+06     fixed    
   2  tau          6.43884e+01   constant   
   3  A0           3.60742e-01     fixed    
   4  phi          4.18275e+00     fixed    
   5  R           -6.17521e+01   constant   
   6  alpha_CBO   -7.37150e-03     fixed    
   7  w_CBO        2.32500e+00   constant   
   8  beta_CBO    -1.96806e-03     fixed    
   9  alpha_2CBO  -8.53107e-04     fixed    
  10  beta_2CBO   -4.06449e-03   1.66464e-04   1.17496e-06  -1.48026e-01
  11  alpha_y      3.27022e-03   1.60945e-04   1.13601e-06   5.46692e-01
  12  w_y          1.44500e+01   constant   
  13  beta_y       1.14800e-03     fixed    
  14  alpha_vw     0.00000e+00     fixed    
  15  w_vw         1.29000e+01   constant   
  16  beta_vw      0.00000e+00     fixed    
  17  LM          -7.01586e-04   constant   
  18  zeta_y       0.00000e+00   constant   
  19  zeta_vw      0.00000e+00   constant   
 EXTERNAL ERROR MATRIX.    NDIM=  25    NPAR=  2    ERR DEF=1
  2.771e-08  1.553e-09 
  1.553e-09  2.590e-08 
 PARAMETER  CORRELATION COEFFICIENTS  
       NO.  GLOBAL     10     11
       10  0.05797   1.000  0.058
       11  0.05797   0.058  1.000
MINUIT - FIT ONLY 2-y
 **********
 **   67 **RES 
 **********
                   PARAMETER   16  beta_vw RESTORED TO VARIABLE.
                   PARAMETER   14  alpha_vw RESTORED TO VARIABLE.
                   PARAMETER   13  beta_y RESTORED TO VARIABLE.
                   PARAMETER    9  alpha_2CBO RESTORED TO VARIABLE.
                   PARAMETER    8  beta_CBO RESTORED TO VARIABLE.
                   PARAMETER    6  alpha_CBO RESTORED TO VARIABLE.
                   PARAMETER    4  phi RESTORED TO VARIABLE.
                   PARAMETER    3  A0 RESTORED TO VARIABLE.
                   PARAMETER    1  N0 RESTORED TO VARIABLE.
 **********
 **   68 **FIX            0
 **********
 PARAMETER    0  IS UNDEFINED. IGNORED.
 **********
 **   69 **FIX            1
 **********
 **********
 **   70 **FIX            2
 **********
 PARAMETER    2  IS CONSTANT.   IGNORED.
 **********
 **   71 **FIX            3
 **********
 **********
 **   72 **FIX            4
 **********
 **********
 **   73 **FIX            5
 **********
 PARAMETER    5  IS CONSTANT.   IGNORED.
 **********
 **   74 **FIX            6
 **********
 **********
 **   75 **FIX            7
 **********
 PARAMETER    7  IS CONSTANT.   IGNORED.
 **********
 **   76 **FIX            8
 **********
 **********
 **   77 **FIX            9
 **********
 **********
 **   78 **FIX           10
 **********
 **********
 **   79 **FIX           11
 **********
 **********
 **   80 **FIX           12
 **********
 PARAMETER   12  IS CONSTANT.   IGNORED.
 **********
 **   81 **FIX           16
 **********
 **********
 **   82 **MIGRAD
 **********
 START MIGRAD MINIMIZATION.  STRATEGY  1.  CONVERGENCE WHEN EDM .LT. 1.00e-04
 FCN=208.668 FROM MIGRAD    STATUS=INITIATE        6 CALLS         447 TOTAL
                     EDM= unknown      STRATEGY= 1      NO ERROR MATRIX       
  EXT PARAMETER               CURRENT GUESS       STEP         FIRST   
  NO.   NAME      VALUE            ERROR          SIZE      DERIVATIVE 
   1  N0           3.00029e+06     fixed    
   2  tau          6.43884e+01   constant   
   3  A0           3.60742e-01     fixed    
   4  phi          4.18275e+00     fixed    
   5  R           -6.17521e+01   constant   
   6  alpha_CBO   -7.37150e-03     fixed    
   7  w_CBO        2.32500e+00   constant   
   8  beta_CBO    -1.96806e-03     fixed    
   9  alpha_2CBO  -8.53107e-04     fixed    
  10  beta_2CBO   -4.06449e-03     fixed    
  11  alpha_y      3.27022e-03     fixed    
  12  w_y          1.44500e+01   constant   
  13  beta_y       1.14800e-03   1.63409e-04   1.63409e-04  -1.25812e+04
  14  alpha_vw     0.00000e+00   1.00000e-03   1.00000e-03   1.14556e+05
  15  w_vw         1.29000e+01   constant   
  16  beta_vw      0.00000e+00     fixed    
  17  LM          -7.01586e-04   constant   
  18  zeta_y       0.00000e+00   constant   
  19  zeta_vw      0.00000e+00   constant   
 MIGRAD MINIMIZATION HAS CONVERGED.
 MIGRAD WILL VERIFY CONVERGENCE AND ERROR MATRIX.
 COVARIANCE MATRIX CALCULATED SUCCESSFULLY
 FCN=126.069 FROM MIGRAD    STATUS=CONVERGED      31 CALLS         472 TOTAL
                     EDM=1.40146e-09    STRATEGY= 1      ERROR MATRIX ACCURATE 
  EXT PARAMETER                                   STEP         FIRST   
  NO.   NAME      VALUE            ERROR          SIZE      DERIVATIVE 
   1  N0           3.00029e+06     fixed    
   2  tau          6.43884e+01   constant   
   3  A0           3.60742e-01     fixed    
   4  phi          4.18275e+00     fixed    
   5  R           -6.17521e+01   constant   
   6  alpha_CBO   -7.37150e-03     fixed    
   7  w_CBO        2.32500e+00   constant   
   8  beta_CBO    -1.96806e-03     fixed    
   9  alpha_2CBO  -8.53107e-04     fixed    
  10  beta_2CBO   -4.06449e-03     fixed    
  11  alpha_y      3.27022e-03     fixed    
  12  w_y          1.44500e+01   constant   
  13  beta_y       1.14909e-03   1.62932e-04   8.91224e-07   3.67918e-03
  14  alpha_vw    -1.44194e-03   1.59664e-04   8.73349e-07   3.31149e-01
  15  w_vw         1.29000e+01   constant   
  16  beta_vw      0.00000e+00     fixed    
  17  LM          -7.01586e-04   constant   
  18  zeta_y       0.00000e+00   constant   
  19  zeta_vw      0.00000e+00   constant   
 EXTERNAL ERROR MATRIX.    NDIM=  25    NPAR=  2    ERR DEF=1
  2.655e-08  2.896e-09 
  2.896e-09  2.549e-08 
 PARAMETER  CORRELATION COEFFICIENTS  
       NO.  GLOBAL     13     14
       13  0.11134   1.000  0.111
       14  0.11134   0.111  1.000
MINUIT - FIT ALTOGETHER
 **********
 **   83 **RES 
 **********
                   PARAMETER   16  beta_vw RESTORED TO VARIABLE.
                   PARAMETER   11  alpha_y RESTORED TO VARIABLE.
                   PARAMETER   10  beta_2CBO RESTORED TO VARIABLE.
                   PARAMETER    9  alpha_2CBO RESTORED TO VARIABLE.
                   PARAMETER    8  beta_CBO RESTORED TO VARIABLE.
                   PARAMETER    6  alpha_CBO RESTORED TO VARIABLE.
                   PARAMETER    4  phi RESTORED TO VARIABLE.
                   PARAMETER    3  A0 RESTORED TO VARIABLE.
                   PARAMETER    1  N0 RESTORED TO VARIABLE.
 **********
 **   84 **MIGRAD
 **********
 START MIGRAD MINIMIZATION.  STRATEGY  1.  CONVERGENCE WHEN EDM .LT. 1.00e-04
 FCN=126.069 FROM MIGRAD    STATUS=INITIATE       24 CALLS         496 TOTAL
                     EDM= unknown      STRATEGY= 1      NO ERROR MATRIX       
  EXT PARAMETER               CURRENT GUESS       STEP         FIRST   
  NO.   NAME      VALUE            ERROR          SIZE      DERIVATIVE 
   1  N0           3.00029e+06   1.91265e+03   1.91265e+03   9.87051e-03
   2  tau          6.43884e+01   constant   
   3  A0           3.60742e-01   8.39458e-04   8.39458e-04   1.23552e+04
   4  phi          4.18275e+00   3.44527e-03   3.44527e-03  -2.54699e+03
   5  R           -6.17521e+01   constant   
   6  alpha_CBO   -7.37150e-03   6.81452e-04   6.81452e-04  -2.90837e+04
   7  w_CBO        2.32500e+00   constant   
   8  beta_CBO    -1.96806e-03   5.64949e-04   5.64949e-04   1.73913e+04
   9  alpha_2CBO  -8.53107e-04   2.59856e-04   2.59856e-04   2.71996e+03
  10  beta_2CBO   -4.06449e-03   1.66464e-04   1.66464e-04  -8.04041e+03
  11  alpha_y      3.27022e-03   1.60945e-04   1.60945e-04   5.59945e+04
  12  w_y          1.44500e+01   constant   
  13  beta_y       1.14909e-03   1.62932e-04   8.91224e-07   3.68423e-03
  14  alpha_vw    -1.44194e-03   1.59664e-04   8.73349e-07   3.31177e-01
  15  w_vw         1.29000e+01   constant   
  16  beta_vw      0.00000e+00   1.00000e-03   1.00000e-03   3.25465e+04
  17  LM          -7.01586e-04   constant   
  18  zeta_y       0.00000e+00   constant   
  19  zeta_vw      0.00000e+00   constant   
 MIGRAD MINIMIZATION HAS CONVERGED.
 FCN=5.17708 FROM MIGRAD    STATUS=CONVERGED     462 CALLS         934 TOTAL
                     EDM=9.12514e-07    STRATEGY= 1  ERROR MATRIX UNCERTAINTY   2.4 per cent
  EXT PARAMETER                                   STEP         FIRST   
  NO.   NAME      VALUE            ERROR          SIZE      DERIVATIVE 
   1  N0           3.04516e+06   6.58139e+03  -1.20016e-01  -3.85176e-06
   2  tau          6.43884e+01   constant   
   3  A0           3.44724e-01   1.76125e-03   2.70588e-06  -4.27192e-01
   4  phi          4.09769e+00   1.26154e-02  -8.25098e-07  -3.10592e+00
   5  R           -6.17521e+01   constant   
   6  alpha_CBO    7.95821e-03   2.31257e-03   8.56569e-07  -5.69052e+00
   7  w_CBO        2.32500e+00   constant   
   8  beta_CBO    -1.13257e-02   1.08078e-03   2.33270e-06   7.35912e-01
   9  alpha_2CBO   2.31066e-04   2.86124e-04  -1.11551e-06  -2.40085e+00
  10  beta_2CBO   -2.35846e-04   5.26595e-04  -8.00713e-09  -5.76849e-01
  11  alpha_y      2.88159e-03   2.06018e-04  -3.18611e-07   2.30278e-01
  12  w_y          1.44500e+01   constant   
  13  beta_y       7.61392e-04   2.01427e-04   1.51326e-07  -1.26654e+00
  14  alpha_vw    -1.23367e-03   2.03362e-04  -1.94828e-07   6.18783e-01
  15  w_vw         1.29000e+01   constant   
  16  beta_vw     -6.01806e-04   2.17007e-04   2.33765e-07   2.86561e-01
  17  LM          -7.01586e-04   constant   
  18  zeta_y       0.00000e+00   constant   
  19  zeta_vw      0.00000e+00   constant   
 EXTERNAL ERROR MATRIX.    NDIM=  25    NPAR= 11    ERR DEF=1
  4.331e+07 
 -1.068e+01  3.102e-06 
 -8.289e+01  2.033e-05  1.591e-04 
  1.506e+01 -3.552e-06 -2.898e-05  5.348e-06 
 -5.946e+00  1.856e-06  1.131e-05 -1.938e-06  1.168e-06 
  2.090e-02 -1.686e-07  4.065e-09 -5.002e-08 -1.417e-07  8.187e-08 
  3.264e+00 -8.028e-07 -6.281e-06  1.149e-06 -4.491e-07  9.819e-10  2.773e-07 
  8.670e-02 -7.691e-08 -1.501e-07  1.178e-08 -5.817e-08  1.801e-08  7.475e-09  4.244e-08 
  2.393e-01 -1.468e-08 -4.798e-07  1.003e-07  3.274e-09 -1.484e-08  1.856e-08 -3.336e-09  4.057e-08 
  4.449e-01 -1.411e-07 -8.370e-07  1.416e-07 -8.536e-08  9.668e-09  3.130e-08  2.232e-08  3.242e-09  4.136e-08 
  3.207e-01 -1.835e-08 -6.352e-07  1.315e-07  6.734e-09 -1.943e-08  2.235e-08 -1.184e-08  2.471e-08 -2.789e-09  4.709e-08 
 PARAMETER  CORRELATION COEFFICIENTS  
       NO.  GLOBAL      1      3      4      6      8      9     10     11     13     14     16
        1  0.99865   1.000 -0.921 -0.998  0.990 -0.836  0.011  0.942  0.064  0.181  0.332  0.225
        3  0.99563  -0.921  1.000  0.915 -0.872  0.975 -0.335 -0.866 -0.212 -0.041 -0.394 -0.048
        4  0.99929  -0.998  0.915  1.000 -0.993  0.829  0.001 -0.945 -0.058 -0.189 -0.326 -0.232
        6  0.99782   0.990 -0.872 -0.993  1.000 -0.775 -0.076  0.943  0.025  0.215  0.301  0.262
        8  0.98826  -0.836  0.975  0.829 -0.775  1.000 -0.458 -0.789 -0.261  0.015 -0.388  0.029
        9  0.83959   0.011 -0.335  0.001 -0.076 -0.458  1.000  0.007  0.306 -0.257  0.166 -0.313
       10  0.94878   0.942 -0.866 -0.945  0.943 -0.789  0.007  1.000  0.069  0.175  0.292  0.196
       11  0.62564   0.064 -0.212 -0.058  0.025 -0.261  0.306  0.069  1.000 -0.080  0.533 -0.265
       13  0.59746   0.181 -0.041 -0.189  0.215  0.015 -0.257  0.175 -0.080  1.000  0.079  0.565
       14  0.62538   0.332 -0.394 -0.326  0.301 -0.388  0.166  0.292  0.533  0.079  1.000 -0.063
       16  0.65334   0.225 -0.048 -0.232  0.262  0.029 -0.313  0.196 -0.265  0.565 -0.063  1.000
MINUIT - MINOS
 **********
 **   85 **RES 
 **********
 CALL TO MNFREE IGNORED.  THERE ARE NO FIXED PARAMETERS
 **********
 **   86 **MIG      2.5e+04        0.01
 **********
 START MIGRAD MINIMIZATION.  STRATEGY  1.  CONVERGENCE WHEN EDM .LT. 1.00e-05
 FCN=5.17708 FROM MIGRAD    STATUS=INITIATE       22 CALLS         956 TOTAL
                     EDM=7.7857e-07    STRATEGY= 1  ERROR MATRIX UNCERTAINTY   2.4 per cent
  EXT PARAMETER                                   STEP         FIRST   
  NO.   NAME      VALUE            ERROR          SIZE      DERIVATIVE 
   1  N0           3.04516e+06   6.58139e+03  -1.20016e-01  -3.85176e-06
   2  tau          6.43884e+01   constant   
   3  A0           3.44724e-01   1.76125e-03   2.70588e-06  -4.27192e-01
   4  phi          4.09769e+00   1.26154e-02  -8.25098e-07  -3.10592e+00
   5  R           -6.17521e+01   constant   
   6  alpha_CBO    7.95821e-03   2.31257e-03   8.56569e-07  -5.69053e+00
   7  w_CBO        2.32500e+00   constant   
   8  beta_CBO    -1.13257e-02   1.08078e-03   2.33270e-06   7.35916e-01
   9  alpha_2CBO   2.31066e-04   2.86124e-04  -1.11551e-06  -2.40085e+00
  10  beta_2CBO   -2.35846e-04   5.26595e-04  -8.00713e-09  -5.76846e-01
  11  alpha_y      2.88159e-03   2.06018e-04  -3.18611e-07   2.30282e-01
  12  w_y          1.44500e+01   constant   
  13  beta_y       7.61392e-04   2.01427e-04   1.51326e-07  -1.26654e+00
  14  alpha_vw    -1.23367e-03   2.03362e-04  -1.94828e-07   6.18780e-01
  15  w_vw         1.29000e+01   constant   
  16  beta_vw     -6.01806e-04   2.17007e-04   2.33765e-07   2.86561e-01
  17  LM          -7.01586e-04   constant   
  18  zeta_y       0.00000e+00   constant   
  19  zeta_vw      0.00000e+00   constant   
 MIGRAD MINIMIZATION HAS CONVERGED.
 FCN=5.17708 FROM MIGRAD    STATUS=CONVERGED      46 CALLS         980 TOTAL
                     EDM=6.27975e-09    STRATEGY= 1  ERROR MATRIX UNCERTAINTY   1.3 per cent
  EXT PARAMETER                                   STEP         FIRST   
  NO.   NAME      VALUE            ERROR          SIZE      DERIVATIVE 
   1  N0           3.04516e+06   6.59830e+03  -1.83559e+00   1.68236e-07
   2  tau          6.43884e+01   constant   
   3  A0           3.44725e-01   1.77699e-03   5.67772e-07   2.92340e-01
   4  phi          4.09769e+00   1.26526e-02   3.97196e-06  -9.62008e-03
   5  R           -6.17521e+01   constant   
   6  alpha_CBO    7.95758e-03   2.31248e-03  -6.29614e-07  -4.52962e-01
   7  w_CBO        2.32500e+00   constant   
   8  beta_CBO    -1.13254e-02   1.09267e-03   3.32718e-07  -2.88525e-01
   9  alpha_2CBO   2.31074e-04   2.85982e-04   8.26373e-09  -2.30932e-01
  10  beta_2CBO   -2.35990e-04   5.27590e-04  -1.44356e-07   5.56700e-02
  11  alpha_y      2.88157e-03   2.06588e-04  -1.82664e-08   7.83172e-02
  12  w_y          1.44500e+01   constant   
  13  beta_y       7.61398e-04   2.01790e-04   6.74789e-09  -1.60663e-01
  14  alpha_vw    -1.23371e-03   2.04042e-04  -3.53327e-08  -4.63606e-02
  15  w_vw         1.29000e+01   constant   
  16  beta_vw     -6.01814e-04   2.16548e-04  -7.61567e-09  -3.56080e-01
  17  LM          -7.01586e-04   constant   
  18  zeta_y       0.00000e+00   constant   
  19  zeta_vw      0.00000e+00   constant   
 EXTERNAL ERROR MATRIX.    NDIM=  25    NPAR= 11    ERR DEF=1
  4.354e+07 
 -1.080e+01  3.158e-06 
 -8.335e+01  2.060e-05  1.601e-04 
  1.510e+01 -3.583e-06 -2.906e-05  5.348e-06 
 -6.038e+00  1.894e-06  1.150e-05 -1.962e-06  1.194e-06 
  2.936e-02 -1.710e-07 -1.435e-08 -4.694e-08 -1.430e-07  8.179e-08 
  3.279e+00 -8.120e-07 -6.312e-06  1.151e-06 -4.560e-07  1.657e-09  2.784e-07 
  9.961e-02 -8.146e-08 -1.778e-07  1.582e-08 -6.102e-08  1.805e-08  8.469e-09  4.268e-08 
  2.190e-01 -8.193e-09 -4.360e-07  9.349e-08  7.141e-09 -1.478e-08  1.697e-08 -3.577e-09  4.072e-08 
  4.542e-01 -1.450e-07 -8.568e-07  1.441e-07 -8.803e-08  9.809e-09  3.199e-08  2.262e-08  2.833e-09  4.163e-08 
  2.972e-01 -1.130e-08 -5.841e-07  1.233e-07  1.079e-08 -1.929e-08  2.049e-08 -1.203e-08  2.471e-08 -3.221e-09  4.689e-08 
 PARAMETER  CORRELATION COEFFICIENTS  
       NO.  GLOBAL      1      3      4      6      8      9     10     11     13     14     16
        1  0.99862   1.000 -0.921 -0.998  0.990 -0.837  0.016  0.942  0.073  0.164  0.337  0.208
        3  0.99572  -0.921  1.000  0.916 -0.872  0.975 -0.336 -0.866 -0.222 -0.023 -0.400 -0.029
        4  0.99922  -0.998  0.916  1.000 -0.993  0.832 -0.004 -0.946 -0.068 -0.171 -0.332 -0.213
        6  0.99767   0.990 -0.872 -0.993  1.000 -0.777 -0.071  0.943  0.033  0.200  0.305  0.246
        8  0.98856  -0.837  0.975  0.832 -0.777  1.000 -0.458 -0.791 -0.270  0.032 -0.395  0.046
        9  0.83700   0.016 -0.336 -0.004 -0.071 -0.458  1.000  0.011  0.305 -0.256  0.168 -0.311
       10  0.94899   0.942 -0.866 -0.946  0.943 -0.791  0.011  1.000  0.078  0.159  0.297  0.179
       11  0.62817   0.073 -0.222 -0.068  0.033 -0.270  0.305  0.078  1.000 -0.086  0.537 -0.269
       13  0.59683   0.164 -0.023 -0.171  0.200  0.032 -0.256  0.159 -0.086  1.000  0.069  0.566
       14  0.62864   0.337 -0.400 -0.332  0.305 -0.395  0.168  0.297  0.537  0.069  1.000 -0.073
       16  0.65262   0.208 -0.029 -0.213  0.246  0.046 -0.311  0.179 -0.269  0.566 -0.073  1.000
 **********
 **   87 **MINO      2.5e+04
 **********
 FCN=5.17708 FROM MINOS     STATUS=SUCCESSFUL   1841 CALLS        2821 TOTAL
                     EDM=6.27975e-09    STRATEGY= 1  ERROR MATRIX UNCERTAINTY   1.3 per cent
  EXT PARAMETER                  PARABOLIC         MINOS ERRORS        
  NO.   NAME      VALUE            ERROR      NEGATIVE      POSITIVE   
   1  N0           3.04516e+06   6.59830e+03  -6.54862e+03   6.65471e+03
   2  tau          6.43884e+01   constant   
   3  A0           3.44725e-01   1.77699e-03  -1.76009e-03   1.79386e-03
   4  phi          4.09769e+00   1.26526e-02  -1.27766e-02   1.25431e-02
   5  R           -6.17521e+01   constant   
   6  alpha_CBO    7.95758e-03   2.31248e-03  -2.29962e-03   2.32987e-03
   7  w_CBO        2.32500e+00   constant   
   8  beta_CBO    -1.13254e-02   1.09267e-03  -1.09844e-03   1.08972e-03
   9  alpha_2CBO   2.31074e-04   2.85982e-04  -2.86415e-04   2.86410e-04
  10  beta_2CBO   -2.35990e-04   5.27590e-04  -5.26784e-04   5.29294e-04
  11  alpha_y      2.88157e-03   2.06588e-04  -2.06768e-04   2.06764e-04
  12  w_y          1.44500e+01   constant   
  13  beta_y       7.61398e-04   2.01790e-04  -2.02630e-04   2.02661e-04
  14  alpha_vw    -1.23371e-03   2.04042e-04  -2.04072e-04   2.04094e-04
  15  w_vw         1.29000e+01   constant   
  16  beta_vw     -6.01814e-04   2.16548e-04  -2.17747e-04   2.17795e-04
  17  LM          -7.01586e-04   constant   
  18  zeta_y       0.00000e+00   constant   
  19  zeta_vw      0.00000e+00   constant   
 **********
 **   88 **SHO COR 
 **********
 PARAMETER  CORRELATION COEFFICIENTS  
       NO.  GLOBAL      1      3      4      6      8      9     10     11     13     14     16
        1  0.99862   1.000 -0.921 -0.998  0.990 -0.837  0.016  0.942  0.073  0.164  0.337  0.208
        3  0.99572  -0.921  1.000  0.916 -0.872  0.975 -0.336 -0.866 -0.222 -0.023 -0.400 -0.029
        4  0.99922  -0.998  0.916  1.000 -0.993  0.832 -0.004 -0.946 -0.068 -0.171 -0.332 -0.213
        6  0.99767   0.990 -0.872 -0.993  1.000 -0.777 -0.071  0.943  0.033  0.200  0.305  0.246
        8  0.98856  -0.837  0.975  0.832 -0.777  1.000 -0.458 -0.791 -0.270  0.032 -0.395  0.046
        9  0.83700   0.016 -0.336 -0.004 -0.071 -0.458  1.000  0.011  0.305 -0.256  0.168 -0.311
       10  0.94899   0.942 -0.866 -0.946  0.943 -0.791  0.011  1.000  0.078  0.159  0.297  0.179
       11  0.62817   0.073 -0.222 -0.068  0.033 -0.270  0.305  0.078  1.000 -0.086  0.537 -0.269
       13  0.59683   0.164 -0.023 -0.171  0.200  0.032 -0.256  0.159 -0.086  1.000  0.069  0.566
       14  0.62864   0.337 -0.400 -0.332  0.305 -0.395  0.168  0.297  0.537  0.069  1.000 -0.073
       16  0.65262   0.208 -0.029 -0.213  0.246  0.046 -0.311  0.179 -0.269  0.566 -0.073  1.000
