 + ++++++++++++++++++++++++++++++++++++++++++++++++++++++++++++++++++++ +
 +                                                                      +
 +           You have chose to blind your fitting according to          +
 +                omega_ref * (1 + (R +/- deltaR) *10^{-6})             +
 +                                                                      +
 + ++++++++++++++++++++++++++++++++++++++++++++++++++++++++++++++++++++ +
In main()...
reading format from /gm2data/zkhechad/run45/envelope/formats/formatB_sBin_constraintOn.txt
pBinTau 	= 0  
pBinPhi 	= 0  
constraintau 	= 1 
includeMopTerm 	= 0    
constrainMop    = 0   
Parameters after format file: pBinTau 0 pBinPhi 0 constraintau 1 includeMopTerm 0 constrainMop 0 c_e_scale 0.000000 
Opening file /gm2data/tbarrett/gm2fr/studies/run23_bunch_corrections/CorrectedFourier_Run3b.root.
reading full fit data from /gm2data/zkhechad/cboTemplates/Run4CBOTemplates/templateFits0_v2.0/noRF/sBin_constraintOn_cE0.0_seed0_noRF_calo8.root
windowBins = 69
fitting sliding window 1444 from bin 1580 at 235.586800 to bin 1649 at 246.030800 (69 bins)

Reading data from /gm2data/cornell/histograms/aMethod/histogram_a_noRF.root
 **********
 **    1 **SET PRINTOUT            1
 **********
 **********
 **    2 **SET NOWARNINGS 
 **********
 PARAMETER DEFINITIONS:
    NO.   NAME         VALUE      STEP SIZE      LIMITS
     1 N0           2.93665e+06  1.00000e+02     no limits
     2 tau          6.43896e+01  constant
     3 A0           3.52922e-01  1.00000e-04     no limits
     4 phi          4.11506e+00  1.00000e-02     no limits
     5 R           -6.12649e+01  constant
     6 alpha_CBO    0.00000e+00  1.00000e-03     no limits
     7 w_CBO        2.32500e+00  constant
     8 beta_CBO     0.00000e+00  1.00000e-03     no limits
     9 alpha_2CBO   0.00000e+00  1.00000e-03     no limits
    10 beta_2CBO    0.00000e+00  1.00000e-03     no limits
    11 alpha_y      0.00000e+00  1.00000e-03     no limits
    12 w_y          1.44500e+01  constant
    13 beta_y       0.00000e+00  1.00000e-03     no limits
    14 alpha_vw     0.00000e+00  1.00000e-03     no limits
    15 w_vw         1.29000e+01  constant
    16 beta_vw      0.00000e+00  1.00000e-03     no limits
    17 LM          -3.89610e-04  constant
    18 zeta_y       0.00000e+00  constant
    19 zeta_vw      0.00000e+00  constant
MINUIT - FIT ONLY WIGGLE
 **********
 **    3 **FIX            5
 **********
 PARAMETER    5  IS CONSTANT.   IGNORED.
 **********
 **    4 **FIX            6
 **********
 **********
 **    5 **FIX            7
 **********
 PARAMETER    7  IS CONSTANT.   IGNORED.
 **********
 **    6 **FIX            8
 **********
 **********
 **    7 **FIX            9
 **********
 **********
 **    8 **FIX           10
 **********
 **********
 **    9 **FIX           11
 **********
 **********
 **   10 **FIX           12
 **********
 PARAMETER   12  IS CONSTANT.   IGNORED.
 **********
 **   11 **FIX           13
 **********
 **********
 **   12 **FIX           14
 **********
 **********
 **   13 **FIX           15
 **********
 PARAMETER   15  IS CONSTANT.   IGNORED.
 **********
 **   14 **FIX           16
 **********
 **********
 **   15 **MIGRAD
 **********
 FIRST CALL TO USER FUNCTION AT NEW START POINT, WITH IFLAG=4.
 START MIGRAD MINIMIZATION.  STRATEGY  1.  CONVERGENCE WHEN EDM .LT. 1.00e-04
 FCN=181.974 FROM MIGRAD    STATUS=INITIATE       12 CALLS          13 TOTAL
                     EDM= unknown      STRATEGY= 1      NO ERROR MATRIX       
  EXT PARAMETER               CURRENT GUESS       STEP         FIRST   
  NO.   NAME      VALUE            ERROR          SIZE      DERIVATIVE 
   1  N0           2.93665e+06   1.00000e+02   1.00000e+02   5.45099e-03
   2  tau          6.43896e+01   constant   
   3  A0           3.52922e-01   1.00000e-04   1.00000e-04   5.73200e+03
   4  phi          4.11506e+00   1.00000e-02   1.00000e-02   6.91221e+03
   5  R           -6.12649e+01   constant   
   6  alpha_CBO    0.00000e+00     fixed    
   7  w_CBO        2.32500e+00   constant   
   8  beta_CBO     0.00000e+00     fixed    
   9  alpha_2CBO   0.00000e+00     fixed    
  10  beta_2CBO    0.00000e+00     fixed    
  11  alpha_y      0.00000e+00     fixed    
  12  w_y          1.44500e+01   constant   
  13  beta_y       0.00000e+00     fixed    
  14  alpha_vw     0.00000e+00     fixed    
  15  w_vw         1.29000e+01   constant   
  16  beta_vw      0.00000e+00     fixed    
  17  LM          -3.89610e-04   constant   
  18  zeta_y       0.00000e+00   constant   
  19  zeta_vw      0.00000e+00   constant   
 MIGRAD MINIMIZATION HAS CONVERGED.
 MIGRAD WILL VERIFY CONVERGENCE AND ERROR MATRIX.
 COVARIANCE MATRIX CALCULATED SUCCESSFULLY
 FCN=161.149 FROM MIGRAD    STATUS=CONVERGED      52 CALLS          53 TOTAL
                     EDM=4.29242e-08    STRATEGY= 1      ERROR MATRIX ACCURATE 
  EXT PARAMETER                                   STEP         FIRST   
  NO.   NAME      VALUE            ERROR          SIZE      DERIVATIVE 
   1  N0           2.93458e+06   8.31256e+02   4.98963e+00  -1.62678e-07
   2  tau          6.43896e+01   constant   
   3  A0           3.52406e-01   3.42979e-04   2.07871e-06   1.65851e-02
   4  phi          4.11108e+00   1.07382e-03   6.67633e-06  -2.42609e-01
   5  R           -6.12649e+01   constant   
   6  alpha_CBO    0.00000e+00     fixed    
   7  w_CBO        2.32500e+00   constant   
   8  beta_CBO     0.00000e+00     fixed    
   9  alpha_2CBO   0.00000e+00     fixed    
  10  beta_2CBO    0.00000e+00     fixed    
  11  alpha_y      0.00000e+00     fixed    
  12  w_y          1.44500e+01   constant   
  13  beta_y       0.00000e+00     fixed    
  14  alpha_vw     0.00000e+00     fixed    
  15  w_vw         1.29000e+01   constant   
  16  beta_vw      0.00000e+00     fixed    
  17  LM          -3.89610e-04   constant   
  18  zeta_y       0.00000e+00   constant   
  19  zeta_vw      0.00000e+00   constant   
 EXTERNAL ERROR MATRIX.    NDIM=  25    NPAR=  3    ERR DEF=1
  6.910e+05  6.360e-02  2.811e-04 
  6.360e-02  1.176e-07  2.291e-09 
  2.811e-04  2.291e-09  1.153e-06 
 PARAMETER  CORRELATION COEFFICIENTS  
       NO.  GLOBAL      1      3      4
        1  0.22307   1.000  0.223  0.000
        3  0.22316   0.223  1.000  0.006
        4  0.00632   0.000  0.006  1.000
MINUIT - FIT ONLY 1-CBO + wiggle
 **********
 **   16 **RES 
 **********
                   PARAMETER   16  beta_vw RESTORED TO VARIABLE.
                   PARAMETER   14  alpha_vw RESTORED TO VARIABLE.
                   PARAMETER   13  beta_y RESTORED TO VARIABLE.
                   PARAMETER   11  alpha_y RESTORED TO VARIABLE.
                   PARAMETER   10  beta_2CBO RESTORED TO VARIABLE.
                   PARAMETER    9  alpha_2CBO RESTORED TO VARIABLE.
                   PARAMETER    8  beta_CBO RESTORED TO VARIABLE.
                   PARAMETER    6  alpha_CBO RESTORED TO VARIABLE.
 **********
 **   17 **FIX            8
 **********
 **********
 **   18 **FIX            9
 **********
 **********
 **   19 **FIX           11
 **********
 **********
 **   20 **FIX           12
 **********
 PARAMETER   12  IS CONSTANT.   IGNORED.
 **********
 **   21 **FIX           14
 **********
 **********
 **   22 **FIX           15
 **********
 PARAMETER   15  IS CONSTANT.   IGNORED.
 **********
 **   23 **FIX           16
 **********
 **********
 **   24 **MIGRAD
 **********
 START MIGRAD MINIMIZATION.  STRATEGY  1.  CONVERGENCE WHEN EDM .LT. 1.00e-04
 FCN=161.149 FROM MIGRAD    STATUS=INITIATE       18 CALLS          71 TOTAL
                     EDM= unknown      STRATEGY= 1      NO ERROR MATRIX       
  EXT PARAMETER               CURRENT GUESS       STEP         FIRST   
  NO.   NAME      VALUE            ERROR          SIZE      DERIVATIVE 
   1  N0           2.93458e+06   8.31256e+02   4.98963e+00  -1.62677e-07
   2  tau          6.43896e+01   constant   
   3  A0           3.52406e-01   3.42979e-04   2.07871e-06   1.65860e-02
   4  phi          4.11108e+00   1.07382e-03   6.67633e-06  -2.42608e-01
   5  R           -6.12649e+01   constant   
   6  alpha_CBO    0.00000e+00   1.00000e-03   1.00000e-03  -3.45395e+04
   7  w_CBO        2.32500e+00   constant   
   8  beta_CBO     0.00000e+00     fixed    
   9  alpha_2CBO   0.00000e+00     fixed    
  10  beta_2CBO    0.00000e+00   1.00000e-03   1.00000e-03  -7.14306e+03
  11  alpha_y      0.00000e+00     fixed    
  12  w_y          1.44500e+01   constant   
  13  beta_y       0.00000e+00   1.00000e-03   1.00000e-03  -7.06689e+03
  14  alpha_vw     0.00000e+00     fixed    
  15  w_vw         1.29000e+01   constant   
  16  beta_vw      0.00000e+00     fixed    
  17  LM          -3.89610e-04   constant   
  18  zeta_y       0.00000e+00   constant   
  19  zeta_vw      0.00000e+00   constant   
 MIGRAD MINIMIZATION HAS CONVERGED.
 MIGRAD WILL VERIFY CONVERGENCE AND ERROR MATRIX.
 COVARIANCE MATRIX CALCULATED SUCCESSFULLY
 FCN=108.589 FROM MIGRAD    STATUS=CONVERGED     112 CALLS         165 TOTAL
                     EDM=7.60847e-06    STRATEGY= 1      ERROR MATRIX ACCURATE 
  EXT PARAMETER                                   STEP         FIRST   
  NO.   NAME      VALUE            ERROR          SIZE      DERIVATIVE 
   1  N0           2.93464e+06   8.31735e+02   4.10207e+00   1.40672e-06
   2  tau          6.43896e+01   constant   
   3  A0           3.52034e-01   3.47014e-04   1.70912e-06  -3.14559e-02
   4  phi          4.11202e+00   1.08399e-03   5.49640e-06   7.73815e-01
   5  R           -6.12649e+01   constant   
   6  alpha_CBO    2.80898e-03   4.02513e-04   2.01585e-06   2.31869e+00
   7  w_CBO        2.32500e+00   constant   
   8  beta_CBO     0.00000e+00     fixed    
   9  alpha_2CBO   0.00000e+00     fixed    
  10  beta_2CBO    6.41332e-04   3.92615e-04   2.00341e-06  -7.13169e+00
  11  alpha_y      0.00000e+00     fixed    
  12  w_y          1.44500e+01   constant   
  13  beta_y       4.96689e-04   3.91127e-04   1.99875e-06  -5.42945e+00
  14  alpha_vw     0.00000e+00     fixed    
  15  w_vw         1.29000e+01   constant   
  16  beta_vw      0.00000e+00     fixed    
  17  LM          -3.89610e-04   constant   
  18  zeta_y       0.00000e+00   constant   
  19  zeta_vw      0.00000e+00   constant   
 EXTERNAL ERROR MATRIX.    NDIM=  25    NPAR=  6    ERR DEF=1
  6.918e+05  6.316e-02  1.506e-04  8.448e-04  1.099e-02 -3.592e-03 
  6.316e-02  1.204e-07 -4.539e-09 -2.093e-08 -3.916e-09  1.052e-09 
  1.506e-04 -4.539e-09  1.175e-06  5.465e-08 -3.603e-09  2.873e-09 
  8.448e-04 -2.093e-08  5.465e-08  1.620e-07  5.299e-09 -2.483e-09 
  1.099e-02 -3.916e-09 -3.603e-09  5.299e-09  1.541e-07 -1.552e-10 
 -3.592e-03  1.052e-09  2.873e-09 -2.483e-09 -1.552e-10  1.530e-07 
 PARAMETER  CORRELATION COEFFICIENTS  
       NO.  GLOBAL      1      3      4      6     10     13
        1  0.22545   1.000  0.219  0.000  0.003  0.034 -0.011
        3  0.26754   0.219  1.000 -0.012 -0.150 -0.029  0.008
        4  0.12636   0.000 -0.012  1.000  0.125 -0.008  0.007
        6  0.20010   0.003 -0.150  0.125  1.000  0.034 -0.016
       10  0.05871   0.034 -0.029 -0.008  0.034  1.000 -0.001
       13  0.02263  -0.011  0.008  0.007 -0.016 -0.001  1.000
MINUIT - FIT ONLY 2-CBO
 **********
 **   25 **RES 
 **********
                   PARAMETER   16  beta_vw RESTORED TO VARIABLE.
                   PARAMETER   14  alpha_vw RESTORED TO VARIABLE.
                   PARAMETER   11  alpha_y RESTORED TO VARIABLE.
                   PARAMETER    9  alpha_2CBO RESTORED TO VARIABLE.
                   PARAMETER    8  beta_CBO RESTORED TO VARIABLE.
 **********
 **   26 **FIX            0
 **********
 PARAMETER    0  IS UNDEFINED. IGNORED.
 **********
 **   27 **FIX            1
 **********
 **********
 **   28 **FIX            2
 **********
 PARAMETER    2  IS CONSTANT.   IGNORED.
 **********
 **   29 **FIX            3
 **********
 **********
 **   30 **FIX            4
 **********
 **********
 **   31 **FIX            5
 **********
 PARAMETER    5  IS CONSTANT.   IGNORED.
 **********
 **   32 **FIX            6
 **********
 **********
 **   33 **FIX            7
 **********
 PARAMETER    7  IS CONSTANT.   IGNORED.
 **********
 **   34 **FIX           10
 **********
 **********
 **   35 **FIX           11
 **********
 **********
 **   36 **FIX           12
 **********
 PARAMETER   12  IS CONSTANT.   IGNORED.
 **********
 **   37 **FIX           13
 **********
 **********
 **   38 **FIX           14
 **********
 **********
 **   39 **FIX           15
 **********
 PARAMETER   15  IS CONSTANT.   IGNORED.
 **********
 **   40 **FIX           16
 **********
 **********
 **   41 **MIGRAD
 **********
 START MIGRAD MINIMIZATION.  STRATEGY  1.  CONVERGENCE WHEN EDM .LT. 1.00e-04
 FCN=108.589 FROM MIGRAD    STATUS=INITIATE        8 CALLS         173 TOTAL
                     EDM= unknown      STRATEGY= 1      NO ERROR MATRIX       
  EXT PARAMETER               CURRENT GUESS       STEP         FIRST   
  NO.   NAME      VALUE            ERROR          SIZE      DERIVATIVE 
   1  N0           2.93464e+06     fixed    
   2  tau          6.43896e+01   constant   
   3  A0           3.52034e-01     fixed    
   4  phi          4.11202e+00     fixed    
   5  R           -6.12649e+01   constant   
   6  alpha_CBO    2.80898e-03     fixed    
   7  w_CBO        2.32500e+00   constant   
   8  beta_CBO     0.00000e+00   1.00000e-03   1.00000e-03   3.78476e+04
   9  alpha_2CBO   0.00000e+00   1.00000e-03   1.00000e-03  -6.38619e+03
  10  beta_2CBO    6.41332e-04     fixed    
  11  alpha_y      0.00000e+00     fixed    
  12  w_y          1.44500e+01   constant   
  13  beta_y       4.96689e-04     fixed    
  14  alpha_vw     0.00000e+00     fixed    
  15  w_vw         1.29000e+01   constant   
  16  beta_vw      0.00000e+00     fixed    
  17  LM          -3.89610e-04   constant   
  18  zeta_y       0.00000e+00   constant   
  19  zeta_vw      0.00000e+00   constant   
 MIGRAD MINIMIZATION HAS CONVERGED.
 MIGRAD WILL VERIFY CONVERGENCE AND ERROR MATRIX.
 COVARIANCE MATRIX CALCULATED SUCCESSFULLY
 FCN=53.8861 FROM MIGRAD    STATUS=CONVERGED      28 CALLS         193 TOTAL
                     EDM=3.43414e-06    STRATEGY= 1      ERROR MATRIX ACCURATE 
  EXT PARAMETER                                   STEP         FIRST   
  NO.   NAME      VALUE            ERROR          SIZE      DERIVATIVE 
   1  N0           2.93464e+06     fixed    
   2  tau          6.43896e+01   constant   
   3  A0           3.52034e-01     fixed    
   4  phi          4.11202e+00     fixed    
   5  R           -6.12649e+01   constant   
   6  alpha_CBO    2.80898e-03     fixed    
   7  w_CBO        2.32500e+00   constant   
   8  beta_CBO    -2.81984e-03   3.86766e-04   1.39875e-06   1.12984e+00
   9  alpha_2CBO   4.19763e-04   3.89103e-04   1.40720e-06   6.61579e+00
  10  beta_2CBO    6.41332e-04     fixed    
  11  alpha_y      0.00000e+00     fixed    
  12  w_y          1.44500e+01   constant   
  13  beta_y       4.96689e-04     fixed    
  14  alpha_vw     0.00000e+00     fixed    
  15  w_vw         1.29000e+01   constant   
  16  beta_vw      0.00000e+00     fixed    
  17  LM          -3.89610e-04   constant   
  18  zeta_y       0.00000e+00   constant   
  19  zeta_vw      0.00000e+00   constant   
 EXTERNAL ERROR MATRIX.    NDIM=  25    NPAR=  2    ERR DEF=1
  1.496e-07  3.391e-09 
  3.391e-09  1.514e-07 
 PARAMETER  CORRELATION COEFFICIENTS  
       NO.  GLOBAL      8      9
        8  0.02254   1.000  0.023
        9  0.02254   0.023  1.000
MINUIT - FIT wiggle + 1-CBO + 2-CBO
 **********
 **   42 **RES 
 **********
                   PARAMETER   16  beta_vw RESTORED TO VARIABLE.
                   PARAMETER   14  alpha_vw RESTORED TO VARIABLE.
                   PARAMETER   13  beta_y RESTORED TO VARIABLE.
                   PARAMETER   11  alpha_y RESTORED TO VARIABLE.
                   PARAMETER   10  beta_2CBO RESTORED TO VARIABLE.
                   PARAMETER    6  alpha_CBO RESTORED TO VARIABLE.
                   PARAMETER    4  phi RESTORED TO VARIABLE.
                   PARAMETER    3  A0 RESTORED TO VARIABLE.
                   PARAMETER    1  N0 RESTORED TO VARIABLE.
 **********
 **   43 **FIX           10
 **********
 **********
 **   44 **FIX           11
 **********
 **********
 **   45 **FIX           12
 **********
 PARAMETER   12  IS CONSTANT.   IGNORED.
 **********
 **   46 **FIX           13
 **********
 **********
 **   47 **FIX           14
 **********
 **********
 **   48 **FIX           15
 **********
 PARAMETER   15  IS CONSTANT.   IGNORED.
 **********
 **   49 **FIX           16
 **********
 **********
 **   50 **MIGRAD
 **********
 START MIGRAD MINIMIZATION.  STRATEGY  1.  CONVERGENCE WHEN EDM .LT. 1.00e-04
 FCN=53.8861 FROM MIGRAD    STATUS=INITIATE       12 CALLS         205 TOTAL
                     EDM= unknown      STRATEGY= 1      NO ERROR MATRIX       
  EXT PARAMETER               CURRENT GUESS       STEP         FIRST   
  NO.   NAME      VALUE            ERROR          SIZE      DERIVATIVE 
   1  N0           2.93464e+06   8.31735e+02   8.31735e+02   6.77334e-06
   2  tau          6.43896e+01   constant   
   3  A0           3.52034e-01   3.47014e-04   3.47014e-04  -3.48890e+03
   4  phi          4.11202e+00   1.08399e-03   1.08399e-03  -2.91417e+03
   5  R           -6.12649e+01   constant   
   6  alpha_CBO    2.80898e-03   4.02513e-04   4.02513e-04   9.05233e+02
   7  w_CBO        2.32500e+00   constant   
   8  beta_CBO    -2.81984e-03   3.86766e-04   1.39875e-06   1.12985e+00
   9  alpha_2CBO   4.19763e-04   3.89103e-04   1.40720e-06   6.61579e+00
  10  beta_2CBO    6.41332e-04     fixed    
  11  alpha_y      0.00000e+00     fixed    
  12  w_y          1.44500e+01   constant   
  13  beta_y       4.96689e-04     fixed    
  14  alpha_vw     0.00000e+00     fixed    
  15  w_vw         1.29000e+01   constant   
  16  beta_vw      0.00000e+00     fixed    
  17  LM          -3.89610e-04   constant   
  18  zeta_y       0.00000e+00   constant   
  19  zeta_vw      0.00000e+00   constant   
 MIGRAD MINIMIZATION HAS CONVERGED.
 MIGRAD WILL VERIFY CONVERGENCE AND ERROR MATRIX.
 COVARIANCE MATRIX CALCULATED SUCCESSFULLY
 FCN=50.902 FROM MIGRAD    STATUS=CONVERGED     106 CALLS         299 TOTAL
                     EDM=4.29357e-07    STRATEGY= 1      ERROR MATRIX ACCURATE 
  EXT PARAMETER                                   STEP         FIRST   
  NO.   NAME      VALUE            ERROR          SIZE      DERIVATIVE 
   1  N0           2.93475e+06   8.31582e+02   2.82311e+00  -2.54276e-07
   2  tau          6.43896e+01   constant   
   3  A0           3.52259e-01   3.48294e-04   1.17614e-06   1.50118e+00
   4  phi          4.11379e+00   1.10775e-03   3.77935e-06   3.53314e-02
   5  R           -6.12649e+01   constant   
   6  alpha_CBO    2.77765e-03   4.02546e-04   1.38731e-06   2.02728e+00
   7  w_CBO        2.32500e+00   constant   
   8  beta_CBO    -2.97514e-03   3.97083e-04   1.36018e-06   6.26097e-01
   9  alpha_2CBO   4.33337e-04   3.89710e-04   1.36840e-06   2.68554e-03
  10  beta_2CBO    6.41332e-04     fixed    
  11  alpha_y      0.00000e+00     fixed    
  12  w_y          1.44500e+01   constant   
  13  beta_y       4.96689e-04     fixed    
  14  alpha_vw     0.00000e+00     fixed    
  15  w_vw         1.29000e+01   constant   
  16  beta_vw      0.00000e+00     fixed    
  17  LM          -3.89610e-04   constant   
  18  zeta_y       0.00000e+00   constant   
  19  zeta_vw      0.00000e+00   constant   
 EXTERNAL ERROR MATRIX.    NDIM=  25    NPAR=  6    ERR DEF=1
  6.915e+05  6.371e-02  3.800e-03  6.443e-04 -4.170e-03  7.686e-03 
  6.371e-02  1.213e-07  2.354e-09 -2.103e-08 -1.236e-08 -2.672e-09 
  3.800e-03  2.354e-09  1.227e-06  5.407e-08 -9.086e-08  1.461e-08 
  6.443e-04 -2.103e-08  5.407e-08  1.620e-07  2.593e-09  5.503e-09 
 -4.170e-03 -1.236e-08 -9.086e-08  2.593e-09  1.577e-07  2.759e-09 
  7.686e-03 -2.672e-09  1.461e-08  5.503e-09  2.759e-09  1.519e-07 
 PARAMETER  CORRELATION COEFFICIENTS  
       NO.  GLOBAL      1      3      4      6      8      9
        1  0.22452   1.000  0.220  0.004  0.002 -0.013  0.024
        3  0.28014   0.220  1.000  0.006 -0.150 -0.089 -0.020
        4  0.24362   0.004  0.006  1.000  0.121 -0.207  0.034
        6  0.20045   0.002 -0.150  0.121  1.000  0.016  0.035
        8  0.22757  -0.013 -0.089 -0.207  0.016  1.000  0.018
        9  0.06026   0.024 -0.020  0.034  0.035  0.018  1.000
MINUIT - FIT ONLY 1-y
 **********
 **   51 **RES 
 **********
                   PARAMETER   16  beta_vw RESTORED TO VARIABLE.
                   PARAMETER   14  alpha_vw RESTORED TO VARIABLE.
                   PARAMETER   13  beta_y RESTORED TO VARIABLE.
                   PARAMETER   11  alpha_y RESTORED TO VARIABLE.
                   PARAMETER   10  beta_2CBO RESTORED TO VARIABLE.
 **********
 **   52 **FIX            0
 **********
 PARAMETER    0  IS UNDEFINED. IGNORED.
 **********
 **   53 **FIX            1
 **********
 **********
 **   54 **FIX            2
 **********
 PARAMETER    2  IS CONSTANT.   IGNORED.
 **********
 **   55 **FIX            3
 **********
 **********
 **   56 **FIX            4
 **********
 **********
 **   57 **FIX            5
 **********
 PARAMETER    5  IS CONSTANT.   IGNORED.
 **********
 **   58 **FIX            6
 **********
 **********
 **   59 **FIX            7
 **********
 PARAMETER    7  IS CONSTANT.   IGNORED.
 **********
 **   60 **FIX            8
 **********
 **********
 **   61 **FIX            9
 **********
 **********
 **   62 **FIX           13
 **********
 **********
 **   63 **FIX           14
 **********
 **********
 **   64 **FIX           15
 **********
 PARAMETER   15  IS CONSTANT.   IGNORED.
 **********
 **   65 **FIX           16
 **********
 **********
 **   66 **MIGRAD
 **********
 START MIGRAD MINIMIZATION.  STRATEGY  1.  CONVERGENCE WHEN EDM .LT. 1.00e-04
 FCN=50.902 FROM MIGRAD    STATUS=INITIATE        6 CALLS         305 TOTAL
                     EDM= unknown      STRATEGY= 1      NO ERROR MATRIX       
  EXT PARAMETER               CURRENT GUESS       STEP         FIRST   
  NO.   NAME      VALUE            ERROR          SIZE      DERIVATIVE 
   1  N0           2.93475e+06     fixed    
   2  tau          6.43896e+01   constant   
   3  A0           3.52259e-01     fixed    
   4  phi          4.11379e+00     fixed    
   5  R           -6.12649e+01   constant   
   6  alpha_CBO    2.77765e-03     fixed    
   7  w_CBO        2.32500e+00   constant   
   8  beta_CBO    -2.97514e-03     fixed    
   9  alpha_2CBO   4.33337e-04     fixed    
  10  beta_2CBO    6.41332e-04   3.92615e-04   3.92615e-04   1.10520e+03
  11  alpha_y      0.00000e+00   1.00000e-03   1.00000e-03  -2.73517e+03
  12  w_y          1.44500e+01   constant   
  13  beta_y       4.96689e-04     fixed    
  14  alpha_vw     0.00000e+00     fixed    
  15  w_vw         1.29000e+01   constant   
  16  beta_vw      0.00000e+00     fixed    
  17  LM          -3.89610e-04   constant   
  18  zeta_y       0.00000e+00   constant   
  19  zeta_vw      0.00000e+00   constant   
 MIGRAD MINIMIZATION HAS CONVERGED.
 MIGRAD WILL VERIFY CONVERGENCE AND ERROR MATRIX.
 COVARIANCE MATRIX CALCULATED SUCCESSFULLY
 FCN=50.568 FROM MIGRAD    STATUS=CONVERGED      26 CALLS         325 TOTAL
                     EDM=2.87586e-09    STRATEGY= 1      ERROR MATRIX ACCURATE 
  EXT PARAMETER                                   STEP         FIRST   
  NO.   NAME      VALUE            ERROR          SIZE      DERIVATIVE 
   1  N0           2.93475e+06     fixed    
   2  tau          6.43896e+01   constant   
   3  A0           3.52259e-01     fixed    
   4  phi          4.11379e+00     fixed    
   5  R           -6.12649e+01   constant   
   6  alpha_CBO    2.77765e-03     fixed    
   7  w_CBO        2.32500e+00   constant   
   8  beta_CBO    -2.97514e-03     fixed    
   9  alpha_2CBO   4.33337e-04     fixed    
  10  beta_2CBO    5.54013e-04   3.91966e-04   1.37429e-06  -1.80091e-01
  11  alpha_y      2.08977e-04   3.90001e-04   1.36740e-06  -7.32067e-02
  12  w_y          1.44500e+01   constant   
  13  beta_y       4.96689e-04     fixed    
  14  alpha_vw     0.00000e+00     fixed    
  15  w_vw         1.29000e+01   constant   
  16  beta_vw      0.00000e+00     fixed    
  17  LM          -3.89610e-04   constant   
  18  zeta_y       0.00000e+00   constant   
  19  zeta_vw      0.00000e+00   constant   
 EXTERNAL ERROR MATRIX.    NDIM=  25    NPAR=  2    ERR DEF=1
  1.536e-07 -1.757e-09 
 -1.757e-09  1.521e-07 
 PARAMETER  CORRELATION COEFFICIENTS  
       NO.  GLOBAL     10     11
       10  0.01150   1.000 -0.011
       11  0.01150  -0.011  1.000
MINUIT - FIT ONLY 2-y
 **********
 **   67 **RES 
 **********
                   PARAMETER   16  beta_vw RESTORED TO VARIABLE.
                   PARAMETER   14  alpha_vw RESTORED TO VARIABLE.
                   PARAMETER   13  beta_y RESTORED TO VARIABLE.
                   PARAMETER    9  alpha_2CBO RESTORED TO VARIABLE.
                   PARAMETER    8  beta_CBO RESTORED TO VARIABLE.
                   PARAMETER    6  alpha_CBO RESTORED TO VARIABLE.
                   PARAMETER    4  phi RESTORED TO VARIABLE.
                   PARAMETER    3  A0 RESTORED TO VARIABLE.
                   PARAMETER    1  N0 RESTORED TO VARIABLE.
 **********
 **   68 **FIX            0
 **********
 PARAMETER    0  IS UNDEFINED. IGNORED.
 **********
 **   69 **FIX            1
 **********
 **********
 **   70 **FIX            2
 **********
 PARAMETER    2  IS CONSTANT.   IGNORED.
 **********
 **   71 **FIX            3
 **********
 **********
 **   72 **FIX            4
 **********
 **********
 **   73 **FIX            5
 **********
 PARAMETER    5  IS CONSTANT.   IGNORED.
 **********
 **   74 **FIX            6
 **********
 **********
 **   75 **FIX            7
 **********
 PARAMETER    7  IS CONSTANT.   IGNORED.
 **********
 **   76 **FIX            8
 **********
 **********
 **   77 **FIX            9
 **********
 **********
 **   78 **FIX           10
 **********
 **********
 **   79 **FIX           11
 **********
 **********
 **   80 **FIX           12
 **********
 PARAMETER   12  IS CONSTANT.   IGNORED.
 **********
 **   81 **FIX           16
 **********
 **********
 **   82 **MIGRAD
 **********
 START MIGRAD MINIMIZATION.  STRATEGY  1.  CONVERGENCE WHEN EDM .LT. 1.00e-04
 FCN=50.568 FROM MIGRAD    STATUS=INITIATE        6 CALLS         331 TOTAL
                     EDM= unknown      STRATEGY= 1      NO ERROR MATRIX       
  EXT PARAMETER               CURRENT GUESS       STEP         FIRST   
  NO.   NAME      VALUE            ERROR          SIZE      DERIVATIVE 
   1  N0           2.93475e+06     fixed    
   2  tau          6.43896e+01   constant   
   3  A0           3.52259e-01     fixed    
   4  phi          4.11379e+00     fixed    
   5  R           -6.12649e+01   constant   
   6  alpha_CBO    2.77765e-03     fixed    
   7  w_CBO        2.32500e+00   constant   
   8  beta_CBO    -2.97514e-03     fixed    
   9  alpha_2CBO   4.33337e-04     fixed    
  10  beta_2CBO    5.54013e-04     fixed    
  11  alpha_y      2.08977e-04     fixed    
  12  w_y          1.44500e+01   constant   
  13  beta_y       4.96689e-04   3.91127e-04   3.91127e-04  -2.64434e+02
  14  alpha_vw     0.00000e+00   1.00000e-03   1.00000e-03   4.67975e+02
  15  w_vw         1.29000e+01   constant   
  16  beta_vw      0.00000e+00     fixed    
  17  LM          -3.89610e-04   constant   
  18  zeta_y       0.00000e+00   constant   
  19  zeta_vw      0.00000e+00   constant   
 MIGRAD MINIMIZATION HAS CONVERGED.
 MIGRAD WILL VERIFY CONVERGENCE AND ERROR MATRIX.
 COVARIANCE MATRIX CALCULATED SUCCESSFULLY
 FCN=50.5569 FROM MIGRAD    STATUS=CONVERGED      21 CALLS         346 TOTAL
                     EDM=5.70936e-07    STRATEGY= 1      ERROR MATRIX ACCURATE 
  EXT PARAMETER                                   STEP         FIRST   
  NO.   NAME      VALUE            ERROR          SIZE      DERIVATIVE 
   1  N0           2.93475e+06     fixed    
   2  tau          6.43896e+01   constant   
   3  A0           3.52259e-01     fixed    
   4  phi          4.11379e+00     fixed    
   5  R           -6.12649e+01   constant   
   6  alpha_CBO    2.77765e-03     fixed    
   7  w_CBO        2.32500e+00   constant   
   8  beta_CBO    -2.97514e-03     fixed    
   9  alpha_2CBO   4.33337e-04     fixed    
  10  beta_2CBO    5.54013e-04     fixed    
  11  alpha_y      2.08977e-04     fixed    
  12  w_y          1.44500e+01   constant   
  13  beta_y       5.16905e-04   3.91027e-04   1.37093e-06   2.38661e+00
  14  alpha_vw    -3.60538e-05   3.92541e-04   1.37624e-06  -1.33820e+00
  15  w_vw         1.29000e+01   constant   
  16  beta_vw      0.00000e+00     fixed    
  17  LM          -3.89610e-04   constant   
  18  zeta_y       0.00000e+00   constant   
  19  zeta_vw      0.00000e+00   constant   
 EXTERNAL ERROR MATRIX.    NDIM=  25    NPAR=  2    ERR DEF=1
  1.529e-07  7.798e-10 
  7.798e-10  1.541e-07 
 PARAMETER  CORRELATION COEFFICIENTS  
       NO.  GLOBAL     13     14
       13  0.00508   1.000  0.005
       14  0.00508   0.005  1.000
MINUIT - FIT ALTOGETHER
 **********
 **   83 **RES 
 **********
                   PARAMETER   16  beta_vw RESTORED TO VARIABLE.
                   PARAMETER   11  alpha_y RESTORED TO VARIABLE.
                   PARAMETER   10  beta_2CBO RESTORED TO VARIABLE.
                   PARAMETER    9  alpha_2CBO RESTORED TO VARIABLE.
                   PARAMETER    8  beta_CBO RESTORED TO VARIABLE.
                   PARAMETER    6  alpha_CBO RESTORED TO VARIABLE.
                   PARAMETER    4  phi RESTORED TO VARIABLE.
                   PARAMETER    3  A0 RESTORED TO VARIABLE.
                   PARAMETER    1  N0 RESTORED TO VARIABLE.
 **********
 **   84 **MIGRAD
 **********
 START MIGRAD MINIMIZATION.  STRATEGY  1.  CONVERGENCE WHEN EDM .LT. 1.00e-04
 FCN=50.5569 FROM MIGRAD    STATUS=INITIATE       24 CALLS         370 TOTAL
                     EDM= unknown      STRATEGY= 1      NO ERROR MATRIX       
  EXT PARAMETER               CURRENT GUESS       STEP         FIRST   
  NO.   NAME      VALUE            ERROR          SIZE      DERIVATIVE 
   1  N0           2.93475e+06   8.31582e+02   8.31582e+02   3.88324e-05
   2  tau          6.43896e+01   constant   
   3  A0           3.52259e-01   3.48294e-04   3.48294e-04  -6.70477e+01
   4  phi          4.11379e+00   1.10775e-03   1.10775e-03   3.87503e+00
   5  R           -6.12649e+01   constant   
   6  alpha_CBO    2.77765e-03   4.02546e-04   4.02546e-04   6.86771e+01
   7  w_CBO        2.32500e+00   constant   
   8  beta_CBO    -2.97514e-03   3.97083e-04   3.97083e-04   5.70316e+01
   9  alpha_2CBO   4.33337e-04   3.89710e-04   3.89710e-04   8.21924e+00
  10  beta_2CBO    5.54013e-04   3.91966e-04   3.91966e-04  -8.47248e+00
  11  alpha_y      2.08977e-04   3.90001e-04   3.90001e-04  -8.42613e+00
  12  w_y          1.44500e+01   constant   
  13  beta_y       5.16905e-04   3.91027e-04   1.37093e-06   2.38661e+00
  14  alpha_vw    -3.60538e-05   3.92541e-04   1.37624e-06  -1.33820e+00
  15  w_vw         1.29000e+01   constant   
  16  beta_vw      0.00000e+00   1.00000e-03   1.00000e-03   2.60219e+03
  17  LM          -3.89610e-04   constant   
  18  zeta_y       0.00000e+00   constant   
  19  zeta_vw      0.00000e+00   constant   
 MIGRAD MINIMIZATION HAS CONVERGED.
 MIGRAD WILL VERIFY CONVERGENCE AND ERROR MATRIX.
 COVARIANCE MATRIX CALCULATED SUCCESSFULLY
 FCN=50.3001 FROM MIGRAD    STATUS=CONVERGED     171 CALLS         517 TOTAL
                     EDM=5.91547e-06    STRATEGY= 1      ERROR MATRIX ACCURATE 
  EXT PARAMETER                                   STEP         FIRST   
  NO.   NAME      VALUE            ERROR          SIZE      DERIVATIVE 
   1  N0           2.93474e+06   8.32197e+02   2.80667e+00   8.72653e-07
   2  tau          6.43896e+01   constant   
   3  A0           3.52263e-01   3.48493e-04   1.16931e-06  -8.95965e+00
   4  phi          4.11379e+00   1.10834e-03   3.75728e-06   5.63942e-01
   5  R           -6.12649e+01   constant   
   6  alpha_CBO    2.76825e-03   4.02918e-04   1.37924e-06  -8.02253e-01
   7  w_CBO        2.32500e+00   constant   
   8  beta_CBO    -2.98121e-03   3.97355e-04   1.35227e-06   1.34410e+00
   9  alpha_2CBO   4.30859e-04   3.89916e-04   1.36045e-06   1.21521e+00
  10  beta_2CBO    5.51449e-04   3.92975e-04   1.37073e-06  -4.30715e-01
  11  alpha_y      2.08164e-04   3.90214e-04   1.36385e-06  -2.85721e+00
  12  w_y          1.44500e+01   constant   
  13  beta_y       5.16571e-04   3.91192e-04   1.36751e-06  -1.20079e+00
  14  alpha_vw    -3.61376e-05   3.92960e-04   1.37281e-06  -5.07966e-01
  15  w_vw         1.29000e+01   constant   
  16  beta_vw     -1.96711e-04   3.88609e-04   1.35866e-06  -6.34261e-01
  17  LM          -3.89610e-04   constant   
  18  zeta_y       0.00000e+00   constant   
  19  zeta_vw      0.00000e+00   constant   
 EXTERNAL ERROR MATRIX.    NDIM=  25    NPAR= 11    ERR DEF=1
  6.926e+05 
  6.335e-02  1.214e-07 
  3.467e-03  2.521e-09  1.228e-06 
  1.187e-03 -2.122e-08  5.384e-08  1.623e-07 
 -3.720e-03 -1.252e-08 -9.090e-08  2.816e-09  1.579e-07 
  7.873e-03 -2.747e-09  1.418e-08  5.628e-09  2.797e-09  1.520e-07 
  1.111e-02 -4.310e-09 -6.048e-09  5.474e-09  5.021e-09  2.313e-09  1.544e-07 
 -3.609e-03  1.070e-09 -5.867e-09 -2.107e-09 -1.631e-09  8.618e-10 -1.896e-09  1.523e-07 
 -3.671e-03  1.190e-09  3.329e-09 -2.569e-09 -1.155e-09 -1.280e-09 -2.445e-10  2.155e-09  1.530e-07 
 -6.105e-04 -9.610e-11 -1.109e-08  6.183e-10 -1.805e-09  3.906e-09 -2.622e-09 -1.372e-09  6.966e-10  1.544e-07 
  3.182e-03 -4.730e-10  5.468e-10  2.267e-09  1.103e-09  1.103e-09  1.932e-09  1.113e-09  2.218e-10  1.340e-10  1.510e-07 
 PARAMETER  CORRELATION COEFFICIENTS  
       NO.  GLOBAL      1      3      4      6      8      9     10     11     13     14     16
        1  0.22764   1.000  0.218  0.004  0.004 -0.011  0.024  0.034 -0.011 -0.011 -0.002  0.010
        3  0.28199   0.218  1.000  0.007 -0.151 -0.090 -0.020 -0.031  0.008  0.009 -0.001 -0.003
        4  0.24579   0.004  0.007  1.000  0.121 -0.206  0.033 -0.014 -0.014  0.008 -0.025  0.001
        6  0.20481   0.004 -0.151  0.121  1.000  0.018  0.036  0.035 -0.013 -0.016  0.004  0.014
        8  0.23039  -0.011 -0.090 -0.206  0.018  1.000  0.018  0.032 -0.011 -0.007 -0.012  0.007
        9  0.06841   0.024 -0.020  0.033  0.036  0.018  1.000  0.015  0.006 -0.008  0.025  0.007
       10  0.07245   0.034 -0.031 -0.014  0.035  0.032  0.015  1.000 -0.012 -0.002 -0.017  0.013
       11  0.03480  -0.011  0.008 -0.014 -0.013 -0.011  0.006 -0.012  1.000  0.014 -0.009  0.007
       13  0.02936  -0.011  0.009  0.008 -0.016 -0.007 -0.008 -0.002  0.014  1.000  0.005  0.001
       14  0.04630  -0.002 -0.001 -0.025  0.004 -0.012  0.025 -0.017 -0.009  0.005  1.000  0.001
       16  0.02452   0.010 -0.003  0.001  0.014  0.007  0.007  0.013  0.007  0.001  0.001  1.000
MINUIT - MINOS
 **********
 **   85 **RES 
 **********
 CALL TO MNFREE IGNORED.  THERE ARE NO FIXED PARAMETERS
 **********
 **   86 **MIG      2.5e+04        0.01
 **********
 START MIGRAD MINIMIZATION.  STRATEGY  1.  CONVERGENCE WHEN EDM .LT. 1.00e-05
 FCN=50.3001 FROM MIGRAD    STATUS=INITIATE       22 CALLS         539 TOTAL
                     EDM=2.95774e-06    STRATEGY= 1      ERROR MATRIX ACCURATE 
  EXT PARAMETER                                   STEP         FIRST   
  NO.   NAME      VALUE            ERROR          SIZE      DERIVATIVE 
   1  N0           2.93474e+06   8.32197e+02   2.80667e+00   8.72653e-07
   2  tau          6.43896e+01   constant   
   3  A0           3.52263e-01   3.48493e-04   1.16931e-06  -8.95965e+00
   4  phi          4.11379e+00   1.10834e-03   3.75728e-06   5.63943e-01
   5  R           -6.12649e+01   constant   
   6  alpha_CBO    2.76825e-03   4.02918e-04   1.37924e-06  -8.02256e-01
   7  w_CBO        2.32500e+00   constant   
   8  beta_CBO    -2.98121e-03   3.97355e-04   1.35227e-06   1.34410e+00
   9  alpha_2CBO   4.30859e-04   3.89916e-04   1.36045e-06   1.21521e+00
  10  beta_2CBO    5.51449e-04   3.92975e-04   1.37073e-06  -4.30715e-01
  11  alpha_y      2.08164e-04   3.90214e-04   1.36385e-06  -2.85721e+00
  12  w_y          1.44500e+01   constant   
  13  beta_y       5.16571e-04   3.91192e-04   1.36751e-06  -1.20079e+00
  14  alpha_vw    -3.61376e-05   3.92960e-04   1.37281e-06  -5.07964e-01
  15  w_vw         1.29000e+01   constant   
  16  beta_vw     -1.96711e-04   3.88609e-04   1.35866e-06  -6.34261e-01
  17  LM          -3.89610e-04   constant   
  18  zeta_y       0.00000e+00   constant   
  19  zeta_vw      0.00000e+00   constant   
 MIGRAD MINIMIZATION HAS CONVERGED.
 FCN=50.3001 FROM MIGRAD    STATUS=CONVERGED      45 CALLS         562 TOTAL
                     EDM=8.33717e-18    STRATEGY= 1  ERROR MATRIX UNCERTAINTY   0.0 per cent
  EXT PARAMETER                                   STEP         FIRST   
  NO.   NAME      VALUE            ERROR          SIZE      DERIVATIVE 
   1  N0           2.93474e+06   8.32197e+02  -2.52905e-02  -4.63286e-13
   2  tau          6.43896e+01   constant   
   3  A0           3.52263e-01   3.48493e-04   5.18424e-07   1.44319e-06
   4  phi          4.11379e+00   1.10834e-03  -2.72858e-07  -4.69280e-06
   5  R           -6.12649e+01   constant   
   6  alpha_CBO    2.76820e-03   4.02918e-04  -5.34506e-08   1.54808e-06
   7  w_CBO        2.32500e+00   constant   
   8  beta_CBO    -2.98134e-03   3.97355e-04  -1.37577e-07   1.17436e-06
   9  alpha_2CBO   4.30750e-04   3.89916e-04  -1.09434e-07   1.95074e-06
  10  beta_2CBO    5.51455e-04   3.92975e-04   5.31540e-09   9.43432e-07
  11  alpha_y      2.08390e-04   3.90214e-04   2.26168e-07   2.18552e-06
  12  w_y          1.44500e+01   constant   
  13  beta_y       5.16673e-04   3.91192e-04   1.01668e-07   2.36672e-06
  14  alpha_vw    -3.60984e-05   3.92960e-04   3.92073e-08   1.85812e-06
  15  w_vw         1.29000e+01   constant   
  16  beta_vw     -1.96665e-04   3.88609e-04   4.59020e-08   3.93537e-06
  17  LM          -3.89610e-04   constant   
  18  zeta_y       0.00000e+00   constant   
  19  zeta_vw      0.00000e+00   constant   
 EXTERNAL ERROR MATRIX.    NDIM=  25    NPAR= 11    ERR DEF=1
  6.926e+05 
  6.335e-02  1.214e-07 
  3.467e-03  2.521e-09  1.228e-06 
  1.187e-03 -2.122e-08  5.384e-08  1.623e-07 
 -3.720e-03 -1.252e-08 -9.090e-08  2.816e-09  1.579e-07 
  7.873e-03 -2.747e-09  1.418e-08  5.628e-09  2.798e-09  1.520e-07 
  1.111e-02 -4.310e-09 -6.048e-09  5.474e-09  5.021e-09  2.313e-09  1.544e-07 
 -3.609e-03  1.070e-09 -5.867e-09 -2.107e-09 -1.632e-09  8.618e-10 -1.896e-09  1.523e-07 
 -3.671e-03  1.190e-09  3.329e-09 -2.569e-09 -1.155e-09 -1.280e-09 -2.446e-10  2.155e-09  1.530e-07 
 -6.105e-04 -9.613e-11 -1.109e-08  6.183e-10 -1.805e-09  3.906e-09 -2.622e-09 -1.372e-09  6.966e-10  1.544e-07 
  3.182e-03 -4.731e-10  5.469e-10  2.267e-09  1.103e-09  1.103e-09  1.932e-09  1.113e-09  2.218e-10  1.340e-10  1.510e-07 
 PARAMETER  CORRELATION COEFFICIENTS  
       NO.  GLOBAL      1      3      4      6      8      9     10     11     13     14     16
        1  0.22764   1.000  0.218  0.004  0.004 -0.011  0.024  0.034 -0.011 -0.011 -0.002  0.010
        3  0.28199   0.218  1.000  0.007 -0.151 -0.090 -0.020 -0.031  0.008  0.009 -0.001 -0.003
        4  0.24579   0.004  0.007  1.000  0.121 -0.206  0.033 -0.014 -0.014  0.008 -0.025  0.001
        6  0.20481   0.004 -0.151  0.121  1.000  0.018  0.036  0.035 -0.013 -0.016  0.004  0.014
        8  0.23039  -0.011 -0.090 -0.206  0.018  1.000  0.018  0.032 -0.011 -0.007 -0.012  0.007
        9  0.06841   0.024 -0.020  0.033  0.036  0.018  1.000  0.015  0.006 -0.008  0.025  0.007
       10  0.07245   0.034 -0.031 -0.014  0.035  0.032  0.015  1.000 -0.012 -0.002 -0.017  0.013
       11  0.03480  -0.011  0.008 -0.014 -0.013 -0.011  0.006 -0.012  1.000  0.014 -0.009  0.007
       13  0.02936  -0.011  0.009  0.008 -0.016 -0.007 -0.008 -0.002  0.014  1.000  0.005  0.001
       14  0.04630  -0.002 -0.001 -0.025  0.004 -0.012  0.025 -0.017 -0.009  0.005  1.000  0.001
       16  0.02452   0.010 -0.003  0.001  0.014  0.007  0.007  0.013  0.007  0.001  0.001  1.000
 **********
 **   87 **MINO      2.5e+04
 **********
 FCN=50.3001 FROM MINOS     STATUS=SUCCESSFUL    924 CALLS        1486 TOTAL
                     EDM=8.33717e-18    STRATEGY= 1  ERROR MATRIX UNCERTAINTY   0.0 per cent
  EXT PARAMETER                  PARABOLIC         MINOS ERRORS        
  NO.   NAME      VALUE            ERROR      NEGATIVE      POSITIVE   
   1  N0           2.93474e+06   8.32197e+02  -8.32197e+02   8.32197e+02
   2  tau          6.43896e+01   constant   
   3  A0           3.52263e-01   3.48493e-04  -3.48514e-04   3.48471e-04
   4  phi          4.11379e+00   1.10834e-03  -1.10835e-03   1.10833e-03
   5  R           -6.12649e+01   constant   
   6  alpha_CBO    2.76820e-03   4.02918e-04  -4.02921e-04   4.02915e-04
   7  w_CBO        2.32500e+00   constant   
   8  beta_CBO    -2.98134e-03   3.97355e-04  -3.97355e-04   3.97355e-04
   9  alpha_2CBO   4.30750e-04   3.89916e-04  -3.89919e-04   3.89913e-04
  10  beta_2CBO    5.51455e-04   3.92975e-04  -3.92979e-04   3.92971e-04
  11  alpha_y      2.08390e-04   3.90214e-04  -3.90212e-04   3.90215e-04
  12  w_y          1.44500e+01   constant   
  13  beta_y       5.16673e-04   3.91192e-04  -3.91191e-04   3.91194e-04
  14  alpha_vw    -3.60984e-05   3.92960e-04  -3.92960e-04   3.92960e-04
  15  w_vw         1.29000e+01   constant   
  16  beta_vw     -1.96665e-04   3.88609e-04  -3.88610e-04   3.88608e-04
  17  LM          -3.89610e-04   constant   
  18  zeta_y       0.00000e+00   constant   
  19  zeta_vw      0.00000e+00   constant   
 **********
 **   88 **SHO COR 
 **********
 PARAMETER  CORRELATION COEFFICIENTS  
       NO.  GLOBAL      1      3      4      6      8      9     10     11     13     14     16
        1  0.22764   1.000  0.218  0.004  0.004 -0.011  0.024  0.034 -0.011 -0.011 -0.002  0.010
        3  0.28199   0.218  1.000  0.007 -0.151 -0.090 -0.020 -0.031  0.008  0.009 -0.001 -0.003
        4  0.24579   0.004  0.007  1.000  0.121 -0.206  0.033 -0.014 -0.014  0.008 -0.025  0.001
        6  0.20481   0.004 -0.151  0.121  1.000  0.018  0.036  0.035 -0.013 -0.016  0.004  0.014
        8  0.23039  -0.011 -0.090 -0.206  0.018  1.000  0.018  0.032 -0.011 -0.007 -0.012  0.007
        9  0.06841   0.024 -0.020  0.033  0.036  0.018  1.000  0.015  0.006 -0.008  0.025  0.007
       10  0.07245   0.034 -0.031 -0.014  0.035  0.032  0.015  1.000 -0.012 -0.002 -0.017  0.013
       11  0.03480  -0.011  0.008 -0.014 -0.013 -0.011  0.006 -0.012  1.000  0.014 -0.009  0.007
       13  0.02936  -0.011  0.009  0.008 -0.016 -0.007 -0.008 -0.002  0.014  1.000  0.005  0.001
       14  0.04630  -0.002 -0.001 -0.025  0.004 -0.012  0.025 -0.017 -0.009  0.005  1.000  0.001
       16  0.02452   0.010 -0.003  0.001  0.014  0.007  0.007  0.013  0.007  0.001  0.001  1.000
