 + ++++++++++++++++++++++++++++++++++++++++++++++++++++++++++++++++++++ +
 +                                                                      +
 +           You have chose to blind your fitting according to          +
 +                omega_ref * (1 + (R +/- deltaR) *10^{-6})             +
 +                                                                      +
 + ++++++++++++++++++++++++++++++++++++++++++++++++++++++++++++++++++++ +
In main()...
reading format from /gm2data/zkhechad/run45/envelope/formats/formatB_sBin_constraintOn.txt
pBinTau 	= 0  
pBinPhi 	= 0  
constraintau 	= 1 
includeMopTerm 	= 0    
constrainMop    = 0   
Parameters after format file: pBinTau 0 pBinPhi 0 constraintau 1 includeMopTerm 0 constrainMop 0 c_e_scale 0.000000 
Opening file /gm2data/tbarrett/gm2fr/studies/run23_bunch_corrections/CorrectedFourier_Run3b.root.
reading full fit data from /gm2data/zkhechad/cboTemplates/Run4CBOTemplates/templateFits0_v2.0/noRF/sBin_constraintOn_cE0.0_seed0_noRF_calo23.root
windowBins = 69
fitting sliding window 1304 from bin 1440 at 214.698800 to bin 1509 at 225.142800 (69 bins)

Reading data from /gm2data/cornell/histograms/aMethod/histogram_a_noRF.root
 **********
 **    1 **SET PRINTOUT            1
 **********
 **********
 **    2 **SET NOWARNINGS 
 **********
 PARAMETER DEFINITIONS:
    NO.   NAME         VALUE      STEP SIZE      LIMITS
     1 N0           3.09806e+06  1.00000e+02     no limits
     2 tau          6.44406e+01  constant
     3 A0           3.43401e-01  1.00000e-04     no limits
     4 phi          4.11985e+00  1.00000e-02     no limits
     5 R           -6.14862e+01  constant
     6 alpha_CBO    0.00000e+00  1.00000e-03     no limits
     7 w_CBO        2.32500e+00  constant
     8 beta_CBO     0.00000e+00  1.00000e-03     no limits
     9 alpha_2CBO   0.00000e+00  1.00000e-03     no limits
    10 beta_2CBO    0.00000e+00  1.00000e-03     no limits
    11 alpha_y      0.00000e+00  1.00000e-03     no limits
    12 w_y          1.44500e+01  constant
    13 beta_y       0.00000e+00  1.00000e-03     no limits
    14 alpha_vw     0.00000e+00  1.00000e-03     no limits
    15 w_vw         1.29000e+01  constant
    16 beta_vw      0.00000e+00  1.00000e-03     no limits
    17 LM           1.22331e-03  constant
    18 zeta_y       0.00000e+00  constant
    19 zeta_vw      0.00000e+00  constant
MINUIT - FIT ONLY WIGGLE
 **********
 **    3 **FIX            5
 **********
 PARAMETER    5  IS CONSTANT.   IGNORED.
 **********
 **    4 **FIX            6
 **********
 **********
 **    5 **FIX            7
 **********
 PARAMETER    7  IS CONSTANT.   IGNORED.
 **********
 **    6 **FIX            8
 **********
 **********
 **    7 **FIX            9
 **********
 **********
 **    8 **FIX           10
 **********
 **********
 **    9 **FIX           11
 **********
 **********
 **   10 **FIX           12
 **********
 PARAMETER   12  IS CONSTANT.   IGNORED.
 **********
 **   11 **FIX           13
 **********
 **********
 **   12 **FIX           14
 **********
 **********
 **   13 **FIX           15
 **********
 PARAMETER   15  IS CONSTANT.   IGNORED.
 **********
 **   14 **FIX           16
 **********
 **********
 **   15 **MIGRAD
 **********
 FIRST CALL TO USER FUNCTION AT NEW START POINT, WITH IFLAG=4.
 START MIGRAD MINIMIZATION.  STRATEGY  1.  CONVERGENCE WHEN EDM .LT. 1.00e-04
 FCN=186.372 FROM MIGRAD    STATUS=INITIATE       12 CALLS          13 TOTAL
                     EDM= unknown      STRATEGY= 1      NO ERROR MATRIX       
  EXT PARAMETER               CURRENT GUESS       STEP         FIRST   
  NO.   NAME      VALUE            ERROR          SIZE      DERIVATIVE 
   1  N0           3.09806e+06   1.00000e+02   1.00000e+02   3.13647e-03
   2  tau          6.44406e+01   constant   
   3  A0           3.43401e-01   1.00000e-04   1.00000e-04   1.17038e+04
   4  phi          4.11985e+00   1.00000e-02   1.00000e-02  -3.05419e+03
   5  R           -6.14862e+01   constant   
   6  alpha_CBO    0.00000e+00     fixed    
   7  w_CBO        2.32500e+00   constant   
   8  beta_CBO     0.00000e+00     fixed    
   9  alpha_2CBO   0.00000e+00     fixed    
  10  beta_2CBO    0.00000e+00     fixed    
  11  alpha_y      0.00000e+00     fixed    
  12  w_y          1.44500e+01   constant   
  13  beta_y       0.00000e+00     fixed    
  14  alpha_vw     0.00000e+00     fixed    
  15  w_vw         1.29000e+01   constant   
  16  beta_vw      0.00000e+00     fixed    
  17  LM           1.22331e-03   constant   
  18  zeta_y       0.00000e+00   constant   
  19  zeta_vw      0.00000e+00   constant   
 MIGRAD MINIMIZATION HAS CONVERGED.
 MIGRAD WILL VERIFY CONVERGENCE AND ERROR MATRIX.
 COVARIANCE MATRIX CALCULATED SUCCESSFULLY
 FCN=179.93 FROM MIGRAD    STATUS=CONVERGED      51 CALLS          52 TOTAL
                     EDM=6.2147e-06    STRATEGY= 1      ERROR MATRIX ACCURATE 
  EXT PARAMETER                                   STEP         FIRST   
  NO.   NAME      VALUE            ERROR          SIZE      DERIVATIVE 
   1  N0           3.09729e+06   7.19059e+02   4.60338e+00   5.01654e-08
   2  tau          6.44406e+01   constant   
   3  A0           3.42809e-01   3.04480e-04   1.98758e-06  -3.69780e+00
   4  phi          4.12101e+00   9.08338e-04   5.87898e-06   3.62117e+00
   5  R           -6.14862e+01   constant   
   6  alpha_CBO    0.00000e+00     fixed    
   7  w_CBO        2.32500e+00   constant   
   8  beta_CBO     0.00000e+00     fixed    
   9  alpha_2CBO   0.00000e+00     fixed    
  10  beta_2CBO    0.00000e+00     fixed    
  11  alpha_y      0.00000e+00     fixed    
  12  w_y          1.44500e+01   constant   
  13  beta_y       0.00000e+00     fixed    
  14  alpha_vw     0.00000e+00     fixed    
  15  w_vw         1.29000e+01   constant   
  16  beta_vw      0.00000e+00     fixed    
  17  LM           1.22331e-03   constant   
  18  zeta_y       0.00000e+00   constant   
  19  zeta_vw      0.00000e+00   constant   
 EXTERNAL ERROR MATRIX.    NDIM=  25    NPAR=  3    ERR DEF=1
  5.170e+05  2.056e-02  1.045e-01 
  2.056e-02  9.271e-08 -1.161e-08 
  1.045e-01 -1.161e-08  8.251e-07 
 PARAMETER  CORRELATION COEFFICIENTS  
       NO.  GLOBAL      1      3      4
        1  0.18913   1.000  0.094  0.160
        3  0.11026   0.094  1.000 -0.042
        4  0.17000   0.160 -0.042  1.000
MINUIT - FIT ONLY 1-CBO + wiggle
 **********
 **   16 **RES 
 **********
                   PARAMETER   16  beta_vw RESTORED TO VARIABLE.
                   PARAMETER   14  alpha_vw RESTORED TO VARIABLE.
                   PARAMETER   13  beta_y RESTORED TO VARIABLE.
                   PARAMETER   11  alpha_y RESTORED TO VARIABLE.
                   PARAMETER   10  beta_2CBO RESTORED TO VARIABLE.
                   PARAMETER    9  alpha_2CBO RESTORED TO VARIABLE.
                   PARAMETER    8  beta_CBO RESTORED TO VARIABLE.
                   PARAMETER    6  alpha_CBO RESTORED TO VARIABLE.
 **********
 **   17 **FIX            8
 **********
 **********
 **   18 **FIX            9
 **********
 **********
 **   19 **FIX           11
 **********
 **********
 **   20 **FIX           12
 **********
 PARAMETER   12  IS CONSTANT.   IGNORED.
 **********
 **   21 **FIX           14
 **********
 **********
 **   22 **FIX           15
 **********
 PARAMETER   15  IS CONSTANT.   IGNORED.
 **********
 **   23 **FIX           16
 **********
 **********
 **   24 **MIGRAD
 **********
 START MIGRAD MINIMIZATION.  STRATEGY  1.  CONVERGENCE WHEN EDM .LT. 1.00e-04
 FCN=179.93 FROM MIGRAD    STATUS=INITIATE       18 CALLS          70 TOTAL
                     EDM= unknown      STRATEGY= 1      NO ERROR MATRIX       
  EXT PARAMETER               CURRENT GUESS       STEP         FIRST   
  NO.   NAME      VALUE            ERROR          SIZE      DERIVATIVE 
   1  N0           3.09729e+06   7.19059e+02   4.60338e+00   5.01655e-08
   2  tau          6.44406e+01   constant   
   3  A0           3.42809e-01   3.04480e-04   1.98758e-06  -3.69781e+00
   4  phi          4.12101e+00   9.08338e-04   5.87898e-06   3.62112e+00
   5  R           -6.14862e+01   constant   
   6  alpha_CBO    0.00000e+00   1.00000e-03   1.00000e-03   6.20942e+04
   7  w_CBO        2.32500e+00   constant   
   8  beta_CBO     0.00000e+00     fixed    
   9  alpha_2CBO   0.00000e+00     fixed    
  10  beta_2CBO    0.00000e+00   1.00000e-03   1.00000e-03  -1.15143e+04
  11  alpha_y      0.00000e+00     fixed    
  12  w_y          1.44500e+01   constant   
  13  beta_y       0.00000e+00   1.00000e-03   1.00000e-03   1.09758e+03
  14  alpha_vw     0.00000e+00     fixed    
  15  w_vw         1.29000e+01   constant   
  16  beta_vw      0.00000e+00     fixed    
  17  LM           1.22331e-03   constant   
  18  zeta_y       0.00000e+00   constant   
  19  zeta_vw      0.00000e+00   constant   
 MIGRAD MINIMIZATION HAS CONVERGED.
 MIGRAD WILL VERIFY CONVERGENCE AND ERROR MATRIX.
 COVARIANCE MATRIX CALCULATED SUCCESSFULLY
 FCN=73.0015 FROM MIGRAD    STATUS=CONVERGED     112 CALLS         164 TOTAL
                     EDM=1.38435e-06    STRATEGY= 1      ERROR MATRIX ACCURATE 
  EXT PARAMETER                                   STEP         FIRST   
  NO.   NAME      VALUE            ERROR          SIZE      DERIVATIVE 
   1  N0           3.09768e+06   7.21168e+02   2.94439e+00   1.41689e-06
   2  tau          6.44406e+01   constant   
   3  A0           3.43323e-01   3.08631e-04   1.27116e-06  -2.73513e+00
   4  phi          4.11968e+00   9.17744e-04   3.75291e-06  -2.41325e-01
   5  R           -6.14862e+01   constant   
   6  alpha_CBO   -3.35183e-03   3.29573e-04   1.34867e-06  -1.28732e+00
   7  w_CBO        2.32500e+00   constant   
   8  beta_CBO     0.00000e+00     fixed    
   9  alpha_2CBO   0.00000e+00     fixed    
  10  beta_2CBO    4.87731e-04   3.25093e-04   1.36156e-06  -2.88767e+00
  11  alpha_y      0.00000e+00     fixed    
  12  w_y          1.44500e+01   constant   
  13  beta_y      -7.54640e-05   3.21499e-04   1.35019e-06  -7.76155e-01
  14  alpha_vw     0.00000e+00     fixed    
  15  w_vw         1.29000e+01   constant   
  16  beta_vw      0.00000e+00     fixed    
  17  LM           1.22331e-03   constant   
  18  zeta_y       0.00000e+00   constant   
  19  zeta_vw      0.00000e+00   constant   
 EXTERNAL ERROR MATRIX.    NDIM=  25    NPAR=  6    ERR DEF=1
  5.201e+05  2.270e-02  9.712e-02 -1.400e-02 -1.105e-02 -2.959e-03 
  2.270e-02  9.525e-08 -1.848e-08 -1.656e-08  3.635e-12 -1.016e-09 
  9.712e-02 -1.848e-08  8.423e-07  4.531e-08  1.344e-08  2.499e-09 
 -1.400e-02 -1.656e-08  4.531e-08  1.086e-07  3.862e-09  6.531e-10 
 -1.105e-02  3.635e-12  1.344e-08  3.862e-09  1.057e-07  2.877e-10 
 -2.959e-03 -1.016e-09  2.499e-09  6.531e-10  2.877e-10  1.034e-07 
 PARAMETER  CORRELATION COEFFICIENTS  
       NO.  GLOBAL      1      3      4      6     10     13
        1  0.20290   1.000  0.102  0.147 -0.059 -0.047 -0.013
        3  0.19625   0.102  1.000 -0.065 -0.163  0.000 -0.010
        4  0.22849   0.147 -0.065  1.000  0.150  0.045  0.008
        6  0.22555  -0.059 -0.163  0.150  1.000  0.036  0.006
       10  0.07607  -0.047  0.000  0.045  0.036  1.000  0.003
       13  0.01866  -0.013 -0.010  0.008  0.006  0.003  1.000
MINUIT - FIT ONLY 2-CBO
 **********
 **   25 **RES 
 **********
                   PARAMETER   16  beta_vw RESTORED TO VARIABLE.
                   PARAMETER   14  alpha_vw RESTORED TO VARIABLE.
                   PARAMETER   11  alpha_y RESTORED TO VARIABLE.
                   PARAMETER    9  alpha_2CBO RESTORED TO VARIABLE.
                   PARAMETER    8  beta_CBO RESTORED TO VARIABLE.
 **********
 **   26 **FIX            0
 **********
 PARAMETER    0  IS UNDEFINED. IGNORED.
 **********
 **   27 **FIX            1
 **********
 **********
 **   28 **FIX            2
 **********
 PARAMETER    2  IS CONSTANT.   IGNORED.
 **********
 **   29 **FIX            3
 **********
 **********
 **   30 **FIX            4
 **********
 **********
 **   31 **FIX            5
 **********
 PARAMETER    5  IS CONSTANT.   IGNORED.
 **********
 **   32 **FIX            6
 **********
 **********
 **   33 **FIX            7
 **********
 PARAMETER    7  IS CONSTANT.   IGNORED.
 **********
 **   34 **FIX           10
 **********
 **********
 **   35 **FIX           11
 **********
 **********
 **   36 **FIX           12
 **********
 PARAMETER   12  IS CONSTANT.   IGNORED.
 **********
 **   37 **FIX           13
 **********
 **********
 **   38 **FIX           14
 **********
 **********
 **   39 **FIX           15
 **********
 PARAMETER   15  IS CONSTANT.   IGNORED.
 **********
 **   40 **FIX           16
 **********
 **********
 **   41 **MIGRAD
 **********
 START MIGRAD MINIMIZATION.  STRATEGY  1.  CONVERGENCE WHEN EDM .LT. 1.00e-04
 FCN=73.0015 FROM MIGRAD    STATUS=INITIATE        8 CALLS         172 TOTAL
                     EDM= unknown      STRATEGY= 1      NO ERROR MATRIX       
  EXT PARAMETER               CURRENT GUESS       STEP         FIRST   
  NO.   NAME      VALUE            ERROR          SIZE      DERIVATIVE 
   1  N0           3.09768e+06     fixed    
   2  tau          6.44406e+01   constant   
   3  A0           3.43323e-01     fixed    
   4  phi          4.11968e+00     fixed    
   5  R           -6.14862e+01   constant   
   6  alpha_CBO   -3.35183e-03     fixed    
   7  w_CBO        2.32500e+00   constant   
   8  beta_CBO     0.00000e+00   1.00000e-03   1.00000e-03  -1.74407e+04
   9  alpha_2CBO   0.00000e+00   1.00000e-03   1.00000e-03  -4.24023e+03
  10  beta_2CBO    4.87731e-04     fixed    
  11  alpha_y      0.00000e+00     fixed    
  12  w_y          1.44500e+01   constant   
  13  beta_y      -7.54640e-05     fixed    
  14  alpha_vw     0.00000e+00     fixed    
  15  w_vw         1.29000e+01   constant   
  16  beta_vw      0.00000e+00     fixed    
  17  LM           1.22331e-03   constant   
  18  zeta_y       0.00000e+00   constant   
  19  zeta_vw      0.00000e+00   constant   
 MIGRAD MINIMIZATION HAS CONVERGED.
 MIGRAD WILL VERIFY CONVERGENCE AND ERROR MATRIX.
 COVARIANCE MATRIX CALCULATED SUCCESSFULLY
 FCN=64.6134 FROM MIGRAD    STATUS=CONVERGED      28 CALLS         192 TOTAL
                     EDM=3.34085e-08    STRATEGY= 1      ERROR MATRIX ACCURATE 
  EXT PARAMETER                                   STEP         FIRST   
  NO.   NAME      VALUE            ERROR          SIZE      DERIVATIVE 
   1  N0           3.09768e+06     fixed    
   2  tau          6.44406e+01   constant   
   3  A0           3.43323e-01     fixed    
   4  phi          4.11968e+00     fixed    
   5  R           -6.14862e+01   constant   
   6  alpha_CBO   -3.35183e-03     fixed    
   7  w_CBO        2.32500e+00   constant   
   8  beta_CBO     9.11178e-04   3.23651e-04   1.28003e-06  -1.86555e-01
   9  alpha_2CBO   2.08618e-04   3.20595e-04   1.26794e-06   7.82038e-01
  10  beta_2CBO    4.87731e-04     fixed    
  11  alpha_y      0.00000e+00     fixed    
  12  w_y          1.44500e+01   constant   
  13  beta_y      -7.54640e-05     fixed    
  14  alpha_vw     0.00000e+00     fixed    
  15  w_vw         1.29000e+01   constant   
  16  beta_vw      0.00000e+00     fixed    
  17  LM           1.22331e-03   constant   
  18  zeta_y       0.00000e+00   constant   
  19  zeta_vw      0.00000e+00   constant   
 EXTERNAL ERROR MATRIX.    NDIM=  25    NPAR=  2    ERR DEF=1
  1.047e-07 -1.070e-09 
 -1.070e-09  1.028e-07 
 PARAMETER  CORRELATION COEFFICIENTS  
       NO.  GLOBAL      8      9
        8  0.01031   1.000 -0.010
        9  0.01031  -0.010  1.000
MINUIT - FIT wiggle + 1-CBO + 2-CBO
 **********
 **   42 **RES 
 **********
                   PARAMETER   16  beta_vw RESTORED TO VARIABLE.
                   PARAMETER   14  alpha_vw RESTORED TO VARIABLE.
                   PARAMETER   13  beta_y RESTORED TO VARIABLE.
                   PARAMETER   11  alpha_y RESTORED TO VARIABLE.
                   PARAMETER   10  beta_2CBO RESTORED TO VARIABLE.
                   PARAMETER    6  alpha_CBO RESTORED TO VARIABLE.
                   PARAMETER    4  phi RESTORED TO VARIABLE.
                   PARAMETER    3  A0 RESTORED TO VARIABLE.
                   PARAMETER    1  N0 RESTORED TO VARIABLE.
 **********
 **   43 **FIX           10
 **********
 **********
 **   44 **FIX           11
 **********
 **********
 **   45 **FIX           12
 **********
 PARAMETER   12  IS CONSTANT.   IGNORED.
 **********
 **   46 **FIX           13
 **********
 **********
 **   47 **FIX           14
 **********
 **********
 **   48 **FIX           15
 **********
 PARAMETER   15  IS CONSTANT.   IGNORED.
 **********
 **   49 **FIX           16
 **********
 **********
 **   50 **MIGRAD
 **********
 START MIGRAD MINIMIZATION.  STRATEGY  1.  CONVERGENCE WHEN EDM .LT. 1.00e-04
 FCN=64.6134 FROM MIGRAD    STATUS=INITIATE       12 CALLS         204 TOTAL
                     EDM= unknown      STRATEGY= 1      NO ERROR MATRIX       
  EXT PARAMETER               CURRENT GUESS       STEP         FIRST   
  NO.   NAME      VALUE            ERROR          SIZE      DERIVATIVE 
   1  N0           3.09768e+06   7.21168e+02   7.21168e+02  -1.89362e-04
   2  tau          6.44406e+01   constant   
   3  A0           3.43323e-01   3.08631e-04   3.08631e-04   3.20669e+03
   4  phi          4.11968e+00   9.17744e-04   9.17744e-04   6.67445e+02
   5  R           -6.14862e+01   constant   
   6  alpha_CBO   -3.35183e-03   3.29573e-04   3.29573e-04   7.34965e+02
   7  w_CBO        2.32500e+00   constant   
   8  beta_CBO     9.11178e-04   3.23651e-04   1.28003e-06  -1.86556e-01
   9  alpha_2CBO   2.08618e-04   3.20595e-04   1.26794e-06   7.82034e-01
  10  beta_2CBO    4.87731e-04     fixed    
  11  alpha_y      0.00000e+00     fixed    
  12  w_y          1.44500e+01   constant   
  13  beta_y      -7.54640e-05     fixed    
  14  alpha_vw     0.00000e+00     fixed    
  15  w_vw         1.29000e+01   constant   
  16  beta_vw      0.00000e+00     fixed    
  17  LM           1.22331e-03   constant   
  18  zeta_y       0.00000e+00   constant   
  19  zeta_vw      0.00000e+00   constant   
 MIGRAD MINIMIZATION HAS CONVERGED.
 MIGRAD WILL VERIFY CONVERGENCE AND ERROR MATRIX.
 COVARIANCE MATRIX CALCULATED SUCCESSFULLY
 FCN=64.2811 FROM MIGRAD    STATUS=CONVERGED      93 CALLS         285 TOTAL
                     EDM=6.85707e-06    STRATEGY= 1      ERROR MATRIX ACCURATE 
  EXT PARAMETER                                   STEP         FIRST   
  NO.   NAME      VALUE            ERROR          SIZE      DERIVATIVE 
   1  N0           3.09766e+06   7.20315e+02   2.76545e+00   2.65666e-06
   2  tau          6.44406e+01   constant   
   3  A0           3.43178e-01   3.13887e-04   1.19406e-06   5.49323e+00
   4  phi          4.11941e+00   9.21812e-04   3.52648e-06  -2.84928e+00
   5  R           -6.14862e+01   constant   
   6  alpha_CBO   -3.38219e-03   3.29598e-04   1.26668e-06   2.11275e+00
   7  w_CBO        2.32500e+00   constant   
   8  beta_CBO     9.51295e-04   3.30995e-04   1.27677e-06   3.47935e+00
   9  alpha_2CBO   2.01149e-04   3.21195e-04   1.26470e-06   2.16259e-01
  10  beta_2CBO    4.87731e-04     fixed    
  11  alpha_y      0.00000e+00     fixed    
  12  w_y          1.44500e+01   constant   
  13  beta_y      -7.54640e-05     fixed    
  14  alpha_vw     0.00000e+00     fixed    
  15  w_vw         1.29000e+01   constant   
  16  beta_vw      0.00000e+00     fixed    
  17  LM           1.22331e-03   constant   
  18  zeta_y       0.00000e+00   constant   
  19  zeta_vw      0.00000e+00   constant   
 EXTERNAL ERROR MATRIX.    NDIM=  25    NPAR=  6    ERR DEF=1
  5.189e+05  2.285e-02  9.909e-02 -1.350e-02 -1.623e-03 -1.139e-03 
  2.285e-02  9.853e-08 -1.364e-08 -1.628e-08 -1.806e-08  5.723e-09 
  9.909e-02 -1.364e-08  8.497e-07  4.567e-08 -3.035e-08 -2.082e-09 
 -1.350e-02 -1.628e-08  4.567e-08  1.086e-07 -2.731e-09 -3.087e-09 
 -1.623e-03 -1.806e-08 -3.035e-08 -2.731e-09  1.096e-07 -2.023e-09 
 -1.139e-03  5.723e-09 -2.082e-09 -3.087e-09 -2.023e-09  1.032e-07 
 PARAMETER  CORRELATION COEFFICIENTS  
       NO.  GLOBAL      1      3      4      6      8      9
        1  0.19724   1.000  0.101  0.149 -0.057 -0.007 -0.005
        3  0.26500   0.101  1.000 -0.047 -0.157 -0.174  0.057
        4  0.24432   0.149 -0.047  1.000  0.150 -0.099 -0.007
        6  0.22596  -0.057 -0.157  0.150  1.000 -0.025 -0.029
        8  0.20979  -0.007 -0.174 -0.099 -0.025  1.000 -0.019
        9  0.06231  -0.005  0.057 -0.007 -0.029 -0.019  1.000
MINUIT - FIT ONLY 1-y
 **********
 **   51 **RES 
 **********
                   PARAMETER   16  beta_vw RESTORED TO VARIABLE.
                   PARAMETER   14  alpha_vw RESTORED TO VARIABLE.
                   PARAMETER   13  beta_y RESTORED TO VARIABLE.
                   PARAMETER   11  alpha_y RESTORED TO VARIABLE.
                   PARAMETER   10  beta_2CBO RESTORED TO VARIABLE.
 **********
 **   52 **FIX            0
 **********
 PARAMETER    0  IS UNDEFINED. IGNORED.
 **********
 **   53 **FIX            1
 **********
 **********
 **   54 **FIX            2
 **********
 PARAMETER    2  IS CONSTANT.   IGNORED.
 **********
 **   55 **FIX            3
 **********
 **********
 **   56 **FIX            4
 **********
 **********
 **   57 **FIX            5
 **********
 PARAMETER    5  IS CONSTANT.   IGNORED.
 **********
 **   58 **FIX            6
 **********
 **********
 **   59 **FIX            7
 **********
 PARAMETER    7  IS CONSTANT.   IGNORED.
 **********
 **   60 **FIX            8
 **********
 **********
 **   61 **FIX            9
 **********
 **********
 **   62 **FIX           13
 **********
 **********
 **   63 **FIX           14
 **********
 **********
 **   64 **FIX           15
 **********
 PARAMETER   15  IS CONSTANT.   IGNORED.
 **********
 **   65 **FIX           16
 **********
 **********
 **   66 **MIGRAD
 **********
 START MIGRAD MINIMIZATION.  STRATEGY  1.  CONVERGENCE WHEN EDM .LT. 1.00e-04
 FCN=64.2811 FROM MIGRAD    STATUS=INITIATE        4 CALLS         289 TOTAL
                     EDM= unknown      STRATEGY= 1      NO ERROR MATRIX       
  EXT PARAMETER               CURRENT GUESS       STEP         FIRST   
  NO.   NAME      VALUE            ERROR          SIZE      DERIVATIVE 
   1  N0           3.09766e+06     fixed    
   2  tau          6.44406e+01   constant   
   3  A0           3.43178e-01     fixed    
   4  phi          4.11941e+00     fixed    
   5  R           -6.14862e+01   constant   
   6  alpha_CBO   -3.38219e-03     fixed    
   7  w_CBO        2.32500e+00   constant   
   8  beta_CBO     9.51295e-04     fixed    
   9  alpha_2CBO   2.01149e-04     fixed    
  10  beta_2CBO    4.87731e-04   3.25093e-04   3.25093e-04   1.44857e+03
  11  alpha_y      0.00000e+00   1.00000e-03   1.00000e-03   2.04178e+03
  12  w_y          1.44500e+01   constant   
  13  beta_y      -7.54640e-05     fixed    
  14  alpha_vw     0.00000e+00     fixed    
  15  w_vw         1.29000e+01   constant   
  16  beta_vw      0.00000e+00     fixed    
  17  LM           1.22331e-03   constant   
  18  zeta_y       0.00000e+00   constant   
  19  zeta_vw      0.00000e+00   constant   
 MIGRAD MINIMIZATION HAS CONVERGED.
 MIGRAD WILL VERIFY CONVERGENCE AND ERROR MATRIX.
 COVARIANCE MATRIX CALCULATED SUCCESSFULLY
 FCN=64.116 FROM MIGRAD    STATUS=CONVERGED      24 CALLS         309 TOTAL
                     EDM=5.59892e-11    STRATEGY= 1      ERROR MATRIX ACCURATE 
  EXT PARAMETER                                   STEP         FIRST   
  NO.   NAME      VALUE            ERROR          SIZE      DERIVATIVE 
   1  N0           3.09766e+06     fixed    
   2  tau          6.44406e+01   constant   
   3  A0           3.43178e-01     fixed    
   4  phi          4.11941e+00     fixed    
   5  R           -6.14862e+01   constant   
   6  alpha_CBO   -3.38219e-03     fixed    
   7  w_CBO        2.32500e+00   constant   
   8  beta_CBO     9.51295e-04     fixed    
   9  alpha_2CBO   2.01149e-04     fixed    
  10  beta_2CBO    4.10932e-04   3.24152e-04   1.27719e-06  -2.66320e-02
  11  alpha_y     -1.07238e-04   3.23362e-04   1.27407e-06   1.90997e-02
  12  w_y          1.44500e+01   constant   
  13  beta_y      -7.54640e-05     fixed    
  14  alpha_vw     0.00000e+00     fixed    
  15  w_vw         1.29000e+01   constant   
  16  beta_vw      0.00000e+00     fixed    
  17  LM           1.22331e-03   constant   
  18  zeta_y       0.00000e+00   constant   
  19  zeta_vw      0.00000e+00   constant   
 EXTERNAL ERROR MATRIX.    NDIM=  25    NPAR=  2    ERR DEF=1
  1.051e-07  6.801e-10 
  6.801e-10  1.046e-07 
 PARAMETER  CORRELATION COEFFICIENTS  
       NO.  GLOBAL     10     11
       10  0.00649   1.000  0.006
       11  0.00649   0.006  1.000
MINUIT - FIT ONLY 2-y
 **********
 **   67 **RES 
 **********
                   PARAMETER   16  beta_vw RESTORED TO VARIABLE.
                   PARAMETER   14  alpha_vw RESTORED TO VARIABLE.
                   PARAMETER   13  beta_y RESTORED TO VARIABLE.
                   PARAMETER    9  alpha_2CBO RESTORED TO VARIABLE.
                   PARAMETER    8  beta_CBO RESTORED TO VARIABLE.
                   PARAMETER    6  alpha_CBO RESTORED TO VARIABLE.
                   PARAMETER    4  phi RESTORED TO VARIABLE.
                   PARAMETER    3  A0 RESTORED TO VARIABLE.
                   PARAMETER    1  N0 RESTORED TO VARIABLE.
 **********
 **   68 **FIX            0
 **********
 PARAMETER    0  IS UNDEFINED. IGNORED.
 **********
 **   69 **FIX            1
 **********
 **********
 **   70 **FIX            2
 **********
 PARAMETER    2  IS CONSTANT.   IGNORED.
 **********
 **   71 **FIX            3
 **********
 **********
 **   72 **FIX            4
 **********
 **********
 **   73 **FIX            5
 **********
 PARAMETER    5  IS CONSTANT.   IGNORED.
 **********
 **   74 **FIX            6
 **********
 **********
 **   75 **FIX            7
 **********
 PARAMETER    7  IS CONSTANT.   IGNORED.
 **********
 **   76 **FIX            8
 **********
 **********
 **   77 **FIX            9
 **********
 **********
 **   78 **FIX           10
 **********
 **********
 **   79 **FIX           11
 **********
 **********
 **   80 **FIX           12
 **********
 PARAMETER   12  IS CONSTANT.   IGNORED.
 **********
 **   81 **FIX           16
 **********
 **********
 **   82 **MIGRAD
 **********
 START MIGRAD MINIMIZATION.  STRATEGY  1.  CONVERGENCE WHEN EDM .LT. 1.00e-04
 FCN=64.116 FROM MIGRAD    STATUS=INITIATE        6 CALLS         315 TOTAL
                     EDM= unknown      STRATEGY= 1      NO ERROR MATRIX       
  EXT PARAMETER               CURRENT GUESS       STEP         FIRST   
  NO.   NAME      VALUE            ERROR          SIZE      DERIVATIVE 
   1  N0           3.09766e+06     fixed    
   2  tau          6.44406e+01   constant   
   3  A0           3.43178e-01     fixed    
   4  phi          4.11941e+00     fixed    
   5  R           -6.14862e+01   constant   
   6  alpha_CBO   -3.38219e-03     fixed    
   7  w_CBO        2.32500e+00   constant   
   8  beta_CBO     9.51295e-04     fixed    
   9  alpha_2CBO   2.01149e-04     fixed    
  10  beta_2CBO    4.10932e-04     fixed    
  11  alpha_y     -1.07238e-04     fixed    
  12  w_y          1.44500e+01   constant   
  13  beta_y      -7.54640e-05   3.21499e-04   3.21499e-04   2.65249e+02
  14  alpha_vw     0.00000e+00   1.00000e-03   1.00000e-03   4.03795e+03
  15  w_vw         1.29000e+01   constant   
  16  beta_vw      0.00000e+00     fixed    
  17  LM           1.22331e-03   constant   
  18  zeta_y       0.00000e+00   constant   
  19  zeta_vw      0.00000e+00   constant   
 MIGRAD MINIMIZATION HAS CONVERGED.
 MIGRAD WILL VERIFY CONVERGENCE AND ERROR MATRIX.
 COVARIANCE MATRIX CALCULATED SUCCESSFULLY
 FCN=63.6903 FROM MIGRAD    STATUS=CONVERGED      31 CALLS         340 TOTAL
                     EDM=8.18757e-14    STRATEGY= 1      ERROR MATRIX ACCURATE 
  EXT PARAMETER                                   STEP         FIRST   
  NO.   NAME      VALUE            ERROR          SIZE      DERIVATIVE 
   1  N0           3.09766e+06     fixed    
   2  tau          6.44406e+01   constant   
   3  A0           3.43178e-01     fixed    
   4  phi          4.11941e+00     fixed    
   5  R           -6.14862e+01   constant   
   6  alpha_CBO   -3.38219e-03     fixed    
   7  w_CBO        2.32500e+00   constant   
   8  beta_CBO     9.51295e-04     fixed    
   9  alpha_2CBO   2.01149e-04     fixed    
  10  beta_2CBO    4.10932e-04     fixed    
  11  alpha_y     -1.07238e-04     fixed    
  12  w_y          1.44500e+01   constant   
  13  beta_y      -6.68677e-05   3.23263e-04   1.26239e-06   4.65903e-05
  14  alpha_vw    -2.11401e-04   3.24712e-04   1.26805e-06   1.25028e-03
  15  w_vw         1.29000e+01   constant   
  16  beta_vw      0.00000e+00     fixed    
  17  LM           1.22331e-03   constant   
  18  zeta_y       0.00000e+00   constant   
  19  zeta_vw      0.00000e+00   constant   
 EXTERNAL ERROR MATRIX.    NDIM=  25    NPAR=  2    ERR DEF=1
  1.045e-07 -1.112e-08 
 -1.112e-08  1.054e-07 
 PARAMETER  CORRELATION COEFFICIENTS  
       NO.  GLOBAL     13     14
       13  0.10596   1.000 -0.106
       14  0.10596  -0.106  1.000
MINUIT - FIT ALTOGETHER
 **********
 **   83 **RES 
 **********
                   PARAMETER   16  beta_vw RESTORED TO VARIABLE.
                   PARAMETER   11  alpha_y RESTORED TO VARIABLE.
                   PARAMETER   10  beta_2CBO RESTORED TO VARIABLE.
                   PARAMETER    9  alpha_2CBO RESTORED TO VARIABLE.
                   PARAMETER    8  beta_CBO RESTORED TO VARIABLE.
                   PARAMETER    6  alpha_CBO RESTORED TO VARIABLE.
                   PARAMETER    4  phi RESTORED TO VARIABLE.
                   PARAMETER    3  A0 RESTORED TO VARIABLE.
                   PARAMETER    1  N0 RESTORED TO VARIABLE.
 **********
 **   84 **MIGRAD
 **********
 START MIGRAD MINIMIZATION.  STRATEGY  1.  CONVERGENCE WHEN EDM .LT. 1.00e-04
 FCN=63.6903 FROM MIGRAD    STATUS=INITIATE       24 CALLS         364 TOTAL
                     EDM= unknown      STRATEGY= 1      NO ERROR MATRIX       
  EXT PARAMETER               CURRENT GUESS       STEP         FIRST   
  NO.   NAME      VALUE            ERROR          SIZE      DERIVATIVE 
   1  N0           3.09766e+06   7.20315e+02   7.20315e+02  -5.43600e-05
   2  tau          6.44406e+01   constant   
   3  A0           3.43178e-01   3.13887e-04   3.13887e-04   1.63715e+02
   4  phi          4.11941e+00   9.21812e-04   9.21812e-04   2.66145e+01
   5  R           -6.14862e+01   constant   
   6  alpha_CBO   -3.38219e-03   3.29598e-04   3.29598e-04   1.25163e+02
   7  w_CBO        2.32500e+00   constant   
   8  beta_CBO     9.51295e-04   3.30995e-04   3.30995e-04  -1.17566e+02
   9  alpha_2CBO   2.01149e-04   3.21195e-04   3.21195e-04  -7.85628e+01
  10  beta_2CBO    4.10932e-04   3.24152e-04   3.24152e-04   6.47361e+01
  11  alpha_y     -1.07238e-04   3.23362e-04   3.23362e-04   3.77539e+02
  12  w_y          1.44500e+01   constant   
  13  beta_y      -6.68677e-05   3.23263e-04   1.26239e-06   4.64777e-05
  14  alpha_vw    -2.11401e-04   3.24712e-04   1.26805e-06   1.25509e-03
  15  w_vw         1.29000e+01   constant   
  16  beta_vw      0.00000e+00   1.00000e-03   1.00000e-03   9.19899e+03
  17  LM           1.22331e-03   constant   
  18  zeta_y       0.00000e+00   constant   
  19  zeta_vw      0.00000e+00   constant   
 MIGRAD MINIMIZATION HAS CONVERGED.
 MIGRAD WILL VERIFY CONVERGENCE AND ERROR MATRIX.
 COVARIANCE MATRIX CALCULATED SUCCESSFULLY
 FCN=61.4142 FROM MIGRAD    STATUS=CONVERGED     194 CALLS         534 TOTAL
                     EDM=5.80457e-06    STRATEGY= 1      ERROR MATRIX ACCURATE 
  EXT PARAMETER                                   STEP         FIRST   
  NO.   NAME      VALUE            ERROR          SIZE      DERIVATIVE 
   1  N0           3.09767e+06   7.21252e+02   2.70405e+00  -3.72543e-08
   2  tau          6.44406e+01   constant   
   3  A0           3.43164e-01   3.14077e-04   1.16757e-06   7.89378e+00
   4  phi          4.11940e+00   9.23264e-04   3.44830e-06   2.40350e-01
   5  R           -6.14862e+01   constant   
   6  alpha_CBO   -3.38993e-03   3.29898e-04   1.23856e-06   5.88870e+00
   7  w_CBO        2.32500e+00   constant   
   8  beta_CBO     9.53458e-04   3.32308e-04   1.24840e-06  -1.24455e-01
   9  alpha_2CBO   2.17588e-04   3.21446e-04   1.23661e-06   7.22073e-01
  10  beta_2CBO    4.08076e-04   3.26345e-04   1.25041e-06   3.37900e+00
  11  alpha_y     -1.81213e-04   3.26908e-04   1.24736e-06   1.72360e+00
  12  w_y          1.44500e+01   constant   
  13  beta_y      -1.21118e-04   3.25418e-04   1.23998e-06   2.84785e+00
  14  alpha_vw    -2.18773e-04   3.26402e-04   1.24554e-06   1.11506e+00
  15  w_vw         1.29000e+01   constant   
  16  beta_vw     -4.91221e-04   3.26053e-04   1.24177e-06  -4.53670e-01
  17  LM           1.22331e-03   constant   
  18  zeta_y       0.00000e+00   constant   
  19  zeta_vw      0.00000e+00   constant   
 EXTERNAL ERROR MATRIX.    NDIM=  25    NPAR= 11    ERR DEF=1
  5.202e+05 
  2.267e-02  9.864e-08 
  9.723e-02 -1.340e-08  8.524e-07 
 -1.399e-02 -1.617e-08  4.634e-08  1.088e-07 
 -5.441e-04 -1.820e-08 -3.186e-08 -3.120e-09  1.104e-07 
 -1.339e-03  5.640e-09 -1.811e-09 -3.067e-09 -2.186e-09  1.033e-07 
 -1.106e-02  1.609e-09  1.615e-08  4.133e-09 -9.195e-09  1.239e-09  1.065e-07 
 -2.932e-03  1.853e-09  2.496e-09  1.504e-09 -1.661e-09 -6.909e-10  1.121e-09  1.069e-07 
 -2.732e-03 -7.417e-10  2.813e-09  5.512e-10 -1.663e-09  1.579e-09  2.278e-10  1.698e-09  1.059e-07 
 -8.580e-04  2.316e-09 -4.094e-11  1.390e-09 -2.966e-10 -2.339e-09  1.854e-09  1.006e-08 -1.102e-08  1.065e-07 
  1.864e-03  1.430e-09 -1.681e-09  1.746e-10  1.486e-09 -2.750e-09 -4.335e-10  1.161e-08  1.173e-08  1.102e-09  1.063e-07 
 PARAMETER  CORRELATION COEFFICIENTS  
       NO.  GLOBAL      1      3      4      6      8      9     10     11     13     14     16
        1  0.20346   1.000  0.100  0.146 -0.059 -0.002 -0.006 -0.047 -0.012 -0.012 -0.004  0.008
        3  0.26705   0.100  1.000 -0.046 -0.156 -0.174  0.056  0.016  0.018 -0.007  0.023  0.014
        4  0.25016   0.146 -0.046  1.000  0.152 -0.104 -0.006  0.054  0.008  0.009 -0.000 -0.006
        6  0.22973  -0.059 -0.156  0.152  1.000 -0.028 -0.029  0.038  0.014  0.005  0.013  0.002
        8  0.22710  -0.002 -0.174 -0.104 -0.028  1.000 -0.020 -0.085 -0.015 -0.015 -0.003  0.014
        9  0.07382  -0.006  0.056 -0.006 -0.029 -0.020  1.000  0.012 -0.007  0.015 -0.022 -0.026
       10  0.11589  -0.047  0.016  0.054  0.038 -0.085  0.012  1.000  0.011  0.002  0.017 -0.004
       11  0.14706  -0.012  0.018  0.008  0.014 -0.015 -0.007  0.011  1.000  0.016  0.094  0.109
       13  0.15584  -0.012 -0.007  0.009  0.005 -0.015  0.015  0.002  0.016  1.000 -0.104  0.111
       14  0.14645  -0.004  0.023 -0.000  0.013 -0.003 -0.022  0.017  0.094 -0.104  1.000  0.010
       16  0.15896   0.008  0.014 -0.006  0.002  0.014 -0.026 -0.004  0.109  0.111  0.010  1.000
MINUIT - MINOS
 **********
 **   85 **RES 
 **********
 CALL TO MNFREE IGNORED.  THERE ARE NO FIXED PARAMETERS
 **********
 **   86 **MIG      2.5e+04        0.01
 **********
 START MIGRAD MINIMIZATION.  STRATEGY  1.  CONVERGENCE WHEN EDM .LT. 1.00e-05
 FCN=61.4142 FROM MIGRAD    STATUS=INITIATE       22 CALLS         556 TOTAL
                     EDM=2.90228e-06    STRATEGY= 1      ERROR MATRIX ACCURATE 
  EXT PARAMETER                                   STEP         FIRST   
  NO.   NAME      VALUE            ERROR          SIZE      DERIVATIVE 
   1  N0           3.09767e+06   7.21252e+02   2.70405e+00  -3.72540e-08
   2  tau          6.44406e+01   constant   
   3  A0           3.43164e-01   3.14077e-04   1.16757e-06   7.89378e+00
   4  phi          4.11940e+00   9.23264e-04   3.44830e-06   2.40348e-01
   5  R           -6.14862e+01   constant   
   6  alpha_CBO   -3.38993e-03   3.29898e-04   1.23856e-06   5.88870e+00
   7  w_CBO        2.32500e+00   constant   
   8  beta_CBO     9.53458e-04   3.32308e-04   1.24840e-06  -1.24455e-01
   9  alpha_2CBO   2.17588e-04   3.21446e-04   1.23661e-06   7.22073e-01
  10  beta_2CBO    4.08076e-04   3.26345e-04   1.25041e-06   3.37900e+00
  11  alpha_y     -1.81213e-04   3.26908e-04   1.24736e-06   1.72360e+00
  12  w_y          1.44500e+01   constant   
  13  beta_y      -1.21118e-04   3.25418e-04   1.23998e-06   2.84785e+00
  14  alpha_vw    -2.18773e-04   3.26402e-04   1.24554e-06   1.11506e+00
  15  w_vw         1.29000e+01   constant   
  16  beta_vw     -4.91221e-04   3.26053e-04   1.24177e-06  -4.53668e-01
  17  LM           1.22331e-03   constant   
  18  zeta_y       0.00000e+00   constant   
  19  zeta_vw      0.00000e+00   constant   
 MIGRAD MINIMIZATION HAS CONVERGED.
 FCN=61.4142 FROM MIGRAD    STATUS=CONVERGED      45 CALLS         579 TOTAL
                     EDM=2.31296e-17    STRATEGY= 1  ERROR MATRIX UNCERTAINTY   0.0 per cent
  EXT PARAMETER                                   STEP         FIRST   
  NO.   NAME      VALUE            ERROR          SIZE      DERIVATIVE 
   1  N0           3.09767e+06   7.21252e+02  -2.38245e-02   1.11257e-11
   2  tau          6.44406e+01   constant   
   3  A0           3.43164e-01   3.14078e-04  -3.47091e-07   4.01958e-06
   4  phi          4.11940e+00   9.23264e-04  -2.19315e-07   4.00367e-06
   5  R           -6.14862e+01   constant   
   6  alpha_CBO   -3.39020e-03   3.29898e-04  -2.71337e-07   6.45393e-07
   7  w_CBO        2.32500e+00   constant   
   8  beta_CBO     9.53570e-04   3.32308e-04   1.12323e-07  -2.69498e-06
   9  alpha_2CBO   2.17535e-04   3.21446e-04  -5.35444e-08  -3.90720e-07
  10  beta_2CBO    4.07872e-04   3.26345e-04  -2.04042e-07   2.25594e-06
  11  alpha_y     -1.81324e-04   3.26908e-04  -1.11335e-07   6.89264e-07
  12  w_y          1.44500e+01   constant   
  13  beta_y      -1.21262e-04   3.25418e-04  -1.43590e-07  -5.75893e-07
  14  alpha_vw    -2.18840e-04   3.26402e-04  -6.76695e-08  -1.27785e-06
  15  w_vw         1.29000e+01   constant   
  16  beta_vw     -4.91228e-04   3.26053e-04  -7.30364e-09  -6.43726e-07
  17  LM           1.22331e-03   constant   
  18  zeta_y       0.00000e+00   constant   
  19  zeta_vw      0.00000e+00   constant   
 EXTERNAL ERROR MATRIX.    NDIM=  25    NPAR= 11    ERR DEF=1
  5.202e+05 
  2.267e-02  9.864e-08 
  9.723e-02 -1.340e-08  8.524e-07 
 -1.399e-02 -1.617e-08  4.634e-08  1.088e-07 
 -5.442e-04 -1.820e-08 -3.186e-08 -3.120e-09  1.104e-07 
 -1.338e-03  5.640e-09 -1.811e-09 -3.067e-09 -2.186e-09  1.033e-07 
 -1.106e-02  1.609e-09  1.615e-08  4.133e-09 -9.195e-09  1.239e-09  1.065e-07 
 -2.932e-03  1.853e-09  2.496e-09  1.504e-09 -1.661e-09 -6.909e-10  1.121e-09  1.069e-07 
 -2.732e-03 -7.417e-10  2.813e-09  5.512e-10 -1.663e-09  1.579e-09  2.278e-10  1.698e-09  1.059e-07 
 -8.579e-04  2.316e-09 -4.090e-11  1.390e-09 -2.966e-10 -2.339e-09  1.854e-09  1.006e-08 -1.102e-08  1.065e-07 
  1.864e-03  1.430e-09 -1.681e-09  1.746e-10  1.486e-09 -2.750e-09 -4.335e-10  1.161e-08  1.173e-08  1.102e-09  1.063e-07 
 PARAMETER  CORRELATION COEFFICIENTS  
       NO.  GLOBAL      1      3      4      6      8      9     10     11     13     14     16
        1  0.20346   1.000  0.100  0.146 -0.059 -0.002 -0.006 -0.047 -0.012 -0.012 -0.004  0.008
        3  0.26705   0.100  1.000 -0.046 -0.156 -0.174  0.056  0.016  0.018 -0.007  0.023  0.014
        4  0.25016   0.146 -0.046  1.000  0.152 -0.104 -0.006  0.054  0.008  0.009 -0.000 -0.006
        6  0.22973  -0.059 -0.156  0.152  1.000 -0.028 -0.029  0.038  0.014  0.005  0.013  0.002
        8  0.22710  -0.002 -0.174 -0.104 -0.028  1.000 -0.020 -0.085 -0.015 -0.015 -0.003  0.014
        9  0.07382  -0.006  0.056 -0.006 -0.029 -0.020  1.000  0.012 -0.007  0.015 -0.022 -0.026
       10  0.11589  -0.047  0.016  0.054  0.038 -0.085  0.012  1.000  0.011  0.002  0.017 -0.004
       11  0.14706  -0.012  0.018  0.008  0.014 -0.015 -0.007  0.011  1.000  0.016  0.094  0.109
       13  0.15584  -0.012 -0.007  0.009  0.005 -0.015  0.015  0.002  0.016  1.000 -0.104  0.111
       14  0.14645  -0.004  0.023 -0.000  0.013 -0.003 -0.022  0.017  0.094 -0.104  1.000  0.010
       16  0.15896   0.008  0.014 -0.006  0.002  0.014 -0.026 -0.004  0.109  0.111  0.010  1.000
 **********
 **   87 **MINO      2.5e+04
 **********
 FCN=61.4142 FROM MINOS     STATUS=SUCCESSFUL    924 CALLS        1503 TOTAL
                     EDM=2.31296e-17    STRATEGY= 1  ERROR MATRIX UNCERTAINTY   0.0 per cent
  EXT PARAMETER                  PARABOLIC         MINOS ERRORS        
  NO.   NAME      VALUE            ERROR      NEGATIVE      POSITIVE   
   1  N0           3.09767e+06   7.21252e+02  -7.21252e+02   7.21252e+02
   2  tau          6.44406e+01   constant   
   3  A0           3.43164e-01   3.14078e-04  -3.14086e-04   3.14069e-04
   4  phi          4.11940e+00   9.23264e-04  -9.23254e-04   9.23275e-04
   5  R           -6.14862e+01   constant   
   6  alpha_CBO   -3.39020e-03   3.29898e-04  -3.29894e-04   3.29903e-04
   7  w_CBO        2.32500e+00   constant   
   8  beta_CBO     9.53570e-04   3.32308e-04  -3.32310e-04   3.32306e-04
   9  alpha_2CBO   2.17535e-04   3.21446e-04  -3.21445e-04   3.21447e-04
  10  beta_2CBO    4.07872e-04   3.26345e-04  -3.26341e-04   3.26349e-04
  11  alpha_y     -1.81324e-04   3.26908e-04  -3.26907e-04   3.26909e-04
  12  w_y          1.44500e+01   constant   
  13  beta_y      -1.21262e-04   3.25418e-04  -3.25418e-04   3.25419e-04
  14  alpha_vw    -2.18840e-04   3.26402e-04  -3.26402e-04   3.26403e-04
  15  w_vw         1.29000e+01   constant   
  16  beta_vw     -4.91228e-04   3.26053e-04  -3.26053e-04   3.26052e-04
  17  LM           1.22331e-03   constant   
  18  zeta_y       0.00000e+00   constant   
  19  zeta_vw      0.00000e+00   constant   
 **********
 **   88 **SHO COR 
 **********
 PARAMETER  CORRELATION COEFFICIENTS  
       NO.  GLOBAL      1      3      4      6      8      9     10     11     13     14     16
        1  0.20346   1.000  0.100  0.146 -0.059 -0.002 -0.006 -0.047 -0.012 -0.012 -0.004  0.008
        3  0.26705   0.100  1.000 -0.046 -0.156 -0.174  0.056  0.016  0.018 -0.007  0.023  0.014
        4  0.25016   0.146 -0.046  1.000  0.152 -0.104 -0.006  0.054  0.008  0.009 -0.000 -0.006
        6  0.22973  -0.059 -0.156  0.152  1.000 -0.028 -0.029  0.038  0.014  0.005  0.013  0.002
        8  0.22710  -0.002 -0.174 -0.104 -0.028  1.000 -0.020 -0.085 -0.015 -0.015 -0.003  0.014
        9  0.07382  -0.006  0.056 -0.006 -0.029 -0.020  1.000  0.012 -0.007  0.015 -0.022 -0.026
       10  0.11589  -0.047  0.016  0.054  0.038 -0.085  0.012  1.000  0.011  0.002  0.017 -0.004
       11  0.14706  -0.012  0.018  0.008  0.014 -0.015 -0.007  0.011  1.000  0.016  0.094  0.109
       13  0.15584  -0.012 -0.007  0.009  0.005 -0.015  0.015  0.002  0.016  1.000 -0.104  0.111
       14  0.14645  -0.004  0.023 -0.000  0.013 -0.003 -0.022  0.017  0.094 -0.104  1.000  0.010
       16  0.15896   0.008  0.014 -0.006  0.002  0.014 -0.026 -0.004  0.109  0.111  0.010  1.000
