 + ++++++++++++++++++++++++++++++++++++++++++++++++++++++++++++++++++++ +
 +                                                                      +
 +           You have chose to blind your fitting according to          +
 +                omega_ref * (1 + (R +/- deltaR) *10^{-6})             +
 +                                                                      +
 + ++++++++++++++++++++++++++++++++++++++++++++++++++++++++++++++++++++ +
In main()...
reading format from /gm2data/zkhechad/run45/envelope/formats/formatB_sBin_constraintOn.txt
pBinTau 	= 0  
pBinPhi 	= 0  
constraintau 	= 1 
includeMopTerm 	= 0    
constrainMop    = 0   
Parameters after format file: pBinTau 0 pBinPhi 0 constraintau 1 includeMopTerm 0 constrainMop 0 c_e_scale 0.000000 
Opening file /gm2data/tbarrett/gm2fr/studies/run23_bunch_corrections/CorrectedFourier_Run3b.root.
reading full fit data from /gm2data/zkhechad/cboTemplates/Run4CBOTemplates/templateFits0_v2.0/noRF/sBin_constraintOn_cE0.0_seed0_noRF_calo8.root
windowBins = 17
fitting sliding window 468 from bin 604 at 89.967600 to bin 621 at 92.653200 (17 bins)

Reading data from /gm2data/cornell/histograms/aMethod/histogram_a_noRF.root
 **********
 **    1 **SET PRINTOUT            1
 **********
 **********
 **    2 **SET NOWARNINGS 
 **********
 PARAMETER DEFINITIONS:
    NO.   NAME         VALUE      STEP SIZE      LIMITS
     1 N0           2.93665e+06  1.00000e+02     no limits
     2 tau          6.43896e+01  constant
     3 A0           3.52922e-01  1.00000e-04     no limits
     4 phi          4.11506e+00  1.00000e-02     no limits
     5 R           -6.12649e+01  constant
     6 alpha_CBO    0.00000e+00  1.00000e-03     no limits
     7 w_CBO        2.32500e+00  constant
     8 beta_CBO     0.00000e+00  1.00000e-03     no limits
     9 alpha_2CBO   0.00000e+00  1.00000e-03     no limits
    10 beta_2CBO    0.00000e+00  1.00000e-03     no limits
    11 alpha_y      0.00000e+00  1.00000e-03     no limits
    12 w_y          1.44500e+01  constant
    13 beta_y       0.00000e+00  1.00000e-03     no limits
    14 alpha_vw     0.00000e+00  1.00000e-03     no limits
    15 w_vw         1.29000e+01  constant
    16 beta_vw      0.00000e+00  1.00000e-03     no limits
    17 LM          -3.89610e-04  constant
    18 zeta_y       0.00000e+00  constant
    19 zeta_vw      0.00000e+00  constant
    20 T_CBO        1.00000e+02  1.00000e+00    0.00000e+00  1.00000e+03
    21 alpha_A0     0.00000e+00  1.00000e-03     no limits
    22 beta_A0      0.00000e+00  1.00000e-03     no limits
    23 alpha_phi    0.00000e+00  1.00000e-03     no limits
    24 beta_phi     0.00000e+00  1.00000e-03     no limits
MINUIT - FIT ONLY WIGGLE
 **********
 **    3 **FIX            5
 **********
 PARAMETER    5  IS CONSTANT.   IGNORED.
 **********
 **    4 **FIX            6
 **********
 **********
 **    5 **FIX            7
 **********
 PARAMETER    7  IS CONSTANT.   IGNORED.
 **********
 **    6 **FIX            8
 **********
 **********
 **    7 **FIX            9
 **********
 **********
 **    8 **FIX           10
 **********
 **********
 **    9 **FIX           11
 **********
 **********
 **   10 **FIX           12
 **********
 PARAMETER   12  IS CONSTANT.   IGNORED.
 **********
 **   11 **FIX           13
 **********
 **********
 **   12 **FIX           14
 **********
 **********
 **   13 **FIX           15
 **********
 PARAMETER   15  IS CONSTANT.   IGNORED.
 **********
 **   14 **FIX           16
 **********
 **********
 **   15 **MIGRAD
 **********
 FIRST CALL TO USER FUNCTION AT NEW START POINT, WITH IFLAG=4.
 START MIGRAD MINIMIZATION.  STRATEGY  1.  CONVERGENCE WHEN EDM .LT. 1.00e-04
 FCN=1141.51 FROM MIGRAD    STATUS=INITIATE      437 CALLS         438 TOTAL
                     EDM= unknown      STRATEGY= 1      NO ERROR MATRIX       
  EXT PARAMETER               CURRENT GUESS       STEP         FIRST   
  NO.   NAME      VALUE            ERROR          SIZE      DERIVATIVE 
   1  N0           2.93665e+06   1.00000e+02   0.00000e+00   3.46570e-02
   2  tau          6.43896e+01   constant   
   3  A0           3.52922e-01   1.00000e-04   0.00000e+00   2.18673e+05
   4  phi          4.11506e+00   1.00000e-02   0.00000e+00  -2.33777e+04
   5  R           -6.12649e+01   constant   
   6  alpha_CBO    0.00000e+00     fixed    
   7  w_CBO        2.32500e+00   constant   
   8  beta_CBO     0.00000e+00     fixed    
   9  alpha_2CBO   0.00000e+00     fixed    
  10  beta_2CBO    0.00000e+00     fixed    
  11  alpha_y      0.00000e+00     fixed    
  12  w_y          1.44500e+01   constant   
  13  beta_y       0.00000e+00     fixed    
  14  alpha_vw     0.00000e+00     fixed    
  15  w_vw         1.29000e+01   constant   
  16  beta_vw      0.00000e+00     fixed    
  17  LM          -3.89610e-04   constant   
  18  zeta_y       0.00000e+00   constant   
  19  zeta_vw      0.00000e+00   constant   
  20  T_CBO        1.00000e+02   1.00000e+00   0.00000e+00   0.00000e+00
  21  alpha_A0     0.00000e+00   1.00000e-03   0.00000e+00  -1.68104e+04
  22  beta_A0      0.00000e+00   1.00000e-03   0.00000e+00   7.00022e+03
  23  alpha_phi    0.00000e+00   1.00000e-03   0.00000e+00  -7.48650e+03
  24  beta_phi     0.00000e+00   1.00000e-03   0.00000e+00   5.99017e+03
 CALL LIMIT EXCEEDED IN MIGRAD.
 MIGRAD TERMINATED WITHOUT CONVERGENCE.
 FCN=27.5119 FROM MIGRAD    STATUS=CALL LIMIT   1334 CALLS        1335 TOTAL
                     EDM=0.0452507    STRATEGY= 1  ERROR MATRIX UNCERTAINTY   9.1 per cent
  EXT PARAMETER                APPROXIMATE        STEP         FIRST   
  NO.   NAME      VALUE            ERROR          SIZE      DERIVATIVE 
   1  N0           2.92204e+06   1.15046e+03  -1.92879e+02   3.79704e-05
   2  tau          6.43896e+01   constant   
   3  A0           3.46053e-01   1.14657e-03  -6.99805e-05   7.14763e+01
   4  phi          4.13350e+00   1.57029e-03   2.92049e-04   2.26745e+02
   5  R           -6.12649e+01   constant   
   6  alpha_CBO    0.00000e+00     fixed    
   7  w_CBO        2.32500e+00   constant   
   8  beta_CBO     0.00000e+00     fixed    
   9  alpha_2CBO   0.00000e+00     fixed    
  10  beta_2CBO    0.00000e+00     fixed    
  11  alpha_y      0.00000e+00     fixed    
  12  w_y          1.44500e+01   constant   
  13  beta_y       0.00000e+00     fixed    
  14  alpha_vw     0.00000e+00     fixed    
  15  w_vw         1.29000e+01   constant   
  16  beta_vw      0.00000e+00     fixed    
  17  LM          -3.89610e-04   constant   
  18  zeta_y       0.00000e+00   constant   
  19  zeta_vw      0.00000e+00   constant   
  20  T_CBO        2.74014e+01   8.62965e+00   6.22680e-03  -1.08243e+01
  21  alpha_A0    -1.61050e-01   2.62386e-01  -3.08487e-02  -4.45077e+00
  22  beta_A0     -2.29948e-01   2.30133e-01  -2.64794e-02  -9.42884e+00
  23  alpha_phi    9.07484e-02   6.24084e-02   7.00450e-03   5.34478e+00
  24  beta_phi     3.09355e-01   3.64726e-01   4.33277e-02  -9.42829e+00
 EXTERNAL ERROR MATRIX.    NDIM=  25    NPAR=  8    ERR DEF=1
  1.324e+06  6.099e-01 -1.543e+00 -6.810e+03  1.941e+02  1.689e+02 -4.543e+01 -2.704e+02 
  6.099e-01  1.315e-06 -4.423e-07 -8.844e-03  2.810e-04  2.471e-04 -6.734e-05 -3.901e-04 
 -1.543e+00 -4.423e-07  2.466e-06  6.865e-03 -1.861e-04 -1.605e-04  4.342e-05  2.601e-04 
 -6.810e+03 -8.844e-03  6.865e-03  7.454e+01 -2.244e+00 -1.969e+00  5.334e-01  3.119e+00 
  1.941e+02  2.810e-04 -1.861e-04 -2.244e+00  6.885e-02  6.038e-02 -1.636e-02 -9.566e-02 
  1.689e+02  2.471e-04 -1.605e-04 -1.969e+00  6.038e-02  5.296e-02 -1.435e-02 -8.390e-02 
 -4.543e+01 -6.734e-05  4.342e-05  5.334e-01 -1.636e-02 -1.435e-02  3.895e-03  2.273e-02 
 -2.704e+02 -3.901e-04  2.601e-04  3.119e+00 -9.566e-02 -8.390e-02  2.273e-02  1.330e-01 
ERR MATRIX APPROXIMATE
 PARAMETER  CORRELATION COEFFICIENTS  
       NO.  GLOBAL      1      3      4     20     21     22     23     24
        1  0.91501   1.000  0.462 -0.854 -0.686  0.643  0.638 -0.633 -0.644
        3  0.98463   0.462  1.000 -0.246 -0.893  0.934  0.936 -0.941 -0.933
        4  0.91685  -0.854 -0.246  1.000  0.506 -0.452 -0.444  0.443  0.454
       20  0.99744  -0.686 -0.893  0.506  1.000 -0.991 -0.991  0.990  0.990
       21  0.99993   0.643  0.934 -0.452 -0.991  1.000  1.000 -0.999 -1.000
       22  0.99995   0.638  0.936 -0.444 -0.991  1.000  1.000 -0.999 -1.000
       23  0.99965  -0.633 -0.941  0.443  0.990 -0.999 -0.999  1.000  0.998
       24  0.99972  -0.644 -0.933  0.454  0.990 -1.000 -1.000  0.998  1.000
 ERR MATRIX APPROXIMATE
MINUIT - FIT ONLY 1-CBO + wiggle
 **********
 **   16 **RES 
 **********
                   PARAMETER   16  beta_vw RESTORED TO VARIABLE.
                   PARAMETER   14  alpha_vw RESTORED TO VARIABLE.
                   PARAMETER   13  beta_y RESTORED TO VARIABLE.
                   PARAMETER   11  alpha_y RESTORED TO VARIABLE.
                   PARAMETER   10  beta_2CBO RESTORED TO VARIABLE.
                   PARAMETER    9  alpha_2CBO RESTORED TO VARIABLE.
                   PARAMETER    8  beta_CBO RESTORED TO VARIABLE.
                   PARAMETER    6  alpha_CBO RESTORED TO VARIABLE.
 **********
 **   17 **FIX            8
 **********
 **********
 **   18 **FIX            9
 **********
 **********
 **   19 **FIX           11
 **********
 **********
 **   20 **FIX           12
 **********
 PARAMETER   12  IS CONSTANT.   IGNORED.
 **********
 **   21 **FIX           14
 **********
 **********
 **   22 **FIX           15
 **********
 PARAMETER   15  IS CONSTANT.   IGNORED.
 **********
 **   23 **FIX           16
 **********
 **********
 **   24 **MIGRAD
 **********
 START MIGRAD MINIMIZATION.  STRATEGY  1.  CONVERGENCE WHEN EDM .LT. 1.00e-04
 FCN=27.5119 FROM MIGRAD    STATUS=INITIATE       28 CALLS        1363 TOTAL
                     EDM= unknown      STRATEGY= 1      NO ERROR MATRIX       
  EXT PARAMETER               CURRENT GUESS       STEP         FIRST   
  NO.   NAME      VALUE            ERROR          SIZE      DERIVATIVE 
   1  N0           2.92204e+06   1.15046e+03  -1.92879e+02   3.79704e-05
   2  tau          6.43896e+01   constant   
   3  A0           3.46053e-01   1.14657e-03  -6.99805e-05   7.14763e+01
   4  phi          4.13350e+00   1.57029e-03   2.92049e-04   2.26745e+02
   5  R           -6.12649e+01   constant   
   6  alpha_CBO    0.00000e+00   1.00000e-03   1.00000e-03  -1.34611e+03
   7  w_CBO        2.32500e+00   constant   
   8  beta_CBO     0.00000e+00     fixed    
   9  alpha_2CBO   0.00000e+00     fixed    
  10  beta_2CBO    0.00000e+00   1.00000e-03   1.00000e-03  -4.85978e+03
  11  alpha_y      0.00000e+00     fixed    
  12  w_y          1.44500e+01   constant   
  13  beta_y       0.00000e+00   1.00000e-03   1.00000e-03  -1.26556e+04
  14  alpha_vw     0.00000e+00     fixed    
  15  w_vw         1.29000e+01   constant   
  16  beta_vw      0.00000e+00     fixed    
  17  LM          -3.89610e-04   constant   
  18  zeta_y       0.00000e+00   constant   
  19  zeta_vw      0.00000e+00   constant   
  20  T_CBO        2.74014e+01   8.62965e+00   6.22680e-03   1.08242e+01
  21  alpha_A0    -1.61050e-01   2.62386e-01  -3.08487e-02  -4.45077e+00
  22  beta_A0     -2.29948e-01   2.30133e-01  -2.64794e-02  -9.42884e+00
  23  alpha_phi    9.07484e-02   6.24084e-02   7.00450e-03   5.34478e+00
  24  beta_phi     3.09355e-01   3.64726e-01   4.33277e-02  -9.42829e+00
 MIGRAD MINIMIZATION HAS CONVERGED.
 FCN=20.9495 FROM MIGRAD    STATUS=CONVERGED     418 CALLS        1753 TOTAL
                     EDM=5.80955e-06    STRATEGY= 1  ERROR MATRIX UNCERTAINTY   1.8 per cent
  EXT PARAMETER                                   STEP         FIRST   
  NO.   NAME      VALUE            ERROR          SIZE      DERIVATIVE 
   1  N0           2.92302e+06   1.23662e+03   1.35890e+00  -4.72759e-06
   2  tau          6.43896e+01   constant   
   3  A0           3.45462e-01   6.19149e-04  -1.18838e-06  -1.16496e+01
   4  phi          4.12956e+00   2.65771e-03  -4.67904e-06  -2.35110e+00
   5  R           -6.12649e+01   constant   
   6  alpha_CBO   -4.58174e-03   3.96557e-03  -6.56028e-06   4.76913e-02
   7  w_CBO        2.32500e+00   constant   
   8  beta_CBO     0.00000e+00     fixed    
   9  alpha_2CBO   0.00000e+00     fixed    
  10  beta_2CBO    2.39165e-03   1.29717e-03   2.47831e-06   9.40601e-01
  11  alpha_y      0.00000e+00     fixed    
  12  w_y          1.44500e+01   constant   
  13  beta_y       3.57138e-04   2.53546e-04  -4.23190e-08  -3.88321e-01
  14  alpha_vw     0.00000e+00     fixed    
  15  w_vw         1.29000e+01   constant   
  16  beta_vw      0.00000e+00     fixed    
  17  LM          -3.89610e-04   constant   
  18  zeta_y       0.00000e+00   constant   
  19  zeta_vw      0.00000e+00   constant   
  20  T_CBO        2.72037e+01   6.22304e-01  -2.75297e-06   5.34749e-02
  21  alpha_A0     5.09519e-01   5.38636e-01   1.02685e-03   3.06294e-03
  22  beta_A0     -3.00831e-01   5.88160e-02   2.21419e-06  -1.96697e-02
  23  alpha_phi    2.19036e-01   1.15544e-01   1.91833e-04  -1.22328e-01
  24  beta_phi     3.42749e-01   5.10332e-02  -3.06327e-05  -1.46523e-03
 EXTERNAL ERROR MATRIX.    NDIM=  25    NPAR= 11    ERR DEF=1
  1.529e+06 
  7.105e-02  3.833e-07 
 -2.404e+00  7.898e-07  7.063e-06 
  5.693e-01  2.332e-06  5.144e-06  1.573e-05 
  3.086e-01 -6.415e-07 -2.372e-06 -4.552e-06  1.683e-06 
 -5.928e-02 -1.578e-08  6.978e-08 -9.690e-08  6.606e-09  6.429e-08 
  3.114e+02  2.569e-04  7.508e-05  1.722e-03 -3.572e-04 -2.214e-05  3.873e-01 
 -4.635e+01 -3.121e-04 -7.500e-04 -2.128e-03  6.346e-04  1.186e-05 -2.299e-01  2.901e-01 
 -1.917e+01  2.610e-05  1.197e-04  1.681e-04 -5.655e-05 -2.175e-08  1.441e-02 -2.299e-02  3.459e-03 
 -8.088e+00 -6.731e-05 -1.566e-04 -4.498e-04  1.309e-04  2.726e-06 -5.008e-02  6.112e-02 -4.928e-03  1.335e-02 
  3.148e+01  1.757e-05 -1.497e-05  1.105e-04 -1.085e-05 -2.230e-06  1.770e-02 -1.401e-02  7.414e-04 -3.214e-03  2.604e-03 
 PARAMETER  CORRELATION COEFFICIENTS  
       NO.  GLOBAL      1      3      4      6     10     13     20     21     22     23     24
        1  0.93779   1.000  0.093 -0.732  0.116  0.192 -0.189  0.405 -0.070 -0.264 -0.057  0.499
        3  0.96725   0.093  1.000  0.480  0.950 -0.799 -0.101  0.667 -0.936  0.717 -0.941  0.556
        4  0.96622  -0.732  0.480  1.000  0.488 -0.688  0.104  0.045 -0.524  0.766 -0.510 -0.110
        6  0.99877   0.116  0.950  0.488  1.000 -0.885 -0.096  0.698 -0.996  0.721 -0.982  0.546
       10  0.98562   0.192 -0.799 -0.688 -0.885  1.000  0.020 -0.442  0.908 -0.741  0.873 -0.164
       13  0.21950  -0.189 -0.101  0.104 -0.096  0.020  1.000 -0.140  0.087 -0.001  0.093 -0.172
       20  0.87260   0.405  0.667  0.045  0.698 -0.442 -0.140  1.000 -0.686  0.394 -0.697  0.557
       21  0.99890  -0.070 -0.936 -0.524 -0.996  0.908  0.087 -0.686  1.000 -0.726  0.982 -0.510
       22  0.90565  -0.264  0.717  0.766  0.721 -0.741 -0.001  0.394 -0.726  1.000 -0.725  0.247
       23  0.98729  -0.057 -0.941 -0.510 -0.982  0.873  0.093 -0.697  0.982 -0.725  1.000 -0.545
       24  0.90732   0.499  0.556 -0.110  0.546 -0.164 -0.172  0.557 -0.510  0.247 -0.545  1.000
MINUIT - FIT ONLY 2-CBO
 **********
 **   25 **RES 
 **********
                   PARAMETER   16  beta_vw RESTORED TO VARIABLE.
                   PARAMETER   14  alpha_vw RESTORED TO VARIABLE.
                   PARAMETER   11  alpha_y RESTORED TO VARIABLE.
                   PARAMETER    9  alpha_2CBO RESTORED TO VARIABLE.
                   PARAMETER    8  beta_CBO RESTORED TO VARIABLE.
 **********
 **   26 **FIX            0
 **********
 PARAMETER    0  IS UNDEFINED. IGNORED.
 **********
 **   27 **FIX            1
 **********
 **********
 **   28 **FIX            2
 **********
 PARAMETER    2  IS CONSTANT.   IGNORED.
 **********
 **   29 **FIX            3
 **********
 **********
 **   30 **FIX            4
 **********
 **********
 **   31 **FIX            5
 **********
 PARAMETER    5  IS CONSTANT.   IGNORED.
 **********
 **   32 **FIX            6
 **********
 **********
 **   33 **FIX            7
 **********
 PARAMETER    7  IS CONSTANT.   IGNORED.
 **********
 **   34 **FIX           10
 **********
 **********
 **   35 **FIX           11
 **********
 **********
 **   36 **FIX           12
 **********
 PARAMETER   12  IS CONSTANT.   IGNORED.
 **********
 **   37 **FIX           13
 **********
 **********
 **   38 **FIX           14
 **********
 **********
 **   39 **FIX           15
 **********
 PARAMETER   15  IS CONSTANT.   IGNORED.
 **********
 **   40 **FIX           16
 **********
 **********
 **   41 **MIGRAD
 **********
 START MIGRAD MINIMIZATION.  STRATEGY  1.  CONVERGENCE WHEN EDM .LT. 1.00e-04
 FCN=20.9495 FROM MIGRAD    STATUS=INITIATE       18 CALLS        1771 TOTAL
                     EDM= unknown      STRATEGY= 1      NO ERROR MATRIX       
  EXT PARAMETER               CURRENT GUESS       STEP         FIRST   
  NO.   NAME      VALUE            ERROR          SIZE      DERIVATIVE 
   1  N0           2.92302e+06     fixed    
   2  tau          6.43896e+01   constant   
   3  A0           3.45462e-01     fixed    
   4  phi          4.12956e+00     fixed    
   5  R           -6.12649e+01   constant   
   6  alpha_CBO   -4.58174e-03     fixed    
   7  w_CBO        2.32500e+00   constant   
   8  beta_CBO     0.00000e+00   1.00000e-03   1.00000e-03   1.54117e+01
   9  alpha_2CBO   0.00000e+00   1.00000e-03   1.00000e-03   1.25970e+03
  10  beta_2CBO    2.39165e-03     fixed    
  11  alpha_y      0.00000e+00     fixed    
  12  w_y          1.44500e+01   constant   
  13  beta_y       3.57138e-04     fixed    
  14  alpha_vw     0.00000e+00     fixed    
  15  w_vw         1.29000e+01   constant   
  16  beta_vw      0.00000e+00     fixed    
  17  LM          -3.89610e-04   constant   
  18  zeta_y       0.00000e+00   constant   
  19  zeta_vw      0.00000e+00   constant   
  20  T_CBO        2.72037e+01   6.22304e-01  -2.75297e-06   5.34766e-02
  21  alpha_A0     5.09519e-01   5.38636e-01   1.02685e-03   3.06299e-03
  22  beta_A0     -3.00831e-01   5.88160e-02   2.21419e-06  -1.96694e-02
  23  alpha_phi    2.19036e-01   1.15544e-01   1.91833e-04  -1.22328e-01
  24  beta_phi     3.42749e-01   5.10332e-02  -3.06327e-05  -1.46523e-03
 MIGRAD MINIMIZATION HAS CONVERGED.
 MIGRAD WILL VERIFY CONVERGENCE AND ERROR MATRIX.
 FCN=20.7086 FROM HESSE     STATUS=NOT POSDEF     50 CALLS        1934 TOTAL
                     EDM=7.33076e-05    STRATEGY= 1      ERR MATRIX NOT POS-DEF
  EXT PARAMETER                APPROXIMATE        STEP         FIRST   
  NO.   NAME      VALUE            ERROR          SIZE      DERIVATIVE 
   1  N0           2.92302e+06     fixed    
   2  tau          6.43896e+01   constant   
   3  A0           3.45462e-01     fixed    
   4  phi          4.12956e+00     fixed    
   5  R           -6.12649e+01   constant   
   6  alpha_CBO   -4.58174e-03     fixed    
   7  w_CBO        2.32500e+00   constant   
   8  beta_CBO    -3.86302e-04   8.48463e-04   5.71158e-07   8.89783e-01
   9  alpha_2CBO  -3.80717e-04   7.38068e-04   5.69901e-07   1.25737e+00
  10  beta_2CBO    2.39165e-03     fixed    
  11  alpha_y      0.00000e+00     fixed    
  12  w_y          1.44500e+01   constant   
  13  beta_y       3.57138e-04     fixed    
  14  alpha_vw     0.00000e+00     fixed    
  15  w_vw         1.29000e+01   constant   
  16  beta_vw      0.00000e+00     fixed    
  17  LM          -3.89610e-04   constant   
  18  zeta_y       0.00000e+00   constant   
  19  zeta_vw      0.00000e+00   constant   
  20  T_CBO        2.70198e+01   4.69663e+00   4.49430e-06  -3.39503e-01
  21  alpha_A0     5.18797e-01   3.04955e-01   7.16875e-05   1.67646e-02
  22  beta_A0     -2.48652e-01   1.84309e-01   6.82522e-05  -9.20202e-05
  23  alpha_phi    1.89817e-01   1.28530e-01   5.48363e-05   1.63674e-03
  24  beta_phi     3.62896e-01   2.18918e-01   6.41993e-05   9.47520e-03
 CALL LIMIT EXCEEDED IN MIGRAD.
 MIGRAD TERMINATED WITHOUT CONVERGENCE.
 FCN=20.6835 FROM MIGRAD    STATUS=CALL LIMIT   1161 CALLS        2914 TOTAL
                     EDM=0.000889775    STRATEGY= 1      ERR MATRIX NOT POS-DEF
  EXT PARAMETER                APPROXIMATE        STEP         FIRST   
  NO.   NAME      VALUE            ERROR          SIZE      DERIVATIVE 
   1  N0           2.92302e+06     fixed    
   2  tau          6.43896e+01   constant   
   3  A0           3.45462e-01     fixed    
   4  phi          4.12956e+00     fixed    
   5  R           -6.12649e+01   constant   
   6  alpha_CBO   -4.58174e-03     fixed    
   7  w_CBO        2.32500e+00   constant   
   8  beta_CBO    -3.58085e-04   5.49177e-04  -8.10173e-08   1.79713e+01
   9  alpha_2CBO  -4.09716e-04   4.93191e-04  -7.52992e-07   1.42485e+01
  10  beta_2CBO    2.39165e-03     fixed    
  11  alpha_y      0.00000e+00     fixed    
  12  w_y          1.44500e+01   constant   
  13  beta_y       3.57138e-04     fixed    
  14  alpha_vw     0.00000e+00     fixed    
  15  w_vw         1.29000e+01   constant   
  16  beta_vw      0.00000e+00     fixed    
  17  LM          -3.89610e-04   constant   
  18  zeta_y       0.00000e+00   constant   
  19  zeta_vw      0.00000e+00   constant   
  20  T_CBO        3.64978e+01   1.74148e+01   1.17725e-03  -1.04510e+01
  21  alpha_A0     2.15893e-01   2.66215e-01  -3.35537e-03  -1.87646e+00
  22  beta_A0     -1.03420e-01   1.29525e-01   1.64170e-03  -1.73873e-01
  23  alpha_phi    7.86640e-02   1.00019e-01  -1.23437e-03  -1.42319e+00
  24  beta_phi     1.50102e-01   1.86080e-01  -2.38551e-03  -1.89316e+00
 EXTERNAL ERROR MATRIX.    NDIM=  25    NPAR=  7    ERR DEF=1
  3.016e-07  1.867e-07  8.670e-04 -1.222e-05 -1.219e-05  5.644e-06 -1.264e-05 
  1.867e-07  2.432e-07 -6.482e-04  1.092e-05 -1.980e-05  1.372e-05  3.001e-06 
  8.670e-04 -6.482e-04  3.041e+02 -4.638e+00  2.164e+00 -1.695e+00 -3.236e+00 
 -1.222e-05  1.092e-05 -4.638e+00  7.087e-02 -3.308e-02  2.589e-02  4.922e-02 
 -1.219e-05 -1.980e-05  2.164e+00 -3.308e-02  1.678e-02 -1.281e-02 -2.276e-02 
  5.644e-06  1.372e-05 -1.695e+00  2.589e-02 -1.281e-02  1.000e-02  1.781e-02 
 -1.264e-05  3.001e-06 -3.236e+00  4.922e-02 -2.276e-02  1.781e-02  3.463e-02 
ERR MATRIX NOT POS-DEF
 PARAMETER  CORRELATION COEFFICIENTS  
       NO.  GLOBAL      8      9     20     21     22     23     24
        8  0.92346   1.000  0.689  0.091 -0.084 -0.171  0.103 -0.124
        9  0.90241   0.689  1.000 -0.075  0.083 -0.310  0.278  0.033
       20  0.99992   0.091 -0.075  1.000 -0.999  0.958 -0.972 -0.997
       21  0.99970  -0.084  0.083 -0.999  1.000 -0.959  0.972  0.994
       22  0.99575  -0.171 -0.310  0.958 -0.959  1.000 -0.989 -0.944
       23  0.99738   0.103  0.278 -0.972  0.972 -0.989  1.000  0.957
       24  0.99949  -0.124  0.033 -0.997  0.994 -0.944  0.957  1.000
 ERR MATRIX NOT POS-DEF
MINUIT - FIT wiggle + 1-CBO + 2-CBO
 **********
 **   42 **RES 
 **********
                   PARAMETER   16  beta_vw RESTORED TO VARIABLE.
                   PARAMETER   14  alpha_vw RESTORED TO VARIABLE.
                   PARAMETER   13  beta_y RESTORED TO VARIABLE.
                   PARAMETER   11  alpha_y RESTORED TO VARIABLE.
                   PARAMETER   10  beta_2CBO RESTORED TO VARIABLE.
                   PARAMETER    6  alpha_CBO RESTORED TO VARIABLE.
                   PARAMETER    4  phi RESTORED TO VARIABLE.
                   PARAMETER    3  A0 RESTORED TO VARIABLE.
                   PARAMETER    1  N0 RESTORED TO VARIABLE.
 **********
 **   43 **FIX           10
 **********
 **********
 **   44 **FIX           11
 **********
 **********
 **   45 **FIX           12
 **********
 PARAMETER   12  IS CONSTANT.   IGNORED.
 **********
 **   46 **FIX           13
 **********
 **********
 **   47 **FIX           14
 **********
 **********
 **   48 **FIX           15
 **********
 PARAMETER   15  IS CONSTANT.   IGNORED.
 **********
 **   49 **FIX           16
 **********
 **********
 **   50 **MIGRAD
 **********
 START MIGRAD MINIMIZATION.  STRATEGY  1.  CONVERGENCE WHEN EDM .LT. 1.00e-04
 FCN=20.6835 FROM MIGRAD    STATUS=INITIATE       22 CALLS        2936 TOTAL
                     EDM= unknown      STRATEGY= 1      NO ERROR MATRIX       
  EXT PARAMETER               CURRENT GUESS       STEP         FIRST   
  NO.   NAME      VALUE            ERROR          SIZE      DERIVATIVE 
   1  N0           2.92302e+06   1.23662e+03   1.23662e+03  -3.99427e-06
   2  tau          6.43896e+01   constant   
   3  A0           3.45462e-01   6.19149e-04   6.19149e-04  -1.20022e+02
   4  phi          4.12956e+00   2.65771e-03   2.65771e-03   2.27047e+01
   5  R           -6.12649e+01   constant   
   6  alpha_CBO   -4.58174e-03   3.96557e-03   3.96557e-03   3.76269e+02
   7  w_CBO        2.32500e+00   constant   
   8  beta_CBO    -3.58085e-04   5.49177e-04  -8.10173e-08   1.79713e+01
   9  alpha_2CBO  -4.09716e-04   4.93191e-04  -7.52992e-07   1.42485e+01
  10  beta_2CBO    2.39165e-03     fixed    
  11  alpha_y      0.00000e+00     fixed    
  12  w_y          1.44500e+01   constant   
  13  beta_y       3.57138e-04     fixed    
  14  alpha_vw     0.00000e+00     fixed    
  15  w_vw         1.29000e+01   constant   
  16  beta_vw      0.00000e+00     fixed    
  17  LM          -3.89610e-04   constant   
  18  zeta_y       0.00000e+00   constant   
  19  zeta_vw      0.00000e+00   constant   
  20  T_CBO        3.64978e+01   1.74148e+01   1.17725e-03  -1.04510e+01
  21  alpha_A0     2.15893e-01   2.66215e-01  -3.35537e-03  -1.87646e+00
  22  beta_A0     -1.03420e-01   1.29525e-01   1.64170e-03  -1.73874e-01
  23  alpha_phi    7.86640e-02   1.00019e-01  -1.23437e-03  -1.42319e+00
  24  beta_phi     1.50102e-01   1.86080e-01  -2.38551e-03  -1.89316e+00
 MIGRAD MINIMIZATION HAS CONVERGED.
 FCN=15.5112 FROM MIGRAD    STATUS=CONVERGED    1644 CALLS        4558 TOTAL
                     EDM=2.8676e-06    STRATEGY= 1  ERROR MATRIX UNCERTAINTY   1.7 per cent
  EXT PARAMETER                                   STEP         FIRST   
  NO.   NAME      VALUE            ERROR          SIZE      DERIVATIVE 
   1  N0           3.12529e+06   4.42375e+04  -3.96605e+01  -2.49451e-06
   2  tau          6.43896e+01   constant   
   3  A0           3.58550e-01   4.14959e-03  -4.19262e-06  -1.10965e+01
   4  phi          3.82694e+00   5.91551e-02   5.81944e-05  -2.77733e+00
   5  R           -6.12649e+01   constant   
   6  alpha_CBO   -1.20923e-04   2.64857e-03  -5.47600e-06  -6.24285e-01
   7  w_CBO        2.32500e+00   constant   
   8  beta_CBO    -9.39439e-02   2.07781e-02   1.44660e-05   3.86713e+00
   9  alpha_2CBO  -1.41044e-02   4.81762e-03  -8.35854e-07   3.25637e-01
  10  beta_2CBO    2.39165e-03     fixed    
  11  alpha_y      0.00000e+00     fixed    
  12  w_y          1.44500e+01   constant   
  13  beta_y       3.57138e-04     fixed    
  14  alpha_vw     0.00000e+00     fixed    
  15  w_vw         1.29000e+01   constant   
  16  beta_vw      0.00000e+00     fixed    
  17  LM          -3.89610e-04   constant   
  18  zeta_y       0.00000e+00   constant   
  19  zeta_vw      0.00000e+00   constant   
  20  T_CBO        3.38946e+01   1.42277e+00   8.71334e-06   8.95022e-01
  21  alpha_A0     1.13692e+00   8.27019e-02   6.36235e-05  -9.79119e-02
  22  beta_A0      2.12056e+00   6.96879e-01  -3.46510e-04   1.26812e-01
  23  alpha_phi   -6.87538e-01   3.19356e-01   1.14453e-04   1.59893e-03
  24  beta_phi    -1.40454e-01   7.43937e-02  -2.90869e-05   2.48513e-02
 EXTERNAL ERROR MATRIX.    NDIM=  25    NPAR= 11    ERR DEF=1
  1.957e+09 
  1.818e+02  1.722e-05 
 -2.616e+03 -2.429e-04  3.499e-03 
  8.029e+01  8.306e-06 -1.080e-04  7.015e-06 
 -9.153e+02 -8.496e-05  1.222e-03 -3.521e-05  4.317e-04 
 -2.004e+02 -1.868e-05  2.662e-04 -6.541e-06  9.674e-05  2.321e-05 
 -6.256e+04 -5.873e-03  8.367e-02 -2.793e-03  2.916e-02  6.338e-03  2.024e+00 
  2.180e+03  1.714e-04 -2.902e-03 -3.565e-05 -1.085e-03 -2.665e-04 -6.197e-02  6.840e-03 
  3.043e+04  2.839e-03 -4.056e-02  1.156e-03 -1.444e-02 -3.295e-03 -9.702e-01  3.601e-02  4.856e-01 
 -1.387e+04 -1.296e-03  1.848e-02 -5.225e-04  6.595e-03  1.517e-03  4.422e-01 -1.646e-02 -2.223e-01  1.020e-01 
 -2.808e+03 -2.534e-04  3.724e-03 -5.463e-05  1.378e-03  3.394e-04  8.650e-02 -4.995e-03 -4.694e-02  2.163e-02  5.534e-03 
 PARAMETER  CORRELATION COEFFICIENTS  
       NO.  GLOBAL      1      3      4      6      8      9     20     21     22     23     24
        1  0.99995   1.000  0.990 -1.000  0.685 -0.996 -0.940 -0.994  0.596  0.987 -0.982 -0.853
        3  0.99949   0.990  1.000 -0.989  0.756 -0.985 -0.935 -0.995  0.500  0.982 -0.978 -0.821
        4  0.99997  -1.000 -0.989  1.000 -0.689  0.994  0.934  0.994 -0.593 -0.984  0.978  0.846
        6  0.99827   0.685  0.756 -0.689  1.000 -0.640 -0.513 -0.741 -0.163  0.626 -0.618 -0.277
        8  0.99998  -0.996 -0.985  0.994 -0.640  1.000  0.966  0.986 -0.631 -0.997  0.994  0.891
        9  0.99928  -0.940 -0.935  0.934 -0.513  0.966  1.000  0.925 -0.669 -0.982  0.986  0.947
       20  0.99914  -0.994 -0.995  0.994 -0.741  0.986  0.925  1.000 -0.527 -0.978  0.973  0.817
       21  0.99607   0.596  0.500 -0.593 -0.163 -0.631 -0.669 -0.527  1.000  0.625 -0.623 -0.812
       22  0.99996   0.987  0.982 -0.984  0.626 -0.997 -0.982 -0.978  0.625  1.000 -0.999 -0.905
       23  0.99970  -0.982 -0.978  0.978 -0.618  0.994  0.986  0.973 -0.623 -0.999  1.000  0.910
       24  0.98773  -0.853 -0.821  0.846 -0.277  0.891  0.947  0.817 -0.812 -0.905  0.910  1.000
MINUIT - FIT ONLY 1-y
 **********
 **   51 **RES 
 **********
                   PARAMETER   16  beta_vw RESTORED TO VARIABLE.
                   PARAMETER   14  alpha_vw RESTORED TO VARIABLE.
                   PARAMETER   13  beta_y RESTORED TO VARIABLE.
                   PARAMETER   11  alpha_y RESTORED TO VARIABLE.
                   PARAMETER   10  beta_2CBO RESTORED TO VARIABLE.
 **********
 **   52 **FIX            0
 **********
 PARAMETER    0  IS UNDEFINED. IGNORED.
 **********
 **   53 **FIX            1
 **********
 **********
 **   54 **FIX            2
 **********
 PARAMETER    2  IS CONSTANT.   IGNORED.
 **********
 **   55 **FIX            3
 **********
 **********
 **   56 **FIX            4
 **********
 **********
 **   57 **FIX            5
 **********
 PARAMETER    5  IS CONSTANT.   IGNORED.
 **********
 **   58 **FIX            6
 **********
 **********
 **   59 **FIX            7
 **********
 PARAMETER    7  IS CONSTANT.   IGNORED.
 **********
 **   60 **FIX            8
 **********
 **********
 **   61 **FIX            9
 **********
 **********
 **   62 **FIX           13
 **********
 **********
 **   63 **FIX           14
 **********
 **********
 **   64 **FIX           15
 **********
 PARAMETER   15  IS CONSTANT.   IGNORED.
 **********
 **   65 **FIX           16
 **********
 **********
 **   66 **MIGRAD
 **********
 START MIGRAD MINIMIZATION.  STRATEGY  1.  CONVERGENCE WHEN EDM .LT. 1.00e-04
 FCN=15.5112 FROM MIGRAD    STATUS=INITIATE       16 CALLS        4574 TOTAL
                     EDM= unknown      STRATEGY= 1      NO ERROR MATRIX       
  EXT PARAMETER               CURRENT GUESS       STEP         FIRST   
  NO.   NAME      VALUE            ERROR          SIZE      DERIVATIVE 
   1  N0           3.12529e+06     fixed    
   2  tau          6.43896e+01   constant   
   3  A0           3.58550e-01     fixed    
   4  phi          3.82694e+00     fixed    
   5  R           -6.12649e+01   constant   
   6  alpha_CBO   -1.20923e-04     fixed    
   7  w_CBO        2.32500e+00   constant   
   8  beta_CBO    -9.39439e-02     fixed    
   9  alpha_2CBO  -1.41044e-02     fixed    
  10  beta_2CBO    2.39165e-03   1.29717e-03   1.29717e-03  -5.02997e+02
  11  alpha_y      0.00000e+00   1.00000e-03   1.00000e-03   2.06812e+04
  12  w_y          1.44500e+01   constant   
  13  beta_y       3.57138e-04     fixed    
  14  alpha_vw     0.00000e+00     fixed    
  15  w_vw         1.29000e+01   constant   
  16  beta_vw      0.00000e+00     fixed    
  17  LM          -3.89610e-04   constant   
  18  zeta_y       0.00000e+00   constant   
  19  zeta_vw      0.00000e+00   constant   
  20  T_CBO        3.38946e+01   1.42277e+00   8.71334e-06   8.95017e-01
  21  alpha_A0     1.13692e+00   8.27019e-02   6.36235e-05  -9.79117e-02
  22  beta_A0      2.12056e+00   6.96879e-01  -3.46510e-04   1.26812e-01
  23  alpha_phi   -6.87538e-01   3.19356e-01   1.14453e-04   1.59893e-03
  24  beta_phi    -1.40454e-01   7.43937e-02  -2.90869e-05   2.48513e-02
 MIGRAD MINIMIZATION HAS CONVERGED.
 MIGRAD WILL VERIFY CONVERGENCE AND ERROR MATRIX.
 FCN=8.98476 FROM MIGRAD    STATUS=CONVERGED     162 CALLS        4720 TOTAL
                     EDM=2.43355e-05    STRATEGY= 1      ERR MATRIX NOT POS-DEF
  EXT PARAMETER                APPROXIMATE        STEP         FIRST   
  NO.   NAME      VALUE            ERROR          SIZE      DERIVATIVE 
   1  N0           3.12529e+06     fixed    
   2  tau          6.43896e+01   constant   
   3  A0           3.58550e-01     fixed    
   4  phi          3.82694e+00     fixed    
   5  R           -6.12649e+01   constant   
   6  alpha_CBO   -1.20923e-04     fixed    
   7  w_CBO        2.32500e+00   constant   
   8  beta_CBO    -9.39439e-02     fixed    
   9  alpha_2CBO  -1.41044e-02     fixed    
  10  beta_2CBO    2.71811e-03   5.06677e-04   3.59098e-07   1.16725e+00
  11  alpha_y     -6.23310e-04   2.43817e-04   3.65220e-07  -2.56163e+00
  12  w_y          1.44500e+01   constant   
  13  beta_y       3.57138e-04     fixed    
  14  alpha_vw     0.00000e+00     fixed    
  15  w_vw         1.29000e+01   constant   
  16  beta_vw      0.00000e+00     fixed    
  17  LM          -3.89610e-04   constant   
  18  zeta_y       0.00000e+00   constant   
  19  zeta_vw      0.00000e+00   constant   
  20  T_CBO        3.39157e+01   9.61684e-01   5.72375e-07   4.07431e-01
  21  alpha_A0     1.13807e+00   8.81344e-02   2.19704e-05  -1.56230e-02
  22  beta_A0      2.12556e+00   1.62587e-01   1.99940e-05  -2.00508e-02
  23  alpha_phi   -6.89396e-01   5.42497e-02   1.69141e-05   7.87459e-03
  24  beta_phi    -1.20180e-01   2.86799e-02   1.97132e-05  -2.62424e-02
 EXTERNAL ERROR MATRIX.    NDIM=  25    NPAR=  7    ERR DEF=1
  2.567e-07 -2.457e-08 -1.039e-05  3.954e-06  6.862e-06 -2.535e-06  1.182e-05 
 -2.457e-08  5.945e-08 -1.615e-06 -6.803e-08 -4.146e-07  1.479e-07 -1.621e-06 
 -1.039e-05 -1.615e-06  9.248e-01 -8.335e-02 -1.555e-01  5.088e-02  8.698e-03 
  3.954e-06 -6.803e-08 -8.335e-02  7.768e-03  1.404e-02 -4.575e-03 -6.878e-04 
  6.862e-06 -4.146e-07 -1.555e-01  1.404e-02  2.643e-02 -8.622e-03 -1.171e-03 
 -2.535e-06  1.479e-07  5.088e-02 -4.575e-03 -8.622e-03  2.943e-03  3.658e-04 
  1.182e-05 -1.621e-06  8.698e-03 -6.878e-04 -1.171e-03  3.658e-04  8.225e-04 
ERR MATRIX NOT POS-DEF
 PARAMETER  CORRELATION COEFFICIENTS  
       NO.  GLOBAL     10     11     20     21     22     23     24
       10  0.88852   1.000 -0.199 -0.021  0.089  0.083 -0.092  0.813
       11  0.24407  -0.199  1.000 -0.007 -0.003 -0.010  0.011 -0.232
       20  0.99781  -0.021 -0.007  1.000 -0.983 -0.994  0.975  0.315
       21  0.98689   0.089 -0.003 -0.983  1.000  0.980 -0.957 -0.272
       22  0.99683   0.083 -0.010 -0.994  0.980  1.000 -0.978 -0.251
       23  0.97942  -0.092  0.011  0.975 -0.957 -0.978  1.000  0.235
       24  0.89554   0.813 -0.232  0.315 -0.272 -0.251  0.235  1.000
 ERR MATRIX NOT POS-DEF
MINUIT - FIT ONLY 2-y
 **********
 **   67 **RES 
 **********
                   PARAMETER   16  beta_vw RESTORED TO VARIABLE.
                   PARAMETER   14  alpha_vw RESTORED TO VARIABLE.
                   PARAMETER   13  beta_y RESTORED TO VARIABLE.
                   PARAMETER    9  alpha_2CBO RESTORED TO VARIABLE.
                   PARAMETER    8  beta_CBO RESTORED TO VARIABLE.
                   PARAMETER    6  alpha_CBO RESTORED TO VARIABLE.
                   PARAMETER    4  phi RESTORED TO VARIABLE.
                   PARAMETER    3  A0 RESTORED TO VARIABLE.
                   PARAMETER    1  N0 RESTORED TO VARIABLE.
 **********
 **   68 **FIX            0
 **********
 PARAMETER    0  IS UNDEFINED. IGNORED.
 **********
 **   69 **FIX            1
 **********
 **********
 **   70 **FIX            2
 **********
 PARAMETER    2  IS CONSTANT.   IGNORED.
 **********
 **   71 **FIX            3
 **********
 **********
 **   72 **FIX            4
 **********
 **********
 **   73 **FIX            5
 **********
 PARAMETER    5  IS CONSTANT.   IGNORED.
 **********
 **   74 **FIX            6
 **********
 **********
 **   75 **FIX            7
 **********
 PARAMETER    7  IS CONSTANT.   IGNORED.
 **********
 **   76 **FIX            8
 **********
 **********
 **   77 **FIX            9
 **********
 **********
 **   78 **FIX           10
 **********
 **********
 **   79 **FIX           11
 **********
 **********
 **   80 **FIX           12
 **********
 PARAMETER   12  IS CONSTANT.   IGNORED.
 **********
 **   81 **FIX           16
 **********
 **********
 **   82 **MIGRAD
 **********
 START MIGRAD MINIMIZATION.  STRATEGY  1.  CONVERGENCE WHEN EDM .LT. 1.00e-04
 FCN=8.98476 FROM MIGRAD    STATUS=INITIATE       16 CALLS        4736 TOTAL
                     EDM= unknown      STRATEGY= 1      NO ERROR MATRIX       
  EXT PARAMETER               CURRENT GUESS       STEP         FIRST   
  NO.   NAME      VALUE            ERROR          SIZE      DERIVATIVE 
   1  N0           3.12529e+06     fixed    
   2  tau          6.43896e+01   constant   
   3  A0           3.58550e-01     fixed    
   4  phi          3.82694e+00     fixed    
   5  R           -6.12649e+01   constant   
   6  alpha_CBO   -1.20923e-04     fixed    
   7  w_CBO        2.32500e+00   constant   
   8  beta_CBO    -9.39439e-02     fixed    
   9  alpha_2CBO  -1.41044e-02     fixed    
  10  beta_2CBO    2.71811e-03     fixed    
  11  alpha_y     -6.23310e-04     fixed    
  12  w_y          1.44500e+01   constant   
  13  beta_y       3.57138e-04   2.53546e-04   2.53546e-04  -3.13467e+03
  14  alpha_vw     0.00000e+00   1.00000e-03   1.00000e-03  -1.49153e+04
  15  w_vw         1.29000e+01   constant   
  16  beta_vw      0.00000e+00     fixed    
  17  LM          -3.89610e-04   constant   
  18  zeta_y       0.00000e+00   constant   
  19  zeta_vw      0.00000e+00   constant   
  20  T_CBO        3.39157e+01   9.61684e-01   5.72375e-07   4.07401e-01
  21  alpha_A0     1.13807e+00   8.81344e-02   2.19704e-05  -1.56234e-02
  22  beta_A0      2.12556e+00   1.62587e-01   1.99940e-05  -2.00484e-02
  23  alpha_phi   -6.89396e-01   5.42497e-02   1.69141e-05   7.87423e-03
  24  beta_phi    -1.20180e-01   2.86799e-02   1.97132e-05  -2.62422e-02
 MIGRAD MINIMIZATION HAS CONVERGED.
 MIGRAD WILL VERIFY CONVERGENCE AND ERROR MATRIX.
 FCN=5.50187 FROM HESSE     STATUS=NOT POSDEF     50 CALLS        4863 TOTAL
                     EDM=9.80182e-05    STRATEGY= 1      ERR MATRIX NOT POS-DEF
  EXT PARAMETER                APPROXIMATE        STEP         FIRST   
  NO.   NAME      VALUE            ERROR          SIZE      DERIVATIVE 
   1  N0           3.12529e+06     fixed    
   2  tau          6.43896e+01   constant   
   3  A0           3.58550e-01     fixed    
   4  phi          3.82694e+00     fixed    
   5  R           -6.12649e+01   constant   
   6  alpha_CBO   -1.20923e-04     fixed    
   7  w_CBO        2.32500e+00   constant   
   8  beta_CBO    -9.39439e-02     fixed    
   9  alpha_2CBO  -1.41044e-02     fixed    
  10  beta_2CBO    2.71811e-03     fixed    
  11  alpha_y     -6.23310e-04     fixed    
  12  w_y          1.44500e+01   constant   
  13  beta_y       3.99817e-04   2.49557e-04   3.08024e-07  -5.30952e+00
  14  alpha_vw     4.58169e-04   2.50652e-04   3.06974e-07   3.69118e+00
  15  w_vw         1.29000e+01   constant   
  16  beta_vw      0.00000e+00     fixed    
  17  LM          -3.89610e-04   constant   
  18  zeta_y       0.00000e+00   constant   
  19  zeta_vw      0.00000e+00   constant   
  20  T_CBO        3.39137e+01   9.92552e-01   5.72380e-07   1.07924e+00
  21  alpha_A0     1.13878e+00   9.06155e-02   1.77284e-05  -2.74549e-02
  22  beta_A0      2.12478e+00   1.67215e-01   1.61336e-05  -3.06313e-02
  23  alpha_phi   -6.88902e-01   5.56723e-02   1.36514e-05   1.15053e-01
  24  beta_phi    -1.23997e-01   1.70534e-02   1.59105e-05  -6.77187e-03
 MIGRAD MINIMIZATION HAS CONVERGED.
 MIGRAD WILL VERIFY CONVERGENCE AND ERROR MATRIX.
 FCN=5.46629 FROM MIGRAD    STATUS=CONVERGED    1025 CALLS        5745 TOTAL
                     EDM=5.99481e-06    STRATEGY= 1      ERR MATRIX NOT POS-DEF
  EXT PARAMETER                APPROXIMATE        STEP         FIRST   
  NO.   NAME      VALUE            ERROR          SIZE      DERIVATIVE 
   1  N0           3.12529e+06     fixed    
   2  tau          6.43896e+01   constant   
   3  A0           3.58550e-01     fixed    
   4  phi          3.82694e+00     fixed    
   5  R           -6.12649e+01   constant   
   6  alpha_CBO   -1.20923e-04     fixed    
   7  w_CBO        2.32500e+00   constant   
   8  beta_CBO    -9.39439e-02     fixed    
   9  alpha_2CBO  -1.41044e-02     fixed    
  10  beta_2CBO    2.71811e-03     fixed    
  11  alpha_y     -6.23310e-04     fixed    
  12  w_y          1.44500e+01   constant   
  13  beta_y       4.00675e-04   2.49559e-04   3.07179e-07  -3.21124e+00
  14  alpha_vw     4.60986e-04   2.50661e-04   3.06133e-07   2.14862e+00
  15  w_vw         1.29000e+01   constant   
  16  beta_vw      0.00000e+00     fixed    
  17  LM          -3.89610e-04   constant   
  18  zeta_y       0.00000e+00   constant   
  19  zeta_vw      0.00000e+00   constant   
  20  T_CBO        3.07089e+01   8.13815e-01   5.81025e-07  -1.07199e+01
  21  alpha_A0     1.50708e+00   1.19922e-01   2.33314e-05  -9.37338e-02
  22  beta_A0      2.81222e+00   2.21307e-01   2.12392e-05  -1.68336e-01
  23  alpha_phi   -9.14148e-01   7.38649e-02   1.79968e-05   2.56418e-02
  24  beta_phi    -1.65651e-01   2.26651e-02   2.09800e-05   4.80872e-02
 EXTERNAL ERROR MATRIX.    NDIM=  25    NPAR=  7    ERR DEF=1
  6.228e-08 -7.335e-09 -3.085e-07  1.240e-07 -2.378e-09  1.054e-07 -2.419e-07 
 -7.335e-09  6.283e-08 -8.439e-07  1.985e-07  4.887e-08  3.049e-09 -6.378e-07 
 -3.085e-07 -8.439e-07  6.623e-01 -9.627e-02 -1.795e-01  5.886e-02  1.102e-02 
  1.240e-07  1.985e-07 -9.627e-02  1.438e-02  2.603e-02 -8.497e-03 -1.680e-03 
 -2.378e-09  4.887e-08 -1.795e-01  2.603e-02  4.898e-02 -1.600e-02 -2.894e-03 
  1.054e-07  3.049e-09  5.886e-02 -8.497e-03 -1.600e-02  5.456e-03  9.419e-04 
 -2.419e-07 -6.378e-07  1.102e-02 -1.680e-03 -2.894e-03  9.419e-04  5.137e-04 
ERR MATRIX NOT POS-DEF
 PARAMETER  CORRELATION COEFFICIENTS  
       NO.  GLOBAL     13     14     20     21     22     23     24
       13  0.13904   1.000 -0.117 -0.002  0.004 -0.000  0.006 -0.043
       14  0.18587  -0.117  1.000 -0.004  0.007  0.001  0.000 -0.112
       20  0.99795  -0.002 -0.004  1.000 -0.986 -0.997  0.979  0.598
       21  0.98761   0.004  0.007 -0.986  1.000  0.981 -0.959 -0.618
       22  0.99700  -0.000  0.001 -0.997  0.981  1.000 -0.979 -0.577
       23  0.98049   0.006  0.000  0.979 -0.959 -0.979  1.000  0.563
       24  0.66506  -0.043 -0.112  0.598 -0.618 -0.577  0.563  1.000
 ERR MATRIX NOT POS-DEF
MINUIT - FIT ALTOGETHER
 **********
 **   83 **RES 
 **********
                   PARAMETER   16  beta_vw RESTORED TO VARIABLE.
                   PARAMETER   11  alpha_y RESTORED TO VARIABLE.
                   PARAMETER   10  beta_2CBO RESTORED TO VARIABLE.
                   PARAMETER    9  alpha_2CBO RESTORED TO VARIABLE.
                   PARAMETER    8  beta_CBO RESTORED TO VARIABLE.
                   PARAMETER    6  alpha_CBO RESTORED TO VARIABLE.
                   PARAMETER    4  phi RESTORED TO VARIABLE.
                   PARAMETER    3  A0 RESTORED TO VARIABLE.
                   PARAMETER    1  N0 RESTORED TO VARIABLE.
 **********
 **   84 **MIGRAD
 **********
 START MIGRAD MINIMIZATION.  STRATEGY  1.  CONVERGENCE WHEN EDM .LT. 1.00e-04
 FCN=5.46629 FROM MIGRAD    STATUS=INITIATE       34 CALLS        5779 TOTAL
                     EDM= unknown      STRATEGY= 1      NO ERROR MATRIX       
  EXT PARAMETER               CURRENT GUESS       STEP         FIRST   
  NO.   NAME      VALUE            ERROR          SIZE      DERIVATIVE 
   1  N0           3.12529e+06   4.42375e+04   4.42375e+04   2.28538e-05
   2  tau          6.43896e+01   constant   
   3  A0           3.58550e-01   4.14959e-03   4.14959e-03   5.78010e+01
   4  phi          3.82694e+00   5.91551e-02   5.91551e-02  -3.52918e+01
   5  R           -6.12649e+01   constant   
   6  alpha_CBO   -1.20923e-04   2.64857e-03   2.64857e-03   2.37864e+01
   7  w_CBO        2.32500e+00   constant   
   8  beta_CBO    -9.39439e-02   2.07781e-02   2.07781e-02   1.80217e+02
   9  alpha_2CBO  -1.41044e-02   4.81762e-03   4.81762e-03   2.56691e+01
  10  beta_2CBO    2.71811e-03   5.06677e-04   5.06677e-04  -6.92420e+01
  11  alpha_y     -6.23310e-04   2.43817e-04   2.43817e-04  -7.96561e+03
  12  w_y          1.44500e+01   constant   
  13  beta_y       4.00675e-04   2.49559e-04   3.07179e-07  -3.21124e+00
  14  alpha_vw     4.60986e-04   2.50661e-04   3.06133e-07   2.14863e+00
  15  w_vw         1.29000e+01   constant   
  16  beta_vw      0.00000e+00   1.00000e-03   1.00000e-03   1.00813e+04
  17  LM          -3.89610e-04   constant   
  18  zeta_y       0.00000e+00   constant   
  19  zeta_vw      0.00000e+00   constant   
  20  T_CBO        3.07089e+01   8.13815e-01   5.81025e-07  -1.07198e+01
  21  alpha_A0     1.50708e+00   1.19922e-01   2.33314e-05  -9.37315e-02
  22  beta_A0      2.81222e+00   2.21307e-01   2.12392e-05  -1.68336e-01
  23  alpha_phi   -9.14148e-01   7.38649e-02   1.79968e-05   2.56418e-02
  24  beta_phi    -1.65651e-01   2.26651e-02   2.09800e-05   4.80872e-02
 CALL LIMIT EXCEEDED IN MIGRAD.
 MIGRAD TERMINATED WITHOUT CONVERGENCE.
 FCN=0.393213 FROM MIGRAD    STATUS=CALL LIMIT   3105 CALLS        8850 TOTAL
                     EDM=0.0173865    STRATEGY= 1  ERROR MATRIX UNCERTAINTY   6.0 per cent
  EXT PARAMETER                APPROXIMATE        STEP         FIRST   
  NO.   NAME      VALUE            ERROR          SIZE      DERIVATIVE 
   1  N0           3.15392e+06   1.45174e+04   2.67662e+02   1.68704e-04
   2  tau          6.43896e+01   constant   
   3  A0           3.88088e-01   7.40906e-03  -1.42899e-04  -1.07669e+02
   4  phi          3.69527e+00   3.36939e-02  -1.91478e-04   1.16377e+02
   5  R           -6.12649e+01   constant   
   6  alpha_CBO   -1.93810e-02   5.38637e-03   3.22810e-05  -8.25615e+01
   7  w_CBO        2.32500e+00   constant   
   8  beta_CBO    -1.35710e-01   1.12509e-02  -1.22673e-04   9.47027e+01
   9  alpha_2CBO  -2.41267e-02   3.49328e-03  -8.31406e-05   3.47272e+02
  10  beta_2CBO    1.00252e-02   2.11837e-03  -1.14399e-05   4.54562e+01
  11  alpha_y     -2.73324e-04   3.26437e-04  -2.32868e-06  -1.35491e+00
  12  w_y          1.44500e+01   constant   
  13  beta_y       2.38539e-04   3.02618e-04  -2.81654e-06   8.33717e+00
  14  alpha_vw     6.22845e-04   3.29149e-04  -8.69334e-07   1.52258e+00
  15  w_vw         1.29000e+01   constant   
  16  beta_vw     -4.07906e-04   3.10393e-04  -3.28040e-06   4.25963e+00
  17  LM          -3.89610e-04   constant   
  18  zeta_y       0.00000e+00   constant   
  19  zeta_vw      0.00000e+00   constant   
  20  T_CBO        3.19152e+01   2.38924e-01   1.79726e-05   2.57952e+02
  21  alpha_A0     2.46915e+00   2.90822e-01  -1.10526e-02  -3.92573e+00
  22  beta_A0      1.64682e+00   3.31269e-01   1.20020e-02  -4.25545e-01
  23  alpha_phi   -3.29675e+00   5.24858e-01   4.11618e-03  -7.83591e+00
  24  beta_phi    -7.89735e-01   2.06415e-01   5.59964e-03  -9.38934e-01
 EXTERNAL ERROR MATRIX.    NDIM=  25    NPAR= 16    ERR DEF=1
 ELEMENTS ABOVE DIAGONAL ARE NOT PRINTED.
  2.108e+08 
  1.466e+01  5.489e-05 
 -4.267e+02 -1.501e-04  1.135e-03 
 -4.343e+01 -2.213e-05  1.324e-04  2.901e-05 
 -1.394e+02 -4.905e-05  3.723e-04  4.524e-05  1.266e-04 
 -4.006e+01 -1.096e-05  1.004e-04  1.187e-05  3.656e-05  1.220e-05 
  2.092e+01  7.126e-06 -5.499e-05 -1.059e-05 -1.817e-05 -4.759e-06  4.487e-06 
 -1.014e+00  2.491e-07  1.201e-06 -6.169e-08  4.080e-07  1.891e-07 -9.542e-08  1.066e-07 
 -4.635e-01  1.301e-07  5.472e-07 -1.428e-08  3.005e-07  1.863e-07 -3.160e-08  1.260e-08  9.158e-08 
 -1.055e+00  6.816e-08  1.666e-06  2.624e-08  4.764e-07  1.544e-07 -1.229e-07  6.568e-08  1.754e-09  1.083e-07 
 -4.198e-01  2.771e-08  7.297e-07  1.102e-07  4.767e-07  2.781e-07 -6.841e-08  2.790e-08  5.014e-08  1.482e-08  9.634e-08 
  2.115e+03  1.652e-04 -4.429e-03 -9.698e-04 -1.756e-03 -6.388e-04  3.745e-04 -1.004e-05 -1.146e-05 -6.217e-06 -2.065e-05 
  2.115e+03  1.652e-04 -4.429e-03 -9.698e-04 -1.756e-03 -6.388e-04  3.745e-04 -1.004e-05 -1.146e-05 -6.217e-06 -2.065e-05  5.708e-02 
 -2.143e+03  9.924e-04  1.775e-03 -5.886e-04  6.771e-04  3.694e-04  1.338e-04  2.508e-05  1.618e-05  1.726e-05  1.329e-05 
 -2.143e+03  9.924e-04  1.775e-03 -5.886e-04  6.771e-04  3.694e-04  1.338e-04  2.508e-05  1.618e-05  1.726e-05  1.329e-05 -6.699e-03  8.458e-02 
  1.572e+03 -2.065e-03  1.647e-03  5.226e-04  3.525e-04 -1.413e-04 -1.057e-04 -2.609e-05 -1.771e-05 -1.493e-05 -1.750e-05 
  1.572e+03 -2.065e-03  1.647e-03  5.226e-04  3.525e-04 -1.413e-04 -1.057e-04 -2.609e-05 -1.771e-05 -1.493e-05 -1.750e-05  2.324e-02 -7.447e-02  1.097e-01 
 -3.600e+03 -3.614e-03  1.487e-02  2.047e-03  4.982e-03  1.295e-03 -7.311e-04 -4.304e-06  2.161e-07  5.635e-06  9.153e-06 
 -3.600e+03 -3.614e-03  1.487e-02  2.047e-03  4.982e-03  1.295e-03 -7.311e-04 -4.304e-06  2.161e-07  5.635e-06  9.153e-06 -4.713e-02 -3.481e-02  1.046e-01  2.755e-01 
  1.922e+03 -9.838e-04 -1.356e-03  5.340e-05 -4.014e-04 -1.688e-04  8.185e-05 -2.176e-05 -8.983e-06 -1.850e-05 -5.960e-06 
  1.922e+03 -9.838e-04 -1.356e-03  5.340e-05 -4.014e-04 -1.688e-04  8.185e-05 -2.176e-05 -8.983e-06 -1.850e-05 -5.960e-06  1.600e-02 -4.401e-02  5.886e-02  3.843e-02  4.261e-02 
ERR MATRIX APPROXIMATE
 PARAMETER  CORRELATION COEFFICIENTS  
       NO.  GLOBAL      1      3      4      6      8      9     10     11     13     14     16     20     21     22     23     24
        1  0.99972   1.000  0.136 -0.872 -0.555 -0.853 -0.790  0.680 -0.214 -0.106 -0.221 -0.093  0.610 -0.507  0.327 -0.473  0.641
        3  0.99975   0.136  1.000 -0.601 -0.555 -0.588 -0.423  0.454  0.103  0.058  0.028  0.012  0.093  0.461 -0.841 -0.929 -0.643
        4  0.99991  -0.872 -0.601  1.000  0.730  0.982  0.853 -0.770  0.109  0.054  0.150  0.070 -0.550  0.181  0.148  0.841 -0.195
        6  0.99936  -0.555 -0.555  0.730  1.000  0.747  0.631 -0.928 -0.035 -0.009  0.015  0.066 -0.754 -0.376  0.293  0.724  0.048
        8  0.99979  -0.853 -0.588  0.982  0.747  1.000  0.930 -0.763  0.111  0.088  0.129  0.137 -0.653  0.207  0.095  0.844 -0.173
        9  0.99835  -0.790 -0.423  0.853  0.631  0.930  1.000 -0.643  0.166  0.176  0.134  0.256 -0.765  0.364 -0.122  0.706 -0.234
       10  0.99723   0.680  0.454 -0.770 -0.928 -0.763 -0.643  1.000 -0.138 -0.049 -0.176 -0.104  0.740  0.217 -0.151 -0.658  0.187
       11  0.69213  -0.214  0.103  0.109 -0.035  0.111  0.166 -0.138  1.000  0.128  0.611  0.275 -0.129  0.264 -0.241 -0.025 -0.323
       13  0.57734  -0.106  0.058  0.054 -0.009  0.088  0.176 -0.049  0.128  1.000  0.018  0.534 -0.158  0.184 -0.177  0.001 -0.144
       14  0.66678  -0.221  0.028  0.150  0.015  0.129  0.134 -0.176  0.611  0.018  1.000  0.145 -0.079  0.180 -0.137  0.033 -0.272
       16  0.64504  -0.093  0.012  0.070  0.066  0.137  0.256 -0.104  0.275  0.534  0.145  1.000 -0.278  0.147 -0.170  0.056 -0.093
       20  0.99250   0.610  0.093 -0.550 -0.754 -0.653 -0.765  0.740 -0.129 -0.158 -0.079 -0.278  1.000 -0.096  0.294 -0.376  0.325
       21  0.99944  -0.507  0.461  0.181 -0.376  0.207  0.364  0.217  0.264  0.184  0.180  0.147 -0.096  1.000 -0.773 -0.228 -0.733
       22  0.99933   0.327 -0.841  0.148  0.293  0.095 -0.122 -0.151 -0.241 -0.177 -0.137 -0.170  0.294 -0.773  1.000  0.601  0.861
       23  0.99988  -0.473 -0.929  0.841  0.724  0.844  0.706 -0.658 -0.025  0.001  0.033  0.056 -0.376 -0.228  0.601  1.000  0.355
       24  0.99865   0.641 -0.643 -0.195  0.048 -0.173 -0.234  0.187 -0.323 -0.144 -0.272 -0.093  0.325 -0.733  0.861  0.355  1.000
 ERR MATRIX APPROXIMATE
MINUIT - MINOS
 **********
 **   85 **RES 
 **********
 CALL TO MNFREE IGNORED.  THERE ARE NO FIXED PARAMETERS
 **********
 **   86 **MIG      2.5e+04        0.01
 **********
 START MIGRAD MINIMIZATION.  STRATEGY  1.  CONVERGENCE WHEN EDM .LT. 1.00e-05
 FCN=0.393213 FROM MIGRAD    STATUS=INITIATE       32 CALLS        8882 TOTAL
                     EDM=0.00659318    STRATEGY= 1  ERROR MATRIX UNCERTAINTY   6.0 per cent
  EXT PARAMETER                APPROXIMATE        STEP         FIRST   
  NO.   NAME      VALUE            ERROR          SIZE      DERIVATIVE 
   1  N0           3.15392e+06   1.45174e+04   2.67662e+02   1.68704e-04
   2  tau          6.43896e+01   constant   
   3  A0           3.88088e-01   7.40906e-03  -1.42899e-04  -1.07669e+02
   4  phi          3.69527e+00   3.36939e-02  -1.91478e-04   1.16377e+02
   5  R           -6.12649e+01   constant   
   6  alpha_CBO   -1.93810e-02   5.38637e-03   3.22810e-05  -8.25615e+01
   7  w_CBO        2.32500e+00   constant   
   8  beta_CBO    -1.35710e-01   1.12509e-02  -1.22673e-04   9.47027e+01
   9  alpha_2CBO  -2.41267e-02   3.49328e-03  -8.31406e-05   3.47272e+02
  10  beta_2CBO    1.00252e-02   2.11837e-03  -1.14399e-05   4.54562e+01
  11  alpha_y     -2.73324e-04   3.26437e-04  -2.32868e-06  -1.35491e+00
  12  w_y          1.44500e+01   constant   
  13  beta_y       2.38539e-04   3.02618e-04  -2.81654e-06   8.33717e+00
  14  alpha_vw     6.22845e-04   3.29149e-04  -8.69334e-07   1.52258e+00
  15  w_vw         1.29000e+01   constant   
  16  beta_vw     -4.07906e-04   3.10393e-04  -3.28040e-06   4.25963e+00
  17  LM          -3.89610e-04   constant   
  18  zeta_y       0.00000e+00   constant   
  19  zeta_vw      0.00000e+00   constant   
  20  T_CBO        3.19152e+01   2.38924e-01   1.79726e-05   2.57952e+02
  21  alpha_A0     2.46915e+00   2.90822e-01  -1.10526e-02  -3.92573e+00
  22  beta_A0      1.64682e+00   3.31269e-01   1.20020e-02  -4.25545e-01
  23  alpha_phi   -3.29675e+00   5.24858e-01   4.11618e-03  -7.83591e+00
  24  beta_phi    -7.89735e-01   2.06415e-01   5.59964e-03  -9.38934e-01
 MIGRAD MINIMIZATION HAS CONVERGED.
 FCN=0.240004 FROM MIGRAD    STATUS=CONVERGED    1038 CALLS        9888 TOTAL
                     EDM=4.08006e-07    STRATEGY= 1  ERROR MATRIX UNCERTAINTY   4.6 per cent
  EXT PARAMETER                                   STEP         FIRST   
  NO.   NAME      VALUE            ERROR          SIZE      DERIVATIVE 
   1  N0           3.15788e+06   2.14918e+04   8.81422e+00  -3.64760e-07
   2  tau          6.43896e+01   constant   
   3  A0           4.00648e-01   3.10481e-02   1.65130e-05   1.77547e+00
   4  phi          3.66004e+00   9.54422e-02  -5.03017e-05   1.72592e-01
   5  R           -6.12649e+01   constant   
   6  alpha_CBO   -2.39973e-02   2.01415e-02  -1.05747e-05  -2.51027e+00
   7  w_CBO        2.32500e+00   constant   
   8  beta_CBO    -1.48164e-01   3.30116e-02  -1.45961e-05  -1.01545e-01
   9  alpha_2CBO  -2.75969e-02   9.11364e-03  -1.98487e-06  -6.95420e-01
  10  beta_2CBO    1.11690e-02   7.18222e-03   3.66264e-06   5.53362e-01
  11  alpha_y     -2.16731e-04   3.65445e-04   1.00142e-07   1.53790e-02
  12  w_y          1.44500e+01   constant   
  13  beta_y       2.44738e-04   3.26707e-04   1.60278e-07  -8.51245e-02
  14  alpha_vw     6.44193e-04   3.52689e-04  -5.52603e-08  -1.93308e-01
  15  w_vw         1.29000e+01   constant   
  16  beta_vw     -4.32588e-04   3.45304e-04   2.30171e-07   4.27319e-01
  17  LM          -3.89610e-04   constant   
  18  zeta_y       0.00000e+00   constant   
  19  zeta_vw      0.00000e+00   constant   
  20  T_CBO        3.18996e+01   3.18452e-01  -4.44942e-07  -3.96436e+00
  21  alpha_A0     2.59268e+00   5.84713e-01   3.85465e-04  -3.56629e-02
  22  beta_A0      1.24459e+00   1.01835e+00  -6.70039e-04  -2.99119e-03
  23  alpha_phi   -4.15157e+00   2.16715e+00  -1.09732e-03   3.48445e-02
  24  beta_phi    -9.85185e-01   4.55314e-01  -1.53728e-04   5.07004e-03
 EXTERNAL ERROR MATRIX.    NDIM=  25    NPAR= 16    ERR DEF=1
 ELEMENTS ABOVE DIAGONAL ARE NOT PRINTED.
  4.619e+08 
  3.876e+02  9.640e-04 
 -1.670e+03 -2.801e-03  9.109e-03 
 -3.819e+02 -5.080e-04  1.788e-03  4.057e-04 
 -5.418e+02 -9.853e-04  3.128e-03  5.936e-04  1.090e-03 
 -1.230e+02 -2.635e-04  8.006e-04  1.376e-04  2.888e-04  8.306e-05 
  1.427e+02  1.435e-04 -5.654e-04 -1.395e-04 -1.817e-04 -3.854e-05  5.158e-05 
  4.561e-01  4.786e-06 -1.137e-05 -1.950e-06 -4.096e-06 -1.070e-06  3.318e-07  1.336e-07 
  1.623e+00  1.838e-06 -6.796e-06 -1.965e-06 -1.895e-06 -1.609e-07  7.120e-07  1.893e-08  1.067e-07 
 -2.095e+00  8.835e-07  1.629e-06  9.016e-07  1.225e-07 -1.546e-07 -6.223e-07  7.670e-08 -7.061e-09  1.244e-07 
  1.383e+00 -1.873e-07 -1.857e-06 -1.219e-06  1.014e-07  5.091e-07  5.750e-07  2.376e-08  6.623e-08  1.761e-10  1.192e-07 
  4.370e+03 -5.686e-04 -6.541e-03 -3.170e-03 -1.711e-03 -1.189e-04  1.508e-03 -2.451e-05  1.209e-05 -3.595e-05  1.454e-05 
  4.370e+03 -5.686e-04 -6.541e-03 -3.170e-03 -1.711e-03 -1.189e-04  1.508e-03 -2.451e-05  1.209e-05 -3.595e-05  1.454e-05  1.014e-01 
  8.341e+03  1.287e-02 -4.261e-02 -1.069e-02 -1.367e-02 -2.726e-03  3.701e-03  6.638e-05  7.262e-05 -1.561e-05  5.824e-05 
  8.341e+03  1.287e-02 -4.261e-02 -1.069e-02 -1.367e-02 -2.726e-03  3.701e-03  6.638e-05  7.262e-05 -1.561e-05  5.824e-05  7.435e-02  3.419e-01 
 -1.215e+04 -3.105e-02  8.939e-02  1.698e-02  3.093e-02  7.879e-03 -4.897e-03 -1.679e-04 -8.239e-05 -3.075e-05 -2.475e-05 
 -1.215e+04 -3.105e-02  8.939e-02  1.698e-02  3.093e-02  7.879e-03 -4.897e-03 -1.679e-04 -8.239e-05 -3.075e-05 -2.475e-05  1.923e-02 -4.746e-01  1.037e+00 
 -3.035e+04 -6.697e-02  2.008e-01  3.718e-02  7.035e-02  1.872e-02 -1.085e-02 -3.153e-04 -1.301e-04 -3.775e-05  8.539e-06 
 -3.035e+04 -6.697e-02  2.008e-01  3.718e-02  7.035e-02  1.872e-02 -1.085e-02 -3.153e-04 -1.301e-04 -3.775e-05  8.539e-06 -1.718e-02 -9.145e-01  2.142e+00  4.697e+00 
 -1.192e+03 -1.236e-02  2.926e-02  4.309e-03  1.093e-02  3.234e-03 -7.548e-04 -8.461e-05 -1.241e-05 -4.761e-05  2.157e-05 
 -1.192e+03 -1.236e-02  2.926e-02  4.309e-03  1.093e-02  3.234e-03 -7.548e-04 -8.461e-05 -1.241e-05 -4.761e-05  2.157e-05  6.245e-02 -1.220e-01  3.995e-01  8.188e-01  2.073e-01 
 PARAMETER  CORRELATION COEFFICIENTS  
       NO.  GLOBAL      1      3      4      6      8      9     10     11     13     14     16     20     21     22     23     24
        1  0.99985   1.000  0.581 -0.814 -0.882 -0.764 -0.628  0.924  0.058  0.231 -0.276  0.186  0.638  0.664 -0.555 -0.652 -0.122
        3  0.99998   0.581  1.000 -0.945 -0.812 -0.961 -0.931  0.644  0.422  0.181  0.081 -0.017 -0.058  0.709 -0.982 -0.995 -0.875
        4  0.99999  -0.814 -0.945  1.000  0.930  0.993  0.920 -0.825 -0.326 -0.218  0.048 -0.056 -0.215 -0.764  0.920  0.971  0.673
        6  0.99994  -0.882 -0.812  0.930  1.000  0.893  0.749 -0.964 -0.265 -0.299  0.127 -0.175 -0.494 -0.907  0.828  0.852  0.470
        8  0.99997  -0.764 -0.961  0.993  0.893  1.000  0.960 -0.766 -0.339 -0.176  0.011  0.009 -0.163 -0.708  0.920  0.983  0.727
        9  0.99964  -0.628 -0.931  0.920  0.749  0.960  1.000 -0.589 -0.321 -0.054 -0.048  0.162 -0.041 -0.512  0.849  0.948  0.779
       10  0.99956   0.924  0.644 -0.825 -0.964 -0.766 -0.589  1.000  0.126  0.303 -0.246  0.232  0.659  0.881 -0.670 -0.697 -0.231
       11  0.76216   0.058  0.422 -0.326 -0.265 -0.339 -0.321  0.126  1.000  0.159  0.595  0.188 -0.211  0.311 -0.451 -0.398 -0.508
       13  0.65341   0.231  0.181 -0.218 -0.299 -0.176 -0.054  0.303  0.159  1.000 -0.061  0.587  0.116  0.380 -0.248 -0.184 -0.083
       14  0.71614  -0.276  0.081  0.048  0.127  0.011 -0.048 -0.246  0.595 -0.061  1.000  0.001 -0.320 -0.076 -0.086 -0.049 -0.296
       16  0.72648   0.186 -0.017 -0.056 -0.175  0.009  0.162  0.232  0.188  0.587  0.001  1.000  0.132  0.288 -0.070  0.011  0.137
       20  0.99691   0.638 -0.058 -0.215 -0.494 -0.163 -0.041  0.659 -0.211  0.116 -0.320  0.132  1.000  0.399  0.059 -0.025  0.431
       21  0.99976   0.664  0.709 -0.764 -0.907 -0.708 -0.512  0.881  0.311  0.380 -0.076  0.288  0.399  1.000 -0.797 -0.722 -0.458
       22  0.99993  -0.555 -0.982  0.920  0.828  0.920  0.849 -0.670 -0.451 -0.248 -0.086 -0.070  0.059 -0.797  1.000  0.970  0.862
       23  0.99999  -0.652 -0.995  0.971  0.852  0.983  0.948 -0.697 -0.398 -0.184 -0.049  0.011 -0.025 -0.722  0.970  1.000  0.830
       24  0.99960  -0.122 -0.875  0.673  0.470  0.727  0.779 -0.231 -0.508 -0.083 -0.296  0.137  0.431 -0.458  0.862  0.830  1.000
 **********
 **   87 **MINO      2.5e+04
 **********
 FCN=0.147411 FROM MINOS     STATUS=NEW MINIMU  20024 CALLS       29912 TOTAL
                     EDM= unknown      STRATEGY= 1      NO ERROR MATRIX       
  EXT PARAMETER                  PARABOLIC         MINOS ERRORS        
  NO.   NAME      VALUE            ERROR      NEGATIVE      POSITIVE   
   1  N0           3.48455e+06   2.14918e+04                            
   2  tau          6.43896e+01   constant   
   3  A0           5.60687e-01   7.12567e-03                            
   4  phi          3.61826e+00   3.94597e-02                            
   5  R           -6.12649e+01   constant   
   6  alpha_CBO    4.63192e-02   2.53014e-02                            
   7  w_CBO        2.32500e+00   constant   
   8  beta_CBO    -2.37465e-01   1.78451e-02                            
   9  alpha_2CBO  -3.28267e-02   8.46577e-03                            
  10  beta_2CBO   -6.63504e-03   6.74211e-03                            
  11  alpha_y     -2.37148e-04   3.81565e-04                            
  12  w_y          1.44500e+01   constant   
  13  beta_y       3.32962e-04   3.19132e-04                            
  14  alpha_vw     6.50851e-04   3.58220e-04                            
  15  w_vw         1.29000e+01   constant   
  16  beta_vw     -3.45282e-04   3.45571e-04                            
  17  LM          -3.89610e-04   constant   
  18  zeta_y       0.00000e+00   constant   
  19  zeta_vw      0.00000e+00   constant   
  20  T_CBO        3.13152e+01   2.19056e+00                            
  21  alpha_A0     4.87455e+00   7.89936e-01                            
  22  beta_A0      4.60090e-01   5.19134e-01                            
  23  alpha_phi   -4.20689e+00   2.47505e-01                            
  24  beta_phi    -5.34697e+00   1.23149e+00                            
 NEW MINIMUM FOUND.  GO BACK TO MINIMIZATION STEP.
 =================================================
                                                  V
                                                  V
                                                  V
                                               VVVVVVV
                                                VVVVV
                                                 VVV
                                                  V

 START MIGRAD MINIMIZATION.  STRATEGY  1.  CONVERGENCE WHEN EDM .LT. 5.00e-05
 FCN=0.147411 FROM MIGRAD    STATUS=INITIATE       32 CALLS       29944 TOTAL
                     EDM= unknown      STRATEGY= 1      NO ERROR MATRIX       
  EXT PARAMETER               CURRENT GUESS       STEP         FIRST   
  NO.   NAME      VALUE            ERROR          SIZE      DERIVATIVE 
   1  N0           3.48455e+06   2.14918e+04   2.14918e+04   5.17654e-07
   2  tau          6.43896e+01   constant   
   3  A0           5.60687e-01   7.12567e-03   1.30748e-05  -2.38538e-01
   4  phi          3.61826e+00   3.94597e-02  -7.94770e-05   1.97231e+00
   5  R           -6.12649e+01   constant   
   6  alpha_CBO    4.63192e-02   2.53014e-02  -5.41130e-05  -6.64739e-01
   7  w_CBO        2.32500e+00   constant   
   8  beta_CBO    -2.37465e-01   1.78451e-02  -3.92297e-05  -4.50049e-01
   9  alpha_2CBO  -3.28267e-02   8.46577e-03  -1.79619e-05   1.43543e+00
  10  beta_2CBO   -6.63504e-03   6.74211e-03   1.31974e-05  -6.63444e+00
  11  alpha_y     -2.37148e-04   3.81565e-04   3.93430e-07   6.86932e-01
  12  w_y          1.44500e+01   constant   
  13  beta_y       3.32962e-04   3.19132e-04  -1.07157e-07   4.59438e-01
  14  alpha_vw     6.50851e-04   3.58220e-04   2.81028e-07   6.33030e-01
  15  w_vw         1.29000e+01   constant   
  16  beta_vw     -3.45282e-04   3.45571e-04  -3.64310e-07   7.15068e-02
  17  LM          -3.89610e-04   constant   
  18  zeta_y       0.00000e+00   constant   
  19  zeta_vw      0.00000e+00   constant   
  20  T_CBO        3.13152e+01   2.19056e+00   2.59276e-05  -8.40502e-01
  21  alpha_A0     4.87455e+00   7.89936e-01  -1.57533e-03   7.32668e-02
  22  beta_A0      4.60090e-01   5.19134e-01  -9.21710e-04   1.06628e-03
  23  alpha_phi   -4.20689e+00   2.47505e-01  -5.02975e-04  -7.14171e-02
  24  beta_phi    -5.34697e+00   1.23149e+00   2.44303e-03   1.31672e-01
 MIGRAD MINIMIZATION HAS CONVERGED.
 MIGRAD WILL VERIFY CONVERGENCE AND ERROR MATRIX.
 FCN=0.147411 FROM MIGRAD    STATUS=CONVERGED     251 CALLS       30163 TOTAL
                     EDM=1.6387e-06    STRATEGY= 1      ERR MATRIX NOT POS-DEF
  EXT PARAMETER                APPROXIMATE        STEP         FIRST   
  NO.   NAME      VALUE            ERROR          SIZE      DERIVATIVE 
   1  N0           3.48455e+06   6.98948e+03   1.66156e+00  -7.03937e-07
   2  tau          6.43896e+01   constant   
   3  A0           5.60687e-01   2.64697e-03   2.67356e-07   1.02870e+00
   4  phi          3.61826e+00   3.67678e-03   1.72532e-06  -1.06230e+00
   5  R           -6.12649e+01   constant   
   6  alpha_CBO    4.63192e-02   2.55505e-03   1.16431e-07   2.44328e-01
   7  w_CBO        2.32500e+00   constant   
   8  beta_CBO    -2.37465e-01   2.52442e-03   1.29393e-07   5.62547e-01
   9  alpha_2CBO  -3.28267e-02   1.70436e-03   1.29082e-07   7.09635e-01
  10  beta_2CBO   -6.63496e-03   1.53851e-03   1.16659e-07  -8.75118e-01
  11  alpha_y     -2.37158e-04   3.24902e-04   1.23810e-07   9.00303e-02
  12  w_y          1.44500e+01   constant   
  13  beta_y       3.32955e-04   2.95088e-04   1.29399e-07  -4.60489e-02
  14  alpha_vw     6.50842e-04   3.32693e-04   1.28961e-07  -1.09290e-01
  15  w_vw         1.29000e+01   constant   
  16  beta_vw     -3.45283e-04   2.95074e-04   1.24198e-07  -4.46829e-02
  17  LM          -3.89610e-04   constant   
  18  zeta_y       0.00000e+00   constant   
  19  zeta_vw      0.00000e+00   constant   
  20  T_CBO        3.13152e+01   1.38919e-01   5.79357e-07   2.57533e+00
  21  alpha_A0     4.87455e+00   8.82626e-02   4.17204e-06   2.16868e-02
  22  beta_A0      4.60090e-01   7.71988e-02   3.52861e-06   5.66696e-02
  23  alpha_phi   -4.20688e+00   9.43536e-02   4.40009e-06   2.44387e-03
  24  beta_phi    -5.34697e+00   8.63264e-02   5.13466e-06  -7.99810e-03
 EXTERNAL ERROR MATRIX.    NDIM=  25    NPAR= 16    ERR DEF=1
 ELEMENTS ABOVE DIAGONAL ARE NOT PRINTED.
  4.885e+07 
  7.443e+00  7.006e-06 
 -8.168e+00  6.556e-07  1.352e-05 
  5.422e+00  1.511e-06  1.835e-06  6.528e-06 
 -7.793e+00 -2.311e-06  2.287e-06  1.065e-06  6.373e-06 
  7.174e-01 -8.995e-08 -8.386e-07  1.580e-06  3.390e-06  2.905e-06 
  9.203e-02  3.067e-08 -1.324e-07 -2.534e-06  9.237e-07  3.517e-07  2.367e-06 
 -1.147e-01 -8.472e-08 -8.692e-08  1.851e-08 -1.029e-07 -3.400e-08 -1.719e-07  1.056e-07 
  6.843e-02 -4.576e-08 -1.193e-07  3.241e-08  4.215e-08  7.179e-08 -3.663e-08  7.857e-09  8.708e-08 
 -1.667e-01 -5.788e-08 -1.061e-08  1.619e-08 -1.155e-07 -4.999e-08 -1.667e-07  6.733e-08 -4.491e-10  1.107e-07 
  2.088e-01 -8.933e-08 -1.872e-07  4.438e-08  8.894e-08  1.087e-07 -1.887e-08  2.061e-08  4.415e-08  1.087e-08  8.707e-08 
  4.623e+00  9.534e-05  4.868e-05 -8.159e-05 -7.726e-05 -5.232e-05  3.051e-05 -3.326e-07 -1.824e-06  6.088e-07 -3.341e-06 
  4.623e+00  9.534e-05  4.868e-05 -8.159e-05 -7.726e-05 -5.232e-05  3.051e-05 -3.326e-07 -1.824e-06  6.088e-07 -3.341e-06  1.930e-02 
  1.356e+02  5.842e-05  4.413e-05 -6.632e-05  3.266e-05  3.111e-05  8.427e-05 -5.007e-06 -5.824e-07 -4.648e-06  6.904e-08 
  1.356e+02  5.842e-05  4.413e-05 -6.632e-05  3.266e-05  3.111e-05  8.427e-05 -5.007e-06 -5.824e-07 -4.648e-06  6.904e-08 -5.140e-03  7.790e-03 
  8.025e+01 -7.603e-05  1.195e-04 -9.082e-06 -7.066e-05 -8.122e-05 -5.324e-06 -8.305e-07 -2.477e-06 -1.640e-07 -2.698e-06 
  8.025e+01 -7.603e-05  1.195e-04 -9.082e-06 -7.066e-05 -8.122e-05 -5.324e-06 -8.305e-07 -2.477e-06 -1.640e-07 -2.698e-06 -6.092e-04 -1.918e-04  5.960e-03 
  2.493e+02 -2.450e-05  9.116e-05  1.103e-04  9.025e-05  7.892e-05 -3.303e-07 -1.181e-06  1.920e-06 -1.495e-06  4.036e-06 
  2.493e+02 -2.450e-05  9.116e-05  1.103e-04  9.025e-05  7.892e-05 -3.303e-07 -1.181e-06  1.920e-06 -1.495e-06  4.036e-06  4.001e-03 -1.060e-03  9.732e-04  8.903e-03 
 -8.730e+01 -7.149e-05 -1.011e-04 -6.875e-05  6.852e-05  3.633e-05  5.984e-05 -5.291e-06 -8.612e-08 -5.988e-06  1.224e-06 
 -8.730e+01 -7.149e-05 -1.011e-04 -6.875e-05  6.852e-05  3.633e-05  5.984e-05 -5.291e-06 -8.612e-08 -5.988e-06  1.224e-06  6.693e-03 -2.667e-03 -1.468e-03  2.599e-03  7.452e-03 
ERR MATRIX NOT POS-DEF
 PARAMETER  CORRELATION COEFFICIENTS  
       NO.  GLOBAL      1      3      4      6      8      9     10     11     13     14     16     20     21     22     23     24
        1  0.99637   1.000  0.402 -0.318  0.304 -0.442  0.060  0.009 -0.051  0.033 -0.072  0.101  0.005  0.220  0.149  0.378 -0.145
        3  0.99649   0.402  1.000  0.067  0.223 -0.346 -0.020  0.008 -0.099 -0.059 -0.066 -0.114  0.259  0.250 -0.372 -0.098 -0.313
        4  0.99708  -0.318  0.067  1.000  0.195  0.246 -0.134 -0.023 -0.073 -0.110 -0.009 -0.173  0.095  0.136  0.421  0.263 -0.319
        6  0.99621   0.304  0.223  0.195  1.000  0.165  0.363 -0.645  0.022  0.043  0.019  0.059 -0.230 -0.294 -0.046  0.457 -0.312
        8  0.99520  -0.442 -0.346  0.246  0.165  1.000  0.788  0.238 -0.125  0.057 -0.137  0.119 -0.220  0.147 -0.363  0.379  0.314
        9  0.98950   0.060 -0.020 -0.134  0.363  0.788  1.000  0.134 -0.061  0.143 -0.088  0.216 -0.221  0.207 -0.617  0.491  0.247
       10  0.98948   0.009  0.008 -0.023 -0.645  0.238  0.134  1.000 -0.344 -0.081 -0.326 -0.042  0.143  0.621 -0.045 -0.002  0.451
       11  0.68641  -0.051 -0.099 -0.073  0.022 -0.125 -0.061 -0.344  1.000  0.082  0.623  0.215 -0.007 -0.175 -0.033 -0.039 -0.189
       13  0.54745   0.033 -0.059 -0.110  0.043  0.057  0.143 -0.081  0.082  1.000 -0.005  0.507 -0.044 -0.022 -0.109  0.069 -0.003
       14  0.67290  -0.072 -0.066 -0.009  0.019 -0.137 -0.088 -0.326  0.623 -0.005  1.000  0.111  0.013 -0.158 -0.006 -0.048 -0.208
       16  0.59566   0.101 -0.114 -0.173  0.059  0.119  0.216 -0.042  0.215  0.507  0.111  1.000 -0.081  0.003 -0.118  0.145  0.048
       20  0.99714   0.005  0.259  0.095 -0.230 -0.220 -0.221  0.143 -0.007 -0.044  0.013 -0.081  1.000 -0.419 -0.057  0.305  0.558
       21  0.99592   0.220  0.250  0.136 -0.294  0.147  0.207  0.621 -0.175 -0.022 -0.158  0.003 -0.419  1.000 -0.028 -0.127 -0.350
       22  0.99619   0.149 -0.372  0.421 -0.046 -0.363 -0.617 -0.045 -0.033 -0.109 -0.006 -0.118 -0.057 -0.028  1.000  0.134 -0.220
       23  0.99603   0.378 -0.098  0.263  0.457  0.379  0.491 -0.002 -0.039  0.069 -0.048  0.145  0.305 -0.127  0.134  1.000  0.319
       24  0.99354  -0.145 -0.313 -0.319 -0.312  0.314  0.247  0.451 -0.189 -0.003 -0.208  0.048  0.558 -0.350 -0.220  0.319  1.000
 ERR MATRIX NOT POS-DEF
 FCN=0.126364 FROM MINOS     STATUS=NEW MINIMU   7564 CALLS       37912 TOTAL
                     EDM= unknown      STRATEGY= 1      NO ERROR MATRIX       
  EXT PARAMETER                  PARABOLIC         MINOS ERRORS        
  NO.   NAME      VALUE            ERROR      NEGATIVE      POSITIVE   
   1  N0           3.59018e+06   6.94896e+03                            
   2  tau          6.43896e+01   constant   
   3  A0           5.92760e-01   9.60493e-03                            
   4  phi          3.61148e+00   3.59772e-02                            
   5  R           -6.12649e+01   constant   
   6  alpha_CBO    6.82320e-02   2.61860e-02                            
   7  w_CBO        2.32500e+00   constant   
   8  beta_CBO    -2.59992e-01   1.82198e-02                            
   9  alpha_2CBO  -3.35040e-02   8.73563e-03                            
  10  beta_2CBO   -1.35855e-02   7.05490e-03                            
  11  alpha_y     -2.30603e-04   3.65280e-04                            
  12  w_y          1.44500e+01   constant   
  13  beta_y       3.73933e-04   3.10546e-04                            
  14  alpha_vw     6.71019e-04   3.51882e-04                            
  15  w_vw         1.29000e+01   constant   
  16  beta_vw     -2.92533e-04   3.34227e-04                            
  17  LM          -3.89610e-04   constant   
  18  zeta_y       0.00000e+00   constant   
  19  zeta_vw      0.00000e+00   constant   
  20  T_CBO        3.12798e+01   3.10199e+00                            
  21  alpha_A0     5.13031e+00   1.22506e+00                            
  22  beta_A0      4.65276e-01   5.61440e-01                            
  23  alpha_phi   -3.93280e+00   1.50925e-01                            
  24  beta_phi    -5.97980e+00   1.80424e+00                            
 NEW MINIMUM FOUND.  GO BACK TO MINIMIZATION STEP.
 =================================================
                                                  V
                                                  V
                                                  V
                                               VVVVVVV
                                                VVVVV
                                                 VVV
                                                  V

 START MIGRAD MINIMIZATION.  STRATEGY  1.  CONVERGENCE WHEN EDM .LT. 5.00e-05
 FCN=0.126364 FROM MIGRAD    STATUS=INITIATE       32 CALLS       37944 TOTAL
                     EDM= unknown      STRATEGY= 1      NO ERROR MATRIX       
  EXT PARAMETER               CURRENT GUESS       STEP         FIRST   
  NO.   NAME      VALUE            ERROR          SIZE      DERIVATIVE 
   1  N0           3.59018e+06   6.94896e+03   6.94896e+03   1.36132e-06
   2  tau          6.43896e+01   constant   
   3  A0           5.92760e-01   9.60493e-03  -1.30425e-05  -3.57738e+00
   4  phi          3.61148e+00   3.59772e-02   4.25219e-05   2.96174e+00
   5  R           -6.12649e+01   constant   
   6  alpha_CBO    6.82320e-02   2.61860e-02   3.09105e-05  -1.46398e-01
   7  w_CBO        2.32500e+00   constant   
   8  beta_CBO    -2.59992e-01   1.82198e-02   2.22606e-05   3.33184e-01
   9  alpha_2CBO  -3.35040e-02   8.73563e-03   9.74745e-06  -1.18376e+00
  10  beta_2CBO   -1.35855e-02   7.05490e-03  -7.59955e-06   1.47043e+00
  11  alpha_y     -2.30603e-04   3.65280e-04  -2.26003e-07   1.69681e+00
  12  w_y          1.44500e+01   constant   
  13  beta_y       3.73933e-04   3.10546e-04  -1.18750e-08   3.78665e-01
  14  alpha_vw     6.71019e-04   3.51882e-04  -2.25342e-07  -2.31300e+00
  15  w_vw         1.29000e+01   constant   
  16  beta_vw     -2.92533e-04   3.34227e-04  -1.15547e-08  -1.14805e+00
  17  LM          -3.89610e-04   constant   
  18  zeta_y       0.00000e+00   constant   
  19  zeta_vw      0.00000e+00   constant   
  20  T_CBO        3.12798e+01   3.10199e+00  -2.19173e-05   1.77927e+00
  21  alpha_A0     5.13031e+00   1.22506e+00   1.49054e-03  -3.97076e-02
  22  beta_A0      4.65276e-01   5.61440e-01   7.20086e-04  -1.44576e-01
  23  alpha_phi   -3.93280e+00   1.50925e-01  -1.24125e-04  -6.68977e-02
  24  beta_phi    -5.97980e+00   1.80424e+00  -2.16938e-03  -1.87563e-02
 MIGRAD MINIMIZATION HAS CONVERGED.
 MIGRAD WILL VERIFY CONVERGENCE AND ERROR MATRIX.
 FCN=0.126364 FROM MIGRAD    STATUS=CONVERGED     251 CALLS       38163 TOTAL
                     EDM=1.92274e-06    STRATEGY= 1      ERR MATRIX NOT POS-DEF
  EXT PARAMETER                APPROXIMATE        STEP         FIRST   
  NO.   NAME      VALUE            ERROR          SIZE      DERIVATIVE 
   1  N0           3.59018e+06   7.19270e+03   1.71193e+00  -2.17290e-07
   2  tau          6.43896e+01   constant   
   3  A0           5.92760e-01   2.51741e-03   2.82650e-07   7.30365e-01
   4  phi          3.61148e+00   3.34610e-03   1.72209e-06  -7.56579e-01
   5  R           -6.12649e+01   constant   
   6  alpha_CBO    6.82320e-02   2.44326e-03   1.14070e-07  -6.14185e-01
   7  w_CBO        2.32500e+00   constant   
   8  beta_CBO    -2.59992e-01   2.44489e-03   1.26832e-07   1.61265e+00
   9  alpha_2CBO  -3.35040e-02   1.64845e-03   1.26756e-07  -9.85076e-01
  10  beta_2CBO   -1.35855e-02   1.48995e-03   1.14125e-07   1.82807e-01
  11  alpha_y     -2.30621e-04   3.26300e-04   1.22670e-07   7.14900e-01
  12  w_y          1.44500e+01   constant   
  13  beta_y       3.73928e-04   2.94142e-04   1.28206e-07   6.26322e-02
  14  alpha_vw     6.71045e-04   3.33732e-04   1.27772e-07  -1.17959e+00
  15  w_vw         1.29000e+01   constant   
  16  beta_vw     -2.92521e-04   2.92110e-04   1.23054e-07  -4.32025e-01
  17  LM          -3.89610e-04   constant   
  18  zeta_y       0.00000e+00   constant   
  19  zeta_vw      0.00000e+00   constant   
  20  T_CBO        3.12798e+01   1.21044e-01   5.79454e-07   1.96599e+00
  21  alpha_A0     5.13031e+00   7.64801e-02   3.79366e-06  -1.60474e-02
  22  beta_A0      4.65277e-01   6.54342e-02   3.12474e-06   1.10933e-02
  23  alpha_phi   -3.93280e+00   8.38656e-02   3.98161e-06   1.64051e-02
  24  beta_phi    -5.97980e+00   8.08011e-02   4.67815e-06  -4.42226e-02
 EXTERNAL ERROR MATRIX.    NDIM=  25    NPAR= 16    ERR DEF=1
 ELEMENTS ABOVE DIAGONAL ARE NOT PRINTED.
  5.173e+07 
  7.123e+00  6.337e-06 
 -7.914e+00  9.349e-07  1.120e-05 
  6.416e+00  1.108e-06  1.420e-06  5.970e-06 
 -7.981e+00 -2.187e-06  1.747e-06  1.137e-06  5.978e-06 
  8.162e-01 -2.584e-07 -9.216e-07  1.780e-06  3.144e-06  2.717e-06 
 -7.685e-01  2.398e-07 -7.718e-08 -2.131e-06  1.050e-06  3.262e-07  2.220e-06 
 -7.469e-02 -1.003e-07 -7.092e-08 -8.227e-09 -1.328e-07 -5.372e-08 -1.724e-07  1.065e-07 
  8.184e-02 -5.550e-08 -1.065e-07  2.930e-08  2.280e-08  5.631e-08 -3.947e-08  7.744e-09  8.652e-08 
 -1.285e-01 -7.097e-08 -6.262e-09 -6.103e-09 -1.344e-07 -5.978e-08 -1.659e-07  6.818e-08 -2.669e-10  1.114e-07 
  2.142e-01 -9.756e-08 -1.629e-07  3.435e-08  6.170e-08  8.362e-08 -1.771e-08  1.997e-08  4.309e-08  1.073e-08  8.533e-08 
 -2.215e+00  8.137e-05  4.945e-05 -6.607e-05 -6.932e-05 -5.049e-05  2.055e-05  3.422e-07 -1.473e-06  1.036e-06 -2.592e-06 
 -2.215e+00  8.137e-05  4.945e-05 -6.607e-05 -6.932e-05 -5.049e-05  2.055e-05  3.422e-07 -1.473e-06  1.036e-06 -2.592e-06  1.465e-02 
  1.039e+02  5.455e-05  3.141e-05 -4.657e-05  2.130e-05  1.873e-05  6.677e-05 -4.302e-06 -7.400e-07 -3.923e-06 -1.008e-07 
  1.039e+02  5.455e-05  3.141e-05 -4.657e-05  2.130e-05  1.873e-05  6.677e-05 -4.302e-06 -7.400e-07 -3.923e-06 -1.008e-07 -4.344e-03  5.849e-03 
  6.162e+01 -5.735e-05  9.949e-05 -2.331e-06 -5.251e-05 -6.205e-05 -1.058e-05  1.228e-07 -1.563e-06  3.784e-07 -1.478e-06 
  6.162e+01 -5.735e-05  9.949e-05 -2.331e-06 -5.251e-05 -6.205e-05 -1.058e-05  1.228e-07 -1.563e-06  3.784e-07 -1.478e-06 -3.625e-04 -1.169e-04  4.282e-03 
  2.330e+02 -3.043e-05  6.242e-05  1.102e-04  7.556e-05  7.006e-05 -8.048e-06 -8.240e-07  1.744e-06 -1.018e-06  3.506e-06 
  2.330e+02 -3.043e-05  6.242e-05  1.102e-04  7.556e-05  7.006e-05 -8.048e-06 -8.240e-07  1.744e-06 -1.018e-06  3.506e-06  2.543e-03 -1.179e-03  1.000e-03  7.033e-03 
 -7.450e+01 -5.006e-05 -8.219e-05 -4.773e-05  6.444e-05  3.542e-05  5.386e-05 -5.380e-06 -2.991e-07 -5.849e-06  8.910e-07 
 -7.450e+01 -5.006e-05 -8.219e-05 -4.773e-05  6.444e-05  3.542e-05  5.386e-05 -5.380e-06 -2.991e-07 -5.849e-06  8.910e-07  5.654e-03 -2.460e-03 -1.354e-03  2.163e-03  6.529e-03 
ERR MATRIX NOT POS-DEF
 PARAMETER  CORRELATION COEFFICIENTS  
       NO.  GLOBAL      1      3      4      6      8      9     10     11     13     14     16     20     21     22     23     24
        1  0.99636   1.000  0.393 -0.329  0.365 -0.454  0.069 -0.072 -0.032  0.039 -0.054  0.102 -0.003  0.189  0.131  0.386 -0.128
        3  0.99650   0.393  1.000  0.111  0.180 -0.355 -0.062  0.064 -0.122 -0.075 -0.084 -0.133  0.267  0.283 -0.348 -0.144 -0.246
        4  0.99715  -0.329  0.111  1.000  0.174  0.214 -0.167 -0.015 -0.065 -0.108 -0.006 -0.167  0.122  0.123  0.454  0.222 -0.304
        6  0.99595   0.365  0.180  0.174  1.000  0.190  0.442 -0.585 -0.010  0.041 -0.007  0.048 -0.223 -0.249 -0.015  0.538 -0.242
        8  0.99500  -0.454 -0.355  0.214  0.190  1.000  0.780  0.288 -0.167  0.032 -0.165  0.086 -0.234  0.114 -0.328  0.368  0.326
        9  0.98897   0.069 -0.062 -0.167  0.442  0.780  1.000  0.133 -0.100  0.116 -0.109  0.174 -0.253  0.149 -0.575  0.507  0.266
       10  0.98906  -0.072  0.064 -0.015 -0.585  0.288  0.133  1.000 -0.355 -0.090 -0.334 -0.041  0.114  0.586 -0.109 -0.064  0.447
       11  0.68971  -0.032 -0.122 -0.065 -0.010 -0.167 -0.100 -0.355  1.000  0.081  0.626  0.209  0.009 -0.172  0.006 -0.030 -0.204
       13  0.54337   0.039 -0.075 -0.108  0.041  0.032  0.116 -0.090  0.081  1.000 -0.003  0.502 -0.041 -0.033 -0.081  0.071 -0.013
       14  0.67545  -0.054 -0.084 -0.006 -0.007 -0.165 -0.109 -0.334  0.626 -0.003  1.000  0.110  0.026 -0.154  0.017 -0.036 -0.217
       16  0.58454   0.102 -0.133 -0.167  0.048  0.086  0.174 -0.041  0.209  0.502  0.110  1.000 -0.073 -0.005 -0.077  0.143  0.038
       20  0.99708  -0.003  0.267  0.122 -0.223 -0.234 -0.253  0.114  0.009 -0.041  0.026 -0.073  1.000 -0.469 -0.046  0.250  0.578
       21  0.99543   0.189  0.283  0.123 -0.249  0.114  0.149  0.586 -0.172 -0.033 -0.154 -0.005 -0.469  1.000 -0.023 -0.184 -0.398
       22  0.99576   0.131 -0.348  0.454 -0.015 -0.328 -0.575 -0.109  0.006 -0.081  0.017 -0.077 -0.046 -0.023  1.000  0.182 -0.256
       23  0.99581   0.386 -0.144  0.222  0.538  0.368  0.507 -0.064 -0.030  0.071 -0.036  0.143  0.250 -0.184  0.182  1.000  0.319
       24  0.99376  -0.128 -0.246 -0.304 -0.242  0.326  0.266  0.447 -0.204 -0.013 -0.217  0.038  0.578 -0.398 -0.256  0.319  1.000
 ERR MATRIX NOT POS-DEF
 FCN=0.108654 FROM MINOS     STATUS=NEW MINIMU   7392 CALLS       45740 TOTAL
                     EDM= unknown      STRATEGY= 1      NO ERROR MATRIX       
  EXT PARAMETER                  PARABOLIC         MINOS ERRORS        
  NO.   NAME      VALUE            ERROR      NEGATIVE      POSITIVE   
   1  N0           3.69605e+06   6.96513e+03                            
   2  tau          6.43896e+01   constant   
   3  A0           6.18931e-01   8.97216e-03                            
   4  phi          3.60757e+00   3.19628e-02                            
   5  R           -6.12649e+01   constant   
   6  alpha_CBO    8.97115e-02   2.15398e-02                            
   7  w_CBO        2.32500e+00   constant   
   8  beta_CBO    -2.79751e-01   1.46308e-02                            
   9  alpha_2CBO  -3.34504e-02   6.94020e-03                            
  10  beta_2CBO   -2.05792e-02   5.82547e-03                            
  11  alpha_y     -2.26470e-04   3.71620e-04                            
  12  w_y          1.44500e+01   constant   
  13  beta_y       4.29515e-04   3.11955e-04                            
  14  alpha_vw     6.86399e-04   3.51144e-04                            
  15  w_vw         1.29000e+01   constant   
  16  beta_vw     -2.19664e-04   3.27045e-04                            
  17  LM          -3.89610e-04   constant   
  18  zeta_y       0.00000e+00   constant   
  19  zeta_vw      0.00000e+00   constant   
  20  T_CBO        3.09285e+01   1.07954e+00                            
  21  alpha_A0     5.50775e+00   3.88010e-01                            
  22  beta_A0      5.45405e-01   5.10407e-01                            
  23  alpha_phi   -3.70728e+00   4.76093e-01                            
  24  beta_phi    -6.67168e+00   7.75847e-01                            
 NEW MINIMUM FOUND.  GO BACK TO MINIMIZATION STEP.
 =================================================
                                                  V
                                                  V
                                                  V
                                               VVVVVVV
                                                VVVVV
                                                 VVV
                                                  V

 START MIGRAD MINIMIZATION.  STRATEGY  1.  CONVERGENCE WHEN EDM .LT. 5.00e-05
 FCN=0.108654 FROM MIGRAD    STATUS=INITIATE       32 CALLS       45772 TOTAL
                     EDM= unknown      STRATEGY= 1      NO ERROR MATRIX       
  EXT PARAMETER               CURRENT GUESS       STEP         FIRST   
  NO.   NAME      VALUE            ERROR          SIZE      DERIVATIVE 
   1  N0           3.69605e+06   6.96513e+03   6.96513e+03   1.00709e-06
   2  tau          6.43896e+01   constant   
   3  A0           6.18931e-01   8.97216e-03  -1.43623e-05  -7.98960e+00
   4  phi          3.60757e+00   3.19628e-02   6.47445e-05   5.09851e-02
   5  R           -6.12649e+01   constant   
   6  alpha_CBO    8.97115e-02   2.15398e-02   2.95224e-05   6.67422e+00
   7  w_CBO        2.32500e+00   constant   
   8  beta_CBO    -2.79751e-01   1.46308e-02   1.64104e-05   1.02567e+00
   9  alpha_2CBO  -3.34504e-02   6.94020e-03   1.12127e-06   2.70502e+00
  10  beta_2CBO   -2.05792e-02   5.82547e-03  -7.65202e-06   7.17921e+00
  11  alpha_y     -2.26470e-04   3.71620e-04  -1.14737e-07  -1.60395e+00
  12  w_y          1.44500e+01   constant   
  13  beta_y       4.29515e-04   3.11955e-04  -4.71120e-07  -1.25254e+00
  14  alpha_vw     6.86399e-04   3.51144e-04   7.69814e-08  -2.00756e+00
  15  w_vw         1.29000e+01   constant   
  16  beta_vw     -2.19664e-04   3.27045e-04  -1.95029e-07   8.46365e-01
  17  LM          -3.89610e-04   constant   
  18  zeta_y       0.00000e+00   constant   
  19  zeta_vw      0.00000e+00   constant   
  20  T_CBO        3.09285e+01   1.07954e+00  -9.18626e-06   3.65461e+01
  21  alpha_A0     5.50775e+00   3.88010e-01   6.95995e-04   1.93395e-02
  22  beta_A0      5.45405e-01   5.10407e-01   1.20648e-03  -3.26961e-02
  23  alpha_phi   -3.70728e+00   4.76093e-01   7.95689e-04  -2.29177e-01
  24  beta_phi    -6.67168e+00   7.75847e-01  -1.39639e-03  -1.88641e-01
 MIGRAD MINIMIZATION HAS CONVERGED.
 MIGRAD WILL VERIFY CONVERGENCE AND ERROR MATRIX.
 FCN=0.108652 FROM MIGRAD    STATUS=CONVERGED     251 CALLS       45991 TOTAL
                     EDM=1.63103e-06    STRATEGY= 1      ERR MATRIX NOT POS-DEF
  EXT PARAMETER                APPROXIMATE        STEP         FIRST   
  NO.   NAME      VALUE            ERROR          SIZE      DERIVATIVE 
   1  N0           3.69605e+06   7.42187e+03   1.76241e+00   1.23321e-07
   2  tau          6.43896e+01   constant   
   3  A0           6.18932e-01   2.39768e-03   2.95130e-07   7.25022e-01
   4  phi          3.60757e+00   3.09323e-03   1.72022e-06   5.47107e-01
   5  R           -6.12649e+01   constant   
   6  alpha_CBO    8.97115e-02   2.33280e-03   1.11876e-07  -1.55955e+00
   7  w_CBO        2.32500e+00   constant   
   8  beta_CBO    -2.79751e-01   2.35778e-03   1.33396e-07  -1.60694e-01
   9  alpha_2CBO  -3.34505e-02   1.57495e-03   1.24558e-07   8.01319e-01
  10  beta_2CBO   -2.05793e-02   1.41818e-03   1.11781e-07   1.83561e+00
  11  alpha_y     -2.26454e-04   3.26917e-04   1.21702e-07  -7.09816e-01
  12  w_y          1.44500e+01   constant   
  13  beta_y       4.29529e-04   2.93311e-04   1.27194e-07  -2.51614e-01
  14  alpha_vw     6.86421e-04   3.33927e-04   1.26764e-07  -6.71125e-01
  15  w_vw         1.29000e+01   constant   
  16  beta_vw     -2.19672e-04   2.89747e-04   1.22083e-07   4.12439e-01
  17  LM          -3.89610e-04   constant   
  18  zeta_y       0.00000e+00   constant   
  19  zeta_vw      0.00000e+00   constant   
  20  T_CBO        3.09285e+01   1.05898e-01   5.80419e-07  -6.31439e+00
  21  alpha_A0     5.50775e+00   6.94199e-02   3.61399e-06  -1.04038e-01
  22  beta_A0      5.45405e-01   5.82286e-02   2.91281e-06  -1.02916e-02
  23  alpha_phi   -3.70728e+00   7.81727e-02   3.76150e-06   1.32679e-02
  24  beta_phi    -6.67168e+00   7.85485e-02   4.44520e-06  -3.66428e-02
 EXTERNAL ERROR MATRIX.    NDIM=  25    NPAR= 16    ERR DEF=1
 ELEMENTS ABOVE DIAGONAL ARE NOT PRINTED.
  5.508e+07 
  6.630e+00  5.749e-06 
 -7.712e+00  1.130e-06  9.568e-06 
  7.080e+00  8.757e-07  1.174e-06  5.442e-06 
 -8.226e+00 -2.035e-06  1.467e-06  1.142e-06  5.559e-06 
  8.692e-01 -3.851e-07 -8.810e-07  1.843e-06  2.857e-06  2.480e-06 
 -1.431e+00  3.218e-07 -7.206e-08 -1.737e-06  1.121e-06  3.111e-07  2.011e-06 
 -4.468e-02 -1.044e-07 -5.384e-08 -3.797e-08 -1.535e-07 -6.878e-08 -1.655e-07  1.069e-07 
  9.107e-02 -5.982e-08 -9.189e-08  2.103e-08  5.447e-09  4.152e-08 -3.969e-08  7.655e-09  8.603e-08 
 -9.880e-02 -7.522e-08  3.843e-10 -3.032e-08 -1.463e-07 -6.675e-08 -1.586e-07  6.848e-08 -1.489e-10  1.115e-07 
  2.129e-01 -9.812e-08 -1.380e-07  2.015e-08  3.781e-08  6.056e-08 -1.535e-08  1.956e-08  4.222e-08  1.066e-08  8.395e-08 
 -2.772e+00  6.902e-05  4.592e-05 -5.258e-05 -6.020e-05 -4.520e-05  1.247e-05  9.477e-07 -1.047e-06  1.404e-06 -1.840e-06 
 -2.772e+00  6.902e-05  4.592e-05 -5.258e-05 -6.020e-05 -4.520e-05  1.247e-05  9.477e-07 -1.047e-06  1.404e-06 -1.840e-06  1.121e-02 
  8.800e+01  4.957e-05  2.362e-05 -3.323e-05  1.309e-05  1.095e-05  5.291e-05 -3.543e-06 -7.270e-07 -3.209e-06 -8.341e-08 
  8.800e+01  4.957e-05  2.362e-05 -3.323e-05  1.309e-05  1.095e-05  5.291e-05 -3.543e-06 -7.270e-07 -3.209e-06 -8.341e-08 -3.811e-03  4.819e-03 
  5.631e+01 -4.695e-05  8.433e-05  3.529e-06 -3.894e-05 -4.722e-05 -1.337e-05  6.303e-07 -9.377e-07  6.381e-07 -6.739e-07 
  5.631e+01 -4.695e-05  8.433e-05  3.529e-06 -3.894e-05 -4.722e-05 -1.337e-05  6.303e-07 -9.377e-07  6.381e-07 -6.739e-07 -3.486e-04 -2.665e-05  3.391e-03 
  2.312e+02 -3.574e-05  4.638e-05  1.078e-04  6.489e-05  6.403e-05 -1.234e-05 -5.979e-07  1.621e-06 -7.033e-07  3.123e-06 
  2.312e+02 -3.574e-05  4.638e-05  1.078e-04  6.489e-05  6.403e-05 -1.234e-05 -5.979e-07  1.621e-06 -7.033e-07  3.123e-06  1.701e-03 -1.178e-03  1.106e-03  6.111e-03 
 -6.479e+01 -3.801e-05 -7.129e-05 -3.258e-05  6.144e-05  3.477e-05  4.945e-05 -5.523e-06 -4.901e-07 -5.819e-06  6.165e-07 
 -6.479e+01 -3.801e-05 -7.129e-05 -3.258e-05  6.144e-05  3.477e-05  4.945e-05 -5.523e-06 -4.901e-07 -5.819e-06  6.165e-07  4.891e-03 -2.470e-03 -1.286e-03  1.897e-03  6.170e-03 
ERR MATRIX NOT POS-DEF
 PARAMETER  CORRELATION COEFFICIENTS  
       NO.  GLOBAL      1      3      4      6      8      9     10     11     13     14     16     20     21     22     23     24
        1  0.99638   1.000  0.373 -0.336  0.409 -0.470  0.074 -0.136 -0.018  0.042 -0.040  0.099 -0.004  0.171  0.130  0.398 -0.111
        3  0.99656   0.373  1.000  0.152  0.157 -0.360 -0.102  0.095 -0.133 -0.085 -0.094 -0.141  0.272  0.298 -0.336 -0.191 -0.202
        4  0.99720  -0.336  0.152  1.000  0.163  0.201 -0.181 -0.016 -0.053 -0.101  0.000 -0.154  0.140  0.110  0.468  0.192 -0.293
        6  0.99566   0.409  0.157  0.163  1.000  0.208  0.502 -0.525 -0.050  0.031 -0.039  0.030 -0.213 -0.205  0.026  0.591 -0.178
        8  0.99474  -0.470 -0.360  0.201  0.208  1.000  0.769  0.335 -0.199  0.008 -0.186  0.055 -0.241  0.080 -0.284  0.352  0.332
        9  0.98814   0.074 -0.102 -0.181  0.502  0.769  1.000  0.139 -0.134  0.090 -0.127  0.133 -0.271  0.100 -0.515  0.520  0.281
       10  0.98822  -0.136  0.095 -0.016 -0.525  0.335  0.139  1.000 -0.357 -0.095 -0.335 -0.037  0.083  0.537 -0.162 -0.111  0.444
       11  0.69116  -0.018 -0.133 -0.053 -0.050 -0.199 -0.134 -0.357  1.000  0.080  0.627  0.207  0.027 -0.156  0.033 -0.023 -0.215
       13  0.53971   0.042 -0.085 -0.101  0.031  0.008  0.090 -0.095  0.080  1.000 -0.002  0.497 -0.034 -0.036 -0.055  0.071 -0.021
       14  0.67594  -0.040 -0.094  0.000 -0.039 -0.186 -0.127 -0.335  0.627 -0.002  1.000  0.110  0.040 -0.138  0.033 -0.027 -0.222
       16  0.57528   0.099 -0.141 -0.154  0.030  0.055  0.133 -0.037  0.207  0.497  0.110  1.000 -0.060 -0.004 -0.040  0.138  0.027
       20  0.99700  -0.004  0.272  0.140 -0.213 -0.241 -0.271  0.083  0.027 -0.034  0.040 -0.060  1.000 -0.518 -0.057  0.205  0.588
       21  0.99488   0.171  0.298  0.110 -0.205  0.080  0.100  0.537 -0.156 -0.036 -0.138 -0.004 -0.518  1.000 -0.007 -0.217 -0.453
       22  0.99527   0.130 -0.336  0.468  0.026 -0.284 -0.515 -0.162  0.033 -0.055  0.033 -0.040 -0.057 -0.007  1.000  0.243 -0.281
       23  0.99563   0.398 -0.191  0.192  0.591  0.352  0.520 -0.111 -0.023  0.071 -0.027  0.138  0.205 -0.217  0.243  1.000  0.309
       24  0.99395  -0.111 -0.202 -0.293 -0.178  0.332  0.281  0.444 -0.215 -0.021 -0.222  0.027  0.588 -0.453 -0.281  0.309  1.000
 ERR MATRIX NOT POS-DEF
                         POSITIVE MINOS ERROR NOT CALCULATED FOR PARAMETER 1
                         NEGATIVE MINOS ERROR NOT CALCULATED FOR PARAMETER 1
                         POSITIVE MINOS ERROR NOT CALCULATED FOR PARAMETER 3
                         NEGATIVE MINOS ERROR NOT CALCULATED FOR PARAMETER 3
                         POSITIVE MINOS ERROR NOT CALCULATED FOR PARAMETER 4
                         POSITIVE MINOS ERROR NOT CALCULATED FOR PARAMETER 6
                         NEGATIVE MINOS ERROR NOT CALCULATED FOR PARAMETER 6
                         POSITIVE MINOS ERROR NOT CALCULATED FOR PARAMETER 8
                         NEGATIVE MINOS ERROR NOT CALCULATED FOR PARAMETER 8
                         POSITIVE MINOS ERROR NOT CALCULATED FOR PARAMETER 10
                         NEGATIVE MINOS ERROR NOT CALCULATED FOR PARAMETER 10
                         POSITIVE MINOS ERROR NOT CALCULATED FOR PARAMETER 20
                         NEGATIVE MINOS ERROR NOT CALCULATED FOR PARAMETER 20
                         POSITIVE MINOS ERROR NOT CALCULATED FOR PARAMETER 21
                         NEGATIVE MINOS ERROR NOT CALCULATED FOR PARAMETER 21
                         POSITIVE MINOS ERROR NOT CALCULATED FOR PARAMETER 22
 MIGRAD FAILS WITH STRATEGY=0.   WILL TRY WITH STRATEGY=1.
                         POSITIVE MINOS ERROR NOT CALCULATED FOR PARAMETER 23
                         NEGATIVE MINOS ERROR NOT CALCULATED FOR PARAMETER 23
                         POSITIVE MINOS ERROR NOT CALCULATED FOR PARAMETER 24
                         NEGATIVE MINOS ERROR NOT CALCULATED FOR PARAMETER 24
 FCN=0.108652 FROM MINOS     STATUS=PROBLEMS   267480 CALLS      313656 TOTAL
                     EDM=1.62629e-06    STRATEGY= 1      ERR MATRIX NOT POS-DEF
  EXT PARAMETER                  PARABOLIC         MINOS ERRORS        
  NO.   NAME      VALUE            ERROR      NEGATIVE      POSITIVE   
   1  N0           3.69605e+06   7.41478e+03                            
   2  tau          6.43896e+01   constant   
   3  A0           6.18932e-01   2.39516e-03                            
   4  phi          3.60757e+00   3.09813e-03  -3.35008e-02              
   5  R           -6.12649e+01   constant   
   6  alpha_CBO    8.97115e-02   2.32990e-03                            
   7  w_CBO        2.32500e+00   constant   
   8  beta_CBO    -2.79751e-01   2.35581e-03                            
   9  alpha_2CBO  -3.34505e-02   1.57635e-03  -9.86704e-03   8.48303e-03
  10  beta_2CBO   -2.05793e-02   1.41589e-03                            
  11  alpha_y     -2.26454e-04   3.26828e-04  -3.90987e-04   3.94986e-04
  12  w_y          1.44500e+01   constant   
  13  beta_y       4.29529e-04   2.93324e-04  -5.84725e-04   8.13731e-04
  14  alpha_vw     6.86421e-04   3.33856e-04  -3.70905e-04   3.80274e-04
  15  w_vw         1.29000e+01   constant   
  16  beta_vw     -2.19672e-04   2.89741e-04  -5.76189e-04   9.77969e-04
  17  LM          -3.89610e-04   constant   
  18  zeta_y       0.00000e+00   constant   
  19  zeta_vw      0.00000e+00   constant   
  20  T_CBO        3.09285e+01   1.05642e-01                            
  21  alpha_A0     5.50775e+00   6.91156e-02                            
  22  beta_A0      5.45405e-01   5.87488e-02  -5.57707e-01              
  23  alpha_phi   -3.70728e+00   7.79968e-02                            
  24  beta_phi    -6.67168e+00   7.85630e-02                            
 **********
 **   88 **SHO COR 
 **********
 PARAMETER  CORRELATION COEFFICIENTS  
       NO.  GLOBAL      1      3      4      6      8      9     10     11     13     14     16     20     21     22     23     24
        1  0.99637   1.000  0.371 -0.333  0.408 -0.471  0.072 -0.137 -0.018  0.041 -0.040  0.099 -0.004  0.171  0.133  0.399 -0.112
        3  0.99655   0.371  1.000  0.150  0.158 -0.359 -0.100  0.092 -0.133 -0.085 -0.093 -0.141  0.276  0.293 -0.336 -0.190 -0.198
        4  0.99721  -0.333  0.150  1.000  0.161  0.197 -0.186 -0.015 -0.053 -0.102  0.000 -0.154  0.137  0.115  0.473  0.192 -0.298
        6  0.99565   0.408  0.158  0.161  1.000  0.207  0.501 -0.526 -0.049  0.031 -0.039  0.030 -0.213 -0.206  0.023  0.590 -0.178
        8  0.99473  -0.471 -0.359  0.197  0.207  1.000  0.769  0.334 -0.198  0.008 -0.185  0.056 -0.239  0.076 -0.286  0.351  0.335
        9  0.98816   0.072 -0.100 -0.186  0.501  0.769  1.000  0.137 -0.132  0.091 -0.125  0.133 -0.266  0.093 -0.519  0.518  0.286
       10  0.98819  -0.137  0.092 -0.015 -0.526  0.334  0.137  1.000 -0.357 -0.096 -0.335 -0.037  0.086  0.536 -0.157 -0.110  0.446
       11  0.69096  -0.018 -0.133 -0.053 -0.049 -0.198 -0.132 -0.357  1.000  0.080  0.627  0.207  0.027 -0.155  0.031 -0.023 -0.215
       13  0.53978   0.041 -0.085 -0.102  0.031  0.008  0.091 -0.096  0.080  1.000 -0.002  0.497 -0.033 -0.036 -0.056  0.070 -0.021
       14  0.67577  -0.040 -0.093  0.000 -0.039 -0.185 -0.125 -0.335  0.627 -0.002  1.000  0.110  0.039 -0.138  0.031 -0.027 -0.222
       16  0.57525   0.099 -0.141 -0.154  0.030  0.056  0.133 -0.037  0.207  0.497  0.110  1.000 -0.060 -0.005 -0.041  0.138  0.028
       20  0.99699  -0.004  0.276  0.137 -0.213 -0.239 -0.266  0.086  0.027 -0.033  0.039 -0.060  1.000 -0.516 -0.063  0.204  0.588
       21  0.99484   0.171  0.293  0.115 -0.206  0.076  0.093  0.536 -0.155 -0.036 -0.138 -0.005 -0.516  1.000  0.005 -0.214 -0.453
       22  0.99536   0.133 -0.336  0.473  0.023 -0.286 -0.519 -0.157  0.031 -0.056  0.031 -0.041 -0.063  0.005  1.000  0.242 -0.289
       23  0.99561   0.399 -0.190  0.192  0.590  0.351  0.518 -0.110 -0.023  0.070 -0.027  0.138  0.204 -0.214  0.242  1.000  0.306
       24  0.99395  -0.112 -0.198 -0.298 -0.178  0.335  0.286  0.446 -0.215 -0.021 -0.222  0.028  0.588 -0.453 -0.289  0.306  1.000
 ERR MATRIX NOT POS-DEF
 ELEMENTS ABOVE DIAGONAL ARE NOT PRINTED.
