 + ++++++++++++++++++++++++++++++++++++++++++++++++++++++++++++++++++++ +
 +                                                                      +
 +           You have chose to blind your fitting according to          +
 +                omega_ref * (1 + (R +/- deltaR) *10^{-6})             +
 +                                                                      +
 + ++++++++++++++++++++++++++++++++++++++++++++++++++++++++++++++++++++ +
In main()...
reading format from /gm2data/zkhechad/run45/envelope/formats/formatB_sBin_constraintOn.txt
pBinTau 	= 0  
pBinPhi 	= 0  
constraintau 	= 1 
includeMopTerm 	= 0    
constrainMop    = 0   
Parameters after format file: pBinTau 0 pBinPhi 0 constraintau 1 includeMopTerm 0 constrainMop 0 c_e_scale 0.000000 
Opening file /gm2data/tbarrett/gm2fr/studies/run23_bunch_corrections/CorrectedFourier_Run3b.root.
reading full fit data from /gm2data/zkhechad/cboTemplates/Run4CBOTemplates/templateFits0_v2.0/noRF/sBin_constraintOn_cE0.0_seed0_noRF_calo22.root
windowBins = 17
fitting sliding window 414 from bin 550 at 81.910800 to bin 567 at 84.596400 (17 bins)

Reading data from /gm2data/cornell/histograms/aMethod/histogram_a_noRF.root
 **********
 **    1 **SET PRINTOUT            1
 **********
 **********
 **    2 **SET NOWARNINGS 
 **********
 PARAMETER DEFINITIONS:
    NO.   NAME         VALUE      STEP SIZE      LIMITS
     1 N0           3.01105e+06  1.00000e+02     no limits
     2 tau          6.44153e+01  constant
     3 A0           3.51737e-01  1.00000e-04     no limits
     4 phi          4.11590e+00  1.00000e-02     no limits
     5 R           -6.13262e+01  constant
     6 alpha_CBO    0.00000e+00  1.00000e-03     no limits
     7 w_CBO        2.32500e+00  constant
     8 beta_CBO     0.00000e+00  1.00000e-03     no limits
     9 alpha_2CBO   0.00000e+00  1.00000e-03     no limits
    10 beta_2CBO    0.00000e+00  1.00000e-03     no limits
    11 alpha_y      0.00000e+00  1.00000e-03     no limits
    12 w_y          1.44500e+01  constant
    13 beta_y       0.00000e+00  1.00000e-03     no limits
    14 alpha_vw     0.00000e+00  1.00000e-03     no limits
    15 w_vw         1.29000e+01  constant
    16 beta_vw      0.00000e+00  1.00000e-03     no limits
    17 LM           4.28749e-04  constant
    18 zeta_y       0.00000e+00  constant
    19 zeta_vw      0.00000e+00  constant
MINUIT - FIT ONLY WIGGLE
 **********
 **    3 **FIX            5
 **********
 PARAMETER    5  IS CONSTANT.   IGNORED.
 **********
 **    4 **FIX            6
 **********
 **********
 **    5 **FIX            7
 **********
 PARAMETER    7  IS CONSTANT.   IGNORED.
 **********
 **    6 **FIX            8
 **********
 **********
 **    7 **FIX            9
 **********
 **********
 **    8 **FIX           10
 **********
 **********
 **    9 **FIX           11
 **********
 **********
 **   10 **FIX           12
 **********
 PARAMETER   12  IS CONSTANT.   IGNORED.
 **********
 **   11 **FIX           13
 **********
 **********
 **   12 **FIX           14
 **********
 **********
 **   13 **FIX           15
 **********
 PARAMETER   15  IS CONSTANT.   IGNORED.
 **********
 **   14 **FIX           16
 **********
 **********
 **   15 **MIGRAD
 **********
 FIRST CALL TO USER FUNCTION AT NEW START POINT, WITH IFLAG=4.
 START MIGRAD MINIMIZATION.  STRATEGY  1.  CONVERGENCE WHEN EDM .LT. 1.00e-04
 FCN=592.728 FROM MIGRAD    STATUS=INITIATE       12 CALLS          13 TOTAL
                     EDM= unknown      STRATEGY= 1      NO ERROR MATRIX       
  EXT PARAMETER               CURRENT GUESS       STEP         FIRST   
  NO.   NAME      VALUE            ERROR          SIZE      DERIVATIVE 
   1  N0           3.01105e+06   1.00000e+02   1.00000e+02  -2.84211e-02
   2  tau          6.44153e+01   constant   
   3  A0           3.51737e-01   1.00000e-04   1.00000e-04  -1.31372e+05
   4  phi          4.11590e+00   1.00000e-02   1.00000e-02  -5.49019e+04
   5  R           -6.13262e+01   constant   
   6  alpha_CBO    0.00000e+00     fixed    
   7  w_CBO        2.32500e+00   constant   
   8  beta_CBO     0.00000e+00     fixed    
   9  alpha_2CBO   0.00000e+00     fixed    
  10  beta_2CBO    0.00000e+00     fixed    
  11  alpha_y      0.00000e+00     fixed    
  12  w_y          1.44500e+01   constant   
  13  beta_y       0.00000e+00     fixed    
  14  alpha_vw     0.00000e+00     fixed    
  15  w_vw         1.29000e+01   constant   
  16  beta_vw      0.00000e+00     fixed    
  17  LM           4.28749e-04   constant   
  18  zeta_y       0.00000e+00   constant   
  19  zeta_vw      0.00000e+00   constant   
 MIGRAD MINIMIZATION HAS CONVERGED.
 MIGRAD WILL VERIFY CONVERGENCE AND ERROR MATRIX.
 COVARIANCE MATRIX CALCULATED SUCCESSFULLY
 FCN=63.8665 FROM MIGRAD    STATUS=CONVERGED      65 CALLS          66 TOTAL
                     EDM=4.77133e-09    STRATEGY= 1      ERROR MATRIX ACCURATE 
  EXT PARAMETER                                   STEP         FIRST   
  NO.   NAME      VALUE            ERROR          SIZE      DERIVATIVE 
   1  N0           3.02051e+06   8.00391e+02   2.00953e+00  -8.13762e-08
   2  tau          6.44153e+01   constant   
   3  A0           3.56069e-01   2.64324e-04   7.36106e-07   3.44083e-01
   4  phi          4.11981e+00   7.25354e-04   2.28895e-06  -9.70124e-02
   5  R           -6.13262e+01   constant   
   6  alpha_CBO    0.00000e+00     fixed    
   7  w_CBO        2.32500e+00   constant   
   8  beta_CBO     0.00000e+00     fixed    
   9  alpha_2CBO   0.00000e+00     fixed    
  10  beta_2CBO    0.00000e+00     fixed    
  11  alpha_y      0.00000e+00     fixed    
  12  w_y          1.44500e+01   constant   
  13  beta_y       0.00000e+00     fixed    
  14  alpha_vw     0.00000e+00     fixed    
  15  w_vw         1.29000e+01   constant   
  16  beta_vw      0.00000e+00     fixed    
  17  LM           4.28749e-04   constant   
  18  zeta_y       0.00000e+00   constant   
  19  zeta_vw      0.00000e+00   constant   
 EXTERNAL ERROR MATRIX.    NDIM=  25    NPAR=  3    ERR DEF=1
  6.406e+05  1.490e-01 -3.449e-01 
  1.490e-01  6.987e-08 -8.788e-08 
 -3.449e-01 -8.788e-08  5.261e-07 
 PARAMETER  CORRELATION COEFFICIENTS  
       NO.  GLOBAL      1      3      4
        1  0.76760   1.000  0.704 -0.594
        3  0.70607   0.704  1.000 -0.458
        4  0.59676  -0.594 -0.458  1.000
MINUIT - FIT ONLY 1-CBO + wiggle
 **********
 **   16 **RES 
 **********
                   PARAMETER   16  beta_vw RESTORED TO VARIABLE.
                   PARAMETER   14  alpha_vw RESTORED TO VARIABLE.
                   PARAMETER   13  beta_y RESTORED TO VARIABLE.
                   PARAMETER   11  alpha_y RESTORED TO VARIABLE.
                   PARAMETER   10  beta_2CBO RESTORED TO VARIABLE.
                   PARAMETER    9  alpha_2CBO RESTORED TO VARIABLE.
                   PARAMETER    8  beta_CBO RESTORED TO VARIABLE.
                   PARAMETER    6  alpha_CBO RESTORED TO VARIABLE.
 **********
 **   17 **FIX            8
 **********
 **********
 **   18 **FIX            9
 **********
 **********
 **   19 **FIX           11
 **********
 **********
 **   20 **FIX           12
 **********
 PARAMETER   12  IS CONSTANT.   IGNORED.
 **********
 **   21 **FIX           14
 **********
 **********
 **   22 **FIX           15
 **********
 PARAMETER   15  IS CONSTANT.   IGNORED.
 **********
 **   23 **FIX           16
 **********
 **********
 **   24 **MIGRAD
 **********
 START MIGRAD MINIMIZATION.  STRATEGY  1.  CONVERGENCE WHEN EDM .LT. 1.00e-04
 FCN=63.8665 FROM MIGRAD    STATUS=INITIATE       18 CALLS          84 TOTAL
                     EDM= unknown      STRATEGY= 1      NO ERROR MATRIX       
  EXT PARAMETER               CURRENT GUESS       STEP         FIRST   
  NO.   NAME      VALUE            ERROR          SIZE      DERIVATIVE 
   1  N0           3.02051e+06   8.00391e+02   2.00953e+00  -8.13756e-08
   2  tau          6.44153e+01   constant   
   3  A0           3.56069e-01   2.64324e-04   7.36106e-07   3.44068e-01
   4  phi          4.11981e+00   7.25354e-04   2.28895e-06  -9.70109e-02
   5  R           -6.13262e+01   constant   
   6  alpha_CBO    0.00000e+00   1.00000e-03   1.00000e-03   1.55647e+04
   7  w_CBO        2.32500e+00   constant   
   8  beta_CBO     0.00000e+00     fixed    
   9  alpha_2CBO   0.00000e+00     fixed    
  10  beta_2CBO    0.00000e+00   1.00000e-03   1.00000e-03  -4.93465e+04
  11  alpha_y      0.00000e+00     fixed    
  12  w_y          1.44500e+01   constant   
  13  beta_y       0.00000e+00   1.00000e-03   1.00000e-03   5.67065e+03
  14  alpha_vw     0.00000e+00     fixed    
  15  w_vw         1.29000e+01   constant   
  16  beta_vw      0.00000e+00     fixed    
  17  LM           4.28749e-04   constant   
  18  zeta_y       0.00000e+00   constant   
  19  zeta_vw      0.00000e+00   constant   
 MIGRAD MINIMIZATION HAS CONVERGED.
 MIGRAD WILL VERIFY CONVERGENCE AND ERROR MATRIX.
 COVARIANCE MATRIX CALCULATED SUCCESSFULLY
 FCN=15.6944 FROM MIGRAD    STATUS=CONVERGED     158 CALLS         224 TOTAL
                     EDM=8.94522e-07    STRATEGY= 1      ERROR MATRIX ACCURATE 
  EXT PARAMETER                                   STEP         FIRST   
  NO.   NAME      VALUE            ERROR          SIZE      DERIVATIVE 
   1  N0           3.01599e+06   1.51787e+03   1.43814e+00   2.82704e-07
   2  tau          6.44153e+01   constant   
   3  A0           3.53012e-01   9.70525e-04   3.75059e-07   2.10121e+00
   4  phi          4.11520e+00   1.77585e-03   1.96228e-06   1.26348e-03
   5  R           -6.13262e+01   constant   
   6  alpha_CBO   -4.36024e-03   1.27421e-03   4.62750e-07  -1.03746e+00
   7  w_CBO        2.32500e+00   constant   
   8  beta_CBO     0.00000e+00     fixed    
   9  alpha_2CBO   0.00000e+00     fixed    
  10  beta_2CBO    5.36229e-04   3.61234e-04   4.64710e-07   3.89793e-01
  11  alpha_y      0.00000e+00     fixed    
  12  w_y          1.44500e+01   constant   
  13  beta_y      -3.42702e-04   2.51970e-04   4.95844e-07  -7.77474e-02
  14  alpha_vw     0.00000e+00     fixed    
  15  w_vw         1.29000e+01   constant   
  16  beta_vw      0.00000e+00     fixed    
  17  LM           4.28749e-04   constant   
  18  zeta_y       0.00000e+00   constant   
  19  zeta_vw      0.00000e+00   constant   
 EXTERNAL ERROR MATRIX.    NDIM=  25    NPAR=  6    ERR DEF=1
  2.304e+06  1.353e+00  1.726e+00  1.641e+00  3.442e-01  5.951e-02 
  1.353e+00  9.419e-07  1.417e-06  1.189e-06  2.563e-07  3.377e-08 
  1.726e+00  1.417e-06  3.154e-06  2.054e-06  4.656e-07  3.851e-08 
  1.641e+00  1.189e-06  2.054e-06  1.624e-06  3.415e-07  3.851e-08 
  3.442e-01  2.563e-07  4.656e-07  3.415e-07  1.305e-07  5.638e-09 
  5.951e-02  3.377e-08  3.851e-08  3.851e-08  5.638e-09  6.349e-08 
 PARAMETER  CORRELATION COEFFICIENTS  
       NO.  GLOBAL      1      3      4      6     10     13
        1  0.94134   1.000  0.918  0.640  0.848  0.628  0.156
        3  0.98106   0.918  1.000  0.822  0.961  0.731  0.138
        4  0.94381   0.640  0.822  1.000  0.908  0.726  0.086
        6  0.98329   0.848  0.961  0.908  1.000  0.742  0.120
       10  0.76433   0.628  0.731  0.726  0.742  1.000  0.062
       13  0.16452   0.156  0.138  0.086  0.120  0.062  1.000
MINUIT - FIT ONLY 2-CBO
 **********
 **   25 **RES 
 **********
                   PARAMETER   16  beta_vw RESTORED TO VARIABLE.
                   PARAMETER   14  alpha_vw RESTORED TO VARIABLE.
                   PARAMETER   11  alpha_y RESTORED TO VARIABLE.
                   PARAMETER    9  alpha_2CBO RESTORED TO VARIABLE.
                   PARAMETER    8  beta_CBO RESTORED TO VARIABLE.
 **********
 **   26 **FIX            0
 **********
 PARAMETER    0  IS UNDEFINED. IGNORED.
 **********
 **   27 **FIX            1
 **********
 **********
 **   28 **FIX            2
 **********
 PARAMETER    2  IS CONSTANT.   IGNORED.
 **********
 **   29 **FIX            3
 **********
 **********
 **   30 **FIX            4
 **********
 **********
 **   31 **FIX            5
 **********
 PARAMETER    5  IS CONSTANT.   IGNORED.
 **********
 **   32 **FIX            6
 **********
 **********
 **   33 **FIX            7
 **********
 PARAMETER    7  IS CONSTANT.   IGNORED.
 **********
 **   34 **FIX           10
 **********
 **********
 **   35 **FIX           11
 **********
 **********
 **   36 **FIX           12
 **********
 PARAMETER   12  IS CONSTANT.   IGNORED.
 **********
 **   37 **FIX           13
 **********
 **********
 **   38 **FIX           14
 **********
 **********
 **   39 **FIX           15
 **********
 PARAMETER   15  IS CONSTANT.   IGNORED.
 **********
 **   40 **FIX           16
 **********
 **********
 **   41 **MIGRAD
 **********
 START MIGRAD MINIMIZATION.  STRATEGY  1.  CONVERGENCE WHEN EDM .LT. 1.00e-04
 FCN=15.6944 FROM MIGRAD    STATUS=INITIATE        8 CALLS         232 TOTAL
                     EDM= unknown      STRATEGY= 1      NO ERROR MATRIX       
  EXT PARAMETER               CURRENT GUESS       STEP         FIRST   
  NO.   NAME      VALUE            ERROR          SIZE      DERIVATIVE 
   1  N0           3.01599e+06     fixed    
   2  tau          6.44153e+01   constant   
   3  A0           3.53012e-01     fixed    
   4  phi          4.11520e+00     fixed    
   5  R           -6.13262e+01   constant   
   6  alpha_CBO   -4.36024e-03     fixed    
   7  w_CBO        2.32500e+00   constant   
   8  beta_CBO     0.00000e+00   1.00000e-03   1.00000e-03  -4.65857e+02
   9  alpha_2CBO   0.00000e+00   1.00000e-03   1.00000e-03  -5.67302e+03
  10  beta_2CBO    5.36229e-04     fixed    
  11  alpha_y      0.00000e+00     fixed    
  12  w_y          1.44500e+01   constant   
  13  beta_y      -3.42702e-04     fixed    
  14  alpha_vw     0.00000e+00     fixed    
  15  w_vw         1.29000e+01   constant   
  16  beta_vw      0.00000e+00     fixed    
  17  LM           4.28749e-04   constant   
  18  zeta_y       0.00000e+00   constant   
  19  zeta_vw      0.00000e+00   constant   
 MIGRAD MINIMIZATION HAS CONVERGED.
 MIGRAD WILL VERIFY CONVERGENCE AND ERROR MATRIX.
 COVARIANCE MATRIX CALCULATED SUCCESSFULLY
 FCN=15.198 FROM MIGRAD    STATUS=CONVERGED      35 CALLS         259 TOTAL
                     EDM=2.72008e-13    STRATEGY= 1      ERROR MATRIX ACCURATE 
  EXT PARAMETER                                   STEP         FIRST   
  NO.   NAME      VALUE            ERROR          SIZE      DERIVATIVE 
   1  N0           3.01599e+06     fixed    
   2  tau          6.44153e+01   constant   
   3  A0           3.53012e-01     fixed    
   4  phi          4.11520e+00     fixed    
   5  R           -6.13262e+01   constant   
   6  alpha_CBO   -4.36024e-03     fixed    
   7  w_CBO        2.32500e+00   constant   
   8  beta_CBO    -2.64334e-06   2.50759e-04   4.90441e-07  -1.51217e-05
   9  alpha_2CBO   1.75218e-04   2.49546e-04   4.88069e-07  -2.95711e-03
  10  beta_2CBO    5.36229e-04     fixed    
  11  alpha_y      0.00000e+00     fixed    
  12  w_y          1.44500e+01   constant   
  13  beta_y      -3.42702e-04     fixed    
  14  alpha_vw     0.00000e+00     fixed    
  15  w_vw         1.29000e+01   constant   
  16  beta_vw      0.00000e+00     fixed    
  17  LM           4.28749e-04   constant   
  18  zeta_y       0.00000e+00   constant   
  19  zeta_vw      0.00000e+00   constant   
 EXTERNAL ERROR MATRIX.    NDIM=  25    NPAR=  2    ERR DEF=1
  6.288e-08 -6.095e-09 
 -6.095e-09  6.227e-08 
 PARAMETER  CORRELATION COEFFICIENTS  
       NO.  GLOBAL      8      9
        8  0.09741   1.000 -0.097
        9  0.09741  -0.097  1.000
MINUIT - FIT wiggle + 1-CBO + 2-CBO
 **********
 **   42 **RES 
 **********
                   PARAMETER   16  beta_vw RESTORED TO VARIABLE.
                   PARAMETER   14  alpha_vw RESTORED TO VARIABLE.
                   PARAMETER   13  beta_y RESTORED TO VARIABLE.
                   PARAMETER   11  alpha_y RESTORED TO VARIABLE.
                   PARAMETER   10  beta_2CBO RESTORED TO VARIABLE.
                   PARAMETER    6  alpha_CBO RESTORED TO VARIABLE.
                   PARAMETER    4  phi RESTORED TO VARIABLE.
                   PARAMETER    3  A0 RESTORED TO VARIABLE.
                   PARAMETER    1  N0 RESTORED TO VARIABLE.
 **********
 **   43 **FIX           10
 **********
 **********
 **   44 **FIX           11
 **********
 **********
 **   45 **FIX           12
 **********
 PARAMETER   12  IS CONSTANT.   IGNORED.
 **********
 **   46 **FIX           13
 **********
 **********
 **   47 **FIX           14
 **********
 **********
 **   48 **FIX           15
 **********
 PARAMETER   15  IS CONSTANT.   IGNORED.
 **********
 **   49 **FIX           16
 **********
 **********
 **   50 **MIGRAD
 **********
 START MIGRAD MINIMIZATION.  STRATEGY  1.  CONVERGENCE WHEN EDM .LT. 1.00e-04
 FCN=15.198 FROM MIGRAD    STATUS=INITIATE       12 CALLS         271 TOTAL
                     EDM= unknown      STRATEGY= 1      NO ERROR MATRIX       
  EXT PARAMETER               CURRENT GUESS       STEP         FIRST   
  NO.   NAME      VALUE            ERROR          SIZE      DERIVATIVE 
   1  N0           3.01599e+06   1.51787e+03   1.51787e+03   2.96465e-04
   2  tau          6.44153e+01   constant   
   3  A0           3.53012e-01   9.70525e-04   9.70525e-04  -1.37449e+01
   4  phi          4.11520e+00   1.77585e-03   1.77585e-03   2.83532e+02
   5  R           -6.13262e+01   constant   
   6  alpha_CBO   -4.36024e-03   1.27421e-03   1.27421e-03  -6.50890e+02
   7  w_CBO        2.32500e+00   constant   
   8  beta_CBO    -2.64334e-06   2.50759e-04   4.90441e-07  -2.62211e-05
   9  alpha_2CBO   1.75218e-04   2.49546e-04   4.88069e-07  -2.96316e-03
  10  beta_2CBO    5.36229e-04     fixed    
  11  alpha_y      0.00000e+00     fixed    
  12  w_y          1.44500e+01   constant   
  13  beta_y      -3.42702e-04     fixed    
  14  alpha_vw     0.00000e+00     fixed    
  15  w_vw         1.29000e+01   constant   
  16  beta_vw      0.00000e+00     fixed    
  17  LM           4.28749e-04   constant   
  18  zeta_y       0.00000e+00   constant   
  19  zeta_vw      0.00000e+00   constant   
 MIGRAD MINIMIZATION HAS CONVERGED.
 MIGRAD WILL VERIFY CONVERGENCE AND ERROR MATRIX.
 COVARIANCE MATRIX CALCULATED SUCCESSFULLY
 FCN=15.1049 FROM MIGRAD    STATUS=CONVERGED     159 CALLS         418 TOTAL
                     EDM=7.01524e-06    STRATEGY= 1      ERROR MATRIX ACCURATE 
  EXT PARAMETER                                   STEP         FIRST   
  NO.   NAME      VALUE            ERROR          SIZE      DERIVATIVE 
   1  N0           3.02080e+06   1.67734e+04   1.44043e+00  -2.68962e-06
   2  tau          6.44153e+01   constant   
   3  A0           3.55117e-01   7.29287e-03   3.67535e-07   4.44617e+00
   4  phi          4.11192e+00   1.12534e-02   1.96071e-06  -2.90777e+00
   5  R           -6.13262e+01   constant   
   6  alpha_CBO   -3.37245e-03   3.48270e-03   4.54476e-07   8.07434e-01
   7  w_CBO        2.32500e+00   constant   
   8  beta_CBO    -1.70929e-03   5.88372e-03   4.89040e-07   3.31805e+00
   9  alpha_2CBO   3.48154e-04   6.32481e-04   4.86716e-07  -6.56843e-01
  10  beta_2CBO    5.36229e-04     fixed    
  11  alpha_y      0.00000e+00     fixed    
  12  w_y          1.44500e+01   constant   
  13  beta_y      -3.42702e-04     fixed    
  14  alpha_vw     0.00000e+00     fixed    
  15  w_vw         1.29000e+01   constant   
  16  beta_vw      0.00000e+00     fixed    
  17  LM           4.28749e-04   constant   
  18  zeta_y       0.00000e+00   constant   
  19  zeta_vw      0.00000e+00   constant   
 EXTERNAL ERROR MATRIX.    NDIM=  25    NPAR=  6    ERR DEF=1
  2.813e+08  1.222e+02 -1.867e+02  5.722e+01 -9.845e+01  9.701e+00 
  1.222e+02  5.319e-05 -8.075e-05  2.504e-05 -4.273e-05  4.216e-06 
 -1.867e+02 -8.075e-05  1.266e-04 -3.693e-05  6.582e-05 -6.495e-06 
  5.722e+01  2.504e-05 -3.693e-05  1.213e-05 -1.986e-05  1.965e-06 
 -9.845e+01 -4.273e-05  6.582e-05 -1.986e-05  3.462e-05 -3.416e-06 
  9.701e+00  4.216e-06 -6.495e-06  1.965e-06 -3.416e-06  4.000e-07 
 PARAMETER  CORRELATION COEFFICIENTS  
       NO.  GLOBAL      1      3      4      6      8      9
        1  0.99953   1.000  0.999 -0.989  0.980 -0.998  0.914
        3  0.99967   0.999  1.000 -0.984  0.986 -0.996  0.914
        4  0.99866  -0.989 -0.984  1.000 -0.942  0.994 -0.913
        6  0.99778   0.980  0.986 -0.942  1.000 -0.969  0.892
        8  0.99910  -0.998 -0.996  0.994 -0.969  1.000 -0.918
        9  0.91966   0.914  0.914 -0.913  0.892 -0.918  1.000
MINUIT - FIT ONLY 1-y
 **********
 **   51 **RES 
 **********
                   PARAMETER   16  beta_vw RESTORED TO VARIABLE.
                   PARAMETER   14  alpha_vw RESTORED TO VARIABLE.
                   PARAMETER   13  beta_y RESTORED TO VARIABLE.
                   PARAMETER   11  alpha_y RESTORED TO VARIABLE.
                   PARAMETER   10  beta_2CBO RESTORED TO VARIABLE.
 **********
 **   52 **FIX            0
 **********
 PARAMETER    0  IS UNDEFINED. IGNORED.
 **********
 **   53 **FIX            1
 **********
 **********
 **   54 **FIX            2
 **********
 PARAMETER    2  IS CONSTANT.   IGNORED.
 **********
 **   55 **FIX            3
 **********
 **********
 **   56 **FIX            4
 **********
 **********
 **   57 **FIX            5
 **********
 PARAMETER    5  IS CONSTANT.   IGNORED.
 **********
 **   58 **FIX            6
 **********
 **********
 **   59 **FIX            7
 **********
 PARAMETER    7  IS CONSTANT.   IGNORED.
 **********
 **   60 **FIX            8
 **********
 **********
 **   61 **FIX            9
 **********
 **********
 **   62 **FIX           13
 **********
 **********
 **   63 **FIX           14
 **********
 **********
 **   64 **FIX           15
 **********
 PARAMETER   15  IS CONSTANT.   IGNORED.
 **********
 **   65 **FIX           16
 **********
 **********
 **   66 **MIGRAD
 **********
 START MIGRAD MINIMIZATION.  STRATEGY  1.  CONVERGENCE WHEN EDM .LT. 1.00e-04
 FCN=15.1049 FROM MIGRAD    STATUS=INITIATE        6 CALLS         424 TOTAL
                     EDM= unknown      STRATEGY= 1      NO ERROR MATRIX       
  EXT PARAMETER               CURRENT GUESS       STEP         FIRST   
  NO.   NAME      VALUE            ERROR          SIZE      DERIVATIVE 
   1  N0           3.02080e+06     fixed    
   2  tau          6.44153e+01   constant   
   3  A0           3.55117e-01     fixed    
   4  phi          4.11192e+00     fixed    
   5  R           -6.13262e+01   constant   
   6  alpha_CBO   -3.37245e-03     fixed    
   7  w_CBO        2.32500e+00   constant   
   8  beta_CBO    -1.70929e-03     fixed    
   9  alpha_2CBO   3.48154e-04     fixed    
  10  beta_2CBO    5.36229e-04   3.61234e-04   3.61234e-04   8.28079e+02
  11  alpha_y      0.00000e+00   1.00000e-03   1.00000e-03   2.57901e+04
  12  w_y          1.44500e+01   constant   
  13  beta_y      -3.42702e-04     fixed    
  14  alpha_vw     0.00000e+00     fixed    
  15  w_vw         1.29000e+01   constant   
  16  beta_vw      0.00000e+00     fixed    
  17  LM           4.28749e-04   constant   
  18  zeta_y       0.00000e+00   constant   
  19  zeta_vw      0.00000e+00   constant   
 MIGRAD MINIMIZATION HAS CONVERGED.
 MIGRAD WILL VERIFY CONVERGENCE AND ERROR MATRIX.
 COVARIANCE MATRIX CALCULATED SUCCESSFULLY
 FCN=6.1064 FROM MIGRAD    STATUS=CONVERGED      26 CALLS         444 TOTAL
                     EDM=5.44688e-07    STRATEGY= 1      ERROR MATRIX ACCURATE 
  EXT PARAMETER                                   STEP         FIRST   
  NO.   NAME      VALUE            ERROR          SIZE      DERIVATIVE 
   1  N0           3.02080e+06     fixed    
   2  tau          6.44153e+01   constant   
   3  A0           3.55117e-01     fixed    
   4  phi          4.11192e+00     fixed    
   5  R           -6.13262e+01   constant   
   6  alpha_CBO   -3.37245e-03     fixed    
   7  w_CBO        2.32500e+00   constant   
   8  beta_CBO    -1.70929e-03     fixed    
   9  alpha_2CBO   3.48154e-04     fixed    
  10  beta_2CBO    5.38797e-04   2.33043e-04   3.03145e-07  -4.46881e+00
  11  alpha_y     -6.97904e-04   2.32778e-04   3.02799e-07   1.77474e-01
  12  w_y          1.44500e+01   constant   
  13  beta_y      -3.42702e-04     fixed    
  14  alpha_vw     0.00000e+00     fixed    
  15  w_vw         1.29000e+01   constant   
  16  beta_vw      0.00000e+00     fixed    
  17  LM           4.28749e-04   constant   
  18  zeta_y       0.00000e+00   constant   
  19  zeta_vw      0.00000e+00   constant   
 EXTERNAL ERROR MATRIX.    NDIM=  25    NPAR=  2    ERR DEF=1
  5.431e-08 -1.954e-09 
 -1.954e-09  5.419e-08 
 PARAMETER  CORRELATION COEFFICIENTS  
       NO.  GLOBAL     10     11
       10  0.03602   1.000 -0.036
       11  0.03602  -0.036  1.000
MINUIT - FIT ONLY 2-y
 **********
 **   67 **RES 
 **********
                   PARAMETER   16  beta_vw RESTORED TO VARIABLE.
                   PARAMETER   14  alpha_vw RESTORED TO VARIABLE.
                   PARAMETER   13  beta_y RESTORED TO VARIABLE.
                   PARAMETER    9  alpha_2CBO RESTORED TO VARIABLE.
                   PARAMETER    8  beta_CBO RESTORED TO VARIABLE.
                   PARAMETER    6  alpha_CBO RESTORED TO VARIABLE.
                   PARAMETER    4  phi RESTORED TO VARIABLE.
                   PARAMETER    3  A0 RESTORED TO VARIABLE.
                   PARAMETER    1  N0 RESTORED TO VARIABLE.
 **********
 **   68 **FIX            0
 **********
 PARAMETER    0  IS UNDEFINED. IGNORED.
 **********
 **   69 **FIX            1
 **********
 **********
 **   70 **FIX            2
 **********
 PARAMETER    2  IS CONSTANT.   IGNORED.
 **********
 **   71 **FIX            3
 **********
 **********
 **   72 **FIX            4
 **********
 **********
 **   73 **FIX            5
 **********
 PARAMETER    5  IS CONSTANT.   IGNORED.
 **********
 **   74 **FIX            6
 **********
 **********
 **   75 **FIX            7
 **********
 PARAMETER    7  IS CONSTANT.   IGNORED.
 **********
 **   76 **FIX            8
 **********
 **********
 **   77 **FIX            9
 **********
 **********
 **   78 **FIX           10
 **********
 **********
 **   79 **FIX           11
 **********
 **********
 **   80 **FIX           12
 **********
 PARAMETER   12  IS CONSTANT.   IGNORED.
 **********
 **   81 **FIX           16
 **********
 **********
 **   82 **MIGRAD
 **********
 START MIGRAD MINIMIZATION.  STRATEGY  1.  CONVERGENCE WHEN EDM .LT. 1.00e-04
 FCN=6.1064 FROM MIGRAD    STATUS=INITIATE        6 CALLS         450 TOTAL
                     EDM= unknown      STRATEGY= 1      NO ERROR MATRIX       
  EXT PARAMETER               CURRENT GUESS       STEP         FIRST   
  NO.   NAME      VALUE            ERROR          SIZE      DERIVATIVE 
   1  N0           3.02080e+06     fixed    
   2  tau          6.44153e+01   constant   
   3  A0           3.55117e-01     fixed    
   4  phi          4.11192e+00     fixed    
   5  R           -6.13262e+01   constant   
   6  alpha_CBO   -3.37245e-03     fixed    
   7  w_CBO        2.32500e+00   constant   
   8  beta_CBO    -1.70929e-03     fixed    
   9  alpha_2CBO   3.48154e-04     fixed    
  10  beta_2CBO    5.38797e-04     fixed    
  11  alpha_y     -6.97904e-04     fixed    
  12  w_y          1.44500e+01   constant   
  13  beta_y      -3.42702e-04   2.51970e-04   2.51970e-04  -4.56964e+02
  14  alpha_vw     0.00000e+00   1.00000e-03   1.00000e-03  -7.86225e+03
  15  w_vw         1.29000e+01   constant   
  16  beta_vw      0.00000e+00     fixed    
  17  LM           4.28749e-04   constant   
  18  zeta_y       0.00000e+00   constant   
  19  zeta_vw      0.00000e+00   constant   
 MIGRAD MINIMIZATION HAS CONVERGED.
 MIGRAD WILL VERIFY CONVERGENCE AND ERROR MATRIX.
 COVARIANCE MATRIX CALCULATED SUCCESSFULLY
 FCN=5.15027 FROM MIGRAD    STATUS=CONVERGED      26 CALLS         470 TOTAL
                     EDM=2.31777e-07    STRATEGY= 1      ERROR MATRIX ACCURATE 
  EXT PARAMETER                                   STEP         FIRST   
  NO.   NAME      VALUE            ERROR          SIZE      DERIVATIVE 
   1  N0           3.02080e+06     fixed    
   2  tau          6.44153e+01   constant   
   3  A0           3.55117e-01     fixed    
   4  phi          4.11192e+00     fixed    
   5  R           -6.13262e+01   constant   
   6  alpha_CBO   -3.37245e-03     fixed    
   7  w_CBO        2.32500e+00   constant   
   8  beta_CBO    -1.70929e-03     fixed    
   9  alpha_2CBO   3.48154e-04     fixed    
  10  beta_2CBO    5.38797e-04     fixed    
  11  alpha_y     -6.97904e-04     fixed    
  12  w_y          1.44500e+01   constant   
  13  beta_y      -3.38724e-04   2.48757e-04   3.00959e-07   2.72576e+00
  14  alpha_vw     2.42985e-04   2.48926e-04   3.01164e-07  -1.58207e-01
  15  w_vw         1.29000e+01   constant   
  16  beta_vw      0.00000e+00     fixed    
  17  LM           4.28749e-04   constant   
  18  zeta_y       0.00000e+00   constant   
  19  zeta_vw      0.00000e+00   constant   
 EXTERNAL ERROR MATRIX.    NDIM=  25    NPAR=  2    ERR DEF=1
  6.188e-08 -2.606e-09 
 -2.606e-09  6.196e-08 
 PARAMETER  CORRELATION COEFFICIENTS  
       NO.  GLOBAL     13     14
       13  0.04209   1.000 -0.042
       14  0.04209  -0.042  1.000
MINUIT - FIT ALTOGETHER
 **********
 **   83 **RES 
 **********
                   PARAMETER   16  beta_vw RESTORED TO VARIABLE.
                   PARAMETER   11  alpha_y RESTORED TO VARIABLE.
                   PARAMETER   10  beta_2CBO RESTORED TO VARIABLE.
                   PARAMETER    9  alpha_2CBO RESTORED TO VARIABLE.
                   PARAMETER    8  beta_CBO RESTORED TO VARIABLE.
                   PARAMETER    6  alpha_CBO RESTORED TO VARIABLE.
                   PARAMETER    4  phi RESTORED TO VARIABLE.
                   PARAMETER    3  A0 RESTORED TO VARIABLE.
                   PARAMETER    1  N0 RESTORED TO VARIABLE.
 **********
 **   84 **MIGRAD
 **********
 START MIGRAD MINIMIZATION.  STRATEGY  1.  CONVERGENCE WHEN EDM .LT. 1.00e-04
 FCN=5.15027 FROM MIGRAD    STATUS=INITIATE       24 CALLS         494 TOTAL
                     EDM= unknown      STRATEGY= 1      NO ERROR MATRIX       
  EXT PARAMETER               CURRENT GUESS       STEP         FIRST   
  NO.   NAME      VALUE            ERROR          SIZE      DERIVATIVE 
   1  N0           3.02080e+06   1.67734e+04   1.67734e+04  -1.17882e-04
   2  tau          6.44153e+01   constant   
   3  A0           3.55117e-01   7.29287e-03   7.29287e-03   9.70003e+02
   4  phi          4.11192e+00   1.12534e-02   1.12534e-02   5.45488e+02
   5  R           -6.13262e+01   constant   
   6  alpha_CBO   -3.37245e-03   3.48270e-03   3.48270e-03  -4.43155e+01
   7  w_CBO        2.32500e+00   constant   
   8  beta_CBO    -1.70929e-03   5.88372e-03   5.88372e-03  -3.09716e+02
   9  alpha_2CBO   3.48154e-04   6.32481e-04   6.32481e-04   2.99914e+02
  10  beta_2CBO    5.38797e-04   2.33043e-04   2.33043e-04   8.07000e+02
  11  alpha_y     -6.97904e-04   2.32778e-04   2.32778e-04  -3.72280e+03
  12  w_y          1.44500e+01   constant   
  13  beta_y      -3.38724e-04   2.48757e-04   3.00959e-07   2.72576e+00
  14  alpha_vw     2.42985e-04   2.48926e-04   3.01164e-07  -1.58207e-01
  15  w_vw         1.29000e+01   constant   
  16  beta_vw      0.00000e+00   1.00000e-03   1.00000e-03   9.04310e+00
  17  LM           4.28749e-04   constant   
  18  zeta_y       0.00000e+00   constant   
  19  zeta_vw      0.00000e+00   constant   
 MIGRAD MINIMIZATION HAS CONVERGED.
 FCN=4.2084 FROM MIGRAD    STATUS=CONVERGED     240 CALLS         710 TOTAL
                     EDM=1.32898e-06    STRATEGY= 1  ERROR MATRIX UNCERTAINTY   1.8 per cent
  EXT PARAMETER                                   STEP         FIRST   
  NO.   NAME      VALUE            ERROR          SIZE      DERIVATIVE 
   1  N0           3.02083e+06   4.79196e+02  -3.69433e-01  -1.12349e-06
   2  tau          6.44153e+01   constant   
   3  A0           3.54707e-01   5.17083e-04   1.19595e-07  -6.44843e+00
   4  phi          4.10921e+00   3.28806e-03  -2.33205e-07   9.77627e-01
   5  R           -6.13262e+01   constant   
   6  alpha_CBO   -4.43692e-03   1.30510e-03   7.71317e-08  -1.73260e+00
   7  w_CBO        2.32500e+00   constant   
   8  beta_CBO    -2.16623e-03   6.25287e-04  -5.50372e-07   4.00860e+00
   9  alpha_2CBO   3.73343e-04   2.58816e-04  -3.55922e-08  -3.00070e-01
  10  beta_2CBO    2.22516e-04   4.16005e-04  -4.89238e-08   7.09567e-02
  11  alpha_y     -7.11940e-04   3.13815e-04  -2.26040e-07  -4.32986e-01
  12  w_y          1.44500e+01   constant   
  13  beta_y      -3.71454e-04   2.83939e-04  -7.95077e-07  -4.16654e+00
  14  alpha_vw     1.71916e-04   3.26004e-04   9.07553e-09  -9.64308e-02
  15  w_vw         1.29000e+01   constant   
  16  beta_vw     -1.94122e-05   2.77078e-04  -1.44599e-07   3.40899e+00
  17  LM           4.28749e-04   constant   
  18  zeta_y       0.00000e+00   constant   
  19  zeta_vw      0.00000e+00   constant   
 EXTERNAL ERROR MATRIX.    NDIM=  25    NPAR= 11    ERR DEF=1
  2.296e+05 
  1.205e-02  2.674e-07 
 -3.598e-02  1.580e-06  1.081e-05 
 -1.701e-03  6.371e-07  4.207e-06  1.703e-06 
  1.832e-02  2.661e-07  1.870e-06  7.258e-07  3.910e-07 
 -1.561e-02 -2.118e-08 -1.475e-07 -5.174e-08 -3.249e-08  6.699e-08 
 -1.042e-03  1.703e-07  1.127e-06  4.403e-07  1.960e-07 -1.335e-08  1.731e-07 
 -3.261e-03  8.375e-08  5.696e-07  2.192e-07  9.936e-08 -7.152e-09  5.441e-08  9.848e-08 
 -2.083e-02  1.087e-08  1.395e-07  4.441e-08  2.825e-08 -4.166e-09  1.208e-08  4.817e-09  8.062e-08 
  2.940e-03  8.228e-08  5.413e-07  2.093e-07  9.418e-08 -8.217e-09  4.898e-08  6.187e-08  3.878e-09  1.063e-07 
 -8.587e-03  9.537e-09  1.074e-07  3.766e-08  2.069e-08  6.166e-09  9.645e-09  1.051e-08  2.788e-08  6.829e-09  7.677e-08 
 PARAMETER  CORRELATION COEFFICIENTS  
       NO.  GLOBAL      1      3      4      6      8      9     10     11     13     14     16
        1  0.34375   1.000  0.049 -0.023 -0.003  0.061 -0.126 -0.005 -0.022 -0.153  0.019 -0.065
        3  0.94975   0.049  1.000  0.929  0.944  0.823 -0.158  0.792  0.516  0.074  0.488  0.067
        4  0.98596  -0.023  0.929  1.000  0.980  0.909 -0.173  0.824  0.552  0.149  0.505  0.118
        6  0.98466  -0.003  0.944  0.980  1.000  0.889 -0.153  0.811  0.535  0.120  0.492  0.104
        8  0.91765   0.061  0.823  0.909  0.889  1.000 -0.201  0.753  0.506  0.159  0.462  0.119
        9  0.28493  -0.126 -0.158 -0.173 -0.153 -0.201  1.000 -0.124 -0.088 -0.057 -0.097  0.086
       10  0.83082  -0.005  0.792  0.824  0.811  0.753 -0.124  1.000  0.417  0.102  0.361  0.084
       11  0.67284  -0.022  0.516  0.552  0.535  0.506 -0.088  0.417  1.000  0.054  0.605  0.121
       13  0.42744  -0.153  0.074  0.149  0.120  0.159 -0.057  0.102  0.054  1.000  0.042  0.354
       14  0.64575   0.019  0.488  0.505  0.492  0.462 -0.097  0.361  0.605  0.042  1.000  0.076
       16  0.39222  -0.065  0.067  0.118  0.104  0.119  0.086  0.084  0.121  0.354  0.076  1.000
MINUIT - MINOS
 **********
 **   85 **RES 
 **********
 CALL TO MNFREE IGNORED.  THERE ARE NO FIXED PARAMETERS
 **********
 **   86 **MIG      2.5e+04        0.01
 **********
 START MIGRAD MINIMIZATION.  STRATEGY  1.  CONVERGENCE WHEN EDM .LT. 1.00e-05
 FCN=4.2084 FROM MIGRAD    STATUS=INITIATE       22 CALLS         732 TOTAL
                     EDM=1.31725e-06    STRATEGY= 1  ERROR MATRIX UNCERTAINTY   1.8 per cent
  EXT PARAMETER                                   STEP         FIRST   
  NO.   NAME      VALUE            ERROR          SIZE      DERIVATIVE 
   1  N0           3.02083e+06   4.79196e+02  -3.69433e-01  -1.12349e-06
   2  tau          6.44153e+01   constant   
   3  A0           3.54707e-01   5.17083e-04   1.19595e-07  -6.44843e+00
   4  phi          4.10921e+00   3.28806e-03  -2.33205e-07   9.77627e-01
   5  R           -6.13262e+01   constant   
   6  alpha_CBO   -4.43692e-03   1.30510e-03   7.71317e-08  -1.73260e+00
   7  w_CBO        2.32500e+00   constant   
   8  beta_CBO    -2.16623e-03   6.25287e-04  -5.50372e-07   4.00860e+00
   9  alpha_2CBO   3.73343e-04   2.58816e-04  -3.55922e-08  -3.00070e-01
  10  beta_2CBO    2.22516e-04   4.16005e-04  -4.89238e-08   7.09612e-02
  11  alpha_y     -7.11940e-04   3.13815e-04  -2.26040e-07  -4.32985e-01
  12  w_y          1.44500e+01   constant   
  13  beta_y      -3.71454e-04   2.83939e-04  -7.95077e-07  -4.16654e+00
  14  alpha_vw     1.71916e-04   3.26004e-04   9.07553e-09  -9.64307e-02
  15  w_vw         1.29000e+01   constant   
  16  beta_vw     -1.94122e-05   2.77078e-04  -1.44599e-07   3.40899e+00
  17  LM           4.28749e-04   constant   
  18  zeta_y       0.00000e+00   constant   
  19  zeta_vw      0.00000e+00   constant   
 MIGRAD MINIMIZATION HAS CONVERGED.
 MIGRAD WILL VERIFY CONVERGENCE AND ERROR MATRIX.
 COVARIANCE MATRIX CALCULATED SUCCESSFULLY
 FCN=4.20217 FROM MIGRAD    STATUS=CONVERGED     246 CALLS         956 TOTAL
                     EDM=2.66559e-09    STRATEGY= 1      ERROR MATRIX ACCURATE 
  EXT PARAMETER                                   STEP         FIRST   
  NO.   NAME      VALUE            ERROR          SIZE      DERIVATIVE 
   1  N0           3.02279e+06   2.51617e+04   1.44138e+00  -9.53395e-09
   2  tau          6.44153e+01   constant   
   3  A0           3.55541e-01   1.06671e-02   2.08812e-07   5.40609e-02
   4  phi          4.10777e+00   1.86027e-02   1.95874e-06  -4.83453e-03
   5  R           -6.13262e+01   constant   
   6  alpha_CBO   -4.09297e-03   4.58623e-03   2.58330e-07  -4.10075e-02
   7  w_CBO        2.32500e+00   constant   
   8  beta_CBO    -2.87819e-03   9.12420e-03   2.77959e-07   2.92929e-02
   9  alpha_2CBO   4.40480e-04   8.94370e-04   2.76655e-07  -1.68967e-03
  10  beta_2CBO    1.96258e-04   5.37236e-04   2.59391e-07   1.15153e-01
  11  alpha_y     -7.10377e-04   3.14676e-04   2.59073e-07  -6.99840e-02
  12  w_y          1.44500e+01   constant   
  13  beta_y      -3.76302e-04   2.86859e-04   2.76789e-07   2.58686e-03
  14  alpha_vw     1.74462e-04   3.27574e-04   2.76981e-07   3.55351e-02
  15  w_vw         1.29000e+01   constant   
  16  beta_vw     -3.12498e-05   3.03694e-04   2.58916e-07   1.99856e-03
  17  LM           4.28749e-04   constant   
  18  zeta_y       0.00000e+00   constant   
  19  zeta_vw      0.00000e+00   constant   
 EXTERNAL ERROR MATRIX.    NDIM=  25    NPAR= 11    ERR DEF=1
  6.331e+08 
  2.681e+02  1.138e-04 
 -4.607e+02 -1.935e-04  3.461e-04 
  1.106e+02  4.747e-05 -7.627e-05  2.103e-05 
 -2.290e+02 -9.672e-05  1.685e-04 -3.929e-05  8.325e-05 
  2.152e+01  9.101e-06 -1.582e-05  3.713e-06 -7.825e-06  7.999e-07 
 -8.537e+00 -3.446e-06  7.338e-06 -1.052e-06  3.286e-06 -3.035e-07  2.886e-07 
  4.939e-01  2.949e-07  2.091e-07  3.076e-07 -8.088e-08  9.854e-09  4.780e-08  9.902e-08 
 -1.588e+00 -6.559e-07  1.285e-06 -2.302e-07  6.008e-07 -5.764e-08  3.270e-08  4.002e-09  8.229e-08 
  8.148e-01  4.256e-07 -4.916e-08  3.514e-07 -1.989e-07  1.953e-08  3.798e-08  6.265e-08  1.620e-09  1.073e-07 
 -3.797e+00 -1.590e-06  2.857e-06 -6.229e-07  1.382e-06 -1.224e-07  6.171e-08  6.823e-09  4.126e-08  2.426e-09  9.223e-08 
 PARAMETER  CORRELATION COEFFICIENTS  
       NO.  GLOBAL      1      3      4      6      8      9     10     11     13     14     16
        1  0.99979   1.000  0.999 -0.984  0.958 -0.997  0.956 -0.632  0.062 -0.220  0.099 -0.497
        3  0.99985   0.999  1.000 -0.975  0.970 -0.994  0.954 -0.601  0.088 -0.214  0.122 -0.491
        4  0.99951  -0.984 -0.975  1.000 -0.894  0.993 -0.951  0.734  0.036  0.241 -0.008  0.506
        6  0.99872   0.958  0.970 -0.894  1.000 -0.939  0.905 -0.427  0.213 -0.175  0.234 -0.447
        8  0.99963  -0.997 -0.994  0.993 -0.939  1.000 -0.959  0.670 -0.028  0.230 -0.067  0.499
        9  0.96065   0.956  0.954 -0.951  0.905 -0.959  1.000 -0.632  0.035 -0.225  0.067 -0.451
       10  0.90114  -0.632 -0.601  0.734 -0.427  0.670 -0.632  1.000  0.283  0.212  0.216  0.378
       11  0.67342   0.062  0.088  0.036  0.213 -0.028  0.035  0.283  1.000  0.044  0.608  0.071
       13  0.49935  -0.220 -0.214  0.241 -0.175  0.230 -0.225  0.212  0.044  1.000  0.017  0.474
       14  0.65081   0.099  0.122 -0.008  0.234 -0.067  0.067  0.216  0.608  0.017  1.000  0.024
       16  0.64341  -0.497 -0.491  0.506 -0.447  0.499 -0.451  0.378  0.071  0.474  0.024  1.000
 **********
 **   87 **MINO      2.5e+04
 **********
 FCN=4.20217 FROM MINOS     STATUS=SUCCESSFUL   2770 CALLS        3726 TOTAL
                     EDM=2.66559e-09    STRATEGY= 1      ERROR MATRIX ACCURATE 
  EXT PARAMETER                  PARABOLIC         MINOS ERRORS        
  NO.   NAME      VALUE            ERROR      NEGATIVE      POSITIVE   
   1  N0           3.02279e+06   2.51617e+04  -2.40732e+04   2.60382e+04
   2  tau          6.44153e+01   constant   
   3  A0           3.55541e-01   1.06671e-02  -1.02976e-02   1.09295e-02
   4  phi          4.10777e+00   1.86027e-02  -1.84410e-02   1.85556e-02
   5  R           -6.13262e+01   constant   
   6  alpha_CBO   -4.09297e-03   4.58623e-03  -4.43291e-03   4.70027e-03
   7  w_CBO        2.32500e+00   constant   
   8  beta_CBO    -2.87819e-03   9.12420e-03  -9.38331e-03   8.78091e-03
   9  alpha_2CBO   4.40480e-04   8.94370e-04  -8.90535e-04   8.86723e-04
  10  beta_2CBO    1.96258e-04   5.37236e-04  -5.59600e-04   5.18709e-04
  11  alpha_y     -7.10377e-04   3.14676e-04  -3.14648e-04   3.14706e-04
  12  w_y          1.44500e+01   constant   
  13  beta_y      -3.76302e-04   2.86859e-04  -2.86860e-04   2.86682e-04
  14  alpha_vw     1.74462e-04   3.27574e-04  -3.27537e-04   3.27596e-04
  15  w_vw         1.29000e+01   constant   
  16  beta_vw     -3.12498e-05   3.03694e-04  -3.03738e-04   3.02751e-04
  17  LM           4.28749e-04   constant   
  18  zeta_y       0.00000e+00   constant   
  19  zeta_vw      0.00000e+00   constant   
 **********
 **   88 **SHO COR 
 **********
 PARAMETER  CORRELATION COEFFICIENTS  
       NO.  GLOBAL      1      3      4      6      8      9     10     11     13     14     16
        1  0.99979   1.000  0.999 -0.984  0.958 -0.997  0.956 -0.632  0.062 -0.220  0.099 -0.497
        3  0.99985   0.999  1.000 -0.975  0.970 -0.994  0.954 -0.601  0.088 -0.214  0.122 -0.491
        4  0.99951  -0.984 -0.975  1.000 -0.894  0.993 -0.951  0.734  0.036  0.241 -0.008  0.506
        6  0.99872   0.958  0.970 -0.894  1.000 -0.939  0.905 -0.427  0.213 -0.175  0.234 -0.447
        8  0.99963  -0.997 -0.994  0.993 -0.939  1.000 -0.959  0.670 -0.028  0.230 -0.067  0.499
        9  0.96065   0.956  0.954 -0.951  0.905 -0.959  1.000 -0.632  0.035 -0.225  0.067 -0.451
       10  0.90114  -0.632 -0.601  0.734 -0.427  0.670 -0.632  1.000  0.283  0.212  0.216  0.378
       11  0.67342   0.062  0.088  0.036  0.213 -0.028  0.035  0.283  1.000  0.044  0.608  0.071
       13  0.49935  -0.220 -0.214  0.241 -0.175  0.230 -0.225  0.212  0.044  1.000  0.017  0.474
       14  0.65081   0.099  0.122 -0.008  0.234 -0.067  0.067  0.216  0.608  0.017  1.000  0.024
       16  0.64341  -0.497 -0.491  0.506 -0.447  0.499 -0.451  0.378  0.071  0.474  0.024  1.000
