 + ++++++++++++++++++++++++++++++++++++++++++++++++++++++++++++++++++++ +
 +                                                                      +
 +           You have chose to blind your fitting according to          +
 +                omega_ref * (1 + (R +/- deltaR) *10^{-6})             +
 +                                                                      +
 + ++++++++++++++++++++++++++++++++++++++++++++++++++++++++++++++++++++ +
In main()...
reading format from /gm2data/zkhechad/run45/envelope/formats/formatB_sBin_constraintOn.txt
pBinTau 	= 0  
pBinPhi 	= 0  
constraintau 	= 1 
includeMopTerm 	= 0    
constrainMop    = 0   
Parameters after format file: pBinTau 0 pBinPhi 0 constraintau 1 includeMopTerm 0 constrainMop 0 c_e_scale 0.000000 
Opening file /gm2data/tbarrett/gm2fr/studies/run23_bunch_corrections/CorrectedFourier_Run3b.root.
reading full fit data from /gm2data/zkhechad/cboTemplates/Run4CBOTemplates/fullFits/noRF/sBin_constraintOn_cE0.0_seed0_noRF_calo18.root
windowBins = 69
fitting sliding window 980 from bin 1116 at 166.358000 to bin 1185 at 176.802000 (69 bins)

Reading data from /gm2data/cornell/histograms/aMethod/histogram_a_noRF.root
 **********
 **    1 **SET PRINTOUT            1
 **********
 **********
 **    2 **SET NOWARNINGS 
 **********
 PARAMETER DEFINITIONS:
    NO.   NAME         VALUE      STEP SIZE      LIMITS
     1 N0           3.61759e+06  1.00000e+02     no limits
     2 tau          6.44135e+01  constant
     3 A0           3.53410e-01  1.00000e-04     no limits
     4 phi          4.12198e+00  1.00000e-02     no limits
     5 R           -6.08584e+01  constant
     6 alpha_CBO    0.00000e+00  1.00000e-03     no limits
     7 w_CBO        2.32643e+00  constant
     8 beta_CBO     0.00000e+00  1.00000e-03     no limits
     9 alpha_2CBO   0.00000e+00  1.00000e-03     no limits
    10 beta_2CBO    0.00000e+00  1.00000e-03     no limits
    11 alpha_y      0.00000e+00  1.00000e-03     no limits
    12 w_y          1.38965e+01  constant
    13 beta_y       0.00000e+00  1.00000e-03     no limits
    14 alpha_vw     0.00000e+00  1.00000e-03     no limits
    15 w_vw         1.43195e+01  constant
    16 beta_vw      0.00000e+00  1.00000e-03     no limits
    17 LM           2.69385e-04  constant
    18 zeta_y       0.00000e+00  constant
    19 zeta_vw      0.00000e+00  constant
    20 T_CBO        1.00000e+02  1.00000e+00    0.00000e+00  1.00000e+03
    21 alpha_A0     0.00000e+00  1.00000e-03     no limits
    22 beta_A0      0.00000e+00  1.00000e-03     no limits
    23 alpha_phi    0.00000e+00  1.00000e-03     no limits
    24 beta_phi     0.00000e+00  1.00000e-03     no limits
    25 alpha_xy     0.00000e+00  1.00000e-03     no limits
    26 w_xy         1.20754e+01  constant
    27 beta_xy      0.00000e+00  1.00000e-03     no limits
MINUIT - FIT ONLY WIGGLE
 **********
 **    3 **FIX            5
 **********
 PARAMETER    5  IS CONSTANT.   IGNORED.
 **********
 **    4 **FIX            6
 **********
 **********
 **    5 **FIX            7
 **********
 PARAMETER    7  IS CONSTANT.   IGNORED.
 **********
 **    6 **FIX            8
 **********
 **********
 **    7 **FIX            9
 **********
 **********
 **    8 **FIX           10
 **********
 **********
 **    9 **FIX           11
 **********
 **********
 **   10 **FIX           12
 **********
 PARAMETER   12  IS CONSTANT.   IGNORED.
 **********
 **   11 **FIX           13
 **********
 **********
 **   12 **FIX           14
 **********
 **********
 **   13 **FIX           15
 **********
 PARAMETER   15  IS CONSTANT.   IGNORED.
 **********
 **   14 **FIX           16
 **********
 **********
 **   15 **MIGRAD
 **********
 FIRST CALL TO USER FUNCTION AT NEW START POINT, WITH IFLAG=4.
 START MIGRAD MINIMIZATION.  STRATEGY  1.  CONVERGENCE WHEN EDM .LT. 1.00e-04
 FCN=571.338 FROM MIGRAD    STATUS=INITIATE      623 CALLS         624 TOTAL
                     EDM= unknown      STRATEGY= 1      NO ERROR MATRIX       
  EXT PARAMETER               CURRENT GUESS       STEP         FIRST   
  NO.   NAME      VALUE            ERROR          SIZE      DERIVATIVE 
   1  N0           3.61759e+06   1.00000e+02   0.00000e+00  -1.05361e-02
   2  tau          6.44135e+01   constant   
   3  A0           3.53410e-01   1.00000e-04   0.00000e+00   6.08904e+03
   4  phi          4.12198e+00   1.00000e-02   0.00000e+00   1.32755e+04
   5  R           -6.08584e+01   constant   
   6  alpha_CBO    0.00000e+00     fixed    
   7  w_CBO        2.32643e+00   constant   
   8  beta_CBO     0.00000e+00     fixed    
   9  alpha_2CBO   0.00000e+00     fixed    
  10  beta_2CBO    0.00000e+00     fixed    
  11  alpha_y      0.00000e+00     fixed    
  12  w_y          1.38965e+01   constant   
  13  beta_y       0.00000e+00     fixed    
  14  alpha_vw     0.00000e+00     fixed    
  15  w_vw         1.43195e+01   constant   
  16  beta_vw      0.00000e+00     fixed    
  17  LM           2.69385e-04   constant   
  18  zeta_y       0.00000e+00   constant   
  19  zeta_vw      0.00000e+00   constant   
  20  T_CBO        1.00000e+02   1.00000e+00   0.00000e+00   0.00000e+00
  21  alpha_A0     0.00000e+00   1.00000e-03   0.00000e+00   1.34405e+04
  22  beta_A0      0.00000e+00   1.00000e-03   0.00000e+00  -2.34915e+03
  23  alpha_phi    0.00000e+00   1.00000e-03   0.00000e+00   6.81738e+03
  24  beta_phi     0.00000e+00   1.00000e-03   0.00000e+00  -2.14537e+03
  25  alpha_xy     0.00000e+00   1.00000e-03   0.00000e+00   2.01595e+04
  26  w_xy         1.20754e+01   constant   
  27  beta_xy      0.00000e+00   1.00000e-03   0.00000e+00   7.58781e+03
 MIGRAD MINIMIZATION HAS CONVERGED.
 MIGRAD WILL VERIFY CONVERGENCE AND ERROR MATRIX.
  MNHESS FAILS AND WILL RETURN DIAGONAL MATRIX. 
 FCN=512.53 FROM MIGRAD    STATUS=CONVERGED     742 CALLS         743 TOTAL
                     EDM=3.92509e-08    STRATEGY= 1  ERROR MATRIX UNCERTAINTY 100.0 per cent
  EXT PARAMETER                APPROXIMATE        STEP         FIRST   
  NO.   NAME      VALUE            ERROR          SIZE      DERIVATIVE 
   1  N0           3.61848e+06   5.50846e+02   6.06776e+00   5.09482e-08
   2  tau          6.44135e+01   constant   
   3  A0           3.53489e-01   1.91966e-04   2.12411e-06   1.11480e+00
   4  phi          4.11969e+00   5.83902e-04   6.46088e-06   1.31409e-03
   5  R           -6.08584e+01   constant   
   6  alpha_CBO    0.00000e+00     fixed    
   7  w_CBO        2.32643e+00   constant   
   8  beta_CBO     0.00000e+00     fixed    
   9  alpha_2CBO   0.00000e+00     fixed    
  10  beta_2CBO    0.00000e+00     fixed    
  11  alpha_y      0.00000e+00     fixed    
  12  w_y          1.38965e+01   constant   
  13  beta_y       0.00000e+00     fixed    
  14  alpha_vw     0.00000e+00     fixed    
  15  w_vw         1.43195e+01   constant   
  16  beta_vw      0.00000e+00     fixed    
  17  LM           2.69385e-04   constant   
  18  zeta_y       0.00000e+00   constant   
  19  zeta_vw      0.00000e+00   constant   
  20  T_CBO        1.00000e+02   1.41421e+00  -0.00000e+00   0.00000e+00
  21  alpha_A0    -4.33297e-03   8.14630e-04   4.84467e-07   9.85710e-02
  22  beta_A0      2.95132e-04   7.28165e-04  -8.44925e-07   1.09522e-01
  23  alpha_phi   -1.16866e-03   8.20044e-04  -1.55640e-06  -1.23529e-01
  24  beta_phi     4.67535e-04   8.31601e-04  -3.70970e-06  -1.37270e-01
  25  alpha_xy    -4.38614e-04   2.15542e-04  -6.07714e-07  -6.22592e-01
  26  w_xy         1.20754e+01   constant   
  27  beta_xy     -2.10522e-04   2.15031e-04  -2.21426e-07   6.01966e-01
 EXTERNAL ERROR MATRIX.    NDIM=  28    NPAR= 10    ERR DEF=1
  3.034e+05  0.000e+00  0.000e+00  0.000e+00  0.000e+00  0.000e+00  0.000e+00  0.000e+00  0.000e+00  0.000e+00 
  0.000e+00  3.685e-08  0.000e+00  0.000e+00  0.000e+00  0.000e+00  0.000e+00  0.000e+00  0.000e+00  0.000e+00 
  0.000e+00  0.000e+00  3.409e-07  0.000e+00  0.000e+00  0.000e+00  0.000e+00  0.000e+00  0.000e+00  0.000e+00 
  0.000e+00  0.000e+00  0.000e+00  2.000e+00  0.000e+00  0.000e+00  0.000e+00  0.000e+00  0.000e+00  0.000e+00 
  0.000e+00  0.000e+00  0.000e+00  0.000e+00  6.636e-07  0.000e+00  0.000e+00  0.000e+00  0.000e+00  0.000e+00 
  0.000e+00  0.000e+00  0.000e+00  0.000e+00  0.000e+00  5.302e-07  0.000e+00  0.000e+00  0.000e+00  0.000e+00 
  0.000e+00  0.000e+00  0.000e+00  0.000e+00  0.000e+00  0.000e+00  6.725e-07  0.000e+00  0.000e+00  0.000e+00 
  0.000e+00  0.000e+00  0.000e+00  0.000e+00  0.000e+00  0.000e+00  0.000e+00  6.916e-07  0.000e+00  0.000e+00 
  0.000e+00  0.000e+00  0.000e+00  0.000e+00  0.000e+00  0.000e+00  0.000e+00  0.000e+00  4.646e-08  0.000e+00 
  0.000e+00  0.000e+00  0.000e+00  0.000e+00  0.000e+00  0.000e+00  0.000e+00  0.000e+00  0.000e+00  4.624e-08 
ERR MATRIX APPROXIMATE
 PARAMETER  CORRELATION COEFFICIENTS  
       NO.  GLOBAL      1      3      4     20     21     22     23     24     25     27
        1  0.00000   1.000  0.000  0.000  0.000  0.000  0.000  0.000  0.000  0.000  0.000
        3  0.00000   0.000  1.000  0.000  0.000  0.000  0.000  0.000  0.000  0.000  0.000
        4  0.00000   0.000  0.000  1.000  0.000  0.000  0.000  0.000  0.000  0.000  0.000
       20  0.00000   0.000  0.000  0.000  1.000  0.000  0.000  0.000  0.000  0.000  0.000
       21  0.00000   0.000  0.000  0.000  0.000  1.000  0.000  0.000  0.000  0.000  0.000
       22  0.00000   0.000  0.000  0.000  0.000  0.000  1.000  0.000  0.000  0.000  0.000
       23  0.00000   0.000  0.000  0.000  0.000  0.000  0.000  1.000  0.000  0.000  0.000
       24  0.00000   0.000  0.000  0.000  0.000  0.000  0.000  0.000  1.000  0.000  0.000
       25  0.00000   0.000  0.000  0.000  0.000  0.000  0.000  0.000  0.000  1.000  0.000
       27  0.00000   0.000  0.000  0.000  0.000  0.000  0.000  0.000  0.000  0.000  1.000
 ERR MATRIX APPROXIMATE
MINUIT - FIT ONLY 1-CBO + wiggle
 **********
 **   16 **RES 
 **********
                   PARAMETER   16  beta_vw RESTORED TO VARIABLE.
                   PARAMETER   14  alpha_vw RESTORED TO VARIABLE.
                   PARAMETER   13  beta_y RESTORED TO VARIABLE.
                   PARAMETER   11  alpha_y RESTORED TO VARIABLE.
                   PARAMETER   10  beta_2CBO RESTORED TO VARIABLE.
                   PARAMETER    9  alpha_2CBO RESTORED TO VARIABLE.
                   PARAMETER    8  beta_CBO RESTORED TO VARIABLE.
                   PARAMETER    6  alpha_CBO RESTORED TO VARIABLE.
 **********
 **   17 **FIX            8
 **********
 **********
 **   18 **FIX            9
 **********
 **********
 **   19 **FIX           11
 **********
 **********
 **   20 **FIX           12
 **********
 PARAMETER   12  IS CONSTANT.   IGNORED.
 **********
 **   21 **FIX           14
 **********
 **********
 **   22 **FIX           15
 **********
 PARAMETER   15  IS CONSTANT.   IGNORED.
 **********
 **   23 **FIX           16
 **********
 **********
 **   24 **MIGRAD
 **********
 START MIGRAD MINIMIZATION.  STRATEGY  1.  CONVERGENCE WHEN EDM .LT. 1.00e-04
 FCN=512.53 FROM MIGRAD    STATUS=INITIATE      957 CALLS        1700 TOTAL
                     EDM= unknown      STRATEGY= 1      NO ERROR MATRIX       
  EXT PARAMETER               CURRENT GUESS       STEP         FIRST   
  NO.   NAME      VALUE            ERROR          SIZE      DERIVATIVE 
   1  N0           3.61848e+06   5.50846e+02   0.00000e+00   5.09474e-08
   2  tau          6.44135e+01   constant   
   3  A0           3.53489e-01   1.91966e-04   0.00000e+00   1.11480e+00
   4  phi          4.11969e+00   5.83902e-04   0.00000e+00   1.30045e-03
   5  R           -6.08584e+01   constant   
   6  alpha_CBO    0.00000e+00   1.00000e-03   0.00000e+00  -1.67079e+05
   7  w_CBO        2.32643e+00   constant   
   8  beta_CBO     0.00000e+00     fixed    
   9  alpha_2CBO   0.00000e+00     fixed    
  10  beta_2CBO    0.00000e+00   1.00000e-03   0.00000e+00  -1.07358e+03
  11  alpha_y      0.00000e+00     fixed    
  12  w_y          1.38965e+01   constant   
  13  beta_y       0.00000e+00   1.00000e-03   0.00000e+00   6.71437e+03
  14  alpha_vw     0.00000e+00     fixed    
  15  w_vw         1.43195e+01   constant   
  16  beta_vw      0.00000e+00     fixed    
  17  LM           2.69385e-04   constant   
  18  zeta_y       0.00000e+00   constant   
  19  zeta_vw      0.00000e+00   constant   
  20  T_CBO        1.00000e+02   1.41421e+00   0.00000e+00   0.00000e+00
  21  alpha_A0    -4.33297e-03   8.14630e-04   0.00000e+00   9.85707e-02
  22  beta_A0      2.95132e-04   7.28165e-04   0.00000e+00   1.09522e-01
  23  alpha_phi   -1.16866e-03   8.20044e-04   0.00000e+00  -1.23525e-01
  24  beta_phi     4.67535e-04   8.31601e-04   0.00000e+00  -1.37270e-01
  25  alpha_xy    -4.38614e-04   2.15542e-04   0.00000e+00  -6.22593e-01
  26  w_xy         1.20754e+01   constant   
  27  beta_xy     -2.10522e-04   2.15031e-04   0.00000e+00   6.01965e-01
 MIGRAD MINIMIZATION HAS CONVERGED.
 MIGRAD WILL VERIFY CONVERGENCE AND ERROR MATRIX.
  MNHESS FAILS AND WILL RETURN DIAGONAL MATRIX. 
 FCN=153.626 FROM MIGRAD    STATUS=CONVERGED    1136 CALLS        1879 TOTAL
                     EDM=2.20802e-06    STRATEGY= 1  ERROR MATRIX UNCERTAINTY 100.0 per cent
  EXT PARAMETER                APPROXIMATE        STEP         FIRST   
  NO.   NAME      VALUE            ERROR          SIZE      DERIVATIVE 
   1  N0           3.61870e+06   5.50876e+02   3.32974e+00  -2.02778e-06
   2  tau          6.44135e+01   constant   
   3  A0           3.53920e-01   1.91868e-04   1.16497e-06   2.67782e+00
   4  phi          4.12115e+00   5.82909e-04   3.53925e-06   1.26857e+00
   5  R           -6.08584e+01   constant   
   6  alpha_CBO    4.29241e-03   2.19277e-04   1.33139e-06  -1.08094e-01
   7  w_CBO        2.32643e+00   constant   
   8  beta_CBO     0.00000e+00     fixed    
   9  alpha_2CBO   0.00000e+00     fixed    
  10  beta_2CBO   -8.17437e-05   2.13687e-04   1.29744e-06  -1.87597e+00
  11  alpha_y      0.00000e+00     fixed    
  12  w_y          1.38965e+01   constant   
  13  beta_y      -1.08204e-04   2.16333e-04   1.31351e-06   9.94809e-01
  14  alpha_vw     0.00000e+00     fixed    
  15  w_vw         1.43195e+01   constant   
  16  beta_vw      0.00000e+00     fixed    
  17  LM           2.69385e-04   constant   
  18  zeta_y       0.00000e+00   constant   
  19  zeta_vw      0.00000e+00   constant   
  20  T_CBO        1.00000e+02   1.99998e+00  -0.00000e+00   0.00000e+00
  21  alpha_A0    -2.09775e-03   8.13034e-04   2.05437e-06  -7.25096e-01
  22  beta_A0      6.97406e-04   7.27207e-04  -4.66180e-07  -1.22603e+00
  23  alpha_phi    3.85292e-04   8.18083e-04  -2.25229e-06   2.51377e+00
  24  beta_phi     2.99016e-04   8.30780e-04   6.18572e-07   9.00972e-01
  25  alpha_xy    -4.01501e-04   2.15570e-04  -1.60130e-08   1.46131e+00
  26  w_xy         1.20754e+01   constant   
  27  beta_xy     -1.52690e-04   2.15057e-04   2.71424e-07   3.03655e+00
 EXTERNAL ERROR MATRIX.    NDIM=  28    NPAR= 13    ERR DEF=1
 ELEMENTS ABOVE DIAGONAL ARE NOT PRINTED.
  3.035e+05 
  0.000e+00  3.681e-08 
  0.000e+00  0.000e+00  3.398e-07 
  0.000e+00  0.000e+00  0.000e+00  4.808e-08 
  0.000e+00  0.000e+00  0.000e+00  0.000e+00  4.566e-08 
  0.000e+00  0.000e+00  0.000e+00  0.000e+00  0.000e+00  4.680e-08 
  0.000e+00  0.000e+00  0.000e+00  0.000e+00  0.000e+00  0.000e+00  4.000e+00 
  0.000e+00  0.000e+00  0.000e+00  0.000e+00  0.000e+00  0.000e+00  0.000e+00  6.610e-07 
  0.000e+00  0.000e+00  0.000e+00  0.000e+00  0.000e+00  0.000e+00  0.000e+00  0.000e+00  5.288e-07 
  0.000e+00  0.000e+00  0.000e+00  0.000e+00  0.000e+00  0.000e+00  0.000e+00  0.000e+00  0.000e+00  6.693e-07 
  0.000e+00  0.000e+00  0.000e+00  0.000e+00  0.000e+00  0.000e+00  0.000e+00  0.000e+00  0.000e+00  0.000e+00  6.902e-07 
  0.000e+00  0.000e+00  0.000e+00  0.000e+00  0.000e+00  0.000e+00  0.000e+00  0.000e+00  0.000e+00  0.000e+00  0.000e+00 
  0.000e+00  0.000e+00  0.000e+00  0.000e+00  0.000e+00  0.000e+00  0.000e+00  0.000e+00  0.000e+00  0.000e+00  0.000e+00  4.647e-08 
  0.000e+00  0.000e+00  0.000e+00  0.000e+00  0.000e+00  0.000e+00  0.000e+00  0.000e+00  0.000e+00  0.000e+00  0.000e+00 
  0.000e+00  0.000e+00  0.000e+00  0.000e+00  0.000e+00  0.000e+00  0.000e+00  0.000e+00  0.000e+00  0.000e+00  0.000e+00  0.000e+00  4.625e-08 
ERR MATRIX APPROXIMATE
 PARAMETER  CORRELATION COEFFICIENTS  
       NO.  GLOBAL      1      3      4      6     10     13     20     21     22     23     24     25     27
        1  0.00000   1.000  0.000  0.000  0.000  0.000  0.000  0.000  0.000  0.000  0.000  0.000  0.000  0.000
        3  0.00000   0.000  1.000  0.000  0.000  0.000  0.000  0.000  0.000  0.000  0.000  0.000  0.000  0.000
        4  0.00000   0.000  0.000  1.000  0.000  0.000  0.000  0.000  0.000  0.000  0.000  0.000  0.000  0.000
        6  0.00000   0.000  0.000  0.000  1.000  0.000  0.000  0.000  0.000  0.000  0.000  0.000  0.000  0.000
       10  0.00000   0.000  0.000  0.000  0.000  1.000  0.000  0.000  0.000  0.000  0.000  0.000  0.000  0.000
       13  0.00000   0.000  0.000  0.000  0.000  0.000  1.000  0.000  0.000  0.000  0.000  0.000  0.000  0.000
       20  0.00000   0.000  0.000  0.000  0.000  0.000  0.000  1.000  0.000  0.000  0.000  0.000  0.000  0.000
       21  0.00000   0.000  0.000  0.000  0.000  0.000  0.000  0.000  1.000  0.000  0.000  0.000  0.000  0.000
       22  0.00000   0.000  0.000  0.000  0.000  0.000  0.000  0.000  0.000  1.000  0.000  0.000  0.000  0.000
       23  0.00000   0.000  0.000  0.000  0.000  0.000  0.000  0.000  0.000  0.000  1.000  0.000  0.000  0.000
       24  0.00000   0.000  0.000  0.000  0.000  0.000  0.000  0.000  0.000  0.000  0.000  1.000  0.000  0.000
       25  0.00000   0.000  0.000  0.000  0.000  0.000  0.000  0.000  0.000  0.000  0.000  0.000  1.000  0.000
       27  0.00000   0.000  0.000  0.000  0.000  0.000  0.000  0.000  0.000  0.000  0.000  0.000  0.000  1.000
 ERR MATRIX APPROXIMATE
MINUIT - FIT ONLY 2-CBO
 **********
 **   25 **RES 
 **********
                   PARAMETER   16  beta_vw RESTORED TO VARIABLE.
                   PARAMETER   14  alpha_vw RESTORED TO VARIABLE.
                   PARAMETER   11  alpha_y RESTORED TO VARIABLE.
                   PARAMETER    9  alpha_2CBO RESTORED TO VARIABLE.
                   PARAMETER    8  beta_CBO RESTORED TO VARIABLE.
 **********
 **   26 **FIX            0
 **********
 PARAMETER    0  IS UNDEFINED. IGNORED.
 **********
 **   27 **FIX            1
 **********
 **********
 **   28 **FIX            2
 **********
 PARAMETER    2  IS CONSTANT.   IGNORED.
 **********
 **   29 **FIX            3
 **********
 **********
 **   30 **FIX            4
 **********
 **********
 **   31 **FIX            5
 **********
 PARAMETER    5  IS CONSTANT.   IGNORED.
 **********
 **   32 **FIX            6
 **********
 **********
 **   33 **FIX            7
 **********
 PARAMETER    7  IS CONSTANT.   IGNORED.
 **********
 **   34 **FIX           10
 **********
 **********
 **   35 **FIX           11
 **********
 **********
 **   36 **FIX           12
 **********
 PARAMETER   12  IS CONSTANT.   IGNORED.
 **********
 **   37 **FIX           13
 **********
 **********
 **   38 **FIX           14
 **********
 **********
 **   39 **FIX           15
 **********
 PARAMETER   15  IS CONSTANT.   IGNORED.
 **********
 **   40 **FIX           16
 **********
 **********
 **   41 **MIGRAD
 **********
 START MIGRAD MINIMIZATION.  STRATEGY  1.  CONVERGENCE WHEN EDM .LT. 1.00e-04
 FCN=153.626 FROM MIGRAD    STATUS=INITIATE      515 CALLS        2394 TOTAL
                     EDM= unknown      STRATEGY= 1      NO ERROR MATRIX       
  EXT PARAMETER               CURRENT GUESS       STEP         FIRST   
  NO.   NAME      VALUE            ERROR          SIZE      DERIVATIVE 
   1  N0           3.61870e+06     fixed    
   2  tau          6.44135e+01   constant   
   3  A0           3.53920e-01     fixed    
   4  phi          4.12115e+00     fixed    
   5  R           -6.08584e+01   constant   
   6  alpha_CBO    4.29241e-03     fixed    
   7  w_CBO        2.32643e+00   constant   
   8  beta_CBO     0.00000e+00   1.00000e-03   0.00000e+00  -8.91989e+04
   9  alpha_2CBO   0.00000e+00   1.00000e-03   0.00000e+00  -2.41807e+02
  10  beta_2CBO   -8.17437e-05     fixed    
  11  alpha_y      0.00000e+00     fixed    
  12  w_y          1.38965e+01   constant   
  13  beta_y      -1.08204e-04     fixed    
  14  alpha_vw     0.00000e+00     fixed    
  15  w_vw         1.43195e+01   constant   
  16  beta_vw      0.00000e+00     fixed    
  17  LM           2.69385e-04   constant   
  18  zeta_y       0.00000e+00   constant   
  19  zeta_vw      0.00000e+00   constant   
  20  T_CBO        1.00000e+02   1.99998e+00   0.00000e+00   0.00000e+00
  21  alpha_A0    -2.09775e-03   8.13034e-04   0.00000e+00  -7.25095e-01
  22  beta_A0      6.97406e-04   7.27207e-04   0.00000e+00  -1.22603e+00
  23  alpha_phi    3.85292e-04   8.18083e-04   0.00000e+00   2.51376e+00
  24  beta_phi     2.99016e-04   8.30780e-04   0.00000e+00   9.00954e-01
  25  alpha_xy    -4.01501e-04   2.15570e-04   0.00000e+00   1.46131e+00
  26  w_xy         1.20754e+01   constant   
  27  beta_xy     -1.52690e-04   2.15057e-04   0.00000e+00   3.03655e+00
 MIGRAD MINIMIZATION HAS CONVERGED.
 MIGRAD WILL VERIFY CONVERGENCE AND ERROR MATRIX.
  MNHESS FAILS AND WILL RETURN DIAGONAL MATRIX. 
 FCN=58.998 FROM MIGRAD    STATUS=CONVERGED     619 CALLS        2498 TOTAL
                     EDM=2.42869e-07    STRATEGY= 1  ERROR MATRIX UNCERTAINTY 100.0 per cent
  EXT PARAMETER                APPROXIMATE        STEP         FIRST   
  NO.   NAME      VALUE            ERROR          SIZE      DERIVATIVE 
   1  N0           3.61870e+06     fixed    
   2  tau          6.44135e+01   constant   
   3  A0           3.53920e-01     fixed    
   4  phi          4.12115e+00     fixed    
   5  R           -6.08584e+01   constant   
   6  alpha_CBO    4.29241e-03     fixed    
   7  w_CBO        2.32643e+00   constant   
   8  beta_CBO     2.12165e-03   2.11553e-04   8.00126e-07   3.13439e-02
   9  alpha_2CBO   5.88202e-05   2.16976e-04   8.20635e-07  -2.48999e+00
  10  beta_2CBO   -8.17437e-05     fixed    
  11  alpha_y      0.00000e+00     fixed    
  12  w_y          1.38965e+01   constant   
  13  beta_y      -1.08204e-04     fixed    
  14  alpha_vw     0.00000e+00     fixed    
  15  w_vw         1.43195e+01   constant   
  16  beta_vw      0.00000e+00     fixed    
  17  LM           2.69385e-04   constant   
  18  zeta_y       0.00000e+00   constant   
  19  zeta_vw      0.00000e+00   constant   
  20  T_CBO        1.00000e+02   2.82835e+00  -0.00000e+00   0.00000e+00
  21  alpha_A0    -1.78219e-03   8.13016e-04   2.91246e-07   3.96874e-01
  22  beta_A0      2.07331e-03   7.27322e-04   1.37808e-06  -1.37447e-03
  23  alpha_phi    1.97603e-04   8.18349e-04   1.13790e-07  -7.78346e-01
  24  beta_phi     1.52804e-03   8.31647e-04  -1.92181e-06  -9.01613e-02
  25  alpha_xy    -3.92578e-04   2.15568e-04  -1.25674e-08   3.46808e-03
  26  w_xy         1.20754e+01   constant   
  27  beta_xy     -1.73478e-04   2.15056e-04   2.59467e-08   4.96058e-01
 EXTERNAL ERROR MATRIX.    NDIM=  28    NPAR=  9    ERR DEF=1
  4.475e-08  0.000e+00  0.000e+00  0.000e+00  0.000e+00  0.000e+00  0.000e+00  0.000e+00  0.000e+00 
  0.000e+00  4.708e-08  0.000e+00  0.000e+00  0.000e+00  0.000e+00  0.000e+00  0.000e+00  0.000e+00 
  0.000e+00  0.000e+00  8.000e+00  0.000e+00  0.000e+00  0.000e+00  0.000e+00  0.000e+00  0.000e+00 
  0.000e+00  0.000e+00  0.000e+00  6.610e-07  0.000e+00  0.000e+00  0.000e+00  0.000e+00  0.000e+00 
  0.000e+00  0.000e+00  0.000e+00  0.000e+00  5.290e-07  0.000e+00  0.000e+00  0.000e+00  0.000e+00 
  0.000e+00  0.000e+00  0.000e+00  0.000e+00  0.000e+00  6.697e-07  0.000e+00  0.000e+00  0.000e+00 
  0.000e+00  0.000e+00  0.000e+00  0.000e+00  0.000e+00  0.000e+00  6.916e-07  0.000e+00  0.000e+00 
  0.000e+00  0.000e+00  0.000e+00  0.000e+00  0.000e+00  0.000e+00  0.000e+00  4.647e-08  0.000e+00 
  0.000e+00  0.000e+00  0.000e+00  0.000e+00  0.000e+00  0.000e+00  0.000e+00  0.000e+00  4.625e-08 
ERR MATRIX APPROXIMATE
 PARAMETER  CORRELATION COEFFICIENTS  
       NO.  GLOBAL      8      9     20     21     22     23     24     25     27
        8  0.00000   1.000  0.000  0.000  0.000  0.000  0.000  0.000  0.000  0.000
        9  0.00000   0.000  1.000  0.000  0.000  0.000  0.000  0.000  0.000  0.000
       20  0.00000   0.000  0.000  1.000  0.000  0.000  0.000  0.000  0.000  0.000
       21  0.00000   0.000  0.000  0.000  1.000  0.000  0.000  0.000  0.000  0.000
       22  0.00000   0.000  0.000  0.000  0.000  1.000  0.000  0.000  0.000  0.000
       23  0.00000   0.000  0.000  0.000  0.000  0.000  1.000  0.000  0.000  0.000
       24  0.00000   0.000  0.000  0.000  0.000  0.000  0.000  1.000  0.000  0.000
       25  0.00000   0.000  0.000  0.000  0.000  0.000  0.000  0.000  1.000  0.000
       27  0.00000   0.000  0.000  0.000  0.000  0.000  0.000  0.000  0.000  1.000
 ERR MATRIX APPROXIMATE
MINUIT - FIT wiggle + 1-CBO + 2-CBO
 **********
 **   42 **RES 
 **********
                   PARAMETER   16  beta_vw RESTORED TO VARIABLE.
                   PARAMETER   14  alpha_vw RESTORED TO VARIABLE.
                   PARAMETER   13  beta_y RESTORED TO VARIABLE.
                   PARAMETER   11  alpha_y RESTORED TO VARIABLE.
                   PARAMETER   10  beta_2CBO RESTORED TO VARIABLE.
                   PARAMETER    6  alpha_CBO RESTORED TO VARIABLE.
                   PARAMETER    4  phi RESTORED TO VARIABLE.
                   PARAMETER    3  A0 RESTORED TO VARIABLE.
                   PARAMETER    1  N0 RESTORED TO VARIABLE.
 **********
 **   43 **FIX           10
 **********
 **********
 **   44 **FIX           11
 **********
 **********
 **   45 **FIX           12
 **********
 PARAMETER   12  IS CONSTANT.   IGNORED.
 **********
 **   46 **FIX           13
 **********
 **********
 **   47 **FIX           14
 **********
 **********
 **   48 **FIX           15
 **********
 PARAMETER   15  IS CONSTANT.   IGNORED.
 **********
 **   49 **FIX           16
 **********
 **********
 **   50 **MIGRAD
 **********
 START MIGRAD MINIMIZATION.  STRATEGY  1.  CONVERGENCE WHEN EDM .LT. 1.00e-04
 FCN=58.998 FROM MIGRAD    STATUS=INITIATE      951 CALLS        3449 TOTAL
                     EDM= unknown      STRATEGY= 1      NO ERROR MATRIX       
  EXT PARAMETER               CURRENT GUESS       STEP         FIRST   
  NO.   NAME      VALUE            ERROR          SIZE      DERIVATIVE 
   1  N0           3.61870e+06   5.50876e+02   0.00000e+00   1.01512e-03
   2  tau          6.44135e+01   constant   
   3  A0           3.53920e-01   1.91868e-04   0.00000e+00   1.71253e+04
   4  phi          4.12115e+00   5.82909e-04   0.00000e+00  -5.83689e+03
   5  R           -6.08584e+01   constant   
   6  alpha_CBO    4.29241e-03   2.19277e-04   0.00000e+00  -4.57669e+02
   7  w_CBO        2.32643e+00   constant   
   8  beta_CBO     2.12165e-03   2.11553e-04   0.00000e+00   3.13444e-02
   9  alpha_2CBO   5.88202e-05   2.16976e-04   0.00000e+00  -2.48999e+00
  10  beta_2CBO   -8.17437e-05     fixed    
  11  alpha_y      0.00000e+00     fixed    
  12  w_y          1.38965e+01   constant   
  13  beta_y      -1.08204e-04     fixed    
  14  alpha_vw     0.00000e+00     fixed    
  15  w_vw         1.43195e+01   constant   
  16  beta_vw      0.00000e+00     fixed    
  17  LM           2.69385e-04   constant   
  18  zeta_y       0.00000e+00   constant   
  19  zeta_vw      0.00000e+00   constant   
  20  T_CBO        1.00000e+02   2.82835e+00   0.00000e+00   0.00000e+00
  21  alpha_A0    -1.78219e-03   8.13016e-04   0.00000e+00   3.96874e-01
  22  beta_A0      2.07331e-03   7.27322e-04   0.00000e+00  -1.37455e-03
  23  alpha_phi    1.97603e-04   8.18349e-04   0.00000e+00  -7.78336e-01
  24  beta_phi     1.52804e-03   8.31647e-04   0.00000e+00  -9.01721e-02
  25  alpha_xy    -3.92578e-04   2.15568e-04   0.00000e+00   3.46935e-03
  26  w_xy         1.20754e+01   constant   
  27  beta_xy     -1.73478e-04   2.15056e-04   0.00000e+00   4.96060e-01
 MIGRAD MINIMIZATION HAS CONVERGED.
 MIGRAD WILL VERIFY CONVERGENCE AND ERROR MATRIX.
  MNHESS FAILS AND WILL RETURN DIAGONAL MATRIX. 
 FCN=52.1027 FROM MIGRAD    STATUS=CONVERGED    1105 CALLS        3603 TOTAL
                     EDM=3.32526e-06    STRATEGY= 1  ERROR MATRIX UNCERTAINTY 100.0 per cent
  EXT PARAMETER                APPROXIMATE        STEP         FIRST   
  NO.   NAME      VALUE            ERROR          SIZE      DERIVATIVE 
   1  N0           3.61850e+06   5.50845e+02   1.95121e+00  -1.33726e-07
   2  tau          6.44135e+01   constant   
   3  A0           3.53529e-01   1.91875e-04   6.82728e-07  -3.06848e+00
   4  phi          4.12233e+00   5.83735e-04   2.07704e-06  -9.83864e-01
   5  R           -6.08584e+01   constant   
   6  alpha_CBO    4.30990e-03   2.19288e-04   7.80268e-07  -1.82782e+00
   7  w_CBO        2.32643e+00   constant   
   8  beta_CBO     2.27647e-03   2.11562e-04   7.52778e-07   6.39434e+00
   9  alpha_2CBO   6.25866e-05   2.16986e-04   7.72076e-07   2.12929e+00
  10  beta_2CBO   -8.17437e-05     fixed    
  11  alpha_y      0.00000e+00     fixed    
  12  w_y          1.38965e+01   constant   
  13  beta_y      -1.08204e-04     fixed    
  14  alpha_vw     0.00000e+00     fixed    
  15  w_vw         1.43195e+01   constant   
  16  beta_vw      0.00000e+00     fixed    
  17  LM           2.69385e-04   constant   
  18  zeta_y       0.00000e+00   constant   
  19  zeta_vw      0.00000e+00   constant   
  20  T_CBO        1.00000e+02   3.99978e+00  -0.00000e+00   0.00000e+00
  21  alpha_A0    -1.42569e-03   8.13798e-04  -3.91284e-07  -3.09672e+00
  22  beta_A0      2.14803e-03   7.28163e-04   4.21090e-07   6.37575e-01
  23  alpha_phi   -1.98477e-04   8.19098e-04   1.49427e-07   5.38970e-03
  24  beta_phi     1.71692e-03   8.32108e-04   6.48493e-07  -1.27738e+00
  25  alpha_xy    -4.05009e-04   2.15578e-04   6.39550e-08  -1.06222e+00
  26  w_xy         1.20754e+01   constant   
  27  beta_xy     -1.58072e-04   2.15065e-04  -5.67877e-08  -1.45843e-01
 EXTERNAL ERROR MATRIX.    NDIM=  28    NPAR= 13    ERR DEF=1
 ELEMENTS ABOVE DIAGONAL ARE NOT PRINTED.
  3.034e+05 
  0.000e+00  3.682e-08 
  0.000e+00  0.000e+00  3.407e-07 
  0.000e+00  0.000e+00  0.000e+00  4.809e-08 
  0.000e+00  0.000e+00  0.000e+00  0.000e+00  4.476e-08 
  0.000e+00  0.000e+00  0.000e+00  0.000e+00  0.000e+00  4.708e-08 
  0.000e+00  0.000e+00  0.000e+00  0.000e+00  0.000e+00  0.000e+00  1.600e+01 
  0.000e+00  0.000e+00  0.000e+00  0.000e+00  0.000e+00  0.000e+00  0.000e+00  6.623e-07 
  0.000e+00  0.000e+00  0.000e+00  0.000e+00  0.000e+00  0.000e+00  0.000e+00  0.000e+00  5.302e-07 
  0.000e+00  0.000e+00  0.000e+00  0.000e+00  0.000e+00  0.000e+00  0.000e+00  0.000e+00  0.000e+00  6.709e-07 
  0.000e+00  0.000e+00  0.000e+00  0.000e+00  0.000e+00  0.000e+00  0.000e+00  0.000e+00  0.000e+00  0.000e+00  6.924e-07 
  0.000e+00  0.000e+00  0.000e+00  0.000e+00  0.000e+00  0.000e+00  0.000e+00  0.000e+00  0.000e+00  0.000e+00  0.000e+00 
  0.000e+00  0.000e+00  0.000e+00  0.000e+00  0.000e+00  0.000e+00  0.000e+00  0.000e+00  0.000e+00  0.000e+00  0.000e+00  4.647e-08 
  0.000e+00  0.000e+00  0.000e+00  0.000e+00  0.000e+00  0.000e+00  0.000e+00  0.000e+00  0.000e+00  0.000e+00  0.000e+00 
  0.000e+00  0.000e+00  0.000e+00  0.000e+00  0.000e+00  0.000e+00  0.000e+00  0.000e+00  0.000e+00  0.000e+00  0.000e+00  0.000e+00  4.625e-08 
ERR MATRIX APPROXIMATE
 PARAMETER  CORRELATION COEFFICIENTS  
       NO.  GLOBAL      1      3      4      6      8      9     20     21     22     23     24     25     27
        1  0.00000   1.000  0.000  0.000  0.000  0.000  0.000  0.000  0.000  0.000  0.000  0.000  0.000  0.000
        3  0.00000   0.000  1.000  0.000  0.000  0.000  0.000  0.000  0.000  0.000  0.000  0.000  0.000  0.000
        4  0.00000   0.000  0.000  1.000  0.000  0.000  0.000  0.000  0.000  0.000  0.000  0.000  0.000  0.000
        6  0.00000   0.000  0.000  0.000  1.000  0.000  0.000  0.000  0.000  0.000  0.000  0.000  0.000  0.000
        8  0.00000   0.000  0.000  0.000  0.000  1.000  0.000  0.000  0.000  0.000  0.000  0.000  0.000  0.000
        9  0.00000   0.000  0.000  0.000  0.000  0.000  1.000  0.000  0.000  0.000  0.000  0.000  0.000  0.000
       20  0.00000   0.000  0.000  0.000  0.000  0.000  0.000  1.000  0.000  0.000  0.000  0.000  0.000  0.000
       21  0.00000   0.000  0.000  0.000  0.000  0.000  0.000  0.000  1.000  0.000  0.000  0.000  0.000  0.000
       22  0.00000   0.000  0.000  0.000  0.000  0.000  0.000  0.000  0.000  1.000  0.000  0.000  0.000  0.000
       23  0.00000   0.000  0.000  0.000  0.000  0.000  0.000  0.000  0.000  0.000  1.000  0.000  0.000  0.000
       24  0.00000   0.000  0.000  0.000  0.000  0.000  0.000  0.000  0.000  0.000  0.000  1.000  0.000  0.000
       25  0.00000   0.000  0.000  0.000  0.000  0.000  0.000  0.000  0.000  0.000  0.000  0.000  1.000  0.000
       27  0.00000   0.000  0.000  0.000  0.000  0.000  0.000  0.000  0.000  0.000  0.000  0.000  0.000  1.000
 ERR MATRIX APPROXIMATE
MINUIT - FIT ONLY 1-y
 **********
 **   51 **RES 
 **********
                   PARAMETER   16  beta_vw RESTORED TO VARIABLE.
                   PARAMETER   14  alpha_vw RESTORED TO VARIABLE.
                   PARAMETER   13  beta_y RESTORED TO VARIABLE.
                   PARAMETER   11  alpha_y RESTORED TO VARIABLE.
                   PARAMETER   10  beta_2CBO RESTORED TO VARIABLE.
 **********
 **   52 **FIX            0
 **********
 PARAMETER    0  IS UNDEFINED. IGNORED.
 **********
 **   53 **FIX            1
 **********
 **********
 **   54 **FIX            2
 **********
 PARAMETER    2  IS CONSTANT.   IGNORED.
 **********
 **   55 **FIX            3
 **********
 **********
 **   56 **FIX            4
 **********
 **********
 **   57 **FIX            5
 **********
 PARAMETER    5  IS CONSTANT.   IGNORED.
 **********
 **   58 **FIX            6
 **********
 **********
 **   59 **FIX            7
 **********
 PARAMETER    7  IS CONSTANT.   IGNORED.
 **********
 **   60 **FIX            8
 **********
 **********
 **   61 **FIX            9
 **********
 **********
 **   62 **FIX           13
 **********
 **********
 **   63 **FIX           14
 **********
 **********
 **   64 **FIX           15
 **********
 PARAMETER   15  IS CONSTANT.   IGNORED.
 **********
 **   65 **FIX           16
 **********
 **********
 **   66 **MIGRAD
 **********
 START MIGRAD MINIMIZATION.  STRATEGY  1.  CONVERGENCE WHEN EDM .LT. 1.00e-04
 FCN=52.1027 FROM MIGRAD    STATUS=INITIATE      513 CALLS        4116 TOTAL
                     EDM= unknown      STRATEGY= 1      NO ERROR MATRIX       
  EXT PARAMETER               CURRENT GUESS       STEP         FIRST   
  NO.   NAME      VALUE            ERROR          SIZE      DERIVATIVE 
   1  N0           3.61850e+06     fixed    
   2  tau          6.44135e+01   constant   
   3  A0           3.53529e-01     fixed    
   4  phi          4.12233e+00     fixed    
   5  R           -6.08584e+01   constant   
   6  alpha_CBO    4.30990e-03     fixed    
   7  w_CBO        2.32643e+00   constant   
   8  beta_CBO     2.27647e-03     fixed    
   9  alpha_2CBO   6.25866e-05     fixed    
  10  beta_2CBO   -8.17437e-05   2.13687e-04   0.00000e+00   3.90334e+02
  11  alpha_y      0.00000e+00   1.00000e-03   0.00000e+00  -4.96098e+03
  12  w_y          1.38965e+01   constant   
  13  beta_y      -1.08204e-04     fixed    
  14  alpha_vw     0.00000e+00     fixed    
  15  w_vw         1.43195e+01   constant   
  16  beta_vw      0.00000e+00     fixed    
  17  LM           2.69385e-04   constant   
  18  zeta_y       0.00000e+00   constant   
  19  zeta_vw      0.00000e+00   constant   
  20  T_CBO        1.00000e+02   3.99978e+00   0.00000e+00   0.00000e+00
  21  alpha_A0    -1.42569e-03   8.13798e-04   0.00000e+00  -3.09672e+00
  22  beta_A0      2.14803e-03   7.28163e-04   0.00000e+00   6.37575e-01
  23  alpha_phi   -1.98477e-04   8.19098e-04   0.00000e+00   5.38306e-03
  24  beta_phi     1.71692e-03   8.32108e-04   0.00000e+00  -1.27739e+00
  25  alpha_xy    -4.05009e-04   2.15578e-04   0.00000e+00  -1.06222e+00
  26  w_xy         1.20754e+01   constant   
  27  beta_xy     -1.58072e-04   2.15065e-04   0.00000e+00  -1.45843e-01
 MIGRAD MINIMIZATION HAS CONVERGED.
 MIGRAD WILL VERIFY CONVERGENCE AND ERROR MATRIX.
  MNHESS FAILS AND WILL RETURN DIAGONAL MATRIX. 
 FCN=51.8161 FROM MIGRAD    STATUS=CONVERGED     578 CALLS        4181 TOTAL
                     EDM=9.14884e-08    STRATEGY= 1  ERROR MATRIX UNCERTAINTY 100.0 per cent
  EXT PARAMETER                APPROXIMATE        STEP         FIRST   
  NO.   NAME      VALUE            ERROR          SIZE      DERIVATIVE 
   1  N0           3.61850e+06     fixed    
   2  tau          6.44135e+01   constant   
   3  A0           3.53529e-01     fixed    
   4  phi          4.12233e+00     fixed    
   5  R           -6.08584e+01   constant   
   6  alpha_CBO    4.30990e-03     fixed    
   7  w_CBO        2.32643e+00   constant   
   8  beta_CBO     2.27647e-03     fixed    
   9  alpha_2CBO   6.25866e-05     fixed    
  10  beta_2CBO   -9.29157e-05   2.13695e-04   7.58311e-07   1.38503e+00
  11  alpha_y      1.14674e-04   2.14252e-04   7.60288e-07   1.72029e-01
  12  w_y          1.38965e+01   constant   
  13  beta_y      -1.08204e-04     fixed    
  14  alpha_vw     0.00000e+00     fixed    
  15  w_vw         1.43195e+01   constant   
  16  beta_vw      0.00000e+00     fixed    
  17  LM           2.69385e-04   constant   
  18  zeta_y       0.00000e+00   constant   
  19  zeta_vw      0.00000e+00   constant   
  20  T_CBO        1.00000e+02   5.65620e+00  -0.00000e+00   0.00000e+00
  21  alpha_A0    -1.42726e-03   8.13796e-04   7.77906e-07  -5.51822e-02
  22  beta_A0      2.14623e-03   7.28163e-04  -2.53909e-08  -2.43790e-01
  23  alpha_phi   -1.94061e-04   8.19098e-04  -6.36281e-07   1.71276e-01
  24  beta_phi     1.71014e-03   8.32110e-04  -1.28728e-06   2.34109e-02
  25  alpha_xy    -4.12369e-04   2.15578e-04  -6.61215e-09  -6.87301e-01
  26  w_xy         1.20754e+01   constant   
  27  beta_xy     -1.55988e-04   2.15065e-04  -1.55543e-07   9.77890e-01
 EXTERNAL ERROR MATRIX.    NDIM=  28    NPAR=  9    ERR DEF=1
  4.567e-08  0.000e+00  0.000e+00  0.000e+00  0.000e+00  0.000e+00  0.000e+00  0.000e+00  0.000e+00 
  0.000e+00  4.590e-08  0.000e+00  0.000e+00  0.000e+00  0.000e+00  0.000e+00  0.000e+00  0.000e+00 
  0.000e+00  0.000e+00  3.200e+01  0.000e+00  0.000e+00  0.000e+00  0.000e+00  0.000e+00  0.000e+00 
  0.000e+00  0.000e+00  0.000e+00  6.623e-07  0.000e+00  0.000e+00  0.000e+00  0.000e+00  0.000e+00 
  0.000e+00  0.000e+00  0.000e+00  0.000e+00  5.302e-07  0.000e+00  0.000e+00  0.000e+00  0.000e+00 
  0.000e+00  0.000e+00  0.000e+00  0.000e+00  0.000e+00  6.709e-07  0.000e+00  0.000e+00  0.000e+00 
  0.000e+00  0.000e+00  0.000e+00  0.000e+00  0.000e+00  0.000e+00  6.924e-07  0.000e+00  0.000e+00 
  0.000e+00  0.000e+00  0.000e+00  0.000e+00  0.000e+00  0.000e+00  0.000e+00  4.647e-08  0.000e+00 
  0.000e+00  0.000e+00  0.000e+00  0.000e+00  0.000e+00  0.000e+00  0.000e+00  0.000e+00  4.625e-08 
ERR MATRIX APPROXIMATE
 PARAMETER  CORRELATION COEFFICIENTS  
       NO.  GLOBAL     10     11     20     21     22     23     24     25     27
       10  0.00000   1.000  0.000  0.000  0.000  0.000  0.000  0.000  0.000  0.000
       11  0.00000   0.000  1.000  0.000  0.000  0.000  0.000  0.000  0.000  0.000
       20  0.00000   0.000  0.000  1.000  0.000  0.000  0.000  0.000  0.000  0.000
       21  0.00000   0.000  0.000  0.000  1.000  0.000  0.000  0.000  0.000  0.000
       22  0.00000   0.000  0.000  0.000  0.000  1.000  0.000  0.000  0.000  0.000
       23  0.00000   0.000  0.000  0.000  0.000  0.000  1.000  0.000  0.000  0.000
       24  0.00000   0.000  0.000  0.000  0.000  0.000  0.000  1.000  0.000  0.000
       25  0.00000   0.000  0.000  0.000  0.000  0.000  0.000  0.000  1.000  0.000
       27  0.00000   0.000  0.000  0.000  0.000  0.000  0.000  0.000  0.000  1.000
 ERR MATRIX APPROXIMATE
MINUIT - FIT ONLY 2-y
 **********
 **   67 **RES 
 **********
                   PARAMETER   16  beta_vw RESTORED TO VARIABLE.
                   PARAMETER   14  alpha_vw RESTORED TO VARIABLE.
                   PARAMETER   13  beta_y RESTORED TO VARIABLE.
                   PARAMETER    9  alpha_2CBO RESTORED TO VARIABLE.
                   PARAMETER    8  beta_CBO RESTORED TO VARIABLE.
                   PARAMETER    6  alpha_CBO RESTORED TO VARIABLE.
                   PARAMETER    4  phi RESTORED TO VARIABLE.
                   PARAMETER    3  A0 RESTORED TO VARIABLE.
                   PARAMETER    1  N0 RESTORED TO VARIABLE.
 **********
 **   68 **FIX            0
 **********
 PARAMETER    0  IS UNDEFINED. IGNORED.
 **********
 **   69 **FIX            1
 **********
 **********
 **   70 **FIX            2
 **********
 PARAMETER    2  IS CONSTANT.   IGNORED.
 **********
 **   71 **FIX            3
 **********
 **********
 **   72 **FIX            4
 **********
 **********
 **   73 **FIX            5
 **********
 PARAMETER    5  IS CONSTANT.   IGNORED.
 **********
 **   74 **FIX            6
 **********
 **********
 **   75 **FIX            7
 **********
 PARAMETER    7  IS CONSTANT.   IGNORED.
 **********
 **   76 **FIX            8
 **********
 **********
 **   77 **FIX            9
 **********
 **********
 **   78 **FIX           10
 **********
 **********
 **   79 **FIX           11
 **********
 **********
 **   80 **FIX           12
 **********
 PARAMETER   12  IS CONSTANT.   IGNORED.
 **********
 **   81 **FIX           16
 **********
 **********
 **   82 **MIGRAD
 **********
 START MIGRAD MINIMIZATION.  STRATEGY  1.  CONVERGENCE WHEN EDM .LT. 1.00e-04
 FCN=51.8161 FROM MIGRAD    STATUS=INITIATE      513 CALLS        4694 TOTAL
                     EDM= unknown      STRATEGY= 1      NO ERROR MATRIX       
  EXT PARAMETER               CURRENT GUESS       STEP         FIRST   
  NO.   NAME      VALUE            ERROR          SIZE      DERIVATIVE 
   1  N0           3.61850e+06     fixed    
   2  tau          6.44135e+01   constant   
   3  A0           3.53529e-01     fixed    
   4  phi          4.12233e+00     fixed    
   5  R           -6.08584e+01   constant   
   6  alpha_CBO    4.30990e-03     fixed    
   7  w_CBO        2.32643e+00   constant   
   8  beta_CBO     2.27647e-03     fixed    
   9  alpha_2CBO   6.25866e-05     fixed    
  10  beta_2CBO   -9.29157e-05     fixed    
  11  alpha_y      1.14674e-04     fixed    
  12  w_y          1.38965e+01   constant   
  13  beta_y      -1.08204e-04   2.16333e-04   0.00000e+00   2.34169e+02
  14  alpha_vw     0.00000e+00   1.00000e-03   0.00000e+00   1.42749e+04
  15  w_vw         1.43195e+01   constant   
  16  beta_vw      0.00000e+00     fixed    
  17  LM           2.69385e-04   constant   
  18  zeta_y       0.00000e+00   constant   
  19  zeta_vw      0.00000e+00   constant   
  20  T_CBO        1.00000e+02   5.65620e+00   0.00000e+00   0.00000e+00
  21  alpha_A0    -1.42726e-03   8.13796e-04   0.00000e+00  -5.51818e-02
  22  beta_A0      2.14623e-03   7.28163e-04   0.00000e+00  -2.43790e-01
  23  alpha_phi   -1.94061e-04   8.19098e-04   0.00000e+00   1.71289e-01
  24  beta_phi     1.71014e-03   8.32110e-04   0.00000e+00   2.34112e-02
  25  alpha_xy    -4.12369e-04   2.15578e-04   0.00000e+00  -6.87300e-01
  26  w_xy         1.20754e+01   constant   
  27  beta_xy     -1.55988e-04   2.15065e-04   0.00000e+00   9.77892e-01
 MIGRAD MINIMIZATION HAS CONVERGED.
 MIGRAD WILL VERIFY CONVERGENCE AND ERROR MATRIX.
  MNHESS FAILS AND WILL RETURN DIAGONAL MATRIX. 
 FCN=49.4403 FROM MIGRAD    STATUS=CONVERGED     577 CALLS        4758 TOTAL
                     EDM=5.68574e-08    STRATEGY= 1  ERROR MATRIX UNCERTAINTY 100.0 per cent
  EXT PARAMETER                APPROXIMATE        STEP         FIRST   
  NO.   NAME      VALUE            ERROR          SIZE      DERIVATIVE 
   1  N0           3.61850e+06     fixed    
   2  tau          6.44135e+01   constant   
   3  A0           3.53529e-01     fixed    
   4  phi          4.12233e+00     fixed    
   5  R           -6.08584e+01   constant   
   6  alpha_CBO    4.30990e-03     fixed    
   7  w_CBO        2.32643e+00   constant   
   8  beta_CBO     2.27647e-03     fixed    
   9  alpha_2CBO   6.25866e-05     fixed    
  10  beta_2CBO   -9.29157e-05     fixed    
  11  alpha_y      1.14674e-04     fixed    
  12  w_y          1.38965e+01   constant   
  13  beta_y      -8.87363e-05   2.16333e-04   7.50208e-07  -7.78756e-02
  14  alpha_vw    -3.33176e-04   2.15135e-04   7.46053e-07   5.82097e-02
  15  w_vw         1.43195e+01   constant   
  16  beta_vw      0.00000e+00     fixed    
  17  LM           2.69385e-04   constant   
  18  zeta_y       0.00000e+00   constant   
  19  zeta_vw      0.00000e+00   constant   
  20  T_CBO        1.00000e+02   7.99813e+00  -0.00000e+00   0.00000e+00
  21  alpha_A0    -1.44210e-03   8.13787e-04  -1.04828e-06  -2.52178e-01
  22  beta_A0      2.12809e-03   7.28159e-04  -3.27750e-06   2.99255e-01
  23  alpha_phi   -2.03257e-04   8.19089e-04  -8.93263e-07   1.95766e-01
  24  beta_phi     1.72207e-03   8.32103e-04   1.92106e-06   2.40956e-03
  25  alpha_xy    -4.03102e-04   2.15579e-04   3.89887e-07  -3.47198e-01
  26  w_xy         1.20754e+01   constant   
  27  beta_xy     -1.38512e-04   2.15065e-04  -4.25795e-07   4.32816e-01
 EXTERNAL ERROR MATRIX.    NDIM=  28    NPAR=  9    ERR DEF=1
  4.680e-08  0.000e+00  0.000e+00  0.000e+00  0.000e+00  0.000e+00  0.000e+00  0.000e+00  0.000e+00 
  0.000e+00  4.628e-08  0.000e+00  0.000e+00  0.000e+00  0.000e+00  0.000e+00  0.000e+00  0.000e+00 
  0.000e+00  0.000e+00  6.399e+01  0.000e+00  0.000e+00  0.000e+00  0.000e+00  0.000e+00  0.000e+00 
  0.000e+00  0.000e+00  0.000e+00  6.622e-07  0.000e+00  0.000e+00  0.000e+00  0.000e+00  0.000e+00 
  0.000e+00  0.000e+00  0.000e+00  0.000e+00  5.302e-07  0.000e+00  0.000e+00  0.000e+00  0.000e+00 
  0.000e+00  0.000e+00  0.000e+00  0.000e+00  0.000e+00  6.709e-07  0.000e+00  0.000e+00  0.000e+00 
  0.000e+00  0.000e+00  0.000e+00  0.000e+00  0.000e+00  0.000e+00  6.924e-07  0.000e+00  0.000e+00 
  0.000e+00  0.000e+00  0.000e+00  0.000e+00  0.000e+00  0.000e+00  0.000e+00  4.647e-08  0.000e+00 
  0.000e+00  0.000e+00  0.000e+00  0.000e+00  0.000e+00  0.000e+00  0.000e+00  0.000e+00  4.625e-08 
ERR MATRIX APPROXIMATE
 PARAMETER  CORRELATION COEFFICIENTS  
       NO.  GLOBAL     13     14     20     21     22     23     24     25     27
       13  0.00000   1.000  0.000  0.000  0.000  0.000  0.000  0.000  0.000  0.000
       14  0.00000   0.000  1.000  0.000  0.000  0.000  0.000  0.000  0.000  0.000
       20  0.00000   0.000  0.000  1.000  0.000  0.000  0.000  0.000  0.000  0.000
       21  0.00000   0.000  0.000  0.000  1.000  0.000  0.000  0.000  0.000  0.000
       22  0.00000   0.000  0.000  0.000  0.000  1.000  0.000  0.000  0.000  0.000
       23  0.00000   0.000  0.000  0.000  0.000  0.000  1.000  0.000  0.000  0.000
       24  0.00000   0.000  0.000  0.000  0.000  0.000  0.000  1.000  0.000  0.000
       25  0.00000   0.000  0.000  0.000  0.000  0.000  0.000  0.000  1.000  0.000
       27  0.00000   0.000  0.000  0.000  0.000  0.000  0.000  0.000  0.000  1.000
 ERR MATRIX APPROXIMATE
MINUIT - FIT ALTOGETHER
 **********
 **   83 **RES 
 **********
                   PARAMETER   16  beta_vw RESTORED TO VARIABLE.
                   PARAMETER   11  alpha_y RESTORED TO VARIABLE.
                   PARAMETER   10  beta_2CBO RESTORED TO VARIABLE.
                   PARAMETER    9  alpha_2CBO RESTORED TO VARIABLE.
                   PARAMETER    8  beta_CBO RESTORED TO VARIABLE.
                   PARAMETER    6  alpha_CBO RESTORED TO VARIABLE.
                   PARAMETER    4  phi RESTORED TO VARIABLE.
                   PARAMETER    3  A0 RESTORED TO VARIABLE.
                   PARAMETER    1  N0 RESTORED TO VARIABLE.
 **********
 **   84 **MIGRAD
 **********
 START MIGRAD MINIMIZATION.  STRATEGY  1.  CONVERGENCE WHEN EDM .LT. 1.00e-04
 FCN=49.4403 FROM MIGRAD    STATUS=INITIATE     1683 CALLS        6441 TOTAL
                     EDM= unknown      STRATEGY= 1      NO ERROR MATRIX       
  EXT PARAMETER               CURRENT GUESS       STEP         FIRST   
  NO.   NAME      VALUE            ERROR          SIZE      DERIVATIVE 
   1  N0           3.61850e+06   5.50845e+02   0.00000e+00   6.40156e-05
   2  tau          6.44135e+01   constant   
   3  A0           3.53529e-01   1.91875e-04   0.00000e+00  -2.33005e+02
   4  phi          4.12233e+00   5.83735e-04   0.00000e+00   2.64997e+00
   5  R           -6.08584e+01   constant   
   6  alpha_CBO    4.30990e-03   2.19288e-04   0.00000e+00  -2.08376e+02
   7  w_CBO        2.32643e+00   constant   
   8  beta_CBO     2.27647e-03   2.11562e-04   0.00000e+00  -4.16359e+01
   9  alpha_2CBO   6.25866e-05   2.16986e-04   0.00000e+00   1.74784e+02
  10  beta_2CBO   -9.29157e-05   2.13695e-04   0.00000e+00   2.83056e+01
  11  alpha_y      1.14674e-04   2.14252e-04   0.00000e+00   5.67279e+03
  12  w_y          1.38965e+01   constant   
  13  beta_y      -8.87363e-05   2.16333e-04   0.00000e+00  -7.78761e-02
  14  alpha_vw    -3.33176e-04   2.15135e-04   0.00000e+00   5.82112e-02
  15  w_vw         1.43195e+01   constant   
  16  beta_vw      0.00000e+00   1.00000e-03   0.00000e+00   6.52002e+02
  17  LM           2.69385e-04   constant   
  18  zeta_y       0.00000e+00   constant   
  19  zeta_vw      0.00000e+00   constant   
  20  T_CBO        1.00000e+02   7.99813e+00   0.00000e+00   0.00000e+00
  21  alpha_A0    -1.44210e-03   8.13787e-04   0.00000e+00  -2.52179e-01
  22  beta_A0      2.12809e-03   7.28159e-04   0.00000e+00   2.99255e-01
  23  alpha_phi   -2.03257e-04   8.19089e-04   0.00000e+00   1.95764e-01
  24  beta_phi     1.72207e-03   8.32103e-04   0.00000e+00   2.40700e-03
  25  alpha_xy    -4.03102e-04   2.15579e-04   0.00000e+00  -3.47198e-01
  26  w_xy         1.20754e+01   constant   
  27  beta_xy     -1.38512e-04   2.15065e-04   0.00000e+00   4.32816e-01
 MIGRAD MINIMIZATION HAS CONVERGED.
 MIGRAD WILL VERIFY CONVERGENCE AND ERROR MATRIX.
  MNHESS FAILS AND WILL RETURN DIAGONAL MATRIX. 
 FCN=48.9854 FROM MIGRAD    STATUS=CONVERGED    1859 CALLS        6617 TOTAL
                     EDM=3.98364e-06    STRATEGY= 1  ERROR MATRIX UNCERTAINTY 100.0 per cent
  EXT PARAMETER                APPROXIMATE        STEP         FIRST   
  NO.   NAME      VALUE            ERROR          SIZE      DERIVATIVE 
   1  N0           3.61849e+06   5.50843e+02   1.89306e+00   1.79636e-06
   2  tau          6.44135e+01   constant   
   3  A0           3.53532e-01   1.91874e-04   6.62381e-07  -5.39350e+00
   4  phi          4.12234e+00   5.83731e-04   2.01514e-06  -7.00558e-01
   5  R           -6.08584e+01   constant   
   6  alpha_CBO    4.31823e-03   2.19288e-04   7.57017e-07  -3.84023e-01
   7  w_CBO        2.32643e+00   constant   
   8  beta_CBO     2.27612e-03   2.11563e-04   7.30351e-07  -7.80449e+00
   9  alpha_2CBO   5.61310e-05   2.16987e-04   7.49076e-07  -3.16995e+00
  10  beta_2CBO   -9.14205e-05   2.13694e-04   7.37707e-07   1.93833e+00
  11  alpha_y     -4.20591e-05   2.14253e-04   7.39637e-07   9.21600e-01
  12  w_y          1.38965e+01   constant   
  13  beta_y      -9.24311e-05   2.16334e-04   7.46821e-07  -5.46121e+00
  14  alpha_vw    -3.95199e-04   2.15136e-04   7.42684e-07   5.44575e-01
  15  w_vw         1.43195e+01   constant   
  16  beta_vw     -2.50108e-05   2.15437e-04   7.43723e-07  -4.24989e-01
  17  LM           2.69385e-04   constant   
  18  zeta_y       0.00000e+00   constant   
  19  zeta_vw      0.00000e+00   constant   
  20  T_CBO        1.00000e+02   1.13084e+01  -0.00000e+00   0.00000e+00
  21  alpha_A0    -1.43357e-03   8.13784e-04   1.12409e-06  -8.46191e-01
  22  beta_A0      2.12610e-03   7.28153e-04   4.75120e-07   1.72899e+00
  23  alpha_phi   -2.18751e-04   8.19095e-04  -1.75203e-06   1.15933e-01
  24  beta_phi     1.72848e-03   8.32098e-04   9.15094e-07  -7.62941e-01
  25  alpha_xy    -3.92359e-04   2.15579e-04   1.41039e-07   2.66551e+00
  26  w_xy         1.20754e+01   constant   
  27  beta_xy     -1.37504e-04   2.15066e-04  -9.09831e-08   6.10031e+00
 EXTERNAL ERROR MATRIX.    NDIM=  28    NPAR= 18    ERR DEF=1
 ELEMENTS ABOVE DIAGONAL ARE NOT PRINTED.
  3.034e+05 
  0.000e+00  3.682e-08 
  0.000e+00  0.000e+00  3.407e-07 
  0.000e+00  0.000e+00  0.000e+00  4.809e-08 
  0.000e+00  0.000e+00  0.000e+00  0.000e+00  4.476e-08 
  0.000e+00  0.000e+00  0.000e+00  0.000e+00  0.000e+00  4.708e-08 
  0.000e+00  0.000e+00  0.000e+00  0.000e+00  0.000e+00  0.000e+00  4.567e-08 
  0.000e+00  0.000e+00  0.000e+00  0.000e+00  0.000e+00  0.000e+00  0.000e+00  4.590e-08 
  0.000e+00  0.000e+00  0.000e+00  0.000e+00  0.000e+00  0.000e+00  0.000e+00  0.000e+00  4.680e-08 
  0.000e+00  0.000e+00  0.000e+00  0.000e+00  0.000e+00  0.000e+00  0.000e+00  0.000e+00  0.000e+00  4.628e-08 
  0.000e+00  0.000e+00  0.000e+00  0.000e+00  0.000e+00  0.000e+00  0.000e+00  0.000e+00  0.000e+00  0.000e+00  4.641e-08 
  0.000e+00  0.000e+00  0.000e+00  0.000e+00  0.000e+00  0.000e+00  0.000e+00  0.000e+00  0.000e+00  0.000e+00  0.000e+00 
  0.000e+00  0.000e+00  0.000e+00  0.000e+00  0.000e+00  0.000e+00  0.000e+00  0.000e+00  0.000e+00  0.000e+00  0.000e+00  1.279e+02 
  0.000e+00  0.000e+00  0.000e+00  0.000e+00  0.000e+00  0.000e+00  0.000e+00  0.000e+00  0.000e+00  0.000e+00  0.000e+00 
  0.000e+00  0.000e+00  0.000e+00  0.000e+00  0.000e+00  0.000e+00  0.000e+00  0.000e+00  0.000e+00  0.000e+00  0.000e+00  0.000e+00  6.622e-07 
  0.000e+00  0.000e+00  0.000e+00  0.000e+00  0.000e+00  0.000e+00  0.000e+00  0.000e+00  0.000e+00  0.000e+00  0.000e+00 
  0.000e+00  0.000e+00  0.000e+00  0.000e+00  0.000e+00  0.000e+00  0.000e+00  0.000e+00  0.000e+00  0.000e+00  0.000e+00  0.000e+00  0.000e+00  5.302e-07 
  0.000e+00  0.000e+00  0.000e+00  0.000e+00  0.000e+00  0.000e+00  0.000e+00  0.000e+00  0.000e+00  0.000e+00  0.000e+00 
  0.000e+00  0.000e+00  0.000e+00  0.000e+00  0.000e+00  0.000e+00  0.000e+00  0.000e+00  0.000e+00  0.000e+00  0.000e+00  0.000e+00  0.000e+00  0.000e+00  6.709e-07 
  0.000e+00  0.000e+00  0.000e+00  0.000e+00  0.000e+00  0.000e+00  0.000e+00  0.000e+00  0.000e+00  0.000e+00  0.000e+00 
  0.000e+00  0.000e+00  0.000e+00  0.000e+00  0.000e+00  0.000e+00  0.000e+00  0.000e+00  0.000e+00  0.000e+00  0.000e+00  0.000e+00  0.000e+00  0.000e+00  0.000e+00  6.924e-07 
  0.000e+00  0.000e+00  0.000e+00  0.000e+00  0.000e+00  0.000e+00  0.000e+00  0.000e+00  0.000e+00  0.000e+00  0.000e+00 
  0.000e+00  0.000e+00  0.000e+00  0.000e+00  0.000e+00  0.000e+00  0.000e+00  0.000e+00  0.000e+00  0.000e+00  0.000e+00  0.000e+00  0.000e+00  0.000e+00  0.000e+00  0.000e+00  4.647e-08 
  0.000e+00  0.000e+00  0.000e+00  0.000e+00  0.000e+00  0.000e+00  0.000e+00  0.000e+00  0.000e+00  0.000e+00  0.000e+00 
  0.000e+00  0.000e+00  0.000e+00  0.000e+00  0.000e+00  0.000e+00  0.000e+00  0.000e+00  0.000e+00  0.000e+00  0.000e+00  0.000e+00  0.000e+00  0.000e+00  0.000e+00  0.000e+00  0.000e+00  4.625e-08 
ERR MATRIX APPROXIMATE
 PARAMETER  CORRELATION COEFFICIENTS  
       NO.  GLOBAL      1      3      4      6      8      9     10     11     13     14     16     20     21     22     23     24
        1  0.00000   1.000  0.000  0.000  0.000  0.000  0.000  0.000  0.000  0.000  0.000  0.000  0.000  0.000  0.000  0.000  0.000
        3  0.00000   0.000  1.000  0.000  0.000  0.000  0.000  0.000  0.000  0.000  0.000  0.000  0.000  0.000  0.000  0.000  0.000
        4  0.00000   0.000  0.000  1.000  0.000  0.000  0.000  0.000  0.000  0.000  0.000  0.000  0.000  0.000  0.000  0.000  0.000
        6  0.00000   0.000  0.000  0.000  1.000  0.000  0.000  0.000  0.000  0.000  0.000  0.000  0.000  0.000  0.000  0.000  0.000
        8  0.00000   0.000  0.000  0.000  0.000  1.000  0.000  0.000  0.000  0.000  0.000  0.000  0.000  0.000  0.000  0.000  0.000
        9  0.00000   0.000  0.000  0.000  0.000  0.000  1.000  0.000  0.000  0.000  0.000  0.000  0.000  0.000  0.000  0.000  0.000
       10  0.00000   0.000  0.000  0.000  0.000  0.000  0.000  1.000  0.000  0.000  0.000  0.000  0.000  0.000  0.000  0.000  0.000
       11  0.00000   0.000  0.000  0.000  0.000  0.000  0.000  0.000  1.000  0.000  0.000  0.000  0.000  0.000  0.000  0.000  0.000
       13  0.00000   0.000  0.000  0.000  0.000  0.000  0.000  0.000  0.000  1.000  0.000  0.000  0.000  0.000  0.000  0.000  0.000
       14  0.00000   0.000  0.000  0.000  0.000  0.000  0.000  0.000  0.000  0.000  1.000  0.000  0.000  0.000  0.000  0.000  0.000
       16  0.00000   0.000  0.000  0.000  0.000  0.000  0.000  0.000  0.000  0.000  0.000  1.000  0.000  0.000  0.000  0.000  0.000
       20  0.00000   0.000  0.000  0.000  0.000  0.000  0.000  0.000  0.000  0.000  0.000  0.000  1.000  0.000  0.000  0.000  0.000
       21  0.00000   0.000  0.000  0.000  0.000  0.000  0.000  0.000  0.000  0.000  0.000  0.000  0.000  1.000  0.000  0.000  0.000
       22  0.00000   0.000  0.000  0.000  0.000  0.000  0.000  0.000  0.000  0.000  0.000  0.000  0.000  0.000  1.000  0.000  0.000
       23  0.00000   0.000  0.000  0.000  0.000  0.000  0.000  0.000  0.000  0.000  0.000  0.000  0.000  0.000  0.000  1.000  0.000
       24  0.00000   0.000  0.000  0.000  0.000  0.000  0.000  0.000  0.000  0.000  0.000  0.000  0.000  0.000  0.000  0.000  1.000
       25  0.00000   0.000  0.000  0.000  0.000  0.000  0.000  0.000  0.000  0.000  0.000  0.000  0.000  0.000  0.000  0.000  0.000
                     1.000  0.000
       27  0.00000   0.000  0.000  0.000  0.000  0.000  0.000  0.000  0.000  0.000  0.000  0.000  0.000  0.000  0.000  0.000  0.000
                     0.000  1.000
 ERR MATRIX APPROXIMATE
MINUIT - MINOS
 **********
 **   85 **RES 
 **********
 CALL TO MNFREE IGNORED.  THERE ARE NO FIXED PARAMETERS
 **********
 **   86 **MIG      2.5e+04        0.01
 **********
 START MIGRAD MINIMIZATION.  STRATEGY  1.  CONVERGENCE WHEN EDM .LT. 1.00e-05
 FCN=48.9854 FROM MIGRAD    STATUS=INITIATE       36 CALLS        6653 TOTAL
                     EDM=1.1575e-05    STRATEGY= 1  ERROR MATRIX UNCERTAINTY 100.0 per cent
  EXT PARAMETER                APPROXIMATE        STEP         FIRST   
  NO.   NAME      VALUE            ERROR          SIZE      DERIVATIVE 
   1  N0           3.61849e+06   5.50843e+02   1.89306e+00   1.79636e-06
   2  tau          6.44135e+01   constant   
   3  A0           3.53532e-01   1.91874e-04   6.62381e-07  -5.39350e+00
   4  phi          4.12234e+00   5.83731e-04   2.01514e-06  -7.00558e-01
   5  R           -6.08584e+01   constant   
   6  alpha_CBO    4.31823e-03   2.19288e-04   7.57017e-07  -3.84023e-01
   7  w_CBO        2.32643e+00   constant   
   8  beta_CBO     2.27612e-03   2.11563e-04   7.30351e-07  -7.80449e+00
   9  alpha_2CBO   5.61310e-05   2.16987e-04   7.49076e-07  -3.16996e+00
  10  beta_2CBO   -9.14205e-05   2.13694e-04   7.37707e-07   1.93833e+00
  11  alpha_y     -4.20591e-05   2.14253e-04   7.39637e-07   9.21596e-01
  12  w_y          1.38965e+01   constant   
  13  beta_y      -9.24311e-05   2.16334e-04   7.46821e-07  -5.46121e+00
  14  alpha_vw    -3.95199e-04   2.15136e-04   7.42684e-07   5.44576e-01
  15  w_vw         1.43195e+01   constant   
  16  beta_vw     -2.50108e-05   2.15437e-04   7.43723e-07  -4.24991e-01
  17  LM           2.69385e-04   constant   
  18  zeta_y       0.00000e+00   constant   
  19  zeta_vw      0.00000e+00   constant   
  20  T_CBO        1.00000e+02   1.13084e+01  -0.00000e+00   0.00000e+00
  21  alpha_A0    -1.43357e-03   8.13784e-04   1.12409e-06  -8.46191e-01
  22  beta_A0      2.12610e-03   7.28153e-04   4.75120e-07   1.72899e+00
  23  alpha_phi   -2.18751e-04   8.19095e-04  -1.75203e-06   1.15929e-01
  24  beta_phi     1.72848e-03   8.32098e-04   9.15094e-07  -7.62945e-01
  25  alpha_xy    -3.92359e-04   2.15579e-04   1.41039e-07   2.66551e+00
  26  w_xy         1.20754e+01   constant   
  27  beta_xy     -1.37504e-04   2.15066e-04  -9.09831e-08   6.10031e+00
 MIGRAD MINIMIZATION HAS CONVERGED.
 MIGRAD WILL VERIFY CONVERGENCE AND ERROR MATRIX.
  MNHESS FAILS AND WILL RETURN DIAGONAL MATRIX. 
 FCN=48.9854 FROM MIGRAD    STATUS=CONVERGED      99 CALLS        6716 TOTAL
                     EDM=9.38536e-07    STRATEGY= 1  ERROR MATRIX UNCERTAINTY 100.0 per cent
  EXT PARAMETER                APPROXIMATE        STEP         FIRST   
  NO.   NAME      VALUE            ERROR          SIZE      DERIVATIVE 
   1  N0           3.61849e+06   5.50843e+02   1.89306e+00  -6.70565e-07
   2  tau          6.44135e+01   constant   
   3  A0           3.53532e-01   1.91874e-04   6.62381e-07   1.95970e+00
   4  phi          4.12234e+00   5.83731e-04   2.01514e-06  -3.08989e-01
   5  R           -6.08584e+01   constant   
   6  alpha_CBO    4.31823e-03   2.19288e-04   7.57017e-07  -1.06736e+00
   7  w_CBO        2.32643e+00   constant   
   8  beta_CBO     2.27627e-03   2.11563e-04   7.30351e-07  -3.87213e-01
   9  alpha_2CBO   5.61948e-05   2.16987e-04   7.49075e-07   4.81039e-01
  10  beta_2CBO   -9.14583e-05   2.13694e-04   7.37706e-07   8.84756e-01
  11  alpha_y     -4.20771e-05   2.14253e-04   7.39637e-07   2.81832e-01
  12  w_y          1.38965e+01   constant   
  13  beta_y      -9.23218e-05   2.16334e-04   7.46821e-07  -1.40805e+00
  14  alpha_vw    -3.95210e-04   2.15136e-04   7.42684e-07   5.63542e-01
  15  w_vw         1.43195e+01   constant   
  16  beta_vw     -2.50024e-05   2.15437e-04   7.43723e-07  -1.93848e+00
  17  LM           2.69385e-04   constant   
  18  zeta_y       0.00000e+00   constant   
  19  zeta_vw      0.00000e+00   constant   
  20  T_CBO        1.00000e+02   1.59849e+01  -0.00000e+00   0.00000e+00
  21  alpha_A0    -1.43333e-03   8.13784e-04   2.39434e-07  -6.57191e-02
  22  beta_A0      2.12570e-03   7.28153e-04  -3.91685e-07  -4.22760e-01
  23  alpha_phi   -2.18785e-04   8.19097e-04  -3.32322e-08   2.96915e-01
  24  beta_phi     1.72871e-03   8.32100e-04   2.25705e-07  -1.78998e-01
  25  alpha_xy    -3.92412e-04   2.15579e-04  -5.29290e-08   1.93768e-01
  26  w_xy         1.20754e+01   constant   
  27  beta_xy     -1.37625e-04   2.15066e-04  -1.20557e-07   1.07857e+00
 EXTERNAL ERROR MATRIX.    NDIM=  28    NPAR= 18    ERR DEF=1
 ELEMENTS ABOVE DIAGONAL ARE NOT PRINTED.
  3.034e+05 
  0.000e+00  3.682e-08 
  0.000e+00  0.000e+00  3.407e-07 
  0.000e+00  0.000e+00  0.000e+00  4.809e-08 
  0.000e+00  0.000e+00  0.000e+00  0.000e+00  4.476e-08 
  0.000e+00  0.000e+00  0.000e+00  0.000e+00  0.000e+00  4.708e-08 
  0.000e+00  0.000e+00  0.000e+00  0.000e+00  0.000e+00  0.000e+00  4.567e-08 
  0.000e+00  0.000e+00  0.000e+00  0.000e+00  0.000e+00  0.000e+00  0.000e+00  4.590e-08 
  0.000e+00  0.000e+00  0.000e+00  0.000e+00  0.000e+00  0.000e+00  0.000e+00  0.000e+00  4.680e-08 
  0.000e+00  0.000e+00  0.000e+00  0.000e+00  0.000e+00  0.000e+00  0.000e+00  0.000e+00  0.000e+00  4.628e-08 
  0.000e+00  0.000e+00  0.000e+00  0.000e+00  0.000e+00  0.000e+00  0.000e+00  0.000e+00  0.000e+00  0.000e+00  4.641e-08 
  0.000e+00  0.000e+00  0.000e+00  0.000e+00  0.000e+00  0.000e+00  0.000e+00  0.000e+00  0.000e+00  0.000e+00  0.000e+00 
  0.000e+00  0.000e+00  0.000e+00  0.000e+00  0.000e+00  0.000e+00  0.000e+00  0.000e+00  0.000e+00  0.000e+00  0.000e+00  2.558e+02 
  0.000e+00  0.000e+00  0.000e+00  0.000e+00  0.000e+00  0.000e+00  0.000e+00  0.000e+00  0.000e+00  0.000e+00  0.000e+00 
  0.000e+00  0.000e+00  0.000e+00  0.000e+00  0.000e+00  0.000e+00  0.000e+00  0.000e+00  0.000e+00  0.000e+00  0.000e+00  0.000e+00  6.622e-07 
  0.000e+00  0.000e+00  0.000e+00  0.000e+00  0.000e+00  0.000e+00  0.000e+00  0.000e+00  0.000e+00  0.000e+00  0.000e+00 
  0.000e+00  0.000e+00  0.000e+00  0.000e+00  0.000e+00  0.000e+00  0.000e+00  0.000e+00  0.000e+00  0.000e+00  0.000e+00  0.000e+00  0.000e+00  5.302e-07 
  0.000e+00  0.000e+00  0.000e+00  0.000e+00  0.000e+00  0.000e+00  0.000e+00  0.000e+00  0.000e+00  0.000e+00  0.000e+00 
  0.000e+00  0.000e+00  0.000e+00  0.000e+00  0.000e+00  0.000e+00  0.000e+00  0.000e+00  0.000e+00  0.000e+00  0.000e+00  0.000e+00  0.000e+00  0.000e+00  6.709e-07 
  0.000e+00  0.000e+00  0.000e+00  0.000e+00  0.000e+00  0.000e+00  0.000e+00  0.000e+00  0.000e+00  0.000e+00  0.000e+00 
  0.000e+00  0.000e+00  0.000e+00  0.000e+00  0.000e+00  0.000e+00  0.000e+00  0.000e+00  0.000e+00  0.000e+00  0.000e+00  0.000e+00  0.000e+00  0.000e+00  0.000e+00  6.924e-07 
  0.000e+00  0.000e+00  0.000e+00  0.000e+00  0.000e+00  0.000e+00  0.000e+00  0.000e+00  0.000e+00  0.000e+00  0.000e+00 
  0.000e+00  0.000e+00  0.000e+00  0.000e+00  0.000e+00  0.000e+00  0.000e+00  0.000e+00  0.000e+00  0.000e+00  0.000e+00  0.000e+00  0.000e+00  0.000e+00  0.000e+00  0.000e+00  4.647e-08 
  0.000e+00  0.000e+00  0.000e+00  0.000e+00  0.000e+00  0.000e+00  0.000e+00  0.000e+00  0.000e+00  0.000e+00  0.000e+00 
  0.000e+00  0.000e+00  0.000e+00  0.000e+00  0.000e+00  0.000e+00  0.000e+00  0.000e+00  0.000e+00  0.000e+00  0.000e+00  0.000e+00  0.000e+00  0.000e+00  0.000e+00  0.000e+00  0.000e+00  4.625e-08 
ERR MATRIX APPROXIMATE
 PARAMETER  CORRELATION COEFFICIENTS  
       NO.  GLOBAL      1      3      4      6      8      9     10     11     13     14     16     20     21     22     23     24
        1  0.00000   1.000  0.000  0.000  0.000  0.000  0.000  0.000  0.000  0.000  0.000  0.000  0.000  0.000  0.000  0.000  0.000
        3  0.00000   0.000  1.000  0.000  0.000  0.000  0.000  0.000  0.000  0.000  0.000  0.000  0.000  0.000  0.000  0.000  0.000
        4  0.00000   0.000  0.000  1.000  0.000  0.000  0.000  0.000  0.000  0.000  0.000  0.000  0.000  0.000  0.000  0.000  0.000
        6  0.00000   0.000  0.000  0.000  1.000  0.000  0.000  0.000  0.000  0.000  0.000  0.000  0.000  0.000  0.000  0.000  0.000
        8  0.00000   0.000  0.000  0.000  0.000  1.000  0.000  0.000  0.000  0.000  0.000  0.000  0.000  0.000  0.000  0.000  0.000
        9  0.00000   0.000  0.000  0.000  0.000  0.000  1.000  0.000  0.000  0.000  0.000  0.000  0.000  0.000  0.000  0.000  0.000
       10  0.00000   0.000  0.000  0.000  0.000  0.000  0.000  1.000  0.000  0.000  0.000  0.000  0.000  0.000  0.000  0.000  0.000
       11  0.00000   0.000  0.000  0.000  0.000  0.000  0.000  0.000  1.000  0.000  0.000  0.000  0.000  0.000  0.000  0.000  0.000
       13  0.00000   0.000  0.000  0.000  0.000  0.000  0.000  0.000  0.000  1.000  0.000  0.000  0.000  0.000  0.000  0.000  0.000
       14  0.00000   0.000  0.000  0.000  0.000  0.000  0.000  0.000  0.000  0.000  1.000  0.000  0.000  0.000  0.000  0.000  0.000
       16  0.00000   0.000  0.000  0.000  0.000  0.000  0.000  0.000  0.000  0.000  0.000  1.000  0.000  0.000  0.000  0.000  0.000
       20  0.00000   0.000  0.000  0.000  0.000  0.000  0.000  0.000  0.000  0.000  0.000  0.000  1.000  0.000  0.000  0.000  0.000
       21  0.00000   0.000  0.000  0.000  0.000  0.000  0.000  0.000  0.000  0.000  0.000  0.000  0.000  1.000  0.000  0.000  0.000
       22  0.00000   0.000  0.000  0.000  0.000  0.000  0.000  0.000  0.000  0.000  0.000  0.000  0.000  0.000  1.000  0.000  0.000
       23  0.00000   0.000  0.000  0.000  0.000  0.000  0.000  0.000  0.000  0.000  0.000  0.000  0.000  0.000  0.000  1.000  0.000
       24  0.00000   0.000  0.000  0.000  0.000  0.000  0.000  0.000  0.000  0.000  0.000  0.000  0.000  0.000  0.000  0.000  1.000
       25  0.00000   0.000  0.000  0.000  0.000  0.000  0.000  0.000  0.000  0.000  0.000  0.000  0.000  0.000  0.000  0.000  0.000
                     1.000  0.000
       27  0.00000   0.000  0.000  0.000  0.000  0.000  0.000  0.000  0.000  0.000  0.000  0.000  0.000  0.000  0.000  0.000  0.000
                     0.000  1.000
 ERR MATRIX APPROXIMATE
 **********
 **   87 **MINO      2.5e+04
 **********
  MNHESS FAILS AND WILL RETURN DIAGONAL MATRIX. 
    THE POSITIVE MINOS ERROR OF PARAMETER  20, T_CBO EXCEEDS ITS LIMIT.
    THE NEGATIVE MINOS ERROR OF PARAMETER  20, T_CBO EXCEEDS ITS LIMIT.
 FCN=48.9854 FROM MINOS     STATUS=PROBLEMS     7548 CALLS       14289 TOTAL
                     EDM=9.38536e-07    STRATEGY= 1  ERROR MATRIX UNCERTAINTY 100.0 per cent
  EXT PARAMETER                  PARABOLIC         MINOS ERRORS        
  NO.   NAME      VALUE            ERROR      NEGATIVE      POSITIVE   
   1  N0           3.61849e+06   5.50843e+02  -5.88946e+02   5.89119e+02
   2  tau          6.44135e+01   constant   
   3  A0           3.53532e-01   1.91874e-04  -2.02931e-04   2.02848e-04
   4  phi          4.12234e+00   5.83731e-04  -6.17959e-04   6.18259e-04
   5  R           -6.08584e+01   constant   
   6  alpha_CBO    4.31823e-03   2.19288e-04  -2.27073e-04   2.27130e-04
   7  w_CBO        2.32643e+00   constant   
   8  beta_CBO     2.27627e-03   2.11563e-04  -2.25913e-04   2.25982e-04
   9  alpha_2CBO   5.61948e-05   2.16987e-04  -2.23264e-04   2.23239e-04
  10  beta_2CBO   -9.14583e-05   2.13694e-04  -2.19013e-04   2.18959e-04
  11  alpha_y     -4.20771e-05   2.14253e-04  -2.34399e-04   2.34370e-04
  12  w_y          1.38965e+01   constant   
  13  beta_y      -9.23218e-05   2.16334e-04  -2.38253e-04   2.38380e-04
  14  alpha_vw    -3.95210e-04   2.15136e-04  -2.35620e-04   2.35576e-04
  15  w_vw         1.43195e+01   constant   
  16  beta_vw     -2.50024e-05   2.15437e-04  -2.37007e-04   2.37148e-04
  17  LM           2.69385e-04   constant   
  18  zeta_y       0.00000e+00   constant   
  19  zeta_vw      0.00000e+00   constant   
  20  T_CBO        1.00000e+02   9.54289e+01   at limit      at limit   
  21  alpha_A0    -1.43333e-03   8.13784e-04  -8.65016e-04   8.65271e-04
  22  beta_A0      2.12570e-03   7.28153e-04  -7.60880e-04   7.61133e-04
  23  alpha_phi   -2.18785e-04   8.19097e-04  -8.62696e-04   8.62177e-04
  24  beta_phi     1.72871e-03   8.32100e-04  -8.70286e-04   8.70458e-04
  25  alpha_xy    -3.92412e-04   2.15579e-04  -2.17044e-04   2.17042e-04
  26  w_xy         1.20754e+01   constant   
  27  beta_xy     -1.37625e-04   2.15066e-04  -2.15892e-04   2.15842e-04
 **********
 **   88 **SHO COR 
 **********
 PARAMETER  CORRELATION COEFFICIENTS  
       NO.  GLOBAL      1      3      4      6      8      9     10     11     13     14     16     20     21     22     23     24
        1  0.00000   1.000  0.000  0.000  0.000  0.000  0.000  0.000  0.000  0.000  0.000  0.000  0.000  0.000  0.000  0.000  0.000
        3  0.00000   0.000  1.000  0.000  0.000  0.000  0.000  0.000  0.000  0.000  0.000  0.000  0.000  0.000  0.000  0.000  0.000
        4  0.00000   0.000  0.000  1.000  0.000  0.000  0.000  0.000  0.000  0.000  0.000  0.000  0.000  0.000  0.000  0.000  0.000
        6  0.00000   0.000  0.000  0.000  1.000  0.000  0.000  0.000  0.000  0.000  0.000  0.000  0.000  0.000  0.000  0.000  0.000
        8  0.00000   0.000  0.000  0.000  0.000  1.000  0.000  0.000  0.000  0.000  0.000  0.000  0.000  0.000  0.000  0.000  0.000
        9  0.00000   0.000  0.000  0.000  0.000  0.000  1.000  0.000  0.000  0.000  0.000  0.000  0.000  0.000  0.000  0.000  0.000
       10  0.00000   0.000  0.000  0.000  0.000  0.000  0.000  1.000  0.000  0.000  0.000  0.000  0.000  0.000  0.000  0.000  0.000
       11  0.00000   0.000  0.000  0.000  0.000  0.000  0.000  0.000  1.000  0.000  0.000  0.000  0.000  0.000  0.000  0.000  0.000
       13  0.00000   0.000  0.000  0.000  0.000  0.000  0.000  0.000  0.000  1.000  0.000  0.000  0.000  0.000  0.000  0.000  0.000
       14  0.00000   0.000  0.000  0.000  0.000  0.000  0.000  0.000  0.000  0.000  1.000  0.000  0.000  0.000  0.000  0.000  0.000
       16  0.00000   0.000  0.000  0.000  0.000  0.000  0.000  0.000  0.000  0.000  0.000  1.000  0.000  0.000  0.000  0.000  0.000
       20  0.00000   0.000  0.000  0.000  0.000  0.000  0.000  0.000  0.000  0.000  0.000  0.000  1.000  0.000  0.000  0.000  0.000
       21  0.00000   0.000  0.000  0.000  0.000  0.000  0.000  0.000  0.000  0.000  0.000  0.000  0.000  1.000  0.000  0.000  0.000
       22  0.00000   0.000  0.000  0.000  0.000  0.000  0.000  0.000  0.000  0.000  0.000  0.000  0.000  0.000  1.000  0.000  0.000
       23  0.00000   0.000  0.000  0.000  0.000  0.000  0.000  0.000  0.000  0.000  0.000  0.000  0.000  0.000  0.000  1.000  0.000
       24  0.00000   0.000  0.000  0.000  0.000  0.000  0.000  0.000  0.000  0.000  0.000  0.000  0.000  0.000  0.000  0.000  1.000
       25  0.00000   0.000  0.000  0.000  0.000  0.000  0.000  0.000  0.000  0.000  0.000  0.000  0.000  0.000  0.000  0.000  0.000
                     1.000  0.000
       27  0.00000   0.000  0.000  0.000  0.000  0.000  0.000  0.000  0.000  0.000  0.000  0.000  0.000  0.000  0.000  0.000  0.000
                     0.000  1.000
 ERR MATRIX APPROXIMATE
 ELEMENTS ABOVE DIAGONAL ARE NOT PRINTED.
