 + ++++++++++++++++++++++++++++++++++++++++++++++++++++++++++++++++++++ +
 +                                                                      +
 +           You have chose to blind your fitting according to          +
 +                omega_ref * (1 + (R +/- deltaR) *10^{-6})             +
 +                                                                      +
 + ++++++++++++++++++++++++++++++++++++++++++++++++++++++++++++++++++++ +
In main()...
reading format from /gm2data/zkhechad/run45/envelope/formats/formatB_sBin_constraintOn.txt
pBinTau 	= 0  
pBinPhi 	= 0  
constraintau 	= 1 
includeMopTerm 	= 0    
constrainMop    = 0   
Parameters after format file: pBinTau 0 pBinPhi 0 constraintau 1 includeMopTerm 0 constrainMop 0 c_e_scale 0.000000 
Opening file /gm2data/tbarrett/gm2fr/studies/run23_bunch_corrections/CorrectedFourier_Run3b.root.
reading full fit data from /gm2data/zkhechad/cboTemplates/Run4CBOTemplates/templateFits0/noRF/sBin_constraintOn_cE0.0_seed0_noRF_calo16.root
windowBins = 69
fitting sliding window 140 from bin 276 at 41.030000 to bin 345 at 51.474000 (69 bins)

Reading data from /gm2data/cornell/histograms/aMethod/histogram_a_noRF.root
 **********
 **    1 **SET PRINTOUT            1
 **********
 **********
 **    2 **SET NOWARNINGS 
 **********
 PARAMETER DEFINITIONS:
    NO.   NAME         VALUE      STEP SIZE      LIMITS
     1 N0           3.09951e+06  1.00000e+02     no limits
     2 tau          6.44040e+01  constant
     3 A0           3.49546e-01  1.00000e-04     no limits
     4 phi          4.11711e+00  1.00000e-02     no limits
     5 R           -6.28522e+01  constant
     6 alpha_CBO    0.00000e+00  1.00000e-03     no limits
     7 w_CBO        2.32527e+00  constant
     8 beta_CBO     0.00000e+00  1.00000e-03     no limits
     9 alpha_2CBO   0.00000e+00  1.00000e-03     no limits
    10 beta_2CBO    0.00000e+00  1.00000e-03     no limits
    11 alpha_y      0.00000e+00  1.00000e-03     no limits
    12 w_y          1.44500e+01  constant
    13 beta_y       0.00000e+00  1.00000e-03     no limits
    14 alpha_vw     0.00000e+00  1.00000e-03     no limits
    15 w_vw         1.29000e+01  constant
    16 beta_vw      0.00000e+00  1.00000e-03     no limits
    17 LM          -8.03462e-05  constant
    18 zeta_y       0.00000e+00  constant
    19 zeta_vw      0.00000e+00  constant
MINUIT - FIT ONLY WIGGLE
 **********
 **    3 **FIX            5
 **********
 PARAMETER    5  IS CONSTANT.   IGNORED.
 **********
 **    4 **FIX            6
 **********
 **********
 **    5 **FIX            7
 **********
 PARAMETER    7  IS CONSTANT.   IGNORED.
 **********
 **    6 **FIX            8
 **********
 **********
 **    7 **FIX            9
 **********
 **********
 **    8 **FIX           10
 **********
 **********
 **    9 **FIX           11
 **********
 **********
 **   10 **FIX           12
 **********
 PARAMETER   12  IS CONSTANT.   IGNORED.
 **********
 **   11 **FIX           13
 **********
 **********
 **   12 **FIX           14
 **********
 **********
 **   13 **FIX           15
 **********
 PARAMETER   15  IS CONSTANT.   IGNORED.
 **********
 **   14 **FIX           16
 **********
 **********
 **   15 **MIGRAD
 **********
 FIRST CALL TO USER FUNCTION AT NEW START POINT, WITH IFLAG=4.
 START MIGRAD MINIMIZATION.  STRATEGY  1.  CONVERGENCE WHEN EDM .LT. 1.00e-04
 FCN=10632.2 FROM MIGRAD    STATUS=INITIATE       10 CALLS          11 TOTAL
                     EDM= unknown      STRATEGY= 1      NO ERROR MATRIX       
  EXT PARAMETER               CURRENT GUESS       STEP         FIRST   
  NO.   NAME      VALUE            ERROR          SIZE      DERIVATIVE 
   1  N0           3.09951e+06   1.00000e+02   1.00000e+02   1.25916e-01
   2  tau          6.44040e+01   constant   
   3  A0           3.49546e-01   1.00000e-04   1.00000e-04   4.01994e+05
   4  phi          4.11711e+00   1.00000e-02   1.00000e-02   8.65983e+04
   5  R           -6.28522e+01   constant   
   6  alpha_CBO    0.00000e+00     fixed    
   7  w_CBO        2.32527e+00   constant   
   8  beta_CBO     0.00000e+00     fixed    
   9  alpha_2CBO   0.00000e+00     fixed    
  10  beta_2CBO    0.00000e+00     fixed    
  11  alpha_y      0.00000e+00     fixed    
  12  w_y          1.44500e+01   constant   
  13  beta_y       0.00000e+00     fixed    
  14  alpha_vw     0.00000e+00     fixed    
  15  w_vw         1.29000e+01   constant   
  16  beta_vw      0.00000e+00     fixed    
  17  LM          -8.03462e-05   constant   
  18  zeta_y       0.00000e+00   constant   
  19  zeta_vw      0.00000e+00   constant   
 MIGRAD MINIMIZATION HAS CONVERGED.
 MIGRAD WILL VERIFY CONVERGENCE AND ERROR MATRIX.
 COVARIANCE MATRIX CALCULATED SUCCESSFULLY
 FCN=10132.3 FROM MIGRAD    STATUS=CONVERGED      49 CALLS          50 TOTAL
                     EDM=6.70124e-08    STRATEGY= 1      ERROR MATRIX ACCURATE 
  EXT PARAMETER                                   STEP         FIRST   
  NO.   NAME      VALUE            ERROR          SIZE      DERIVATIVE 
   1  N0           3.09750e+06   1.83086e+02   8.94403e+00   1.08941e-06
   2  tau          6.44040e+01   constant   
   3  A0           3.48303e-01   8.01820e-05   3.92639e-06   3.22673e+00
   4  phi          4.11425e+00   2.43593e-04   1.19374e-05   6.89702e-01
   5  R           -6.28522e+01   constant   
   6  alpha_CBO    0.00000e+00     fixed    
   7  w_CBO        2.32527e+00   constant   
   8  beta_CBO     0.00000e+00     fixed    
   9  alpha_2CBO   0.00000e+00     fixed    
  10  beta_2CBO    0.00000e+00     fixed    
  11  alpha_y      0.00000e+00     fixed    
  12  w_y          1.44500e+01   constant   
  13  beta_y       0.00000e+00     fixed    
  14  alpha_vw     0.00000e+00     fixed    
  15  w_vw         1.29000e+01   constant   
  16  beta_vw      0.00000e+00     fixed    
  17  LM          -8.03462e-05   constant   
  18  zeta_y       0.00000e+00   constant   
  19  zeta_vw      0.00000e+00   constant   
 EXTERNAL ERROR MATRIX.    NDIM=  25    NPAR=  3    ERR DEF=1
  3.352e+04 -1.157e-03  3.056e-03 
 -1.157e-03  6.429e-09  5.877e-10 
  3.056e-03  5.877e-10  5.934e-08 
 PARAMETER  CORRELATION COEFFICIENTS  
       NO.  GLOBAL      1      3      4
        1  0.10601   1.000 -0.079  0.069
        3  0.08645  -0.079  1.000  0.030
        4  0.07723   0.069  0.030  1.000
MINUIT - FIT ONLY 1-CBO + wiggle
 **********
 **   16 **RES 
 **********
                   PARAMETER   16  beta_vw RESTORED TO VARIABLE.
                   PARAMETER   14  alpha_vw RESTORED TO VARIABLE.
                   PARAMETER   13  beta_y RESTORED TO VARIABLE.
                   PARAMETER   11  alpha_y RESTORED TO VARIABLE.
                   PARAMETER   10  beta_2CBO RESTORED TO VARIABLE.
                   PARAMETER    9  alpha_2CBO RESTORED TO VARIABLE.
                   PARAMETER    8  beta_CBO RESTORED TO VARIABLE.
                   PARAMETER    6  alpha_CBO RESTORED TO VARIABLE.
 **********
 **   17 **FIX            8
 **********
 **********
 **   18 **FIX            9
 **********
 **********
 **   19 **FIX           11
 **********
 **********
 **   20 **FIX           12
 **********
 PARAMETER   12  IS CONSTANT.   IGNORED.
 **********
 **   21 **FIX           14
 **********
 **********
 **   22 **FIX           15
 **********
 PARAMETER   15  IS CONSTANT.   IGNORED.
 **********
 **   23 **FIX           16
 **********
 **********
 **   24 **MIGRAD
 **********
 START MIGRAD MINIMIZATION.  STRATEGY  1.  CONVERGENCE WHEN EDM .LT. 1.00e-04
 FCN=10132.3 FROM MIGRAD    STATUS=INITIATE       18 CALLS          68 TOTAL
                     EDM= unknown      STRATEGY= 1      NO ERROR MATRIX       
  EXT PARAMETER               CURRENT GUESS       STEP         FIRST   
  NO.   NAME      VALUE            ERROR          SIZE      DERIVATIVE 
   1  N0           3.09750e+06   1.83086e+02   8.94403e+00   1.08940e-06
   2  tau          6.44040e+01   constant   
   3  A0           3.48303e-01   8.01820e-05   3.92639e-06   3.22675e+00
   4  phi          4.11425e+00   2.43593e-04   1.19374e-05   6.89769e-01
   5  R           -6.28522e+01   constant   
   6  alpha_CBO    0.00000e+00   1.00000e-03   1.00000e-03  -2.15544e+05
   7  w_CBO        2.32527e+00   constant   
   8  beta_CBO     0.00000e+00     fixed    
   9  alpha_2CBO   0.00000e+00     fixed    
  10  beta_2CBO    0.00000e+00   1.00000e-03   1.00000e-03   2.74334e+05
  11  alpha_y      0.00000e+00     fixed    
  12  w_y          1.44500e+01   constant   
  13  beta_y       0.00000e+00   1.00000e-03   1.00000e-03  -2.25815e+05
  14  alpha_vw     0.00000e+00     fixed    
  15  w_vw         1.29000e+01   constant   
  16  beta_vw      0.00000e+00     fixed    
  17  LM          -8.03462e-05   constant   
  18  zeta_y       0.00000e+00   constant   
  19  zeta_vw      0.00000e+00   constant   
 MIGRAD MINIMIZATION HAS CONVERGED.
 MIGRAD WILL VERIFY CONVERGENCE AND ERROR MATRIX.
 COVARIANCE MATRIX CALCULATED SUCCESSFULLY
 FCN=9839.94 FROM MIGRAD    STATUS=CONVERGED     112 CALLS         162 TOTAL
                     EDM=1.33555e-05    STRATEGY= 1      ERROR MATRIX ACCURATE 
  EXT PARAMETER                                   STEP         FIRST   
  NO.   NAME      VALUE            ERROR          SIZE      DERIVATIVE 
   1  N0           3.09752e+06   1.83719e+02   8.81410e+00  -1.01586e-05
   2  tau          6.44040e+01   constant   
   3  A0           3.48330e-01   8.04264e-05   3.86917e-06  -3.43753e+00
   4  phi          4.11382e+00   2.48331e-04   1.17636e-05  -2.81049e+00
   5  R           -6.28522e+01   constant   
   6  alpha_CBO    7.35939e-04   8.63085e-05   4.06254e-06  -2.03871e+01
   7  w_CBO        2.32527e+00   constant   
   8  beta_CBO     0.00000e+00     fixed    
   9  alpha_2CBO   0.00000e+00     fixed    
  10  beta_2CBO   -8.92767e-04   8.40172e-05   4.04533e-06  -1.33466e+01
  11  alpha_y      0.00000e+00     fixed    
  12  w_y          1.44500e+01   constant   
  13  beta_y       8.02280e-04   8.37161e-05   4.05269e-06  -4.91006e+01
  14  alpha_vw     0.00000e+00     fixed    
  15  w_vw         1.29000e+01   constant   
  16  beta_vw      0.00000e+00     fixed    
  17  LM          -8.03462e-05   constant   
  18  zeta_y       0.00000e+00   constant   
  19  zeta_vw      0.00000e+00   constant   
 EXTERNAL ERROR MATRIX.    NDIM=  25    NPAR=  6    ERR DEF=1
  3.375e+04 -1.065e-03  2.523e-03  9.546e-04  9.088e-04  3.224e-04 
 -1.065e-03  6.468e-09  3.175e-10  4.926e-10  2.570e-10  7.750e-11 
  2.523e-03  3.175e-10  6.167e-08 -4.170e-09 -2.834e-10 -1.226e-10 
  9.546e-04  4.926e-10 -4.170e-09  7.449e-09  6.364e-10  1.812e-10 
  9.088e-04  2.570e-10 -2.834e-10  6.364e-10  7.059e-09  6.130e-11 
  3.224e-04  7.750e-11 -1.226e-10  1.812e-10  6.130e-11  7.008e-09 
 PARAMETER  CORRELATION COEFFICIENTS  
       NO.  GLOBAL      1      3      4      6     10     13
        1  0.13426   1.000 -0.072  0.055  0.060  0.059  0.021
        3  0.11655  -0.072  1.000  0.016  0.071  0.038  0.012
        4  0.20882   0.055  0.016  1.000 -0.195 -0.014 -0.006
        6  0.23601   0.060  0.071 -0.195  1.000  0.088  0.025
       10  0.10916   0.059  0.038 -0.014  0.088  1.000  0.009
       13  0.03420   0.021  0.012 -0.006  0.025  0.009  1.000
MINUIT - FIT ONLY 2-CBO
 **********
 **   25 **RES 
 **********
                   PARAMETER   16  beta_vw RESTORED TO VARIABLE.
                   PARAMETER   14  alpha_vw RESTORED TO VARIABLE.
                   PARAMETER   11  alpha_y RESTORED TO VARIABLE.
                   PARAMETER    9  alpha_2CBO RESTORED TO VARIABLE.
                   PARAMETER    8  beta_CBO RESTORED TO VARIABLE.
 **********
 **   26 **FIX            0
 **********
 PARAMETER    0  IS UNDEFINED. IGNORED.
 **********
 **   27 **FIX            1
 **********
 **********
 **   28 **FIX            2
 **********
 PARAMETER    2  IS CONSTANT.   IGNORED.
 **********
 **   29 **FIX            3
 **********
 **********
 **   30 **FIX            4
 **********
 **********
 **   31 **FIX            5
 **********
 PARAMETER    5  IS CONSTANT.   IGNORED.
 **********
 **   32 **FIX            6
 **********
 **********
 **   33 **FIX            7
 **********
 PARAMETER    7  IS CONSTANT.   IGNORED.
 **********
 **   34 **FIX           10
 **********
 **********
 **   35 **FIX           11
 **********
 **********
 **   36 **FIX           12
 **********
 PARAMETER   12  IS CONSTANT.   IGNORED.
 **********
 **   37 **FIX           13
 **********
 **********
 **   38 **FIX           14
 **********
 **********
 **   39 **FIX           15
 **********
 PARAMETER   15  IS CONSTANT.   IGNORED.
 **********
 **   40 **FIX           16
 **********
 **********
 **   41 **MIGRAD
 **********
 START MIGRAD MINIMIZATION.  STRATEGY  1.  CONVERGENCE WHEN EDM .LT. 1.00e-04
 FCN=9839.94 FROM MIGRAD    STATUS=INITIATE        8 CALLS         170 TOTAL
                     EDM= unknown      STRATEGY= 1      NO ERROR MATRIX       
  EXT PARAMETER               CURRENT GUESS       STEP         FIRST   
  NO.   NAME      VALUE            ERROR          SIZE      DERIVATIVE 
   1  N0           3.09752e+06     fixed    
   2  tau          6.44040e+01   constant   
   3  A0           3.48330e-01     fixed    
   4  phi          4.11382e+00     fixed    
   5  R           -6.28522e+01   constant   
   6  alpha_CBO    7.35939e-04     fixed    
   7  w_CBO        2.32527e+00   constant   
   8  beta_CBO     0.00000e+00   1.00000e-03   1.00000e-03  -2.27053e+06
   9  alpha_2CBO   0.00000e+00   1.00000e-03   1.00000e-03  -7.46894e+04
  10  beta_2CBO   -8.92767e-04     fixed    
  11  alpha_y      0.00000e+00     fixed    
  12  w_y          1.44500e+01   constant   
  13  beta_y       8.02280e-04     fixed    
  14  alpha_vw     0.00000e+00     fixed    
  15  w_vw         1.29000e+01   constant   
  16  beta_vw      0.00000e+00     fixed    
  17  LM          -8.03462e-05   constant   
  18  zeta_y       0.00000e+00   constant   
  19  zeta_vw      0.00000e+00   constant   
 MIGRAD MINIMIZATION HAS CONVERGED.
 MIGRAD WILL VERIFY CONVERGENCE AND ERROR MATRIX.
 COVARIANCE MATRIX CALCULATED SUCCESSFULLY
 FCN=1089.83 FROM MIGRAD    STATUS=CONVERGED      35 CALLS         197 TOTAL
                     EDM=1.52103e-17    STRATEGY= 1      ERROR MATRIX ACCURATE 
  EXT PARAMETER                                   STEP         FIRST   
  NO.   NAME      VALUE            ERROR          SIZE      DERIVATIVE 
   1  N0           3.09752e+06     fixed    
   2  tau          6.44040e+01   constant   
   3  A0           3.48330e-01     fixed    
   4  phi          4.11382e+00     fixed    
   5  R           -6.28522e+01   constant   
   6  alpha_CBO    7.35939e-04     fixed    
   7  w_CBO        2.32527e+00   constant   
   8  beta_CBO     7.70399e-03   8.24036e-05   1.32867e-06  -4.87718e-05
   9  alpha_2CBO   1.08438e-04   8.27447e-05   1.33417e-06   4.47362e-05
  10  beta_2CBO   -8.92767e-04     fixed    
  11  alpha_y      0.00000e+00     fixed    
  12  w_y          1.44500e+01   constant   
  13  beta_y       8.02280e-04     fixed    
  14  alpha_vw     0.00000e+00     fixed    
  15  w_vw         1.29000e+01   constant   
  16  beta_vw      0.00000e+00     fixed    
  17  LM          -8.03462e-05   constant   
  18  zeta_y       0.00000e+00   constant   
  19  zeta_vw      0.00000e+00   constant   
 EXTERNAL ERROR MATRIX.    NDIM=  25    NPAR=  2    ERR DEF=1
  6.790e-09 -1.297e-10 
 -1.297e-10  6.847e-09 
 PARAMETER  CORRELATION COEFFICIENTS  
       NO.  GLOBAL      8      9
        8  0.01902   1.000 -0.019
        9  0.01902  -0.019  1.000
MINUIT - FIT wiggle + 1-CBO + 2-CBO
 **********
 **   42 **RES 
 **********
                   PARAMETER   16  beta_vw RESTORED TO VARIABLE.
                   PARAMETER   14  alpha_vw RESTORED TO VARIABLE.
                   PARAMETER   13  beta_y RESTORED TO VARIABLE.
                   PARAMETER   11  alpha_y RESTORED TO VARIABLE.
                   PARAMETER   10  beta_2CBO RESTORED TO VARIABLE.
                   PARAMETER    6  alpha_CBO RESTORED TO VARIABLE.
                   PARAMETER    4  phi RESTORED TO VARIABLE.
                   PARAMETER    3  A0 RESTORED TO VARIABLE.
                   PARAMETER    1  N0 RESTORED TO VARIABLE.
 **********
 **   43 **FIX           10
 **********
 **********
 **   44 **FIX           11
 **********
 **********
 **   45 **FIX           12
 **********
 PARAMETER   12  IS CONSTANT.   IGNORED.
 **********
 **   46 **FIX           13
 **********
 **********
 **   47 **FIX           14
 **********
 **********
 **   48 **FIX           15
 **********
 PARAMETER   15  IS CONSTANT.   IGNORED.
 **********
 **   49 **FIX           16
 **********
 **********
 **   50 **MIGRAD
 **********
 START MIGRAD MINIMIZATION.  STRATEGY  1.  CONVERGENCE WHEN EDM .LT. 1.00e-04
 FCN=1089.83 FROM MIGRAD    STATUS=INITIATE       12 CALLS         209 TOTAL
                     EDM= unknown      STRATEGY= 1      NO ERROR MATRIX       
  EXT PARAMETER               CURRENT GUESS       STEP         FIRST   
  NO.   NAME      VALUE            ERROR          SIZE      DERIVATIVE 
   1  N0           3.09752e+06   1.83719e+02   1.83719e+02  -7.07323e-02
   2  tau          6.44040e+01   constant   
   3  A0           3.48330e-01   8.04264e-05   8.04264e-05  -4.17306e+05
   4  phi          4.11382e+00   2.48331e-04   2.48331e-04  -1.00862e+05
   5  R           -6.28522e+01   constant   
   6  alpha_CBO    7.35939e-04   8.63085e-05   8.63085e-05  -8.89979e+04
   7  w_CBO        2.32527e+00   constant   
   8  beta_CBO     7.70399e-03   8.24036e-05   1.32867e-06  -5.31356e-05
   9  alpha_2CBO   1.08438e-04   8.27447e-05   1.33417e-06   5.53876e-06
  10  beta_2CBO   -8.92767e-04     fixed    
  11  alpha_y      0.00000e+00     fixed    
  12  w_y          1.44500e+01   constant   
  13  beta_y       8.02280e-04     fixed    
  14  alpha_vw     0.00000e+00     fixed    
  15  w_vw         1.29000e+01   constant   
  16  beta_vw      0.00000e+00     fixed    
  17  LM          -8.03462e-05   constant   
  18  zeta_y       0.00000e+00   constant   
  19  zeta_vw      0.00000e+00   constant   
 MIGRAD MINIMIZATION HAS CONVERGED.
 MIGRAD WILL VERIFY CONVERGENCE AND ERROR MATRIX.
 COVARIANCE MATRIX CALCULATED SUCCESSFULLY
 FCN=573.468 FROM MIGRAD    STATUS=CONVERGED     120 CALLS         317 TOTAL
                     EDM=2.41768e-07    STRATEGY= 1      ERROR MATRIX ACCURATE 
  EXT PARAMETER                                   STEP         FIRST   
  NO.   NAME      VALUE            ERROR          SIZE      DERIVATIVE 
   1  N0           3.09872e+06   1.83828e+02   2.13036e+00  -3.08105e-06
   2  tau          6.44040e+01   constant   
   3  A0           3.49755e-01   8.16237e-05   9.33848e-07   3.55710e+00
   4  phi          4.11708e+00   2.49998e-04   2.83049e-06  -8.04678e-02
   5  R           -6.28522e+01   constant   
   6  alpha_CBO    9.96951e-04   8.61010e-05   9.81120e-07  -1.10719e+00
   7  w_CBO        2.32527e+00   constant   
   8  beta_CBO     8.15643e-03   8.47450e-05   9.63826e-07  -4.88686e-01
   9  alpha_2CBO   8.46258e-05   8.29590e-05   9.67813e-07   2.78998e+00
  10  beta_2CBO   -8.92767e-04     fixed    
  11  alpha_y      0.00000e+00     fixed    
  12  w_y          1.44500e+01   constant   
  13  beta_y       8.02280e-04     fixed    
  14  alpha_vw     0.00000e+00     fixed    
  15  w_vw         1.29000e+01   constant   
  16  beta_vw      0.00000e+00     fixed    
  17  LM          -8.03462e-05   constant   
  18  zeta_y       0.00000e+00   constant   
  19  zeta_vw      0.00000e+00   constant   
 EXTERNAL ERROR MATRIX.    NDIM=  25    NPAR=  6    ERR DEF=1
  3.379e+04 -9.114e-04  2.932e-03  9.139e-04  9.597e-04  3.608e-04 
 -9.114e-04  6.662e-09  8.443e-10  5.046e-10  1.254e-09  3.854e-12 
  2.932e-03  8.443e-10  6.250e-08 -4.102e-09  2.907e-09 -1.120e-09 
  9.139e-04  5.046e-10 -4.102e-09  7.413e-09  2.125e-10  4.213e-10 
  9.597e-04  1.254e-09  2.907e-09  2.125e-10  7.182e-09 -1.561e-10 
  3.608e-04  3.854e-12 -1.120e-09  4.213e-10 -1.561e-10  6.882e-09 
 PARAMETER  CORRELATION COEFFICIENTS  
       NO.  GLOBAL      1      3      4      6      8      9
        1  0.13589   1.000 -0.061  0.064  0.058  0.062  0.024
        3  0.21052  -0.061  1.000  0.041  0.072  0.181  0.001
        4  0.25311   0.064  0.041  1.000 -0.191  0.137 -0.054
        6  0.22797   0.058  0.072 -0.191  1.000  0.029  0.059
        8  0.23576   0.062  0.181  0.137  0.029  1.000 -0.022
        9  0.07945   0.024  0.001 -0.054  0.059 -0.022  1.000
MINUIT - FIT ONLY 1-y
 **********
 **   51 **RES 
 **********
                   PARAMETER   16  beta_vw RESTORED TO VARIABLE.
                   PARAMETER   14  alpha_vw RESTORED TO VARIABLE.
                   PARAMETER   13  beta_y RESTORED TO VARIABLE.
                   PARAMETER   11  alpha_y RESTORED TO VARIABLE.
                   PARAMETER   10  beta_2CBO RESTORED TO VARIABLE.
 **********
 **   52 **FIX            0
 **********
 PARAMETER    0  IS UNDEFINED. IGNORED.
 **********
 **   53 **FIX            1
 **********
 **********
 **   54 **FIX            2
 **********
 PARAMETER    2  IS CONSTANT.   IGNORED.
 **********
 **   55 **FIX            3
 **********
 **********
 **   56 **FIX            4
 **********
 **********
 **   57 **FIX            5
 **********
 PARAMETER    5  IS CONSTANT.   IGNORED.
 **********
 **   58 **FIX            6
 **********
 **********
 **   59 **FIX            7
 **********
 PARAMETER    7  IS CONSTANT.   IGNORED.
 **********
 **   60 **FIX            8
 **********
 **********
 **   61 **FIX            9
 **********
 **********
 **   62 **FIX           13
 **********
 **********
 **   63 **FIX           14
 **********
 **********
 **   64 **FIX           15
 **********
 PARAMETER   15  IS CONSTANT.   IGNORED.
 **********
 **   65 **FIX           16
 **********
 **********
 **   66 **MIGRAD
 **********
 START MIGRAD MINIMIZATION.  STRATEGY  1.  CONVERGENCE WHEN EDM .LT. 1.00e-04
 FCN=573.468 FROM MIGRAD    STATUS=INITIATE        6 CALLS         323 TOTAL
                     EDM= unknown      STRATEGY= 1      NO ERROR MATRIX       
  EXT PARAMETER               CURRENT GUESS       STEP         FIRST   
  NO.   NAME      VALUE            ERROR          SIZE      DERIVATIVE 
   1  N0           3.09872e+06     fixed    
   2  tau          6.44040e+01   constant   
   3  A0           3.49755e-01     fixed    
   4  phi          4.11708e+00     fixed    
   5  R           -6.28522e+01   constant   
   6  alpha_CBO    9.96951e-04     fixed    
   7  w_CBO        2.32527e+00   constant   
   8  beta_CBO     8.15643e-03     fixed    
   9  alpha_2CBO   8.46258e-05     fixed    
  10  beta_2CBO   -8.92767e-04   8.40172e-05   8.40172e-05  -1.59763e+05
  11  alpha_y      0.00000e+00   1.00000e-03   1.00000e-03   3.21797e+05
  12  w_y          1.44500e+01   constant   
  13  beta_y       8.02280e-04     fixed    
  14  alpha_vw     0.00000e+00     fixed    
  15  w_vw         1.29000e+01   constant   
  16  beta_vw      0.00000e+00     fixed    
  17  LM          -8.03462e-05   constant   
  18  zeta_y       0.00000e+00   constant   
  19  zeta_vw      0.00000e+00   constant   
 MIGRAD MINIMIZATION HAS CONVERGED.
 MIGRAD WILL VERIFY CONVERGENCE AND ERROR MATRIX.
 COVARIANCE MATRIX CALCULATED SUCCESSFULLY
 FCN=354.019 FROM MIGRAD    STATUS=CONVERGED      26 CALLS         343 TOTAL
                     EDM=6.10231e-07    STRATEGY= 1      ERROR MATRIX ACCURATE 
  EXT PARAMETER                                   STEP         FIRST   
  NO.   NAME      VALUE            ERROR          SIZE      DERIVATIVE 
   1  N0           3.09872e+06     fixed    
   2  tau          6.44040e+01   constant   
   3  A0           3.49755e-01     fixed    
   4  phi          4.11708e+00     fixed    
   5  R           -6.28522e+01   constant   
   6  alpha_CBO    9.96951e-04     fixed    
   7  w_CBO        2.32527e+00   constant   
   8  beta_CBO     8.15643e-03     fixed    
   9  alpha_2CBO   8.46258e-05     fixed    
  10  beta_2CBO   -3.45777e-04   8.34810e-05   7.68009e-07   1.18308e+01
  11  alpha_y     -1.09235e-03   8.25799e-05   7.59720e-07   5.89006e+00
  12  w_y          1.44500e+01   constant   
  13  beta_y       8.02280e-04     fixed    
  14  alpha_vw     0.00000e+00     fixed    
  15  w_vw         1.29000e+01   constant   
  16  beta_vw      0.00000e+00     fixed    
  17  LM          -8.03462e-05   constant   
  18  zeta_y       0.00000e+00   constant   
  19  zeta_vw      0.00000e+00   constant   
 EXTERNAL ERROR MATRIX.    NDIM=  25    NPAR=  2    ERR DEF=1
  6.969e-09  6.044e-11 
  6.044e-11  6.819e-09 
 PARAMETER  CORRELATION COEFFICIENTS  
       NO.  GLOBAL     10     11
       10  0.00877   1.000  0.009
       11  0.00877   0.009  1.000
MINUIT - FIT ONLY 2-y
 **********
 **   67 **RES 
 **********
                   PARAMETER   16  beta_vw RESTORED TO VARIABLE.
                   PARAMETER   14  alpha_vw RESTORED TO VARIABLE.
                   PARAMETER   13  beta_y RESTORED TO VARIABLE.
                   PARAMETER    9  alpha_2CBO RESTORED TO VARIABLE.
                   PARAMETER    8  beta_CBO RESTORED TO VARIABLE.
                   PARAMETER    6  alpha_CBO RESTORED TO VARIABLE.
                   PARAMETER    4  phi RESTORED TO VARIABLE.
                   PARAMETER    3  A0 RESTORED TO VARIABLE.
                   PARAMETER    1  N0 RESTORED TO VARIABLE.
 **********
 **   68 **FIX            0
 **********
 PARAMETER    0  IS UNDEFINED. IGNORED.
 **********
 **   69 **FIX            1
 **********
 **********
 **   70 **FIX            2
 **********
 PARAMETER    2  IS CONSTANT.   IGNORED.
 **********
 **   71 **FIX            3
 **********
 **********
 **   72 **FIX            4
 **********
 **********
 **   73 **FIX            5
 **********
 PARAMETER    5  IS CONSTANT.   IGNORED.
 **********
 **   74 **FIX            6
 **********
 **********
 **   75 **FIX            7
 **********
 PARAMETER    7  IS CONSTANT.   IGNORED.
 **********
 **   76 **FIX            8
 **********
 **********
 **   77 **FIX            9
 **********
 **********
 **   78 **FIX           10
 **********
 **********
 **   79 **FIX           11
 **********
 **********
 **   80 **FIX           12
 **********
 PARAMETER   12  IS CONSTANT.   IGNORED.
 **********
 **   81 **FIX           16
 **********
 **********
 **   82 **MIGRAD
 **********
 START MIGRAD MINIMIZATION.  STRATEGY  1.  CONVERGENCE WHEN EDM .LT. 1.00e-04
 FCN=354.019 FROM MIGRAD    STATUS=INITIATE        6 CALLS         349 TOTAL
                     EDM= unknown      STRATEGY= 1      NO ERROR MATRIX       
  EXT PARAMETER               CURRENT GUESS       STEP         FIRST   
  NO.   NAME      VALUE            ERROR          SIZE      DERIVATIVE 
   1  N0           3.09872e+06     fixed    
   2  tau          6.44040e+01   constant   
   3  A0           3.49755e-01     fixed    
   4  phi          4.11708e+00     fixed    
   5  R           -6.28522e+01   constant   
   6  alpha_CBO    9.96951e-04     fixed    
   7  w_CBO        2.32527e+00   constant   
   8  beta_CBO     8.15643e-03     fixed    
   9  alpha_2CBO   8.46258e-05     fixed    
  10  beta_2CBO   -3.45777e-04     fixed    
  11  alpha_y     -1.09235e-03     fixed    
  12  w_y          1.44500e+01   constant   
  13  beta_y       8.02280e-04   8.37161e-05   8.37161e-05  -3.00800e+04
  14  alpha_vw     0.00000e+00   1.00000e-03   1.00000e-03  -5.78350e+04
  15  w_vw         1.29000e+01   constant   
  16  beta_vw      0.00000e+00     fixed    
  17  LM          -8.03462e-05   constant   
  18  zeta_y       0.00000e+00   constant   
  19  zeta_vw      0.00000e+00   constant   
 MIGRAD MINIMIZATION HAS CONVERGED.
 MIGRAD WILL VERIFY CONVERGENCE AND ERROR MATRIX.
 COVARIANCE MATRIX CALCULATED SUCCESSFULLY
 FCN=347.18 FROM MIGRAD    STATUS=CONVERGED      32 CALLS         375 TOTAL
                     EDM=2.74226e-17    STRATEGY= 1      ERROR MATRIX ACCURATE 
  EXT PARAMETER                                   STEP         FIRST   
  NO.   NAME      VALUE            ERROR          SIZE      DERIVATIVE 
   1  N0           3.09872e+06     fixed    
   2  tau          6.44040e+01   constant   
   3  A0           3.49755e-01     fixed    
   4  phi          4.11708e+00     fixed    
   5  R           -6.28522e+01   constant   
   6  alpha_CBO    9.96951e-04     fixed    
   7  w_CBO        2.32527e+00   constant   
   8  beta_CBO     8.15643e-03     fixed    
   9  alpha_2CBO   8.46258e-05     fixed    
  10  beta_2CBO   -3.45777e-04     fixed    
  11  alpha_y     -1.09235e-03     fixed    
  12  w_y          1.44500e+01   constant   
  13  beta_y       8.86684e-04   8.41679e-05   7.62354e-07  -7.26989e-05
  14  alpha_vw     1.92599e-04   8.40152e-05   7.60972e-07   4.23914e-05
  15  w_vw         1.29000e+01   constant   
  16  beta_vw      0.00000e+00     fixed    
  17  LM          -8.03462e-05   constant   
  18  zeta_y       0.00000e+00   constant   
  19  zeta_vw      0.00000e+00   constant   
 EXTERNAL ERROR MATRIX.    NDIM=  25    NPAR=  2    ERR DEF=1
  7.084e-09 -7.657e-10 
 -7.657e-10  7.059e-09 
 PARAMETER  CORRELATION COEFFICIENTS  
       NO.  GLOBAL     13     14
       13  0.10829   1.000 -0.108
       14  0.10829  -0.108  1.000
MINUIT - FIT ALTOGETHER
 **********
 **   83 **RES 
 **********
                   PARAMETER   16  beta_vw RESTORED TO VARIABLE.
                   PARAMETER   11  alpha_y RESTORED TO VARIABLE.
                   PARAMETER   10  beta_2CBO RESTORED TO VARIABLE.
                   PARAMETER    9  alpha_2CBO RESTORED TO VARIABLE.
                   PARAMETER    8  beta_CBO RESTORED TO VARIABLE.
                   PARAMETER    6  alpha_CBO RESTORED TO VARIABLE.
                   PARAMETER    4  phi RESTORED TO VARIABLE.
                   PARAMETER    3  A0 RESTORED TO VARIABLE.
                   PARAMETER    1  N0 RESTORED TO VARIABLE.
 **********
 **   84 **MIGRAD
 **********
 START MIGRAD MINIMIZATION.  STRATEGY  1.  CONVERGENCE WHEN EDM .LT. 1.00e-04
 FCN=347.18 FROM MIGRAD    STATUS=INITIATE       24 CALLS         399 TOTAL
                     EDM= unknown      STRATEGY= 1      NO ERROR MATRIX       
  EXT PARAMETER               CURRENT GUESS       STEP         FIRST   
  NO.   NAME      VALUE            ERROR          SIZE      DERIVATIVE 
   1  N0           3.09872e+06   1.83828e+02   1.83828e+02  -3.58597e-03
   2  tau          6.44040e+01   constant   
   3  A0           3.49755e-01   8.16237e-05   8.16237e-05  -6.87637e+03
   4  phi          4.11708e+00   2.49998e-04   2.49998e-04  -1.10061e+03
   5  R           -6.28522e+01   constant   
   6  alpha_CBO    9.96951e-04   8.61010e-05   8.61010e-05  -1.19809e+04
   7  w_CBO        2.32527e+00   constant   
   8  beta_CBO     8.15643e-03   8.47450e-05   8.47450e-05  -6.63730e+03
   9  alpha_2CBO   8.46258e-05   8.29590e-05   8.29590e-05  -4.46173e+03
  10  beta_2CBO   -3.45777e-04   8.34810e-05   8.34810e-05  -1.22219e+03
  11  alpha_y     -1.09235e-03   8.25799e-05   8.25799e-05  -1.13997e+04
  12  w_y          1.44500e+01   constant   
  13  beta_y       8.86684e-04   8.41679e-05   7.62354e-07   2.88932e-05
  14  alpha_vw     1.92599e-04   8.40152e-05   7.60972e-07  -5.04215e-06
  15  w_vw         1.29000e+01   constant   
  16  beta_vw      0.00000e+00   1.00000e-03   1.00000e-03   2.84282e+04
  17  LM          -8.03462e-05   constant   
  18  zeta_y       0.00000e+00   constant   
  19  zeta_vw      0.00000e+00   constant   
 MIGRAD MINIMIZATION HAS CONVERGED.
 MIGRAD WILL VERIFY CONVERGENCE AND ERROR MATRIX.
 COVARIANCE MATRIX CALCULATED SUCCESSFULLY
 FCN=344.874 FROM MIGRAD    STATUS=CONVERGED     217 CALLS         592 TOTAL
                     EDM=4.88124e-07    STRATEGY= 1      ERROR MATRIX ACCURATE 
  EXT PARAMETER                                   STEP         FIRST   
  NO.   NAME      VALUE            ERROR          SIZE      DERIVATIVE 
   1  N0           3.09879e+06   1.84258e+02   1.65306e+00   1.81831e-07
   2  tau          6.44040e+01   constant   
   3  A0           3.49785e-01   8.17418e-05   7.24605e-07  -1.78107e+00
   4  phi          4.11711e+00   2.50074e-04   2.19605e-06  -1.93603e+00
   5  R           -6.28522e+01   constant   
   6  alpha_CBO    1.04696e-03   8.65012e-05   7.61269e-07  -1.56653e+00
   7  w_CBO        2.32527e+00   constant   
   8  beta_CBO     8.19034e-03   8.49674e-05   7.47843e-07  -6.13548e+00
   9  alpha_2CBO   1.03456e-04   8.30405e-05   7.50946e-07  -1.66525e+00
  10  beta_2CBO   -3.31381e-04   8.42275e-05   7.58037e-07   4.13996e+00
  11  alpha_y     -1.06238e-03   8.48291e-05   7.49855e-07   3.25977e+00
  12  w_y          1.44500e+01   constant   
  13  beta_y       8.66653e-04   8.63286e-05   7.59811e-07  -4.32106e+00
  14  alpha_vw     1.99676e-04   8.58644e-05   7.58433e-07  -2.69882e+00
  15  w_vw         1.29000e+01   constant   
  16  beta_vw     -1.00316e-04   8.53202e-05   7.51187e-07  -1.38055e+00
  17  LM          -8.03462e-05   constant   
  18  zeta_y       0.00000e+00   constant   
  19  zeta_vw      0.00000e+00   constant   
 EXTERNAL ERROR MATRIX.    NDIM=  25    NPAR= 11    ERR DEF=1
  3.395e+04 
 -8.579e-04  6.682e-09 
  2.902e-03  8.397e-10  6.254e-08 
  1.018e-03  5.416e-10 -4.114e-09  7.482e-09 
  1.035e-03  1.278e-09  2.882e-09  2.619e-10  7.219e-09 
  3.816e-04  1.382e-11 -1.102e-09  4.374e-10 -1.508e-10  6.896e-09 
  9.890e-04  3.484e-10 -1.576e-10  6.691e-10  4.951e-10  1.218e-10  7.094e-09 
  1.024e-04 -2.483e-11 -4.208e-10  2.950e-11  9.021e-11 -1.357e-10  9.579e-11  7.196e-09 
  3.161e-04  9.327e-11 -7.230e-11  1.736e-10  8.808e-11  7.080e-11  4.365e-11  9.223e-11  7.453e-09 
  4.208e-05 -5.884e-11 -5.099e-10 -2.611e-11  1.260e-10 -2.348e-10  1.580e-10  1.462e-09 -7.744e-10  7.373e-09 
 -1.083e-04 -3.745e-11 -1.208e-10 -9.460e-11 -5.944e-12 -1.340e-10 -4.890e-11  7.844e-10  1.611e-09  4.755e-11  7.280e-09 
 PARAMETER  CORRELATION COEFFICIENTS  
       NO.  GLOBAL      1      3      4      6      8      9     10     11     13     14     16
        1  0.15162   1.000 -0.057  0.063  0.064  0.066  0.025  0.064  0.007  0.020  0.003 -0.007
        3  0.21697  -0.057  1.000  0.041  0.077  0.184  0.002  0.051 -0.004  0.013 -0.008 -0.005
        4  0.25463   0.063  0.041  1.000 -0.190  0.136 -0.053 -0.007 -0.020 -0.003 -0.024 -0.006
        6  0.24651   0.064  0.077 -0.190  1.000  0.036  0.061  0.092  0.004  0.023 -0.004 -0.013
        8  0.24613   0.066  0.184  0.136  0.036  1.000 -0.021  0.069  0.013  0.012  0.017 -0.001
        9  0.09111   0.025  0.002 -0.053  0.061 -0.021  1.000  0.017 -0.019  0.010 -0.033 -0.019
       10  0.13329   0.064  0.051 -0.007  0.092  0.069  0.017  1.000  0.013  0.006  0.022 -0.007
       11  0.22899   0.007 -0.004 -0.020  0.004  0.013 -0.019  0.013  1.000  0.013  0.201  0.108
       13  0.24620   0.020  0.013 -0.003  0.023  0.012  0.010  0.006  0.013  1.000 -0.104  0.219
       14  0.23210   0.003 -0.008 -0.024 -0.004  0.017 -0.033  0.022  0.201 -0.104  1.000  0.006
       16  0.24492  -0.007 -0.005 -0.006 -0.013 -0.001 -0.019 -0.007  0.108  0.219  0.006  1.000
MINUIT - MINOS
 **********
 **   85 **RES 
 **********
 CALL TO MNFREE IGNORED.  THERE ARE NO FIXED PARAMETERS
 **********
 **   86 **MIG      2.5e+04        0.01
 **********
 START MIGRAD MINIMIZATION.  STRATEGY  1.  CONVERGENCE WHEN EDM .LT. 1.00e-05
 FCN=344.874 FROM MIGRAD    STATUS=INITIATE       22 CALLS         614 TOTAL
                     EDM=2.44048e-07    STRATEGY= 1      ERROR MATRIX ACCURATE 
  EXT PARAMETER                                   STEP         FIRST   
  NO.   NAME      VALUE            ERROR          SIZE      DERIVATIVE 
   1  N0           3.09879e+06   1.84258e+02   1.65306e+00   1.81825e-07
   2  tau          6.44040e+01   constant   
   3  A0           3.49785e-01   8.17418e-05   7.24605e-07  -1.78110e+00
   4  phi          4.11711e+00   2.50074e-04   2.19605e-06  -1.93583e+00
   5  R           -6.28522e+01   constant   
   6  alpha_CBO    1.04696e-03   8.65012e-05   7.61269e-07  -1.56653e+00
   7  w_CBO        2.32527e+00   constant   
   8  beta_CBO     8.19034e-03   8.49674e-05   7.47843e-07  -6.13542e+00
   9  alpha_2CBO   1.03456e-04   8.30405e-05   7.50946e-07  -1.66524e+00
  10  beta_2CBO   -3.31381e-04   8.42275e-05   7.58037e-07   4.13989e+00
  11  alpha_y     -1.06238e-03   8.48291e-05   7.49855e-07   3.25978e+00
  12  w_y          1.44500e+01   constant   
  13  beta_y       8.66653e-04   8.63286e-05   7.59811e-07  -4.32110e+00
  14  alpha_vw     1.99676e-04   8.58644e-05   7.58433e-07  -2.69883e+00
  15  w_vw         1.29000e+01   constant   
  16  beta_vw     -1.00316e-04   8.53202e-05   7.51187e-07  -1.38057e+00
  17  LM          -8.03462e-05   constant   
  18  zeta_y       0.00000e+00   constant   
  19  zeta_vw      0.00000e+00   constant   
 MIGRAD MINIMIZATION HAS CONVERGED.
 FCN=344.874 FROM MIGRAD    STATUS=CONVERGED      45 CALLS         637 TOTAL
                     EDM=6.01788e-17    STRATEGY= 1  ERROR MATRIX UNCERTAINTY   0.0 per cent
  EXT PARAMETER                                   STEP         FIRST   
  NO.   NAME      VALUE            ERROR          SIZE      DERIVATIVE 
   1  N0           3.09879e+06   1.84258e+02   1.69754e-03   1.13476e-12
   2  tau          6.44040e+01   constant   
   3  A0           3.49785e-01   8.17418e-05   1.06141e-08  -4.74607e-06
   4  phi          4.11711e+00   2.50076e-04   6.58002e-08  -6.19932e-05
   5  R           -6.28522e+01   constant   
   6  alpha_CBO    1.04697e-03   8.65012e-05   2.27703e-09  -7.39226e-06
   7  w_CBO        2.32527e+00   constant   
   8  beta_CBO     8.19036e-03   8.49674e-05   2.52451e-08   3.15441e-06
   9  alpha_2CBO   1.03460e-04   8.30405e-05   4.24523e-09   8.06159e-06
  10  beta_2CBO   -3.31393e-04   8.42275e-05  -1.23551e-08   5.17415e-06
  11  alpha_y     -1.06238e-03   8.48291e-05  -9.46569e-09  -4.05561e-06
  12  w_y          1.44500e+01   constant   
  13  beta_y       8.66670e-04   8.63285e-05   1.63780e-08   9.01492e-06
  14  alpha_vw     1.99681e-04   8.58644e-05   5.22016e-09   1.38655e-05
  15  w_vw         1.29000e+01   constant   
  16  beta_vw     -1.00309e-04   8.53202e-05   7.04926e-09   3.85925e-06
  17  LM          -8.03462e-05   constant   
  18  zeta_y       0.00000e+00   constant   
  19  zeta_vw      0.00000e+00   constant   
 EXTERNAL ERROR MATRIX.    NDIM=  25    NPAR= 11    ERR DEF=1
  3.395e+04 
 -8.579e-04  6.682e-09 
  2.902e-03  8.398e-10  6.254e-08 
  1.018e-03  5.416e-10 -4.114e-09  7.482e-09 
  1.035e-03  1.278e-09  2.882e-09  2.618e-10  7.219e-09 
  3.816e-04  1.381e-11 -1.102e-09  4.374e-10 -1.508e-10  6.896e-09 
  9.890e-04  3.484e-10 -1.577e-10  6.691e-10  4.951e-10  1.218e-10  7.094e-09 
  1.023e-04 -2.483e-11 -4.208e-10  2.950e-11  9.021e-11 -1.357e-10  9.579e-11  7.196e-09 
  3.161e-04  9.326e-11 -7.221e-11  1.735e-10  8.807e-11  7.079e-11  4.366e-11  9.224e-11  7.453e-09 
  4.208e-05 -5.885e-11 -5.099e-10 -2.611e-11  1.260e-10 -2.348e-10  1.580e-10  1.462e-09 -7.744e-10  7.373e-09 
 -1.083e-04 -3.745e-11 -1.208e-10 -9.461e-11 -5.950e-12 -1.340e-10 -4.890e-11  7.844e-10  1.611e-09  4.754e-11  7.280e-09 
 PARAMETER  CORRELATION COEFFICIENTS  
       NO.  GLOBAL      1      3      4      6      8      9     10     11     13     14     16
        1  0.15162   1.000 -0.057  0.063  0.064  0.066  0.025  0.064  0.007  0.020  0.003 -0.007
        3  0.21697  -0.057  1.000  0.041  0.077  0.184  0.002  0.051 -0.004  0.013 -0.008 -0.005
        4  0.25463   0.063  0.041  1.000 -0.190  0.136 -0.053 -0.007 -0.020 -0.003 -0.024 -0.006
        6  0.24651   0.064  0.077 -0.190  1.000  0.036  0.061  0.092  0.004  0.023 -0.004 -0.013
        8  0.24614   0.066  0.184  0.136  0.036  1.000 -0.021  0.069  0.013  0.012  0.017 -0.001
        9  0.09111   0.025  0.002 -0.053  0.061 -0.021  1.000  0.017 -0.019  0.010 -0.033 -0.019
       10  0.13329   0.064  0.051 -0.007  0.092  0.069  0.017  1.000  0.013  0.006  0.022 -0.007
       11  0.22899   0.007 -0.004 -0.020  0.004  0.013 -0.019  0.013  1.000  0.013  0.201  0.108
       13  0.24620   0.020  0.013 -0.003  0.023  0.012  0.010  0.006  0.013  1.000 -0.104  0.219
       14  0.23210   0.003 -0.008 -0.024 -0.004  0.017 -0.033  0.022  0.201 -0.104  1.000  0.006
       16  0.24492  -0.007 -0.005 -0.006 -0.013 -0.001 -0.019 -0.007  0.108  0.219  0.006  1.000
 **********
 **   87 **MINO      2.5e+04
 **********
 FCN=344.874 FROM MINOS     STATUS=SUCCESSFUL    959 CALLS        1596 TOTAL
                     EDM=6.01788e-17    STRATEGY= 1  ERROR MATRIX UNCERTAINTY   0.0 per cent
  EXT PARAMETER                  PARABOLIC         MINOS ERRORS        
  NO.   NAME      VALUE            ERROR      NEGATIVE      POSITIVE   
   1  N0           3.09879e+06   1.84258e+02  -1.84258e+02   1.84258e+02
   2  tau          6.44040e+01   constant   
   3  A0           3.49785e-01   8.17418e-05  -8.17416e-05   8.17419e-05
   4  phi          4.11711e+00   2.50076e-04  -2.50077e-04   2.50071e-04
   5  R           -6.28522e+01   constant   
   6  alpha_CBO    1.04697e-03   8.65012e-05  -8.65016e-05   8.65009e-05
   7  w_CBO        2.32527e+00   constant   
   8  beta_CBO     8.19036e-03   8.49674e-05  -8.49678e-05   8.49671e-05
   9  alpha_2CBO   1.03460e-04   8.30405e-05  -8.30407e-05   8.30404e-05
  10  beta_2CBO   -3.31393e-04   8.42275e-05  -8.42279e-05   8.42272e-05
  11  alpha_y     -1.06238e-03   8.48291e-05  -8.48291e-05   8.48290e-05
  12  w_y          1.44500e+01   constant   
  13  beta_y       8.66670e-04   8.63285e-05  -8.63287e-05   8.63285e-05
  14  alpha_vw     1.99681e-04   8.58644e-05  -8.58644e-05   8.58643e-05
  15  w_vw         1.29000e+01   constant   
  16  beta_vw     -1.00309e-04   8.53202e-05  -8.53202e-05   8.53202e-05
  17  LM          -8.03462e-05   constant   
  18  zeta_y       0.00000e+00   constant   
  19  zeta_vw      0.00000e+00   constant   
 **********
 **   88 **SHO COR 
 **********
 PARAMETER  CORRELATION COEFFICIENTS  
       NO.  GLOBAL      1      3      4      6      8      9     10     11     13     14     16
        1  0.15162   1.000 -0.057  0.063  0.064  0.066  0.025  0.064  0.007  0.020  0.003 -0.007
        3  0.21697  -0.057  1.000  0.041  0.077  0.184  0.002  0.051 -0.004  0.013 -0.008 -0.005
        4  0.25463   0.063  0.041  1.000 -0.190  0.136 -0.053 -0.007 -0.020 -0.003 -0.024 -0.006
        6  0.24651   0.064  0.077 -0.190  1.000  0.036  0.061  0.092  0.004  0.023 -0.004 -0.013
        8  0.24614   0.066  0.184  0.136  0.036  1.000 -0.021  0.069  0.013  0.012  0.017 -0.001
        9  0.09111   0.025  0.002 -0.053  0.061 -0.021  1.000  0.017 -0.019  0.010 -0.033 -0.019
       10  0.13329   0.064  0.051 -0.007  0.092  0.069  0.017  1.000  0.013  0.006  0.022 -0.007
       11  0.22899   0.007 -0.004 -0.020  0.004  0.013 -0.019  0.013  1.000  0.013  0.201  0.108
       13  0.24620   0.020  0.013 -0.003  0.023  0.012  0.010  0.006  0.013  1.000 -0.104  0.219
       14  0.23210   0.003 -0.008 -0.024 -0.004  0.017 -0.033  0.022  0.201 -0.104  1.000  0.006
       16  0.24492  -0.007 -0.005 -0.006 -0.013 -0.001 -0.019 -0.007  0.108  0.219  0.006  1.000
