 + ++++++++++++++++++++++++++++++++++++++++++++++++++++++++++++++++++++ +
 +                                                                      +
 +           You have chose to blind your fitting according to          +
 +                omega_ref * (1 + (R +/- deltaR) *10^{-6})             +
 +                                                                      +
 + ++++++++++++++++++++++++++++++++++++++++++++++++++++++++++++++++++++ +
In main()...
reading format from /gm2data/zkhechad/run45/envelope/formats/formatB_sBin_constraintOn.txt
pBinTau 	= 0  
pBinPhi 	= 0  
constraintau 	= 1 
includeMopTerm 	= 0    
constrainMop    = 0   
Parameters after format file: pBinTau 0 pBinPhi 0 constraintau 1 includeMopTerm 0 constrainMop 0 c_e_scale 0.000000 
Opening file /gm2data/tbarrett/gm2fr/studies/run23_bunch_corrections/CorrectedFourier_Run3b.root.
reading full fit data from /gm2data/zkhechad/cboTemplates/Run4CBOTemplates/templateFits0_v2.0/noRF/sBin_constraintOn_cE0.0_seed0_noRF_calo22.root
windowBins = 17
fitting sliding window 90 from bin 226 at 33.570000 to bin 243 at 36.255600 (17 bins)

Reading data from /gm2data/cornell/histograms/aMethod/histogram_a_noRF.root
 **********
 **    1 **SET PRINTOUT            1
 **********
 **********
 **    2 **SET NOWARNINGS 
 **********
 PARAMETER DEFINITIONS:
    NO.   NAME         VALUE      STEP SIZE      LIMITS
     1 N0           3.01105e+06  1.00000e+02     no limits
     2 tau          6.44153e+01  constant
     3 A0           3.51737e-01  1.00000e-04     no limits
     4 phi          4.11590e+00  1.00000e-02     no limits
     5 R           -6.13262e+01  constant
     6 alpha_CBO    0.00000e+00  1.00000e-03     no limits
     7 w_CBO        2.32500e+00  constant
     8 beta_CBO     0.00000e+00  1.00000e-03     no limits
     9 alpha_2CBO   0.00000e+00  1.00000e-03     no limits
    10 beta_2CBO    0.00000e+00  1.00000e-03     no limits
    11 alpha_y      0.00000e+00  1.00000e-03     no limits
    12 w_y          1.44500e+01  constant
    13 beta_y       0.00000e+00  1.00000e-03     no limits
    14 alpha_vw     0.00000e+00  1.00000e-03     no limits
    15 w_vw         1.29000e+01  constant
    16 beta_vw      0.00000e+00  1.00000e-03     no limits
    17 LM           4.28749e-04  constant
    18 zeta_y       0.00000e+00  constant
    19 zeta_vw      0.00000e+00  constant
    20 T_CBO        1.00000e+02  1.00000e+00    0.00000e+00  1.00000e+03
    21 alpha_A0     0.00000e+00  1.00000e-03     no limits
    22 beta_A0      0.00000e+00  1.00000e-03     no limits
    23 alpha_phi    0.00000e+00  1.00000e-03     no limits
    24 beta_phi     0.00000e+00  1.00000e-03     no limits
MINUIT - FIT ONLY WIGGLE
 **********
 **    3 **FIX            5
 **********
 PARAMETER    5  IS CONSTANT.   IGNORED.
 **********
 **    4 **FIX            6
 **********
 **********
 **    5 **FIX            7
 **********
 PARAMETER    7  IS CONSTANT.   IGNORED.
 **********
 **    6 **FIX            8
 **********
 **********
 **    7 **FIX            9
 **********
 **********
 **    8 **FIX           10
 **********
 **********
 **    9 **FIX           11
 **********
 **********
 **   10 **FIX           12
 **********
 PARAMETER   12  IS CONSTANT.   IGNORED.
 **********
 **   11 **FIX           13
 **********
 **********
 **   12 **FIX           14
 **********
 **********
 **   13 **FIX           15
 **********
 PARAMETER   15  IS CONSTANT.   IGNORED.
 **********
 **   14 **FIX           16
 **********
 **********
 **   15 **MIGRAD
 **********
 FIRST CALL TO USER FUNCTION AT NEW START POINT, WITH IFLAG=4.
 START MIGRAD MINIMIZATION.  STRATEGY  1.  CONVERGENCE WHEN EDM .LT. 1.00e-04
 FCN=4281.69 FROM MIGRAD    STATUS=INITIATE      431 CALLS         432 TOTAL
                     EDM= unknown      STRATEGY= 1      NO ERROR MATRIX       
  EXT PARAMETER               CURRENT GUESS       STEP         FIRST   
  NO.   NAME      VALUE            ERROR          SIZE      DERIVATIVE 
   1  N0           3.01105e+06   1.00000e+02   0.00000e+00  -6.66238e-02
   2  tau          6.44153e+01   constant   
   3  A0           3.51737e-01   1.00000e-04   0.00000e+00  -5.59127e+05
   4  phi          4.11590e+00   1.00000e-02   0.00000e+00   3.78380e+04
   5  R           -6.13262e+01   constant   
   6  alpha_CBO    0.00000e+00     fixed    
   7  w_CBO        2.32500e+00   constant   
   8  beta_CBO     0.00000e+00     fixed    
   9  alpha_2CBO   0.00000e+00     fixed    
  10  beta_2CBO    0.00000e+00     fixed    
  11  alpha_y      0.00000e+00     fixed    
  12  w_y          1.44500e+01   constant   
  13  beta_y       0.00000e+00     fixed    
  14  alpha_vw     0.00000e+00     fixed    
  15  w_vw         1.29000e+01   constant   
  16  beta_vw      0.00000e+00     fixed    
  17  LM           4.28749e-04   constant   
  18  zeta_y       0.00000e+00   constant   
  19  zeta_vw      0.00000e+00   constant   
  20  T_CBO        1.00000e+02   1.00000e+00   0.00000e+00   0.00000e+00
  21  alpha_A0     0.00000e+00   1.00000e-03   0.00000e+00   1.08190e+05
  22  beta_A0      0.00000e+00   1.00000e-03   0.00000e+00  -3.15989e+03
  23  alpha_phi    0.00000e+00   1.00000e-03   0.00000e+00   2.72728e+03
  24  beta_phi     0.00000e+00   1.00000e-03   0.00000e+00   1.71954e+04
 CALL LIMIT EXCEEDED IN MIGRAD.
 MIGRAD TERMINATED WITHOUT CONVERGENCE.
 FCN=360.643 FROM MIGRAD    STATUS=CALL LIMIT   1321 CALLS        1322 TOTAL
                     EDM=0.0822718    STRATEGY= 1  ERROR MATRIX UNCERTAINTY  12.7 per cent
  EXT PARAMETER                APPROXIMATE        STEP         FIRST   
  NO.   NAME      VALUE            ERROR          SIZE      DERIVATIVE 
   1  N0           3.01299e+06   1.16817e+04  -5.44184e+03   4.11116e-05
   2  tau          6.44153e+01   constant   
   3  A0           3.56038e-01   3.84113e-03   2.20343e-03  -3.44019e+03
   4  phi          4.06562e+00   6.16737e-03  -1.84015e-03   9.57231e+01
   5  R           -6.13262e+01   constant   
   6  alpha_CBO    0.00000e+00     fixed    
   7  w_CBO        2.32500e+00   constant   
   8  beta_CBO     0.00000e+00     fixed    
   9  alpha_2CBO   0.00000e+00     fixed    
  10  beta_2CBO    0.00000e+00     fixed    
  11  alpha_y      0.00000e+00     fixed    
  12  w_y          1.44500e+01   constant   
  13  beta_y       0.00000e+00     fixed    
  14  alpha_vw     0.00000e+00     fixed    
  15  w_vw         1.29000e+01   constant   
  16  beta_vw      0.00000e+00     fixed    
  17  LM           4.28749e-04   constant   
  18  zeta_y       0.00000e+00   constant   
  19  zeta_vw      0.00000e+00   constant   
  20  T_CBO        3.45195e+02   8.20034e+01  -8.79638e-03  -2.93459e+00
  21  alpha_A0    -3.23030e-02   1.39741e-02   8.17026e-03   9.55512e+02
  22  beta_A0     -5.10972e-02   1.71902e-02  -6.79404e-03  -1.22726e+02
  23  alpha_phi   -5.14106e-02   1.74770e-02  -7.67045e-03  -2.37818e+00
  24  beta_phi     2.34152e-02   1.19688e-02  -6.98564e-03   1.04369e+02
 EXTERNAL ERROR MATRIX.    NDIM=  25    NPAR=  8    ERR DEF=1
  1.365e+08 -4.233e+01  6.667e+01 -6.070e+05 -1.537e+02  1.986e+02  2.034e+02  1.264e+02 
 -4.233e+01  1.475e-05 -1.857e-05  1.156e-01  5.365e-05 -5.909e-05 -6.245e-05 -4.551e-05 
  6.667e+01 -1.857e-05  3.804e-05 -4.227e-01 -6.726e-05  1.026e-04  1.023e-04  5.182e-05 
 -6.070e+05  1.156e-01 -4.227e-01  6.792e+03  4.163e-01 -1.016e+00 -9.492e-01 -2.728e-01 
 -1.537e+02  5.365e-05 -6.726e-05  4.163e-01  1.953e-04 -2.142e-04 -2.265e-04 -1.657e-04 
  1.986e+02 -5.909e-05  1.026e-04 -1.016e+00 -2.142e-04  2.955e-04  2.988e-04  1.725e-04 
  2.034e+02 -6.245e-05  1.023e-04 -9.492e-01 -2.265e-04  2.988e-04  3.054e-04  1.844e-04 
  1.264e+02 -4.551e-05  5.182e-05 -2.728e-01 -1.657e-04  1.725e-04  1.844e-04  1.433e-04 
ERR MATRIX APPROXIMATE
 PARAMETER  CORRELATION COEFFICIENTS  
       NO.  GLOBAL      1      3      4     20     21     22     23     24
        1  0.99983   1.000 -0.943  0.925 -0.630 -0.941  0.989  0.996  0.904
        3  0.99984  -0.943  1.000 -0.784  0.365  0.999 -0.895 -0.930 -0.990
        4  0.99948   0.925 -0.784  1.000 -0.832 -0.780  0.968  0.949  0.702
       20  0.99338  -0.630  0.365 -0.832  1.000  0.361 -0.717 -0.659 -0.277
       21  0.99988  -0.941  0.999 -0.780  0.361  1.000 -0.892 -0.927 -0.991
       22  0.99948   0.989 -0.895  0.968 -0.717 -0.892  1.000  0.995  0.838
       23  0.99980   0.996 -0.930  0.949 -0.659 -0.927  0.995  1.000  0.881
       24  0.99937   0.904 -0.990  0.702 -0.277 -0.991  0.838  0.881  1.000
 ERR MATRIX APPROXIMATE
MINUIT - FIT ONLY 1-CBO + wiggle
 **********
 **   16 **RES 
 **********
                   PARAMETER   16  beta_vw RESTORED TO VARIABLE.
                   PARAMETER   14  alpha_vw RESTORED TO VARIABLE.
                   PARAMETER   13  beta_y RESTORED TO VARIABLE.
                   PARAMETER   11  alpha_y RESTORED TO VARIABLE.
                   PARAMETER   10  beta_2CBO RESTORED TO VARIABLE.
                   PARAMETER    9  alpha_2CBO RESTORED TO VARIABLE.
                   PARAMETER    8  beta_CBO RESTORED TO VARIABLE.
                   PARAMETER    6  alpha_CBO RESTORED TO VARIABLE.
 **********
 **   17 **FIX            8
 **********
 **********
 **   18 **FIX            9
 **********
 **********
 **   19 **FIX           11
 **********
 **********
 **   20 **FIX           12
 **********
 PARAMETER   12  IS CONSTANT.   IGNORED.
 **********
 **   21 **FIX           14
 **********
 **********
 **   22 **FIX           15
 **********
 PARAMETER   15  IS CONSTANT.   IGNORED.
 **********
 **   23 **FIX           16
 **********
 **********
 **   24 **MIGRAD
 **********
 START MIGRAD MINIMIZATION.  STRATEGY  1.  CONVERGENCE WHEN EDM .LT. 1.00e-04
 FCN=360.643 FROM MIGRAD    STATUS=INITIATE       28 CALLS        1350 TOTAL
                     EDM= unknown      STRATEGY= 1      NO ERROR MATRIX       
  EXT PARAMETER               CURRENT GUESS       STEP         FIRST   
  NO.   NAME      VALUE            ERROR          SIZE      DERIVATIVE 
   1  N0           3.01299e+06   1.16817e+04  -5.44184e+03   4.11116e-05
   2  tau          6.44153e+01   constant   
   3  A0           3.56038e-01   3.84113e-03   2.20343e-03  -3.44019e+03
   4  phi          4.06562e+00   6.16737e-03  -1.84015e-03   9.57231e+01
   5  R           -6.13262e+01   constant   
   6  alpha_CBO    0.00000e+00   1.00000e-03   1.00000e-03   3.30184e+03
   7  w_CBO        2.32500e+00   constant   
   8  beta_CBO     0.00000e+00     fixed    
   9  alpha_2CBO   0.00000e+00     fixed    
  10  beta_2CBO    0.00000e+00   1.00000e-03   1.00000e-03  -7.93910e+03
  11  alpha_y      0.00000e+00     fixed    
  12  w_y          1.44500e+01   constant   
  13  beta_y       0.00000e+00   1.00000e-03   1.00000e-03  -1.30580e+05
  14  alpha_vw     0.00000e+00     fixed    
  15  w_vw         1.29000e+01   constant   
  16  beta_vw      0.00000e+00     fixed    
  17  LM           4.28749e-04   constant   
  18  zeta_y       0.00000e+00   constant   
  19  zeta_vw      0.00000e+00   constant   
  20  T_CBO        3.45195e+02   8.20034e+01  -8.79638e-03  -2.93451e+00
  21  alpha_A0    -3.23030e-02   1.39741e-02   8.17026e-03   9.55512e+02
  22  beta_A0     -5.10972e-02   1.71902e-02  -6.79404e-03  -1.22726e+02
  23  alpha_phi   -5.14106e-02   1.74770e-02  -7.67045e-03  -2.37818e+00
  24  beta_phi     2.34152e-02   1.19688e-02  -6.98564e-03   1.04369e+02
 MIGRAD MINIMIZATION HAS CONVERGED.
 FCN=238.007 FROM MIGRAD    STATUS=CONVERGED    1781 CALLS        3103 TOTAL
                     EDM=5.16344e-06    STRATEGY= 1  ERROR MATRIX UNCERTAINTY   1.1 per cent
  EXT PARAMETER                                   STEP         FIRST   
  NO.   NAME      VALUE            ERROR          SIZE      DERIVATIVE 
   1  N0           3.01568e+06   9.95090e+03   4.37026e+01  -2.77013e-06
   2  tau          6.44153e+01   constant   
   3  A0           3.51051e-01   4.00608e-03   1.79200e-05  -3.78308e+00
   4  phi          4.02726e+00   1.58830e-02  -2.32665e-05  -4.19358e+00
   5  R           -6.13262e+01   constant   
   6  alpha_CBO    1.94414e-03   3.95437e-03   1.45256e-05   2.26017e+00
   7  w_CBO        2.32500e+00   constant   
   8  beta_CBO     0.00000e+00     fixed    
   9  alpha_2CBO   0.00000e+00     fixed    
  10  beta_2CBO    4.14088e-03   1.45535e-03   3.08474e-06  -2.14721e+00
  11  alpha_y      0.00000e+00     fixed    
  12  w_y          1.44500e+01   constant   
  13  beta_y       1.64667e-03   1.70256e-04   1.73712e-08  -8.72107e-01
  14  alpha_vw     0.00000e+00     fixed    
  15  w_vw         1.29000e+01   constant   
  16  beta_vw      0.00000e+00     fixed    
  17  LM           4.28749e-04   constant   
  18  zeta_y       0.00000e+00   constant   
  19  zeta_vw      0.00000e+00   constant   
  20  T_CBO        1.86458e+02   5.17627e+01  -5.76498e-04   4.21327e-02
  21  alpha_A0    -7.22090e-02   1.79674e-02   4.88742e-05   8.17822e-01
  22  beta_A0     -1.03625e-01   2.21050e-02   5.32672e-05  -3.01479e+00
  23  alpha_phi   -8.20242e-02   1.45805e-02   4.73411e-05   9.46285e-02
  24  beta_phi     9.14251e-02   2.59607e-02  -4.75274e-05  -4.31531e+00
 EXTERNAL ERROR MATRIX.    NDIM=  25    NPAR= 11    ERR DEF=1
  9.902e+07 
  3.829e+01  1.605e-05 
 -8.090e+01 -1.631e-05  2.523e-04 
  3.735e+01  1.324e-05 -4.620e-05  1.564e-05 
  7.253e+00  1.463e-06 -2.225e-05  3.976e-06  2.118e-06 
 -2.629e-01 -5.954e-08  7.832e-07 -1.611e-07 -5.960e-08  2.899e-08 
 -4.471e+05 -2.008e-01  2.371e-02 -1.402e-01 -2.837e-03  1.562e-04  2.695e+03 
  6.012e+01  4.136e-05  1.783e-04  2.304e-06 -1.456e-05  6.223e-07 -6.910e-01  3.228e-04 
  8.065e+01  5.379e-05  2.146e-04  6.750e-06 -1.870e-05  6.408e-07 -8.806e-01  3.919e-04  4.886e-04 
  7.571e+01  4.293e-05  1.077e-04  1.422e-05 -9.198e-06  3.293e-07 -6.543e-01  2.538e-04  3.169e-04  2.126e-04 
 -6.064e+01 -5.127e-05 -2.945e-04  5.852e-06  2.595e-05 -8.783e-07  9.078e-01 -4.559e-04 -5.680e-04 -3.595e-04  6.740e-04 
 PARAMETER  CORRELATION COEFFICIENTS  
       NO.  GLOBAL      1      3      4      6     10     13     20     21     22     23     24
        1  0.99989   1.000  0.961 -0.512  0.949  0.501 -0.155 -0.865  0.336  0.367  0.522 -0.235
        3  0.99981   0.961  1.000 -0.256  0.836  0.251 -0.087 -0.965  0.575  0.607  0.735 -0.493
        4  0.99995  -0.512 -0.256  1.000 -0.736 -0.963  0.290  0.029  0.625  0.611  0.465 -0.714
        6  0.99938   0.949  0.836 -0.736  1.000  0.691 -0.239 -0.683  0.032  0.077  0.247  0.057
       10  0.99350   0.501  0.251 -0.963  0.691  1.000 -0.241 -0.038 -0.557 -0.581 -0.433  0.687
       13  0.38325  -0.155 -0.087  0.290 -0.239 -0.241  1.000  0.018  0.203  0.170  0.133 -0.199
       20  0.99615  -0.865 -0.965  0.029 -0.683 -0.038  0.018  1.000 -0.741 -0.767 -0.864  0.674
       21  0.99900   0.336  0.575  0.625  0.032 -0.557  0.203 -0.741  1.000  0.987  0.969 -0.977
       22  0.99983   0.367  0.607  0.611  0.077 -0.581  0.170 -0.767  0.987  1.000  0.983 -0.990
       23  0.99975   0.522  0.735  0.465  0.247 -0.433  0.133 -0.864  0.969  0.983  1.000 -0.950
       24  0.99982  -0.235 -0.493 -0.714  0.057  0.687 -0.199  0.674 -0.977 -0.990 -0.950  1.000
MINUIT - FIT ONLY 2-CBO
 **********
 **   25 **RES 
 **********
                   PARAMETER   16  beta_vw RESTORED TO VARIABLE.
                   PARAMETER   14  alpha_vw RESTORED TO VARIABLE.
                   PARAMETER   11  alpha_y RESTORED TO VARIABLE.
                   PARAMETER    9  alpha_2CBO RESTORED TO VARIABLE.
                   PARAMETER    8  beta_CBO RESTORED TO VARIABLE.
 **********
 **   26 **FIX            0
 **********
 PARAMETER    0  IS UNDEFINED. IGNORED.
 **********
 **   27 **FIX            1
 **********
 **********
 **   28 **FIX            2
 **********
 PARAMETER    2  IS CONSTANT.   IGNORED.
 **********
 **   29 **FIX            3
 **********
 **********
 **   30 **FIX            4
 **********
 **********
 **   31 **FIX            5
 **********
 PARAMETER    5  IS CONSTANT.   IGNORED.
 **********
 **   32 **FIX            6
 **********
 **********
 **   33 **FIX            7
 **********
 PARAMETER    7  IS CONSTANT.   IGNORED.
 **********
 **   34 **FIX           10
 **********
 **********
 **   35 **FIX           11
 **********
 **********
 **   36 **FIX           12
 **********
 PARAMETER   12  IS CONSTANT.   IGNORED.
 **********
 **   37 **FIX           13
 **********
 **********
 **   38 **FIX           14
 **********
 **********
 **   39 **FIX           15
 **********
 PARAMETER   15  IS CONSTANT.   IGNORED.
 **********
 **   40 **FIX           16
 **********
 **********
 **   41 **MIGRAD
 **********
 START MIGRAD MINIMIZATION.  STRATEGY  1.  CONVERGENCE WHEN EDM .LT. 1.00e-04
 FCN=238.007 FROM MIGRAD    STATUS=INITIATE       18 CALLS        3121 TOTAL
                     EDM= unknown      STRATEGY= 1      NO ERROR MATRIX       
  EXT PARAMETER               CURRENT GUESS       STEP         FIRST   
  NO.   NAME      VALUE            ERROR          SIZE      DERIVATIVE 
   1  N0           3.01568e+06     fixed    
   2  tau          6.44153e+01   constant   
   3  A0           3.51051e-01     fixed    
   4  phi          4.02726e+00     fixed    
   5  R           -6.13262e+01   constant   
   6  alpha_CBO    1.94414e-03     fixed    
   7  w_CBO        2.32500e+00   constant   
   8  beta_CBO     0.00000e+00   1.00000e-03   1.00000e-03  -3.77899e+01
   9  alpha_2CBO   0.00000e+00   1.00000e-03   1.00000e-03  -3.90674e+02
  10  beta_2CBO    4.14088e-03     fixed    
  11  alpha_y      0.00000e+00     fixed    
  12  w_y          1.44500e+01   constant   
  13  beta_y       1.64667e-03     fixed    
  14  alpha_vw     0.00000e+00     fixed    
  15  w_vw         1.29000e+01   constant   
  16  beta_vw      0.00000e+00     fixed    
  17  LM           4.28749e-04   constant   
  18  zeta_y       0.00000e+00   constant   
  19  zeta_vw      0.00000e+00   constant   
  20  T_CBO        1.86458e+02   5.17627e+01  -5.76498e-04  -4.21335e-02
  21  alpha_A0    -7.22090e-02   1.79674e-02   4.88742e-05   8.17817e-01
  22  beta_A0     -1.03625e-01   2.21050e-02   5.32672e-05  -3.01479e+00
  23  alpha_phi   -8.20242e-02   1.45805e-02   4.73411e-05   9.46292e-02
  24  beta_phi     9.14251e-02   2.59607e-02  -4.75274e-05  -4.31531e+00
 MIGRAD MINIMIZATION HAS CONVERGED.
 MIGRAD WILL VERIFY CONVERGENCE AND ERROR MATRIX.
 COVARIANCE MATRIX CALCULATED SUCCESSFULLY
 FCN=238.003 FROM HESSE     STATUS=OK             50 CALLS        3268 TOTAL
                     EDM=0.000143761    STRATEGY= 1      ERROR MATRIX ACCURATE 
  EXT PARAMETER                                   STEP         FIRST   
  NO.   NAME      VALUE            ERROR          SIZE      DERIVATIVE 
   1  N0           3.01568e+06     fixed    
   2  tau          6.44153e+01   constant   
   3  A0           3.51051e-01     fixed    
   4  phi          4.02726e+00     fixed    
   5  R           -6.13262e+01   constant   
   6  alpha_CBO    1.94414e-03     fixed    
   7  w_CBO        2.32500e+00   constant   
   8  beta_CBO    -1.41046e-05   4.84642e-04   1.23185e-06  -3.20966e-02
   9  alpha_2CBO   2.70799e-05   4.02983e-04   1.17043e-06  -1.92408e-03
  10  beta_2CBO    4.14088e-03     fixed    
  11  alpha_y      0.00000e+00     fixed    
  12  w_y          1.44500e+01   constant   
  13  beta_y       1.64667e-03     fixed    
  14  alpha_vw     0.00000e+00     fixed    
  15  w_vw         1.29000e+01   constant   
  16  beta_vw      0.00000e+00     fixed    
  17  LM           4.28749e-04   constant   
  18  zeta_y       0.00000e+00   constant   
  19  zeta_vw      0.00000e+00   constant   
  20  T_CBO        1.86060e+02   2.61247e+02   1.03747e-04  -1.67354e-02
  21  alpha_A0    -7.21975e-02   1.99552e-02   6.75661e-06   3.50314e-01
  22  beta_A0     -1.03674e-01   2.86657e-02   5.31978e-06  -1.86504e-01
  23  alpha_phi   -8.19735e-02   2.35088e-02   4.53830e-06  -2.02619e-01
  24  beta_phi     9.13697e-02   2.58495e-02   4.79557e-06   3.30941e-01
 CALL LIMIT EXCEEDED IN MIGRAD.
 MIGRAD TERMINATED WITHOUT CONVERGENCE.
 FCN=237.998 FROM MIGRAD    STATUS=CALL LIMIT   1154 CALLS        4257 TOTAL
                     EDM=8.32312e-05    STRATEGY= 1  ERROR MATRIX UNCERTAINTY  20.0 per cent
  EXT PARAMETER                APPROXIMATE        STEP         FIRST   
  NO.   NAME      VALUE            ERROR          SIZE      DERIVATIVE 
   1  N0           3.01568e+06     fixed    
   2  tau          6.44153e+01   constant   
   3  A0           3.51051e-01     fixed    
   4  phi          4.02726e+00     fixed    
   5  R           -6.13262e+01   constant   
   6  alpha_CBO    1.94414e-03     fixed    
   7  w_CBO        2.32500e+00   constant   
   8  beta_CBO     3.73303e-05   4.86924e-04   9.25641e-07   4.38057e+01
   9  alpha_2CBO   4.94014e-05   3.94571e-04   5.00304e-07  -8.04560e+00
  10  beta_2CBO    4.14088e-03     fixed    
  11  alpha_y      0.00000e+00     fixed    
  12  w_y          1.44500e+01   constant   
  13  beta_y       1.64667e-03     fixed    
  14  alpha_vw     0.00000e+00     fixed    
  15  w_vw         1.29000e+01   constant   
  16  beta_vw      0.00000e+00     fixed    
  17  LM           4.28749e-04   constant   
  18  zeta_y       0.00000e+00   constant   
  19  zeta_vw      0.00000e+00   constant   
  20  T_CBO        3.38627e+02   6.25502e+02   1.35388e-02  -2.09600e-01
  21  alpha_A0    -6.65967e-02   1.72846e-02   1.26551e-04   8.03743e-01
  22  beta_A0     -9.56207e-02   2.48080e-02   1.82415e-04   5.87894e+00
  23  alpha_phi   -7.53838e-02   2.02993e-02   1.48062e-04   4.52144e+00
  24  beta_phi     8.41314e-02   2.23121e-02  -1.64264e-04  -5.79428e+00
 EXTERNAL ERROR MATRIX.    NDIM=  25    NPAR=  7    ERR DEF=1
  2.371e-07 -8.557e-08  1.488e-01  2.565e-06  3.789e-06  3.089e-06 -2.954e-06 
 -8.557e-08  1.557e-07  6.067e-02  1.443e-06  1.737e-06  1.854e-06 -2.094e-06 
  1.488e-01  6.067e-02  7.609e+05  1.503e+01  2.160e+01  1.766e+01 -1.938e+01 
  2.565e-06  1.443e-06  1.503e+01  2.988e-04  4.278e-04  3.502e-04 -3.848e-04 
  3.789e-06  1.737e-06  2.160e+01  4.278e-04  6.154e-04  5.021e-04 -5.521e-04 
  3.089e-06  1.854e-06  1.766e+01  3.502e-04  5.021e-04  4.121e-04 -4.521e-04 
 -2.954e-06 -2.094e-06 -1.938e+01 -3.848e-04 -5.521e-04 -4.521e-04  4.978e-04 
ERR MATRIX APPROXIMATE
 PARAMETER  CORRELATION COEFFICIENTS  
       NO.  GLOBAL      8      9     20     21     22     23     24
        8  0.91083   1.000 -0.445  0.350  0.305  0.314  0.313 -0.272
        9  0.91608  -0.445  1.000  0.176  0.212  0.177  0.231 -0.238
       20  0.99943   0.350  0.176  1.000  0.997  0.998  0.998 -0.996
       21  0.99870   0.305  0.212  0.997  1.000  0.998  0.998 -0.998
       22  0.99958   0.314  0.177  0.998  0.998  1.000  0.997 -0.997
       23  0.99947   0.313  0.231  0.998  0.998  0.997  1.000 -0.998
       24  0.99961  -0.272 -0.238 -0.996 -0.998 -0.997 -0.998  1.000
 ERR MATRIX APPROXIMATE
MINUIT - FIT wiggle + 1-CBO + 2-CBO
 **********
 **   42 **RES 
 **********
                   PARAMETER   16  beta_vw RESTORED TO VARIABLE.
                   PARAMETER   14  alpha_vw RESTORED TO VARIABLE.
                   PARAMETER   13  beta_y RESTORED TO VARIABLE.
                   PARAMETER   11  alpha_y RESTORED TO VARIABLE.
                   PARAMETER   10  beta_2CBO RESTORED TO VARIABLE.
                   PARAMETER    6  alpha_CBO RESTORED TO VARIABLE.
                   PARAMETER    4  phi RESTORED TO VARIABLE.
                   PARAMETER    3  A0 RESTORED TO VARIABLE.
                   PARAMETER    1  N0 RESTORED TO VARIABLE.
 **********
 **   43 **FIX           10
 **********
 **********
 **   44 **FIX           11
 **********
 **********
 **   45 **FIX           12
 **********
 PARAMETER   12  IS CONSTANT.   IGNORED.
 **********
 **   46 **FIX           13
 **********
 **********
 **   47 **FIX           14
 **********
 **********
 **   48 **FIX           15
 **********
 PARAMETER   15  IS CONSTANT.   IGNORED.
 **********
 **   49 **FIX           16
 **********
 **********
 **   50 **MIGRAD
 **********
 START MIGRAD MINIMIZATION.  STRATEGY  1.  CONVERGENCE WHEN EDM .LT. 1.00e-04
 FCN=237.998 FROM MIGRAD    STATUS=INITIATE       22 CALLS        4279 TOTAL
                     EDM= unknown      STRATEGY= 1      NO ERROR MATRIX       
  EXT PARAMETER               CURRENT GUESS       STEP         FIRST   
  NO.   NAME      VALUE            ERROR          SIZE      DERIVATIVE 
   1  N0           3.01568e+06   9.95090e+03   9.95090e+03  -2.50207e-06
   2  tau          6.44153e+01   constant   
   3  A0           3.51051e-01   4.00608e-03   4.00608e-03   4.70671e+01
   4  phi          4.02726e+00   1.58830e-02   1.58830e-02  -4.45739e+01
   5  R           -6.13262e+01   constant   
   6  alpha_CBO    1.94414e-03   3.95437e-03   3.95437e-03  -1.86369e+02
   7  w_CBO        2.32500e+00   constant   
   8  beta_CBO     3.73303e-05   4.86924e-04   9.25641e-07   4.38057e+01
   9  alpha_2CBO   4.94014e-05   3.94571e-04   5.00304e-07  -8.04560e+00
  10  beta_2CBO    4.14088e-03     fixed    
  11  alpha_y      0.00000e+00     fixed    
  12  w_y          1.44500e+01   constant   
  13  beta_y       1.64667e-03     fixed    
  14  alpha_vw     0.00000e+00     fixed    
  15  w_vw         1.29000e+01   constant   
  16  beta_vw      0.00000e+00     fixed    
  17  LM           4.28749e-04   constant   
  18  zeta_y       0.00000e+00   constant   
  19  zeta_vw      0.00000e+00   constant   
  20  T_CBO        3.38627e+02   6.25502e+02   1.35388e-02  -2.09609e-01
  21  alpha_A0    -6.65967e-02   1.72846e-02   1.26551e-04   8.03741e-01
  22  beta_A0     -9.56207e-02   2.48080e-02   1.82415e-04   5.87894e+00
  23  alpha_phi   -7.53838e-02   2.02993e-02   1.48062e-04   4.52144e+00
  24  beta_phi     8.41314e-02   2.23121e-02  -1.64264e-04  -5.79428e+00
 CALL LIMIT EXCEEDED IN MIGRAD.
 MIGRAD TERMINATED WITHOUT CONVERGENCE.
 FCN=237.585 FROM MIGRAD    STATUS=CALL LIMIT   1914 CALLS        6171 TOTAL
                     EDM=0.000370024    STRATEGY= 1  ERROR MATRIX UNCERTAINTY  32.4 per cent
  EXT PARAMETER                APPROXIMATE        STEP         FIRST   
  NO.   NAME      VALUE            ERROR          SIZE      DERIVATIVE 
   1  N0           3.03492e+06   2.09412e+04   2.89228e+02  -2.74649e-05
   2  tau          6.44153e+01   constant   
   3  A0           3.57850e-01   1.08570e-02   1.49147e-04  -3.86396e+01
   4  phi          4.05193e+00   2.59321e-02   3.53532e-04  -2.60314e+01
   5  R           -6.13262e+01   constant   
   6  alpha_CBO    7.55337e-03   7.49175e-03   9.85674e-05   6.93512e+00
   7  w_CBO        2.32500e+00   constant   
   8  beta_CBO     4.21359e-03   4.92475e-03   6.35069e-05   9.64890e+01
   9  alpha_2CBO   1.99389e-03   2.09967e-03   2.46998e-05   5.31456e+01
  10  beta_2CBO    4.14088e-03     fixed    
  11  alpha_y      0.00000e+00     fixed    
  12  w_y          1.44500e+01   constant   
  13  beta_y       1.64667e-03     fixed    
  14  alpha_vw     0.00000e+00     fixed    
  15  w_vw         1.29000e+01   constant   
  16  beta_vw      0.00000e+00     fixed    
  17  LM           4.28749e-04   constant   
  18  zeta_y       0.00000e+00   constant   
  19  zeta_vw      0.00000e+00   constant   
  20  T_CBO        7.10697e+01   8.53118e+01  -4.74680e-03  -3.18780e+00
  21  alpha_A0    -7.23786e-02   7.24272e-03  -4.73014e-05  -4.89766e+00
  22  beta_A0     -9.34121e-02   5.87531e-03  -4.45540e-05   2.24474e+01
  23  alpha_phi   -4.93714e-02   3.41543e-02   4.55508e-04   3.38215e-01
  24  beta_phi     7.54617e-02   1.85483e-02  -2.53771e-04  -9.51814e-01
 EXTERNAL ERROR MATRIX.    NDIM=  25    NPAR= 11    ERR DEF=1
  4.385e+08 
  2.273e+02  1.179e-04 
  5.420e+02  2.811e-04  6.725e-04 
  1.553e+02  8.063e-05  1.935e-04  5.613e-05 
  1.008e+02  5.232e-05  1.260e-04  3.669e-05  2.425e-05 
  4.069e+01  2.117e-05  5.132e-05  1.515e-05  9.919e-06  4.409e-06 
 -1.819e+06 -9.430e-01 -2.246e+00 -6.420e-01 -4.150e-01 -1.678e-01  7.562e+03 
 -9.402e+01 -4.919e-05 -1.244e-04 -3.914e-05 -2.698e-05 -1.260e-05  3.762e-01  5.246e-05 
 -8.796e+01 -4.608e-05 -1.142e-04 -3.523e-05 -2.381e-05 -1.121e-05  3.568e-01  4.042e-05  3.452e-05 
  7.095e+02  3.681e-04  8.831e-04  2.557e-04  1.669e-04  6.912e-05 -2.935e+00 -1.753e-04 -1.595e-04  1.167e-03 
 -3.867e+02 -2.007e-04 -4.780e-04 -1.369e-04 -8.815e-05 -3.616e-05  1.609e+00  8.151e-05  7.755e-05 -6.258e-04  3.440e-04 
ERR MATRIX APPROXIMATE
 PARAMETER  CORRELATION COEFFICIENTS  
       NO.  GLOBAL      1      3      4      6      8      9     20     21     22     23     24
        1  0.99994   1.000  1.000  0.998  0.990  0.978  0.925 -0.999 -0.620 -0.715  0.992 -0.996
        3  0.99996   1.000  1.000  0.998  0.991  0.979  0.929 -0.999 -0.626 -0.722  0.993 -0.997
        4  0.99997   0.998  0.998  1.000  0.996  0.987  0.942 -0.996 -0.662 -0.750  0.997 -0.994
        6  0.99992   0.990  0.991  0.996  1.000  0.994  0.963 -0.985 -0.721 -0.800  0.999 -0.985
        8  0.99987   0.978  0.979  0.987  0.994  1.000  0.959 -0.969 -0.756 -0.823  0.992 -0.965
        9  0.99760   0.925  0.929  0.942  0.963  0.959  1.000 -0.919 -0.828 -0.908  0.964 -0.928
       20  0.99996  -0.999 -0.999 -0.996 -0.985 -0.969 -0.919  1.000  0.597  0.698 -0.988  0.998
       21  0.99555  -0.620 -0.626 -0.662 -0.721 -0.756 -0.828  0.597  1.000  0.950 -0.708  0.607
       22  0.99615  -0.715 -0.722 -0.750 -0.800 -0.823 -0.908  0.698  0.950  1.000 -0.795  0.712
       23  0.99992   0.992  0.993  0.997  0.999  0.992  0.964 -0.988 -0.708 -0.795  1.000 -0.988
       24  0.99972  -0.996 -0.997 -0.994 -0.985 -0.965 -0.928  0.998  0.607  0.712 -0.988  1.000
 ERR MATRIX APPROXIMATE
MINUIT - FIT ONLY 1-y
 **********
 **   51 **RES 
 **********
                   PARAMETER   16  beta_vw RESTORED TO VARIABLE.
                   PARAMETER   14  alpha_vw RESTORED TO VARIABLE.
                   PARAMETER   13  beta_y RESTORED TO VARIABLE.
                   PARAMETER   11  alpha_y RESTORED TO VARIABLE.
                   PARAMETER   10  beta_2CBO RESTORED TO VARIABLE.
 **********
 **   52 **FIX            0
 **********
 PARAMETER    0  IS UNDEFINED. IGNORED.
 **********
 **   53 **FIX            1
 **********
 **********
 **   54 **FIX            2
 **********
 PARAMETER    2  IS CONSTANT.   IGNORED.
 **********
 **   55 **FIX            3
 **********
 **********
 **   56 **FIX            4
 **********
 **********
 **   57 **FIX            5
 **********
 PARAMETER    5  IS CONSTANT.   IGNORED.
 **********
 **   58 **FIX            6
 **********
 **********
 **   59 **FIX            7
 **********
 PARAMETER    7  IS CONSTANT.   IGNORED.
 **********
 **   60 **FIX            8
 **********
 **********
 **   61 **FIX            9
 **********
 **********
 **   62 **FIX           13
 **********
 **********
 **   63 **FIX           14
 **********
 **********
 **   64 **FIX           15
 **********
 PARAMETER   15  IS CONSTANT.   IGNORED.
 **********
 **   65 **FIX           16
 **********
 **********
 **   66 **MIGRAD
 **********
 START MIGRAD MINIMIZATION.  STRATEGY  1.  CONVERGENCE WHEN EDM .LT. 1.00e-04
 FCN=237.585 FROM MIGRAD    STATUS=INITIATE       16 CALLS        6187 TOTAL
                     EDM= unknown      STRATEGY= 1      NO ERROR MATRIX       
  EXT PARAMETER               CURRENT GUESS       STEP         FIRST   
  NO.   NAME      VALUE            ERROR          SIZE      DERIVATIVE 
   1  N0           3.03492e+06     fixed    
   2  tau          6.44153e+01   constant   
   3  A0           3.57850e-01     fixed    
   4  phi          4.05193e+00     fixed    
   5  R           -6.13262e+01   constant   
   6  alpha_CBO    7.55337e-03     fixed    
   7  w_CBO        2.32500e+00   constant   
   8  beta_CBO     4.21359e-03     fixed    
   9  alpha_2CBO   1.99389e-03     fixed    
  10  beta_2CBO    4.14088e-03   1.45535e-03   1.45535e-03  -8.05438e+02
  11  alpha_y      0.00000e+00   1.00000e-03   1.00000e-03   1.69809e+05
  12  w_y          1.44500e+01   constant   
  13  beta_y       1.64667e-03     fixed    
  14  alpha_vw     0.00000e+00     fixed    
  15  w_vw         1.29000e+01   constant   
  16  beta_vw      0.00000e+00     fixed    
  17  LM           4.28749e-04   constant   
  18  zeta_y       0.00000e+00   constant   
  19  zeta_vw      0.00000e+00   constant   
  20  T_CBO        7.10697e+01   8.53118e+01  -4.74680e-03  -3.18779e+00
  21  alpha_A0    -7.23786e-02   7.24272e-03  -4.73014e-05  -4.89765e+00
  22  beta_A0     -9.34121e-02   5.87531e-03  -4.45540e-05   2.24474e+01
  23  alpha_phi   -4.93714e-02   3.41543e-02   4.55508e-04   3.38214e-01
  24  beta_phi     7.54617e-02   1.85483e-02  -2.53771e-04  -9.51813e-01
 CALL LIMIT EXCEEDED IN MIGRAD.
 MIGRAD TERMINATED WITHOUT CONVERGENCE.
 FCN=38.9062 FROM MIGRAD    STATUS=CALL LIMIT   1159 CALLS        7330 TOTAL
                     EDM=0.0124378    STRATEGY= 1  ERROR MATRIX UNCERTAINTY  33.6 per cent
  EXT PARAMETER                APPROXIMATE        STEP         FIRST   
  NO.   NAME      VALUE            ERROR          SIZE      DERIVATIVE 
   1  N0           3.03492e+06     fixed    
   2  tau          6.44153e+01   constant   
   3  A0           3.57850e-01     fixed    
   4  phi          4.05193e+00     fixed    
   5  R           -6.13262e+01   constant   
   6  alpha_CBO    7.55337e-03     fixed    
   7  w_CBO        2.32500e+00   constant   
   8  beta_CBO     4.21359e-03     fixed    
   9  alpha_2CBO   1.99389e-03     fixed    
  10  beta_2CBO    5.02619e-03   2.43724e-04  -2.65124e-06  -1.15900e+02
  11  alpha_y     -2.33645e-03   1.61102e-04   6.13588e-07  -4.16858e+02
  12  w_y          1.44500e+01   constant   
  13  beta_y       1.64667e-03     fixed    
  14  alpha_vw     0.00000e+00     fixed    
  15  w_vw         1.29000e+01   constant   
  16  beta_vw      0.00000e+00     fixed    
  17  LM           4.28749e-04   constant   
  18  zeta_y       0.00000e+00   constant   
  19  zeta_vw      0.00000e+00   constant   
  20  T_CBO        2.74982e+01   3.45335e+00   7.95113e-05  -1.11846e+01
  21  alpha_A0    -1.44633e-01   2.23740e-02  -5.66427e-05   1.40533e+01
  22  beta_A0     -2.02811e-01   3.10276e-02   1.44865e-05   3.25921e+01
  23  alpha_phi   -1.00474e-01   1.60167e-02  -5.15037e-05  -6.41685e+00
  24  beta_phi     1.66271e-01   2.67274e-02   2.47064e-05   3.37503e+01
 EXTERNAL ERROR MATRIX.    NDIM=  25    NPAR=  7    ERR DEF=1
  5.940e-08 -6.544e-09 -4.964e-05 -2.012e-08 -5.137e-07 -9.408e-08  4.811e-07 
 -6.544e-09  2.595e-08  1.727e-04  1.069e-06  1.583e-06  7.498e-07 -1.317e-06 
 -4.964e-05  1.727e-04  1.193e+01  7.690e-02  1.070e-01  5.504e-02 -9.212e-02 
 -2.012e-08  1.069e-06  7.690e-02  5.006e-04  6.909e-04  3.573e-04 -5.954e-04 
 -5.137e-07  1.583e-06  1.070e-01  6.909e-04  9.627e-04  4.942e-04 -8.281e-04 
 -9.408e-08  7.498e-07  5.504e-02  3.573e-04  4.942e-04  2.565e-04 -4.266e-04 
  4.811e-07 -1.317e-06 -9.212e-02 -5.954e-04 -8.281e-04 -4.266e-04  7.144e-04 
ERR MATRIX APPROXIMATE
 PARAMETER  CORRELATION COEFFICIENTS  
       NO.  GLOBAL     10     11     20     21     22     23     24
       10  0.77957   1.000 -0.167 -0.059 -0.004 -0.068 -0.024  0.074
       11  0.40896  -0.167  1.000  0.310  0.297  0.317  0.291 -0.306
       20  0.99862  -0.059  0.310  1.000  0.995  0.998  0.995 -0.998
       21  0.99851  -0.004  0.297  0.995  1.000  0.995  0.997 -0.996
       22  0.99909  -0.068  0.317  0.998  0.995  1.000  0.994 -0.999
       23  0.99828  -0.024  0.291  0.995  0.997  0.994  1.000 -0.997
       24  0.99941   0.074 -0.306 -0.998 -0.996 -0.999 -0.997  1.000
 ERR MATRIX APPROXIMATE
MINUIT - FIT ONLY 2-y
 **********
 **   67 **RES 
 **********
                   PARAMETER   16  beta_vw RESTORED TO VARIABLE.
                   PARAMETER   14  alpha_vw RESTORED TO VARIABLE.
                   PARAMETER   13  beta_y RESTORED TO VARIABLE.
                   PARAMETER    9  alpha_2CBO RESTORED TO VARIABLE.
                   PARAMETER    8  beta_CBO RESTORED TO VARIABLE.
                   PARAMETER    6  alpha_CBO RESTORED TO VARIABLE.
                   PARAMETER    4  phi RESTORED TO VARIABLE.
                   PARAMETER    3  A0 RESTORED TO VARIABLE.
                   PARAMETER    1  N0 RESTORED TO VARIABLE.
 **********
 **   68 **FIX            0
 **********
 PARAMETER    0  IS UNDEFINED. IGNORED.
 **********
 **   69 **FIX            1
 **********
 **********
 **   70 **FIX            2
 **********
 PARAMETER    2  IS CONSTANT.   IGNORED.
 **********
 **   71 **FIX            3
 **********
 **********
 **   72 **FIX            4
 **********
 **********
 **   73 **FIX            5
 **********
 PARAMETER    5  IS CONSTANT.   IGNORED.
 **********
 **   74 **FIX            6
 **********
 **********
 **   75 **FIX            7
 **********
 PARAMETER    7  IS CONSTANT.   IGNORED.
 **********
 **   76 **FIX            8
 **********
 **********
 **   77 **FIX            9
 **********
 **********
 **   78 **FIX           10
 **********
 **********
 **   79 **FIX           11
 **********
 **********
 **   80 **FIX           12
 **********
 PARAMETER   12  IS CONSTANT.   IGNORED.
 **********
 **   81 **FIX           16
 **********
 **********
 **   82 **MIGRAD
 **********
 START MIGRAD MINIMIZATION.  STRATEGY  1.  CONVERGENCE WHEN EDM .LT. 1.00e-04
 FCN=38.9062 FROM MIGRAD    STATUS=INITIATE       16 CALLS        7346 TOTAL
                     EDM= unknown      STRATEGY= 1      NO ERROR MATRIX       
  EXT PARAMETER               CURRENT GUESS       STEP         FIRST   
  NO.   NAME      VALUE            ERROR          SIZE      DERIVATIVE 
   1  N0           3.03492e+06     fixed    
   2  tau          6.44153e+01   constant   
   3  A0           3.57850e-01     fixed    
   4  phi          4.05193e+00     fixed    
   5  R           -6.13262e+01   constant   
   6  alpha_CBO    7.55337e-03     fixed    
   7  w_CBO        2.32500e+00   constant   
   8  beta_CBO     4.21359e-03     fixed    
   9  alpha_2CBO   1.99389e-03     fixed    
  10  beta_2CBO    5.02619e-03     fixed    
  11  alpha_y     -2.33645e-03     fixed    
  12  w_y          1.44500e+01   constant   
  13  beta_y       1.64667e-03   1.70256e-04   1.70256e-04   6.68505e+03
  14  alpha_vw     0.00000e+00   1.00000e-03   1.00000e-03  -3.40869e+04
  15  w_vw         1.29000e+01   constant   
  16  beta_vw      0.00000e+00     fixed    
  17  LM           4.28749e-04   constant   
  18  zeta_y       0.00000e+00   constant   
  19  zeta_vw      0.00000e+00   constant   
  20  T_CBO        2.74982e+01   3.45335e+00   7.95113e-05  -1.11846e+01
  21  alpha_A0    -1.44633e-01   2.23740e-02  -5.66427e-05   1.40533e+01
  22  beta_A0     -2.02811e-01   3.10276e-02   1.44865e-05   3.25921e+01
  23  alpha_phi   -1.00474e-01   1.60167e-02  -5.15037e-05  -6.41685e+00
  24  beta_phi     1.66271e-01   2.67274e-02   2.47064e-05   3.37503e+01
 MIGRAD MINIMIZATION HAS CONVERGED.
 MIGRAD WILL VERIFY CONVERGENCE AND ERROR MATRIX.
 COVARIANCE MATRIX CALCULATED SUCCESSFULLY
 FCN=31.7613 FROM HESSE     STATUS=OK             50 CALLS        7459 TOTAL
                     EDM=0.0857519    STRATEGY= 1      ERROR MATRIX ACCURATE 
  EXT PARAMETER                                   STEP         FIRST   
  NO.   NAME      VALUE            ERROR          SIZE      DERIVATIVE 
   1  N0           3.03492e+06     fixed    
   2  tau          6.44153e+01   constant   
   3  A0           3.57850e-01     fixed    
   4  phi          4.05193e+00     fixed    
   5  R           -6.13262e+01   constant   
   6  alpha_CBO    7.55337e-03     fixed    
   7  w_CBO        2.32500e+00   constant   
   8  beta_CBO     4.21359e-03     fixed    
   9  alpha_2CBO   1.99389e-03     fixed    
  10  beta_2CBO    5.02619e-03     fixed    
  11  alpha_y     -2.33645e-03     fixed    
  12  w_y          1.44500e+01   constant   
  13  beta_y       1.60324e-03   1.61506e-04   4.45515e-07  -6.70918e+00
  14  alpha_vw     4.10622e-04   1.60714e-04   4.35440e-07  -4.12574e+00
  15  w_vw         1.29000e+01   constant   
  16  beta_vw      0.00000e+00     fixed    
  17  LM           4.28749e-04   constant   
  18  zeta_y       0.00000e+00   constant   
  19  zeta_vw      0.00000e+00   constant   
  20  T_CBO        2.75008e+01   1.81955e+01   3.25958e-06  -3.10065e+00
  21  alpha_A0    -1.44980e-01   1.19156e-01   6.89091e-06  -7.26394e-01
  22  beta_A0     -2.02672e-01   1.67975e-01   5.71417e-06  -9.86312e-02
  23  alpha_phi   -1.00521e-01   8.28223e-02   4.86285e-06  -1.54973e+00
  24  beta_phi     1.66232e-01   1.40122e-01   5.12512e-06   6.00934e-02
 MIGRAD MINIMIZATION HAS CONVERGED.
 MIGRAD WILL VERIFY CONVERGENCE AND ERROR MATRIX.
 COVARIANCE MATRIX CALCULATED SUCCESSFULLY
 FCN=31.6459 FROM MIGRAD    STATUS=CONVERGED     882 CALLS        8212 TOTAL
                     EDM=5.73331e-06    STRATEGY= 1      ERROR MATRIX ACCURATE 
  EXT PARAMETER                                   STEP         FIRST   
  NO.   NAME      VALUE            ERROR          SIZE      DERIVATIVE 
   1  N0           3.03492e+06     fixed    
   2  tau          6.44153e+01   constant   
   3  A0           3.57850e-01     fixed    
   4  phi          4.05193e+00     fixed    
   5  R           -6.13262e+01   constant   
   6  alpha_CBO    7.55337e-03     fixed    
   7  w_CBO        2.32500e+00   constant   
   8  beta_CBO     4.21359e-03     fixed    
   9  alpha_2CBO   1.99389e-03     fixed    
  10  beta_2CBO    5.02619e-03     fixed    
  11  alpha_y     -2.33645e-03     fixed    
  12  w_y          1.44500e+01   constant   
  13  beta_y       1.60150e-03   1.61507e-04   4.44733e-07   4.44318e-01
  14  alpha_vw     4.24472e-04   1.60100e-04   4.34679e-07   4.65761e-01
  15  w_vw         1.29000e+01   constant   
  16  beta_vw      0.00000e+00     fixed    
  17  LM           4.28749e-04   constant   
  18  zeta_y       0.00000e+00   constant   
  19  zeta_vw      0.00000e+00   constant   
  20  T_CBO        3.71678e+01   3.03515e+01   5.11733e-06  -1.18220e+00
  21  alpha_A0    -1.05024e-01   7.90165e-02   4.96942e-06   5.41815e-01
  22  beta_A0     -1.46421e-01   1.11062e-01   4.11285e-06   6.99708e-01
  23  alpha_phi   -7.27565e-02   5.48862e-02   3.49835e-06   1.46866e+00
  24  beta_phi     1.19432e-01   9.21411e-02   3.66541e-06   1.37881e-01
 EXTERNAL ERROR MATRIX.    NDIM=  25    NPAR=  7    ERR DEF=1
  2.608e-08  2.394e-09 -1.366e-04 -3.345e-07 -5.040e-07 -2.283e-07  3.954e-07 
  2.394e-09  2.563e-08  9.810e-04  2.532e-06  3.580e-06  1.766e-06 -2.967e-06 
 -1.366e-04  9.810e-04  9.292e+02  2.408e+00  3.385e+00  1.673e+00 -2.808e+00 
 -3.345e-07  2.532e-06  2.408e+00  6.244e-03  8.773e-03  4.335e-03 -7.278e-03 
 -5.040e-07  3.580e-06  3.385e+00  8.773e-03  1.233e-02  6.093e-03 -1.023e-02 
 -2.283e-07  1.766e-06  1.673e+00  4.335e-03  6.093e-03  3.012e-03 -5.056e-03 
  3.954e-07 -2.967e-06 -2.808e+00 -7.278e-03 -1.023e-02 -5.056e-03  8.490e-03 
 PARAMETER  CORRELATION COEFFICIENTS  
       NO.  GLOBAL     13     14     20     21     22     23     24
       13  0.16064   1.000  0.093 -0.028 -0.026 -0.028 -0.026  0.027
       14  0.23005   0.093  1.000  0.201  0.200  0.201  0.201 -0.201
       20  0.99993  -0.028  0.201  1.000  1.000  1.000  1.000 -1.000
       21  0.99975  -0.026  0.200  1.000  1.000  1.000  1.000 -1.000
       22  0.99991  -0.028  0.201  1.000  1.000  1.000  1.000 -1.000
       23  0.99974  -0.026  0.201  1.000  1.000  1.000  1.000 -1.000
       24  0.99990   0.027 -0.201 -1.000 -1.000 -1.000 -1.000  1.000
MINUIT - FIT ALTOGETHER
 **********
 **   83 **RES 
 **********
                   PARAMETER   16  beta_vw RESTORED TO VARIABLE.
                   PARAMETER   11  alpha_y RESTORED TO VARIABLE.
                   PARAMETER   10  beta_2CBO RESTORED TO VARIABLE.
                   PARAMETER    9  alpha_2CBO RESTORED TO VARIABLE.
                   PARAMETER    8  beta_CBO RESTORED TO VARIABLE.
                   PARAMETER    6  alpha_CBO RESTORED TO VARIABLE.
                   PARAMETER    4  phi RESTORED TO VARIABLE.
                   PARAMETER    3  A0 RESTORED TO VARIABLE.
                   PARAMETER    1  N0 RESTORED TO VARIABLE.
 **********
 **   84 **MIGRAD
 **********
 START MIGRAD MINIMIZATION.  STRATEGY  1.  CONVERGENCE WHEN EDM .LT. 1.00e-04
 FCN=31.6459 FROM MIGRAD    STATUS=INITIATE       34 CALLS        8246 TOTAL
                     EDM= unknown      STRATEGY= 1      NO ERROR MATRIX       
  EXT PARAMETER               CURRENT GUESS       STEP         FIRST   
  NO.   NAME      VALUE            ERROR          SIZE      DERIVATIVE 
   1  N0           3.03492e+06   2.09412e+04   2.09412e+04  -2.44272e-04
   2  tau          6.44153e+01   constant   
   3  A0           3.57850e-01   1.08570e-02   1.08570e-02  -1.36570e+03
   4  phi          4.05193e+00   2.59321e-02   2.59321e-02   2.14828e+01
   5  R           -6.13262e+01   constant   
   6  alpha_CBO    7.55337e-03   7.49175e-03   7.49175e-03   3.82293e+03
   7  w_CBO        2.32500e+00   constant   
   8  beta_CBO     4.21359e-03   4.92475e-03   4.92475e-03   1.99085e+03
   9  alpha_2CBO   1.99389e-03   2.09967e-03   2.09967e-03  -1.11731e+04
  10  beta_2CBO    5.02619e-03   2.43724e-04   2.43724e-04  -4.42720e+02
  11  alpha_y     -2.33645e-03   1.61102e-04   1.61102e-04  -1.50774e+04
  12  w_y          1.44500e+01   constant   
  13  beta_y       1.60150e-03   1.61507e-04   4.44733e-07   4.44319e-01
  14  alpha_vw     4.24472e-04   1.60100e-04   4.34679e-07   4.65778e-01
  15  w_vw         1.29000e+01   constant   
  16  beta_vw      0.00000e+00   1.00000e-03   1.00000e-03   3.36014e+04
  17  LM           4.28749e-04   constant   
  18  zeta_y       0.00000e+00   constant   
  19  zeta_vw      0.00000e+00   constant   
  20  T_CBO        3.71678e+01   3.03515e+01   5.11733e-06  -1.18222e+00
  21  alpha_A0    -1.05024e-01   7.90165e-02   4.96942e-06   5.41826e-01
  22  beta_A0     -1.46421e-01   1.11062e-01   4.11285e-06   6.99719e-01
  23  alpha_phi   -7.27565e-02   5.48862e-02   3.49835e-06   1.46866e+00
  24  beta_phi     1.19432e-01   9.21411e-02   3.66541e-06   1.37879e-01
 MIGRAD MINIMIZATION HAS CONVERGED.
 FCN=7.71176 FROM MIGRAD    STATUS=CONVERGED    1177 CALLS        9389 TOTAL
                     EDM=3.59787e-06    STRATEGY= 1  ERROR MATRIX UNCERTAINTY   3.3 per cent
  EXT PARAMETER                                   STEP         FIRST   
  NO.   NAME      VALUE            ERROR          SIZE      DERIVATIVE 
   1  N0           3.03507e+06   2.64204e+03   7.25829e+00   5.32192e-06
   2  tau          6.44153e+01   constant   
   3  A0           3.56903e-01   3.82373e-04   1.62960e-06  -4.05989e+00
   4  phi          4.05660e+00   1.78038e-03  -2.66588e-06   1.00075e-01
   5  R           -6.13262e+01   constant   
   6  alpha_CBO    6.48549e-03   1.76170e-03  -4.53782e-06  -3.43675e+00
   7  w_CBO        2.32500e+00   constant   
   8  beta_CBO    -4.07421e-03   3.81047e-03  -1.48078e-06  -2.47081e+00
   9  alpha_2CBO   2.91655e-03   1.25776e-03  -2.50298e-06  -2.29409e+00
  10  beta_2CBO   -3.14827e-04   1.70603e-03   2.80299e-06   1.01855e+01
  11  alpha_y     -2.06165e-03   2.00397e-04  -5.56269e-07   5.60930e-01
  12  w_y          1.44500e+01   constant   
  13  beta_y       1.59503e-03   2.11523e-04   3.13770e-07   3.66030e-01
  14  alpha_vw     7.31059e-04   1.89605e-04  -5.75857e-07   1.25152e-02
  15  w_vw         1.29000e+01   constant   
  16  beta_vw     -4.44556e-04   2.21209e-04   4.22196e-07  -1.16507e+00
  17  LM           4.28749e-04   constant   
  18  zeta_y       0.00000e+00   constant   
  19  zeta_vw      0.00000e+00   constant   
  20  T_CBO        2.59806e+01   5.87574e+00  -3.93835e-05   5.98505e-01
  21  alpha_A0    -1.57420e-01   2.27219e-02   6.47008e-05  -4.60745e-01
  22  beta_A0     -1.09789e-01   3.42168e-02   3.80507e-05  -4.01439e-01
  23  alpha_phi   -8.66188e-02   1.97521e-02  -2.78454e-05   1.72263e-01
  24  beta_phi     6.19052e-02   2.66184e-02   1.91200e-05  -5.86684e-01
 EXTERNAL ERROR MATRIX.    NDIM=  25    NPAR= 16    ERR DEF=1
 ELEMENTS ABOVE DIAGONAL ARE NOT PRINTED.
  6.980e+06 
  2.968e-01  1.462e-07 
  2.907e+00 -3.105e-07  3.170e-06 
 -4.528e+00 -8.132e-08 -2.273e-06  3.104e-06 
 -8.176e+00  4.157e-07 -6.241e-06  6.048e-06  1.452e-05 
 -3.197e+00 -1.991e-07 -1.236e-06  2.030e-06  3.435e-06  1.582e-06 
 -2.566e+00  3.582e-07 -2.924e-06  2.074e-06  6.008e-06  1.026e-06  2.911e-06 
 -1.190e-01  5.666e-09 -6.372e-08  9.217e-08  2.026e-07  4.169e-08  6.476e-08  4.016e-08 
  1.268e-01 -2.248e-08  1.210e-07 -1.124e-07 -3.127e-07 -3.380e-08 -1.294e-07 -6.260e-09  4.474e-08 
 -1.127e-01 -2.015e-08  2.179e-08  6.249e-08  3.022e-08  5.437e-08 -2.381e-08  1.679e-08  3.315e-09  3.595e-08 
  9.231e-02 -2.285e-08  9.593e-08 -8.992e-08 -2.647e-07 -1.755e-08 -1.052e-07 -1.316e-08  2.762e-08 -1.487e-09  4.893e-08 
 -1.379e+04  3.222e-04 -9.220e-03  9.869e-03  2.212e-02  5.970e-03  8.692e-03  3.123e-04 -4.482e-04  1.012e-04 -3.713e-04 
 -1.379e+04  3.222e-04 -9.220e-03  9.869e-03  2.212e-02  5.970e-03  8.692e-03  3.123e-04 -4.482e-04  1.012e-04 -3.713e-04  3.454e+01 
 -1.939e+01  6.436e-06 -3.660e-05  1.869e-05  6.897e-05  6.447e-06  3.706e-05  6.616e-07 -1.636e-06 -7.486e-07 -1.381e-06 
 -1.939e+01  6.436e-06 -3.660e-05  1.869e-05  6.897e-05  6.447e-06  3.706e-05  6.616e-07 -1.636e-06 -7.486e-07 -1.381e-06  9.407e-02  5.163e-04 
  8.250e+01 -1.002e-06  5.299e-05 -5.792e-05 -1.267e-04 -3.681e-05 -4.938e-05 -1.629e-06  2.283e-06 -6.506e-07  1.786e-06 
  8.250e+01 -1.002e-06  5.299e-05 -5.792e-05 -1.267e-04 -3.681e-05 -4.938e-05 -1.629e-06  2.283e-06 -6.506e-07  1.786e-06 -1.995e-01 -5.207e-04  1.171e-03 
 -4.894e+01 -1.278e-07 -2.913e-05  3.378e-05  7.096e-05  2.235e-05  2.686e-05  8.794e-07 -1.170e-06  4.676e-07 -8.701e-07 
 -4.894e+01 -1.278e-07 -2.913e-05  3.378e-05  7.096e-05  2.235e-05  2.686e-05  8.794e-07 -1.170e-06  4.676e-07 -8.701e-07  1.135e-01  2.707e-04 -6.710e-04  3.901e-04 
 -4.673e+01  4.816e-06 -4.539e-05  3.668e-05  9.867e-05  1.871e-05  4.454e-05  1.283e-06 -2.253e-06 -1.727e-07 -1.923e-06 
 -4.673e+01  4.816e-06 -4.539e-05  3.668e-05  9.867e-05  1.871e-05  4.454e-05  1.283e-06 -2.253e-06 -1.727e-07 -1.923e-06  1.453e-01  5.505e-04 -8.226e-04  4.506e-04  7.085e-04 
 PARAMETER  CORRELATION COEFFICIENTS  
       NO.  GLOBAL      1      3      4      6      8      9     10     11     13     14     16     20     21     22     23     24
        1  0.99448   1.000  0.294  0.618 -0.973 -0.812 -0.962 -0.569 -0.225  0.227 -0.225  0.158 -0.888 -0.323  0.913 -0.938 -0.665
        3  0.96872   0.294  1.000 -0.456 -0.121  0.285 -0.414  0.549  0.074 -0.278 -0.278 -0.270  0.143  0.741 -0.077 -0.017  0.473
        4  0.98049   0.618 -0.456  1.000 -0.725 -0.920 -0.552 -0.963 -0.179  0.321  0.065  0.244 -0.881 -0.905  0.870 -0.828 -0.958
        6  0.99718  -0.973 -0.121 -0.725  1.000  0.901  0.916  0.690  0.261 -0.302  0.187 -0.231  0.953  0.467 -0.961  0.971  0.782
        8  0.99932  -0.812  0.285 -0.920  0.901  1.000  0.717  0.924  0.265 -0.388  0.042 -0.314  0.988  0.797 -0.971  0.943  0.973
        9  0.99241  -0.962 -0.414 -0.552  0.916  0.717  1.000  0.478  0.165 -0.127  0.228 -0.063  0.808  0.226 -0.855  0.900  0.559
       10  0.99664  -0.569  0.549 -0.963  0.690  0.924  0.478  1.000  0.189 -0.358 -0.074 -0.279  0.867  0.956 -0.846  0.797  0.981
       11  0.58979  -0.225  0.074 -0.179  0.261  0.265  0.165  0.189  1.000 -0.148  0.442 -0.297  0.265  0.145 -0.238  0.222  0.240
       13  0.65958   0.227 -0.278  0.321 -0.302 -0.388 -0.127 -0.358 -0.148  1.000  0.083  0.590 -0.361 -0.340  0.315 -0.280 -0.400
       14  0.57316  -0.225 -0.278  0.065  0.187  0.042  0.228 -0.074  0.442  0.083  1.000 -0.035  0.091 -0.174 -0.100  0.125 -0.034
       16  0.66329   0.158 -0.270  0.244 -0.231 -0.314 -0.063 -0.279 -0.297  0.590 -0.035  1.000 -0.286 -0.275  0.236 -0.199 -0.327
       20  0.99921  -0.888  0.143 -0.881  0.953  0.988  0.808  0.867  0.265 -0.361  0.091 -0.286  1.000  0.704 -0.992  0.978  0.929
       21  0.99736  -0.323  0.741 -0.905  0.467  0.797  0.226  0.956  0.145 -0.340 -0.174 -0.275  0.704  1.000 -0.670  0.603  0.910
       22  0.99919   0.913 -0.077  0.870 -0.961 -0.971 -0.855 -0.846 -0.238  0.315 -0.100  0.236 -0.992 -0.670  1.000 -0.993 -0.903
       23  0.99824  -0.938 -0.017 -0.828  0.971  0.943  0.900  0.797  0.222 -0.280  0.125 -0.199  0.978  0.603 -0.993  1.000  0.857
       24  0.99901  -0.665  0.473 -0.958  0.782  0.973  0.559  0.981  0.240 -0.400 -0.034 -0.327  0.929  0.910 -0.903  0.857  1.000
MINUIT - MINOS
 **********
 **   85 **RES 
 **********
 CALL TO MNFREE IGNORED.  THERE ARE NO FIXED PARAMETERS
 **********
 **   86 **MIG      2.5e+04        0.01
 **********
 START MIGRAD MINIMIZATION.  STRATEGY  1.  CONVERGENCE WHEN EDM .LT. 1.00e-05
 FCN=7.71176 FROM MIGRAD    STATUS=INITIATE       32 CALLS        9421 TOTAL
                     EDM=3.48804e-06    STRATEGY= 1  ERROR MATRIX UNCERTAINTY   3.3 per cent
  EXT PARAMETER                                   STEP         FIRST   
  NO.   NAME      VALUE            ERROR          SIZE      DERIVATIVE 
   1  N0           3.03507e+06   2.64204e+03   7.25829e+00   5.32192e-06
   2  tau          6.44153e+01   constant   
   3  A0           3.56903e-01   3.82373e-04   1.62960e-06  -4.05989e+00
   4  phi          4.05660e+00   1.78038e-03  -2.66588e-06   1.00075e-01
   5  R           -6.13262e+01   constant   
   6  alpha_CBO    6.48549e-03   1.76170e-03  -4.53782e-06  -3.43674e+00
   7  w_CBO        2.32500e+00   constant   
   8  beta_CBO    -4.07421e-03   3.81047e-03  -1.48078e-06  -2.47081e+00
   9  alpha_2CBO   2.91655e-03   1.25776e-03  -2.50298e-06  -2.29409e+00
  10  beta_2CBO   -3.14827e-04   1.70603e-03   2.80299e-06   1.01855e+01
  11  alpha_y     -2.06165e-03   2.00397e-04  -5.56269e-07   5.60932e-01
  12  w_y          1.44500e+01   constant   
  13  beta_y       1.59503e-03   2.11523e-04   3.13770e-07   3.66024e-01
  14  alpha_vw     7.31059e-04   1.89605e-04  -5.75857e-07   1.25206e-02
  15  w_vw         1.29000e+01   constant   
  16  beta_vw     -4.44556e-04   2.21209e-04   4.22196e-07  -1.16507e+00
  17  LM           4.28749e-04   constant   
  18  zeta_y       0.00000e+00   constant   
  19  zeta_vw      0.00000e+00   constant   
  20  T_CBO        2.59806e+01   5.87574e+00  -3.93835e-05   5.98503e-01
  21  alpha_A0    -1.57420e-01   2.27219e-02   6.47008e-05  -4.60744e-01
  22  beta_A0     -1.09789e-01   3.42168e-02   3.80507e-05  -4.01437e-01
  23  alpha_phi   -8.66188e-02   1.97521e-02  -2.78454e-05   1.72263e-01
  24  beta_phi     6.19052e-02   2.66184e-02   1.91200e-05  -5.86683e-01
 MIGRAD MINIMIZATION HAS CONVERGED.
 FCN=7.71175 FROM MIGRAD    STATUS=CONVERGED      66 CALLS        9455 TOTAL
                     EDM=9.30689e-07    STRATEGY= 1  ERROR MATRIX UNCERTAINTY   3.9 per cent
  EXT PARAMETER                                   STEP         FIRST   
  NO.   NAME      VALUE            ERROR          SIZE      DERIVATIVE 
   1  N0           3.03507e+06   2.52917e+03   2.19014e+00   1.87654e-06
   2  tau          6.44153e+01   constant   
   3  A0           3.56903e-01   3.73938e-04  -7.41572e-08  -2.86720e+00
   4  phi          4.05660e+00   1.72900e-03   2.31563e-06  -3.92494e-01
   5  R           -6.13262e+01   constant   
   6  alpha_CBO    6.48383e-03   1.67968e-03  -1.65868e-06   4.70068e+00
   7  w_CBO        2.32500e+00   constant   
   8  beta_CBO    -4.07843e-03   3.51199e-03  -4.21316e-06  -2.03001e+00
   9  alpha_2CBO   2.91536e-03   1.27014e-03  -1.19634e-06   1.11450e+00
  10  beta_2CBO   -3.16988e-04   1.59738e-03  -2.16139e-06  -5.46456e+00
  11  alpha_y     -2.06168e-03   1.97564e-04  -2.35441e-08  -2.99141e-01
  12  w_y          1.44500e+01   constant   
  13  beta_y       1.59505e-03   2.07285e-04   2.75057e-08  -2.15739e-01
  14  alpha_vw     7.31055e-04   1.89428e-04  -4.94360e-09   1.12702e-01
  15  w_vw         1.29000e+01   constant   
  16  beta_vw     -4.44540e-04   2.17565e-04   1.53261e-08  -8.03791e-03
  17  LM           4.28749e-04   constant   
  18  zeta_y       0.00000e+00   constant   
  19  zeta_vw      0.00000e+00   constant   
  20  T_CBO        2.59741e+01   5.46763e+00  -4.12814e-05  -3.25429e-01
  21  alpha_A0    -1.57444e-01   2.15952e-02  -2.45610e-05   2.42646e-01
  22  beta_A0     -1.09749e-01   3.25863e-02   4.02683e-05   2.39808e-02
  23  alpha_phi   -8.66425e-02   1.91968e-02  -2.37628e-05   4.16766e-01
  24  beta_phi     6.18750e-02   2.46487e-02  -3.02381e-05   4.35503e-01
 EXTERNAL ERROR MATRIX.    NDIM=  25    NPAR= 16    ERR DEF=1
 ELEMENTS ABOVE DIAGONAL ARE NOT PRINTED.
  6.397e+06 
  3.752e-01  1.398e-07 
  2.527e+00 -2.427e-07  2.989e-06 
 -4.121e+00 -1.384e-07 -2.018e-06  2.821e-06 
 -7.046e+00  2.645e-07 -5.503e-06  5.260e-06  1.233e-05 
 -3.086e+00 -2.287e-07 -1.223e-06  1.962e-06  3.219e-06  1.613e-06 
 -2.099e+00  2.878e-07 -2.651e-06  1.753e-06  5.104e-06  9.648e-07  2.552e-06 
 -8.350e-02  2.967e-09 -3.228e-08  6.620e-08  1.342e-07  2.764e-08  3.255e-08  3.903e-08 
  8.152e-02 -1.909e-08  8.071e-08 -7.925e-08 -2.254e-07 -1.570e-08 -8.816e-08 -4.845e-09  4.297e-08 
 -1.037e-01 -2.081e-08  2.982e-08  5.591e-08  1.293e-08  5.075e-08 -3.198e-08  1.652e-08  3.660e-09  3.588e-08 
  4.470e-02 -1.953e-08  5.249e-08 -5.488e-08 -1.730e-07  2.396e-09 -6.141e-08 -1.180e-08  2.592e-08 -1.157e-09  4.733e-08 
 -1.215e+04  9.394e-05 -8.177e-03  8.725e-03  1.893e-02  5.683e-03  7.388e-03  2.086e-04 -3.158e-04  7.497e-05 -2.316e-04 
 -1.215e+04  9.394e-05 -8.177e-03  8.725e-03  1.893e-02  5.683e-03  7.388e-03  2.086e-04 -3.158e-04  7.497e-05 -2.316e-04  2.991e+01 
 -1.392e+01  5.625e-06 -3.334e-05  1.492e-05  5.837e-05  5.679e-06  3.282e-05  2.913e-07 -1.163e-06 -8.425e-07 -8.782e-07 
 -1.392e+01  5.625e-06 -3.334e-05  1.492e-05  5.837e-05  5.679e-06  3.282e-05  2.913e-07 -1.163e-06 -8.425e-07 -8.782e-07  7.877e-02  4.664e-04 
  7.426e+01  2.801e-07  4.833e-05 -5.228e-05 -1.107e-04 -3.587e-05 -4.312e-05 -1.041e-06  1.530e-06 -5.010e-07  9.831e-07 
  7.426e+01  2.801e-07  4.833e-05 -5.228e-05 -1.107e-04 -3.587e-05 -4.312e-05 -1.041e-06  1.530e-06 -5.010e-07  9.831e-07 -1.766e-01 -4.467e-04  1.062e-03 
 -4.490e+01 -8.322e-07 -2.715e-05  3.106e-05  6.312e-05  2.216e-05  2.393e-05  5.532e-07 -7.514e-07  3.844e-07 -4.202e-07 
 -4.490e+01 -8.322e-07 -2.715e-05  3.106e-05  6.312e-05  2.216e-05  2.393e-05  5.532e-07 -7.514e-07  3.844e-07 -4.202e-07  1.024e-01  2.357e-04 -6.208e-04  3.685e-04 
 -3.905e+01  3.758e-06 -4.049e-05  3.133e-05  8.380e-05  1.735e-05  3.845e-05  8.027e-07 -1.640e-06 -2.942e-07 -1.277e-06 
 -3.905e+01  3.758e-06 -4.049e-05  3.133e-05  8.380e-05  1.735e-05  3.845e-05  8.027e-07 -1.640e-06 -2.942e-07 -1.277e-06  1.237e-01  4.789e-04 -7.152e-04  3.984e-04  6.076e-04 
 PARAMETER  CORRELATION COEFFICIENTS  
       NO.  GLOBAL      1      3      4      6      8      9     10     11     13     14     16     20     21     22     23     24
        1  0.99342   1.000  0.397  0.578 -0.970 -0.793 -0.961 -0.520 -0.167  0.156 -0.217  0.081 -0.878 -0.255  0.901 -0.925 -0.626
        3  0.96710   0.397  1.000 -0.375 -0.220  0.201 -0.481  0.482  0.040 -0.246 -0.294 -0.240  0.046  0.697  0.023 -0.116  0.408
        4  0.97937   0.578 -0.375  1.000 -0.695 -0.906 -0.557 -0.960 -0.094  0.225  0.091  0.140 -0.865 -0.893  0.858 -0.818 -0.950
        6  0.99717  -0.970 -0.220 -0.695  1.000  0.892  0.919  0.653  0.200 -0.228  0.176 -0.150  0.950  0.411 -0.955  0.963  0.757
        8  0.99919  -0.793  0.201 -0.906  0.892  1.000  0.722  0.910  0.193 -0.310  0.019 -0.226  0.986  0.770 -0.967  0.936  0.968
        9  0.99265  -0.961 -0.481 -0.557  0.919  0.722  1.000  0.476  0.110 -0.060  0.211  0.009  0.818  0.207 -0.867  0.909  0.554
       10  0.99689  -0.520  0.482 -0.960  0.653  0.910  0.476  1.000  0.103 -0.266 -0.106 -0.177  0.846  0.951 -0.828  0.780  0.976
       11  0.57415  -0.167  0.040 -0.094  0.200  0.193  0.110  0.103  1.000 -0.118  0.441 -0.275  0.193  0.068 -0.162  0.146  0.165
       13  0.64185   0.156 -0.246  0.225 -0.228 -0.310 -0.060 -0.266 -0.118  1.000  0.093  0.575 -0.279 -0.260  0.226 -0.189 -0.321
       14  0.57209  -0.217 -0.294  0.091  0.176  0.019  0.211 -0.106  0.441  0.093  1.000 -0.028  0.072 -0.206 -0.081  0.106 -0.063
       16  0.64875   0.081 -0.240  0.140 -0.150 -0.226  0.009 -0.177 -0.275  0.575 -0.028  1.000 -0.195 -0.187  0.139 -0.101 -0.238
       20  0.99916  -0.878  0.046 -0.865  0.950  0.986  0.818  0.846  0.193 -0.279  0.072 -0.195  1.000  0.667 -0.991  0.975  0.918
       21  0.99726  -0.255  0.697 -0.893  0.411  0.770  0.207  0.951  0.068 -0.260 -0.206 -0.187  0.667  1.000 -0.635  0.569  0.900
       22  0.99910   0.901  0.023  0.858 -0.955 -0.967 -0.867 -0.828 -0.162  0.226 -0.081  0.139 -0.991 -0.635  1.000 -0.992 -0.890
       23  0.99817  -0.925 -0.116 -0.818  0.963  0.936  0.909  0.780  0.146 -0.189  0.106 -0.101  0.975  0.569 -0.992  1.000  0.842
       24  0.99894  -0.626  0.408 -0.950  0.757  0.968  0.554  0.976  0.165 -0.321 -0.063 -0.238  0.918  0.900 -0.890  0.842  1.000
 **********
 **   87 **MINO      2.5e+04
 **********
                         POSITIVE MINOS ERROR NOT CALCULATED FOR PARAMETER 1
 FCN=7.61216 FROM MINOS     STATUS=NEW MINIMU   8531 CALLS       17986 TOTAL
                     EDM= unknown      STRATEGY= 1      NO ERROR MATRIX       
  EXT PARAMETER                  PARABOLIC         MINOS ERRORS        
  NO.   NAME      VALUE            ERROR      NEGATIVE      POSITIVE   
   1  N0           2.99663e+06   2.52917e+03                            
   2  tau          6.44153e+01   constant   
   3  A0           3.52207e-01   4.47149e-04                            
   4  phi          4.07123e+00   3.67226e-03                            
   5  R           -6.13262e+01   constant   
   6  alpha_CBO   -4.65045e-03   2.24275e-03                            
   7  w_CBO        2.32500e+00   constant   
   8  beta_CBO    -2.12507e-03   5.33297e-03                            
   9  alpha_2CBO   9.75661e-04   1.23420e-03                            
  10  beta_2CBO   -6.11458e-04   2.09252e-03                            
  11  alpha_y     -2.02417e-03   2.06675e-04                            
  12  w_y          1.44500e+01   constant   
  13  beta_y       1.61234e-03   2.22511e-04                            
  14  alpha_vw     7.91676e-04   1.90994e-04                            
  15  w_vw         1.29000e+01   constant   
  16  beta_vw     -4.43517e-04   2.30147e-04                            
  17  LM           4.28749e-04   constant   
  18  zeta_y       0.00000e+00   constant   
  19  zeta_vw      0.00000e+00   constant   
  20  T_CBO        3.49918e+01   3.27574e+00                            
  21  alpha_A0    -6.74787e-02   1.86131e-02                            
  22  beta_A0     -1.41329e-01   2.91905e-02                            
  23  alpha_phi   -1.43905e-01   2.46290e-02                            
  24  beta_phi     4.01279e-02   3.14501e-02                            
 NEW MINIMUM FOUND.  GO BACK TO MINIMIZATION STEP.
 =================================================
                                                  V
                                                  V
                                                  V
                                               VVVVVVV
                                                VVVVV
                                                 VVV
                                                  V

 START MIGRAD MINIMIZATION.  STRATEGY  1.  CONVERGENCE WHEN EDM .LT. 5.00e-05
 FCN=7.61216 FROM MIGRAD    STATUS=INITIATE       32 CALLS       18018 TOTAL
                     EDM= unknown      STRATEGY= 1      NO ERROR MATRIX       
  EXT PARAMETER               CURRENT GUESS       STEP         FIRST   
  NO.   NAME      VALUE            ERROR          SIZE      DERIVATIVE 
   1  N0           2.99663e+06   2.52917e+03   2.52917e+03   3.82231e-06
   2  tau          6.44153e+01   constant   
   3  A0           3.52207e-01   4.47149e-04   1.55033e-06  -1.15774e+01
   4  phi          4.07123e+00   3.67226e-03   1.14621e-05   8.78430e-01
   5  R           -6.13262e+01   constant   
   6  alpha_CBO   -4.65045e-03   2.24275e-03   6.51862e-06  -4.32564e-01
   7  w_CBO        2.32500e+00   constant   
   8  beta_CBO    -2.12507e-03   5.33297e-03   1.55469e-05  -1.42261e+00
   9  alpha_2CBO   9.75661e-04   1.23420e-03   2.96572e-06   1.78264e+00
  10  beta_2CBO   -6.11458e-04   2.09252e-03   5.17357e-06   7.84565e-01
  11  alpha_y     -2.02417e-03   2.06675e-04   3.46182e-07  -5.98349e-01
  12  w_y          1.44500e+01   constant   
  13  beta_y       1.61234e-03   2.22511e-04  -5.21955e-07  -4.71120e-01
  14  alpha_vw     7.91676e-04   1.90994e-04   3.34007e-07   1.34816e+00
  15  w_vw         1.29000e+01   constant   
  16  beta_vw     -4.43517e-04   2.30147e-04  -4.52848e-07   3.35478e-01
  17  LM           4.28749e-04   constant   
  18  zeta_y       0.00000e+00   constant   
  19  zeta_vw      0.00000e+00   constant   
  20  T_CBO        3.49918e+01   3.27574e+00   5.60535e-05   5.17958e-01
  21  alpha_A0    -6.74787e-02   1.86131e-02  -3.91630e-05  -8.77177e-02
  22  beta_A0     -1.41329e-01   2.91905e-02  -8.67460e-05   1.98054e-02
  23  alpha_phi   -1.43905e-01   2.46290e-02   6.71484e-05  -6.21634e-01
  24  beta_phi     4.01279e-02   3.14501e-02   8.58777e-05   3.94778e-01
 MIGRAD MINIMIZATION HAS CONVERGED.
 MIGRAD WILL VERIFY CONVERGENCE AND ERROR MATRIX.
 FCN=3.86366 FROM MIGRAD    STATUS=CONVERGED    6176 CALLS       24162 TOTAL
                     EDM=2.31056e-06    STRATEGY= 1      ERR MATRIX NOT POS-DEF
  EXT PARAMETER                APPROXIMATE        STEP         FIRST   
  NO.   NAME      VALUE            ERROR          SIZE      DERIVATIVE 
   1  N0           2.83885e+06   4.04350e+03   1.35367e+00   3.11271e-06
   2  tau          6.44153e+01   constant   
   3  A0           4.38122e-01   1.98007e-03   2.08913e-07  -8.77248e+00
   4  phi          4.06282e+00   3.75696e-03   1.93730e-06  -2.27715e-01
   5  R           -6.13262e+01   constant   
   6  alpha_CBO    2.22319e-02   1.44582e-03   1.70071e-07   4.68895e+00
   7  w_CBO        2.32500e+00   constant   
   8  beta_CBO     4.14322e-02   1.60838e-03   1.73176e-07   3.99712e+00
   9  alpha_2CBO   1.10728e-02   6.72686e-04   1.65929e-07  -2.51426e+00
  10  beta_2CBO    4.07121e-03   7.36926e-04   1.77902e-07  -1.76146e+00
  11  alpha_y     -1.85600e-03   1.99665e-04   1.74143e-07  -1.45918e+00
  12  w_y          1.44500e+01   constant   
  13  beta_y       1.53429e-03   2.03786e-04   1.71664e-07   8.66322e-01
  14  alpha_vw     8.99309e-04   1.86097e-04   1.67791e-07  -2.06861e+00
  15  w_vw         1.29000e+01   constant   
  16  beta_vw     -4.44406e-04   2.18569e-04   1.78484e-07  -1.04658e+00
  17  LM           4.28749e-04   constant   
  18  zeta_y       0.00000e+00   constant   
  19  zeta_vw      0.00000e+00   constant   
  20  T_CBO        7.64153e+01   2.24262e+00   6.74528e-07   2.10619e+00
  21  alpha_A0     1.51024e-01   7.28925e-03   9.13601e-07   1.10399e+00
  22  beta_A0     -4.50603e-01   7.75382e-03   7.62266e-07  -1.29886e+00
  23  alpha_phi   -3.30071e-01   6.57374e-03   7.71572e-07  -9.06824e-01
  24  beta_phi    -1.68643e-01   7.58340e-03   7.95907e-07  -1.48121e+00
 EXTERNAL ERROR MATRIX.    NDIM=  25    NPAR= 16    ERR DEF=1
 ELEMENTS ABOVE DIAGONAL ARE NOT PRINTED.
  1.635e+07 
 -1.247e-01  3.921e-06 
 -3.917e+00 -1.675e-06  1.411e-05 
  1.929e+00  1.822e-06 -3.107e-06  2.090e-06 
 -1.049e+00  1.254e-06  3.640e-06  3.599e-07  2.587e-06 
 -4.655e-01  3.119e-07 -6.447e-07  3.804e-07 -2.463e-07  4.525e-07 
  1.090e+00  4.635e-07  9.419e-07  2.201e-07  8.687e-07 -1.472e-07  5.431e-07 
  1.326e-02 -1.152e-08  5.895e-08  1.930e-08  5.062e-08 -2.191e-08  3.034e-09  3.987e-08 
 -7.713e-02 -7.700e-09 -7.820e-08 -2.509e-08 -7.316e-08  3.820e-08 -1.896e-08 -5.249e-09  4.153e-08 
 -5.341e-02 -3.106e-08  2.737e-08  1.845e-08  2.623e-09  1.525e-08 -1.143e-08  1.691e-08  2.292e-09  3.463e-08 
 -7.815e-02 -3.939e-09 -8.231e-08 -2.129e-08 -7.075e-08  4.209e-08 -1.176e-08 -1.300e-08  2.551e-08 -2.822e-09  4.777e-08 
 -3.287e+03  6.928e-04 -5.934e-04  2.033e-04  2.591e-04  1.423e-04 -1.623e-04 -5.957e-07  1.224e-05  5.777e-06  1.375e-05 
 -3.287e+03  6.928e-04 -5.934e-04  2.033e-04  2.591e-04  1.423e-04 -1.623e-04 -5.957e-07  1.224e-05  5.777e-06  1.375e-05  5.029e+00 
 -2.297e-01  5.519e-06  1.199e-05 -3.685e-06  3.252e-06 -9.361e-07  1.925e-06 -2.108e-07  1.181e-07 -2.668e-07  1.382e-07 
 -2.297e-01  5.519e-06  1.199e-05 -3.685e-06  3.252e-06 -9.361e-07  1.925e-06 -2.108e-07  1.181e-07 -2.668e-07  1.382e-07 -4.855e-03  5.313e-05 
  1.179e+01 -1.267e-06  2.361e-06 -2.945e-06 -3.590e-06 -8.344e-07 -2.356e-07 -1.097e-07  5.085e-08 -1.352e-07  2.685e-08 
  1.179e+01 -1.267e-06  2.361e-06 -2.945e-06 -3.590e-06 -8.344e-07 -2.356e-07 -1.097e-07  5.085e-08 -1.352e-07  2.685e-08  7.055e-03  1.138e-05  6.012e-05 
  1.242e+01 -1.671e-07  9.146e-06  3.080e-07  2.169e-06  4.961e-07  1.969e-06 -3.637e-08  7.372e-10  1.307e-08  2.511e-08 
  1.242e+01 -1.671e-07  9.146e-06  3.080e-07  2.169e-06  4.961e-07  1.969e-06 -3.637e-08  7.372e-10  1.307e-08  2.511e-08  4.218e-03  4.482e-06  3.476e-05  4.321e-05 
  3.326e+00 -5.214e-06 -4.554e-06  1.680e-06  2.132e-06 -2.021e-06  1.370e-06  2.639e-07 -3.072e-07  6.974e-08 -3.026e-07 
  3.326e+00 -5.214e-06 -4.554e-06  1.680e-06  2.132e-06 -2.021e-06  1.370e-06  2.639e-07 -3.072e-07  6.974e-08 -3.026e-07  4.854e-03 -3.726e-05 -1.148e-05 -2.303e-06  5.751e-05 
ERR MATRIX NOT POS-DEF
 PARAMETER  CORRELATION COEFFICIENTS  
       NO.  GLOBAL      1      3      4      6      8      9     10     11     13     14     16     20     21     22     23     24
        1  0.99683   1.000 -0.016 -0.258  0.330 -0.161 -0.171  0.366  0.016 -0.094 -0.071 -0.088 -0.362 -0.008  0.376  0.467  0.108
        3  0.99683  -0.016  1.000 -0.225  0.636  0.394  0.234  0.318 -0.029 -0.019 -0.084 -0.009  0.156  0.382 -0.083 -0.013 -0.347
        4  0.99580  -0.258 -0.225  1.000 -0.572  0.602 -0.255  0.340  0.079 -0.102  0.039 -0.100 -0.070  0.438  0.081  0.370 -0.160
        6  0.99404   0.330  0.636 -0.572  1.000  0.155  0.391  0.207  0.067 -0.085  0.069 -0.067  0.063 -0.350 -0.263  0.032  0.153
        8  0.99501  -0.161  0.394  0.602  0.155  1.000 -0.228  0.733  0.158 -0.223  0.009 -0.201  0.072  0.277 -0.288  0.205  0.175
        9  0.97352  -0.171  0.234 -0.255  0.391 -0.228  1.000 -0.297 -0.163  0.279  0.122  0.286  0.094 -0.191 -0.160  0.112 -0.396
       10  0.97465   0.366  0.318  0.340  0.207  0.733 -0.297  1.000  0.021 -0.126 -0.083 -0.073 -0.098  0.358 -0.041  0.406  0.245
       11  0.58873   0.016 -0.029  0.079  0.067  0.158 -0.163  0.021  1.000 -0.129  0.455 -0.298 -0.001 -0.145 -0.071 -0.028  0.174
       13  0.62490  -0.094 -0.019 -0.102 -0.085 -0.223  0.279 -0.126 -0.129  1.000  0.060  0.573  0.027  0.080  0.032  0.001 -0.199
       14  0.54930  -0.071 -0.084  0.039  0.069  0.009  0.122 -0.083  0.455  0.060  1.000 -0.069  0.014 -0.197 -0.094  0.011  0.049
       16  0.65362  -0.088 -0.009 -0.100 -0.067 -0.201  0.286 -0.073 -0.298  0.573 -0.069  1.000  0.028  0.087  0.016  0.017 -0.183
       20  0.99725  -0.362  0.156 -0.070  0.063  0.072  0.094 -0.098 -0.001  0.027  0.014  0.028  1.000 -0.297  0.406  0.286  0.285
       21  0.99323  -0.008  0.382  0.438 -0.350  0.277 -0.191  0.358 -0.145  0.080 -0.197  0.087 -0.297  1.000  0.201  0.094 -0.674
       22  0.99584   0.376 -0.083  0.081 -0.263 -0.288 -0.160 -0.041 -0.071  0.032 -0.094  0.016  0.406  0.201  1.000  0.682 -0.195
       23  0.99407   0.467 -0.013  0.370  0.032  0.205  0.112  0.406 -0.028  0.001  0.011  0.017  0.286  0.094  0.682  1.000 -0.046
       24  0.99526   0.108 -0.347 -0.160  0.153  0.175 -0.396  0.245  0.174 -0.199  0.049 -0.183  0.285 -0.674 -0.195 -0.046  1.000
 ERR MATRIX NOT POS-DEF
                         POSITIVE MINOS ERROR NOT CALCULATED FOR PARAMETER 1
                         NEGATIVE MINOS ERROR NOT CALCULATED FOR PARAMETER 1
                         POSITIVE MINOS ERROR NOT CALCULATED FOR PARAMETER 3
                         NEGATIVE MINOS ERROR NOT CALCULATED FOR PARAMETER 3
                         POSITIVE MINOS ERROR NOT CALCULATED FOR PARAMETER 4
 MIGRAD FAILS WITH STRATEGY=0.   WILL TRY WITH STRATEGY=1.
                         NEGATIVE MINOS ERROR NOT CALCULATED FOR PARAMETER 4
                         POSITIVE MINOS ERROR NOT CALCULATED FOR PARAMETER 6
                         NEGATIVE MINOS ERROR NOT CALCULATED FOR PARAMETER 6
                         POSITIVE MINOS ERROR NOT CALCULATED FOR PARAMETER 8
                         NEGATIVE MINOS ERROR NOT CALCULATED FOR PARAMETER 8
                         POSITIVE MINOS ERROR NOT CALCULATED FOR PARAMETER 9
                         NEGATIVE MINOS ERROR NOT CALCULATED FOR PARAMETER 9
                         POSITIVE MINOS ERROR NOT CALCULATED FOR PARAMETER 20
                         NEGATIVE MINOS ERROR NOT CALCULATED FOR PARAMETER 20
 MIGRAD FAILS WITH STRATEGY=0.   WILL TRY WITH STRATEGY=1.
                         POSITIVE MINOS ERROR NOT CALCULATED FOR PARAMETER 21
                         NEGATIVE MINOS ERROR NOT CALCULATED FOR PARAMETER 21
                         POSITIVE MINOS ERROR NOT CALCULATED FOR PARAMETER 22
 MIGRAD FAILS WITH STRATEGY=0.   WILL TRY WITH STRATEGY=1.
                         NEGATIVE MINOS ERROR NOT CALCULATED FOR PARAMETER 22
                         POSITIVE MINOS ERROR NOT CALCULATED FOR PARAMETER 23
 MIGRAD FAILS WITH STRATEGY=0.   WILL TRY WITH STRATEGY=1.
                         NEGATIVE MINOS ERROR NOT CALCULATED FOR PARAMETER 23
                         POSITIVE MINOS ERROR NOT CALCULATED FOR PARAMETER 24
 MIGRAD FAILS WITH STRATEGY=0.   WILL TRY WITH STRATEGY=1.
                         NEGATIVE MINOS ERROR NOT CALCULATED FOR PARAMETER 24
 FCN=3.86366 FROM MINOS     STATUS=PROBLEMS   333751 CALLS      358098 TOTAL
                     EDM=2.3106e-06    STRATEGY= 1      ERR MATRIX NOT POS-DEF
  EXT PARAMETER                  PARABOLIC         MINOS ERRORS        
  NO.   NAME      VALUE            ERROR      NEGATIVE      POSITIVE   
   1  N0           2.83885e+06   4.04713e+03                            
   2  tau          6.44153e+01   constant   
   3  A0           4.38122e-01   1.97813e-03                            
   4  phi          4.06282e+00   3.75661e-03                            
   5  R           -6.13262e+01   constant   
   6  alpha_CBO    2.22319e-02   1.44402e-03                            
   7  w_CBO        2.32500e+00   constant   
   8  beta_CBO     4.14322e-02   1.61133e-03                            
   9  alpha_2CBO   1.10728e-02   6.72865e-04                            
  10  beta_2CBO    4.07121e-03   7.38089e-04  -6.14221e-03   3.09753e-03
  11  alpha_y     -1.85600e-03   1.99658e-04  -4.47388e-04   3.48788e-04
  12  w_y          1.44500e+01   constant   
  13  beta_y       1.53429e-03   2.03777e-04  -2.31788e-04   3.88587e-04
  14  alpha_vw     8.99309e-04   1.86112e-04  -6.49674e-04   4.37654e-04
  15  w_vw         1.29000e+01   constant   
  16  beta_vw     -4.44406e-04   2.18551e-04  -2.35906e-04   3.25377e-04
  17  LM           4.28749e-04   constant   
  18  zeta_y       0.00000e+00   constant   
  19  zeta_vw      0.00000e+00   constant   
  20  T_CBO        7.64153e+01   2.23656e+00                            
  21  alpha_A0     1.51024e-01   7.29123e-03                            
  22  beta_A0     -4.50603e-01   7.79748e-03                            
  23  alpha_phi   -3.30071e-01   6.59013e-03                            
  24  beta_phi    -1.68643e-01   7.57897e-03                            
 **********
 **   88 **SHO COR 
 **********
 PARAMETER  CORRELATION COEFFICIENTS  
       NO.  GLOBAL      1      3      4      6      8      9     10     11     13     14     16     20     21     22     23     24
        1  0.99684   1.000 -0.016 -0.255  0.325 -0.163 -0.174  0.365  0.016 -0.093 -0.072 -0.088 -0.362 -0.003  0.381  0.470  0.104
        3  0.99682  -0.016  1.000 -0.223  0.635  0.395  0.232  0.319 -0.029 -0.019 -0.085 -0.009  0.159  0.382 -0.080 -0.011 -0.345
        4  0.99580  -0.255 -0.223  1.000 -0.572  0.602 -0.256  0.342  0.079 -0.102  0.038 -0.101 -0.067  0.439  0.085  0.374 -0.159
        6  0.99402   0.325  0.635 -0.572  1.000  0.155  0.391  0.205  0.067 -0.085  0.069 -0.067  0.062 -0.351 -0.266  0.028  0.155
        8  0.99503  -0.163  0.395  0.602  0.155  1.000 -0.229  0.733  0.158 -0.223  0.009 -0.201  0.075  0.276 -0.286  0.205  0.178
        9  0.97353  -0.174  0.232 -0.256  0.391 -0.229  1.000 -0.299 -0.163  0.279  0.122  0.286  0.093 -0.194 -0.164  0.107 -0.395
       10  0.97473   0.365  0.319  0.342  0.205  0.733 -0.299  1.000  0.021 -0.126 -0.084 -0.073 -0.094  0.360 -0.037  0.409  0.246
       11  0.58871   0.016 -0.029  0.079  0.067  0.158 -0.163  0.021  1.000 -0.129  0.455 -0.298 -0.002 -0.145 -0.072 -0.029  0.174
       13  0.62488  -0.093 -0.019 -0.102 -0.085 -0.223  0.279 -0.126 -0.129  1.000  0.060  0.573  0.027  0.079  0.033  0.001 -0.199
       14  0.54941  -0.072 -0.085  0.038  0.069  0.009  0.122 -0.084  0.455  0.060  1.000 -0.069  0.013 -0.197 -0.096  0.008  0.050
       16  0.65356  -0.088 -0.009 -0.101 -0.067 -0.201  0.286 -0.073 -0.298  0.573 -0.069  1.000  0.029  0.086  0.016  0.018 -0.182
       20  0.99724  -0.362  0.159 -0.067  0.062  0.075  0.093 -0.094 -0.002  0.027  0.013  0.029  1.000 -0.291  0.402  0.285  0.283
       21  0.99324  -0.003  0.382  0.439 -0.351  0.276 -0.194  0.360 -0.145  0.079 -0.197  0.086 -0.291  1.000  0.211  0.103 -0.673
       22  0.99589   0.381 -0.080  0.085 -0.266 -0.286 -0.164 -0.037 -0.072  0.033 -0.096  0.016  0.402  0.211  1.000  0.684 -0.202
       23  0.99410   0.470 -0.011  0.374  0.028  0.205  0.107  0.409 -0.029  0.001  0.008  0.018  0.285  0.103  0.684  1.000 -0.051
       24  0.99525   0.104 -0.345 -0.159  0.155  0.178 -0.395  0.246  0.174 -0.199  0.050 -0.182  0.283 -0.673 -0.202 -0.051  1.000
 ERR MATRIX NOT POS-DEF
 ELEMENTS ABOVE DIAGONAL ARE NOT PRINTED.
