 + ++++++++++++++++++++++++++++++++++++++++++++++++++++++++++++++++++++ +
 +                                                                      +
 +           You have chose to blind your fitting according to          +
 +                omega_ref * (1 + (R +/- deltaR) *10^{-6})             +
 +                                                                      +
 + ++++++++++++++++++++++++++++++++++++++++++++++++++++++++++++++++++++ +
In main()...
reading format from /gm2data/zkhechad/run45/envelope/formats/formatB_sBin_constraintOn.txt
pBinTau 	= 0  
pBinPhi 	= 0  
constraintau 	= 1 
includeMopTerm 	= 0    
constrainMop    = 0   
Parameters after format file: pBinTau 0 pBinPhi 0 constraintau 1 includeMopTerm 0 constrainMop 0 c_e_scale 0.000000 
Opening file /gm2data/tbarrett/gm2fr/studies/run23_bunch_corrections/CorrectedFourier_Run3b.root.
reading full fit data from /gm2data/zkhechad/cboTemplates/Run4CBOTemplates/templateFits0_v2.0/noRF/sBin_constraintOn_cE0.0_seed0_noRF_calo24.root
windowBins = 17
fitting sliding window 68 from bin 204 at 30.287600 to bin 221 at 32.973200 (17 bins)

Reading data from /gm2data/cornell/histograms/aMethod/histogram_a_noRF.root
 **********
 **    1 **SET PRINTOUT            1
 **********
 **********
 **    2 **SET NOWARNINGS 
 **********
 PARAMETER DEFINITIONS:
    NO.   NAME         VALUE      STEP SIZE      LIMITS
     1 N0           3.17742e+06  1.00000e+02     no limits
     2 tau          6.44362e+01  constant
     3 A0           3.64954e-01  1.00000e-04     no limits
     4 phi          4.11955e+00  1.00000e-02     no limits
     5 R           -6.08502e+01  constant
     6 alpha_CBO    0.00000e+00  1.00000e-03     no limits
     7 w_CBO        2.32500e+00  constant
     8 beta_CBO     0.00000e+00  1.00000e-03     no limits
     9 alpha_2CBO   0.00000e+00  1.00000e-03     no limits
    10 beta_2CBO    0.00000e+00  1.00000e-03     no limits
    11 alpha_y      0.00000e+00  1.00000e-03     no limits
    12 w_y          1.44500e+01  constant
    13 beta_y       0.00000e+00  1.00000e-03     no limits
    14 alpha_vw     0.00000e+00  1.00000e-03     no limits
    15 w_vw         1.29000e+01  constant
    16 beta_vw      0.00000e+00  1.00000e-03     no limits
    17 LM           1.15487e-03  constant
    18 zeta_y       0.00000e+00  constant
    19 zeta_vw      0.00000e+00  constant
MINUIT - FIT ONLY WIGGLE
 **********
 **    3 **FIX            5
 **********
 PARAMETER    5  IS CONSTANT.   IGNORED.
 **********
 **    4 **FIX            6
 **********
 **********
 **    5 **FIX            7
 **********
 PARAMETER    7  IS CONSTANT.   IGNORED.
 **********
 **    6 **FIX            8
 **********
 **********
 **    7 **FIX            9
 **********
 **********
 **    8 **FIX           10
 **********
 **********
 **    9 **FIX           11
 **********
 **********
 **   10 **FIX           12
 **********
 PARAMETER   12  IS CONSTANT.   IGNORED.
 **********
 **   11 **FIX           13
 **********
 **********
 **   12 **FIX           14
 **********
 **********
 **   13 **FIX           15
 **********
 PARAMETER   15  IS CONSTANT.   IGNORED.
 **********
 **   14 **FIX           16
 **********
 **********
 **   15 **MIGRAD
 **********
 FIRST CALL TO USER FUNCTION AT NEW START POINT, WITH IFLAG=4.
 START MIGRAD MINIMIZATION.  STRATEGY  1.  CONVERGENCE WHEN EDM .LT. 1.00e-04
 FCN=4395.49 FROM MIGRAD    STATUS=INITIATE       10 CALLS          11 TOTAL
                     EDM= unknown      STRATEGY= 1      NO ERROR MATRIX       
  EXT PARAMETER               CURRENT GUESS       STEP         FIRST   
  NO.   NAME      VALUE            ERROR          SIZE      DERIVATIVE 
   1  N0           3.17742e+06   1.00000e+02   1.00000e+02   7.96544e-02
   2  tau          6.44362e+01   constant   
   3  A0           3.64954e-01   1.00000e-04   1.00000e-04  -7.80404e+04
   4  phi          4.11955e+00   1.00000e-02   1.00000e-02  -2.85506e+05
   5  R           -6.08502e+01   constant   
   6  alpha_CBO    0.00000e+00     fixed    
   7  w_CBO        2.32500e+00   constant   
   8  beta_CBO     0.00000e+00     fixed    
   9  alpha_2CBO   0.00000e+00     fixed    
  10  beta_2CBO    0.00000e+00     fixed    
  11  alpha_y      0.00000e+00     fixed    
  12  w_y          1.44500e+01   constant   
  13  beta_y       0.00000e+00     fixed    
  14  alpha_vw     0.00000e+00     fixed    
  15  w_vw         1.29000e+01   constant   
  16  beta_vw      0.00000e+00     fixed    
  17  LM           1.15487e-03   constant   
  18  zeta_y       0.00000e+00   constant   
  19  zeta_vw      0.00000e+00   constant   
 MIGRAD MINIMIZATION HAS CONVERGED.
 MIGRAD WILL VERIFY CONVERGENCE AND ERROR MATRIX.
 COVARIANCE MATRIX CALCULATED SUCCESSFULLY
 FCN=1562.1 FROM MIGRAD    STATUS=CONVERGED      63 CALLS          64 TOTAL
                     EDM=5.88527e-08    STRATEGY= 1      ERROR MATRIX ACCURATE 
  EXT PARAMETER                                   STEP         FIRST   
  NO.   NAME      VALUE            ERROR          SIZE      DERIVATIVE 
   1  N0           3.18364e+06   5.50771e+02   6.87354e+00   4.12468e-07
   2  tau          6.44362e+01   constant   
   3  A0           3.67516e-01   1.80835e-04   2.35450e-06  -5.82453e-01
   4  phi          4.14027e+00   4.01545e-04   6.87660e-06  -9.24910e-01
   5  R           -6.08502e+01   constant   
   6  alpha_CBO    0.00000e+00     fixed    
   7  w_CBO        2.32500e+00   constant   
   8  beta_CBO     0.00000e+00     fixed    
   9  alpha_2CBO   0.00000e+00     fixed    
  10  beta_2CBO    0.00000e+00     fixed    
  11  alpha_y      0.00000e+00     fixed    
  12  w_y          1.44500e+01   constant   
  13  beta_y       0.00000e+00     fixed    
  14  alpha_vw     0.00000e+00     fixed    
  15  w_vw         1.29000e+01   constant   
  16  beta_vw      0.00000e+00     fixed    
  17  LM           1.15487e-03   constant   
  18  zeta_y       0.00000e+00   constant   
  19  zeta_vw      0.00000e+00   constant   
 EXTERNAL ERROR MATRIX.    NDIM=  25    NPAR=  3    ERR DEF=1
  3.033e+05  7.339e-02  1.012e-01 
  7.339e-02  3.270e-08  2.744e-08 
  1.012e-01  2.744e-08  1.612e-07 
 PARAMETER  CORRELATION COEFFICIENTS  
       NO.  GLOBAL      1      3      4
        1  0.76190   1.000  0.737  0.458
        3  0.73832   0.737  1.000  0.378
        4  0.46158   0.458  0.378  1.000
MINUIT - FIT ONLY 1-CBO + wiggle
 **********
 **   16 **RES 
 **********
                   PARAMETER   16  beta_vw RESTORED TO VARIABLE.
                   PARAMETER   14  alpha_vw RESTORED TO VARIABLE.
                   PARAMETER   13  beta_y RESTORED TO VARIABLE.
                   PARAMETER   11  alpha_y RESTORED TO VARIABLE.
                   PARAMETER   10  beta_2CBO RESTORED TO VARIABLE.
                   PARAMETER    9  alpha_2CBO RESTORED TO VARIABLE.
                   PARAMETER    8  beta_CBO RESTORED TO VARIABLE.
                   PARAMETER    6  alpha_CBO RESTORED TO VARIABLE.
 **********
 **   17 **FIX            8
 **********
 **********
 **   18 **FIX            9
 **********
 **********
 **   19 **FIX           11
 **********
 **********
 **   20 **FIX           12
 **********
 PARAMETER   12  IS CONSTANT.   IGNORED.
 **********
 **   21 **FIX           14
 **********
 **********
 **   22 **FIX           15
 **********
 PARAMETER   15  IS CONSTANT.   IGNORED.
 **********
 **   23 **FIX           16
 **********
 **********
 **   24 **MIGRAD
 **********
 START MIGRAD MINIMIZATION.  STRATEGY  1.  CONVERGENCE WHEN EDM .LT. 1.00e-04
 FCN=1562.1 FROM MIGRAD    STATUS=INITIATE       18 CALLS          82 TOTAL
                     EDM= unknown      STRATEGY= 1      NO ERROR MATRIX       
  EXT PARAMETER               CURRENT GUESS       STEP         FIRST   
  NO.   NAME      VALUE            ERROR          SIZE      DERIVATIVE 
   1  N0           3.18364e+06   5.50771e+02   6.87354e+00   4.12471e-07
   2  tau          6.44362e+01   constant   
   3  A0           3.67516e-01   1.80835e-04   2.35450e-06  -5.82458e-01
   4  phi          4.14027e+00   4.01545e-04   6.87660e-06  -9.24869e-01
   5  R           -6.08502e+01   constant   
   6  alpha_CBO    0.00000e+00   1.00000e-03   1.00000e-03   5.24443e+04
   7  w_CBO        2.32500e+00   constant   
   8  beta_CBO     0.00000e+00     fixed    
   9  alpha_2CBO   0.00000e+00     fixed    
  10  beta_2CBO    0.00000e+00   1.00000e-03   1.00000e-03  -4.40890e+04
  11  alpha_y      0.00000e+00     fixed    
  12  w_y          1.44500e+01   constant   
  13  beta_y       0.00000e+00   1.00000e-03   1.00000e-03  -2.73951e+05
  14  alpha_vw     0.00000e+00     fixed    
  15  w_vw         1.29000e+01   constant   
  16  beta_vw      0.00000e+00     fixed    
  17  LM           1.15487e-03   constant   
  18  zeta_y       0.00000e+00   constant   
  19  zeta_vw      0.00000e+00   constant   
 MIGRAD MINIMIZATION HAS CONVERGED.
 MIGRAD WILL VERIFY CONVERGENCE AND ERROR MATRIX.
 COVARIANCE MATRIX CALCULATED SUCCESSFULLY
 FCN=873.256 FROM MIGRAD    STATUS=CONVERGED     171 CALLS         235 TOTAL
                     EDM=4.90797e-06    STRATEGY= 1      ERROR MATRIX ACCURATE 
  EXT PARAMETER                                   STEP         FIRST   
  NO.   NAME      VALUE            ERROR          SIZE      DERIVATIVE 
   1  N0           3.20600e+06   1.68568e+03   5.17640e+00   8.46483e-08
   2  tau          6.44362e+01   constant   
   3  A0           3.79302e-01   8.41029e-04   1.73259e-06  -1.16678e+01
   4  phi          4.12699e+00   9.95042e-04   4.97007e-06   2.38984e+00
   5  R           -6.08502e+01   constant   
   6  alpha_CBO   -1.44900e-02   9.91324e-04   2.22281e-06  -1.20646e+01
   7  w_CBO        2.32500e+00   constant   
   8  beta_CBO     0.00000e+00     fixed    
   9  alpha_2CBO   0.00000e+00     fixed    
  10  beta_2CBO   -1.53341e-03   2.10654e-04   2.30048e-06   8.91219e+00
  11  alpha_y      0.00000e+00     fixed    
  12  w_y          1.44500e+01   constant   
  13  beta_y       2.55501e-03   1.64364e-04   2.24033e-06   8.14971e+00
  14  alpha_vw     0.00000e+00     fixed    
  15  w_vw         1.29000e+01   constant   
  16  beta_vw      0.00000e+00     fixed    
  17  LM           1.15487e-03   constant   
  18  zeta_y       0.00000e+00   constant   
  19  zeta_vw      0.00000e+00   constant   
 EXTERNAL ERROR MATRIX.    NDIM=  25    NPAR=  6    ERR DEF=1
  2.842e+06  1.381e+00 -1.352e+00 -1.578e+00 -2.070e-01 -8.631e-02 
  1.381e+00  7.073e-07 -7.247e-07 -8.149e-07 -1.103e-07 -4.383e-08 
 -1.352e+00 -7.247e-07  9.901e-07  9.053e-07  1.329e-07  4.914e-08 
 -1.578e+00 -8.149e-07  9.053e-07  9.827e-07  1.325e-07  5.088e-08 
 -2.070e-01 -1.103e-07  1.329e-07  1.325e-07  4.438e-08  5.627e-09 
 -8.631e-02 -4.383e-08  4.914e-08  5.088e-08  5.627e-09  2.702e-08 
 PARAMETER  CORRELATION COEFFICIENTS  
       NO.  GLOBAL      1      3      4      6     10     13
        1  0.97703   1.000  0.974 -0.806 -0.944 -0.583 -0.312
        3  0.98977   0.974  1.000 -0.866 -0.977 -0.623 -0.317
        4  0.93825  -0.806 -0.866  1.000  0.918  0.634  0.300
        6  0.98787  -0.944 -0.977  0.918  1.000  0.634  0.312
       10  0.65410  -0.583 -0.623  0.634  0.634  1.000  0.163
       13  0.32968  -0.312 -0.317  0.300  0.312  0.163  1.000
MINUIT - FIT ONLY 2-CBO
 **********
 **   25 **RES 
 **********
                   PARAMETER   16  beta_vw RESTORED TO VARIABLE.
                   PARAMETER   14  alpha_vw RESTORED TO VARIABLE.
                   PARAMETER   11  alpha_y RESTORED TO VARIABLE.
                   PARAMETER    9  alpha_2CBO RESTORED TO VARIABLE.
                   PARAMETER    8  beta_CBO RESTORED TO VARIABLE.
 **********
 **   26 **FIX            0
 **********
 PARAMETER    0  IS UNDEFINED. IGNORED.
 **********
 **   27 **FIX            1
 **********
 **********
 **   28 **FIX            2
 **********
 PARAMETER    2  IS CONSTANT.   IGNORED.
 **********
 **   29 **FIX            3
 **********
 **********
 **   30 **FIX            4
 **********
 **********
 **   31 **FIX            5
 **********
 PARAMETER    5  IS CONSTANT.   IGNORED.
 **********
 **   32 **FIX            6
 **********
 **********
 **   33 **FIX            7
 **********
 PARAMETER    7  IS CONSTANT.   IGNORED.
 **********
 **   34 **FIX           10
 **********
 **********
 **   35 **FIX           11
 **********
 **********
 **   36 **FIX           12
 **********
 PARAMETER   12  IS CONSTANT.   IGNORED.
 **********
 **   37 **FIX           13
 **********
 **********
 **   38 **FIX           14
 **********
 **********
 **   39 **FIX           15
 **********
 PARAMETER   15  IS CONSTANT.   IGNORED.
 **********
 **   40 **FIX           16
 **********
 **********
 **   41 **MIGRAD
 **********
 START MIGRAD MINIMIZATION.  STRATEGY  1.  CONVERGENCE WHEN EDM .LT. 1.00e-04
 FCN=873.256 FROM MIGRAD    STATUS=INITIATE        8 CALLS         243 TOTAL
                     EDM= unknown      STRATEGY= 1      NO ERROR MATRIX       
  EXT PARAMETER               CURRENT GUESS       STEP         FIRST   
  NO.   NAME      VALUE            ERROR          SIZE      DERIVATIVE 
   1  N0           3.20600e+06     fixed    
   2  tau          6.44362e+01   constant   
   3  A0           3.79302e-01     fixed    
   4  phi          4.12699e+00     fixed    
   5  R           -6.08502e+01   constant   
   6  alpha_CBO   -1.44900e-02     fixed    
   7  w_CBO        2.32500e+00   constant   
   8  beta_CBO     0.00000e+00   1.00000e-03   1.00000e-03  -5.17712e+03
   9  alpha_2CBO   0.00000e+00   1.00000e-03   1.00000e-03  -3.97972e+04
  10  beta_2CBO   -1.53341e-03     fixed    
  11  alpha_y      0.00000e+00     fixed    
  12  w_y          1.44500e+01   constant   
  13  beta_y       2.55501e-03     fixed    
  14  alpha_vw     0.00000e+00     fixed    
  15  w_vw         1.29000e+01   constant   
  16  beta_vw      0.00000e+00     fixed    
  17  LM           1.15487e-03   constant   
  18  zeta_y       0.00000e+00   constant   
  19  zeta_vw      0.00000e+00   constant   
 MIGRAD MINIMIZATION HAS CONVERGED.
 MIGRAD WILL VERIFY CONVERGENCE AND ERROR MATRIX.
 COVARIANCE MATRIX CALCULATED SUCCESSFULLY
 FCN=863.378 FROM MIGRAD    STATUS=CONVERGED      33 CALLS         268 TOTAL
                     EDM=8.28548e-13    STRATEGY= 1      ERROR MATRIX ACCURATE 
  EXT PARAMETER                                   STEP         FIRST   
  NO.   NAME      VALUE            ERROR          SIZE      DERIVATIVE 
   1  N0           3.20600e+06     fixed    
   2  tau          6.44362e+01   constant   
   3  A0           3.79302e-01     fixed    
   4  phi          4.12699e+00     fixed    
   5  R           -6.08502e+01   constant   
   6  alpha_CBO   -1.44900e-02     fixed    
   7  w_CBO        2.32500e+00   constant   
   8  beta_CBO     4.59457e-05   1.63230e-04   2.34089e-06   7.26421e-04
   9  alpha_2CBO   4.90434e-04   1.57471e-04   2.25830e-06  -8.10614e-03
  10  beta_2CBO   -1.53341e-03     fixed    
  11  alpha_y      0.00000e+00     fixed    
  12  w_y          1.44500e+01   constant   
  13  beta_y       2.55501e-03     fixed    
  14  alpha_vw     0.00000e+00     fixed    
  15  w_vw         1.29000e+01   constant   
  16  beta_vw      0.00000e+00     fixed    
  17  LM           1.15487e-03   constant   
  18  zeta_y       0.00000e+00   constant   
  19  zeta_vw      0.00000e+00   constant   
 EXTERNAL ERROR MATRIX.    NDIM=  25    NPAR=  2    ERR DEF=1
  2.664e-08 -1.157e-09 
 -1.157e-09  2.480e-08 
 PARAMETER  CORRELATION COEFFICIENTS  
       NO.  GLOBAL      8      9
        8  0.04501   1.000 -0.045
        9  0.04501  -0.045  1.000
MINUIT - FIT wiggle + 1-CBO + 2-CBO
 **********
 **   42 **RES 
 **********
                   PARAMETER   16  beta_vw RESTORED TO VARIABLE.
                   PARAMETER   14  alpha_vw RESTORED TO VARIABLE.
                   PARAMETER   13  beta_y RESTORED TO VARIABLE.
                   PARAMETER   11  alpha_y RESTORED TO VARIABLE.
                   PARAMETER   10  beta_2CBO RESTORED TO VARIABLE.
                   PARAMETER    6  alpha_CBO RESTORED TO VARIABLE.
                   PARAMETER    4  phi RESTORED TO VARIABLE.
                   PARAMETER    3  A0 RESTORED TO VARIABLE.
                   PARAMETER    1  N0 RESTORED TO VARIABLE.
 **********
 **   43 **FIX           10
 **********
 **********
 **   44 **FIX           11
 **********
 **********
 **   45 **FIX           12
 **********
 PARAMETER   12  IS CONSTANT.   IGNORED.
 **********
 **   46 **FIX           13
 **********
 **********
 **   47 **FIX           14
 **********
 **********
 **   48 **FIX           15
 **********
 PARAMETER   15  IS CONSTANT.   IGNORED.
 **********
 **   49 **FIX           16
 **********
 **********
 **   50 **MIGRAD
 **********
 START MIGRAD MINIMIZATION.  STRATEGY  1.  CONVERGENCE WHEN EDM .LT. 1.00e-04
 FCN=863.378 FROM MIGRAD    STATUS=INITIATE       12 CALLS         280 TOTAL
                     EDM= unknown      STRATEGY= 1      NO ERROR MATRIX       
  EXT PARAMETER               CURRENT GUESS       STEP         FIRST   
  NO.   NAME      VALUE            ERROR          SIZE      DERIVATIVE 
   1  N0           3.20600e+06   1.68568e+03   1.68568e+03   1.33401e-03
   2  tau          6.44362e+01   constant   
   3  A0           3.79302e-01   8.41029e-04   8.41029e-04   3.95143e+03
   4  phi          4.12699e+00   9.95042e-04   9.95042e-04  -2.87483e+03
   5  R           -6.08502e+01   constant   
   6  alpha_CBO   -1.44900e-02   9.91324e-04   9.91324e-04   5.42580e+03
   7  w_CBO        2.32500e+00   constant   
   8  beta_CBO     4.59457e-05   1.63230e-04   2.34089e-06   7.38101e-04
   9  alpha_2CBO   4.90434e-04   1.57471e-04   2.25830e-06  -8.08432e-03
  10  beta_2CBO   -1.53341e-03     fixed    
  11  alpha_y      0.00000e+00     fixed    
  12  w_y          1.44500e+01   constant   
  13  beta_y       2.55501e-03     fixed    
  14  alpha_vw     0.00000e+00     fixed    
  15  w_vw         1.29000e+01   constant   
  16  beta_vw      0.00000e+00     fixed    
  17  LM           1.15487e-03   constant   
  18  zeta_y       0.00000e+00   constant   
  19  zeta_vw      0.00000e+00   constant   
 MIGRAD MINIMIZATION HAS CONVERGED.
 MIGRAD WILL VERIFY CONVERGENCE AND ERROR MATRIX.
 COVARIANCE MATRIX CALCULATED SUCCESSFULLY
 FCN=853.792 FROM MIGRAD    STATUS=CONVERGED     243 CALLS         511 TOTAL
                     EDM=1.10496e-06    STRATEGY= 1      ERROR MATRIX ACCURATE 
  EXT PARAMETER                                   STEP         FIRST   
  NO.   NAME      VALUE            ERROR          SIZE      DERIVATIVE 
   1  N0           3.16181e+06   1.39681e+04   5.04846e+00  -1.73329e-06
   2  tau          6.44362e+01   constant   
   3  A0           3.60773e-01   5.92030e-03   1.75087e-06   8.90712e+00
   4  phi          4.10652e+00   7.69515e-03   5.22955e-06  -1.70094e+00
   5  R           -6.08502e+01   constant   
   6  alpha_CBO   -3.60188e-03   3.32831e-03   2.19969e-06   6.91899e+00
   7  w_CBO        2.32500e+00   constant   
   8  beta_CBO     1.30187e-02   4.32724e-03   2.32764e-06  -1.19397e+00
   9  alpha_2CBO  -7.64071e-04   4.89912e-04   2.24691e-06   4.23308e+00
  10  beta_2CBO   -1.53341e-03     fixed    
  11  alpha_y      0.00000e+00     fixed    
  12  w_y          1.44500e+01   constant   
  13  beta_y       2.55501e-03     fixed    
  14  alpha_vw     0.00000e+00     fixed    
  15  w_vw         1.29000e+01   constant   
  16  beta_vw      0.00000e+00     fixed    
  17  LM           1.15487e-03   constant   
  18  zeta_y       0.00000e+00   constant   
  19  zeta_vw      0.00000e+00   constant   
 EXTERNAL ERROR MATRIX.    NDIM=  25    NPAR=  6    ERR DEF=1
  1.951e+08  8.265e+01  1.058e+02 -4.602e+01 -6.018e+01  6.322e+00 
  8.265e+01  3.505e-05  4.468e-05 -1.956e-05 -2.546e-05  2.668e-06 
  1.058e+02  4.468e-05  5.922e-05 -2.439e-05 -3.313e-05  3.562e-06 
 -4.602e+01 -1.956e-05 -2.439e-05  1.108e-05  1.405e-05 -1.453e-06 
 -6.018e+01 -2.546e-05 -3.313e-05  1.405e-05  1.873e-05 -1.988e-06 
  6.322e+00  2.668e-06  3.562e-06 -1.453e-06 -1.988e-06  2.400e-07 
 PARAMETER  CORRELATION COEFFICIENTS  
       NO.  GLOBAL      1      3      4      6      8      9
        1  0.99968   1.000  0.999  0.985 -0.990 -0.996  0.924
        3  0.99979   0.999  1.000  0.981 -0.993 -0.994  0.920
        4  0.99887   0.985  0.981  1.000 -0.952 -0.995  0.945
        6  0.99893  -0.990 -0.993 -0.952  1.000  0.976 -0.891
        8  0.99929  -0.996 -0.994 -0.995  0.976  1.000 -0.938
        9  0.94699   0.924  0.920  0.945 -0.891 -0.938  1.000
MINUIT - FIT ONLY 1-y
 **********
 **   51 **RES 
 **********
                   PARAMETER   16  beta_vw RESTORED TO VARIABLE.
                   PARAMETER   14  alpha_vw RESTORED TO VARIABLE.
                   PARAMETER   13  beta_y RESTORED TO VARIABLE.
                   PARAMETER   11  alpha_y RESTORED TO VARIABLE.
                   PARAMETER   10  beta_2CBO RESTORED TO VARIABLE.
 **********
 **   52 **FIX            0
 **********
 PARAMETER    0  IS UNDEFINED. IGNORED.
 **********
 **   53 **FIX            1
 **********
 **********
 **   54 **FIX            2
 **********
 PARAMETER    2  IS CONSTANT.   IGNORED.
 **********
 **   55 **FIX            3
 **********
 **********
 **   56 **FIX            4
 **********
 **********
 **   57 **FIX            5
 **********
 PARAMETER    5  IS CONSTANT.   IGNORED.
 **********
 **   58 **FIX            6
 **********
 **********
 **   59 **FIX            7
 **********
 PARAMETER    7  IS CONSTANT.   IGNORED.
 **********
 **   60 **FIX            8
 **********
 **********
 **   61 **FIX            9
 **********
 **********
 **   62 **FIX           13
 **********
 **********
 **   63 **FIX           14
 **********
 **********
 **   64 **FIX           15
 **********
 PARAMETER   15  IS CONSTANT.   IGNORED.
 **********
 **   65 **FIX           16
 **********
 **********
 **   66 **MIGRAD
 **********
 START MIGRAD MINIMIZATION.  STRATEGY  1.  CONVERGENCE WHEN EDM .LT. 1.00e-04
 FCN=853.792 FROM MIGRAD    STATUS=INITIATE        6 CALLS         517 TOTAL
                     EDM= unknown      STRATEGY= 1      NO ERROR MATRIX       
  EXT PARAMETER               CURRENT GUESS       STEP         FIRST   
  NO.   NAME      VALUE            ERROR          SIZE      DERIVATIVE 
   1  N0           3.16181e+06     fixed    
   2  tau          6.44362e+01   constant   
   3  A0           3.60773e-01     fixed    
   4  phi          4.10652e+00     fixed    
   5  R           -6.08502e+01   constant   
   6  alpha_CBO   -3.60188e-03     fixed    
   7  w_CBO        2.32500e+00   constant   
   8  beta_CBO     1.30187e-02     fixed    
   9  alpha_2CBO  -7.64071e-04     fixed    
  10  beta_2CBO   -1.53341e-03   2.10654e-04   2.10654e-04  -3.78559e+03
  11  alpha_y      0.00000e+00   1.00000e-03   1.00000e-03   3.49426e+05
  12  w_y          1.44500e+01   constant   
  13  beta_y       2.55501e-03     fixed    
  14  alpha_vw     0.00000e+00     fixed    
  15  w_vw         1.29000e+01   constant   
  16  beta_vw      0.00000e+00     fixed    
  17  LM           1.15487e-03   constant   
  18  zeta_y       0.00000e+00   constant   
  19  zeta_vw      0.00000e+00   constant   
 MIGRAD MINIMIZATION HAS CONVERGED.
 MIGRAD WILL VERIFY CONVERGENCE AND ERROR MATRIX.
 COVARIANCE MATRIX CALCULATED SUCCESSFULLY
 FCN=51.2275 FROM MIGRAD    STATUS=CONVERGED      35 CALLS         546 TOTAL
                     EDM=2.26273e-16    STRATEGY= 1      ERROR MATRIX ACCURATE 
  EXT PARAMETER                                   STEP         FIRST   
  NO.   NAME      VALUE            ERROR          SIZE      DERIVATIVE 
   1  N0           3.16181e+06     fixed    
   2  tau          6.44362e+01   constant   
   3  A0           3.60773e-01     fixed    
   4  phi          4.10652e+00     fixed    
   5  R           -6.08502e+01   constant   
   6  alpha_CBO   -3.60188e-03     fixed    
   7  w_CBO        2.32500e+00   constant   
   8  beta_CBO     1.30187e-02     fixed    
   9  alpha_2CBO  -7.64071e-04     fixed    
  10  beta_2CBO   -1.32282e-03   1.59495e-04   5.62446e-07  -2.56452e-05
  11  alpha_y     -4.59140e-03   1.62082e-04   5.71568e-07   1.27889e-04
  12  w_y          1.44500e+01   constant   
  13  beta_y       2.55501e-03     fixed    
  14  alpha_vw     0.00000e+00     fixed    
  15  w_vw         1.29000e+01   constant   
  16  beta_vw      0.00000e+00     fixed    
  17  LM           1.15487e-03   constant   
  18  zeta_y       0.00000e+00   constant   
  19  zeta_vw      0.00000e+00   constant   
 EXTERNAL ERROR MATRIX.    NDIM=  25    NPAR=  2    ERR DEF=1
  2.544e-08 -9.373e-10 
 -9.373e-10  2.627e-08 
 PARAMETER  CORRELATION COEFFICIENTS  
       NO.  GLOBAL     10     11
       10  0.03626   1.000 -0.036
       11  0.03626  -0.036  1.000
MINUIT - FIT ONLY 2-y
 **********
 **   67 **RES 
 **********
                   PARAMETER   16  beta_vw RESTORED TO VARIABLE.
                   PARAMETER   14  alpha_vw RESTORED TO VARIABLE.
                   PARAMETER   13  beta_y RESTORED TO VARIABLE.
                   PARAMETER    9  alpha_2CBO RESTORED TO VARIABLE.
                   PARAMETER    8  beta_CBO RESTORED TO VARIABLE.
                   PARAMETER    6  alpha_CBO RESTORED TO VARIABLE.
                   PARAMETER    4  phi RESTORED TO VARIABLE.
                   PARAMETER    3  A0 RESTORED TO VARIABLE.
                   PARAMETER    1  N0 RESTORED TO VARIABLE.
 **********
 **   68 **FIX            0
 **********
 PARAMETER    0  IS UNDEFINED. IGNORED.
 **********
 **   69 **FIX            1
 **********
 **********
 **   70 **FIX            2
 **********
 PARAMETER    2  IS CONSTANT.   IGNORED.
 **********
 **   71 **FIX            3
 **********
 **********
 **   72 **FIX            4
 **********
 **********
 **   73 **FIX            5
 **********
 PARAMETER    5  IS CONSTANT.   IGNORED.
 **********
 **   74 **FIX            6
 **********
 **********
 **   75 **FIX            7
 **********
 PARAMETER    7  IS CONSTANT.   IGNORED.
 **********
 **   76 **FIX            8
 **********
 **********
 **   77 **FIX            9
 **********
 **********
 **   78 **FIX           10
 **********
 **********
 **   79 **FIX           11
 **********
 **********
 **   80 **FIX           12
 **********
 PARAMETER   12  IS CONSTANT.   IGNORED.
 **********
 **   81 **FIX           16
 **********
 **********
 **   82 **MIGRAD
 **********
 START MIGRAD MINIMIZATION.  STRATEGY  1.  CONVERGENCE WHEN EDM .LT. 1.00e-04
 FCN=51.2275 FROM MIGRAD    STATUS=INITIATE        6 CALLS         552 TOTAL
                     EDM= unknown      STRATEGY= 1      NO ERROR MATRIX       
  EXT PARAMETER               CURRENT GUESS       STEP         FIRST   
  NO.   NAME      VALUE            ERROR          SIZE      DERIVATIVE 
   1  N0           3.16181e+06     fixed    
   2  tau          6.44362e+01   constant   
   3  A0           3.60773e-01     fixed    
   4  phi          4.10652e+00     fixed    
   5  R           -6.08502e+01   constant   
   6  alpha_CBO   -3.60188e-03     fixed    
   7  w_CBO        2.32500e+00   constant   
   8  beta_CBO     1.30187e-02     fixed    
   9  alpha_2CBO  -7.64071e-04     fixed    
  10  beta_2CBO   -1.32282e-03     fixed    
  11  alpha_y     -4.59140e-03     fixed    
  12  w_y          1.44500e+01   constant   
  13  beta_y       2.55501e-03   1.64364e-04   1.64364e-04   2.02458e+04
  14  alpha_vw     0.00000e+00   1.00000e-03   1.00000e-03   4.90855e+04
  15  w_vw         1.29000e+01   constant   
  16  beta_vw      0.00000e+00     fixed    
  17  LM           1.15487e-03   constant   
  18  zeta_y       0.00000e+00   constant   
  19  zeta_vw      0.00000e+00   constant   
 MIGRAD MINIMIZATION HAS CONVERGED.
 MIGRAD WILL VERIFY CONVERGENCE AND ERROR MATRIX.
 COVARIANCE MATRIX CALCULATED SUCCESSFULLY
 FCN=22.3113 FROM MIGRAD    STATUS=CONVERGED      32 CALLS         578 TOTAL
                     EDM=8.70027e-18    STRATEGY= 1      ERROR MATRIX ACCURATE 
  EXT PARAMETER                                   STEP         FIRST   
  NO.   NAME      VALUE            ERROR          SIZE      DERIVATIVE 
   1  N0           3.16181e+06     fixed    
   2  tau          6.44362e+01   constant   
   3  A0           3.60773e-01     fixed    
   4  phi          4.10652e+00     fixed    
   5  R           -6.08502e+01   constant   
   6  alpha_CBO   -3.60188e-03     fixed    
   7  w_CBO        2.32500e+00   constant   
   8  beta_CBO     1.30187e-02     fixed    
   9  alpha_2CBO  -7.64071e-04     fixed    
  10  beta_2CBO   -1.32282e-03     fixed    
  11  alpha_y     -4.59140e-03     fixed    
  12  w_y          1.44500e+01   constant   
  13  beta_y       1.94657e-03   1.70620e-04   3.65860e-07  -2.26499e-05
  14  alpha_vw    -9.27243e-04   1.80299e-04   3.86616e-07   2.13650e-05
  15  w_vw         1.29000e+01   constant   
  16  beta_vw      0.00000e+00     fixed    
  17  LM           1.15487e-03   constant   
  18  zeta_y       0.00000e+00   constant   
  19  zeta_vw      0.00000e+00   constant   
 EXTERNAL ERROR MATRIX.    NDIM=  25    NPAR=  2    ERR DEF=1
  2.911e-08  1.278e-08 
  1.278e-08  3.251e-08 
 PARAMETER  CORRELATION COEFFICIENTS  
       NO.  GLOBAL     13     14
       13  0.41557   1.000  0.416
       14  0.41557   0.416  1.000
MINUIT - FIT ALTOGETHER
 **********
 **   83 **RES 
 **********
                   PARAMETER   16  beta_vw RESTORED TO VARIABLE.
                   PARAMETER   11  alpha_y RESTORED TO VARIABLE.
                   PARAMETER   10  beta_2CBO RESTORED TO VARIABLE.
                   PARAMETER    9  alpha_2CBO RESTORED TO VARIABLE.
                   PARAMETER    8  beta_CBO RESTORED TO VARIABLE.
                   PARAMETER    6  alpha_CBO RESTORED TO VARIABLE.
                   PARAMETER    4  phi RESTORED TO VARIABLE.
                   PARAMETER    3  A0 RESTORED TO VARIABLE.
                   PARAMETER    1  N0 RESTORED TO VARIABLE.
 **********
 **   84 **MIGRAD
 **********
 START MIGRAD MINIMIZATION.  STRATEGY  1.  CONVERGENCE WHEN EDM .LT. 1.00e-04
 FCN=22.3113 FROM MIGRAD    STATUS=INITIATE       24 CALLS         602 TOTAL
                     EDM= unknown      STRATEGY= 1      NO ERROR MATRIX       
  EXT PARAMETER               CURRENT GUESS       STEP         FIRST   
  NO.   NAME      VALUE            ERROR          SIZE      DERIVATIVE 
   1  N0           3.16181e+06   1.39681e+04   1.39681e+04  -9.06328e-03
   2  tau          6.44362e+01   constant   
   3  A0           3.60773e-01   5.92030e-03   5.92030e-03   3.16614e+03
   4  phi          4.10652e+00   7.69515e-03   7.69515e-03  -3.71234e+03
   5  R           -6.08502e+01   constant   
   6  alpha_CBO   -3.60188e-03   3.32831e-03   3.32831e-03  -1.25680e+04
   7  w_CBO        2.32500e+00   constant   
   8  beta_CBO     1.30187e-02   4.32724e-03   4.32724e-03  -2.09352e+04
   9  alpha_2CBO  -7.64071e-04   4.89912e-04   4.89912e-04   1.11685e+04
  10  beta_2CBO   -1.32282e-03   1.59495e-04   1.59495e-04  -5.84230e+03
  11  alpha_y     -4.59140e-03   1.62082e-04   1.62082e-04  -8.64405e+03
  12  w_y          1.44500e+01   constant   
  13  beta_y       1.94657e-03   1.70620e-04   3.65860e-07  -1.02447e-06
  14  alpha_vw    -9.27243e-04   1.80299e-04   3.86616e-07   6.60248e-06
  15  w_vw         1.29000e+01   constant   
  16  beta_vw      0.00000e+00   1.00000e-03   1.00000e-03  -4.43341e+03
  17  LM           1.15487e-03   constant   
  18  zeta_y       0.00000e+00   constant   
  19  zeta_vw      0.00000e+00   constant   
 MIGRAD MINIMIZATION HAS CONVERGED.
 MIGRAD WILL VERIFY CONVERGENCE AND ERROR MATRIX.
 COVARIANCE MATRIX CALCULATED SUCCESSFULLY
 FCN=5.56633 FROM MIGRAD    STATUS=CONVERGED     489 CALLS        1067 TOTAL
                     EDM=6.81875e-06    STRATEGY= 1      ERROR MATRIX ACCURATE 
  EXT PARAMETER                                   STEP         FIRST   
  NO.   NAME      VALUE            ERROR          SIZE      DERIVATIVE 
   1  N0           3.14982e+06   1.64153e+04   1.50195e+00  -8.67472e-07
   2  tau          6.44362e+01   constant   
   3  A0           3.54724e-01   7.07940e-03   1.69146e-07  -6.88932e+00
   4  phi          4.10585e+00   9.21693e-03   1.95782e-06   3.47935e+00
   5  R           -6.08502e+01   constant   
   6  alpha_CBO    1.63331e-03   4.03686e-03   1.92885e-07  -1.10586e+01
   7  w_CBO        2.32500e+00   constant   
   8  beta_CBO     1.56212e-02   5.06609e-03   2.03970e-07   2.26849e+00
   9  alpha_2CBO  -9.74643e-04   5.49844e-04   1.96941e-07   3.29488e+00
  10  beta_2CBO   -7.06286e-04   2.44340e-04   1.99474e-07  -1.72803e+00
  11  alpha_y     -4.68168e-03   1.90787e-04   2.02636e-07  -7.73967e-02
  12  w_y          1.44500e+01   constant   
  13  beta_y       2.19597e-03   2.02706e-04   1.94137e-07   1.74661e+00
  14  alpha_vw    -6.53811e-04   2.14541e-04   2.05154e-07   2.28027e+00
  15  w_vw         1.29000e+01   constant   
  16  beta_vw      7.87316e-05   1.97027e-04   1.91999e-07  -5.47634e+00
  17  LM           1.15487e-03   constant   
  18  zeta_y       0.00000e+00   constant   
  19  zeta_vw      0.00000e+00   constant   
 EXTERNAL ERROR MATRIX.    NDIM=  25    NPAR= 11    ERR DEF=1
  2.695e+08 
  1.161e+02  5.012e-05 
  1.467e+02  6.270e-05  8.495e-05 
 -6.507e+01 -2.823e-05 -3.376e-05  1.630e-05 
 -8.257e+01 -3.546e-05 -4.625e-05  1.953e-05  2.567e-05 
  8.297e+00  3.544e-06  4.843e-06 -1.902e-06 -2.628e-06  3.023e-07 
 -1.195e+00 -5.577e-07 -2.763e-07  4.152e-07  2.736e-07 -1.515e-08  5.970e-08 
  5.715e-01  2.605e-07  1.886e-07 -1.795e-07 -1.457e-07  1.103e-08 -1.161e-08  3.640e-08 
  3.013e-01  1.055e-07  3.970e-07  2.681e-09 -1.516e-07  2.300e-08  1.412e-08 -3.383e-09  4.109e-08 
  3.433e-01  1.216e-07  4.300e-07 -3.310e-09 -1.655e-07  2.335e-08  1.480e-08 -1.051e-08  2.453e-08  4.603e-08 
 -1.554e+00 -6.741e-07 -7.907e-07  3.908e-07  4.594e-07 -4.250e-08  7.870e-09 -1.643e-08 -3.552e-09  1.644e-09  3.882e-08 
 PARAMETER  CORRELATION COEFFICIENTS  
       NO.  GLOBAL      1      3      4      6      8      9     10     11     13     14     16
        1  0.99977   1.000  0.999  0.970 -0.982 -0.993  0.919 -0.298  0.182  0.091  0.097 -0.481
        3  0.99985   0.999  1.000  0.961 -0.988 -0.989  0.911 -0.322  0.193  0.073  0.080 -0.483
        4  0.99918   0.970  0.961  1.000 -0.907 -0.990  0.956 -0.123  0.107  0.212  0.217 -0.435
        6  0.99927  -0.982 -0.988 -0.907  1.000  0.955 -0.857  0.421 -0.233  0.003 -0.004  0.491
        8  0.99948  -0.993 -0.989 -0.990  0.955  1.000 -0.944  0.221 -0.151 -0.148 -0.152  0.460
        9  0.95815   0.919  0.911  0.956 -0.857 -0.944  1.000 -0.113  0.105  0.206  0.198 -0.392
       10  0.75782  -0.298 -0.322 -0.123  0.421  0.221 -0.113  1.000 -0.249  0.285  0.282  0.163
       11  0.52862   0.182  0.193  0.107 -0.233 -0.151  0.105 -0.249  1.000 -0.087 -0.257 -0.437
       13  0.64351   0.091  0.073  0.212  0.003 -0.148  0.206  0.285 -0.087  1.000  0.564 -0.089
       14  0.64492   0.097  0.080  0.217 -0.004 -0.152  0.198  0.282 -0.257  0.564  1.000  0.039
       16  0.62724  -0.481 -0.483 -0.435  0.491  0.460 -0.392  0.163 -0.437 -0.089  0.039  1.000
MINUIT - MINOS
 **********
 **   85 **RES 
 **********
 CALL TO MNFREE IGNORED.  THERE ARE NO FIXED PARAMETERS
 **********
 **   86 **MIG      2.5e+04        0.01
 **********
 START MIGRAD MINIMIZATION.  STRATEGY  1.  CONVERGENCE WHEN EDM .LT. 1.00e-05
 FCN=5.56633 FROM MIGRAD    STATUS=INITIATE       22 CALLS        1089 TOTAL
                     EDM=3.40964e-06    STRATEGY= 1      ERROR MATRIX ACCURATE 
  EXT PARAMETER                                   STEP         FIRST   
  NO.   NAME      VALUE            ERROR          SIZE      DERIVATIVE 
   1  N0           3.14982e+06   1.64153e+04   1.50195e+00  -8.67472e-07
   2  tau          6.44362e+01   constant   
   3  A0           3.54724e-01   7.07940e-03   1.69146e-07  -6.88932e+00
   4  phi          4.10585e+00   9.21693e-03   1.95782e-06   3.47935e+00
   5  R           -6.08502e+01   constant   
   6  alpha_CBO    1.63331e-03   4.03686e-03   1.92885e-07  -1.10586e+01
   7  w_CBO        2.32500e+00   constant   
   8  beta_CBO     1.56212e-02   5.06609e-03   2.03970e-07   2.26846e+00
   9  alpha_2CBO  -9.74643e-04   5.49844e-04   1.96941e-07   3.29488e+00
  10  beta_2CBO   -7.06286e-04   2.44340e-04   1.99474e-07  -1.72802e+00
  11  alpha_y     -4.68168e-03   1.90787e-04   2.02636e-07  -7.74014e-02
  12  w_y          1.44500e+01   constant   
  13  beta_y       2.19597e-03   2.02706e-04   1.94137e-07   1.74665e+00
  14  alpha_vw    -6.53811e-04   2.14541e-04   2.05154e-07   2.28027e+00
  15  w_vw         1.29000e+01   constant   
  16  beta_vw      7.87316e-05   1.97027e-04   1.91999e-07  -5.47635e+00
  17  LM           1.15487e-03   constant   
  18  zeta_y       0.00000e+00   constant   
  19  zeta_vw      0.00000e+00   constant   
 MIGRAD MINIMIZATION HAS CONVERGED.
 FCN=5.56633 FROM MIGRAD    STATUS=CONVERGED      45 CALLS        1112 TOTAL
                     EDM=7.43814e-11    STRATEGY= 1  ERROR MATRIX UNCERTAINTY   0.1 per cent
  EXT PARAMETER                                   STEP         FIRST   
  NO.   NAME      VALUE            ERROR          SIZE      DERIVATIVE 
   1  N0           3.14980e+06   1.64541e+04  -2.40620e+01  -5.73862e-09
   2  tau          6.44362e+01   constant   
   3  A0           3.54714e-01   7.09600e-03  -1.03336e-05   8.52529e-03
   4  phi          4.10584e+00   9.23922e-03  -1.36351e-05   8.74921e-03
   5  R           -6.08502e+01   constant   
   6  alpha_CBO    1.63910e-03   4.04568e-03   5.78801e-06  -8.60642e-03
   7  w_CBO        2.32500e+00   constant   
   8  beta_CBO     1.56287e-02   5.07830e-03   7.49111e-06   1.20456e-02
   9  alpha_2CBO  -9.75470e-04   5.51082e-04  -8.26991e-07  -2.90774e-03
  10  beta_2CBO   -7.06191e-04   2.44369e-04   9.51051e-08  -4.78391e-03
  11  alpha_y     -4.68175e-03   1.90797e-04  -6.70114e-08   7.16829e-04
  12  w_y          1.44500e+01   constant   
  13  beta_y       2.19586e-03   2.02716e-04  -1.09281e-07  -1.88825e-03
  14  alpha_vw    -6.53918e-04   2.14555e-04  -1.06366e-07  -1.34118e-03
  15  w_vw         1.29000e+01   constant   
  16  beta_vw      7.89345e-05   1.97136e-04   2.02904e-07  -3.88346e-04
  17  LM           1.15487e-03   constant   
  18  zeta_y       0.00000e+00   constant   
  19  zeta_vw      0.00000e+00   constant   
 EXTERNAL ERROR MATRIX.    NDIM=  25    NPAR= 11    ERR DEF=1
  2.707e+08 
  1.167e+02  5.035e-05 
  1.474e+02  6.301e-05  8.536e-05 
 -6.537e+01 -2.836e-05 -3.394e-05  1.637e-05 
 -8.297e+01 -3.563e-05 -4.648e-05  1.962e-05  2.579e-05 
  8.338e+00  3.562e-06  4.867e-06 -1.912e-06 -2.641e-06  3.037e-07 
 -1.200e+00 -5.595e-07 -2.787e-07  4.162e-07  2.749e-07 -1.530e-08  5.972e-08 
  5.740e-01  2.616e-07  1.900e-07 -1.801e-07 -1.465e-07  1.110e-08 -1.162e-08  3.640e-08 
  3.046e-01  1.069e-07  3.989e-07  1.906e-09 -1.527e-07  2.311e-08  1.411e-08 -3.379e-09  4.109e-08 
  3.468e-01  1.231e-07  4.320e-07 -4.128e-09 -1.666e-07  2.346e-08  1.479e-08 -1.051e-08  2.454e-08  4.603e-08 
 -1.562e+00 -6.775e-07 -7.952e-07  3.926e-07  4.619e-07 -4.275e-08  7.895e-09 -1.645e-08 -3.567e-09  1.627e-09  3.886e-08 
 PARAMETER  CORRELATION COEFFICIENTS  
       NO.  GLOBAL      1      3      4      6      8      9     10     11     13     14     16
        1  0.99977   1.000  0.999  0.970 -0.982 -0.993  0.920 -0.298  0.183  0.091  0.098 -0.482
        3  0.99985   0.999  1.000  0.961 -0.988 -0.989  0.911 -0.323  0.193  0.074  0.081 -0.484
        4  0.99918   0.970  0.961  1.000 -0.908 -0.991  0.956 -0.123  0.108  0.213  0.218 -0.437
        6  0.99927  -0.982 -0.988 -0.908  1.000  0.955 -0.857  0.421 -0.233  0.002 -0.005  0.492
        8  0.99948  -0.993 -0.989 -0.991  0.955  1.000 -0.944  0.222 -0.151 -0.148 -0.153  0.461
        9  0.95835   0.920  0.911  0.956 -0.857 -0.944  1.000 -0.114  0.106  0.207  0.198 -0.394
       10  0.75788  -0.298 -0.323 -0.123  0.421  0.222 -0.114  1.000 -0.249  0.285  0.282  0.164
       11  0.52869   0.183  0.193  0.108 -0.233 -0.151  0.106 -0.249  1.000 -0.087 -0.257 -0.437
       13  0.64357   0.091  0.074  0.213  0.002 -0.148  0.207  0.285 -0.087  1.000  0.564 -0.089
       14  0.64500   0.098  0.081  0.218 -0.005 -0.153  0.198  0.282 -0.257  0.564  1.000  0.038
       16  0.62787  -0.482 -0.484 -0.437  0.492  0.461 -0.394  0.164 -0.437 -0.089  0.038  1.000
 **********
 **   87 **MINO      2.5e+04
 **********
 FCN=5.56633 FROM MINOS     STATUS=SUCCESSFUL   2414 CALLS        3526 TOTAL
                     EDM=7.43814e-11    STRATEGY= 1  ERROR MATRIX UNCERTAINTY   0.1 per cent
  EXT PARAMETER                  PARABOLIC         MINOS ERRORS        
  NO.   NAME      VALUE            ERROR      NEGATIVE      POSITIVE   
   1  N0           3.14980e+06   1.64541e+04  -1.61295e+04   1.68028e+04
   2  tau          6.44362e+01   constant   
   3  A0           3.54714e-01   7.09600e-03  -7.00667e-03   7.19163e-03
   4  phi          4.10584e+00   9.23922e-03  -9.30691e-03   9.18028e-03
   5  R           -6.08502e+01   constant   
   6  alpha_CBO    1.63910e-03   4.04568e-03  -4.10938e-03   3.98583e-03
   7  w_CBO        2.32500e+00   constant   
   8  beta_CBO     1.56287e-02   5.07830e-03  -5.16701e-03   4.99613e-03
   9  alpha_2CBO  -9.75470e-04   5.51082e-04  -5.48093e-04   5.54357e-04
  10  beta_2CBO   -7.06191e-04   2.44369e-04  -2.43081e-04   2.46129e-04
  11  alpha_y     -4.68175e-03   1.90797e-04  -1.90786e-04   1.90807e-04
  12  w_y          1.44500e+01   constant   
  13  beta_y       2.19586e-03   2.02716e-04  -2.02701e-04   2.02734e-04
  14  alpha_vw    -6.53918e-04   2.14555e-04  -2.14538e-04   2.14571e-04
  15  w_vw         1.29000e+01   constant   
  16  beta_vw      7.89345e-05   1.97136e-04  -1.97223e-04   1.97059e-04
  17  LM           1.15487e-03   constant   
  18  zeta_y       0.00000e+00   constant   
  19  zeta_vw      0.00000e+00   constant   
 **********
 **   88 **SHO COR 
 **********
 PARAMETER  CORRELATION COEFFICIENTS  
       NO.  GLOBAL      1      3      4      6      8      9     10     11     13     14     16
        1  0.99977   1.000  0.999  0.970 -0.982 -0.993  0.920 -0.298  0.183  0.091  0.098 -0.482
        3  0.99985   0.999  1.000  0.961 -0.988 -0.989  0.911 -0.323  0.193  0.074  0.081 -0.484
        4  0.99918   0.970  0.961  1.000 -0.908 -0.991  0.956 -0.123  0.108  0.213  0.218 -0.437
        6  0.99927  -0.982 -0.988 -0.908  1.000  0.955 -0.857  0.421 -0.233  0.002 -0.005  0.492
        8  0.99948  -0.993 -0.989 -0.991  0.955  1.000 -0.944  0.222 -0.151 -0.148 -0.153  0.461
        9  0.95835   0.920  0.911  0.956 -0.857 -0.944  1.000 -0.114  0.106  0.207  0.198 -0.394
       10  0.75788  -0.298 -0.323 -0.123  0.421  0.222 -0.114  1.000 -0.249  0.285  0.282  0.164
       11  0.52869   0.183  0.193  0.108 -0.233 -0.151  0.106 -0.249  1.000 -0.087 -0.257 -0.437
       13  0.64357   0.091  0.074  0.213  0.002 -0.148  0.207  0.285 -0.087  1.000  0.564 -0.089
       14  0.64500   0.098  0.081  0.218 -0.005 -0.153  0.198  0.282 -0.257  0.564  1.000  0.038
       16  0.62787  -0.482 -0.484 -0.437  0.492  0.461 -0.394  0.164 -0.437 -0.089  0.038  1.000
