 + ++++++++++++++++++++++++++++++++++++++++++++++++++++++++++++++++++++ +
 +                                                                      +
 +           You have chose to blind your fitting according to          +
 +                omega_ref * (1 + (R +/- deltaR) *10^{-6})             +
 +                                                                      +
 + ++++++++++++++++++++++++++++++++++++++++++++++++++++++++++++++++++++ +
In main()...
reading format from /gm2data/zkhechad/run45/envelope/formats/formatB_sBin_constraintOn.txt
pBinTau 	= 0  
pBinPhi 	= 0  
constraintau 	= 1 
includeMopTerm 	= 0    
constrainMop    = 0   
Parameters after format file: pBinTau 0 pBinPhi 0 constraintau 1 includeMopTerm 0 constrainMop 0 c_e_scale 0.000000 
Opening file /gm2data/tbarrett/gm2fr/studies/run23_bunch_corrections/CorrectedFourier_Run3b.root.
reading full fit data from /gm2data/zkhechad/cboTemplates/Run4CBOTemplates/templateFits0_v2.0/noRF/sBin_constraintOn_cE0.0_seed0_noRF_calo10.root
windowBins = 69
fitting sliding window 1768 from bin 1904 at 283.927600 to bin 1973 at 294.371600 (69 bins)

Reading data from /gm2data/cornell/histograms/aMethod/histogram_a_noRF.root
 **********
 **    1 **SET PRINTOUT            1
 **********
 **********
 **    2 **SET NOWARNINGS 
 **********
 PARAMETER DEFINITIONS:
    NO.   NAME         VALUE      STEP SIZE      LIMITS
     1 N0           3.07239e+06  1.00000e+02     no limits
     2 tau          6.43889e+01  constant
     3 A0           3.48560e-01  1.00000e-04     no limits
     4 phi          4.11546e+00  1.00000e-02     no limits
     5 R           -6.11853e+01  constant
     6 alpha_CBO    0.00000e+00  1.00000e-03     no limits
     7 w_CBO        2.32500e+00  constant
     8 beta_CBO     0.00000e+00  1.00000e-03     no limits
     9 alpha_2CBO   0.00000e+00  1.00000e-03     no limits
    10 beta_2CBO    0.00000e+00  1.00000e-03     no limits
    11 alpha_y      0.00000e+00  1.00000e-03     no limits
    12 w_y          1.44500e+01  constant
    13 beta_y       0.00000e+00  1.00000e-03     no limits
    14 alpha_vw     0.00000e+00  1.00000e-03     no limits
    15 w_vw         1.29000e+01  constant
    16 beta_vw      0.00000e+00  1.00000e-03     no limits
    17 LM          -5.02779e-04  constant
    18 zeta_y       0.00000e+00  constant
    19 zeta_vw      0.00000e+00  constant
MINUIT - FIT ONLY WIGGLE
 **********
 **    3 **FIX            5
 **********
 PARAMETER    5  IS CONSTANT.   IGNORED.
 **********
 **    4 **FIX            6
 **********
 **********
 **    5 **FIX            7
 **********
 PARAMETER    7  IS CONSTANT.   IGNORED.
 **********
 **    6 **FIX            8
 **********
 **********
 **    7 **FIX            9
 **********
 **********
 **    8 **FIX           10
 **********
 **********
 **    9 **FIX           11
 **********
 **********
 **   10 **FIX           12
 **********
 PARAMETER   12  IS CONSTANT.   IGNORED.
 **********
 **   11 **FIX           13
 **********
 **********
 **   12 **FIX           14
 **********
 **********
 **   13 **FIX           15
 **********
 PARAMETER   15  IS CONSTANT.   IGNORED.
 **********
 **   14 **FIX           16
 **********
 **********
 **   15 **MIGRAD
 **********
 FIRST CALL TO USER FUNCTION AT NEW START POINT, WITH IFLAG=4.
 START MIGRAD MINIMIZATION.  STRATEGY  1.  CONVERGENCE WHEN EDM .LT. 1.00e-04
 FCN=101.286 FROM MIGRAD    STATUS=INITIATE       12 CALLS          13 TOTAL
                     EDM= unknown      STRATEGY= 1      NO ERROR MATRIX       
  EXT PARAMETER               CURRENT GUESS       STEP         FIRST   
  NO.   NAME      VALUE            ERROR          SIZE      DERIVATIVE 
   1  N0           3.07239e+06   1.00000e+02   1.00000e+02  -1.78716e-03
   2  tau          6.43889e+01   constant   
   3  A0           3.48560e-01   1.00000e-04   1.00000e-04  -5.87381e+03
   4  phi          4.11546e+00   1.00000e-02   1.00000e-02   7.30305e+02
   5  R           -6.11853e+01   constant   
   6  alpha_CBO    0.00000e+00     fixed    
   7  w_CBO        2.32500e+00   constant   
   8  beta_CBO     0.00000e+00     fixed    
   9  alpha_2CBO   0.00000e+00     fixed    
  10  beta_2CBO    0.00000e+00     fixed    
  11  alpha_y      0.00000e+00     fixed    
  12  w_y          1.44500e+01   constant   
  13  beta_y       0.00000e+00     fixed    
  14  alpha_vw     0.00000e+00     fixed    
  15  w_vw         1.29000e+01   constant   
  16  beta_vw      0.00000e+00     fixed    
  17  LM          -5.02779e-04   constant   
  18  zeta_y       0.00000e+00   constant   
  19  zeta_vw      0.00000e+00   constant   
 MIGRAD MINIMIZATION HAS CONVERGED.
 MIGRAD WILL VERIFY CONVERGENCE AND ERROR MATRIX.
 COVARIANCE MATRIX CALCULATED SUCCESSFULLY
 FCN=96.885 FROM MIGRAD    STATUS=CONVERGED      44 CALLS          45 TOTAL
                     EDM=7.84904e-07    STRATEGY= 1      ERROR MATRIX ACCURATE 
  EXT PARAMETER                                   STEP         FIRST   
  NO.   NAME      VALUE            ERROR          SIZE      DERIVATIVE 
   1  N0           3.07414e+06   1.25946e+03   5.80634e+00  -8.92349e-07
   2  tau          6.43889e+01   constant   
   3  A0           3.49421e-01   5.00849e-04   2.36580e-06   1.14550e+00
   4  phi          4.11462e+00   1.57095e-03   7.56265e-06   3.81044e-01
   5  R           -6.11853e+01   constant   
   6  alpha_CBO    0.00000e+00     fixed    
   7  w_CBO        2.32500e+00   constant   
   8  beta_CBO     0.00000e+00     fixed    
   9  alpha_2CBO   0.00000e+00     fixed    
  10  beta_2CBO    0.00000e+00     fixed    
  11  alpha_y      0.00000e+00     fixed    
  12  w_y          1.44500e+01   constant   
  13  beta_y       0.00000e+00     fixed    
  14  alpha_vw     0.00000e+00     fixed    
  15  w_vw         1.29000e+01   constant   
  16  beta_vw      0.00000e+00     fixed    
  17  LM          -5.02779e-04   constant   
  18  zeta_y       0.00000e+00   constant   
  19  zeta_vw      0.00000e+00   constant   
 EXTERNAL ERROR MATRIX.    NDIM=  25    NPAR=  3    ERR DEF=1
  1.586e+06  1.297e-01  1.426e-01 
  1.297e-01  2.508e-07 -2.140e-08 
  1.426e-01 -2.140e-08  2.468e-06 
 PARAMETER  CORRELATION COEFFICIENTS  
       NO.  GLOBAL      1      3      4
        1  0.21976   1.000  0.206  0.072
        3  0.20983   0.206  1.000 -0.027
        4  0.08391   0.072 -0.027  1.000
MINUIT - FIT ONLY 1-CBO + wiggle
 **********
 **   16 **RES 
 **********
                   PARAMETER   16  beta_vw RESTORED TO VARIABLE.
                   PARAMETER   14  alpha_vw RESTORED TO VARIABLE.
                   PARAMETER   13  beta_y RESTORED TO VARIABLE.
                   PARAMETER   11  alpha_y RESTORED TO VARIABLE.
                   PARAMETER   10  beta_2CBO RESTORED TO VARIABLE.
                   PARAMETER    9  alpha_2CBO RESTORED TO VARIABLE.
                   PARAMETER    8  beta_CBO RESTORED TO VARIABLE.
                   PARAMETER    6  alpha_CBO RESTORED TO VARIABLE.
 **********
 **   17 **FIX            8
 **********
 **********
 **   18 **FIX            9
 **********
 **********
 **   19 **FIX           11
 **********
 **********
 **   20 **FIX           12
 **********
 PARAMETER   12  IS CONSTANT.   IGNORED.
 **********
 **   21 **FIX           14
 **********
 **********
 **   22 **FIX           15
 **********
 PARAMETER   15  IS CONSTANT.   IGNORED.
 **********
 **   23 **FIX           16
 **********
 **********
 **   24 **MIGRAD
 **********
 START MIGRAD MINIMIZATION.  STRATEGY  1.  CONVERGENCE WHEN EDM .LT. 1.00e-04
 FCN=96.885 FROM MIGRAD    STATUS=INITIATE       18 CALLS          63 TOTAL
                     EDM= unknown      STRATEGY= 1      NO ERROR MATRIX       
  EXT PARAMETER               CURRENT GUESS       STEP         FIRST   
  NO.   NAME      VALUE            ERROR          SIZE      DERIVATIVE 
   1  N0           3.07414e+06   1.25946e+03   5.80634e+00  -8.92349e-07
   2  tau          6.43889e+01   constant   
   3  A0           3.49421e-01   5.00849e-04   2.36580e-06   1.14550e+00
   4  phi          4.11462e+00   1.57095e-03   7.56265e-06   3.81043e-01
   5  R           -6.11853e+01   constant   
   6  alpha_CBO    0.00000e+00   1.00000e-03   1.00000e-03  -1.88393e+04
   7  w_CBO        2.32500e+00   constant   
   8  beta_CBO     0.00000e+00     fixed    
   9  alpha_2CBO   0.00000e+00     fixed    
  10  beta_2CBO    0.00000e+00   1.00000e-03   1.00000e-03  -8.37240e+03
  11  alpha_y      0.00000e+00     fixed    
  12  w_y          1.44500e+01   constant   
  13  beta_y       0.00000e+00   1.00000e-03   1.00000e-03  -3.07824e+02
  14  alpha_vw     0.00000e+00     fixed    
  15  w_vw         1.29000e+01   constant   
  16  beta_vw      0.00000e+00     fixed    
  17  LM          -5.02779e-04   constant   
  18  zeta_y       0.00000e+00   constant   
  19  zeta_vw      0.00000e+00   constant   
 MIGRAD MINIMIZATION HAS CONVERGED.
 MIGRAD WILL VERIFY CONVERGENCE AND ERROR MATRIX.
 COVARIANCE MATRIX CALCULATED SUCCESSFULLY
 FCN=61.3624 FROM MIGRAD    STATUS=CONVERGED     112 CALLS         157 TOTAL
                     EDM=4.79855e-07    STRATEGY= 1      ERROR MATRIX ACCURATE 
  EXT PARAMETER                                   STEP         FIRST   
  NO.   NAME      VALUE            ERROR          SIZE      DERIVATIVE 
   1  N0           3.07414e+06   1.25964e+03   4.63457e+00  -1.91343e-07
   2  tau          6.43889e+01   constant   
   3  A0           3.49088e-01   5.05364e-04   1.88866e-06   1.22514e+00
   4  phi          4.11352e+00   1.58378e-03   6.04305e-06   2.88798e-01
   5  R           -6.11853e+01   constant   
   6  alpha_CBO    3.19706e-03   5.84010e-04   2.21559e-06   2.33537e-01
   7  w_CBO        2.32500e+00   constant   
   8  beta_CBO     0.00000e+00     fixed    
   9  alpha_2CBO   0.00000e+00     fixed    
  10  beta_2CBO    1.29155e-03   5.62881e-04   2.16828e-06   5.80899e-01
  11  alpha_y      0.00000e+00     fixed    
  12  w_y          1.44500e+01   constant   
  13  beta_y      -9.27439e-06   5.68403e-04   2.19090e-06   9.54486e-01
  14  alpha_vw     0.00000e+00     fixed    
  15  w_vw         1.29000e+01   constant   
  16  beta_vw      0.00000e+00     fixed    
  17  LM          -5.02779e-04   constant   
  18  zeta_y       0.00000e+00   constant   
  19  zeta_vw      0.00000e+00   constant   
 EXTERNAL ERROR MATRIX.    NDIM=  25    NPAR=  6    ERR DEF=1
  1.587e+06  1.288e-01  1.428e-01  3.180e-03 -1.049e-02 -1.044e-02 
  1.288e-01  2.554e-07 -1.063e-08 -3.836e-08  6.634e-09  3.703e-09 
  1.428e-01 -1.063e-08  2.508e-06 -1.043e-07 -2.851e-08 -2.599e-09 
  3.180e-03 -3.836e-08 -1.043e-07  3.411e-07 -3.692e-09 -6.175e-09 
 -1.049e-02  6.634e-09 -2.851e-08 -3.692e-09  3.168e-07 -2.606e-10 
 -1.044e-02  3.703e-09 -2.599e-09 -6.175e-09 -2.606e-10  3.231e-07 
 PARAMETER  CORRELATION COEFFICIENTS  
       NO.  GLOBAL      1      3      4      6     10     13
        1  0.22039   1.000  0.202  0.072  0.004 -0.015 -0.015
        3  0.24623   0.202  1.000 -0.013 -0.130  0.023  0.013
        4  0.14421   0.072 -0.013  1.000 -0.113 -0.032 -0.003
        6  0.17887   0.004 -0.130 -0.113  1.000 -0.011 -0.019
       10  0.04457  -0.015  0.023 -0.032 -0.011  1.000 -0.001
       13  0.02759  -0.015  0.013 -0.003 -0.019 -0.001  1.000
MINUIT - FIT ONLY 2-CBO
 **********
 **   25 **RES 
 **********
                   PARAMETER   16  beta_vw RESTORED TO VARIABLE.
                   PARAMETER   14  alpha_vw RESTORED TO VARIABLE.
                   PARAMETER   11  alpha_y RESTORED TO VARIABLE.
                   PARAMETER    9  alpha_2CBO RESTORED TO VARIABLE.
                   PARAMETER    8  beta_CBO RESTORED TO VARIABLE.
 **********
 **   26 **FIX            0
 **********
 PARAMETER    0  IS UNDEFINED. IGNORED.
 **********
 **   27 **FIX            1
 **********
 **********
 **   28 **FIX            2
 **********
 PARAMETER    2  IS CONSTANT.   IGNORED.
 **********
 **   29 **FIX            3
 **********
 **********
 **   30 **FIX            4
 **********
 **********
 **   31 **FIX            5
 **********
 PARAMETER    5  IS CONSTANT.   IGNORED.
 **********
 **   32 **FIX            6
 **********
 **********
 **   33 **FIX            7
 **********
 PARAMETER    7  IS CONSTANT.   IGNORED.
 **********
 **   34 **FIX           10
 **********
 **********
 **   35 **FIX           11
 **********
 **********
 **   36 **FIX           12
 **********
 PARAMETER   12  IS CONSTANT.   IGNORED.
 **********
 **   37 **FIX           13
 **********
 **********
 **   38 **FIX           14
 **********
 **********
 **   39 **FIX           15
 **********
 PARAMETER   15  IS CONSTANT.   IGNORED.
 **********
 **   40 **FIX           16
 **********
 **********
 **   41 **MIGRAD
 **********
 START MIGRAD MINIMIZATION.  STRATEGY  1.  CONVERGENCE WHEN EDM .LT. 1.00e-04
 FCN=61.3624 FROM MIGRAD    STATUS=INITIATE        8 CALLS         165 TOTAL
                     EDM= unknown      STRATEGY= 1      NO ERROR MATRIX       
  EXT PARAMETER               CURRENT GUESS       STEP         FIRST   
  NO.   NAME      VALUE            ERROR          SIZE      DERIVATIVE 
   1  N0           3.07414e+06     fixed    
   2  tau          6.43889e+01   constant   
   3  A0           3.49088e-01     fixed    
   4  phi          4.11352e+00     fixed    
   5  R           -6.11853e+01   constant   
   6  alpha_CBO    3.19706e-03     fixed    
   7  w_CBO        2.32500e+00   constant   
   8  beta_CBO     0.00000e+00   1.00000e-03   1.00000e-03   1.02518e+03
   9  alpha_2CBO   0.00000e+00   1.00000e-03   1.00000e-03  -5.73129e+02
  10  beta_2CBO    1.29155e-03     fixed    
  11  alpha_y      0.00000e+00     fixed    
  12  w_y          1.44500e+01   constant   
  13  beta_y      -9.27439e-06     fixed    
  14  alpha_vw     0.00000e+00     fixed    
  15  w_vw         1.29000e+01   constant   
  16  beta_vw      0.00000e+00     fixed    
  17  LM          -5.02779e-04   constant   
  18  zeta_y       0.00000e+00   constant   
  19  zeta_vw      0.00000e+00   constant   
 MIGRAD MINIMIZATION HAS CONVERGED.
 MIGRAD WILL VERIFY CONVERGENCE AND ERROR MATRIX.
 COVARIANCE MATRIX CALCULATED SUCCESSFULLY
 FCN=61.253 FROM MIGRAD    STATUS=CONVERGED      28 CALLS         185 TOTAL
                     EDM=3.89959e-09    STRATEGY= 1      ERROR MATRIX ACCURATE 
  EXT PARAMETER                                   STEP         FIRST   
  NO.   NAME      VALUE            ERROR          SIZE      DERIVATIVE 
   1  N0           3.07414e+06     fixed    
   2  tau          6.43889e+01   constant   
   3  A0           3.49088e-01     fixed    
   4  phi          4.11352e+00     fixed    
   5  R           -6.11853e+01   constant   
   6  alpha_CBO    3.19706e-03     fixed    
   7  w_CBO        2.32500e+00   constant   
   8  beta_CBO    -1.60214e-04   5.56315e-04   2.14291e-06   7.93142e-02
   9  alpha_2CBO   9.53706e-05   5.68183e-04   2.18863e-06   1.36006e-01
  10  beta_2CBO    1.29155e-03     fixed    
  11  alpha_y      0.00000e+00     fixed    
  12  w_y          1.44500e+01   constant   
  13  beta_y      -9.27439e-06     fixed    
  14  alpha_vw     0.00000e+00     fixed    
  15  w_vw         1.29000e+01   constant   
  16  beta_vw      0.00000e+00     fixed    
  17  LM          -5.02779e-04   constant   
  18  zeta_y       0.00000e+00   constant   
  19  zeta_vw      0.00000e+00   constant   
 EXTERNAL ERROR MATRIX.    NDIM=  25    NPAR=  2    ERR DEF=1
  3.095e-07 -5.534e-09 
 -5.534e-09  3.228e-07 
 PARAMETER  CORRELATION COEFFICIENTS  
       NO.  GLOBAL      8      9
        8  0.01751   1.000 -0.018
        9  0.01751  -0.018  1.000
MINUIT - FIT wiggle + 1-CBO + 2-CBO
 **********
 **   42 **RES 
 **********
                   PARAMETER   16  beta_vw RESTORED TO VARIABLE.
                   PARAMETER   14  alpha_vw RESTORED TO VARIABLE.
                   PARAMETER   13  beta_y RESTORED TO VARIABLE.
                   PARAMETER   11  alpha_y RESTORED TO VARIABLE.
                   PARAMETER   10  beta_2CBO RESTORED TO VARIABLE.
                   PARAMETER    6  alpha_CBO RESTORED TO VARIABLE.
                   PARAMETER    4  phi RESTORED TO VARIABLE.
                   PARAMETER    3  A0 RESTORED TO VARIABLE.
                   PARAMETER    1  N0 RESTORED TO VARIABLE.
 **********
 **   43 **FIX           10
 **********
 **********
 **   44 **FIX           11
 **********
 **********
 **   45 **FIX           12
 **********
 PARAMETER   12  IS CONSTANT.   IGNORED.
 **********
 **   46 **FIX           13
 **********
 **********
 **   47 **FIX           14
 **********
 **********
 **   48 **FIX           15
 **********
 PARAMETER   15  IS CONSTANT.   IGNORED.
 **********
 **   49 **FIX           16
 **********
 **********
 **   50 **MIGRAD
 **********
 START MIGRAD MINIMIZATION.  STRATEGY  1.  CONVERGENCE WHEN EDM .LT. 1.00e-04
 FCN=61.253 FROM MIGRAD    STATUS=INITIATE       12 CALLS         197 TOTAL
                     EDM= unknown      STRATEGY= 1      NO ERROR MATRIX       
  EXT PARAMETER               CURRENT GUESS       STEP         FIRST   
  NO.   NAME      VALUE            ERROR          SIZE      DERIVATIVE 
   1  N0           3.07414e+06   1.25964e+03   1.25964e+03  -1.07242e-05
   2  tau          6.43889e+01   constant   
   3  A0           3.49088e-01   5.05364e-04   5.05364e-04   1.72662e+02
   4  phi          4.11352e+00   1.58378e-03   1.58378e-03  -6.64742e+01
   5  R           -6.11853e+01   constant   
   6  alpha_CBO    3.19706e-03   5.84010e-04   5.84010e-04  -4.17999e+01
   7  w_CBO        2.32500e+00   constant   
   8  beta_CBO    -1.60214e-04   5.56315e-04   2.14291e-06   7.93141e-02
   9  alpha_2CBO   9.53706e-05   5.68183e-04   2.18863e-06   1.36007e-01
  10  beta_2CBO    1.29155e-03     fixed    
  11  alpha_y      0.00000e+00     fixed    
  12  w_y          1.44500e+01   constant   
  13  beta_y      -9.27439e-06     fixed    
  14  alpha_vw     0.00000e+00     fixed    
  15  w_vw         1.29000e+01   constant   
  16  beta_vw      0.00000e+00     fixed    
  17  LM          -5.02779e-04   constant   
  18  zeta_y       0.00000e+00   constant   
  19  zeta_vw      0.00000e+00   constant   
 MIGRAD MINIMIZATION HAS CONVERGED.
 MIGRAD WILL VERIFY CONVERGENCE AND ERROR MATRIX.
 COVARIANCE MATRIX CALCULATED SUCCESSFULLY
 FCN=61.2478 FROM MIGRAD    STATUS=CONVERGED      79 CALLS         264 TOTAL
                     EDM=2.3083e-06    STRATEGY= 1      ERROR MATRIX ACCURATE 
  EXT PARAMETER                                   STEP         FIRST   
  NO.   NAME      VALUE            ERROR          SIZE      DERIVATIVE 
   1  N0           3.07414e+06   1.26049e+03   4.63031e+00   1.22546e-06
   2  tau          6.43889e+01   constant   
   3  A0           3.49064e-01   5.10305e-04   1.88694e-06   1.18146e+00
   4  phi          4.11361e+00   1.61520e-03   6.03804e-06   5.17494e-01
   5  R           -6.11853e+01   constant   
   6  alpha_CBO    3.20434e-03   5.84954e-04   2.21355e-06   1.51943e+00
   7  w_CBO        2.32500e+00   constant   
   8  beta_CBO    -1.69850e-04   5.72536e-04   2.14281e-06  -5.86987e-01
   9  alpha_2CBO   9.61809e-05   5.70104e-04   2.18853e-06  -3.37584e-01
  10  beta_2CBO    1.29155e-03     fixed    
  11  alpha_y      0.00000e+00     fixed    
  12  w_y          1.44500e+01   constant   
  13  beta_y      -9.27439e-06     fixed    
  14  alpha_vw     0.00000e+00     fixed    
  15  w_vw         1.29000e+01   constant   
  16  beta_vw      0.00000e+00     fixed    
  17  LM          -5.02779e-04   constant   
  18  zeta_y       0.00000e+00   constant   
  19  zeta_vw      0.00000e+00   constant   
 EXTERNAL ERROR MATRIX.    NDIM=  25    NPAR=  6    ERR DEF=1
  1.589e+06  1.298e-01  1.332e-01  4.490e-03  1.210e-02  2.770e-02 
  1.298e-01  2.604e-07 -3.171e-08 -3.912e-08  4.015e-08 -1.025e-08 
  1.332e-01 -3.171e-08  2.609e-06 -1.045e-07 -1.822e-07 -1.778e-08 
  4.490e-03 -3.912e-08 -1.045e-07  3.422e-07 -2.531e-09  2.017e-08 
  1.210e-02  4.015e-08 -1.822e-07 -2.531e-09  3.278e-07 -5.972e-09 
  2.770e-02 -1.025e-08 -1.778e-08  2.017e-08 -5.972e-09  3.250e-07 
 PARAMETER  CORRELATION COEFFICIENTS  
       NO.  GLOBAL      1      3      4      6      8      9
        1  0.22330   1.000  0.202  0.065  0.006  0.017  0.039
        3  0.28057   0.202  1.000 -0.038 -0.131  0.137 -0.035
        4  0.24158   0.065 -0.038  1.000 -0.111 -0.197 -0.019
        6  0.18741   0.006 -0.131 -0.111  1.000 -0.008  0.060
        8  0.23698   0.017  0.137 -0.197 -0.008  1.000 -0.018
        9  0.08389   0.039 -0.035 -0.019  0.060 -0.018  1.000
MINUIT - FIT ONLY 1-y
 **********
 **   51 **RES 
 **********
                   PARAMETER   16  beta_vw RESTORED TO VARIABLE.
                   PARAMETER   14  alpha_vw RESTORED TO VARIABLE.
                   PARAMETER   13  beta_y RESTORED TO VARIABLE.
                   PARAMETER   11  alpha_y RESTORED TO VARIABLE.
                   PARAMETER   10  beta_2CBO RESTORED TO VARIABLE.
 **********
 **   52 **FIX            0
 **********
 PARAMETER    0  IS UNDEFINED. IGNORED.
 **********
 **   53 **FIX            1
 **********
 **********
 **   54 **FIX            2
 **********
 PARAMETER    2  IS CONSTANT.   IGNORED.
 **********
 **   55 **FIX            3
 **********
 **********
 **   56 **FIX            4
 **********
 **********
 **   57 **FIX            5
 **********
 PARAMETER    5  IS CONSTANT.   IGNORED.
 **********
 **   58 **FIX            6
 **********
 **********
 **   59 **FIX            7
 **********
 PARAMETER    7  IS CONSTANT.   IGNORED.
 **********
 **   60 **FIX            8
 **********
 **********
 **   61 **FIX            9
 **********
 **********
 **   62 **FIX           13
 **********
 **********
 **   63 **FIX           14
 **********
 **********
 **   64 **FIX           15
 **********
 PARAMETER   15  IS CONSTANT.   IGNORED.
 **********
 **   65 **FIX           16
 **********
 **********
 **   66 **MIGRAD
 **********
 START MIGRAD MINIMIZATION.  STRATEGY  1.  CONVERGENCE WHEN EDM .LT. 1.00e-04
 FCN=61.2478 FROM MIGRAD    STATUS=INITIATE        6 CALLS         270 TOTAL
                     EDM= unknown      STRATEGY= 1      NO ERROR MATRIX       
  EXT PARAMETER               CURRENT GUESS       STEP         FIRST   
  NO.   NAME      VALUE            ERROR          SIZE      DERIVATIVE 
   1  N0           3.07414e+06     fixed    
   2  tau          6.43889e+01   constant   
   3  A0           3.49064e-01     fixed    
   4  phi          4.11361e+00     fixed    
   5  R           -6.11853e+01   constant   
   6  alpha_CBO    3.20434e-03     fixed    
   7  w_CBO        2.32500e+00   constant   
   8  beta_CBO    -1.69850e-04     fixed    
   9  alpha_2CBO   9.61809e-05     fixed    
  10  beta_2CBO    1.29155e-03   5.62881e-04   5.62881e-04   2.67051e+01
  11  alpha_y      0.00000e+00   1.00000e-03   1.00000e-03  -1.28123e+03
  12  w_y          1.44500e+01   constant   
  13  beta_y      -9.27439e-06     fixed    
  14  alpha_vw     0.00000e+00     fixed    
  15  w_vw         1.29000e+01   constant   
  16  beta_vw      0.00000e+00     fixed    
  17  LM          -5.02779e-04   constant   
  18  zeta_y       0.00000e+00   constant   
  19  zeta_vw      0.00000e+00   constant   
 MIGRAD MINIMIZATION HAS CONVERGED.
 MIGRAD WILL VERIFY CONVERGENCE AND ERROR MATRIX.
 COVARIANCE MATRIX CALCULATED SUCCESSFULLY
 FCN=61.1179 FROM MIGRAD    STATUS=CONVERGED      26 CALLS         290 TOTAL
                     EDM=6.26655e-12    STRATEGY= 1      ERROR MATRIX ACCURATE 
  EXT PARAMETER                                   STEP         FIRST   
  NO.   NAME      VALUE            ERROR          SIZE      DERIVATIVE 
   1  N0           3.07414e+06     fixed    
   2  tau          6.43889e+01   constant   
   3  A0           3.49064e-01     fixed    
   4  phi          4.11361e+00     fixed    
   5  R           -6.11853e+01   constant   
   6  alpha_CBO    3.20434e-03     fixed    
   7  w_CBO        2.32500e+00   constant   
   8  beta_CBO    -1.69850e-04     fixed    
   9  alpha_2CBO   9.61809e-05     fixed    
  10  beta_2CBO    1.28463e-03   5.62372e-04   2.16403e-06  -6.29526e-03
  11  alpha_y      2.02655e-04   5.62368e-04   2.16402e-06  -1.58196e-04
  12  w_y          1.44500e+01   constant   
  13  beta_y      -9.27439e-06     fixed    
  14  alpha_vw     0.00000e+00     fixed    
  15  w_vw         1.29000e+01   constant   
  16  beta_vw      0.00000e+00     fixed    
  17  LM          -5.02779e-04   constant   
  18  zeta_y       0.00000e+00   constant   
  19  zeta_vw      0.00000e+00   constant   
 EXTERNAL ERROR MATRIX.    NDIM=  25    NPAR=  2    ERR DEF=1
  3.163e-07 -4.210e-09 
 -4.210e-09  3.163e-07 
 PARAMETER  CORRELATION COEFFICIENTS  
       NO.  GLOBAL     10     11
       10  0.01331   1.000 -0.013
       11  0.01331  -0.013  1.000
MINUIT - FIT ONLY 2-y
 **********
 **   67 **RES 
 **********
                   PARAMETER   16  beta_vw RESTORED TO VARIABLE.
                   PARAMETER   14  alpha_vw RESTORED TO VARIABLE.
                   PARAMETER   13  beta_y RESTORED TO VARIABLE.
                   PARAMETER    9  alpha_2CBO RESTORED TO VARIABLE.
                   PARAMETER    8  beta_CBO RESTORED TO VARIABLE.
                   PARAMETER    6  alpha_CBO RESTORED TO VARIABLE.
                   PARAMETER    4  phi RESTORED TO VARIABLE.
                   PARAMETER    3  A0 RESTORED TO VARIABLE.
                   PARAMETER    1  N0 RESTORED TO VARIABLE.
 **********
 **   68 **FIX            0
 **********
 PARAMETER    0  IS UNDEFINED. IGNORED.
 **********
 **   69 **FIX            1
 **********
 **********
 **   70 **FIX            2
 **********
 PARAMETER    2  IS CONSTANT.   IGNORED.
 **********
 **   71 **FIX            3
 **********
 **********
 **   72 **FIX            4
 **********
 **********
 **   73 **FIX            5
 **********
 PARAMETER    5  IS CONSTANT.   IGNORED.
 **********
 **   74 **FIX            6
 **********
 **********
 **   75 **FIX            7
 **********
 PARAMETER    7  IS CONSTANT.   IGNORED.
 **********
 **   76 **FIX            8
 **********
 **********
 **   77 **FIX            9
 **********
 **********
 **   78 **FIX           10
 **********
 **********
 **   79 **FIX           11
 **********
 **********
 **   80 **FIX           12
 **********
 PARAMETER   12  IS CONSTANT.   IGNORED.
 **********
 **   81 **FIX           16
 **********
 **********
 **   82 **MIGRAD
 **********
 START MIGRAD MINIMIZATION.  STRATEGY  1.  CONVERGENCE WHEN EDM .LT. 1.00e-04
 FCN=61.1179 FROM MIGRAD    STATUS=INITIATE        6 CALLS         296 TOTAL
                     EDM= unknown      STRATEGY= 1      NO ERROR MATRIX       
  EXT PARAMETER               CURRENT GUESS       STEP         FIRST   
  NO.   NAME      VALUE            ERROR          SIZE      DERIVATIVE 
   1  N0           3.07414e+06     fixed    
   2  tau          6.43889e+01   constant   
   3  A0           3.49064e-01     fixed    
   4  phi          4.11361e+00     fixed    
   5  R           -6.11853e+01   constant   
   6  alpha_CBO    3.20434e-03     fixed    
   7  w_CBO        2.32500e+00   constant   
   8  beta_CBO    -1.69850e-04     fixed    
   9  alpha_2CBO   9.61809e-05     fixed    
  10  beta_2CBO    1.28463e-03     fixed    
  11  alpha_y      2.02655e-04     fixed    
  12  w_y          1.44500e+01   constant   
  13  beta_y      -9.27439e-06   5.68403e-04   5.68403e-04   2.39231e+01
  14  alpha_vw     0.00000e+00   1.00000e-03   1.00000e-03  -6.09727e+03
  15  w_vw         1.29000e+01   constant   
  16  beta_vw      0.00000e+00     fixed    
  17  LM          -5.02779e-04   constant   
  18  zeta_y       0.00000e+00   constant   
  19  zeta_vw      0.00000e+00   constant   
 MIGRAD MINIMIZATION HAS CONVERGED.
 MIGRAD WILL VERIFY CONVERGENCE AND ERROR MATRIX.
 COVARIANCE MATRIX CALCULATED SUCCESSFULLY
 FCN=58.1799 FROM MIGRAD    STATUS=CONVERGED      28 CALLS         318 TOTAL
                     EDM=8.70161e-16    STRATEGY= 1      ERROR MATRIX ACCURATE 
  EXT PARAMETER                                   STEP         FIRST   
  NO.   NAME      VALUE            ERROR          SIZE      DERIVATIVE 
   1  N0           3.07414e+06     fixed    
   2  tau          6.43889e+01   constant   
   3  A0           3.49064e-01     fixed    
   4  phi          4.11361e+00     fixed    
   5  R           -6.11853e+01   constant   
   6  alpha_CBO    3.20434e-03     fixed    
   7  w_CBO        2.32500e+00   constant   
   8  beta_CBO    -1.69850e-04     fixed    
   9  alpha_2CBO   9.61809e-05     fixed    
  10  beta_2CBO    1.28463e-03     fixed    
  11  alpha_y      2.02655e-04     fixed    
  12  w_y          1.44500e+01   constant   
  13  beta_y      -1.20688e-05   5.68188e-04   2.13427e-06  -7.34092e-05
  14  alpha_vw     9.63723e-04   5.62243e-04   2.11194e-06  -1.27848e-06
  15  w_vw         1.29000e+01   constant   
  16  beta_vw      0.00000e+00     fixed    
  17  LM          -5.02779e-04   constant   
  18  zeta_y       0.00000e+00   constant   
  19  zeta_vw      0.00000e+00   constant   
 EXTERNAL ERROR MATRIX.    NDIM=  25    NPAR=  2    ERR DEF=1
  3.228e-07  3.501e-10 
  3.501e-10  3.161e-07 
 PARAMETER  CORRELATION COEFFICIENTS  
       NO.  GLOBAL     13     14
       13  0.00110   1.000  0.001
       14  0.00110   0.001  1.000
MINUIT - FIT ALTOGETHER
 **********
 **   83 **RES 
 **********
                   PARAMETER   16  beta_vw RESTORED TO VARIABLE.
                   PARAMETER   11  alpha_y RESTORED TO VARIABLE.
                   PARAMETER   10  beta_2CBO RESTORED TO VARIABLE.
                   PARAMETER    9  alpha_2CBO RESTORED TO VARIABLE.
                   PARAMETER    8  beta_CBO RESTORED TO VARIABLE.
                   PARAMETER    6  alpha_CBO RESTORED TO VARIABLE.
                   PARAMETER    4  phi RESTORED TO VARIABLE.
                   PARAMETER    3  A0 RESTORED TO VARIABLE.
                   PARAMETER    1  N0 RESTORED TO VARIABLE.
 **********
 **   84 **MIGRAD
 **********
 START MIGRAD MINIMIZATION.  STRATEGY  1.  CONVERGENCE WHEN EDM .LT. 1.00e-04
 FCN=58.1799 FROM MIGRAD    STATUS=INITIATE       24 CALLS         342 TOTAL
                     EDM= unknown      STRATEGY= 1      NO ERROR MATRIX       
  EXT PARAMETER               CURRENT GUESS       STEP         FIRST   
  NO.   NAME      VALUE            ERROR          SIZE      DERIVATIVE 
   1  N0           3.07414e+06   1.26049e+03   1.26049e+03   2.14306e-05
   2  tau          6.43889e+01   constant   
   3  A0           3.49064e-01   5.10305e-04   5.10305e-04  -2.55786e+01
   4  phi          4.11361e+00   1.61520e-03   1.61520e-03   9.62497e+00
   5  R           -6.11853e+01   constant   
   6  alpha_CBO    3.20434e-03   5.84954e-04   5.84954e-04   8.26063e+01
   7  w_CBO        2.32500e+00   constant   
   8  beta_CBO    -1.69850e-04   5.72536e-04   5.72536e-04  -1.21229e+01
   9  alpha_2CBO   9.61809e-05   5.70104e-04   5.70104e-04   7.37531e+01
  10  beta_2CBO    1.28463e-03   5.62372e-04   5.62372e-04  -2.43753e+01
  11  alpha_y      2.02655e-04   5.62368e-04   5.62368e-04  -3.34715e+02
  12  w_y          1.44500e+01   constant   
  13  beta_y      -1.20688e-05   5.68188e-04   2.13427e-06  -7.31728e-05
  14  alpha_vw     9.63723e-04   5.62243e-04   2.11194e-06  -2.42238e-07
  15  w_vw         1.29000e+01   constant   
  16  beta_vw      0.00000e+00   1.00000e-03   1.00000e-03   1.80361e+02
  17  LM          -5.02779e-04   constant   
  18  zeta_y       0.00000e+00   constant   
  19  zeta_vw      0.00000e+00   constant   
 MIGRAD MINIMIZATION HAS CONVERGED.
 MIGRAD WILL VERIFY CONVERGENCE AND ERROR MATRIX.
 COVARIANCE MATRIX CALCULATED SUCCESSFULLY
 FCN=58.1668 FROM MIGRAD    STATUS=CONVERGED     170 CALLS         488 TOTAL
                     EDM=1.77634e-06    STRATEGY= 1      ERROR MATRIX ACCURATE 
  EXT PARAMETER                                   STEP         FIRST   
  NO.   NAME      VALUE            ERROR          SIZE      DERIVATIVE 
   1  N0           3.07412e+06   1.26085e+03   4.51424e+00  -5.84575e-07
   2  tau          6.43889e+01   constant   
   3  A0           3.49068e-01   5.10590e-04   1.83965e-06  -1.32825e+00
   4  phi          4.11360e+00   1.61673e-03   5.88666e-06   7.45212e-01
   5  R           -6.11853e+01   constant   
   6  alpha_CBO    3.19014e-03   5.85206e-04   2.15806e-06   1.47783e+00
   7  w_CBO        2.32500e+00   constant   
   8  beta_CBO    -1.66250e-04   5.72690e-04   2.08912e-06  -8.28176e-02
   9  alpha_2CBO   8.33476e-05   5.70274e-04   2.13368e-06   5.29557e-01
  10  beta_2CBO    1.28925e-03   5.63265e-04   2.11200e-06  -2.62455e-01
  11  alpha_y      2.56148e-04   5.63407e-04   2.11200e-06   5.01720e-01
  12  w_y          1.44500e+01   constant   
  13  beta_y      -1.35187e-05   5.69177e-04   2.13404e-06  -1.27435e-01
  14  alpha_vw     9.67120e-04   5.63252e-04   2.11171e-06  -9.14669e-02
  15  w_vw         1.29000e+01   constant   
  16  beta_vw     -2.98864e-05   5.69588e-04   2.13433e-06  -1.53590e-01
  17  LM          -5.02779e-04   constant   
  18  zeta_y       0.00000e+00   constant   
  19  zeta_vw      0.00000e+00   constant   
 EXTERNAL ERROR MATRIX.    NDIM=  25    NPAR= 11    ERR DEF=1
  1.590e+06 
  1.294e-01  2.607e-07 
  1.342e-01 -3.276e-08  2.614e-06 
  4.980e-03 -3.933e-08 -1.041e-07  3.425e-07 
  1.180e-02  4.026e-08 -1.825e-07 -2.660e-09  3.280e-07 
  2.802e-02 -1.045e-08 -1.707e-08  2.036e-08 -6.035e-09  3.252e-07 
 -1.072e-02  7.361e-09 -3.076e-08 -4.012e-09  5.883e-09 -4.007e-09  3.173e-07 
  4.291e-03  2.659e-10 -1.209e-08  2.673e-09 -1.642e-09 -1.265e-10 -3.963e-09  3.174e-07 
 -1.055e-02  4.463e-09 -4.203e-09 -6.501e-09  1.508e-09 -3.411e-09 -5.728e-10 -3.310e-09  3.240e-07 
 -6.644e-03  1.535e-09 -1.814e-09 -5.361e-09  1.474e-09 -4.409e-09  1.265e-09  1.734e-08  3.885e-10  3.173e-07 
  3.544e-04  4.080e-09 -2.118e-08 -1.365e-09 -3.679e-09 -4.033e-09 -8.489e-09 -4.902e-09  1.611e-08 -2.352e-11  3.244e-07 
 PARAMETER  CORRELATION COEFFICIENTS  
       NO.  GLOBAL      1      3      4      6      8      9     10     11     13     14     16
        1  0.22452   1.000  0.201  0.066  0.007  0.016  0.039 -0.015  0.006 -0.015 -0.009  0.000
        3  0.28239   0.201  1.000 -0.040 -0.132  0.138 -0.036  0.026  0.001  0.015  0.005  0.014
        4  0.24531   0.066 -0.040  1.000 -0.110 -0.197 -0.019 -0.034 -0.013 -0.005 -0.002 -0.023
        6  0.18964   0.007 -0.132 -0.110  1.000 -0.008  0.061 -0.012  0.008 -0.020 -0.016 -0.004
        8  0.23802   0.016  0.138 -0.197 -0.008  1.000 -0.018  0.018 -0.005  0.005  0.005 -0.011
        9  0.08736   0.039 -0.036 -0.019  0.061 -0.018  1.000 -0.012 -0.000 -0.011 -0.014 -0.012
       10  0.05785  -0.015  0.026 -0.034 -0.012  0.018 -0.012  1.000 -0.012 -0.002  0.004 -0.026
       11  0.06205   0.006  0.001 -0.013  0.008 -0.005 -0.000 -0.012  1.000 -0.010  0.055 -0.015
       13  0.05887  -0.015  0.015 -0.005 -0.020  0.005 -0.011 -0.002 -0.010  1.000  0.001  0.050
       14  0.05973  -0.009  0.005 -0.002 -0.016  0.005 -0.014  0.004  0.055  0.001  1.000 -0.000
       16  0.06805   0.000  0.014 -0.023 -0.004 -0.011 -0.012 -0.026 -0.015  0.050 -0.000  1.000
MINUIT - MINOS
 **********
 **   85 **RES 
 **********
 CALL TO MNFREE IGNORED.  THERE ARE NO FIXED PARAMETERS
 **********
 **   86 **MIG      2.5e+04        0.01
 **********
 START MIGRAD MINIMIZATION.  STRATEGY  1.  CONVERGENCE WHEN EDM .LT. 1.00e-05
 FCN=58.1668 FROM MIGRAD    STATUS=INITIATE       22 CALLS         510 TOTAL
                     EDM=8.8817e-07    STRATEGY= 1      ERROR MATRIX ACCURATE 
  EXT PARAMETER                                   STEP         FIRST   
  NO.   NAME      VALUE            ERROR          SIZE      DERIVATIVE 
   1  N0           3.07412e+06   1.26085e+03   4.51424e+00  -5.84575e-07
   2  tau          6.43889e+01   constant   
   3  A0           3.49068e-01   5.10590e-04   1.83965e-06  -1.32825e+00
   4  phi          4.11360e+00   1.61673e-03   5.88666e-06   7.45211e-01
   5  R           -6.11853e+01   constant   
   6  alpha_CBO    3.19014e-03   5.85206e-04   2.15806e-06   1.47783e+00
   7  w_CBO        2.32500e+00   constant   
   8  beta_CBO    -1.66250e-04   5.72690e-04   2.08912e-06  -8.28176e-02
   9  alpha_2CBO   8.33476e-05   5.70274e-04   2.13368e-06   5.29557e-01
  10  beta_2CBO    1.28925e-03   5.63265e-04   2.11200e-06  -2.62456e-01
  11  alpha_y      2.56148e-04   5.63407e-04   2.11200e-06   5.01719e-01
  12  w_y          1.44500e+01   constant   
  13  beta_y      -1.35187e-05   5.69177e-04   2.13404e-06  -1.27435e-01
  14  alpha_vw     9.67120e-04   5.63252e-04   2.11171e-06  -9.14682e-02
  15  w_vw         1.29000e+01   constant   
  16  beta_vw     -2.98864e-05   5.69588e-04   2.13433e-06  -1.53588e-01
  17  LM          -5.02779e-04   constant   
  18  zeta_y       0.00000e+00   constant   
  19  zeta_vw      0.00000e+00   constant   
 MIGRAD MINIMIZATION HAS CONVERGED.
 FCN=58.1668 FROM MIGRAD    STATUS=CONVERGED      45 CALLS         533 TOTAL
                     EDM=1.63563e-17    STRATEGY= 1  ERROR MATRIX UNCERTAINTY   0.0 per cent
  EXT PARAMETER                                   STEP         FIRST   
  NO.   NAME      VALUE            ERROR          SIZE      DERIVATIVE 
   1  N0           3.07412e+06   1.26085e+03   4.86534e-01   2.08792e-12
   2  tau          6.43889e+01   constant   
   3  A0           3.49068e-01   5.10590e-04   2.58231e-07   3.73878e-06
   4  phi          4.11360e+00   1.61672e-03  -8.85560e-07  -4.26508e-06
   5  R           -6.11853e+01   constant   
   6  alpha_CBO    3.18990e-03   5.85206e-04  -2.46405e-07  -4.04977e-06
   7  w_CBO        2.32500e+00   constant   
   8  beta_CBO    -1.66134e-04   5.72690e-04   1.16406e-07  -1.04415e-06
   9  alpha_2CBO   8.32526e-05   5.70274e-04  -9.50200e-08  -2.25283e-06
  10  beta_2CBO    1.28931e-03   5.63265e-04   5.94838e-08  -8.24257e-07
  11  alpha_y      2.56072e-04   5.63407e-04  -7.60163e-08  -2.10606e-06
  12  w_y          1.44500e+01   constant   
  13  beta_y      -1.34889e-05   5.69177e-04   2.98683e-08  -1.72139e-06
  14  alpha_vw     9.67135e-04   5.63252e-04   1.52915e-08  -1.64032e-06
  15  w_vw         1.29000e+01   constant   
  16  beta_vw     -2.98477e-05   5.69588e-04   3.86842e-08  -1.94919e-06
  17  LM          -5.02779e-04   constant   
  18  zeta_y       0.00000e+00   constant   
  19  zeta_vw      0.00000e+00   constant   
 EXTERNAL ERROR MATRIX.    NDIM=  25    NPAR= 11    ERR DEF=1
  1.590e+06 
  1.294e-01  2.607e-07 
  1.342e-01 -3.276e-08  2.614e-06 
  4.980e-03 -3.933e-08 -1.041e-07  3.425e-07 
  1.180e-02  4.026e-08 -1.825e-07 -2.660e-09  3.280e-07 
  2.802e-02 -1.045e-08 -1.707e-08  2.036e-08 -6.035e-09  3.252e-07 
 -1.072e-02  7.361e-09 -3.076e-08 -4.012e-09  5.883e-09 -4.007e-09  3.173e-07 
  4.292e-03  2.659e-10 -1.209e-08  2.673e-09 -1.642e-09 -1.266e-10 -3.963e-09  3.174e-07 
 -1.055e-02  4.463e-09 -4.203e-09 -6.501e-09  1.508e-09 -3.411e-09 -5.728e-10 -3.310e-09  3.240e-07 
 -6.644e-03  1.535e-09 -1.815e-09 -5.361e-09  1.474e-09 -4.409e-09  1.265e-09  1.734e-08  3.885e-10  3.173e-07 
  3.545e-04  4.080e-09 -2.118e-08 -1.365e-09 -3.679e-09 -4.033e-09 -8.489e-09 -4.902e-09  1.611e-08 -2.350e-11  3.244e-07 
 PARAMETER  CORRELATION COEFFICIENTS  
       NO.  GLOBAL      1      3      4      6      8      9     10     11     13     14     16
        1  0.22452   1.000  0.201  0.066  0.007  0.016  0.039 -0.015  0.006 -0.015 -0.009  0.000
        3  0.28239   0.201  1.000 -0.040 -0.132  0.138 -0.036  0.026  0.001  0.015  0.005  0.014
        4  0.24531   0.066 -0.040  1.000 -0.110 -0.197 -0.019 -0.034 -0.013 -0.005 -0.002 -0.023
        6  0.18964   0.007 -0.132 -0.110  1.000 -0.008  0.061 -0.012  0.008 -0.020 -0.016 -0.004
        8  0.23802   0.016  0.138 -0.197 -0.008  1.000 -0.018  0.018 -0.005  0.005  0.005 -0.011
        9  0.08736   0.039 -0.036 -0.019  0.061 -0.018  1.000 -0.012 -0.000 -0.011 -0.014 -0.012
       10  0.05785  -0.015  0.026 -0.034 -0.012  0.018 -0.012  1.000 -0.012 -0.002  0.004 -0.026
       11  0.06205   0.006  0.001 -0.013  0.008 -0.005 -0.000 -0.012  1.000 -0.010  0.055 -0.015
       13  0.05887  -0.015  0.015 -0.005 -0.020  0.005 -0.011 -0.002 -0.010  1.000  0.001  0.050
       14  0.05973  -0.009  0.005 -0.002 -0.016  0.005 -0.014  0.004  0.055  0.001  1.000 -0.000
       16  0.06805   0.000  0.014 -0.023 -0.004 -0.011 -0.012 -0.026 -0.015  0.050 -0.000  1.000
 **********
 **   87 **MINO      2.5e+04
 **********
 FCN=58.1668 FROM MINOS     STATUS=SUCCESSFUL    924 CALLS        1457 TOTAL
                     EDM=1.63563e-17    STRATEGY= 1  ERROR MATRIX UNCERTAINTY   0.0 per cent
  EXT PARAMETER                  PARABOLIC         MINOS ERRORS        
  NO.   NAME      VALUE            ERROR      NEGATIVE      POSITIVE   
   1  N0           3.07412e+06   1.26085e+03  -1.26085e+03   1.26085e+03
   2  tau          6.43889e+01   constant   
   3  A0           3.49068e-01   5.10590e-04  -5.10632e-04   5.10548e-04
   4  phi          4.11360e+00   1.61672e-03  -1.61667e-03   1.61678e-03
   5  R           -6.11853e+01   constant   
   6  alpha_CBO    3.18990e-03   5.85206e-04  -5.85215e-04   5.85198e-04
   7  w_CBO        2.32500e+00   constant   
   8  beta_CBO    -1.66134e-04   5.72690e-04  -5.72691e-04   5.72689e-04
   9  alpha_2CBO   8.32526e-05   5.70274e-04  -5.70285e-04   5.70263e-04
  10  beta_2CBO    1.28931e-03   5.63265e-04  -5.63261e-04   5.63269e-04
  11  alpha_y      2.56072e-04   5.63407e-04  -5.63408e-04   5.63405e-04
  12  w_y          1.44500e+01   constant   
  13  beta_y      -1.34889e-05   5.69177e-04  -5.69173e-04   5.69181e-04
  14  alpha_vw     9.67135e-04   5.63252e-04  -5.63249e-04   5.63254e-04
  15  w_vw         1.29000e+01   constant   
  16  beta_vw     -2.98477e-05   5.69588e-04  -5.69587e-04   5.69588e-04
  17  LM          -5.02779e-04   constant   
  18  zeta_y       0.00000e+00   constant   
  19  zeta_vw      0.00000e+00   constant   
 **********
 **   88 **SHO COR 
 **********
 PARAMETER  CORRELATION COEFFICIENTS  
       NO.  GLOBAL      1      3      4      6      8      9     10     11     13     14     16
        1  0.22452   1.000  0.201  0.066  0.007  0.016  0.039 -0.015  0.006 -0.015 -0.009  0.000
        3  0.28239   0.201  1.000 -0.040 -0.132  0.138 -0.036  0.026  0.001  0.015  0.005  0.014
        4  0.24531   0.066 -0.040  1.000 -0.110 -0.197 -0.019 -0.034 -0.013 -0.005 -0.002 -0.023
        6  0.18964   0.007 -0.132 -0.110  1.000 -0.008  0.061 -0.012  0.008 -0.020 -0.016 -0.004
        8  0.23802   0.016  0.138 -0.197 -0.008  1.000 -0.018  0.018 -0.005  0.005  0.005 -0.011
        9  0.08736   0.039 -0.036 -0.019  0.061 -0.018  1.000 -0.012 -0.000 -0.011 -0.014 -0.012
       10  0.05785  -0.015  0.026 -0.034 -0.012  0.018 -0.012  1.000 -0.012 -0.002  0.004 -0.026
       11  0.06205   0.006  0.001 -0.013  0.008 -0.005 -0.000 -0.012  1.000 -0.010  0.055 -0.015
       13  0.05887  -0.015  0.015 -0.005 -0.020  0.005 -0.011 -0.002 -0.010  1.000  0.001  0.050
       14  0.05973  -0.009  0.005 -0.002 -0.016  0.005 -0.014  0.004  0.055  0.001  1.000 -0.000
       16  0.06805   0.000  0.014 -0.023 -0.004 -0.011 -0.012 -0.026 -0.015  0.050 -0.000  1.000
