 + ++++++++++++++++++++++++++++++++++++++++++++++++++++++++++++++++++++ +
 +                                                                      +
 +           You have chose to blind your fitting according to          +
 +                omega_ref * (1 + (R +/- deltaR) *10^{-6})             +
 +                                                                      +
 + ++++++++++++++++++++++++++++++++++++++++++++++++++++++++++++++++++++ +
In main()...
reading format from /gm2data/zkhechad/run45/envelope/formats/formatB_sBin_constraintOn.txt
pBinTau 	= 0  
pBinPhi 	= 0  
constraintau 	= 1 
includeMopTerm 	= 0    
constrainMop    = 0   
Parameters after format file: pBinTau 0 pBinPhi 0 constraintau 1 includeMopTerm 0 constrainMop 0 c_e_scale 0.000000 
Opening file /gm2data/tbarrett/gm2fr/studies/run23_bunch_corrections/CorrectedFourier_Run3b.root.
reading full fit data from /gm2data/zkhechad/cboTemplates/Run4CBOTemplates/templateFits2/noRF/sBin_constraintOn_cE0.0_seed0_noRF_calo16.root
windowBins = 70
fitting sliding window 1610 from bin 1813 at 270.499600 to bin 1883 at 280.943600 (70 bins)

Reading data from /gm2data/cornell/histograms/aMethod/histogram_a_noRF.root
 **********
 **    1 **SET PRINTOUT            1
 **********
 **********
 **    2 **SET NOWARNINGS 
 **********
 PARAMETER DEFINITIONS:
    NO.   NAME         VALUE      STEP SIZE      LIMITS
     1 N0           3.09977e+06  1.00000e+02     no limits
     2 tau          6.44070e+01  constant
     3 A0           3.49549e-01  1.00000e-04     no limits
     4 phi          4.11717e+00  1.00000e-02     no limits
     5 R           -6.26001e+01  constant
     6 alpha_CBO    0.00000e+00  1.00000e-03     no limits
     7 w_CBO        2.32625e+00  constant
     8 beta_CBO     0.00000e+00  1.00000e-03     no limits
     9 alpha_2CBO   0.00000e+00  1.00000e-03     no limits
    10 beta_2CBO    0.00000e+00  1.00000e-03     no limits
    11 alpha_y      0.00000e+00  1.00000e-03     no limits
    12 w_y          1.44500e+01  constant
    13 beta_y       0.00000e+00  1.00000e-03     no limits
    14 alpha_vw     0.00000e+00  1.00000e-03     no limits
    15 w_vw         1.29000e+01  constant
    16 beta_vw      0.00000e+00  1.00000e-03     no limits
    17 LM           3.04866e-05  constant
    18 zeta_y       0.00000e+00  constant
    19 zeta_vw      0.00000e+00  constant
MINUIT - FIT ONLY WIGGLE
 **********
 **    3 **FIX            5
 **********
 PARAMETER    5  IS CONSTANT.   IGNORED.
 **********
 **    4 **FIX            6
 **********
 **********
 **    5 **FIX            7
 **********
 PARAMETER    7  IS CONSTANT.   IGNORED.
 **********
 **    6 **FIX            8
 **********
 **********
 **    7 **FIX            9
 **********
 **********
 **    8 **FIX           10
 **********
 **********
 **    9 **FIX           11
 **********
 **********
 **   10 **FIX           12
 **********
 PARAMETER   12  IS CONSTANT.   IGNORED.
 **********
 **   11 **FIX           13
 **********
 **********
 **   12 **FIX           14
 **********
 **********
 **   13 **FIX           15
 **********
 PARAMETER   15  IS CONSTANT.   IGNORED.
 **********
 **   14 **FIX           16
 **********
 **********
 **   15 **MIGRAD
 **********
 FIRST CALL TO USER FUNCTION AT NEW START POINT, WITH IFLAG=4.
 START MIGRAD MINIMIZATION.  STRATEGY  1.  CONVERGENCE WHEN EDM .LT. 1.00e-04
 FCN=123.109 FROM MIGRAD    STATUS=INITIATE       12 CALLS          13 TOTAL
                     EDM= unknown      STRATEGY= 1      NO ERROR MATRIX       
  EXT PARAMETER               CURRENT GUESS       STEP         FIRST   
  NO.   NAME      VALUE            ERROR          SIZE      DERIVATIVE 
   1  N0           3.09977e+06   1.00000e+02   1.00000e+02  -1.90002e-03
   2  tau          6.44070e+01   constant   
   3  A0           3.49549e-01   1.00000e-04   1.00000e-04   3.37347e+03
   4  phi          4.11717e+00   1.00000e-02   1.00000e-02  -7.82621e+02
   5  R           -6.26001e+01   constant   
   6  alpha_CBO    0.00000e+00     fixed    
   7  w_CBO        2.32625e+00   constant   
   8  beta_CBO     0.00000e+00     fixed    
   9  alpha_2CBO   0.00000e+00     fixed    
  10  beta_2CBO    0.00000e+00     fixed    
  11  alpha_y      0.00000e+00     fixed    
  12  w_y          1.44500e+01   constant   
  13  beta_y       0.00000e+00     fixed    
  14  alpha_vw     0.00000e+00     fixed    
  15  w_vw         1.29000e+01   constant   
  16  beta_vw      0.00000e+00     fixed    
  17  LM           3.04866e-05   constant   
  18  zeta_y       0.00000e+00   constant   
  19  zeta_vw      0.00000e+00   constant   
 MIGRAD MINIMIZATION HAS CONVERGED.
 MIGRAD WILL VERIFY CONVERGENCE AND ERROR MATRIX.
 COVARIANCE MATRIX CALCULATED SUCCESSFULLY
 FCN=121.484 FROM MIGRAD    STATUS=CONVERGED      52 CALLS          53 TOTAL
                     EDM=3.31604e-12    STRATEGY= 1      ERROR MATRIX ACCURATE 
  EXT PARAMETER                                   STEP         FIRST   
  NO.   NAME      VALUE            ERROR          SIZE      DERIVATIVE 
   1  N0           3.10079e+06   1.13678e+03   5.87346e+00  -1.71716e-09
   2  tau          6.44070e+01   constant   
   3  A0           3.49325e-01   4.47226e-04   2.35291e-06   1.13860e-03
   4  phi          4.11788e+00   1.38964e-03   7.50660e-06  -1.28541e-03
   5  R           -6.26001e+01   constant   
   6  alpha_CBO    0.00000e+00     fixed    
   7  w_CBO        2.32625e+00   constant   
   8  beta_CBO     0.00000e+00     fixed    
   9  alpha_2CBO   0.00000e+00     fixed    
  10  beta_2CBO    0.00000e+00     fixed    
  11  alpha_y      0.00000e+00     fixed    
  12  w_y          1.44500e+01   constant   
  13  beta_y       0.00000e+00     fixed    
  14  alpha_vw     0.00000e+00     fixed    
  15  w_vw         1.29000e+01   constant   
  16  beta_vw      0.00000e+00     fixed    
  17  LM           3.04866e-05   constant   
  18  zeta_y       0.00000e+00   constant   
  19  zeta_vw      0.00000e+00   constant   
 EXTERNAL ERROR MATRIX.    NDIM=  25    NPAR=  3    ERR DEF=1
  1.292e+06  1.158e-01 -3.485e-02 
  1.158e-01  2.000e-07  7.428e-09 
 -3.485e-02  7.428e-09  1.931e-06 
 PARAMETER  CORRELATION COEFFICIENTS  
       NO.  GLOBAL      1      3      4
        1  0.22911   1.000  0.228 -0.022
        3  0.22839   0.228  1.000  0.012
        4  0.02812  -0.022  0.012  1.000
MINUIT - FIT ONLY 1-CBO + wiggle
 **********
 **   16 **RES 
 **********
                   PARAMETER   16  beta_vw RESTORED TO VARIABLE.
                   PARAMETER   14  alpha_vw RESTORED TO VARIABLE.
                   PARAMETER   13  beta_y RESTORED TO VARIABLE.
                   PARAMETER   11  alpha_y RESTORED TO VARIABLE.
                   PARAMETER   10  beta_2CBO RESTORED TO VARIABLE.
                   PARAMETER    9  alpha_2CBO RESTORED TO VARIABLE.
                   PARAMETER    8  beta_CBO RESTORED TO VARIABLE.
                   PARAMETER    6  alpha_CBO RESTORED TO VARIABLE.
 **********
 **   17 **FIX            8
 **********
 **********
 **   18 **FIX            9
 **********
 **********
 **   19 **FIX           11
 **********
 **********
 **   20 **FIX           12
 **********
 PARAMETER   12  IS CONSTANT.   IGNORED.
 **********
 **   21 **FIX           14
 **********
 **********
 **   22 **FIX           15
 **********
 PARAMETER   15  IS CONSTANT.   IGNORED.
 **********
 **   23 **FIX           16
 **********
 **********
 **   24 **MIGRAD
 **********
 START MIGRAD MINIMIZATION.  STRATEGY  1.  CONVERGENCE WHEN EDM .LT. 1.00e-04
 FCN=121.484 FROM MIGRAD    STATUS=INITIATE       18 CALLS          71 TOTAL
                     EDM= unknown      STRATEGY= 1      NO ERROR MATRIX       
  EXT PARAMETER               CURRENT GUESS       STEP         FIRST   
  NO.   NAME      VALUE            ERROR          SIZE      DERIVATIVE 
   1  N0           3.10079e+06   1.13678e+03   5.87346e+00  -1.71706e-09
   2  tau          6.44070e+01   constant   
   3  A0           3.49325e-01   4.47226e-04   2.35291e-06   1.13999e-03
   4  phi          4.11788e+00   1.38964e-03   7.50660e-06  -1.28448e-03
   5  R           -6.26001e+01   constant   
   6  alpha_CBO    0.00000e+00   1.00000e-03   1.00000e-03  -3.26900e+03
   7  w_CBO        2.32625e+00   constant   
   8  beta_CBO     0.00000e+00     fixed    
   9  alpha_2CBO   0.00000e+00     fixed    
  10  beta_2CBO    0.00000e+00   1.00000e-03   1.00000e-03   4.72699e+03
  11  alpha_y      0.00000e+00     fixed    
  12  w_y          1.44500e+01   constant   
  13  beta_y       0.00000e+00   1.00000e-03   1.00000e-03  -1.88510e+02
  14  alpha_vw     0.00000e+00     fixed    
  15  w_vw         1.29000e+01   constant   
  16  beta_vw      0.00000e+00     fixed    
  17  LM           3.04866e-05   constant   
  18  zeta_y       0.00000e+00   constant   
  19  zeta_vw      0.00000e+00   constant   
 MIGRAD MINIMIZATION HAS CONVERGED.
 MIGRAD WILL VERIFY CONVERGENCE AND ERROR MATRIX.
 COVARIANCE MATRIX CALCULATED SUCCESSFULLY
 FCN=119.364 FROM MIGRAD    STATUS=CONVERGED     112 CALLS         165 TOTAL
                     EDM=1.62237e-08    STRATEGY= 1      ERROR MATRIX ACCURATE 
  EXT PARAMETER                                   STEP         FIRST   
  NO.   NAME      VALUE            ERROR          SIZE      DERIVATIVE 
   1  N0           3.10077e+06   1.13700e+03   5.82237e+00   4.97910e-08
   2  tau          6.44070e+01   constant   
   3  A0           3.49274e-01   4.52819e-04   2.33255e-06   1.49861e-01
   4  phi          4.11805e+00   1.39485e-03   7.44246e-06  -5.66473e-02
   5  R           -6.26001e+01   constant   
   6  alpha_CBO    4.38827e-04   5.19191e-04   2.74076e-06   2.12747e-01
   7  w_CBO        2.32625e+00   constant   
   8  beta_CBO     0.00000e+00     fixed    
   9  alpha_2CBO   0.00000e+00     fixed    
  10  beta_2CBO   -5.92512e-04   5.01255e-04   2.68102e-06   1.04469e-01
  11  alpha_y      0.00000e+00     fixed    
  12  w_y          1.44500e+01   constant   
  13  beta_y       2.52699e-05   5.04319e-04   2.70159e-06  -1.39457e-01
  14  alpha_vw     0.00000e+00     fixed    
  15  w_vw         1.29000e+01   constant   
  16  beta_vw      0.00000e+00     fixed    
  17  LM           3.04866e-05   constant   
  18  zeta_y       0.00000e+00   constant   
  19  zeta_vw      0.00000e+00   constant   
 EXTERNAL ERROR MATRIX.    NDIM=  25    NPAR=  6    ERR DEF=1
  1.293e+06  1.174e-01 -3.728e-02 -1.191e-02  2.411e-03  8.257e-04 
  1.174e-01  2.050e-07  1.558e-09 -3.660e-08 -3.643e-09 -2.315e-10 
 -3.728e-02  1.558e-09  1.946e-06  4.756e-08 -3.695e-08 -1.263e-09 
 -1.191e-02 -3.660e-08  4.756e-08  2.696e-07  7.958e-10  9.573e-10 
  2.411e-03 -3.643e-09 -3.695e-08  7.958e-10  2.513e-07  1.072e-10 
  8.257e-04 -2.315e-10 -1.263e-09  9.573e-10  1.072e-10  2.543e-07 
 PARAMETER  CORRELATION COEFFICIENTS  
       NO.  GLOBAL      1      3      4      6     10     13
        1  0.22995   1.000  0.228 -0.024 -0.020  0.004  0.001
        3  0.27450   0.228  1.000  0.002 -0.156 -0.016 -0.001
        4  0.08899  -0.024  0.002  1.000  0.066 -0.053 -0.002
        6  0.17008  -0.020 -0.156  0.066  1.000  0.003  0.004
       10  0.05576   0.004 -0.016 -0.053  0.003  1.000  0.000
       13  0.00451   0.001 -0.001 -0.002  0.004  0.000  1.000
MINUIT - FIT ONLY 2-CBO
 **********
 **   25 **RES 
 **********
                   PARAMETER   16  beta_vw RESTORED TO VARIABLE.
                   PARAMETER   14  alpha_vw RESTORED TO VARIABLE.
                   PARAMETER   11  alpha_y RESTORED TO VARIABLE.
                   PARAMETER    9  alpha_2CBO RESTORED TO VARIABLE.
                   PARAMETER    8  beta_CBO RESTORED TO VARIABLE.
 **********
 **   26 **FIX            0
 **********
 PARAMETER    0  IS UNDEFINED. IGNORED.
 **********
 **   27 **FIX            1
 **********
 **********
 **   28 **FIX            2
 **********
 PARAMETER    2  IS CONSTANT.   IGNORED.
 **********
 **   29 **FIX            3
 **********
 **********
 **   30 **FIX            4
 **********
 **********
 **   31 **FIX            5
 **********
 PARAMETER    5  IS CONSTANT.   IGNORED.
 **********
 **   32 **FIX            6
 **********
 **********
 **   33 **FIX            7
 **********
 PARAMETER    7  IS CONSTANT.   IGNORED.
 **********
 **   34 **FIX           10
 **********
 **********
 **   35 **FIX           11
 **********
 **********
 **   36 **FIX           12
 **********
 PARAMETER   12  IS CONSTANT.   IGNORED.
 **********
 **   37 **FIX           13
 **********
 **********
 **   38 **FIX           14
 **********
 **********
 **   39 **FIX           15
 **********
 PARAMETER   15  IS CONSTANT.   IGNORED.
 **********
 **   40 **FIX           16
 **********
 **********
 **   41 **MIGRAD
 **********
 START MIGRAD MINIMIZATION.  STRATEGY  1.  CONVERGENCE WHEN EDM .LT. 1.00e-04
 FCN=119.364 FROM MIGRAD    STATUS=INITIATE        8 CALLS         173 TOTAL
                     EDM= unknown      STRATEGY= 1      NO ERROR MATRIX       
  EXT PARAMETER               CURRENT GUESS       STEP         FIRST   
  NO.   NAME      VALUE            ERROR          SIZE      DERIVATIVE 
   1  N0           3.10077e+06     fixed    
   2  tau          6.44070e+01   constant   
   3  A0           3.49274e-01     fixed    
   4  phi          4.11805e+00     fixed    
   5  R           -6.26001e+01   constant   
   6  alpha_CBO    4.38827e-04     fixed    
   7  w_CBO        2.32625e+00   constant   
   8  beta_CBO     0.00000e+00   1.00000e-03   1.00000e-03  -2.43400e+04
   9  alpha_2CBO   0.00000e+00   1.00000e-03   1.00000e-03  -6.95586e+03
  10  beta_2CBO   -5.92512e-04     fixed    
  11  alpha_y      0.00000e+00     fixed    
  12  w_y          1.44500e+01   constant   
  13  beta_y       2.52699e-05     fixed    
  14  alpha_vw     0.00000e+00     fixed    
  15  w_vw         1.29000e+01   constant   
  16  beta_vw      0.00000e+00     fixed    
  17  LM           3.04866e-05   constant   
  18  zeta_y       0.00000e+00   constant   
  19  zeta_vw      0.00000e+00   constant   
 MIGRAD MINIMIZATION HAS CONVERGED.
 MIGRAD WILL VERIFY CONVERGENCE AND ERROR MATRIX.
 COVARIANCE MATRIX CALCULATED SUCCESSFULLY
 FCN=79.1372 FROM MIGRAD    STATUS=CONVERGED      28 CALLS         193 TOTAL
                     EDM=1.14672e-06    STRATEGY= 1      ERROR MATRIX ACCURATE 
  EXT PARAMETER                                   STEP         FIRST   
  NO.   NAME      VALUE            ERROR          SIZE      DERIVATIVE 
   1  N0           3.10077e+06     fixed    
   2  tau          6.44070e+01   constant   
   3  A0           3.49274e-01     fixed    
   4  phi          4.11805e+00     fixed    
   5  R           -6.26001e+01   constant   
   6  alpha_CBO    4.38827e-04     fixed    
   7  w_CBO        2.32625e+00   constant   
   8  beta_CBO     3.03329e-03   4.98059e-04   2.17675e-06  -8.56279e-01
   9  alpha_2CBO   9.52198e-04   5.09043e-04   2.22476e-06   2.86839e+00
  10  beta_2CBO   -5.92512e-04     fixed    
  11  alpha_y      0.00000e+00     fixed    
  12  w_y          1.44500e+01   constant   
  13  beta_y       2.52699e-05     fixed    
  14  alpha_vw     0.00000e+00     fixed    
  15  w_vw         1.29000e+01   constant   
  16  beta_vw      0.00000e+00     fixed    
  17  LM           3.04866e-05   constant   
  18  zeta_y       0.00000e+00   constant   
  19  zeta_vw      0.00000e+00   constant   
 EXTERNAL ERROR MATRIX.    NDIM=  25    NPAR=  2    ERR DEF=1
  2.481e-07  4.159e-09 
  4.159e-09  2.591e-07 
 PARAMETER  CORRELATION COEFFICIENTS  
       NO.  GLOBAL      8      9
        8  0.01640   1.000  0.016
        9  0.01640   0.016  1.000
MINUIT - FIT wiggle + 1-CBO + 2-CBO
 **********
 **   42 **RES 
 **********
                   PARAMETER   16  beta_vw RESTORED TO VARIABLE.
                   PARAMETER   14  alpha_vw RESTORED TO VARIABLE.
                   PARAMETER   13  beta_y RESTORED TO VARIABLE.
                   PARAMETER   11  alpha_y RESTORED TO VARIABLE.
                   PARAMETER   10  beta_2CBO RESTORED TO VARIABLE.
                   PARAMETER    6  alpha_CBO RESTORED TO VARIABLE.
                   PARAMETER    4  phi RESTORED TO VARIABLE.
                   PARAMETER    3  A0 RESTORED TO VARIABLE.
                   PARAMETER    1  N0 RESTORED TO VARIABLE.
 **********
 **   43 **FIX           10
 **********
 **********
 **   44 **FIX           11
 **********
 **********
 **   45 **FIX           12
 **********
 PARAMETER   12  IS CONSTANT.   IGNORED.
 **********
 **   46 **FIX           13
 **********
 **********
 **   47 **FIX           14
 **********
 **********
 **   48 **FIX           15
 **********
 PARAMETER   15  IS CONSTANT.   IGNORED.
 **********
 **   49 **FIX           16
 **********
 **********
 **   50 **MIGRAD
 **********
 START MIGRAD MINIMIZATION.  STRATEGY  1.  CONVERGENCE WHEN EDM .LT. 1.00e-04
 FCN=79.1372 FROM MIGRAD    STATUS=INITIATE       12 CALLS         205 TOTAL
                     EDM= unknown      STRATEGY= 1      NO ERROR MATRIX       
  EXT PARAMETER               CURRENT GUESS       STEP         FIRST   
  NO.   NAME      VALUE            ERROR          SIZE      DERIVATIVE 
   1  N0           3.10077e+06   1.13700e+03   1.13700e+03  -3.41690e-05
   2  tau          6.44070e+01   constant   
   3  A0           3.49274e-01   4.52819e-04   4.52819e-04   1.77673e+03
   4  phi          4.11805e+00   1.39485e-03   1.39485e-03   2.02457e+03
   5  R           -6.26001e+01   constant   
   6  alpha_CBO    4.38827e-04   5.19191e-04   5.19191e-04  -3.75640e+02
   7  w_CBO        2.32625e+00   constant   
   8  beta_CBO     3.03329e-03   4.98059e-04   2.17675e-06  -8.56279e-01
   9  alpha_2CBO   9.52198e-04   5.09043e-04   2.22476e-06   2.86838e+00
  10  beta_2CBO   -5.92512e-04     fixed    
  11  alpha_y      0.00000e+00     fixed    
  12  w_y          1.44500e+01   constant   
  13  beta_y       2.52699e-05     fixed    
  14  alpha_vw     0.00000e+00     fixed    
  15  w_vw         1.29000e+01   constant   
  16  beta_vw      0.00000e+00     fixed    
  17  LM           3.04866e-05   constant   
  18  zeta_y       0.00000e+00   constant   
  19  zeta_vw      0.00000e+00   constant   
 MIGRAD MINIMIZATION HAS CONVERGED.
 MIGRAD WILL VERIFY CONVERGENCE AND ERROR MATRIX.
 COVARIANCE MATRIX CALCULATED SUCCESSFULLY
 FCN=76.8435 FROM MIGRAD    STATUS=CONVERGED     106 CALLS         299 TOTAL
                     EDM=7.37364e-07    STRATEGY= 1      ERROR MATRIX ACCURATE 
  EXT PARAMETER                                   STEP         FIRST   
  NO.   NAME      VALUE            ERROR          SIZE      DERIVATIVE 
   1  N0           3.10071e+06   1.13769e+03   4.68225e+00   1.18030e-07
   2  tau          6.44070e+01   constant   
   3  A0           3.49076e-01   4.53764e-04   1.87574e-06  -6.30098e-02
   4  phi          4.11596e+00   1.43629e-03   5.99017e-06   1.73163e-02
   5  R           -6.26001e+01   constant   
   6  alpha_CBO    4.72448e-04   5.19661e-04   2.20409e-06  -2.30586e+00
   7  w_CBO        2.32625e+00   constant   
   8  beta_CBO     3.22471e-03   5.13930e-04   2.14538e-06  -1.15920e-01
   9  alpha_2CBO   9.41362e-04   5.10080e-04   2.19268e-06   4.17619e-01
  10  beta_2CBO   -5.92512e-04     fixed    
  11  alpha_y      0.00000e+00     fixed    
  12  w_y          1.44500e+01   constant   
  13  beta_y       2.52699e-05     fixed    
  14  alpha_vw     0.00000e+00     fixed    
  15  w_vw         1.29000e+01   constant   
  16  beta_vw      0.00000e+00     fixed    
  17  LM           3.04866e-05   constant   
  18  zeta_y       0.00000e+00   constant   
  19  zeta_vw      0.00000e+00   constant   
 EXTERNAL ERROR MATRIX.    NDIM=  25    NPAR=  6    ERR DEF=1
  1.294e+06  1.175e-01 -2.839e-02 -1.116e-02 -1.088e-02  1.802e-02 
  1.175e-01  2.059e-07  1.013e-08 -3.690e-08 -1.446e-08 -5.880e-09 
 -2.839e-02  1.013e-08  2.063e-06  4.846e-08 -1.767e-07  1.787e-08 
 -1.116e-02 -3.690e-08  4.846e-08  2.700e-07 -4.344e-10  1.128e-08 
 -1.088e-02 -1.446e-08 -1.767e-07 -4.344e-10  2.641e-07  2.925e-09 
  1.802e-02 -5.880e-09  1.787e-08  1.128e-08  2.925e-09  2.602e-07 
 PARAMETER  CORRELATION COEFFICIENTS  
       NO.  GLOBAL      1      3      4      6      8      9
        1  0.23252   1.000  0.228 -0.017 -0.019 -0.019  0.031
        3  0.28158   0.228  1.000  0.016 -0.156 -0.062 -0.025
        4  0.25059  -0.017  0.016  1.000  0.065 -0.239  0.024
        6  0.17524  -0.019 -0.156  0.065  1.000 -0.002  0.043
        8  0.24711  -0.019 -0.062 -0.239 -0.002  1.000  0.011
        9  0.06590   0.031 -0.025  0.024  0.043  0.011  1.000
MINUIT - FIT ONLY 1-y
 **********
 **   51 **RES 
 **********
                   PARAMETER   16  beta_vw RESTORED TO VARIABLE.
                   PARAMETER   14  alpha_vw RESTORED TO VARIABLE.
                   PARAMETER   13  beta_y RESTORED TO VARIABLE.
                   PARAMETER   11  alpha_y RESTORED TO VARIABLE.
                   PARAMETER   10  beta_2CBO RESTORED TO VARIABLE.
 **********
 **   52 **FIX            0
 **********
 PARAMETER    0  IS UNDEFINED. IGNORED.
 **********
 **   53 **FIX            1
 **********
 **********
 **   54 **FIX            2
 **********
 PARAMETER    2  IS CONSTANT.   IGNORED.
 **********
 **   55 **FIX            3
 **********
 **********
 **   56 **FIX            4
 **********
 **********
 **   57 **FIX            5
 **********
 PARAMETER    5  IS CONSTANT.   IGNORED.
 **********
 **   58 **FIX            6
 **********
 **********
 **   59 **FIX            7
 **********
 PARAMETER    7  IS CONSTANT.   IGNORED.
 **********
 **   60 **FIX            8
 **********
 **********
 **   61 **FIX            9
 **********
 **********
 **   62 **FIX           13
 **********
 **********
 **   63 **FIX           14
 **********
 **********
 **   64 **FIX           15
 **********
 PARAMETER   15  IS CONSTANT.   IGNORED.
 **********
 **   65 **FIX           16
 **********
 **********
 **   66 **MIGRAD
 **********
 START MIGRAD MINIMIZATION.  STRATEGY  1.  CONVERGENCE WHEN EDM .LT. 1.00e-04
 FCN=76.8435 FROM MIGRAD    STATUS=INITIATE        6 CALLS         305 TOTAL
                     EDM= unknown      STRATEGY= 1      NO ERROR MATRIX       
  EXT PARAMETER               CURRENT GUESS       STEP         FIRST   
  NO.   NAME      VALUE            ERROR          SIZE      DERIVATIVE 
   1  N0           3.10071e+06     fixed    
   2  tau          6.44070e+01   constant   
   3  A0           3.49076e-01     fixed    
   4  phi          4.11596e+00     fixed    
   5  R           -6.26001e+01   constant   
   6  alpha_CBO    4.72448e-04     fixed    
   7  w_CBO        2.32625e+00   constant   
   8  beta_CBO     3.22471e-03     fixed    
   9  alpha_2CBO   9.41362e-04     fixed    
  10  beta_2CBO   -5.92512e-04   5.01255e-04   5.01255e-04  -1.61136e+02
  11  alpha_y      0.00000e+00   1.00000e-03   1.00000e-03  -4.31421e+03
  12  w_y          1.44500e+01   constant   
  13  beta_y       2.52699e-05     fixed    
  14  alpha_vw     0.00000e+00     fixed    
  15  w_vw         1.29000e+01   constant   
  16  beta_vw      0.00000e+00     fixed    
  17  LM           3.04866e-05   constant   
  18  zeta_y       0.00000e+00   constant   
  19  zeta_vw      0.00000e+00   constant   
 MIGRAD MINIMIZATION HAS CONVERGED.
 MIGRAD WILL VERIFY CONVERGENCE AND ERROR MATRIX.
 COVARIANCE MATRIX CALCULATED SUCCESSFULLY
 FCN=75.6566 FROM MIGRAD    STATUS=CONVERGED      26 CALLS         325 TOTAL
                     EDM=1.63222e-08    STRATEGY= 1      ERROR MATRIX ACCURATE 
  EXT PARAMETER                                   STEP         FIRST   
  NO.   NAME      VALUE            ERROR          SIZE      DERIVATIVE 
   1  N0           3.10071e+06     fixed    
   2  tau          6.44070e+01   constant   
   3  A0           3.49076e-01     fixed    
   4  phi          4.11596e+00     fixed    
   5  R           -6.26001e+01   constant   
   6  alpha_CBO    4.72448e-04     fixed    
   7  w_CBO        2.32625e+00   constant   
   8  beta_CBO     3.22471e-03     fixed    
   9  alpha_2CBO   9.41362e-04     fixed    
  10  beta_2CBO   -5.86377e-04   5.00635e-04   2.13954e-06   3.60315e-01
  11  alpha_y      5.50015e-04   5.05197e-04   2.15904e-06  -1.30691e-02
  12  w_y          1.44500e+01   constant   
  13  beta_y       2.52699e-05     fixed    
  14  alpha_vw     0.00000e+00     fixed    
  15  w_vw         1.29000e+01   constant   
  16  beta_vw      0.00000e+00     fixed    
  17  LM           3.04866e-05   constant   
  18  zeta_y       0.00000e+00   constant   
  19  zeta_vw      0.00000e+00   constant   
 EXTERNAL ERROR MATRIX.    NDIM=  25    NPAR=  2    ERR DEF=1
  2.506e-07 -6.538e-09 
 -6.538e-09  2.552e-07 
 PARAMETER  CORRELATION COEFFICIENTS  
       NO.  GLOBAL     10     11
       10  0.02585   1.000 -0.026
       11  0.02585  -0.026  1.000
MINUIT - FIT ONLY 2-y
 **********
 **   67 **RES 
 **********
                   PARAMETER   16  beta_vw RESTORED TO VARIABLE.
                   PARAMETER   14  alpha_vw RESTORED TO VARIABLE.
                   PARAMETER   13  beta_y RESTORED TO VARIABLE.
                   PARAMETER    9  alpha_2CBO RESTORED TO VARIABLE.
                   PARAMETER    8  beta_CBO RESTORED TO VARIABLE.
                   PARAMETER    6  alpha_CBO RESTORED TO VARIABLE.
                   PARAMETER    4  phi RESTORED TO VARIABLE.
                   PARAMETER    3  A0 RESTORED TO VARIABLE.
                   PARAMETER    1  N0 RESTORED TO VARIABLE.
 **********
 **   68 **FIX            0
 **********
 PARAMETER    0  IS UNDEFINED. IGNORED.
 **********
 **   69 **FIX            1
 **********
 **********
 **   70 **FIX            2
 **********
 PARAMETER    2  IS CONSTANT.   IGNORED.
 **********
 **   71 **FIX            3
 **********
 **********
 **   72 **FIX            4
 **********
 **********
 **   73 **FIX            5
 **********
 PARAMETER    5  IS CONSTANT.   IGNORED.
 **********
 **   74 **FIX            6
 **********
 **********
 **   75 **FIX            7
 **********
 PARAMETER    7  IS CONSTANT.   IGNORED.
 **********
 **   76 **FIX            8
 **********
 **********
 **   77 **FIX            9
 **********
 **********
 **   78 **FIX           10
 **********
 **********
 **   79 **FIX           11
 **********
 **********
 **   80 **FIX           12
 **********
 PARAMETER   12  IS CONSTANT.   IGNORED.
 **********
 **   81 **FIX           16
 **********
 **********
 **   82 **MIGRAD
 **********
 START MIGRAD MINIMIZATION.  STRATEGY  1.  CONVERGENCE WHEN EDM .LT. 1.00e-04
 FCN=75.6566 FROM MIGRAD    STATUS=INITIATE        6 CALLS         331 TOTAL
                     EDM= unknown      STRATEGY= 1      NO ERROR MATRIX       
  EXT PARAMETER               CURRENT GUESS       STEP         FIRST   
  NO.   NAME      VALUE            ERROR          SIZE      DERIVATIVE 
   1  N0           3.10071e+06     fixed    
   2  tau          6.44070e+01   constant   
   3  A0           3.49076e-01     fixed    
   4  phi          4.11596e+00     fixed    
   5  R           -6.26001e+01   constant   
   6  alpha_CBO    4.72448e-04     fixed    
   7  w_CBO        2.32625e+00   constant   
   8  beta_CBO     3.22471e-03     fixed    
   9  alpha_2CBO   9.41362e-04     fixed    
  10  beta_2CBO   -5.86377e-04     fixed    
  11  alpha_y      5.50015e-04     fixed    
  12  w_y          1.44500e+01   constant   
  13  beta_y       2.52699e-05   5.04319e-04   5.04319e-04  -9.37165e+01
  14  alpha_vw     0.00000e+00   1.00000e-03   1.00000e-03   1.63706e+03
  15  w_vw         1.29000e+01   constant   
  16  beta_vw      0.00000e+00     fixed    
  17  LM           3.04866e-05   constant   
  18  zeta_y       0.00000e+00   constant   
  19  zeta_vw      0.00000e+00   constant   
 MIGRAD MINIMIZATION HAS CONVERGED.
 MIGRAD WILL VERIFY CONVERGENCE AND ERROR MATRIX.
 COVARIANCE MATRIX CALCULATED SUCCESSFULLY
 FCN=75.4848 FROM MIGRAD    STATUS=CONVERGED      26 CALLS         351 TOTAL
                     EDM=4.91419e-10    STRATEGY= 1      ERROR MATRIX ACCURATE 
  EXT PARAMETER                                   STEP         FIRST   
  NO.   NAME      VALUE            ERROR          SIZE      DERIVATIVE 
   1  N0           3.10071e+06     fixed    
   2  tau          6.44070e+01   constant   
   3  A0           3.49076e-01     fixed    
   4  phi          4.11596e+00     fixed    
   5  R           -6.26001e+01   constant   
   6  alpha_CBO    4.72448e-04     fixed    
   7  w_CBO        2.32625e+00   constant   
   8  beta_CBO     3.22471e-03     fixed    
   9  alpha_2CBO   9.41362e-04     fixed    
  10  beta_2CBO   -5.86377e-04     fixed    
  11  alpha_y      5.50015e-04     fixed    
  12  w_y          1.44500e+01   constant   
  13  beta_y       3.38204e-05   5.04381e-04   2.15357e-06   6.19981e-02
  14  alpha_vw    -2.09355e-04   5.05971e-04   2.16036e-06   3.52518e-03
  15  w_vw         1.29000e+01   constant   
  16  beta_vw      0.00000e+00     fixed    
  17  LM           3.04866e-05   constant   
  18  zeta_y       0.00000e+00   constant   
  19  zeta_vw      0.00000e+00   constant   
 EXTERNAL ERROR MATRIX.    NDIM=  25    NPAR=  2    ERR DEF=1
  2.544e-07  4.127e-09 
  4.127e-09  2.560e-07 
 PARAMETER  CORRELATION COEFFICIENTS  
       NO.  GLOBAL     13     14
       13  0.01617   1.000  0.016
       14  0.01617   0.016  1.000
MINUIT - FIT ALTOGETHER
 **********
 **   83 **RES 
 **********
                   PARAMETER   16  beta_vw RESTORED TO VARIABLE.
                   PARAMETER   11  alpha_y RESTORED TO VARIABLE.
                   PARAMETER   10  beta_2CBO RESTORED TO VARIABLE.
                   PARAMETER    9  alpha_2CBO RESTORED TO VARIABLE.
                   PARAMETER    8  beta_CBO RESTORED TO VARIABLE.
                   PARAMETER    6  alpha_CBO RESTORED TO VARIABLE.
                   PARAMETER    4  phi RESTORED TO VARIABLE.
                   PARAMETER    3  A0 RESTORED TO VARIABLE.
                   PARAMETER    1  N0 RESTORED TO VARIABLE.
 **********
 **   84 **MIGRAD
 **********
 START MIGRAD MINIMIZATION.  STRATEGY  1.  CONVERGENCE WHEN EDM .LT. 1.00e-04
 FCN=75.4848 FROM MIGRAD    STATUS=INITIATE       24 CALLS         375 TOTAL
                     EDM= unknown      STRATEGY= 1      NO ERROR MATRIX       
  EXT PARAMETER               CURRENT GUESS       STEP         FIRST   
  NO.   NAME      VALUE            ERROR          SIZE      DERIVATIVE 
   1  N0           3.10071e+06   1.13769e+03   1.13769e+03   7.31503e-06
   2  tau          6.44070e+01   constant   
   3  A0           3.49076e-01   4.53764e-04   4.53764e-04   1.55548e+01
   4  phi          4.11596e+00   1.43629e-03   1.43629e-03   5.66830e+01
   5  R           -6.26001e+01   constant   
   6  alpha_CBO    4.72448e-04   5.19661e-04   5.19661e-04   9.90730e+00
   7  w_CBO        2.32625e+00   constant   
   8  beta_CBO     3.22471e-03   5.13930e-04   5.13930e-04   7.49892e+01
   9  alpha_2CBO   9.41362e-04   5.10080e-04   5.10080e-04  -1.77935e+01
  10  beta_2CBO   -5.86377e-04   5.00635e-04   5.00635e-04   1.86994e+01
  11  alpha_y      5.50015e-04   5.05197e-04   5.05197e-04  -1.85048e+01
  12  w_y          1.44500e+01   constant   
  13  beta_y       3.38204e-05   5.04381e-04   2.15357e-06   6.19993e-02
  14  alpha_vw    -2.09355e-04   5.05971e-04   2.16036e-06   3.52718e-03
  15  w_vw         1.29000e+01   constant   
  16  beta_vw      0.00000e+00   1.00000e-03   1.00000e-03   3.01037e+02
  17  LM           3.04866e-05   constant   
  18  zeta_y       0.00000e+00   constant   
  19  zeta_vw      0.00000e+00   constant   
 MIGRAD MINIMIZATION HAS CONVERGED.
 MIGRAD WILL VERIFY CONVERGENCE AND ERROR MATRIX.
 COVARIANCE MATRIX CALCULATED SUCCESSFULLY
 FCN=75.4773 FROM MIGRAD    STATUS=CONVERGED     171 CALLS         522 TOTAL
                     EDM=6.67941e-06    STRATEGY= 1      ERROR MATRIX ACCURATE 
  EXT PARAMETER                                   STEP         FIRST   
  NO.   NAME      VALUE            ERROR          SIZE      DERIVATIVE 
   1  N0           3.10071e+06   1.13797e+03   4.64097e+00   7.10833e-08
   2  tau          6.44070e+01   constant   
   3  A0           3.49074e-01   4.53859e-04   1.85921e-06   5.65846e-01
   4  phi          4.11591e+00   1.43887e-03   5.93741e-06   1.77543e+00
   5  R           -6.26001e+01   constant   
   6  alpha_CBO    4.71228e-04   5.19969e-04   2.18466e-06  -2.18728e+00
   7  w_CBO        2.32625e+00   constant   
   8  beta_CBO     3.21964e-03   5.13953e-04   2.12647e-06  -2.07933e+00
   9  alpha_2CBO   9.43804e-04   5.10310e-04   2.17337e-06  -1.41919e+00
  10  beta_2CBO   -5.87445e-04   5.01487e-04   2.13704e-06  -3.34946e-01
  11  alpha_y      5.53999e-04   5.05657e-04   2.15652e-06  -2.69302e-01
  12  w_y          1.44500e+01   constant   
  13  beta_y       3.32582e-05   5.04480e-04   2.15347e-06   6.30628e-01
  14  alpha_vw    -2.09562e-04   5.06061e-04   2.16026e-06   5.03522e-03
  15  w_vw         1.29000e+01   constant   
  16  beta_vw     -3.86314e-05   5.04261e-04   2.14976e-06  -3.27312e+00
  17  LM           3.04866e-05   constant   
  18  zeta_y       0.00000e+00   constant   
  19  zeta_vw      0.00000e+00   constant   
 EXTERNAL ERROR MATRIX.    NDIM=  25    NPAR= 11    ERR DEF=1
  1.295e+06 
  1.174e-01  2.060e-07 
 -2.857e-02  1.074e-08  2.070e-06 
 -1.071e-02 -3.701e-08  4.838e-08  2.704e-07 
 -1.081e-02 -1.447e-08 -1.767e-07 -3.939e-10  2.641e-07 
  1.837e-02 -5.999e-09  1.736e-08  1.153e-08  2.951e-09  2.604e-07 
  2.744e-03 -3.829e-09 -3.669e-08  1.114e-09  8.456e-10  3.104e-09  2.515e-07 
 -1.128e-03 -6.937e-10 -2.170e-08 -5.116e-10 -1.730e-09  9.213e-10 -6.075e-09  2.557e-07 
  7.777e-04 -2.610e-10 -1.501e-09  9.186e-10  3.238e-10  1.889e-09  1.236e-10  3.779e-10  2.545e-07 
  2.463e-03 -5.721e-13  2.578e-09  1.457e-09  1.349e-09  3.941e-10  2.843e-09 -2.987e-09  4.129e-09  2.561e-07 
 -1.210e-02  2.530e-09 -1.386e-09 -8.763e-09 -7.060e-10 -6.648e-09 -2.424e-09 -5.988e-09  4.433e-09  1.090e-10  2.543e-07 
 PARAMETER  CORRELATION COEFFICIENTS  
       NO.  GLOBAL      1      3      4      6      8      9     10     11     13     14     16
        1  0.23352   1.000  0.227 -0.017 -0.018 -0.018  0.032  0.005 -0.002  0.001  0.004 -0.021
        3  0.28226   0.227  1.000  0.016 -0.157 -0.062 -0.026 -0.017 -0.003 -0.001 -0.000  0.011
        4  0.25718  -0.017  0.016  1.000  0.065 -0.239  0.024 -0.051 -0.030 -0.002  0.004 -0.002
        6  0.17848  -0.018 -0.157  0.065  1.000 -0.001  0.043  0.004 -0.002  0.004  0.006 -0.033
        8  0.24728  -0.018 -0.062 -0.239 -0.001  1.000  0.011  0.003 -0.007  0.001  0.005 -0.003
        9  0.07225   0.032 -0.026  0.024  0.043  0.011  1.000  0.012  0.004  0.007  0.002 -0.026
       10  0.06372   0.005 -0.017 -0.051  0.004  0.003  0.012  1.000 -0.024  0.000  0.011 -0.010
       11  0.04983  -0.002 -0.003 -0.030 -0.002 -0.007  0.004 -0.024  1.000  0.001 -0.012 -0.023
       13  0.02554   0.001 -0.001 -0.002  0.004  0.001  0.007  0.000  0.001  1.000  0.016  0.017
       14  0.02483   0.004 -0.000  0.004  0.006  0.005  0.002  0.011 -0.012  0.016  1.000  0.000
       16  0.05679  -0.021  0.011 -0.002 -0.033 -0.003 -0.026 -0.010 -0.023  0.017  0.000  1.000
MINUIT - MINOS
 **********
 **   85 **RES 
 **********
 CALL TO MNFREE IGNORED.  THERE ARE NO FIXED PARAMETERS
 **********
 **   86 **MIG      2.5e+04        0.01
 **********
 START MIGRAD MINIMIZATION.  STRATEGY  1.  CONVERGENCE WHEN EDM .LT. 1.00e-05
 FCN=75.4773 FROM MIGRAD    STATUS=INITIATE       22 CALLS         544 TOTAL
                     EDM=3.33971e-06    STRATEGY= 1      ERROR MATRIX ACCURATE 
  EXT PARAMETER                                   STEP         FIRST   
  NO.   NAME      VALUE            ERROR          SIZE      DERIVATIVE 
   1  N0           3.10071e+06   1.13797e+03   4.64097e+00   7.10829e-08
   2  tau          6.44070e+01   constant   
   3  A0           3.49074e-01   4.53859e-04   1.85921e-06   5.65846e-01
   4  phi          4.11591e+00   1.43887e-03   5.93741e-06   1.77543e+00
   5  R           -6.26001e+01   constant   
   6  alpha_CBO    4.71228e-04   5.19969e-04   2.18466e-06  -2.18728e+00
   7  w_CBO        2.32625e+00   constant   
   8  beta_CBO     3.21964e-03   5.13953e-04   2.12647e-06  -2.07933e+00
   9  alpha_2CBO   9.43804e-04   5.10310e-04   2.17337e-06  -1.41919e+00
  10  beta_2CBO   -5.87445e-04   5.01487e-04   2.13704e-06  -3.34945e-01
  11  alpha_y      5.53999e-04   5.05657e-04   2.15652e-06  -2.69302e-01
  12  w_y          1.44500e+01   constant   
  13  beta_y       3.32582e-05   5.04480e-04   2.15347e-06   6.30628e-01
  14  alpha_vw    -2.09562e-04   5.06061e-04   2.16026e-06   5.03676e-03
  15  w_vw         1.29000e+01   constant   
  16  beta_vw     -3.86314e-05   5.04261e-04   2.14976e-06  -3.27312e+00
  17  LM           3.04866e-05   constant   
  18  zeta_y       0.00000e+00   constant   
  19  zeta_vw      0.00000e+00   constant   
 MIGRAD MINIMIZATION HAS CONVERGED.
 FCN=75.4773 FROM MIGRAD    STATUS=CONVERGED      45 CALLS         567 TOTAL
                     EDM=3.34784e-17    STRATEGY= 1  ERROR MATRIX UNCERTAINTY   0.0 per cent
  EXT PARAMETER                                   STEP         FIRST   
  NO.   NAME      VALUE            ERROR          SIZE      DERIVATIVE 
   1  N0           3.10071e+06   1.13797e+03  -8.35391e-02   1.93215e-12
   2  tau          6.44070e+01   constant   
   3  A0           3.49074e-01   4.53859e-04  -1.28269e-07   1.94488e-05
   4  phi          4.11591e+00   1.43887e-03  -1.96919e-06   3.13541e-06
   5  R           -6.26001e+01   constant   
   6  alpha_CBO    4.71485e-04   5.19969e-04   2.56840e-07  -5.53236e-06
   7  w_CBO        2.32625e+00   constant   
   8  beta_CBO     3.22007e-03   5.13954e-04   4.36233e-07  -9.02185e-07
   9  alpha_2CBO   9.43979e-04   5.10310e-04   1.75270e-07  -1.46792e-06
  10  beta_2CBO   -5.87370e-04   5.01487e-04   7.51397e-08  -1.54275e-06
  11  alpha_y      5.54040e-04   5.05657e-04   4.12943e-08  -2.47115e-06
  12  w_y          1.44500e+01   constant   
  13  beta_y       3.31893e-05   5.04480e-04  -6.88708e-08   1.81474e-07
  14  alpha_vw    -2.09563e-04   5.06061e-04  -7.94167e-10  -4.93374e-07
  15  w_vw         1.29000e+01   constant   
  16  beta_vw     -3.82319e-05   5.04261e-04   3.99443e-07   1.02462e-06
  17  LM           3.04866e-05   constant   
  18  zeta_y       0.00000e+00   constant   
  19  zeta_vw      0.00000e+00   constant   
 EXTERNAL ERROR MATRIX.    NDIM=  25    NPAR= 11    ERR DEF=1
  1.295e+06 
  1.174e-01  2.060e-07 
 -2.857e-02  1.074e-08  2.070e-06 
 -1.071e-02 -3.701e-08  4.838e-08  2.704e-07 
 -1.082e-02 -1.447e-08 -1.767e-07 -3.938e-10  2.641e-07 
  1.837e-02 -5.999e-09  1.736e-08  1.153e-08  2.951e-09  2.604e-07 
  2.744e-03 -3.830e-09 -3.669e-08  1.114e-09  8.456e-10  3.104e-09  2.515e-07 
 -1.128e-03 -6.938e-10 -2.170e-08 -5.115e-10 -1.730e-09  9.213e-10 -6.075e-09  2.557e-07 
  7.777e-04 -2.609e-10 -1.501e-09  9.186e-10  3.238e-10  1.889e-09  1.236e-10  3.779e-10  2.545e-07 
  2.463e-03 -5.739e-13  2.578e-09  1.457e-09  1.349e-09  3.941e-10  2.843e-09 -2.987e-09  4.129e-09  2.561e-07 
 -1.210e-02  2.530e-09 -1.386e-09 -8.763e-09 -7.060e-10 -6.648e-09 -2.424e-09 -5.988e-09  4.433e-09  1.090e-10  2.543e-07 
 PARAMETER  CORRELATION COEFFICIENTS  
       NO.  GLOBAL      1      3      4      6      8      9     10     11     13     14     16
        1  0.23352   1.000  0.227 -0.017 -0.018 -0.018  0.032  0.005 -0.002  0.001  0.004 -0.021
        3  0.28226   0.227  1.000  0.016 -0.157 -0.062 -0.026 -0.017 -0.003 -0.001 -0.000  0.011
        4  0.25718  -0.017  0.016  1.000  0.065 -0.239  0.024 -0.051 -0.030 -0.002  0.004 -0.002
        6  0.17848  -0.018 -0.157  0.065  1.000 -0.001  0.043  0.004 -0.002  0.004  0.006 -0.033
        8  0.24728  -0.018 -0.062 -0.239 -0.001  1.000  0.011  0.003 -0.007  0.001  0.005 -0.003
        9  0.07225   0.032 -0.026  0.024  0.043  0.011  1.000  0.012  0.004  0.007  0.002 -0.026
       10  0.06372   0.005 -0.017 -0.051  0.004  0.003  0.012  1.000 -0.024  0.000  0.011 -0.010
       11  0.04983  -0.002 -0.003 -0.030 -0.002 -0.007  0.004 -0.024  1.000  0.001 -0.012 -0.023
       13  0.02554   0.001 -0.001 -0.002  0.004  0.001  0.007  0.000  0.001  1.000  0.016  0.017
       14  0.02483   0.004 -0.000  0.004  0.006  0.005  0.002  0.011 -0.012  0.016  1.000  0.000
       16  0.05679  -0.021  0.011 -0.002 -0.033 -0.003 -0.026 -0.010 -0.023  0.017  0.000  1.000
 **********
 **   87 **MINO      2.5e+04
 **********
 FCN=75.4773 FROM MINOS     STATUS=SUCCESSFUL    924 CALLS        1491 TOTAL
                     EDM=3.34784e-17    STRATEGY= 1  ERROR MATRIX UNCERTAINTY   0.0 per cent
  EXT PARAMETER                  PARABOLIC         MINOS ERRORS        
  NO.   NAME      VALUE            ERROR      NEGATIVE      POSITIVE   
   1  N0           3.10071e+06   1.13797e+03  -1.13797e+03   1.13797e+03
   2  tau          6.44070e+01   constant   
   3  A0           3.49074e-01   4.53859e-04  -4.53896e-04   4.53822e-04
   4  phi          4.11591e+00   1.43887e-03  -1.43889e-03   1.43884e-03
   5  R           -6.26001e+01   constant   
   6  alpha_CBO    4.71485e-04   5.19969e-04  -5.19972e-04   5.19967e-04
   7  w_CBO        2.32625e+00   constant   
   8  beta_CBO     3.22007e-03   5.13954e-04  -5.13951e-04   5.13956e-04
   9  alpha_2CBO   9.43979e-04   5.10310e-04  -5.10317e-04   5.10303e-04
  10  beta_2CBO   -5.87370e-04   5.01487e-04  -5.01488e-04   5.01485e-04
  11  alpha_y      5.54040e-04   5.05657e-04  -5.05657e-04   5.05657e-04
  12  w_y          1.44500e+01   constant   
  13  beta_y       3.31893e-05   5.04480e-04  -5.04480e-04   5.04480e-04
  14  alpha_vw    -2.09563e-04   5.06061e-04  -5.06062e-04   5.06060e-04
  15  w_vw         1.29000e+01   constant   
  16  beta_vw     -3.82319e-05   5.04261e-04  -5.04257e-04   5.04265e-04
  17  LM           3.04866e-05   constant   
  18  zeta_y       0.00000e+00   constant   
  19  zeta_vw      0.00000e+00   constant   
 **********
 **   88 **SHO COR 
 **********
 PARAMETER  CORRELATION COEFFICIENTS  
       NO.  GLOBAL      1      3      4      6      8      9     10     11     13     14     16
        1  0.23352   1.000  0.227 -0.017 -0.018 -0.018  0.032  0.005 -0.002  0.001  0.004 -0.021
        3  0.28226   0.227  1.000  0.016 -0.157 -0.062 -0.026 -0.017 -0.003 -0.001 -0.000  0.011
        4  0.25718  -0.017  0.016  1.000  0.065 -0.239  0.024 -0.051 -0.030 -0.002  0.004 -0.002
        6  0.17848  -0.018 -0.157  0.065  1.000 -0.001  0.043  0.004 -0.002  0.004  0.006 -0.033
        8  0.24728  -0.018 -0.062 -0.239 -0.001  1.000  0.011  0.003 -0.007  0.001  0.005 -0.003
        9  0.07225   0.032 -0.026  0.024  0.043  0.011  1.000  0.012  0.004  0.007  0.002 -0.026
       10  0.06372   0.005 -0.017 -0.051  0.004  0.003  0.012  1.000 -0.024  0.000  0.011 -0.010
       11  0.04983  -0.002 -0.003 -0.030 -0.002 -0.007  0.004 -0.024  1.000  0.001 -0.012 -0.023
       13  0.02554   0.001 -0.001 -0.002  0.004  0.001  0.007  0.000  0.001  1.000  0.016  0.017
       14  0.02483   0.004 -0.000  0.004  0.006  0.005  0.002  0.011 -0.012  0.016  1.000  0.000
       16  0.05679  -0.021  0.011 -0.002 -0.033 -0.003 -0.026 -0.010 -0.023  0.017  0.000  1.000
