 + ++++++++++++++++++++++++++++++++++++++++++++++++++++++++++++++++++++ +
 +                                                                      +
 +           You have chose to blind your fitting according to          +
 +                omega_ref * (1 + (R +/- deltaR) *10^{-6})             +
 +                                                                      +
 + ++++++++++++++++++++++++++++++++++++++++++++++++++++++++++++++++++++ +
In main()...
reading format from /gm2data/zkhechad/run45/envelope/formats/formatB_sBin_constraintOn.txt
pBinTau 	= 0  
pBinPhi 	= 0  
constraintau 	= 1 
includeMopTerm 	= 0    
constrainMop    = 0   
Parameters after format file: pBinTau 0 pBinPhi 0 constraintau 1 includeMopTerm 0 constrainMop 0 c_e_scale 0.000000 
Opening file /gm2data/tbarrett/gm2fr/studies/run23_bunch_corrections/CorrectedFourier_Run3b.root.
reading full fit data from /gm2data/zkhechad/cboTemplates/Run4CBOTemplates/templateFits2/noRF/sBin_constraintOn_cE0.0_seed0_noRF_calo14.root
windowBins = 70
fitting sliding window 280 from bin 483 at 72.063600 to bin 553 at 82.507600 (70 bins)

Reading data from /gm2data/cornell/histograms/aMethod/histogram_a_noRF.root
 **********
 **    1 **SET PRINTOUT            1
 **********
 **********
 **    2 **SET NOWARNINGS 
 **********
 PARAMETER DEFINITIONS:
    NO.   NAME         VALUE      STEP SIZE      LIMITS
     1 N0           3.41744e+06  1.00000e+02     no limits
     2 tau          6.44105e+01  constant
     3 A0           3.61924e-01  1.00000e-04     no limits
     4 phi          4.12095e+00  1.00000e-02     no limits
     5 R           -6.20256e+01  constant
     6 alpha_CBO    0.00000e+00  1.00000e-03     no limits
     7 w_CBO        2.34560e+00  constant
     8 beta_CBO     0.00000e+00  1.00000e-03     no limits
     9 alpha_2CBO   0.00000e+00  1.00000e-03     no limits
    10 beta_2CBO    0.00000e+00  1.00000e-03     no limits
    11 alpha_y      0.00000e+00  1.00000e-03     no limits
    12 w_y          1.44500e+01  constant
    13 beta_y       0.00000e+00  1.00000e-03     no limits
    14 alpha_vw     0.00000e+00  1.00000e-03     no limits
    15 w_vw         1.29000e+01  constant
    16 beta_vw      0.00000e+00  1.00000e-03     no limits
    17 LM           1.67167e-04  constant
    18 zeta_y       0.00000e+00  constant
    19 zeta_vw      0.00000e+00  constant
MINUIT - FIT ONLY WIGGLE
 **********
 **    3 **FIX            5
 **********
 PARAMETER    5  IS CONSTANT.   IGNORED.
 **********
 **    4 **FIX            6
 **********
 **********
 **    5 **FIX            7
 **********
 PARAMETER    7  IS CONSTANT.   IGNORED.
 **********
 **    6 **FIX            8
 **********
 **********
 **    7 **FIX            9
 **********
 **********
 **    8 **FIX           10
 **********
 **********
 **    9 **FIX           11
 **********
 **********
 **   10 **FIX           12
 **********
 PARAMETER   12  IS CONSTANT.   IGNORED.
 **********
 **   11 **FIX           13
 **********
 **********
 **   12 **FIX           14
 **********
 **********
 **   13 **FIX           15
 **********
 PARAMETER   15  IS CONSTANT.   IGNORED.
 **********
 **   14 **FIX           16
 **********
 **********
 **   15 **MIGRAD
 **********
 FIRST CALL TO USER FUNCTION AT NEW START POINT, WITH IFLAG=4.
 START MIGRAD MINIMIZATION.  STRATEGY  1.  CONVERGENCE WHEN EDM .LT. 1.00e-04
 FCN=2855.5 FROM MIGRAD    STATUS=INITIATE       10 CALLS          11 TOTAL
                     EDM= unknown      STRATEGY= 1      NO ERROR MATRIX       
  EXT PARAMETER               CURRENT GUESS       STEP         FIRST   
  NO.   NAME      VALUE            ERROR          SIZE      DERIVATIVE 
   1  N0           3.41744e+06   1.00000e+02   1.00000e+02  -4.48676e-02
   2  tau          6.44105e+01   constant   
   3  A0           3.61924e-01   1.00000e-04   1.00000e-04  -1.32497e+05
   4  phi          4.12095e+00   1.00000e-02   1.00000e-02   5.70585e+04
   5  R           -6.20256e+01   constant   
   6  alpha_CBO    0.00000e+00     fixed    
   7  w_CBO        2.34560e+00   constant   
   8  beta_CBO     0.00000e+00     fixed    
   9  alpha_2CBO   0.00000e+00     fixed    
  10  beta_2CBO    0.00000e+00     fixed    
  11  alpha_y      0.00000e+00     fixed    
  12  w_y          1.44500e+01   constant   
  13  beta_y       0.00000e+00     fixed    
  14  alpha_vw     0.00000e+00     fixed    
  15  w_vw         1.29000e+01   constant   
  16  beta_vw      0.00000e+00     fixed    
  17  LM           1.67167e-04   constant   
  18  zeta_y       0.00000e+00   constant   
  19  zeta_vw      0.00000e+00   constant   
 MIGRAD MINIMIZATION HAS CONVERGED.
 MIGRAD WILL VERIFY CONVERGENCE AND ERROR MATRIX.
 COVARIANCE MATRIX CALCULATED SUCCESSFULLY
 FCN=2717.22 FROM MIGRAD    STATUS=CONVERGED      47 CALLS          48 TOTAL
                     EDM=1.22578e-06    STRATEGY= 1      ERROR MATRIX ACCURATE 
  EXT PARAMETER                                   STEP         FIRST   
  NO.   NAME      VALUE            ERROR          SIZE      DERIVATIVE 
   1  N0           3.41872e+06   2.49434e+02   6.31322e+00  -4.17405e-06
   2  tau          6.44105e+01   constant   
   3  A0           3.62515e-01   9.84847e-05   2.49543e-06   6.95343e+00
   4  phi          4.11849e+00   2.91709e-04   7.42472e-06   2.92265e+00
   5  R           -6.20256e+01   constant   
   6  alpha_CBO    0.00000e+00     fixed    
   7  w_CBO        2.34560e+00   constant   
   8  beta_CBO     0.00000e+00     fixed    
   9  alpha_2CBO   0.00000e+00     fixed    
  10  beta_2CBO    0.00000e+00     fixed    
  11  alpha_y      0.00000e+00     fixed    
  12  w_y          1.44500e+01   constant   
  13  beta_y       0.00000e+00     fixed    
  14  alpha_vw     0.00000e+00     fixed    
  15  w_vw         1.29000e+01   constant   
  16  beta_vw      0.00000e+00     fixed    
  17  LM           1.67167e-04   constant   
  18  zeta_y       0.00000e+00   constant   
  19  zeta_vw      0.00000e+00   constant   
 EXTERNAL ERROR MATRIX.    NDIM=  25    NPAR=  3    ERR DEF=1
  6.222e+04 -2.373e-03 -1.415e-03 
 -2.373e-03  9.699e-09 -1.201e-11 
 -1.415e-03 -1.201e-11  8.509e-08 
 PARAMETER  CORRELATION COEFFICIENTS  
       NO.  GLOBAL      1      3      4
        1  0.09853   1.000 -0.097 -0.019
        3  0.09661  -0.097  1.000 -0.000
        4  0.01958  -0.019 -0.000  1.000
MINUIT - FIT ONLY 1-CBO + wiggle
 **********
 **   16 **RES 
 **********
                   PARAMETER   16  beta_vw RESTORED TO VARIABLE.
                   PARAMETER   14  alpha_vw RESTORED TO VARIABLE.
                   PARAMETER   13  beta_y RESTORED TO VARIABLE.
                   PARAMETER   11  alpha_y RESTORED TO VARIABLE.
                   PARAMETER   10  beta_2CBO RESTORED TO VARIABLE.
                   PARAMETER    9  alpha_2CBO RESTORED TO VARIABLE.
                   PARAMETER    8  beta_CBO RESTORED TO VARIABLE.
                   PARAMETER    6  alpha_CBO RESTORED TO VARIABLE.
 **********
 **   17 **FIX            8
 **********
 **********
 **   18 **FIX            9
 **********
 **********
 **   19 **FIX           11
 **********
 **********
 **   20 **FIX           12
 **********
 PARAMETER   12  IS CONSTANT.   IGNORED.
 **********
 **   21 **FIX           14
 **********
 **********
 **   22 **FIX           15
 **********
 PARAMETER   15  IS CONSTANT.   IGNORED.
 **********
 **   23 **FIX           16
 **********
 **********
 **   24 **MIGRAD
 **********
 START MIGRAD MINIMIZATION.  STRATEGY  1.  CONVERGENCE WHEN EDM .LT. 1.00e-04
 FCN=2717.22 FROM MIGRAD    STATUS=INITIATE       18 CALLS          66 TOTAL
                     EDM= unknown      STRATEGY= 1      NO ERROR MATRIX       
  EXT PARAMETER               CURRENT GUESS       STEP         FIRST   
  NO.   NAME      VALUE            ERROR          SIZE      DERIVATIVE 
   1  N0           3.41872e+06   2.49434e+02   6.31322e+00  -4.17405e-06
   2  tau          6.44105e+01   constant   
   3  A0           3.62515e-01   9.84847e-05   2.49543e-06   6.95342e+00
   4  phi          4.11849e+00   2.91709e-04   7.42472e-06   2.92265e+00
   5  R           -6.20256e+01   constant   
   6  alpha_CBO    0.00000e+00   1.00000e-03   1.00000e-03  -5.03586e+05
   7  w_CBO        2.34560e+00   constant   
   8  beta_CBO     0.00000e+00     fixed    
   9  alpha_2CBO   0.00000e+00     fixed    
  10  beta_2CBO    0.00000e+00   1.00000e-03   1.00000e-03   1.44507e+04
  11  alpha_y      0.00000e+00     fixed    
  12  w_y          1.44500e+01   constant   
  13  beta_y       0.00000e+00   1.00000e-03   1.00000e-03   1.25840e+04
  14  alpha_vw     0.00000e+00     fixed    
  15  w_vw         1.29000e+01   constant   
  16  beta_vw      0.00000e+00     fixed    
  17  LM           1.67167e-04   constant   
  18  zeta_y       0.00000e+00   constant   
  19  zeta_vw      0.00000e+00   constant   
 MIGRAD MINIMIZATION HAS CONVERGED.
 MIGRAD WILL VERIFY CONVERGENCE AND ERROR MATRIX.
 COVARIANCE MATRIX CALCULATED SUCCESSFULLY
 FCN=2019.45 FROM MIGRAD    STATUS=CONVERGED     111 CALLS         159 TOTAL
                     EDM=3.83128e-06    STRATEGY= 1      ERROR MATRIX ACCURATE 
  EXT PARAMETER                                   STEP         FIRST   
  NO.   NAME      VALUE            ERROR          SIZE      DERIVATIVE 
   1  N0           3.41872e+06   2.49462e+02   5.44292e+00   9.94684e-06
   2  tau          6.44105e+01   constant   
   3  A0           3.62570e-01   9.85023e-05   2.15121e-06   1.91790e+00
   4  phi          4.12050e+00   3.01823e-04   6.40074e-06  -4.39880e-01
   5  R           -6.20256e+01   constant   
   6  alpha_CBO    2.76440e-03   1.04723e-04   2.22411e-06  -5.77985e-01
   7  w_CBO        2.34560e+00   constant   
   8  beta_CBO     0.00000e+00     fixed    
   9  alpha_2CBO   0.00000e+00     fixed    
  10  beta_2CBO   -1.89619e-04   1.02470e-04   2.24262e-06  -9.83192e+00
  11  alpha_y      0.00000e+00     fixed    
  12  w_y          1.44500e+01   constant   
  13  beta_y      -5.56744e-05   1.02850e-04   2.25649e-06  -6.71451e+00
  14  alpha_vw     0.00000e+00     fixed    
  15  w_vw         1.29000e+01   constant   
  16  beta_vw      0.00000e+00     fixed    
  17  LM           1.67167e-04   constant   
  18  zeta_y       0.00000e+00   constant   
  19  zeta_vw      0.00000e+00   constant   
 EXTERNAL ERROR MATRIX.    NDIM=  25    NPAR=  6    ERR DEF=1
  6.223e+04 -2.369e-03 -1.343e-03 -6.214e-05 -4.041e-04  4.384e-05 
 -2.369e-03  9.703e-09  1.536e-10  2.183e-10 -1.120e-10  3.593e-11 
 -1.343e-03  1.536e-10  9.110e-08  7.902e-09 -2.030e-09 -6.559e-10 
 -6.214e-05  2.183e-10  7.902e-09  1.097e-08 -4.547e-10  3.919e-11 
 -4.041e-04 -1.120e-10 -2.030e-09 -4.547e-10  1.050e-08 -1.440e-10 
  4.384e-05  3.593e-11 -6.559e-10  3.919e-11 -1.440e-10  1.058e-08 
 PARAMETER  CORRELATION COEFFICIENTS  
       NO.  GLOBAL      1      3      4      6     10     13
        1  0.09968   1.000 -0.096 -0.018 -0.002 -0.016  0.002
        3  0.09944  -0.096  1.000  0.005  0.021 -0.011  0.004
        4  0.25766  -0.018  0.005  1.000  0.250 -0.066 -0.021
        6  0.25229  -0.002  0.021  0.250  1.000 -0.042  0.004
       10  0.07532  -0.016 -0.011 -0.066 -0.042  1.000 -0.014
       13  0.02765   0.002  0.004 -0.021  0.004 -0.014  1.000
MINUIT - FIT ONLY 2-CBO
 **********
 **   25 **RES 
 **********
                   PARAMETER   16  beta_vw RESTORED TO VARIABLE.
                   PARAMETER   14  alpha_vw RESTORED TO VARIABLE.
                   PARAMETER   11  alpha_y RESTORED TO VARIABLE.
                   PARAMETER    9  alpha_2CBO RESTORED TO VARIABLE.
                   PARAMETER    8  beta_CBO RESTORED TO VARIABLE.
 **********
 **   26 **FIX            0
 **********
 PARAMETER    0  IS UNDEFINED. IGNORED.
 **********
 **   27 **FIX            1
 **********
 **********
 **   28 **FIX            2
 **********
 PARAMETER    2  IS CONSTANT.   IGNORED.
 **********
 **   29 **FIX            3
 **********
 **********
 **   30 **FIX            4
 **********
 **********
 **   31 **FIX            5
 **********
 PARAMETER    5  IS CONSTANT.   IGNORED.
 **********
 **   32 **FIX            6
 **********
 **********
 **   33 **FIX            7
 **********
 PARAMETER    7  IS CONSTANT.   IGNORED.
 **********
 **   34 **FIX           10
 **********
 **********
 **   35 **FIX           11
 **********
 **********
 **   36 **FIX           12
 **********
 PARAMETER   12  IS CONSTANT.   IGNORED.
 **********
 **   37 **FIX           13
 **********
 **********
 **   38 **FIX           14
 **********
 **********
 **   39 **FIX           15
 **********
 PARAMETER   15  IS CONSTANT.   IGNORED.
 **********
 **   40 **FIX           16
 **********
 **********
 **   41 **MIGRAD
 **********
 START MIGRAD MINIMIZATION.  STRATEGY  1.  CONVERGENCE WHEN EDM .LT. 1.00e-04
 FCN=2019.45 FROM MIGRAD    STATUS=INITIATE        8 CALLS         167 TOTAL
                     EDM= unknown      STRATEGY= 1      NO ERROR MATRIX       
  EXT PARAMETER               CURRENT GUESS       STEP         FIRST   
  NO.   NAME      VALUE            ERROR          SIZE      DERIVATIVE 
   1  N0           3.41872e+06     fixed    
   2  tau          6.44105e+01   constant   
   3  A0           3.62570e-01     fixed    
   4  phi          4.12050e+00     fixed    
   5  R           -6.20256e+01   constant   
   6  alpha_CBO    2.76440e-03     fixed    
   7  w_CBO        2.34560e+00   constant   
   8  beta_CBO     0.00000e+00   1.00000e-03   1.00000e-03  -8.13393e+05
   9  alpha_2CBO   0.00000e+00   1.00000e-03   1.00000e-03   3.85143e+04
  10  beta_2CBO   -1.89619e-04     fixed    
  11  alpha_y      0.00000e+00     fixed    
  12  w_y          1.44500e+01   constant   
  13  beta_y      -5.56744e-05     fixed    
  14  alpha_vw     0.00000e+00     fixed    
  15  w_vw         1.29000e+01   constant   
  16  beta_vw      0.00000e+00     fixed    
  17  LM           1.67167e-04   constant   
  18  zeta_y       0.00000e+00   constant   
  19  zeta_vw      0.00000e+00   constant   
 MIGRAD MINIMIZATION HAS CONVERGED.
 MIGRAD WILL VERIFY CONVERGENCE AND ERROR MATRIX.
 COVARIANCE MATRIX CALCULATED SUCCESSFULLY
 FCN=227.261 FROM MIGRAD    STATUS=CONVERGED      35 CALLS         194 TOTAL
                     EDM=4.05297e-13    STRATEGY= 1      ERROR MATRIX ACCURATE 
  EXT PARAMETER                                   STEP         FIRST   
  NO.   NAME      VALUE            ERROR          SIZE      DERIVATIVE 
   1  N0           3.41872e+06     fixed    
   2  tau          6.44105e+01   constant   
   3  A0           3.62570e-01     fixed    
   4  phi          4.12050e+00     fixed    
   5  R           -6.20256e+01   constant   
   6  alpha_CBO    2.76440e-03     fixed    
   7  w_CBO        2.34560e+00   constant   
   8  beta_CBO     4.41024e-03   1.04291e-04   7.67793e-07  -8.64097e-03
   9  alpha_2CBO   7.47271e-05   1.03399e-04   7.61219e-07   1.48042e-04
  10  beta_2CBO   -1.89619e-04     fixed    
  11  alpha_y      0.00000e+00     fixed    
  12  w_y          1.44500e+01   constant   
  13  beta_y      -5.56744e-05     fixed    
  14  alpha_vw     0.00000e+00     fixed    
  15  w_vw         1.29000e+01   constant   
  16  beta_vw      0.00000e+00     fixed    
  17  LM           1.67167e-04   constant   
  18  zeta_y       0.00000e+00   constant   
  19  zeta_vw      0.00000e+00   constant   
 EXTERNAL ERROR MATRIX.    NDIM=  25    NPAR=  2    ERR DEF=1
  1.088e-08  6.900e-10 
  6.900e-10  1.069e-08 
 PARAMETER  CORRELATION COEFFICIENTS  
       NO.  GLOBAL      8      9
        8  0.06398   1.000  0.064
        9  0.06398   0.064  1.000
MINUIT - FIT wiggle + 1-CBO + 2-CBO
 **********
 **   42 **RES 
 **********
                   PARAMETER   16  beta_vw RESTORED TO VARIABLE.
                   PARAMETER   14  alpha_vw RESTORED TO VARIABLE.
                   PARAMETER   13  beta_y RESTORED TO VARIABLE.
                   PARAMETER   11  alpha_y RESTORED TO VARIABLE.
                   PARAMETER   10  beta_2CBO RESTORED TO VARIABLE.
                   PARAMETER    6  alpha_CBO RESTORED TO VARIABLE.
                   PARAMETER    4  phi RESTORED TO VARIABLE.
                   PARAMETER    3  A0 RESTORED TO VARIABLE.
                   PARAMETER    1  N0 RESTORED TO VARIABLE.
 **********
 **   43 **FIX           10
 **********
 **********
 **   44 **FIX           11
 **********
 **********
 **   45 **FIX           12
 **********
 PARAMETER   12  IS CONSTANT.   IGNORED.
 **********
 **   46 **FIX           13
 **********
 **********
 **   47 **FIX           14
 **********
 **********
 **   48 **FIX           15
 **********
 PARAMETER   15  IS CONSTANT.   IGNORED.
 **********
 **   49 **FIX           16
 **********
 **********
 **   50 **MIGRAD
 **********
 START MIGRAD MINIMIZATION.  STRATEGY  1.  CONVERGENCE WHEN EDM .LT. 1.00e-04
 FCN=227.261 FROM MIGRAD    STATUS=INITIATE       12 CALLS         206 TOTAL
                     EDM= unknown      STRATEGY= 1      NO ERROR MATRIX       
  EXT PARAMETER               CURRENT GUESS       STEP         FIRST   
  NO.   NAME      VALUE            ERROR          SIZE      DERIVATIVE 
   1  N0           3.41872e+06   2.49462e+02   2.49462e+02   2.22050e-02
   2  tau          6.44105e+01   constant   
   3  A0           3.62570e-01   9.85023e-05   9.85023e-05   1.48269e+05
   4  phi          4.12050e+00   3.01823e-04   3.01823e-04  -1.67015e+04
   5  R           -6.20256e+01   constant   
   6  alpha_CBO    2.76440e-03   1.04723e-04   1.04723e-04   1.09585e+04
   7  w_CBO        2.34560e+00   constant   
   8  beta_CBO     4.41024e-03   1.04291e-04   7.67793e-07  -8.62765e-03
   9  alpha_2CBO   7.47271e-05   1.03399e-04   7.61219e-07   1.39193e-04
  10  beta_2CBO   -1.89619e-04     fixed    
  11  alpha_y      0.00000e+00     fixed    
  12  w_y          1.44500e+01   constant   
  13  beta_y      -5.56744e-05     fixed    
  14  alpha_vw     0.00000e+00     fixed    
  15  w_vw         1.29000e+01   constant   
  16  beta_vw      0.00000e+00     fixed    
  17  LM           1.67167e-04   constant   
  18  zeta_y       0.00000e+00   constant   
  19  zeta_vw      0.00000e+00   constant   
 MIGRAD MINIMIZATION HAS CONVERGED.
 MIGRAD WILL VERIFY CONVERGENCE AND ERROR MATRIX.
 COVARIANCE MATRIX CALCULATED SUCCESSFULLY
 FCN=161.407 FROM MIGRAD    STATUS=CONVERGED     121 CALLS         315 TOTAL
                     EDM=5.51713e-08    STRATEGY= 1      ERROR MATRIX ACCURATE 
  EXT PARAMETER                                   STEP         FIRST   
  NO.   NAME      VALUE            ERROR          SIZE      DERIVATIVE 
   1  N0           3.41817e+06   2.49951e+02   1.62991e+00  -8.21520e-07
   2  tau          6.44105e+01   constant   
   3  A0           3.61849e-01   1.00035e-04   6.10347e-07   1.23832e+00
   4  phi          4.12125e+00   3.02344e-04   1.96517e-06   3.30274e-01
   5  R           -6.20256e+01   constant   
   6  alpha_CBO    2.75406e-03   1.04647e-04   6.30710e-07  -1.15142e+00
   7  w_CBO        2.34560e+00   constant   
   8  beta_CBO     4.57549e-03   1.06282e-04   6.47760e-07   6.34868e-01
   9  alpha_2CBO   1.25544e-04   1.03679e-04   6.42221e-07   1.42538e+00
  10  beta_2CBO   -1.89619e-04     fixed    
  11  alpha_y      0.00000e+00     fixed    
  12  w_y          1.44500e+01   constant   
  13  beta_y      -5.56744e-05     fixed    
  14  alpha_vw     0.00000e+00     fixed    
  15  w_vw         1.29000e+01   constant   
  16  beta_vw      0.00000e+00     fixed    
  17  LM           1.67167e-04   constant   
  18  zeta_y       0.00000e+00   constant   
  19  zeta_vw      0.00000e+00   constant   
 EXTERNAL ERROR MATRIX.    NDIM=  25    NPAR=  6    ERR DEF=1
  6.248e+04 -2.134e-03 -1.748e-03 -6.886e-05 -1.477e-03 -1.035e-03 
 -2.134e-03  1.001e-08 -1.978e-10  2.207e-10 -1.792e-09 -3.811e-10 
 -1.748e-03 -1.978e-10  9.141e-08  7.813e-09  1.913e-09  1.282e-09 
 -6.886e-05  2.207e-10  7.813e-09  1.095e-08 -2.877e-11 -5.832e-11 
 -1.477e-03 -1.792e-09  1.913e-09 -2.877e-11  1.130e-08  8.173e-10 
 -1.035e-03 -3.811e-10  1.282e-09 -5.832e-11  8.173e-10  1.075e-08 
 PARAMETER  CORRELATION COEFFICIENTS  
       NO.  GLOBAL      1      3      4      6      8      9
        1  0.11889   1.000 -0.085 -0.023 -0.003 -0.056 -0.040
        3  0.19647  -0.085  1.000 -0.007  0.021 -0.169 -0.037
        4  0.25758  -0.023 -0.007  1.000  0.247  0.060  0.041
        6  0.24875  -0.003  0.021  0.247  1.000 -0.003 -0.005
        8  0.20170  -0.056 -0.169  0.060 -0.003  1.000  0.074
        9  0.09522  -0.040 -0.037  0.041 -0.005  0.074  1.000
MINUIT - FIT ONLY 1-y
 **********
 **   51 **RES 
 **********
                   PARAMETER   16  beta_vw RESTORED TO VARIABLE.
                   PARAMETER   14  alpha_vw RESTORED TO VARIABLE.
                   PARAMETER   13  beta_y RESTORED TO VARIABLE.
                   PARAMETER   11  alpha_y RESTORED TO VARIABLE.
                   PARAMETER   10  beta_2CBO RESTORED TO VARIABLE.
 **********
 **   52 **FIX            0
 **********
 PARAMETER    0  IS UNDEFINED. IGNORED.
 **********
 **   53 **FIX            1
 **********
 **********
 **   54 **FIX            2
 **********
 PARAMETER    2  IS CONSTANT.   IGNORED.
 **********
 **   55 **FIX            3
 **********
 **********
 **   56 **FIX            4
 **********
 **********
 **   57 **FIX            5
 **********
 PARAMETER    5  IS CONSTANT.   IGNORED.
 **********
 **   58 **FIX            6
 **********
 **********
 **   59 **FIX            7
 **********
 PARAMETER    7  IS CONSTANT.   IGNORED.
 **********
 **   60 **FIX            8
 **********
 **********
 **   61 **FIX            9
 **********
 **********
 **   62 **FIX           13
 **********
 **********
 **   63 **FIX           14
 **********
 **********
 **   64 **FIX           15
 **********
 PARAMETER   15  IS CONSTANT.   IGNORED.
 **********
 **   65 **FIX           16
 **********
 **********
 **   66 **MIGRAD
 **********
 START MIGRAD MINIMIZATION.  STRATEGY  1.  CONVERGENCE WHEN EDM .LT. 1.00e-04
 FCN=161.407 FROM MIGRAD    STATUS=INITIATE        6 CALLS         321 TOTAL
                     EDM= unknown      STRATEGY= 1      NO ERROR MATRIX       
  EXT PARAMETER               CURRENT GUESS       STEP         FIRST   
  NO.   NAME      VALUE            ERROR          SIZE      DERIVATIVE 
   1  N0           3.41817e+06     fixed    
   2  tau          6.44105e+01   constant   
   3  A0           3.61849e-01     fixed    
   4  phi          4.12125e+00     fixed    
   5  R           -6.20256e+01   constant   
   6  alpha_CBO    2.75406e-03     fixed    
   7  w_CBO        2.34560e+00   constant   
   8  beta_CBO     4.57549e-03     fixed    
   9  alpha_2CBO   1.25544e-04     fixed    
  10  beta_2CBO   -1.89619e-04   1.02470e-04   1.02470e-04  -1.95424e+04
  11  alpha_y      0.00000e+00   1.00000e-03   1.00000e-03  -1.43798e+05
  12  w_y          1.44500e+01   constant   
  13  beta_y      -5.56744e-05     fixed    
  14  alpha_vw     0.00000e+00     fixed    
  15  w_vw         1.29000e+01   constant   
  16  beta_vw      0.00000e+00     fixed    
  17  LM           1.67167e-04   constant   
  18  zeta_y       0.00000e+00   constant   
  19  zeta_vw      0.00000e+00   constant   
 MIGRAD MINIMIZATION HAS CONVERGED.
 MIGRAD WILL VERIFY CONVERGENCE AND ERROR MATRIX.
 COVARIANCE MATRIX CALCULATED SUCCESSFULLY
 FCN=106.242 FROM MIGRAD    STATUS=CONVERGED      26 CALLS         341 TOTAL
                     EDM=3.63543e-07    STRATEGY= 1      ERROR MATRIX ACCURATE 
  EXT PARAMETER                                   STEP         FIRST   
  NO.   NAME      VALUE            ERROR          SIZE      DERIVATIVE 
   1  N0           3.41817e+06     fixed    
   2  tau          6.44105e+01   constant   
   3  A0           3.61849e-01     fixed    
   4  phi          4.12125e+00     fixed    
   5  R           -6.20256e+01   constant   
   6  alpha_CBO    2.75406e-03     fixed    
   7  w_CBO        2.34560e+00   constant   
   8  beta_CBO     4.57549e-03     fixed    
   9  alpha_2CBO   1.25544e-04     fixed    
  10  beta_2CBO   -9.82290e-05   1.02212e-04   5.16786e-07   8.25138e+00
  11  alpha_y      7.54825e-04   1.02561e-04   5.18551e-07  -1.11320e+00
  12  w_y          1.44500e+01   constant   
  13  beta_y      -5.56744e-05     fixed    
  14  alpha_vw     0.00000e+00     fixed    
  15  w_vw         1.29000e+01   constant   
  16  beta_vw      0.00000e+00     fixed    
  17  LM           1.67167e-04   constant   
  18  zeta_y       0.00000e+00   constant   
  19  zeta_vw      0.00000e+00   constant   
 EXTERNAL ERROR MATRIX.    NDIM=  25    NPAR=  2    ERR DEF=1
  1.045e-08 -1.493e-10 
 -1.493e-10  1.052e-08 
 PARAMETER  CORRELATION COEFFICIENTS  
       NO.  GLOBAL     10     11
       10  0.01424   1.000 -0.014
       11  0.01424  -0.014  1.000
MINUIT - FIT ONLY 2-y
 **********
 **   67 **RES 
 **********
                   PARAMETER   16  beta_vw RESTORED TO VARIABLE.
                   PARAMETER   14  alpha_vw RESTORED TO VARIABLE.
                   PARAMETER   13  beta_y RESTORED TO VARIABLE.
                   PARAMETER    9  alpha_2CBO RESTORED TO VARIABLE.
                   PARAMETER    8  beta_CBO RESTORED TO VARIABLE.
                   PARAMETER    6  alpha_CBO RESTORED TO VARIABLE.
                   PARAMETER    4  phi RESTORED TO VARIABLE.
                   PARAMETER    3  A0 RESTORED TO VARIABLE.
                   PARAMETER    1  N0 RESTORED TO VARIABLE.
 **********
 **   68 **FIX            0
 **********
 PARAMETER    0  IS UNDEFINED. IGNORED.
 **********
 **   69 **FIX            1
 **********
 **********
 **   70 **FIX            2
 **********
 PARAMETER    2  IS CONSTANT.   IGNORED.
 **********
 **   71 **FIX            3
 **********
 **********
 **   72 **FIX            4
 **********
 **********
 **   73 **FIX            5
 **********
 PARAMETER    5  IS CONSTANT.   IGNORED.
 **********
 **   74 **FIX            6
 **********
 **********
 **   75 **FIX            7
 **********
 PARAMETER    7  IS CONSTANT.   IGNORED.
 **********
 **   76 **FIX            8
 **********
 **********
 **   77 **FIX            9
 **********
 **********
 **   78 **FIX           10
 **********
 **********
 **   79 **FIX           11
 **********
 **********
 **   80 **FIX           12
 **********
 PARAMETER   12  IS CONSTANT.   IGNORED.
 **********
 **   81 **FIX           16
 **********
 **********
 **   82 **MIGRAD
 **********
 START MIGRAD MINIMIZATION.  STRATEGY  1.  CONVERGENCE WHEN EDM .LT. 1.00e-04
 FCN=106.242 FROM MIGRAD    STATUS=INITIATE        6 CALLS         347 TOTAL
                     EDM= unknown      STRATEGY= 1      NO ERROR MATRIX       
  EXT PARAMETER               CURRENT GUESS       STEP         FIRST   
  NO.   NAME      VALUE            ERROR          SIZE      DERIVATIVE 
   1  N0           3.41817e+06     fixed    
   2  tau          6.44105e+01   constant   
   3  A0           3.61849e-01     fixed    
   4  phi          4.12125e+00     fixed    
   5  R           -6.20256e+01   constant   
   6  alpha_CBO    2.75406e-03     fixed    
   7  w_CBO        2.34560e+00   constant   
   8  beta_CBO     4.57549e-03     fixed    
   9  alpha_2CBO   1.25544e-04     fixed    
  10  beta_2CBO   -9.82290e-05     fixed    
  11  alpha_y      7.54825e-04     fixed    
  12  w_y          1.44500e+01   constant   
  13  beta_y      -5.56744e-05   1.02850e-04   1.02850e-04   4.40721e+02
  14  alpha_vw     0.00000e+00   1.00000e-03   1.00000e-03  -4.12855e+04
  15  w_vw         1.29000e+01   constant   
  16  beta_vw      0.00000e+00     fixed    
  17  LM           1.67167e-04   constant   
  18  zeta_y       0.00000e+00   constant   
  19  zeta_vw      0.00000e+00   constant   
 MIGRAD MINIMIZATION HAS CONVERGED.
 MIGRAD WILL VERIFY CONVERGENCE AND ERROR MATRIX.
 COVARIANCE MATRIX CALCULATED SUCCESSFULLY
 FCN=101.728 FROM MIGRAD    STATUS=CONVERGED      26 CALLS         367 TOTAL
                     EDM=1.03023e-07    STRATEGY= 1      ERROR MATRIX ACCURATE 
  EXT PARAMETER                                   STEP         FIRST   
  NO.   NAME      VALUE            ERROR          SIZE      DERIVATIVE 
   1  N0           3.41817e+06     fixed    
   2  tau          6.44105e+01   constant   
   3  A0           3.61849e-01     fixed    
   4  phi          4.12125e+00     fixed    
   5  R           -6.20256e+01   constant   
   6  alpha_CBO    2.75406e-03     fixed    
   7  w_CBO        2.34560e+00   constant   
   8  beta_CBO     4.57549e-03     fixed    
   9  alpha_2CBO   1.25544e-04     fixed    
  10  beta_2CBO   -9.82290e-05     fixed    
  11  alpha_y      7.54825e-04     fixed    
  12  w_y          1.44500e+01   constant   
  13  beta_y      -6.70713e-05   1.02898e-04   5.08799e-07   4.41309e+00
  14  alpha_vw     2.18577e-04   1.02878e-04   5.08699e-07   4.70839e-02
  15  w_vw         1.29000e+01   constant   
  16  beta_vw      0.00000e+00     fixed    
  17  LM           1.67167e-04   constant   
  18  zeta_y       0.00000e+00   constant   
  19  zeta_vw      0.00000e+00   constant   
 EXTERNAL ERROR MATRIX.    NDIM=  25    NPAR=  2    ERR DEF=1
  1.059e-08 -4.402e-10 
 -4.402e-10  1.058e-08 
 PARAMETER  CORRELATION COEFFICIENTS  
       NO.  GLOBAL     13     14
       13  0.04158   1.000 -0.042
       14  0.04158  -0.042  1.000
MINUIT - FIT ALTOGETHER
 **********
 **   83 **RES 
 **********
                   PARAMETER   16  beta_vw RESTORED TO VARIABLE.
                   PARAMETER   11  alpha_y RESTORED TO VARIABLE.
                   PARAMETER   10  beta_2CBO RESTORED TO VARIABLE.
                   PARAMETER    9  alpha_2CBO RESTORED TO VARIABLE.
                   PARAMETER    8  beta_CBO RESTORED TO VARIABLE.
                   PARAMETER    6  alpha_CBO RESTORED TO VARIABLE.
                   PARAMETER    4  phi RESTORED TO VARIABLE.
                   PARAMETER    3  A0 RESTORED TO VARIABLE.
                   PARAMETER    1  N0 RESTORED TO VARIABLE.
 **********
 **   84 **MIGRAD
 **********
 START MIGRAD MINIMIZATION.  STRATEGY  1.  CONVERGENCE WHEN EDM .LT. 1.00e-04
 FCN=101.728 FROM MIGRAD    STATUS=INITIATE       24 CALLS         391 TOTAL
                     EDM= unknown      STRATEGY= 1      NO ERROR MATRIX       
  EXT PARAMETER               CURRENT GUESS       STEP         FIRST   
  NO.   NAME      VALUE            ERROR          SIZE      DERIVATIVE 
   1  N0           3.41817e+06   2.49951e+02   2.49951e+02   2.55812e-04
   2  tau          6.44105e+01   constant   
   3  A0           3.61849e-01   1.00035e-04   1.00035e-04   3.35410e+02
   4  phi          4.12125e+00   3.02344e-04   3.02344e-04   1.17607e+03
   5  R           -6.20256e+01   constant   
   6  alpha_CBO    2.75406e-03   1.04647e-04   1.04647e-04  -8.04463e+00
   7  w_CBO        2.34560e+00   constant   
   8  beta_CBO     4.57549e-03   1.06282e-04   1.06282e-04  -1.04518e+03
   9  alpha_2CBO   1.25544e-04   1.03679e-04   1.03679e-04  -1.09886e+03
  10  beta_2CBO   -9.82290e-05   1.02212e-04   1.02212e-04  -9.60000e+02
  11  alpha_y      7.54825e-04   1.02561e-04   1.02561e-04   9.83161e+03
  12  w_y          1.44500e+01   constant   
  13  beta_y      -6.70713e-05   1.02898e-04   5.08799e-07   4.41304e+00
  14  alpha_vw     2.18577e-04   1.02878e-04   5.08699e-07   4.71204e-02
  15  w_vw         1.29000e+01   constant   
  16  beta_vw      0.00000e+00   1.00000e-03   1.00000e-03  -1.84129e+04
  17  LM           1.67167e-04   constant   
  18  zeta_y       0.00000e+00   constant   
  19  zeta_vw      0.00000e+00   constant   
 MIGRAD MINIMIZATION HAS CONVERGED.
 MIGRAD WILL VERIFY CONVERGENCE AND ERROR MATRIX.
 COVARIANCE MATRIX CALCULATED SUCCESSFULLY
 FCN=100.484 FROM MIGRAD    STATUS=CONVERGED     194 CALLS         561 TOTAL
                     EDM=2.69978e-06    STRATEGY= 1      ERROR MATRIX ACCURATE 
  EXT PARAMETER                                   STEP         FIRST   
  NO.   NAME      VALUE            ERROR          SIZE      DERIVATIVE 
   1  N0           3.41817e+06   2.50100e+02   1.62991e+00   9.76623e-07
   2  tau          6.44105e+01   constant   
   3  A0           3.61847e-01   1.00060e-04   4.82474e-07  -1.28861e+00
   4  phi          4.12120e+00   3.03051e-04   1.96514e-06  -7.52891e-01
   5  R           -6.20256e+01   constant   
   6  alpha_CBO    2.74919e-03   1.04753e-04   4.98571e-07  -5.51398e+00
   7  w_CBO        2.34560e+00   constant   
   8  beta_CBO     4.57875e-03   1.06411e-04   5.12048e-07   8.59630e+00
   9  alpha_2CBO   1.28504e-04   1.03774e-04   5.07668e-07  -6.55273e-01
  10  beta_2CBO   -9.12472e-05   1.02585e-04   5.02717e-07   3.26335e+00
  11  alpha_y      7.00664e-04   1.05619e-04   5.04437e-07   1.64654e+01
  12  w_y          1.44500e+01   constant   
  13  beta_y      -9.22148e-05   1.06094e-04   5.05710e-07  -6.64684e-01
  14  alpha_vw     2.33326e-04   1.06043e-04   5.05611e-07  -2.63636e+00
  15  w_vw         1.29000e+01   constant   
  16  beta_vw      1.02275e-04   1.05817e-04   5.04536e-07   7.50862e+00
  17  LM           1.67167e-04   constant   
  18  zeta_y       0.00000e+00   constant   
  19  zeta_vw      0.00000e+00   constant   
 EXTERNAL ERROR MATRIX.    NDIM=  25    NPAR= 11    ERR DEF=1
  6.255e+04 
 -2.115e-03  1.001e-08 
 -1.674e-03 -1.737e-10  9.184e-08 
 -3.864e-05  2.296e-10  7.889e-09  1.097e-08 
 -1.522e-03 -1.803e-09  1.869e-09 -4.628e-11  1.132e-08 
 -1.071e-03 -3.897e-10  1.233e-09 -7.185e-11  8.393e-10  1.077e-08 
 -4.781e-04 -1.623e-10 -1.911e-09 -4.570e-10  2.764e-10  2.323e-10  1.052e-08 
  2.108e-04  4.832e-11 -5.550e-10  7.354e-11 -1.177e-10 -4.412e-11 -2.169e-10  1.116e-08 
 -7.259e-05  1.159e-11 -6.989e-10  3.415e-11  6.759e-11  1.768e-10 -1.381e-10  1.267e-10  1.126e-08 
 -5.456e-04 -1.254e-10  2.301e-10 -1.618e-10  3.196e-10  1.820e-10  3.119e-10 -2.667e-09 -5.128e-10  1.125e-08 
  5.448e-04  1.096e-10  1.796e-10  4.701e-11 -3.548e-10 -3.473e-10 -6.912e-11  5.206e-11 -2.712e-09  1.413e-10  1.120e-08 
 PARAMETER  CORRELATION COEFFICIENTS  
       NO.  GLOBAL      1      3      4      6      8      9     10     11     13     14     16
        1  0.12372   1.000 -0.085 -0.022 -0.001 -0.057 -0.041 -0.019  0.008 -0.003 -0.021  0.021
        3  0.19768  -0.085  1.000 -0.006  0.022 -0.169 -0.038 -0.016  0.005  0.001 -0.012  0.010
        4  0.26587  -0.022 -0.006  1.000  0.249  0.058  0.039 -0.061 -0.017 -0.022  0.007  0.006
        6  0.25253  -0.001  0.022  0.249  1.000 -0.004 -0.007 -0.043  0.007  0.003 -0.015  0.004
        8  0.20738  -0.057 -0.169  0.058 -0.004  1.000  0.076  0.025 -0.010  0.006  0.028 -0.032
        9  0.10431  -0.041 -0.038  0.039 -0.007  0.076  1.000  0.022 -0.004  0.016  0.017 -0.032
       10  0.08646  -0.019 -0.016 -0.061 -0.043  0.025  0.022  1.000 -0.020 -0.013  0.029 -0.006
       11  0.23929   0.008  0.005 -0.017  0.007 -0.010 -0.004 -0.020  1.000  0.011 -0.238  0.005
       13  0.24692  -0.003  0.001 -0.022  0.003  0.006  0.016 -0.013  0.011  1.000 -0.046 -0.242
       14  0.24582  -0.021 -0.012  0.007 -0.015  0.028  0.017  0.029 -0.238 -0.046  1.000  0.013
       16  0.24579   0.021  0.010  0.006  0.004 -0.032 -0.032 -0.006  0.005 -0.242  0.013  1.000
MINUIT - MINOS
 **********
 **   85 **RES 
 **********
 CALL TO MNFREE IGNORED.  THERE ARE NO FIXED PARAMETERS
 **********
 **   86 **MIG      2.5e+04        0.01
 **********
 START MIGRAD MINIMIZATION.  STRATEGY  1.  CONVERGENCE WHEN EDM .LT. 1.00e-05
 FCN=100.484 FROM MIGRAD    STATUS=INITIATE       22 CALLS         583 TOTAL
                     EDM=1.34989e-06    STRATEGY= 1      ERROR MATRIX ACCURATE 
  EXT PARAMETER                                   STEP         FIRST   
  NO.   NAME      VALUE            ERROR          SIZE      DERIVATIVE 
   1  N0           3.41817e+06   2.50100e+02   1.62991e+00   9.76621e-07
   2  tau          6.44105e+01   constant   
   3  A0           3.61847e-01   1.00060e-04   4.82474e-07  -1.28857e+00
   4  phi          4.12120e+00   3.03051e-04   1.96514e-06  -7.52886e-01
   5  R           -6.20256e+01   constant   
   6  alpha_CBO    2.74919e-03   1.04753e-04   4.98571e-07  -5.51399e+00
   7  w_CBO        2.34560e+00   constant   
   8  beta_CBO     4.57875e-03   1.06411e-04   5.12048e-07   8.59631e+00
   9  alpha_2CBO   1.28504e-04   1.03774e-04   5.07668e-07  -6.55232e-01
  10  beta_2CBO   -9.12472e-05   1.02585e-04   5.02717e-07   3.26332e+00
  11  alpha_y      7.00664e-04   1.05619e-04   5.04437e-07   1.64654e+01
  12  w_y          1.44500e+01   constant   
  13  beta_y      -9.22148e-05   1.06094e-04   5.05710e-07  -6.64675e-01
  14  alpha_vw     2.33326e-04   1.06043e-04   5.05611e-07  -2.63637e+00
  15  w_vw         1.29000e+01   constant   
  16  beta_vw      1.02275e-04   1.05817e-04   5.04536e-07   7.50863e+00
  17  LM           1.67167e-04   constant   
  18  zeta_y       0.00000e+00   constant   
  19  zeta_vw      0.00000e+00   constant   
 MIGRAD MINIMIZATION HAS CONVERGED.
 FCN=100.484 FROM MIGRAD    STATUS=CONVERGED      45 CALLS         606 TOTAL
                     EDM=1.00768e-17    STRATEGY= 1  ERROR MATRIX UNCERTAINTY   0.0 per cent
  EXT PARAMETER                                   STEP         FIRST   
  NO.   NAME      VALUE            ERROR          SIZE      DERIVATIVE 
   1  N0           3.41817e+06   2.50100e+02  -3.01952e-02   4.96100e-12
   2  tau          6.44105e+01   constant   
   3  A0           3.61847e-01   1.00060e-04   1.49688e-08  -1.76725e-06
   4  phi          4.12120e+00   3.03051e-04   5.64823e-08  -1.78328e-05
   5  R           -6.20256e+01   constant   
   6  alpha_CBO    2.74922e-03   1.04753e-04   3.33269e-08  -6.39897e-06
   7  w_CBO        2.34560e+00   constant   
   8  beta_CBO     4.57871e-03   1.06411e-04  -4.59437e-08  -1.28774e-05
   9  alpha_2CBO   1.28507e-04   1.03774e-04   2.04547e-09  -5.45852e-06
  10  beta_2CBO   -9.12649e-05   1.02585e-04  -1.77233e-08  -8.04227e-06
  11  alpha_y      7.00569e-04   1.05619e-04  -9.47406e-08   1.38746e-05
  12  w_y          1.44500e+01   constant   
  13  beta_y      -9.22028e-05   1.06094e-04   1.20702e-08  -4.90359e-06
  14  alpha_vw     2.33360e-04   1.06043e-04   3.40806e-08  -3.20412e-06
  15  w_vw         1.29000e+01   constant   
  16  beta_vw      1.02233e-04   1.05817e-04  -4.16557e-08  -5.09809e-06
  17  LM           1.67167e-04   constant   
  18  zeta_y       0.00000e+00   constant   
  19  zeta_vw      0.00000e+00   constant   
 EXTERNAL ERROR MATRIX.    NDIM=  25    NPAR= 11    ERR DEF=1
  6.255e+04 
 -2.115e-03  1.001e-08 
 -1.674e-03 -1.737e-10  9.184e-08 
 -3.865e-05  2.296e-10  7.889e-09  1.097e-08 
 -1.522e-03 -1.803e-09  1.869e-09 -4.628e-11  1.132e-08 
 -1.071e-03 -3.897e-10  1.233e-09 -7.184e-11  8.393e-10  1.077e-08 
 -4.781e-04 -1.622e-10 -1.911e-09 -4.570e-10  2.764e-10  2.323e-10  1.052e-08 
  2.108e-04  4.832e-11 -5.550e-10  7.353e-11 -1.177e-10 -4.412e-11 -2.169e-10  1.116e-08 
 -7.259e-05  1.159e-11 -6.989e-10  3.415e-11  6.759e-11  1.768e-10 -1.381e-10  1.267e-10  1.126e-08 
 -5.456e-04 -1.254e-10  2.301e-10 -1.618e-10  3.196e-10  1.820e-10  3.119e-10 -2.667e-09 -5.128e-10  1.125e-08 
  5.448e-04  1.096e-10  1.796e-10  4.700e-11 -3.548e-10 -3.473e-10 -6.912e-11  5.206e-11 -2.712e-09  1.413e-10  1.120e-08 
 PARAMETER  CORRELATION COEFFICIENTS  
       NO.  GLOBAL      1      3      4      6      8      9     10     11     13     14     16
        1  0.12372   1.000 -0.085 -0.022 -0.001 -0.057 -0.041 -0.019  0.008 -0.003 -0.021  0.021
        3  0.19768  -0.085  1.000 -0.006  0.022 -0.169 -0.038 -0.016  0.005  0.001 -0.012  0.010
        4  0.26587  -0.022 -0.006  1.000  0.249  0.058  0.039 -0.061 -0.017 -0.022  0.007  0.006
        6  0.25253  -0.001  0.022  0.249  1.000 -0.004 -0.007 -0.043  0.007  0.003 -0.015  0.004
        8  0.20738  -0.057 -0.169  0.058 -0.004  1.000  0.076  0.025 -0.010  0.006  0.028 -0.032
        9  0.10431  -0.041 -0.038  0.039 -0.007  0.076  1.000  0.022 -0.004  0.016  0.017 -0.032
       10  0.08646  -0.019 -0.016 -0.061 -0.043  0.025  0.022  1.000 -0.020 -0.013  0.029 -0.006
       11  0.23929   0.008  0.005 -0.017  0.007 -0.010 -0.004 -0.020  1.000  0.011 -0.238  0.005
       13  0.24692  -0.003  0.001 -0.022  0.003  0.006  0.016 -0.013  0.011  1.000 -0.046 -0.242
       14  0.24582  -0.021 -0.012  0.007 -0.015  0.028  0.017  0.029 -0.238 -0.046  1.000  0.013
       16  0.24579   0.021  0.010  0.006  0.004 -0.032 -0.032 -0.006  0.005 -0.242  0.013  1.000
 **********
 **   87 **MINO      2.5e+04
 **********
 FCN=100.484 FROM MINOS     STATUS=SUCCESSFUL    925 CALLS        1531 TOTAL
                     EDM=1.00768e-17    STRATEGY= 1  ERROR MATRIX UNCERTAINTY   0.0 per cent
  EXT PARAMETER                  PARABOLIC         MINOS ERRORS        
  NO.   NAME      VALUE            ERROR      NEGATIVE      POSITIVE   
   1  N0           3.41817e+06   2.50100e+02  -2.50100e+02   2.50099e+02
   2  tau          6.44105e+01   constant   
   3  A0           3.61847e-01   1.00060e-04  -1.00060e-04   1.00061e-04
   4  phi          4.12120e+00   3.03051e-04  -3.03050e-04   3.03052e-04
   5  R           -6.20256e+01   constant   
   6  alpha_CBO    2.74922e-03   1.04753e-04  -1.04753e-04   1.04753e-04
   7  w_CBO        2.34560e+00   constant   
   8  beta_CBO     4.57871e-03   1.06411e-04  -1.06411e-04   1.06412e-04
   9  alpha_2CBO   1.28507e-04   1.03774e-04  -1.03773e-04   1.03774e-04
  10  beta_2CBO   -9.12649e-05   1.02585e-04  -1.02585e-04   1.02585e-04
  11  alpha_y      7.00569e-04   1.05619e-04  -1.05619e-04   1.05619e-04
  12  w_y          1.44500e+01   constant   
  13  beta_y      -9.22028e-05   1.06094e-04  -1.06094e-04   1.06095e-04
  14  alpha_vw     2.33360e-04   1.06043e-04  -1.06043e-04   1.06043e-04
  15  w_vw         1.29000e+01   constant   
  16  beta_vw      1.02233e-04   1.05817e-04  -1.05817e-04   1.05817e-04
  17  LM           1.67167e-04   constant   
  18  zeta_y       0.00000e+00   constant   
  19  zeta_vw      0.00000e+00   constant   
 **********
 **   88 **SHO COR 
 **********
 PARAMETER  CORRELATION COEFFICIENTS  
       NO.  GLOBAL      1      3      4      6      8      9     10     11     13     14     16
        1  0.12372   1.000 -0.085 -0.022 -0.001 -0.057 -0.041 -0.019  0.008 -0.003 -0.021  0.021
        3  0.19768  -0.085  1.000 -0.006  0.022 -0.169 -0.038 -0.016  0.005  0.001 -0.012  0.010
        4  0.26587  -0.022 -0.006  1.000  0.249  0.058  0.039 -0.061 -0.017 -0.022  0.007  0.006
        6  0.25253  -0.001  0.022  0.249  1.000 -0.004 -0.007 -0.043  0.007  0.003 -0.015  0.004
        8  0.20738  -0.057 -0.169  0.058 -0.004  1.000  0.076  0.025 -0.010  0.006  0.028 -0.032
        9  0.10431  -0.041 -0.038  0.039 -0.007  0.076  1.000  0.022 -0.004  0.016  0.017 -0.032
       10  0.08646  -0.019 -0.016 -0.061 -0.043  0.025  0.022  1.000 -0.020 -0.013  0.029 -0.006
       11  0.23929   0.008  0.005 -0.017  0.007 -0.010 -0.004 -0.020  1.000  0.011 -0.238  0.005
       13  0.24692  -0.003  0.001 -0.022  0.003  0.006  0.016 -0.013  0.011  1.000 -0.046 -0.242
       14  0.24582  -0.021 -0.012  0.007 -0.015  0.028  0.017  0.029 -0.238 -0.046  1.000  0.013
       16  0.24579   0.021  0.010  0.006  0.004 -0.032 -0.032 -0.006  0.005 -0.242  0.013  1.000
