 + ++++++++++++++++++++++++++++++++++++++++++++++++++++++++++++++++++++ +
 +                                                                      +
 +           You have chose to blind your fitting according to          +
 +                omega_ref * (1 + (R +/- deltaR) *10^{-6})             +
 +                                                                      +
 + ++++++++++++++++++++++++++++++++++++++++++++++++++++++++++++++++++++ +
In main()...
reading format from /gm2data/zkhechad/run45/envelope/formats/formatB_sBin_constraintOn.txt
pBinTau 	= 0  
pBinPhi 	= 0  
constraintau 	= 1 
includeMopTerm 	= 0    
constrainMop    = 0   
Parameters after format file: pBinTau 0 pBinPhi 0 constraintau 1 includeMopTerm 0 constrainMop 0 c_e_scale 0.000000 
Opening file /gm2data/tbarrett/gm2fr/studies/run23_bunch_corrections/CorrectedFourier_Run3b.root.
reading full fit data from /gm2data/zkhechad/cboTemplates/Run4CBOTemplates/templateFits2/noRF/sBin_constraintOn_cE0.0_seed0_noRF_calo17.root
windowBins = 70
fitting sliding window 350 from bin 553 at 82.507600 to bin 623 at 92.951600 (70 bins)

Reading data from /gm2data/cornell/histograms/aMethod/histogram_a_noRF.root
 **********
 **    1 **SET PRINTOUT            1
 **********
 **********
 **    2 **SET NOWARNINGS 
 **********
 PARAMETER DEFINITIONS:
    NO.   NAME         VALUE      STEP SIZE      LIMITS
     1 N0           3.18647e+06  1.00000e+02     no limits
     2 tau          6.44086e+01  constant
     3 A0           3.45298e-01  1.00000e-04     no limits
     4 phi          4.12008e+00  1.00000e-02     no limits
     5 R           -6.07288e+01  constant
     6 alpha_CBO    0.00000e+00  1.00000e-03     no limits
     7 w_CBO        2.32650e+00  constant
     8 beta_CBO     0.00000e+00  1.00000e-03     no limits
     9 alpha_2CBO   0.00000e+00  1.00000e-03     no limits
    10 beta_2CBO    0.00000e+00  1.00000e-03     no limits
    11 alpha_y      0.00000e+00  1.00000e-03     no limits
    12 w_y          1.44500e+01  constant
    13 beta_y       0.00000e+00  1.00000e-03     no limits
    14 alpha_vw     0.00000e+00  1.00000e-03     no limits
    15 w_vw         1.29000e+01  constant
    16 beta_vw      0.00000e+00  1.00000e-03     no limits
    17 LM           1.49459e-04  constant
    18 zeta_y       0.00000e+00  constant
    19 zeta_vw      0.00000e+00  constant
MINUIT - FIT ONLY WIGGLE
 **********
 **    3 **FIX            5
 **********
 PARAMETER    5  IS CONSTANT.   IGNORED.
 **********
 **    4 **FIX            6
 **********
 **********
 **    5 **FIX            7
 **********
 PARAMETER    7  IS CONSTANT.   IGNORED.
 **********
 **    6 **FIX            8
 **********
 **********
 **    7 **FIX            9
 **********
 **********
 **    8 **FIX           10
 **********
 **********
 **    9 **FIX           11
 **********
 **********
 **   10 **FIX           12
 **********
 PARAMETER   12  IS CONSTANT.   IGNORED.
 **********
 **   11 **FIX           13
 **********
 **********
 **   12 **FIX           14
 **********
 **********
 **   13 **FIX           15
 **********
 PARAMETER   15  IS CONSTANT.   IGNORED.
 **********
 **   14 **FIX           16
 **********
 **********
 **   15 **MIGRAD
 **********
 FIRST CALL TO USER FUNCTION AT NEW START POINT, WITH IFLAG=4.
 START MIGRAD MINIMIZATION.  STRATEGY  1.  CONVERGENCE WHEN EDM .LT. 1.00e-04
 FCN=2148.34 FROM MIGRAD    STATUS=INITIATE       10 CALLS          11 TOTAL
                     EDM= unknown      STRATEGY= 1      NO ERROR MATRIX       
  EXT PARAMETER               CURRENT GUESS       STEP         FIRST   
  NO.   NAME      VALUE            ERROR          SIZE      DERIVATIVE 
   1  N0           3.18647e+06   1.00000e+02   1.00000e+02   1.18093e-02
   2  tau          6.44086e+01   constant   
   3  A0           3.45298e-01   1.00000e-04   1.00000e-04   9.81152e+04
   4  phi          4.12008e+00   1.00000e-02   1.00000e-02   7.36541e+04
   5  R           -6.07288e+01   constant   
   6  alpha_CBO    0.00000e+00     fixed    
   7  w_CBO        2.32650e+00   constant   
   8  beta_CBO     0.00000e+00     fixed    
   9  alpha_2CBO   0.00000e+00     fixed    
  10  beta_2CBO    0.00000e+00     fixed    
  11  alpha_y      0.00000e+00     fixed    
  12  w_y          1.44500e+01   constant   
  13  beta_y       0.00000e+00     fixed    
  14  alpha_vw     0.00000e+00     fixed    
  15  w_vw         1.29000e+01   constant   
  16  beta_vw      0.00000e+00     fixed    
  17  LM           1.49459e-04   constant   
  18  zeta_y       0.00000e+00   constant   
  19  zeta_vw      0.00000e+00   constant   
 MIGRAD MINIMIZATION HAS CONVERGED.
 MIGRAD WILL VERIFY CONVERGENCE AND ERROR MATRIX.
 COVARIANCE MATRIX CALCULATED SUCCESSFULLY
 FCN=1975.59 FROM MIGRAD    STATUS=CONVERGED      56 CALLS          57 TOTAL
                     EDM=1.0119e-06    STRATEGY= 1      ERROR MATRIX ACCURATE 
  EXT PARAMETER                                   STEP         FIRST   
  NO.   NAME      VALUE            ERROR          SIZE      DERIVATIVE 
   1  N0           3.18606e+06   2.67432e+02   5.65073e+00   3.30581e-07
   2  tau          6.44086e+01   constant   
   3  A0           3.44707e-01   1.03837e-04   2.20427e-06   2.05992e+00
   4  phi          4.11624e+00   3.23365e-04   6.98489e-06  -4.32487e+00
   5  R           -6.07288e+01   constant   
   6  alpha_CBO    0.00000e+00     fixed    
   7  w_CBO        2.32650e+00   constant   
   8  beta_CBO     0.00000e+00     fixed    
   9  alpha_2CBO   0.00000e+00     fixed    
  10  beta_2CBO    0.00000e+00     fixed    
  11  alpha_y      0.00000e+00     fixed    
  12  w_y          1.44500e+01   constant   
  13  beta_y       0.00000e+00     fixed    
  14  alpha_vw     0.00000e+00     fixed    
  15  w_vw         1.29000e+01   constant   
  16  beta_vw      0.00000e+00     fixed    
  17  LM           1.49459e-04   constant   
  18  zeta_y       0.00000e+00   constant   
  19  zeta_vw      0.00000e+00   constant   
 EXTERNAL ERROR MATRIX.    NDIM=  25    NPAR=  3    ERR DEF=1
  7.152e+04  5.680e-03 -7.688e-03 
  5.680e-03  1.078e-08  8.597e-10 
 -7.688e-03  8.597e-10  1.046e-07 
 PARAMETER  CORRELATION COEFFICIENTS  
       NO.  GLOBAL      1      3      4
        1  0.22517   1.000  0.205 -0.089
        3  0.20921   0.205  1.000  0.026
        4  0.09952  -0.089  0.026  1.000
MINUIT - FIT ONLY 1-CBO + wiggle
 **********
 **   16 **RES 
 **********
                   PARAMETER   16  beta_vw RESTORED TO VARIABLE.
                   PARAMETER   14  alpha_vw RESTORED TO VARIABLE.
                   PARAMETER   13  beta_y RESTORED TO VARIABLE.
                   PARAMETER   11  alpha_y RESTORED TO VARIABLE.
                   PARAMETER   10  beta_2CBO RESTORED TO VARIABLE.
                   PARAMETER    9  alpha_2CBO RESTORED TO VARIABLE.
                   PARAMETER    8  beta_CBO RESTORED TO VARIABLE.
                   PARAMETER    6  alpha_CBO RESTORED TO VARIABLE.
 **********
 **   17 **FIX            8
 **********
 **********
 **   18 **FIX            9
 **********
 **********
 **   19 **FIX           11
 **********
 **********
 **   20 **FIX           12
 **********
 PARAMETER   12  IS CONSTANT.   IGNORED.
 **********
 **   21 **FIX           14
 **********
 **********
 **   22 **FIX           15
 **********
 PARAMETER   15  IS CONSTANT.   IGNORED.
 **********
 **   23 **FIX           16
 **********
 **********
 **   24 **MIGRAD
 **********
 START MIGRAD MINIMIZATION.  STRATEGY  1.  CONVERGENCE WHEN EDM .LT. 1.00e-04
 FCN=1975.59 FROM MIGRAD    STATUS=INITIATE       18 CALLS          75 TOTAL
                     EDM= unknown      STRATEGY= 1      NO ERROR MATRIX       
  EXT PARAMETER               CURRENT GUESS       STEP         FIRST   
  NO.   NAME      VALUE            ERROR          SIZE      DERIVATIVE 
   1  N0           3.18606e+06   2.67432e+02   5.65073e+00   3.30579e-07
   2  tau          6.44086e+01   constant   
   3  A0           3.44707e-01   1.03837e-04   2.20427e-06   2.05991e+00
   4  phi          4.11624e+00   3.23365e-04   6.98489e-06  -4.32486e+00
   5  R           -6.07288e+01   constant   
   6  alpha_CBO    0.00000e+00   1.00000e-03   1.00000e-03  -9.77871e+03
   7  w_CBO        2.32650e+00   constant   
   8  beta_CBO     0.00000e+00     fixed    
   9  alpha_2CBO   0.00000e+00     fixed    
  10  beta_2CBO    0.00000e+00   1.00000e-03   1.00000e-03   4.84223e+04
  11  alpha_y      0.00000e+00     fixed    
  12  w_y          1.44500e+01   constant   
  13  beta_y       0.00000e+00   1.00000e-03   1.00000e-03  -1.29449e+05
  14  alpha_vw     0.00000e+00     fixed    
  15  w_vw         1.29000e+01   constant   
  16  beta_vw      0.00000e+00     fixed    
  17  LM           1.49459e-04   constant   
  18  zeta_y       0.00000e+00   constant   
  19  zeta_vw      0.00000e+00   constant   
 MIGRAD MINIMIZATION HAS CONVERGED.
 MIGRAD WILL VERIFY CONVERGENCE AND ERROR MATRIX.
 COVARIANCE MATRIX CALCULATED SUCCESSFULLY
 FCN=1911.76 FROM MIGRAD    STATUS=CONVERGED     112 CALLS         169 TOTAL
                     EDM=2.92751e-06    STRATEGY= 1      ERROR MATRIX ACCURATE 
  EXT PARAMETER                                   STEP         FIRST   
  NO.   NAME      VALUE            ERROR          SIZE      DERIVATIVE 
   1  N0           3.18609e+06   2.67685e+02   5.55880e+00  -6.82926e-06
   2  tau          6.44086e+01   constant   
   3  A0           3.44726e-01   1.05628e-04   2.16838e-06   6.51261e+00
   4  phi          4.11634e+00   3.23771e-04   6.87070e-06   1.06536e+00
   5  R           -6.07288e+01   constant   
   6  alpha_CBO    4.48022e-05   1.18570e-04   2.48495e-06  -5.35883e+00
   7  w_CBO        2.32650e+00   constant   
   8  beta_CBO     0.00000e+00     fixed    
   9  alpha_2CBO   0.00000e+00     fixed    
  10  beta_2CBO   -3.13154e-04   1.16318e-04   2.47536e-06  -1.01748e+01
  11  alpha_y      0.00000e+00     fixed    
  12  w_y          1.44500e+01   constant   
  13  beta_y       8.65606e-04   1.15932e-04   2.47459e-06  -6.87609e+00
  14  alpha_vw     0.00000e+00     fixed    
  15  w_vw         1.29000e+01   constant   
  16  beta_vw      0.00000e+00     fixed    
  17  LM           1.49459e-04   constant   
  18  zeta_y       0.00000e+00   constant   
  19  zeta_vw      0.00000e+00   constant   
 EXTERNAL ERROR MATRIX.    NDIM=  25    NPAR=  6    ERR DEF=1
  7.166e+04  5.829e-03 -7.522e-03  8.917e-04 -9.591e-04  1.110e-04 
  5.829e-03  1.116e-08  9.576e-10  2.289e-09  1.074e-10  1.645e-10 
 -7.522e-03  9.576e-10  1.048e-07  5.058e-10 -1.625e-09  8.498e-10 
  8.917e-04  2.289e-09  5.058e-10  1.406e-08  8.085e-10 -6.682e-11 
 -9.591e-04  1.074e-10 -1.625e-09  8.085e-10  1.353e-08  1.632e-10 
  1.110e-04  1.645e-10  8.498e-10 -6.682e-11  1.632e-10  1.344e-08 
 PARAMETER  CORRELATION COEFFICIENTS  
       NO.  GLOBAL      1      3      4      6     10     13
        1  0.22907   1.000  0.206 -0.087  0.028 -0.031  0.004
        3  0.27551   0.206  1.000  0.028  0.183  0.009  0.013
        4  0.11193  -0.087  0.028  1.000  0.013 -0.043  0.023
        6  0.19203   0.028  0.183  0.013  1.000  0.059 -0.005
       10  0.08320  -0.031  0.009 -0.043  0.059  1.000  0.012
       13  0.03044   0.004  0.013  0.023 -0.005  0.012  1.000
MINUIT - FIT ONLY 2-CBO
 **********
 **   25 **RES 
 **********
                   PARAMETER   16  beta_vw RESTORED TO VARIABLE.
                   PARAMETER   14  alpha_vw RESTORED TO VARIABLE.
                   PARAMETER   11  alpha_y RESTORED TO VARIABLE.
                   PARAMETER    9  alpha_2CBO RESTORED TO VARIABLE.
                   PARAMETER    8  beta_CBO RESTORED TO VARIABLE.
 **********
 **   26 **FIX            0
 **********
 PARAMETER    0  IS UNDEFINED. IGNORED.
 **********
 **   27 **FIX            1
 **********
 **********
 **   28 **FIX            2
 **********
 PARAMETER    2  IS CONSTANT.   IGNORED.
 **********
 **   29 **FIX            3
 **********
 **********
 **   30 **FIX            4
 **********
 **********
 **   31 **FIX            5
 **********
 PARAMETER    5  IS CONSTANT.   IGNORED.
 **********
 **   32 **FIX            6
 **********
 **********
 **   33 **FIX            7
 **********
 PARAMETER    7  IS CONSTANT.   IGNORED.
 **********
 **   34 **FIX           10
 **********
 **********
 **   35 **FIX           11
 **********
 **********
 **   36 **FIX           12
 **********
 PARAMETER   12  IS CONSTANT.   IGNORED.
 **********
 **   37 **FIX           13
 **********
 **********
 **   38 **FIX           14
 **********
 **********
 **   39 **FIX           15
 **********
 PARAMETER   15  IS CONSTANT.   IGNORED.
 **********
 **   40 **FIX           16
 **********
 **********
 **   41 **MIGRAD
 **********
 START MIGRAD MINIMIZATION.  STRATEGY  1.  CONVERGENCE WHEN EDM .LT. 1.00e-04
 FCN=1911.76 FROM MIGRAD    STATUS=INITIATE        8 CALLS         177 TOTAL
                     EDM= unknown      STRATEGY= 1      NO ERROR MATRIX       
  EXT PARAMETER               CURRENT GUESS       STEP         FIRST   
  NO.   NAME      VALUE            ERROR          SIZE      DERIVATIVE 
   1  N0           3.18609e+06     fixed    
   2  tau          6.44086e+01   constant   
   3  A0           3.44726e-01     fixed    
   4  phi          4.11634e+00     fixed    
   5  R           -6.07288e+01   constant   
   6  alpha_CBO    4.48022e-05     fixed    
   7  w_CBO        2.32650e+00   constant   
   8  beta_CBO     0.00000e+00   1.00000e-03   1.00000e-03  -6.92527e+05
   9  alpha_2CBO   0.00000e+00   1.00000e-03   1.00000e-03  -8.85549e+04
  10  beta_2CBO   -3.13154e-04     fixed    
  11  alpha_y      0.00000e+00     fixed    
  12  w_y          1.44500e+01   constant   
  13  beta_y       8.65606e-04     fixed    
  14  alpha_vw     0.00000e+00     fixed    
  15  w_vw         1.29000e+01   constant   
  16  beta_vw      0.00000e+00     fixed    
  17  LM           1.49459e-04   constant   
  18  zeta_y       0.00000e+00   constant   
  19  zeta_vw      0.00000e+00   constant   
 MIGRAD MINIMIZATION HAS CONVERGED.
 MIGRAD WILL VERIFY CONVERGENCE AND ERROR MATRIX.
 COVARIANCE MATRIX CALCULATED SUCCESSFULLY
 FCN=303.539 FROM MIGRAD    STATUS=CONVERGED      28 CALLS         197 TOTAL
                     EDM=3.5946e-07    STRATEGY= 1      ERROR MATRIX ACCURATE 
  EXT PARAMETER                                   STEP         FIRST   
  NO.   NAME      VALUE            ERROR          SIZE      DERIVATIVE 
   1  N0           3.18609e+06     fixed    
   2  tau          6.44086e+01   constant   
   3  A0           3.44726e-01     fixed    
   4  phi          4.11634e+00     fixed    
   5  R           -6.07288e+01   constant   
   6  alpha_CBO    4.48022e-05     fixed    
   7  w_CBO        2.32650e+00   constant   
   8  beta_CBO     4.57286e-03   1.14966e-04   9.79609e-07  -9.38198e-01
   9  alpha_2CBO   5.60214e-04   1.15404e-04   9.83338e-07   7.28148e+00
  10  beta_2CBO   -3.13154e-04     fixed    
  11  alpha_y      0.00000e+00     fixed    
  12  w_y          1.44500e+01   constant   
  13  beta_y       8.65606e-04     fixed    
  14  alpha_vw     0.00000e+00     fixed    
  15  w_vw         1.29000e+01   constant   
  16  beta_vw      0.00000e+00     fixed    
  17  LM           1.49459e-04   constant   
  18  zeta_y       0.00000e+00   constant   
  19  zeta_vw      0.00000e+00   constant   
 EXTERNAL ERROR MATRIX.    NDIM=  25    NPAR=  2    ERR DEF=1
  1.322e-08 -8.526e-11 
 -8.526e-11  1.332e-08 
 PARAMETER  CORRELATION COEFFICIENTS  
       NO.  GLOBAL      8      9
        8  0.00643   1.000 -0.006
        9  0.00643  -0.006  1.000
MINUIT - FIT wiggle + 1-CBO + 2-CBO
 **********
 **   42 **RES 
 **********
                   PARAMETER   16  beta_vw RESTORED TO VARIABLE.
                   PARAMETER   14  alpha_vw RESTORED TO VARIABLE.
                   PARAMETER   13  beta_y RESTORED TO VARIABLE.
                   PARAMETER   11  alpha_y RESTORED TO VARIABLE.
                   PARAMETER   10  beta_2CBO RESTORED TO VARIABLE.
                   PARAMETER    6  alpha_CBO RESTORED TO VARIABLE.
                   PARAMETER    4  phi RESTORED TO VARIABLE.
                   PARAMETER    3  A0 RESTORED TO VARIABLE.
                   PARAMETER    1  N0 RESTORED TO VARIABLE.
 **********
 **   43 **FIX           10
 **********
 **********
 **   44 **FIX           11
 **********
 **********
 **   45 **FIX           12
 **********
 PARAMETER   12  IS CONSTANT.   IGNORED.
 **********
 **   46 **FIX           13
 **********
 **********
 **   47 **FIX           14
 **********
 **********
 **   48 **FIX           15
 **********
 PARAMETER   15  IS CONSTANT.   IGNORED.
 **********
 **   49 **FIX           16
 **********
 **********
 **   50 **MIGRAD
 **********
 START MIGRAD MINIMIZATION.  STRATEGY  1.  CONVERGENCE WHEN EDM .LT. 1.00e-04
 FCN=303.539 FROM MIGRAD    STATUS=INITIATE       12 CALLS         209 TOTAL
                     EDM= unknown      STRATEGY= 1      NO ERROR MATRIX       
  EXT PARAMETER               CURRENT GUESS       STEP         FIRST   
  NO.   NAME      VALUE            ERROR          SIZE      DERIVATIVE 
   1  N0           3.18609e+06   2.67685e+02   2.67685e+02  -1.44229e-02
   2  tau          6.44086e+01   constant   
   3  A0           3.44726e-01   1.05628e-04   1.05628e-04  -3.39268e+04
   4  phi          4.11634e+00   3.23771e-04   3.23771e-04  -5.63013e+04
   5  R           -6.07288e+01   constant   
   6  alpha_CBO    4.48022e-05   1.18570e-04   1.18570e-04   1.87655e+04
   7  w_CBO        2.32650e+00   constant   
   8  beta_CBO     4.57286e-03   1.14966e-04   9.79609e-07  -9.38209e-01
   9  alpha_2CBO   5.60214e-04   1.15404e-04   9.83338e-07   7.28149e+00
  10  beta_2CBO   -3.13154e-04     fixed    
  11  alpha_y      0.00000e+00     fixed    
  12  w_y          1.44500e+01   constant   
  13  beta_y       8.65606e-04     fixed    
  14  alpha_vw     0.00000e+00     fixed    
  15  w_vw         1.29000e+01   constant   
  16  beta_vw      0.00000e+00     fixed    
  17  LM           1.49459e-04   constant   
  18  zeta_y       0.00000e+00   constant   
  19  zeta_vw      0.00000e+00   constant   
 MIGRAD MINIMIZATION HAS CONVERGED.
 MIGRAD WILL VERIFY CONVERGENCE AND ERROR MATRIX.
 COVARIANCE MATRIX CALCULATED SUCCESSFULLY
 FCN=208.717 FROM MIGRAD    STATUS=CONVERGED     121 CALLS         318 TOTAL
                     EDM=1.16536e-08    STRATEGY= 1      ERROR MATRIX ACCURATE 
  EXT PARAMETER                                   STEP         FIRST   
  NO.   NAME      VALUE            ERROR          SIZE      DERIVATIVE 
   1  N0           3.18651e+06   2.67745e+02   1.84087e+00  -3.04550e-07
   2  tau          6.44086e+01   constant   
   3  A0           3.44982e-01   1.05933e-04   7.18053e-07  -1.23220e-01
   4  phi          4.11942e+00   3.32213e-04   2.27283e-06  -2.71514e-01
   5  R           -6.07288e+01   constant   
   6  alpha_CBO   -2.70465e-05   1.18367e-04   8.22665e-07   7.54034e-01
   7  w_CBO        2.32650e+00   constant   
   8  beta_CBO     4.85169e-03   1.18467e-04   8.12807e-07   3.48037e-02
   9  alpha_2CBO   5.15176e-04   1.15580e-04   8.15883e-07   3.95696e-01
  10  beta_2CBO   -3.13154e-04     fixed    
  11  alpha_y      0.00000e+00     fixed    
  12  w_y          1.44500e+01   constant   
  13  beta_y       8.65606e-04     fixed    
  14  alpha_vw     0.00000e+00     fixed    
  15  w_vw         1.29000e+01   constant   
  16  beta_vw      0.00000e+00     fixed    
  17  LM           1.49459e-04   constant   
  18  zeta_y       0.00000e+00   constant   
  19  zeta_vw      0.00000e+00   constant   
 EXTERNAL ERROR MATRIX.    NDIM=  25    NPAR=  6    ERR DEF=1
  7.169e+04  5.881e-03 -6.971e-03  9.344e-04  1.059e-03  3.233e-04 
  5.881e-03  1.122e-08  1.548e-09  2.282e-09  8.123e-10 -5.116e-10 
 -6.971e-03  1.548e-09  1.104e-07  4.781e-10  9.074e-09 -1.440e-09 
  9.344e-04  2.282e-09  4.781e-10  1.401e-08 -1.795e-10 -2.200e-10 
  1.059e-03  8.123e-10  9.074e-09 -1.795e-10  1.403e-08 -2.250e-10 
  3.233e-04 -5.116e-10 -1.440e-09 -2.200e-10 -2.250e-10  1.336e-08 
 PARAMETER  CORRELATION COEFFICIENTS  
       NO.  GLOBAL      1      3      4      6      8      9
        1  0.22948   1.000  0.207 -0.078  0.029  0.033  0.010
        3  0.28476   0.207  1.000  0.044  0.182  0.065 -0.042
        4  0.25277  -0.078  0.044  1.000  0.012  0.231 -0.038
        6  0.18421   0.029  0.182  0.012  1.000 -0.013 -0.016
        8  0.24192   0.033  0.065  0.231 -0.013  1.000 -0.016
        9  0.05834   0.010 -0.042 -0.038 -0.016 -0.016  1.000
MINUIT - FIT ONLY 1-y
 **********
 **   51 **RES 
 **********
                   PARAMETER   16  beta_vw RESTORED TO VARIABLE.
                   PARAMETER   14  alpha_vw RESTORED TO VARIABLE.
                   PARAMETER   13  beta_y RESTORED TO VARIABLE.
                   PARAMETER   11  alpha_y RESTORED TO VARIABLE.
                   PARAMETER   10  beta_2CBO RESTORED TO VARIABLE.
 **********
 **   52 **FIX            0
 **********
 PARAMETER    0  IS UNDEFINED. IGNORED.
 **********
 **   53 **FIX            1
 **********
 **********
 **   54 **FIX            2
 **********
 PARAMETER    2  IS CONSTANT.   IGNORED.
 **********
 **   55 **FIX            3
 **********
 **********
 **   56 **FIX            4
 **********
 **********
 **   57 **FIX            5
 **********
 PARAMETER    5  IS CONSTANT.   IGNORED.
 **********
 **   58 **FIX            6
 **********
 **********
 **   59 **FIX            7
 **********
 PARAMETER    7  IS CONSTANT.   IGNORED.
 **********
 **   60 **FIX            8
 **********
 **********
 **   61 **FIX            9
 **********
 **********
 **   62 **FIX           13
 **********
 **********
 **   63 **FIX           14
 **********
 **********
 **   64 **FIX           15
 **********
 PARAMETER   15  IS CONSTANT.   IGNORED.
 **********
 **   65 **FIX           16
 **********
 **********
 **   66 **MIGRAD
 **********
 START MIGRAD MINIMIZATION.  STRATEGY  1.  CONVERGENCE WHEN EDM .LT. 1.00e-04
 FCN=208.717 FROM MIGRAD    STATUS=INITIATE        6 CALLS         324 TOTAL
                     EDM= unknown      STRATEGY= 1      NO ERROR MATRIX       
  EXT PARAMETER               CURRENT GUESS       STEP         FIRST   
  NO.   NAME      VALUE            ERROR          SIZE      DERIVATIVE 
   1  N0           3.18651e+06     fixed    
   2  tau          6.44086e+01   constant   
   3  A0           3.44982e-01     fixed    
   4  phi          4.11942e+00     fixed    
   5  R           -6.07288e+01   constant   
   6  alpha_CBO   -2.70465e-05     fixed    
   7  w_CBO        2.32650e+00   constant   
   8  beta_CBO     4.85169e-03     fixed    
   9  alpha_2CBO   5.15176e-04     fixed    
  10  beta_2CBO   -3.13154e-04   1.16318e-04   1.16318e-04   1.16944e+04
  11  alpha_y      0.00000e+00   1.00000e-03   1.00000e-03   2.35501e+04
  12  w_y          1.44500e+01   constant   
  13  beta_y       8.65606e-04     fixed    
  14  alpha_vw     0.00000e+00     fixed    
  15  w_vw         1.29000e+01   constant   
  16  beta_vw      0.00000e+00     fixed    
  17  LM           1.49459e-04   constant   
  18  zeta_y       0.00000e+00   constant   
  19  zeta_vw      0.00000e+00   constant   
 MIGRAD MINIMIZATION HAS CONVERGED.
 MIGRAD WILL VERIFY CONVERGENCE AND ERROR MATRIX.
 COVARIANCE MATRIX CALCULATED SUCCESSFULLY
 FCN=206.408 FROM MIGRAD    STATUS=CONVERGED      26 CALLS         344 TOTAL
                     EDM=3.67241e-12    STRATEGY= 1      ERROR MATRIX ACCURATE 
  EXT PARAMETER                                   STEP         FIRST   
  NO.   NAME      VALUE            ERROR          SIZE      DERIVATIVE 
   1  N0           3.18651e+06     fixed    
   2  tau          6.44086e+01   constant   
   3  A0           3.44982e-01     fixed    
   4  phi          4.11942e+00     fixed    
   5  R           -6.07288e+01   constant   
   6  alpha_CBO   -2.70465e-05     fixed    
   7  w_CBO        2.32650e+00   constant   
   8  beta_CBO     4.85169e-03     fixed    
   9  alpha_2CBO   5.15176e-04     fixed    
  10  beta_2CBO   -3.91908e-04   1.15896e-04   8.14988e-07  -2.08131e-02
  11  alpha_y     -1.57020e-04   1.15438e-04   8.11767e-07   1.07309e-02
  12  w_y          1.44500e+01   constant   
  13  beta_y       8.65606e-04     fixed    
  14  alpha_vw     0.00000e+00     fixed    
  15  w_vw         1.29000e+01   constant   
  16  beta_vw      0.00000e+00     fixed    
  17  LM           1.49459e-04   constant   
  18  zeta_y       0.00000e+00   constant   
  19  zeta_vw      0.00000e+00   constant   
 EXTERNAL ERROR MATRIX.    NDIM=  25    NPAR=  2    ERR DEF=1
  1.343e-08  1.834e-11 
  1.834e-11  1.333e-08 
 PARAMETER  CORRELATION COEFFICIENTS  
       NO.  GLOBAL     10     11
       10  0.00137   1.000  0.001
       11  0.00137   0.001  1.000
MINUIT - FIT ONLY 2-y
 **********
 **   67 **RES 
 **********
                   PARAMETER   16  beta_vw RESTORED TO VARIABLE.
                   PARAMETER   14  alpha_vw RESTORED TO VARIABLE.
                   PARAMETER   13  beta_y RESTORED TO VARIABLE.
                   PARAMETER    9  alpha_2CBO RESTORED TO VARIABLE.
                   PARAMETER    8  beta_CBO RESTORED TO VARIABLE.
                   PARAMETER    6  alpha_CBO RESTORED TO VARIABLE.
                   PARAMETER    4  phi RESTORED TO VARIABLE.
                   PARAMETER    3  A0 RESTORED TO VARIABLE.
                   PARAMETER    1  N0 RESTORED TO VARIABLE.
 **********
 **   68 **FIX            0
 **********
 PARAMETER    0  IS UNDEFINED. IGNORED.
 **********
 **   69 **FIX            1
 **********
 **********
 **   70 **FIX            2
 **********
 PARAMETER    2  IS CONSTANT.   IGNORED.
 **********
 **   71 **FIX            3
 **********
 **********
 **   72 **FIX            4
 **********
 **********
 **   73 **FIX            5
 **********
 PARAMETER    5  IS CONSTANT.   IGNORED.
 **********
 **   74 **FIX            6
 **********
 **********
 **   75 **FIX            7
 **********
 PARAMETER    7  IS CONSTANT.   IGNORED.
 **********
 **   76 **FIX            8
 **********
 **********
 **   77 **FIX            9
 **********
 **********
 **   78 **FIX           10
 **********
 **********
 **   79 **FIX           11
 **********
 **********
 **   80 **FIX           12
 **********
 PARAMETER   12  IS CONSTANT.   IGNORED.
 **********
 **   81 **FIX           16
 **********
 **********
 **   82 **MIGRAD
 **********
 START MIGRAD MINIMIZATION.  STRATEGY  1.  CONVERGENCE WHEN EDM .LT. 1.00e-04
 FCN=206.408 FROM MIGRAD    STATUS=INITIATE        6 CALLS         350 TOTAL
                     EDM= unknown      STRATEGY= 1      NO ERROR MATRIX       
  EXT PARAMETER               CURRENT GUESS       STEP         FIRST   
  NO.   NAME      VALUE            ERROR          SIZE      DERIVATIVE 
   1  N0           3.18651e+06     fixed    
   2  tau          6.44086e+01   constant   
   3  A0           3.44982e-01     fixed    
   4  phi          4.11942e+00     fixed    
   5  R           -6.07288e+01   constant   
   6  alpha_CBO   -2.70465e-05     fixed    
   7  w_CBO        2.32650e+00   constant   
   8  beta_CBO     4.85169e-03     fixed    
   9  alpha_2CBO   5.15176e-04     fixed    
  10  beta_2CBO   -3.91908e-04     fixed    
  11  alpha_y     -1.57020e-04     fixed    
  12  w_y          1.44500e+01   constant   
  13  beta_y       8.65606e-04   1.15932e-04   1.15932e-04   8.31322e+02
  14  alpha_vw     0.00000e+00   1.00000e-03   1.00000e-03  -9.34052e+03
  15  w_vw         1.29000e+01   constant   
  16  beta_vw      0.00000e+00     fixed    
  17  LM           1.49459e-04   constant   
  18  zeta_y       0.00000e+00   constant   
  19  zeta_vw      0.00000e+00   constant   
 MIGRAD MINIMIZATION HAS CONVERGED.
 MIGRAD WILL VERIFY CONVERGENCE AND ERROR MATRIX.
 COVARIANCE MATRIX CALCULATED SUCCESSFULLY
 FCN=206.111 FROM MIGRAD    STATUS=CONVERGED      26 CALLS         370 TOTAL
                     EDM=5.72308e-09    STRATEGY= 1      ERROR MATRIX ACCURATE 
  EXT PARAMETER                                   STEP         FIRST   
  NO.   NAME      VALUE            ERROR          SIZE      DERIVATIVE 
   1  N0           3.18651e+06     fixed    
   2  tau          6.44086e+01   constant   
   3  A0           3.44982e-01     fixed    
   4  phi          4.11942e+00     fixed    
   5  R           -6.07288e+01   constant   
   6  alpha_CBO   -2.70465e-05     fixed    
   7  w_CBO        2.32650e+00   constant   
   8  beta_CBO     4.85169e-03     fixed    
   9  alpha_2CBO   5.15176e-04     fixed    
  10  beta_2CBO   -3.91908e-04     fixed    
  11  alpha_y     -1.57020e-04     fixed    
  12  w_y          1.44500e+01   constant   
  13  beta_y       8.58403e-04   1.15916e-04   8.14279e-07  -9.21423e-01
  14  alpha_vw     6.30258e-05   1.16037e-04   8.15124e-07  -8.18688e-02
  15  w_vw         1.29000e+01   constant   
  16  beta_vw      0.00000e+00     fixed    
  17  LM           1.49459e-04   constant   
  18  zeta_y       0.00000e+00   constant   
  19  zeta_vw      0.00000e+00   constant   
 EXTERNAL ERROR MATRIX.    NDIM=  25    NPAR=  2    ERR DEF=1
  1.344e-08 -3.450e-10 
 -3.450e-10  1.346e-08 
 PARAMETER  CORRELATION COEFFICIENTS  
       NO.  GLOBAL     13     14
       13  0.02565   1.000 -0.026
       14  0.02565  -0.026  1.000
MINUIT - FIT ALTOGETHER
 **********
 **   83 **RES 
 **********
                   PARAMETER   16  beta_vw RESTORED TO VARIABLE.
                   PARAMETER   11  alpha_y RESTORED TO VARIABLE.
                   PARAMETER   10  beta_2CBO RESTORED TO VARIABLE.
                   PARAMETER    9  alpha_2CBO RESTORED TO VARIABLE.
                   PARAMETER    8  beta_CBO RESTORED TO VARIABLE.
                   PARAMETER    6  alpha_CBO RESTORED TO VARIABLE.
                   PARAMETER    4  phi RESTORED TO VARIABLE.
                   PARAMETER    3  A0 RESTORED TO VARIABLE.
                   PARAMETER    1  N0 RESTORED TO VARIABLE.
 **********
 **   84 **MIGRAD
 **********
 START MIGRAD MINIMIZATION.  STRATEGY  1.  CONVERGENCE WHEN EDM .LT. 1.00e-04
 FCN=206.111 FROM MIGRAD    STATUS=INITIATE       24 CALLS         394 TOTAL
                     EDM= unknown      STRATEGY= 1      NO ERROR MATRIX       
  EXT PARAMETER               CURRENT GUESS       STEP         FIRST   
  NO.   NAME      VALUE            ERROR          SIZE      DERIVATIVE 
   1  N0           3.18651e+06   2.67745e+02   2.67745e+02  -1.94836e-04
   2  tau          6.44086e+01   constant   
   3  A0           3.44982e-01   1.05933e-04   1.05933e-04   3.49434e+02
   4  phi          4.11942e+00   3.32213e-04   3.32213e-04  -1.07981e+02
   5  R           -6.07288e+01   constant   
   6  alpha_CBO   -2.70465e-05   1.18367e-04   1.18367e-04   6.16245e+02
   7  w_CBO        2.32650e+00   constant   
   8  beta_CBO     4.85169e-03   1.18467e-04   1.18467e-04  -9.03808e+01
   9  alpha_2CBO   5.15176e-04   1.15580e-04   1.15580e-04  -8.97580e+00
  10  beta_2CBO   -3.91908e-04   1.15896e-04   1.15896e-04   6.58090e+00
  11  alpha_y     -1.57020e-04   1.15438e-04   1.15438e-04  -5.56262e+02
  12  w_y          1.44500e+01   constant   
  13  beta_y       8.58403e-04   1.15916e-04   8.14279e-07  -9.21434e-01
  14  alpha_vw     6.30258e-05   1.16037e-04   8.15124e-07  -8.18317e-02
  15  w_vw         1.29000e+01   constant   
  16  beta_vw      0.00000e+00   1.00000e-03   1.00000e-03  -3.07604e+03
  17  LM           1.49459e-04   constant   
  18  zeta_y       0.00000e+00   constant   
  19  zeta_vw      0.00000e+00   constant   
 MIGRAD MINIMIZATION HAS CONVERGED.
 MIGRAD WILL VERIFY CONVERGENCE AND ERROR MATRIX.
 COVARIANCE MATRIX CALCULATED SUCCESSFULLY
 FCN=206.075 FROM MIGRAD    STATUS=CONVERGED     194 CALLS         564 TOTAL
                     EDM=2.12766e-07    STRATEGY= 1      ERROR MATRIX ACCURATE 
  EXT PARAMETER                                   STEP         FIRST   
  NO.   NAME      VALUE            ERROR          SIZE      DERIVATIVE 
   1  N0           3.18651e+06   2.67945e+02   1.82924e+00   1.31832e-06
   2  tau          6.44086e+01   constant   
   3  A0           3.44980e-01   1.05956e-04   7.13519e-07   1.36218e+00
   4  phi          4.11943e+00   3.32652e-04   2.25847e-06  -3.43712e-01
   5  R           -6.07288e+01   constant   
   6  alpha_CBO   -3.11050e-05   1.18643e-04   8.17463e-07   1.24980e+00
   7  w_CBO        2.32650e+00   constant   
   8  beta_CBO     4.85253e-03   1.18490e-04   8.07670e-07  -1.63439e+00
   9  alpha_2CBO   5.15086e-04   1.15661e-04   8.10724e-07  -9.35964e-01
  10  beta_2CBO   -3.91976e-04   1.16367e-04   8.14332e-07  -8.18085e-01
  11  alpha_y     -1.52083e-04   1.15852e-04   8.11115e-07   2.32201e+00
  12  w_y          1.44500e+01   constant   
  13  beta_y       8.59609e-04   1.16164e-04   8.14208e-07   2.43597e+00
  14  alpha_vw     6.34054e-05   1.16274e-04   8.15053e-07  -2.04229e-01
  15  w_vw         1.29000e+01   constant   
  16  beta_vw      2.06098e-05   1.15799e-04   8.10282e-07  -3.06176e-01
  17  LM           1.49459e-04   constant   
  18  zeta_y       0.00000e+00   constant   
  19  zeta_vw      0.00000e+00   constant   
 EXTERNAL ERROR MATRIX.    NDIM=  25    NPAR= 11    ERR DEF=1
  7.179e+04 
  5.869e-03  1.123e-08 
 -6.822e-03  1.544e-09  1.107e-07 
  8.513e-04  2.291e-09  3.573e-10  1.408e-08 
  1.081e-03  8.082e-10  9.099e-09 -1.969e-10  1.404e-08 
  3.613e-04 -5.122e-10 -1.378e-09 -2.487e-10 -2.185e-10  1.338e-08 
 -9.923e-04  1.166e-10 -1.729e-09  8.305e-10 -1.954e-10 -2.825e-10  1.354e-08 
  1.216e-04  1.039e-10  4.614e-10 -8.134e-11 -4.845e-12  1.960e-10  1.505e-11  1.342e-08 
  7.315e-05  1.626e-10  7.891e-10 -4.375e-11 -5.652e-11  2.122e-10  1.768e-10  2.639e-11  1.349e-08 
  2.792e-04 -1.726e-11  2.114e-10 -2.030e-10  1.493e-11  2.097e-10 -1.602e-11  8.026e-10 -3.377e-10  1.352e-08 
 -6.116e-04  1.301e-10 -1.458e-10  3.911e-10 -1.932e-10 -2.064e-10  2.948e-10  7.444e-10  7.433e-10  3.321e-11  1.341e-08 
 PARAMETER  CORRELATION COEFFICIENTS  
       NO.  GLOBAL      1      3      4      6      8      9     10     11     13     14     16
        1  0.23254   1.000  0.207 -0.077  0.027  0.034  0.012 -0.032  0.004  0.002  0.009 -0.020
        3  0.28543   0.207  1.000  0.044  0.182  0.064 -0.042  0.009  0.008  0.013 -0.001  0.011
        4  0.25759  -0.077  0.044  1.000  0.009  0.231 -0.036 -0.045  0.012  0.020  0.005 -0.004
        6  0.19603   0.027  0.182  0.009  1.000 -0.014 -0.018  0.060 -0.006 -0.003 -0.015  0.028
        8  0.24270   0.034  0.064  0.231 -0.014  1.000 -0.016 -0.014 -0.000 -0.004  0.001 -0.014
        9  0.06942   0.012 -0.042 -0.036 -0.018 -0.016  1.000 -0.021  0.015  0.016  0.016 -0.015
       10  0.08990  -0.032  0.009 -0.045  0.060 -0.014 -0.021  1.000  0.001  0.013 -0.001  0.022
       11  0.08446   0.004  0.008  0.012 -0.006 -0.000  0.015  0.001  1.000  0.002  0.060  0.055
       13  0.07013   0.002  0.013  0.020 -0.003 -0.004  0.016  0.013  0.002  1.000 -0.025  0.055
       14  0.06884   0.009 -0.001  0.005 -0.015  0.001  0.016 -0.001  0.060 -0.025  1.000  0.002
       16  0.09089  -0.020  0.011 -0.004  0.028 -0.014 -0.015  0.022  0.055  0.055  0.002  1.000
MINUIT - MINOS
 **********
 **   85 **RES 
 **********
 CALL TO MNFREE IGNORED.  THERE ARE NO FIXED PARAMETERS
 **********
 **   86 **MIG      2.5e+04        0.01
 **********
 START MIGRAD MINIMIZATION.  STRATEGY  1.  CONVERGENCE WHEN EDM .LT. 1.00e-05
 FCN=206.075 FROM MIGRAD    STATUS=INITIATE       22 CALLS         586 TOTAL
                     EDM=1.06384e-07    STRATEGY= 1      ERROR MATRIX ACCURATE 
  EXT PARAMETER                                   STEP         FIRST   
  NO.   NAME      VALUE            ERROR          SIZE      DERIVATIVE 
   1  N0           3.18651e+06   2.67945e+02   1.82924e+00   1.31832e-06
   2  tau          6.44086e+01   constant   
   3  A0           3.44980e-01   1.05956e-04   7.13519e-07   1.36216e+00
   4  phi          4.11943e+00   3.32652e-04   2.25847e-06  -3.43733e-01
   5  R           -6.07288e+01   constant   
   6  alpha_CBO   -3.11050e-05   1.18643e-04   8.17463e-07   1.24981e+00
   7  w_CBO        2.32650e+00   constant   
   8  beta_CBO     4.85253e-03   1.18490e-04   8.07670e-07  -1.63440e+00
   9  alpha_2CBO   5.15086e-04   1.15661e-04   8.10724e-07  -9.35968e-01
  10  beta_2CBO   -3.91976e-04   1.16367e-04   8.14332e-07  -8.18084e-01
  11  alpha_y     -1.52083e-04   1.15852e-04   8.11115e-07   2.32201e+00
  12  w_y          1.44500e+01   constant   
  13  beta_y       8.59609e-04   1.16164e-04   8.14208e-07   2.43597e+00
  14  alpha_vw     6.34054e-05   1.16274e-04   8.15053e-07  -2.04201e-01
  15  w_vw         1.29000e+01   constant   
  16  beta_vw      2.06098e-05   1.15799e-04   8.10282e-07  -3.06158e-01
  17  LM           1.49459e-04   constant   
  18  zeta_y       0.00000e+00   constant   
  19  zeta_vw      0.00000e+00   constant   
 MIGRAD MINIMIZATION HAS CONVERGED.
 FCN=206.075 FROM MIGRAD    STATUS=CONVERGED      45 CALLS         609 TOTAL
                     EDM=1.7892e-17    STRATEGY= 1  ERROR MATRIX UNCERTAINTY   0.0 per cent
  EXT PARAMETER                                   STEP         FIRST   
  NO.   NAME      VALUE            ERROR          SIZE      DERIVATIVE 
   1  N0           3.18651e+06   2.67945e+02  -5.26748e-02  -2.58699e-12
   2  tau          6.44086e+01   constant   
   3  A0           3.44980e-01   1.05956e-04  -1.25132e-08   6.95089e-06
   4  phi          4.11943e+00   3.32651e-04   2.68258e-08   2.49361e-05
   5  R           -6.07288e+01   constant   
   6  alpha_CBO   -3.11156e-05   1.18643e-04  -1.06070e-08   3.94619e-06
   7  w_CBO        2.32650e+00   constant   
   8  beta_CBO     4.85254e-03   1.18490e-04   1.17613e-08  -2.58645e-06
   9  alpha_2CBO   5.15092e-04   1.15661e-04   5.49934e-09   6.62581e-06
  10  beta_2CBO   -3.91971e-04   1.16367e-04   4.81628e-09   1.29137e-06
  11  alpha_y     -1.52098e-04   1.15852e-04  -1.53457e-08   5.48381e-06
  12  w_y          1.44500e+01   constant   
  13  beta_y       8.59592e-04   1.16164e-04  -1.62575e-08   5.27098e-06
  14  alpha_vw     6.34063e-05   1.16274e-04   9.59682e-10  -3.06865e-06
  15  w_vw         1.29000e+01   constant   
  16  beta_vw      2.06100e-05   1.15799e-04   1.97553e-10  -2.63072e-07
  17  LM           1.49459e-04   constant   
  18  zeta_y       0.00000e+00   constant   
  19  zeta_vw      0.00000e+00   constant   
 EXTERNAL ERROR MATRIX.    NDIM=  25    NPAR= 11    ERR DEF=1
  7.179e+04 
  5.869e-03  1.123e-08 
 -6.822e-03  1.545e-09  1.107e-07 
  8.513e-04  2.291e-09  3.574e-10  1.408e-08 
  1.081e-03  8.082e-10  9.098e-09 -1.969e-10  1.404e-08 
  3.613e-04 -5.122e-10 -1.378e-09 -2.487e-10 -2.185e-10  1.338e-08 
 -9.923e-04  1.166e-10 -1.729e-09  8.305e-10 -1.954e-10 -2.825e-10  1.354e-08 
  1.217e-04  1.039e-10  4.616e-10 -8.133e-11 -4.840e-12  1.960e-10  1.505e-11  1.342e-08 
  7.317e-05  1.626e-10  7.893e-10 -4.374e-11 -5.651e-11  2.122e-10  1.768e-10  2.641e-11  1.349e-08 
  2.792e-04 -1.726e-11  2.114e-10 -2.030e-10  1.494e-11  2.097e-10 -1.602e-11  8.026e-10 -3.377e-10  1.352e-08 
 -6.116e-04  1.301e-10 -1.458e-10  3.911e-10 -1.932e-10 -2.064e-10  2.948e-10  7.444e-10  7.433e-10  3.321e-11  1.341e-08 
 PARAMETER  CORRELATION COEFFICIENTS  
       NO.  GLOBAL      1      3      4      6      8      9     10     11     13     14     16
        1  0.23254   1.000  0.207 -0.077  0.027  0.034  0.012 -0.032  0.004  0.002  0.009 -0.020
        3  0.28543   0.207  1.000  0.044  0.182  0.064 -0.042  0.009  0.008  0.013 -0.001  0.011
        4  0.25758  -0.077  0.044  1.000  0.009  0.231 -0.036 -0.045  0.012  0.020  0.005 -0.004
        6  0.19603   0.027  0.182  0.009  1.000 -0.014 -0.018  0.060 -0.006 -0.003 -0.015  0.028
        8  0.24269   0.034  0.064  0.231 -0.014  1.000 -0.016 -0.014 -0.000 -0.004  0.001 -0.014
        9  0.06943   0.012 -0.042 -0.036 -0.018 -0.016  1.000 -0.021  0.015  0.016  0.016 -0.015
       10  0.08990  -0.032  0.009 -0.045  0.060 -0.014 -0.021  1.000  0.001  0.013 -0.001  0.022
       11  0.08446   0.004  0.008  0.012 -0.006 -0.000  0.015  0.001  1.000  0.002  0.060  0.055
       13  0.07013   0.002  0.013  0.020 -0.003 -0.004  0.016  0.013  0.002  1.000 -0.025  0.055
       14  0.06884   0.009 -0.001  0.005 -0.015  0.001  0.016 -0.001  0.060 -0.025  1.000  0.002
       16  0.09089  -0.020  0.011 -0.004  0.028 -0.014 -0.015  0.022  0.055  0.055  0.002  1.000
 **********
 **   87 **MINO      2.5e+04
 **********
 FCN=206.075 FROM MINOS     STATUS=SUCCESSFUL    943 CALLS        1552 TOTAL
                     EDM=1.7892e-17    STRATEGY= 1  ERROR MATRIX UNCERTAINTY   0.0 per cent
  EXT PARAMETER                  PARABOLIC         MINOS ERRORS        
  NO.   NAME      VALUE            ERROR      NEGATIVE      POSITIVE   
   1  N0           3.18651e+06   2.67945e+02  -2.67945e+02   2.67945e+02
   2  tau          6.44086e+01   constant   
   3  A0           3.44980e-01   1.05956e-04  -1.05958e-04   1.05954e-04
   4  phi          4.11943e+00   3.32651e-04  -3.32654e-04   3.32649e-04
   5  R           -6.07288e+01   constant   
   6  alpha_CBO   -3.11156e-05   1.18643e-04  -1.18643e-04   1.18643e-04
   7  w_CBO        2.32650e+00   constant   
   8  beta_CBO     4.85254e-03   1.18490e-04  -1.18490e-04   1.18490e-04
   9  alpha_2CBO   5.15092e-04   1.15661e-04  -1.15661e-04   1.15661e-04
  10  beta_2CBO   -3.91971e-04   1.16367e-04  -1.16367e-04   1.16367e-04
  11  alpha_y     -1.52098e-04   1.15852e-04  -1.15852e-04   1.15852e-04
  12  w_y          1.44500e+01   constant   
  13  beta_y       8.59592e-04   1.16164e-04  -1.16164e-04   1.16164e-04
  14  alpha_vw     6.34063e-05   1.16274e-04  -1.16274e-04   1.16274e-04
  15  w_vw         1.29000e+01   constant   
  16  beta_vw      2.06100e-05   1.15799e-04  -1.15798e-04   1.15799e-04
  17  LM           1.49459e-04   constant   
  18  zeta_y       0.00000e+00   constant   
  19  zeta_vw      0.00000e+00   constant   
 **********
 **   88 **SHO COR 
 **********
 PARAMETER  CORRELATION COEFFICIENTS  
       NO.  GLOBAL      1      3      4      6      8      9     10     11     13     14     16
        1  0.23254   1.000  0.207 -0.077  0.027  0.034  0.012 -0.032  0.004  0.002  0.009 -0.020
        3  0.28543   0.207  1.000  0.044  0.182  0.064 -0.042  0.009  0.008  0.013 -0.001  0.011
        4  0.25758  -0.077  0.044  1.000  0.009  0.231 -0.036 -0.045  0.012  0.020  0.005 -0.004
        6  0.19603   0.027  0.182  0.009  1.000 -0.014 -0.018  0.060 -0.006 -0.003 -0.015  0.028
        8  0.24269   0.034  0.064  0.231 -0.014  1.000 -0.016 -0.014 -0.000 -0.004  0.001 -0.014
        9  0.06943   0.012 -0.042 -0.036 -0.018 -0.016  1.000 -0.021  0.015  0.016  0.016 -0.015
       10  0.08990  -0.032  0.009 -0.045  0.060 -0.014 -0.021  1.000  0.001  0.013 -0.001  0.022
       11  0.08446   0.004  0.008  0.012 -0.006 -0.000  0.015  0.001  1.000  0.002  0.060  0.055
       13  0.07013   0.002  0.013  0.020 -0.003 -0.004  0.016  0.013  0.002  1.000 -0.025  0.055
       14  0.06884   0.009 -0.001  0.005 -0.015  0.001  0.016 -0.001  0.060 -0.025  1.000  0.002
       16  0.09089  -0.020  0.011 -0.004  0.028 -0.014 -0.015  0.022  0.055  0.055  0.002  1.000
