 + ++++++++++++++++++++++++++++++++++++++++++++++++++++++++++++++++++++ +
 +                                                                      +
 +           You have chose to blind your fitting according to          +
 +                omega_ref * (1 + (R +/- deltaR) *10^{-6})             +
 +                                                                      +
 + ++++++++++++++++++++++++++++++++++++++++++++++++++++++++++++++++++++ +
In main()...
reading format from /gm2data/zkhechad/run45/envelope/formats/formatB_sBin_constraintOn.txt
pBinTau 	= 0  
pBinPhi 	= 0  
constraintau 	= 1 
includeMopTerm 	= 0    
constrainMop    = 0   
Parameters after format file: pBinTau 0 pBinPhi 0 constraintau 1 includeMopTerm 0 constrainMop 0 c_e_scale 0.000000 
Opening file /gm2data/tbarrett/gm2fr/studies/run23_bunch_corrections/CorrectedFourier_Run3b.root.
reading full fit data from /gm2data/zkhechad/cboTemplates/Run4CBOTemplates/templateFits2/noRF/sBin_constraintOn_cE0.0_seed0_noRF_calo7.root
windowBins = 70
fitting sliding window 1120 from bin 1323 at 197.391600 to bin 1393 at 207.835600 (70 bins)

Reading data from /gm2data/cornell/histograms/aMethod/histogram_a_noRF.root
 **********
 **    1 **SET PRINTOUT            1
 **********
 **********
 **    2 **SET NOWARNINGS 
 **********
 PARAMETER DEFINITIONS:
    NO.   NAME         VALUE      STEP SIZE      LIMITS
     1 N0           3.03109e+06  1.00000e+02     no limits
     2 tau          6.43842e+01  constant
     3 A0           3.50105e-01  1.00000e-04     no limits
     4 phi          4.11507e+00  1.00000e-02     no limits
     5 R           -7.10929e+01  constant
     6 alpha_CBO    0.00000e+00  1.00000e-03     no limits
     7 w_CBO        2.17693e+00  constant
     8 beta_CBO     0.00000e+00  1.00000e-03     no limits
     9 alpha_2CBO   0.00000e+00  1.00000e-03     no limits
    10 beta_2CBO    0.00000e+00  1.00000e-03     no limits
    11 alpha_y      0.00000e+00  1.00000e-03     no limits
    12 w_y          1.44500e+01  constant
    13 beta_y       0.00000e+00  1.00000e-03     no limits
    14 alpha_vw     0.00000e+00  1.00000e-03     no limits
    15 w_vw         1.29000e+01  constant
    16 beta_vw      0.00000e+00  1.00000e-03     no limits
    17 LM          -1.04106e-03  constant
    18 zeta_y       0.00000e+00  constant
    19 zeta_vw      0.00000e+00  constant
MINUIT - FIT ONLY WIGGLE
 **********
 **    3 **FIX            5
 **********
 PARAMETER    5  IS CONSTANT.   IGNORED.
 **********
 **    4 **FIX            6
 **********
 **********
 **    5 **FIX            7
 **********
 PARAMETER    7  IS CONSTANT.   IGNORED.
 **********
 **    6 **FIX            8
 **********
 **********
 **    7 **FIX            9
 **********
 **********
 **    8 **FIX           10
 **********
 **********
 **    9 **FIX           11
 **********
 **********
 **   10 **FIX           12
 **********
 PARAMETER   12  IS CONSTANT.   IGNORED.
 **********
 **   11 **FIX           13
 **********
 **********
 **   12 **FIX           14
 **********
 **********
 **   13 **FIX           15
 **********
 PARAMETER   15  IS CONSTANT.   IGNORED.
 **********
 **   14 **FIX           16
 **********
 **********
 **   15 **MIGRAD
 **********
 FIRST CALL TO USER FUNCTION AT NEW START POINT, WITH IFLAG=4.
 START MIGRAD MINIMIZATION.  STRATEGY  1.  CONVERGENCE WHEN EDM .LT. 1.00e-04
 FCN=324.212 FROM MIGRAD    STATUS=INITIATE       12 CALLS          13 TOTAL
                     EDM= unknown      STRATEGY= 1      NO ERROR MATRIX       
  EXT PARAMETER               CURRENT GUESS       STEP         FIRST   
  NO.   NAME      VALUE            ERROR          SIZE      DERIVATIVE 
   1  N0           3.03109e+06   1.00000e+02   1.00000e+02   1.79772e-04
   2  tau          6.43842e+01   constant   
   3  A0           3.50105e-01   1.00000e-04   1.00000e-04  -2.57568e+04
   4  phi          4.11507e+00   1.00000e-02   1.00000e-02  -5.40683e+03
   5  R           -7.10929e+01   constant   
   6  alpha_CBO    0.00000e+00     fixed    
   7  w_CBO        2.17693e+00   constant   
   8  beta_CBO     0.00000e+00     fixed    
   9  alpha_2CBO   0.00000e+00     fixed    
  10  beta_2CBO    0.00000e+00     fixed    
  11  alpha_y      0.00000e+00     fixed    
  12  w_y          1.44500e+01   constant   
  13  beta_y       0.00000e+00     fixed    
  14  alpha_vw     0.00000e+00     fixed    
  15  w_vw         1.29000e+01   constant   
  16  beta_vw      0.00000e+00     fixed    
  17  LM          -1.04106e-03   constant   
  18  zeta_y       0.00000e+00   constant   
  19  zeta_vw      0.00000e+00   constant   
 MIGRAD MINIMIZATION HAS CONVERGED.
 MIGRAD WILL VERIFY CONVERGENCE AND ERROR MATRIX.
 COVARIANCE MATRIX CALCULATED SUCCESSFULLY
 FCN=308.362 FROM MIGRAD    STATUS=CONVERGED      50 CALLS          51 TOTAL
                     EDM=6.9225e-06    STRATEGY= 1      ERROR MATRIX ACCURATE 
  EXT PARAMETER                                   STEP         FIRST   
  NO.   NAME      VALUE            ERROR          SIZE      DERIVATIVE 
   1  N0           3.03145e+06   6.20202e+02   5.20162e+00   3.59529e-06
   2  tau          6.43842e+01   constant   
   3  A0           3.51008e-01   2.67817e-04   2.29014e-06  -8.40083e+00
   4  phi          4.11664e+00   7.85523e-04   6.64095e-06  -3.37286e+00
   5  R           -7.10929e+01   constant   
   6  alpha_CBO    0.00000e+00     fixed    
   7  w_CBO        2.17693e+00   constant   
   8  beta_CBO     0.00000e+00     fixed    
   9  alpha_2CBO   0.00000e+00     fixed    
  10  beta_2CBO    0.00000e+00     fixed    
  11  alpha_y      0.00000e+00     fixed    
  12  w_y          1.44500e+01   constant   
  13  beta_y       0.00000e+00     fixed    
  14  alpha_vw     0.00000e+00     fixed    
  15  w_vw         1.29000e+01   constant   
  16  beta_vw      0.00000e+00     fixed    
  17  LM          -1.04106e-03   constant   
  18  zeta_y       0.00000e+00   constant   
  19  zeta_vw      0.00000e+00   constant   
 EXTERNAL ERROR MATRIX.    NDIM=  25    NPAR=  3    ERR DEF=1
  3.847e+05  1.308e-02  8.237e-02 
  1.308e-02  7.173e-08 -7.424e-09 
  8.237e-02 -7.424e-09  6.170e-07 
 PARAMETER  CORRELATION COEFFICIENTS  
       NO.  GLOBAL      1      3      4
        1  0.18914   1.000  0.079  0.169
        3  0.09293   0.079  1.000 -0.035
        4  0.17596   0.169 -0.035  1.000
MINUIT - FIT ONLY 1-CBO + wiggle
 **********
 **   16 **RES 
 **********
                   PARAMETER   16  beta_vw RESTORED TO VARIABLE.
                   PARAMETER   14  alpha_vw RESTORED TO VARIABLE.
                   PARAMETER   13  beta_y RESTORED TO VARIABLE.
                   PARAMETER   11  alpha_y RESTORED TO VARIABLE.
                   PARAMETER   10  beta_2CBO RESTORED TO VARIABLE.
                   PARAMETER    9  alpha_2CBO RESTORED TO VARIABLE.
                   PARAMETER    8  beta_CBO RESTORED TO VARIABLE.
                   PARAMETER    6  alpha_CBO RESTORED TO VARIABLE.
 **********
 **   17 **FIX            8
 **********
 **********
 **   18 **FIX            9
 **********
 **********
 **   19 **FIX           11
 **********
 **********
 **   20 **FIX           12
 **********
 PARAMETER   12  IS CONSTANT.   IGNORED.
 **********
 **   21 **FIX           14
 **********
 **********
 **   22 **FIX           15
 **********
 PARAMETER   15  IS CONSTANT.   IGNORED.
 **********
 **   23 **FIX           16
 **********
 **********
 **   24 **MIGRAD
 **********
 START MIGRAD MINIMIZATION.  STRATEGY  1.  CONVERGENCE WHEN EDM .LT. 1.00e-04
 FCN=308.362 FROM MIGRAD    STATUS=INITIATE       18 CALLS          69 TOTAL
                     EDM= unknown      STRATEGY= 1      NO ERROR MATRIX       
  EXT PARAMETER               CURRENT GUESS       STEP         FIRST   
  NO.   NAME      VALUE            ERROR          SIZE      DERIVATIVE 
   1  N0           3.03145e+06   6.20202e+02   5.20162e+00   3.59529e-06
   2  tau          6.43842e+01   constant   
   3  A0           3.51008e-01   2.67817e-04   2.29014e-06  -8.40083e+00
   4  phi          4.11664e+00   7.85523e-04   6.64095e-06  -3.37286e+00
   5  R           -7.10929e+01   constant   
   6  alpha_CBO    0.00000e+00   1.00000e-03   1.00000e-03  -1.00048e+05
   7  w_CBO        2.17693e+00   constant   
   8  beta_CBO     0.00000e+00     fixed    
   9  alpha_2CBO   0.00000e+00     fixed    
  10  beta_2CBO    0.00000e+00   1.00000e-03   1.00000e-03   9.03239e+03
  11  alpha_y      0.00000e+00     fixed    
  12  w_y          1.44500e+01   constant   
  13  beta_y       0.00000e+00   1.00000e-03   1.00000e-03  -8.64513e+03
  14  alpha_vw     0.00000e+00     fixed    
  15  w_vw         1.29000e+01   constant   
  16  beta_vw      0.00000e+00     fixed    
  17  LM          -1.04106e-03   constant   
  18  zeta_y       0.00000e+00   constant   
  19  zeta_vw      0.00000e+00   constant   
 MIGRAD MINIMIZATION HAS CONVERGED.
 MIGRAD WILL VERIFY CONVERGENCE AND ERROR MATRIX.
 COVARIANCE MATRIX CALCULATED SUCCESSFULLY
 FCN=99.7962 FROM MIGRAD    STATUS=CONVERGED     112 CALLS         163 TOTAL
                     EDM=2.45793e-06    STRATEGY= 1      ERROR MATRIX ACCURATE 
  EXT PARAMETER                                   STEP         FIRST   
  NO.   NAME      VALUE            ERROR          SIZE      DERIVATIVE 
   1  N0           3.03166e+06   6.20956e+02   2.96932e+00   5.63774e-07
   2  tau          6.43842e+01   constant   
   3  A0           3.50413e-01   2.71065e-04   1.30760e-06  -3.96321e+00
   4  phi          4.11592e+00   7.88683e-04   3.79824e-06   1.03178e+00
   5  R           -7.10929e+01   constant   
   6  alpha_CBO    4.13945e-03   2.88749e-04   1.39025e-06   3.87207e+00
   7  w_CBO        2.17693e+00   constant   
   8  beta_CBO     0.00000e+00     fixed    
   9  alpha_2CBO   0.00000e+00     fixed    
  10  beta_2CBO   -4.69357e-05   2.82470e-04   1.37939e-06  -2.11623e+00
  11  alpha_y      0.00000e+00     fixed    
  12  w_y          1.44500e+01   constant   
  13  beta_y       2.92799e-04   2.84597e-04   1.39466e-06   3.74287e+00
  14  alpha_vw     0.00000e+00     fixed    
  15  w_vw         1.29000e+01   constant   
  16  beta_vw      0.00000e+00     fixed    
  17  LM          -1.04106e-03   constant   
  18  zeta_y       0.00000e+00   constant   
  19  zeta_vw      0.00000e+00   constant   
 EXTERNAL ERROR MATRIX.    NDIM=  25    NPAR=  6    ERR DEF=1
  3.856e+05  1.238e-02  8.174e-02  4.490e-03  7.686e-03 -5.814e-04 
  1.238e-02  7.348e-08 -5.275e-09 -1.184e-08 -8.801e-10 -1.551e-09 
  8.174e-02 -5.275e-09  6.220e-07 -1.459e-08 -9.145e-10  8.974e-10 
  4.490e-03 -1.184e-08 -1.459e-08  8.338e-08  6.256e-09 -1.153e-09 
  7.686e-03 -8.801e-10 -9.145e-10  6.256e-09  7.979e-08 -2.050e-11 
 -5.814e-04 -1.551e-09  8.974e-10 -1.153e-09 -2.050e-11  8.100e-08 
 PARAMETER  CORRELATION COEFFICIENTS  
       NO.  GLOBAL      1      3      4      6     10     13
        1  0.19490   1.000  0.074  0.167  0.025  0.044 -0.003
        3  0.17798   0.074  1.000 -0.025 -0.151 -0.011 -0.020
        4  0.18677   0.167 -0.025  1.000 -0.064 -0.004  0.004
        6  0.18804   0.025 -0.151 -0.064  1.000  0.077 -0.014
       10  0.08771   0.044 -0.011 -0.004  0.077  1.000 -0.000
       13  0.02667  -0.003 -0.020  0.004 -0.014 -0.000  1.000
MINUIT - FIT ONLY 2-CBO
 **********
 **   25 **RES 
 **********
                   PARAMETER   16  beta_vw RESTORED TO VARIABLE.
                   PARAMETER   14  alpha_vw RESTORED TO VARIABLE.
                   PARAMETER   11  alpha_y RESTORED TO VARIABLE.
                   PARAMETER    9  alpha_2CBO RESTORED TO VARIABLE.
                   PARAMETER    8  beta_CBO RESTORED TO VARIABLE.
 **********
 **   26 **FIX            0
 **********
 PARAMETER    0  IS UNDEFINED. IGNORED.
 **********
 **   27 **FIX            1
 **********
 **********
 **   28 **FIX            2
 **********
 PARAMETER    2  IS CONSTANT.   IGNORED.
 **********
 **   29 **FIX            3
 **********
 **********
 **   30 **FIX            4
 **********
 **********
 **   31 **FIX            5
 **********
 PARAMETER    5  IS CONSTANT.   IGNORED.
 **********
 **   32 **FIX            6
 **********
 **********
 **   33 **FIX            7
 **********
 PARAMETER    7  IS CONSTANT.   IGNORED.
 **********
 **   34 **FIX           10
 **********
 **********
 **   35 **FIX           11
 **********
 **********
 **   36 **FIX           12
 **********
 PARAMETER   12  IS CONSTANT.   IGNORED.
 **********
 **   37 **FIX           13
 **********
 **********
 **   38 **FIX           14
 **********
 **********
 **   39 **FIX           15
 **********
 PARAMETER   15  IS CONSTANT.   IGNORED.
 **********
 **   40 **FIX           16
 **********
 **********
 **   41 **MIGRAD
 **********
 START MIGRAD MINIMIZATION.  STRATEGY  1.  CONVERGENCE WHEN EDM .LT. 1.00e-04
 FCN=99.7962 FROM MIGRAD    STATUS=INITIATE        8 CALLS         171 TOTAL
                     EDM= unknown      STRATEGY= 1      NO ERROR MATRIX       
  EXT PARAMETER               CURRENT GUESS       STEP         FIRST   
  NO.   NAME      VALUE            ERROR          SIZE      DERIVATIVE 
   1  N0           3.03166e+06     fixed    
   2  tau          6.43842e+01   constant   
   3  A0           3.50413e-01     fixed    
   4  phi          4.11592e+00     fixed    
   5  R           -7.10929e+01   constant   
   6  alpha_CBO    4.13945e-03     fixed    
   7  w_CBO        2.17693e+00   constant   
   8  beta_CBO     0.00000e+00   1.00000e-03   1.00000e-03  -1.77605e+04
   9  alpha_2CBO   0.00000e+00   1.00000e-03   1.00000e-03   1.72675e+04
  10  beta_2CBO   -4.69357e-05     fixed    
  11  alpha_y      0.00000e+00     fixed    
  12  w_y          1.44500e+01   constant   
  13  beta_y       2.92799e-04     fixed    
  14  alpha_vw     0.00000e+00     fixed    
  15  w_vw         1.29000e+01   constant   
  16  beta_vw      0.00000e+00     fixed    
  17  LM          -1.04106e-03   constant   
  18  zeta_y       0.00000e+00   constant   
  19  zeta_vw      0.00000e+00   constant   
 MIGRAD MINIMIZATION HAS CONVERGED.
 MIGRAD WILL VERIFY CONVERGENCE AND ERROR MATRIX.
 COVARIANCE MATRIX CALCULATED SUCCESSFULLY
 FCN=86.2579 FROM MIGRAD    STATUS=CONVERGED      34 CALLS         197 TOTAL
                     EDM=1.57499e-17    STRATEGY= 1      ERROR MATRIX ACCURATE 
  EXT PARAMETER                                   STEP         FIRST   
  NO.   NAME      VALUE            ERROR          SIZE      DERIVATIVE 
   1  N0           3.03166e+06     fixed    
   2  tau          6.43842e+01   constant   
   3  A0           3.50413e-01     fixed    
   4  phi          4.11592e+00     fixed    
   5  R           -7.10929e+01   constant   
   6  alpha_CBO    4.13945e-03     fixed    
   7  w_CBO        2.17693e+00   constant   
   8  beta_CBO     7.76535e-04   2.85358e-04   1.29785e-06  -1.88879e-06
   9  alpha_2CBO  -7.69365e-04   2.87658e-04   1.30831e-06   1.92800e-05
  10  beta_2CBO   -4.69357e-05     fixed    
  11  alpha_y      0.00000e+00     fixed    
  12  w_y          1.44500e+01   constant   
  13  beta_y       2.92799e-04     fixed    
  14  alpha_vw     0.00000e+00     fixed    
  15  w_vw         1.29000e+01   constant   
  16  beta_vw      0.00000e+00     fixed    
  17  LM          -1.04106e-03   constant   
  18  zeta_y       0.00000e+00   constant   
  19  zeta_vw      0.00000e+00   constant   
 EXTERNAL ERROR MATRIX.    NDIM=  25    NPAR=  2    ERR DEF=1
  8.143e-08 -6.188e-09 
 -6.188e-09  8.275e-08 
 PARAMETER  CORRELATION COEFFICIENTS  
       NO.  GLOBAL      8      9
        8  0.07538   1.000 -0.075
        9  0.07538  -0.075  1.000
MINUIT - FIT wiggle + 1-CBO + 2-CBO
 **********
 **   42 **RES 
 **********
                   PARAMETER   16  beta_vw RESTORED TO VARIABLE.
                   PARAMETER   14  alpha_vw RESTORED TO VARIABLE.
                   PARAMETER   13  beta_y RESTORED TO VARIABLE.
                   PARAMETER   11  alpha_y RESTORED TO VARIABLE.
                   PARAMETER   10  beta_2CBO RESTORED TO VARIABLE.
                   PARAMETER    6  alpha_CBO RESTORED TO VARIABLE.
                   PARAMETER    4  phi RESTORED TO VARIABLE.
                   PARAMETER    3  A0 RESTORED TO VARIABLE.
                   PARAMETER    1  N0 RESTORED TO VARIABLE.
 **********
 **   43 **FIX           10
 **********
 **********
 **   44 **FIX           11
 **********
 **********
 **   45 **FIX           12
 **********
 PARAMETER   12  IS CONSTANT.   IGNORED.
 **********
 **   46 **FIX           13
 **********
 **********
 **   47 **FIX           14
 **********
 **********
 **   48 **FIX           15
 **********
 PARAMETER   15  IS CONSTANT.   IGNORED.
 **********
 **   49 **FIX           16
 **********
 **********
 **   50 **MIGRAD
 **********
 START MIGRAD MINIMIZATION.  STRATEGY  1.  CONVERGENCE WHEN EDM .LT. 1.00e-04
 FCN=86.2579 FROM MIGRAD    STATUS=INITIATE       12 CALLS         209 TOTAL
                     EDM= unknown      STRATEGY= 1      NO ERROR MATRIX       
  EXT PARAMETER               CURRENT GUESS       STEP         FIRST   
  NO.   NAME      VALUE            ERROR          SIZE      DERIVATIVE 
   1  N0           3.03166e+06   6.20956e+02   6.20956e+02  -9.86746e-04
   2  tau          6.43842e+01   constant   
   3  A0           3.50413e-01   2.71065e-04   2.71065e-04  -2.26975e+02
   4  phi          4.11592e+00   7.88683e-04   7.88683e-04   1.03656e+03
   5  R           -7.10929e+01   constant   
   6  alpha_CBO    4.13945e-03   2.88749e-04   2.88749e-04   3.40902e+02
   7  w_CBO        2.17693e+00   constant   
   8  beta_CBO     7.76535e-04   2.85358e-04   1.29785e-06  -9.63557e-07
   9  alpha_2CBO  -7.69365e-04   2.87658e-04   1.30831e-06   1.42564e-06
  10  beta_2CBO   -4.69357e-05     fixed    
  11  alpha_y      0.00000e+00     fixed    
  12  w_y          1.44500e+01   constant   
  13  beta_y       2.92799e-04     fixed    
  14  alpha_vw     0.00000e+00     fixed    
  15  w_vw         1.29000e+01   constant   
  16  beta_vw      0.00000e+00     fixed    
  17  LM          -1.04106e-03   constant   
  18  zeta_y       0.00000e+00   constant   
  19  zeta_vw      0.00000e+00   constant   
 MIGRAD MINIMIZATION HAS CONVERGED.
 MIGRAD WILL VERIFY CONVERGENCE AND ERROR MATRIX.
 COVARIANCE MATRIX CALCULATED SUCCESSFULLY
 FCN=86.0295 FROM MIGRAD    STATUS=CONVERGED      94 CALLS         291 TOTAL
                     EDM=1.1804e-06    STRATEGY= 1      ERROR MATRIX ACCURATE 
  EXT PARAMETER                                   STEP         FIRST   
  NO.   NAME      VALUE            ERROR          SIZE      DERIVATIVE 
   1  N0           3.03181e+06   6.22908e+02   2.75924e+00   7.05116e-07
   2  tau          6.43842e+01   constant   
   3  A0           3.50434e-01   2.71997e-04   1.21496e-06  -2.05870e+00
   4  phi          4.11563e+00   7.95535e-04   3.52936e-06   3.53447e-01
   5  R           -7.10929e+01   constant   
   6  alpha_CBO    4.13416e-03   2.88210e-04   1.29175e-06   1.62832e-01
   7  w_CBO        2.17693e+00   constant   
   8  beta_CBO     8.00532e-04   2.90265e-04   1.29607e-06   1.86900e+00
   9  alpha_2CBO  -7.70915e-04   2.88260e-04   1.30652e-06   4.46826e+00
  10  beta_2CBO   -4.69357e-05     fixed    
  11  alpha_y      0.00000e+00     fixed    
  12  w_y          1.44500e+01   constant   
  13  beta_y       2.92799e-04     fixed    
  14  alpha_vw     0.00000e+00     fixed    
  15  w_vw         1.29000e+01   constant   
  16  beta_vw      0.00000e+00     fixed    
  17  LM          -1.04106e-03   constant   
  18  zeta_y       0.00000e+00   constant   
  19  zeta_vw      0.00000e+00   constant   
 EXTERNAL ERROR MATRIX.    NDIM=  25    NPAR=  6    ERR DEF=1
  3.880e+05  1.356e-02  7.598e-02  4.378e-03  1.626e-02 -7.973e-04 
  1.356e-02  7.398e-08 -7.275e-09 -1.146e-08  5.659e-09  3.428e-09 
  7.598e-02 -7.275e-09  6.329e-07 -1.540e-08 -3.028e-08  2.288e-09 
  4.378e-03 -1.146e-08 -1.540e-08  8.306e-08  2.493e-09  3.163e-09 
  1.626e-02  5.659e-09 -3.028e-08  2.493e-09  8.425e-08 -6.035e-09 
 -7.973e-04  3.428e-09  2.288e-09  3.163e-09 -6.035e-09  8.309e-08 
 PARAMETER  CORRELATION COEFFICIENTS  
       NO.  GLOBAL      1      3      4      6      8      9
        1  0.20954   1.000  0.080  0.153  0.024  0.090 -0.004
        3  0.19600   0.080  1.000 -0.034 -0.146  0.072  0.044
        4  0.22679   0.153 -0.034  1.000 -0.067 -0.131  0.010
        6  0.17852   0.024 -0.146 -0.067  1.000  0.030  0.038
        8  0.19782   0.090  0.072 -0.131  0.030  1.000 -0.072
        9  0.09978  -0.004  0.044  0.010  0.038 -0.072  1.000
MINUIT - FIT ONLY 1-y
 **********
 **   51 **RES 
 **********
                   PARAMETER   16  beta_vw RESTORED TO VARIABLE.
                   PARAMETER   14  alpha_vw RESTORED TO VARIABLE.
                   PARAMETER   13  beta_y RESTORED TO VARIABLE.
                   PARAMETER   11  alpha_y RESTORED TO VARIABLE.
                   PARAMETER   10  beta_2CBO RESTORED TO VARIABLE.
 **********
 **   52 **FIX            0
 **********
 PARAMETER    0  IS UNDEFINED. IGNORED.
 **********
 **   53 **FIX            1
 **********
 **********
 **   54 **FIX            2
 **********
 PARAMETER    2  IS CONSTANT.   IGNORED.
 **********
 **   55 **FIX            3
 **********
 **********
 **   56 **FIX            4
 **********
 **********
 **   57 **FIX            5
 **********
 PARAMETER    5  IS CONSTANT.   IGNORED.
 **********
 **   58 **FIX            6
 **********
 **********
 **   59 **FIX            7
 **********
 PARAMETER    7  IS CONSTANT.   IGNORED.
 **********
 **   60 **FIX            8
 **********
 **********
 **   61 **FIX            9
 **********
 **********
 **   62 **FIX           13
 **********
 **********
 **   63 **FIX           14
 **********
 **********
 **   64 **FIX           15
 **********
 PARAMETER   15  IS CONSTANT.   IGNORED.
 **********
 **   65 **FIX           16
 **********
 **********
 **   66 **MIGRAD
 **********
 START MIGRAD MINIMIZATION.  STRATEGY  1.  CONVERGENCE WHEN EDM .LT. 1.00e-04
 FCN=86.0295 FROM MIGRAD    STATUS=INITIATE        6 CALLS         297 TOTAL
                     EDM= unknown      STRATEGY= 1      NO ERROR MATRIX       
  EXT PARAMETER               CURRENT GUESS       STEP         FIRST   
  NO.   NAME      VALUE            ERROR          SIZE      DERIVATIVE 
   1  N0           3.03181e+06     fixed    
   2  tau          6.43842e+01   constant   
   3  A0           3.50434e-01     fixed    
   4  phi          4.11563e+00     fixed    
   5  R           -7.10929e+01   constant   
   6  alpha_CBO    4.13416e-03     fixed    
   7  w_CBO        2.17693e+00   constant   
   8  beta_CBO     8.00532e-04     fixed    
   9  alpha_2CBO  -7.70915e-04     fixed    
  10  beta_2CBO   -4.69357e-05   2.82470e-04   2.82470e-04  -2.61451e+02
  11  alpha_y      0.00000e+00   1.00000e-03   1.00000e-03   5.18515e+02
  12  w_y          1.44500e+01   constant   
  13  beta_y       2.92799e-04     fixed    
  14  alpha_vw     0.00000e+00     fixed    
  15  w_vw         1.29000e+01   constant   
  16  beta_vw      0.00000e+00     fixed    
  17  LM          -1.04106e-03   constant   
  18  zeta_y       0.00000e+00   constant   
  19  zeta_vw      0.00000e+00   constant   
 MIGRAD MINIMIZATION HAS CONVERGED.
 MIGRAD WILL VERIFY CONVERGENCE AND ERROR MATRIX.
 COVARIANCE MATRIX CALCULATED SUCCESSFULLY
 FCN=86.0228 FROM MIGRAD    STATUS=CONVERGED      21 CALLS         312 TOTAL
                     EDM=1.31733e-07    STRATEGY= 1      ERROR MATRIX ACCURATE 
  EXT PARAMETER                                   STEP         FIRST   
  NO.   NAME      VALUE            ERROR          SIZE      DERIVATIVE 
   1  N0           3.03181e+06     fixed    
   2  tau          6.43842e+01   constant   
   3  A0           3.50434e-01     fixed    
   4  phi          4.11563e+00     fixed    
   5  R           -7.10929e+01   constant   
   6  alpha_CBO    4.13416e-03     fixed    
   7  w_CBO        2.17693e+00   constant   
   8  beta_CBO     8.00532e-04     fixed    
   9  alpha_2CBO  -7.70915e-04     fixed    
  10  beta_2CBO   -3.65867e-05   2.81365e-04   1.28161e-06   1.63377e+00
  11  alpha_y     -2.08709e-05   2.83731e-04   1.29238e-06  -8.09967e-01
  12  w_y          1.44500e+01   constant   
  13  beta_y       2.92799e-04     fixed    
  14  alpha_vw     0.00000e+00     fixed    
  15  w_vw         1.29000e+01   constant   
  16  beta_vw      0.00000e+00     fixed    
  17  LM          -1.04106e-03   constant   
  18  zeta_y       0.00000e+00   constant   
  19  zeta_vw      0.00000e+00   constant   
 EXTERNAL ERROR MATRIX.    NDIM=  25    NPAR=  2    ERR DEF=1
  7.917e-08  2.494e-10 
  2.494e-10  8.050e-08 
 PARAMETER  CORRELATION COEFFICIENTS  
       NO.  GLOBAL     10     11
       10  0.00312   1.000  0.003
       11  0.00312   0.003  1.000
MINUIT - FIT ONLY 2-y
 **********
 **   67 **RES 
 **********
                   PARAMETER   16  beta_vw RESTORED TO VARIABLE.
                   PARAMETER   14  alpha_vw RESTORED TO VARIABLE.
                   PARAMETER   13  beta_y RESTORED TO VARIABLE.
                   PARAMETER    9  alpha_2CBO RESTORED TO VARIABLE.
                   PARAMETER    8  beta_CBO RESTORED TO VARIABLE.
                   PARAMETER    6  alpha_CBO RESTORED TO VARIABLE.
                   PARAMETER    4  phi RESTORED TO VARIABLE.
                   PARAMETER    3  A0 RESTORED TO VARIABLE.
                   PARAMETER    1  N0 RESTORED TO VARIABLE.
 **********
 **   68 **FIX            0
 **********
 PARAMETER    0  IS UNDEFINED. IGNORED.
 **********
 **   69 **FIX            1
 **********
 **********
 **   70 **FIX            2
 **********
 PARAMETER    2  IS CONSTANT.   IGNORED.
 **********
 **   71 **FIX            3
 **********
 **********
 **   72 **FIX            4
 **********
 **********
 **   73 **FIX            5
 **********
 PARAMETER    5  IS CONSTANT.   IGNORED.
 **********
 **   74 **FIX            6
 **********
 **********
 **   75 **FIX            7
 **********
 PARAMETER    7  IS CONSTANT.   IGNORED.
 **********
 **   76 **FIX            8
 **********
 **********
 **   77 **FIX            9
 **********
 **********
 **   78 **FIX           10
 **********
 **********
 **   79 **FIX           11
 **********
 **********
 **   80 **FIX           12
 **********
 PARAMETER   12  IS CONSTANT.   IGNORED.
 **********
 **   81 **FIX           16
 **********
 **********
 **   82 **MIGRAD
 **********
 START MIGRAD MINIMIZATION.  STRATEGY  1.  CONVERGENCE WHEN EDM .LT. 1.00e-04
 FCN=86.0228 FROM MIGRAD    STATUS=INITIATE        6 CALLS         318 TOTAL
                     EDM= unknown      STRATEGY= 1      NO ERROR MATRIX       
  EXT PARAMETER               CURRENT GUESS       STEP         FIRST   
  NO.   NAME      VALUE            ERROR          SIZE      DERIVATIVE 
   1  N0           3.03181e+06     fixed    
   2  tau          6.43842e+01   constant   
   3  A0           3.50434e-01     fixed    
   4  phi          4.11563e+00     fixed    
   5  R           -7.10929e+01   constant   
   6  alpha_CBO    4.13416e-03     fixed    
   7  w_CBO        2.17693e+00   constant   
   8  beta_CBO     8.00532e-04     fixed    
   9  alpha_2CBO  -7.70915e-04     fixed    
  10  beta_2CBO   -3.65867e-05     fixed    
  11  alpha_y     -2.08709e-05     fixed    
  12  w_y          1.44500e+01   constant   
  13  beta_y       2.92799e-04   2.84597e-04   2.84597e-04  -5.49913e+02
  14  alpha_vw     0.00000e+00   1.00000e-03   1.00000e-03   6.89705e+03
  15  w_vw         1.29000e+01   constant   
  16  beta_vw      0.00000e+00     fixed    
  17  LM          -1.04106e-03   constant   
  18  zeta_y       0.00000e+00   constant   
  19  zeta_vw      0.00000e+00   constant   
 MIGRAD MINIMIZATION HAS CONVERGED.
 MIGRAD WILL VERIFY CONVERGENCE AND ERROR MATRIX.
 COVARIANCE MATRIX CALCULATED SUCCESSFULLY
 FCN=85.0383 FROM MIGRAD    STATUS=CONVERGED      26 CALLS         338 TOTAL
                     EDM=2.74984e-07    STRATEGY= 1      ERROR MATRIX ACCURATE 
  EXT PARAMETER                                   STEP         FIRST   
  NO.   NAME      VALUE            ERROR          SIZE      DERIVATIVE 
   1  N0           3.03181e+06     fixed    
   2  tau          6.43842e+01   constant   
   3  A0           3.50434e-01     fixed    
   4  phi          4.11563e+00     fixed    
   5  R           -7.10929e+01   constant   
   6  alpha_CBO    4.13416e-03     fixed    
   7  w_CBO        2.17693e+00   constant   
   8  beta_CBO     8.00532e-04     fixed    
   9  alpha_2CBO  -7.70915e-04     fixed    
  10  beta_2CBO   -3.65867e-05     fixed    
  11  alpha_y     -2.08709e-05     fixed    
  12  w_y          1.44500e+01   constant   
  13  beta_y       3.32803e-04   2.85050e-04   1.28850e-06   2.60637e+00
  14  alpha_vw    -2.82303e-04   2.85406e-04   1.29011e-06   2.07291e-01
  15  w_vw         1.29000e+01   constant   
  16  beta_vw      0.00000e+00     fixed    
  17  LM          -1.04106e-03   constant   
  18  zeta_y       0.00000e+00   constant   
  19  zeta_vw      0.00000e+00   constant   
 EXTERNAL ERROR MATRIX.    NDIM=  25    NPAR=  2    ERR DEF=1
  8.125e-08 -5.091e-09 
 -5.091e-09  8.146e-08 
 PARAMETER  CORRELATION COEFFICIENTS  
       NO.  GLOBAL     13     14
       13  0.06258   1.000 -0.063
       14  0.06258  -0.063  1.000
MINUIT - FIT ALTOGETHER
 **********
 **   83 **RES 
 **********
                   PARAMETER   16  beta_vw RESTORED TO VARIABLE.
                   PARAMETER   11  alpha_y RESTORED TO VARIABLE.
                   PARAMETER   10  beta_2CBO RESTORED TO VARIABLE.
                   PARAMETER    9  alpha_2CBO RESTORED TO VARIABLE.
                   PARAMETER    8  beta_CBO RESTORED TO VARIABLE.
                   PARAMETER    6  alpha_CBO RESTORED TO VARIABLE.
                   PARAMETER    4  phi RESTORED TO VARIABLE.
                   PARAMETER    3  A0 RESTORED TO VARIABLE.
                   PARAMETER    1  N0 RESTORED TO VARIABLE.
 **********
 **   84 **MIGRAD
 **********
 START MIGRAD MINIMIZATION.  STRATEGY  1.  CONVERGENCE WHEN EDM .LT. 1.00e-04
 FCN=85.0383 FROM MIGRAD    STATUS=INITIATE       24 CALLS         362 TOTAL
                     EDM= unknown      STRATEGY= 1      NO ERROR MATRIX       
  EXT PARAMETER               CURRENT GUESS       STEP         FIRST   
  NO.   NAME      VALUE            ERROR          SIZE      DERIVATIVE 
   1  N0           3.03181e+06   6.22908e+02   6.22908e+02  -3.93489e-05
   2  tau          6.43842e+01   constant   
   3  A0           3.50434e-01   2.71997e-04   2.71997e-04   2.30802e+01
   4  phi          4.11563e+00   7.95535e-04   7.95535e-04   1.16482e+01
   5  R           -7.10929e+01   constant   
   6  alpha_CBO    4.13416e-03   2.88210e-04   2.88210e-04  -6.26618e+01
   7  w_CBO        2.17693e+00   constant   
   8  beta_CBO     8.00532e-04   2.90265e-04   2.90265e-04  -2.02546e+01
   9  alpha_2CBO  -7.70915e-04   2.88260e-04   2.88260e-04   6.34472e-01
  10  beta_2CBO   -3.65867e-05   2.81365e-04   2.81365e-04   8.65973e+01
  11  alpha_y     -2.08709e-05   2.83731e-04   2.83731e-04  -9.96888e+02
  12  w_y          1.44500e+01   constant   
  13  beta_y       3.32803e-04   2.85050e-04   1.28850e-06   2.60637e+00
  14  alpha_vw    -2.82303e-04   2.85406e-04   1.29011e-06   2.07293e-01
  15  w_vw         1.29000e+01   constant   
  16  beta_vw      0.00000e+00   1.00000e-03   1.00000e-03   9.29735e+02
  17  LM          -1.04106e-03   constant   
  18  zeta_y       0.00000e+00   constant   
  19  zeta_vw      0.00000e+00   constant   
 MIGRAD MINIMIZATION HAS CONVERGED.
 MIGRAD WILL VERIFY CONVERGENCE AND ERROR MATRIX.
 COVARIANCE MATRIX CALCULATED SUCCESSFULLY
 FCN=85.0028 FROM MIGRAD    STATUS=CONVERGED     172 CALLS         510 TOTAL
                     EDM=2.92291e-06    STRATEGY= 1      ERROR MATRIX ACCURATE 
  EXT PARAMETER                                   STEP         FIRST   
  NO.   NAME      VALUE            ERROR          SIZE      DERIVATIVE 
   1  N0           3.03182e+06   6.23734e+02   2.74292e+00  -4.52747e-07
   2  tau          6.43842e+01   constant   
   3  A0           3.50434e-01   2.72131e-04   1.20778e-06   4.01370e+00
   4  phi          4.11563e+00   7.95582e-04   3.50848e-06   4.09156e-02
   5  R           -7.10929e+01   constant   
   6  alpha_CBO    4.13802e-03   2.89196e-04   1.28411e-06   3.80007e+00
   7  w_CBO        2.17693e+00   constant   
   8  beta_CBO     8.01781e-04   2.90429e-04   1.28840e-06  -3.04971e+00
   9  alpha_2CBO  -7.69843e-04   2.88409e-04   1.29879e-06   1.53752e+00
  10  beta_2CBO   -4.03902e-05   2.82660e-04   1.27407e-06  -5.40051e+00
  11  alpha_y      1.68896e-05   2.88108e-04   1.28478e-06  -1.80389e+00
  12  w_y          1.44500e+01   constant   
  13  beta_y       3.37538e-04   2.87787e-04   1.28823e-06  -4.69672e-01
  14  alpha_vw    -2.88017e-04   2.88443e-04   1.28984e-06   1.25776e+00
  15  w_vw         1.29000e+01   constant   
  16  beta_vw     -3.48036e-05   2.87338e-04   1.28320e-06  -1.43551e+00
  17  LM          -1.04106e-03   constant   
  18  zeta_y       0.00000e+00   constant   
  19  zeta_vw      0.00000e+00   constant   
 EXTERNAL ERROR MATRIX.    NDIM=  25    NPAR= 11    ERR DEF=1
  3.890e+05 
  1.349e-02  7.406e-08 
  7.572e-02 -7.259e-09  6.330e-07 
  5.098e-03 -1.147e-08 -1.557e-08  8.363e-08 
  1.652e-02  5.595e-09 -3.034e-08  2.650e-09  8.435e-08 
 -6.295e-04  3.476e-09  2.236e-09  3.313e-09 -6.034e-09  8.318e-08 
  8.043e-03 -6.629e-10 -1.677e-09  6.365e-09  2.191e-09  1.078e-09  7.990e-08 
  8.414e-04  1.598e-09 -1.609e-10  1.544e-09 -8.236e-10  1.727e-09  4.003e-10  8.301e-08 
  1.933e-04 -1.642e-09  2.763e-10 -1.045e-09  1.174e-09 -1.455e-09 -2.822e-10 -5.491e-10  8.282e-08 
 -1.969e-03 -2.332e-10  8.085e-10 -9.736e-10 -5.518e-11 -4.839e-10  8.289e-10 -1.192e-08 -5.065e-09  8.320e-08 
 -3.423e-03  8.843e-10  1.521e-09 -6.200e-10 -1.086e-09 -4.793e-10  1.571e-09  7.651e-09 -1.102e-08 -5.932e-10  8.256e-08 
 PARAMETER  CORRELATION COEFFICIENTS  
       NO.  GLOBAL      1      3      4      6      8      9     10     11     13     14     16
        1  0.21548   1.000  0.079  0.153  0.028  0.091 -0.003  0.046  0.005  0.001 -0.011 -0.019
        3  0.19837   0.079  1.000 -0.034 -0.146  0.071  0.044 -0.009  0.020 -0.021 -0.003  0.011
        4  0.22704   0.153 -0.034  1.000 -0.068 -0.131  0.010 -0.007 -0.001  0.001  0.004  0.007
        6  0.19612   0.028 -0.146 -0.068  1.000  0.032  0.040  0.078  0.019 -0.013 -0.012 -0.007
        8  0.20055   0.091  0.071 -0.131  0.032  1.000 -0.072  0.027 -0.010  0.014 -0.001 -0.013
        9  0.10478  -0.003  0.044  0.010  0.040 -0.072  1.000  0.013  0.021 -0.018 -0.006 -0.006
       10  0.09566   0.046 -0.009 -0.007  0.078  0.027  0.013  1.000  0.005 -0.003  0.010  0.019
       11  0.17369   0.005  0.020 -0.001  0.019 -0.010  0.021  0.005  1.000 -0.007 -0.143  0.092
       13  0.15091   0.001 -0.021  0.001 -0.013  0.014 -0.018 -0.003 -0.007  1.000 -0.061 -0.133
       14  0.15744  -0.011 -0.003  0.004 -0.012 -0.001 -0.006  0.010 -0.143 -0.061  1.000 -0.007
       16  0.16545  -0.019  0.011  0.007 -0.007 -0.013 -0.006  0.019  0.092 -0.133 -0.007  1.000
MINUIT - MINOS
 **********
 **   85 **RES 
 **********
 CALL TO MNFREE IGNORED.  THERE ARE NO FIXED PARAMETERS
 **********
 **   86 **MIG      2.5e+04        0.01
 **********
 START MIGRAD MINIMIZATION.  STRATEGY  1.  CONVERGENCE WHEN EDM .LT. 1.00e-05
 FCN=85.0028 FROM MIGRAD    STATUS=INITIATE       22 CALLS         532 TOTAL
                     EDM=1.46146e-06    STRATEGY= 1      ERROR MATRIX ACCURATE 
  EXT PARAMETER                                   STEP         FIRST   
  NO.   NAME      VALUE            ERROR          SIZE      DERIVATIVE 
   1  N0           3.03182e+06   6.23734e+02   2.74292e+00  -4.52747e-07
   2  tau          6.43842e+01   constant   
   3  A0           3.50434e-01   2.72131e-04   1.20778e-06   4.01370e+00
   4  phi          4.11563e+00   7.95582e-04   3.50848e-06   4.09144e-02
   5  R           -7.10929e+01   constant   
   6  alpha_CBO    4.13802e-03   2.89196e-04   1.28411e-06   3.80007e+00
   7  w_CBO        2.17693e+00   constant   
   8  beta_CBO     8.01781e-04   2.90429e-04   1.28840e-06  -3.04970e+00
   9  alpha_2CBO  -7.69843e-04   2.88409e-04   1.29879e-06   1.53752e+00
  10  beta_2CBO   -4.03902e-05   2.82660e-04   1.27407e-06  -5.40051e+00
  11  alpha_y      1.68896e-05   2.88108e-04   1.28478e-06  -1.80389e+00
  12  w_y          1.44500e+01   constant   
  13  beta_y       3.37538e-04   2.87787e-04   1.28823e-06  -4.69671e-01
  14  alpha_vw    -2.88017e-04   2.88443e-04   1.28984e-06   1.25776e+00
  15  w_vw         1.29000e+01   constant   
  16  beta_vw     -3.48036e-05   2.87338e-04   1.28320e-06  -1.43551e+00
  17  LM          -1.04106e-03   constant   
  18  zeta_y       0.00000e+00   constant   
  19  zeta_vw      0.00000e+00   constant   
 MIGRAD MINIMIZATION HAS CONVERGED.
 FCN=85.0028 FROM MIGRAD    STATUS=CONVERGED      45 CALLS         555 TOTAL
                     EDM=7.81859e-19    STRATEGY= 1  ERROR MATRIX UNCERTAINTY   0.0 per cent
  EXT PARAMETER                                   STEP         FIRST   
  NO.   NAME      VALUE            ERROR          SIZE      DERIVATIVE 
   1  N0           3.03182e+06   6.23734e+02   9.67464e-02  -3.70435e-13
   2  tau          6.43842e+01   constant   
   3  A0           3.50434e-01   2.72131e-04  -1.17722e-07  -9.00110e-07
   4  phi          4.11563e+00   7.95582e-04  -3.65888e-09   1.55739e-06
   5  R           -7.10929e+01   constant   
   6  alpha_CBO    4.13791e-03   2.89196e-04  -1.14428e-07  -2.45681e-06
   7  w_CBO        2.17693e+00   constant   
   8  beta_CBO     8.01907e-04   2.90429e-04   1.26060e-07   1.19673e-06
   9  alpha_2CBO  -7.69926e-04   2.88409e-04  -8.25176e-08  -9.40981e-07
  10  beta_2CBO   -4.01800e-05   2.82660e-04   2.10247e-07  -2.18616e-06
  11  alpha_y      1.69698e-05   2.88108e-04   8.02749e-08  -5.14332e-07
  12  w_y          1.44500e+01   constant   
  13  beta_y       3.37560e-04   2.87787e-04   2.16899e-08  -1.05900e-06
  14  alpha_vw    -2.88077e-04   2.88443e-04  -6.03046e-08  -2.13189e-06
  15  w_vw         1.29000e+01   constant   
  16  beta_vw     -3.47381e-05   2.87338e-04   6.54975e-08  -1.88268e-07
  17  LM          -1.04106e-03   constant   
  18  zeta_y       0.00000e+00   constant   
  19  zeta_vw      0.00000e+00   constant   
 EXTERNAL ERROR MATRIX.    NDIM=  25    NPAR= 11    ERR DEF=1
  3.890e+05 
  1.349e-02  7.406e-08 
  7.572e-02 -7.259e-09  6.330e-07 
  5.098e-03 -1.147e-08 -1.557e-08  8.363e-08 
  1.652e-02  5.595e-09 -3.034e-08  2.650e-09  8.435e-08 
 -6.295e-04  3.476e-09  2.236e-09  3.313e-09 -6.034e-09  8.318e-08 
  8.043e-03 -6.629e-10 -1.677e-09  6.365e-09  2.191e-09  1.078e-09  7.990e-08 
  8.414e-04  1.598e-09 -1.609e-10  1.544e-09 -8.236e-10  1.727e-09  4.003e-10  8.301e-08 
  1.933e-04 -1.642e-09  2.763e-10 -1.045e-09  1.174e-09 -1.455e-09 -2.822e-10 -5.491e-10  8.282e-08 
 -1.969e-03 -2.332e-10  8.085e-10 -9.736e-10 -5.517e-11 -4.839e-10  8.289e-10 -1.192e-08 -5.065e-09  8.320e-08 
 -3.423e-03  8.843e-10  1.521e-09 -6.200e-10 -1.086e-09 -4.793e-10  1.571e-09  7.651e-09 -1.102e-08 -5.932e-10  8.256e-08 
 PARAMETER  CORRELATION COEFFICIENTS  
       NO.  GLOBAL      1      3      4      6      8      9     10     11     13     14     16
        1  0.21548   1.000  0.079  0.153  0.028  0.091 -0.003  0.046  0.005  0.001 -0.011 -0.019
        3  0.19837   0.079  1.000 -0.034 -0.146  0.071  0.044 -0.009  0.020 -0.021 -0.003  0.011
        4  0.22704   0.153 -0.034  1.000 -0.068 -0.131  0.010 -0.007 -0.001  0.001  0.004  0.007
        6  0.19612   0.028 -0.146 -0.068  1.000  0.032  0.040  0.078  0.019 -0.013 -0.012 -0.007
        8  0.20055   0.091  0.071 -0.131  0.032  1.000 -0.072  0.027 -0.010  0.014 -0.001 -0.013
        9  0.10478  -0.003  0.044  0.010  0.040 -0.072  1.000  0.013  0.021 -0.018 -0.006 -0.006
       10  0.09566   0.046 -0.009 -0.007  0.078  0.027  0.013  1.000  0.005 -0.003  0.010  0.019
       11  0.17369   0.005  0.020 -0.001  0.019 -0.010  0.021  0.005  1.000 -0.007 -0.143  0.092
       13  0.15091   0.001 -0.021  0.001 -0.013  0.014 -0.018 -0.003 -0.007  1.000 -0.061 -0.133
       14  0.15744  -0.011 -0.003  0.004 -0.012 -0.001 -0.006  0.010 -0.143 -0.061  1.000 -0.007
       16  0.16545  -0.019  0.011  0.007 -0.007 -0.013 -0.006  0.019  0.092 -0.133 -0.007  1.000
 **********
 **   87 **MINO      2.5e+04
 **********
 FCN=85.0028 FROM MINOS     STATUS=SUCCESSFUL    924 CALLS        1479 TOTAL
                     EDM=7.81859e-19    STRATEGY= 1  ERROR MATRIX UNCERTAINTY   0.0 per cent
  EXT PARAMETER                  PARABOLIC         MINOS ERRORS        
  NO.   NAME      VALUE            ERROR      NEGATIVE      POSITIVE   
   1  N0           3.03182e+06   6.23734e+02  -6.23734e+02   6.23734e+02
   2  tau          6.43842e+01   constant   
   3  A0           3.50434e-01   2.72131e-04  -2.72136e-04   2.72126e-04
   4  phi          4.11563e+00   7.95582e-04  -7.95589e-04   7.95574e-04
   5  R           -7.10929e+01   constant   
   6  alpha_CBO    4.13791e-03   2.89196e-04  -2.89199e-04   2.89193e-04
   7  w_CBO        2.17693e+00   constant   
   8  beta_CBO     8.01907e-04   2.90429e-04  -2.90435e-04   2.90423e-04
   9  alpha_2CBO  -7.69926e-04   2.88409e-04  -2.88409e-04   2.88410e-04
  10  beta_2CBO   -4.01800e-05   2.82660e-04  -2.82663e-04   2.82657e-04
  11  alpha_y      1.69698e-05   2.88108e-04  -2.88108e-04   2.88108e-04
  12  w_y          1.44500e+01   constant   
  13  beta_y       3.37560e-04   2.87787e-04  -2.87787e-04   2.87786e-04
  14  alpha_vw    -2.88077e-04   2.88443e-04  -2.88442e-04   2.88443e-04
  15  w_vw         1.29000e+01   constant   
  16  beta_vw     -3.47381e-05   2.87338e-04  -2.87337e-04   2.87340e-04
  17  LM          -1.04106e-03   constant   
  18  zeta_y       0.00000e+00   constant   
  19  zeta_vw      0.00000e+00   constant   
 **********
 **   88 **SHO COR 
 **********
 PARAMETER  CORRELATION COEFFICIENTS  
       NO.  GLOBAL      1      3      4      6      8      9     10     11     13     14     16
        1  0.21548   1.000  0.079  0.153  0.028  0.091 -0.003  0.046  0.005  0.001 -0.011 -0.019
        3  0.19837   0.079  1.000 -0.034 -0.146  0.071  0.044 -0.009  0.020 -0.021 -0.003  0.011
        4  0.22704   0.153 -0.034  1.000 -0.068 -0.131  0.010 -0.007 -0.001  0.001  0.004  0.007
        6  0.19612   0.028 -0.146 -0.068  1.000  0.032  0.040  0.078  0.019 -0.013 -0.012 -0.007
        8  0.20055   0.091  0.071 -0.131  0.032  1.000 -0.072  0.027 -0.010  0.014 -0.001 -0.013
        9  0.10478  -0.003  0.044  0.010  0.040 -0.072  1.000  0.013  0.021 -0.018 -0.006 -0.006
       10  0.09566   0.046 -0.009 -0.007  0.078  0.027  0.013  1.000  0.005 -0.003  0.010  0.019
       11  0.17369   0.005  0.020 -0.001  0.019 -0.010  0.021  0.005  1.000 -0.007 -0.143  0.092
       13  0.15091   0.001 -0.021  0.001 -0.013  0.014 -0.018 -0.003 -0.007  1.000 -0.061 -0.133
       14  0.15744  -0.011 -0.003  0.004 -0.012 -0.001 -0.006  0.010 -0.143 -0.061  1.000 -0.007
       16  0.16545  -0.019  0.011  0.007 -0.007 -0.013 -0.006  0.019  0.092 -0.133 -0.007  1.000
