 + ++++++++++++++++++++++++++++++++++++++++++++++++++++++++++++++++++++ +
 +                                                                      +
 +           You have chose to blind your fitting according to          +
 +                omega_ref * (1 + (R +/- deltaR) *10^{-6})             +
 +                                                                      +
 + ++++++++++++++++++++++++++++++++++++++++++++++++++++++++++++++++++++ +
In main()...
reading format from /gm2data/zkhechad/run45/envelope/formats/formatB_sBin_constraintOn.txt
pBinTau 	= 0  
pBinPhi 	= 0  
constraintau 	= 1 
includeMopTerm 	= 0    
constrainMop    = 0   
Parameters after format file: pBinTau 0 pBinPhi 0 constraintau 1 includeMopTerm 0 constrainMop 0 c_e_scale 0.000000 
Opening file /gm2data/tbarrett/gm2fr/studies/run23_bunch_corrections/CorrectedFourier_Run3b.root.
reading full fit data from /gm2data/zkhechad/cboTemplates/Run4CBOTemplates/templateFits2/noRF/sBin_constraintOn_cE0.0_seed0_noRF_calo20.root
windowBins = 70
fitting sliding window 1820 from bin 2023 at 301.831600 to bin 2093 at 312.275600 (70 bins)

Reading data from /gm2data/cornell/histograms/aMethod/histogram_a_noRF.root
 **********
 **    1 **SET PRINTOUT            1
 **********
 **********
 **    2 **SET NOWARNINGS 
 **********
 PARAMETER DEFINITIONS:
    NO.   NAME         VALUE      STEP SIZE      LIMITS
     1 N0           3.29471e+06  1.00000e+02     no limits
     2 tau          6.44562e+01  constant
     3 A0           3.64609e-01  1.00000e-04     no limits
     4 phi          4.12086e+00  1.00000e-02     no limits
     5 R           -5.60723e+01  constant
     6 alpha_CBO    0.00000e+00  1.00000e-03     no limits
     7 w_CBO        2.17265e+00  constant
     8 beta_CBO     0.00000e+00  1.00000e-03     no limits
     9 alpha_2CBO   0.00000e+00  1.00000e-03     no limits
    10 beta_2CBO    0.00000e+00  1.00000e-03     no limits
    11 alpha_y      0.00000e+00  1.00000e-03     no limits
    12 w_y          1.44500e+01  constant
    13 beta_y       0.00000e+00  1.00000e-03     no limits
    14 alpha_vw     0.00000e+00  1.00000e-03     no limits
    15 w_vw         1.29000e+01  constant
    16 beta_vw      0.00000e+00  1.00000e-03     no limits
    17 LM           1.80537e-03  constant
    18 zeta_y       0.00000e+00  constant
    19 zeta_vw      0.00000e+00  constant
MINUIT - FIT ONLY WIGGLE
 **********
 **    3 **FIX            5
 **********
 PARAMETER    5  IS CONSTANT.   IGNORED.
 **********
 **    4 **FIX            6
 **********
 **********
 **    5 **FIX            7
 **********
 PARAMETER    7  IS CONSTANT.   IGNORED.
 **********
 **    6 **FIX            8
 **********
 **********
 **    7 **FIX            9
 **********
 **********
 **    8 **FIX           10
 **********
 **********
 **    9 **FIX           11
 **********
 **********
 **   10 **FIX           12
 **********
 PARAMETER   12  IS CONSTANT.   IGNORED.
 **********
 **   11 **FIX           13
 **********
 **********
 **   12 **FIX           14
 **********
 **********
 **   13 **FIX           15
 **********
 PARAMETER   15  IS CONSTANT.   IGNORED.
 **********
 **   14 **FIX           16
 **********
 **********
 **   15 **MIGRAD
 **********
 FIRST CALL TO USER FUNCTION AT NEW START POINT, WITH IFLAG=4.
 START MIGRAD MINIMIZATION.  STRATEGY  1.  CONVERGENCE WHEN EDM .LT. 1.00e-04
 FCN=87.9515 FROM MIGRAD    STATUS=INITIATE       12 CALLS          13 TOTAL
                     EDM= unknown      STRATEGY= 1      NO ERROR MATRIX       
  EXT PARAMETER               CURRENT GUESS       STEP         FIRST   
  NO.   NAME      VALUE            ERROR          SIZE      DERIVATIVE 
   1  N0           3.29471e+06   1.00000e+02   1.00000e+02  -5.78628e-04
   2  tau          6.44562e+01   constant   
   3  A0           3.64609e-01   1.00000e-04   1.00000e-04   1.90451e+03
   4  phi          4.12086e+00   1.00000e-02   1.00000e-02  -9.52498e+02
   5  R           -5.60723e+01   constant   
   6  alpha_CBO    0.00000e+00     fixed    
   7  w_CBO        2.17265e+00   constant   
   8  beta_CBO     0.00000e+00     fixed    
   9  alpha_2CBO   0.00000e+00     fixed    
  10  beta_2CBO    0.00000e+00     fixed    
  11  alpha_y      0.00000e+00     fixed    
  12  w_y          1.44500e+01   constant   
  13  beta_y       0.00000e+00     fixed    
  14  alpha_vw     0.00000e+00     fixed    
  15  w_vw         1.29000e+01   constant   
  16  beta_vw      0.00000e+00     fixed    
  17  LM           1.80537e-03   constant   
  18  zeta_y       0.00000e+00   constant   
  19  zeta_vw      0.00000e+00   constant   
 MIGRAD MINIMIZATION HAS CONVERGED.
 MIGRAD WILL VERIFY CONVERGENCE AND ERROR MATRIX.
 COVARIANCE MATRIX CALCULATED SUCCESSFULLY
 FCN=86.7725 FROM MIGRAD    STATUS=CONVERGED      52 CALLS          53 TOTAL
                     EDM=1.56171e-10    STRATEGY= 1      ERROR MATRIX ACCURATE 
  EXT PARAMETER                                   STEP         FIRST   
  NO.   NAME      VALUE            ERROR          SIZE      DERIVATIVE 
   1  N0           3.29541e+06   1.50278e+03   6.51322e+00   4.66636e-09
   2  tau          6.44562e+01   constant   
   3  A0           3.64319e-01   5.69711e-04   2.57046e-06  -1.63962e-02
   4  phi          4.12233e+00   1.67421e-03   7.56865e-06   7.58895e-03
   5  R           -5.60723e+01   constant   
   6  alpha_CBO    0.00000e+00     fixed    
   7  w_CBO        2.17265e+00   constant   
   8  beta_CBO     0.00000e+00     fixed    
   9  alpha_2CBO   0.00000e+00     fixed    
  10  beta_2CBO    0.00000e+00     fixed    
  11  alpha_y      0.00000e+00     fixed    
  12  w_y          1.44500e+01   constant   
  13  beta_y       0.00000e+00     fixed    
  14  alpha_vw     0.00000e+00     fixed    
  15  w_vw         1.29000e+01   constant   
  16  beta_vw      0.00000e+00     fixed    
  17  LM           1.80537e-03   constant   
  18  zeta_y       0.00000e+00   constant   
  19  zeta_vw      0.00000e+00   constant   
 EXTERNAL ERROR MATRIX.    NDIM=  25    NPAR=  3    ERR DEF=1
  2.258e+06  1.308e-01  3.514e-01 
  1.308e-01  3.246e-07 -3.858e-08 
  3.514e-01 -3.858e-08  2.803e-06 
 PARAMETER  CORRELATION COEFFICIENTS  
       NO.  GLOBAL      1      3      4
        1  0.21130   1.000  0.153  0.140
        3  0.16502   0.153  1.000 -0.040
        4  0.15304   0.140 -0.040  1.000
MINUIT - FIT ONLY 1-CBO + wiggle
 **********
 **   16 **RES 
 **********
                   PARAMETER   16  beta_vw RESTORED TO VARIABLE.
                   PARAMETER   14  alpha_vw RESTORED TO VARIABLE.
                   PARAMETER   13  beta_y RESTORED TO VARIABLE.
                   PARAMETER   11  alpha_y RESTORED TO VARIABLE.
                   PARAMETER   10  beta_2CBO RESTORED TO VARIABLE.
                   PARAMETER    9  alpha_2CBO RESTORED TO VARIABLE.
                   PARAMETER    8  beta_CBO RESTORED TO VARIABLE.
                   PARAMETER    6  alpha_CBO RESTORED TO VARIABLE.
 **********
 **   17 **FIX            8
 **********
 **********
 **   18 **FIX            9
 **********
 **********
 **   19 **FIX           11
 **********
 **********
 **   20 **FIX           12
 **********
 PARAMETER   12  IS CONSTANT.   IGNORED.
 **********
 **   21 **FIX           14
 **********
 **********
 **   22 **FIX           15
 **********
 PARAMETER   15  IS CONSTANT.   IGNORED.
 **********
 **   23 **FIX           16
 **********
 **********
 **   24 **MIGRAD
 **********
 START MIGRAD MINIMIZATION.  STRATEGY  1.  CONVERGENCE WHEN EDM .LT. 1.00e-04
 FCN=86.7725 FROM MIGRAD    STATUS=INITIATE       18 CALLS          71 TOTAL
                     EDM= unknown      STRATEGY= 1      NO ERROR MATRIX       
  EXT PARAMETER               CURRENT GUESS       STEP         FIRST   
  NO.   NAME      VALUE            ERROR          SIZE      DERIVATIVE 
   1  N0           3.29541e+06   1.50278e+03   6.51322e+00   4.66634e-09
   2  tau          6.44562e+01   constant   
   3  A0           3.64319e-01   5.69711e-04   2.57046e-06  -1.63975e-02
   4  phi          4.12233e+00   1.67421e-03   7.56865e-06   7.58729e-03
   5  R           -5.60723e+01   constant   
   6  alpha_CBO    0.00000e+00   1.00000e-03   1.00000e-03   7.21658e+03
   7  w_CBO        2.17265e+00   constant   
   8  beta_CBO     0.00000e+00     fixed    
   9  alpha_2CBO   0.00000e+00     fixed    
  10  beta_2CBO    0.00000e+00   1.00000e-03   1.00000e-03  -1.29025e+03
  11  alpha_y      0.00000e+00     fixed    
  12  w_y          1.44500e+01   constant   
  13  beta_y       0.00000e+00   1.00000e-03   1.00000e-03   2.70061e+03
  14  alpha_vw     0.00000e+00     fixed    
  15  w_vw         1.29000e+01   constant   
  16  beta_vw      0.00000e+00     fixed    
  17  LM           1.80537e-03   constant   
  18  zeta_y       0.00000e+00   constant   
  19  zeta_vw      0.00000e+00   constant   
 MIGRAD MINIMIZATION HAS CONVERGED.
 MIGRAD WILL VERIFY CONVERGENCE AND ERROR MATRIX.
 COVARIANCE MATRIX CALCULATED SUCCESSFULLY
 FCN=80.5859 FROM MIGRAD    STATUS=CONVERGED     111 CALLS         164 TOTAL
                     EDM=5.60242e-07    STRATEGY= 1      ERROR MATRIX ACCURATE 
  EXT PARAMETER                                   STEP         FIRST   
  NO.   NAME      VALUE            ERROR          SIZE      DERIVATIVE 
   1  N0           3.29533e+06   1.50479e+03   6.27933e+00  -2.85190e-07
   2  tau          6.44562e+01   constant   
   3  A0           3.64527e-01   5.77452e-04   2.47779e-06  -2.43125e-01
   4  phi          4.12239e+00   1.67368e-03   7.29237e-06  -3.25337e-01
   5  R           -5.60723e+01   constant   
   6  alpha_CBO   -1.47947e-03   6.42522e-04   2.78690e-06  -5.80539e-01
   7  w_CBO        2.17265e+00   constant   
   8  beta_CBO     0.00000e+00     fixed    
   9  alpha_2CBO   0.00000e+00     fixed    
  10  beta_2CBO    1.69152e-04   6.25463e-04   2.75062e-06   3.54313e-02
  11  alpha_y      0.00000e+00     fixed    
  12  w_y          1.44500e+01   constant   
  13  beta_y      -5.47686e-04   6.29568e-04   2.77635e-06   1.03102e+00
  14  alpha_vw     0.00000e+00     fixed    
  15  w_vw         1.29000e+01   constant   
  16  beta_vw      0.00000e+00     fixed    
  17  LM           1.80537e-03   constant   
  18  zeta_y       0.00000e+00   constant   
  19  zeta_vw      0.00000e+00   constant   
 EXTERNAL ERROR MATRIX.    NDIM=  25    NPAR=  6    ERR DEF=1
  2.264e+06  1.260e-01  3.528e-01  2.953e-02  4.075e-02  3.561e-03 
  1.260e-01  3.335e-07 -3.771e-08 -6.046e-08 -8.912e-09  3.322e-09 
  3.528e-01 -3.771e-08  2.801e-06 -9.604e-09  2.313e-08 -4.836e-09 
  2.953e-02 -6.046e-08 -9.604e-09  4.128e-07  2.299e-08  3.560e-09 
  4.075e-02 -8.912e-09  2.313e-08  2.299e-08  3.912e-07  2.434e-10 
  3.561e-03  3.322e-09 -4.836e-09  3.560e-09  2.434e-10  3.964e-07 
 PARAMETER  CORRELATION COEFFICIENTS  
       NO.  GLOBAL      1      3      4      6     10     13
        1  0.21736   1.000  0.145  0.140  0.031  0.043  0.004
        3  0.23121   0.145  1.000 -0.039 -0.163 -0.025  0.009
        4  0.15504   0.140 -0.039  1.000 -0.009  0.022 -0.005
        6  0.18113   0.031 -0.163 -0.009  1.000  0.057  0.009
       10  0.07572   0.043 -0.025  0.022  0.057  1.000  0.001
       13  0.01467   0.004  0.009 -0.005  0.009  0.001  1.000
MINUIT - FIT ONLY 2-CBO
 **********
 **   25 **RES 
 **********
                   PARAMETER   16  beta_vw RESTORED TO VARIABLE.
                   PARAMETER   14  alpha_vw RESTORED TO VARIABLE.
                   PARAMETER   11  alpha_y RESTORED TO VARIABLE.
                   PARAMETER    9  alpha_2CBO RESTORED TO VARIABLE.
                   PARAMETER    8  beta_CBO RESTORED TO VARIABLE.
 **********
 **   26 **FIX            0
 **********
 PARAMETER    0  IS UNDEFINED. IGNORED.
 **********
 **   27 **FIX            1
 **********
 **********
 **   28 **FIX            2
 **********
 PARAMETER    2  IS CONSTANT.   IGNORED.
 **********
 **   29 **FIX            3
 **********
 **********
 **   30 **FIX            4
 **********
 **********
 **   31 **FIX            5
 **********
 PARAMETER    5  IS CONSTANT.   IGNORED.
 **********
 **   32 **FIX            6
 **********
 **********
 **   33 **FIX            7
 **********
 PARAMETER    7  IS CONSTANT.   IGNORED.
 **********
 **   34 **FIX           10
 **********
 **********
 **   35 **FIX           11
 **********
 **********
 **   36 **FIX           12
 **********
 PARAMETER   12  IS CONSTANT.   IGNORED.
 **********
 **   37 **FIX           13
 **********
 **********
 **   38 **FIX           14
 **********
 **********
 **   39 **FIX           15
 **********
 PARAMETER   15  IS CONSTANT.   IGNORED.
 **********
 **   40 **FIX           16
 **********
 **********
 **   41 **MIGRAD
 **********
 START MIGRAD MINIMIZATION.  STRATEGY  1.  CONVERGENCE WHEN EDM .LT. 1.00e-04
 FCN=80.5859 FROM MIGRAD    STATUS=INITIATE        8 CALLS         172 TOTAL
                     EDM= unknown      STRATEGY= 1      NO ERROR MATRIX       
  EXT PARAMETER               CURRENT GUESS       STEP         FIRST   
  NO.   NAME      VALUE            ERROR          SIZE      DERIVATIVE 
   1  N0           3.29533e+06     fixed    
   2  tau          6.44562e+01   constant   
   3  A0           3.64527e-01     fixed    
   4  phi          4.12239e+00     fixed    
   5  R           -5.60723e+01   constant   
   6  alpha_CBO   -1.47947e-03     fixed    
   7  w_CBO        2.17265e+00   constant   
   8  beta_CBO     0.00000e+00   1.00000e-03   1.00000e-03   7.34821e+03
   9  alpha_2CBO   0.00000e+00   1.00000e-03   1.00000e-03   6.56400e+02
  10  beta_2CBO    1.69152e-04     fixed    
  11  alpha_y      0.00000e+00     fixed    
  12  w_y          1.44500e+01   constant   
  13  beta_y      -5.47686e-04     fixed    
  14  alpha_vw     0.00000e+00     fixed    
  15  w_vw         1.29000e+01   constant   
  16  beta_vw      0.00000e+00     fixed    
  17  LM           1.80537e-03   constant   
  18  zeta_y       0.00000e+00   constant   
  19  zeta_vw      0.00000e+00   constant   
 MIGRAD MINIMIZATION HAS CONVERGED.
 MIGRAD WILL VERIFY CONVERGENCE AND ERROR MATRIX.
 COVARIANCE MATRIX CALCULATED SUCCESSFULLY
 FCN=75.2436 FROM MIGRAD    STATUS=CONVERGED      33 CALLS         197 TOTAL
                     EDM=2.58657e-13    STRATEGY= 1      ERROR MATRIX ACCURATE 
  EXT PARAMETER                                   STEP         FIRST   
  NO.   NAME      VALUE            ERROR          SIZE      DERIVATIVE 
   1  N0           3.29533e+06     fixed    
   2  tau          6.44562e+01   constant   
   3  A0           3.64527e-01     fixed    
   4  phi          4.12239e+00     fixed    
   5  R           -5.60723e+01   constant   
   6  alpha_CBO   -1.47947e-03     fixed    
   7  w_CBO        2.17265e+00   constant   
   8  beta_CBO    -1.45073e-03   6.30246e-04   2.68130e-06   1.13862e-03
   9  alpha_2CBO  -3.68671e-05   6.38701e-04   2.71727e-06  -3.20457e-05
  10  beta_2CBO    1.69152e-04     fixed    
  11  alpha_y      0.00000e+00     fixed    
  12  w_y          1.44500e+01   constant   
  13  beta_y      -5.47686e-04     fixed    
  14  alpha_vw     0.00000e+00     fixed    
  15  w_vw         1.29000e+01   constant   
  16  beta_vw      0.00000e+00     fixed    
  17  LM           1.80537e-03   constant   
  18  zeta_y       0.00000e+00   constant   
  19  zeta_vw      0.00000e+00   constant   
 EXTERNAL ERROR MATRIX.    NDIM=  25    NPAR=  2    ERR DEF=1
  3.972e-07 -2.641e-08 
 -2.641e-08  4.079e-07 
 PARAMETER  CORRELATION COEFFICIENTS  
       NO.  GLOBAL      8      9
        8  0.06560   1.000 -0.066
        9  0.06560  -0.066  1.000
MINUIT - FIT wiggle + 1-CBO + 2-CBO
 **********
 **   42 **RES 
 **********
                   PARAMETER   16  beta_vw RESTORED TO VARIABLE.
                   PARAMETER   14  alpha_vw RESTORED TO VARIABLE.
                   PARAMETER   13  beta_y RESTORED TO VARIABLE.
                   PARAMETER   11  alpha_y RESTORED TO VARIABLE.
                   PARAMETER   10  beta_2CBO RESTORED TO VARIABLE.
                   PARAMETER    6  alpha_CBO RESTORED TO VARIABLE.
                   PARAMETER    4  phi RESTORED TO VARIABLE.
                   PARAMETER    3  A0 RESTORED TO VARIABLE.
                   PARAMETER    1  N0 RESTORED TO VARIABLE.
 **********
 **   43 **FIX           10
 **********
 **********
 **   44 **FIX           11
 **********
 **********
 **   45 **FIX           12
 **********
 PARAMETER   12  IS CONSTANT.   IGNORED.
 **********
 **   46 **FIX           13
 **********
 **********
 **   47 **FIX           14
 **********
 **********
 **   48 **FIX           15
 **********
 PARAMETER   15  IS CONSTANT.   IGNORED.
 **********
 **   49 **FIX           16
 **********
 **********
 **   50 **MIGRAD
 **********
 START MIGRAD MINIMIZATION.  STRATEGY  1.  CONVERGENCE WHEN EDM .LT. 1.00e-04
 FCN=75.2436 FROM MIGRAD    STATUS=INITIATE       12 CALLS         209 TOTAL
                     EDM= unknown      STRATEGY= 1      NO ERROR MATRIX       
  EXT PARAMETER               CURRENT GUESS       STEP         FIRST   
  NO.   NAME      VALUE            ERROR          SIZE      DERIVATIVE 
   1  N0           3.29533e+06   1.50479e+03   1.50479e+03   2.59968e-04
   2  tau          6.44562e+01   constant   
   3  A0           3.64527e-01   5.77452e-04   5.77452e-04   1.60468e+02
   4  phi          4.12239e+00   1.67368e-03   1.67368e-03  -4.40962e+02
   5  R           -5.60723e+01   constant   
   6  alpha_CBO   -1.47947e-03   6.42522e-04   6.42522e-04   2.27450e+02
   7  w_CBO        2.17265e+00   constant   
   8  beta_CBO    -1.45073e-03   6.30246e-04   2.68130e-06   1.13898e-03
   9  alpha_2CBO  -3.68671e-05   6.38701e-04   2.71727e-06  -3.23203e-05
  10  beta_2CBO    1.69152e-04     fixed    
  11  alpha_y      0.00000e+00     fixed    
  12  w_y          1.44500e+01   constant   
  13  beta_y      -5.47686e-04     fixed    
  14  alpha_vw     0.00000e+00     fixed    
  15  w_vw         1.29000e+01   constant   
  16  beta_vw      0.00000e+00     fixed    
  17  LM           1.80537e-03   constant   
  18  zeta_y       0.00000e+00   constant   
  19  zeta_vw      0.00000e+00   constant   
 MIGRAD MINIMIZATION HAS CONVERGED.
 MIGRAD WILL VERIFY CONVERGENCE AND ERROR MATRIX.
 COVARIANCE MATRIX CALCULATED SUCCESSFULLY
 FCN=75.0724 FROM MIGRAD    STATUS=CONVERGED      93 CALLS         290 TOTAL
                     EDM=3.069e-06    STRATEGY= 1      ERROR MATRIX ACCURATE 
  EXT PARAMETER                                   STEP         FIRST   
  NO.   NAME      VALUE            ERROR          SIZE      DERIVATIVE 
   1  N0           3.29509e+06   1.50685e+03   6.06303e+00  -3.28357e-07
   2  tau          6.44562e+01   constant   
   3  A0           3.64481e-01   5.78487e-04   2.39281e-06   2.58253e+00
   4  phi          4.12298e+00   1.69241e-03   7.04190e-06  -1.23766e-01
   5  R           -5.60723e+01   constant   
   6  alpha_CBO   -1.52952e-03   6.42339e-04   2.69132e-06  -1.04578e+00
   7  w_CBO        2.17265e+00   constant   
   8  beta_CBO    -1.49675e-03   6.40046e-04   2.67854e-06  -2.45175e-01
   9  alpha_2CBO  -4.55203e-05   6.40543e-04   2.71446e-06  -2.79396e+00
  10  beta_2CBO    1.69152e-04     fixed    
  11  alpha_y      0.00000e+00     fixed    
  12  w_y          1.44500e+01   constant   
  13  beta_y      -5.47686e-04     fixed    
  14  alpha_vw     0.00000e+00     fixed    
  15  w_vw         1.29000e+01   constant   
  16  beta_vw      0.00000e+00     fixed    
  17  LM           1.80537e-03   constant   
  18  zeta_y       0.00000e+00   constant   
  19  zeta_vw      0.00000e+00   constant   
 EXTERNAL ERROR MATRIX.    NDIM=  25    NPAR=  6    ERR DEF=1
  2.271e+06  1.294e-01  3.244e-01  2.963e-02  6.473e-02  1.048e-02 
  1.294e-01  3.346e-07 -4.257e-08 -5.876e-08  1.079e-08  2.038e-08 
  3.244e-01 -4.257e-08  2.864e-06 -1.659e-08 -1.604e-07 -1.466e-08 
  2.963e-02 -5.876e-08 -1.659e-08  4.126e-07  1.212e-08  1.649e-08 
  6.473e-02  1.079e-08 -1.604e-07  1.212e-08  4.097e-07 -2.439e-08 
  1.048e-02  2.038e-08 -1.466e-08  1.649e-08 -2.439e-08  4.103e-07 
 PARAMETER  CORRELATION COEFFICIENTS  
       NO.  GLOBAL      1      3      4      6      8      9
        1  0.22358   1.000  0.148  0.127  0.031  0.067  0.011
        3  0.23806   0.148  1.000 -0.043 -0.158  0.029  0.055
        4  0.21316   0.127 -0.043  1.000 -0.015 -0.148 -0.014
        6  0.17915   0.031 -0.158 -0.015  1.000  0.029  0.040
        8  0.18541   0.067  0.029 -0.148  0.029  1.000 -0.060
        9  0.09921   0.011  0.055 -0.014  0.040 -0.060  1.000
MINUIT - FIT ONLY 1-y
 **********
 **   51 **RES 
 **********
                   PARAMETER   16  beta_vw RESTORED TO VARIABLE.
                   PARAMETER   14  alpha_vw RESTORED TO VARIABLE.
                   PARAMETER   13  beta_y RESTORED TO VARIABLE.
                   PARAMETER   11  alpha_y RESTORED TO VARIABLE.
                   PARAMETER   10  beta_2CBO RESTORED TO VARIABLE.
 **********
 **   52 **FIX            0
 **********
 PARAMETER    0  IS UNDEFINED. IGNORED.
 **********
 **   53 **FIX            1
 **********
 **********
 **   54 **FIX            2
 **********
 PARAMETER    2  IS CONSTANT.   IGNORED.
 **********
 **   55 **FIX            3
 **********
 **********
 **   56 **FIX            4
 **********
 **********
 **   57 **FIX            5
 **********
 PARAMETER    5  IS CONSTANT.   IGNORED.
 **********
 **   58 **FIX            6
 **********
 **********
 **   59 **FIX            7
 **********
 PARAMETER    7  IS CONSTANT.   IGNORED.
 **********
 **   60 **FIX            8
 **********
 **********
 **   61 **FIX            9
 **********
 **********
 **   62 **FIX           13
 **********
 **********
 **   63 **FIX           14
 **********
 **********
 **   64 **FIX           15
 **********
 PARAMETER   15  IS CONSTANT.   IGNORED.
 **********
 **   65 **FIX           16
 **********
 **********
 **   66 **MIGRAD
 **********
 START MIGRAD MINIMIZATION.  STRATEGY  1.  CONVERGENCE WHEN EDM .LT. 1.00e-04
 FCN=75.0724 FROM MIGRAD    STATUS=INITIATE        6 CALLS         296 TOTAL
                     EDM= unknown      STRATEGY= 1      NO ERROR MATRIX       
  EXT PARAMETER               CURRENT GUESS       STEP         FIRST   
  NO.   NAME      VALUE            ERROR          SIZE      DERIVATIVE 
   1  N0           3.29509e+06     fixed    
   2  tau          6.44562e+01   constant   
   3  A0           3.64481e-01     fixed    
   4  phi          4.12298e+00     fixed    
   5  R           -5.60723e+01   constant   
   6  alpha_CBO   -1.52952e-03     fixed    
   7  w_CBO        2.17265e+00   constant   
   8  beta_CBO    -1.49675e-03     fixed    
   9  alpha_2CBO  -4.55203e-05     fixed    
  10  beta_2CBO    1.69152e-04   6.25463e-04   6.25463e-04   2.17917e+02
  11  alpha_y      0.00000e+00   1.00000e-03   1.00000e-03  -3.51825e+01
  12  w_y          1.44500e+01   constant   
  13  beta_y      -5.47686e-04     fixed    
  14  alpha_vw     0.00000e+00     fixed    
  15  w_vw         1.29000e+01   constant   
  16  beta_vw      0.00000e+00     fixed    
  17  LM           1.80537e-03   constant   
  18  zeta_y       0.00000e+00   constant   
  19  zeta_vw      0.00000e+00   constant   
 MIGRAD MINIMIZATION HAS CONVERGED.
 MIGRAD WILL VERIFY CONVERGENCE AND ERROR MATRIX.
 COVARIANCE MATRIX CALCULATED SUCCESSFULLY
 FCN=75.0676 FROM MIGRAD    STATUS=CONVERGED      21 CALLS         311 TOTAL
                     EDM=1.36407e-07    STRATEGY= 1      ERROR MATRIX ACCURATE 
  EXT PARAMETER                                   STEP         FIRST   
  NO.   NAME      VALUE            ERROR          SIZE      DERIVATIVE 
   1  N0           3.29509e+06     fixed    
   2  tau          6.44562e+01   constant   
   3  A0           3.64481e-01     fixed    
   4  phi          4.12298e+00     fixed    
   5  R           -5.60723e+01   constant   
   6  alpha_CBO   -1.52952e-03     fixed    
   7  w_CBO        2.17265e+00   constant   
   8  beta_CBO    -1.49675e-03     fixed    
   9  alpha_2CBO  -4.55203e-05     fixed    
  10  beta_2CBO    1.26764e-04   6.23728e-04   2.65621e-06   1.34966e-01
  11  alpha_y      7.00891e-06   6.31219e-04   2.68811e-06  -8.16148e-01
  12  w_y          1.44500e+01   constant   
  13  beta_y      -5.47686e-04     fixed    
  14  alpha_vw     0.00000e+00     fixed    
  15  w_vw         1.29000e+01   constant   
  16  beta_vw      0.00000e+00     fixed    
  17  LM           1.80537e-03   constant   
  18  zeta_y       0.00000e+00   constant   
  19  zeta_vw      0.00000e+00   constant   
 EXTERNAL ERROR MATRIX.    NDIM=  25    NPAR=  2    ERR DEF=1
  3.890e-07 -1.492e-09 
 -1.492e-09  3.984e-07 
 PARAMETER  CORRELATION COEFFICIENTS  
       NO.  GLOBAL     10     11
       10  0.00379   1.000 -0.004
       11  0.00379  -0.004  1.000
MINUIT - FIT ONLY 2-y
 **********
 **   67 **RES 
 **********
                   PARAMETER   16  beta_vw RESTORED TO VARIABLE.
                   PARAMETER   14  alpha_vw RESTORED TO VARIABLE.
                   PARAMETER   13  beta_y RESTORED TO VARIABLE.
                   PARAMETER    9  alpha_2CBO RESTORED TO VARIABLE.
                   PARAMETER    8  beta_CBO RESTORED TO VARIABLE.
                   PARAMETER    6  alpha_CBO RESTORED TO VARIABLE.
                   PARAMETER    4  phi RESTORED TO VARIABLE.
                   PARAMETER    3  A0 RESTORED TO VARIABLE.
                   PARAMETER    1  N0 RESTORED TO VARIABLE.
 **********
 **   68 **FIX            0
 **********
 PARAMETER    0  IS UNDEFINED. IGNORED.
 **********
 **   69 **FIX            1
 **********
 **********
 **   70 **FIX            2
 **********
 PARAMETER    2  IS CONSTANT.   IGNORED.
 **********
 **   71 **FIX            3
 **********
 **********
 **   72 **FIX            4
 **********
 **********
 **   73 **FIX            5
 **********
 PARAMETER    5  IS CONSTANT.   IGNORED.
 **********
 **   74 **FIX            6
 **********
 **********
 **   75 **FIX            7
 **********
 PARAMETER    7  IS CONSTANT.   IGNORED.
 **********
 **   76 **FIX            8
 **********
 **********
 **   77 **FIX            9
 **********
 **********
 **   78 **FIX           10
 **********
 **********
 **   79 **FIX           11
 **********
 **********
 **   80 **FIX           12
 **********
 PARAMETER   12  IS CONSTANT.   IGNORED.
 **********
 **   81 **FIX           16
 **********
 **********
 **   82 **MIGRAD
 **********
 START MIGRAD MINIMIZATION.  STRATEGY  1.  CONVERGENCE WHEN EDM .LT. 1.00e-04
 FCN=75.0676 FROM MIGRAD    STATUS=INITIATE        6 CALLS         317 TOTAL
                     EDM= unknown      STRATEGY= 1      NO ERROR MATRIX       
  EXT PARAMETER               CURRENT GUESS       STEP         FIRST   
  NO.   NAME      VALUE            ERROR          SIZE      DERIVATIVE 
   1  N0           3.29509e+06     fixed    
   2  tau          6.44562e+01   constant   
   3  A0           3.64481e-01     fixed    
   4  phi          4.12298e+00     fixed    
   5  R           -5.60723e+01   constant   
   6  alpha_CBO   -1.52952e-03     fixed    
   7  w_CBO        2.17265e+00   constant   
   8  beta_CBO    -1.49675e-03     fixed    
   9  alpha_2CBO  -4.55203e-05     fixed    
  10  beta_2CBO    1.26764e-04     fixed    
  11  alpha_y      7.00891e-06     fixed    
  12  w_y          1.44500e+01   constant   
  13  beta_y      -5.47686e-04   6.29568e-04   6.29568e-04  -3.71263e+01
  14  alpha_vw     0.00000e+00   1.00000e-03   1.00000e-03  -3.40563e+03
  15  w_vw         1.29000e+01   constant   
  16  beta_vw      0.00000e+00     fixed    
  17  LM           1.80537e-03   constant   
  18  zeta_y       0.00000e+00   constant   
  19  zeta_vw      0.00000e+00   constant   
 MIGRAD MINIMIZATION HAS CONVERGED.
 MIGRAD WILL VERIFY CONVERGENCE AND ERROR MATRIX.
 COVARIANCE MATRIX CALCULATED SUCCESSFULLY
 FCN=73.9084 FROM MIGRAD    STATUS=CONVERGED      26 CALLS         337 TOTAL
                     EDM=4.47232e-07    STRATEGY= 1      ERROR MATRIX ACCURATE 
  EXT PARAMETER                                   STEP         FIRST   
  NO.   NAME      VALUE            ERROR          SIZE      DERIVATIVE 
   1  N0           3.29509e+06     fixed    
   2  tau          6.44562e+01   constant   
   3  A0           3.64481e-01     fixed    
   4  phi          4.12298e+00     fixed    
   5  R           -5.60723e+01   constant   
   6  alpha_CBO   -1.52952e-03     fixed    
   7  w_CBO        2.17265e+00   constant   
   8  beta_CBO    -1.49675e-03     fixed    
   9  alpha_2CBO  -4.55203e-05     fixed    
  10  beta_2CBO    1.26764e-04     fixed    
  11  alpha_y      7.00891e-06     fixed    
  12  w_y          1.44500e+01   constant   
  13  beta_y      -4.97005e-04   6.30796e-04   2.66027e-06  -1.50027e+00
  14  alpha_vw     6.80222e-04   6.31823e-04   2.66460e-06   1.63014e-02
  15  w_vw         1.29000e+01   constant   
  16  beta_vw      0.00000e+00     fixed    
  17  LM           1.80537e-03   constant   
  18  zeta_y       0.00000e+00   constant   
  19  zeta_vw      0.00000e+00   constant   
 EXTERNAL ERROR MATRIX.    NDIM=  25    NPAR=  2    ERR DEF=1
  3.979e-07  2.560e-08 
  2.560e-08  3.992e-07 
 PARAMETER  CORRELATION COEFFICIENTS  
       NO.  GLOBAL     13     14
       13  0.06423   1.000  0.064
       14  0.06423   0.064  1.000
MINUIT - FIT ALTOGETHER
 **********
 **   83 **RES 
 **********
                   PARAMETER   16  beta_vw RESTORED TO VARIABLE.
                   PARAMETER   11  alpha_y RESTORED TO VARIABLE.
                   PARAMETER   10  beta_2CBO RESTORED TO VARIABLE.
                   PARAMETER    9  alpha_2CBO RESTORED TO VARIABLE.
                   PARAMETER    8  beta_CBO RESTORED TO VARIABLE.
                   PARAMETER    6  alpha_CBO RESTORED TO VARIABLE.
                   PARAMETER    4  phi RESTORED TO VARIABLE.
                   PARAMETER    3  A0 RESTORED TO VARIABLE.
                   PARAMETER    1  N0 RESTORED TO VARIABLE.
 **********
 **   84 **MIGRAD
 **********
 START MIGRAD MINIMIZATION.  STRATEGY  1.  CONVERGENCE WHEN EDM .LT. 1.00e-04
 FCN=73.9084 FROM MIGRAD    STATUS=INITIATE       24 CALLS         361 TOTAL
                     EDM= unknown      STRATEGY= 1      NO ERROR MATRIX       
  EXT PARAMETER               CURRENT GUESS       STEP         FIRST   
  NO.   NAME      VALUE            ERROR          SIZE      DERIVATIVE 
   1  N0           3.29509e+06   1.50685e+03   1.50685e+03  -2.46162e-05
   2  tau          6.44562e+01   constant   
   3  A0           3.64481e-01   5.78487e-04   5.78487e-04   1.43088e+01
   4  phi          4.12298e+00   1.69241e-03   1.69241e-03   1.08616e+01
   5  R           -5.60723e+01   constant   
   6  alpha_CBO   -1.52952e-03   6.42339e-04   6.42339e-04  -3.90566e+01
   7  w_CBO        2.17265e+00   constant   
   8  beta_CBO    -1.49675e-03   6.40046e-04   6.40046e-04   1.32140e+01
   9  alpha_2CBO  -4.55203e-05   6.40543e-04   6.40543e-04  -1.21347e+01
  10  beta_2CBO    1.26764e-04   6.23728e-04   6.23728e-04   7.28835e+01
  11  alpha_y      7.00891e-06   6.31219e-04   6.31219e-04   2.59550e+02
  12  w_y          1.44500e+01   constant   
  13  beta_y      -4.97005e-04   6.30796e-04   2.66027e-06  -1.50027e+00
  14  alpha_vw     6.80222e-04   6.31823e-04   2.66460e-06   1.63022e-02
  15  w_vw         1.29000e+01   constant   
  16  beta_vw      0.00000e+00   1.00000e-03   1.00000e-03   2.22954e+03
  17  LM           1.80537e-03   constant   
  18  zeta_y       0.00000e+00   constant   
  19  zeta_vw      0.00000e+00   constant   
 MIGRAD MINIMIZATION HAS CONVERGED.
 MIGRAD WILL VERIFY CONVERGENCE AND ERROR MATRIX.
 COVARIANCE MATRIX CALCULATED SUCCESSFULLY
 FCN=73.4084 FROM MIGRAD    STATUS=CONVERGED     194 CALLS         531 TOTAL
                     EDM=1.71193e-06    STRATEGY= 1      ERROR MATRIX ACCURATE 
  EXT PARAMETER                                   STEP         FIRST   
  NO.   NAME      VALUE            ERROR          SIZE      DERIVATIVE 
   1  N0           3.29511e+06   1.50873e+03   5.99638e+00   5.76565e-07
   2  tau          6.44562e+01   constant   
   3  A0           3.64483e-01   5.78850e-04   2.36648e-06  -1.89913e+00
   4  phi          4.12297e+00   1.69287e-03   6.96448e-06  -5.08941e-01
   5  R           -5.60723e+01   constant   
   6  alpha_CBO   -1.52376e-03   6.43597e-04   2.66173e-06  -5.82308e-01
   7  w_CBO        2.17265e+00   constant   
   8  beta_CBO    -1.50194e-03   6.40466e-04   2.64909e-06  -6.12000e-01
   9  alpha_2CBO  -4.37563e-05   6.40725e-04   2.68461e-06  -1.28402e+00
  10  beta_2CBO    1.19723e-04   6.25965e-04   2.62709e-06   2.16689e-01
  11  alpha_y     -9.32970e-06   6.35664e-04   2.65862e-06  -7.93194e-01
  12  w_y          1.44500e+01   constant   
  13  beta_y      -4.50792e-04   6.34264e-04   2.65137e-06  -5.69416e-01
  14  alpha_vw     6.87537e-04   6.33984e-04   2.65569e-06  -2.65755e-01
  15  w_vw         1.29000e+01   constant   
  16  beta_vw     -4.45958e-04   6.35748e-04   2.65429e-06   2.62749e-01
  17  LM           1.80537e-03   constant   
  18  zeta_y       0.00000e+00   constant   
  19  zeta_vw      0.00000e+00   constant   
 EXTERNAL ERROR MATRIX.    NDIM=  25    NPAR= 11    ERR DEF=1
  2.276e+06 
  1.284e-01  3.351e-07 
  3.261e-01 -4.331e-08  2.866e-06 
  3.252e-02 -5.913e-08 -1.585e-08  4.142e-07 
  6.606e-02  1.033e-08 -1.595e-07  1.269e-08  4.102e-07 
  1.054e-02  2.061e-08 -1.510e-08  1.665e-08 -2.460e-08  4.105e-07 
  4.219e-02 -8.465e-09  1.867e-08  2.318e-08  1.164e-08 -5.474e-10  3.918e-07 
  1.005e-03  8.526e-09 -1.515e-08  6.165e-09 -7.610e-09  8.709e-09 -5.467e-10  4.041e-07 
  3.144e-03  3.806e-09 -5.256e-09  3.881e-09 -2.759e-09  3.974e-09  2.591e-10  1.749e-09  4.023e-07 
  1.594e-02 -1.821e-09 -4.324e-09  5.510e-09  5.319e-10  6.481e-10 -7.608e-09 -3.032e-08  2.609e-08  4.019e-07 
  1.110e-02 -3.857e-09  5.190e-10  1.386e-09  4.205e-09 -9.354e-11 -5.621e-09 -3.229e-08 -4.137e-08 -2.501e-09  4.042e-07 
 PARAMETER  CORRELATION COEFFICIENTS  
       NO.  GLOBAL      1      3      4      6      8      9     10     11     13     14     16
        1  0.22878   1.000  0.147  0.128  0.033  0.068  0.011  0.045  0.001  0.003  0.017  0.012
        3  0.24056   0.147  1.000 -0.044 -0.159  0.028  0.056 -0.023  0.023  0.010 -0.005 -0.010
        4  0.21439   0.128 -0.044  1.000 -0.015 -0.147 -0.014  0.018 -0.014 -0.005 -0.004  0.000
        6  0.18939   0.033 -0.159 -0.015  1.000  0.031  0.040  0.058  0.015  0.010  0.014  0.003
        8  0.18879   0.068  0.028 -0.147  0.031  1.000 -0.060  0.029 -0.019 -0.007  0.001  0.010
        9  0.10202   0.011  0.056 -0.014  0.040 -0.060  1.000 -0.001  0.021  0.010  0.002 -0.000
       10  0.08451   0.045 -0.023  0.018  0.058  0.029 -0.001  1.000 -0.001  0.001 -0.019 -0.014
       11  0.11815   0.001  0.023 -0.014  0.015 -0.019  0.021 -0.001  1.000  0.004 -0.075 -0.080
       13  0.12246   0.003  0.010 -0.005  0.010 -0.007  0.010  0.001  0.004  1.000  0.065 -0.103
       14  0.10446   0.017 -0.005 -0.004  0.014  0.001  0.002 -0.019 -0.075  0.065  1.000 -0.006
       16  0.13202   0.012 -0.010  0.000  0.003  0.010 -0.000 -0.014 -0.080 -0.103 -0.006  1.000
MINUIT - MINOS
 **********
 **   85 **RES 
 **********
 CALL TO MNFREE IGNORED.  THERE ARE NO FIXED PARAMETERS
 **********
 **   86 **MIG      2.5e+04        0.01
 **********
 START MIGRAD MINIMIZATION.  STRATEGY  1.  CONVERGENCE WHEN EDM .LT. 1.00e-05
 FCN=73.4084 FROM MIGRAD    STATUS=INITIATE       22 CALLS         553 TOTAL
                     EDM=8.55967e-07    STRATEGY= 1      ERROR MATRIX ACCURATE 
  EXT PARAMETER                                   STEP         FIRST   
  NO.   NAME      VALUE            ERROR          SIZE      DERIVATIVE 
   1  N0           3.29511e+06   1.50873e+03   5.99638e+00   5.76565e-07
   2  tau          6.44562e+01   constant   
   3  A0           3.64483e-01   5.78850e-04   2.36648e-06  -1.89913e+00
   4  phi          4.12297e+00   1.69287e-03   6.96448e-06  -5.08942e-01
   5  R           -5.60723e+01   constant   
   6  alpha_CBO   -1.52376e-03   6.43597e-04   2.66173e-06  -5.82307e-01
   7  w_CBO        2.17265e+00   constant   
   8  beta_CBO    -1.50194e-03   6.40466e-04   2.64909e-06  -6.12000e-01
   9  alpha_2CBO  -4.37563e-05   6.40725e-04   2.68461e-06  -1.28402e+00
  10  beta_2CBO    1.19723e-04   6.25965e-04   2.62709e-06   2.16690e-01
  11  alpha_y     -9.32970e-06   6.35664e-04   2.65862e-06  -7.93194e-01
  12  w_y          1.44500e+01   constant   
  13  beta_y      -4.50792e-04   6.34264e-04   2.65137e-06  -5.69416e-01
  14  alpha_vw     6.87537e-04   6.33984e-04   2.65569e-06  -2.65755e-01
  15  w_vw         1.29000e+01   constant   
  16  beta_vw     -4.45958e-04   6.35748e-04   2.65429e-06   2.62749e-01
  17  LM           1.80537e-03   constant   
  18  zeta_y       0.00000e+00   constant   
  19  zeta_vw      0.00000e+00   constant   
 MIGRAD MINIMIZATION HAS CONVERGED.
 FCN=73.4084 FROM MIGRAD    STATUS=CONVERGED      45 CALLS         576 TOTAL
                     EDM=1.61978e-17    STRATEGY= 1  ERROR MATRIX UNCERTAINTY   0.0 per cent
  EXT PARAMETER                                   STEP         FIRST   
  NO.   NAME      VALUE            ERROR          SIZE      DERIVATIVE 
   1  N0           3.29511e+06   1.50873e+03  -4.17458e-01  -4.19237e-12
   2  tau          6.44562e+01   constant   
   3  A0           3.64483e-01   5.78851e-04   2.74947e-07  -1.29709e-06
   4  phi          4.12297e+00   1.69287e-03   5.20856e-07  -5.17262e-07
   5  R           -5.60723e+01   constant   
   6  alpha_CBO   -1.52369e-03   6.43597e-04   6.72064e-08   3.76397e-06
   7  w_CBO        2.17265e+00   constant   
   8  beta_CBO    -1.50188e-03   6.40466e-04   5.80511e-08   2.53201e-06
   9  alpha_2CBO  -4.34780e-05   6.40725e-04   2.78317e-07   1.57216e-06
  10  beta_2CBO    1.19674e-04   6.25965e-04  -4.83595e-08   2.77229e-06
  11  alpha_y     -9.15967e-06   6.35664e-04   1.70032e-07   2.46681e-06
  12  w_y          1.44500e+01   constant   
  13  beta_y      -4.50664e-04   6.34264e-04   1.28309e-07   2.26988e-06
  14  alpha_vw     6.87581e-04   6.33984e-04   4.47215e-08   3.21066e-06
  15  w_vw         1.29000e+01   constant   
  16  beta_vw     -4.46041e-04   6.35748e-04  -8.25046e-08   2.65019e-06
  17  LM           1.80537e-03   constant   
  18  zeta_y       0.00000e+00   constant   
  19  zeta_vw      0.00000e+00   constant   
 EXTERNAL ERROR MATRIX.    NDIM=  25    NPAR= 11    ERR DEF=1
  2.276e+06 
  1.284e-01  3.351e-07 
  3.261e-01 -4.331e-08  2.866e-06 
  3.252e-02 -5.913e-08 -1.585e-08  4.142e-07 
  6.606e-02  1.033e-08 -1.595e-07  1.269e-08  4.102e-07 
  1.054e-02  2.061e-08 -1.510e-08  1.665e-08 -2.460e-08  4.105e-07 
  4.219e-02 -8.465e-09  1.867e-08  2.318e-08  1.164e-08 -5.476e-10  3.918e-07 
  1.006e-03  8.526e-09 -1.515e-08  6.164e-09 -7.611e-09  8.709e-09 -5.468e-10  4.041e-07 
  3.145e-03  3.806e-09 -5.255e-09  3.881e-09 -2.759e-09  3.974e-09  2.591e-10  1.749e-09  4.023e-07 
  1.594e-02 -1.821e-09 -4.324e-09  5.510e-09  5.319e-10  6.479e-10 -7.608e-09 -3.032e-08  2.609e-08  4.019e-07 
  1.110e-02 -3.857e-09  5.185e-10  1.386e-09  4.205e-09 -9.369e-11 -5.621e-09 -3.229e-08 -4.137e-08 -2.501e-09  4.042e-07 
 PARAMETER  CORRELATION COEFFICIENTS  
       NO.  GLOBAL      1      3      4      6      8      9     10     11     13     14     16
        1  0.22878   1.000  0.147  0.128  0.033  0.068  0.011  0.045  0.001  0.003  0.017  0.012
        3  0.24057   0.147  1.000 -0.044 -0.159  0.028  0.056 -0.023  0.023  0.010 -0.005 -0.010
        4  0.21439   0.128 -0.044  1.000 -0.015 -0.147 -0.014  0.018 -0.014 -0.005 -0.004  0.000
        6  0.18939   0.033 -0.159 -0.015  1.000  0.031  0.040  0.058  0.015  0.010  0.014  0.003
        8  0.18879   0.068  0.028 -0.147  0.031  1.000 -0.060  0.029 -0.019 -0.007  0.001  0.010
        9  0.10202   0.011  0.056 -0.014  0.040 -0.060  1.000 -0.001  0.021  0.010  0.002 -0.000
       10  0.08451   0.045 -0.023  0.018  0.058  0.029 -0.001  1.000 -0.001  0.001 -0.019 -0.014
       11  0.11815   0.001  0.023 -0.014  0.015 -0.019  0.021 -0.001  1.000  0.004 -0.075 -0.080
       13  0.12246   0.003  0.010 -0.005  0.010 -0.007  0.010  0.001  0.004  1.000  0.065 -0.103
       14  0.10446   0.017 -0.005 -0.004  0.014  0.001  0.002 -0.019 -0.075  0.065  1.000 -0.006
       16  0.13202   0.012 -0.010  0.000  0.003  0.010 -0.000 -0.014 -0.080 -0.103 -0.006  1.000
 **********
 **   87 **MINO      2.5e+04
 **********
 FCN=73.4084 FROM MINOS     STATUS=SUCCESSFUL    924 CALLS        1500 TOTAL
                     EDM=1.61978e-17    STRATEGY= 1  ERROR MATRIX UNCERTAINTY   0.0 per cent
  EXT PARAMETER                  PARABOLIC         MINOS ERRORS        
  NO.   NAME      VALUE            ERROR      NEGATIVE      POSITIVE   
   1  N0           3.29511e+06   1.50873e+03  -1.50873e+03   1.50873e+03
   2  tau          6.44562e+01   constant   
   3  A0           3.64483e-01   5.78851e-04  -5.78899e-04   5.78803e-04
   4  phi          4.12297e+00   1.69287e-03  -1.69287e-03   1.69287e-03
   5  R           -5.60723e+01   constant   
   6  alpha_CBO   -1.52369e-03   6.43597e-04  -6.43615e-04   6.43580e-04
   7  w_CBO        2.17265e+00   constant   
   8  beta_CBO    -1.50188e-03   6.40466e-04  -6.40490e-04   6.40442e-04
   9  alpha_2CBO  -4.34780e-05   6.40725e-04  -6.40727e-04   6.40724e-04
  10  beta_2CBO    1.19674e-04   6.25965e-04  -6.25979e-04   6.25952e-04
  11  alpha_y     -9.15967e-06   6.35664e-04  -6.35663e-04   6.35665e-04
  12  w_y          1.44500e+01   constant   
  13  beta_y      -4.50664e-04   6.34264e-04  -6.34265e-04   6.34264e-04
  14  alpha_vw     6.87581e-04   6.33984e-04  -6.33989e-04   6.33979e-04
  15  w_vw         1.29000e+01   constant   
  16  beta_vw     -4.46041e-04   6.35748e-04  -6.35752e-04   6.35744e-04
  17  LM           1.80537e-03   constant   
  18  zeta_y       0.00000e+00   constant   
  19  zeta_vw      0.00000e+00   constant   
 **********
 **   88 **SHO COR 
 **********
 PARAMETER  CORRELATION COEFFICIENTS  
       NO.  GLOBAL      1      3      4      6      8      9     10     11     13     14     16
        1  0.22878   1.000  0.147  0.128  0.033  0.068  0.011  0.045  0.001  0.003  0.017  0.012
        3  0.24057   0.147  1.000 -0.044 -0.159  0.028  0.056 -0.023  0.023  0.010 -0.005 -0.010
        4  0.21439   0.128 -0.044  1.000 -0.015 -0.147 -0.014  0.018 -0.014 -0.005 -0.004  0.000
        6  0.18939   0.033 -0.159 -0.015  1.000  0.031  0.040  0.058  0.015  0.010  0.014  0.003
        8  0.18879   0.068  0.028 -0.147  0.031  1.000 -0.060  0.029 -0.019 -0.007  0.001  0.010
        9  0.10202   0.011  0.056 -0.014  0.040 -0.060  1.000 -0.001  0.021  0.010  0.002 -0.000
       10  0.08451   0.045 -0.023  0.018  0.058  0.029 -0.001  1.000 -0.001  0.001 -0.019 -0.014
       11  0.11815   0.001  0.023 -0.014  0.015 -0.019  0.021 -0.001  1.000  0.004 -0.075 -0.080
       13  0.12246   0.003  0.010 -0.005  0.010 -0.007  0.010  0.001  0.004  1.000  0.065 -0.103
       14  0.10446   0.017 -0.005 -0.004  0.014  0.001  0.002 -0.019 -0.075  0.065  1.000 -0.006
       16  0.13202   0.012 -0.010  0.000  0.003  0.010 -0.000 -0.014 -0.080 -0.103 -0.006  1.000
