 + ++++++++++++++++++++++++++++++++++++++++++++++++++++++++++++++++++++ +
 +                                                                      +
 +           You have chose to blind your fitting according to          +
 +                omega_ref * (1 + (R +/- deltaR) *10^{-6})             +
 +                                                                      +
 + ++++++++++++++++++++++++++++++++++++++++++++++++++++++++++++++++++++ +
In main()...
reading format from ./formats/formatB_sBin_constraintOn.txt
Parameters after format file: pBinTau 0 pBinPhi 0 constraintau 1 includeMopTerm 0 constrainMop 0 c_e_scale 0.000000 
Opening file /gm2data/tbarrett/gm2fr/studies/run23_bunch_corrections/CorrectedFourier_Run3b.root.
reading reference data from /gm2data/zkhechad/cboTemplates/Run4CBOTemplates/templateFits3_floatBoth/noRF/sBin_constraintOn_cE0.0_seed0_noRF_calo9.root (fixing 5-param to these terms)
windowBins = 69
fitting sliding window 133 from bin 269 at 39.985600 to bin 338 at 50.429600 (69 bins)

Reading data from /gm2data/cornell/histograms/aMethod/histogram_a_noRF.root
 **********
 **    1 **SET PRINTOUT            1
 **********
 **********
 **    2 **SET NOWARNINGS 
 **********
 PARAMETER DEFINITIONS:
    NO.   NAME         VALUE      STEP SIZE      LIMITS
     1 N0           2.88177e+06  1.00000e+02     no limits
     2 tau          6.44061e+01  constant
     3 A0           3.51415e-01  1.00000e-04     no limits
     4 phi          4.11706e+00  1.00000e-02     no limits
     5 R           -5.97466e+01  constant
     6 alpha_CBO    0.00000e+00  1.00000e-03     no limits
     7 w_CBO        2.32735e+00  constant
     8 beta_CBO     0.00000e+00  1.00000e-03     no limits
     9 alpha_2CBO   0.00000e+00  1.00000e-03     no limits
    10 beta_2CBO    0.00000e+00  1.00000e-03     no limits
    11 alpha_y      0.00000e+00  1.00000e-03     no limits
    12 w_y          1.38984e+01  constant
    13 beta_y       0.00000e+00  1.00000e-03     no limits
    14 alpha_vw     0.00000e+00  1.00000e-03     no limits
    15 w_vw         1.43156e+01  constant
    16 beta_vw      0.00000e+00  1.00000e-03     no limits
    17 LM           1.23967e-05  constant
    18 zeta_y       0.00000e+00  constant
    19 zeta_vw      0.00000e+00  constant
    20 T_CBO        1.00000e+02  1.00000e+00    0.00000e+00  1.00000e+03
    21 alpha_A0     0.00000e+00  1.00000e-03     no limits
    22 beta_A0      0.00000e+00  1.00000e-03     no limits
    23 alpha_phi    0.00000e+00  1.00000e-03     no limits
    24 beta_phi     0.00000e+00  1.00000e-03     no limits
    25 alpha_vw_m_cbo   0.00000e+00  1.00000e-03     no limits
    26 w_vw_m_cbo   1.20142e+01  constant
    27 beta_vw_m_cbo   0.00000e+00  1.00000e-03     no limits
    28 alpha_vw_p_cbo   0.00000e+00  1.00000e-04     no limits
    29 w_vw_p_cbo   1.67139e+01  constant
    30 beta_vw_p_cbo   0.00000e+00  1.00000e-04     no limits
MINUIT - FIT ONLY WIGGLE
 **********
 **    3 **FIX            5
 **********
 PARAMETER    5  IS CONSTANT.   IGNORED.
 **********
 **    4 **FIX            6
 **********
 **********
 **    5 **FIX            7
 **********
 PARAMETER    7  IS CONSTANT.   IGNORED.
 **********
 **    6 **FIX            8
 **********
 **********
 **    7 **FIX            9
 **********
 **********
 **    8 **FIX           10
 **********
 **********
 **    9 **FIX           11
 **********
 **********
 **   10 **FIX           12
 **********
 PARAMETER   12  IS CONSTANT.   IGNORED.
 **********
 **   11 **FIX           13
 **********
 **********
 **   12 **FIX           14
 **********
 **********
 **   13 **FIX           15
 **********
 PARAMETER   15  IS CONSTANT.   IGNORED.
 **********
 **   14 **FIX           16
 **********
 **********
 **   15 **MIGRAD
 **********
 FIRST CALL TO USER FUNCTION AT NEW START POINT, WITH IFLAG=4.
 START MIGRAD MINIMIZATION.  STRATEGY  1.  CONVERGENCE WHEN EDM .LT. 1.00e-04
 FCN=2.68941e+08 FROM MIGRAD    STATUS=INITIATE      843 CALLS         844 TOTAL
                     EDM= unknown      STRATEGY= 1      NO ERROR MATRIX       
  EXT PARAMETER               CURRENT GUESS       STEP         FIRST   
  NO.   NAME      VALUE            ERROR          SIZE      DERIVATIVE 
   1  N0           2.88177e+06   1.00000e+02   0.00000e+00   3.73077e+02
   2  tau          6.44061e+01   constant   
   3  A0           3.51415e-01   1.00000e-04   0.00000e+00  -1.01812e+08
   4  phi          4.11706e+00   1.00000e-02   0.00000e+00  -4.47782e+07
   5  R           -5.97466e+01   constant   
   6  alpha_CBO    0.00000e+00     fixed    
   7  w_CBO        2.32735e+00   constant   
   8  beta_CBO     0.00000e+00     fixed    
   9  alpha_2CBO   0.00000e+00     fixed    
  10  beta_2CBO    0.00000e+00     fixed    
  11  alpha_y      0.00000e+00     fixed    
  12  w_y          1.38984e+01   constant   
  13  beta_y       0.00000e+00     fixed    
  14  alpha_vw     0.00000e+00     fixed    
  15  w_vw         1.43156e+01   constant   
  16  beta_vw      0.00000e+00     fixed    
  17  LM           1.23967e-05   constant   
  18  zeta_y       0.00000e+00   constant   
  19  zeta_vw      0.00000e+00   constant   
  20  T_CBO        1.00000e+02   1.00000e+00   0.00000e+00   0.00000e+00
  21  alpha_A0     0.00000e+00   1.00000e-03   0.00000e+00  -4.62110e+07
  22  beta_A0      0.00000e+00   1.00000e-03   0.00000e+00  -7.88969e+06
  23  alpha_phi    0.00000e+00   1.00000e-03   0.00000e+00   1.16557e+07
  24  beta_phi     0.00000e+00   1.00000e-03   0.00000e+00  -3.52477e+07
  25  alpha_vw_m_cbo   0.00000e+00   1.00000e-03   0.00000e+00   3.02256e+06
  26  w_vw_m_cbo   1.20142e+01   constant   
  27  beta_vw_m_cbo   0.00000e+00   1.00000e-03   0.00000e+00  -7.29777e+06
  28  alpha_vw_p_cbo   0.00000e+00   1.00000e-04   0.00000e+00  -6.90580e+06
  29  w_vw_p_cbo   1.67139e+01   constant   
  30  beta_vw_p_cbo   0.00000e+00   1.00000e-04   0.00000e+00  -2.36942e+06
 MIGRAD MINIMIZATION HAS CONVERGED.
 FCN=10465.6 FROM MIGRAD    STATUS=CONVERGED    1202 CALLS        1203 TOTAL
                     EDM=5.25411e-06    STRATEGY= 1  ERROR MATRIX UNCERTAINTY   0.9 per cent
  EXT PARAMETER                                   STEP         FIRST   
  NO.   NAME      VALUE            ERROR          SIZE      DERIVATIVE 
   1  N0           1.44033e+06   9.38031e+01   1.27750e-01   1.05961e-05
   2  tau          6.44061e+01   constant   
   3  A0           3.49452e-01   7.88536e-05  -8.24540e-08   3.53168e+01
   4  phi          4.12040e+00   2.12871e-04  -1.97455e-06   1.11691e+01
   5  R           -5.97466e+01   constant   
   6  alpha_CBO    0.00000e+00     fixed    
   7  w_CBO        2.32735e+00   constant   
   8  beta_CBO     0.00000e+00     fixed    
   9  alpha_2CBO   0.00000e+00     fixed    
  10  beta_2CBO    0.00000e+00     fixed    
  11  alpha_y      0.00000e+00     fixed    
  12  w_y          1.38984e+01   constant   
  13  beta_y       0.00000e+00     fixed    
  14  alpha_vw     0.00000e+00     fixed    
  15  w_vw         1.43156e+01   constant   
  16  beta_vw      0.00000e+00     fixed    
  17  LM           1.23967e-05   constant   
  18  zeta_y       0.00000e+00   constant   
  19  zeta_vw      0.00000e+00   constant   
  20  T_CBO        1.00000e+02   5.20646e+02  -0.00000e+00   0.00000e+00
  21  alpha_A0     2.04842e-03   3.11922e-04   2.46637e-06   2.20560e+00
  22  beta_A0      3.77437e-03   3.28119e-04   1.82330e-06   4.05984e+00
  23  alpha_phi   -5.55857e-03   3.41814e-04  -1.23233e-06  -8.27429e-01
  24  beta_phi     1.37326e-03   3.21466e-04   4.32678e-07  -7.72986e+00
  25  alpha_vw_m_cbo   7.78774e-04   1.16302e-04  -1.83636e-06  -2.04857e+00
  26  w_vw_m_cbo   1.20142e+01   constant   
  27  beta_vw_m_cbo  -2.42404e-05   1.10924e-04  -1.69445e-06  -3.82264e+00
  28  alpha_vw_p_cbo  -4.29135e-04   9.26484e-05   2.69992e-07  -6.45239e-01
  29  w_vw_p_cbo   1.67139e+01   constant   
  30  beta_vw_p_cbo   2.61794e-04   1.09699e-04  -1.64915e-06  -1.83435e+00
 EXTERNAL ERROR MATRIX.    NDIM=  31    NPAR= 12    ERR DEF=1
 ELEMENTS ABOVE DIAGONAL ARE NOT PRINTED.
  8.799e+03 
  7.682e-04  6.218e-09 
  3.838e-03 -3.706e-09  4.531e-08 
  0.000e+00  0.000e+00  0.000e+00  1.800e+05 
  6.522e-03 -5.814e-10  1.387e-08  0.000e+00  9.730e-08 
  1.895e-03 -2.032e-09  2.242e-08  0.000e+00  6.283e-09  1.077e-07 
 -3.401e-03  1.036e-09 -1.356e-08  0.000e+00 -1.402e-08 -8.327e-09  1.168e-07 
  5.490e-03  4.392e-09  7.796e-09  0.000e+00 -8.073e-09 -1.402e-08 -3.717e-09  1.033e-07 
 -2.051e-04  7.847e-10  5.462e-09  0.000e+00 -3.241e-09 -4.148e-09 -1.045e-09 -8.232e-09  1.353e-08 
  3.945e-04  4.741e-10  7.040e-09  0.000e+00 -2.477e-09 -4.553e-09  5.227e-09  1.404e-09  4.496e-09  1.230e-08 
  4.013e-04 -7.148e-10  1.280e-09  0.000e+00  2.016e-09  1.058e-09  4.946e-09  5.757e-09 -1.645e-09 -1.873e-10  8.584e-09 
  1.072e-04  9.824e-10  5.122e-09  0.000e+00 -3.026e-09 -5.310e-09  2.009e-10 -2.904e-09  5.127e-09  4.258e-09 -1.088e-09 
  1.072e-04  9.824e-10  5.122e-09  0.000e+00 -3.026e-09 -5.310e-09  2.009e-10 -2.904e-09  5.127e-09  4.258e-09 -1.088e-09  1.203e-08 
 PARAMETER  CORRELATION COEFFICIENTS  
       NO.  GLOBAL      1      3      4     20     21     22     23     24     25     27     28     30
        1  0.34770   1.000  0.104  0.192  0.000  0.223  0.062 -0.106  0.182 -0.019  0.038  0.046  0.010
        3  0.43469   0.104  1.000 -0.221  0.000 -0.024 -0.079  0.038  0.173  0.086  0.054 -0.098  0.114
        4  0.67902   0.192 -0.221  1.000  0.000  0.209  0.321 -0.186  0.114  0.221  0.298  0.065  0.219
       20  0.00000   0.000  0.000  0.000  1.000  0.000  0.000  0.000  0.000  0.000  0.000  0.000  0.000
       21  0.40718   0.223 -0.024  0.209  0.000  1.000  0.061 -0.131 -0.081 -0.089 -0.072  0.070 -0.088
       22  0.50762   0.062 -0.079  0.321  0.000  0.061  1.000 -0.074 -0.133 -0.109 -0.125  0.035 -0.148
       23  0.34754  -0.106  0.038 -0.186  0.000 -0.131 -0.074  1.000 -0.034 -0.026  0.138  0.156  0.005
       24  0.52348   0.182  0.173  0.114  0.000 -0.081 -0.133 -0.034  1.000 -0.220  0.039  0.193 -0.082
       25  0.56056  -0.019  0.086  0.221  0.000 -0.089 -0.109 -0.026 -0.220  1.000  0.349 -0.153  0.402
       27  0.52699   0.038  0.054  0.298  0.000 -0.072 -0.125  0.138  0.039  0.349  1.000 -0.018  0.350
       28  0.32698   0.046 -0.098  0.065  0.000  0.070  0.035  0.156  0.193 -0.153 -0.018  1.000 -0.107
       30  0.51492   0.010  0.114  0.219  0.000 -0.088 -0.148  0.005 -0.082  0.402  0.350 -0.107  1.000
MINUIT - FIT ONLY 1-CBO + wiggle
 **********
 **   16 **RES 
 **********
                   PARAMETER   16  beta_vw RESTORED TO VARIABLE.
                   PARAMETER   14  alpha_vw RESTORED TO VARIABLE.
                   PARAMETER   13  beta_y RESTORED TO VARIABLE.
                   PARAMETER   11  alpha_y RESTORED TO VARIABLE.
                   PARAMETER   10  beta_2CBO RESTORED TO VARIABLE.
                   PARAMETER    9  alpha_2CBO RESTORED TO VARIABLE.
                   PARAMETER    8  beta_CBO RESTORED TO VARIABLE.
                   PARAMETER    6  alpha_CBO RESTORED TO VARIABLE.
 **********
 **   17 **FIX            8
 **********
 **********
 **   18 **FIX            9
 **********
 **********
 **   19 **FIX           11
 **********
 **********
 **   20 **FIX           12
 **********
 PARAMETER   12  IS CONSTANT.   IGNORED.
 **********
 **   21 **FIX           14
 **********
 **********
 **   22 **FIX           15
 **********
 PARAMETER   15  IS CONSTANT.   IGNORED.
 **********
 **   23 **FIX           16
 **********
 **********
 **   24 **MIGRAD
 **********
 START MIGRAD MINIMIZATION.  STRATEGY  1.  CONVERGENCE WHEN EDM .LT. 1.00e-04
 FCN=10465.6 FROM MIGRAD    STATUS=INITIATE     1225 CALLS        2428 TOTAL
                     EDM= unknown      STRATEGY= 1      NO ERROR MATRIX       
  EXT PARAMETER               CURRENT GUESS       STEP         FIRST   
  NO.   NAME      VALUE            ERROR          SIZE      DERIVATIVE 
   1  N0           1.44033e+06   9.38031e+01   0.00000e+00   1.05961e-05
   2  tau          6.44061e+01   constant   
   3  A0           3.49452e-01   7.88536e-05   0.00000e+00   3.53168e+01
   4  phi          4.12040e+00   2.12871e-04   0.00000e+00   1.11691e+01
   5  R           -5.97466e+01   constant   
   6  alpha_CBO    0.00000e+00   1.00000e-03   0.00000e+00  -1.03698e+06
   7  w_CBO        2.32735e+00   constant   
   8  beta_CBO     0.00000e+00     fixed    
   9  alpha_2CBO   0.00000e+00     fixed    
  10  beta_2CBO    0.00000e+00   1.00000e-03   0.00000e+00  -6.01258e+04
  11  alpha_y      0.00000e+00     fixed    
  12  w_y          1.38984e+01   constant   
  13  beta_y       0.00000e+00   1.00000e-03   0.00000e+00  -6.51564e+04
  14  alpha_vw     0.00000e+00     fixed    
  15  w_vw         1.43156e+01   constant   
  16  beta_vw      0.00000e+00     fixed    
  17  LM           1.23967e-05   constant   
  18  zeta_y       0.00000e+00   constant   
  19  zeta_vw      0.00000e+00   constant   
  20  T_CBO        1.00000e+02   5.20646e+02   0.00000e+00   0.00000e+00
  21  alpha_A0     2.04842e-03   3.11922e-04   0.00000e+00   2.20560e+00
  22  beta_A0      3.77437e-03   3.28119e-04   0.00000e+00   4.05984e+00
  23  alpha_phi   -5.55857e-03   3.41814e-04   0.00000e+00  -8.27435e-01
  24  beta_phi     1.37326e-03   3.21466e-04   0.00000e+00  -7.72984e+00
  25  alpha_vw_m_cbo   7.78774e-04   1.16302e-04   0.00000e+00  -2.04857e+00
  26  w_vw_m_cbo   1.20142e+01   constant   
  27  beta_vw_m_cbo  -2.42404e-05   1.10924e-04   0.00000e+00  -3.82264e+00
  28  alpha_vw_p_cbo  -4.29135e-04   9.26484e-05   0.00000e+00  -6.45240e-01
  29  w_vw_p_cbo   1.67139e+01   constant   
  30  beta_vw_p_cbo   2.61794e-04   1.09699e-04   0.00000e+00  -1.83435e+00
 MIGRAD MINIMIZATION HAS CONVERGED.
 MIGRAD WILL VERIFY CONVERGENCE AND ERROR MATRIX.
  MNHESS FAILS AND WILL RETURN DIAGONAL MATRIX. 
 FCN=1690.82 FROM MIGRAD    STATUS=CONVERGED    1462 CALLS        2665 TOTAL
                     EDM=3.95511e-06    STRATEGY= 1  ERROR MATRIX UNCERTAINTY 100.0 per cent
  EXT PARAMETER                APPROXIMATE        STEP         FIRST   
  NO.   NAME      VALUE            ERROR          SIZE      DERIVATIVE 
   1  N0           1.44084e+06   8.79564e+01   1.76630e+00  -2.24113e-06
   2  tau          6.44061e+01   constant   
   3  A0           3.51365e-01   7.94555e-05   1.59577e-06  -3.79728e+00
   4  phi          4.11839e+00   2.33658e-04   4.69276e-06  -3.38326e+00
   5  R           -5.97466e+01   constant   
   6  alpha_CBO    1.68263e-02   1.69648e-04   3.40718e-06   6.91982e-01
   7  w_CBO        2.32735e+00   constant   
   8  beta_CBO     0.00000e+00     fixed    
   9  alpha_2CBO   0.00000e+00     fixed    
  10  beta_2CBO    5.46511e-04   1.71850e-04   3.45141e-06  -6.16621e+00
  11  alpha_y      0.00000e+00     fixed    
  12  w_y          1.38984e+01   constant   
  13  beta_y       9.15083e-04   1.73375e-04   3.48204e-06  -8.53375e+00
  14  alpha_vw     0.00000e+00     fixed    
  15  w_vw         1.43156e+01   constant   
  16  beta_vw      0.00000e+00     fixed    
  17  LM           1.23967e-05   constant   
  18  zeta_y       0.00000e+00   constant   
  19  zeta_vw      0.00000e+00   constant   
  20  T_CBO        1.00000e+02   7.59439e+02  -0.00000e+00   0.00000e+00
  21  alpha_A0     4.78469e-03   3.03625e-04  -2.94762e-06   3.13145e+00
  22  beta_A0      1.25840e-03   3.39200e-04   2.43721e-06   9.01752e-01
  23  alpha_phi    1.18607e-03   3.35139e-04   3.31817e-06  -2.41329e+00
  24  beta_phi     2.05721e-03   3.25938e-04   3.52144e-07   1.07269e+00
  25  alpha_vw_m_cbo   8.41344e-04   1.71675e-04  -4.48700e-07   5.42481e+00
  26  w_vw_m_cbo   1.20142e+01   constant   
  27  beta_vw_m_cbo  -1.75211e-04   1.73603e-04  -3.89139e-07  -1.41852e+01
  28  alpha_vw_p_cbo  -5.19321e-04   1.71799e-04   8.88147e-08   5.69669e-01
  29  w_vw_p_cbo   1.67139e+01   constant   
  30  beta_vw_p_cbo   2.51785e-04   1.73475e-04  -5.98289e-07  -4.49460e+00
 EXTERNAL ERROR MATRIX.    NDIM=  31    NPAR= 15    ERR DEF=1
 ELEMENTS ABOVE DIAGONAL ARE NOT PRINTED.
  7.736e+03 
  0.000e+00  6.313e-09 
  0.000e+00  0.000e+00  5.460e-08 
  0.000e+00  0.000e+00  0.000e+00  2.878e-08 
  0.000e+00  0.000e+00  0.000e+00  0.000e+00  2.953e-08 
  0.000e+00  0.000e+00  0.000e+00  0.000e+00  0.000e+00  3.006e-08 
  0.000e+00  0.000e+00  0.000e+00  0.000e+00  0.000e+00  0.000e+00  5.421e+05 
  0.000e+00  0.000e+00  0.000e+00  0.000e+00  0.000e+00  0.000e+00  0.000e+00  9.219e-08 
  0.000e+00  0.000e+00  0.000e+00  0.000e+00  0.000e+00  0.000e+00  0.000e+00  0.000e+00  1.151e-07 
  0.000e+00  0.000e+00  0.000e+00  0.000e+00  0.000e+00  0.000e+00  0.000e+00  0.000e+00  0.000e+00  1.123e-07 
  0.000e+00  0.000e+00  0.000e+00  0.000e+00  0.000e+00  0.000e+00  0.000e+00  0.000e+00  0.000e+00  0.000e+00  1.062e-07 
  0.000e+00  0.000e+00  0.000e+00  0.000e+00  0.000e+00  0.000e+00  0.000e+00  0.000e+00  0.000e+00  0.000e+00  0.000e+00 
  0.000e+00  0.000e+00  0.000e+00  0.000e+00  0.000e+00  0.000e+00  0.000e+00  0.000e+00  0.000e+00  0.000e+00  0.000e+00  2.947e-08 
  0.000e+00  0.000e+00  0.000e+00  0.000e+00  0.000e+00  0.000e+00  0.000e+00  0.000e+00  0.000e+00  0.000e+00  0.000e+00 
  0.000e+00  0.000e+00  0.000e+00  0.000e+00  0.000e+00  0.000e+00  0.000e+00  0.000e+00  0.000e+00  0.000e+00  0.000e+00  0.000e+00  3.014e-08 
  0.000e+00  0.000e+00  0.000e+00  0.000e+00  0.000e+00  0.000e+00  0.000e+00  0.000e+00  0.000e+00  0.000e+00  0.000e+00 
  0.000e+00  0.000e+00  0.000e+00  0.000e+00  0.000e+00  0.000e+00  0.000e+00  0.000e+00  0.000e+00  0.000e+00  0.000e+00  0.000e+00  0.000e+00  2.951e-08 
  0.000e+00  0.000e+00  0.000e+00  0.000e+00  0.000e+00  0.000e+00  0.000e+00  0.000e+00  0.000e+00  0.000e+00  0.000e+00 
  0.000e+00  0.000e+00  0.000e+00  0.000e+00  0.000e+00  0.000e+00  0.000e+00  0.000e+00  0.000e+00  0.000e+00  0.000e+00  0.000e+00  0.000e+00  0.000e+00  3.009e-08 
ERR MATRIX APPROXIMATE
 PARAMETER  CORRELATION COEFFICIENTS  
       NO.  GLOBAL      1      3      4      6     10     13     20     21     22     23     24     25     27     28     30
        1  0.00000   1.000  0.000  0.000  0.000  0.000  0.000  0.000  0.000  0.000  0.000  0.000  0.000  0.000  0.000  0.000
        3  0.00000   0.000  1.000  0.000  0.000  0.000  0.000  0.000  0.000  0.000  0.000  0.000  0.000  0.000  0.000  0.000
        4  0.00000   0.000  0.000  1.000  0.000  0.000  0.000  0.000  0.000  0.000  0.000  0.000  0.000  0.000  0.000  0.000
        6  0.00000   0.000  0.000  0.000  1.000  0.000  0.000  0.000  0.000  0.000  0.000  0.000  0.000  0.000  0.000  0.000
       10  0.00000   0.000  0.000  0.000  0.000  1.000  0.000  0.000  0.000  0.000  0.000  0.000  0.000  0.000  0.000  0.000
       13  0.00000   0.000  0.000  0.000  0.000  0.000  1.000  0.000  0.000  0.000  0.000  0.000  0.000  0.000  0.000  0.000
       20  0.00000   0.000  0.000  0.000  0.000  0.000  0.000  1.000  0.000  0.000  0.000  0.000  0.000  0.000  0.000  0.000
       21  0.00000   0.000  0.000  0.000  0.000  0.000  0.000  0.000  1.000  0.000  0.000  0.000  0.000  0.000  0.000  0.000
       22  0.00000   0.000  0.000  0.000  0.000  0.000  0.000  0.000  0.000  1.000  0.000  0.000  0.000  0.000  0.000  0.000
       23  0.00000   0.000  0.000  0.000  0.000  0.000  0.000  0.000  0.000  0.000  1.000  0.000  0.000  0.000  0.000  0.000
       24  0.00000   0.000  0.000  0.000  0.000  0.000  0.000  0.000  0.000  0.000  0.000  1.000  0.000  0.000  0.000  0.000
       25  0.00000   0.000  0.000  0.000  0.000  0.000  0.000  0.000  0.000  0.000  0.000  0.000  1.000  0.000  0.000  0.000
       27  0.00000   0.000  0.000  0.000  0.000  0.000  0.000  0.000  0.000  0.000  0.000  0.000  0.000  1.000  0.000  0.000
       28  0.00000   0.000  0.000  0.000  0.000  0.000  0.000  0.000  0.000  0.000  0.000  0.000  0.000  0.000  1.000  0.000
       30  0.00000   0.000  0.000  0.000  0.000  0.000  0.000  0.000  0.000  0.000  0.000  0.000  0.000  0.000  0.000  1.000
 ERR MATRIX APPROXIMATE
MINUIT - FIT ONLY 2-CBO
 **********
 **   25 **RES 
 **********
                   PARAMETER   16  beta_vw RESTORED TO VARIABLE.
                   PARAMETER   14  alpha_vw RESTORED TO VARIABLE.
                   PARAMETER   11  alpha_y RESTORED TO VARIABLE.
                   PARAMETER    9  alpha_2CBO RESTORED TO VARIABLE.
                   PARAMETER    8  beta_CBO RESTORED TO VARIABLE.
 **********
 **   26 **FIX            0
 **********
 PARAMETER    0  IS UNDEFINED. IGNORED.
 **********
 **   27 **FIX            1
 **********
 **********
 **   28 **FIX            2
 **********
 PARAMETER    2  IS CONSTANT.   IGNORED.
 **********
 **   29 **FIX            3
 **********
 **********
 **   30 **FIX            4
 **********
 **********
 **   31 **FIX            5
 **********
 PARAMETER    5  IS CONSTANT.   IGNORED.
 **********
 **   32 **FIX            6
 **********
 **********
 **   33 **FIX            7
 **********
 PARAMETER    7  IS CONSTANT.   IGNORED.
 **********
 **   34 **FIX           10
 **********
 **********
 **   35 **FIX           11
 **********
 **********
 **   36 **FIX           12
 **********
 PARAMETER   12  IS CONSTANT.   IGNORED.
 **********
 **   37 **FIX           13
 **********
 **********
 **   38 **FIX           14
 **********
 **********
 **   39 **FIX           15
 **********
 PARAMETER   15  IS CONSTANT.   IGNORED.
 **********
 **   40 **FIX           16
 **********
 **********
 **   41 **MIGRAD
 **********
 START MIGRAD MINIMIZATION.  STRATEGY  1.  CONVERGENCE WHEN EDM .LT. 1.00e-04
 FCN=1690.82 FROM MIGRAD    STATUS=INITIATE      719 CALLS        3384 TOTAL
                     EDM= unknown      STRATEGY= 1      NO ERROR MATRIX       
  EXT PARAMETER               CURRENT GUESS       STEP         FIRST   
  NO.   NAME      VALUE            ERROR          SIZE      DERIVATIVE 
   1  N0           1.44084e+06     fixed    
   2  tau          6.44061e+01   constant   
   3  A0           3.51365e-01     fixed    
   4  phi          4.11839e+00     fixed    
   5  R           -5.97466e+01   constant   
   6  alpha_CBO    1.68263e-02     fixed    
   7  w_CBO        2.32735e+00   constant   
   8  beta_CBO     0.00000e+00   1.00000e-03   0.00000e+00   3.30921e+05
   9  alpha_2CBO   0.00000e+00   1.00000e-03   0.00000e+00  -4.84269e+04
  10  beta_2CBO    5.46511e-04     fixed    
  11  alpha_y      0.00000e+00     fixed    
  12  w_y          1.38984e+01   constant   
  13  beta_y       9.15083e-04     fixed    
  14  alpha_vw     0.00000e+00     fixed    
  15  w_vw         1.43156e+01   constant   
  16  beta_vw      0.00000e+00     fixed    
  17  LM           1.23967e-05   constant   
  18  zeta_y       0.00000e+00   constant   
  19  zeta_vw      0.00000e+00   constant   
  20  T_CBO        1.00000e+02   7.59439e+02   0.00000e+00   0.00000e+00
  21  alpha_A0     4.78469e-03   3.03625e-04   0.00000e+00   3.13145e+00
  22  beta_A0      1.25840e-03   3.39200e-04   0.00000e+00   9.01752e-01
  23  alpha_phi    1.18607e-03   3.35139e-04   0.00000e+00  -2.41328e+00
  24  beta_phi     2.05721e-03   3.25938e-04   0.00000e+00   1.07270e+00
  25  alpha_vw_m_cbo   8.41344e-04   1.71675e-04   0.00000e+00   5.42481e+00
  26  w_vw_m_cbo   1.20142e+01   constant   
  27  beta_vw_m_cbo  -1.75211e-04   1.73603e-04   0.00000e+00  -1.41852e+01
  28  alpha_vw_p_cbo  -5.19321e-04   1.71799e-04   0.00000e+00   5.69669e-01
  29  w_vw_p_cbo   1.67139e+01   constant   
  30  beta_vw_p_cbo   2.51785e-04   1.73475e-04   0.00000e+00  -4.49460e+00
 MIGRAD MINIMIZATION HAS CONVERGED.
 MIGRAD WILL VERIFY CONVERGENCE AND ERROR MATRIX.
  MNHESS FAILS AND WILL RETURN DIAGONAL MATRIX. 
 FCN=807.476 FROM MIGRAD    STATUS=CONVERGED     843 CALLS        3508 TOTAL
                     EDM=1.01179e-06    STRATEGY= 1  ERROR MATRIX UNCERTAINTY 100.0 per cent
  EXT PARAMETER                APPROXIMATE        STEP         FIRST   
  NO.   NAME      VALUE            ERROR          SIZE      DERIVATIVE 
   1  N0           1.44084e+06     fixed    
   2  tau          6.44061e+01   constant   
   3  A0           3.51365e-01     fixed    
   4  phi          4.11839e+00     fixed    
   5  R           -5.97466e+01   constant   
   6  alpha_CBO    1.68263e-02     fixed    
   7  w_CBO        2.32735e+00   constant   
   8  beta_CBO    -5.25812e-03   1.75764e-04   2.44024e-06  -7.05895e-01
   9  alpha_2CBO   5.46794e-04   1.73415e-04   2.40764e-06   3.76257e+00
  10  beta_2CBO    5.46511e-04     fixed    
  11  alpha_y      0.00000e+00     fixed    
  12  w_y          1.38984e+01   constant   
  13  beta_y       9.15083e-04     fixed    
  14  alpha_vw     0.00000e+00     fixed    
  15  w_vw         1.43156e+01   constant   
  16  beta_vw      0.00000e+00     fixed    
  17  LM           1.23967e-05   constant   
  18  zeta_y       0.00000e+00   constant   
  19  zeta_vw      0.00000e+00   constant   
  20  T_CBO        1.00000e+02   9.44762e+02  -0.00000e+00   0.00000e+00
  21  alpha_A0     5.20704e-03   3.03589e-04   7.75665e-07  -4.39078e+00
  22  beta_A0      4.66460e-05   3.39376e-04   1.06160e-06  -1.29306e+00
  23  alpha_phi    1.16499e-03   3.35102e-04  -2.95218e-06  -4.69552e-01
  24  beta_phi     7.16913e-04   3.26102e-04  -1.16030e-06  -2.15062e+00
  25  alpha_vw_m_cbo   7.88935e-04   1.71670e-04   1.74494e-07  -5.23139e-01
  26  w_vw_m_cbo   1.20142e+01   constant   
  27  beta_vw_m_cbo  -8.70687e-05   1.73596e-04  -4.10312e-08  -2.87569e+00
  28  alpha_vw_p_cbo  -4.30267e-04   1.71795e-04  -6.26004e-09  -2.17473e+00
  29  w_vw_p_cbo   1.67139e+01   constant   
  30  beta_vw_p_cbo   2.85985e-04   1.73468e-04   7.85509e-08  -1.88579e+00
 EXTERNAL ERROR MATRIX.    NDIM=  31    NPAR= 11    ERR DEF=1
  3.089e-08 
  0.000e+00  3.007e-08 
  0.000e+00  0.000e+00  1.153e+06 
  0.000e+00  0.000e+00  0.000e+00  9.217e-08 
  0.000e+00  0.000e+00  0.000e+00  0.000e+00  1.152e-07 
  0.000e+00  0.000e+00  0.000e+00  0.000e+00  0.000e+00  1.123e-07 
  0.000e+00  0.000e+00  0.000e+00  0.000e+00  0.000e+00  0.000e+00  1.063e-07 
  0.000e+00  0.000e+00  0.000e+00  0.000e+00  0.000e+00  0.000e+00  0.000e+00  2.947e-08 
  0.000e+00  0.000e+00  0.000e+00  0.000e+00  0.000e+00  0.000e+00  0.000e+00  0.000e+00  3.014e-08 
  0.000e+00  0.000e+00  0.000e+00  0.000e+00  0.000e+00  0.000e+00  0.000e+00  0.000e+00  0.000e+00  2.951e-08 
  0.000e+00  0.000e+00  0.000e+00  0.000e+00  0.000e+00  0.000e+00  0.000e+00  0.000e+00  0.000e+00  0.000e+00  3.009e-08 
ERR MATRIX APPROXIMATE
 PARAMETER  CORRELATION COEFFICIENTS  
       NO.  GLOBAL      8      9     20     21     22     23     24     25     27     28     30
        8  0.00000   1.000  0.000  0.000  0.000  0.000  0.000  0.000  0.000  0.000  0.000  0.000
        9  0.00000   0.000  1.000  0.000  0.000  0.000  0.000  0.000  0.000  0.000  0.000  0.000
       20  0.00000   0.000  0.000  1.000  0.000  0.000  0.000  0.000  0.000  0.000  0.000  0.000
       21  0.00000   0.000  0.000  0.000  1.000  0.000  0.000  0.000  0.000  0.000  0.000  0.000
       22  0.00000   0.000  0.000  0.000  0.000  1.000  0.000  0.000  0.000  0.000  0.000  0.000
       23  0.00000   0.000  0.000  0.000  0.000  0.000  1.000  0.000  0.000  0.000  0.000  0.000
       24  0.00000   0.000  0.000  0.000  0.000  0.000  0.000  1.000  0.000  0.000  0.000  0.000
       25  0.00000   0.000  0.000  0.000  0.000  0.000  0.000  0.000  1.000  0.000  0.000  0.000
       27  0.00000   0.000  0.000  0.000  0.000  0.000  0.000  0.000  0.000  1.000  0.000  0.000
       28  0.00000   0.000  0.000  0.000  0.000  0.000  0.000  0.000  0.000  0.000  1.000  0.000
       30  0.00000   0.000  0.000  0.000  0.000  0.000  0.000  0.000  0.000  0.000  0.000  1.000
 ERR MATRIX APPROXIMATE
MINUIT - FIT wiggle + 1-CBO + 2-CBO
 **********
 **   42 **RES 
 **********
                   PARAMETER   16  beta_vw RESTORED TO VARIABLE.
                   PARAMETER   14  alpha_vw RESTORED TO VARIABLE.
                   PARAMETER   13  beta_y RESTORED TO VARIABLE.
                   PARAMETER   11  alpha_y RESTORED TO VARIABLE.
                   PARAMETER   10  beta_2CBO RESTORED TO VARIABLE.
                   PARAMETER    6  alpha_CBO RESTORED TO VARIABLE.
                   PARAMETER    4  phi RESTORED TO VARIABLE.
                   PARAMETER    3  A0 RESTORED TO VARIABLE.
                   PARAMETER    1  N0 RESTORED TO VARIABLE.
 **********
 **   43 **FIX           10
 **********
 **********
 **   44 **FIX           11
 **********
 **********
 **   45 **FIX           12
 **********
 PARAMETER   12  IS CONSTANT.   IGNORED.
 **********
 **   46 **FIX           13
 **********
 **********
 **   47 **FIX           14
 **********
 **********
 **   48 **FIX           15
 **********
 PARAMETER   15  IS CONSTANT.   IGNORED.
 **********
 **   49 **FIX           16
 **********
 **********
 **   50 **MIGRAD
 **********
 START MIGRAD MINIMIZATION.  STRATEGY  1.  CONVERGENCE WHEN EDM .LT. 1.00e-04
 FCN=807.476 FROM MIGRAD    STATUS=INITIATE     1219 CALLS        4727 TOTAL
                     EDM= unknown      STRATEGY= 1      NO ERROR MATRIX       
  EXT PARAMETER               CURRENT GUESS       STEP         FIRST   
  NO.   NAME      VALUE            ERROR          SIZE      DERIVATIVE 
   1  N0           1.44084e+06   8.79564e+01   0.00000e+00  -2.48929e-02
   2  tau          6.44061e+01   constant   
   3  A0           3.51365e-01   7.94555e-05   0.00000e+00   2.50161e+04
   4  phi          4.11839e+00   2.33658e-04   0.00000e+00   4.59730e+04
   5  R           -5.97466e+01   constant   
   6  alpha_CBO    1.68263e-02   1.69648e-04   0.00000e+00  -6.44022e+02
   7  w_CBO        2.32735e+00   constant   
   8  beta_CBO    -5.25812e-03   1.75764e-04   0.00000e+00  -7.05898e-01
   9  alpha_2CBO   5.46794e-04   1.73415e-04   0.00000e+00   3.76257e+00
  10  beta_2CBO    5.46511e-04     fixed    
  11  alpha_y      0.00000e+00     fixed    
  12  w_y          1.38984e+01   constant   
  13  beta_y       9.15083e-04     fixed    
  14  alpha_vw     0.00000e+00     fixed    
  15  w_vw         1.43156e+01   constant   
  16  beta_vw      0.00000e+00     fixed    
  17  LM           1.23967e-05   constant   
  18  zeta_y       0.00000e+00   constant   
  19  zeta_vw      0.00000e+00   constant   
  20  T_CBO        1.00000e+02   9.44762e+02   0.00000e+00   0.00000e+00
  21  alpha_A0     5.20704e-03   3.03589e-04   0.00000e+00  -4.39078e+00
  22  beta_A0      4.66460e-05   3.39376e-04   0.00000e+00  -1.29306e+00
  23  alpha_phi    1.16499e-03   3.35102e-04   0.00000e+00  -4.69561e-01
  24  beta_phi     7.16913e-04   3.26102e-04   0.00000e+00  -2.15058e+00
  25  alpha_vw_m_cbo   7.88935e-04   1.71670e-04   0.00000e+00  -5.23138e-01
  26  w_vw_m_cbo   1.20142e+01   constant   
  27  beta_vw_m_cbo  -8.70687e-05   1.73596e-04   0.00000e+00  -2.87569e+00
  28  alpha_vw_p_cbo  -4.30267e-04   1.71795e-04   0.00000e+00  -2.17473e+00
  29  w_vw_p_cbo   1.67139e+01   constant   
  30  beta_vw_p_cbo   2.85985e-04   1.73468e-04   0.00000e+00  -1.88579e+00
 MIGRAD MINIMIZATION HAS CONVERGED.
 MIGRAD WILL VERIFY CONVERGENCE AND ERROR MATRIX.
  MNHESS FAILS AND WILL RETURN DIAGONAL MATRIX. 
 FCN=776.342 FROM MIGRAD    STATUS=CONVERGED    1426 CALLS        4934 TOTAL
                     EDM=8.56011e-07    STRATEGY= 1  ERROR MATRIX UNCERTAINTY 100.0 per cent
  EXT PARAMETER                APPROXIMATE        STEP         FIRST   
  NO.   NAME      VALUE            ERROR          SIZE      DERIVATIVE 
   1  N0           1.44085e+06   8.79571e+01   1.19728e+00  -1.10133e-05
   2  tau          6.44061e+01   constant   
   3  A0           3.51330e-01   7.94845e-05   1.08208e-06  -6.33261e+00
   4  phi          4.11706e+00   2.33677e-04   3.18121e-06  -4.44182e-01
   5  R           -5.97466e+01   constant   
   6  alpha_CBO    1.68910e-02   1.69634e-04   2.30935e-06  -2.13596e-01
   7  w_CBO        2.32735e+00   constant   
   8  beta_CBO    -5.45607e-03   1.75753e-04   2.39265e-06   3.94513e+00
   9  alpha_2CBO   4.81195e-04   1.73402e-04   2.36065e-06  -4.82463e+00
  10  beta_2CBO    5.46511e-04     fixed    
  11  alpha_y      0.00000e+00     fixed    
  12  w_y          1.38984e+01   constant   
  13  beta_y       9.15083e-04     fixed    
  14  alpha_vw     0.00000e+00     fixed    
  15  w_vw         1.43156e+01   constant   
  16  beta_vw      0.00000e+00     fixed    
  17  LM           1.23967e-05   constant   
  18  zeta_y       0.00000e+00   constant   
  19  zeta_vw      0.00000e+00   constant   
  20  T_CBO        1.00000e+02   8.96179e+02  -0.00000e+00   0.00000e+00
  21  alpha_A0     5.15225e-03   3.03660e-04   2.98056e-07   1.07590e+00
  22  beta_A0     -1.23821e-04   3.39426e-04   4.62311e-09   2.83646e-02
  23  alpha_phi    1.40979e-03   3.35037e-04   3.63027e-07  -4.00811e-01
  24  beta_phi     7.15634e-04   3.26084e-04   3.32605e-07  -1.88446e+00
  25  alpha_vw_m_cbo   7.75753e-04   1.71657e-04   1.03378e-08   1.36269e-01
  26  w_vw_m_cbo   1.20142e+01   constant   
  27  beta_vw_m_cbo  -7.07367e-05   1.73584e-04  -1.01417e-08  -9.08449e-01
  28  alpha_vw_p_cbo  -4.14317e-04   1.71782e-04  -3.58937e-08  -1.29757e+00
  29  w_vw_p_cbo   1.67139e+01   constant   
  30  beta_vw_p_cbo   2.89270e-04   1.73455e-04  -4.01556e-09  -6.66633e-01
 EXTERNAL ERROR MATRIX.    NDIM=  31    NPAR= 15    ERR DEF=1
 ELEMENTS ABOVE DIAGONAL ARE NOT PRINTED.
  7.736e+03 
  0.000e+00  6.318e-09 
  0.000e+00  0.000e+00  5.461e-08 
  0.000e+00  0.000e+00  0.000e+00  2.878e-08 
  0.000e+00  0.000e+00  0.000e+00  0.000e+00  3.089e-08 
  0.000e+00  0.000e+00  0.000e+00  0.000e+00  0.000e+00  3.007e-08 
  0.000e+00  0.000e+00  0.000e+00  0.000e+00  0.000e+00  0.000e+00  1.785e+06 
  0.000e+00  0.000e+00  0.000e+00  0.000e+00  0.000e+00  0.000e+00  0.000e+00  9.221e-08 
  0.000e+00  0.000e+00  0.000e+00  0.000e+00  0.000e+00  0.000e+00  0.000e+00  0.000e+00  1.152e-07 
  0.000e+00  0.000e+00  0.000e+00  0.000e+00  0.000e+00  0.000e+00  0.000e+00  0.000e+00  0.000e+00  1.123e-07 
  0.000e+00  0.000e+00  0.000e+00  0.000e+00  0.000e+00  0.000e+00  0.000e+00  0.000e+00  0.000e+00  0.000e+00  1.063e-07 
  0.000e+00  0.000e+00  0.000e+00  0.000e+00  0.000e+00  0.000e+00  0.000e+00  0.000e+00  0.000e+00  0.000e+00  0.000e+00 
  0.000e+00  0.000e+00  0.000e+00  0.000e+00  0.000e+00  0.000e+00  0.000e+00  0.000e+00  0.000e+00  0.000e+00  0.000e+00  2.947e-08 
  0.000e+00  0.000e+00  0.000e+00  0.000e+00  0.000e+00  0.000e+00  0.000e+00  0.000e+00  0.000e+00  0.000e+00  0.000e+00 
  0.000e+00  0.000e+00  0.000e+00  0.000e+00  0.000e+00  0.000e+00  0.000e+00  0.000e+00  0.000e+00  0.000e+00  0.000e+00  0.000e+00  3.013e-08 
  0.000e+00  0.000e+00  0.000e+00  0.000e+00  0.000e+00  0.000e+00  0.000e+00  0.000e+00  0.000e+00  0.000e+00  0.000e+00 
  0.000e+00  0.000e+00  0.000e+00  0.000e+00  0.000e+00  0.000e+00  0.000e+00  0.000e+00  0.000e+00  0.000e+00  0.000e+00  0.000e+00  0.000e+00  2.951e-08 
  0.000e+00  0.000e+00  0.000e+00  0.000e+00  0.000e+00  0.000e+00  0.000e+00  0.000e+00  0.000e+00  0.000e+00  0.000e+00 
  0.000e+00  0.000e+00  0.000e+00  0.000e+00  0.000e+00  0.000e+00  0.000e+00  0.000e+00  0.000e+00  0.000e+00  0.000e+00  0.000e+00  0.000e+00  0.000e+00  3.009e-08 
ERR MATRIX APPROXIMATE
 PARAMETER  CORRELATION COEFFICIENTS  
       NO.  GLOBAL      1      3      4      6      8      9     20     21     22     23     24     25     27     28     30
        1  0.00000   1.000  0.000  0.000  0.000  0.000  0.000  0.000  0.000  0.000  0.000  0.000  0.000  0.000  0.000  0.000
        3  0.00000   0.000  1.000  0.000  0.000  0.000  0.000  0.000  0.000  0.000  0.000  0.000  0.000  0.000  0.000  0.000
        4  0.00000   0.000  0.000  1.000  0.000  0.000  0.000  0.000  0.000  0.000  0.000  0.000  0.000  0.000  0.000  0.000
        6  0.00000   0.000  0.000  0.000  1.000  0.000  0.000  0.000  0.000  0.000  0.000  0.000  0.000  0.000  0.000  0.000
        8  0.00000   0.000  0.000  0.000  0.000  1.000  0.000  0.000  0.000  0.000  0.000  0.000  0.000  0.000  0.000  0.000
        9  0.00000   0.000  0.000  0.000  0.000  0.000  1.000  0.000  0.000  0.000  0.000  0.000  0.000  0.000  0.000  0.000
       20  0.00000   0.000  0.000  0.000  0.000  0.000  0.000  1.000  0.000  0.000  0.000  0.000  0.000  0.000  0.000  0.000
       21  0.00000   0.000  0.000  0.000  0.000  0.000  0.000  0.000  1.000  0.000  0.000  0.000  0.000  0.000  0.000  0.000
       22  0.00000   0.000  0.000  0.000  0.000  0.000  0.000  0.000  0.000  1.000  0.000  0.000  0.000  0.000  0.000  0.000
       23  0.00000   0.000  0.000  0.000  0.000  0.000  0.000  0.000  0.000  0.000  1.000  0.000  0.000  0.000  0.000  0.000
       24  0.00000   0.000  0.000  0.000  0.000  0.000  0.000  0.000  0.000  0.000  0.000  1.000  0.000  0.000  0.000  0.000
       25  0.00000   0.000  0.000  0.000  0.000  0.000  0.000  0.000  0.000  0.000  0.000  0.000  1.000  0.000  0.000  0.000
       27  0.00000   0.000  0.000  0.000  0.000  0.000  0.000  0.000  0.000  0.000  0.000  0.000  0.000  1.000  0.000  0.000
       28  0.00000   0.000  0.000  0.000  0.000  0.000  0.000  0.000  0.000  0.000  0.000  0.000  0.000  0.000  1.000  0.000
       30  0.00000   0.000  0.000  0.000  0.000  0.000  0.000  0.000  0.000  0.000  0.000  0.000  0.000  0.000  0.000  1.000
 ERR MATRIX APPROXIMATE
MINUIT - FIT ONLY 1-y
 **********
 **   51 **RES 
 **********
                   PARAMETER   16  beta_vw RESTORED TO VARIABLE.
                   PARAMETER   14  alpha_vw RESTORED TO VARIABLE.
                   PARAMETER   13  beta_y RESTORED TO VARIABLE.
                   PARAMETER   11  alpha_y RESTORED TO VARIABLE.
                   PARAMETER   10  beta_2CBO RESTORED TO VARIABLE.
 **********
 **   52 **FIX            0
 **********
 PARAMETER    0  IS UNDEFINED. IGNORED.
 **********
 **   53 **FIX            1
 **********
 **********
 **   54 **FIX            2
 **********
 PARAMETER    2  IS CONSTANT.   IGNORED.
 **********
 **   55 **FIX            3
 **********
 **********
 **   56 **FIX            4
 **********
 **********
 **   57 **FIX            5
 **********
 PARAMETER    5  IS CONSTANT.   IGNORED.
 **********
 **   58 **FIX            6
 **********
 **********
 **   59 **FIX            7
 **********
 PARAMETER    7  IS CONSTANT.   IGNORED.
 **********
 **   60 **FIX            8
 **********
 **********
 **   61 **FIX            9
 **********
 **********
 **   62 **FIX           13
 **********
 **********
 **   63 **FIX           14
 **********
 **********
 **   64 **FIX           15
 **********
 PARAMETER   15  IS CONSTANT.   IGNORED.
 **********
 **   65 **FIX           16
 **********
 **********
 **   66 **MIGRAD
 **********
 START MIGRAD MINIMIZATION.  STRATEGY  1.  CONVERGENCE WHEN EDM .LT. 1.00e-04
 FCN=776.342 FROM MIGRAD    STATUS=INITIATE      717 CALLS        5651 TOTAL
                     EDM= unknown      STRATEGY= 1      NO ERROR MATRIX       
  EXT PARAMETER               CURRENT GUESS       STEP         FIRST   
  NO.   NAME      VALUE            ERROR          SIZE      DERIVATIVE 
   1  N0           1.44085e+06     fixed    
   2  tau          6.44061e+01   constant   
   3  A0           3.51330e-01     fixed    
   4  phi          4.11706e+00     fixed    
   5  R           -5.97466e+01   constant   
   6  alpha_CBO    1.68910e-02     fixed    
   7  w_CBO        2.32735e+00   constant   
   8  beta_CBO    -5.45607e-03     fixed    
   9  alpha_2CBO   4.81195e-04     fixed    
  10  beta_2CBO    5.46511e-04   1.71850e-04   0.00000e+00   8.69310e+03
  11  alpha_y      0.00000e+00   1.00000e-03   0.00000e+00  -1.66969e+05
  12  w_y          1.38984e+01   constant   
  13  beta_y       9.15083e-04     fixed    
  14  alpha_vw     0.00000e+00     fixed    
  15  w_vw         1.43156e+01   constant   
  16  beta_vw      0.00000e+00     fixed    
  17  LM           1.23967e-05   constant   
  18  zeta_y       0.00000e+00   constant   
  19  zeta_vw      0.00000e+00   constant   
  20  T_CBO        1.00000e+02   8.96179e+02   0.00000e+00   0.00000e+00
  21  alpha_A0     5.15225e-03   3.03660e-04   0.00000e+00   1.07590e+00
  22  beta_A0     -1.23821e-04   3.39426e-04   0.00000e+00   2.83652e-02
  23  alpha_phi    1.40979e-03   3.35037e-04   0.00000e+00  -4.00826e-01
  24  beta_phi     7.15634e-04   3.26084e-04   0.00000e+00  -1.88449e+00
  25  alpha_vw_m_cbo   7.75753e-04   1.71657e-04   0.00000e+00   1.36265e-01
  26  w_vw_m_cbo   1.20142e+01   constant   
  27  beta_vw_m_cbo  -7.07367e-05   1.73584e-04   0.00000e+00  -9.08452e-01
  28  alpha_vw_p_cbo  -4.14317e-04   1.71782e-04   0.00000e+00  -1.29757e+00
  29  w_vw_p_cbo   1.67139e+01   constant   
  30  beta_vw_p_cbo   2.89270e-04   1.73455e-04   0.00000e+00  -6.66633e-01
 MIGRAD MINIMIZATION HAS CONVERGED.
 MIGRAD WILL VERIFY CONVERGENCE AND ERROR MATRIX.
  MNHESS FAILS AND WILL RETURN DIAGONAL MATRIX. 
 FCN=567.76 FROM MIGRAD    STATUS=CONVERGED     817 CALLS        5751 TOTAL
                     EDM=2.52865e-06    STRATEGY= 1  ERROR MATRIX UNCERTAINTY 100.0 per cent
  EXT PARAMETER                APPROXIMATE        STEP         FIRST   
  NO.   NAME      VALUE            ERROR          SIZE      DERIVATIVE 
   1  N0           1.44085e+06     fixed    
   2  tau          6.44061e+01   constant   
   3  A0           3.51330e-01     fixed    
   4  phi          4.11706e+00     fixed    
   5  R           -5.97466e+01   constant   
   6  alpha_CBO    1.68910e-02     fixed    
   7  w_CBO        2.32735e+00   constant   
   8  beta_CBO    -5.45607e-03     fixed    
   9  alpha_2CBO   4.81195e-04     fixed    
  10  beta_2CBO    3.66159e-04   1.71833e-04   2.00098e-06   8.01644e+00
  11  alpha_y      2.48906e-03   1.71879e-04   2.00151e-06   5.12302e-01
  12  w_y          1.38984e+01   constant   
  13  beta_y       9.15083e-04     fixed    
  14  alpha_vw     0.00000e+00     fixed    
  15  w_vw         1.43156e+01   constant   
  16  beta_vw      0.00000e+00     fixed    
  17  LM           1.23967e-05   constant   
  18  zeta_y       0.00000e+00   constant   
  19  zeta_vw      0.00000e+00   constant   
  20  T_CBO        1.00000e+02   9.26237e+02  -0.00000e+00   0.00000e+00
  21  alpha_A0     5.20426e-03   3.03654e-04   1.62025e-06   2.88018e+00
  22  beta_A0     -8.86157e-05   3.39428e-04   1.25513e-06  -9.80299e-01
  23  alpha_phi    1.31679e-03   3.35040e-04  -1.20644e-06   6.11877e+00
  24  beta_phi     6.68776e-04   3.26093e-04   3.43785e-07   5.20458e-01
  25  alpha_vw_m_cbo   6.48078e-04   1.71657e-04   1.06888e-06  -7.49894e-02
  26  w_vw_m_cbo   1.20142e+01   constant   
  27  beta_vw_m_cbo  -1.74089e-04   1.73584e-04  -2.74234e-07  -2.37061e+00
  28  alpha_vw_p_cbo  -4.41134e-04   1.71782e-04  -6.51380e-07  -2.60217e+00
  29  w_vw_p_cbo   1.67139e+01   constant   
  30  beta_vw_p_cbo   1.66708e-04   1.73455e-04   7.02490e-07   2.97834e-01
 EXTERNAL ERROR MATRIX.    NDIM=  31    NPAR= 11    ERR DEF=1
  2.953e-08 
  0.000e+00  2.954e-08 
  0.000e+00  0.000e+00  1.606e+06 
  0.000e+00  0.000e+00  0.000e+00  9.221e-08 
  0.000e+00  0.000e+00  0.000e+00  0.000e+00  1.152e-07 
  0.000e+00  0.000e+00  0.000e+00  0.000e+00  0.000e+00  1.123e-07 
  0.000e+00  0.000e+00  0.000e+00  0.000e+00  0.000e+00  0.000e+00  1.063e-07 
  0.000e+00  0.000e+00  0.000e+00  0.000e+00  0.000e+00  0.000e+00  0.000e+00  2.947e-08 
  0.000e+00  0.000e+00  0.000e+00  0.000e+00  0.000e+00  0.000e+00  0.000e+00  0.000e+00  3.013e-08 
  0.000e+00  0.000e+00  0.000e+00  0.000e+00  0.000e+00  0.000e+00  0.000e+00  0.000e+00  0.000e+00  2.951e-08 
  0.000e+00  0.000e+00  0.000e+00  0.000e+00  0.000e+00  0.000e+00  0.000e+00  0.000e+00  0.000e+00  0.000e+00  3.009e-08 
ERR MATRIX APPROXIMATE
 PARAMETER  CORRELATION COEFFICIENTS  
       NO.  GLOBAL     10     11     20     21     22     23     24     25     27     28     30
       10  0.00000   1.000  0.000  0.000  0.000  0.000  0.000  0.000  0.000  0.000  0.000  0.000
       11  0.00000   0.000  1.000  0.000  0.000  0.000  0.000  0.000  0.000  0.000  0.000  0.000
       20  0.00000   0.000  0.000  1.000  0.000  0.000  0.000  0.000  0.000  0.000  0.000  0.000
       21  0.00000   0.000  0.000  0.000  1.000  0.000  0.000  0.000  0.000  0.000  0.000  0.000
       22  0.00000   0.000  0.000  0.000  0.000  1.000  0.000  0.000  0.000  0.000  0.000  0.000
       23  0.00000   0.000  0.000  0.000  0.000  0.000  1.000  0.000  0.000  0.000  0.000  0.000
       24  0.00000   0.000  0.000  0.000  0.000  0.000  0.000  1.000  0.000  0.000  0.000  0.000
       25  0.00000   0.000  0.000  0.000  0.000  0.000  0.000  0.000  1.000  0.000  0.000  0.000
       27  0.00000   0.000  0.000  0.000  0.000  0.000  0.000  0.000  0.000  1.000  0.000  0.000
       28  0.00000   0.000  0.000  0.000  0.000  0.000  0.000  0.000  0.000  0.000  1.000  0.000
       30  0.00000   0.000  0.000  0.000  0.000  0.000  0.000  0.000  0.000  0.000  0.000  1.000
 ERR MATRIX APPROXIMATE
MINUIT - FIT ONLY 2-y
 **********
 **   67 **RES 
 **********
                   PARAMETER   16  beta_vw RESTORED TO VARIABLE.
                   PARAMETER   14  alpha_vw RESTORED TO VARIABLE.
                   PARAMETER   13  beta_y RESTORED TO VARIABLE.
                   PARAMETER    9  alpha_2CBO RESTORED TO VARIABLE.
                   PARAMETER    8  beta_CBO RESTORED TO VARIABLE.
                   PARAMETER    6  alpha_CBO RESTORED TO VARIABLE.
                   PARAMETER    4  phi RESTORED TO VARIABLE.
                   PARAMETER    3  A0 RESTORED TO VARIABLE.
                   PARAMETER    1  N0 RESTORED TO VARIABLE.
 **********
 **   68 **FIX            0
 **********
 PARAMETER    0  IS UNDEFINED. IGNORED.
 **********
 **   69 **FIX            1
 **********
 **********
 **   70 **FIX            2
 **********
 PARAMETER    2  IS CONSTANT.   IGNORED.
 **********
 **   71 **FIX            3
 **********
 **********
 **   72 **FIX            4
 **********
 **********
 **   73 **FIX            5
 **********
 PARAMETER    5  IS CONSTANT.   IGNORED.
 **********
 **   74 **FIX            6
 **********
 **********
 **   75 **FIX            7
 **********
 PARAMETER    7  IS CONSTANT.   IGNORED.
 **********
 **   76 **FIX            8
 **********
 **********
 **   77 **FIX            9
 **********
 **********
 **   78 **FIX           10
 **********
 **********
 **   79 **FIX           11
 **********
 **********
 **   80 **FIX           12
 **********
 PARAMETER   12  IS CONSTANT.   IGNORED.
 **********
 **   81 **FIX           16
 **********
 **********
 **   82 **MIGRAD
 **********
 START MIGRAD MINIMIZATION.  STRATEGY  1.  CONVERGENCE WHEN EDM .LT. 1.00e-04
 FCN=567.76 FROM MIGRAD    STATUS=INITIATE      717 CALLS        6468 TOTAL
                     EDM= unknown      STRATEGY= 1      NO ERROR MATRIX       
  EXT PARAMETER               CURRENT GUESS       STEP         FIRST   
  NO.   NAME      VALUE            ERROR          SIZE      DERIVATIVE 
   1  N0           1.44085e+06     fixed    
   2  tau          6.44061e+01   constant   
   3  A0           3.51330e-01     fixed    
   4  phi          4.11706e+00     fixed    
   5  R           -5.97466e+01   constant   
   6  alpha_CBO    1.68910e-02     fixed    
   7  w_CBO        2.32735e+00   constant   
   8  beta_CBO    -5.45607e-03     fixed    
   9  alpha_2CBO   4.81195e-04     fixed    
  10  beta_2CBO    3.66159e-04     fixed    
  11  alpha_y      2.48906e-03     fixed    
  12  w_y          1.38984e+01   constant   
  13  beta_y       9.15083e-04   1.73375e-04   0.00000e+00  -1.33932e+03
  14  alpha_vw     0.00000e+00   1.00000e-03   0.00000e+00  -2.21465e+05
  15  w_vw         1.43156e+01   constant   
  16  beta_vw      0.00000e+00     fixed    
  17  LM           1.23967e-05   constant   
  18  zeta_y       0.00000e+00   constant   
  19  zeta_vw      0.00000e+00   constant   
  20  T_CBO        1.00000e+02   9.26237e+02   0.00000e+00   0.00000e+00
  21  alpha_A0     5.20426e-03   3.03654e-04   0.00000e+00   2.88018e+00
  22  beta_A0     -8.86157e-05   3.39428e-04   0.00000e+00  -9.80299e-01
  23  alpha_phi    1.31679e-03   3.35040e-04   0.00000e+00   6.11876e+00
  24  beta_phi     6.68776e-04   3.26093e-04   0.00000e+00   5.20504e-01
  25  alpha_vw_m_cbo   6.48078e-04   1.71657e-04   0.00000e+00  -7.49920e-02
  26  w_vw_m_cbo   1.20142e+01   constant   
  27  beta_vw_m_cbo  -1.74089e-04   1.73584e-04   0.00000e+00  -2.37061e+00
  28  alpha_vw_p_cbo  -4.41134e-04   1.71782e-04   0.00000e+00  -2.60217e+00
  29  w_vw_p_cbo   1.67139e+01   constant   
  30  beta_vw_p_cbo   1.66708e-04   1.73455e-04   0.00000e+00   2.97834e-01
 MIGRAD MINIMIZATION HAS CONVERGED.
 MIGRAD WILL VERIFY CONVERGENCE AND ERROR MATRIX.
  MNHESS FAILS AND WILL RETURN DIAGONAL MATRIX. 
 FCN=199.688 FROM MIGRAD    STATUS=CONVERGED     818 CALLS        6569 TOTAL
                     EDM=4.56221e-07    STRATEGY= 1  ERROR MATRIX UNCERTAINTY 100.0 per cent
  EXT PARAMETER                APPROXIMATE        STEP         FIRST   
  NO.   NAME      VALUE            ERROR          SIZE      DERIVATIVE 
   1  N0           1.44085e+06     fixed    
   2  tau          6.44061e+01   constant   
   3  A0           3.51330e-01     fixed    
   4  phi          4.11706e+00     fixed    
   5  R           -5.97466e+01   constant   
   6  alpha_CBO    1.68910e-02     fixed    
   7  w_CBO        2.32735e+00   constant   
   8  beta_CBO    -5.45607e-03     fixed    
   9  alpha_2CBO   4.81195e-04     fixed    
  10  beta_2CBO    3.66159e-04     fixed    
  11  alpha_y      2.48906e-03     fixed    
  12  w_y          1.38984e+01   constant   
  13  beta_y       7.48086e-04   1.73356e-04   1.19914e-06  -1.36569e+00
  14  alpha_vw     3.32498e-03   1.72618e-04   1.19404e-06   1.10485e-01
  15  w_vw         1.43156e+01   constant   
  16  beta_vw      0.00000e+00     fixed    
  17  LM           1.23967e-05   constant   
  18  zeta_y       0.00000e+00   constant   
  19  zeta_vw      0.00000e+00   constant   
  20  T_CBO        1.00000e+02   9.08947e+02  -0.00000e+00   0.00000e+00
  21  alpha_A0     5.13801e-03   3.03659e-04  -1.56402e-06   2.93013e-01
  22  beta_A0     -3.04988e-05   3.39447e-04  -9.30367e-08   1.40202e+00
  23  alpha_phi    1.33213e-03   3.35043e-04   3.99525e-07  -2.35122e+00
  24  beta_phi     7.12380e-04   3.26104e-04   2.06576e-07  -1.04361e+00
  25  alpha_vw_m_cbo   5.35649e-04   1.71657e-04  -1.35188e-07  -4.76585e-01
  26  w_vw_m_cbo   1.20142e+01   constant   
  27  beta_vw_m_cbo  -2.71440e-05   1.73584e-04  -4.48845e-07  -2.89990e+00
  28  alpha_vw_p_cbo  -5.70875e-04   1.71782e-04  -3.66880e-07  -1.09232e+00
  29  w_vw_p_cbo   1.67139e+01   constant   
  30  beta_vw_p_cbo   2.33314e-04   1.73455e-04  -3.05876e-07  -3.62568e-01
 EXTERNAL ERROR MATRIX.    NDIM=  31    NPAR= 11    ERR DEF=1
  3.005e-08 
  0.000e+00  2.980e-08 
  0.000e+00  0.000e+00  1.716e+06 
  0.000e+00  0.000e+00  0.000e+00  9.221e-08 
  0.000e+00  0.000e+00  0.000e+00  0.000e+00  1.152e-07 
  0.000e+00  0.000e+00  0.000e+00  0.000e+00  0.000e+00  1.123e-07 
  0.000e+00  0.000e+00  0.000e+00  0.000e+00  0.000e+00  0.000e+00  1.063e-07 
  0.000e+00  0.000e+00  0.000e+00  0.000e+00  0.000e+00  0.000e+00  0.000e+00  2.947e-08 
  0.000e+00  0.000e+00  0.000e+00  0.000e+00  0.000e+00  0.000e+00  0.000e+00  0.000e+00  3.013e-08 
  0.000e+00  0.000e+00  0.000e+00  0.000e+00  0.000e+00  0.000e+00  0.000e+00  0.000e+00  0.000e+00  2.951e-08 
  0.000e+00  0.000e+00  0.000e+00  0.000e+00  0.000e+00  0.000e+00  0.000e+00  0.000e+00  0.000e+00  0.000e+00  3.009e-08 
ERR MATRIX APPROXIMATE
 PARAMETER  CORRELATION COEFFICIENTS  
       NO.  GLOBAL     13     14     20     21     22     23     24     25     27     28     30
       13  0.00000   1.000  0.000  0.000  0.000  0.000  0.000  0.000  0.000  0.000  0.000  0.000
       14  0.00000   0.000  1.000  0.000  0.000  0.000  0.000  0.000  0.000  0.000  0.000  0.000
       20  0.00000   0.000  0.000  1.000  0.000  0.000  0.000  0.000  0.000  0.000  0.000  0.000
       21  0.00000   0.000  0.000  0.000  1.000  0.000  0.000  0.000  0.000  0.000  0.000  0.000
       22  0.00000   0.000  0.000  0.000  0.000  1.000  0.000  0.000  0.000  0.000  0.000  0.000
       23  0.00000   0.000  0.000  0.000  0.000  0.000  1.000  0.000  0.000  0.000  0.000  0.000
       24  0.00000   0.000  0.000  0.000  0.000  0.000  0.000  1.000  0.000  0.000  0.000  0.000
       25  0.00000   0.000  0.000  0.000  0.000  0.000  0.000  0.000  1.000  0.000  0.000  0.000
       27  0.00000   0.000  0.000  0.000  0.000  0.000  0.000  0.000  0.000  1.000  0.000  0.000
       28  0.00000   0.000  0.000  0.000  0.000  0.000  0.000  0.000  0.000  0.000  1.000  0.000
       30  0.00000   0.000  0.000  0.000  0.000  0.000  0.000  0.000  0.000  0.000  0.000  1.000
 ERR MATRIX APPROXIMATE
MINUIT - FIT ALTOGETHER
 **********
 **   83 **RES 
 **********
                   PARAMETER   16  beta_vw RESTORED TO VARIABLE.
                   PARAMETER   11  alpha_y RESTORED TO VARIABLE.
                   PARAMETER   10  beta_2CBO RESTORED TO VARIABLE.
                   PARAMETER    9  alpha_2CBO RESTORED TO VARIABLE.
                   PARAMETER    8  beta_CBO RESTORED TO VARIABLE.
                   PARAMETER    6  alpha_CBO RESTORED TO VARIABLE.
                   PARAMETER    4  phi RESTORED TO VARIABLE.
                   PARAMETER    3  A0 RESTORED TO VARIABLE.
                   PARAMETER    1  N0 RESTORED TO VARIABLE.
 **********
 **   84 **MIGRAD
 **********
 START MIGRAD MINIMIZATION.  STRATEGY  1.  CONVERGENCE WHEN EDM .LT. 1.00e-04
 FCN=199.688 FROM MIGRAD    STATUS=INITIATE     2031 CALLS        8600 TOTAL
                     EDM= unknown      STRATEGY= 1      NO ERROR MATRIX       
  EXT PARAMETER               CURRENT GUESS       STEP         FIRST   
  NO.   NAME      VALUE            ERROR          SIZE      DERIVATIVE 
   1  N0           1.44085e+06   8.79571e+01   0.00000e+00  -2.04076e-03
   2  tau          6.44061e+01   constant   
   3  A0           3.51330e-01   7.94845e-05   0.00000e+00   8.27519e+03
   4  phi          4.11706e+00   2.33677e-04   0.00000e+00  -9.53401e+02
   5  R           -5.97466e+01   constant   
   6  alpha_CBO    1.68910e-02   1.69634e-04   0.00000e+00  -1.80787e+03
   7  w_CBO        2.32735e+00   constant   
   8  beta_CBO    -5.45607e-03   1.75753e-04   0.00000e+00   1.00274e+03
   9  alpha_2CBO   4.81195e-04   1.73402e-04   0.00000e+00   2.42130e+03
  10  beta_2CBO    3.66159e-04   1.71833e-04   0.00000e+00  -3.25591e+02
  11  alpha_y      2.48906e-03   1.71879e-04   0.00000e+00   8.86546e+04
  12  w_y          1.38984e+01   constant   
  13  beta_y       7.48086e-04   1.73356e-04   0.00000e+00  -1.36569e+00
  14  alpha_vw     3.32498e-03   1.72618e-04   0.00000e+00   1.10485e-01
  15  w_vw         1.43156e+01   constant   
  16  beta_vw      0.00000e+00   1.00000e-03   0.00000e+00  -9.45486e+04
  17  LM           1.23967e-05   constant   
  18  zeta_y       0.00000e+00   constant   
  19  zeta_vw      0.00000e+00   constant   
  20  T_CBO        1.00000e+02   9.08947e+02   0.00000e+00   0.00000e+00
  21  alpha_A0     5.13801e-03   3.03659e-04   0.00000e+00   2.93013e-01
  22  beta_A0     -3.04988e-05   3.39447e-04   0.00000e+00   1.40202e+00
  23  alpha_phi    1.33213e-03   3.35043e-04   0.00000e+00  -2.35123e+00
  24  beta_phi     7.12380e-04   3.26104e-04   0.00000e+00  -1.04361e+00
  25  alpha_vw_m_cbo   5.35649e-04   1.71657e-04   0.00000e+00  -4.76589e-01
  26  w_vw_m_cbo   1.20142e+01   constant   
  27  beta_vw_m_cbo  -2.71440e-05   1.73584e-04   0.00000e+00  -2.89990e+00
  28  alpha_vw_p_cbo  -5.70875e-04   1.71782e-04   0.00000e+00  -1.09231e+00
  29  w_vw_p_cbo   1.67139e+01   constant   
  30  beta_vw_p_cbo   2.33314e-04   1.73455e-04   0.00000e+00  -3.62572e-01
 MIGRAD MINIMIZATION HAS CONVERGED.
 FCN=60.5364 FROM MIGRAD    STATUS=CONVERGED    2281 CALLS        8850 TOTAL
                     EDM=7.6589e-07    STRATEGY= 1  ERROR MATRIX UNCERTAINTY   2.8 per cent
  EXT PARAMETER                                   STEP         FIRST   
  NO.   NAME      VALUE            ERROR          SIZE      DERIVATIVE 
   1  N0           1.44085e+06   8.58222e+01  -1.05725e-01   3.80083e-06
   2  tau          6.44061e+01   constant   
   3  A0           3.51328e-01   8.26574e-05   9.44789e-08   9.04482e+00
   4  phi          4.11708e+00   2.39668e-04  -1.54569e-07   2.77438e+00
   5  R           -5.97466e+01   constant   
   6  alpha_CBO    1.69126e-02   1.75859e-04  -5.31248e-08  -1.60239e+00
   7  w_CBO        2.32735e+00   constant   
   8  beta_CBO    -5.45265e-03   1.75043e-04  -2.57173e-07  -1.38516e+00
   9  alpha_2CBO   4.67743e-04   1.72892e-04  -1.13080e-07   3.41467e+00
  10  beta_2CBO    3.77024e-04   1.76566e-04   1.44231e-07  -3.14994e+00
  11  alpha_y      1.04732e-03   1.80248e-04   3.64939e-08   4.41661e-01
  12  w_y          1.38984e+01   constant   
  13  beta_y       7.17016e-05   1.89615e-04  -1.30729e-07   1.09326e+00
  14  alpha_vw     3.94531e-03   1.86190e-04  -1.78707e-07   9.51289e-01
  15  w_vw         1.43156e+01   constant   
  16  beta_vw      1.59048e-03   1.84001e-04   2.33045e-08   6.21052e-01
  17  LM           1.23967e-05   constant   
  18  zeta_y       0.00000e+00   constant   
  19  zeta_vw      0.00000e+00   constant   
  20  T_CBO        1.00000e+02   5.20646e+02  -0.00000e+00   0.00000e+00
  21  alpha_A0     5.15326e-03   2.94315e-04   7.95768e-08   4.06256e-01
  22  beta_A0     -1.44064e-04   3.57852e-04   2.32067e-07   1.01284e+00
  23  alpha_phi    1.33162e-03   3.43938e-04   4.54802e-07  -9.33275e-01
  24  beta_phi     7.24725e-04   3.25414e-04   1.30453e-08   2.01789e+00
  25  alpha_vw_m_cbo   5.22155e-04   1.71455e-04   3.70437e-07   1.40554e+00
  26  w_vw_m_cbo   1.20142e+01   constant   
  27  beta_vw_m_cbo   7.94587e-06   1.73170e-04   5.96871e-08  -1.42258e+00
  28  alpha_vw_p_cbo  -6.42296e-04   1.71813e-04   1.60182e-07  -1.64866e-01
  29  w_vw_p_cbo   1.67139e+01   constant   
  30  beta_vw_p_cbo   2.85354e-04   1.74896e-04  -3.78598e-07  -6.22547e-02
 EXTERNAL ERROR MATRIX.    NDIM=  31    NPAR= 20    ERR DEF=1
 ELEMENTS ABOVE DIAGONAL ARE NOT PRINTED.
  7.365e+03 
  1.867e-04  6.832e-09 
  1.265e-03 -2.096e-09  5.744e-08 
 -8.149e-04  2.091e-09 -2.003e-09  3.093e-08 
  2.878e-05  9.565e-11  1.810e-09 -1.222e-09  3.064e-08 
 -2.716e-04  1.896e-10  1.188e-09 -3.941e-10  4.381e-10  2.989e-08 
 -1.238e-04 -9.371e-10  8.561e-10 -1.698e-09 -8.407e-11 -5.288e-10  3.118e-08 
 -6.853e-04  1.422e-09 -1.889e-09  2.122e-09 -9.348e-10 -8.214e-10 -1.512e-09  3.249e-08 
 -1.454e-04 -1.076e-09  3.168e-09 -2.934e-09  4.690e-10 -4.073e-10  1.101e-09  4.421e-09  3.595e-08 
 -1.916e-04 -6.714e-10  3.434e-09 -2.647e-09  5.524e-10 -2.236e-11  7.830e-10 -8.848e-09 -2.648e-09  3.467e-08 
 -7.660e-04  1.892e-09 -2.023e-09  2.035e-09 -4.684e-10 -2.237e-10 -1.406e-09  5.708e-11 -1.023e-08  4.802e-09  3.386e-08 
  0.000e+00  0.000e+00  0.000e+00  0.000e+00  0.000e+00  0.000e+00  0.000e+00  0.000e+00  0.000e+00  0.000e+00  0.000e+00 
  0.000e+00  0.000e+00  0.000e+00  0.000e+00  0.000e+00  0.000e+00  0.000e+00  0.000e+00  0.000e+00  0.000e+00  0.000e+00  1.800e+05 
  2.048e-03 -2.206e-09 -5.381e-10  1.714e-10  1.321e-09  1.839e-09  1.025e-09  3.356e-11  3.366e-09  3.303e-09  2.083e-10 
  2.048e-03 -2.206e-09 -5.381e-10  1.714e-10  1.321e-09  1.839e-09  1.025e-09  3.356e-11  3.366e-09  3.303e-09  2.083e-10  0.000e+00  8.662e-08 
  5.349e-04 -4.254e-09  5.355e-09 -5.889e-09  2.489e-09 -7.619e-10  4.213e-09 -4.729e-09  5.811e-09  4.148e-09 -7.120e-09 
  5.349e-04 -4.254e-09  5.355e-09 -5.889e-09  2.489e-09 -7.619e-10  4.213e-09 -4.729e-09  5.811e-09  4.148e-09 -7.120e-09  0.000e+00  3.798e-09  1.281e-07 
 -1.335e-04  1.430e-09 -6.268e-09  4.616e-09 -1.204e-09 -4.101e-10 -9.088e-10  4.069e-09 -2.626e-09 -2.903e-09  3.835e-09 
 -1.335e-04  1.430e-09 -6.268e-09  4.616e-09 -1.204e-09 -4.101e-10 -9.088e-10  4.069e-09 -2.626e-09 -2.903e-09  3.835e-09  0.000e+00 -5.162e-09 -8.232e-09  1.183e-07 
  6.808e-04 -1.762e-10 -1.023e-09  1.780e-09  1.229e-09  6.708e-10 -1.158e-09  9.495e-10 -9.220e-11  4.646e-10  1.224e-09 
  6.808e-04 -1.762e-10 -1.023e-09  1.780e-09  1.229e-09  6.708e-10 -1.158e-09  9.495e-10 -9.220e-11  4.646e-10  1.224e-09  0.000e+00 -2.324e-09 -3.879e-09 -1.089e-09  1.059e-07 
 -3.864e-04 -7.902e-10 -7.361e-10 -3.162e-10  3.522e-10 -1.188e-09  1.293e-09 -6.606e-10  9.445e-10 -9.146e-10 -9.756e-10 
 -3.864e-04 -7.902e-10 -7.361e-10 -3.162e-10  3.522e-10 -1.188e-09  1.293e-09 -6.606e-10  9.445e-10 -9.146e-10 -9.756e-10  0.000e+00  5.093e-10  5.310e-10  6.069e-10 -2.116e-09  2.940e-08 
  1.887e-05 -4.763e-10  5.422e-10 -7.398e-10  2.246e-10 -1.581e-10  6.369e-10 -1.017e-09 -7.407e-10  1.748e-09 -2.678e-10 
  1.887e-05 -4.763e-10  5.422e-10 -7.398e-10  2.246e-10 -1.581e-10  6.369e-10 -1.017e-09 -7.407e-10  1.748e-09 -2.678e-10  0.000e+00  5.505e-10  1.423e-09 -7.501e-10 -4.770e-10  5.178e-10  2.999e-08 
 -6.798e-05 -4.299e-10 -5.411e-10 -2.034e-10 -1.588e-10 -4.060e-10  7.995e-10  4.528e-10  2.159e-09 -1.732e-09 -1.133e-09 
 -6.798e-05 -4.299e-10 -5.411e-10 -2.034e-10 -1.588e-10 -4.060e-10  7.995e-10  4.528e-10  2.159e-09 -1.732e-09 -1.133e-09  0.000e+00 -3.954e-10  1.345e-09  2.792e-10 -1.065e-09  3.823e-10  6.581e-10  2.952e-08 
  3.341e-04  1.531e-10  2.104e-09 -9.981e-10 -8.638e-12  9.825e-10 -6.002e-10 -1.038e-09  3.012e-10  1.231e-09  1.666e-10 
  3.341e-04  1.531e-10  2.104e-09 -9.981e-10 -8.638e-12  9.825e-10 -6.002e-10 -1.038e-09  3.012e-10  1.231e-09  1.666e-10  0.000e+00  7.969e-10  2.076e-09 -2.040e-09  1.714e-09 -1.308e-10  1.458e-10 -6.438e-10  3.059e-08 
 PARAMETER  CORRELATION COEFFICIENTS  
       NO.  GLOBAL      1      3      4      6      8      9     10     11     13     14     16     20     21     22     23     24
        1  0.15685   1.000  0.026  0.061 -0.054  0.002 -0.018 -0.008 -0.044 -0.009 -0.012 -0.049  0.000  0.081  0.017 -0.005  0.024
        3  0.28291   0.026  1.000 -0.106  0.144  0.007  0.013 -0.064  0.095 -0.069 -0.044  0.124  0.000 -0.091 -0.144  0.050 -0.007
        4  0.19461   0.061 -0.106  1.000 -0.048  0.043  0.029  0.020 -0.044  0.070  0.077 -0.046  0.000 -0.008  0.062 -0.076 -0.013
        6  0.22765  -0.054  0.144 -0.048  1.000 -0.040 -0.013 -0.055  0.067 -0.088 -0.081  0.063  0.000  0.003 -0.094  0.076  0.031
        8  0.08754   0.002  0.007  0.043 -0.040  1.000  0.014 -0.003 -0.030  0.014  0.017 -0.015  0.000  0.026  0.040 -0.020  0.022
        9  0.09001  -0.018  0.013  0.029 -0.013  0.014  1.000 -0.017 -0.026 -0.012 -0.001 -0.007  0.000  0.036 -0.012 -0.007  0.012
       10  0.12429  -0.008 -0.064  0.020 -0.055 -0.003 -0.017  1.000 -0.048  0.033  0.024 -0.043  0.000  0.020  0.067 -0.015 -0.020
       11  0.32661  -0.044  0.095 -0.044  0.067 -0.030 -0.026 -0.048  1.000  0.129 -0.264  0.002  0.000  0.001 -0.073  0.066  0.016
       13  0.35384  -0.009 -0.069  0.070 -0.088  0.014 -0.012  0.033  0.129  1.000 -0.075 -0.293  0.000  0.060  0.086 -0.040 -0.001
       14  0.33546  -0.012 -0.044  0.077 -0.081  0.017 -0.001  0.024 -0.264 -0.075  1.000  0.140  0.000  0.060  0.062 -0.045  0.008
       16  0.35858  -0.049  0.124 -0.046  0.063 -0.015 -0.007 -0.043  0.002 -0.293  0.140  1.000  0.000  0.004 -0.108  0.061  0.020
       20  0.00000   0.000  0.000  0.000  0.000  0.000  0.000  0.000  0.000  0.000  0.000  0.000  1.000  0.000  0.000  0.000  0.000
       21  0.17788   0.081 -0.091 -0.008  0.003  0.026  0.036  0.020  0.001  0.060  0.060  0.004  0.000  1.000  0.036 -0.051 -0.024
       22  0.22723   0.017 -0.144  0.062 -0.094  0.040 -0.012  0.067 -0.073  0.086  0.062 -0.108  0.000  0.036  1.000 -0.067 -0.033
       23  0.15572  -0.005  0.050 -0.076  0.076 -0.020 -0.007 -0.015  0.066 -0.040 -0.045  0.061  0.000 -0.051 -0.067  1.000 -0.010
       24  0.09346   0.024 -0.007 -0.013  0.031  0.022  0.012 -0.020  0.016 -0.001  0.008  0.020  0.000 -0.024 -0.033 -0.010  1.000
       25  0.10846  -0.026 -0.056 -0.018 -0.010  0.012 -0.040  0.043 -0.021  0.029 -0.029 -0.031  0.000  0.010  0.009  0.010 -0.038
                     1.000  0.017  0.013 -0.004
       27  0.08161   0.001 -0.033  0.013 -0.024  0.007 -0.005  0.021 -0.033 -0.023  0.054 -0.008  0.000  0.011  0.023 -0.013 -0.008
                     0.017  1.000  0.022  0.005
       28  0.10175  -0.005 -0.030 -0.013 -0.007 -0.005 -0.014  0.026  0.015  0.066 -0.054 -0.036  0.000 -0.008  0.022  0.005 -0.019
                     0.013  0.022  1.000 -0.021
       30  0.10118   0.022  0.011  0.050 -0.032 -0.000  0.032 -0.019 -0.033  0.009  0.038  0.005  0.000  0.015  0.033 -0.034  0.030
                    -0.004  0.005 -0.021  1.000
MINUIT - MINOS
 **********
 **   85 **RES 
 **********
 CALL TO MNFREE IGNORED.  THERE ARE NO FIXED PARAMETERS
 **********
 **   86 **MIG      2.5e+04        0.01
 **********
 START MIGRAD MINIMIZATION.  STRATEGY  1.  CONVERGENCE WHEN EDM .LT. 1.00e-05
 FCN=60.5364 FROM MIGRAD    STATUS=INITIATE       40 CALLS        8890 TOTAL
                     EDM=7.18418e-07    STRATEGY= 1  ERROR MATRIX UNCERTAINTY   2.8 per cent
  EXT PARAMETER                                   STEP         FIRST   
  NO.   NAME      VALUE            ERROR          SIZE      DERIVATIVE 
   1  N0           1.44085e+06   8.58222e+01  -1.05725e-01   3.80083e-06
   2  tau          6.44061e+01   constant   
   3  A0           3.51328e-01   8.26574e-05   9.44789e-08   9.04482e+00
   4  phi          4.11708e+00   2.39668e-04  -1.54569e-07   2.77438e+00
   5  R           -5.97466e+01   constant   
   6  alpha_CBO    1.69126e-02   1.75859e-04  -5.31248e-08  -1.60239e+00
   7  w_CBO        2.32735e+00   constant   
   8  beta_CBO    -5.45265e-03   1.75043e-04  -2.57173e-07  -1.38516e+00
   9  alpha_2CBO   4.67743e-04   1.72892e-04  -1.13080e-07   3.41468e+00
  10  beta_2CBO    3.77024e-04   1.76566e-04   1.44231e-07  -3.14994e+00
  11  alpha_y      1.04732e-03   1.80248e-04   3.64939e-08   4.41661e-01
  12  w_y          1.38984e+01   constant   
  13  beta_y       7.17016e-05   1.89615e-04  -1.30729e-07   1.09326e+00
  14  alpha_vw     3.94531e-03   1.86190e-04  -1.78707e-07   9.51295e-01
  15  w_vw         1.43156e+01   constant   
  16  beta_vw      1.59048e-03   1.84001e-04   2.33045e-08   6.21056e-01
  17  LM           1.23967e-05   constant   
  18  zeta_y       0.00000e+00   constant   
  19  zeta_vw      0.00000e+00   constant   
  20  T_CBO        1.00000e+02   5.20646e+02  -0.00000e+00   0.00000e+00
  21  alpha_A0     5.15326e-03   2.94315e-04   7.95768e-08   4.06257e-01
  22  beta_A0     -1.44064e-04   3.57852e-04   2.32067e-07   1.01284e+00
  23  alpha_phi    1.33162e-03   3.43938e-04   4.54802e-07  -9.33261e-01
  24  beta_phi     7.24725e-04   3.25414e-04   1.30453e-08   2.01791e+00
  25  alpha_vw_m_cbo   5.22155e-04   1.71455e-04   3.70437e-07   1.40554e+00
  26  w_vw_m_cbo   1.20142e+01   constant   
  27  beta_vw_m_cbo   7.94587e-06   1.73170e-04   5.96871e-08  -1.42258e+00
  28  alpha_vw_p_cbo  -6.42296e-04   1.71813e-04   1.60182e-07  -1.64866e-01
  29  w_vw_p_cbo   1.67139e+01   constant   
  30  beta_vw_p_cbo   2.85354e-04   1.74896e-04  -3.78598e-07  -6.22539e-02
 MIGRAD MINIMIZATION HAS CONVERGED.
 FCN=60.5364 FROM MIGRAD    STATUS=CONVERGED      81 CALLS        8931 TOTAL
                     EDM=6.72407e-08    STRATEGY= 1  ERROR MATRIX UNCERTAINTY   2.8 per cent
  EXT PARAMETER                                   STEP         FIRST   
  NO.   NAME      VALUE            ERROR          SIZE      DERIVATIVE 
   1  N0           1.44085e+06   8.82487e+01  -1.75467e-02   2.82690e-06
   2  tau          6.44061e+01   constant   
   3  A0           3.51328e-01   8.36613e-05  -2.47633e-08   6.21414e-01
   4  phi          4.11708e+00   2.44265e-04  -7.95260e-08   2.67097e-01
   5  R           -5.97466e+01   constant   
   6  alpha_CBO    1.69127e-02   1.74921e-04   2.15158e-08   3.66662e-01
   7  w_CBO        2.32735e+00   constant   
   8  beta_CBO    -5.45263e-03   1.72342e-04   1.27641e-08   9.89701e-01
   9  alpha_2CBO   4.67690e-04   1.70220e-04  -5.35216e-08  -4.66185e-01
  10  beta_2CBO    3.77073e-04   1.77495e-04   4.96612e-08  -6.20875e-02
  11  alpha_y      1.04731e-03   1.79918e-04  -4.75961e-09  -3.71950e-01
  12  w_y          1.38984e+01   constant   
  13  beta_y       7.16808e-05   1.88401e-04  -2.08049e-08  -5.37104e-01
  14  alpha_vw     3.94529e-03   1.84557e-04  -1.92223e-08  -5.90906e-01
  15  w_vw         1.43156e+01   constant   
  16  beta_vw      1.59047e-03   1.83514e-04  -7.51722e-09  -3.62479e-01
  17  LM           1.23967e-05   constant   
  18  zeta_y       0.00000e+00   constant   
  19  zeta_vw      0.00000e+00   constant   
  20  T_CBO        1.00000e+02   5.20646e+02  -0.00000e+00   0.00000e+00
  21  alpha_A0     5.15324e-03   2.94949e-04  -1.66817e-08   5.10884e-01
  22  beta_A0     -1.44115e-04   3.54111e-04  -5.08969e-08  -2.95583e-01
  23  alpha_phi    1.33169e-03   3.51443e-04   6.58571e-08  -5.75038e-01
  24  beta_phi     7.24621e-04   3.28502e-04  -1.04331e-07   7.37797e-02
  25  alpha_vw_m_cbo   5.22146e-04   1.71752e-04  -8.46551e-09   7.77699e-01
  26  w_vw_m_cbo   1.20142e+01   constant   
  27  beta_vw_m_cbo   7.96828e-06   1.73219e-04   2.24067e-08   9.88669e-03
  28  alpha_vw_p_cbo  -6.42288e-04   1.71482e-04   7.61509e-09   2.99631e-01
  29  w_vw_p_cbo   1.67139e+01   constant   
  30  beta_vw_p_cbo   2.85342e-04   1.73183e-04  -1.10471e-08  -8.18085e-01
 EXTERNAL ERROR MATRIX.    NDIM=  31    NPAR= 20    ERR DEF=1
 ELEMENTS ABOVE DIAGONAL ARE NOT PRINTED.
  7.788e+03 
  6.486e-04  6.999e-09 
  2.770e-03 -1.481e-09  5.967e-08 
 -1.154e-03  2.172e-09 -1.838e-09  3.060e-08 
 -5.311e-05  5.742e-10  3.250e-09 -1.913e-09  2.970e-08 
  6.284e-04  1.947e-10  1.412e-09  1.887e-10  1.908e-09  2.898e-08 
 -1.027e-03 -1.189e-09 -1.196e-10 -1.954e-09 -1.146e-09 -3.219e-10  3.150e-08 
 -6.512e-04  1.257e-09 -2.385e-09  2.365e-09 -6.009e-10 -1.336e-09 -1.143e-09  3.237e-08 
  1.643e-04 -1.219e-09  2.804e-09 -2.540e-09  1.218e-09 -1.142e-09  1.487e-09  4.157e-09  3.549e-08 
  6.915e-05 -8.953e-10  2.812e-09 -2.178e-09  1.357e-09 -9.405e-10  1.334e-09 -9.132e-09 -3.182e-09  3.406e-08 
 -6.867e-04  1.723e-09 -2.521e-09  2.313e-09 -5.332e-11 -7.965e-10 -1.018e-09 -9.012e-11 -1.053e-08  4.465e-09  3.368e-08 
  0.000e+00  0.000e+00  0.000e+00  0.000e+00  0.000e+00  0.000e+00  0.000e+00  0.000e+00  0.000e+00  0.000e+00  0.000e+00 
  0.000e+00  0.000e+00  0.000e+00  0.000e+00  0.000e+00  0.000e+00  0.000e+00  0.000e+00  0.000e+00  0.000e+00  0.000e+00  1.800e+05 
  2.570e-03 -1.333e-09  2.243e-09 -6.506e-10  7.113e-10  3.827e-09 -7.492e-10  2.571e-10  4.179e-09  4.080e-09  5.355e-10 
  2.570e-03 -1.333e-09  2.243e-09 -6.506e-10  7.113e-10  3.827e-09 -7.492e-10  2.571e-10  4.179e-09  4.080e-09  5.355e-10  0.000e+00  8.699e-08 
  1.297e-03 -4.589e-09  4.509e-09 -4.943e-09  4.304e-09 -2.522e-09  5.128e-09 -5.368e-09  4.705e-09  2.859e-09 -7.862e-09 
  1.297e-03 -4.589e-09  4.509e-09 -4.943e-09  4.304e-09 -2.522e-09  5.128e-09 -5.368e-09  4.705e-09  2.859e-09 -7.862e-09  0.000e+00  5.784e-09  1.254e-07 
 -1.636e-03 -5.747e-12 -1.099e-08  5.545e-09 -1.262e-09 -3.010e-09  1.852e-09  4.072e-09 -3.431e-09 -3.518e-09  3.710e-09 
 -1.636e-03 -5.747e-12 -1.099e-08  5.545e-09 -1.262e-09 -3.010e-09  1.852e-09  4.072e-09 -3.431e-09 -3.518e-09  3.710e-09  0.000e+00 -7.204e-09 -1.022e-08  1.235e-07 
  2.596e-03  4.170e-10  1.228e-09  2.245e-09  3.380e-09  4.050e-10 -1.985e-09  2.041e-10 -8.265e-10 -6.134e-10  4.455e-10 
  2.596e-03  4.170e-10  1.228e-09  2.245e-09  3.380e-09  4.050e-10 -1.985e-09  2.041e-10 -8.265e-10 -6.134e-10  4.455e-10  0.000e+00  1.385e-09 -5.613e-09 -6.981e-09  1.079e-07 
 -1.280e-04 -3.698e-10  6.047e-10 -7.073e-10  7.072e-11 -2.389e-10  4.403e-10 -5.571e-10  1.330e-09 -5.477e-10 -8.227e-10 
 -1.280e-04 -3.698e-10  6.047e-10 -7.073e-10  7.072e-11 -2.389e-10  4.403e-10 -5.571e-10  1.330e-09 -5.477e-10 -8.227e-10  0.000e+00  7.052e-10  1.473e-09 -3.972e-10 -3.324e-10  2.950e-08 
 -3.816e-04 -5.642e-10  1.819e-10 -8.851e-10 -2.859e-10  2.182e-12  7.310e-10 -8.398e-10 -5.357e-10  2.028e-09 -7.772e-11 
 -3.816e-04 -5.642e-10  1.819e-10 -8.851e-10 -2.859e-10  2.182e-12  7.310e-10 -8.398e-10 -5.357e-10  2.028e-09 -7.772e-11  0.000e+00 -2.573e-10  1.911e-09  4.594e-10 -7.385e-10  1.302e-10  3.000e-08 
 -1.661e-04 -3.225e-10 -2.365e-10 -4.109e-10 -5.004e-10  6.515e-12  5.418e-10  5.736e-10  2.393e-09 -1.469e-09 -9.892e-10 
 -1.661e-04 -3.225e-10 -2.365e-10 -4.109e-10 -5.004e-10  6.515e-12  5.418e-10  5.736e-10  2.393e-09 -1.469e-09 -9.892e-10  0.000e+00 -7.087e-10  1.910e-09  4.963e-10 -5.562e-10  2.348e-10  5.289e-10  2.941e-08 
  4.194e-04 -2.092e-10  1.020e-09 -4.592e-10  7.400e-10 -1.545e-10  2.093e-10 -1.304e-09 -2.851e-10  5.977e-10 -1.625e-10 
  4.194e-04 -2.092e-10  1.020e-09 -4.592e-10  7.400e-10 -1.545e-10  2.093e-10 -1.304e-09 -2.851e-10  5.977e-10 -1.625e-10  0.000e+00  1.310e-09  6.558e-10 -2.063e-09  7.827e-11  1.068e-10  5.366e-10 -3.745e-10  2.999e-08 
 PARAMETER  CORRELATION COEFFICIENTS  
       NO.  GLOBAL      1      3      4      6      8      9     10     11     13     14     16     20     21     22     23     24
        1  0.25111   1.000  0.088  0.129 -0.075 -0.003  0.042 -0.066 -0.041  0.010  0.004 -0.042  0.000  0.099  0.041 -0.053  0.090
        3  0.29112   0.088  1.000 -0.072  0.148  0.040  0.014 -0.080  0.083 -0.077 -0.058  0.112  0.000 -0.054 -0.155 -0.000  0.015
        4  0.22663   0.129 -0.072  1.000 -0.043  0.077  0.034 -0.003 -0.054  0.061  0.062 -0.056  0.000  0.031  0.052 -0.128  0.015
        6  0.24279  -0.075  0.148 -0.043  1.000 -0.063  0.006 -0.063  0.075 -0.077 -0.067  0.072  0.000 -0.013 -0.080  0.090  0.039
        8  0.18203  -0.003  0.040  0.077 -0.063  1.000  0.065 -0.037 -0.019  0.038  0.043 -0.002  0.000  0.014  0.071 -0.021  0.060
        9  0.15689   0.042  0.014  0.034  0.006  0.065  1.000 -0.011 -0.044 -0.036 -0.030 -0.025  0.000  0.076 -0.042 -0.050  0.007
       10  0.16029  -0.066 -0.080 -0.003 -0.063 -0.037 -0.011  1.000 -0.036  0.044  0.041 -0.031  0.000 -0.014  0.082  0.030 -0.034
       11  0.33136  -0.041  0.083 -0.054  0.075 -0.019 -0.044 -0.036  1.000  0.123 -0.275 -0.003  0.000  0.005 -0.084  0.064  0.003
       13  0.36572   0.010 -0.077  0.061 -0.077  0.038 -0.036  0.044  0.123  1.000 -0.092 -0.305  0.000  0.075  0.071 -0.052 -0.013
       14  0.34234   0.004 -0.058  0.062 -0.067  0.043 -0.030  0.041 -0.275 -0.092  1.000  0.132  0.000  0.075  0.044 -0.054 -0.010
       16  0.36263  -0.042  0.112 -0.056  0.072 -0.002 -0.025 -0.031 -0.003 -0.305  0.132  1.000  0.000  0.010 -0.121  0.058  0.007
       20  0.00000   0.000  0.000  0.000  0.000  0.000  0.000  0.000  0.000  0.000  0.000  0.000  1.000  0.000  0.000  0.000  0.000
       21  0.19797   0.099 -0.054  0.031 -0.013  0.014  0.076 -0.014  0.005  0.075  0.075  0.010  0.000  1.000  0.055 -0.069  0.014
       22  0.26239   0.041 -0.155  0.052 -0.080  0.071 -0.042  0.082 -0.084  0.071  0.044 -0.121  0.000  0.055  1.000 -0.082 -0.048
       23  0.21894  -0.053 -0.000 -0.128  0.090 -0.021 -0.050  0.030  0.064 -0.052 -0.054  0.058  0.000 -0.069 -0.082  1.000 -0.060
       24  0.14768   0.090  0.015  0.015  0.039  0.060  0.007 -0.034  0.003 -0.013 -0.010  0.007  0.000  0.014 -0.048 -0.060  1.000
       25  0.06539  -0.008 -0.026  0.014 -0.024  0.002 -0.008  0.014 -0.018  0.041 -0.017 -0.026  0.000  0.014  0.024 -0.007 -0.006
                     1.000  0.004  0.008  0.004
       27  0.09224  -0.025 -0.039  0.004 -0.029 -0.010  0.000  0.024 -0.027 -0.016  0.063 -0.002  0.000 -0.005  0.031  0.008 -0.013
                     0.004  1.000  0.018  0.018
       28  0.09894  -0.011 -0.022 -0.006 -0.014 -0.017  0.000  0.018  0.019  0.074 -0.046 -0.031  0.000 -0.014  0.031  0.008 -0.010
                     0.008  0.018  1.000 -0.013
       30  0.07377   0.027 -0.014  0.024 -0.015  0.025 -0.005  0.007 -0.042 -0.009  0.019 -0.005  0.000  0.026  0.011 -0.034  0.001
                     0.004  0.018 -0.013  1.000
 **********
 **   87 **MINO      2.5e+04
 **********
    THE POSITIVE MINOS ERROR OF PARAMETER  20, T_CBO EXCEEDS ITS LIMIT.
    THE NEGATIVE MINOS ERROR OF PARAMETER  20, T_CBO EXCEEDS ITS LIMIT.
 FCN=60.5364 FROM MINOS     STATUS=PROBLEMS     8177 CALLS       17108 TOTAL
                     EDM=6.72407e-08    STRATEGY= 1  ERROR MATRIX UNCERTAINTY   2.8 per cent
  EXT PARAMETER                  PARABOLIC         MINOS ERRORS        
  NO.   NAME      VALUE            ERROR      NEGATIVE      POSITIVE   
   1  N0           1.44085e+06   8.82487e+01  -9.41696e+01   9.41377e+01
   2  tau          6.44061e+01   constant   
   3  A0           3.51328e-01   8.36613e-05  -8.47010e-05   8.46927e-05
   4  phi          4.11708e+00   2.44265e-04  -2.46557e-04   2.46523e-04
   5  R           -5.97466e+01   constant   
   6  alpha_CBO    1.69127e-02   1.74921e-04  -1.80374e-04   1.80360e-04
   7  w_CBO        2.32735e+00   constant   
   8  beta_CBO    -5.45263e-03   1.72342e-04  -1.82508e-04   1.82475e-04
   9  alpha_2CBO   4.67690e-04   1.70220e-04  -1.78535e-04   1.78543e-04
  10  beta_2CBO    3.77073e-04   1.77495e-04  -1.76442e-04   1.76449e-04
  11  alpha_y      1.04731e-03   1.79918e-04  -1.88973e-04   1.88978e-04
  12  w_y          1.38984e+01   constant   
  13  beta_y       7.16808e-05   1.88401e-04  -1.91666e-04   1.91678e-04
  14  alpha_vw     3.94529e-03   1.84557e-04  -1.89069e-04   1.89086e-04
  15  w_vw         1.43156e+01   constant   
  16  beta_vw      1.59047e-03   1.83514e-04  -1.91023e-04   1.91029e-04
  17  LM           1.23967e-05   constant   
  18  zeta_y       0.00000e+00   constant   
  19  zeta_vw      0.00000e+00   constant   
  20  T_CBO        1.00000e+02   5.20646e+02   at limit      at limit   
  21  alpha_A0     5.15324e-03   2.94949e-04  -3.22956e-04   3.22877e-04
  22  beta_A0     -1.44115e-04   3.54111e-04  -3.58873e-04   3.58915e-04
  23  alpha_phi    1.33169e-03   3.51443e-04  -3.51886e-04   3.51957e-04
  24  beta_phi     7.24621e-04   3.28502e-04  -3.39249e-04   3.39180e-04
  25  alpha_vw_m_cbo   5.22146e-04   1.71752e-04  -1.72405e-04   1.72380e-04
  26  w_vw_m_cbo   1.20142e+01   constant   
  27  beta_vw_m_cbo   7.96828e-06   1.73219e-04  -1.74692e-04   1.74693e-04
  28  alpha_vw_p_cbo  -6.42288e-04   1.71482e-04  -1.72767e-04   1.72759e-04
  29  w_vw_p_cbo   1.67139e+01   constant   
  30  beta_vw_p_cbo   2.85342e-04   1.73183e-04  -1.74017e-04   1.74043e-04
 **********
 **   88 **SHO COR 
 **********
 PARAMETER  CORRELATION COEFFICIENTS  
       NO.  GLOBAL      1      3      4      6      8      9     10     11     13     14     16     20     21     22     23     24
        1  0.25111   1.000  0.088  0.129 -0.075 -0.003  0.042 -0.066 -0.041  0.010  0.004 -0.042  0.000  0.099  0.041 -0.053  0.090
        3  0.29112   0.088  1.000 -0.072  0.148  0.040  0.014 -0.080  0.083 -0.077 -0.058  0.112  0.000 -0.054 -0.155 -0.000  0.015
        4  0.22663   0.129 -0.072  1.000 -0.043  0.077  0.034 -0.003 -0.054  0.061  0.062 -0.056  0.000  0.031  0.052 -0.128  0.015
        6  0.24279  -0.075  0.148 -0.043  1.000 -0.063  0.006 -0.063  0.075 -0.077 -0.067  0.072  0.000 -0.013 -0.080  0.090  0.039
        8  0.18203  -0.003  0.040  0.077 -0.063  1.000  0.065 -0.037 -0.019  0.038  0.043 -0.002  0.000  0.014  0.071 -0.021  0.060
        9  0.15689   0.042  0.014  0.034  0.006  0.065  1.000 -0.011 -0.044 -0.036 -0.030 -0.025  0.000  0.076 -0.042 -0.050  0.007
       10  0.16029  -0.066 -0.080 -0.003 -0.063 -0.037 -0.011  1.000 -0.036  0.044  0.041 -0.031  0.000 -0.014  0.082  0.030 -0.034
       11  0.33136  -0.041  0.083 -0.054  0.075 -0.019 -0.044 -0.036  1.000  0.123 -0.275 -0.003  0.000  0.005 -0.084  0.064  0.003
       13  0.36572   0.010 -0.077  0.061 -0.077  0.038 -0.036  0.044  0.123  1.000 -0.092 -0.305  0.000  0.075  0.071 -0.052 -0.013
       14  0.34234   0.004 -0.058  0.062 -0.067  0.043 -0.030  0.041 -0.275 -0.092  1.000  0.132  0.000  0.075  0.044 -0.054 -0.010
       16  0.36263  -0.042  0.112 -0.056  0.072 -0.002 -0.025 -0.031 -0.003 -0.305  0.132  1.000  0.000  0.010 -0.121  0.058  0.007
       20  0.00000   0.000  0.000  0.000  0.000  0.000  0.000  0.000  0.000  0.000  0.000  0.000  1.000  0.000  0.000  0.000  0.000
       21  0.19797   0.099 -0.054  0.031 -0.013  0.014  0.076 -0.014  0.005  0.075  0.075  0.010  0.000  1.000  0.055 -0.069  0.014
       22  0.26239   0.041 -0.155  0.052 -0.080  0.071 -0.042  0.082 -0.084  0.071  0.044 -0.121  0.000  0.055  1.000 -0.082 -0.048
       23  0.21894  -0.053 -0.000 -0.128  0.090 -0.021 -0.050  0.030  0.064 -0.052 -0.054  0.058  0.000 -0.069 -0.082  1.000 -0.060
       24  0.14768   0.090  0.015  0.015  0.039  0.060  0.007 -0.034  0.003 -0.013 -0.010  0.007  0.000  0.014 -0.048 -0.060  1.000
       25  0.06539  -0.008 -0.026  0.014 -0.024  0.002 -0.008  0.014 -0.018  0.041 -0.017 -0.026  0.000  0.014  0.024 -0.007 -0.006
                     1.000  0.004  0.008  0.004
       27  0.09224  -0.025 -0.039  0.004 -0.029 -0.010  0.000  0.024 -0.027 -0.016  0.063 -0.002  0.000 -0.005  0.031  0.008 -0.013
                     0.004  1.000  0.018  0.018
       28  0.09894  -0.011 -0.022 -0.006 -0.014 -0.017  0.000  0.018  0.019  0.074 -0.046 -0.031  0.000 -0.014  0.031  0.008 -0.010
                     0.008  0.018  1.000 -0.013
       30  0.07377   0.027 -0.014  0.024 -0.015  0.025 -0.005  0.007 -0.042 -0.009  0.019 -0.005  0.000  0.026  0.011 -0.034  0.001
                     0.004  0.018 -0.013  1.000
 ELEMENTS ABOVE DIAGONAL ARE NOT PRINTED.
