 + ++++++++++++++++++++++++++++++++++++++++++++++++++++++++++++++++++++ +
 +                                                                      +
 +           You have chose to blind your fitting according to          +
 +                omega_ref * (1 + (R +/- deltaR) *10^{-6})             +
 +                                                                      +
 + ++++++++++++++++++++++++++++++++++++++++++++++++++++++++++++++++++++ +
In main()...
reading format from ./formats/formatB_sBin_constraintOn.txt
Parameters after format file: pBinTau 0 pBinPhi 0 constraintau 1 includeMopTerm 0 constrainMop 0 c_e_scale 0.000000 
Opening file /gm2data/tbarrett/gm2fr/studies/run23_bunch_corrections/CorrectedFourier_Run3b.root.
reading reference data from /gm2data/zkhechad/cboTemplates/Run4CBOTemplates/templateFits3_floatBoth/noRF/sBin_constraintOn_cE0.0_seed0_noRF_calo16.root (fixing 5-param to these terms)
windowBins = 69
fitting sliding window 75 from bin 211 at 31.332000 to bin 280 at 41.776000 (69 bins)

Reading data from /gm2data/cornell/histograms/aMethod/histogram_a_noRF.root
 **********
 **    1 **SET PRINTOUT            1
 **********
 **********
 **    2 **SET NOWARNINGS 
 **********
 PARAMETER DEFINITIONS:
    NO.   NAME         VALUE      STEP SIZE      LIMITS
     1 N0           3.09942e+06  1.00000e+02     no limits
     2 tau          6.44032e+01  constant
     3 A0           3.49539e-01  1.00000e-04     no limits
     4 phi          4.11720e+00  1.00000e-02     no limits
     5 R           -6.24899e+01  constant
     6 alpha_CBO    0.00000e+00  1.00000e-03     no limits
     7 w_CBO        2.32735e+00  constant
     8 beta_CBO     0.00000e+00  1.00000e-03     no limits
     9 alpha_2CBO   0.00000e+00  1.00000e-03     no limits
    10 beta_2CBO    0.00000e+00  1.00000e-03     no limits
    11 alpha_y      0.00000e+00  1.00000e-03     no limits
    12 w_y          1.38984e+01  constant
    13 beta_y       0.00000e+00  1.00000e-03     no limits
    14 alpha_vw     0.00000e+00  1.00000e-03     no limits
    15 w_vw         1.43156e+01  constant
    16 beta_vw      0.00000e+00  1.00000e-03     no limits
    17 LM          -1.12439e-04  constant
    18 zeta_y       0.00000e+00  constant
    19 zeta_vw      0.00000e+00  constant
    20 T_CBO        1.00000e+02  1.00000e+00    0.00000e+00  1.00000e+03
    21 alpha_A0     0.00000e+00  1.00000e-03     no limits
    22 beta_A0      0.00000e+00  1.00000e-03     no limits
    23 alpha_phi    0.00000e+00  1.00000e-03     no limits
    24 beta_phi     0.00000e+00  1.00000e-03     no limits
    25 alpha_vw_m_cbo   0.00000e+00  1.00000e-03     no limits
    26 w_vw_m_cbo   1.20142e+01  constant
    27 beta_vw_m_cbo   0.00000e+00  1.00000e-03     no limits
    28 alpha_vw_p_cbo   0.00000e+00  1.00000e-04     no limits
    29 w_vw_p_cbo   1.67139e+01  constant
    30 beta_vw_p_cbo   0.00000e+00  1.00000e-04     no limits
MINUIT - FIT ONLY WIGGLE
 **********
 **    3 **FIX            5
 **********
 PARAMETER    5  IS CONSTANT.   IGNORED.
 **********
 **    4 **FIX            6
 **********
 **********
 **    5 **FIX            7
 **********
 PARAMETER    7  IS CONSTANT.   IGNORED.
 **********
 **    6 **FIX            8
 **********
 **********
 **    7 **FIX            9
 **********
 **********
 **    8 **FIX           10
 **********
 **********
 **    9 **FIX           11
 **********
 **********
 **   10 **FIX           12
 **********
 PARAMETER   12  IS CONSTANT.   IGNORED.
 **********
 **   11 **FIX           13
 **********
 **********
 **   12 **FIX           14
 **********
 **********
 **   13 **FIX           15
 **********
 PARAMETER   15  IS CONSTANT.   IGNORED.
 **********
 **   14 **FIX           16
 **********
 **********
 **   15 **MIGRAD
 **********
 FIRST CALL TO USER FUNCTION AT NEW START POINT, WITH IFLAG=4.
 START MIGRAD MINIMIZATION.  STRATEGY  1.  CONVERGENCE WHEN EDM .LT. 1.00e-04
 FCN=3.24112e+08 FROM MIGRAD    STATUS=INITIATE      843 CALLS         844 TOTAL
                     EDM= unknown      STRATEGY= 1      NO ERROR MATRIX       
  EXT PARAMETER               CURRENT GUESS       STEP         FIRST   
  NO.   NAME      VALUE            ERROR          SIZE      DERIVATIVE 
   1  N0           3.09942e+06   1.00000e+02   0.00000e+00   4.18426e+02
   2  tau          6.44032e+01   constant   
   3  A0           3.49539e-01   1.00000e-04   0.00000e+00  -1.12158e+08
   4  phi          4.11720e+00   1.00000e-02   0.00000e+00  -5.45968e+07
   5  R           -6.24899e+01   constant   
   6  alpha_CBO    0.00000e+00     fixed    
   7  w_CBO        2.32735e+00   constant   
   8  beta_CBO     0.00000e+00     fixed    
   9  alpha_2CBO   0.00000e+00     fixed    
  10  beta_2CBO    0.00000e+00     fixed    
  11  alpha_y      0.00000e+00     fixed    
  12  w_y          1.38984e+01   constant   
  13  beta_y       0.00000e+00     fixed    
  14  alpha_vw     0.00000e+00     fixed    
  15  w_vw         1.43156e+01   constant   
  16  beta_vw      0.00000e+00     fixed    
  17  LM          -1.12439e-04   constant   
  18  zeta_y       0.00000e+00   constant   
  19  zeta_vw      0.00000e+00   constant   
  20  T_CBO        1.00000e+02   1.00000e+00   0.00000e+00   0.00000e+00
  21  alpha_A0     0.00000e+00   1.00000e-03   0.00000e+00  -2.01040e+07
  22  beta_A0      0.00000e+00   1.00000e-03   0.00000e+00   5.29711e+07
  23  alpha_phi    0.00000e+00   1.00000e-03   0.00000e+00  -3.89149e+07
  24  beta_phi     0.00000e+00   1.00000e-03   0.00000e+00  -1.84501e+07
  25  alpha_vw_m_cbo   0.00000e+00   1.00000e-03   0.00000e+00  -1.37177e+06
  26  w_vw_m_cbo   1.20142e+01   constant   
  27  beta_vw_m_cbo   0.00000e+00   1.00000e-03   0.00000e+00   9.52388e+06
  28  alpha_vw_p_cbo   0.00000e+00   1.00000e-04   0.00000e+00  -8.93850e+06
  29  w_vw_p_cbo   1.67139e+01   constant   
  30  beta_vw_p_cbo   0.00000e+00   1.00000e-04   0.00000e+00  -1.68106e+06
 MIGRAD MINIMIZATION HAS CONVERGED.
 FCN=12707.7 FROM MIGRAD    STATUS=CONVERGED    1228 CALLS        1229 TOTAL
                     EDM=2.44983e-08    STRATEGY= 1  ERROR MATRIX UNCERTAINTY   1.0 per cent
  EXT PARAMETER                                   STEP         FIRST   
  NO.   NAME      VALUE            ERROR          SIZE      DERIVATIVE 
   1  N0           1.54992e+06   9.19513e+01  -9.20178e-02   4.89894e-07
   2  tau          6.44032e+01   constant   
   3  A0           3.51460e-01   7.24813e-05  -1.23876e-07   1.96173e+00
   4  phi          4.11382e+00   1.77181e-04  -2.65979e-07   1.40742e+00
   5  R           -6.24899e+01   constant   
   6  alpha_CBO    0.00000e+00     fixed    
   7  w_CBO        2.32735e+00   constant   
   8  beta_CBO     0.00000e+00     fixed    
   9  alpha_2CBO   0.00000e+00     fixed    
  10  beta_2CBO    0.00000e+00     fixed    
  11  alpha_y      0.00000e+00     fixed    
  12  w_y          1.38984e+01   constant   
  13  beta_y       0.00000e+00     fixed    
  14  alpha_vw     0.00000e+00     fixed    
  15  w_vw         1.43156e+01   constant   
  16  beta_vw      0.00000e+00     fixed    
  17  LM          -1.12439e-04   constant   
  18  zeta_y       0.00000e+00   constant   
  19  zeta_vw      0.00000e+00   constant   
  20  T_CBO        1.00000e+02   5.20646e+02  -0.00000e+00   0.00000e+00
  21  alpha_A0    -4.11668e-03   3.04451e-04  -9.00640e-07  -6.39705e-01
  22  beta_A0      2.31321e-03   2.81601e-04   1.35235e-07   3.91279e-01
  23  alpha_phi   -5.46420e-04   2.88900e-04   3.19916e-07  -8.01141e-01
  24  beta_phi    -5.96357e-03   3.07541e-04  -7.28652e-08  -2.25946e-01
  25  alpha_vw_m_cbo   5.87421e-04   1.21014e-04   1.63371e-07   1.07699e+00
  26  w_vw_m_cbo   1.20142e+01   constant   
  27  beta_vw_m_cbo   2.02028e-04   9.72058e-05   6.18022e-08  -9.57093e-01
  28  alpha_vw_p_cbo   4.84877e-04   8.28392e-05   1.56202e-08   1.80324e+00
  29  w_vw_p_cbo   1.67139e+01   constant   
  30  beta_vw_p_cbo  -2.53127e-04   1.06111e-04  -1.15338e-07  -1.11090e+00
 EXTERNAL ERROR MATRIX.    NDIM=  31    NPAR= 12    ERR DEF=1
 ELEMENTS ABOVE DIAGONAL ARE NOT PRINTED.
  8.455e+03 
  5.285e-04  5.254e-09 
  3.574e-03 -3.673e-09  3.139e-08 
  0.000e+00  0.000e+00  0.000e+00  1.800e+05 
  3.078e-03 -2.152e-09  2.220e-08  0.000e+00  9.269e-08 
 -5.741e-03  1.857e-10 -1.115e-08  0.000e+00 -1.845e-09  7.930e-08 
  4.348e-03  3.161e-09  7.381e-09  0.000e+00 -1.101e-08  4.969e-09  8.346e-08 
  3.770e-03 -1.992e-11  1.502e-08  0.000e+00  3.994e-09 -8.452e-09  1.512e-09  9.458e-08 
  8.090e-05 -2.096e-10 -4.212e-09  0.000e+00  1.948e-09 -1.636e-09  4.875e-09  1.601e-09  1.464e-08 
 -4.178e-04 -3.019e-10 -3.497e-09  0.000e+00  1.572e-09 -1.862e-09 -4.787e-09  2.406e-09  4.412e-09  9.449e-09 
  3.974e-04 -2.618e-10  1.808e-09  0.000e+00  7.624e-10  2.993e-10  5.707e-09 -2.572e-09 -5.717e-11 -8.225e-10  6.862e-09 
  4.854e-05  6.273e-10  2.819e-09  0.000e+00 -3.046e-09  1.636e-09 -1.964e-09  2.245e-10 -6.462e-09 -3.469e-09  5.951e-11 
  4.854e-05  6.273e-10  2.819e-09  0.000e+00 -3.046e-09  1.636e-09 -1.964e-09  2.245e-10 -6.462e-09 -3.469e-09  5.951e-11  1.126e-08 
 PARAMETER  CORRELATION COEFFICIENTS  
       NO.  GLOBAL      1      3      4     20     21     22     23     24     25     27     28     30
        1  0.35085   1.000  0.079  0.219  0.000  0.110 -0.222  0.164  0.133  0.007 -0.047  0.052  0.005
        3  0.43391   0.079  1.000 -0.286  0.000 -0.098  0.009  0.151 -0.001 -0.024 -0.043 -0.044  0.082
        4  0.70923   0.219 -0.286  1.000  0.000  0.412 -0.223  0.144  0.276 -0.196 -0.203  0.123  0.150
       20  0.00000   0.000  0.000  0.000  1.000  0.000  0.000  0.000  0.000  0.000  0.000  0.000  0.000
       21  0.53610   0.110 -0.098  0.412  0.000  1.000 -0.022 -0.125  0.043  0.053  0.053  0.030 -0.094
       22  0.37539  -0.222  0.009 -0.223  0.000 -0.022  1.000  0.061 -0.098 -0.048 -0.068  0.013  0.055
       23  0.51182   0.164  0.151  0.144  0.000 -0.125  0.061  1.000  0.017  0.139 -0.170  0.238 -0.064
       24  0.37900   0.133 -0.001  0.276  0.000  0.043 -0.098  0.017  1.000  0.043  0.080 -0.101  0.007
       25  0.59609   0.007 -0.024 -0.196  0.000  0.053 -0.048  0.139  0.043  1.000  0.375 -0.006 -0.503
       27  0.49465  -0.047 -0.043 -0.203  0.000  0.053 -0.068 -0.170  0.080  0.375  1.000 -0.102 -0.336
       28  0.29432   0.052 -0.044  0.123  0.000  0.030  0.013  0.238 -0.101 -0.006 -0.102  1.000  0.007
       30  0.55001   0.005  0.082  0.150  0.000 -0.094  0.055 -0.064  0.007 -0.503 -0.336  0.007  1.000
MINUIT - FIT ONLY 1-CBO + wiggle
 **********
 **   16 **RES 
 **********
                   PARAMETER   16  beta_vw RESTORED TO VARIABLE.
                   PARAMETER   14  alpha_vw RESTORED TO VARIABLE.
                   PARAMETER   13  beta_y RESTORED TO VARIABLE.
                   PARAMETER   11  alpha_y RESTORED TO VARIABLE.
                   PARAMETER   10  beta_2CBO RESTORED TO VARIABLE.
                   PARAMETER    9  alpha_2CBO RESTORED TO VARIABLE.
                   PARAMETER    8  beta_CBO RESTORED TO VARIABLE.
                   PARAMETER    6  alpha_CBO RESTORED TO VARIABLE.
 **********
 **   17 **FIX            8
 **********
 **********
 **   18 **FIX            9
 **********
 **********
 **   19 **FIX           11
 **********
 **********
 **   20 **FIX           12
 **********
 PARAMETER   12  IS CONSTANT.   IGNORED.
 **********
 **   21 **FIX           14
 **********
 **********
 **   22 **FIX           15
 **********
 PARAMETER   15  IS CONSTANT.   IGNORED.
 **********
 **   23 **FIX           16
 **********
 **********
 **   24 **MIGRAD
 **********
 START MIGRAD MINIMIZATION.  STRATEGY  1.  CONVERGENCE WHEN EDM .LT. 1.00e-04
 FCN=12707.7 FROM MIGRAD    STATUS=INITIATE     1225 CALLS        2454 TOTAL
                     EDM= unknown      STRATEGY= 1      NO ERROR MATRIX       
  EXT PARAMETER               CURRENT GUESS       STEP         FIRST   
  NO.   NAME      VALUE            ERROR          SIZE      DERIVATIVE 
   1  N0           1.54992e+06   9.19513e+01   0.00000e+00   4.89895e-07
   2  tau          6.44032e+01   constant   
   3  A0           3.51460e-01   7.24813e-05   0.00000e+00   1.96174e+00
   4  phi          4.11382e+00   1.77181e-04   0.00000e+00   1.40742e+00
   5  R           -6.24899e+01   constant   
   6  alpha_CBO    0.00000e+00   1.00000e-03   0.00000e+00  -1.02471e+05
   7  w_CBO        2.32735e+00   constant   
   8  beta_CBO     0.00000e+00     fixed    
   9  alpha_2CBO   0.00000e+00     fixed    
  10  beta_2CBO    0.00000e+00   1.00000e-03   0.00000e+00   9.69676e+03
  11  alpha_y      0.00000e+00     fixed    
  12  w_y          1.38984e+01   constant   
  13  beta_y       0.00000e+00   1.00000e-03   0.00000e+00  -8.97154e+04
  14  alpha_vw     0.00000e+00     fixed    
  15  w_vw         1.43156e+01   constant   
  16  beta_vw      0.00000e+00     fixed    
  17  LM          -1.12439e-04   constant   
  18  zeta_y       0.00000e+00   constant   
  19  zeta_vw      0.00000e+00   constant   
  20  T_CBO        1.00000e+02   5.20646e+02   0.00000e+00   0.00000e+00
  21  alpha_A0    -4.11668e-03   3.04451e-04   0.00000e+00  -6.39707e-01
  22  beta_A0      2.31321e-03   2.81601e-04   0.00000e+00   3.91278e-01
  23  alpha_phi   -5.46420e-04   2.88900e-04   0.00000e+00  -8.01140e-01
  24  beta_phi    -5.96357e-03   3.07541e-04   0.00000e+00  -2.25945e-01
  25  alpha_vw_m_cbo   5.87421e-04   1.21014e-04   0.00000e+00   1.07699e+00
  26  w_vw_m_cbo   1.20142e+01   constant   
  27  beta_vw_m_cbo   2.02028e-04   9.72058e-05   0.00000e+00  -9.57092e-01
  28  alpha_vw_p_cbo   4.84877e-04   8.28392e-05   0.00000e+00   1.80324e+00
  29  w_vw_p_cbo   1.67139e+01   constant   
  30  beta_vw_p_cbo  -2.53127e-04   1.06111e-04   0.00000e+00  -1.11090e+00
 MIGRAD MINIMIZATION HAS CONVERGED.
 MIGRAD WILL VERIFY CONVERGENCE AND ERROR MATRIX.
  MNHESS FAILS AND WILL RETURN DIAGONAL MATRIX. 
 FCN=12586.7 FROM MIGRAD    STATUS=CONVERGED    1428 CALLS        2657 TOTAL
                     EDM=3.92565e-07    STRATEGY= 1  ERROR MATRIX UNCERTAINTY 100.0 per cent
  EXT PARAMETER                APPROXIMATE        STEP         FIRST   
  NO.   NAME      VALUE            ERROR          SIZE      DERIVATIVE 
   1  N0           1.54993e+06   8.60294e+01   4.71239e+00   2.14556e-06
   2  tau          6.44032e+01   constant   
   3  A0           3.51499e-01   7.31932e-05   4.00972e-06   9.88559e+00
   4  phi          4.11411e+00   2.12198e-04   1.16248e-05   4.18058e-01
   5  R           -6.24899e+01   constant   
   6  alpha_CBO    1.37905e-03   1.59919e-04   8.76076e-06  -5.63601e-01
   7  w_CBO        2.32735e+00   constant   
   8  beta_CBO     0.00000e+00     fixed    
   9  alpha_2CBO   0.00000e+00     fixed    
  10  beta_2CBO   -1.77477e-04   1.55791e-04   8.53463e-06   4.79230e+00
  11  alpha_y      0.00000e+00     fixed    
  12  w_y          1.38984e+01   constant   
  13  beta_y       1.10343e-03   1.57873e-04   8.64871e-06   7.74309e-01
  14  alpha_vw     0.00000e+00     fixed    
  15  w_vw         1.43156e+01   constant   
  16  beta_vw      0.00000e+00     fixed    
  17  LM          -1.12439e-04   constant   
  18  zeta_y       0.00000e+00   constant   
  19  zeta_vw      0.00000e+00   constant   
  20  T_CBO        1.00000e+02   7.59439e+02  -0.00000e+00   0.00000e+00
  21  alpha_A0    -3.83891e-03   3.16764e-04   5.50136e-07  -4.45937e-01
  22  beta_A0      2.39373e-03   2.76052e-04  -2.34912e-07  -1.15184e-01
  23  alpha_phi   -1.96234e-04   2.95465e-04  -3.17981e-07   4.71068e-01
  24  beta_phi    -5.99906e-03   3.04947e-04  -2.79517e-07  -6.00379e-01
  25  alpha_vw_m_cbo   5.15948e-04   1.55975e-04  -1.96097e-07   5.82148e-01
  26  w_vw_m_cbo   1.20142e+01   constant   
  27  beta_vw_m_cbo   2.32557e-04   1.58038e-04  -1.40721e-08   2.25007e+00
  28  alpha_vw_p_cbo   5.11255e-04   1.56030e-04   1.79350e-07  -8.44697e-01
  29  w_vw_p_cbo   1.67139e+01   constant   
  30  beta_vw_p_cbo  -2.20241e-04   1.57980e-04   1.04929e-07   8.27023e-01
 EXTERNAL ERROR MATRIX.    NDIM=  31    NPAR= 15    ERR DEF=1
 ELEMENTS ABOVE DIAGONAL ARE NOT PRINTED.
  7.401e+03 
  0.000e+00  5.357e-09 
  0.000e+00  0.000e+00  4.503e-08 
  0.000e+00  0.000e+00  0.000e+00  2.557e-08 
  0.000e+00  0.000e+00  0.000e+00  0.000e+00  2.427e-08 
  0.000e+00  0.000e+00  0.000e+00  0.000e+00  0.000e+00  2.492e-08 
  0.000e+00  0.000e+00  0.000e+00  0.000e+00  0.000e+00  0.000e+00  5.421e+05 
  0.000e+00  0.000e+00  0.000e+00  0.000e+00  0.000e+00  0.000e+00  0.000e+00  1.003e-07 
  0.000e+00  0.000e+00  0.000e+00  0.000e+00  0.000e+00  0.000e+00  0.000e+00  0.000e+00  7.620e-08 
  0.000e+00  0.000e+00  0.000e+00  0.000e+00  0.000e+00  0.000e+00  0.000e+00  0.000e+00  0.000e+00  8.730e-08 
  0.000e+00  0.000e+00  0.000e+00  0.000e+00  0.000e+00  0.000e+00  0.000e+00  0.000e+00  0.000e+00  0.000e+00  9.299e-08 
  0.000e+00  0.000e+00  0.000e+00  0.000e+00  0.000e+00  0.000e+00  0.000e+00  0.000e+00  0.000e+00  0.000e+00  0.000e+00 
  0.000e+00  0.000e+00  0.000e+00  0.000e+00  0.000e+00  0.000e+00  0.000e+00  0.000e+00  0.000e+00  0.000e+00  0.000e+00  2.433e-08 
  0.000e+00  0.000e+00  0.000e+00  0.000e+00  0.000e+00  0.000e+00  0.000e+00  0.000e+00  0.000e+00  0.000e+00  0.000e+00 
  0.000e+00  0.000e+00  0.000e+00  0.000e+00  0.000e+00  0.000e+00  0.000e+00  0.000e+00  0.000e+00  0.000e+00  0.000e+00  0.000e+00  2.498e-08 
  0.000e+00  0.000e+00  0.000e+00  0.000e+00  0.000e+00  0.000e+00  0.000e+00  0.000e+00  0.000e+00  0.000e+00  0.000e+00 
  0.000e+00  0.000e+00  0.000e+00  0.000e+00  0.000e+00  0.000e+00  0.000e+00  0.000e+00  0.000e+00  0.000e+00  0.000e+00  0.000e+00  0.000e+00  2.435e-08 
  0.000e+00  0.000e+00  0.000e+00  0.000e+00  0.000e+00  0.000e+00  0.000e+00  0.000e+00  0.000e+00  0.000e+00  0.000e+00 
  0.000e+00  0.000e+00  0.000e+00  0.000e+00  0.000e+00  0.000e+00  0.000e+00  0.000e+00  0.000e+00  0.000e+00  0.000e+00  0.000e+00  0.000e+00  0.000e+00  2.496e-08 
ERR MATRIX APPROXIMATE
 PARAMETER  CORRELATION COEFFICIENTS  
       NO.  GLOBAL      1      3      4      6     10     13     20     21     22     23     24     25     27     28     30
        1  0.00000   1.000  0.000  0.000  0.000  0.000  0.000  0.000  0.000  0.000  0.000  0.000  0.000  0.000  0.000  0.000
        3  0.00000   0.000  1.000  0.000  0.000  0.000  0.000  0.000  0.000  0.000  0.000  0.000  0.000  0.000  0.000  0.000
        4  0.00000   0.000  0.000  1.000  0.000  0.000  0.000  0.000  0.000  0.000  0.000  0.000  0.000  0.000  0.000  0.000
        6  0.00000   0.000  0.000  0.000  1.000  0.000  0.000  0.000  0.000  0.000  0.000  0.000  0.000  0.000  0.000  0.000
       10  0.00000   0.000  0.000  0.000  0.000  1.000  0.000  0.000  0.000  0.000  0.000  0.000  0.000  0.000  0.000  0.000
       13  0.00000   0.000  0.000  0.000  0.000  0.000  1.000  0.000  0.000  0.000  0.000  0.000  0.000  0.000  0.000  0.000
       20  0.00000   0.000  0.000  0.000  0.000  0.000  0.000  1.000  0.000  0.000  0.000  0.000  0.000  0.000  0.000  0.000
       21  0.00000   0.000  0.000  0.000  0.000  0.000  0.000  0.000  1.000  0.000  0.000  0.000  0.000  0.000  0.000  0.000
       22  0.00000   0.000  0.000  0.000  0.000  0.000  0.000  0.000  0.000  1.000  0.000  0.000  0.000  0.000  0.000  0.000
       23  0.00000   0.000  0.000  0.000  0.000  0.000  0.000  0.000  0.000  0.000  1.000  0.000  0.000  0.000  0.000  0.000
       24  0.00000   0.000  0.000  0.000  0.000  0.000  0.000  0.000  0.000  0.000  0.000  1.000  0.000  0.000  0.000  0.000
       25  0.00000   0.000  0.000  0.000  0.000  0.000  0.000  0.000  0.000  0.000  0.000  0.000  1.000  0.000  0.000  0.000
       27  0.00000   0.000  0.000  0.000  0.000  0.000  0.000  0.000  0.000  0.000  0.000  0.000  0.000  1.000  0.000  0.000
       28  0.00000   0.000  0.000  0.000  0.000  0.000  0.000  0.000  0.000  0.000  0.000  0.000  0.000  0.000  1.000  0.000
       30  0.00000   0.000  0.000  0.000  0.000  0.000  0.000  0.000  0.000  0.000  0.000  0.000  0.000  0.000  0.000  1.000
 ERR MATRIX APPROXIMATE
MINUIT - FIT ONLY 2-CBO
 **********
 **   25 **RES 
 **********
                   PARAMETER   16  beta_vw RESTORED TO VARIABLE.
                   PARAMETER   14  alpha_vw RESTORED TO VARIABLE.
                   PARAMETER   11  alpha_y RESTORED TO VARIABLE.
                   PARAMETER    9  alpha_2CBO RESTORED TO VARIABLE.
                   PARAMETER    8  beta_CBO RESTORED TO VARIABLE.
 **********
 **   26 **FIX            0
 **********
 PARAMETER    0  IS UNDEFINED. IGNORED.
 **********
 **   27 **FIX            1
 **********
 **********
 **   28 **FIX            2
 **********
 PARAMETER    2  IS CONSTANT.   IGNORED.
 **********
 **   29 **FIX            3
 **********
 **********
 **   30 **FIX            4
 **********
 **********
 **   31 **FIX            5
 **********
 PARAMETER    5  IS CONSTANT.   IGNORED.
 **********
 **   32 **FIX            6
 **********
 **********
 **   33 **FIX            7
 **********
 PARAMETER    7  IS CONSTANT.   IGNORED.
 **********
 **   34 **FIX           10
 **********
 **********
 **   35 **FIX           11
 **********
 **********
 **   36 **FIX           12
 **********
 PARAMETER   12  IS CONSTANT.   IGNORED.
 **********
 **   37 **FIX           13
 **********
 **********
 **   38 **FIX           14
 **********
 **********
 **   39 **FIX           15
 **********
 PARAMETER   15  IS CONSTANT.   IGNORED.
 **********
 **   40 **FIX           16
 **********
 **********
 **   41 **MIGRAD
 **********
 START MIGRAD MINIMIZATION.  STRATEGY  1.  CONVERGENCE WHEN EDM .LT. 1.00e-04
 FCN=12586.7 FROM MIGRAD    STATUS=INITIATE      719 CALLS        3376 TOTAL
                     EDM= unknown      STRATEGY= 1      NO ERROR MATRIX       
  EXT PARAMETER               CURRENT GUESS       STEP         FIRST   
  NO.   NAME      VALUE            ERROR          SIZE      DERIVATIVE 
   1  N0           1.54993e+06     fixed    
   2  tau          6.44032e+01   constant   
   3  A0           3.51499e-01     fixed    
   4  phi          4.11411e+00     fixed    
   5  R           -6.24899e+01   constant   
   6  alpha_CBO    1.37905e-03     fixed    
   7  w_CBO        2.32735e+00   constant   
   8  beta_CBO     0.00000e+00   1.00000e-03   0.00000e+00  -1.31760e+06
   9  alpha_2CBO   0.00000e+00   1.00000e-03   0.00000e+00   5.68611e+04
  10  beta_2CBO   -1.77477e-04     fixed    
  11  alpha_y      0.00000e+00     fixed    
  12  w_y          1.38984e+01   constant   
  13  beta_y       1.10343e-03     fixed    
  14  alpha_vw     0.00000e+00     fixed    
  15  w_vw         1.43156e+01   constant   
  16  beta_vw      0.00000e+00     fixed    
  17  LM          -1.12439e-04   constant   
  18  zeta_y       0.00000e+00   constant   
  19  zeta_vw      0.00000e+00   constant   
  20  T_CBO        1.00000e+02   7.59439e+02   0.00000e+00   0.00000e+00
  21  alpha_A0    -3.83891e-03   3.16764e-04   0.00000e+00  -4.45934e-01
  22  beta_A0      2.39373e-03   2.76052e-04   0.00000e+00  -1.15191e-01
  23  alpha_phi   -1.96234e-04   2.95465e-04   0.00000e+00   4.71037e-01
  24  beta_phi    -5.99906e-03   3.04947e-04   0.00000e+00  -6.00388e-01
  25  alpha_vw_m_cbo   5.15948e-04   1.55975e-04   0.00000e+00   5.82151e-01
  26  w_vw_m_cbo   1.20142e+01   constant   
  27  beta_vw_m_cbo   2.32557e-04   1.58038e-04   0.00000e+00   2.25007e+00
  28  alpha_vw_p_cbo   5.11255e-04   1.56030e-04   0.00000e+00  -8.44698e-01
  29  w_vw_p_cbo   1.67139e+01   constant   
  30  beta_vw_p_cbo  -2.20241e-04   1.57980e-04   0.00000e+00   8.27022e-01
 MIGRAD MINIMIZATION HAS CONVERGED.
 FCN=1714.18 FROM MIGRAD    STATUS=CONVERGED     859 CALLS        3516 TOTAL
                     EDM=4.58501e-08    STRATEGY= 1  ERROR MATRIX UNCERTAINTY   1.6 per cent
  EXT PARAMETER                                   STEP         FIRST   
  NO.   NAME      VALUE            ERROR          SIZE      DERIVATIVE 
   1  N0           1.54993e+06     fixed    
   2  tau          6.44032e+01   constant   
   3  A0           3.51499e-01     fixed    
   4  phi          4.11411e+00     fixed    
   5  R           -6.24899e+01   constant   
   6  alpha_CBO    1.37905e-03     fixed    
   7  w_CBO        2.32735e+00   constant   
   8  beta_CBO     1.64918e-02   1.58303e-04  -5.10769e-08  -1.91709e-01
   9  alpha_2CBO  -3.41333e-04   1.62294e-04  -2.93368e-07  -1.35406e+00
  10  beta_2CBO   -1.77477e-04     fixed    
  11  alpha_y      0.00000e+00     fixed    
  12  w_y          1.38984e+01   constant   
  13  beta_y       1.10343e-03     fixed    
  14  alpha_vw     0.00000e+00     fixed    
  15  w_vw         1.43156e+01   constant   
  16  beta_vw      0.00000e+00     fixed    
  17  LM          -1.12439e-04   constant   
  18  zeta_y       0.00000e+00   constant   
  19  zeta_vw      0.00000e+00   constant   
  20  T_CBO        1.00000e+02   5.20646e+02  -0.00000e+00   0.00000e+00
  21  alpha_A0    -2.66084e-03   3.19007e-04  -3.75859e-07   1.08669e-02
  22  beta_A0      5.48943e-03   2.83221e-04   9.01916e-07   8.72753e-01
  23  alpha_phi   -5.21897e-04   2.98778e-04   3.69876e-07   5.63706e-02
  24  beta_phi     8.61670e-05   3.12973e-04  -6.16886e-07  -7.68003e-01
  25  alpha_vw_m_cbo   6.04699e-04   1.56157e-04   1.35755e-07  -1.53899e-01
  26  w_vw_m_cbo   1.20142e+01   constant   
  27  beta_vw_m_cbo   1.98767e-04   1.58484e-04   4.77142e-08  -1.11724e-01
  28  alpha_vw_p_cbo   5.74124e-04   1.56458e-04  -2.43048e-08   1.58333e-01
  29  w_vw_p_cbo   1.67139e+01   constant   
  30  beta_vw_p_cbo  -2.93382e-04   1.57944e-04  -7.43959e-08  -4.48689e-01
 EXTERNAL ERROR MATRIX.    NDIM=  31    NPAR= 11    ERR DEF=1
  2.506e-08 
  5.928e-10  2.634e-08 
  0.000e+00  0.000e+00  1.800e+05 
  2.030e-09  3.268e-09  0.000e+00  1.018e-07 
  4.940e-09  7.594e-09  0.000e+00 -2.932e-09  8.021e-08 
 -2.883e-10  6.459e-09  0.000e+00 -2.510e-09  6.401e-09  8.927e-08 
  9.142e-09 -2.960e-09  0.000e+00  7.159e-09 -6.463e-09  4.775e-10  9.795e-08 
  1.125e-10  1.350e-10  0.000e+00 -7.959e-10 -1.239e-12 -2.221e-10 -4.369e-10  2.439e-08 
 -7.822e-11 -5.299e-10  0.000e+00 -5.565e-10 -1.322e-09 -1.083e-09  2.744e-10  1.452e-11  2.512e-08 
  1.282e-10  6.390e-10  0.000e+00  3.175e-10  9.761e-10  8.820e-10 -2.629e-10 -2.464e-11 -1.454e-10  2.448e-08 
 -1.077e-10  7.614e-12  0.000e+00  3.079e-10  4.307e-10  2.292e-10  1.890e-10 -7.944e-12 -2.395e-11  3.157e-11  2.495e-08 
 PARAMETER  CORRELATION COEFFICIENTS  
       NO.  GLOBAL      8      9     20     21     22     23     24     25     27     28     30
        8  0.22557   1.000  0.023  0.000  0.040  0.110 -0.006  0.185  0.005 -0.003  0.005 -0.004
        9  0.22487   0.023  1.000  0.000  0.063  0.165  0.133 -0.058  0.005 -0.021  0.025  0.000
       20  0.00000   0.000  0.000  1.000  0.000  0.000  0.000  0.000  0.000  0.000  0.000  0.000
       21  0.11695   0.040  0.063  0.000  1.000 -0.032 -0.026  0.072 -0.016 -0.011  0.006  0.006
       22  0.22693   0.110  0.165  0.000 -0.032  1.000  0.076 -0.073 -0.000 -0.029  0.022  0.010
       23  0.15184  -0.006  0.133  0.000 -0.026  0.076  1.000  0.005 -0.005 -0.023  0.019  0.005
       24  0.22332   0.185 -0.058  0.000  0.072 -0.073  0.005  1.000 -0.009  0.006 -0.005  0.004
       25  0.02089   0.005  0.005  0.000 -0.016 -0.000 -0.005 -0.009  1.000  0.001 -0.001 -0.000
       27  0.04057  -0.003 -0.021  0.000 -0.011 -0.029 -0.023  0.006  0.001  1.000 -0.006 -0.001
       28  0.03549   0.005  0.025  0.000  0.006  0.022  0.019 -0.005 -0.001 -0.006  1.000  0.001
       30  0.01473  -0.004  0.000  0.000  0.006  0.010  0.005  0.004 -0.000 -0.001  0.001  1.000
MINUIT - FIT wiggle + 1-CBO + 2-CBO
 **********
 **   42 **RES 
 **********
                   PARAMETER   16  beta_vw RESTORED TO VARIABLE.
                   PARAMETER   14  alpha_vw RESTORED TO VARIABLE.
                   PARAMETER   13  beta_y RESTORED TO VARIABLE.
                   PARAMETER   11  alpha_y RESTORED TO VARIABLE.
                   PARAMETER   10  beta_2CBO RESTORED TO VARIABLE.
                   PARAMETER    6  alpha_CBO RESTORED TO VARIABLE.
                   PARAMETER    4  phi RESTORED TO VARIABLE.
                   PARAMETER    3  A0 RESTORED TO VARIABLE.
                   PARAMETER    1  N0 RESTORED TO VARIABLE.
 **********
 **   43 **FIX           10
 **********
 **********
 **   44 **FIX           11
 **********
 **********
 **   45 **FIX           12
 **********
 PARAMETER   12  IS CONSTANT.   IGNORED.
 **********
 **   46 **FIX           13
 **********
 **********
 **   47 **FIX           14
 **********
 **********
 **   48 **FIX           15
 **********
 PARAMETER   15  IS CONSTANT.   IGNORED.
 **********
 **   49 **FIX           16
 **********
 **********
 **   50 **MIGRAD
 **********
 START MIGRAD MINIMIZATION.  STRATEGY  1.  CONVERGENCE WHEN EDM .LT. 1.00e-04
 FCN=1714.18 FROM MIGRAD    STATUS=INITIATE     1219 CALLS        4735 TOTAL
                     EDM= unknown      STRATEGY= 1      NO ERROR MATRIX       
  EXT PARAMETER               CURRENT GUESS       STEP         FIRST   
  NO.   NAME      VALUE            ERROR          SIZE      DERIVATIVE 
   1  N0           1.54993e+06   8.60294e+01   0.00000e+00   8.68835e-02
   2  tau          6.44032e+01   constant   
   3  A0           3.51499e-01   7.31932e-05   0.00000e+00   6.43490e+05
   4  phi          4.11411e+00   2.12198e-04   0.00000e+00  -9.64314e+04
   5  R           -6.24899e+01   constant   
   6  alpha_CBO    1.37905e-03   1.59919e-04   0.00000e+00  -1.59035e+04
   7  w_CBO        2.32735e+00   constant   
   8  beta_CBO     1.64918e-02   1.58303e-04   0.00000e+00  -1.91709e-01
   9  alpha_2CBO  -3.41333e-04   1.62294e-04   0.00000e+00  -1.35406e+00
  10  beta_2CBO   -1.77477e-04     fixed    
  11  alpha_y      0.00000e+00     fixed    
  12  w_y          1.38984e+01   constant   
  13  beta_y       1.10343e-03     fixed    
  14  alpha_vw     0.00000e+00     fixed    
  15  w_vw         1.43156e+01   constant   
  16  beta_vw      0.00000e+00     fixed    
  17  LM          -1.12439e-04   constant   
  18  zeta_y       0.00000e+00   constant   
  19  zeta_vw      0.00000e+00   constant   
  20  T_CBO        1.00000e+02   5.20646e+02   0.00000e+00   0.00000e+00
  21  alpha_A0    -2.66084e-03   3.19007e-04   0.00000e+00   1.08676e-02
  22  beta_A0      5.48943e-03   2.83221e-04   0.00000e+00   8.72754e-01
  23  alpha_phi   -5.21897e-04   2.98778e-04   0.00000e+00   5.63680e-02
  24  beta_phi     8.61670e-05   3.12973e-04   0.00000e+00  -7.68013e-01
  25  alpha_vw_m_cbo   6.04699e-04   1.56157e-04   0.00000e+00  -1.53896e-01
  26  w_vw_m_cbo   1.20142e+01   constant   
  27  beta_vw_m_cbo   1.98767e-04   1.58484e-04   0.00000e+00  -1.11725e-01
  28  alpha_vw_p_cbo   5.74124e-04   1.56458e-04   0.00000e+00   1.58326e-01
  29  w_vw_p_cbo   1.67139e+01   constant   
  30  beta_vw_p_cbo  -2.93382e-04   1.57944e-04   0.00000e+00  -4.48691e-01
 MIGRAD MINIMIZATION HAS CONVERGED.
 MIGRAD WILL VERIFY CONVERGENCE AND ERROR MATRIX.
  MNHESS FAILS AND WILL RETURN DIAGONAL MATRIX. 
 FCN=908.727 FROM MIGRAD    STATUS=CONVERGED    1426 CALLS        4942 TOTAL
                     EDM=6.96723e-06    STRATEGY= 1  ERROR MATRIX UNCERTAINTY 100.0 per cent
  EXT PARAMETER                APPROXIMATE        STEP         FIRST   
  NO.   NAME      VALUE            ERROR          SIZE      DERIVATIVE 
   1  N0           1.54954e+06   8.60060e+01   1.26650e+00   1.44983e-05
   2  tau          6.44032e+01   constant   
   3  A0           3.49464e-01   7.31889e-05   1.07788e-06   2.21358e+00
   4  phi          4.11685e+00   2.13719e-04   3.14753e-06   3.20423e+00
   5  R           -6.24899e+01   constant   
   6  alpha_CBO    1.62561e-03   1.59957e-04   2.35574e-06  -1.07964e+01
   7  w_CBO        2.32735e+00   constant   
   8  beta_CBO     1.77201e-02   1.54250e-04   2.27170e-06   8.91177e-01
   9  alpha_2CBO  -3.07905e-04   1.58258e-04   2.33073e-06   3.42419e+00
  10  beta_2CBO   -1.77477e-04     fixed    
  11  alpha_y      0.00000e+00     fixed    
  12  w_y          1.38984e+01   constant   
  13  beta_y       1.10343e-03     fixed    
  14  alpha_vw     0.00000e+00     fixed    
  15  w_vw         1.43156e+01   constant   
  16  beta_vw      0.00000e+00     fixed    
  17  LM          -1.12439e-04   constant   
  18  zeta_y       0.00000e+00   constant   
  19  zeta_vw      0.00000e+00   constant   
  20  T_CBO        1.00000e+02   7.59439e+02  -0.00000e+00   0.00000e+00
  21  alpha_A0    -6.77628e-04   3.18639e-04   6.54193e-06   3.18606e+00
  22  beta_A0      5.47953e-03   2.77765e-04  -1.65715e-06   1.07314e+01
  23  alpha_phi   -1.30949e-03   2.97213e-04  -9.30328e-08   3.63412e+00
  24  beta_phi     1.07078e-03   3.07541e-04   4.70685e-07  -3.29673e+00
  25  alpha_vw_m_cbo   4.90390e-04   1.56003e-04  -3.04499e-08   1.50036e+01
  26  w_vw_m_cbo   1.20142e+01   constant   
  27  beta_vw_m_cbo   2.03372e-04   1.58069e-04   1.91845e-07  -3.65412e+00
  28  alpha_vw_p_cbo   5.58014e-04   1.56053e-04  -1.71711e-07   4.45335e+00
  29  w_vw_p_cbo   1.67139e+01   constant   
  30  beta_vw_p_cbo  -2.49155e-04   1.58017e-04   2.47564e-08  -3.16576e+00
 EXTERNAL ERROR MATRIX.    NDIM=  31    NPAR= 15    ERR DEF=1
 ELEMENTS ABOVE DIAGONAL ARE NOT PRINTED.
  7.397e+03 
  0.000e+00  5.357e-09 
  0.000e+00  0.000e+00  4.568e-08 
  0.000e+00  0.000e+00  0.000e+00  2.559e-08 
  0.000e+00  0.000e+00  0.000e+00  0.000e+00  2.379e-08 
  0.000e+00  0.000e+00  0.000e+00  0.000e+00  0.000e+00  2.505e-08 
  0.000e+00  0.000e+00  0.000e+00  0.000e+00  0.000e+00  0.000e+00  5.421e+05 
  0.000e+00  0.000e+00  0.000e+00  0.000e+00  0.000e+00  0.000e+00  0.000e+00  1.015e-07 
  0.000e+00  0.000e+00  0.000e+00  0.000e+00  0.000e+00  0.000e+00  0.000e+00  0.000e+00  7.715e-08 
  0.000e+00  0.000e+00  0.000e+00  0.000e+00  0.000e+00  0.000e+00  0.000e+00  0.000e+00  0.000e+00  8.834e-08 
  0.000e+00  0.000e+00  0.000e+00  0.000e+00  0.000e+00  0.000e+00  0.000e+00  0.000e+00  0.000e+00  0.000e+00  9.458e-08 
  0.000e+00  0.000e+00  0.000e+00  0.000e+00  0.000e+00  0.000e+00  0.000e+00  0.000e+00  0.000e+00  0.000e+00  0.000e+00 
  0.000e+00  0.000e+00  0.000e+00  0.000e+00  0.000e+00  0.000e+00  0.000e+00  0.000e+00  0.000e+00  0.000e+00  0.000e+00  2.434e-08 
  0.000e+00  0.000e+00  0.000e+00  0.000e+00  0.000e+00  0.000e+00  0.000e+00  0.000e+00  0.000e+00  0.000e+00  0.000e+00 
  0.000e+00  0.000e+00  0.000e+00  0.000e+00  0.000e+00  0.000e+00  0.000e+00  0.000e+00  0.000e+00  0.000e+00  0.000e+00  0.000e+00  2.499e-08 
  0.000e+00  0.000e+00  0.000e+00  0.000e+00  0.000e+00  0.000e+00  0.000e+00  0.000e+00  0.000e+00  0.000e+00  0.000e+00 
  0.000e+00  0.000e+00  0.000e+00  0.000e+00  0.000e+00  0.000e+00  0.000e+00  0.000e+00  0.000e+00  0.000e+00  0.000e+00  0.000e+00  0.000e+00  2.435e-08 
  0.000e+00  0.000e+00  0.000e+00  0.000e+00  0.000e+00  0.000e+00  0.000e+00  0.000e+00  0.000e+00  0.000e+00  0.000e+00 
  0.000e+00  0.000e+00  0.000e+00  0.000e+00  0.000e+00  0.000e+00  0.000e+00  0.000e+00  0.000e+00  0.000e+00  0.000e+00  0.000e+00  0.000e+00  0.000e+00  2.497e-08 
ERR MATRIX APPROXIMATE
 PARAMETER  CORRELATION COEFFICIENTS  
       NO.  GLOBAL      1      3      4      6      8      9     20     21     22     23     24     25     27     28     30
        1  0.00000   1.000  0.000  0.000  0.000  0.000  0.000  0.000  0.000  0.000  0.000  0.000  0.000  0.000  0.000  0.000
        3  0.00000   0.000  1.000  0.000  0.000  0.000  0.000  0.000  0.000  0.000  0.000  0.000  0.000  0.000  0.000  0.000
        4  0.00000   0.000  0.000  1.000  0.000  0.000  0.000  0.000  0.000  0.000  0.000  0.000  0.000  0.000  0.000  0.000
        6  0.00000   0.000  0.000  0.000  1.000  0.000  0.000  0.000  0.000  0.000  0.000  0.000  0.000  0.000  0.000  0.000
        8  0.00000   0.000  0.000  0.000  0.000  1.000  0.000  0.000  0.000  0.000  0.000  0.000  0.000  0.000  0.000  0.000
        9  0.00000   0.000  0.000  0.000  0.000  0.000  1.000  0.000  0.000  0.000  0.000  0.000  0.000  0.000  0.000  0.000
       20  0.00000   0.000  0.000  0.000  0.000  0.000  0.000  1.000  0.000  0.000  0.000  0.000  0.000  0.000  0.000  0.000
       21  0.00000   0.000  0.000  0.000  0.000  0.000  0.000  0.000  1.000  0.000  0.000  0.000  0.000  0.000  0.000  0.000
       22  0.00000   0.000  0.000  0.000  0.000  0.000  0.000  0.000  0.000  1.000  0.000  0.000  0.000  0.000  0.000  0.000
       23  0.00000   0.000  0.000  0.000  0.000  0.000  0.000  0.000  0.000  0.000  1.000  0.000  0.000  0.000  0.000  0.000
       24  0.00000   0.000  0.000  0.000  0.000  0.000  0.000  0.000  0.000  0.000  0.000  1.000  0.000  0.000  0.000  0.000
       25  0.00000   0.000  0.000  0.000  0.000  0.000  0.000  0.000  0.000  0.000  0.000  0.000  1.000  0.000  0.000  0.000
       27  0.00000   0.000  0.000  0.000  0.000  0.000  0.000  0.000  0.000  0.000  0.000  0.000  0.000  1.000  0.000  0.000
       28  0.00000   0.000  0.000  0.000  0.000  0.000  0.000  0.000  0.000  0.000  0.000  0.000  0.000  0.000  1.000  0.000
       30  0.00000   0.000  0.000  0.000  0.000  0.000  0.000  0.000  0.000  0.000  0.000  0.000  0.000  0.000  0.000  1.000
 ERR MATRIX APPROXIMATE
MINUIT - FIT ONLY 1-y
 **********
 **   51 **RES 
 **********
                   PARAMETER   16  beta_vw RESTORED TO VARIABLE.
                   PARAMETER   14  alpha_vw RESTORED TO VARIABLE.
                   PARAMETER   13  beta_y RESTORED TO VARIABLE.
                   PARAMETER   11  alpha_y RESTORED TO VARIABLE.
                   PARAMETER   10  beta_2CBO RESTORED TO VARIABLE.
 **********
 **   52 **FIX            0
 **********
 PARAMETER    0  IS UNDEFINED. IGNORED.
 **********
 **   53 **FIX            1
 **********
 **********
 **   54 **FIX            2
 **********
 PARAMETER    2  IS CONSTANT.   IGNORED.
 **********
 **   55 **FIX            3
 **********
 **********
 **   56 **FIX            4
 **********
 **********
 **   57 **FIX            5
 **********
 PARAMETER    5  IS CONSTANT.   IGNORED.
 **********
 **   58 **FIX            6
 **********
 **********
 **   59 **FIX            7
 **********
 PARAMETER    7  IS CONSTANT.   IGNORED.
 **********
 **   60 **FIX            8
 **********
 **********
 **   61 **FIX            9
 **********
 **********
 **   62 **FIX           13
 **********
 **********
 **   63 **FIX           14
 **********
 **********
 **   64 **FIX           15
 **********
 PARAMETER   15  IS CONSTANT.   IGNORED.
 **********
 **   65 **FIX           16
 **********
 **********
 **   66 **MIGRAD
 **********
 START MIGRAD MINIMIZATION.  STRATEGY  1.  CONVERGENCE WHEN EDM .LT. 1.00e-04
 FCN=908.727 FROM MIGRAD    STATUS=INITIATE      717 CALLS        5659 TOTAL
                     EDM= unknown      STRATEGY= 1      NO ERROR MATRIX       
  EXT PARAMETER               CURRENT GUESS       STEP         FIRST   
  NO.   NAME      VALUE            ERROR          SIZE      DERIVATIVE 
   1  N0           1.54954e+06     fixed    
   2  tau          6.44032e+01   constant   
   3  A0           3.49464e-01     fixed    
   4  phi          4.11685e+00     fixed    
   5  R           -6.24899e+01   constant   
   6  alpha_CBO    1.62561e-03     fixed    
   7  w_CBO        2.32735e+00   constant   
   8  beta_CBO     1.77201e-02     fixed    
   9  alpha_2CBO  -3.07905e-04     fixed    
  10  beta_2CBO   -1.77477e-04   1.55791e-04   0.00000e+00   2.25086e+04
  11  alpha_y      0.00000e+00   1.00000e-03   0.00000e+00  -1.41087e+05
  12  w_y          1.38984e+01   constant   
  13  beta_y       1.10343e-03     fixed    
  14  alpha_vw     0.00000e+00     fixed    
  15  w_vw         1.43156e+01   constant   
  16  beta_vw      0.00000e+00     fixed    
  17  LM          -1.12439e-04   constant   
  18  zeta_y       0.00000e+00   constant   
  19  zeta_vw      0.00000e+00   constant   
  20  T_CBO        1.00000e+02   7.59439e+02   0.00000e+00   0.00000e+00
  21  alpha_A0    -6.77628e-04   3.18639e-04   0.00000e+00   3.18606e+00
  22  beta_A0      5.47953e-03   2.77765e-04   0.00000e+00   1.07314e+01
  23  alpha_phi   -1.30949e-03   2.97213e-04   0.00000e+00   3.63413e+00
  24  beta_phi     1.07078e-03   3.07541e-04   0.00000e+00  -3.29675e+00
  25  alpha_vw_m_cbo   4.90390e-04   1.56003e-04   0.00000e+00   1.50036e+01
  26  w_vw_m_cbo   1.20142e+01   constant   
  27  beta_vw_m_cbo   2.03372e-04   1.58069e-04   0.00000e+00  -3.65412e+00
  28  alpha_vw_p_cbo   5.58014e-04   1.56053e-04   0.00000e+00   4.45335e+00
  29  w_vw_p_cbo   1.67139e+01   constant   
  30  beta_vw_p_cbo  -2.49155e-04   1.58017e-04   0.00000e+00  -3.16575e+00
 MIGRAD MINIMIZATION HAS CONVERGED.
 MIGRAD WILL VERIFY CONVERGENCE AND ERROR MATRIX.
  MNHESS FAILS AND WILL RETURN DIAGONAL MATRIX. 
 FCN=783.863 FROM MIGRAD    STATUS=CONVERGED     818 CALLS        5760 TOTAL
                     EDM=2.30349e-06    STRATEGY= 1  ERROR MATRIX UNCERTAINTY 100.0 per cent
  EXT PARAMETER                APPROXIMATE        STEP         FIRST   
  NO.   NAME      VALUE            ERROR          SIZE      DERIVATIVE 
   1  N0           1.54954e+06     fixed    
   2  tau          6.44032e+01   constant   
   3  A0           3.49464e-01     fixed    
   4  phi          4.11685e+00     fixed    
   5  R           -6.24899e+01   constant   
   6  alpha_CBO    1.62561e-03     fixed    
   7  w_CBO        2.32735e+00   constant   
   8  beta_CBO     1.77201e-02     fixed    
   9  alpha_2CBO  -3.07905e-04     fixed    
  10  beta_2CBO   -4.35044e-04   1.55822e-04   2.13155e-06   6.24110e+00
  11  alpha_y      1.72894e-03   1.56163e-04   2.13621e-06   1.06127e-01
  12  w_y          1.38984e+01   constant   
  13  beta_y       1.10343e-03     fixed    
  14  alpha_vw     0.00000e+00     fixed    
  15  w_vw         1.43156e+01   constant   
  16  beta_vw      0.00000e+00     fixed    
  17  LM          -1.12439e-04   constant   
  18  zeta_y       0.00000e+00   constant   
  19  zeta_vw      0.00000e+00   constant   
  20  T_CBO        1.00000e+02   9.44762e+02  -0.00000e+00   0.00000e+00
  21  alpha_A0    -4.90058e-04   3.18649e-04   3.59398e-06  -2.55284e+00
  22  beta_A0      5.48499e-03   2.77771e-04  -2.80044e-06  -4.80225e+00
  23  alpha_phi   -1.35213e-03   2.97230e-04  -1.42067e-06   3.35329e+00
  24  beta_phi     1.03723e-03   3.07548e-04  -1.90656e-06  -2.76274e+00
  25  alpha_vw_m_cbo   5.40082e-04   1.56003e-04  -5.81705e-07  -4.22382e+00
  26  w_vw_m_cbo   1.20142e+01   constant   
  27  beta_vw_m_cbo   2.85179e-04   1.58069e-04  -7.74920e-07   2.54430e-02
  28  alpha_vw_p_cbo   6.33321e-04   1.56053e-04  -8.56614e-07   2.56536e+00
  29  w_vw_p_cbo   1.67139e+01   constant   
  30  beta_vw_p_cbo  -3.11356e-04   1.58017e-04   2.62734e-07  -6.35631e+00
 EXTERNAL ERROR MATRIX.    NDIM=  31    NPAR= 11    ERR DEF=1
  2.428e-08 
  0.000e+00  2.439e-08 
  0.000e+00  0.000e+00  1.153e+06 
  0.000e+00  0.000e+00  0.000e+00  1.015e-07 
  0.000e+00  0.000e+00  0.000e+00  0.000e+00  7.716e-08 
  0.000e+00  0.000e+00  0.000e+00  0.000e+00  0.000e+00  8.835e-08 
  0.000e+00  0.000e+00  0.000e+00  0.000e+00  0.000e+00  0.000e+00  9.459e-08 
  0.000e+00  0.000e+00  0.000e+00  0.000e+00  0.000e+00  0.000e+00  0.000e+00  2.434e-08 
  0.000e+00  0.000e+00  0.000e+00  0.000e+00  0.000e+00  0.000e+00  0.000e+00  0.000e+00  2.499e-08 
  0.000e+00  0.000e+00  0.000e+00  0.000e+00  0.000e+00  0.000e+00  0.000e+00  0.000e+00  0.000e+00  2.435e-08 
  0.000e+00  0.000e+00  0.000e+00  0.000e+00  0.000e+00  0.000e+00  0.000e+00  0.000e+00  0.000e+00  0.000e+00  2.497e-08 
ERR MATRIX APPROXIMATE
 PARAMETER  CORRELATION COEFFICIENTS  
       NO.  GLOBAL     10     11     20     21     22     23     24     25     27     28     30
       10  0.00000   1.000  0.000  0.000  0.000  0.000  0.000  0.000  0.000  0.000  0.000  0.000
       11  0.00000   0.000  1.000  0.000  0.000  0.000  0.000  0.000  0.000  0.000  0.000  0.000
       20  0.00000   0.000  0.000  1.000  0.000  0.000  0.000  0.000  0.000  0.000  0.000  0.000
       21  0.00000   0.000  0.000  0.000  1.000  0.000  0.000  0.000  0.000  0.000  0.000  0.000
       22  0.00000   0.000  0.000  0.000  0.000  1.000  0.000  0.000  0.000  0.000  0.000  0.000
       23  0.00000   0.000  0.000  0.000  0.000  0.000  1.000  0.000  0.000  0.000  0.000  0.000
       24  0.00000   0.000  0.000  0.000  0.000  0.000  0.000  1.000  0.000  0.000  0.000  0.000
       25  0.00000   0.000  0.000  0.000  0.000  0.000  0.000  0.000  1.000  0.000  0.000  0.000
       27  0.00000   0.000  0.000  0.000  0.000  0.000  0.000  0.000  0.000  1.000  0.000  0.000
       28  0.00000   0.000  0.000  0.000  0.000  0.000  0.000  0.000  0.000  0.000  1.000  0.000
       30  0.00000   0.000  0.000  0.000  0.000  0.000  0.000  0.000  0.000  0.000  0.000  1.000
 ERR MATRIX APPROXIMATE
MINUIT - FIT ONLY 2-y
 **********
 **   67 **RES 
 **********
                   PARAMETER   16  beta_vw RESTORED TO VARIABLE.
                   PARAMETER   14  alpha_vw RESTORED TO VARIABLE.
                   PARAMETER   13  beta_y RESTORED TO VARIABLE.
                   PARAMETER    9  alpha_2CBO RESTORED TO VARIABLE.
                   PARAMETER    8  beta_CBO RESTORED TO VARIABLE.
                   PARAMETER    6  alpha_CBO RESTORED TO VARIABLE.
                   PARAMETER    4  phi RESTORED TO VARIABLE.
                   PARAMETER    3  A0 RESTORED TO VARIABLE.
                   PARAMETER    1  N0 RESTORED TO VARIABLE.
 **********
 **   68 **FIX            0
 **********
 PARAMETER    0  IS UNDEFINED. IGNORED.
 **********
 **   69 **FIX            1
 **********
 **********
 **   70 **FIX            2
 **********
 PARAMETER    2  IS CONSTANT.   IGNORED.
 **********
 **   71 **FIX            3
 **********
 **********
 **   72 **FIX            4
 **********
 **********
 **   73 **FIX            5
 **********
 PARAMETER    5  IS CONSTANT.   IGNORED.
 **********
 **   74 **FIX            6
 **********
 **********
 **   75 **FIX            7
 **********
 PARAMETER    7  IS CONSTANT.   IGNORED.
 **********
 **   76 **FIX            8
 **********
 **********
 **   77 **FIX            9
 **********
 **********
 **   78 **FIX           10
 **********
 **********
 **   79 **FIX           11
 **********
 **********
 **   80 **FIX           12
 **********
 PARAMETER   12  IS CONSTANT.   IGNORED.
 **********
 **   81 **FIX           16
 **********
 **********
 **   82 **MIGRAD
 **********
 START MIGRAD MINIMIZATION.  STRATEGY  1.  CONVERGENCE WHEN EDM .LT. 1.00e-04
 FCN=783.863 FROM MIGRAD    STATUS=INITIATE      717 CALLS        6477 TOTAL
                     EDM= unknown      STRATEGY= 1      NO ERROR MATRIX       
  EXT PARAMETER               CURRENT GUESS       STEP         FIRST   
  NO.   NAME      VALUE            ERROR          SIZE      DERIVATIVE 
   1  N0           1.54954e+06     fixed    
   2  tau          6.44032e+01   constant   
   3  A0           3.49464e-01     fixed    
   4  phi          4.11685e+00     fixed    
   5  R           -6.24899e+01   constant   
   6  alpha_CBO    1.62561e-03     fixed    
   7  w_CBO        2.32735e+00   constant   
   8  beta_CBO     1.77201e-02     fixed    
   9  alpha_2CBO  -3.07905e-04     fixed    
  10  beta_2CBO   -4.35044e-04     fixed    
  11  alpha_y      1.72894e-03     fixed    
  12  w_y          1.38984e+01   constant   
  13  beta_y       1.10343e-03   1.57873e-04   0.00000e+00  -3.99876e+03
  14  alpha_vw     0.00000e+00   1.00000e-03   0.00000e+00   2.48854e+05
  15  w_vw         1.43156e+01   constant   
  16  beta_vw      0.00000e+00     fixed    
  17  LM          -1.12439e-04   constant   
  18  zeta_y       0.00000e+00   constant   
  19  zeta_vw      0.00000e+00   constant   
  20  T_CBO        1.00000e+02   9.44762e+02   0.00000e+00   0.00000e+00
  21  alpha_A0    -4.90058e-04   3.18649e-04   0.00000e+00  -2.55284e+00
  22  beta_A0      5.48499e-03   2.77771e-04   0.00000e+00  -4.80225e+00
  23  alpha_phi   -1.35213e-03   2.97230e-04   0.00000e+00   3.35332e+00
  24  beta_phi     1.03723e-03   3.07548e-04   0.00000e+00  -2.76274e+00
  25  alpha_vw_m_cbo   5.40082e-04   1.56003e-04   0.00000e+00  -4.22382e+00
  26  w_vw_m_cbo   1.20142e+01   constant   
  27  beta_vw_m_cbo   2.85179e-04   1.58069e-04   0.00000e+00   2.54453e-02
  28  alpha_vw_p_cbo   6.33321e-04   1.56053e-04   0.00000e+00   2.56537e+00
  29  w_vw_p_cbo   1.67139e+01   constant   
  30  beta_vw_p_cbo  -3.11356e-04   1.58017e-04   0.00000e+00  -6.35630e+00
 MIGRAD MINIMIZATION HAS CONVERGED.
 MIGRAD WILL VERIFY CONVERGENCE AND ERROR MATRIX.
  MNHESS FAILS AND WILL RETURN DIAGONAL MATRIX. 
 FCN=377.142 FROM MIGRAD    STATUS=CONVERGED     818 CALLS        6578 TOTAL
                     EDM=5.07448e-06    STRATEGY= 1  ERROR MATRIX UNCERTAINTY 100.0 per cent
  EXT PARAMETER                APPROXIMATE        STEP         FIRST   
  NO.   NAME      VALUE            ERROR          SIZE      DERIVATIVE 
   1  N0           1.54954e+06     fixed    
   2  tau          6.44032e+01   constant   
   3  A0           3.49464e-01     fixed    
   4  phi          4.11685e+00     fixed    
   5  R           -6.24899e+01   constant   
   6  alpha_CBO    1.62561e-03     fixed    
   7  w_CBO        2.32735e+00   constant   
   8  beta_CBO     1.77201e-02     fixed    
   9  alpha_2CBO  -3.07905e-04     fixed    
  10  beta_2CBO   -4.35044e-04     fixed    
  11  alpha_y      1.72894e-03     fixed    
  12  w_y          1.38984e+01   constant   
  13  beta_y       3.17759e-04   1.57904e-04   1.49931e-06   6.48900e-01
  14  alpha_vw    -3.28142e-03   1.57145e-04   1.49210e-06  -2.27033e+00
  15  w_vw         1.43156e+01   constant   
  16  beta_vw      0.00000e+00     fixed    
  17  LM          -1.12439e-04   constant   
  18  zeta_y       0.00000e+00   constant   
  19  zeta_vw      0.00000e+00   constant   
  20  T_CBO        1.00000e+02   8.96179e+02  -0.00000e+00   0.00000e+00
  21  alpha_A0    -5.28906e-04   3.18622e-04  -4.60498e-07  -1.08447e+01
  22  beta_A0      5.35907e-03   2.77763e-04  -4.05849e-06   2.02598e+00
  23  alpha_phi   -1.45536e-03   2.97221e-04  -1.93824e-06   1.43796e+00
  24  beta_phi     1.09289e-03   3.07544e-04   3.03498e-06  -3.19736e+00
  25  alpha_vw_m_cbo   7.22318e-04   1.56004e-04  -1.70184e-06  -1.45729e+00
  26  w_vw_m_cbo   1.20142e+01   constant   
  27  beta_vw_m_cbo   3.99173e-04   1.58069e-04   1.83263e-06   2.63634e-01
  28  alpha_vw_p_cbo   5.32922e-04   1.56053e-04  -3.03691e-07  -2.50583e+00
  29  w_vw_p_cbo   1.67139e+01   constant   
  30  beta_vw_p_cbo  -3.35986e-04   1.58017e-04   1.75467e-06   6.36945e+00
 EXTERNAL ERROR MATRIX.    NDIM=  31    NPAR= 11    ERR DEF=1
  2.493e-08 
  0.000e+00  2.469e-08 
  0.000e+00  0.000e+00  1.785e+06 
  0.000e+00  0.000e+00  0.000e+00  1.015e-07 
  0.000e+00  0.000e+00  0.000e+00  0.000e+00  7.715e-08 
  0.000e+00  0.000e+00  0.000e+00  0.000e+00  0.000e+00  8.834e-08 
  0.000e+00  0.000e+00  0.000e+00  0.000e+00  0.000e+00  0.000e+00  9.458e-08 
  0.000e+00  0.000e+00  0.000e+00  0.000e+00  0.000e+00  0.000e+00  0.000e+00  2.434e-08 
  0.000e+00  0.000e+00  0.000e+00  0.000e+00  0.000e+00  0.000e+00  0.000e+00  0.000e+00  2.499e-08 
  0.000e+00  0.000e+00  0.000e+00  0.000e+00  0.000e+00  0.000e+00  0.000e+00  0.000e+00  0.000e+00  2.435e-08 
  0.000e+00  0.000e+00  0.000e+00  0.000e+00  0.000e+00  0.000e+00  0.000e+00  0.000e+00  0.000e+00  0.000e+00  2.497e-08 
ERR MATRIX APPROXIMATE
 PARAMETER  CORRELATION COEFFICIENTS  
       NO.  GLOBAL     13     14     20     21     22     23     24     25     27     28     30
       13  0.00000   1.000  0.000  0.000  0.000  0.000  0.000  0.000  0.000  0.000  0.000  0.000
       14  0.00000   0.000  1.000  0.000  0.000  0.000  0.000  0.000  0.000  0.000  0.000  0.000
       20  0.00000   0.000  0.000  1.000  0.000  0.000  0.000  0.000  0.000  0.000  0.000  0.000
       21  0.00000   0.000  0.000  0.000  1.000  0.000  0.000  0.000  0.000  0.000  0.000  0.000
       22  0.00000   0.000  0.000  0.000  0.000  1.000  0.000  0.000  0.000  0.000  0.000  0.000
       23  0.00000   0.000  0.000  0.000  0.000  0.000  1.000  0.000  0.000  0.000  0.000  0.000
       24  0.00000   0.000  0.000  0.000  0.000  0.000  0.000  1.000  0.000  0.000  0.000  0.000
       25  0.00000   0.000  0.000  0.000  0.000  0.000  0.000  0.000  1.000  0.000  0.000  0.000
       27  0.00000   0.000  0.000  0.000  0.000  0.000  0.000  0.000  0.000  1.000  0.000  0.000
       28  0.00000   0.000  0.000  0.000  0.000  0.000  0.000  0.000  0.000  0.000  1.000  0.000
       30  0.00000   0.000  0.000  0.000  0.000  0.000  0.000  0.000  0.000  0.000  0.000  1.000
 ERR MATRIX APPROXIMATE
MINUIT - FIT ALTOGETHER
 **********
 **   83 **RES 
 **********
                   PARAMETER   16  beta_vw RESTORED TO VARIABLE.
                   PARAMETER   11  alpha_y RESTORED TO VARIABLE.
                   PARAMETER   10  beta_2CBO RESTORED TO VARIABLE.
                   PARAMETER    9  alpha_2CBO RESTORED TO VARIABLE.
                   PARAMETER    8  beta_CBO RESTORED TO VARIABLE.
                   PARAMETER    6  alpha_CBO RESTORED TO VARIABLE.
                   PARAMETER    4  phi RESTORED TO VARIABLE.
                   PARAMETER    3  A0 RESTORED TO VARIABLE.
                   PARAMETER    1  N0 RESTORED TO VARIABLE.
 **********
 **   84 **MIGRAD
 **********
 START MIGRAD MINIMIZATION.  STRATEGY  1.  CONVERGENCE WHEN EDM .LT. 1.00e-04
 FCN=377.142 FROM MIGRAD    STATUS=INITIATE     2031 CALLS        8609 TOTAL
                     EDM= unknown      STRATEGY= 1      NO ERROR MATRIX       
  EXT PARAMETER               CURRENT GUESS       STEP         FIRST   
  NO.   NAME      VALUE            ERROR          SIZE      DERIVATIVE 
   1  N0           1.54954e+06   8.60060e+01   0.00000e+00   8.39040e-03
   2  tau          6.44032e+01   constant   
   3  A0           3.49464e-01   7.31889e-05   0.00000e+00   8.91166e+03
   4  phi          4.11685e+00   2.13719e-04   0.00000e+00  -3.39093e+03
   5  R           -6.24899e+01   constant   
   6  alpha_CBO    1.62561e-03   1.59957e-04   0.00000e+00  -6.80366e+03
   7  w_CBO        2.32735e+00   constant   
   8  beta_CBO     1.77201e-02   1.54250e-04   0.00000e+00   2.61993e+03
   9  alpha_2CBO  -3.07905e-04   1.58258e-04   0.00000e+00   5.25173e+03
  10  beta_2CBO   -4.35044e-04   1.55822e-04   0.00000e+00  -2.17221e+03
  11  alpha_y      1.72894e-03   1.56163e-04   0.00000e+00   8.69824e+04
  12  w_y          1.38984e+01   constant   
  13  beta_y       3.17759e-04   1.57904e-04   0.00000e+00   6.48894e-01
  14  alpha_vw    -3.28142e-03   1.57145e-04   0.00000e+00  -2.27033e+00
  15  w_vw         1.43156e+01   constant   
  16  beta_vw      0.00000e+00   1.00000e-03   0.00000e+00  -1.66353e+05
  17  LM          -1.12439e-04   constant   
  18  zeta_y       0.00000e+00   constant   
  19  zeta_vw      0.00000e+00   constant   
  20  T_CBO        1.00000e+02   8.96179e+02   0.00000e+00   0.00000e+00
  21  alpha_A0    -5.28906e-04   3.18622e-04   0.00000e+00  -1.08447e+01
  22  beta_A0      5.35907e-03   2.77763e-04   0.00000e+00   2.02598e+00
  23  alpha_phi   -1.45536e-03   2.97221e-04   0.00000e+00   1.43797e+00
  24  beta_phi     1.09289e-03   3.07544e-04   0.00000e+00  -3.19737e+00
  25  alpha_vw_m_cbo   7.22318e-04   1.56004e-04   0.00000e+00  -1.45730e+00
  26  w_vw_m_cbo   1.20142e+01   constant   
  27  beta_vw_m_cbo   3.99173e-04   1.58069e-04   0.00000e+00   2.63632e-01
  28  alpha_vw_p_cbo   5.32922e-04   1.56053e-04   0.00000e+00  -2.50584e+00
  29  w_vw_p_cbo   1.67139e+01   constant   
  30  beta_vw_p_cbo  -3.35986e-04   1.58017e-04   0.00000e+00   6.36945e+00
 MIGRAD MINIMIZATION HAS CONVERGED.
 FCN=70.691 FROM MIGRAD    STATUS=CONVERGED    2280 CALLS        8858 TOTAL
                     EDM=3.53454e-06    STRATEGY= 1  ERROR MATRIX UNCERTAINTY   2.2 per cent
  EXT PARAMETER                                   STEP         FIRST   
  NO.   NAME      VALUE            ERROR          SIZE      DERIVATIVE 
   1  N0           1.54953e+06   8.70947e+01  -7.94655e-02   2.04507e-05
   2  tau          6.44032e+01   constant   
   3  A0           3.49455e-01   7.46857e-05  -3.33909e-09  -9.53871e+00
   4  phi          4.11689e+00   2.23001e-04  -6.06198e-08  -1.19799e+00
   5  R           -6.24899e+01   constant   
   6  alpha_CBO    1.66576e-03   1.62338e-04   1.93295e-07   2.95606e+00
   7  w_CBO        2.32735e+00   constant   
   8  beta_CBO     1.77076e-02   1.54400e-04  -5.32065e-07  -1.27718e+00
   9  alpha_2CBO  -3.34859e-04   1.64331e-04  -7.32508e-07   7.76194e-01
  10  beta_2CBO   -4.32940e-04   1.54808e-04  -1.78333e-07  -6.32044e+00
  11  alpha_y     -8.09157e-05   1.75463e-04   2.45020e-07  -2.99064e+00
  12  w_y          1.38984e+01   constant   
  13  beta_y       1.11570e-03   1.64366e-04   2.69427e-07   3.96829e+00
  14  alpha_vw    -3.68365e-03   1.65821e-04   2.91123e-07  -3.76029e+00
  15  w_vw         1.43156e+01   constant   
  16  beta_vw      2.73372e-03   1.73239e-04   6.44558e-08  -1.31441e+00
  17  LM          -1.12439e-04   constant   
  18  zeta_y       0.00000e+00   constant   
  19  zeta_vw      0.00000e+00   constant   
  20  T_CBO        1.00000e+02   5.20646e+02  -0.00000e+00   0.00000e+00
  21  alpha_A0    -6.04066e-04   3.27882e-04  -5.30622e-07  -3.01840e+00
  22  beta_A0      5.42586e-03   2.68842e-04   9.56508e-07   5.44587e+00
  23  alpha_phi   -1.37841e-03   3.04933e-04  -4.12020e-07   2.47223e+00
  24  beta_phi     1.07432e-03   3.14965e-04  -1.28401e-07   3.74084e+00
  25  alpha_vw_m_cbo   7.00466e-04   1.55240e-04  -1.69853e-07   2.96224e+00
  26  w_vw_m_cbo   1.20142e+01   constant   
  27  beta_vw_m_cbo   1.96676e-04   1.59333e-04   2.02225e-07   3.14694e+00
  28  alpha_vw_p_cbo   4.45411e-04   1.56805e-04  -1.23384e-07  -1.96727e+00
  29  w_vw_p_cbo   1.67139e+01   constant   
  30  beta_vw_p_cbo  -1.76687e-04   1.57409e-04   4.67174e-08  -7.20514e+00
 EXTERNAL ERROR MATRIX.    NDIM=  31    NPAR= 20    ERR DEF=1
 ELEMENTS ABOVE DIAGONAL ARE NOT PRINTED.
  7.585e+03 
 -4.244e-05  5.578e-09 
  1.726e-04 -1.224e-09  4.973e-08 
 -3.854e-04 -2.822e-10  1.578e-09  2.635e-08 
  9.612e-04 -1.440e-09  2.208e-09  6.017e-10  2.384e-08 
  1.277e-03 -1.966e-10 -2.022e-09 -1.306e-09 -1.227e-09  2.700e-08 
  2.772e-04  4.655e-10 -1.622e-09 -4.373e-10 -5.879e-10  5.956e-10  2.397e-08 
 -5.945e-04  6.860e-10 -1.573e-09 -5.590e-11 -1.314e-09 -1.365e-10  6.529e-10  3.079e-08 
 -6.010e-04  1.240e-09 -3.202e-09 -9.326e-10 -2.120e-09  4.212e-10  7.530e-10 -1.926e-09  2.702e-08 
 -6.122e-04  1.061e-09 -3.212e-09 -7.560e-10 -2.686e-09  2.594e-10  1.422e-09  3.888e-09  3.859e-09  2.750e-08 
  7.416e-06  5.790e-10 -1.572e-09 -7.370e-10 -5.692e-10  5.827e-10  1.220e-10 -5.642e-09  8.670e-09 -2.684e-09  3.001e-08 
  0.000e+00  0.000e+00  0.000e+00  0.000e+00  0.000e+00  0.000e+00  0.000e+00  0.000e+00  0.000e+00  0.000e+00  0.000e+00 
  0.000e+00  0.000e+00  0.000e+00  0.000e+00  0.000e+00  0.000e+00  0.000e+00  0.000e+00  0.000e+00  0.000e+00  0.000e+00  1.800e+05 
  1.104e-03 -1.769e-09  5.216e-09  1.912e-09  3.841e-09 -1.701e-09 -3.183e-09 -2.599e-09 -5.476e-09 -4.514e-09 -2.507e-09 
  1.104e-03 -1.769e-09  5.216e-09  1.912e-09  3.841e-09 -1.701e-09 -3.183e-09 -2.599e-09 -5.476e-09 -4.514e-09 -2.507e-09  0.000e+00  1.075e-07 
 -1.663e-03  2.207e-09 -2.957e-09 -1.469e-09  1.071e-09  3.517e-09  1.995e-09  1.056e-09  2.844e-09  3.215e-09  1.595e-09 
 -1.663e-03  2.207e-09 -2.957e-09 -1.469e-09  1.071e-09  3.517e-09  1.995e-09  1.056e-09  2.844e-09  3.215e-09  1.595e-09  0.000e+00 -3.384e-09  7.228e-08 
  7.207e-04  6.857e-10 -3.340e-09 -2.042e-09 -7.388e-10  3.665e-09  1.440e-09  9.962e-11  1.713e-09  1.408e-09  1.279e-09 
  7.207e-04  6.857e-10 -3.340e-09 -2.042e-09 -7.388e-10  3.665e-09  1.440e-09  9.962e-11  1.713e-09  1.408e-09  1.279e-09  0.000e+00 -3.092e-09  1.596e-09  9.298e-08 
  4.087e-04 -1.166e-09  4.344e-09  5.973e-10  4.565e-09  1.191e-09 -7.156e-10 -2.736e-09 -4.359e-09 -4.491e-09 -1.728e-09 
  4.087e-04 -1.166e-09  4.344e-09  5.973e-10  4.565e-09  1.191e-09 -7.156e-10 -2.736e-09 -4.359e-09 -4.491e-09 -1.728e-09  0.000e+00  7.839e-09 -7.483e-09 -1.698e-09  9.920e-08 
  2.347e-04 -4.953e-11  1.279e-10 -2.966e-11  4.734e-10  2.289e-10 -4.493e-10  4.170e-11 -1.140e-09  1.459e-10 -2.667e-10 
  2.347e-04 -4.953e-11  1.279e-10 -2.966e-11  4.734e-10  2.289e-10 -4.493e-10  4.170e-11 -1.140e-09  1.459e-10 -2.667e-10  0.000e+00 -9.628e-11 -1.650e-10  1.856e-10  7.444e-10  2.410e-08 
 -4.238e-04 -5.666e-13  7.082e-10  4.424e-10  2.300e-10 -7.770e-10 -8.562e-11  1.174e-09 -4.740e-10  2.433e-11 -1.911e-09 
 -4.238e-04 -5.666e-13  7.082e-10  4.424e-10  2.300e-10 -7.770e-10 -8.562e-11  1.174e-09 -4.740e-10  2.433e-11 -1.911e-09  0.000e+00  8.291e-10 -1.020e-09 -1.336e-09 -3.440e-10  3.601e-11  2.539e-08 
  2.191e-04  1.928e-10 -1.055e-09 -4.491e-10 -5.171e-10  6.863e-10  2.737e-10  6.622e-10  8.268e-10  4.931e-10 -6.275e-10 
  2.191e-04  1.928e-10 -1.055e-09 -4.491e-10 -5.171e-10  6.863e-10  2.737e-10  6.622e-10  8.268e-10  4.931e-10 -6.275e-10  0.000e+00 -1.332e-09  1.142e-09  1.192e-09 -4.736e-10  6.191e-11 -2.061e-10  2.459e-08 
  7.948e-05 -1.012e-10 -7.830e-11 -7.759e-11 -2.566e-10  1.564e-10  3.364e-10 -1.186e-09  1.274e-09 -7.451e-10  1.374e-09 
  7.948e-05 -1.012e-10 -7.830e-11 -7.759e-11 -2.566e-10  1.564e-10  3.364e-10 -1.186e-09  1.274e-09 -7.451e-10  1.374e-09  0.000e+00  2.705e-10  3.183e-10  3.572e-10  3.730e-11  3.015e-10 -2.676e-10 -7.558e-11  2.478e-08 
 PARAMETER  CORRELATION COEFFICIENTS  
       NO.  GLOBAL      1      3      4      6      8      9     10     11     13     14     16     20     21     22     23     24
        1  0.16643   1.000 -0.007  0.009 -0.027  0.071  0.089  0.021 -0.039 -0.042 -0.042  0.000  0.000  0.039 -0.071  0.027  0.015
        3  0.21917  -0.007  1.000 -0.073 -0.023 -0.125 -0.016  0.040  0.052  0.101  0.086  0.045  0.000 -0.072  0.110  0.030 -0.050
        4  0.17862   0.009 -0.073  1.000  0.044  0.064 -0.055 -0.047 -0.040 -0.087 -0.087 -0.041  0.000  0.071 -0.049 -0.049  0.062
        6  0.09829  -0.027 -0.023  0.044  1.000  0.024 -0.049 -0.017 -0.002 -0.035 -0.028 -0.026  0.000  0.036 -0.034 -0.041  0.012
        8  0.22516   0.071 -0.125  0.064  0.024  1.000 -0.048 -0.025 -0.049 -0.084 -0.105 -0.021  0.000  0.076  0.026 -0.016  0.094
        9  0.17710   0.089 -0.016 -0.055 -0.049 -0.048  1.000  0.023 -0.005  0.016  0.010  0.020  0.000 -0.032  0.080  0.073  0.023
       10  0.11345   0.021  0.040 -0.047 -0.017 -0.025  0.023  1.000  0.024  0.030  0.055  0.005  0.000 -0.063  0.048  0.031 -0.015
       11  0.24675  -0.039  0.052 -0.040 -0.002 -0.049 -0.005  0.024  1.000 -0.067  0.134 -0.186  0.000 -0.045  0.022  0.002 -0.050
       13  0.38312  -0.042  0.101 -0.087 -0.035 -0.084  0.016  0.030 -0.067  1.000  0.142  0.304  0.000 -0.102  0.064  0.034 -0.084
       14  0.28514  -0.042  0.086 -0.087 -0.028 -0.105  0.010  0.055  0.134  0.142  1.000 -0.093  0.000 -0.083  0.072  0.028 -0.086
       16  0.37672   0.000  0.045 -0.041 -0.026 -0.021  0.020  0.005 -0.186  0.304 -0.093  1.000  0.000 -0.044  0.034  0.024 -0.032
       20  0.00000   0.000  0.000  0.000  0.000  0.000  0.000  0.000  0.000  0.000  0.000  0.000  1.000  0.000  0.000  0.000  0.000
       21  0.18649   0.039 -0.072  0.071  0.036  0.076 -0.032 -0.063 -0.045 -0.102 -0.083 -0.044  0.000  1.000 -0.038 -0.031  0.076
       22  0.21078  -0.071  0.110 -0.049 -0.034  0.026  0.080  0.048  0.022  0.064  0.072  0.034  0.000 -0.038  1.000  0.019 -0.088
       23  0.11411   0.027  0.030 -0.049 -0.041 -0.016  0.073  0.031  0.002  0.034  0.028  0.024  0.000 -0.031  0.019  1.000 -0.018
       24  0.18462   0.015 -0.050  0.062  0.012  0.094  0.023 -0.015 -0.050 -0.084 -0.086 -0.032  0.000  0.076 -0.088 -0.018  1.000
       25  0.05977   0.017 -0.004  0.004 -0.001  0.020  0.009 -0.019  0.002 -0.045  0.006 -0.010  0.000 -0.002 -0.004  0.004  0.015
                     1.000  0.001  0.003  0.012
       27  0.09581  -0.031 -0.000  0.020  0.017  0.009 -0.030 -0.003  0.042 -0.018  0.001 -0.069  0.000  0.016 -0.024 -0.027 -0.007
                     0.001  1.000 -0.008 -0.011
       28  0.07855   0.016  0.016 -0.030 -0.018 -0.021  0.027  0.011  0.024  0.032  0.019 -0.023  0.000 -0.026  0.027  0.025 -0.010
                     0.003 -0.008  1.000 -0.003
       30  0.08139   0.006 -0.009 -0.002 -0.003 -0.011  0.006  0.014 -0.043  0.049 -0.029  0.050  0.000  0.005  0.008  0.007  0.001
                     0.012 -0.011 -0.003  1.000
MINUIT - MINOS
 **********
 **   85 **RES 
 **********
 CALL TO MNFREE IGNORED.  THERE ARE NO FIXED PARAMETERS
 **********
 **   86 **MIG      2.5e+04        0.01
 **********
 START MIGRAD MINIMIZATION.  STRATEGY  1.  CONVERGENCE WHEN EDM .LT. 1.00e-05
 FCN=70.691 FROM MIGRAD    STATUS=INITIATE       40 CALLS        8898 TOTAL
                     EDM=3.00848e-06    STRATEGY= 1  ERROR MATRIX UNCERTAINTY   2.2 per cent
  EXT PARAMETER                                   STEP         FIRST   
  NO.   NAME      VALUE            ERROR          SIZE      DERIVATIVE 
   1  N0           1.54953e+06   8.70947e+01  -7.94655e-02   2.04507e-05
   2  tau          6.44032e+01   constant   
   3  A0           3.49455e-01   7.46857e-05  -3.33909e-09  -9.53871e+00
   4  phi          4.11689e+00   2.23001e-04  -6.06198e-08  -1.19799e+00
   5  R           -6.24899e+01   constant   
   6  alpha_CBO    1.66576e-03   1.62338e-04   1.93295e-07   2.95606e+00
   7  w_CBO        2.32735e+00   constant   
   8  beta_CBO     1.77076e-02   1.54400e-04  -5.32065e-07  -1.27717e+00
   9  alpha_2CBO  -3.34859e-04   1.64331e-04  -7.32508e-07   7.76194e-01
  10  beta_2CBO   -4.32940e-04   1.54808e-04  -1.78333e-07  -6.32044e+00
  11  alpha_y     -8.09157e-05   1.75463e-04   2.45020e-07  -2.99064e+00
  12  w_y          1.38984e+01   constant   
  13  beta_y       1.11570e-03   1.64366e-04   2.69427e-07   3.96829e+00
  14  alpha_vw    -3.68365e-03   1.65821e-04   2.91123e-07  -3.76029e+00
  15  w_vw         1.43156e+01   constant   
  16  beta_vw      2.73372e-03   1.73239e-04   6.44558e-08  -1.31441e+00
  17  LM          -1.12439e-04   constant   
  18  zeta_y       0.00000e+00   constant   
  19  zeta_vw      0.00000e+00   constant   
  20  T_CBO        1.00000e+02   5.20646e+02  -0.00000e+00   0.00000e+00
  21  alpha_A0    -6.04066e-04   3.27882e-04  -5.30622e-07  -3.01840e+00
  22  beta_A0      5.42586e-03   2.68842e-04   9.56508e-07   5.44587e+00
  23  alpha_phi   -1.37841e-03   3.04933e-04  -4.12020e-07   2.47223e+00
  24  beta_phi     1.07432e-03   3.14965e-04  -1.28401e-07   3.74084e+00
  25  alpha_vw_m_cbo   7.00466e-04   1.55240e-04  -1.69853e-07   2.96224e+00
  26  w_vw_m_cbo   1.20142e+01   constant   
  27  beta_vw_m_cbo   1.96676e-04   1.59333e-04   2.02225e-07   3.14695e+00
  28  alpha_vw_p_cbo   4.45411e-04   1.56805e-04  -1.23384e-07  -1.96727e+00
  29  w_vw_p_cbo   1.67139e+01   constant   
  30  beta_vw_p_cbo  -1.76687e-04   1.57409e-04   4.67174e-08  -7.20514e+00
 MIGRAD MINIMIZATION HAS CONVERGED.
 FCN=70.691 FROM MIGRAD    STATUS=CONVERGED      81 CALLS        8939 TOTAL
                     EDM=1.27274e-07    STRATEGY= 1  ERROR MATRIX UNCERTAINTY   1.5 per cent
  EXT PARAMETER                                   STEP         FIRST   
  NO.   NAME      VALUE            ERROR          SIZE      DERIVATIVE 
   1  N0           1.54953e+06   8.64617e+01  -7.15828e-02  -1.30978e-06
   2  tau          6.44032e+01   constant   
   3  A0           3.49455e-01   7.36792e-05   2.08451e-08   3.64874e+00
   4  phi          4.11689e+00   2.20762e-04   2.31517e-08   1.62462e+00
   5  R           -6.24899e+01   constant   
   6  alpha_CBO    1.66573e-03   1.62369e-04  -2.91228e-08  -9.91119e-02
   7  w_CBO        2.32735e+00   constant   
   8  beta_CBO     1.77076e-02   1.54464e-04  -1.28443e-08   1.77736e-01
   9  alpha_2CBO  -3.34899e-04   1.63268e-04  -3.96060e-08  -9.23221e-01
  10  beta_2CBO   -4.32872e-04   1.53120e-04   6.80303e-08   1.19161e+00
  11  alpha_y     -8.08598e-05   1.75086e-04   5.58940e-08   4.48452e-01
  12  w_y          1.38984e+01   constant   
  13  beta_y       1.11567e-03   1.64626e-04  -3.32885e-08   3.07510e-01
  14  alpha_vw    -3.68360e-03   1.66430e-04   4.99227e-08  -4.31653e-01
  15  w_vw         1.43156e+01   constant   
  16  beta_vw      2.73371e-03   1.73267e-04  -7.07109e-09   1.54249e-01
  17  LM          -1.12439e-04   constant   
  18  zeta_y       0.00000e+00   constant   
  19  zeta_vw      0.00000e+00   constant   
  20  T_CBO        1.00000e+02   5.20646e+02  -0.00000e+00   0.00000e+00
  21  alpha_A0    -6.03936e-04   3.23031e-04   1.29596e-07   7.61454e-01
  22  beta_A0      5.42571e-03   2.72261e-04  -1.49186e-07   3.53394e-01
  23  alpha_phi   -1.37853e-03   3.10353e-04  -1.16679e-07   1.20865e+00
  24  beta_phi     1.07415e-03   3.16014e-04  -1.64993e-07  -1.09882e-02
  25  alpha_vw_m_cbo   7.00428e-04   1.55158e-04  -3.72212e-08  -1.42123e-01
  26  w_vw_m_cbo   1.20142e+01   constant   
  27  beta_vw_m_cbo   1.96647e-04   1.59694e-04  -2.90777e-08   4.00474e-01
  28  alpha_vw_p_cbo   4.45428e-04   1.56974e-04   1.72821e-08  -3.69513e-01
  29  w_vw_p_cbo   1.67139e+01   constant   
  30  beta_vw_p_cbo  -1.76604e-04   1.58252e-04   8.30047e-08  -1.83586e-01
 EXTERNAL ERROR MATRIX.    NDIM=  31    NPAR= 20    ERR DEF=1
 ELEMENTS ABOVE DIAGONAL ARE NOT PRINTED.
  7.476e+03 
  1.922e-04  5.429e-09 
  1.087e-03 -1.651e-09  4.874e-08 
 -3.943e-04 -2.011e-10  1.922e-09  2.636e-08 
  1.013e-03 -1.426e-09  2.314e-09  6.280e-10  2.386e-08 
  9.631e-04  3.448e-11 -1.315e-09 -1.409e-09 -1.234e-09  2.666e-08 
  5.906e-04  1.590e-10 -2.656e-09 -3.478e-10 -6.080e-10  1.038e-09  2.345e-08 
 -4.674e-04  4.863e-10 -2.320e-09 -3.297e-11 -1.349e-09  1.371e-10  3.643e-10  3.065e-08 
 -5.253e-04  1.298e-09 -2.877e-09 -8.876e-10 -2.078e-09  3.625e-10  7.641e-10 -1.969e-09  2.710e-08 
 -7.342e-04  9.770e-10 -3.692e-09 -8.268e-10 -2.751e-09  3.415e-10  1.415e-09  3.959e-09  3.727e-09  2.770e-08 
  6.353e-05  5.754e-10 -1.535e-09 -7.120e-10 -5.546e-10  5.978e-10  8.181e-11 -5.683e-09  8.704e-09 -2.735e-09  3.002e-08 
  0.000e+00  0.000e+00  0.000e+00  0.000e+00  0.000e+00  0.000e+00  0.000e+00  0.000e+00  0.000e+00  0.000e+00  0.000e+00 
  0.000e+00  0.000e+00  0.000e+00  0.000e+00  0.000e+00  0.000e+00  0.000e+00  0.000e+00  0.000e+00  0.000e+00  0.000e+00  1.800e+05 
  2.003e-03 -2.474e-09  3.005e-09  2.200e-09  3.845e-09 -6.503e-10 -4.495e-09 -3.392e-09 -5.335e-09 -4.706e-09 -2.564e-09 
  2.003e-03 -2.474e-09  3.005e-09  2.200e-09  3.845e-09 -6.503e-10 -4.495e-09 -3.392e-09 -5.335e-09 -4.706e-09 -2.564e-09  0.000e+00  1.043e-07 
 -1.286e-03  2.454e-09 -1.533e-09 -1.252e-09  1.265e-09  3.279e-09  2.005e-09  8.346e-10  3.243e-09  2.603e-09  1.750e-09 
 -1.286e-03  2.454e-09 -1.533e-09 -1.252e-09  1.265e-09  3.279e-09  2.005e-09  8.346e-10  3.243e-09  2.603e-09  1.750e-09  0.000e+00 -2.834e-09  7.413e-08 
  2.008e-03  4.819e-10 -3.014e-09 -1.488e-09 -4.472e-10  4.163e-09  3.932e-10 -8.704e-10  2.419e-09  3.431e-10  1.462e-09 
  2.008e-03  4.819e-10 -3.014e-09 -1.488e-09 -4.472e-10  4.163e-09  3.932e-10 -8.704e-10  2.419e-09  3.431e-10  1.462e-09  0.000e+00 -4.832e-09  4.789e-09  9.632e-08 
  4.347e-04 -7.372e-10  6.229e-09  6.851e-10  4.724e-09  6.592e-10 -2.898e-10 -2.668e-09 -4.074e-09 -4.937e-09 -1.581e-09 
  4.347e-04 -7.372e-10  6.229e-09  6.851e-10  4.724e-09  6.592e-10 -2.898e-10 -2.668e-09 -4.074e-09 -4.937e-09 -1.581e-09  0.000e+00  9.301e-09 -6.123e-09  1.504e-09  9.986e-08 
  1.815e-04  7.089e-11  6.001e-10 -3.275e-11  5.011e-10  6.832e-11 -2.905e-10  1.046e-10 -1.099e-09  8.008e-11 -2.373e-10 
  1.815e-04  7.089e-11  6.001e-10 -3.275e-11  5.011e-10  6.832e-11 -2.905e-10  1.046e-10 -1.099e-09  8.008e-11 -2.373e-10  0.000e+00  3.625e-10  3.772e-11  8.581e-10  7.664e-10  2.407e-08 
 -2.815e-04  2.002e-11  9.310e-10  5.113e-10  2.776e-10 -7.758e-10 -1.568e-10  1.076e-09 -3.691e-10 -1.357e-10 -1.877e-09 
 -2.815e-04  2.002e-11  9.310e-10  5.113e-10  2.776e-10 -7.758e-10 -1.568e-10  1.076e-09 -3.691e-10 -1.357e-10 -1.877e-09  0.000e+00  7.859e-10 -5.384e-10 -6.553e-10  6.932e-11  1.112e-10  2.550e-08 
  9.802e-05  1.952e-10 -1.159e-09 -5.042e-10 -5.505e-10  6.604e-10  3.549e-10  7.500e-10  7.499e-10  6.098e-10 -6.503e-10 
  9.802e-05  1.952e-10 -1.159e-09 -5.042e-10 -5.505e-10  6.604e-10  3.549e-10  7.500e-10  7.499e-10  6.098e-10 -6.503e-10  0.000e+00 -1.226e-09  7.914e-10  7.565e-10 -7.981e-10 -1.698e-12 -2.856e-10  2.464e-08 
  2.044e-05 -2.987e-10 -9.902e-10 -1.396e-10 -3.434e-10  3.920e-10  1.710e-10 -1.184e-09  1.112e-09 -4.934e-10  1.297e-09 
  2.044e-05 -2.987e-10 -9.902e-10 -1.396e-10 -3.434e-10  3.920e-10  1.710e-10 -1.184e-09  1.112e-09 -4.934e-10  1.297e-09  0.000e+00 -3.644e-10 -4.464e-10 -1.292e-09 -3.946e-10  2.666e-10 -4.896e-10  9.510e-11  2.504e-08 
 PARAMETER  CORRELATION COEFFICIENTS  
       NO.  GLOBAL      1      3      4      6      8      9     10     11     13     14     16     20     21     22     23     24
        1  0.19582   1.000  0.030  0.057 -0.028  0.076  0.068  0.045 -0.031 -0.037 -0.051  0.004  0.000  0.072 -0.055  0.075  0.016
        3  0.24590   0.030  1.000 -0.102 -0.017 -0.125  0.003  0.014  0.038  0.107  0.080  0.045  0.000 -0.104  0.122  0.021 -0.032
        4  0.21713   0.057 -0.102  1.000  0.054  0.068 -0.036 -0.079 -0.060 -0.079 -0.100 -0.040  0.000  0.042 -0.026 -0.044  0.089
        6  0.10340  -0.028 -0.017  0.054  1.000  0.025 -0.053 -0.014 -0.001 -0.033 -0.031 -0.025  0.000  0.042 -0.028 -0.030  0.013
        8  0.22867   0.076 -0.125  0.068  0.025  1.000 -0.049 -0.026 -0.050 -0.082 -0.107 -0.021  0.000  0.077  0.030 -0.009  0.097
        9  0.15921   0.068  0.003 -0.036 -0.053 -0.049  1.000  0.042  0.005  0.013  0.013  0.021  0.000 -0.012  0.074  0.082  0.013
       10  0.15055   0.045  0.014 -0.079 -0.014 -0.026  0.042  1.000  0.014  0.030  0.056  0.003  0.000 -0.091  0.048  0.008 -0.006
       11  0.25112  -0.031  0.038 -0.060 -0.001 -0.050  0.005  0.014  1.000 -0.068  0.136 -0.187  0.000 -0.060  0.018 -0.016 -0.048
       13  0.38067  -0.037  0.107 -0.079 -0.033 -0.082  0.013  0.030 -0.068  1.000  0.136  0.305  0.000 -0.100  0.072  0.047 -0.078
       14  0.28561  -0.051  0.080 -0.100 -0.031 -0.107  0.013  0.056  0.136  0.136  1.000 -0.095  0.000 -0.088  0.057  0.007 -0.094
       16  0.37804   0.004  0.045 -0.040 -0.025 -0.021  0.021  0.003 -0.187  0.305 -0.095  1.000  0.000 -0.046  0.037  0.027 -0.029
       20  0.00000   0.000  0.000  0.000  0.000  0.000  0.000  0.000  0.000  0.000  0.000  0.000  1.000  0.000  0.000  0.000  0.000
       21  0.22383   0.072 -0.104  0.042  0.042  0.077 -0.012 -0.091 -0.060 -0.100 -0.088 -0.046  0.000  1.000 -0.032 -0.048  0.091
       22  0.20728  -0.055  0.122 -0.026 -0.028  0.030  0.074  0.048  0.018  0.072  0.057  0.037  0.000 -0.032  1.000  0.057 -0.071
       23  0.15276   0.075  0.021 -0.044 -0.030 -0.009  0.082  0.008 -0.016  0.047  0.007  0.027  0.000 -0.048  0.057  1.000  0.015
       24  0.19337   0.016 -0.032  0.089  0.013  0.097  0.013 -0.006 -0.048 -0.078 -0.094 -0.029  0.000  0.091 -0.071  0.015  1.000
       25  0.06046   0.014  0.006  0.018 -0.001  0.021  0.003 -0.012  0.004 -0.043  0.003 -0.009  0.000  0.007  0.001  0.018  0.016
                     1.000  0.004 -0.000  0.011
       27  0.09168  -0.020  0.002  0.026  0.020  0.011 -0.030 -0.006  0.038 -0.014 -0.005 -0.068  0.000  0.015 -0.012 -0.013  0.001
                     0.004  1.000 -0.011 -0.019
       28  0.07536   0.007  0.017 -0.033 -0.020 -0.023  0.026  0.015  0.027  0.029  0.023 -0.024  0.000 -0.024  0.019  0.016 -0.016
                    -0.000 -0.011  1.000  0.004
       30  0.09119   0.001 -0.026 -0.028 -0.005 -0.014  0.015  0.007 -0.043  0.043 -0.019  0.047  0.000 -0.007 -0.010 -0.026 -0.008
                     0.011 -0.019  0.004  1.000
 **********
 **   87 **MINO      2.5e+04
 **********
    THE POSITIVE MINOS ERROR OF PARAMETER  20, T_CBO EXCEEDS ITS LIMIT.
    THE NEGATIVE MINOS ERROR OF PARAMETER  20, T_CBO EXCEEDS ITS LIMIT.
 FCN=70.691 FROM MINOS     STATUS=PROBLEMS     7706 CALLS       16645 TOTAL
                     EDM=1.27274e-07    STRATEGY= 1  ERROR MATRIX UNCERTAINTY   1.5 per cent
  EXT PARAMETER                  PARABOLIC         MINOS ERRORS        
  NO.   NAME      VALUE            ERROR      NEGATIVE      POSITIVE   
   1  N0           1.54953e+06   8.64617e+01  -9.20749e+01   9.20726e+01
   2  tau          6.44032e+01   constant   
   3  A0           3.49455e-01   7.36792e-05  -7.81727e-05   7.81535e-05
   4  phi          4.11689e+00   2.20762e-04  -2.24605e-04   2.24530e-04
   5  R           -6.24899e+01   constant   
   6  alpha_CBO    1.66573e-03   1.62369e-04  -1.65588e-04   1.65566e-04
   7  w_CBO        2.32735e+00   constant   
   8  beta_CBO     1.77076e-02   1.54464e-04  -1.64221e-04   1.64219e-04
   9  alpha_2CBO  -3.34899e-04   1.63268e-04  -1.63134e-04   1.63150e-04
  10  beta_2CBO   -4.32872e-04   1.53120e-04  -1.59776e-04   1.59746e-04
  11  alpha_y     -8.08598e-05   1.75086e-04  -1.70918e-04   1.70909e-04
  12  w_y          1.38984e+01   constant   
  13  beta_y       1.11567e-03   1.64626e-04  -1.74826e-04   1.74819e-04
  14  alpha_vw    -3.68360e-03   1.66430e-04  -1.73137e-04   1.73143e-04
  15  w_vw         1.43156e+01   constant   
  16  beta_vw      2.73371e-03   1.73267e-04  -1.71901e-04   1.71897e-04
  17  LM          -1.12439e-04   constant   
  18  zeta_y       0.00000e+00   constant   
  19  zeta_vw      0.00000e+00   constant   
  20  T_CBO        1.00000e+02   5.20646e+02   at limit      at limit   
  21  alpha_A0    -6.03936e-04   3.23031e-04  -3.37378e-04   3.37345e-04
  22  beta_A0      5.42571e-03   2.72261e-04  -2.92781e-04   2.92765e-04
  23  alpha_phi   -1.37853e-03   3.10353e-04  -3.09163e-04   3.09023e-04
  24  beta_phi     1.07415e-03   3.16014e-04  -3.21919e-04   3.21905e-04
  25  alpha_vw_m_cbo   7.00428e-04   1.55158e-04  -1.56741e-04   1.56745e-04
  26  w_vw_m_cbo   1.20142e+01   constant   
  27  beta_vw_m_cbo   1.96647e-04   1.59694e-04  -1.58951e-04   1.58940e-04
  28  alpha_vw_p_cbo   4.45428e-04   1.56974e-04  -1.56918e-04   1.56927e-04
  29  w_vw_p_cbo   1.67139e+01   constant   
  30  beta_vw_p_cbo  -1.76604e-04   1.58252e-04  -1.58510e-04   1.58514e-04
 **********
 **   88 **SHO COR 
 **********
 PARAMETER  CORRELATION COEFFICIENTS  
       NO.  GLOBAL      1      3      4      6      8      9     10     11     13     14     16     20     21     22     23     24
        1  0.19582   1.000  0.030  0.057 -0.028  0.076  0.068  0.045 -0.031 -0.037 -0.051  0.004  0.000  0.072 -0.055  0.075  0.016
        3  0.24590   0.030  1.000 -0.102 -0.017 -0.125  0.003  0.014  0.038  0.107  0.080  0.045  0.000 -0.104  0.122  0.021 -0.032
        4  0.21713   0.057 -0.102  1.000  0.054  0.068 -0.036 -0.079 -0.060 -0.079 -0.100 -0.040  0.000  0.042 -0.026 -0.044  0.089
        6  0.10340  -0.028 -0.017  0.054  1.000  0.025 -0.053 -0.014 -0.001 -0.033 -0.031 -0.025  0.000  0.042 -0.028 -0.030  0.013
        8  0.22867   0.076 -0.125  0.068  0.025  1.000 -0.049 -0.026 -0.050 -0.082 -0.107 -0.021  0.000  0.077  0.030 -0.009  0.097
        9  0.15921   0.068  0.003 -0.036 -0.053 -0.049  1.000  0.042  0.005  0.013  0.013  0.021  0.000 -0.012  0.074  0.082  0.013
       10  0.15055   0.045  0.014 -0.079 -0.014 -0.026  0.042  1.000  0.014  0.030  0.056  0.003  0.000 -0.091  0.048  0.008 -0.006
       11  0.25112  -0.031  0.038 -0.060 -0.001 -0.050  0.005  0.014  1.000 -0.068  0.136 -0.187  0.000 -0.060  0.018 -0.016 -0.048
       13  0.38067  -0.037  0.107 -0.079 -0.033 -0.082  0.013  0.030 -0.068  1.000  0.136  0.305  0.000 -0.100  0.072  0.047 -0.078
       14  0.28561  -0.051  0.080 -0.100 -0.031 -0.107  0.013  0.056  0.136  0.136  1.000 -0.095  0.000 -0.088  0.057  0.007 -0.094
       16  0.37804   0.004  0.045 -0.040 -0.025 -0.021  0.021  0.003 -0.187  0.305 -0.095  1.000  0.000 -0.046  0.037  0.027 -0.029
       20  0.00000   0.000  0.000  0.000  0.000  0.000  0.000  0.000  0.000  0.000  0.000  0.000  1.000  0.000  0.000  0.000  0.000
       21  0.22383   0.072 -0.104  0.042  0.042  0.077 -0.012 -0.091 -0.060 -0.100 -0.088 -0.046  0.000  1.000 -0.032 -0.048  0.091
       22  0.20728  -0.055  0.122 -0.026 -0.028  0.030  0.074  0.048  0.018  0.072  0.057  0.037  0.000 -0.032  1.000  0.057 -0.071
       23  0.15276   0.075  0.021 -0.044 -0.030 -0.009  0.082  0.008 -0.016  0.047  0.007  0.027  0.000 -0.048  0.057  1.000  0.015
       24  0.19337   0.016 -0.032  0.089  0.013  0.097  0.013 -0.006 -0.048 -0.078 -0.094 -0.029  0.000  0.091 -0.071  0.015  1.000
       25  0.06046   0.014  0.006  0.018 -0.001  0.021  0.003 -0.012  0.004 -0.043  0.003 -0.009  0.000  0.007  0.001  0.018  0.016
                     1.000  0.004 -0.000  0.011
       27  0.09168  -0.020  0.002  0.026  0.020  0.011 -0.030 -0.006  0.038 -0.014 -0.005 -0.068  0.000  0.015 -0.012 -0.013  0.001
                     0.004  1.000 -0.011 -0.019
       28  0.07536   0.007  0.017 -0.033 -0.020 -0.023  0.026  0.015  0.027  0.029  0.023 -0.024  0.000 -0.024  0.019  0.016 -0.016
                    -0.000 -0.011  1.000  0.004
       30  0.09119   0.001 -0.026 -0.028 -0.005 -0.014  0.015  0.007 -0.043  0.043 -0.019  0.047  0.000 -0.007 -0.010 -0.026 -0.008
                     0.011 -0.019  0.004  1.000
 ELEMENTS ABOVE DIAGONAL ARE NOT PRINTED.
