 + ++++++++++++++++++++++++++++++++++++++++++++++++++++++++++++++++++++ +
 +                                                                      +
 +           You have chose to blind your fitting according to          +
 +                omega_ref * (1 + (R +/- deltaR) *10^{-6})             +
 +                                                                      +
 + ++++++++++++++++++++++++++++++++++++++++++++++++++++++++++++++++++++ +
In main()...
reading format from ./formats/formatB_sBin_constraintOn.txt
Parameters after format file: pBinTau 0 pBinPhi 0 constraintau 1 includeMopTerm 0 constrainMop 0 c_e_scale 0.000000 
Opening file /gm2data/tbarrett/gm2fr/studies/run23_bunch_corrections/CorrectedFourier_Run3b.root.
reading reference data from /gm2data/zkhechad/cboTemplates/Run4CBOTemplates/templateFits3_floatBoth/noRF/sBin_constraintOn_cE0.0_seed0_noRF_calo11.root (fixing 5-param to these terms)
windowBins = 69
fitting sliding window 110 from bin 246 at 36.554000 to bin 315 at 46.998000 (69 bins)

Reading data from /gm2data/cornell/histograms/aMethod/histogram_a_noRF.root
 **********
 **    1 **SET PRINTOUT            1
 **********
 **********
 **    2 **SET NOWARNINGS 
 **********
 PARAMETER DEFINITIONS:
    NO.   NAME         VALUE      STEP SIZE      LIMITS
     1 N0           3.16050e+06  1.00000e+02     no limits
     2 tau          6.43936e+01  constant
     3 A0           3.42723e-01  1.00000e-04     no limits
     4 phi          4.11796e+00  1.00000e-02     no limits
     5 R           -6.16728e+01  constant
     6 alpha_CBO    0.00000e+00  1.00000e-03     no limits
     7 w_CBO        2.32735e+00  constant
     8 beta_CBO     0.00000e+00  1.00000e-03     no limits
     9 alpha_2CBO   0.00000e+00  1.00000e-03     no limits
    10 beta_2CBO    0.00000e+00  1.00000e-03     no limits
    11 alpha_y      0.00000e+00  1.00000e-03     no limits
    12 w_y          1.38984e+01  constant
    13 beta_y       0.00000e+00  1.00000e-03     no limits
    14 alpha_vw     0.00000e+00  1.00000e-03     no limits
    15 w_vw         1.43156e+01  constant
    16 beta_vw      0.00000e+00  1.00000e-03     no limits
    17 LM          -3.91868e-04  constant
    18 zeta_y       0.00000e+00  constant
    19 zeta_vw      0.00000e+00  constant
    20 T_CBO        1.00000e+02  1.00000e+00    0.00000e+00  1.00000e+03
    21 alpha_A0     0.00000e+00  1.00000e-03     no limits
    22 beta_A0      0.00000e+00  1.00000e-03     no limits
    23 alpha_phi    0.00000e+00  1.00000e-03     no limits
    24 beta_phi     0.00000e+00  1.00000e-03     no limits
    25 alpha_vw_m_cbo   0.00000e+00  1.00000e-03     no limits
    26 w_vw_m_cbo   1.20142e+01  constant
    27 beta_vw_m_cbo   0.00000e+00  1.00000e-03     no limits
    28 alpha_vw_p_cbo   0.00000e+00  1.00000e-04     no limits
    29 w_vw_p_cbo   1.67139e+01  constant
    30 beta_vw_p_cbo   0.00000e+00  1.00000e-04     no limits
MINUIT - FIT ONLY WIGGLE
 **********
 **    3 **FIX            5
 **********
 PARAMETER    5  IS CONSTANT.   IGNORED.
 **********
 **    4 **FIX            6
 **********
 **********
 **    5 **FIX            7
 **********
 PARAMETER    7  IS CONSTANT.   IGNORED.
 **********
 **    6 **FIX            8
 **********
 **********
 **    7 **FIX            9
 **********
 **********
 **    8 **FIX           10
 **********
 **********
 **    9 **FIX           11
 **********
 **********
 **   10 **FIX           12
 **********
 PARAMETER   12  IS CONSTANT.   IGNORED.
 **********
 **   11 **FIX           13
 **********
 **********
 **   12 **FIX           14
 **********
 **********
 **   13 **FIX           15
 **********
 PARAMETER   15  IS CONSTANT.   IGNORED.
 **********
 **   14 **FIX           16
 **********
 **********
 **   15 **MIGRAD
 **********
 FIRST CALL TO USER FUNCTION AT NEW START POINT, WITH IFLAG=4.
 START MIGRAD MINIMIZATION.  STRATEGY  1.  CONVERGENCE WHEN EDM .LT. 1.00e-04
 FCN=3.10286e+08 FROM MIGRAD    STATUS=INITIATE      847 CALLS         848 TOTAL
                     EDM= unknown      STRATEGY= 1      NO ERROR MATRIX       
  EXT PARAMETER               CURRENT GUESS       STEP         FIRST   
  NO.   NAME      VALUE            ERROR          SIZE      DERIVATIVE 
   1  N0           3.16050e+06   1.00000e+02   0.00000e+00   3.92978e+02
   2  tau          6.43936e+01   constant   
   3  A0           3.42723e-01   1.00000e-04   0.00000e+00   6.04957e+07
   4  phi          4.11796e+00   1.00000e-02   0.00000e+00  -2.86072e+07
   5  R           -6.16728e+01   constant   
   6  alpha_CBO    0.00000e+00     fixed    
   7  w_CBO        2.32735e+00   constant   
   8  beta_CBO     0.00000e+00     fixed    
   9  alpha_2CBO   0.00000e+00     fixed    
  10  beta_2CBO    0.00000e+00     fixed    
  11  alpha_y      0.00000e+00     fixed    
  12  w_y          1.38984e+01   constant   
  13  beta_y       0.00000e+00     fixed    
  14  alpha_vw     0.00000e+00     fixed    
  15  w_vw         1.43156e+01   constant   
  16  beta_vw      0.00000e+00     fixed    
  17  LM          -3.91868e-04   constant   
  18  zeta_y       0.00000e+00   constant   
  19  zeta_vw      0.00000e+00   constant   
  20  T_CBO        1.00000e+02   1.00000e+00   0.00000e+00   0.00000e+00
  21  alpha_A0     0.00000e+00   1.00000e-03   0.00000e+00   3.95701e+07
  22  beta_A0      0.00000e+00   1.00000e-03   0.00000e+00   1.90045e+07
  23  alpha_phi    0.00000e+00   1.00000e-03   0.00000e+00  -1.03695e+07
  24  beta_phi     0.00000e+00   1.00000e-03   0.00000e+00   4.76569e+07
  25  alpha_vw_m_cbo   0.00000e+00   1.00000e-03   0.00000e+00   3.11063e+05
  26  w_vw_m_cbo   1.20142e+01   constant   
  27  beta_vw_m_cbo   0.00000e+00   1.00000e-03   0.00000e+00   1.03002e+07
  28  alpha_vw_p_cbo   0.00000e+00   1.00000e-04   0.00000e+00  -8.43334e+06
  29  w_vw_p_cbo   1.67139e+01   constant   
  30  beta_vw_p_cbo   0.00000e+00   1.00000e-04   0.00000e+00   4.18252e+06
 MIGRAD MINIMIZATION HAS CONVERGED.
 FCN=13766.3 FROM MIGRAD    STATUS=CONVERGED    1208 CALLS        1209 TOTAL
                     EDM=1.27236e-06    STRATEGY= 1  ERROR MATRIX UNCERTAINTY   1.8 per cent
  EXT PARAMETER                                   STEP         FIRST   
  NO.   NAME      VALUE            ERROR          SIZE      DERIVATIVE 
   1  N0           1.58076e+06   9.60107e+01  -5.50029e-01   8.23990e-07
   2  tau          6.43936e+01   constant   
   3  A0           3.44536e-01   7.97282e-05  -5.45583e-07  -6.00430e+00
   4  phi          4.11795e+00   2.31612e-04   2.67953e-07  -5.96422e-01
   5  R           -6.16728e+01   constant   
   6  alpha_CBO    0.00000e+00     fixed    
   7  w_CBO        2.32735e+00   constant   
   8  beta_CBO     0.00000e+00     fixed    
   9  alpha_2CBO   0.00000e+00     fixed    
  10  beta_2CBO    0.00000e+00     fixed    
  11  alpha_y      0.00000e+00     fixed    
  12  w_y          1.38984e+01   constant   
  13  beta_y       0.00000e+00     fixed    
  14  alpha_vw     0.00000e+00     fixed    
  15  w_vw         1.43156e+01   constant   
  16  beta_vw      0.00000e+00     fixed    
  17  LM          -3.91868e-04   constant   
  18  zeta_y       0.00000e+00   constant   
  19  zeta_vw      0.00000e+00   constant   
  20  T_CBO        1.00000e+02   5.20646e+02  -0.00000e+00   0.00000e+00
  21  alpha_A0     6.66706e-03   3.16122e-04   9.52205e-07   3.82406e+00
  22  beta_A0      4.91493e-03   3.16039e-04   3.17382e-06   4.05730e-01
  23  alpha_phi   -3.74300e-03   3.33436e-04  -7.09324e-07   1.70468e+00
  24  beta_phi     1.97712e-04   3.42525e-04   1.27573e-06   5.45598e-02
  25  alpha_vw_m_cbo   1.85553e-04   8.57505e-05   4.03043e-07  -2.06268e+01
  26  w_vw_m_cbo   1.20142e+01   constant   
  27  beta_vw_m_cbo  -1.43007e-04   9.91593e-05  -9.26910e-08  -1.13442e+01
  28  alpha_vw_p_cbo   1.29154e-04   9.00571e-05   3.13968e-08   7.94002e+00
  29  w_vw_p_cbo   1.67139e+01   constant   
  30  beta_vw_p_cbo  -2.64777e-04   8.39567e-05  -1.23200e-07  -4.55497e+00
 EXTERNAL ERROR MATRIX.    NDIM=  31    NPAR= 12    ERR DEF=1
 ELEMENTS ABOVE DIAGONAL ARE NOT PRINTED.
  9.218e+03 
 -1.005e-03  6.357e-09 
  2.515e-03  3.514e-10  5.364e-08 
  0.000e+00  0.000e+00  0.000e+00  1.800e+05 
 -6.915e-03  3.382e-09 -5.303e-09  0.000e+00  9.993e-08 
 -4.115e-03  4.107e-09  6.595e-10  0.000e+00  1.208e-08  9.988e-08 
  3.077e-03 -3.370e-09 -1.561e-09  0.000e+00 -1.018e-08 -3.173e-09  1.112e-07 
 -8.654e-03  3.119e-09 -3.912e-09  0.000e+00  1.097e-08  1.302e-08 -1.261e-08  1.173e-07 
 -2.310e-04 -3.860e-10  3.430e-09  0.000e+00  1.140e-09  6.107e-09  1.424e-09  1.312e-09  7.353e-09 
 -4.886e-04 -8.664e-10 -4.719e-09  0.000e+00  1.072e-08 -4.714e-09  4.933e-09 -3.644e-09 -4.630e-10  9.833e-09 
  4.041e-04  5.075e-10  3.436e-09  0.000e+00 -8.034e-09  2.134e-09 -4.301e-09  2.645e-09  2.284e-10 -2.378e-09  8.110e-09 
 -1.469e-04 -3.830e-10 -1.865e-09  0.000e+00  3.172e-09 -4.273e-09 -6.559e-10 -6.640e-10 -4.444e-10  1.092e-09 -7.139e-10 
 -1.469e-04 -3.830e-10 -1.865e-09  0.000e+00  3.172e-09 -4.273e-09 -6.559e-10 -6.640e-10 -4.444e-10  1.092e-09 -7.139e-10  7.049e-09 
 PARAMETER  CORRELATION COEFFICIENTS  
       NO.  GLOBAL      1      3      4     20     21     22     23     24     25     27     28     30
        1  0.36462   1.000 -0.131  0.113  0.000 -0.228 -0.136  0.096 -0.263 -0.028 -0.051  0.047 -0.018
        3  0.30001  -0.131  1.000  0.019  0.000  0.134  0.163 -0.127  0.114 -0.056 -0.110  0.071 -0.057
        4  0.32265   0.113  0.019  1.000  0.000 -0.072  0.009 -0.020 -0.049  0.173 -0.205  0.165 -0.096
       20  0.00000   0.000  0.000  0.000  1.000  0.000  0.000  0.000  0.000  0.000  0.000  0.000  0.000
       21  0.52495  -0.228  0.134 -0.072  0.000  1.000  0.121 -0.097  0.101  0.042  0.342 -0.282  0.120
       22  0.38925  -0.136  0.163  0.009  0.000  0.121  1.000 -0.030  0.120  0.225 -0.150  0.075 -0.161
       23  0.29232   0.096 -0.127 -0.020  0.000 -0.097 -0.030  1.000 -0.110  0.050  0.149 -0.143 -0.023
       24  0.33108  -0.263  0.114 -0.049  0.000  0.101  0.120 -0.110  1.000  0.045 -0.107  0.086 -0.023
       25  0.30965  -0.028 -0.056  0.173  0.000  0.042  0.225  0.050  0.045  1.000 -0.054  0.030 -0.062
       27  0.49765  -0.051 -0.110 -0.205  0.000  0.342 -0.150  0.149 -0.107 -0.054  1.000 -0.266  0.131
       28  0.40148   0.047  0.071  0.165  0.000 -0.282  0.075 -0.143  0.086  0.030 -0.266  1.000 -0.094
       30  0.24159  -0.018 -0.057 -0.096  0.000  0.120 -0.161 -0.023 -0.023 -0.062  0.131 -0.094  1.000
MINUIT - FIT ONLY 1-CBO + wiggle
 **********
 **   16 **RES 
 **********
                   PARAMETER   16  beta_vw RESTORED TO VARIABLE.
                   PARAMETER   14  alpha_vw RESTORED TO VARIABLE.
                   PARAMETER   13  beta_y RESTORED TO VARIABLE.
                   PARAMETER   11  alpha_y RESTORED TO VARIABLE.
                   PARAMETER   10  beta_2CBO RESTORED TO VARIABLE.
                   PARAMETER    9  alpha_2CBO RESTORED TO VARIABLE.
                   PARAMETER    8  beta_CBO RESTORED TO VARIABLE.
                   PARAMETER    6  alpha_CBO RESTORED TO VARIABLE.
 **********
 **   17 **FIX            8
 **********
 **********
 **   18 **FIX            9
 **********
 **********
 **   19 **FIX           11
 **********
 **********
 **   20 **FIX           12
 **********
 PARAMETER   12  IS CONSTANT.   IGNORED.
 **********
 **   21 **FIX           14
 **********
 **********
 **   22 **FIX           15
 **********
 PARAMETER   15  IS CONSTANT.   IGNORED.
 **********
 **   23 **FIX           16
 **********
 **********
 **   24 **MIGRAD
 **********
 START MIGRAD MINIMIZATION.  STRATEGY  1.  CONVERGENCE WHEN EDM .LT. 1.00e-04
 FCN=13766.3 FROM MIGRAD    STATUS=INITIATE     1225 CALLS        2434 TOTAL
                     EDM= unknown      STRATEGY= 1      NO ERROR MATRIX       
  EXT PARAMETER               CURRENT GUESS       STEP         FIRST   
  NO.   NAME      VALUE            ERROR          SIZE      DERIVATIVE 
   1  N0           1.58076e+06   9.60107e+01   0.00000e+00   8.23992e-07
   2  tau          6.43936e+01   constant   
   3  A0           3.44536e-01   7.97282e-05   0.00000e+00  -6.00430e+00
   4  phi          4.11795e+00   2.31612e-04   0.00000e+00  -5.96416e-01
   5  R           -6.16728e+01   constant   
   6  alpha_CBO    0.00000e+00   1.00000e-03   0.00000e+00  -1.26542e+06
   7  w_CBO        2.32735e+00   constant   
   8  beta_CBO     0.00000e+00     fixed    
   9  alpha_2CBO   0.00000e+00     fixed    
  10  beta_2CBO    0.00000e+00   1.00000e-03   0.00000e+00   2.56619e+04
  11  alpha_y      0.00000e+00     fixed    
  12  w_y          1.38984e+01   constant   
  13  beta_y       0.00000e+00   1.00000e-03   0.00000e+00  -2.38712e+05
  14  alpha_vw     0.00000e+00     fixed    
  15  w_vw         1.43156e+01   constant   
  16  beta_vw      0.00000e+00     fixed    
  17  LM          -3.91868e-04   constant   
  18  zeta_y       0.00000e+00   constant   
  19  zeta_vw      0.00000e+00   constant   
  20  T_CBO        1.00000e+02   5.20646e+02   0.00000e+00   0.00000e+00
  21  alpha_A0     6.66706e-03   3.16122e-04   0.00000e+00   3.82406e+00
  22  beta_A0      4.91493e-03   3.16039e-04   0.00000e+00   4.05733e-01
  23  alpha_phi   -3.74300e-03   3.33436e-04   0.00000e+00   1.70470e+00
  24  beta_phi     1.97712e-04   3.42525e-04   0.00000e+00   5.45697e-02
  25  alpha_vw_m_cbo   1.85553e-04   8.57505e-05   0.00000e+00  -2.06268e+01
  26  w_vw_m_cbo   1.20142e+01   constant   
  27  beta_vw_m_cbo  -1.43007e-04   9.91593e-05   0.00000e+00  -1.13442e+01
  28  alpha_vw_p_cbo   1.29154e-04   9.00571e-05   0.00000e+00   7.94001e+00
  29  w_vw_p_cbo   1.67139e+01   constant   
  30  beta_vw_p_cbo  -2.64777e-04   8.39567e-05   0.00000e+00  -4.55496e+00
 MIGRAD MINIMIZATION HAS CONVERGED.
 FCN=1956.77 FROM MIGRAD    STATUS=CONVERGED    1447 CALLS        2656 TOTAL
                     EDM=1.07785e-06    STRATEGY= 1  ERROR MATRIX UNCERTAINTY   1.2 per cent
  EXT PARAMETER                                   STEP         FIRST   
  NO.   NAME      VALUE            ERROR          SIZE      DERIVATIVE 
   1  N0           1.58019e+06   9.64940e+01   4.91234e-02   1.42458e-06
   2  tau          6.43936e+01   constant   
   3  A0           3.42819e-01   8.33609e-05   2.81760e-08   4.66485e+00
   4  phi          4.11894e+00   2.43198e-04  -3.56722e-08  -3.78798e+00
   5  R           -6.16728e+01   constant   
   6  alpha_CBO    1.80079e-02   1.68414e-04   1.86755e-09   2.05825e-01
   7  w_CBO        2.32735e+00   constant   
   8  beta_CBO     0.00000e+00     fixed    
   9  alpha_2CBO   0.00000e+00     fixed    
  10  beta_2CBO    2.62412e-04   1.64754e-04   7.81251e-07   1.34588e+00
  11  alpha_y      0.00000e+00     fixed    
  12  w_y          1.38984e+01   constant   
  13  beta_y       3.55620e-03   1.62001e-04   3.31827e-08  -1.43678e+00
  14  alpha_vw     0.00000e+00     fixed    
  15  w_vw         1.43156e+01   constant   
  16  beta_vw      0.00000e+00     fixed    
  17  LM          -3.91868e-04   constant   
  18  zeta_y       0.00000e+00   constant   
  19  zeta_vw      0.00000e+00   constant   
  20  T_CBO        1.00000e+02   5.20646e+02  -0.00000e+00   0.00000e+00
  21  alpha_A0     4.88848e-03   3.39014e-04  -2.07315e-07  -5.11935e-01
  22  beta_A0      3.94785e-03   3.34556e-04  -1.86047e-07   3.45942e+00
  23  alpha_phi    2.60925e-04   3.56255e-04  -3.39723e-07   3.82226e+00
  24  beta_phi     8.48740e-04   3.46380e-04   2.14316e-08  -2.49022e-01
  25  alpha_vw_m_cbo   2.59166e-04   1.59382e-04   7.06979e-08   1.11759e+00
  26  w_vw_m_cbo   1.20142e+01   constant   
  27  beta_vw_m_cbo   4.78581e-04   1.61705e-04   2.15521e-07   1.86784e+00
  28  alpha_vw_p_cbo  -6.17283e-04   1.59341e-04   1.72915e-08   3.36596e-01
  29  w_vw_p_cbo   1.67139e+01   constant   
  30  beta_vw_p_cbo   1.08067e-05   1.61179e-04  -1.46573e-08  -8.56799e-01
 EXTERNAL ERROR MATRIX.    NDIM=  31    NPAR= 15    ERR DEF=1
 ELEMENTS ABOVE DIAGONAL ARE NOT PRINTED.
  9.311e+03 
 -9.936e-04  6.949e-09 
  2.154e-03  8.937e-10  5.915e-08 
 -9.503e-04 -2.658e-09  1.564e-09  2.836e-08 
 -4.764e-04  3.531e-11  2.433e-09  9.073e-10  2.714e-08 
 -3.012e-04 -2.718e-10 -2.606e-10  6.814e-10  2.943e-10  2.624e-08 
  0.000e+00  0.000e+00  0.000e+00  0.000e+00  0.000e+00  0.000e+00  1.800e+05 
 -7.047e-03  2.222e-09 -9.291e-09 -2.683e-09 -2.811e-09 -5.987e-10  0.000e+00  1.149e-07 
 -3.349e-03  3.589e-09  7.302e-10 -1.403e-09 -6.355e-09 -8.001e-10  0.000e+00  5.846e-09  1.119e-07 
  2.525e-03 -3.051e-09 -3.171e-09  6.185e-09 -9.701e-09 -1.247e-10  0.000e+00 -6.032e-09 -7.506e-09  1.269e-07 
 -8.608e-03  3.464e-09 -1.755e-09  9.216e-10  1.878e-09  1.032e-09  0.000e+00  7.415e-09  1.299e-08 -1.412e-08  1.200e-07 
 -5.105e-05  1.775e-10  8.647e-10  1.100e-10 -1.403e-10  6.244e-12  0.000e+00 -7.359e-10  2.193e-10 -1.327e-09  4.635e-10 
 -5.105e-05  1.775e-10  8.647e-10  1.100e-10 -1.403e-10  6.244e-12  0.000e+00 -7.359e-10  2.193e-10 -1.327e-09  4.635e-10  2.540e-08 
 -3.868e-04 -3.086e-10  5.987e-10  9.311e-10  4.432e-10  3.821e-10  0.000e+00 -2.332e-11 -1.765e-09 -1.717e-09  1.949e-10 
 -3.868e-04 -3.086e-10  5.987e-10  9.311e-10  4.432e-10  3.821e-10  0.000e+00 -2.332e-11 -1.765e-09 -1.717e-09  1.949e-10 -9.688e-11  2.615e-08 
  3.730e-04  1.198e-10  6.399e-11 -1.131e-09 -6.145e-10 -3.511e-10  0.000e+00 -1.576e-10 -3.086e-10 -2.065e-10  1.441e-10 
  3.730e-04  1.198e-10  6.399e-11 -1.131e-09 -6.145e-10 -3.511e-10  0.000e+00 -1.576e-10 -3.086e-10 -2.065e-10  1.441e-10 -4.488e-11 -1.397e-10  2.539e-08 
 -1.529e-04 -1.384e-10 -2.700e-10  4.142e-10  5.730e-10  1.823e-10  0.000e+00  3.515e-10 -1.068e-10  3.655e-10 -1.939e-10 
 -1.529e-04 -1.384e-10 -2.700e-10  4.142e-10  5.730e-10  1.823e-10  0.000e+00  3.515e-10 -1.068e-10  3.655e-10 -1.939e-10  1.088e-11  1.475e-10  3.389e-11  2.598e-08 
 PARAMETER  CORRELATION COEFFICIENTS  
       NO.  GLOBAL      1      3      4      6     10     13     20     21     22     23     24     25     27     28     30
        1  0.36282   1.000 -0.124  0.092 -0.058 -0.030 -0.019  0.000 -0.215 -0.104  0.073 -0.258 -0.003 -0.025  0.024 -0.010
        3  0.28737  -0.124  1.000  0.044 -0.189  0.003 -0.020  0.000  0.079  0.129 -0.103  0.120  0.013 -0.023  0.009 -0.010
        4  0.17185   0.092  0.044  1.000  0.038  0.061 -0.007  0.000 -0.113  0.009 -0.037 -0.021  0.022  0.015  0.002 -0.007
        6  0.24672  -0.058 -0.189  0.038  1.000  0.033  0.025  0.000 -0.047 -0.025  0.103  0.016  0.004  0.034 -0.042  0.015
       10  0.23193  -0.030  0.003  0.061  0.033  1.000  0.011  0.000 -0.050 -0.115 -0.165  0.033 -0.005  0.017 -0.023  0.022
       13  0.04861  -0.019 -0.020 -0.007  0.025  0.011  1.000  0.000 -0.011 -0.015 -0.002  0.018  0.000  0.015 -0.014  0.007
       20  0.00000   0.000  0.000  0.000  0.000  0.000  0.000  1.000  0.000  0.000  0.000  0.000  0.000  0.000  0.000  0.000
       21  0.25495  -0.215  0.079 -0.113 -0.047 -0.050 -0.011  0.000  1.000  0.052 -0.050  0.063 -0.014 -0.000 -0.003  0.006
       22  0.22413  -0.104  0.129  0.009 -0.025 -0.115 -0.015  0.000  0.052  1.000 -0.063  0.112  0.004 -0.033 -0.006 -0.002
       23  0.25536   0.073 -0.103 -0.037  0.103 -0.165 -0.002  0.000 -0.050 -0.063  1.000 -0.114 -0.023 -0.030 -0.004  0.006
       24  0.29781  -0.258  0.120 -0.021  0.016  0.033  0.018  0.000  0.063  0.112 -0.114  1.000  0.008  0.003  0.003 -0.003
       25  0.03928  -0.003  0.013  0.022  0.004 -0.005  0.000  0.000 -0.014  0.004 -0.023  0.008  1.000 -0.004 -0.002  0.000
       27  0.06967  -0.025 -0.023  0.015  0.034  0.017  0.015  0.000 -0.000 -0.033 -0.030  0.003 -0.004  1.000 -0.005  0.006
       28  0.05555   0.024  0.009  0.002 -0.042 -0.023 -0.014  0.000 -0.003 -0.006 -0.004  0.003 -0.002 -0.005  1.000  0.001
       30  0.03314  -0.010 -0.010 -0.007  0.015  0.022  0.007  0.000  0.006 -0.002  0.006 -0.003  0.000  0.006  0.001  1.000
MINUIT - FIT ONLY 2-CBO
 **********
 **   25 **RES 
 **********
                   PARAMETER   16  beta_vw RESTORED TO VARIABLE.
                   PARAMETER   14  alpha_vw RESTORED TO VARIABLE.
                   PARAMETER   11  alpha_y RESTORED TO VARIABLE.
                   PARAMETER    9  alpha_2CBO RESTORED TO VARIABLE.
                   PARAMETER    8  beta_CBO RESTORED TO VARIABLE.
 **********
 **   26 **FIX            0
 **********
 PARAMETER    0  IS UNDEFINED. IGNORED.
 **********
 **   27 **FIX            1
 **********
 **********
 **   28 **FIX            2
 **********
 PARAMETER    2  IS CONSTANT.   IGNORED.
 **********
 **   29 **FIX            3
 **********
 **********
 **   30 **FIX            4
 **********
 **********
 **   31 **FIX            5
 **********
 PARAMETER    5  IS CONSTANT.   IGNORED.
 **********
 **   32 **FIX            6
 **********
 **********
 **   33 **FIX            7
 **********
 PARAMETER    7  IS CONSTANT.   IGNORED.
 **********
 **   34 **FIX           10
 **********
 **********
 **   35 **FIX           11
 **********
 **********
 **   36 **FIX           12
 **********
 PARAMETER   12  IS CONSTANT.   IGNORED.
 **********
 **   37 **FIX           13
 **********
 **********
 **   38 **FIX           14
 **********
 **********
 **   39 **FIX           15
 **********
 PARAMETER   15  IS CONSTANT.   IGNORED.
 **********
 **   40 **FIX           16
 **********
 **********
 **   41 **MIGRAD
 **********
 START MIGRAD MINIMIZATION.  STRATEGY  1.  CONVERGENCE WHEN EDM .LT. 1.00e-04
 FCN=1956.77 FROM MIGRAD    STATUS=INITIATE      719 CALLS        3375 TOTAL
                     EDM= unknown      STRATEGY= 1      NO ERROR MATRIX       
  EXT PARAMETER               CURRENT GUESS       STEP         FIRST   
  NO.   NAME      VALUE            ERROR          SIZE      DERIVATIVE 
   1  N0           1.58019e+06     fixed    
   2  tau          6.43936e+01   constant   
   3  A0           3.42819e-01     fixed    
   4  phi          4.11894e+00     fixed    
   5  R           -6.16728e+01   constant   
   6  alpha_CBO    1.80079e-02     fixed    
   7  w_CBO        2.32735e+00   constant   
   8  beta_CBO     0.00000e+00   1.00000e-03   0.00000e+00  -1.48526e+05
   9  alpha_2CBO   0.00000e+00   1.00000e-03   0.00000e+00   2.61998e+04
  10  beta_2CBO    2.62412e-04     fixed    
  11  alpha_y      0.00000e+00     fixed    
  12  w_y          1.38984e+01   constant   
  13  beta_y       3.55620e-03     fixed    
  14  alpha_vw     0.00000e+00     fixed    
  15  w_vw         1.43156e+01   constant   
  16  beta_vw      0.00000e+00     fixed    
  17  LM          -3.91868e-04   constant   
  18  zeta_y       0.00000e+00   constant   
  19  zeta_vw      0.00000e+00   constant   
  20  T_CBO        1.00000e+02   5.20646e+02   0.00000e+00   0.00000e+00
  21  alpha_A0     4.88848e-03   3.39014e-04   0.00000e+00  -5.11934e-01
  22  beta_A0      3.94785e-03   3.34556e-04   0.00000e+00   3.45943e+00
  23  alpha_phi    2.60925e-04   3.56255e-04   0.00000e+00   3.82227e+00
  24  beta_phi     8.48740e-04   3.46380e-04   0.00000e+00  -2.49045e-01
  25  alpha_vw_m_cbo   2.59166e-04   1.59382e-04   0.00000e+00   1.11759e+00
  26  w_vw_m_cbo   1.20142e+01   constant   
  27  beta_vw_m_cbo   4.78581e-04   1.61705e-04   0.00000e+00   1.86784e+00
  28  alpha_vw_p_cbo  -6.17283e-04   1.59341e-04   0.00000e+00   3.36594e-01
  29  w_vw_p_cbo   1.67139e+01   constant   
  30  beta_vw_p_cbo   1.08067e-05   1.61179e-04   0.00000e+00  -8.56804e-01
 MIGRAD MINIMIZATION HAS CONVERGED.
 MIGRAD WILL VERIFY CONVERGENCE AND ERROR MATRIX.
  MNHESS FAILS AND WILL RETURN DIAGONAL MATRIX. 
 FCN=1813.65 FROM MIGRAD    STATUS=CONVERGED     819 CALLS        3475 TOTAL
                     EDM=5.26574e-06    STRATEGY= 1  ERROR MATRIX UNCERTAINTY 100.0 per cent
  EXT PARAMETER                APPROXIMATE        STEP         FIRST   
  NO.   NAME      VALUE            ERROR          SIZE      DERIVATIVE 
   1  N0           1.58019e+06     fixed    
   2  tau          6.43936e+01   constant   
   3  A0           3.42819e-01     fixed    
   4  phi          4.11894e+00     fixed    
   5  R           -6.16728e+01   constant   
   6  alpha_CBO    1.80079e-02     fixed    
   7  w_CBO        2.32735e+00   constant   
   8  beta_CBO     1.87190e-03   1.57691e-04   3.27999e-06  -4.34295e+00
   9  alpha_2CBO  -3.14065e-04   1.60668e-04   3.34192e-06  -1.96237e+01
  10  beta_2CBO    2.62412e-04     fixed    
  11  alpha_y      0.00000e+00     fixed    
  12  w_y          1.38984e+01   constant   
  13  beta_y       3.55620e-03     fixed    
  14  alpha_vw     0.00000e+00     fixed    
  15  w_vw         1.43156e+01   constant   
  16  beta_vw      0.00000e+00     fixed    
  17  LM          -3.91868e-04   constant   
  18  zeta_y       0.00000e+00   constant   
  19  zeta_vw      0.00000e+00   constant   
  20  T_CBO        1.00000e+02   7.59439e+02  -0.00000e+00   0.00000e+00
  21  alpha_A0     4.94337e-03   3.24268e-04  -3.24106e-06  -4.93049e+00
  22  beta_A0      3.57754e-03   3.15480e-04   6.02988e-07  -3.96256e+00
  23  alpha_phi    3.39996e-04   3.35911e-04   1.35328e-06  -1.56013e+00
  24  beta_phi     1.07657e-03   3.30494e-04   1.71234e-06  -1.79426e+00
  25  alpha_vw_m_cbo   2.76470e-04   1.59293e-04   4.60383e-08  -2.12310e+00
  26  w_vw_m_cbo   1.20142e+01   constant   
  27  beta_vw_m_cbo   4.62075e-04   1.61578e-04   1.05872e-07   1.32963e+00
  28  alpha_vw_p_cbo  -6.09132e-04   1.59546e-04  -1.10528e-08  -3.24822e-02
  29  w_vw_p_cbo   1.67139e+01   constant   
  30  beta_vw_p_cbo  -1.13659e-05   1.61314e-04   8.41603e-08   6.35633e-01
 EXTERNAL ERROR MATRIX.    NDIM=  31    NPAR= 11    ERR DEF=1
  2.487e-08 
  0.000e+00  2.581e-08 
  0.000e+00  0.000e+00  5.421e+05 
  0.000e+00  0.000e+00  0.000e+00  1.051e-07 
  0.000e+00  0.000e+00  0.000e+00  0.000e+00  9.953e-08 
  0.000e+00  0.000e+00  0.000e+00  0.000e+00  0.000e+00  1.128e-07 
  0.000e+00  0.000e+00  0.000e+00  0.000e+00  0.000e+00  0.000e+00  1.092e-07 
  0.000e+00  0.000e+00  0.000e+00  0.000e+00  0.000e+00  0.000e+00  0.000e+00  2.537e-08 
  0.000e+00  0.000e+00  0.000e+00  0.000e+00  0.000e+00  0.000e+00  0.000e+00  0.000e+00  2.611e-08 
  0.000e+00  0.000e+00  0.000e+00  0.000e+00  0.000e+00  0.000e+00  0.000e+00  0.000e+00  0.000e+00  2.545e-08 
  0.000e+00  0.000e+00  0.000e+00  0.000e+00  0.000e+00  0.000e+00  0.000e+00  0.000e+00  0.000e+00  0.000e+00  2.602e-08 
ERR MATRIX APPROXIMATE
 PARAMETER  CORRELATION COEFFICIENTS  
       NO.  GLOBAL      8      9     20     21     22     23     24     25     27     28     30
        8  0.00000   1.000  0.000  0.000  0.000  0.000  0.000  0.000  0.000  0.000  0.000  0.000
        9  0.00000   0.000  1.000  0.000  0.000  0.000  0.000  0.000  0.000  0.000  0.000  0.000
       20  0.00000   0.000  0.000  1.000  0.000  0.000  0.000  0.000  0.000  0.000  0.000  0.000
       21  0.00000   0.000  0.000  0.000  1.000  0.000  0.000  0.000  0.000  0.000  0.000  0.000
       22  0.00000   0.000  0.000  0.000  0.000  1.000  0.000  0.000  0.000  0.000  0.000  0.000
       23  0.00000   0.000  0.000  0.000  0.000  0.000  1.000  0.000  0.000  0.000  0.000  0.000
       24  0.00000   0.000  0.000  0.000  0.000  0.000  0.000  1.000  0.000  0.000  0.000  0.000
       25  0.00000   0.000  0.000  0.000  0.000  0.000  0.000  0.000  1.000  0.000  0.000  0.000
       27  0.00000   0.000  0.000  0.000  0.000  0.000  0.000  0.000  0.000  1.000  0.000  0.000
       28  0.00000   0.000  0.000  0.000  0.000  0.000  0.000  0.000  0.000  0.000  1.000  0.000
       30  0.00000   0.000  0.000  0.000  0.000  0.000  0.000  0.000  0.000  0.000  0.000  1.000
 ERR MATRIX APPROXIMATE
MINUIT - FIT wiggle + 1-CBO + 2-CBO
 **********
 **   42 **RES 
 **********
                   PARAMETER   16  beta_vw RESTORED TO VARIABLE.
                   PARAMETER   14  alpha_vw RESTORED TO VARIABLE.
                   PARAMETER   13  beta_y RESTORED TO VARIABLE.
                   PARAMETER   11  alpha_y RESTORED TO VARIABLE.
                   PARAMETER   10  beta_2CBO RESTORED TO VARIABLE.
                   PARAMETER    6  alpha_CBO RESTORED TO VARIABLE.
                   PARAMETER    4  phi RESTORED TO VARIABLE.
                   PARAMETER    3  A0 RESTORED TO VARIABLE.
                   PARAMETER    1  N0 RESTORED TO VARIABLE.
 **********
 **   43 **FIX           10
 **********
 **********
 **   44 **FIX           11
 **********
 **********
 **   45 **FIX           12
 **********
 PARAMETER   12  IS CONSTANT.   IGNORED.
 **********
 **   46 **FIX           13
 **********
 **********
 **   47 **FIX           14
 **********
 **********
 **   48 **FIX           15
 **********
 PARAMETER   15  IS CONSTANT.   IGNORED.
 **********
 **   49 **FIX           16
 **********
 **********
 **   50 **MIGRAD
 **********
 START MIGRAD MINIMIZATION.  STRATEGY  1.  CONVERGENCE WHEN EDM .LT. 1.00e-04
 FCN=1813.65 FROM MIGRAD    STATUS=INITIATE     1219 CALLS        4694 TOTAL
                     EDM= unknown      STRATEGY= 1      NO ERROR MATRIX       
  EXT PARAMETER               CURRENT GUESS       STEP         FIRST   
  NO.   NAME      VALUE            ERROR          SIZE      DERIVATIVE 
   1  N0           1.58019e+06   9.64940e+01   0.00000e+00  -1.16301e-03
   2  tau          6.43936e+01   constant   
   3  A0           3.42819e-01   8.33609e-05   0.00000e+00   3.17742e+04
   4  phi          4.11894e+00   2.43198e-04   0.00000e+00   2.32609e+04
   5  R           -6.16728e+01   constant   
   6  alpha_CBO    1.80079e-02   1.68414e-04   0.00000e+00   1.36908e+03
   7  w_CBO        2.32735e+00   constant   
   8  beta_CBO     1.87190e-03   1.57691e-04   0.00000e+00  -4.34296e+00
   9  alpha_2CBO  -3.14065e-04   1.60668e-04   0.00000e+00  -1.96237e+01
  10  beta_2CBO    2.62412e-04     fixed    
  11  alpha_y      0.00000e+00     fixed    
  12  w_y          1.38984e+01   constant   
  13  beta_y       3.55620e-03     fixed    
  14  alpha_vw     0.00000e+00     fixed    
  15  w_vw         1.43156e+01   constant   
  16  beta_vw      0.00000e+00     fixed    
  17  LM          -3.91868e-04   constant   
  18  zeta_y       0.00000e+00   constant   
  19  zeta_vw      0.00000e+00   constant   
  20  T_CBO        1.00000e+02   7.59439e+02   0.00000e+00   0.00000e+00
  21  alpha_A0     4.94337e-03   3.24268e-04   0.00000e+00  -4.93049e+00
  22  beta_A0      3.57754e-03   3.15480e-04   0.00000e+00  -3.96256e+00
  23  alpha_phi    3.39996e-04   3.35911e-04   0.00000e+00  -1.56014e+00
  24  beta_phi     1.07657e-03   3.30494e-04   0.00000e+00  -1.79428e+00
  25  alpha_vw_m_cbo   2.76470e-04   1.59293e-04   0.00000e+00  -2.12311e+00
  26  w_vw_m_cbo   1.20142e+01   constant   
  27  beta_vw_m_cbo   4.62075e-04   1.61578e-04   0.00000e+00   1.32963e+00
  28  alpha_vw_p_cbo  -6.09132e-04   1.59546e-04   0.00000e+00  -3.24902e-02
  29  w_vw_p_cbo   1.67139e+01   constant   
  30  beta_vw_p_cbo  -1.13659e-05   1.61314e-04   0.00000e+00   6.35633e-01
 MIGRAD MINIMIZATION HAS CONVERGED.
 MIGRAD WILL VERIFY CONVERGENCE AND ERROR MATRIX.
  MNHESS FAILS AND WILL RETURN DIAGONAL MATRIX. 
 FCN=1803.29 FROM MIGRAD    STATUS=CONVERGED    1392 CALLS        4867 TOTAL
                     EDM=2.96681e-06    STRATEGY= 1  ERROR MATRIX UNCERTAINTY 100.0 per cent
  EXT PARAMETER                APPROXIMATE        STEP         FIRST   
  NO.   NAME      VALUE            ERROR          SIZE      DERIVATIVE 
   1  N0           1.58018e+06   8.95741e+01   1.85761e+00  -6.77636e-06
   2  tau          6.43936e+01   constant   
   3  A0           3.42701e-01   7.75578e-05   1.60860e-06  -5.93180e+00
   4  phi          4.11821e+00   2.35643e-04   4.88740e-06  -2.39361e+00
   5  R           -6.16728e+01   constant   
   6  alpha_CBO    1.80140e-02   1.63300e-04   3.38696e-06   6.93420e+00
   7  w_CBO        2.32735e+00   constant   
   8  beta_CBO     2.00803e-03   1.57691e-04   3.27063e-06  -5.14833e+00
   9  alpha_2CBO  -3.32795e-04   1.60668e-04   3.33237e-06   8.98361e-01
  10  beta_2CBO    2.62412e-04     fixed    
  11  alpha_y      0.00000e+00     fixed    
  12  w_y          1.38984e+01   constant   
  13  beta_y       3.55620e-03     fixed    
  14  alpha_vw     0.00000e+00     fixed    
  15  w_vw         1.43156e+01   constant   
  16  beta_vw      0.00000e+00     fixed    
  17  LM          -3.91868e-04   constant   
  18  zeta_y       0.00000e+00   constant   
  19  zeta_vw      0.00000e+00   constant   
  20  T_CBO        1.00000e+02   9.44762e+02  -0.00000e+00   0.00000e+00
  21  alpha_A0     5.04115e-03   3.24382e-04  -2.23392e-07   5.53789e+00
  22  beta_A0      3.42961e-03   3.15571e-04  -2.51361e-07   3.41804e+00
  23  alpha_phi    4.81701e-04   3.35973e-04   1.69316e-06   1.04723e+00
  24  beta_phi     1.06298e-03   3.30591e-04  -1.23048e-06   1.30943e+00
  25  alpha_vw_m_cbo   2.64736e-04   1.59292e-04   2.81949e-08   2.70933e+00
  26  w_vw_m_cbo   1.20142e+01   constant   
  27  beta_vw_m_cbo   4.59732e-04   1.61577e-04   2.15164e-07   5.57318e+00
  28  alpha_vw_p_cbo  -6.04239e-04   1.59546e-04  -1.67321e-07  -5.67782e+00
  29  w_vw_p_cbo   1.67139e+01   constant   
  30  beta_vw_p_cbo  -8.64805e-06   1.61313e-04   1.57566e-07   2.40992e+00
 EXTERNAL ERROR MATRIX.    NDIM=  31    NPAR= 15    ERR DEF=1
 ELEMENTS ABOVE DIAGONAL ARE NOT PRINTED.
  8.024e+03 
  0.000e+00  6.015e-09 
  0.000e+00  0.000e+00  5.553e-08 
  0.000e+00  0.000e+00  0.000e+00  2.667e-08 
  0.000e+00  0.000e+00  0.000e+00  0.000e+00  2.487e-08 
  0.000e+00  0.000e+00  0.000e+00  0.000e+00  0.000e+00  2.581e-08 
  0.000e+00  0.000e+00  0.000e+00  0.000e+00  0.000e+00  0.000e+00  1.153e+06 
  0.000e+00  0.000e+00  0.000e+00  0.000e+00  0.000e+00  0.000e+00  0.000e+00  1.052e-07 
  0.000e+00  0.000e+00  0.000e+00  0.000e+00  0.000e+00  0.000e+00  0.000e+00  0.000e+00  9.959e-08 
  0.000e+00  0.000e+00  0.000e+00  0.000e+00  0.000e+00  0.000e+00  0.000e+00  0.000e+00  0.000e+00  1.129e-07 
  0.000e+00  0.000e+00  0.000e+00  0.000e+00  0.000e+00  0.000e+00  0.000e+00  0.000e+00  0.000e+00  0.000e+00  1.093e-07 
  0.000e+00  0.000e+00  0.000e+00  0.000e+00  0.000e+00  0.000e+00  0.000e+00  0.000e+00  0.000e+00  0.000e+00  0.000e+00 
  0.000e+00  0.000e+00  0.000e+00  0.000e+00  0.000e+00  0.000e+00  0.000e+00  0.000e+00  0.000e+00  0.000e+00  0.000e+00  2.537e-08 
  0.000e+00  0.000e+00  0.000e+00  0.000e+00  0.000e+00  0.000e+00  0.000e+00  0.000e+00  0.000e+00  0.000e+00  0.000e+00 
  0.000e+00  0.000e+00  0.000e+00  0.000e+00  0.000e+00  0.000e+00  0.000e+00  0.000e+00  0.000e+00  0.000e+00  0.000e+00  0.000e+00  2.611e-08 
  0.000e+00  0.000e+00  0.000e+00  0.000e+00  0.000e+00  0.000e+00  0.000e+00  0.000e+00  0.000e+00  0.000e+00  0.000e+00 
  0.000e+00  0.000e+00  0.000e+00  0.000e+00  0.000e+00  0.000e+00  0.000e+00  0.000e+00  0.000e+00  0.000e+00  0.000e+00  0.000e+00  0.000e+00  2.545e-08 
  0.000e+00  0.000e+00  0.000e+00  0.000e+00  0.000e+00  0.000e+00  0.000e+00  0.000e+00  0.000e+00  0.000e+00  0.000e+00 
  0.000e+00  0.000e+00  0.000e+00  0.000e+00  0.000e+00  0.000e+00  0.000e+00  0.000e+00  0.000e+00  0.000e+00  0.000e+00  0.000e+00  0.000e+00  0.000e+00  2.602e-08 
ERR MATRIX APPROXIMATE
 PARAMETER  CORRELATION COEFFICIENTS  
       NO.  GLOBAL      1      3      4      6      8      9     20     21     22     23     24     25     27     28     30
        1  0.00000   1.000  0.000  0.000  0.000  0.000  0.000  0.000  0.000  0.000  0.000  0.000  0.000  0.000  0.000  0.000
        3  0.00000   0.000  1.000  0.000  0.000  0.000  0.000  0.000  0.000  0.000  0.000  0.000  0.000  0.000  0.000  0.000
        4  0.00000   0.000  0.000  1.000  0.000  0.000  0.000  0.000  0.000  0.000  0.000  0.000  0.000  0.000  0.000  0.000
        6  0.00000   0.000  0.000  0.000  1.000  0.000  0.000  0.000  0.000  0.000  0.000  0.000  0.000  0.000  0.000  0.000
        8  0.00000   0.000  0.000  0.000  0.000  1.000  0.000  0.000  0.000  0.000  0.000  0.000  0.000  0.000  0.000  0.000
        9  0.00000   0.000  0.000  0.000  0.000  0.000  1.000  0.000  0.000  0.000  0.000  0.000  0.000  0.000  0.000  0.000
       20  0.00000   0.000  0.000  0.000  0.000  0.000  0.000  1.000  0.000  0.000  0.000  0.000  0.000  0.000  0.000  0.000
       21  0.00000   0.000  0.000  0.000  0.000  0.000  0.000  0.000  1.000  0.000  0.000  0.000  0.000  0.000  0.000  0.000
       22  0.00000   0.000  0.000  0.000  0.000  0.000  0.000  0.000  0.000  1.000  0.000  0.000  0.000  0.000  0.000  0.000
       23  0.00000   0.000  0.000  0.000  0.000  0.000  0.000  0.000  0.000  0.000  1.000  0.000  0.000  0.000  0.000  0.000
       24  0.00000   0.000  0.000  0.000  0.000  0.000  0.000  0.000  0.000  0.000  0.000  1.000  0.000  0.000  0.000  0.000
       25  0.00000   0.000  0.000  0.000  0.000  0.000  0.000  0.000  0.000  0.000  0.000  0.000  1.000  0.000  0.000  0.000
       27  0.00000   0.000  0.000  0.000  0.000  0.000  0.000  0.000  0.000  0.000  0.000  0.000  0.000  1.000  0.000  0.000
       28  0.00000   0.000  0.000  0.000  0.000  0.000  0.000  0.000  0.000  0.000  0.000  0.000  0.000  0.000  1.000  0.000
       30  0.00000   0.000  0.000  0.000  0.000  0.000  0.000  0.000  0.000  0.000  0.000  0.000  0.000  0.000  0.000  1.000
 ERR MATRIX APPROXIMATE
MINUIT - FIT ONLY 1-y
 **********
 **   51 **RES 
 **********
                   PARAMETER   16  beta_vw RESTORED TO VARIABLE.
                   PARAMETER   14  alpha_vw RESTORED TO VARIABLE.
                   PARAMETER   13  beta_y RESTORED TO VARIABLE.
                   PARAMETER   11  alpha_y RESTORED TO VARIABLE.
                   PARAMETER   10  beta_2CBO RESTORED TO VARIABLE.
 **********
 **   52 **FIX            0
 **********
 PARAMETER    0  IS UNDEFINED. IGNORED.
 **********
 **   53 **FIX            1
 **********
 **********
 **   54 **FIX            2
 **********
 PARAMETER    2  IS CONSTANT.   IGNORED.
 **********
 **   55 **FIX            3
 **********
 **********
 **   56 **FIX            4
 **********
 **********
 **   57 **FIX            5
 **********
 PARAMETER    5  IS CONSTANT.   IGNORED.
 **********
 **   58 **FIX            6
 **********
 **********
 **   59 **FIX            7
 **********
 PARAMETER    7  IS CONSTANT.   IGNORED.
 **********
 **   60 **FIX            8
 **********
 **********
 **   61 **FIX            9
 **********
 **********
 **   62 **FIX           13
 **********
 **********
 **   63 **FIX           14
 **********
 **********
 **   64 **FIX           15
 **********
 PARAMETER   15  IS CONSTANT.   IGNORED.
 **********
 **   65 **FIX           16
 **********
 **********
 **   66 **MIGRAD
 **********
 START MIGRAD MINIMIZATION.  STRATEGY  1.  CONVERGENCE WHEN EDM .LT. 1.00e-04
 FCN=1803.29 FROM MIGRAD    STATUS=INITIATE      717 CALLS        5584 TOTAL
                     EDM= unknown      STRATEGY= 1      NO ERROR MATRIX       
  EXT PARAMETER               CURRENT GUESS       STEP         FIRST   
  NO.   NAME      VALUE            ERROR          SIZE      DERIVATIVE 
   1  N0           1.58018e+06     fixed    
   2  tau          6.43936e+01   constant   
   3  A0           3.42701e-01     fixed    
   4  phi          4.11821e+00     fixed    
   5  R           -6.16728e+01   constant   
   6  alpha_CBO    1.80140e-02     fixed    
   7  w_CBO        2.32735e+00   constant   
   8  beta_CBO     2.00803e-03     fixed    
   9  alpha_2CBO  -3.32795e-04     fixed    
  10  beta_2CBO    2.62412e-04   1.64754e-04   0.00000e+00   6.72133e+03
  11  alpha_y      0.00000e+00   1.00000e-03   0.00000e+00   3.64618e+05
  12  w_y          1.38984e+01   constant   
  13  beta_y       3.55620e-03     fixed    
  14  alpha_vw     0.00000e+00     fixed    
  15  w_vw         1.43156e+01   constant   
  16  beta_vw      0.00000e+00     fixed    
  17  LM          -3.91868e-04   constant   
  18  zeta_y       0.00000e+00   constant   
  19  zeta_vw      0.00000e+00   constant   
  20  T_CBO        1.00000e+02   9.44762e+02   0.00000e+00   0.00000e+00
  21  alpha_A0     5.04115e-03   3.24382e-04   0.00000e+00   5.53789e+00
  22  beta_A0      3.42961e-03   3.15571e-04   0.00000e+00   3.41804e+00
  23  alpha_phi    4.81701e-04   3.35973e-04   0.00000e+00   1.04725e+00
  24  beta_phi     1.06298e-03   3.30591e-04   0.00000e+00   1.30941e+00
  25  alpha_vw_m_cbo   2.64736e-04   1.59292e-04   0.00000e+00   2.70933e+00
  26  w_vw_m_cbo   1.20142e+01   constant   
  27  beta_vw_m_cbo   4.59732e-04   1.61577e-04   0.00000e+00   5.57318e+00
  28  alpha_vw_p_cbo  -6.04239e-04   1.59546e-04   0.00000e+00  -5.67782e+00
  29  w_vw_p_cbo   1.67139e+01   constant   
  30  beta_vw_p_cbo  -8.64805e-06   1.61313e-04   0.00000e+00   2.40992e+00
 MIGRAD MINIMIZATION HAS CONVERGED.
 MIGRAD WILL VERIFY CONVERGENCE AND ERROR MATRIX.
  MNHESS FAILS AND WILL RETURN DIAGONAL MATRIX. 
 FCN=958.795 FROM MIGRAD    STATUS=CONVERGED     817 CALLS        5684 TOTAL
                     EDM=8.16574e-06    STRATEGY= 1  ERROR MATRIX UNCERTAINTY 100.0 per cent
  EXT PARAMETER                APPROXIMATE        STEP         FIRST   
  NO.   NAME      VALUE            ERROR          SIZE      DERIVATIVE 
   1  N0           1.58018e+06     fixed    
   2  tau          6.43936e+01   constant   
   3  A0           3.42701e-01     fixed    
   4  phi          4.11821e+00     fixed    
   5  R           -6.16728e+01   constant   
   6  alpha_CBO    1.80140e-02     fixed    
   7  w_CBO        2.32735e+00   constant   
   8  beta_CBO     2.00803e-03     fixed    
   9  alpha_2CBO  -3.32795e-04     fixed    
  10  beta_2CBO    2.44974e-04   1.60178e-04   2.42304e-06   1.52267e+01
  11  alpha_y     -4.63190e-03   1.58953e-04   2.40451e-06  -2.21501e-01
  12  w_y          1.38984e+01   constant   
  13  beta_y       3.55620e-03     fixed    
  14  alpha_vw     0.00000e+00     fixed    
  15  w_vw         1.43156e+01   constant   
  16  beta_vw      0.00000e+00     fixed    
  17  LM          -3.91868e-04   constant   
  18  zeta_y       0.00000e+00   constant   
  19  zeta_vw      0.00000e+00   constant   
  20  T_CBO        1.00000e+02   8.96179e+02  -0.00000e+00   0.00000e+00
  21  alpha_A0     5.16147e-03   3.24368e-04  -7.27541e-07  -3.03217e+00
  22  beta_A0      3.37006e-03   3.15564e-04   9.38160e-07   3.71410e+00
  23  alpha_phi    7.24980e-04   3.36028e-04   3.86180e-06  -1.03220e+01
  24  beta_phi     1.00216e-03   3.30607e-04  -2.61408e-06   3.23019e+00
  25  alpha_vw_m_cbo   3.13533e-04   1.59292e-04  -1.65455e-06  -6.48140e+00
  26  w_vw_m_cbo   1.20142e+01   constant   
  27  beta_vw_m_cbo   5.37626e-04   1.61577e-04  -1.64859e-07  -1.24866e+00
  28  alpha_vw_p_cbo  -6.86905e-04   1.59546e-04  -5.08374e-07  -5.55900e+00
  29  w_vw_p_cbo   1.67139e+01   constant   
  30  beta_vw_p_cbo  -3.06559e-04   1.61313e-04   1.78449e-06   3.74576e+00
 EXTERNAL ERROR MATRIX.    NDIM=  31    NPAR= 11    ERR DEF=1
  2.566e-08 
  0.000e+00  2.527e-08 
  0.000e+00  0.000e+00  1.785e+06 
  0.000e+00  0.000e+00  0.000e+00  1.052e-07 
  0.000e+00  0.000e+00  0.000e+00  0.000e+00  9.958e-08 
  0.000e+00  0.000e+00  0.000e+00  0.000e+00  0.000e+00  1.129e-07 
  0.000e+00  0.000e+00  0.000e+00  0.000e+00  0.000e+00  0.000e+00  1.093e-07 
  0.000e+00  0.000e+00  0.000e+00  0.000e+00  0.000e+00  0.000e+00  0.000e+00  2.537e-08 
  0.000e+00  0.000e+00  0.000e+00  0.000e+00  0.000e+00  0.000e+00  0.000e+00  0.000e+00  2.611e-08 
  0.000e+00  0.000e+00  0.000e+00  0.000e+00  0.000e+00  0.000e+00  0.000e+00  0.000e+00  0.000e+00  2.546e-08 
  0.000e+00  0.000e+00  0.000e+00  0.000e+00  0.000e+00  0.000e+00  0.000e+00  0.000e+00  0.000e+00  0.000e+00  2.602e-08 
ERR MATRIX APPROXIMATE
 PARAMETER  CORRELATION COEFFICIENTS  
       NO.  GLOBAL     10     11     20     21     22     23     24     25     27     28     30
       10  0.00000   1.000  0.000  0.000  0.000  0.000  0.000  0.000  0.000  0.000  0.000  0.000
       11  0.00000   0.000  1.000  0.000  0.000  0.000  0.000  0.000  0.000  0.000  0.000  0.000
       20  0.00000   0.000  0.000  1.000  0.000  0.000  0.000  0.000  0.000  0.000  0.000  0.000
       21  0.00000   0.000  0.000  0.000  1.000  0.000  0.000  0.000  0.000  0.000  0.000  0.000
       22  0.00000   0.000  0.000  0.000  0.000  1.000  0.000  0.000  0.000  0.000  0.000  0.000
       23  0.00000   0.000  0.000  0.000  0.000  0.000  1.000  0.000  0.000  0.000  0.000  0.000
       24  0.00000   0.000  0.000  0.000  0.000  0.000  0.000  1.000  0.000  0.000  0.000  0.000
       25  0.00000   0.000  0.000  0.000  0.000  0.000  0.000  0.000  1.000  0.000  0.000  0.000
       27  0.00000   0.000  0.000  0.000  0.000  0.000  0.000  0.000  0.000  1.000  0.000  0.000
       28  0.00000   0.000  0.000  0.000  0.000  0.000  0.000  0.000  0.000  0.000  1.000  0.000
       30  0.00000   0.000  0.000  0.000  0.000  0.000  0.000  0.000  0.000  0.000  0.000  1.000
 ERR MATRIX APPROXIMATE
MINUIT - FIT ONLY 2-y
 **********
 **   67 **RES 
 **********
                   PARAMETER   16  beta_vw RESTORED TO VARIABLE.
                   PARAMETER   14  alpha_vw RESTORED TO VARIABLE.
                   PARAMETER   13  beta_y RESTORED TO VARIABLE.
                   PARAMETER    9  alpha_2CBO RESTORED TO VARIABLE.
                   PARAMETER    8  beta_CBO RESTORED TO VARIABLE.
                   PARAMETER    6  alpha_CBO RESTORED TO VARIABLE.
                   PARAMETER    4  phi RESTORED TO VARIABLE.
                   PARAMETER    3  A0 RESTORED TO VARIABLE.
                   PARAMETER    1  N0 RESTORED TO VARIABLE.
 **********
 **   68 **FIX            0
 **********
 PARAMETER    0  IS UNDEFINED. IGNORED.
 **********
 **   69 **FIX            1
 **********
 **********
 **   70 **FIX            2
 **********
 PARAMETER    2  IS CONSTANT.   IGNORED.
 **********
 **   71 **FIX            3
 **********
 **********
 **   72 **FIX            4
 **********
 **********
 **   73 **FIX            5
 **********
 PARAMETER    5  IS CONSTANT.   IGNORED.
 **********
 **   74 **FIX            6
 **********
 **********
 **   75 **FIX            7
 **********
 PARAMETER    7  IS CONSTANT.   IGNORED.
 **********
 **   76 **FIX            8
 **********
 **********
 **   77 **FIX            9
 **********
 **********
 **   78 **FIX           10
 **********
 **********
 **   79 **FIX           11
 **********
 **********
 **   80 **FIX           12
 **********
 PARAMETER   12  IS CONSTANT.   IGNORED.
 **********
 **   81 **FIX           16
 **********
 **********
 **   82 **MIGRAD
 **********
 START MIGRAD MINIMIZATION.  STRATEGY  1.  CONVERGENCE WHEN EDM .LT. 1.00e-04
 FCN=958.795 FROM MIGRAD    STATUS=INITIATE      717 CALLS        6401 TOTAL
                     EDM= unknown      STRATEGY= 1      NO ERROR MATRIX       
  EXT PARAMETER               CURRENT GUESS       STEP         FIRST   
  NO.   NAME      VALUE            ERROR          SIZE      DERIVATIVE 
   1  N0           1.58018e+06     fixed    
   2  tau          6.43936e+01   constant   
   3  A0           3.42701e-01     fixed    
   4  phi          4.11821e+00     fixed    
   5  R           -6.16728e+01   constant   
   6  alpha_CBO    1.80140e-02     fixed    
   7  w_CBO        2.32735e+00   constant   
   8  beta_CBO     2.00803e-03     fixed    
   9  alpha_2CBO  -3.32795e-04     fixed    
  10  beta_2CBO    2.44974e-04     fixed    
  11  alpha_y     -4.63190e-03     fixed    
  12  w_y          1.38984e+01   constant   
  13  beta_y       3.55620e-03   1.62001e-04   0.00000e+00   2.14325e+03
  14  alpha_vw     0.00000e+00   1.00000e-03   0.00000e+00  -2.38813e+05
  15  w_vw         1.43156e+01   constant   
  16  beta_vw      0.00000e+00     fixed    
  17  LM          -3.91868e-04   constant   
  18  zeta_y       0.00000e+00   constant   
  19  zeta_vw      0.00000e+00   constant   
  20  T_CBO        1.00000e+02   8.96179e+02   0.00000e+00   0.00000e+00
  21  alpha_A0     5.16147e-03   3.24368e-04   0.00000e+00  -3.03217e+00
  22  beta_A0      3.37006e-03   3.15564e-04   0.00000e+00   3.71410e+00
  23  alpha_phi    7.24980e-04   3.36028e-04   0.00000e+00  -1.03220e+01
  24  beta_phi     1.00216e-03   3.30607e-04   0.00000e+00   3.23022e+00
  25  alpha_vw_m_cbo   3.13533e-04   1.59292e-04   0.00000e+00  -6.48141e+00
  26  w_vw_m_cbo   1.20142e+01   constant   
  27  beta_vw_m_cbo   5.37626e-04   1.61577e-04   0.00000e+00  -1.24866e+00
  28  alpha_vw_p_cbo  -6.86905e-04   1.59546e-04   0.00000e+00  -5.55900e+00
  29  w_vw_p_cbo   1.67139e+01   constant   
  30  beta_vw_p_cbo  -3.06559e-04   1.61313e-04   0.00000e+00   3.74576e+00
 MIGRAD MINIMIZATION HAS CONVERGED.
 MIGRAD WILL VERIFY CONVERGENCE AND ERROR MATRIX.
  MNHESS FAILS AND WILL RETURN DIAGONAL MATRIX. 
 FCN=522.645 FROM MIGRAD    STATUS=CONVERGED     817 CALLS        6501 TOTAL
                     EDM=4.09384e-06    STRATEGY= 1  ERROR MATRIX UNCERTAINTY 100.0 per cent
  EXT PARAMETER                APPROXIMATE        STEP         FIRST   
  NO.   NAME      VALUE            ERROR          SIZE      DERIVATIVE 
   1  N0           1.58018e+06     fixed    
   2  tau          6.43936e+01   constant   
   3  A0           3.42701e-01     fixed    
   4  phi          4.11821e+00     fixed    
   5  R           -6.16728e+01   constant   
   6  alpha_CBO    1.80140e-02     fixed    
   7  w_CBO        2.32735e+00   constant   
   8  beta_CBO     2.00803e-03     fixed    
   9  alpha_2CBO  -3.32795e-04     fixed    
  10  beta_2CBO    2.44974e-04     fixed    
  11  alpha_y     -4.63190e-03     fixed    
  12  w_y          1.38984e+01   constant   
  13  beta_y       2.09906e-03   1.61933e-04   1.80936e-06   1.25168e-01
  14  alpha_vw     3.63952e-03   1.60058e-04   1.78841e-06  -6.47645e-01
  15  w_vw         1.43156e+01   constant   
  16  beta_vw      0.00000e+00     fixed    
  17  LM          -3.91868e-04   constant   
  18  zeta_y       0.00000e+00   constant   
  19  zeta_vw      0.00000e+00   constant   
  20  T_CBO        1.00000e+02   9.26237e+02  -0.00000e+00   0.00000e+00
  21  alpha_A0     5.10466e-03   3.24366e-04   1.52870e-06  -3.77787e+00
  22  beta_A0      3.53775e-03   3.15573e-04   5.83214e-06  -6.38035e+00
  23  alpha_phi    9.20424e-04   3.36068e-04   2.69540e-06   4.78491e+00
  24  beta_phi     1.15218e-03   3.30585e-04   3.42283e-06  -5.49265e+00
  25  alpha_vw_m_cbo   2.15205e-04   1.59291e-04  -1.04092e-07  -3.11598e+00
  26  w_vw_m_cbo   1.20142e+01   constant   
  27  beta_vw_m_cbo   2.22937e-04   1.61577e-04  -4.26057e-06  -2.79435e+00
  28  alpha_vw_p_cbo  -4.93288e-04   1.59546e-04   8.70244e-07   6.86384e-01
  29  w_vw_p_cbo   1.67139e+01   constant   
  30  beta_vw_p_cbo  -3.78354e-04   1.61312e-04  -9.12957e-08  -3.04517e-02
 EXTERNAL ERROR MATRIX.    NDIM=  31    NPAR= 11    ERR DEF=1
  2.622e-08 
  0.000e+00  2.562e-08 
  0.000e+00  0.000e+00  1.606e+06 
  0.000e+00  0.000e+00  0.000e+00  1.052e-07 
  0.000e+00  0.000e+00  0.000e+00  0.000e+00  9.959e-08 
  0.000e+00  0.000e+00  0.000e+00  0.000e+00  0.000e+00  1.129e-07 
  0.000e+00  0.000e+00  0.000e+00  0.000e+00  0.000e+00  0.000e+00  1.093e-07 
  0.000e+00  0.000e+00  0.000e+00  0.000e+00  0.000e+00  0.000e+00  0.000e+00  2.537e-08 
  0.000e+00  0.000e+00  0.000e+00  0.000e+00  0.000e+00  0.000e+00  0.000e+00  0.000e+00  2.611e-08 
  0.000e+00  0.000e+00  0.000e+00  0.000e+00  0.000e+00  0.000e+00  0.000e+00  0.000e+00  0.000e+00  2.545e-08 
  0.000e+00  0.000e+00  0.000e+00  0.000e+00  0.000e+00  0.000e+00  0.000e+00  0.000e+00  0.000e+00  0.000e+00  2.602e-08 
ERR MATRIX APPROXIMATE
 PARAMETER  CORRELATION COEFFICIENTS  
       NO.  GLOBAL     13     14     20     21     22     23     24     25     27     28     30
       13  0.00000   1.000  0.000  0.000  0.000  0.000  0.000  0.000  0.000  0.000  0.000  0.000
       14  0.00000   0.000  1.000  0.000  0.000  0.000  0.000  0.000  0.000  0.000  0.000  0.000
       20  0.00000   0.000  0.000  1.000  0.000  0.000  0.000  0.000  0.000  0.000  0.000  0.000
       21  0.00000   0.000  0.000  0.000  1.000  0.000  0.000  0.000  0.000  0.000  0.000  0.000
       22  0.00000   0.000  0.000  0.000  0.000  1.000  0.000  0.000  0.000  0.000  0.000  0.000
       23  0.00000   0.000  0.000  0.000  0.000  0.000  1.000  0.000  0.000  0.000  0.000  0.000
       24  0.00000   0.000  0.000  0.000  0.000  0.000  0.000  1.000  0.000  0.000  0.000  0.000
       25  0.00000   0.000  0.000  0.000  0.000  0.000  0.000  0.000  1.000  0.000  0.000  0.000
       27  0.00000   0.000  0.000  0.000  0.000  0.000  0.000  0.000  0.000  1.000  0.000  0.000
       28  0.00000   0.000  0.000  0.000  0.000  0.000  0.000  0.000  0.000  0.000  1.000  0.000
       30  0.00000   0.000  0.000  0.000  0.000  0.000  0.000  0.000  0.000  0.000  0.000  1.000
 ERR MATRIX APPROXIMATE
MINUIT - FIT ALTOGETHER
 **********
 **   83 **RES 
 **********
                   PARAMETER   16  beta_vw RESTORED TO VARIABLE.
                   PARAMETER   11  alpha_y RESTORED TO VARIABLE.
                   PARAMETER   10  beta_2CBO RESTORED TO VARIABLE.
                   PARAMETER    9  alpha_2CBO RESTORED TO VARIABLE.
                   PARAMETER    8  beta_CBO RESTORED TO VARIABLE.
                   PARAMETER    6  alpha_CBO RESTORED TO VARIABLE.
                   PARAMETER    4  phi RESTORED TO VARIABLE.
                   PARAMETER    3  A0 RESTORED TO VARIABLE.
                   PARAMETER    1  N0 RESTORED TO VARIABLE.
 **********
 **   84 **MIGRAD
 **********
 START MIGRAD MINIMIZATION.  STRATEGY  1.  CONVERGENCE WHEN EDM .LT. 1.00e-04
 FCN=522.645 FROM MIGRAD    STATUS=INITIATE     2031 CALLS        8532 TOTAL
                     EDM= unknown      STRATEGY= 1      NO ERROR MATRIX       
  EXT PARAMETER               CURRENT GUESS       STEP         FIRST   
  NO.   NAME      VALUE            ERROR          SIZE      DERIVATIVE 
   1  N0           1.58018e+06   8.95741e+01   0.00000e+00  -1.78107e-02
   2  tau          6.43936e+01   constant   
   3  A0           3.42701e-01   7.75578e-05   0.00000e+00   3.06475e+03
   4  phi          4.11821e+00   2.35643e-04   0.00000e+00   8.40533e+03
   5  R           -6.16728e+01   constant   
   6  alpha_CBO    1.80140e-02   1.63300e-04   0.00000e+00   1.05827e+04
   7  w_CBO        2.32735e+00   constant   
   8  beta_CBO     2.00803e-03   1.57691e-04   0.00000e+00  -6.16049e+02
   9  alpha_2CBO  -3.32795e-04   1.60668e-04   0.00000e+00  -1.02792e+04
  10  beta_2CBO    2.44974e-04   1.60178e-04   0.00000e+00   5.92494e+03
  11  alpha_y     -4.63190e-03   1.58953e-04   0.00000e+00  -1.41480e+03
  12  w_y          1.38984e+01   constant   
  13  beta_y       2.09906e-03   1.61933e-04   0.00000e+00   1.25169e-01
  14  alpha_vw     3.63952e-03   1.60058e-04   0.00000e+00  -6.47641e-01
  15  w_vw         1.43156e+01   constant   
  16  beta_vw      0.00000e+00   1.00000e-03   0.00000e+00  -2.41984e+05
  17  LM          -3.91868e-04   constant   
  18  zeta_y       0.00000e+00   constant   
  19  zeta_vw      0.00000e+00   constant   
  20  T_CBO        1.00000e+02   9.26237e+02   0.00000e+00   0.00000e+00
  21  alpha_A0     5.10466e-03   3.24366e-04   0.00000e+00  -3.77787e+00
  22  beta_A0      3.53775e-03   3.15573e-04   0.00000e+00  -6.38035e+00
  23  alpha_phi    9.20424e-04   3.36068e-04   0.00000e+00   4.78489e+00
  24  beta_phi     1.15218e-03   3.30585e-04   0.00000e+00  -5.49267e+00
  25  alpha_vw_m_cbo   2.15205e-04   1.59291e-04   0.00000e+00  -3.11598e+00
  26  w_vw_m_cbo   1.20142e+01   constant   
  27  beta_vw_m_cbo   2.22937e-04   1.61577e-04   0.00000e+00  -2.79435e+00
  28  alpha_vw_p_cbo  -4.93288e-04   1.59546e-04   0.00000e+00   6.86385e-01
  29  w_vw_p_cbo   1.67139e+01   constant   
  30  beta_vw_p_cbo  -3.78354e-04   1.61312e-04   0.00000e+00  -3.04462e-02
 MIGRAD MINIMIZATION HAS CONVERGED.
 FCN=80.4558 FROM MIGRAD    STATUS=CONVERGED    2281 CALLS        8782 TOTAL
                     EDM=2.3124e-06    STRATEGY= 1  ERROR MATRIX UNCERTAINTY   2.9 per cent
  EXT PARAMETER                                   STEP         FIRST   
  NO.   NAME      VALUE            ERROR          SIZE      DERIVATIVE 
   1  N0           1.58027e+06   8.62353e+01   1.54658e-01   8.17538e-06
   2  tau          6.43936e+01   constant   
   3  A0           3.42708e-01   8.33525e-05   2.42175e-07  -6.23403e+00
   4  phi          4.11798e+00   2.45703e-04   7.47537e-08   3.86077e+00
   5  R           -6.16728e+01   constant   
   6  alpha_CBO    1.78180e-02   1.67984e-04  -3.80605e-07   8.21365e+00
   7  w_CBO        2.32735e+00   constant   
   8  beta_CBO     2.06279e-03   1.63814e-04   8.84988e-09  -3.20526e+00
   9  alpha_2CBO  -1.64069e-04   1.56445e-04  -2.04048e-07  -7.18552e+00
  10  beta_2CBO    1.37534e-04   1.60410e-04  -2.54001e-07   1.21401e+00
  11  alpha_y     -3.34018e-03   1.70526e-04   8.07002e-08   1.02307e+00
  12  w_y          1.38984e+01   constant   
  13  beta_y       2.09516e-03   1.63110e-04  -2.31791e-07  -3.71327e+00
  14  alpha_vw     3.66005e-03   1.60865e-04  -8.75628e-08  -2.29689e+00
  15  w_vw         1.43156e+01   constant   
  16  beta_vw      3.61399e-03   1.72444e-04   3.87822e-08   1.33378e+00
  17  LM          -3.91868e-04   constant   
  18  zeta_y       0.00000e+00   constant   
  19  zeta_vw      0.00000e+00   constant   
  20  T_CBO        1.00000e+02   5.20646e+02  -0.00000e+00   0.00000e+00
  21  alpha_A0     5.01878e-03   3.21122e-04  -1.93825e-07  -3.12082e+00
  22  beta_A0      3.54084e-03   3.28520e-04   6.73339e-07  -2.71269e+00
  23  alpha_phi    9.33025e-04   3.48740e-04  -6.52089e-07   1.06587e-01
  24  beta_phi     1.17138e-03   3.26383e-04   1.09552e-06  -5.09195e-01
  25  alpha_vw_m_cbo   4.13043e-04   1.59123e-04  -2.50391e-07   1.28834e-01
  26  w_vw_m_cbo   1.20142e+01   constant   
  27  beta_vw_m_cbo   1.25939e-04   1.61591e-04   2.51928e-08   3.01607e+00
  28  alpha_vw_p_cbo  -4.06404e-04   1.59364e-04  -2.42727e-07  -2.51581e+00
  29  w_vw_p_cbo   1.67139e+01   constant   
  30  beta_vw_p_cbo  -1.61172e-04   1.61577e-04  -3.14176e-07  -3.94511e+00
 EXTERNAL ERROR MATRIX.    NDIM=  31    NPAR= 20    ERR DEF=1
 ELEMENTS ABOVE DIAGONAL ARE NOT PRINTED.
  7.437e+03 
 -1.233e-04  6.948e-09 
 -1.596e-04  1.565e-09  6.037e-08 
  2.420e-04 -1.282e-09 -1.650e-09  2.822e-08 
  8.582e-04 -1.424e-09 -5.394e-09  1.311e-10  2.684e-08 
  7.559e-04  6.731e-10  1.414e-09 -4.894e-10 -8.243e-10  2.447e-08 
 -2.879e-04  5.026e-10  3.096e-09  7.354e-10 -6.671e-10 -3.069e-10  2.573e-08 
  1.129e-04  2.706e-10  5.235e-10 -4.641e-10  2.650e-10  2.161e-10 -5.753e-10  2.908e-08 
  8.049e-04 -8.892e-10 -2.697e-09  5.668e-10  1.153e-09 -1.311e-09 -5.711e-10 -6.179e-11  2.660e-08 
  4.296e-04  7.577e-10  1.886e-09 -7.828e-10 -2.015e-09 -3.304e-10  7.688e-10  4.411e-10 -1.490e-09  2.588e-08 
  1.212e-04  1.733e-10  9.229e-11 -5.866e-10  1.914e-10  4.452e-10 -1.025e-10  1.046e-08 -7.617e-11  2.547e-10  2.974e-08 
  0.000e+00  0.000e+00  0.000e+00  0.000e+00  0.000e+00  0.000e+00  0.000e+00  0.000e+00  0.000e+00  0.000e+00  0.000e+00 
  0.000e+00  0.000e+00  0.000e+00  0.000e+00  0.000e+00  0.000e+00  0.000e+00  0.000e+00  0.000e+00  0.000e+00  0.000e+00  1.800e+05 
  3.895e-04  1.349e-10  6.036e-11  5.381e-10  2.012e-09 -1.667e-09 -1.993e-09 -8.944e-10  1.858e-10 -7.501e-10 -4.919e-10 
  3.895e-04  1.349e-10  6.036e-11  5.381e-10  2.012e-09 -1.667e-09 -1.993e-09 -8.944e-10  1.858e-10 -7.501e-10 -4.919e-10  0.000e+00  1.031e-07 
 -9.690e-04  3.160e-09  6.579e-09 -3.095e-09 -3.097e-09  2.019e-09  4.560e-10  9.028e-10 -2.252e-09  2.907e-09  3.485e-10 
 -9.690e-04  3.160e-09  6.579e-09 -3.095e-09 -3.097e-09  2.019e-09  4.560e-10  9.028e-10 -2.252e-09  2.907e-09  3.485e-10  0.000e+00 -1.373e-09  1.079e-07 
  3.670e-04 -2.849e-09 -5.506e-09  3.932e-09  5.977e-09 -2.485e-09 -2.836e-09 -1.566e-09  3.307e-09 -2.613e-09  1.394e-11 
  3.670e-04 -2.849e-09 -5.506e-09  3.932e-09  5.977e-09 -2.485e-09 -2.836e-09 -1.566e-09  3.307e-09 -2.613e-09  1.394e-11  0.000e+00 -7.869e-10 -1.042e-08  1.216e-07 
 -2.543e-03  2.462e-09  5.147e-09 -2.227e-09 -3.966e-10  4.067e-09 -3.287e-10  4.993e-10  2.991e-10  3.789e-09  3.305e-10 
 -2.543e-03  2.462e-09  5.147e-09 -2.227e-09 -3.966e-10  4.067e-09 -3.287e-10  4.993e-10  2.991e-10  3.789e-09  3.305e-10  0.000e+00  2.351e-10  4.855e-09 -8.091e-09  1.065e-07 
  1.539e-04 -4.280e-11  9.192e-10  6.619e-10  4.550e-11 -6.503e-10 -2.023e-10  4.138e-10 -1.983e-10 -3.690e-11  1.693e-09 
  1.539e-04 -4.280e-11  9.192e-10  6.619e-10  4.550e-11 -6.503e-10 -2.023e-10  4.138e-10 -1.983e-10 -3.690e-11  1.693e-09  0.000e+00 -1.280e-09 -5.533e-10 -5.692e-10 -1.195e-10  2.532e-08 
 -6.679e-05 -2.175e-10 -6.053e-10  1.408e-10  3.633e-10  1.553e-11 -7.241e-11 -8.375e-10  3.291e-10 -1.282e-10 -8.619e-10 
 -6.679e-05 -2.175e-10 -6.053e-10  1.408e-10  3.633e-10  1.553e-11 -7.241e-11 -8.375e-10  3.291e-10 -1.282e-10 -8.619e-10  0.000e+00  4.290e-10 -4.773e-10  7.404e-10 -5.677e-10 -7.309e-11  2.611e-08 
  3.190e-04  1.360e-11  7.876e-10  3.436e-10 -6.715e-10 -5.358e-10  3.034e-10  9.263e-10 -5.719e-10 -1.304e-10  7.973e-10 
  3.190e-04  1.360e-11  7.876e-10  3.436e-10 -6.715e-10 -5.358e-10  3.034e-10  9.263e-10 -5.719e-10 -1.304e-10  7.973e-10  0.000e+00 -9.184e-10 -2.364e-11 -3.325e-10  8.142e-10  1.710e-10  5.505e-11  2.540e-08 
  1.629e-04 -3.343e-10  5.203e-10  9.056e-10 -3.415e-10 -2.702e-10  3.825e-10  2.329e-09 -1.827e-10 -1.069e-10  1.896e-09 
  1.629e-04 -3.343e-10  5.203e-10  9.056e-10 -3.415e-10 -2.702e-10  3.825e-10  2.329e-09 -1.827e-10 -1.069e-10  1.896e-09  0.000e+00 -9.879e-10 -1.531e-09  8.128e-10 -1.105e-09  6.513e-10  1.427e-10  7.617e-11  2.611e-08 
 PARAMETER  CORRELATION COEFFICIENTS  
       NO.  GLOBAL      1      3      4      6      8      9     10     11     13     14     16     20     21     22     23     24
        1  0.15680   1.000 -0.017 -0.008  0.017  0.061  0.056 -0.021  0.008  0.057  0.031  0.008  0.000  0.014 -0.034  0.012 -0.090
        3  0.22273  -0.017  1.000  0.076 -0.092 -0.104  0.052  0.038  0.019 -0.065  0.057  0.012  0.000  0.005  0.115 -0.098  0.090
        4  0.20537  -0.008  0.076  1.000 -0.040 -0.134  0.037  0.079  0.012 -0.067  0.048  0.002  0.000  0.001  0.082 -0.064  0.064
        6  0.13907   0.017 -0.092 -0.040  1.000  0.005 -0.019  0.027 -0.016  0.021 -0.029 -0.020  0.000  0.010 -0.056  0.067 -0.041
        8  0.21661   0.061 -0.104 -0.134  0.005  1.000 -0.032 -0.025  0.009  0.043 -0.076  0.007  0.000  0.038 -0.058  0.105 -0.007
        9  0.15022   0.056  0.052  0.037 -0.019 -0.032  1.000 -0.012  0.008 -0.051 -0.013  0.017  0.000 -0.033  0.039 -0.046  0.080
       10  0.12100  -0.021  0.038  0.079  0.027 -0.025 -0.012  1.000 -0.021 -0.022  0.030 -0.004  0.000 -0.039  0.009 -0.051 -0.006
       11  0.36518   0.008  0.019  0.012 -0.016  0.009  0.008 -0.021  1.000 -0.002  0.016  0.356  0.000 -0.016  0.016 -0.026  0.009
       13  0.14536   0.057 -0.065 -0.067  0.021  0.043 -0.051 -0.022 -0.002  1.000 -0.057 -0.003  0.000  0.004 -0.042  0.058  0.006
       14  0.15135   0.031  0.057  0.048 -0.029 -0.076 -0.013  0.030  0.016 -0.057  1.000  0.009  0.000 -0.015  0.055 -0.047  0.072
       16  0.36396   0.008  0.012  0.002 -0.020  0.007  0.017 -0.004  0.356 -0.003  0.009  1.000  0.000 -0.009  0.006  0.000  0.006
       20  0.00000   0.000  0.000  0.000  0.000  0.000  0.000  0.000  0.000  0.000  0.000  0.000  1.000  0.000  0.000  0.000  0.000
       21  0.08161   0.014  0.005  0.001  0.010  0.038 -0.033 -0.039 -0.016  0.004 -0.015 -0.009  0.000  1.000 -0.013 -0.007  0.002
       22  0.17904  -0.034  0.115  0.082 -0.056 -0.058  0.039  0.009  0.016 -0.042  0.055  0.006  0.000 -0.013  1.000 -0.091  0.045
       23  0.19642   0.012 -0.098 -0.064  0.067  0.105 -0.046 -0.051 -0.026  0.058 -0.047  0.000  0.000 -0.007 -0.091  1.000 -0.071
       24  0.19115  -0.090  0.090  0.064 -0.041 -0.007  0.080 -0.006  0.009  0.006  0.072  0.006  0.000  0.002  0.045 -0.071  1.000
       25  0.08742   0.011 -0.003  0.024  0.025  0.002 -0.026 -0.008  0.015 -0.008 -0.001  0.062  0.000 -0.025 -0.011 -0.010 -0.002
                     1.000 -0.003  0.007  0.025
       27  0.04933  -0.005 -0.016 -0.015  0.005  0.014  0.001 -0.003 -0.030  0.012 -0.005 -0.031  0.000  0.008 -0.009  0.013 -0.011
                    -0.003  1.000  0.002  0.005
       28  0.07322   0.023  0.001  0.020  0.013 -0.026 -0.021  0.012  0.034 -0.022 -0.005  0.029  0.000 -0.018 -0.000 -0.006  0.016
                     0.007  0.002  1.000  0.003
       30  0.11632   0.012 -0.025  0.013  0.033 -0.013 -0.011  0.015  0.085 -0.007 -0.004  0.068  0.000 -0.019 -0.029  0.014 -0.021
                     0.025  0.005  0.003  1.000
MINUIT - MINOS
 **********
 **   85 **RES 
 **********
 CALL TO MNFREE IGNORED.  THERE ARE NO FIXED PARAMETERS
 **********
 **   86 **MIG      2.5e+04        0.01
 **********
 START MIGRAD MINIMIZATION.  STRATEGY  1.  CONVERGENCE WHEN EDM .LT. 1.00e-05
 FCN=80.4558 FROM MIGRAD    STATUS=INITIATE       40 CALLS        8822 TOTAL
                     EDM=2.16389e-06    STRATEGY= 1  ERROR MATRIX UNCERTAINTY   2.9 per cent
  EXT PARAMETER                                   STEP         FIRST   
  NO.   NAME      VALUE            ERROR          SIZE      DERIVATIVE 
   1  N0           1.58027e+06   8.62353e+01   1.54658e-01   8.17538e-06
   2  tau          6.43936e+01   constant   
   3  A0           3.42708e-01   8.33525e-05   2.42175e-07  -6.23402e+00
   4  phi          4.11798e+00   2.45703e-04   7.47537e-08   3.86077e+00
   5  R           -6.16728e+01   constant   
   6  alpha_CBO    1.78180e-02   1.67984e-04  -3.80605e-07   8.21365e+00
   7  w_CBO        2.32735e+00   constant   
   8  beta_CBO     2.06279e-03   1.63814e-04   8.84988e-09  -3.20526e+00
   9  alpha_2CBO  -1.64069e-04   1.56445e-04  -2.04048e-07  -7.18552e+00
  10  beta_2CBO    1.37534e-04   1.60410e-04  -2.54001e-07   1.21401e+00
  11  alpha_y     -3.34018e-03   1.70526e-04   8.07002e-08   1.02307e+00
  12  w_y          1.38984e+01   constant   
  13  beta_y       2.09516e-03   1.63110e-04  -2.31791e-07  -3.71327e+00
  14  alpha_vw     3.66005e-03   1.60865e-04  -8.75628e-08  -2.29689e+00
  15  w_vw         1.43156e+01   constant   
  16  beta_vw      3.61399e-03   1.72444e-04   3.87822e-08   1.33378e+00
  17  LM          -3.91868e-04   constant   
  18  zeta_y       0.00000e+00   constant   
  19  zeta_vw      0.00000e+00   constant   
  20  T_CBO        1.00000e+02   5.20646e+02  -0.00000e+00   0.00000e+00
  21  alpha_A0     5.01878e-03   3.21122e-04  -1.93825e-07  -3.12082e+00
  22  beta_A0      3.54084e-03   3.28520e-04   6.73339e-07  -2.71269e+00
  23  alpha_phi    9.33025e-04   3.48740e-04  -6.52089e-07   1.06576e-01
  24  beta_phi     1.17138e-03   3.26383e-04   1.09552e-06  -5.09190e-01
  25  alpha_vw_m_cbo   4.13043e-04   1.59123e-04  -2.50391e-07   1.28834e-01
  26  w_vw_m_cbo   1.20142e+01   constant   
  27  beta_vw_m_cbo   1.25939e-04   1.61591e-04   2.51928e-08   3.01607e+00
  28  alpha_vw_p_cbo  -4.06404e-04   1.59364e-04  -2.42727e-07  -2.51581e+00
  29  w_vw_p_cbo   1.67139e+01   constant   
  30  beta_vw_p_cbo  -1.61172e-04   1.61577e-04  -3.14176e-07  -3.94512e+00
 MIGRAD MINIMIZATION HAS CONVERGED.
 FCN=80.4558 FROM MIGRAD    STATUS=CONVERGED      82 CALLS        8864 TOTAL
                     EDM=1.22959e-07    STRATEGY= 1  ERROR MATRIX UNCERTAINTY   2.7 per cent
  EXT PARAMETER                                   STEP         FIRST   
  NO.   NAME      VALUE            ERROR          SIZE      DERIVATIVE 
   1  N0           1.58027e+06   8.91881e+01  -3.43025e-02   3.78201e-06
   2  tau          6.43936e+01   constant   
   3  A0           3.42708e-01   8.55608e-05   3.72844e-08  -2.66332e+00
   4  phi          4.11798e+00   2.53404e-04  -1.31519e-07   7.00290e-01
   5  R           -6.16728e+01   constant   
   6  alpha_CBO    1.78178e-02   1.69252e-04  -1.60274e-07  -1.44249e+00
   7  w_CBO        2.32735e+00   constant   
   8  beta_CBO     2.06284e-03   1.64743e-04   5.08215e-08  -4.59738e-02
   9  alpha_2CBO  -1.63960e-04   1.59961e-04   1.08523e-07   1.30194e-01
  10  beta_2CBO    1.37501e-04   1.61404e-04  -3.31247e-08   6.20912e-01
  11  alpha_y     -3.34019e-03   1.70663e-04  -1.53478e-08   1.10356e-01
  12  w_y          1.38984e+01   constant   
  13  beta_y       2.09521e-03   1.61452e-04   4.98259e-08   1.62920e+00
  14  alpha_vw     3.66008e-03   1.60336e-04   3.38231e-08   8.75438e-01
  15  w_vw         1.43156e+01   constant   
  16  beta_vw      3.61397e-03   1.72567e-04  -1.99390e-08  -3.76792e-03
  17  LM          -3.91868e-04   constant   
  18  zeta_y       0.00000e+00   constant   
  19  zeta_vw      0.00000e+00   constant   
  20  T_CBO        1.00000e+02   5.20646e+02  -0.00000e+00   0.00000e+00
  21  alpha_A0     5.01898e-03   3.31591e-04   1.99482e-07  -3.17985e-01
  22  beta_A0      3.54105e-03   3.30236e-04   2.09206e-07   4.51535e-01
  23  alpha_phi    9.32981e-04   3.48447e-04  -4.42033e-08  -2.12532e-01
  24  beta_phi     1.17147e-03   3.31102e-04   9.27919e-08  -5.60928e-01
  25  alpha_vw_m_cbo   4.13027e-04   1.58700e-04  -1.57739e-08  -1.07312e+00
  26  w_vw_m_cbo   1.20142e+01   constant   
  27  beta_vw_m_cbo   1.25891e-04   1.62308e-04  -4.87796e-08  -4.92239e-02
  28  alpha_vw_p_cbo  -4.06376e-04   1.60235e-04   2.80209e-08  -7.20140e-01
  29  w_vw_p_cbo   1.67139e+01   constant   
  30  beta_vw_p_cbo  -1.61124e-04   1.62298e-04   4.80446e-08   3.95558e-02
 EXTERNAL ERROR MATRIX.    NDIM=  31    NPAR= 20    ERR DEF=1
 ELEMENTS ABOVE DIAGONAL ARE NOT PRINTED.
  7.955e+03 
 -5.763e-04  7.321e-09 
  1.335e-03  3.626e-10  6.421e-08 
  1.498e-03 -2.134e-09  8.675e-10  2.865e-08 
  3.716e-04 -1.057e-09 -6.532e-09 -4.177e-10  2.714e-08 
 -2.393e-04  1.407e-09 -8.457e-10 -1.456e-09 -2.380e-10  2.559e-08 
  1.280e-04  1.567e-10  4.215e-09  1.554e-09 -1.012e-09 -1.001e-09  2.605e-08 
  2.810e-04  1.370e-10  9.481e-10 -1.995e-10  1.415e-10 -2.781e-11 -4.507e-10  2.913e-08 
  6.139e-04 -8.413e-10 -2.715e-09  1.366e-09  1.028e-09 -1.642e-09 -6.330e-10 -5.479e-11  2.607e-08 
  2.604e-04  8.332e-10  1.722e-09 -4.254e-10 -2.041e-09 -4.295e-10  6.886e-10  4.281e-10 -1.798e-09  2.571e-08 
  3.083e-04  3.390e-11  5.237e-10 -3.893e-10  7.749e-11  2.274e-10  2.910e-11  1.050e-08 -2.155e-11  2.688e-10  2.978e-08 
  0.000e+00  0.000e+00  0.000e+00  0.000e+00  0.000e+00  0.000e+00  0.000e+00  0.000e+00  0.000e+00  0.000e+00  0.000e+00 
  0.000e+00  0.000e+00  0.000e+00  0.000e+00  0.000e+00  0.000e+00  0.000e+00  0.000e+00  0.000e+00  0.000e+00  0.000e+00  1.800e+05 
 -1.704e-03  1.771e-09 -5.107e-09 -2.473e-09  3.481e-09  1.214e-09 -3.524e-09 -1.461e-09 -3.803e-11 -6.718e-10 -1.046e-09 
 -1.704e-03  1.771e-09 -5.107e-09 -2.473e-09  3.481e-09  1.214e-09 -3.524e-09 -1.461e-09 -3.803e-11 -6.718e-10 -1.046e-09  0.000e+00  1.100e-07 
 -2.641e-03  4.307e-09  3.166e-09 -3.807e-09 -2.332e-09  3.384e-09 -6.443e-10  5.427e-10 -3.247e-09  2.473e-09  7.188e-11 
 -2.641e-03  4.307e-09  3.166e-09 -3.807e-09 -2.332e-09  3.384e-09 -6.443e-10  5.427e-10 -3.247e-09  2.473e-09  7.188e-11  0.000e+00  2.749e-09  1.091e-07 
  6.215e-04 -2.984e-09 -5.164e-09  3.620e-09  5.961e-09 -2.461e-09 -2.699e-09 -1.534e-09  3.661e-09 -2.424e-09  1.493e-11 
  6.215e-04 -2.984e-09 -5.164e-09  3.620e-09  5.961e-09 -2.461e-09 -2.699e-09 -1.534e-09  3.661e-09 -2.424e-09  1.493e-11  0.000e+00 -1.083e-09 -1.005e-08  1.214e-07 
 -3.817e-03  3.549e-09  1.592e-09 -5.031e-09  7.317e-10  6.357e-09 -1.331e-09  1.013e-10  6.312e-10  4.121e-09 -1.017e-10 
 -3.817e-03  3.549e-09  1.592e-09 -5.031e-09  7.317e-10  6.357e-09 -1.331e-09  1.013e-10  6.312e-10  4.121e-09 -1.017e-10  0.000e+00  5.160e-09  8.604e-09 -8.616e-09  1.096e-07 
  1.265e-04  3.751e-11  5.881e-10 -1.437e-12  2.152e-10 -2.677e-10 -2.675e-10  3.723e-10  9.967e-11  1.471e-10  1.624e-09 
  1.265e-04  3.751e-11  5.881e-10 -1.437e-12  2.152e-10 -2.677e-10 -2.675e-10  3.723e-10  9.967e-11  1.471e-10  1.624e-09  0.000e+00 -6.984e-10  2.974e-10 -7.944e-10  1.292e-11  2.519e-08 
  3.832e-04 -5.503e-10  4.207e-10  5.876e-10  9.590e-11 -4.930e-10  2.422e-10 -7.267e-10  4.739e-10 -8.628e-11 -7.624e-10 
  3.832e-04 -5.503e-10  4.207e-10  5.876e-10  9.590e-11 -4.930e-10  2.422e-10 -7.267e-10  4.739e-10 -8.628e-11 -7.624e-10  0.000e+00 -8.816e-10 -1.107e-09  7.329e-10 -1.604e-09 -2.438e-10  2.634e-08 
 -6.295e-05  3.389e-10 -2.751e-10 -4.898e-10 -3.350e-10  1.468e-10  3.442e-12  8.074e-10 -4.757e-10 -3.277e-11  6.685e-10 
 -6.295e-05  3.389e-10 -2.751e-10 -4.898e-10 -3.350e-10  1.468e-10  3.442e-12  8.074e-10 -4.757e-10 -3.277e-11  6.685e-10  0.000e+00  5.523e-10  1.091e-09 -4.873e-10  1.744e-09  2.123e-10 -2.540e-10  2.568e-08 
 -2.832e-04 -3.358e-12 -5.015e-10  4.518e-10 -7.378e-11  2.400e-10  6.983e-11  2.219e-09 -3.210e-10 -1.453e-10  1.796e-09 
 -2.832e-04 -3.358e-12 -5.015e-10  4.518e-10 -7.378e-11  2.400e-10  6.983e-11  2.219e-09 -3.210e-10 -1.453e-10  1.796e-09  0.000e+00  3.200e-10 -8.924e-10  8.163e-10 -7.629e-11  8.181e-10 -9.039e-11  3.829e-10  2.634e-08 
 PARAMETER  CORRELATION COEFFICIENTS  
       NO.  GLOBAL      1      3      4      6      8      9     10     11     13     14     16     20     21     22     23     24
        1  0.20635   1.000 -0.076  0.059  0.099  0.025 -0.017  0.009  0.018  0.043  0.018  0.020  0.000 -0.058 -0.090  0.020 -0.129
        3  0.27505  -0.076  1.000  0.017 -0.147 -0.075  0.103  0.011  0.009 -0.061  0.061  0.002  0.000  0.062  0.152 -0.100  0.125
        4  0.22073   0.059  0.017  1.000  0.020 -0.156 -0.021  0.103  0.022 -0.066  0.042  0.012  0.000 -0.061  0.038 -0.058  0.019
        6  0.20941   0.099 -0.147  0.020  1.000 -0.015 -0.054  0.057 -0.007  0.050 -0.016 -0.013  0.000 -0.044 -0.068  0.061 -0.090
        8  0.22203   0.025 -0.075 -0.156 -0.015  1.000 -0.009 -0.038  0.005  0.039 -0.077  0.003  0.000  0.064 -0.043  0.104  0.013
        9  0.18040  -0.017  0.103 -0.021 -0.054 -0.009  1.000 -0.039 -0.001 -0.064 -0.017  0.008  0.000  0.023  0.064 -0.044  0.120
       10  0.15164   0.009  0.011  0.103  0.057 -0.038 -0.039  1.000 -0.016 -0.024  0.027  0.001  0.000 -0.066 -0.012 -0.048 -0.025
       11  0.36552   0.018  0.009  0.022 -0.007  0.005 -0.001 -0.016  1.000 -0.002  0.016  0.357  0.000 -0.026  0.010 -0.026  0.002
       13  0.16020   0.043 -0.061 -0.066  0.050  0.039 -0.064 -0.024 -0.002  1.000 -0.069 -0.001  0.000 -0.001 -0.061  0.065  0.012
       14  0.15380   0.018  0.061  0.042 -0.016 -0.077 -0.017  0.027  0.016 -0.069  1.000  0.010  0.000 -0.013  0.047 -0.043  0.078
       16  0.36401   0.020  0.002  0.012 -0.013  0.003  0.008  0.001  0.357 -0.001  0.010  1.000  0.000 -0.018  0.001  0.000 -0.002
       20  0.00000   0.000  0.000  0.000  0.000  0.000  0.000  0.000  0.000  0.000  0.000  0.000  1.000  0.000  0.000  0.000  0.000
       21  0.14319  -0.058  0.062 -0.061 -0.044  0.064  0.023 -0.066 -0.026 -0.001 -0.013 -0.018  0.000  1.000  0.025 -0.009  0.047
       22  0.21132  -0.090  0.152  0.038 -0.068 -0.043  0.064 -0.012  0.010 -0.061  0.047  0.001  0.000  0.025  1.000 -0.087  0.079
       23  0.19465   0.020 -0.100 -0.058  0.061  0.104 -0.044 -0.048 -0.026  0.065 -0.043  0.000  0.000 -0.009 -0.087  1.000 -0.075
       24  0.24637  -0.129  0.125  0.019 -0.090  0.013  0.120 -0.025  0.002  0.012  0.078 -0.002  0.000  0.047  0.079 -0.075  1.000
       25  0.07552   0.009  0.003  0.015 -0.000  0.008 -0.011 -0.010  0.014  0.004  0.006  0.059  0.000 -0.013  0.006 -0.014  0.000
                     1.000 -0.009  0.008  0.032
       27  0.06880   0.026 -0.040  0.010  0.021  0.004 -0.019  0.009 -0.026  0.018 -0.003 -0.027  0.000 -0.016 -0.021  0.013 -0.030
                    -0.009  1.000 -0.010 -0.003
       28  0.06207  -0.004  0.025 -0.007 -0.018 -0.013  0.006  0.000  0.030 -0.018 -0.001  0.024  0.000  0.010  0.021 -0.009  0.033
                     0.008 -0.010  1.000  0.015
       30  0.10427  -0.020 -0.000 -0.012  0.016 -0.003  0.009  0.003  0.080 -0.012 -0.006  0.064  0.000  0.006 -0.017  0.014 -0.001
                     0.032 -0.003  0.015  1.000
 **********
 **   87 **MINO      2.5e+04
 **********
    THE POSITIVE MINOS ERROR OF PARAMETER  20, T_CBO EXCEEDS ITS LIMIT.
    THE NEGATIVE MINOS ERROR OF PARAMETER  20, T_CBO EXCEEDS ITS LIMIT.
 FCN=80.4558 FROM MINOS     STATUS=PROBLEMS     7070 CALLS       15934 TOTAL
                     EDM=1.22959e-07    STRATEGY= 1  ERROR MATRIX UNCERTAINTY   2.7 per cent
  EXT PARAMETER                  PARABOLIC         MINOS ERRORS        
  NO.   NAME      VALUE            ERROR      NEGATIVE      POSITIVE   
   1  N0           1.58027e+06   8.91881e+01  -9.63824e+01   9.63381e+01
   2  tau          6.43936e+01   constant   
   3  A0           3.42708e-01   8.55608e-05  -8.22767e-05   8.22952e-05
   4  phi          4.11798e+00   2.53404e-04  -2.48295e-04   2.48224e-04
   5  R           -6.16728e+01   constant   
   6  alpha_CBO    1.78178e-02   1.69252e-04  -1.69231e-04   1.69270e-04
   7  w_CBO        2.32735e+00   constant   
   8  beta_CBO     2.06284e-03   1.64743e-04  -1.64870e-04   1.64881e-04
   9  alpha_2CBO  -1.63960e-04   1.59961e-04  -1.65618e-04   1.65611e-04
  10  beta_2CBO    1.37501e-04   1.61404e-04  -1.64981e-04   1.64966e-04
  11  alpha_y     -3.34019e-03   1.70663e-04  -1.70765e-04   1.70761e-04
  12  w_y          1.38984e+01   constant   
  13  beta_y       2.09521e-03   1.61452e-04  -1.76810e-04   1.76771e-04
  14  alpha_vw     3.66008e-03   1.60336e-04  -1.74761e-04   1.74750e-04
  15  w_vw         1.43156e+01   constant   
  16  beta_vw      3.61397e-03   1.72567e-04  -1.72627e-04   1.72627e-04
  17  LM          -3.91868e-04   constant   
  18  zeta_y       0.00000e+00   constant   
  19  zeta_vw      0.00000e+00   constant   
  20  T_CBO        1.00000e+02   5.20646e+02   at limit      at limit   
  21  alpha_A0     5.01898e-03   3.31591e-04  -3.39729e-04   3.39805e-04
  22  beta_A0      3.54105e-03   3.30236e-04  -3.29733e-04   3.29700e-04
  23  alpha_phi    9.32981e-04   3.48447e-04  -3.51579e-04   3.51626e-04
  24  beta_phi     1.17147e-03   3.31102e-04  -3.51008e-04   3.51104e-04
  25  alpha_vw_m_cbo   4.13027e-04   1.58700e-04  -1.59886e-04   1.59912e-04
  26  w_vw_m_cbo   1.20142e+01   constant   
  27  beta_vw_m_cbo   1.25891e-04   1.62308e-04  -1.62848e-04   1.62850e-04
  28  alpha_vw_p_cbo  -4.06376e-04   1.60235e-04  -1.60783e-04   1.60802e-04
  29  w_vw_p_cbo   1.67139e+01   constant   
  30  beta_vw_p_cbo  -1.61124e-04   1.62298e-04  -1.62249e-04   1.62249e-04
 **********
 **   88 **SHO COR 
 **********
 PARAMETER  CORRELATION COEFFICIENTS  
       NO.  GLOBAL      1      3      4      6      8      9     10     11     13     14     16     20     21     22     23     24
        1  0.20635   1.000 -0.076  0.059  0.099  0.025 -0.017  0.009  0.018  0.043  0.018  0.020  0.000 -0.058 -0.090  0.020 -0.129
        3  0.27505  -0.076  1.000  0.017 -0.147 -0.075  0.103  0.011  0.009 -0.061  0.061  0.002  0.000  0.062  0.152 -0.100  0.125
        4  0.22073   0.059  0.017  1.000  0.020 -0.156 -0.021  0.103  0.022 -0.066  0.042  0.012  0.000 -0.061  0.038 -0.058  0.019
        6  0.20941   0.099 -0.147  0.020  1.000 -0.015 -0.054  0.057 -0.007  0.050 -0.016 -0.013  0.000 -0.044 -0.068  0.061 -0.090
        8  0.22203   0.025 -0.075 -0.156 -0.015  1.000 -0.009 -0.038  0.005  0.039 -0.077  0.003  0.000  0.064 -0.043  0.104  0.013
        9  0.18040  -0.017  0.103 -0.021 -0.054 -0.009  1.000 -0.039 -0.001 -0.064 -0.017  0.008  0.000  0.023  0.064 -0.044  0.120
       10  0.15164   0.009  0.011  0.103  0.057 -0.038 -0.039  1.000 -0.016 -0.024  0.027  0.001  0.000 -0.066 -0.012 -0.048 -0.025
       11  0.36552   0.018  0.009  0.022 -0.007  0.005 -0.001 -0.016  1.000 -0.002  0.016  0.357  0.000 -0.026  0.010 -0.026  0.002
       13  0.16020   0.043 -0.061 -0.066  0.050  0.039 -0.064 -0.024 -0.002  1.000 -0.069 -0.001  0.000 -0.001 -0.061  0.065  0.012
       14  0.15380   0.018  0.061  0.042 -0.016 -0.077 -0.017  0.027  0.016 -0.069  1.000  0.010  0.000 -0.013  0.047 -0.043  0.078
       16  0.36401   0.020  0.002  0.012 -0.013  0.003  0.008  0.001  0.357 -0.001  0.010  1.000  0.000 -0.018  0.001  0.000 -0.002
       20  0.00000   0.000  0.000  0.000  0.000  0.000  0.000  0.000  0.000  0.000  0.000  0.000  1.000  0.000  0.000  0.000  0.000
       21  0.14319  -0.058  0.062 -0.061 -0.044  0.064  0.023 -0.066 -0.026 -0.001 -0.013 -0.018  0.000  1.000  0.025 -0.009  0.047
       22  0.21132  -0.090  0.152  0.038 -0.068 -0.043  0.064 -0.012  0.010 -0.061  0.047  0.001  0.000  0.025  1.000 -0.087  0.079
       23  0.19465   0.020 -0.100 -0.058  0.061  0.104 -0.044 -0.048 -0.026  0.065 -0.043  0.000  0.000 -0.009 -0.087  1.000 -0.075
       24  0.24637  -0.129  0.125  0.019 -0.090  0.013  0.120 -0.025  0.002  0.012  0.078 -0.002  0.000  0.047  0.079 -0.075  1.000
       25  0.07552   0.009  0.003  0.015 -0.000  0.008 -0.011 -0.010  0.014  0.004  0.006  0.059  0.000 -0.013  0.006 -0.014  0.000
                     1.000 -0.009  0.008  0.032
       27  0.06880   0.026 -0.040  0.010  0.021  0.004 -0.019  0.009 -0.026  0.018 -0.003 -0.027  0.000 -0.016 -0.021  0.013 -0.030
                    -0.009  1.000 -0.010 -0.003
       28  0.06207  -0.004  0.025 -0.007 -0.018 -0.013  0.006  0.000  0.030 -0.018 -0.001  0.024  0.000  0.010  0.021 -0.009  0.033
                     0.008 -0.010  1.000  0.015
       30  0.10427  -0.020 -0.000 -0.012  0.016 -0.003  0.009  0.003  0.080 -0.012 -0.006  0.064  0.000  0.006 -0.017  0.014 -0.001
                     0.032 -0.003  0.015  1.000
 ELEMENTS ABOVE DIAGONAL ARE NOT PRINTED.
