 + ++++++++++++++++++++++++++++++++++++++++++++++++++++++++++++++++++++ +
 +                                                                      +
 +           You have chose to blind your fitting according to          +
 +                omega_ref * (1 + (R +/- deltaR) *10^{-6})             +
 +                                                                      +
 + ++++++++++++++++++++++++++++++++++++++++++++++++++++++++++++++++++++ +
In main()...
reading format from ./formats/formatB_sBin_constraintOn.txt
Parameters after format file: pBinTau 0 pBinPhi 0 constraintau 1 includeMopTerm 0 constrainMop 0 c_e_scale 0.000000 
Opening file /gm2data/tbarrett/gm2fr/studies/run23_bunch_corrections/CorrectedFourier_Run3b.root.
reading reference data from /gm2data/zkhechad/cboTemplates/Run4CBOTemplates/templateFits3_floatBoth/noRF/sBin_constraintOn_cE0.0_seed0_noRF_calo8.root (fixing 5-param to these terms)
windowBins = 69
fitting sliding window 102 from bin 238 at 35.360400 to bin 307 at 45.804400 (69 bins)

Reading data from /gm2data/cornell/histograms/aMethod/histogram_a_noRF.root
 **********
 **    1 **SET PRINTOUT            1
 **********
 **********
 **    2 **SET NOWARNINGS 
 **********
 PARAMETER DEFINITIONS:
    NO.   NAME         VALUE      STEP SIZE      LIMITS
     1 N0           2.93764e+06  1.00000e+02     no limits
     2 tau          6.44033e+01  constant
     3 A0           3.52919e-01  1.00000e-04     no limits
     4 phi          4.11515e+00  1.00000e-02     no limits
     5 R           -6.08676e+01  constant
     6 alpha_CBO    0.00000e+00  1.00000e-03     no limits
     7 w_CBO        2.32735e+00  constant
     8 beta_CBO     0.00000e+00  1.00000e-03     no limits
     9 alpha_2CBO   0.00000e+00  1.00000e-03     no limits
    10 beta_2CBO    0.00000e+00  1.00000e-03     no limits
    11 alpha_y      0.00000e+00  1.00000e-03     no limits
    12 w_y          1.38984e+01  constant
    13 beta_y       0.00000e+00  1.00000e-03     no limits
    14 alpha_vw     0.00000e+00  1.00000e-03     no limits
    15 w_vw         1.43156e+01  constant
    16 beta_vw      0.00000e+00  1.00000e-03     no limits
    17 LM           8.27773e-05  constant
    18 zeta_y       0.00000e+00  constant
    19 zeta_vw      0.00000e+00  constant
    20 T_CBO        1.00000e+02  1.00000e+00    0.00000e+00  1.00000e+03
    21 alpha_A0     0.00000e+00  1.00000e-03     no limits
    22 beta_A0      0.00000e+00  1.00000e-03     no limits
    23 alpha_phi    0.00000e+00  1.00000e-03     no limits
    24 beta_phi     0.00000e+00  1.00000e-03     no limits
    25 alpha_vw_m_cbo   0.00000e+00  1.00000e-03     no limits
    26 w_vw_m_cbo   1.20142e+01  constant
    27 beta_vw_m_cbo   0.00000e+00  1.00000e-03     no limits
    28 alpha_vw_p_cbo   0.00000e+00  1.00000e-04     no limits
    29 w_vw_p_cbo   1.67139e+01  constant
    30 beta_vw_p_cbo   0.00000e+00  1.00000e-04     no limits
MINUIT - FIT ONLY WIGGLE
 **********
 **    3 **FIX            5
 **********
 PARAMETER    5  IS CONSTANT.   IGNORED.
 **********
 **    4 **FIX            6
 **********
 **********
 **    5 **FIX            7
 **********
 PARAMETER    7  IS CONSTANT.   IGNORED.
 **********
 **    6 **FIX            8
 **********
 **********
 **    7 **FIX            9
 **********
 **********
 **    8 **FIX           10
 **********
 **********
 **    9 **FIX           11
 **********
 **********
 **   10 **FIX           12
 **********
 PARAMETER   12  IS CONSTANT.   IGNORED.
 **********
 **   11 **FIX           13
 **********
 **********
 **   12 **FIX           14
 **********
 **********
 **   13 **FIX           15
 **********
 PARAMETER   15  IS CONSTANT.   IGNORED.
 **********
 **   14 **FIX           16
 **********
 **********
 **   15 **MIGRAD
 **********
 FIRST CALL TO USER FUNCTION AT NEW START POINT, WITH IFLAG=4.
 START MIGRAD MINIMIZATION.  STRATEGY  1.  CONVERGENCE WHEN EDM .LT. 1.00e-04
 FCN=2.97232e+08 FROM MIGRAD    STATUS=INITIATE      843 CALLS         844 TOTAL
                     EDM= unknown      STRATEGY= 1      NO ERROR MATRIX       
  EXT PARAMETER               CURRENT GUESS       STEP         FIRST   
  NO.   NAME      VALUE            ERROR          SIZE      DERIVATIVE 
   1  N0           2.93764e+06   1.00000e+02   0.00000e+00   4.04629e+02
   2  tau          6.44033e+01   constant   
   3  A0           3.52919e-01   1.00000e-04   0.00000e+00  -1.69925e+08
   4  phi          4.11515e+00   1.00000e-02   0.00000e+00  -3.97406e+07
   5  R           -6.08676e+01   constant   
   6  alpha_CBO    0.00000e+00     fixed    
   7  w_CBO        2.32735e+00   constant   
   8  beta_CBO     0.00000e+00     fixed    
   9  alpha_2CBO   0.00000e+00     fixed    
  10  beta_2CBO    0.00000e+00     fixed    
  11  alpha_y      0.00000e+00     fixed    
  12  w_y          1.38984e+01   constant   
  13  beta_y       0.00000e+00     fixed    
  14  alpha_vw     0.00000e+00     fixed    
  15  w_vw         1.43156e+01   constant   
  16  beta_vw      0.00000e+00     fixed    
  17  LM           8.27773e-05   constant   
  18  zeta_y       0.00000e+00   constant   
  19  zeta_vw      0.00000e+00   constant   
  20  T_CBO        1.00000e+02   1.00000e+00   0.00000e+00   0.00000e+00
  21  alpha_A0     0.00000e+00   1.00000e-03   0.00000e+00   3.17711e+07
  22  beta_A0      0.00000e+00   1.00000e-03   0.00000e+00  -3.75478e+07
  23  alpha_phi    0.00000e+00   1.00000e-03   0.00000e+00   2.66348e+07
  24  beta_phi     0.00000e+00   1.00000e-03   0.00000e+00   3.63971e+07
  25  alpha_vw_m_cbo   0.00000e+00   1.00000e-03   0.00000e+00   8.01833e+06
  26  w_vw_m_cbo   1.20142e+01   constant   
  27  beta_vw_m_cbo   0.00000e+00   1.00000e-03   0.00000e+00  -1.53921e+06
  28  alpha_vw_p_cbo   0.00000e+00   1.00000e-04   0.00000e+00   1.23926e+05
  29  w_vw_p_cbo   1.67139e+01   constant   
  30  beta_vw_p_cbo   0.00000e+00   1.00000e-04   0.00000e+00   7.63150e+06
 MIGRAD MINIMIZATION HAS CONVERGED.
 FCN=17707.9 FROM MIGRAD    STATUS=CONVERGED    1204 CALLS        1205 TOTAL
                     EDM=2.1668e-07    STRATEGY= 1  ERROR MATRIX UNCERTAINTY   1.2 per cent
  EXT PARAMETER                                   STEP         FIRST   
  NO.   NAME      VALUE            ERROR          SIZE      DERIVATIVE 
   1  N0           1.46884e+06   9.10066e+01  -2.88073e-01   1.57749e-06
   2  tau          6.44033e+01   constant   
   3  A0           3.54749e-01   6.69129e-05  -6.84239e-07   2.68980e+00
   4  phi          4.11524e+00   2.26886e-04  -1.86184e-07   7.43660e-01
   5  R           -6.08676e+01   constant   
   6  alpha_CBO    0.00000e+00     fixed    
   7  w_CBO        2.32735e+00   constant   
   8  beta_CBO     0.00000e+00     fixed    
   9  alpha_2CBO   0.00000e+00     fixed    
  10  beta_2CBO    0.00000e+00     fixed    
  11  alpha_y      0.00000e+00     fixed    
  12  w_y          1.38984e+01   constant   
  13  beta_y       0.00000e+00     fixed    
  14  alpha_vw     0.00000e+00     fixed    
  15  w_vw         1.43156e+01   constant   
  16  beta_vw      0.00000e+00     fixed    
  17  LM           8.27773e-05   constant   
  18  zeta_y       0.00000e+00   constant   
  19  zeta_vw      0.00000e+00   constant   
  20  T_CBO        1.00000e+02   5.20646e+02  -0.00000e+00   0.00000e+00
  21  alpha_A0     1.47097e-03   2.95506e-04  -6.42529e-07   1.77203e+00
  22  beta_A0      7.72551e-04   2.11298e-04   1.34104e-06  -1.94181e+00
  23  alpha_phi   -3.43289e-03   3.14850e-04   2.15491e-07   2.48665e+00
  24  beta_phi     4.32375e-03   3.21831e-04  -1.70013e-06   6.97654e-01
  25  alpha_vw_m_cbo   8.40535e-04   1.09062e-04  -3.43802e-07   4.40856e-01
  26  w_vw_m_cbo   1.20142e+01   constant   
  27  beta_vw_m_cbo  -6.41266e-04   1.01653e-04  -8.97398e-07  -5.07212e+00
  28  alpha_vw_p_cbo  -2.44178e-04   1.16836e-04  -1.47689e-06  -1.93324e+00
  29  w_vw_p_cbo   1.67139e+01   constant   
  30  beta_vw_p_cbo   8.40397e-04   1.15983e-04  -8.62801e-07   4.83633e-01
 EXTERNAL ERROR MATRIX.    NDIM=  31    NPAR= 12    ERR DEF=1
 ELEMENTS ABOVE DIAGONAL ARE NOT PRINTED.
  8.282e+03 
  1.080e-03  4.477e-09 
  2.731e-03 -2.001e-09  5.148e-08 
  0.000e+00  0.000e+00  0.000e+00  1.800e+05 
 -3.809e-03  1.061e-09 -1.075e-08  0.000e+00  8.732e-08 
  3.612e-03  2.600e-09  2.484e-09  0.000e+00 -1.299e-08  4.465e-08 
 -2.543e-03 -4.838e-09  8.337e-09  0.000e+00 -2.166e-08  2.278e-09  9.913e-08 
 -5.573e-03 -2.695e-10 -7.967e-09  0.000e+00  7.065e-09 -7.107e-09 -5.149e-09  1.036e-07 
 -2.590e-04 -8.277e-10 -4.779e-10  0.000e+00 -7.478e-09 -7.459e-09 -2.226e-09 -1.972e-09  1.189e-08 
  3.726e-05  1.782e-09  2.675e-09  0.000e+00  3.888e-09 -1.104e-09  7.162e-09  6.870e-10 -1.087e-09  1.033e-08 
  3.143e-05  2.356e-09  1.983e-09  0.000e+00  2.460e-09 -6.534e-09  4.155e-09 -9.198e-10  1.839e-09  4.110e-09  1.365e-08 
 -2.321e-04  1.638e-10 -3.582e-10  0.000e+00 -5.615e-09 -9.586e-09 -2.103e-09 -1.985e-09  5.550e-09  3.087e-10  4.135e-09 
 -2.321e-04  1.638e-10 -3.582e-10  0.000e+00 -5.615e-09 -9.586e-09 -2.103e-09 -1.985e-09  5.550e-09  3.087e-10  4.135e-09  1.345e-08 
 PARAMETER  CORRELATION COEFFICIENTS  
       NO.  GLOBAL      1      3      4     20     21     22     23     24     25     27     28     30
        1  0.34936   1.000  0.177  0.132  0.000 -0.142  0.188 -0.089 -0.190 -0.026  0.004  0.003 -0.022
        3  0.58440   0.177  1.000 -0.132  0.000  0.054  0.184 -0.230 -0.013 -0.113  0.262  0.301  0.021
        4  0.34009   0.132 -0.132  1.000  0.000 -0.160  0.052  0.117 -0.109 -0.019  0.116  0.075 -0.014
       20  0.00000   0.000  0.000  0.000  1.000  0.000  0.000  0.000  0.000  0.000  0.000  0.000  0.000
       21  0.54065  -0.142  0.054 -0.160  0.000  1.000 -0.208 -0.233  0.074 -0.232  0.129  0.071 -0.164
       22  0.60148   0.188  0.184  0.052  0.000 -0.208  1.000  0.034 -0.105 -0.324 -0.051 -0.265 -0.391
       23  0.51630  -0.089 -0.230  0.117  0.000 -0.233  0.034  1.000 -0.051 -0.065  0.224  0.113 -0.058
       24  0.25916  -0.190 -0.013 -0.109  0.000  0.074 -0.105 -0.051  1.000 -0.056  0.021 -0.024 -0.053
       25  0.54494  -0.026 -0.113 -0.019  0.000 -0.232 -0.324 -0.065 -0.056  1.000 -0.098  0.144  0.439
       27  0.50314   0.004  0.262  0.116  0.000  0.129 -0.051  0.224  0.021 -0.098  1.000  0.346  0.026
       28  0.57677   0.003  0.301  0.075  0.000  0.071 -0.265  0.113 -0.024  0.144  0.346  1.000  0.305
       30  0.58088  -0.022  0.021 -0.014  0.000 -0.164 -0.391 -0.058 -0.053  0.439  0.026  0.305  1.000
MINUIT - FIT ONLY 1-CBO + wiggle
 **********
 **   16 **RES 
 **********
                   PARAMETER   16  beta_vw RESTORED TO VARIABLE.
                   PARAMETER   14  alpha_vw RESTORED TO VARIABLE.
                   PARAMETER   13  beta_y RESTORED TO VARIABLE.
                   PARAMETER   11  alpha_y RESTORED TO VARIABLE.
                   PARAMETER   10  beta_2CBO RESTORED TO VARIABLE.
                   PARAMETER    9  alpha_2CBO RESTORED TO VARIABLE.
                   PARAMETER    8  beta_CBO RESTORED TO VARIABLE.
                   PARAMETER    6  alpha_CBO RESTORED TO VARIABLE.
 **********
 **   17 **FIX            8
 **********
 **********
 **   18 **FIX            9
 **********
 **********
 **   19 **FIX           11
 **********
 **********
 **   20 **FIX           12
 **********
 PARAMETER   12  IS CONSTANT.   IGNORED.
 **********
 **   21 **FIX           14
 **********
 **********
 **   22 **FIX           15
 **********
 PARAMETER   15  IS CONSTANT.   IGNORED.
 **********
 **   23 **FIX           16
 **********
 **********
 **   24 **MIGRAD
 **********
 START MIGRAD MINIMIZATION.  STRATEGY  1.  CONVERGENCE WHEN EDM .LT. 1.00e-04
 FCN=17707.9 FROM MIGRAD    STATUS=INITIATE     1225 CALLS        2430 TOTAL
                     EDM= unknown      STRATEGY= 1      NO ERROR MATRIX       
  EXT PARAMETER               CURRENT GUESS       STEP         FIRST   
  NO.   NAME      VALUE            ERROR          SIZE      DERIVATIVE 
   1  N0           1.46884e+06   9.10066e+01   0.00000e+00   1.57749e-06
   2  tau          6.44033e+01   constant   
   3  A0           3.54749e-01   6.69129e-05   0.00000e+00   2.68980e+00
   4  phi          4.11524e+00   2.26886e-04   0.00000e+00   7.43661e-01
   5  R           -6.08676e+01   constant   
   6  alpha_CBO    0.00000e+00   1.00000e-03   0.00000e+00  -1.28115e+06
   7  w_CBO        2.32735e+00   constant   
   8  beta_CBO     0.00000e+00     fixed    
   9  alpha_2CBO   0.00000e+00     fixed    
  10  beta_2CBO    0.00000e+00   1.00000e-03   0.00000e+00   7.17415e+03
  11  alpha_y      0.00000e+00     fixed    
  12  w_y          1.38984e+01   constant   
  13  beta_y       0.00000e+00   1.00000e-03   0.00000e+00  -2.60776e+05
  14  alpha_vw     0.00000e+00     fixed    
  15  w_vw         1.43156e+01   constant   
  16  beta_vw      0.00000e+00     fixed    
  17  LM           8.27773e-05   constant   
  18  zeta_y       0.00000e+00   constant   
  19  zeta_vw      0.00000e+00   constant   
  20  T_CBO        1.00000e+02   5.20646e+02   0.00000e+00   0.00000e+00
  21  alpha_A0     1.47097e-03   2.95506e-04   0.00000e+00   1.77203e+00
  22  beta_A0      7.72551e-04   2.11298e-04   0.00000e+00  -1.94181e+00
  23  alpha_phi   -3.43289e-03   3.14850e-04   0.00000e+00   2.48664e+00
  24  beta_phi     4.32375e-03   3.21831e-04   0.00000e+00   6.97649e-01
  25  alpha_vw_m_cbo   8.40535e-04   1.09062e-04   0.00000e+00   4.40856e-01
  26  w_vw_m_cbo   1.20142e+01   constant   
  27  beta_vw_m_cbo  -6.41266e-04   1.01653e-04   0.00000e+00  -5.07212e+00
  28  alpha_vw_p_cbo  -2.44178e-04   1.16836e-04   0.00000e+00  -1.93324e+00
  29  w_vw_p_cbo   1.67139e+01   constant   
  30  beta_vw_p_cbo   8.40397e-04   1.15983e-04   0.00000e+00   4.83637e-01
 MIGRAD MINIMIZATION HAS CONVERGED.
 FCN=4936.51 FROM MIGRAD    STATUS=CONVERGED    1446 CALLS        2651 TOTAL
                     EDM=6.63837e-07    STRATEGY= 1  ERROR MATRIX UNCERTAINTY   1.5 per cent
  EXT PARAMETER                                   STEP         FIRST   
  NO.   NAME      VALUE            ERROR          SIZE      DERIVATIVE 
   1  N0           1.46879e+06   9.09144e+01  -5.58217e-02   1.58816e-06
   2  tau          6.44033e+01   constant   
   3  A0           3.53739e-01   7.56928e-05   4.71839e-09  -7.94720e+00
   4  phi          4.11219e+00   2.33845e-04  -1.42285e-07   1.42019e+00
   5  R           -6.08676e+01   constant   
   6  alpha_CBO    1.91702e-02   1.72798e-04   4.82064e-08  -1.33216e-01
   7  w_CBO        2.32735e+00   constant   
   8  beta_CBO     0.00000e+00     fixed    
   9  alpha_2CBO   0.00000e+00     fixed    
  10  beta_2CBO    3.12400e-04   1.65072e-04  -9.52780e-08  -1.87509e+00
  11  alpha_y      0.00000e+00     fixed    
  12  w_y          1.38984e+01   constant   
  13  beta_y       3.76906e-03   1.65252e-04  -2.63959e-07   1.97335e+00
  14  alpha_vw     0.00000e+00     fixed    
  15  w_vw         1.43156e+01   constant   
  16  beta_vw      0.00000e+00     fixed    
  17  LM           8.27773e-05   constant   
  18  zeta_y       0.00000e+00   constant   
  19  zeta_vw      0.00000e+00   constant   
  20  T_CBO        1.00000e+02   5.20646e+02  -0.00000e+00   0.00000e+00
  21  alpha_A0     6.56319e-03   3.26552e-04   1.21066e-06  -7.99650e-01
  22  beta_A0      1.61653e-03   2.78947e-04   3.31237e-07  -1.72212e+00
  23  alpha_phi   -3.44888e-04   3.30260e-04  -1.43307e-06  -1.17263e+00
  24  beta_phi     3.93661e-03   3.20765e-04  -7.05354e-07   5.77716e-01
  25  alpha_vw_m_cbo   4.84091e-04   1.64732e-04  -2.56673e-09   2.26480e-01
  26  w_vw_m_cbo   1.20142e+01   constant   
  27  beta_vw_m_cbo  -2.82542e-04   1.64143e-04  -1.23759e-07   5.62481e+00
  28  alpha_vw_p_cbo  -1.38044e-04   1.65809e-04  -1.39504e-07   2.92300e+00
  29  w_vw_p_cbo   1.67139e+01   constant   
  30  beta_vw_p_cbo   3.07940e-04   1.63139e-04   1.05483e-07  -3.15165e+00
 EXTERNAL ERROR MATRIX.    NDIM=  31    NPAR= 15    ERR DEF=1
 ELEMENTS ABOVE DIAGONAL ARE NOT PRINTED.
  8.265e+03 
  9.941e-04  5.729e-09 
  2.966e-03 -6.729e-10  5.468e-08 
 -2.155e-04 -1.588e-09 -4.729e-09  2.986e-08 
  8.456e-05  7.544e-10 -2.978e-09  5.193e-10  2.725e-08 
  1.795e-04  4.036e-11 -3.844e-10  3.195e-10  4.318e-10  2.731e-08 
  0.000e+00  0.000e+00  0.000e+00  0.000e+00  0.000e+00  0.000e+00  1.800e+05 
 -4.054e-03  2.221e-09 -8.985e-09  7.846e-09  7.434e-09  6.535e-10  0.000e+00  1.066e-07 
  3.193e-03 -8.979e-10  2.105e-09  1.363e-09 -1.870e-09 -3.710e-10  0.000e+00  2.132e-10  7.781e-08 
 -2.942e-03 -2.893e-09  9.378e-09  5.025e-09 -8.015e-09 -1.146e-09  0.000e+00 -1.513e-08  4.753e-09  1.091e-07 
 -5.764e-03 -7.120e-10 -6.392e-09 -5.490e-10 -1.939e-09  3.094e-11  0.000e+00  8.581e-09 -4.601e-09 -3.481e-09  1.029e-07 
 -1.538e-04  3.302e-11  7.382e-11 -5.553e-10 -2.071e-10 -5.364e-11  0.000e+00 -3.184e-10  2.825e-10  2.239e-10 -7.068e-10 
 -1.538e-04  3.302e-11  7.382e-11 -5.553e-10 -2.071e-10 -5.364e-11  0.000e+00 -3.184e-10  2.825e-10  2.239e-10 -7.068e-10  2.714e-08 
  3.811e-04  4.777e-12  3.845e-10  4.388e-10 -1.748e-10  5.847e-10  0.000e+00 -1.429e-09 -8.470e-10  1.358e-09  2.447e-10 
  3.811e-04  4.777e-12  3.845e-10  4.388e-10 -1.748e-10  5.847e-10  0.000e+00 -1.429e-09 -8.470e-10  1.358e-09  2.447e-10  1.388e-11  2.694e-08 
  1.647e-04 -1.567e-12  1.887e-10  9.730e-11 -2.142e-10  3.319e-10  0.000e+00 -6.186e-10 -6.831e-10  3.738e-10  5.196e-11 
  1.647e-04 -1.567e-12  1.887e-10  9.730e-11 -2.142e-10  3.319e-10  0.000e+00 -6.186e-10 -6.831e-10  3.738e-10  5.196e-11  3.128e-12  2.283e-10  2.749e-08 
 -3.413e-04 -2.397e-12 -5.908e-11 -7.463e-10  3.827e-11 -4.270e-10  0.000e+00  1.978e-10  8.391e-10 -1.613e-10 -3.532e-10 
 -3.413e-04 -2.397e-12 -5.908e-11 -7.463e-10  3.827e-11 -4.270e-10  0.000e+00  1.978e-10  8.391e-10 -1.613e-10 -3.532e-10 -4.814e-11 -1.699e-10 -1.240e-10  2.661e-08 
 PARAMETER  CORRELATION COEFFICIENTS  
       NO.  GLOBAL      1      3      4      6     10     13     20     21     22     23     24     25     27     28     30
        1  0.35145   1.000  0.144  0.139 -0.014  0.006  0.012  0.000 -0.137  0.126 -0.098 -0.198 -0.010  0.026  0.011 -0.023
        3  0.25238   0.144  1.000 -0.038 -0.121  0.060  0.003  0.000  0.090 -0.043 -0.116 -0.029  0.003  0.000 -0.000 -0.000
        4  0.25607   0.139 -0.038  1.000 -0.117 -0.077 -0.010  0.000 -0.118  0.032  0.121 -0.085  0.002  0.010  0.005 -0.002
        6  0.25505  -0.014 -0.121 -0.117  1.000  0.018  0.011  0.000  0.139  0.028  0.088 -0.010 -0.020  0.015  0.003 -0.026
       10  0.20851   0.006  0.060 -0.077  0.018  1.000  0.016  0.000  0.138 -0.041 -0.147 -0.037 -0.008 -0.006 -0.008  0.001
       13  0.04340   0.012  0.003 -0.010  0.011  0.016  1.000  0.000  0.012 -0.008 -0.021  0.001 -0.002  0.022  0.012 -0.016
       20  0.00000   0.000  0.000  0.000  0.000  0.000  0.000  1.000  0.000  0.000  0.000  0.000  0.000  0.000  0.000  0.000
       21  0.31063  -0.137  0.090 -0.118  0.139  0.138  0.012  0.000  1.000  0.002 -0.140  0.082 -0.006 -0.027 -0.011  0.004
       22  0.16661   0.126 -0.043  0.032  0.028 -0.041 -0.008  0.000  0.002  1.000  0.052 -0.051  0.006 -0.018 -0.015  0.018
       23  0.29295  -0.098 -0.116  0.121  0.088 -0.147 -0.021  0.000 -0.140  0.052  1.000 -0.033  0.004  0.025  0.007 -0.003
       24  0.22583  -0.198 -0.029 -0.085 -0.010 -0.037  0.001  0.000  0.082 -0.051 -0.033  1.000 -0.013  0.005  0.001 -0.007
       25  0.02994  -0.010  0.003  0.002 -0.020 -0.008 -0.002  0.000 -0.006  0.006  0.004 -0.013  1.000  0.001  0.000 -0.002
       27  0.05766   0.026  0.000  0.010  0.015 -0.006  0.022  0.000 -0.027 -0.018  0.025  0.005  0.001  1.000  0.008 -0.006
       28  0.02869   0.011 -0.000  0.005  0.003 -0.008  0.012  0.000 -0.011 -0.015  0.007  0.001  0.000  0.008  1.000 -0.005
       30  0.04675  -0.023 -0.000 -0.002 -0.026  0.001 -0.016  0.000  0.004  0.018 -0.003 -0.007 -0.002 -0.006 -0.005  1.000
MINUIT - FIT ONLY 2-CBO
 **********
 **   25 **RES 
 **********
                   PARAMETER   16  beta_vw RESTORED TO VARIABLE.
                   PARAMETER   14  alpha_vw RESTORED TO VARIABLE.
                   PARAMETER   11  alpha_y RESTORED TO VARIABLE.
                   PARAMETER    9  alpha_2CBO RESTORED TO VARIABLE.
                   PARAMETER    8  beta_CBO RESTORED TO VARIABLE.
 **********
 **   26 **FIX            0
 **********
 PARAMETER    0  IS UNDEFINED. IGNORED.
 **********
 **   27 **FIX            1
 **********
 **********
 **   28 **FIX            2
 **********
 PARAMETER    2  IS CONSTANT.   IGNORED.
 **********
 **   29 **FIX            3
 **********
 **********
 **   30 **FIX            4
 **********
 **********
 **   31 **FIX            5
 **********
 PARAMETER    5  IS CONSTANT.   IGNORED.
 **********
 **   32 **FIX            6
 **********
 **********
 **   33 **FIX            7
 **********
 PARAMETER    7  IS CONSTANT.   IGNORED.
 **********
 **   34 **FIX           10
 **********
 **********
 **   35 **FIX           11
 **********
 **********
 **   36 **FIX           12
 **********
 PARAMETER   12  IS CONSTANT.   IGNORED.
 **********
 **   37 **FIX           13
 **********
 **********
 **   38 **FIX           14
 **********
 **********
 **   39 **FIX           15
 **********
 PARAMETER   15  IS CONSTANT.   IGNORED.
 **********
 **   40 **FIX           16
 **********
 **********
 **   41 **MIGRAD
 **********
 START MIGRAD MINIMIZATION.  STRATEGY  1.  CONVERGENCE WHEN EDM .LT. 1.00e-04
 FCN=4936.51 FROM MIGRAD    STATUS=INITIATE      719 CALLS        3370 TOTAL
                     EDM= unknown      STRATEGY= 1      NO ERROR MATRIX       
  EXT PARAMETER               CURRENT GUESS       STEP         FIRST   
  NO.   NAME      VALUE            ERROR          SIZE      DERIVATIVE 
   1  N0           1.46879e+06     fixed    
   2  tau          6.44033e+01   constant   
   3  A0           3.53739e-01     fixed    
   4  phi          4.11219e+00     fixed    
   5  R           -6.08676e+01   constant   
   6  alpha_CBO    1.91702e-02     fixed    
   7  w_CBO        2.32735e+00   constant   
   8  beta_CBO     0.00000e+00   1.00000e-03   0.00000e+00   6.65753e+05
   9  alpha_2CBO   0.00000e+00   1.00000e-03   0.00000e+00  -7.14239e+02
  10  beta_2CBO    3.12400e-04     fixed    
  11  alpha_y      0.00000e+00     fixed    
  12  w_y          1.38984e+01   constant   
  13  beta_y       3.76906e-03     fixed    
  14  alpha_vw     0.00000e+00     fixed    
  15  w_vw         1.43156e+01   constant   
  16  beta_vw      0.00000e+00     fixed    
  17  LM           8.27773e-05   constant   
  18  zeta_y       0.00000e+00   constant   
  19  zeta_vw      0.00000e+00   constant   
  20  T_CBO        1.00000e+02   5.20646e+02   0.00000e+00   0.00000e+00
  21  alpha_A0     6.56319e-03   3.26552e-04   0.00000e+00  -7.99652e-01
  22  beta_A0      1.61653e-03   2.78947e-04   0.00000e+00  -1.72212e+00
  23  alpha_phi   -3.44888e-04   3.30260e-04   0.00000e+00  -1.17263e+00
  24  beta_phi     3.93661e-03   3.20765e-04   0.00000e+00   5.77721e-01
  25  alpha_vw_m_cbo   4.84091e-04   1.64732e-04   0.00000e+00   2.26481e-01
  26  w_vw_m_cbo   1.20142e+01   constant   
  27  beta_vw_m_cbo  -2.82542e-04   1.64143e-04   0.00000e+00   5.62481e+00
  28  alpha_vw_p_cbo  -1.38044e-04   1.65809e-04   0.00000e+00   2.92301e+00
  29  w_vw_p_cbo   1.67139e+01   constant   
  30  beta_vw_p_cbo   3.07940e-04   1.63139e-04   0.00000e+00  -3.15164e+00
 MIGRAD MINIMIZATION HAS CONVERGED.
 MIGRAD WILL VERIFY CONVERGENCE AND ERROR MATRIX.
  MNHESS FAILS AND WILL RETURN DIAGONAL MATRIX. 
 FCN=1872.21 FROM MIGRAD    STATUS=CONVERGED     844 CALLS        3495 TOTAL
                     EDM=6.1047e-06    STRATEGY= 1  ERROR MATRIX UNCERTAINTY 100.0 per cent
  EXT PARAMETER                APPROXIMATE        STEP         FIRST   
  NO.   NAME      VALUE            ERROR          SIZE      DERIVATIVE 
   1  N0           1.46879e+06     fixed    
   2  tau          6.44033e+01   constant   
   3  A0           3.53739e-01     fixed    
   4  phi          4.11219e+00     fixed    
   5  R           -6.08676e+01   constant   
   6  alpha_CBO    1.91702e-02     fixed    
   7  w_CBO        2.32735e+00   constant   
   8  beta_CBO    -9.20630e-03   1.61286e-04   3.40848e-06  -5.63416e-01
   9  alpha_2CBO   2.10225e-04   1.65310e-04   3.49352e-06  -1.74691e+01
  10  beta_2CBO    3.12400e-04     fixed    
  11  alpha_y      0.00000e+00     fixed    
  12  w_y          1.38984e+01   constant   
  13  beta_y       3.76906e-03     fixed    
  14  alpha_vw     0.00000e+00     fixed    
  15  w_vw         1.43156e+01   constant   
  16  beta_vw      0.00000e+00     fixed    
  17  LM           8.27773e-05   constant   
  18  zeta_y       0.00000e+00   constant   
  19  zeta_vw      0.00000e+00   constant   
  20  T_CBO        1.00000e+02   7.59439e+02  -0.00000e+00   0.00000e+00
  21  alpha_A0     5.92421e-03   3.06799e-04  -1.03381e-06  -3.79504e+00
  22  beta_A0     -1.49603e-03   2.77647e-04  -2.52919e-06   1.86464e+00
  23  alpha_phi    1.25535e-04   3.14760e-04   4.90446e-08   9.85432e+00
  24  beta_phi     1.40234e-03   3.16125e-04   3.92576e-06  -1.07641e+00
  25  alpha_vw_m_cbo   4.26915e-04   1.64912e-04  -1.11058e-07   3.82187e+00
  26  w_vw_m_cbo   1.20142e+01   constant   
  27  beta_vw_m_cbo  -3.23837e-04   1.63212e-04   3.09803e-07  -1.75258e+00
  28  alpha_vw_p_cbo  -1.84516e-04   1.65272e-04  -2.38282e-07   2.11954e+00
  29  w_vw_p_cbo   1.67139e+01   constant   
  30  beta_vw_p_cbo   2.96249e-04   1.62865e-04  -2.80407e-07   3.18627e+00
 EXTERNAL ERROR MATRIX.    NDIM=  31    NPAR= 11    ERR DEF=1
  2.601e-08 
  0.000e+00  2.733e-08 
  0.000e+00  0.000e+00  5.421e+05 
  0.000e+00  0.000e+00  0.000e+00  9.413e-08 
  0.000e+00  0.000e+00  0.000e+00  0.000e+00  7.709e-08 
  0.000e+00  0.000e+00  0.000e+00  0.000e+00  0.000e+00  9.907e-08 
  0.000e+00  0.000e+00  0.000e+00  0.000e+00  0.000e+00  0.000e+00  9.993e-08 
  0.000e+00  0.000e+00  0.000e+00  0.000e+00  0.000e+00  0.000e+00  0.000e+00  2.720e-08 
  0.000e+00  0.000e+00  0.000e+00  0.000e+00  0.000e+00  0.000e+00  0.000e+00  0.000e+00  2.664e-08 
  0.000e+00  0.000e+00  0.000e+00  0.000e+00  0.000e+00  0.000e+00  0.000e+00  0.000e+00  0.000e+00  2.731e-08 
  0.000e+00  0.000e+00  0.000e+00  0.000e+00  0.000e+00  0.000e+00  0.000e+00  0.000e+00  0.000e+00  0.000e+00  2.652e-08 
ERR MATRIX APPROXIMATE
 PARAMETER  CORRELATION COEFFICIENTS  
       NO.  GLOBAL      8      9     20     21     22     23     24     25     27     28     30
        8  0.00000   1.000  0.000  0.000  0.000  0.000  0.000  0.000  0.000  0.000  0.000  0.000
        9  0.00000   0.000  1.000  0.000  0.000  0.000  0.000  0.000  0.000  0.000  0.000  0.000
       20  0.00000   0.000  0.000  1.000  0.000  0.000  0.000  0.000  0.000  0.000  0.000  0.000
       21  0.00000   0.000  0.000  0.000  1.000  0.000  0.000  0.000  0.000  0.000  0.000  0.000
       22  0.00000   0.000  0.000  0.000  0.000  1.000  0.000  0.000  0.000  0.000  0.000  0.000
       23  0.00000   0.000  0.000  0.000  0.000  0.000  1.000  0.000  0.000  0.000  0.000  0.000
       24  0.00000   0.000  0.000  0.000  0.000  0.000  0.000  1.000  0.000  0.000  0.000  0.000
       25  0.00000   0.000  0.000  0.000  0.000  0.000  0.000  0.000  1.000  0.000  0.000  0.000
       27  0.00000   0.000  0.000  0.000  0.000  0.000  0.000  0.000  0.000  1.000  0.000  0.000
       28  0.00000   0.000  0.000  0.000  0.000  0.000  0.000  0.000  0.000  0.000  1.000  0.000
       30  0.00000   0.000  0.000  0.000  0.000  0.000  0.000  0.000  0.000  0.000  0.000  1.000
 ERR MATRIX APPROXIMATE
MINUIT - FIT wiggle + 1-CBO + 2-CBO
 **********
 **   42 **RES 
 **********
                   PARAMETER   16  beta_vw RESTORED TO VARIABLE.
                   PARAMETER   14  alpha_vw RESTORED TO VARIABLE.
                   PARAMETER   13  beta_y RESTORED TO VARIABLE.
                   PARAMETER   11  alpha_y RESTORED TO VARIABLE.
                   PARAMETER   10  beta_2CBO RESTORED TO VARIABLE.
                   PARAMETER    6  alpha_CBO RESTORED TO VARIABLE.
                   PARAMETER    4  phi RESTORED TO VARIABLE.
                   PARAMETER    3  A0 RESTORED TO VARIABLE.
                   PARAMETER    1  N0 RESTORED TO VARIABLE.
 **********
 **   43 **FIX           10
 **********
 **********
 **   44 **FIX           11
 **********
 **********
 **   45 **FIX           12
 **********
 PARAMETER   12  IS CONSTANT.   IGNORED.
 **********
 **   46 **FIX           13
 **********
 **********
 **   47 **FIX           14
 **********
 **********
 **   48 **FIX           15
 **********
 PARAMETER   15  IS CONSTANT.   IGNORED.
 **********
 **   49 **FIX           16
 **********
 **********
 **   50 **MIGRAD
 **********
 START MIGRAD MINIMIZATION.  STRATEGY  1.  CONVERGENCE WHEN EDM .LT. 1.00e-04
 FCN=1872.21 FROM MIGRAD    STATUS=INITIATE     1219 CALLS        4714 TOTAL
                     EDM= unknown      STRATEGY= 1      NO ERROR MATRIX       
  EXT PARAMETER               CURRENT GUESS       STEP         FIRST   
  NO.   NAME      VALUE            ERROR          SIZE      DERIVATIVE 
   1  N0           1.46879e+06   9.09144e+01   0.00000e+00   3.43904e-02
   2  tau          6.44033e+01   constant   
   3  A0           3.53739e-01   7.56928e-05   0.00000e+00   2.40052e+05
   4  phi          4.11219e+00   2.33845e-04   0.00000e+00  -9.29757e+04
   5  R           -6.08676e+01   constant   
   6  alpha_CBO    1.91702e-02   1.72798e-04   0.00000e+00   3.46420e+03
   7  w_CBO        2.32735e+00   constant   
   8  beta_CBO    -9.20630e-03   1.61286e-04   0.00000e+00  -5.63414e-01
   9  alpha_2CBO   2.10225e-04   1.65310e-04   0.00000e+00  -1.74691e+01
  10  beta_2CBO    3.12400e-04     fixed    
  11  alpha_y      0.00000e+00     fixed    
  12  w_y          1.38984e+01   constant   
  13  beta_y       3.76906e-03     fixed    
  14  alpha_vw     0.00000e+00     fixed    
  15  w_vw         1.43156e+01   constant   
  16  beta_vw      0.00000e+00     fixed    
  17  LM           8.27773e-05   constant   
  18  zeta_y       0.00000e+00   constant   
  19  zeta_vw      0.00000e+00   constant   
  20  T_CBO        1.00000e+02   7.59439e+02   0.00000e+00   0.00000e+00
  21  alpha_A0     5.92421e-03   3.06799e-04   0.00000e+00  -3.79505e+00
  22  beta_A0     -1.49603e-03   2.77647e-04   0.00000e+00   1.86464e+00
  23  alpha_phi    1.25535e-04   3.14760e-04   0.00000e+00   9.85433e+00
  24  beta_phi     1.40234e-03   3.16125e-04   0.00000e+00  -1.07643e+00
  25  alpha_vw_m_cbo   4.26915e-04   1.64912e-04   0.00000e+00   3.82187e+00
  26  w_vw_m_cbo   1.20142e+01   constant   
  27  beta_vw_m_cbo  -3.23837e-04   1.63212e-04   0.00000e+00  -1.75258e+00
  28  alpha_vw_p_cbo  -1.84516e-04   1.65272e-04   0.00000e+00   2.11953e+00
  29  w_vw_p_cbo   1.67139e+01   constant   
  30  beta_vw_p_cbo   2.96249e-04   1.62865e-04   0.00000e+00   3.18627e+00
 MIGRAD MINIMIZATION HAS CONVERGED.
 MIGRAD WILL VERIFY CONVERGENCE AND ERROR MATRIX.
  MNHESS FAILS AND WILL RETURN DIAGONAL MATRIX. 
 FCN=1647.87 FROM MIGRAD    STATUS=CONVERGED    1425 CALLS        4920 TOTAL
                     EDM=1.46349e-06    STRATEGY= 1  ERROR MATRIX UNCERTAINTY 100.0 per cent
  EXT PARAMETER                APPROXIMATE        STEP         FIRST   
  NO.   NAME      VALUE            ERROR          SIZE      DERIVATIVE 
   1  N0           1.46864e+06   8.52141e+01   1.68938e+00  -1.37587e-05
   2  tau          6.44033e+01   constant   
   3  A0           3.52946e-01   7.28419e-05   1.44426e-06  -2.39241e+00
   4  phi          4.11492e+00   2.23387e-04   4.42916e-06  -1.32368e+00
   5  R           -6.08676e+01   constant   
   6  alpha_CBO    1.90992e-02   1.66987e-04   3.31091e-06   2.51167e-01
   7  w_CBO        2.32735e+00   constant   
   8  beta_CBO    -9.88094e-03   1.61300e-04   3.19814e-06  -1.54627e+00
   9  alpha_2CBO   2.30586e-04   1.65325e-04   3.27795e-06   1.42596e+00
  10  beta_2CBO    3.12400e-04     fixed    
  11  alpha_y      0.00000e+00     fixed    
  12  w_y          1.38984e+01   constant   
  13  beta_y       3.76906e-03     fixed    
  14  alpha_vw     0.00000e+00     fixed    
  15  w_vw         1.43156e+01   constant   
  16  beta_vw      0.00000e+00     fixed    
  17  LM           8.27773e-05   constant   
  18  zeta_y       0.00000e+00   constant   
  19  zeta_vw      0.00000e+00   constant   
  20  T_CBO        1.00000e+02   9.44762e+02  -0.00000e+00   0.00000e+00
  21  alpha_A0     5.21505e-03   3.07375e-04  -6.87487e-07  -3.54627e+00
  22  beta_A0     -1.69921e-03   2.78305e-04   6.44484e-07  -1.58557e+00
  23  alpha_phi    9.95591e-04   3.15367e-04   2.10186e-07  -4.31508e+00
  24  beta_phi     1.02099e-03   3.16469e-04  -3.72341e-07  -7.05600e-01
  25  alpha_vw_m_cbo   4.41412e-04   1.64928e-04   3.80324e-08  -5.63768e-01
  26  w_vw_m_cbo   1.20142e+01   constant   
  27  beta_vw_m_cbo  -2.65373e-04   1.63225e-04   4.05901e-08  -2.38598e+00
  28  alpha_vw_p_cbo  -1.58413e-04   1.65287e-04   2.50885e-08  -9.93266e-01
  29  w_vw_p_cbo   1.67139e+01   constant   
  30  beta_vw_p_cbo   2.94127e-04   1.62879e-04   3.02580e-08  -1.76238e-02
 EXTERNAL ERROR MATRIX.    NDIM=  31    NPAR= 15    ERR DEF=1
 ELEMENTS ABOVE DIAGONAL ARE NOT PRINTED.
  7.261e+03 
  0.000e+00  5.306e-09 
  0.000e+00  0.000e+00  4.990e-08 
  0.000e+00  0.000e+00  0.000e+00  2.788e-08 
  0.000e+00  0.000e+00  0.000e+00  0.000e+00  2.602e-08 
  0.000e+00  0.000e+00  0.000e+00  0.000e+00  0.000e+00  2.733e-08 
  0.000e+00  0.000e+00  0.000e+00  0.000e+00  0.000e+00  0.000e+00  1.153e+06 
  0.000e+00  0.000e+00  0.000e+00  0.000e+00  0.000e+00  0.000e+00  0.000e+00  9.448e-08 
  0.000e+00  0.000e+00  0.000e+00  0.000e+00  0.000e+00  0.000e+00  0.000e+00  0.000e+00  7.745e-08 
  0.000e+00  0.000e+00  0.000e+00  0.000e+00  0.000e+00  0.000e+00  0.000e+00  0.000e+00  0.000e+00  9.946e-08 
  0.000e+00  0.000e+00  0.000e+00  0.000e+00  0.000e+00  0.000e+00  0.000e+00  0.000e+00  0.000e+00  0.000e+00  1.002e-07 
  0.000e+00  0.000e+00  0.000e+00  0.000e+00  0.000e+00  0.000e+00  0.000e+00  0.000e+00  0.000e+00  0.000e+00  0.000e+00 
  0.000e+00  0.000e+00  0.000e+00  0.000e+00  0.000e+00  0.000e+00  0.000e+00  0.000e+00  0.000e+00  0.000e+00  0.000e+00  2.720e-08 
  0.000e+00  0.000e+00  0.000e+00  0.000e+00  0.000e+00  0.000e+00  0.000e+00  0.000e+00  0.000e+00  0.000e+00  0.000e+00 
  0.000e+00  0.000e+00  0.000e+00  0.000e+00  0.000e+00  0.000e+00  0.000e+00  0.000e+00  0.000e+00  0.000e+00  0.000e+00  0.000e+00  2.664e-08 
  0.000e+00  0.000e+00  0.000e+00  0.000e+00  0.000e+00  0.000e+00  0.000e+00  0.000e+00  0.000e+00  0.000e+00  0.000e+00 
  0.000e+00  0.000e+00  0.000e+00  0.000e+00  0.000e+00  0.000e+00  0.000e+00  0.000e+00  0.000e+00  0.000e+00  0.000e+00  0.000e+00  0.000e+00  2.732e-08 
  0.000e+00  0.000e+00  0.000e+00  0.000e+00  0.000e+00  0.000e+00  0.000e+00  0.000e+00  0.000e+00  0.000e+00  0.000e+00 
  0.000e+00  0.000e+00  0.000e+00  0.000e+00  0.000e+00  0.000e+00  0.000e+00  0.000e+00  0.000e+00  0.000e+00  0.000e+00  0.000e+00  0.000e+00  0.000e+00  2.653e-08 
ERR MATRIX APPROXIMATE
 PARAMETER  CORRELATION COEFFICIENTS  
       NO.  GLOBAL      1      3      4      6      8      9     20     21     22     23     24     25     27     28     30
        1  0.00000   1.000  0.000  0.000  0.000  0.000  0.000  0.000  0.000  0.000  0.000  0.000  0.000  0.000  0.000  0.000
        3  0.00000   0.000  1.000  0.000  0.000  0.000  0.000  0.000  0.000  0.000  0.000  0.000  0.000  0.000  0.000  0.000
        4  0.00000   0.000  0.000  1.000  0.000  0.000  0.000  0.000  0.000  0.000  0.000  0.000  0.000  0.000  0.000  0.000
        6  0.00000   0.000  0.000  0.000  1.000  0.000  0.000  0.000  0.000  0.000  0.000  0.000  0.000  0.000  0.000  0.000
        8  0.00000   0.000  0.000  0.000  0.000  1.000  0.000  0.000  0.000  0.000  0.000  0.000  0.000  0.000  0.000  0.000
        9  0.00000   0.000  0.000  0.000  0.000  0.000  1.000  0.000  0.000  0.000  0.000  0.000  0.000  0.000  0.000  0.000
       20  0.00000   0.000  0.000  0.000  0.000  0.000  0.000  1.000  0.000  0.000  0.000  0.000  0.000  0.000  0.000  0.000
       21  0.00000   0.000  0.000  0.000  0.000  0.000  0.000  0.000  1.000  0.000  0.000  0.000  0.000  0.000  0.000  0.000
       22  0.00000   0.000  0.000  0.000  0.000  0.000  0.000  0.000  0.000  1.000  0.000  0.000  0.000  0.000  0.000  0.000
       23  0.00000   0.000  0.000  0.000  0.000  0.000  0.000  0.000  0.000  0.000  1.000  0.000  0.000  0.000  0.000  0.000
       24  0.00000   0.000  0.000  0.000  0.000  0.000  0.000  0.000  0.000  0.000  0.000  1.000  0.000  0.000  0.000  0.000
       25  0.00000   0.000  0.000  0.000  0.000  0.000  0.000  0.000  0.000  0.000  0.000  0.000  1.000  0.000  0.000  0.000
       27  0.00000   0.000  0.000  0.000  0.000  0.000  0.000  0.000  0.000  0.000  0.000  0.000  0.000  1.000  0.000  0.000
       28  0.00000   0.000  0.000  0.000  0.000  0.000  0.000  0.000  0.000  0.000  0.000  0.000  0.000  0.000  1.000  0.000
       30  0.00000   0.000  0.000  0.000  0.000  0.000  0.000  0.000  0.000  0.000  0.000  0.000  0.000  0.000  0.000  1.000
 ERR MATRIX APPROXIMATE
MINUIT - FIT ONLY 1-y
 **********
 **   51 **RES 
 **********
                   PARAMETER   16  beta_vw RESTORED TO VARIABLE.
                   PARAMETER   14  alpha_vw RESTORED TO VARIABLE.
                   PARAMETER   13  beta_y RESTORED TO VARIABLE.
                   PARAMETER   11  alpha_y RESTORED TO VARIABLE.
                   PARAMETER   10  beta_2CBO RESTORED TO VARIABLE.
 **********
 **   52 **FIX            0
 **********
 PARAMETER    0  IS UNDEFINED. IGNORED.
 **********
 **   53 **FIX            1
 **********
 **********
 **   54 **FIX            2
 **********
 PARAMETER    2  IS CONSTANT.   IGNORED.
 **********
 **   55 **FIX            3
 **********
 **********
 **   56 **FIX            4
 **********
 **********
 **   57 **FIX            5
 **********
 PARAMETER    5  IS CONSTANT.   IGNORED.
 **********
 **   58 **FIX            6
 **********
 **********
 **   59 **FIX            7
 **********
 PARAMETER    7  IS CONSTANT.   IGNORED.
 **********
 **   60 **FIX            8
 **********
 **********
 **   61 **FIX            9
 **********
 **********
 **   62 **FIX           13
 **********
 **********
 **   63 **FIX           14
 **********
 **********
 **   64 **FIX           15
 **********
 PARAMETER   15  IS CONSTANT.   IGNORED.
 **********
 **   65 **FIX           16
 **********
 **********
 **   66 **MIGRAD
 **********
 START MIGRAD MINIMIZATION.  STRATEGY  1.  CONVERGENCE WHEN EDM .LT. 1.00e-04
 FCN=1647.87 FROM MIGRAD    STATUS=INITIATE      717 CALLS        5637 TOTAL
                     EDM= unknown      STRATEGY= 1      NO ERROR MATRIX       
  EXT PARAMETER               CURRENT GUESS       STEP         FIRST   
  NO.   NAME      VALUE            ERROR          SIZE      DERIVATIVE 
   1  N0           1.46864e+06     fixed    
   2  tau          6.44033e+01   constant   
   3  A0           3.52946e-01     fixed    
   4  phi          4.11492e+00     fixed    
   5  R           -6.08676e+01   constant   
   6  alpha_CBO    1.90992e-02     fixed    
   7  w_CBO        2.32735e+00   constant   
   8  beta_CBO    -9.88094e-03     fixed    
   9  alpha_2CBO   2.30586e-04     fixed    
  10  beta_2CBO    3.12400e-04   1.65072e-04   0.00000e+00   9.04285e+03
  11  alpha_y      0.00000e+00   1.00000e-03   0.00000e+00   3.48108e+05
  12  w_y          1.38984e+01   constant   
  13  beta_y       3.76906e-03     fixed    
  14  alpha_vw     0.00000e+00     fixed    
  15  w_vw         1.43156e+01   constant   
  16  beta_vw      0.00000e+00     fixed    
  17  LM           8.27773e-05   constant   
  18  zeta_y       0.00000e+00   constant   
  19  zeta_vw      0.00000e+00   constant   
  20  T_CBO        1.00000e+02   9.44762e+02   0.00000e+00   0.00000e+00
  21  alpha_A0     5.21505e-03   3.07375e-04   0.00000e+00  -3.54627e+00
  22  beta_A0     -1.69921e-03   2.78305e-04   0.00000e+00  -1.58557e+00
  23  alpha_phi    9.95591e-04   3.15367e-04   0.00000e+00  -4.31506e+00
  24  beta_phi     1.02099e-03   3.16469e-04   0.00000e+00  -7.05576e-01
  25  alpha_vw_m_cbo   4.41412e-04   1.64928e-04   0.00000e+00  -5.63766e-01
  26  w_vw_m_cbo   1.20142e+01   constant   
  27  beta_vw_m_cbo  -2.65373e-04   1.63225e-04   0.00000e+00  -2.38599e+00
  28  alpha_vw_p_cbo  -1.58413e-04   1.65287e-04   0.00000e+00  -9.93264e-01
  29  w_vw_p_cbo   1.67139e+01   constant   
  30  beta_vw_p_cbo   2.94127e-04   1.62879e-04   0.00000e+00  -1.76230e-02
 MIGRAD MINIMIZATION HAS CONVERGED.
 MIGRAD WILL VERIFY CONVERGENCE AND ERROR MATRIX.
  MNHESS FAILS AND WILL RETURN DIAGONAL MATRIX. 
 FCN=823.711 FROM MIGRAD    STATUS=CONVERGED     818 CALLS        5738 TOTAL
                     EDM=5.81126e-06    STRATEGY= 1  ERROR MATRIX UNCERTAINTY 100.0 per cent
  EXT PARAMETER                APPROXIMATE        STEP         FIRST   
  NO.   NAME      VALUE            ERROR          SIZE      DERIVATIVE 
   1  N0           1.46864e+06     fixed    
   2  tau          6.44033e+01   constant   
   3  A0           3.52946e-01     fixed    
   4  phi          4.11492e+00     fixed    
   5  R           -6.08676e+01   constant   
   6  alpha_CBO    1.90992e-02     fixed    
   7  w_CBO        2.32735e+00   constant   
   8  beta_CBO    -9.88094e-03     fixed    
   9  alpha_2CBO   2.30586e-04     fixed    
  10  beta_2CBO    1.47250e-04   1.62843e-04   2.28344e-06  -1.32602e+01
  11  alpha_y     -4.73077e-03   1.64256e-04   2.30326e-06   3.29151e-01
  12  w_y          1.38984e+01   constant   
  13  beta_y       3.76906e-03     fixed    
  14  alpha_vw     0.00000e+00     fixed    
  15  w_vw         1.43156e+01   constant   
  16  beta_vw      0.00000e+00     fixed    
  17  LM           8.27773e-05   constant   
  18  zeta_y       0.00000e+00   constant   
  19  zeta_vw      0.00000e+00   constant   
  20  T_CBO        1.00000e+02   8.96179e+02  -0.00000e+00   0.00000e+00
  21  alpha_A0     5.38913e-03   3.07351e-04   3.18703e-06  -3.49055e+00
  22  beta_A0     -1.55972e-03   2.78298e-04  -5.17094e-07   1.05611e+00
  23  alpha_phi    9.58922e-04   3.15340e-04  -2.18342e-06   6.03049e+00
  24  beta_phi     9.75575e-04   3.16455e-04   4.58598e-07   7.12971e-01
  25  alpha_vw_m_cbo   2.28792e-04   1.64928e-04   9.68232e-07   1.14294e+01
  26  w_vw_m_cbo   1.20142e+01   constant   
  27  beta_vw_m_cbo  -1.40498e-04   1.63226e-04  -8.55046e-07  -7.85334e+00
  28  alpha_vw_p_cbo  -5.17227e-05   1.65287e-04  -8.70321e-08  -7.28072e-02
  29  w_vw_p_cbo   1.67139e+01   constant   
  30  beta_vw_p_cbo   5.39883e-04   1.62879e-04  -6.01794e-07  -8.84609e+00
 EXTERNAL ERROR MATRIX.    NDIM=  31    NPAR= 11    ERR DEF=1
  2.652e-08 
  0.000e+00  2.698e-08 
  0.000e+00  0.000e+00  1.785e+06 
  0.000e+00  0.000e+00  0.000e+00  9.446e-08 
  0.000e+00  0.000e+00  0.000e+00  0.000e+00  7.745e-08 
  0.000e+00  0.000e+00  0.000e+00  0.000e+00  0.000e+00  9.944e-08 
  0.000e+00  0.000e+00  0.000e+00  0.000e+00  0.000e+00  0.000e+00  1.001e-07 
  0.000e+00  0.000e+00  0.000e+00  0.000e+00  0.000e+00  0.000e+00  0.000e+00  2.720e-08 
  0.000e+00  0.000e+00  0.000e+00  0.000e+00  0.000e+00  0.000e+00  0.000e+00  0.000e+00  2.664e-08 
  0.000e+00  0.000e+00  0.000e+00  0.000e+00  0.000e+00  0.000e+00  0.000e+00  0.000e+00  0.000e+00  2.732e-08 
  0.000e+00  0.000e+00  0.000e+00  0.000e+00  0.000e+00  0.000e+00  0.000e+00  0.000e+00  0.000e+00  0.000e+00  2.653e-08 
ERR MATRIX APPROXIMATE
 PARAMETER  CORRELATION COEFFICIENTS  
       NO.  GLOBAL     10     11     20     21     22     23     24     25     27     28     30
       10  0.00000   1.000  0.000  0.000  0.000  0.000  0.000  0.000  0.000  0.000  0.000  0.000
       11  0.00000   0.000  1.000  0.000  0.000  0.000  0.000  0.000  0.000  0.000  0.000  0.000
       20  0.00000   0.000  0.000  1.000  0.000  0.000  0.000  0.000  0.000  0.000  0.000  0.000
       21  0.00000   0.000  0.000  0.000  1.000  0.000  0.000  0.000  0.000  0.000  0.000  0.000
       22  0.00000   0.000  0.000  0.000  0.000  1.000  0.000  0.000  0.000  0.000  0.000  0.000
       23  0.00000   0.000  0.000  0.000  0.000  0.000  1.000  0.000  0.000  0.000  0.000  0.000
       24  0.00000   0.000  0.000  0.000  0.000  0.000  0.000  1.000  0.000  0.000  0.000  0.000
       25  0.00000   0.000  0.000  0.000  0.000  0.000  0.000  0.000  1.000  0.000  0.000  0.000
       27  0.00000   0.000  0.000  0.000  0.000  0.000  0.000  0.000  0.000  1.000  0.000  0.000
       28  0.00000   0.000  0.000  0.000  0.000  0.000  0.000  0.000  0.000  0.000  1.000  0.000
       30  0.00000   0.000  0.000  0.000  0.000  0.000  0.000  0.000  0.000  0.000  0.000  1.000
 ERR MATRIX APPROXIMATE
MINUIT - FIT ONLY 2-y
 **********
 **   67 **RES 
 **********
                   PARAMETER   16  beta_vw RESTORED TO VARIABLE.
                   PARAMETER   14  alpha_vw RESTORED TO VARIABLE.
                   PARAMETER   13  beta_y RESTORED TO VARIABLE.
                   PARAMETER    9  alpha_2CBO RESTORED TO VARIABLE.
                   PARAMETER    8  beta_CBO RESTORED TO VARIABLE.
                   PARAMETER    6  alpha_CBO RESTORED TO VARIABLE.
                   PARAMETER    4  phi RESTORED TO VARIABLE.
                   PARAMETER    3  A0 RESTORED TO VARIABLE.
                   PARAMETER    1  N0 RESTORED TO VARIABLE.
 **********
 **   68 **FIX            0
 **********
 PARAMETER    0  IS UNDEFINED. IGNORED.
 **********
 **   69 **FIX            1
 **********
 **********
 **   70 **FIX            2
 **********
 PARAMETER    2  IS CONSTANT.   IGNORED.
 **********
 **   71 **FIX            3
 **********
 **********
 **   72 **FIX            4
 **********
 **********
 **   73 **FIX            5
 **********
 PARAMETER    5  IS CONSTANT.   IGNORED.
 **********
 **   74 **FIX            6
 **********
 **********
 **   75 **FIX            7
 **********
 PARAMETER    7  IS CONSTANT.   IGNORED.
 **********
 **   76 **FIX            8
 **********
 **********
 **   77 **FIX            9
 **********
 **********
 **   78 **FIX           10
 **********
 **********
 **   79 **FIX           11
 **********
 **********
 **   80 **FIX           12
 **********
 PARAMETER   12  IS CONSTANT.   IGNORED.
 **********
 **   81 **FIX           16
 **********
 **********
 **   82 **MIGRAD
 **********
 START MIGRAD MINIMIZATION.  STRATEGY  1.  CONVERGENCE WHEN EDM .LT. 1.00e-04
 FCN=823.711 FROM MIGRAD    STATUS=INITIATE      717 CALLS        6455 TOTAL
                     EDM= unknown      STRATEGY= 1      NO ERROR MATRIX       
  EXT PARAMETER               CURRENT GUESS       STEP         FIRST   
  NO.   NAME      VALUE            ERROR          SIZE      DERIVATIVE 
   1  N0           1.46864e+06     fixed    
   2  tau          6.44033e+01   constant   
   3  A0           3.52946e-01     fixed    
   4  phi          4.11492e+00     fixed    
   5  R           -6.08676e+01   constant   
   6  alpha_CBO    1.90992e-02     fixed    
   7  w_CBO        2.32735e+00   constant   
   8  beta_CBO    -9.88094e-03     fixed    
   9  alpha_2CBO   2.30586e-04     fixed    
  10  beta_2CBO    1.47250e-04     fixed    
  11  alpha_y     -4.73077e-03     fixed    
  12  w_y          1.38984e+01   constant   
  13  beta_y       3.76906e-03   1.65252e-04   0.00000e+00   3.42700e+03
  14  alpha_vw     0.00000e+00   1.00000e-03   0.00000e+00  -2.96646e+05
  15  w_vw         1.43156e+01   constant   
  16  beta_vw      0.00000e+00     fixed    
  17  LM           8.27773e-05   constant   
  18  zeta_y       0.00000e+00   constant   
  19  zeta_vw      0.00000e+00   constant   
  20  T_CBO        1.00000e+02   8.96179e+02   0.00000e+00   0.00000e+00
  21  alpha_A0     5.38913e-03   3.07351e-04   0.00000e+00  -3.49054e+00
  22  beta_A0     -1.55972e-03   2.78298e-04   0.00000e+00   1.05611e+00
  23  alpha_phi    9.58922e-04   3.15340e-04   0.00000e+00   6.03049e+00
  24  beta_phi     9.75575e-04   3.16455e-04   0.00000e+00   7.12975e-01
  25  alpha_vw_m_cbo   2.28792e-04   1.64928e-04   0.00000e+00   1.14294e+01
  26  w_vw_m_cbo   1.20142e+01   constant   
  27  beta_vw_m_cbo  -1.40498e-04   1.63226e-04   0.00000e+00  -7.85335e+00
  28  alpha_vw_p_cbo  -5.17227e-05   1.65287e-04   0.00000e+00  -7.28131e-02
  29  w_vw_p_cbo   1.67139e+01   constant   
  30  beta_vw_p_cbo   5.39883e-04   1.62879e-04   0.00000e+00  -8.84609e+00
 MIGRAD MINIMIZATION HAS CONVERGED.
 MIGRAD WILL VERIFY CONVERGENCE AND ERROR MATRIX.
  MNHESS FAILS AND WILL RETURN DIAGONAL MATRIX. 
 FCN=133.622 FROM MIGRAD    STATUS=CONVERGED     842 CALLS        6580 TOTAL
                     EDM=1.87447e-07    STRATEGY= 1  ERROR MATRIX UNCERTAINTY 100.0 per cent
  EXT PARAMETER                APPROXIMATE        STEP         FIRST   
  NO.   NAME      VALUE            ERROR          SIZE      DERIVATIVE 
   1  N0           1.46864e+06     fixed    
   2  tau          6.44033e+01   constant   
   3  A0           3.52946e-01     fixed    
   4  phi          4.11492e+00     fixed    
   5  R           -6.08676e+01   constant   
   6  alpha_CBO    1.90992e-02     fixed    
   7  w_CBO        2.32735e+00   constant   
   8  beta_CBO    -9.88094e-03     fixed    
   9  alpha_2CBO   2.30586e-04     fixed    
  10  beta_2CBO    1.47250e-04     fixed    
  11  alpha_y     -4.73077e-03     fixed    
  12  w_y          1.38984e+01   constant   
  13  beta_y       2.05491e-03   1.63885e-04   9.28468e-07   8.99847e-02
  14  alpha_vw     4.63283e-03   1.64318e-04   9.30921e-07   1.35181e-01
  15  w_vw         1.43156e+01   constant   
  16  beta_vw      0.00000e+00     fixed    
  17  LM           8.27773e-05   constant   
  18  zeta_y       0.00000e+00   constant   
  19  zeta_vw      0.00000e+00   constant   
  20  T_CBO        1.00000e+02   9.26237e+02  -0.00000e+00   0.00000e+00
  21  alpha_A0     5.39960e-03   3.07342e-04  -3.77188e-07   2.07033e+00
  22  beta_A0     -1.47878e-03   2.78290e-04  -2.36095e-07  -3.64727e-01
  23  alpha_phi    1.05222e-03   3.15340e-04   9.42673e-07   1.05822e+00
  24  beta_phi     9.26431e-04   3.16446e-04   2.35830e-08   3.19492e-01
  25  alpha_vw_m_cbo   3.64096e-04   1.64928e-04   4.85752e-08   1.27657e+00
  26  w_vw_m_cbo   1.20142e+01   constant   
  27  beta_vw_m_cbo  -1.41194e-04   1.63226e-04   2.24435e-07  -8.06485e-01
  28  alpha_vw_p_cbo  -2.29543e-04   1.65288e-04  -1.17690e-07   8.89540e-01
  29  w_vw_p_cbo   1.67139e+01   constant   
  30  beta_vw_p_cbo   5.26995e-04   1.62879e-04  -1.54604e-07   6.34376e-01
 EXTERNAL ERROR MATRIX.    NDIM=  31    NPAR= 11    ERR DEF=1
  2.686e-08 
  0.000e+00  2.700e-08 
  0.000e+00  0.000e+00  1.606e+06 
  0.000e+00  0.000e+00  0.000e+00  9.446e-08 
  0.000e+00  0.000e+00  0.000e+00  0.000e+00  7.745e-08 
  0.000e+00  0.000e+00  0.000e+00  0.000e+00  0.000e+00  9.944e-08 
  0.000e+00  0.000e+00  0.000e+00  0.000e+00  0.000e+00  0.000e+00  1.001e-07 
  0.000e+00  0.000e+00  0.000e+00  0.000e+00  0.000e+00  0.000e+00  0.000e+00  2.720e-08 
  0.000e+00  0.000e+00  0.000e+00  0.000e+00  0.000e+00  0.000e+00  0.000e+00  0.000e+00  2.664e-08 
  0.000e+00  0.000e+00  0.000e+00  0.000e+00  0.000e+00  0.000e+00  0.000e+00  0.000e+00  0.000e+00  2.732e-08 
  0.000e+00  0.000e+00  0.000e+00  0.000e+00  0.000e+00  0.000e+00  0.000e+00  0.000e+00  0.000e+00  0.000e+00  2.653e-08 
ERR MATRIX APPROXIMATE
 PARAMETER  CORRELATION COEFFICIENTS  
       NO.  GLOBAL     13     14     20     21     22     23     24     25     27     28     30
       13  0.00000   1.000  0.000  0.000  0.000  0.000  0.000  0.000  0.000  0.000  0.000  0.000
       14  0.00000   0.000  1.000  0.000  0.000  0.000  0.000  0.000  0.000  0.000  0.000  0.000
       20  0.00000   0.000  0.000  1.000  0.000  0.000  0.000  0.000  0.000  0.000  0.000  0.000
       21  0.00000   0.000  0.000  0.000  1.000  0.000  0.000  0.000  0.000  0.000  0.000  0.000
       22  0.00000   0.000  0.000  0.000  0.000  1.000  0.000  0.000  0.000  0.000  0.000  0.000
       23  0.00000   0.000  0.000  0.000  0.000  0.000  1.000  0.000  0.000  0.000  0.000  0.000
       24  0.00000   0.000  0.000  0.000  0.000  0.000  0.000  1.000  0.000  0.000  0.000  0.000
       25  0.00000   0.000  0.000  0.000  0.000  0.000  0.000  0.000  1.000  0.000  0.000  0.000
       27  0.00000   0.000  0.000  0.000  0.000  0.000  0.000  0.000  0.000  1.000  0.000  0.000
       28  0.00000   0.000  0.000  0.000  0.000  0.000  0.000  0.000  0.000  0.000  1.000  0.000
       30  0.00000   0.000  0.000  0.000  0.000  0.000  0.000  0.000  0.000  0.000  0.000  1.000
 ERR MATRIX APPROXIMATE
MINUIT - FIT ALTOGETHER
 **********
 **   83 **RES 
 **********
                   PARAMETER   16  beta_vw RESTORED TO VARIABLE.
                   PARAMETER   11  alpha_y RESTORED TO VARIABLE.
                   PARAMETER   10  beta_2CBO RESTORED TO VARIABLE.
                   PARAMETER    9  alpha_2CBO RESTORED TO VARIABLE.
                   PARAMETER    8  beta_CBO RESTORED TO VARIABLE.
                   PARAMETER    6  alpha_CBO RESTORED TO VARIABLE.
                   PARAMETER    4  phi RESTORED TO VARIABLE.
                   PARAMETER    3  A0 RESTORED TO VARIABLE.
                   PARAMETER    1  N0 RESTORED TO VARIABLE.
 **********
 **   84 **MIGRAD
 **********
 START MIGRAD MINIMIZATION.  STRATEGY  1.  CONVERGENCE WHEN EDM .LT. 1.00e-04
 FCN=133.622 FROM MIGRAD    STATUS=INITIATE     2031 CALLS        8611 TOTAL
                     EDM= unknown      STRATEGY= 1      NO ERROR MATRIX       
  EXT PARAMETER               CURRENT GUESS       STEP         FIRST   
  NO.   NAME      VALUE            ERROR          SIZE      DERIVATIVE 
   1  N0           1.46864e+06   8.52141e+01   0.00000e+00   9.59552e-03
   2  tau          6.44033e+01   constant   
   3  A0           3.52946e-01   7.28419e-05   0.00000e+00  -1.67023e+04
   4  phi          4.11492e+00   2.23387e-04   0.00000e+00  -2.98647e+02
   5  R           -6.08676e+01   constant   
   6  alpha_CBO    1.90992e-02   1.66987e-04   0.00000e+00   6.48656e+03
   7  w_CBO        2.32735e+00   constant   
   8  beta_CBO    -9.88094e-03   1.61300e-04   0.00000e+00   1.05032e+03
   9  alpha_2CBO   2.30586e-04   1.65325e-04   0.00000e+00   5.00601e+03
  10  beta_2CBO    1.47250e-04   1.62843e-04   0.00000e+00   4.24770e+01
  11  alpha_y     -4.73077e-03   1.64256e-04   0.00000e+00  -6.52395e+04
  12  w_y          1.38984e+01   constant   
  13  beta_y       2.05491e-03   1.63885e-04   0.00000e+00   8.99906e-02
  14  alpha_vw     4.63283e-03   1.64318e-04   0.00000e+00   1.35178e-01
  15  w_vw         1.43156e+01   constant   
  16  beta_vw      0.00000e+00   1.00000e-03   0.00000e+00  -2.67185e+04
  17  LM           8.27773e-05   constant   
  18  zeta_y       0.00000e+00   constant   
  19  zeta_vw      0.00000e+00   constant   
  20  T_CBO        1.00000e+02   9.26237e+02   0.00000e+00   0.00000e+00
  21  alpha_A0     5.39960e-03   3.07342e-04   0.00000e+00   2.07033e+00
  22  beta_A0     -1.47878e-03   2.78290e-04   0.00000e+00  -3.64729e-01
  23  alpha_phi    1.05222e-03   3.15340e-04   0.00000e+00   1.05823e+00
  24  beta_phi     9.26431e-04   3.16446e-04   0.00000e+00   3.19518e-01
  25  alpha_vw_m_cbo   3.64096e-04   1.64928e-04   0.00000e+00   1.27657e+00
  26  w_vw_m_cbo   1.20142e+01   constant   
  27  beta_vw_m_cbo  -1.41194e-04   1.63226e-04   0.00000e+00  -8.06486e-01
  28  alpha_vw_p_cbo  -2.29543e-04   1.65288e-04   0.00000e+00   8.89541e-01
  29  w_vw_p_cbo   1.67139e+01   constant   
  30  beta_vw_p_cbo   5.26995e-04   1.62879e-04   0.00000e+00   6.34381e-01
 MIGRAD MINIMIZATION HAS CONVERGED.
 FCN=80.9095 FROM MIGRAD    STATUS=CONVERGED    2282 CALLS        8862 TOTAL
                     EDM=6.09988e-07    STRATEGY= 1  ERROR MATRIX UNCERTAINTY   2.1 per cent
  EXT PARAMETER                                   STEP         FIRST   
  NO.   NAME      VALUE            ERROR          SIZE      DERIVATIVE 
   1  N0           1.46862e+06   8.32148e+01   4.27205e-02   3.86893e-07
   2  tau          6.44033e+01   constant   
   3  A0           3.52979e-01   7.37836e-05  -1.01165e-07  -3.28442e+00
   4  phi          4.11492e+00   2.25459e-04   1.72824e-07  -2.74944e+00
   5  R           -6.08676e+01   constant   
   6  alpha_CBO    1.90228e-02   1.66235e-04  -2.76596e-07   9.32331e-01
   7  w_CBO        2.32735e+00   constant   
   8  beta_CBO    -9.88504e-03   1.66712e-04  -2.98247e-07  -3.85755e-01
   9  alpha_2CBO   1.76542e-04   1.69998e-04  -2.73824e-07  -1.21348e+00
  10  beta_2CBO    1.51863e-04   1.61834e-04  -2.43340e-07  -3.43520e+00
  11  alpha_y     -3.48470e-03   1.83049e-04  -2.34492e-08   3.25599e-01
  12  w_y          1.38984e+01   constant   
  13  beta_y       2.17472e-03   1.80631e-04   3.42237e-07  -1.06873e+00
  14  alpha_vw     4.83727e-03   1.76586e-04  -2.06478e-07   2.48048e-01
  15  w_vw         1.43156e+01   constant   
  16  beta_vw      8.47856e-04   1.86892e-04   1.16626e-08  -3.21900e-01
  17  LM           8.27773e-05   constant   
  18  zeta_y       0.00000e+00   constant   
  19  zeta_vw      0.00000e+00   constant   
  20  T_CBO        1.00000e+02   5.20646e+02  -0.00000e+00   0.00000e+00
  21  alpha_A0     5.33723e-03   3.01985e-04   3.73862e-07   1.20395e-01
  22  beta_A0     -1.53962e-03   2.79770e-04  -2.22978e-07  -1.84438e+00
  23  alpha_phi    1.04271e-03   3.09237e-04   6.00328e-08  -1.32605e+00
  24  beta_phi     9.73435e-04   3.15799e-04  -4.82738e-09   2.51634e+00
  25  alpha_vw_m_cbo   3.98607e-04   1.65910e-04   3.70486e-07  -7.26173e-01
  26  w_vw_m_cbo   1.20142e+01   constant   
  27  beta_vw_m_cbo  -1.30274e-04   1.64417e-04   3.96592e-07  -2.06178e+00
  28  alpha_vw_p_cbo  -2.53054e-04   1.65294e-04   1.65191e-07   1.96487e+00
  29  w_vw_p_cbo   1.67139e+01   constant   
  30  beta_vw_p_cbo   4.51564e-04   1.64472e-04  -2.76769e-08   5.84485e-01
 EXTERNAL ERROR MATRIX.    NDIM=  31    NPAR= 20    ERR DEF=1
 ELEMENTS ABOVE DIAGONAL ARE NOT PRINTED.
  6.925e+03 
  4.432e-04  5.444e-09 
  2.721e-04 -1.031e-09  5.083e-08 
  1.222e-03 -1.020e-09 -2.033e-09  2.763e-08 
  2.342e-04  8.857e-10 -1.763e-09  4.666e-10  2.779e-08 
  5.346e-05 -5.339e-10 -2.807e-10  2.243e-09 -7.012e-10  2.890e-08 
  2.853e-04  1.742e-10 -1.029e-09 -1.690e-10  4.473e-10 -6.466e-10  2.619e-08 
  4.773e-04 -1.868e-10 -1.522e-10  7.503e-10  7.750e-10  3.141e-10  4.209e-10  3.351e-08 
 -6.931e-04 -1.285e-09  2.981e-09  3.375e-10 -3.554e-09  1.215e-09 -1.286e-09  2.616e-09  3.263e-08 
  6.705e-04  1.336e-09 -2.778e-09 -1.144e-10  2.915e-09 -4.101e-10  1.117e-09  6.352e-09 -5.467e-09  3.118e-08 
  6.691e-05 -6.481e-10  5.703e-10  6.924e-10 -1.575e-09  1.465e-09 -7.695e-10  1.202e-08  3.272e-09 -7.604e-10  3.493e-08 
  0.000e+00  0.000e+00  0.000e+00  0.000e+00  0.000e+00  0.000e+00  0.000e+00  0.000e+00  0.000e+00  0.000e+00  0.000e+00 
  0.000e+00  0.000e+00  0.000e+00  0.000e+00  0.000e+00  0.000e+00  0.000e+00  0.000e+00  0.000e+00  0.000e+00  0.000e+00  1.800e+05 
 -1.645e-03  2.397e-09  1.738e-09  1.966e-09  1.412e-09 -2.739e-09  1.467e-09 -1.793e-09 -3.847e-09  3.210e-09 -2.386e-09 
 -1.645e-03  2.397e-09  1.738e-09  1.966e-09  1.412e-09 -2.739e-09  1.467e-09 -1.793e-09 -3.847e-09  3.210e-09 -2.386e-09  0.000e+00  9.119e-08 
  1.303e-03  2.407e-10 -2.726e-09 -2.012e-09  2.230e-09 -9.741e-10  3.558e-10 -1.172e-09 -3.293e-09  3.633e-09 -1.904e-09 
  1.303e-03  2.407e-10 -2.726e-09 -2.012e-09  2.230e-09 -9.741e-10  3.558e-10 -1.172e-09 -3.293e-09  3.633e-09 -1.904e-09  0.000e+00  5.899e-09  7.827e-08 
 -1.990e-03  3.725e-11  3.774e-09  2.836e-09 -3.581e-09 -1.216e-09 -1.696e-09 -8.607e-10  3.769e-09 -3.703e-09  9.283e-10 
 -1.990e-03  3.725e-11  3.774e-09  2.836e-09 -3.581e-09 -1.216e-09 -1.696e-09 -8.607e-10  3.769e-09 -3.703e-09  9.283e-10  0.000e+00 -7.205e-09 -4.898e-10  9.563e-08 
  1.109e-05  2.575e-10 -6.188e-10  1.035e-09  1.151e-09  1.610e-09  1.099e-09  1.343e-09 -1.042e-09  6.769e-10  6.580e-10 
  1.109e-05  2.575e-10 -6.188e-10  1.035e-09  1.151e-09  1.610e-09  1.099e-09  1.343e-09 -1.042e-09  6.769e-10  6.580e-10  0.000e+00 -1.360e-09  8.375e-10  5.485e-10  9.973e-08 
 -8.527e-05  3.702e-10  6.546e-10 -8.768e-10  3.367e-10 -5.416e-10  6.236e-10  8.535e-10 -4.471e-10  3.266e-10 -6.347e-11 
 -8.527e-05  3.702e-10  6.546e-10 -8.768e-10  3.367e-10 -5.416e-10  6.236e-10  8.535e-10 -4.471e-10  3.266e-10 -6.347e-11  0.000e+00  8.282e-10  1.105e-09  6.380e-10 -1.548e-09  2.753e-08 
 -3.017e-05 -2.805e-10  1.182e-09  1.622e-10 -4.700e-10  5.897e-10  2.878e-10 -2.877e-10  1.664e-09 -1.995e-10  1.805e-09 
 -3.017e-05 -2.805e-10  1.182e-09  1.622e-10 -4.700e-10  5.897e-10  2.878e-10 -2.877e-10  1.664e-09 -1.995e-10  1.805e-09  0.000e+00 -1.081e-09 -2.154e-10  1.426e-09 -1.227e-09  3.090e-11  2.703e-08 
 -2.030e-04 -1.650e-10  7.742e-10 -1.520e-10 -4.193e-10  2.405e-10  1.303e-10 -8.070e-10  1.003e-09 -9.858e-10  2.202e-10 
 -2.030e-04 -1.650e-10  7.742e-10 -1.520e-10 -4.193e-10  2.405e-10  1.303e-10 -8.070e-10  1.003e-09 -9.858e-10  2.202e-10  0.000e+00 -7.173e-10 -4.328e-10  1.394e-09 -7.886e-10 -3.290e-10 -1.968e-10  2.732e-08 
 -1.481e-04  2.021e-10  5.284e-11 -6.456e-10  1.316e-10 -8.670e-10  5.795e-12 -1.876e-09 -5.540e-10 -8.291e-11 -1.557e-09 
 -1.481e-04  2.021e-10  5.284e-11 -6.456e-10  1.316e-10 -8.670e-10  5.795e-12 -1.876e-09 -5.540e-10 -8.291e-11 -1.557e-09  0.000e+00  8.073e-10  2.090e-10 -1.190e-10 -1.437e-10  2.166e-10 -4.088e-10  1.072e-10  2.705e-08 
 PARAMETER  CORRELATION COEFFICIENTS  
       NO.  GLOBAL      1      3      4      6      8      9     10     11     13     14     16     20     21     22     23     24
        1  0.19313   1.000  0.072  0.015  0.088  0.017  0.004  0.021  0.031 -0.046  0.046  0.004  0.000 -0.065  0.056 -0.077  0.000
        3  0.22553   0.072  1.000 -0.062 -0.083  0.072 -0.043  0.015 -0.014 -0.096  0.103 -0.047  0.000  0.108  0.012  0.002  0.011
        4  0.15891   0.015 -0.062  1.000 -0.054 -0.047 -0.007 -0.028 -0.004  0.073 -0.070  0.014  0.000  0.026 -0.043  0.054 -0.009
        6  0.19988   0.088 -0.083 -0.054  1.000  0.017  0.079 -0.006  0.025  0.011 -0.004  0.022  0.000  0.039 -0.043  0.055  0.020
        8  0.18047   0.017  0.072 -0.047  0.017  1.000 -0.025  0.017  0.025 -0.118  0.099 -0.051  0.000  0.028  0.048 -0.069  0.022
        9  0.13059   0.004 -0.043 -0.007  0.079 -0.025  1.000 -0.024  0.010  0.040 -0.014  0.046  0.000 -0.053 -0.020 -0.023  0.030
       10  0.08870   0.021  0.015 -0.028 -0.006  0.017 -0.024  1.000  0.014 -0.044  0.039 -0.025  0.000  0.030  0.008 -0.034  0.022
       11  0.42416   0.031 -0.014 -0.004  0.025  0.025  0.010  0.014  1.000  0.079  0.197  0.351  0.000 -0.032 -0.023 -0.015  0.023
       13  0.27304  -0.046 -0.096  0.073  0.011 -0.118  0.040 -0.044  0.079  1.000 -0.171  0.097  0.000 -0.071 -0.065  0.067 -0.018
       14  0.32045   0.046  0.103 -0.070 -0.004  0.099 -0.014  0.039  0.197 -0.171  1.000 -0.023  0.000  0.060  0.074 -0.068  0.012
       16  0.37990   0.004 -0.047  0.014  0.022 -0.051  0.046 -0.025  0.351  0.097 -0.023  1.000  0.000 -0.042 -0.036  0.016  0.011
       20  0.00000   0.000  0.000  0.000  0.000  0.000  0.000  0.000  0.000  0.000  0.000  0.000  1.000  0.000  0.000  0.000  0.000
       21  0.21285  -0.065  0.108  0.026  0.039  0.028 -0.053  0.030 -0.032 -0.071  0.060 -0.042  0.000  1.000  0.070 -0.077 -0.014
       22  0.15219   0.056  0.012 -0.043 -0.043  0.048 -0.020  0.008 -0.023 -0.065  0.074 -0.036  0.000  0.070  1.000 -0.006  0.009
       23  0.18387  -0.077  0.002  0.054  0.055 -0.069 -0.023 -0.034 -0.015  0.067 -0.068  0.016  0.000 -0.077 -0.006  1.000  0.006
       24  0.07273   0.000  0.011 -0.009  0.020  0.022  0.030  0.022  0.023 -0.018  0.012  0.011  0.000 -0.014  0.009  0.006  1.000
       25  0.07804  -0.006  0.030  0.017 -0.032  0.012 -0.019  0.023  0.028 -0.015  0.011 -0.002  0.000  0.017  0.024  0.012 -0.030
                     1.000  0.001 -0.012  0.008
       27  0.10259  -0.002 -0.023  0.032  0.006 -0.017  0.021  0.011 -0.010  0.056 -0.007  0.059  0.000 -0.022 -0.005  0.028 -0.024
                     0.001  1.000 -0.007 -0.015
       28  0.06647  -0.015 -0.014  0.021 -0.006 -0.015  0.009  0.005 -0.027  0.034 -0.034  0.007  0.000 -0.014 -0.009  0.027 -0.015
                    -0.012 -0.007  1.000  0.004
       30  0.08181  -0.011  0.017  0.001 -0.024  0.005 -0.031  0.000 -0.062 -0.019 -0.003 -0.051  0.000  0.016  0.005 -0.002 -0.003
                     0.008 -0.015  0.004  1.000
MINUIT - MINOS
 **********
 **   85 **RES 
 **********
 CALL TO MNFREE IGNORED.  THERE ARE NO FIXED PARAMETERS
 **********
 **   86 **MIG      2.5e+04        0.01
 **********
 START MIGRAD MINIMIZATION.  STRATEGY  1.  CONVERGENCE WHEN EDM .LT. 1.00e-05
 FCN=80.9095 FROM MIGRAD    STATUS=INITIATE       40 CALLS        8902 TOTAL
                     EDM=5.65771e-07    STRATEGY= 1  ERROR MATRIX UNCERTAINTY   2.1 per cent
  EXT PARAMETER                                   STEP         FIRST   
  NO.   NAME      VALUE            ERROR          SIZE      DERIVATIVE 
   1  N0           1.46862e+06   8.32148e+01   4.27205e-02   3.86893e-07
   2  tau          6.44033e+01   constant   
   3  A0           3.52979e-01   7.37836e-05  -1.01165e-07  -3.28444e+00
   4  phi          4.11492e+00   2.25459e-04   1.72824e-07  -2.74944e+00
   5  R           -6.08676e+01   constant   
   6  alpha_CBO    1.90228e-02   1.66235e-04  -2.76596e-07   9.32331e-01
   7  w_CBO        2.32735e+00   constant   
   8  beta_CBO    -9.88504e-03   1.66712e-04  -2.98247e-07  -3.85757e-01
   9  alpha_2CBO   1.76542e-04   1.69998e-04  -2.73824e-07  -1.21347e+00
  10  beta_2CBO    1.51863e-04   1.61834e-04  -2.43340e-07  -3.43521e+00
  11  alpha_y     -3.48470e-03   1.83049e-04  -2.34492e-08   3.25593e-01
  12  w_y          1.38984e+01   constant   
  13  beta_y       2.17472e-03   1.80631e-04   3.42237e-07  -1.06873e+00
  14  alpha_vw     4.83727e-03   1.76586e-04  -2.06478e-07   2.48049e-01
  15  w_vw         1.43156e+01   constant   
  16  beta_vw      8.47856e-04   1.86892e-04   1.16626e-08  -3.21901e-01
  17  LM           8.27773e-05   constant   
  18  zeta_y       0.00000e+00   constant   
  19  zeta_vw      0.00000e+00   constant   
  20  T_CBO        1.00000e+02   5.20646e+02  -0.00000e+00   0.00000e+00
  21  alpha_A0     5.33723e-03   3.01985e-04   3.73862e-07   1.20394e-01
  22  beta_A0     -1.53962e-03   2.79770e-04  -2.22978e-07  -1.84437e+00
  23  alpha_phi    1.04271e-03   3.09237e-04   6.00328e-08  -1.32605e+00
  24  beta_phi     9.73435e-04   3.15799e-04  -4.82738e-09   2.51633e+00
  25  alpha_vw_m_cbo   3.98607e-04   1.65910e-04   3.70486e-07  -7.26174e-01
  26  w_vw_m_cbo   1.20142e+01   constant   
  27  beta_vw_m_cbo  -1.30274e-04   1.64417e-04   3.96592e-07  -2.06178e+00
  28  alpha_vw_p_cbo  -2.53054e-04   1.65294e-04   1.65191e-07   1.96488e+00
  29  w_vw_p_cbo   1.67139e+01   constant   
  30  beta_vw_p_cbo   4.51564e-04   1.64472e-04  -2.76769e-08   5.84489e-01
 MIGRAD MINIMIZATION HAS CONVERGED.
 FCN=80.9095 FROM MIGRAD    STATUS=CONVERGED      81 CALLS        8943 TOTAL
                     EDM=3.63232e-08    STRATEGY= 1  ERROR MATRIX UNCERTAINTY   1.9 per cent
  EXT PARAMETER                                   STEP         FIRST   
  NO.   NAME      VALUE            ERROR          SIZE      DERIVATIVE 
   1  N0           1.46862e+06   8.17721e+01  -6.12099e-04  -2.96272e-06
   2  tau          6.44033e+01   constant   
   3  A0           3.52979e-01   7.37529e-05   6.85850e-09   1.04416e-01
   4  phi          4.11492e+00   2.30357e-04   7.01993e-08  -3.00524e-01
   5  R           -6.08676e+01   constant   
   6  alpha_CBO    1.90228e-02   1.65430e-04  -1.74518e-08  -2.97962e-01
   7  w_CBO        2.32735e+00   constant   
   8  beta_CBO    -9.88504e-03   1.66655e-04  -8.40826e-12   2.38386e-01
   9  alpha_2CBO   1.76554e-04   1.67273e-04   1.17173e-08   9.88793e-01
  10  beta_2CBO    1.51904e-04   1.62655e-04   4.06812e-08  -7.74950e-02
  11  alpha_y     -3.48471e-03   1.82999e-04  -4.68471e-09  -7.74345e-02
  12  w_y          1.38984e+01   constant   
  13  beta_y       2.17474e-03   1.80034e-04   1.97559e-08   2.42495e-01
  14  alpha_vw     4.83726e-03   1.76726e-04  -6.65903e-09   1.61289e-01
  15  w_vw         1.43156e+01   constant   
  16  beta_vw      8.47860e-04   1.86885e-04   4.40749e-09   1.87278e-02
  17  LM           8.27773e-05   constant   
  18  zeta_y       0.00000e+00   constant   
  19  zeta_vw      0.00000e+00   constant   
  20  T_CBO        1.00000e+02   5.20646e+02  -0.00000e+00   0.00000e+00
  21  alpha_A0     5.33723e-03   3.00252e-04   8.51077e-10   4.89279e-01
  22  beta_A0     -1.53955e-03   2.79258e-04   6.64489e-08   6.27742e-02
  23  alpha_phi    1.04277e-03   3.11036e-04   6.57952e-08  -6.60077e-02
  24  beta_phi     9.73311e-04   3.26586e-04  -1.23847e-07   2.65547e-01
  25  alpha_vw_m_cbo   3.98623e-04   1.65446e-04   1.59388e-08   2.10603e-01
  26  w_vw_m_cbo   1.20142e+01   constant   
  27  beta_vw_m_cbo  -1.30240e-04   1.63379e-04   3.36546e-08   2.58261e-01
  28  alpha_vw_p_cbo  -2.53077e-04   1.65996e-04  -2.36182e-08   1.72242e-01
  29  w_vw_p_cbo   1.67139e+01   constant   
  30  beta_vw_p_cbo   4.51556e-04   1.64219e-04  -8.09504e-09  -1.93317e-01
 EXTERNAL ERROR MATRIX.    NDIM=  31    NPAR= 20    ERR DEF=1
 ELEMENTS ABOVE DIAGONAL ARE NOT PRINTED.
  6.687e+03 
  5.857e-04  5.439e-09 
  1.504e-03 -9.349e-10  5.306e-08 
  7.913e-04 -9.652e-10 -1.904e-09  2.737e-08 
  3.015e-04  8.432e-10 -2.134e-09  5.940e-10  2.777e-08 
  5.711e-04 -7.145e-10 -1.626e-09  2.854e-09 -8.511e-10  2.798e-08 
  1.071e-03  1.845e-10 -1.333e-10  4.250e-11  2.118e-10 -1.587e-09  2.646e-08 
  3.629e-04 -1.730e-10 -1.238e-10  6.808e-10  8.088e-10  4.756e-10  4.737e-10  3.349e-08 
 -2.363e-04 -1.328e-09  3.003e-09  5.820e-10 -3.689e-09  5.917e-10 -1.419e-09  2.680e-09  3.241e-08 
  5.860e-04  1.306e-09 -3.167e-09 -6.566e-11  2.941e-09 -3.544e-10  9.191e-10  6.366e-09 -5.534e-09  3.123e-08 
  1.594e-04 -6.516e-10  6.269e-10  7.292e-10 -1.603e-09  1.347e-09 -7.663e-10  1.202e-08  3.243e-09 -7.789e-10  3.493e-08 
  0.000e+00  0.000e+00  0.000e+00  0.000e+00  0.000e+00  0.000e+00  0.000e+00  0.000e+00  0.000e+00  0.000e+00  0.000e+00 
  0.000e+00  0.000e+00  0.000e+00  0.000e+00  0.000e+00  0.000e+00  0.000e+00  0.000e+00  0.000e+00  0.000e+00  0.000e+00  1.800e+05 
 -1.147e-03  2.093e-09 -8.957e-10  2.881e-09  1.271e-09 -3.832e-09 -2.109e-10 -1.550e-09 -4.819e-09  3.392e-09 -2.584e-09 
 -1.147e-03  2.093e-09 -8.957e-10  2.881e-09  1.271e-09 -3.832e-09 -2.109e-10 -1.550e-09 -4.819e-09  3.392e-09 -2.584e-09  0.000e+00  9.015e-08 
  2.672e-03  2.040e-10 -1.730e-09 -1.506e-09  1.821e-09 -2.699e-09  4.950e-10 -1.043e-09 -3.680e-09  3.343e-09 -1.933e-09 
  2.672e-03  2.040e-10 -1.730e-09 -1.506e-09  1.821e-09 -2.699e-09  4.950e-10 -1.043e-09 -3.680e-09  3.343e-09 -1.933e-09  0.000e+00  2.981e-09  7.799e-08 
 -7.567e-04  7.757e-11  5.429e-09  3.107e-09 -3.951e-09 -2.654e-09 -1.134e-09 -7.942e-10  3.630e-09 -4.037e-09  9.488e-10 
 -7.567e-04  7.757e-11  5.429e-09  3.107e-09 -3.951e-09 -2.654e-09 -1.134e-09 -7.942e-10  3.630e-09 -4.037e-09  9.488e-10  0.000e+00 -9.840e-09 -3.675e-11  9.674e-08 
 -2.163e-03  8.802e-11 -4.552e-09  8.053e-10  1.806e-09  3.985e-09 -4.778e-10  1.293e-09 -1.078e-09  1.364e-09  5.585e-10 
 -2.163e-03  8.802e-11 -4.552e-09  8.053e-10  1.806e-09  3.985e-09 -4.778e-10  1.293e-09 -1.078e-09  1.364e-09  5.585e-10  0.000e+00  3.289e-09 -9.146e-10 -2.367e-09  1.067e-07 
  2.874e-04  3.334e-10  6.490e-10 -6.716e-10  2.262e-10 -1.054e-09  5.018e-10  9.067e-10 -6.293e-10  2.742e-10 -8.872e-11 
  2.874e-04  3.334e-10  6.490e-10 -6.716e-10  2.262e-10 -1.054e-09  5.018e-10  9.067e-10 -6.293e-10  2.742e-10 -8.872e-11  0.000e+00  3.534e-11  7.675e-10  5.027e-10 -1.537e-09  2.737e-08 
  7.053e-04 -3.257e-10  1.454e-09  4.981e-10 -6.888e-10 -3.779e-10  2.107e-10 -2.013e-10  1.383e-09 -3.301e-10  1.773e-09 
  7.053e-04 -3.257e-10  1.454e-09  4.981e-10 -6.888e-10 -3.779e-10  2.107e-10 -2.013e-10  1.383e-09 -3.301e-10  1.773e-09  0.000e+00 -2.647e-09 -6.164e-10  1.424e-09 -1.704e-09 -2.095e-10  2.669e-08 
 -6.227e-04 -1.941e-10  5.253e-11 -2.056e-10 -2.928e-10  7.049e-10 -1.524e-10 -8.192e-10  1.006e-09 -8.568e-10  2.033e-10 
 -6.227e-04 -1.941e-10  5.253e-11 -2.056e-10 -2.928e-10  7.049e-10 -1.524e-10 -8.192e-10  1.006e-09 -8.568e-10  2.033e-10  0.000e+00  1.802e-10 -7.356e-10  8.667e-10  4.827e-10 -3.183e-10 -2.710e-10  2.755e-08 
 -3.620e-04  2.363e-10  1.909e-10 -7.962e-10  1.946e-10 -5.520e-10  1.535e-10 -1.915e-09 -4.120e-10 -6.580e-11 -1.534e-09 
 -3.620e-04  2.363e-10  1.909e-10 -7.962e-10  1.946e-10 -5.520e-10  1.535e-10 -1.915e-09 -4.120e-10 -6.580e-11 -1.534e-09  0.000e+00  1.261e-09  5.295e-10  8.459e-11 -3.881e-10  3.351e-10 -2.069e-10  5.574e-11  2.697e-08 
 PARAMETER  CORRELATION COEFFICIENTS  
       NO.  GLOBAL      1      3      4      6      8      9     10     11     13     14     16     20     21     22     23     24
        1  0.25162   1.000  0.097  0.080  0.058  0.022  0.042  0.081  0.024 -0.016  0.041  0.010  0.000 -0.047  0.117 -0.030 -0.081
        3  0.22882   0.097  1.000 -0.055 -0.079  0.069 -0.058  0.015 -0.013 -0.100  0.100 -0.047  0.000  0.095  0.010  0.003  0.004
        4  0.18879   0.080 -0.055  1.000 -0.050 -0.056 -0.042 -0.004 -0.003  0.072 -0.078  0.015  0.000 -0.013 -0.027  0.076 -0.061
        6  0.19994   0.058 -0.079 -0.050  1.000  0.022  0.103  0.002  0.022  0.020 -0.002  0.024  0.000  0.058 -0.033  0.060  0.015
        8  0.18901   0.022  0.069 -0.056  0.022  1.000 -0.031  0.008  0.027 -0.123  0.100 -0.051  0.000  0.025  0.039 -0.076  0.033
        9  0.20752   0.042 -0.058 -0.042  0.103 -0.031  1.000 -0.058  0.016  0.020 -0.012  0.043  0.000 -0.076 -0.058 -0.051  0.073
       10  0.12099   0.081  0.015 -0.004  0.002  0.008 -0.058  1.000  0.016 -0.048  0.032 -0.025  0.000 -0.004  0.011 -0.022 -0.009
       11  0.42448   0.024 -0.013 -0.003  0.022  0.027  0.016  0.016  1.000  0.081  0.197  0.352  0.000 -0.028 -0.020 -0.014  0.022
       13  0.27827  -0.016 -0.100  0.072  0.020 -0.123  0.020 -0.048  0.081  1.000 -0.174  0.096  0.000 -0.089 -0.073  0.065 -0.018
       14  0.32214   0.041  0.100 -0.078 -0.002  0.100 -0.012  0.032  0.197 -0.174  1.000 -0.024  0.000  0.064  0.068 -0.073  0.024
       16  0.38007   0.010 -0.047  0.015  0.024 -0.051  0.043 -0.025  0.352  0.096 -0.024  1.000  0.000 -0.046 -0.037  0.016  0.009
       20  0.00000   0.000  0.000  0.000  0.000  0.000  0.000  0.000  0.000  0.000  0.000  0.000  1.000  0.000  0.000  0.000  0.000
       21  0.22076  -0.047  0.095 -0.013  0.058  0.025 -0.076 -0.004 -0.028 -0.089  0.064 -0.046  0.000  1.000  0.036 -0.105  0.034
       22  0.17624   0.117  0.010 -0.027 -0.033  0.039 -0.058  0.011 -0.020 -0.073  0.068 -0.037  0.000  0.036  1.000 -0.000 -0.010
       23  0.19854  -0.030  0.003  0.076  0.060 -0.076 -0.051 -0.022 -0.014  0.065 -0.073  0.016  0.000 -0.105 -0.000  1.000 -0.023
       24  0.13968  -0.081  0.004 -0.061  0.015  0.033  0.073 -0.009  0.022 -0.018  0.024  0.009  0.000  0.034 -0.010 -0.023  1.000
       25  0.07692   0.021  0.027  0.017 -0.025  0.008 -0.038  0.019  0.030 -0.021  0.009 -0.003  0.000  0.001  0.017  0.010 -0.028
                     1.000 -0.008 -0.012  0.012
       27  0.12099   0.053 -0.027  0.039  0.018 -0.025 -0.014  0.008 -0.007  0.047 -0.011  0.058  0.000 -0.054 -0.014  0.028 -0.032
                    -0.008  1.000 -0.010 -0.008
       28  0.07593  -0.046 -0.016  0.001 -0.007 -0.011  0.025 -0.006 -0.027  0.034 -0.029  0.007  0.000  0.004 -0.016  0.017  0.009
                    -0.012 -0.010  1.000  0.002
       30  0.08751  -0.027  0.020  0.005 -0.029  0.007 -0.020  0.006 -0.064 -0.014 -0.002 -0.050  0.000  0.026  0.012  0.002 -0.007
                     0.012 -0.008  0.002  1.000
 **********
 **   87 **MINO      2.5e+04
 **********
    THE POSITIVE MINOS ERROR OF PARAMETER  20, T_CBO EXCEEDS ITS LIMIT.
    THE NEGATIVE MINOS ERROR OF PARAMETER  20, T_CBO EXCEEDS ITS LIMIT.
 FCN=80.9095 FROM MINOS     STATUS=PROBLEMS     7664 CALLS       16607 TOTAL
                     EDM=3.63232e-08    STRATEGY= 1  ERROR MATRIX UNCERTAINTY   1.9 per cent
  EXT PARAMETER                  PARABOLIC         MINOS ERRORS        
  NO.   NAME      VALUE            ERROR      NEGATIVE      POSITIVE   
   1  N0           1.46862e+06   8.17721e+01  -9.11122e+01   9.11395e+01
   2  tau          6.44033e+01   constant   
   3  A0           3.52979e-01   7.37529e-05  -7.68611e-05   7.68606e-05
   4  phi          4.11492e+00   2.30357e-04  -2.36387e-04   2.36429e-04
   5  R           -6.08676e+01   constant   
   6  alpha_CBO    1.90228e-02   1.65430e-04  -1.73124e-04   1.73126e-04
   7  w_CBO        2.32735e+00   constant   
   8  beta_CBO    -9.88504e-03   1.66655e-04  -1.72360e-04   1.72347e-04
   9  alpha_2CBO   1.76554e-04   1.67273e-04  -1.70190e-04   1.70164e-04
  10  beta_2CBO    1.51904e-04   1.62655e-04  -1.66880e-04   1.66878e-04
  11  alpha_y     -3.48471e-03   1.82999e-04  -1.82313e-04   1.82314e-04
  12  w_y          1.38984e+01   constant   
  13  beta_y       2.17474e-03   1.80034e-04  -1.81147e-04   1.81139e-04
  14  alpha_vw     4.83726e-03   1.76726e-04  -1.80225e-04   1.80223e-04
  15  w_vw         1.43156e+01   constant   
  16  beta_vw      8.47860e-04   1.86885e-04  -1.82364e-04   1.82363e-04
  17  LM           8.27773e-05   constant   
  18  zeta_y       0.00000e+00   constant   
  19  zeta_vw      0.00000e+00   constant   
  20  T_CBO        1.00000e+02   5.20646e+02   at limit      at limit   
  21  alpha_A0     5.33723e-03   3.00252e-04  -3.26647e-04   3.26584e-04
  22  beta_A0     -1.53955e-03   2.79258e-04  -2.90681e-04   2.90678e-04
  23  alpha_phi    1.04277e-03   3.11036e-04  -3.32216e-04   3.32269e-04
  24  beta_phi     9.73311e-04   3.26586e-04  -3.30983e-04   3.30936e-04
  25  alpha_vw_m_cbo   3.98623e-04   1.65446e-04  -1.65589e-04   1.65583e-04
  26  w_vw_m_cbo   1.20142e+01   constant   
  27  beta_vw_m_cbo  -1.30240e-04   1.63379e-04  -1.64108e-04   1.64101e-04
  28  alpha_vw_p_cbo  -2.53077e-04   1.65996e-04  -1.65712e-04   1.65708e-04
  29  w_vw_p_cbo   1.67139e+01   constant   
  30  beta_vw_p_cbo   4.51556e-04   1.64219e-04  -1.63615e-04   1.63620e-04
 **********
 **   88 **SHO COR 
 **********
 PARAMETER  CORRELATION COEFFICIENTS  
       NO.  GLOBAL      1      3      4      6      8      9     10     11     13     14     16     20     21     22     23     24
        1  0.25162   1.000  0.097  0.080  0.058  0.022  0.042  0.081  0.024 -0.016  0.041  0.010  0.000 -0.047  0.117 -0.030 -0.081
        3  0.22882   0.097  1.000 -0.055 -0.079  0.069 -0.058  0.015 -0.013 -0.100  0.100 -0.047  0.000  0.095  0.010  0.003  0.004
        4  0.18879   0.080 -0.055  1.000 -0.050 -0.056 -0.042 -0.004 -0.003  0.072 -0.078  0.015  0.000 -0.013 -0.027  0.076 -0.061
        6  0.19994   0.058 -0.079 -0.050  1.000  0.022  0.103  0.002  0.022  0.020 -0.002  0.024  0.000  0.058 -0.033  0.060  0.015
        8  0.18901   0.022  0.069 -0.056  0.022  1.000 -0.031  0.008  0.027 -0.123  0.100 -0.051  0.000  0.025  0.039 -0.076  0.033
        9  0.20752   0.042 -0.058 -0.042  0.103 -0.031  1.000 -0.058  0.016  0.020 -0.012  0.043  0.000 -0.076 -0.058 -0.051  0.073
       10  0.12099   0.081  0.015 -0.004  0.002  0.008 -0.058  1.000  0.016 -0.048  0.032 -0.025  0.000 -0.004  0.011 -0.022 -0.009
       11  0.42448   0.024 -0.013 -0.003  0.022  0.027  0.016  0.016  1.000  0.081  0.197  0.352  0.000 -0.028 -0.020 -0.014  0.022
       13  0.27827  -0.016 -0.100  0.072  0.020 -0.123  0.020 -0.048  0.081  1.000 -0.174  0.096  0.000 -0.089 -0.073  0.065 -0.018
       14  0.32214   0.041  0.100 -0.078 -0.002  0.100 -0.012  0.032  0.197 -0.174  1.000 -0.024  0.000  0.064  0.068 -0.073  0.024
       16  0.38007   0.010 -0.047  0.015  0.024 -0.051  0.043 -0.025  0.352  0.096 -0.024  1.000  0.000 -0.046 -0.037  0.016  0.009
       20  0.00000   0.000  0.000  0.000  0.000  0.000  0.000  0.000  0.000  0.000  0.000  0.000  1.000  0.000  0.000  0.000  0.000
       21  0.22076  -0.047  0.095 -0.013  0.058  0.025 -0.076 -0.004 -0.028 -0.089  0.064 -0.046  0.000  1.000  0.036 -0.105  0.034
       22  0.17624   0.117  0.010 -0.027 -0.033  0.039 -0.058  0.011 -0.020 -0.073  0.068 -0.037  0.000  0.036  1.000 -0.000 -0.010
       23  0.19854  -0.030  0.003  0.076  0.060 -0.076 -0.051 -0.022 -0.014  0.065 -0.073  0.016  0.000 -0.105 -0.000  1.000 -0.023
       24  0.13968  -0.081  0.004 -0.061  0.015  0.033  0.073 -0.009  0.022 -0.018  0.024  0.009  0.000  0.034 -0.010 -0.023  1.000
       25  0.07692   0.021  0.027  0.017 -0.025  0.008 -0.038  0.019  0.030 -0.021  0.009 -0.003  0.000  0.001  0.017  0.010 -0.028
                     1.000 -0.008 -0.012  0.012
       27  0.12099   0.053 -0.027  0.039  0.018 -0.025 -0.014  0.008 -0.007  0.047 -0.011  0.058  0.000 -0.054 -0.014  0.028 -0.032
                    -0.008  1.000 -0.010 -0.008
       28  0.07593  -0.046 -0.016  0.001 -0.007 -0.011  0.025 -0.006 -0.027  0.034 -0.029  0.007  0.000  0.004 -0.016  0.017  0.009
                    -0.012 -0.010  1.000  0.002
       30  0.08751  -0.027  0.020  0.005 -0.029  0.007 -0.020  0.006 -0.064 -0.014 -0.002 -0.050  0.000  0.026  0.012  0.002 -0.007
                     0.012 -0.008  0.002  1.000
 ELEMENTS ABOVE DIAGONAL ARE NOT PRINTED.
