 + ++++++++++++++++++++++++++++++++++++++++++++++++++++++++++++++++++++ +
 +                                                                      +
 +           You have chose to blind your fitting according to          +
 +                omega_ref * (1 + (R +/- deltaR) *10^{-6})             +
 +                                                                      +
 + ++++++++++++++++++++++++++++++++++++++++++++++++++++++++++++++++++++ +
In main()...
reading format from ./formats/formatB_sBin_constraintOn.txt
Parameters after format file: pBinTau 0 pBinPhi 0 constraintau 1 includeMopTerm 0 constrainMop 0 c_e_scale 0.000000 
Opening file /gm2data/tbarrett/gm2fr/studies/run23_bunch_corrections/CorrectedFourier_Run3b.root.
reading reference data from /gm2data/zkhechad/cboTemplates/Run4CBOTemplates/templateFits3_floatBoth/noRF/sBin_constraintOn_cE0.0_seed0_noRF_calo20.root (fixing 5-param to these terms)
windowBins = 69
fitting sliding window 52 from bin 188 at 27.900400 to bin 257 at 38.344400 (69 bins)

Reading data from /gm2data/cornell/histograms/aMethod/histogram_a_noRF.root
 **********
 **    1 **SET PRINTOUT            1
 **********
 **********
 **    2 **SET NOWARNINGS 
 **********
 PARAMETER DEFINITIONS:
    NO.   NAME         VALUE      STEP SIZE      LIMITS
     1 N0           3.28992e+06  1.00000e+02     no limits
     2 tau          6.44058e+01  constant
     3 A0           3.64484e-01  1.00000e-04     no limits
     4 phi          4.11976e+00  1.00000e-02     no limits
     5 R           -6.08682e+01  constant
     6 alpha_CBO    0.00000e+00  1.00000e-03     no limits
     7 w_CBO        2.32735e+00  constant
     8 beta_CBO     0.00000e+00  1.00000e-03     no limits
     9 alpha_2CBO   0.00000e+00  1.00000e-03     no limits
    10 beta_2CBO    0.00000e+00  1.00000e-03     no limits
    11 alpha_y      0.00000e+00  1.00000e-03     no limits
    12 w_y          1.38984e+01  constant
    13 beta_y       0.00000e+00  1.00000e-03     no limits
    14 alpha_vw     0.00000e+00  1.00000e-03     no limits
    15 w_vw         1.43156e+01  constant
    16 beta_vw      0.00000e+00  1.00000e-03     no limits
    17 LM          -4.60003e-05  constant
    18 zeta_y       0.00000e+00  constant
    19 zeta_vw      0.00000e+00  constant
    20 T_CBO        1.00000e+02  1.00000e+00    0.00000e+00  1.00000e+03
    21 alpha_A0     0.00000e+00  1.00000e-03     no limits
    22 beta_A0      0.00000e+00  1.00000e-03     no limits
    23 alpha_phi    0.00000e+00  1.00000e-03     no limits
    24 beta_phi     0.00000e+00  1.00000e-03     no limits
    25 alpha_vw_m_cbo   0.00000e+00  1.00000e-03     no limits
    26 w_vw_m_cbo   1.20142e+01  constant
    27 beta_vw_m_cbo   0.00000e+00  1.00000e-03     no limits
    28 alpha_vw_p_cbo   0.00000e+00  1.00000e-04     no limits
    29 w_vw_p_cbo   1.67139e+01  constant
    30 beta_vw_p_cbo   0.00000e+00  1.00000e-04     no limits
MINUIT - FIT ONLY WIGGLE
 **********
 **    3 **FIX            5
 **********
 PARAMETER    5  IS CONSTANT.   IGNORED.
 **********
 **    4 **FIX            6
 **********
 **********
 **    5 **FIX            7
 **********
 PARAMETER    7  IS CONSTANT.   IGNORED.
 **********
 **    6 **FIX            8
 **********
 **********
 **    7 **FIX            9
 **********
 **********
 **    8 **FIX           10
 **********
 **********
 **    9 **FIX           11
 **********
 **********
 **   10 **FIX           12
 **********
 PARAMETER   12  IS CONSTANT.   IGNORED.
 **********
 **   11 **FIX           13
 **********
 **********
 **   12 **FIX           14
 **********
 **********
 **   13 **FIX           15
 **********
 PARAMETER   15  IS CONSTANT.   IGNORED.
 **********
 **   14 **FIX           16
 **********
 **********
 **   15 **MIGRAD
 **********
 FIRST CALL TO USER FUNCTION AT NEW START POINT, WITH IFLAG=4.
 START MIGRAD MINIMIZATION.  STRATEGY  1.  CONVERGENCE WHEN EDM .LT. 1.00e-04
 FCN=3.66317e+08 FROM MIGRAD    STATUS=INITIATE      847 CALLS         848 TOTAL
                     EDM= unknown      STRATEGY= 1      NO ERROR MATRIX       
  EXT PARAMETER               CURRENT GUESS       STEP         FIRST   
  NO.   NAME      VALUE            ERROR          SIZE      DERIVATIVE 
   1  N0           3.28992e+06   1.00000e+02   0.00000e+00   4.45062e+02
   2  tau          6.44058e+01   constant   
   3  A0           3.64484e-01   1.00000e-04   0.00000e+00   8.24505e+07
   4  phi          4.11976e+00   1.00000e-02   0.00000e+00  -3.00934e+07
   5  R           -6.08682e+01   constant   
   6  alpha_CBO    0.00000e+00     fixed    
   7  w_CBO        2.32735e+00   constant   
   8  beta_CBO     0.00000e+00     fixed    
   9  alpha_2CBO   0.00000e+00     fixed    
  10  beta_2CBO    0.00000e+00     fixed    
  11  alpha_y      0.00000e+00     fixed    
  12  w_y          1.38984e+01   constant   
  13  beta_y       0.00000e+00     fixed    
  14  alpha_vw     0.00000e+00     fixed    
  15  w_vw         1.43156e+01   constant   
  16  beta_vw      0.00000e+00     fixed    
  17  LM          -4.60003e-05   constant   
  18  zeta_y       0.00000e+00   constant   
  19  zeta_vw      0.00000e+00   constant   
  20  T_CBO        1.00000e+02   1.00000e+00   0.00000e+00   0.00000e+00
  21  alpha_A0     0.00000e+00   1.00000e-03   0.00000e+00   3.12127e+07
  22  beta_A0      0.00000e+00   1.00000e-03   0.00000e+00  -4.50404e+07
  23  alpha_phi    0.00000e+00   1.00000e-03   0.00000e+00   5.69767e+07
  24  beta_phi     0.00000e+00   1.00000e-03   0.00000e+00   2.46556e+07
  25  alpha_vw_m_cbo   0.00000e+00   1.00000e-03   0.00000e+00  -4.45570e+06
  26  w_vw_m_cbo   1.20142e+01   constant   
  27  beta_vw_m_cbo   0.00000e+00   1.00000e-03   0.00000e+00  -1.14410e+07
  28  alpha_vw_p_cbo   0.00000e+00   1.00000e-04   0.00000e+00  -8.99076e+06
  29  w_vw_p_cbo   1.67139e+01   constant   
  30  beta_vw_p_cbo   0.00000e+00   1.00000e-04   0.00000e+00   6.01172e+06
 MIGRAD MINIMIZATION HAS CONVERGED.
 FCN=11790.7 FROM MIGRAD    STATUS=CONVERGED    1208 CALLS        1209 TOTAL
                     EDM=6.62417e-07    STRATEGY= 1  ERROR MATRIX UNCERTAINTY   1.8 per cent
  EXT PARAMETER                                   STEP         FIRST   
  NO.   NAME      VALUE            ERROR          SIZE      DERIVATIVE 
   1  N0           1.64435e+06   9.21095e+01  -2.19664e-01  -5.53147e-07
   2  tau          6.44058e+01   constant   
   3  A0           3.63543e-01   7.23158e-05  -1.16473e-07  -7.05651e+00
   4  phi          4.12261e+00   1.96799e-04  -2.05631e-07  -2.17108e+00
   5  R           -6.08682e+01   constant   
   6  alpha_CBO    0.00000e+00     fixed    
   7  w_CBO        2.32735e+00   constant   
   8  beta_CBO     0.00000e+00     fixed    
   9  alpha_2CBO   0.00000e+00     fixed    
  10  beta_2CBO    0.00000e+00     fixed    
  11  alpha_y      0.00000e+00     fixed    
  12  w_y          1.38984e+01   constant   
  13  beta_y       0.00000e+00     fixed    
  14  alpha_vw     0.00000e+00     fixed    
  15  w_vw         1.43156e+01   constant   
  16  beta_vw      0.00000e+00     fixed    
  17  LM          -4.60003e-05   constant   
  18  zeta_y       0.00000e+00   constant   
  19  zeta_vw      0.00000e+00   constant   
  20  T_CBO        1.00000e+02   5.20646e+02  -0.00000e+00   0.00000e+00
  21  alpha_A0    -1.26843e-03   2.76575e-04   1.28076e-06   6.42372e-01
  22  beta_A0      3.88727e-03   2.44811e-04  -1.99962e-07  -4.92047e+00
  23  alpha_phi   -5.77465e-04   2.93309e-04   6.45703e-07  -1.03389e+00
  24  beta_phi    -1.90912e-03   2.96638e-04   5.37031e-08  -2.06168e+00
  25  alpha_vw_m_cbo   1.13133e-03   8.74456e-05  -1.38655e-07   1.55924e+01
  26  w_vw_m_cbo   1.20142e+01   constant   
  27  beta_vw_m_cbo  -1.59760e-04   1.03394e-04   6.87376e-08  -9.58963e-01
  28  alpha_vw_p_cbo  -8.39847e-04   9.18461e-05  -2.74604e-08   7.09888e+00
  29  w_vw_p_cbo   1.67139e+01   constant   
  30  beta_vw_p_cbo  -8.08078e-05   8.21589e-05  -5.83817e-08  -9.96163e-02
 EXTERNAL ERROR MATRIX.    NDIM=  31    NPAR= 12    ERR DEF=1
 ELEMENTS ABOVE DIAGONAL ARE NOT PRINTED.
  8.484e+03 
 -9.626e-04  5.230e-09 
  1.624e-03 -1.941e-10  3.873e-08 
  0.000e+00  0.000e+00  0.000e+00  1.800e+05 
 -4.259e-03  3.458e-09 -1.004e-09  0.000e+00  7.649e-08 
  4.804e-03 -3.419e-09 -2.501e-09  0.000e+00 -1.198e-08  5.993e-08 
 -6.949e-03  1.744e-09 -5.179e-09  0.000e+00  9.708e-09 -1.042e-08  8.603e-08 
 -4.095e-03  2.603e-09 -8.325e-10  0.000e+00  4.117e-09 -1.452e-08  7.222e-09  8.799e-08 
  4.541e-04  7.510e-10  7.505e-10  0.000e+00 -3.794e-09  5.753e-09  1.367e-09  3.658e-09  7.647e-09 
  2.830e-04  4.228e-10  4.719e-09  0.000e+00  4.554e-09  8.350e-09  3.305e-09  3.080e-09  2.359e-09  1.069e-08 
  3.936e-04  6.131e-10  2.714e-09  0.000e+00  8.470e-10  7.196e-09  2.073e-09  2.841e-09  2.244e-09  3.784e-09  8.436e-09 
 -1.360e-04 -2.298e-10 -2.238e-09  0.000e+00 -3.308e-09 -4.008e-09 -1.472e-09 -3.819e-10 -9.706e-10 -2.486e-09 -1.759e-09 
 -1.360e-04 -2.298e-10 -2.238e-09  0.000e+00 -3.308e-09 -4.008e-09 -1.472e-09 -3.819e-10 -9.706e-10 -2.486e-09 -1.759e-09  6.750e-09 
 PARAMETER  CORRELATION COEFFICIENTS  
       NO.  GLOBAL      1      3      4     20     21     22     23     24     25     27     28     30
        1  0.36255   1.000 -0.145  0.090  0.000 -0.167  0.213 -0.257 -0.150  0.056  0.030  0.047 -0.018
        3  0.34316  -0.145  1.000 -0.014  0.000  0.173 -0.193  0.082  0.121  0.119  0.057  0.092 -0.039
        4  0.36901   0.090 -0.014  1.000  0.000 -0.018 -0.052 -0.090 -0.014  0.044  0.232  0.150 -0.138
       20  0.00000   0.000  0.000  0.000  1.000  0.000  0.000  0.000  0.000  0.000  0.000  0.000  0.000
       21  0.40880  -0.167  0.173 -0.018  0.000  1.000 -0.177  0.120  0.050 -0.157  0.159  0.033 -0.146
       22  0.62087   0.213 -0.193 -0.052  0.000 -0.177  1.000 -0.145 -0.200  0.269  0.330  0.320 -0.199
       23  0.35903  -0.257  0.082 -0.090  0.000  0.120 -0.145  1.000  0.083  0.053  0.109  0.077 -0.061
       24  0.35787  -0.150  0.121 -0.014  0.000  0.050 -0.200  0.083  1.000  0.141  0.100  0.104 -0.016
       25  0.45001   0.056  0.119  0.044  0.000 -0.157  0.269  0.053  0.141  1.000  0.261  0.279 -0.135
       27  0.58270   0.030  0.057  0.232  0.000  0.159  0.330  0.109  0.100  0.261  1.000  0.398 -0.293
       28  0.50930   0.047  0.092  0.150  0.000  0.033  0.320  0.077  0.104  0.279  0.398  1.000 -0.233
       30  0.37233  -0.018 -0.039 -0.138  0.000 -0.146 -0.199 -0.061 -0.016 -0.135 -0.293 -0.233  1.000
MINUIT - FIT ONLY 1-CBO + wiggle
 **********
 **   16 **RES 
 **********
                   PARAMETER   16  beta_vw RESTORED TO VARIABLE.
                   PARAMETER   14  alpha_vw RESTORED TO VARIABLE.
                   PARAMETER   13  beta_y RESTORED TO VARIABLE.
                   PARAMETER   11  alpha_y RESTORED TO VARIABLE.
                   PARAMETER   10  beta_2CBO RESTORED TO VARIABLE.
                   PARAMETER    9  alpha_2CBO RESTORED TO VARIABLE.
                   PARAMETER    8  beta_CBO RESTORED TO VARIABLE.
                   PARAMETER    6  alpha_CBO RESTORED TO VARIABLE.
 **********
 **   17 **FIX            8
 **********
 **********
 **   18 **FIX            9
 **********
 **********
 **   19 **FIX           11
 **********
 **********
 **   20 **FIX           12
 **********
 PARAMETER   12  IS CONSTANT.   IGNORED.
 **********
 **   21 **FIX           14
 **********
 **********
 **   22 **FIX           15
 **********
 PARAMETER   15  IS CONSTANT.   IGNORED.
 **********
 **   23 **FIX           16
 **********
 **********
 **   24 **MIGRAD
 **********
 START MIGRAD MINIMIZATION.  STRATEGY  1.  CONVERGENCE WHEN EDM .LT. 1.00e-04
 FCN=11790.7 FROM MIGRAD    STATUS=INITIATE     1225 CALLS        2434 TOTAL
                     EDM= unknown      STRATEGY= 1      NO ERROR MATRIX       
  EXT PARAMETER               CURRENT GUESS       STEP         FIRST   
  NO.   NAME      VALUE            ERROR          SIZE      DERIVATIVE 
   1  N0           1.64435e+06   9.21095e+01   0.00000e+00  -5.53141e-07
   2  tau          6.44058e+01   constant   
   3  A0           3.63543e-01   7.23158e-05   0.00000e+00  -7.05650e+00
   4  phi          4.12261e+00   1.96799e-04   0.00000e+00  -2.17107e+00
   5  R           -6.08682e+01   constant   
   6  alpha_CBO    0.00000e+00   1.00000e-03   0.00000e+00  -3.48279e+05
   7  w_CBO        2.32735e+00   constant   
   8  beta_CBO     0.00000e+00     fixed    
   9  alpha_2CBO   0.00000e+00     fixed    
  10  beta_2CBO    0.00000e+00   1.00000e-03   0.00000e+00   5.47462e+03
  11  alpha_y      0.00000e+00     fixed    
  12  w_y          1.38984e+01   constant   
  13  beta_y       0.00000e+00   1.00000e-03   0.00000e+00  -1.76014e+05
  14  alpha_vw     0.00000e+00     fixed    
  15  w_vw         1.43156e+01   constant   
  16  beta_vw      0.00000e+00     fixed    
  17  LM          -4.60003e-05   constant   
  18  zeta_y       0.00000e+00   constant   
  19  zeta_vw      0.00000e+00   constant   
  20  T_CBO        1.00000e+02   5.20646e+02   0.00000e+00   0.00000e+00
  21  alpha_A0    -1.26843e-03   2.76575e-04   0.00000e+00   6.42380e-01
  22  beta_A0      3.88727e-03   2.44811e-04   0.00000e+00  -4.92046e+00
  23  alpha_phi   -5.77465e-04   2.93309e-04   0.00000e+00  -1.03388e+00
  24  beta_phi    -1.90912e-03   2.96638e-04   0.00000e+00  -2.06169e+00
  25  alpha_vw_m_cbo   1.13133e-03   8.74456e-05   0.00000e+00   1.55924e+01
  26  w_vw_m_cbo   1.20142e+01   constant   
  27  beta_vw_m_cbo  -1.59760e-04   1.03394e-04   0.00000e+00  -9.58963e-01
  28  alpha_vw_p_cbo  -8.39847e-04   9.18461e-05   0.00000e+00   7.09887e+00
  29  w_vw_p_cbo   1.67139e+01   constant   
  30  beta_vw_p_cbo  -8.08078e-05   8.21589e-05   0.00000e+00  -9.96136e-02
 MIGRAD MINIMIZATION HAS CONVERGED.
 FCN=10928.1 FROM MIGRAD    STATUS=CONVERGED    1446 CALLS        2655 TOTAL
                     EDM=1.44361e-07    STRATEGY= 1  ERROR MATRIX UNCERTAINTY   2.4 per cent
  EXT PARAMETER                                   STEP         FIRST   
  NO.   NAME      VALUE            ERROR          SIZE      DERIVATIVE 
   1  N0           1.64429e+06   9.34625e+01   1.17015e-02  -2.65101e-06
   2  tau          6.44058e+01   constant   
   3  A0           3.63264e-01   7.58625e-05   7.30196e-09  -2.40822e+00
   4  phi          4.12123e+00   2.18736e-04  -1.01546e-07   1.49392e-01
   5  R           -6.08682e+01   constant   
   6  alpha_CBO    3.99032e-03   1.51948e-04   7.86988e-08  -8.19128e-01
   7  w_CBO        2.32735e+00   constant   
   8  beta_CBO     0.00000e+00     fixed    
   9  alpha_2CBO   0.00000e+00     fixed    
  10  beta_2CBO    9.67613e-05   1.54966e-04  -1.07812e-07   2.09121e+00
  11  alpha_y      0.00000e+00     fixed    
  12  w_y          1.38984e+01   constant   
  13  beta_y       1.90886e-03   1.48565e-04  -8.56513e-08   1.46197e+00
  14  alpha_vw     0.00000e+00     fixed    
  15  w_vw         1.43156e+01   constant   
  16  beta_vw      0.00000e+00     fixed    
  17  LM          -4.60003e-05   constant   
  18  zeta_y       0.00000e+00   constant   
  19  zeta_vw      0.00000e+00   constant   
  20  T_CBO        1.00000e+02   5.20646e+02  -0.00000e+00   0.00000e+00
  21  alpha_A0    -2.16118e-03   2.96568e-04  -3.76559e-07   3.25680e-01
  22  beta_A0      3.63042e-03   2.87211e-04   4.91348e-07  -2.42399e-01
  23  alpha_phi   -1.44979e-06   2.99979e-04  -3.28348e-07  -7.95222e-01
  24  beta_phi    -2.46374e-03   3.16744e-04   1.83564e-07   6.89693e-01
  25  alpha_vw_m_cbo   1.08728e-03   1.46390e-04   1.08414e-07   8.25319e-01
  26  w_vw_m_cbo   1.20142e+01   constant   
  27  beta_vw_m_cbo  -1.86607e-04   1.48159e-04  -8.76417e-08  -1.36745e+00
  28  alpha_vw_p_cbo  -9.62240e-04   1.49049e-04   1.09050e-07  -2.15449e+00
  29  w_vw_p_cbo   1.67139e+01   constant   
  30  beta_vw_p_cbo  -1.49263e-04   1.48736e-04   1.19971e-07  -5.48539e-01
 EXTERNAL ERROR MATRIX.    NDIM=  31    NPAR= 15    ERR DEF=1
 ELEMENTS ABOVE DIAGONAL ARE NOT PRINTED.
  8.735e+03 
 -6.996e-04  5.755e-09 
  1.561e-03  1.124e-09  4.785e-08 
 -1.868e-04 -1.409e-09 -7.937e-09  2.309e-08 
 -3.716e-04 -3.580e-10 -1.042e-09  9.805e-10  2.401e-08 
 -2.438e-04 -3.377e-10 -3.217e-11 -2.538e-10 -2.723e-10  2.207e-08 
  0.000e+00  0.000e+00  0.000e+00  0.000e+00  0.000e+00  0.000e+00  1.800e+05 
 -4.076e-03  2.914e-09  9.157e-10 -4.754e-09  2.001e-09 -7.240e-10  0.000e+00  8.795e-08 
  5.051e-03 -1.828e-09  8.504e-09 -1.360e-09 -3.509e-09 -2.958e-10  0.000e+00 -7.306e-09  8.249e-08 
 -6.723e-03  2.731e-09 -2.993e-09  3.345e-09 -2.021e-09  1.901e-10  0.000e+00  6.930e-09 -6.052e-09  8.999e-08 
 -4.450e-03  3.045e-09  6.104e-09 -3.106e-09 -6.577e-09 -5.779e-10  0.000e+00  5.751e-09 -1.473e-09  8.664e-09  1.003e-07 
  5.320e-05 -9.372e-11 -4.563e-10 -1.183e-10 -1.057e-10 -3.514e-10  0.000e+00 -3.546e-10 -3.240e-10  4.507e-10 -1.364e-09 
  5.320e-05 -9.372e-11 -4.563e-10 -1.183e-10 -1.057e-10 -3.514e-10  0.000e+00 -3.546e-10 -3.240e-10  4.507e-10 -1.364e-09  2.143e-08 
  2.010e-05  5.788e-11 -1.579e-10 -8.832e-11  6.106e-10  1.420e-11  0.000e+00  5.184e-10  3.066e-11 -6.192e-10  3.856e-10 
  2.010e-05  5.788e-11 -1.579e-10 -8.832e-11  6.106e-10  1.420e-11  0.000e+00  5.184e-10  3.066e-11 -6.192e-10  3.856e-10  2.830e-10  2.195e-08 
  7.490e-05  9.349e-12 -2.750e-10 -1.881e-10 -1.327e-11 -8.448e-10  0.000e+00 -1.331e-10 -4.371e-10 -1.492e-11 -9.315e-10 
  7.490e-05  9.349e-12 -2.750e-10 -1.881e-10 -1.327e-11 -8.448e-10  0.000e+00 -1.331e-10 -4.371e-10 -1.492e-11 -9.315e-10  1.078e-10  1.244e-10  2.222e-08 
 -2.566e-05  1.881e-11 -7.046e-11 -1.151e-10 -4.878e-10 -5.285e-10  0.000e+00 -4.290e-10 -1.064e-10  4.341e-10 -5.547e-10 
 -2.566e-05  1.881e-11 -7.046e-11 -1.151e-10 -4.878e-10 -5.285e-10  0.000e+00 -4.290e-10 -1.064e-10  4.341e-10 -5.547e-10 -1.063e-10  1.663e-10  2.253e-10  2.212e-08 
 PARAMETER  CORRELATION COEFFICIENTS  
       NO.  GLOBAL      1      3      4      6     10     13     20     21     22     23     24     25     27     28     30
        1  0.34820   1.000 -0.099  0.076 -0.013 -0.026 -0.018  0.000 -0.147  0.188 -0.240 -0.150  0.004  0.001  0.005 -0.002
        3  0.25118  -0.099  1.000  0.068 -0.122 -0.030 -0.030  0.000  0.130 -0.084  0.120  0.127 -0.008  0.005  0.001  0.002
        4  0.29262   0.076  0.068  1.000 -0.239 -0.031 -0.001  0.000  0.014  0.135 -0.046  0.088 -0.014 -0.005 -0.008 -0.002
        6  0.29343  -0.013 -0.122 -0.239  1.000  0.042 -0.011  0.000 -0.105 -0.031  0.073 -0.065 -0.005 -0.004 -0.008 -0.005
       10  0.18105  -0.026 -0.030 -0.031  0.042  1.000 -0.012  0.000  0.044 -0.079 -0.043 -0.134 -0.005  0.027 -0.001 -0.021
       13  0.06833  -0.018 -0.030 -0.001 -0.011 -0.012  1.000  0.000 -0.016 -0.007  0.004 -0.012 -0.016  0.001 -0.038 -0.024
       20  0.00000   0.000  0.000  0.000  0.000  0.000  0.000  1.000  0.000  0.000  0.000  0.000  0.000  0.000  0.000  0.000
       21  0.22745  -0.147  0.130  0.014 -0.105  0.044 -0.016  0.000  1.000 -0.086  0.078  0.061 -0.008  0.012 -0.003 -0.010
       22  0.25347   0.188 -0.084  0.135 -0.031 -0.079 -0.007  0.000 -0.086  1.000 -0.070 -0.016 -0.008  0.001 -0.010 -0.002
       23  0.28449  -0.240  0.120 -0.046  0.073 -0.043  0.004  0.000  0.078 -0.070  1.000  0.091  0.010 -0.014 -0.000  0.010
       24  0.25749  -0.150  0.127  0.088 -0.065 -0.134 -0.012  0.000  0.061 -0.016  0.091  1.000 -0.029  0.008 -0.020 -0.012
       25  0.04528   0.004 -0.008 -0.014 -0.005 -0.005 -0.016  0.000 -0.008 -0.008  0.010 -0.029  1.000  0.013  0.005 -0.005
       27  0.03945   0.001  0.005 -0.005 -0.004  0.027  0.001  0.000  0.012  0.001 -0.014  0.008  0.013  1.000  0.006  0.008
       28  0.04827   0.005  0.001 -0.008 -0.008 -0.001 -0.038  0.000 -0.003 -0.010 -0.000 -0.020  0.005  0.006  1.000  0.010
       30  0.04157  -0.002  0.002 -0.002 -0.005 -0.021 -0.024  0.000 -0.010 -0.002  0.010 -0.012 -0.005  0.008  0.010  1.000
MINUIT - FIT ONLY 2-CBO
 **********
 **   25 **RES 
 **********
                   PARAMETER   16  beta_vw RESTORED TO VARIABLE.
                   PARAMETER   14  alpha_vw RESTORED TO VARIABLE.
                   PARAMETER   11  alpha_y RESTORED TO VARIABLE.
                   PARAMETER    9  alpha_2CBO RESTORED TO VARIABLE.
                   PARAMETER    8  beta_CBO RESTORED TO VARIABLE.
 **********
 **   26 **FIX            0
 **********
 PARAMETER    0  IS UNDEFINED. IGNORED.
 **********
 **   27 **FIX            1
 **********
 **********
 **   28 **FIX            2
 **********
 PARAMETER    2  IS CONSTANT.   IGNORED.
 **********
 **   29 **FIX            3
 **********
 **********
 **   30 **FIX            4
 **********
 **********
 **   31 **FIX            5
 **********
 PARAMETER    5  IS CONSTANT.   IGNORED.
 **********
 **   32 **FIX            6
 **********
 **********
 **   33 **FIX            7
 **********
 PARAMETER    7  IS CONSTANT.   IGNORED.
 **********
 **   34 **FIX           10
 **********
 **********
 **   35 **FIX           11
 **********
 **********
 **   36 **FIX           12
 **********
 PARAMETER   12  IS CONSTANT.   IGNORED.
 **********
 **   37 **FIX           13
 **********
 **********
 **   38 **FIX           14
 **********
 **********
 **   39 **FIX           15
 **********
 PARAMETER   15  IS CONSTANT.   IGNORED.
 **********
 **   40 **FIX           16
 **********
 **********
 **   41 **MIGRAD
 **********
 START MIGRAD MINIMIZATION.  STRATEGY  1.  CONVERGENCE WHEN EDM .LT. 1.00e-04
 FCN=10928.1 FROM MIGRAD    STATUS=INITIATE      719 CALLS        3374 TOTAL
                     EDM= unknown      STRATEGY= 1      NO ERROR MATRIX       
  EXT PARAMETER               CURRENT GUESS       STEP         FIRST   
  NO.   NAME      VALUE            ERROR          SIZE      DERIVATIVE 
   1  N0           1.64429e+06     fixed    
   2  tau          6.44058e+01   constant   
   3  A0           3.63264e-01     fixed    
   4  phi          4.12123e+00     fixed    
   5  R           -6.08682e+01   constant   
   6  alpha_CBO    3.99032e-03     fixed    
   7  w_CBO        2.32735e+00   constant   
   8  beta_CBO     0.00000e+00   1.00000e-03   0.00000e+00  -1.15246e+06
   9  alpha_2CBO   0.00000e+00   1.00000e-03   0.00000e+00  -1.16447e+05
  10  beta_2CBO    9.67613e-05     fixed    
  11  alpha_y      0.00000e+00     fixed    
  12  w_y          1.38984e+01   constant   
  13  beta_y       1.90886e-03     fixed    
  14  alpha_vw     0.00000e+00     fixed    
  15  w_vw         1.43156e+01   constant   
  16  beta_vw      0.00000e+00     fixed    
  17  LM          -4.60003e-05   constant   
  18  zeta_y       0.00000e+00   constant   
  19  zeta_vw      0.00000e+00   constant   
  20  T_CBO        1.00000e+02   5.20646e+02   0.00000e+00   0.00000e+00
  21  alpha_A0    -2.16118e-03   2.96568e-04   0.00000e+00   3.25679e-01
  22  beta_A0      3.63042e-03   2.87211e-04   0.00000e+00  -2.42403e-01
  23  alpha_phi   -1.44979e-06   2.99979e-04   0.00000e+00  -7.95242e-01
  24  beta_phi    -2.46374e-03   3.16744e-04   0.00000e+00   6.89715e-01
  25  alpha_vw_m_cbo   1.08728e-03   1.46390e-04   0.00000e+00   8.25318e-01
  26  w_vw_m_cbo   1.20142e+01   constant   
  27  beta_vw_m_cbo  -1.86607e-04   1.48159e-04   0.00000e+00  -1.36745e+00
  28  alpha_vw_p_cbo  -9.62240e-04   1.49049e-04   0.00000e+00  -2.15449e+00
  29  w_vw_p_cbo   1.67139e+01   constant   
  30  beta_vw_p_cbo  -1.49263e-04   1.48736e-04   0.00000e+00  -5.48531e-01
 MIGRAD MINIMIZATION HAS CONVERGED.
 MIGRAD WILL VERIFY CONVERGENCE AND ERROR MATRIX.
  MNHESS FAILS AND WILL RETURN DIAGONAL MATRIX. 
 FCN=3259.11 FROM MIGRAD    STATUS=CONVERGED     844 CALLS        3499 TOTAL
                     EDM=1.2419e-06    STRATEGY= 1  ERROR MATRIX UNCERTAINTY 100.0 per cent
  EXT PARAMETER                APPROXIMATE        STEP         FIRST   
  NO.   NAME      VALUE            ERROR          SIZE      DERIVATIVE 
   1  N0           1.64429e+06     fixed    
   2  tau          6.44058e+01   constant   
   3  A0           3.63264e-01     fixed    
   4  phi          4.12123e+00     fixed    
   5  R           -6.08682e+01   constant   
   6  alpha_CBO    3.99032e-03     fixed    
   7  w_CBO        2.32735e+00   constant   
   8  beta_CBO     1.32922e-02   1.51239e-04   4.21649e-06   3.37469e+00
   9  alpha_2CBO   1.51524e-04   1.49177e-04   4.15900e-06   2.49117e+00
  10  beta_2CBO    9.67613e-05     fixed    
  11  alpha_y      0.00000e+00     fixed    
  12  w_y          1.38984e+01   constant   
  13  beta_y       1.90886e-03     fixed    
  14  alpha_vw     0.00000e+00     fixed    
  15  w_vw         1.43156e+01   constant   
  16  beta_vw      0.00000e+00     fixed    
  17  LM          -4.60003e-05   constant   
  18  zeta_y       0.00000e+00   constant   
  19  zeta_vw      0.00000e+00   constant   
  20  T_CBO        1.00000e+02   7.59439e+02  -0.00000e+00   0.00000e+00
  21  alpha_A0    -2.30657e-03   2.73739e-04  -1.69076e-06   4.89714e-01
  22  beta_A0      2.34997e-03   2.77849e-04   1.07992e-06  -5.46528e+00
  23  alpha_phi   -6.06848e-04   2.85020e-04   5.85926e-07   2.35178e+00
  24  beta_phi    -6.61102e-04   2.98649e-04  -1.25025e-06  -8.29847e-03
  25  alpha_vw_m_cbo   1.16668e-03   1.47211e-04   3.56941e-08  -2.50438e+00
  26  w_vw_m_cbo   1.20142e+01   constant   
  27  beta_vw_m_cbo   1.48894e-04   1.48764e-04   2.23353e-08  -4.73895e+00
  28  alpha_vw_p_cbo  -6.78913e-04   1.47423e-04   3.85297e-07  -3.89704e+00
  29  w_vw_p_cbo   1.67139e+01   constant   
  30  beta_vw_p_cbo  -3.00489e-04   1.48546e-04  -3.84151e-07   1.49244e+00
 EXTERNAL ERROR MATRIX.    NDIM=  31    NPAR= 11    ERR DEF=1
  2.287e-08 
  0.000e+00  2.225e-08 
  0.000e+00  0.000e+00  5.421e+05 
  0.000e+00  0.000e+00  0.000e+00  7.493e-08 
  0.000e+00  0.000e+00  0.000e+00  0.000e+00  7.720e-08 
  0.000e+00  0.000e+00  0.000e+00  0.000e+00  0.000e+00  8.124e-08 
  0.000e+00  0.000e+00  0.000e+00  0.000e+00  0.000e+00  0.000e+00  8.919e-08 
  0.000e+00  0.000e+00  0.000e+00  0.000e+00  0.000e+00  0.000e+00  0.000e+00  2.167e-08 
  0.000e+00  0.000e+00  0.000e+00  0.000e+00  0.000e+00  0.000e+00  0.000e+00  0.000e+00  2.213e-08 
  0.000e+00  0.000e+00  0.000e+00  0.000e+00  0.000e+00  0.000e+00  0.000e+00  0.000e+00  0.000e+00  2.173e-08 
  0.000e+00  0.000e+00  0.000e+00  0.000e+00  0.000e+00  0.000e+00  0.000e+00  0.000e+00  0.000e+00  0.000e+00  2.207e-08 
ERR MATRIX APPROXIMATE
 PARAMETER  CORRELATION COEFFICIENTS  
       NO.  GLOBAL      8      9     20     21     22     23     24     25     27     28     30
        8  0.00000   1.000  0.000  0.000  0.000  0.000  0.000  0.000  0.000  0.000  0.000  0.000
        9  0.00000   0.000  1.000  0.000  0.000  0.000  0.000  0.000  0.000  0.000  0.000  0.000
       20  0.00000   0.000  0.000  1.000  0.000  0.000  0.000  0.000  0.000  0.000  0.000  0.000
       21  0.00000   0.000  0.000  0.000  1.000  0.000  0.000  0.000  0.000  0.000  0.000  0.000
       22  0.00000   0.000  0.000  0.000  0.000  1.000  0.000  0.000  0.000  0.000  0.000  0.000
       23  0.00000   0.000  0.000  0.000  0.000  0.000  1.000  0.000  0.000  0.000  0.000  0.000
       24  0.00000   0.000  0.000  0.000  0.000  0.000  0.000  1.000  0.000  0.000  0.000  0.000
       25  0.00000   0.000  0.000  0.000  0.000  0.000  0.000  0.000  1.000  0.000  0.000  0.000
       27  0.00000   0.000  0.000  0.000  0.000  0.000  0.000  0.000  0.000  1.000  0.000  0.000
       28  0.00000   0.000  0.000  0.000  0.000  0.000  0.000  0.000  0.000  0.000  1.000  0.000
       30  0.00000   0.000  0.000  0.000  0.000  0.000  0.000  0.000  0.000  0.000  0.000  1.000
 ERR MATRIX APPROXIMATE
MINUIT - FIT wiggle + 1-CBO + 2-CBO
 **********
 **   42 **RES 
 **********
                   PARAMETER   16  beta_vw RESTORED TO VARIABLE.
                   PARAMETER   14  alpha_vw RESTORED TO VARIABLE.
                   PARAMETER   13  beta_y RESTORED TO VARIABLE.
                   PARAMETER   11  alpha_y RESTORED TO VARIABLE.
                   PARAMETER   10  beta_2CBO RESTORED TO VARIABLE.
                   PARAMETER    6  alpha_CBO RESTORED TO VARIABLE.
                   PARAMETER    4  phi RESTORED TO VARIABLE.
                   PARAMETER    3  A0 RESTORED TO VARIABLE.
                   PARAMETER    1  N0 RESTORED TO VARIABLE.
 **********
 **   43 **FIX           10
 **********
 **********
 **   44 **FIX           11
 **********
 **********
 **   45 **FIX           12
 **********
 PARAMETER   12  IS CONSTANT.   IGNORED.
 **********
 **   46 **FIX           13
 **********
 **********
 **   47 **FIX           14
 **********
 **********
 **   48 **FIX           15
 **********
 PARAMETER   15  IS CONSTANT.   IGNORED.
 **********
 **   49 **FIX           16
 **********
 **********
 **   50 **MIGRAD
 **********
 START MIGRAD MINIMIZATION.  STRATEGY  1.  CONVERGENCE WHEN EDM .LT. 1.00e-04
 FCN=3259.11 FROM MIGRAD    STATUS=INITIATE     1219 CALLS        4718 TOTAL
                     EDM= unknown      STRATEGY= 1      NO ERROR MATRIX       
  EXT PARAMETER               CURRENT GUESS       STEP         FIRST   
  NO.   NAME      VALUE            ERROR          SIZE      DERIVATIVE 
   1  N0           1.64429e+06   9.34625e+01   0.00000e+00  -1.90113e-01
   2  tau          6.44058e+01   constant   
   3  A0           3.63264e-01   7.58625e-05   0.00000e+00  -4.31576e+05
   4  phi          4.12123e+00   2.18736e-04   0.00000e+00   8.25082e+04
   5  R           -6.08682e+01   constant   
   6  alpha_CBO    3.99032e-03   1.51948e-04   0.00000e+00   2.75634e+02
   7  w_CBO        2.32735e+00   constant   
   8  beta_CBO     1.32922e-02   1.51239e-04   0.00000e+00   3.37469e+00
   9  alpha_2CBO   1.51524e-04   1.49177e-04   0.00000e+00   2.49117e+00
  10  beta_2CBO    9.67613e-05     fixed    
  11  alpha_y      0.00000e+00     fixed    
  12  w_y          1.38984e+01   constant   
  13  beta_y       1.90886e-03     fixed    
  14  alpha_vw     0.00000e+00     fixed    
  15  w_vw         1.43156e+01   constant   
  16  beta_vw      0.00000e+00     fixed    
  17  LM          -4.60003e-05   constant   
  18  zeta_y       0.00000e+00   constant   
  19  zeta_vw      0.00000e+00   constant   
  20  T_CBO        1.00000e+02   7.59439e+02   0.00000e+00   0.00000e+00
  21  alpha_A0    -2.30657e-03   2.73739e-04   0.00000e+00   4.89714e-01
  22  beta_A0      2.34997e-03   2.77849e-04   0.00000e+00  -5.46528e+00
  23  alpha_phi   -6.06848e-04   2.85020e-04   0.00000e+00   2.35178e+00
  24  beta_phi    -6.61102e-04   2.98649e-04   0.00000e+00  -8.32018e-03
  25  alpha_vw_m_cbo   1.16668e-03   1.47211e-04   0.00000e+00  -2.50438e+00
  26  w_vw_m_cbo   1.20142e+01   constant   
  27  beta_vw_m_cbo   1.48894e-04   1.48764e-04   0.00000e+00  -4.73895e+00
  28  alpha_vw_p_cbo  -6.78913e-04   1.47423e-04   0.00000e+00  -3.89703e+00
  29  w_vw_p_cbo   1.67139e+01   constant   
  30  beta_vw_p_cbo  -3.00489e-04   1.48546e-04   0.00000e+00   1.49244e+00
 MIGRAD MINIMIZATION HAS CONVERGED.
 MIGRAD WILL VERIFY CONVERGENCE AND ERROR MATRIX.
  MNHESS FAILS AND WILL RETURN DIAGONAL MATRIX. 
 FCN=2899.98 FROM MIGRAD    STATUS=CONVERGED    1425 CALLS        4924 TOTAL
                     EDM=2.1116e-06    STRATEGY= 1  ERROR MATRIX UNCERTAINTY 100.0 per cent
  EXT PARAMETER                APPROXIMATE        STEP         FIRST   
  NO.   NAME      VALUE            ERROR          SIZE      DERIVATIVE 
   1  N0           1.64486e+06   8.60584e+01   2.26302e+00   3.08284e-06
   2  tau          6.44058e+01   constant   
   3  A0           3.64371e-01   7.07886e-05   1.86168e-06   4.78108e+00
   4  phi          4.11963e+00   2.05844e-04   5.41352e-06   4.26471e+00
   5  R           -6.08682e+01   constant   
   6  alpha_CBO    3.95056e-03   1.44856e-04   3.80961e-06  -7.07093e+00
   7  w_CBO        2.32735e+00   constant   
   8  beta_CBO     1.39326e-02   1.51173e-04   3.97572e-06  -4.22959e+00
   9  alpha_2CBO  -5.98316e-05   1.49110e-04   3.92146e-06  -9.27287e+00
  10  beta_2CBO    9.67613e-05     fixed    
  11  alpha_y      0.00000e+00     fixed    
  12  w_y          1.38984e+01   constant   
  13  beta_y       1.90886e-03     fixed    
  14  alpha_vw     0.00000e+00     fixed    
  15  w_vw         1.43156e+01   constant   
  16  beta_vw      0.00000e+00     fixed    
  17  LM          -4.60003e-05   constant   
  18  zeta_y       0.00000e+00   constant   
  19  zeta_vw      0.00000e+00   constant   
  20  T_CBO        1.00000e+02   9.44762e+02  -0.00000e+00   0.00000e+00
  21  alpha_A0    -1.98222e-03   2.72792e-04  -8.68243e-07   9.84726e-02
  22  beta_A0      2.06197e-03   2.76906e-04  -1.12151e-06  -1.95209e+00
  23  alpha_phi   -6.57336e-04   2.84594e-04  -3.69313e-07  -3.87057e+00
  24  beta_phi    -3.52270e-04   2.98088e-04   4.92192e-07   5.98157e-01
  25  alpha_vw_m_cbo   1.19263e-03   1.47143e-04   8.51686e-08  -2.41243e+00
  26  w_vw_m_cbo   1.20142e+01   constant   
  27  beta_vw_m_cbo   2.22954e-04   1.48696e-04   1.05909e-07  -4.96657e+00
  28  alpha_vw_p_cbo  -6.21053e-04   1.47355e-04   1.65981e-07  -5.46975e+00
  29  w_vw_p_cbo   1.67139e+01   constant   
  30  beta_vw_p_cbo  -3.38386e-04   1.48479e-04  -7.16611e-08   1.84588e+00
 EXTERNAL ERROR MATRIX.    NDIM=  31    NPAR= 15    ERR DEF=1
 ELEMENTS ABOVE DIAGONAL ARE NOT PRINTED.
  7.406e+03 
  0.000e+00  5.011e-09 
  0.000e+00  0.000e+00  4.237e-08 
  0.000e+00  0.000e+00  0.000e+00  2.098e-08 
  0.000e+00  0.000e+00  0.000e+00  0.000e+00  2.285e-08 
  0.000e+00  0.000e+00  0.000e+00  0.000e+00  0.000e+00  2.223e-08 
  0.000e+00  0.000e+00  0.000e+00  0.000e+00  0.000e+00  0.000e+00  1.153e+06 
  0.000e+00  0.000e+00  0.000e+00  0.000e+00  0.000e+00  0.000e+00  0.000e+00  7.442e-08 
  0.000e+00  0.000e+00  0.000e+00  0.000e+00  0.000e+00  0.000e+00  0.000e+00  0.000e+00  7.668e-08 
  0.000e+00  0.000e+00  0.000e+00  0.000e+00  0.000e+00  0.000e+00  0.000e+00  0.000e+00  0.000e+00  8.099e-08 
  0.000e+00  0.000e+00  0.000e+00  0.000e+00  0.000e+00  0.000e+00  0.000e+00  0.000e+00  0.000e+00  0.000e+00  8.886e-08 
  0.000e+00  0.000e+00  0.000e+00  0.000e+00  0.000e+00  0.000e+00  0.000e+00  0.000e+00  0.000e+00  0.000e+00  0.000e+00 
  0.000e+00  0.000e+00  0.000e+00  0.000e+00  0.000e+00  0.000e+00  0.000e+00  0.000e+00  0.000e+00  0.000e+00  0.000e+00  2.165e-08 
  0.000e+00  0.000e+00  0.000e+00  0.000e+00  0.000e+00  0.000e+00  0.000e+00  0.000e+00  0.000e+00  0.000e+00  0.000e+00 
  0.000e+00  0.000e+00  0.000e+00  0.000e+00  0.000e+00  0.000e+00  0.000e+00  0.000e+00  0.000e+00  0.000e+00  0.000e+00  0.000e+00  2.211e-08 
  0.000e+00  0.000e+00  0.000e+00  0.000e+00  0.000e+00  0.000e+00  0.000e+00  0.000e+00  0.000e+00  0.000e+00  0.000e+00 
  0.000e+00  0.000e+00  0.000e+00  0.000e+00  0.000e+00  0.000e+00  0.000e+00  0.000e+00  0.000e+00  0.000e+00  0.000e+00  0.000e+00  0.000e+00  2.171e-08 
  0.000e+00  0.000e+00  0.000e+00  0.000e+00  0.000e+00  0.000e+00  0.000e+00  0.000e+00  0.000e+00  0.000e+00  0.000e+00 
  0.000e+00  0.000e+00  0.000e+00  0.000e+00  0.000e+00  0.000e+00  0.000e+00  0.000e+00  0.000e+00  0.000e+00  0.000e+00  0.000e+00  0.000e+00  0.000e+00  2.205e-08 
ERR MATRIX APPROXIMATE
 PARAMETER  CORRELATION COEFFICIENTS  
       NO.  GLOBAL      1      3      4      6      8      9     20     21     22     23     24     25     27     28     30
        1  0.00000   1.000  0.000  0.000  0.000  0.000  0.000  0.000  0.000  0.000  0.000  0.000  0.000  0.000  0.000  0.000
        3  0.00000   0.000  1.000  0.000  0.000  0.000  0.000  0.000  0.000  0.000  0.000  0.000  0.000  0.000  0.000  0.000
        4  0.00000   0.000  0.000  1.000  0.000  0.000  0.000  0.000  0.000  0.000  0.000  0.000  0.000  0.000  0.000  0.000
        6  0.00000   0.000  0.000  0.000  1.000  0.000  0.000  0.000  0.000  0.000  0.000  0.000  0.000  0.000  0.000  0.000
        8  0.00000   0.000  0.000  0.000  0.000  1.000  0.000  0.000  0.000  0.000  0.000  0.000  0.000  0.000  0.000  0.000
        9  0.00000   0.000  0.000  0.000  0.000  0.000  1.000  0.000  0.000  0.000  0.000  0.000  0.000  0.000  0.000  0.000
       20  0.00000   0.000  0.000  0.000  0.000  0.000  0.000  1.000  0.000  0.000  0.000  0.000  0.000  0.000  0.000  0.000
       21  0.00000   0.000  0.000  0.000  0.000  0.000  0.000  0.000  1.000  0.000  0.000  0.000  0.000  0.000  0.000  0.000
       22  0.00000   0.000  0.000  0.000  0.000  0.000  0.000  0.000  0.000  1.000  0.000  0.000  0.000  0.000  0.000  0.000
       23  0.00000   0.000  0.000  0.000  0.000  0.000  0.000  0.000  0.000  0.000  1.000  0.000  0.000  0.000  0.000  0.000
       24  0.00000   0.000  0.000  0.000  0.000  0.000  0.000  0.000  0.000  0.000  0.000  1.000  0.000  0.000  0.000  0.000
       25  0.00000   0.000  0.000  0.000  0.000  0.000  0.000  0.000  0.000  0.000  0.000  0.000  1.000  0.000  0.000  0.000
       27  0.00000   0.000  0.000  0.000  0.000  0.000  0.000  0.000  0.000  0.000  0.000  0.000  0.000  1.000  0.000  0.000
       28  0.00000   0.000  0.000  0.000  0.000  0.000  0.000  0.000  0.000  0.000  0.000  0.000  0.000  0.000  1.000  0.000
       30  0.00000   0.000  0.000  0.000  0.000  0.000  0.000  0.000  0.000  0.000  0.000  0.000  0.000  0.000  0.000  1.000
 ERR MATRIX APPROXIMATE
MINUIT - FIT ONLY 1-y
 **********
 **   51 **RES 
 **********
                   PARAMETER   16  beta_vw RESTORED TO VARIABLE.
                   PARAMETER   14  alpha_vw RESTORED TO VARIABLE.
                   PARAMETER   13  beta_y RESTORED TO VARIABLE.
                   PARAMETER   11  alpha_y RESTORED TO VARIABLE.
                   PARAMETER   10  beta_2CBO RESTORED TO VARIABLE.
 **********
 **   52 **FIX            0
 **********
 PARAMETER    0  IS UNDEFINED. IGNORED.
 **********
 **   53 **FIX            1
 **********
 **********
 **   54 **FIX            2
 **********
 PARAMETER    2  IS CONSTANT.   IGNORED.
 **********
 **   55 **FIX            3
 **********
 **********
 **   56 **FIX            4
 **********
 **********
 **   57 **FIX            5
 **********
 PARAMETER    5  IS CONSTANT.   IGNORED.
 **********
 **   58 **FIX            6
 **********
 **********
 **   59 **FIX            7
 **********
 PARAMETER    7  IS CONSTANT.   IGNORED.
 **********
 **   60 **FIX            8
 **********
 **********
 **   61 **FIX            9
 **********
 **********
 **   62 **FIX           13
 **********
 **********
 **   63 **FIX           14
 **********
 **********
 **   64 **FIX           15
 **********
 PARAMETER   15  IS CONSTANT.   IGNORED.
 **********
 **   65 **FIX           16
 **********
 **********
 **   66 **MIGRAD
 **********
 START MIGRAD MINIMIZATION.  STRATEGY  1.  CONVERGENCE WHEN EDM .LT. 1.00e-04
 FCN=2899.98 FROM MIGRAD    STATUS=INITIATE      717 CALLS        5641 TOTAL
                     EDM= unknown      STRATEGY= 1      NO ERROR MATRIX       
  EXT PARAMETER               CURRENT GUESS       STEP         FIRST   
  NO.   NAME      VALUE            ERROR          SIZE      DERIVATIVE 
   1  N0           1.64486e+06     fixed    
   2  tau          6.44058e+01   constant   
   3  A0           3.64371e-01     fixed    
   4  phi          4.11963e+00     fixed    
   5  R           -6.08682e+01   constant   
   6  alpha_CBO    3.95056e-03     fixed    
   7  w_CBO        2.32735e+00   constant   
   8  beta_CBO     1.39326e-02     fixed    
   9  alpha_2CBO  -5.98316e-05     fixed    
  10  beta_2CBO    9.67613e-05   1.54966e-04   0.00000e+00   6.21512e+03
  11  alpha_y      0.00000e+00   1.00000e-03   0.00000e+00   3.17523e+05
  12  w_y          1.38984e+01   constant   
  13  beta_y       1.90886e-03     fixed    
  14  alpha_vw     0.00000e+00     fixed    
  15  w_vw         1.43156e+01   constant   
  16  beta_vw      0.00000e+00     fixed    
  17  LM          -4.60003e-05   constant   
  18  zeta_y       0.00000e+00   constant   
  19  zeta_vw      0.00000e+00   constant   
  20  T_CBO        1.00000e+02   9.44762e+02   0.00000e+00   0.00000e+00
  21  alpha_A0    -1.98222e-03   2.72792e-04   0.00000e+00   9.84711e-02
  22  beta_A0      2.06197e-03   2.76906e-04   0.00000e+00  -1.95210e+00
  23  alpha_phi   -6.57336e-04   2.84594e-04   0.00000e+00  -3.87053e+00
  24  beta_phi    -3.52270e-04   2.98088e-04   0.00000e+00   5.98140e-01
  25  alpha_vw_m_cbo   1.19263e-03   1.47143e-04   0.00000e+00  -2.41243e+00
  26  w_vw_m_cbo   1.20142e+01   constant   
  27  beta_vw_m_cbo   2.22954e-04   1.48696e-04   0.00000e+00  -4.96657e+00
  28  alpha_vw_p_cbo  -6.21053e-04   1.47355e-04   0.00000e+00  -5.46975e+00
  29  w_vw_p_cbo   1.67139e+01   constant   
  30  beta_vw_p_cbo  -3.38386e-04   1.48479e-04   0.00000e+00   1.84589e+00
 MIGRAD MINIMIZATION HAS CONVERGED.
 MIGRAD WILL VERIFY CONVERGENCE AND ERROR MATRIX.
  MNHESS FAILS AND WILL RETURN DIAGONAL MATRIX. 
 FCN=2340.23 FROM MIGRAD    STATUS=CONVERGED     817 CALLS        5741 TOTAL
                     EDM=2.55213e-06    STRATEGY= 1  ERROR MATRIX UNCERTAINTY 100.0 per cent
  EXT PARAMETER                APPROXIMATE        STEP         FIRST   
  NO.   NAME      VALUE            ERROR          SIZE      DERIVATIVE 
   1  N0           1.64486e+06     fixed    
   2  tau          6.44058e+01   constant   
   3  A0           3.64371e-01     fixed    
   4  phi          4.11963e+00     fixed    
   5  R           -6.08682e+01   constant   
   6  alpha_CBO    3.95056e-03     fixed    
   7  w_CBO        2.32735e+00   constant   
   8  beta_CBO     1.39326e-02     fixed    
   9  alpha_2CBO  -5.98316e-05     fixed    
  10  beta_2CBO   -7.84419e-06   1.46746e-04   3.46703e-06  -1.20584e+01
  11  alpha_y     -3.52367e-03   1.48412e-04   3.50640e-06   1.96308e-01
  12  w_y          1.38984e+01   constant   
  13  beta_y       1.90886e-03     fixed    
  14  alpha_vw     0.00000e+00     fixed    
  15  w_vw         1.43156e+01   constant   
  16  beta_vw      0.00000e+00     fixed    
  17  LM          -4.60003e-05   constant   
  18  zeta_y       0.00000e+00   constant   
  19  zeta_vw      0.00000e+00   constant   
  20  T_CBO        1.00000e+02   8.96179e+02  -0.00000e+00   0.00000e+00
  21  alpha_A0    -1.96090e-03   2.72794e-04   1.97791e-06   1.16167e-01
  22  beta_A0      2.08592e-03   2.76903e-04  -6.17236e-07   3.43730e+00
  23  alpha_phi   -5.55165e-04   2.84597e-04   1.01968e-06  -2.65716e+00
  24  beta_phi    -4.78425e-04   2.98111e-04  -1.64373e-06  -2.61430e+00
  25  alpha_vw_m_cbo   1.22740e-03   1.47143e-04   5.33586e-07   5.77814e+00
  26  w_vw_m_cbo   1.20142e+01   constant   
  27  beta_vw_m_cbo   2.54707e-04   1.48696e-04   1.04450e-06   7.04460e+00
  28  alpha_vw_p_cbo  -4.69252e-04   1.47355e-04  -3.18245e-07  -4.31012e+00
  29  w_vw_p_cbo   1.67139e+01   constant   
  30  beta_vw_p_cbo  -5.75971e-04   1.48478e-04   3.11970e-07   1.07250e-01
 EXTERNAL ERROR MATRIX.    NDIM=  31    NPAR= 11    ERR DEF=1
  2.153e-08 
  0.000e+00  2.203e-08 
  0.000e+00  0.000e+00  1.785e+06 
  0.000e+00  0.000e+00  0.000e+00  7.442e-08 
  0.000e+00  0.000e+00  0.000e+00  0.000e+00  7.668e-08 
  0.000e+00  0.000e+00  0.000e+00  0.000e+00  0.000e+00  8.100e-08 
  0.000e+00  0.000e+00  0.000e+00  0.000e+00  0.000e+00  0.000e+00  8.887e-08 
  0.000e+00  0.000e+00  0.000e+00  0.000e+00  0.000e+00  0.000e+00  0.000e+00  2.165e-08 
  0.000e+00  0.000e+00  0.000e+00  0.000e+00  0.000e+00  0.000e+00  0.000e+00  0.000e+00  2.211e-08 
  0.000e+00  0.000e+00  0.000e+00  0.000e+00  0.000e+00  0.000e+00  0.000e+00  0.000e+00  0.000e+00  2.171e-08 
  0.000e+00  0.000e+00  0.000e+00  0.000e+00  0.000e+00  0.000e+00  0.000e+00  0.000e+00  0.000e+00  0.000e+00  2.205e-08 
ERR MATRIX APPROXIMATE
 PARAMETER  CORRELATION COEFFICIENTS  
       NO.  GLOBAL     10     11     20     21     22     23     24     25     27     28     30
       10  0.00000   1.000  0.000  0.000  0.000  0.000  0.000  0.000  0.000  0.000  0.000  0.000
       11  0.00000   0.000  1.000  0.000  0.000  0.000  0.000  0.000  0.000  0.000  0.000  0.000
       20  0.00000   0.000  0.000  1.000  0.000  0.000  0.000  0.000  0.000  0.000  0.000  0.000
       21  0.00000   0.000  0.000  0.000  1.000  0.000  0.000  0.000  0.000  0.000  0.000  0.000
       22  0.00000   0.000  0.000  0.000  0.000  1.000  0.000  0.000  0.000  0.000  0.000  0.000
       23  0.00000   0.000  0.000  0.000  0.000  0.000  1.000  0.000  0.000  0.000  0.000  0.000
       24  0.00000   0.000  0.000  0.000  0.000  0.000  0.000  1.000  0.000  0.000  0.000  0.000
       25  0.00000   0.000  0.000  0.000  0.000  0.000  0.000  0.000  1.000  0.000  0.000  0.000
       27  0.00000   0.000  0.000  0.000  0.000  0.000  0.000  0.000  0.000  1.000  0.000  0.000
       28  0.00000   0.000  0.000  0.000  0.000  0.000  0.000  0.000  0.000  0.000  1.000  0.000
       30  0.00000   0.000  0.000  0.000  0.000  0.000  0.000  0.000  0.000  0.000  0.000  1.000
 ERR MATRIX APPROXIMATE
MINUIT - FIT ONLY 2-y
 **********
 **   67 **RES 
 **********
                   PARAMETER   16  beta_vw RESTORED TO VARIABLE.
                   PARAMETER   14  alpha_vw RESTORED TO VARIABLE.
                   PARAMETER   13  beta_y RESTORED TO VARIABLE.
                   PARAMETER    9  alpha_2CBO RESTORED TO VARIABLE.
                   PARAMETER    8  beta_CBO RESTORED TO VARIABLE.
                   PARAMETER    6  alpha_CBO RESTORED TO VARIABLE.
                   PARAMETER    4  phi RESTORED TO VARIABLE.
                   PARAMETER    3  A0 RESTORED TO VARIABLE.
                   PARAMETER    1  N0 RESTORED TO VARIABLE.
 **********
 **   68 **FIX            0
 **********
 PARAMETER    0  IS UNDEFINED. IGNORED.
 **********
 **   69 **FIX            1
 **********
 **********
 **   70 **FIX            2
 **********
 PARAMETER    2  IS CONSTANT.   IGNORED.
 **********
 **   71 **FIX            3
 **********
 **********
 **   72 **FIX            4
 **********
 **********
 **   73 **FIX            5
 **********
 PARAMETER    5  IS CONSTANT.   IGNORED.
 **********
 **   74 **FIX            6
 **********
 **********
 **   75 **FIX            7
 **********
 PARAMETER    7  IS CONSTANT.   IGNORED.
 **********
 **   76 **FIX            8
 **********
 **********
 **   77 **FIX            9
 **********
 **********
 **   78 **FIX           10
 **********
 **********
 **   79 **FIX           11
 **********
 **********
 **   80 **FIX           12
 **********
 PARAMETER   12  IS CONSTANT.   IGNORED.
 **********
 **   81 **FIX           16
 **********
 **********
 **   82 **MIGRAD
 **********
 START MIGRAD MINIMIZATION.  STRATEGY  1.  CONVERGENCE WHEN EDM .LT. 1.00e-04
 FCN=2340.23 FROM MIGRAD    STATUS=INITIATE      717 CALLS        6458 TOTAL
                     EDM= unknown      STRATEGY= 1      NO ERROR MATRIX       
  EXT PARAMETER               CURRENT GUESS       STEP         FIRST   
  NO.   NAME      VALUE            ERROR          SIZE      DERIVATIVE 
   1  N0           1.64486e+06     fixed    
   2  tau          6.44058e+01   constant   
   3  A0           3.64371e-01     fixed    
   4  phi          4.11963e+00     fixed    
   5  R           -6.08682e+01   constant   
   6  alpha_CBO    3.95056e-03     fixed    
   7  w_CBO        2.32735e+00   constant   
   8  beta_CBO     1.39326e-02     fixed    
   9  alpha_2CBO  -5.98316e-05     fixed    
  10  beta_2CBO   -7.84419e-06     fixed    
  11  alpha_y     -3.52367e-03     fixed    
  12  w_y          1.38984e+01   constant   
  13  beta_y       1.90886e-03   1.48565e-04   0.00000e+00   2.49707e+04
  14  alpha_vw     0.00000e+00   1.00000e-03   0.00000e+00   5.01854e+05
  15  w_vw         1.43156e+01   constant   
  16  beta_vw      0.00000e+00     fixed    
  17  LM          -4.60003e-05   constant   
  18  zeta_y       0.00000e+00   constant   
  19  zeta_vw      0.00000e+00   constant   
  20  T_CBO        1.00000e+02   8.96179e+02   0.00000e+00   0.00000e+00
  21  alpha_A0    -1.96090e-03   2.72794e-04   0.00000e+00   1.16167e-01
  22  beta_A0      2.08592e-03   2.76903e-04   0.00000e+00   3.43729e+00
  23  alpha_phi   -5.55165e-04   2.84597e-04   0.00000e+00  -2.65717e+00
  24  beta_phi    -4.78425e-04   2.98111e-04   0.00000e+00  -2.61428e+00
  25  alpha_vw_m_cbo   1.22740e-03   1.47143e-04   0.00000e+00   5.77815e+00
  26  w_vw_m_cbo   1.20142e+01   constant   
  27  beta_vw_m_cbo   2.54707e-04   1.48696e-04   0.00000e+00   7.04460e+00
  28  alpha_vw_p_cbo  -4.69252e-04   1.47355e-04   0.00000e+00  -4.31011e+00
  29  w_vw_p_cbo   1.67139e+01   constant   
  30  beta_vw_p_cbo  -5.75971e-04   1.48478e-04   0.00000e+00   1.07247e-01
 MIGRAD MINIMIZATION HAS CONVERGED.
 MIGRAD WILL VERIFY CONVERGENCE AND ERROR MATRIX.
  MNHESS FAILS AND WILL RETURN DIAGONAL MATRIX. 
 FCN=735.517 FROM MIGRAD    STATUS=CONVERGED     840 CALLS        6581 TOTAL
                     EDM=2.79004e-07    STRATEGY= 1  ERROR MATRIX UNCERTAINTY 100.0 per cent
  EXT PARAMETER                APPROXIMATE        STEP         FIRST   
  NO.   NAME      VALUE            ERROR          SIZE      DERIVATIVE 
   1  N0           1.64486e+06     fixed    
   2  tau          6.44058e+01   constant   
   3  A0           3.64371e-01     fixed    
   4  phi          4.11963e+00     fixed    
   5  R           -6.08682e+01   constant   
   6  alpha_CBO    3.95056e-03     fixed    
   7  w_CBO        2.32735e+00   constant   
   8  beta_CBO     1.39326e-02     fixed    
   9  alpha_2CBO  -5.98316e-05     fixed    
  10  beta_2CBO   -7.84419e-06     fixed    
  11  alpha_y     -3.52367e-03     fixed    
  12  w_y          1.38984e+01   constant   
  13  beta_y      -3.55453e-04   1.47419e-04   1.95351e-06   7.76735e-02
  14  alpha_vw    -6.28242e-03   1.48178e-04   1.96357e-06   1.63608e+00
  15  w_vw         1.43156e+01   constant   
  16  beta_vw      0.00000e+00     fixed    
  17  LM          -4.60003e-05   constant   
  18  zeta_y       0.00000e+00   constant   
  19  zeta_vw      0.00000e+00   constant   
  20  T_CBO        1.00000e+02   9.26237e+02  -0.00000e+00   0.00000e+00
  21  alpha_A0    -1.91150e-03   2.72797e-04   1.33129e-06  -7.34190e-01
  22  beta_A0      2.19326e-03   2.76911e-04   4.24172e-08   1.82687e+00
  23  alpha_phi   -3.96659e-04   2.84601e-04  -1.00920e-07  -1.42150e+00
  24  beta_phi    -4.57464e-04   2.98101e-04   9.18382e-07  -1.43898e+00
  25  alpha_vw_m_cbo   9.65387e-04   1.47142e-04   1.21705e-07  -9.87614e-01
  26  w_vw_m_cbo   1.20142e+01   constant   
  27  beta_vw_m_cbo   6.54865e-04   1.48696e-04   1.12362e-07   3.09115e+00
  28  alpha_vw_p_cbo  -1.34724e-04   1.47354e-04  -1.66435e-07   8.12251e-01
  29  w_vw_p_cbo   1.67139e+01   constant   
  30  beta_vw_p_cbo  -2.51099e-04   1.48478e-04  -2.22361e-07  -1.97407e-01
 EXTERNAL ERROR MATRIX.    NDIM=  31    NPAR= 11    ERR DEF=1
  2.173e-08 
  0.000e+00  2.196e-08 
  0.000e+00  0.000e+00  1.606e+06 
  0.000e+00  0.000e+00  0.000e+00  7.442e-08 
  0.000e+00  0.000e+00  0.000e+00  0.000e+00  7.668e-08 
  0.000e+00  0.000e+00  0.000e+00  0.000e+00  0.000e+00  8.100e-08 
  0.000e+00  0.000e+00  0.000e+00  0.000e+00  0.000e+00  0.000e+00  8.886e-08 
  0.000e+00  0.000e+00  0.000e+00  0.000e+00  0.000e+00  0.000e+00  0.000e+00  2.165e-08 
  0.000e+00  0.000e+00  0.000e+00  0.000e+00  0.000e+00  0.000e+00  0.000e+00  0.000e+00  2.211e-08 
  0.000e+00  0.000e+00  0.000e+00  0.000e+00  0.000e+00  0.000e+00  0.000e+00  0.000e+00  0.000e+00  2.171e-08 
  0.000e+00  0.000e+00  0.000e+00  0.000e+00  0.000e+00  0.000e+00  0.000e+00  0.000e+00  0.000e+00  0.000e+00  2.205e-08 
ERR MATRIX APPROXIMATE
 PARAMETER  CORRELATION COEFFICIENTS  
       NO.  GLOBAL     13     14     20     21     22     23     24     25     27     28     30
       13  0.00000   1.000  0.000  0.000  0.000  0.000  0.000  0.000  0.000  0.000  0.000  0.000
       14  0.00000   0.000  1.000  0.000  0.000  0.000  0.000  0.000  0.000  0.000  0.000  0.000
       20  0.00000   0.000  0.000  1.000  0.000  0.000  0.000  0.000  0.000  0.000  0.000  0.000
       21  0.00000   0.000  0.000  0.000  1.000  0.000  0.000  0.000  0.000  0.000  0.000  0.000
       22  0.00000   0.000  0.000  0.000  0.000  1.000  0.000  0.000  0.000  0.000  0.000  0.000
       23  0.00000   0.000  0.000  0.000  0.000  0.000  1.000  0.000  0.000  0.000  0.000  0.000
       24  0.00000   0.000  0.000  0.000  0.000  0.000  0.000  1.000  0.000  0.000  0.000  0.000
       25  0.00000   0.000  0.000  0.000  0.000  0.000  0.000  0.000  1.000  0.000  0.000  0.000
       27  0.00000   0.000  0.000  0.000  0.000  0.000  0.000  0.000  0.000  1.000  0.000  0.000
       28  0.00000   0.000  0.000  0.000  0.000  0.000  0.000  0.000  0.000  0.000  1.000  0.000
       30  0.00000   0.000  0.000  0.000  0.000  0.000  0.000  0.000  0.000  0.000  0.000  1.000
 ERR MATRIX APPROXIMATE
MINUIT - FIT ALTOGETHER
 **********
 **   83 **RES 
 **********
                   PARAMETER   16  beta_vw RESTORED TO VARIABLE.
                   PARAMETER   11  alpha_y RESTORED TO VARIABLE.
                   PARAMETER   10  beta_2CBO RESTORED TO VARIABLE.
                   PARAMETER    9  alpha_2CBO RESTORED TO VARIABLE.
                   PARAMETER    8  beta_CBO RESTORED TO VARIABLE.
                   PARAMETER    6  alpha_CBO RESTORED TO VARIABLE.
                   PARAMETER    4  phi RESTORED TO VARIABLE.
                   PARAMETER    3  A0 RESTORED TO VARIABLE.
                   PARAMETER    1  N0 RESTORED TO VARIABLE.
 **********
 **   84 **MIGRAD
 **********
 START MIGRAD MINIMIZATION.  STRATEGY  1.  CONVERGENCE WHEN EDM .LT. 1.00e-04
 FCN=735.517 FROM MIGRAD    STATUS=INITIATE     2031 CALLS        8612 TOTAL
                     EDM= unknown      STRATEGY= 1      NO ERROR MATRIX       
  EXT PARAMETER               CURRENT GUESS       STEP         FIRST   
  NO.   NAME      VALUE            ERROR          SIZE      DERIVATIVE 
   1  N0           1.64486e+06   8.60584e+01   0.00000e+00  -2.05118e-02
   2  tau          6.44058e+01   constant   
   3  A0           3.64371e-01   7.07886e-05   0.00000e+00  -9.27925e+03
   4  phi          4.11963e+00   2.05844e-04   0.00000e+00   4.20644e+03
   5  R           -6.08682e+01   constant   
   6  alpha_CBO    3.95056e-03   1.44856e-04   0.00000e+00   2.04503e+03
   7  w_CBO        2.32735e+00   constant   
   8  beta_CBO     1.39326e-02   1.51173e-04   0.00000e+00  -1.27938e+04
   9  alpha_2CBO  -5.98316e-05   1.49110e-04   0.00000e+00   9.09779e+03
  10  beta_2CBO   -7.84419e-06   1.46746e-04   0.00000e+00   3.45953e+02
  11  alpha_y     -3.52367e-03   1.48412e-04   0.00000e+00  -8.66254e+04
  12  w_y          1.38984e+01   constant   
  13  beta_y      -3.55453e-04   1.47419e-04   0.00000e+00   7.76704e-02
  14  alpha_vw    -6.28242e-03   1.48178e-04   0.00000e+00   1.63608e+00
  15  w_vw         1.43156e+01   constant   
  16  beta_vw      0.00000e+00   1.00000e-03   0.00000e+00   2.82261e+05
  17  LM          -4.60003e-05   constant   
  18  zeta_y       0.00000e+00   constant   
  19  zeta_vw      0.00000e+00   constant   
  20  T_CBO        1.00000e+02   9.26237e+02   0.00000e+00   0.00000e+00
  21  alpha_A0    -1.91150e-03   2.72797e-04   0.00000e+00  -7.34189e-01
  22  beta_A0      2.19326e-03   2.76911e-04   0.00000e+00   1.82687e+00
  23  alpha_phi   -3.96659e-04   2.84601e-04   0.00000e+00  -1.42151e+00
  24  beta_phi    -4.57464e-04   2.98101e-04   0.00000e+00  -1.43898e+00
  25  alpha_vw_m_cbo   9.65387e-04   1.47142e-04   0.00000e+00  -9.87625e-01
  26  w_vw_m_cbo   1.20142e+01   constant   
  27  beta_vw_m_cbo   6.54865e-04   1.48696e-04   0.00000e+00   3.09115e+00
  28  alpha_vw_p_cbo  -1.34724e-04   1.47354e-04   0.00000e+00   8.12251e-01
  29  w_vw_p_cbo   1.67139e+01   constant   
  30  beta_vw_p_cbo  -2.51099e-04   1.48478e-04   0.00000e+00  -1.97405e-01
 MIGRAD MINIMIZATION HAS CONVERGED.
 FCN=65.497 FROM MIGRAD    STATUS=CONVERGED    2282 CALLS        8863 TOTAL
                     EDM=1.85962e-06    STRATEGY= 1  ERROR MATRIX UNCERTAINTY   3.1 per cent
  EXT PARAMETER                                   STEP         FIRST   
  NO.   NAME      VALUE            ERROR          SIZE      DERIVATIVE 
   1  N0           1.64486e+06   8.48392e+01   3.72765e-01   4.84904e-06
   2  tau          6.44058e+01   constant   
   3  A0           3.64371e-01   7.13309e-05  -1.00271e-08   9.63245e+00
   4  phi          4.11967e+00   2.06088e-04  -5.24423e-07  -4.36018e-01
   5  R           -6.08682e+01   constant   
   6  alpha_CBO    3.90648e-03   1.44278e-04  -1.03692e-07  -4.45330e+00
   7  w_CBO        2.32735e+00   constant   
   8  beta_CBO     1.39053e-02   1.58242e-04   1.69864e-07   1.34575e+00
   9  alpha_2CBO  -3.43931e-05   1.54970e-04   1.16458e-07   6.48152e+00
  10  beta_2CBO   -3.34661e-05   1.47145e-04   2.30760e-08  -2.45087e-02
  11  alpha_y     -1.16773e-03   1.64248e-04  -1.79191e-07  -5.57260e-01
  12  w_y          1.38984e+01   constant   
  13  beta_y       3.60573e-04   1.63743e-04   7.03679e-07  -3.61596e-01
  14  alpha_vw    -6.43602e-03   1.66414e-04   3.50090e-07  -1.26523e+00
  15  w_vw         1.43156e+01   constant   
  16  beta_vw     -4.02670e-03   1.61476e-04  -7.24149e-08  -1.10914e-01
  17  LM          -4.60003e-05   constant   
  18  zeta_y       0.00000e+00   constant   
  19  zeta_vw      0.00000e+00   constant   
  20  T_CBO        1.00000e+02   5.20646e+02  -0.00000e+00   0.00000e+00
  21  alpha_A0    -2.04919e-03   2.72641e-04   2.52627e-07   3.97145e-01
  22  beta_A0      2.08638e-03   2.78584e-04   1.30541e-07  -7.36303e-01
  23  alpha_phi   -6.37927e-04   2.75840e-04   7.94436e-07   2.37825e+00
  24  beta_phi    -2.49532e-04   3.01378e-04  -4.60466e-07   2.35547e+00
  25  alpha_vw_m_cbo   6.74541e-04   1.49206e-04  -1.78231e-07   7.29363e+00
  26  w_vw_m_cbo   1.20142e+01   constant   
  27  beta_vw_m_cbo   3.57792e-04   1.51155e-04  -3.49273e-07   8.96797e+00
  28  alpha_vw_p_cbo  -3.84110e-04   1.48404e-04  -1.98728e-07  -4.64977e+00
  29  w_vw_p_cbo   1.67139e+01   constant   
  30  beta_vw_p_cbo  -9.17893e-07   1.50124e-04  -4.58894e-08   2.08225e+00
 EXTERNAL ERROR MATRIX.    NDIM=  31    NPAR= 20    ERR DEF=1
 ELEMENTS ABOVE DIAGONAL ARE NOT PRINTED.
  7.198e+03 
  5.094e-05  5.088e-09 
  1.149e-04 -9.483e-11  4.247e-08 
  6.550e-04  1.095e-10 -9.068e-10  2.082e-08 
  7.369e-04  3.494e-10 -1.231e-09  6.174e-10  2.504e-08 
 -1.536e-03 -4.523e-10  2.236e-09 -9.066e-11 -2.459e-09  2.402e-08 
  2.564e-04  8.402e-11 -3.973e-10  9.535e-11  5.309e-10 -5.052e-10  2.165e-08 
 -2.759e-04 -2.110e-11  6.097e-10 -3.729e-10 -7.873e-10  7.623e-10 -1.456e-10  2.698e-08 
 -1.751e-04 -5.074e-10  5.627e-11  3.597e-10 -7.181e-10  4.343e-10 -7.705e-11 -4.857e-10  2.681e-08 
  4.982e-04 -3.884e-10 -8.672e-10 -1.123e-11 -3.462e-10  9.450e-10 -1.001e-10 -2.069e-09  5.875e-09  2.769e-08 
  5.267e-04  2.148e-10 -8.027e-10  1.162e-10  1.261e-09 -9.554e-10  1.784e-10 -8.507e-09 -5.309e-09  4.274e-10  2.607e-08 
  0.000e+00  0.000e+00  0.000e+00  0.000e+00  0.000e+00  0.000e+00  0.000e+00  0.000e+00  0.000e+00  0.000e+00  0.000e+00 
  0.000e+00  0.000e+00  0.000e+00  0.000e+00  0.000e+00  0.000e+00  0.000e+00  0.000e+00  0.000e+00  0.000e+00  0.000e+00  1.800e+05 
 -3.583e-04  1.437e-10  3.782e-10  6.108e-10  7.324e-10 -1.632e-09  2.531e-10 -4.642e-11 -1.787e-09 -9.981e-10  1.032e-09 
 -3.583e-04  1.437e-10  3.782e-10  6.108e-10  7.324e-10 -1.632e-09  2.531e-10 -4.642e-11 -1.787e-09 -9.981e-10  1.032e-09  0.000e+00  7.433e-08 
  5.174e-04  2.311e-10 -8.393e-10  3.588e-10  1.402e-09 -1.544e-09  3.391e-10 -4.527e-10 -6.376e-10 -4.674e-10  7.758e-10 
  5.174e-04  2.311e-10 -8.393e-10  3.588e-10  1.402e-09 -1.544e-09  3.391e-10 -4.527e-10 -6.376e-10 -4.674e-10  7.758e-10  0.000e+00  5.779e-10  7.761e-08 
 -1.506e-03  7.598e-11  1.781e-09  1.567e-09  7.404e-10 -3.281e-09  4.109e-10  8.909e-11 -2.949e-09 -8.319e-10  1.801e-09 
 -1.506e-03  7.598e-11  1.781e-09  1.567e-09  7.404e-10 -3.281e-09  4.109e-10  8.909e-11 -2.949e-09 -8.319e-10  1.801e-09  0.000e+00 -1.214e-09  7.091e-10  7.609e-08 
 -6.799e-04 -1.561e-10  1.194e-09 -6.362e-10 -1.736e-09  2.000e-09 -4.612e-10  1.410e-09 -9.644e-10 -1.444e-09 -1.200e-09 
 -6.799e-04 -1.561e-10  1.194e-09 -6.362e-10 -1.736e-09  2.000e-09 -4.612e-10  1.410e-09 -9.644e-10 -1.444e-09 -1.200e-09  0.000e+00 -2.299e-10 -1.116e-09 -6.465e-11  9.083e-08 
  1.873e-04  6.951e-11 -2.915e-10  5.802e-12  3.637e-10 -1.411e-10  5.257e-11 -1.491e-09 -4.669e-11  5.820e-10  1.689e-09 
  1.873e-04  6.951e-11 -2.915e-10  5.802e-12  3.637e-10 -1.411e-10  5.257e-11 -1.491e-09 -4.669e-11  5.820e-10  1.689e-09  0.000e+00  1.092e-10  1.219e-10  3.086e-10 -2.777e-10  2.226e-08 
  3.566e-04  2.457e-10 -4.798e-10 -6.392e-11  7.811e-10 -5.146e-10  1.168e-10 -5.903e-10 -1.518e-09 -1.464e-09  2.073e-09 
  3.566e-04  2.457e-10 -4.798e-10 -6.392e-11  7.811e-10 -5.146e-10  1.168e-10 -5.903e-10 -1.518e-09 -1.464e-09  2.073e-09  0.000e+00  7.706e-10  4.645e-10  1.367e-09 -1.821e-10  4.176e-10  2.285e-08 
  2.464e-04  2.432e-10 -3.217e-10  1.469e-11  7.696e-10 -6.375e-10  1.790e-10 -1.323e-09 -2.087e-09 -1.182e-09  1.426e-09 
  2.464e-04  2.432e-10 -3.217e-10  1.469e-11  7.696e-10 -6.375e-10  1.790e-10 -1.323e-09 -2.087e-09 -1.182e-09  1.426e-09  0.000e+00  6.175e-10  4.845e-10  1.048e-09 -7.135e-11  2.948e-10  9.566e-10  2.202e-08 
 -2.351e-04 -1.841e-11  4.087e-10 -1.387e-10 -4.617e-10  3.228e-10 -1.211e-10  2.054e-09 -6.080e-10 -1.632e-09 -1.187e-09 
 -2.351e-04 -1.841e-11  4.087e-10 -1.387e-10 -4.617e-10  3.228e-10 -1.211e-10  2.054e-09 -6.080e-10 -1.632e-09 -1.187e-09  0.000e+00  1.239e-10 -1.843e-10  8.608e-11  6.199e-10 -5.573e-10 -2.781e-10  2.510e-10  2.254e-08 
 PARAMETER  CORRELATION COEFFICIENTS  
       NO.  GLOBAL      1      3      4      6      8      9     10     11     13     14     16     20     21     22     23     24
        1  0.17346   1.000  0.008  0.007  0.054  0.055 -0.117  0.021 -0.020 -0.013  0.035  0.038  0.000 -0.015  0.022 -0.064 -0.027
        3  0.07491   0.008  1.000 -0.006  0.011  0.031 -0.041  0.008 -0.002 -0.043 -0.033  0.019  0.000  0.007  0.012  0.004 -0.007
        4  0.10458   0.007 -0.006  1.000 -0.030 -0.038  0.070 -0.013  0.018  0.002 -0.025 -0.024  0.000  0.007 -0.015  0.031  0.019
        6  0.08734   0.054  0.011 -0.030  1.000  0.027 -0.004  0.004 -0.016  0.015 -0.000  0.005  0.000  0.016  0.009  0.039 -0.015
        8  0.14157   0.055  0.031 -0.038  0.027  1.000 -0.100  0.023 -0.030 -0.028 -0.013  0.049  0.000  0.017  0.032  0.017 -0.036
        9  0.20547  -0.117 -0.041  0.070 -0.004 -0.100  1.000 -0.022  0.030  0.017  0.037 -0.038  0.000 -0.039 -0.036 -0.077  0.043
       10  0.04152   0.021  0.008 -0.013  0.004  0.023 -0.022  1.000 -0.006 -0.003 -0.004  0.008  0.000  0.006  0.008  0.010 -0.010
       11  0.34763  -0.020 -0.002  0.018 -0.016 -0.030  0.030 -0.006  1.000 -0.018 -0.076 -0.321  0.000 -0.001 -0.010  0.002  0.028
       13  0.32275  -0.013 -0.043  0.002  0.015 -0.028  0.017 -0.003 -0.018  1.000  0.216 -0.201  0.000 -0.040 -0.014 -0.065 -0.020
       14  0.25433   0.035 -0.033 -0.025 -0.000 -0.013  0.037 -0.004 -0.076  0.216  1.000  0.016  0.000 -0.022 -0.010 -0.018 -0.029
       16  0.39740   0.038  0.019 -0.024  0.005  0.049 -0.038  0.008 -0.321 -0.201  0.016  1.000  0.000  0.023  0.017  0.040 -0.025
       20  0.00000   0.000  0.000  0.000  0.000  0.000  0.000  0.000  0.000  0.000  0.000  0.000  1.000  0.000  0.000  0.000  0.000
       21  0.07381  -0.015  0.007  0.007  0.016  0.017 -0.039  0.006 -0.001 -0.040 -0.022  0.023  0.000  1.000  0.008 -0.016 -0.003
       22  0.05747   0.022  0.012 -0.015  0.009  0.032 -0.036  0.008 -0.010 -0.014 -0.010  0.017  0.000  0.008  1.000  0.009 -0.013
       23  0.14834  -0.064  0.004  0.031  0.039  0.017 -0.077  0.010  0.002 -0.065 -0.018  0.040  0.000 -0.016  0.009  1.000 -0.001
       24  0.07674  -0.027 -0.007  0.019 -0.015 -0.036  0.043 -0.010  0.028 -0.020 -0.029 -0.025  0.000 -0.003 -0.013 -0.001  1.000
       25  0.08864   0.015  0.007 -0.009  0.000  0.015 -0.006  0.002 -0.061 -0.002  0.023  0.070  0.000  0.003  0.003  0.007 -0.006
                     1.000  0.019  0.013 -0.025
       27  0.12672   0.028  0.023 -0.015 -0.003  0.033 -0.022  0.005 -0.024 -0.061 -0.058  0.085  0.000  0.019  0.011  0.033 -0.004
                     0.019  1.000  0.043 -0.012
       28  0.12578   0.020  0.023 -0.011  0.001  0.033 -0.028  0.008 -0.054 -0.086 -0.048  0.059  0.000  0.015  0.012  0.026 -0.002
                     0.013  0.043  1.000  0.011
       30  0.11253  -0.018 -0.002  0.013 -0.006 -0.019  0.014 -0.005  0.083 -0.025 -0.065 -0.049  0.000  0.003 -0.004  0.002  0.014
                    -0.025 -0.012  0.011  1.000
MINUIT - MINOS
 **********
 **   85 **RES 
 **********
 CALL TO MNFREE IGNORED.  THERE ARE NO FIXED PARAMETERS
 **********
 **   86 **MIG      2.5e+04        0.01
 **********
 START MIGRAD MINIMIZATION.  STRATEGY  1.  CONVERGENCE WHEN EDM .LT. 1.00e-05
 FCN=65.497 FROM MIGRAD    STATUS=INITIATE       40 CALLS        8903 TOTAL
                     EDM=1.7626e-06    STRATEGY= 1  ERROR MATRIX UNCERTAINTY   3.1 per cent
  EXT PARAMETER                                   STEP         FIRST   
  NO.   NAME      VALUE            ERROR          SIZE      DERIVATIVE 
   1  N0           1.64486e+06   8.48392e+01   3.72765e-01   4.84904e-06
   2  tau          6.44058e+01   constant   
   3  A0           3.64371e-01   7.13309e-05  -1.00271e-08   9.63247e+00
   4  phi          4.11967e+00   2.06088e-04  -5.24423e-07  -4.36018e-01
   5  R           -6.08682e+01   constant   
   6  alpha_CBO    3.90648e-03   1.44278e-04  -1.03692e-07  -4.45329e+00
   7  w_CBO        2.32735e+00   constant   
   8  beta_CBO     1.39053e-02   1.58242e-04   1.69864e-07   1.34576e+00
   9  alpha_2CBO  -3.43931e-05   1.54970e-04   1.16458e-07   6.48152e+00
  10  beta_2CBO   -3.34661e-05   1.47145e-04   2.30760e-08  -2.45043e-02
  11  alpha_y     -1.16773e-03   1.64248e-04  -1.79191e-07  -5.57256e-01
  12  w_y          1.38984e+01   constant   
  13  beta_y       3.60573e-04   1.63743e-04   7.03679e-07  -3.61597e-01
  14  alpha_vw    -6.43602e-03   1.66414e-04   3.50090e-07  -1.26522e+00
  15  w_vw         1.43156e+01   constant   
  16  beta_vw     -4.02670e-03   1.61476e-04  -7.24149e-08  -1.10909e-01
  17  LM          -4.60003e-05   constant   
  18  zeta_y       0.00000e+00   constant   
  19  zeta_vw      0.00000e+00   constant   
  20  T_CBO        1.00000e+02   5.20646e+02  -0.00000e+00   0.00000e+00
  21  alpha_A0    -2.04919e-03   2.72641e-04   2.52627e-07   3.97144e-01
  22  beta_A0      2.08638e-03   2.78584e-04   1.30541e-07  -7.36307e-01
  23  alpha_phi   -6.37927e-04   2.75840e-04   7.94436e-07   2.37826e+00
  24  beta_phi    -2.49532e-04   3.01378e-04  -4.60466e-07   2.35547e+00
  25  alpha_vw_m_cbo   6.74541e-04   1.49206e-04  -1.78231e-07   7.29363e+00
  26  w_vw_m_cbo   1.20142e+01   constant   
  27  beta_vw_m_cbo   3.57792e-04   1.51155e-04  -3.49273e-07   8.96798e+00
  28  alpha_vw_p_cbo  -3.84110e-04   1.48404e-04  -1.98728e-07  -4.64977e+00
  29  w_vw_p_cbo   1.67139e+01   constant   
  30  beta_vw_p_cbo  -9.17893e-07   1.50124e-04  -4.58894e-08   2.08225e+00
 MIGRAD MINIMIZATION HAS CONVERGED.
 FCN=65.497 FROM MIGRAD    STATUS=CONVERGED      81 CALLS        8944 TOTAL
                     EDM=5.09098e-08    STRATEGY= 1  ERROR MATRIX UNCERTAINTY   1.8 per cent
  EXT PARAMETER                                   STEP         FIRST   
  NO.   NAME      VALUE            ERROR          SIZE      DERIVATIVE 
   1  N0           1.64486e+06   8.45050e+01  -1.01021e-02  -1.08395e-06
   2  tau          6.44058e+01   constant   
   3  A0           3.64371e-01   7.28605e-05  -2.41262e-08   2.87644e+00
   4  phi          4.11967e+00   2.06116e-04  -1.28338e-09   3.01924e-01
   5  R           -6.08682e+01   constant   
   6  alpha_CBO    3.90652e-03   1.45889e-04   4.32184e-08  -8.21950e-01
   7  w_CBO        2.32735e+00   constant   
   8  beta_CBO     1.39053e-02   1.58856e-04  -1.27579e-08   1.06101e+00
   9  alpha_2CBO  -3.44600e-05   1.55020e-04  -6.68501e-08   3.99450e-02
  10  beta_2CBO   -3.34656e-05   1.47169e-04   4.92693e-10  -1.05522e+00
  11  alpha_y     -1.16772e-03   1.64246e-04   4.72427e-09  -1.75605e-02
  12  w_y          1.38984e+01   constant   
  13  beta_y       3.60591e-04   1.63579e-04   1.84135e-08   2.51128e-01
  14  alpha_vw    -6.43600e-03   1.66330e-04   2.17542e-08   1.02271e-01
  15  w_vw         1.43156e+01   constant   
  16  beta_vw     -4.02671e-03   1.61457e-04  -1.31435e-08   3.99200e-02
  17  LM          -4.60003e-05   constant   
  18  zeta_y       0.00000e+00   constant   
  19  zeta_vw      0.00000e+00   constant   
  20  T_CBO        1.00000e+02   5.20646e+02  -0.00000e+00   0.00000e+00
  21  alpha_A0    -2.04920e-03   2.73169e-04  -9.87074e-09   6.16737e-01
  22  beta_A0      2.08641e-03   2.79608e-04   2.95372e-08  -3.90901e-01
  23  alpha_phi   -6.38006e-04   2.75955e-04  -7.84377e-08   3.88563e-02
  24  beta_phi    -2.49643e-04   3.06315e-04  -1.11078e-07   4.72652e-01
  25  alpha_vw_m_cbo   6.74459e-04   1.47696e-04  -8.23986e-08  -3.65956e-01
  26  w_vw_m_cbo   1.20142e+01   constant   
  27  beta_vw_m_cbo   3.57687e-04   1.49408e-04  -1.05252e-07  -3.33180e-01
  28  alpha_vw_p_cbo  -3.84067e-04   1.48608e-04   4.28010e-08  -1.15503e-01
  29  w_vw_p_cbo   1.67139e+01   constant   
  30  beta_vw_p_cbo  -9.39353e-07   1.49907e-04  -2.14597e-08  -2.21087e-01
 EXTERNAL ERROR MATRIX.    NDIM=  31    NPAR= 20    ERR DEF=1
 ELEMENTS ABOVE DIAGONAL ARE NOT PRINTED.
  7.141e+03 
  2.953e-05  5.309e-09 
  1.557e-04  1.702e-11  4.248e-08 
  7.215e-04 -2.185e-10 -1.104e-09  2.128e-08 
  7.783e-04  5.920e-10 -1.166e-09  2.185e-10  2.524e-08 
 -1.722e-03 -1.440e-10  2.529e-09 -4.571e-10 -1.947e-09  2.403e-08 
  1.837e-04 -9.508e-11 -4.088e-10  4.148e-10  4.336e-10 -9.953e-10  2.166e-08 
 -2.619e-04 -4.098e-11  5.890e-10 -3.504e-10 -8.225e-10  7.665e-10 -1.110e-10  2.698e-08 
 -1.089e-04 -5.565e-10 -2.276e-11  3.965e-10 -8.401e-10  5.292e-10  5.721e-11 -4.939e-10  2.676e-08 
  5.656e-04 -4.724e-10 -9.620e-10  7.869e-11 -5.042e-10  9.853e-10  5.907e-11 -2.074e-09  5.832e-09  2.767e-08 
  4.875e-04  2.692e-10 -7.452e-10  5.538e-11  1.358e-09 -9.698e-10  8.217e-11 -8.505e-09 -5.285e-09  4.410e-10  2.607e-08 
  0.000e+00  0.000e+00  0.000e+00  0.000e+00  0.000e+00  0.000e+00  0.000e+00  0.000e+00  0.000e+00  0.000e+00  0.000e+00 
  0.000e+00  0.000e+00  0.000e+00  0.000e+00  0.000e+00  0.000e+00  0.000e+00  0.000e+00  0.000e+00  0.000e+00  0.000e+00  1.800e+05 
 -2.386e-04  5.408e-10  4.403e-10 -7.307e-11  9.939e-10 -6.560e-10  1.736e-10 -1.147e-10 -2.041e-09 -1.309e-09  1.221e-09 
 -2.386e-04  5.408e-10  4.403e-10 -7.307e-11  9.939e-10 -6.560e-10  1.736e-10 -1.147e-10 -2.041e-09 -1.309e-09  1.221e-09  0.000e+00  7.462e-08 
  5.025e-04 -1.371e-10 -9.815e-10  9.363e-10  1.053e-09 -2.194e-09  5.603e-10 -4.092e-10 -5.025e-10 -2.760e-10  6.558e-10 
  5.025e-04 -1.371e-10 -9.815e-10  9.363e-10  1.053e-09 -2.194e-09  5.603e-10 -4.092e-10 -5.025e-10 -2.760e-10  6.558e-10  0.000e+00  5.156e-11  7.818e-08 
 -1.722e-03  4.442e-10  2.126e-09  1.125e-09  1.344e-09 -3.245e-09 -1.643e-10  9.274e-11 -2.843e-09 -7.904e-10  1.788e-09 
 -1.722e-03  4.442e-10  2.126e-09  1.125e-09  1.344e-09 -3.245e-09 -1.643e-10  9.274e-11 -2.843e-09 -7.904e-10  1.788e-09  0.000e+00 -6.572e-11 -6.112e-11  7.615e-08 
 -8.547e-04  6.774e-10  1.699e-09 -1.820e-09 -7.159e-10  2.916e-09 -1.282e-09  1.354e-09 -1.052e-09 -1.666e-09 -1.049e-09 
 -8.547e-04  6.774e-10  1.699e-09 -1.820e-09 -7.159e-10  2.916e-09 -1.282e-09  1.354e-09 -1.052e-09 -1.666e-09 -1.049e-09  0.000e+00  1.524e-09 -2.588e-09  1.039e-09  9.383e-08 
 -7.104e-05  3.805e-10  6.699e-11 -3.221e-10  9.581e-10 -3.134e-10 -5.501e-10 -1.473e-09  1.230e-10  6.940e-10  1.633e-09 
 -7.104e-05  3.805e-10  6.699e-11 -3.221e-10  9.581e-10 -3.134e-10 -5.501e-10 -1.473e-09  1.230e-10  6.940e-10  1.633e-09  0.000e+00  1.285e-09 -5.943e-10  1.285e-10  5.328e-10  2.181e-08 
  3.653e-05  6.666e-10 -2.066e-11 -5.251e-10  1.553e-09 -6.691e-10 -6.535e-10 -5.711e-10 -1.319e-09 -1.342e-09  2.015e-09 
  3.653e-05  6.666e-10 -2.066e-11 -5.251e-10  1.553e-09 -6.691e-10 -6.535e-10 -5.711e-10 -1.319e-09 -1.342e-09  2.015e-09  0.000e+00  2.282e-09 -4.793e-10  1.213e-09  9.621e-10 -7.426e-11  2.232e-08 
  3.592e-04  3.054e-11 -5.106e-10  2.765e-10  4.338e-10 -6.897e-10  4.931e-10 -1.323e-09 -2.136e-09 -1.194e-09  1.426e-09 
  3.592e-04  3.054e-11 -5.106e-10  2.765e-10  4.338e-10 -6.897e-10  4.931e-10 -1.323e-09 -2.136e-09 -1.194e-09  1.426e-09  0.000e+00 -1.392e-11  9.191e-10  9.752e-10 -7.276e-10  3.531e-10  9.891e-10  2.208e-08 
 -3.106e-04  4.304e-11  5.010e-10 -1.891e-10 -3.172e-10  2.237e-10 -2.776e-10  2.063e-09 -5.489e-10 -1.585e-09 -1.212e-09 
 -3.106e-04  4.304e-11  5.010e-10 -1.891e-10 -3.172e-10  2.237e-10 -2.776e-10  2.063e-09 -5.489e-10 -1.585e-09 -1.212e-09  0.000e+00  4.220e-10 -3.469e-10 -2.438e-11  7.409e-10 -7.408e-10 -4.914e-10  3.009e-10  2.247e-08 
 PARAMETER  CORRELATION COEFFICIENTS  
       NO.  GLOBAL      1      3      4      6      8      9     10     11     13     14     16     20     21     22     23     24
        1  0.18959   1.000  0.005  0.009  0.059  0.058 -0.131  0.015 -0.019 -0.008  0.040  0.036  0.000 -0.010  0.021 -0.074 -0.033
        3  0.10782   0.005  1.000  0.001 -0.021  0.051 -0.013 -0.009 -0.003 -0.047 -0.039  0.023  0.000  0.027 -0.007  0.022  0.030
        4  0.11664   0.009  0.001  1.000 -0.037 -0.036  0.079 -0.013  0.017 -0.001 -0.028 -0.022  0.000  0.008 -0.017  0.037  0.027
        6  0.09921   0.059 -0.021 -0.037  1.000  0.009 -0.020  0.019 -0.015  0.017  0.003  0.002  0.000 -0.002  0.023  0.028 -0.041
        8  0.14549   0.058  0.051 -0.036  0.009  1.000 -0.079  0.019 -0.032 -0.032 -0.019  0.053  0.000  0.023  0.024  0.031 -0.015
        9  0.21498  -0.131 -0.013  0.079 -0.020 -0.079  1.000 -0.044  0.030  0.021  0.038 -0.039  0.000 -0.015 -0.051 -0.076  0.061
       10  0.07568   0.015 -0.009 -0.013  0.019  0.019 -0.044  1.000 -0.005  0.002  0.002  0.003  0.000  0.004  0.014 -0.004 -0.028
       11  0.34756  -0.019 -0.003  0.017 -0.015 -0.032  0.030 -0.005  1.000 -0.018 -0.076 -0.321  0.000 -0.003 -0.009  0.002  0.027
       13  0.32131  -0.008 -0.047 -0.001  0.017 -0.032  0.021  0.002 -0.018  1.000  0.214 -0.200  0.000 -0.046 -0.011 -0.063 -0.021
       14  0.25496   0.040 -0.039 -0.028  0.003 -0.019  0.038  0.002 -0.076  0.214  1.000  0.016  0.000 -0.029 -0.006 -0.017 -0.033
       16  0.39718   0.036  0.023 -0.022  0.002  0.053 -0.039  0.003 -0.321 -0.200  0.016  1.000  0.000  0.028  0.015  0.040 -0.021
       20  0.00000   0.000  0.000  0.000  0.000  0.000  0.000  0.000  0.000  0.000  0.000  0.000  1.000  0.000  0.000  0.000  0.000
       21  0.08978  -0.010  0.027  0.008 -0.002  0.023 -0.015  0.004 -0.003 -0.046 -0.029  0.028  0.000  1.000  0.001 -0.001  0.018
       22  0.07474   0.021 -0.007 -0.017  0.023  0.024 -0.051  0.014 -0.009 -0.011 -0.006  0.015  0.000  0.001  1.000 -0.001 -0.030
       23  0.15164  -0.074  0.022  0.037  0.028  0.031 -0.076 -0.004  0.002 -0.063 -0.017  0.040  0.000 -0.001 -0.001  1.000  0.012
       24  0.10823  -0.033  0.030  0.027 -0.041 -0.015  0.061 -0.028  0.027 -0.021 -0.033 -0.021  0.000  0.018 -0.030  0.012  1.000
       25  0.11488  -0.006  0.035  0.002 -0.015  0.041 -0.014 -0.025 -0.061  0.005  0.028  0.068  0.000  0.032 -0.014  0.003  0.012
                     1.000 -0.003  0.016 -0.033
       27  0.15601   0.003  0.061 -0.001 -0.024  0.065 -0.029 -0.030 -0.023 -0.054 -0.054  0.084  0.000  0.056 -0.011  0.029  0.021
                    -0.003  1.000  0.045 -0.022
       28  0.13220   0.029  0.003 -0.017  0.013  0.018 -0.030  0.023 -0.054 -0.088 -0.048  0.059  0.000 -0.000  0.022  0.024 -0.016
                     0.016  0.045  1.000  0.014
       30  0.11729  -0.025  0.004  0.016 -0.009 -0.013  0.010 -0.013  0.084 -0.022 -0.064 -0.050  0.000  0.010 -0.008 -0.001  0.016
                    -0.033 -0.022  0.014  1.000
 **********
 **   87 **MINO      2.5e+04
 **********
    THE POSITIVE MINOS ERROR OF PARAMETER  20, T_CBO EXCEEDS ITS LIMIT.
    THE NEGATIVE MINOS ERROR OF PARAMETER  20, T_CBO EXCEEDS ITS LIMIT.
 FCN=65.497 FROM MINOS     STATUS=PROBLEMS     7229 CALLS       16173 TOTAL
                     EDM=5.09098e-08    STRATEGY= 1  ERROR MATRIX UNCERTAINTY   1.8 per cent
  EXT PARAMETER                  PARABOLIC         MINOS ERRORS        
  NO.   NAME      VALUE            ERROR      NEGATIVE      POSITIVE   
   1  N0           1.64486e+06   8.45050e+01  -9.26604e+01   9.26772e+01
   2  tau          6.44058e+01   constant   
   3  A0           3.64371e-01   7.28605e-05  -7.50847e-05   7.50608e-05
   4  phi          4.11967e+00   2.06116e-04  -2.16670e-04   2.16642e-04
   5  R           -6.08682e+01   constant   
   6  alpha_CBO    3.90652e-03   1.45889e-04  -1.51593e-04   1.51624e-04
   7  w_CBO        2.32735e+00   constant   
   8  beta_CBO     1.39053e-02   1.58856e-04  -1.56518e-04   1.56484e-04
   9  alpha_2CBO  -3.44600e-05   1.55020e-04  -1.54474e-04   1.54476e-04
  10  beta_2CBO   -3.34656e-05   1.47169e-04  -1.50528e-04   1.50554e-04
  11  alpha_y     -1.16772e-03   1.64246e-04  -1.60761e-04   1.60762e-04
  12  w_y          1.38984e+01   constant   
  13  beta_y       3.60591e-04   1.63579e-04  -1.59197e-04   1.59190e-04
  14  alpha_vw    -6.43600e-03   1.66330e-04  -1.59142e-04   1.59138e-04
  15  w_vw         1.43156e+01   constant   
  16  beta_vw     -4.02671e-03   1.61457e-04  -1.61119e-04   1.61119e-04
  17  LM          -4.60003e-05   constant   
  18  zeta_y       0.00000e+00   constant   
  19  zeta_vw      0.00000e+00   constant   
  20  T_CBO        1.00000e+02   5.20646e+02   at limit      at limit   
  21  alpha_A0    -2.04920e-03   2.73169e-04  -2.85769e-04   2.85684e-04
  22  beta_A0      2.08641e-03   2.79608e-04  -2.89986e-04   2.90033e-04
  23  alpha_phi   -6.38006e-04   2.75955e-04  -3.01488e-04   3.01459e-04
  24  beta_phi    -2.49643e-04   3.06315e-04  -3.12031e-04   3.11927e-04
  25  alpha_vw_m_cbo   6.74459e-04   1.47696e-04  -1.47992e-04   1.48000e-04
  26  w_vw_m_cbo   1.20142e+01   constant   
  27  beta_vw_m_cbo   3.57687e-04   1.49408e-04  -1.49916e-04   1.49923e-04
  28  alpha_vw_p_cbo  -3.84067e-04   1.48608e-04  -1.48586e-04   1.48588e-04
  29  w_vw_p_cbo   1.67139e+01   constant   
  30  beta_vw_p_cbo  -9.39353e-07   1.49907e-04  -1.49523e-04   1.49528e-04
 **********
 **   88 **SHO COR 
 **********
 PARAMETER  CORRELATION COEFFICIENTS  
       NO.  GLOBAL      1      3      4      6      8      9     10     11     13     14     16     20     21     22     23     24
        1  0.18959   1.000  0.005  0.009  0.059  0.058 -0.131  0.015 -0.019 -0.008  0.040  0.036  0.000 -0.010  0.021 -0.074 -0.033
        3  0.10782   0.005  1.000  0.001 -0.021  0.051 -0.013 -0.009 -0.003 -0.047 -0.039  0.023  0.000  0.027 -0.007  0.022  0.030
        4  0.11664   0.009  0.001  1.000 -0.037 -0.036  0.079 -0.013  0.017 -0.001 -0.028 -0.022  0.000  0.008 -0.017  0.037  0.027
        6  0.09921   0.059 -0.021 -0.037  1.000  0.009 -0.020  0.019 -0.015  0.017  0.003  0.002  0.000 -0.002  0.023  0.028 -0.041
        8  0.14549   0.058  0.051 -0.036  0.009  1.000 -0.079  0.019 -0.032 -0.032 -0.019  0.053  0.000  0.023  0.024  0.031 -0.015
        9  0.21498  -0.131 -0.013  0.079 -0.020 -0.079  1.000 -0.044  0.030  0.021  0.038 -0.039  0.000 -0.015 -0.051 -0.076  0.061
       10  0.07568   0.015 -0.009 -0.013  0.019  0.019 -0.044  1.000 -0.005  0.002  0.002  0.003  0.000  0.004  0.014 -0.004 -0.028
       11  0.34756  -0.019 -0.003  0.017 -0.015 -0.032  0.030 -0.005  1.000 -0.018 -0.076 -0.321  0.000 -0.003 -0.009  0.002  0.027
       13  0.32131  -0.008 -0.047 -0.001  0.017 -0.032  0.021  0.002 -0.018  1.000  0.214 -0.200  0.000 -0.046 -0.011 -0.063 -0.021
       14  0.25496   0.040 -0.039 -0.028  0.003 -0.019  0.038  0.002 -0.076  0.214  1.000  0.016  0.000 -0.029 -0.006 -0.017 -0.033
       16  0.39718   0.036  0.023 -0.022  0.002  0.053 -0.039  0.003 -0.321 -0.200  0.016  1.000  0.000  0.028  0.015  0.040 -0.021
       20  0.00000   0.000  0.000  0.000  0.000  0.000  0.000  0.000  0.000  0.000  0.000  0.000  1.000  0.000  0.000  0.000  0.000
       21  0.08978  -0.010  0.027  0.008 -0.002  0.023 -0.015  0.004 -0.003 -0.046 -0.029  0.028  0.000  1.000  0.001 -0.001  0.018
       22  0.07474   0.021 -0.007 -0.017  0.023  0.024 -0.051  0.014 -0.009 -0.011 -0.006  0.015  0.000  0.001  1.000 -0.001 -0.030
       23  0.15164  -0.074  0.022  0.037  0.028  0.031 -0.076 -0.004  0.002 -0.063 -0.017  0.040  0.000 -0.001 -0.001  1.000  0.012
       24  0.10823  -0.033  0.030  0.027 -0.041 -0.015  0.061 -0.028  0.027 -0.021 -0.033 -0.021  0.000  0.018 -0.030  0.012  1.000
       25  0.11488  -0.006  0.035  0.002 -0.015  0.041 -0.014 -0.025 -0.061  0.005  0.028  0.068  0.000  0.032 -0.014  0.003  0.012
                     1.000 -0.003  0.016 -0.033
       27  0.15601   0.003  0.061 -0.001 -0.024  0.065 -0.029 -0.030 -0.023 -0.054 -0.054  0.084  0.000  0.056 -0.011  0.029  0.021
                    -0.003  1.000  0.045 -0.022
       28  0.13220   0.029  0.003 -0.017  0.013  0.018 -0.030  0.023 -0.054 -0.088 -0.048  0.059  0.000 -0.000  0.022  0.024 -0.016
                     0.016  0.045  1.000  0.014
       30  0.11729  -0.025  0.004  0.016 -0.009 -0.013  0.010 -0.013  0.084 -0.022 -0.064 -0.050  0.000  0.010 -0.008 -0.001  0.016
                    -0.033 -0.022  0.014  1.000
 ELEMENTS ABOVE DIAGONAL ARE NOT PRINTED.
