 + ++++++++++++++++++++++++++++++++++++++++++++++++++++++++++++++++++++ +
 +                                                                      +
 +           You have chose to blind your fitting according to          +
 +                omega_ref * (1 + (R +/- deltaR) *10^{-6})             +
 +                                                                      +
 + ++++++++++++++++++++++++++++++++++++++++++++++++++++++++++++++++++++ +
In main()...
reading format from ./formats/formatB_sBin_constraintOn.txt
Parameters after format file: pBinTau 0 pBinPhi 0 constraintau 1 includeMopTerm 0 constrainMop 0 c_e_scale 0.000000 
Opening file /gm2data/tbarrett/gm2fr/studies/run23_bunch_corrections/CorrectedFourier_Run3b.root.
reading reference data from /gm2data/zkhechad/cboTemplates/Run4CBOTemplates/templateFits3_floatBoth/noRF/sBin_constraintOn_cE0.0_seed0_noRF_calo15.root (fixing 5-param to these terms)
windowBins = 69
fitting sliding window 106 from bin 242 at 35.957200 to bin 311 at 46.401200 (69 bins)

Reading data from /gm2data/cornell/histograms/aMethod/histogram_a_noRF.root
 **********
 **    1 **SET PRINTOUT            1
 **********
 **********
 **    2 **SET NOWARNINGS 
 **********
 PARAMETER DEFINITIONS:
    NO.   NAME         VALUE      STEP SIZE      LIMITS
     1 N0           3.09380e+06  1.00000e+02     no limits
     2 tau          6.44019e+01  constant
     3 A0           3.54036e-01  1.00000e-04     no limits
     4 phi          4.11948e+00  1.00000e-02     no limits
     5 R           -6.00679e+01  constant
     6 alpha_CBO    0.00000e+00  1.00000e-03     no limits
     7 w_CBO        2.32735e+00  constant
     8 beta_CBO     0.00000e+00  1.00000e-03     no limits
     9 alpha_2CBO   0.00000e+00  1.00000e-03     no limits
    10 beta_2CBO    0.00000e+00  1.00000e-03     no limits
    11 alpha_y      0.00000e+00  1.00000e-03     no limits
    12 w_y          1.38984e+01  constant
    13 beta_y       0.00000e+00  1.00000e-03     no limits
    14 alpha_vw     0.00000e+00  1.00000e-03     no limits
    15 w_vw         1.43156e+01  constant
    16 beta_vw      0.00000e+00  1.00000e-03     no limits
    17 LM          -2.99379e-05  constant
    18 zeta_y       0.00000e+00  constant
    19 zeta_vw      0.00000e+00  constant
    20 T_CBO        1.00000e+02  1.00000e+00    0.00000e+00  1.00000e+03
    21 alpha_A0     0.00000e+00  1.00000e-03     no limits
    22 beta_A0      0.00000e+00  1.00000e-03     no limits
    23 alpha_phi    0.00000e+00  1.00000e-03     no limits
    24 beta_phi     0.00000e+00  1.00000e-03     no limits
    25 alpha_vw_m_cbo   0.00000e+00  1.00000e-03     no limits
    26 w_vw_m_cbo   1.20142e+01  constant
    27 beta_vw_m_cbo   0.00000e+00  1.00000e-03     no limits
    28 alpha_vw_p_cbo   0.00000e+00  1.00000e-04     no limits
    29 w_vw_p_cbo   1.67139e+01  constant
    30 beta_vw_p_cbo   0.00000e+00  1.00000e-04     no limits
MINUIT - FIT ONLY WIGGLE
 **********
 **    3 **FIX            5
 **********
 PARAMETER    5  IS CONSTANT.   IGNORED.
 **********
 **    4 **FIX            6
 **********
 **********
 **    5 **FIX            7
 **********
 PARAMETER    7  IS CONSTANT.   IGNORED.
 **********
 **    6 **FIX            8
 **********
 **********
 **    7 **FIX            9
 **********
 **********
 **    8 **FIX           10
 **********
 **********
 **    9 **FIX           11
 **********
 **********
 **   10 **FIX           12
 **********
 PARAMETER   12  IS CONSTANT.   IGNORED.
 **********
 **   11 **FIX           13
 **********
 **********
 **   12 **FIX           14
 **********
 **********
 **   13 **FIX           15
 **********
 PARAMETER   15  IS CONSTANT.   IGNORED.
 **********
 **   14 **FIX           16
 **********
 **********
 **   15 **MIGRAD
 **********
 FIRST CALL TO USER FUNCTION AT NEW START POINT, WITH IFLAG=4.
 START MIGRAD MINIMIZATION.  STRATEGY  1.  CONVERGENCE WHEN EDM .LT. 1.00e-04
 FCN=3.07367e+08 FROM MIGRAD    STATUS=INITIATE      843 CALLS         844 TOTAL
                     EDM= unknown      STRATEGY= 1      NO ERROR MATRIX       
  EXT PARAMETER               CURRENT GUESS       STEP         FIRST   
  NO.   NAME      VALUE            ERROR          SIZE      DERIVATIVE 
   1  N0           3.09380e+06   1.00000e+02   0.00000e+00   3.97258e+02
   2  tau          6.44019e+01   constant   
   3  A0           3.54036e-01   1.00000e-04   0.00000e+00  -4.31748e+07
   4  phi          4.11948e+00   1.00000e-02   0.00000e+00  -5.38303e+07
   5  R           -6.00679e+01   constant   
   6  alpha_CBO    0.00000e+00     fixed    
   7  w_CBO        2.32735e+00   constant   
   8  beta_CBO     0.00000e+00     fixed    
   9  alpha_2CBO   0.00000e+00     fixed    
  10  beta_2CBO    0.00000e+00     fixed    
  11  alpha_y      0.00000e+00     fixed    
  12  w_y          1.38984e+01   constant   
  13  beta_y       0.00000e+00     fixed    
  14  alpha_vw     0.00000e+00     fixed    
  15  w_vw         1.43156e+01   constant   
  16  beta_vw      0.00000e+00     fixed    
  17  LM          -2.99379e-05   constant   
  18  zeta_y       0.00000e+00   constant   
  19  zeta_vw      0.00000e+00   constant   
  20  T_CBO        1.00000e+02   1.00000e+00   0.00000e+00   0.00000e+00
  21  alpha_A0     0.00000e+00   1.00000e-03   0.00000e+00   5.33445e+07
  22  beta_A0      0.00000e+00   1.00000e-03   0.00000e+00  -8.37805e+06
  23  alpha_phi    0.00000e+00   1.00000e-03   0.00000e+00   1.04708e+07
  24  beta_phi     0.00000e+00   1.00000e-03   0.00000e+00   4.03780e+07
  25  alpha_vw_m_cbo   0.00000e+00   1.00000e-03   0.00000e+00   6.75053e+06
  26  w_vw_m_cbo   1.20142e+01   constant   
  27  beta_vw_m_cbo   0.00000e+00   1.00000e-03   0.00000e+00   6.34276e+06
  28  alpha_vw_p_cbo   0.00000e+00   1.00000e-04   0.00000e+00   4.23429e+06
  29  w_vw_p_cbo   1.67139e+01   constant   
  30  beta_vw_p_cbo   0.00000e+00   1.00000e-04   0.00000e+00  -7.19646e+06
 MIGRAD MINIMIZATION HAS CONVERGED.
 FCN=8366.82 FROM MIGRAD    STATUS=CONVERGED    1204 CALLS        1205 TOTAL
                     EDM=9.99556e-07    STRATEGY= 1  ERROR MATRIX UNCERTAINTY   0.9 per cent
  EXT PARAMETER                                   STEP         FIRST   
  NO.   NAME      VALUE            ERROR          SIZE      DERIVATIVE 
   1  N0           1.54676e+06   9.42518e+01   8.31179e-02   5.30625e-06
   2  tau          6.44019e+01   constant   
   3  A0           3.54805e-01   7.93838e-05  -5.25567e-07   6.70439e+00
   4  phi          4.12266e+00   1.94177e-04   3.01678e-06   9.05599e-01
   5  R           -6.00679e+01   constant   
   6  alpha_CBO    0.00000e+00     fixed    
   7  w_CBO        2.32735e+00   constant   
   8  beta_CBO     0.00000e+00     fixed    
   9  alpha_2CBO   0.00000e+00     fixed    
  10  beta_2CBO    0.00000e+00     fixed    
  11  alpha_y      0.00000e+00     fixed    
  12  w_y          1.38984e+01   constant   
  13  beta_y       0.00000e+00     fixed    
  14  alpha_vw     0.00000e+00     fixed    
  15  w_vw         1.43156e+01   constant   
  16  beta_vw      0.00000e+00     fixed    
  17  LM          -2.99379e-05   constant   
  18  zeta_y       0.00000e+00   constant   
  19  zeta_vw      0.00000e+00   constant   
  20  T_CBO        1.00000e+02   5.20646e+02  -0.00000e+00   0.00000e+00
  21  alpha_A0     6.92632e-04   3.13443e-04   1.06034e-06  -3.67265e+00
  22  beta_A0      5.92133e-03   3.18734e-04  -1.01126e-06  -3.35983e+00
  23  alpha_phi   -3.24139e-03   2.99328e-04   7.63136e-07   2.21463e+00
  24  beta_phi    -1.31983e-03   3.04176e-04   1.47398e-06   2.02691e+00
  25  alpha_vw_m_cbo   1.18698e-03   1.21168e-04   2.33564e-06  -6.56044e-01
  26  w_vw_m_cbo   1.20142e+01   constant   
  27  beta_vw_m_cbo  -2.93137e-04   9.17827e-05  -2.20304e-07  -4.43814e+00
  28  alpha_vw_p_cbo   3.94651e-04   9.44180e-05   1.25366e-06  -5.08443e-01
  29  w_vw_p_cbo   1.67139e+01   constant   
  30  beta_vw_p_cbo  -1.04330e-03   8.87403e-05  -6.07409e-07   4.35941e+00
 EXTERNAL ERROR MATRIX.    NDIM=  31    NPAR= 12    ERR DEF=1
 ELEMENTS ABOVE DIAGONAL ARE NOT PRINTED.
  8.883e+03 
  4.257e-05  6.302e-09 
  3.955e-03 -6.251e-11  3.770e-08 
  0.000e+00  0.000e+00  0.000e+00  1.800e+05 
 -7.573e-03  4.092e-09 -1.465e-08  0.000e+00  9.825e-08 
  2.243e-04  4.763e-09  3.837e-09  0.000e+00  1.413e-08  1.016e-07 
  1.172e-05 -1.692e-09  1.014e-08  0.000e+00 -6.387e-09  1.348e-10  8.960e-08 
 -6.177e-03  1.957e-09 -1.313e-08  0.000e+00  9.288e-09  8.284e-09 -2.401e-09  9.252e-08 
 -1.846e-04 -2.940e-10  9.083e-09  0.000e+00  3.943e-09 -9.382e-10 -3.845e-09  7.575e-09  1.468e-08 
 -3.725e-04 -9.562e-10 -2.751e-09  0.000e+00 -5.734e-09 -1.353e-09  1.194e-09  7.920e-09 -6.824e-10  8.424e-09 
 -1.116e-04 -1.480e-10  4.769e-09  0.000e+00  3.135e-09 -1.327e-09 -2.686e-09  2.825e-09  4.347e-09 -6.156e-10  8.915e-09 
  3.540e-04  4.964e-10 -1.286e-09  0.000e+00  1.861e-09 -6.987e-11 -6.128e-10 -8.060e-09 -2.170e-09 -1.018e-09 -9.754e-10 
  3.540e-04  4.964e-10 -1.286e-09  0.000e+00  1.861e-09 -6.987e-11 -6.128e-10 -8.060e-09 -2.170e-09 -1.018e-09 -9.754e-10  7.875e-09 
 PARAMETER  CORRELATION COEFFICIENTS  
       NO.  GLOBAL      1      3      4     20     21     22     23     24     25     27     28     30
        1  0.35125   1.000  0.006  0.216  0.000 -0.256  0.007  0.000 -0.215 -0.016 -0.043 -0.013  0.042
        3  0.30640   0.006  1.000 -0.004  0.000  0.164  0.188 -0.071  0.081 -0.031 -0.131 -0.020  0.070
        4  0.64754   0.216 -0.004  1.000  0.000 -0.241  0.062  0.174 -0.222  0.386 -0.154  0.260 -0.075
       20  0.00000   0.000  0.000  0.000  1.000  0.000  0.000  0.000  0.000  0.000  0.000  0.000  0.000
       21  0.50183  -0.256  0.164 -0.241  0.000  1.000  0.141 -0.068  0.097  0.104 -0.199  0.106  0.067
       22  0.28898   0.007  0.188  0.062  0.000  0.141  1.000  0.001  0.085 -0.024 -0.046 -0.044 -0.002
       23  0.30879   0.000 -0.071  0.174  0.000 -0.068  0.001  1.000 -0.026 -0.106  0.043 -0.095 -0.023
       24  0.56278  -0.215  0.081 -0.222  0.000  0.097  0.085 -0.026  1.000  0.206  0.284  0.098 -0.299
       25  0.60039  -0.016 -0.031  0.386  0.000  0.104 -0.024 -0.106  0.206  1.000 -0.061  0.380 -0.202
       27  0.41648  -0.043 -0.131 -0.154  0.000 -0.199 -0.046  0.043  0.284 -0.061  1.000 -0.071 -0.125
       28  0.44056  -0.013 -0.020  0.260  0.000  0.106 -0.044 -0.095  0.098  0.380 -0.071  1.000 -0.116
       30  0.36612   0.042  0.070 -0.075  0.000  0.067 -0.002 -0.023 -0.299 -0.202 -0.125 -0.116  1.000
MINUIT - FIT ONLY 1-CBO + wiggle
 **********
 **   16 **RES 
 **********
                   PARAMETER   16  beta_vw RESTORED TO VARIABLE.
                   PARAMETER   14  alpha_vw RESTORED TO VARIABLE.
                   PARAMETER   13  beta_y RESTORED TO VARIABLE.
                   PARAMETER   11  alpha_y RESTORED TO VARIABLE.
                   PARAMETER   10  beta_2CBO RESTORED TO VARIABLE.
                   PARAMETER    9  alpha_2CBO RESTORED TO VARIABLE.
                   PARAMETER    8  beta_CBO RESTORED TO VARIABLE.
                   PARAMETER    6  alpha_CBO RESTORED TO VARIABLE.
 **********
 **   17 **FIX            8
 **********
 **********
 **   18 **FIX            9
 **********
 **********
 **   19 **FIX           11
 **********
 **********
 **   20 **FIX           12
 **********
 PARAMETER   12  IS CONSTANT.   IGNORED.
 **********
 **   21 **FIX           14
 **********
 **********
 **   22 **FIX           15
 **********
 PARAMETER   15  IS CONSTANT.   IGNORED.
 **********
 **   23 **FIX           16
 **********
 **********
 **   24 **MIGRAD
 **********
 START MIGRAD MINIMIZATION.  STRATEGY  1.  CONVERGENCE WHEN EDM .LT. 1.00e-04
 FCN=8366.82 FROM MIGRAD    STATUS=INITIATE     1225 CALLS        2430 TOTAL
                     EDM= unknown      STRATEGY= 1      NO ERROR MATRIX       
  EXT PARAMETER               CURRENT GUESS       STEP         FIRST   
  NO.   NAME      VALUE            ERROR          SIZE      DERIVATIVE 
   1  N0           1.54676e+06   9.42518e+01   0.00000e+00   5.30625e-06
   2  tau          6.44019e+01   constant   
   3  A0           3.54805e-01   7.93838e-05   0.00000e+00   6.70438e+00
   4  phi          4.12266e+00   1.94177e-04   0.00000e+00   9.05599e-01
   5  R           -6.00679e+01   constant   
   6  alpha_CBO    0.00000e+00   1.00000e-03   0.00000e+00  -6.45211e+05
   7  w_CBO        2.32735e+00   constant   
   8  beta_CBO     0.00000e+00     fixed    
   9  alpha_2CBO   0.00000e+00     fixed    
  10  beta_2CBO    0.00000e+00   1.00000e-03   0.00000e+00   2.22011e+04
  11  alpha_y      0.00000e+00     fixed    
  12  w_y          1.38984e+01   constant   
  13  beta_y       0.00000e+00   1.00000e-03   0.00000e+00   3.14088e+04
  14  alpha_vw     0.00000e+00     fixed    
  15  w_vw         1.43156e+01   constant   
  16  beta_vw      0.00000e+00     fixed    
  17  LM          -2.99379e-05   constant   
  18  zeta_y       0.00000e+00   constant   
  19  zeta_vw      0.00000e+00   constant   
  20  T_CBO        1.00000e+02   5.20646e+02   0.00000e+00   0.00000e+00
  21  alpha_A0     6.92632e-04   3.13443e-04   0.00000e+00  -3.67265e+00
  22  beta_A0      5.92133e-03   3.18734e-04   0.00000e+00  -3.35984e+00
  23  alpha_phi   -3.24139e-03   2.99328e-04   0.00000e+00   2.21464e+00
  24  beta_phi    -1.31983e-03   3.04176e-04   0.00000e+00   2.02691e+00
  25  alpha_vw_m_cbo   1.18698e-03   1.21168e-04   0.00000e+00  -6.56045e-01
  26  w_vw_m_cbo   1.20142e+01   constant   
  27  beta_vw_m_cbo  -2.93137e-04   9.17827e-05   0.00000e+00  -4.43814e+00
  28  alpha_vw_p_cbo   3.94651e-04   9.44180e-05   0.00000e+00  -5.08441e-01
  29  w_vw_p_cbo   1.67139e+01   constant   
  30  beta_vw_p_cbo  -1.04330e-03   8.87403e-05   0.00000e+00   4.35942e+00
 MIGRAD MINIMIZATION HAS CONVERGED.
 MIGRAD WILL VERIFY CONVERGENCE AND ERROR MATRIX.
  MNHESS FAILS AND WILL RETURN DIAGONAL MATRIX. 
 FCN=5448.16 FROM MIGRAD    STATUS=CONVERGED    1462 CALLS        2667 TOTAL
                     EDM=9.61697e-07    STRATEGY= 1  ERROR MATRIX UNCERTAINTY 100.0 per cent
  EXT PARAMETER                APPROXIMATE        STEP         FIRST   
  NO.   NAME      VALUE            ERROR          SIZE      DERIVATIVE 
   1  N0           1.54652e+06   8.82696e+01   3.18123e+00   1.26838e-06
   2  tau          6.44019e+01   constant   
   3  A0           3.53675e-01   7.74545e-05   2.79178e-06   1.86699e+00
   4  phi          4.12225e+00   2.17838e-04   7.85179e-06  -1.26498e+00
   5  R           -6.00679e+01   constant   
   6  alpha_CBO    9.03105e-03   1.58463e-04   5.71168e-06   2.61965e-01
   7  w_CBO        2.32735e+00   constant   
   8  beta_CBO     0.00000e+00     fixed    
   9  alpha_2CBO   0.00000e+00     fixed    
  10  beta_2CBO    4.91668e-05   1.60532e-04   5.78626e-06   2.96114e+00
  11  alpha_y      0.00000e+00     fixed    
  12  w_y          1.38984e+01   constant   
  13  beta_y      -4.04825e-04   1.60638e-04   5.79005e-06   2.34252e+00
  14  alpha_vw     0.00000e+00     fixed    
  15  w_vw         1.43156e+01   constant   
  16  beta_vw      0.00000e+00     fixed    
  17  LM          -2.99379e-05   constant   
  18  zeta_y       0.00000e+00   constant   
  19  zeta_vw      0.00000e+00   constant   
  20  T_CBO        1.00000e+02   7.59439e+02  -0.00000e+00   0.00000e+00
  21  alpha_A0     5.77814e-04   3.05731e-04  -1.96468e-06   2.27714e-01
  22  beta_A0      4.58488e-03   3.13453e-04   1.60100e-06   9.75088e-02
  23  alpha_phi    1.97356e-04   3.01794e-04   9.12773e-07   1.96345e-01
  24  beta_phi    -1.71306e-03   3.14753e-04   6.00440e-07   5.19382e-01
  25  alpha_vw_m_cbo   1.09860e-03   1.61893e-04  -1.61288e-07  -8.49724e+00
  26  w_vw_m_cbo   1.20142e+01   constant   
  27  beta_vw_m_cbo  -3.47484e-04   1.61012e-04   2.74417e-07  -4.32725e+00
  28  alpha_vw_p_cbo   3.80280e-04   1.61747e-04  -2.32255e-07  -3.86589e+00
  29  w_vw_p_cbo   1.67139e+01   constant   
  30  beta_vw_p_cbo  -9.97891e-04   1.61156e-04  -2.36881e-07  -1.10967e+00
 EXTERNAL ERROR MATRIX.    NDIM=  31    NPAR= 15    ERR DEF=1
 ELEMENTS ABOVE DIAGONAL ARE NOT PRINTED.
  7.792e+03 
  0.000e+00  5.999e-09 
  0.000e+00  0.000e+00  4.745e-08 
  0.000e+00  0.000e+00  0.000e+00  2.511e-08 
  0.000e+00  0.000e+00  0.000e+00  0.000e+00  2.577e-08 
  0.000e+00  0.000e+00  0.000e+00  0.000e+00  0.000e+00  2.580e-08 
  0.000e+00  0.000e+00  0.000e+00  0.000e+00  0.000e+00  0.000e+00  5.421e+05 
  0.000e+00  0.000e+00  0.000e+00  0.000e+00  0.000e+00  0.000e+00  0.000e+00  9.347e-08 
  0.000e+00  0.000e+00  0.000e+00  0.000e+00  0.000e+00  0.000e+00  0.000e+00  0.000e+00  9.825e-08 
  0.000e+00  0.000e+00  0.000e+00  0.000e+00  0.000e+00  0.000e+00  0.000e+00  0.000e+00  0.000e+00  9.108e-08 
  0.000e+00  0.000e+00  0.000e+00  0.000e+00  0.000e+00  0.000e+00  0.000e+00  0.000e+00  0.000e+00  0.000e+00  9.907e-08 
  0.000e+00  0.000e+00  0.000e+00  0.000e+00  0.000e+00  0.000e+00  0.000e+00  0.000e+00  0.000e+00  0.000e+00  0.000e+00 
  0.000e+00  0.000e+00  0.000e+00  0.000e+00  0.000e+00  0.000e+00  0.000e+00  0.000e+00  0.000e+00  0.000e+00  0.000e+00  2.621e-08 
  0.000e+00  0.000e+00  0.000e+00  0.000e+00  0.000e+00  0.000e+00  0.000e+00  0.000e+00  0.000e+00  0.000e+00  0.000e+00 
  0.000e+00  0.000e+00  0.000e+00  0.000e+00  0.000e+00  0.000e+00  0.000e+00  0.000e+00  0.000e+00  0.000e+00  0.000e+00  0.000e+00  2.593e-08 
  0.000e+00  0.000e+00  0.000e+00  0.000e+00  0.000e+00  0.000e+00  0.000e+00  0.000e+00  0.000e+00  0.000e+00  0.000e+00 
  0.000e+00  0.000e+00  0.000e+00  0.000e+00  0.000e+00  0.000e+00  0.000e+00  0.000e+00  0.000e+00  0.000e+00  0.000e+00  0.000e+00  0.000e+00  2.616e-08 
  0.000e+00  0.000e+00  0.000e+00  0.000e+00  0.000e+00  0.000e+00  0.000e+00  0.000e+00  0.000e+00  0.000e+00  0.000e+00 
  0.000e+00  0.000e+00  0.000e+00  0.000e+00  0.000e+00  0.000e+00  0.000e+00  0.000e+00  0.000e+00  0.000e+00  0.000e+00  0.000e+00  0.000e+00  0.000e+00  2.597e-08 
ERR MATRIX APPROXIMATE
 PARAMETER  CORRELATION COEFFICIENTS  
       NO.  GLOBAL      1      3      4      6     10     13     20     21     22     23     24     25     27     28     30
        1  0.00000   1.000  0.000  0.000  0.000  0.000  0.000  0.000  0.000  0.000  0.000  0.000  0.000  0.000  0.000  0.000
        3  0.00000   0.000  1.000  0.000  0.000  0.000  0.000  0.000  0.000  0.000  0.000  0.000  0.000  0.000  0.000  0.000
        4  0.00000   0.000  0.000  1.000  0.000  0.000  0.000  0.000  0.000  0.000  0.000  0.000  0.000  0.000  0.000  0.000
        6  0.00000   0.000  0.000  0.000  1.000  0.000  0.000  0.000  0.000  0.000  0.000  0.000  0.000  0.000  0.000  0.000
       10  0.00000   0.000  0.000  0.000  0.000  1.000  0.000  0.000  0.000  0.000  0.000  0.000  0.000  0.000  0.000  0.000
       13  0.00000   0.000  0.000  0.000  0.000  0.000  1.000  0.000  0.000  0.000  0.000  0.000  0.000  0.000  0.000  0.000
       20  0.00000   0.000  0.000  0.000  0.000  0.000  0.000  1.000  0.000  0.000  0.000  0.000  0.000  0.000  0.000  0.000
       21  0.00000   0.000  0.000  0.000  0.000  0.000  0.000  0.000  1.000  0.000  0.000  0.000  0.000  0.000  0.000  0.000
       22  0.00000   0.000  0.000  0.000  0.000  0.000  0.000  0.000  0.000  1.000  0.000  0.000  0.000  0.000  0.000  0.000
       23  0.00000   0.000  0.000  0.000  0.000  0.000  0.000  0.000  0.000  0.000  1.000  0.000  0.000  0.000  0.000  0.000
       24  0.00000   0.000  0.000  0.000  0.000  0.000  0.000  0.000  0.000  0.000  0.000  1.000  0.000  0.000  0.000  0.000
       25  0.00000   0.000  0.000  0.000  0.000  0.000  0.000  0.000  0.000  0.000  0.000  0.000  1.000  0.000  0.000  0.000
       27  0.00000   0.000  0.000  0.000  0.000  0.000  0.000  0.000  0.000  0.000  0.000  0.000  0.000  1.000  0.000  0.000
       28  0.00000   0.000  0.000  0.000  0.000  0.000  0.000  0.000  0.000  0.000  0.000  0.000  0.000  0.000  1.000  0.000
       30  0.00000   0.000  0.000  0.000  0.000  0.000  0.000  0.000  0.000  0.000  0.000  0.000  0.000  0.000  0.000  1.000
 ERR MATRIX APPROXIMATE
MINUIT - FIT ONLY 2-CBO
 **********
 **   25 **RES 
 **********
                   PARAMETER   16  beta_vw RESTORED TO VARIABLE.
                   PARAMETER   14  alpha_vw RESTORED TO VARIABLE.
                   PARAMETER   11  alpha_y RESTORED TO VARIABLE.
                   PARAMETER    9  alpha_2CBO RESTORED TO VARIABLE.
                   PARAMETER    8  beta_CBO RESTORED TO VARIABLE.
 **********
 **   26 **FIX            0
 **********
 PARAMETER    0  IS UNDEFINED. IGNORED.
 **********
 **   27 **FIX            1
 **********
 **********
 **   28 **FIX            2
 **********
 PARAMETER    2  IS CONSTANT.   IGNORED.
 **********
 **   29 **FIX            3
 **********
 **********
 **   30 **FIX            4
 **********
 **********
 **   31 **FIX            5
 **********
 PARAMETER    5  IS CONSTANT.   IGNORED.
 **********
 **   32 **FIX            6
 **********
 **********
 **   33 **FIX            7
 **********
 PARAMETER    7  IS CONSTANT.   IGNORED.
 **********
 **   34 **FIX           10
 **********
 **********
 **   35 **FIX           11
 **********
 **********
 **   36 **FIX           12
 **********
 PARAMETER   12  IS CONSTANT.   IGNORED.
 **********
 **   37 **FIX           13
 **********
 **********
 **   38 **FIX           14
 **********
 **********
 **   39 **FIX           15
 **********
 PARAMETER   15  IS CONSTANT.   IGNORED.
 **********
 **   40 **FIX           16
 **********
 **********
 **   41 **MIGRAD
 **********
 START MIGRAD MINIMIZATION.  STRATEGY  1.  CONVERGENCE WHEN EDM .LT. 1.00e-04
 FCN=5448.16 FROM MIGRAD    STATUS=INITIATE      719 CALLS        3386 TOTAL
                     EDM= unknown      STRATEGY= 1      NO ERROR MATRIX       
  EXT PARAMETER               CURRENT GUESS       STEP         FIRST   
  NO.   NAME      VALUE            ERROR          SIZE      DERIVATIVE 
   1  N0           1.54652e+06     fixed    
   2  tau          6.44019e+01   constant   
   3  A0           3.53675e-01     fixed    
   4  phi          4.12225e+00     fixed    
   5  R           -6.00679e+01   constant   
   6  alpha_CBO    9.03105e-03     fixed    
   7  w_CBO        2.32735e+00   constant   
   8  beta_CBO     0.00000e+00   1.00000e-03   0.00000e+00  -7.99377e+05
   9  alpha_2CBO   0.00000e+00   1.00000e-03   0.00000e+00  -2.82929e+04
  10  beta_2CBO    4.91668e-05     fixed    
  11  alpha_y      0.00000e+00     fixed    
  12  w_y          1.38984e+01   constant   
  13  beta_y      -4.04825e-04     fixed    
  14  alpha_vw     0.00000e+00     fixed    
  15  w_vw         1.43156e+01   constant   
  16  beta_vw      0.00000e+00     fixed    
  17  LM          -2.99379e-05   constant   
  18  zeta_y       0.00000e+00   constant   
  19  zeta_vw      0.00000e+00   constant   
  20  T_CBO        1.00000e+02   7.59439e+02   0.00000e+00   0.00000e+00
  21  alpha_A0     5.77814e-04   3.05731e-04   0.00000e+00   2.27714e-01
  22  beta_A0      4.58488e-03   3.13453e-04   0.00000e+00   9.75082e-02
  23  alpha_phi    1.97356e-04   3.01794e-04   0.00000e+00   1.96319e-01
  24  beta_phi    -1.71306e-03   3.14753e-04   0.00000e+00   5.19364e-01
  25  alpha_vw_m_cbo   1.09860e-03   1.61893e-04   0.00000e+00  -8.49723e+00
  26  w_vw_m_cbo   1.20142e+01   constant   
  27  beta_vw_m_cbo  -3.47484e-04   1.61012e-04   0.00000e+00  -4.32724e+00
  28  alpha_vw_p_cbo   3.80280e-04   1.61747e-04   0.00000e+00  -3.86589e+00
  29  w_vw_p_cbo   1.67139e+01   constant   
  30  beta_vw_p_cbo  -9.97891e-04   1.61156e-04   0.00000e+00  -1.10966e+00
 MIGRAD MINIMIZATION HAS CONVERGED.
 MIGRAD WILL VERIFY CONVERGENCE AND ERROR MATRIX.
  MNHESS FAILS AND WILL RETURN DIAGONAL MATRIX. 
 FCN=1009.77 FROM MIGRAD    STATUS=CONVERGED     844 CALLS        3511 TOTAL
                     EDM=6.32255e-06    STRATEGY= 1  ERROR MATRIX UNCERTAINTY 100.0 per cent
  EXT PARAMETER                APPROXIMATE        STEP         FIRST   
  NO.   NAME      VALUE            ERROR          SIZE      DERIVATIVE 
   1  N0           1.54652e+06     fixed    
   2  tau          6.44019e+01   constant   
   3  A0           3.53675e-01     fixed    
   4  phi          4.12225e+00     fixed    
   5  R           -6.00679e+01   constant   
   6  alpha_CBO    9.03105e-03     fixed    
   7  w_CBO        2.32735e+00   constant   
   8  beta_CBO     1.11140e-02   1.64592e-04   2.55509e-06   1.32736e+00
   9  alpha_2CBO  -3.20779e-04   1.62372e-04   2.52062e-06   9.72048e+00
  10  beta_2CBO    4.91668e-05     fixed    
  11  alpha_y      0.00000e+00     fixed    
  12  w_y          1.38984e+01   constant   
  13  beta_y      -4.04825e-04     fixed    
  14  alpha_vw     0.00000e+00     fixed    
  15  w_vw         1.43156e+01   constant   
  16  beta_vw      0.00000e+00     fixed    
  17  LM          -2.99379e-05   constant   
  18  zeta_y       0.00000e+00   constant   
  19  zeta_vw      0.00000e+00   constant   
  20  T_CBO        1.00000e+02   9.44762e+02  -0.00000e+00   0.00000e+00
  21  alpha_A0     2.45803e-04   3.05820e-04   3.57527e-06  -1.43898e+00
  22  beta_A0      5.85479e-03   3.13839e-04  -2.51397e-06  -7.89172e+00
  23  alpha_phi   -1.06924e-04   3.01719e-04   3.30400e-07  -3.01765e+00
  24  beta_phi     1.11932e-03   3.14418e-04  -5.52480e-08   6.87954e+00
  25  alpha_vw_m_cbo   9.21276e-04   1.61882e-04   3.00199e-07   1.13007e+01
  26  w_vw_m_cbo   1.20142e+01   constant   
  27  beta_vw_m_cbo  -5.12237e-04   1.61001e-04   6.35109e-08   1.71239e-01
  28  alpha_vw_p_cbo   2.66858e-04   1.61734e-04   1.14159e-07   8.66574e+00
  29  w_vw_p_cbo   1.67139e+01   constant   
  30  beta_vw_p_cbo  -7.88287e-04   1.61147e-04  -1.61552e-07  -7.89239e+00
 EXTERNAL ERROR MATRIX.    NDIM=  31    NPAR= 11    ERR DEF=1
  2.709e-08 
  0.000e+00  2.636e-08 
  0.000e+00  0.000e+00  1.153e+06 
  0.000e+00  0.000e+00  0.000e+00  9.353e-08 
  0.000e+00  0.000e+00  0.000e+00  0.000e+00  9.850e-08 
  0.000e+00  0.000e+00  0.000e+00  0.000e+00  0.000e+00  9.103e-08 
  0.000e+00  0.000e+00  0.000e+00  0.000e+00  0.000e+00  0.000e+00  9.886e-08 
  0.000e+00  0.000e+00  0.000e+00  0.000e+00  0.000e+00  0.000e+00  0.000e+00  2.621e-08 
  0.000e+00  0.000e+00  0.000e+00  0.000e+00  0.000e+00  0.000e+00  0.000e+00  0.000e+00  2.592e-08 
  0.000e+00  0.000e+00  0.000e+00  0.000e+00  0.000e+00  0.000e+00  0.000e+00  0.000e+00  0.000e+00  2.616e-08 
  0.000e+00  0.000e+00  0.000e+00  0.000e+00  0.000e+00  0.000e+00  0.000e+00  0.000e+00  0.000e+00  0.000e+00  2.597e-08 
ERR MATRIX APPROXIMATE
 PARAMETER  CORRELATION COEFFICIENTS  
       NO.  GLOBAL      8      9     20     21     22     23     24     25     27     28     30
        8  0.00000   1.000  0.000  0.000  0.000  0.000  0.000  0.000  0.000  0.000  0.000  0.000
        9  0.00000   0.000  1.000  0.000  0.000  0.000  0.000  0.000  0.000  0.000  0.000  0.000
       20  0.00000   0.000  0.000  1.000  0.000  0.000  0.000  0.000  0.000  0.000  0.000  0.000
       21  0.00000   0.000  0.000  0.000  1.000  0.000  0.000  0.000  0.000  0.000  0.000  0.000
       22  0.00000   0.000  0.000  0.000  0.000  1.000  0.000  0.000  0.000  0.000  0.000  0.000
       23  0.00000   0.000  0.000  0.000  0.000  0.000  1.000  0.000  0.000  0.000  0.000  0.000
       24  0.00000   0.000  0.000  0.000  0.000  0.000  0.000  1.000  0.000  0.000  0.000  0.000
       25  0.00000   0.000  0.000  0.000  0.000  0.000  0.000  0.000  1.000  0.000  0.000  0.000
       27  0.00000   0.000  0.000  0.000  0.000  0.000  0.000  0.000  0.000  1.000  0.000  0.000
       28  0.00000   0.000  0.000  0.000  0.000  0.000  0.000  0.000  0.000  0.000  1.000  0.000
       30  0.00000   0.000  0.000  0.000  0.000  0.000  0.000  0.000  0.000  0.000  0.000  1.000
 ERR MATRIX APPROXIMATE
MINUIT - FIT wiggle + 1-CBO + 2-CBO
 **********
 **   42 **RES 
 **********
                   PARAMETER   16  beta_vw RESTORED TO VARIABLE.
                   PARAMETER   14  alpha_vw RESTORED TO VARIABLE.
                   PARAMETER   13  beta_y RESTORED TO VARIABLE.
                   PARAMETER   11  alpha_y RESTORED TO VARIABLE.
                   PARAMETER   10  beta_2CBO RESTORED TO VARIABLE.
                   PARAMETER    6  alpha_CBO RESTORED TO VARIABLE.
                   PARAMETER    4  phi RESTORED TO VARIABLE.
                   PARAMETER    3  A0 RESTORED TO VARIABLE.
                   PARAMETER    1  N0 RESTORED TO VARIABLE.
 **********
 **   43 **FIX           10
 **********
 **********
 **   44 **FIX           11
 **********
 **********
 **   45 **FIX           12
 **********
 PARAMETER   12  IS CONSTANT.   IGNORED.
 **********
 **   46 **FIX           13
 **********
 **********
 **   47 **FIX           14
 **********
 **********
 **   48 **FIX           15
 **********
 PARAMETER   15  IS CONSTANT.   IGNORED.
 **********
 **   49 **FIX           16
 **********
 **********
 **   50 **MIGRAD
 **********
 START MIGRAD MINIMIZATION.  STRATEGY  1.  CONVERGENCE WHEN EDM .LT. 1.00e-04
 FCN=1009.77 FROM MIGRAD    STATUS=INITIATE     1219 CALLS        4730 TOTAL
                     EDM= unknown      STRATEGY= 1      NO ERROR MATRIX       
  EXT PARAMETER               CURRENT GUESS       STEP         FIRST   
  NO.   NAME      VALUE            ERROR          SIZE      DERIVATIVE 
   1  N0           1.54652e+06   8.82696e+01   0.00000e+00  -1.03098e-01
   2  tau          6.44019e+01   constant   
   3  A0           3.53675e-01   7.74545e-05   0.00000e+00  -8.28225e+04
   4  phi          4.12225e+00   2.17838e-04   0.00000e+00   1.16176e+05
   5  R           -6.00679e+01   constant   
   6  alpha_CBO    9.03105e-03   1.58463e-04   0.00000e+00  -1.35910e+03
   7  w_CBO        2.32735e+00   constant   
   8  beta_CBO     1.11140e-02   1.64592e-04   0.00000e+00   1.32736e+00
   9  alpha_2CBO  -3.20779e-04   1.62372e-04   0.00000e+00   9.72047e+00
  10  beta_2CBO    4.91668e-05     fixed    
  11  alpha_y      0.00000e+00     fixed    
  12  w_y          1.38984e+01   constant   
  13  beta_y      -4.04825e-04     fixed    
  14  alpha_vw     0.00000e+00     fixed    
  15  w_vw         1.43156e+01   constant   
  16  beta_vw      0.00000e+00     fixed    
  17  LM          -2.99379e-05   constant   
  18  zeta_y       0.00000e+00   constant   
  19  zeta_vw      0.00000e+00   constant   
  20  T_CBO        1.00000e+02   9.44762e+02   0.00000e+00   0.00000e+00
  21  alpha_A0     2.45803e-04   3.05820e-04   0.00000e+00  -1.43898e+00
  22  beta_A0      5.85479e-03   3.13839e-04   0.00000e+00  -7.89172e+00
  23  alpha_phi   -1.06924e-04   3.01719e-04   0.00000e+00  -3.01764e+00
  24  beta_phi     1.11932e-03   3.14418e-04   0.00000e+00   6.87954e+00
  25  alpha_vw_m_cbo   9.21276e-04   1.61882e-04   0.00000e+00   1.13007e+01
  26  w_vw_m_cbo   1.20142e+01   constant   
  27  beta_vw_m_cbo  -5.12237e-04   1.61001e-04   0.00000e+00   1.71246e-01
  28  alpha_vw_p_cbo   2.66858e-04   1.61734e-04   0.00000e+00   8.66574e+00
  29  w_vw_p_cbo   1.67139e+01   constant   
  30  beta_vw_p_cbo  -7.88287e-04   1.61147e-04   0.00000e+00  -7.89240e+00
 MIGRAD MINIMIZATION HAS CONVERGED.
 FCN=819.359 FROM MIGRAD    STATUS=CONVERGED    1410 CALLS        4921 TOTAL
                     EDM=1.41275e-06    STRATEGY= 1  ERROR MATRIX UNCERTAINTY   2.8 per cent
  EXT PARAMETER                                   STEP         FIRST   
  NO.   NAME      VALUE            ERROR          SIZE      DERIVATIVE 
   1  N0           1.54676e+06   8.83144e+01  -5.70611e-02  -1.00567e-05
   2  tau          6.44019e+01   constant   
   3  A0           3.54003e-01   8.08028e-05   5.80561e-08  -2.34252e+00
   4  phi          4.11942e+00   2.22987e-04  -3.31918e-09  -1.65320e+00
   5  R           -6.00679e+01   constant   
   6  alpha_CBO    8.94128e-03   1.60524e-04  -5.24352e-07   1.62589e+00
   7  w_CBO        2.32735e+00   constant   
   8  beta_CBO     1.15959e-02   1.70215e-04  -2.45951e-07  -1.95958e+00
   9  alpha_2CBO  -4.94948e-04   1.56971e-04  -2.52716e-07  -7.56059e+00
  10  beta_2CBO    4.91668e-05     fixed    
  11  alpha_y      0.00000e+00     fixed    
  12  w_y          1.38984e+01   constant   
  13  beta_y      -4.04825e-04     fixed    
  14  alpha_vw     0.00000e+00     fixed    
  15  w_vw         1.43156e+01   constant   
  16  beta_vw      0.00000e+00     fixed    
  17  LM          -2.99379e-05   constant   
  18  zeta_y       0.00000e+00   constant   
  19  zeta_vw      0.00000e+00   constant   
  20  T_CBO        1.00000e+02   5.20646e+02  -0.00000e+00   0.00000e+00
  21  alpha_A0     4.96419e-04   3.22996e-04  -6.07846e-07   2.70217e-02
  22  beta_A0      6.10541e-03   3.25304e-04  -9.68094e-07   2.44627e-02
  23  alpha_phi   -4.87227e-04   3.10978e-04  -6.39335e-07   4.88289e+00
  24  beta_phi     1.34133e-03   3.13591e-04   5.03121e-07  -1.95761e-03
  25  alpha_vw_m_cbo   8.85469e-04   1.62392e-04   2.35777e-07   4.16691e-01
  26  w_vw_m_cbo   1.20142e+01   constant   
  27  beta_vw_m_cbo  -5.53648e-04   1.61633e-04   1.20815e-07  -2.05900e+00
  28  alpha_vw_p_cbo   2.45372e-04   1.61683e-04   1.46639e-07   1.01349e+00
  29  w_vw_p_cbo   1.67139e+01   constant   
  30  beta_vw_p_cbo  -7.48483e-04   1.61944e-04  -2.32138e-07   4.69282e-01
 EXTERNAL ERROR MATRIX.    NDIM=  31    NPAR= 15    ERR DEF=1
 ELEMENTS ABOVE DIAGONAL ARE NOT PRINTED.
  7.799e+03 
 -6.255e-04  6.529e-09 
  2.365e-03 -1.565e-09  4.972e-08 
  1.169e-03 -1.915e-09  1.507e-09  2.577e-08 
  5.707e-04  1.024e-09 -7.043e-09  3.757e-10  2.897e-08 
 -3.791e-04 -4.094e-11  2.659e-09 -1.595e-10 -2.922e-09  2.464e-08 
  0.000e+00  0.000e+00  0.000e+00  0.000e+00  0.000e+00  0.000e+00  1.800e+05 
 -6.184e-03  5.201e-09 -6.084e-09 -8.708e-10  2.020e-09 -4.144e-09  0.000e+00  1.043e-07 
 -2.750e-03  1.830e-09 -5.448e-09 -2.189e-09  1.878e-09 -3.446e-09  0.000e+00  1.265e-08  1.058e-07 
  9.075e-04 -1.357e-09  6.396e-09  8.066e-09 -1.700e-09 -3.475e-10  0.000e+00 -1.144e-08  4.019e-10  9.671e-08 
 -4.257e-03  2.967e-09 -5.533e-09 -3.885e-09  6.164e-09  2.174e-09  0.000e+00  1.225e-08  9.466e-09 -7.812e-09  9.834e-08 
 -6.966e-05  2.325e-10  7.150e-10 -2.910e-10 -6.428e-10  6.613e-10  0.000e+00  6.777e-11  2.226e-11 -1.824e-09  4.335e-10 
 -6.966e-05  2.325e-10  7.150e-10 -2.910e-10 -6.428e-10  6.613e-10  0.000e+00  6.777e-11  2.226e-11 -1.824e-09  4.335e-10  2.637e-08 
  5.670e-05 -8.190e-11  7.071e-10 -4.537e-10 -5.025e-10  2.842e-10  0.000e+00 -8.189e-10 -1.112e-09 -5.400e-10 -2.577e-10 
  5.670e-05 -8.190e-11  7.071e-10 -4.537e-10 -5.025e-10  2.842e-10  0.000e+00 -8.189e-10 -1.112e-09 -5.400e-10 -2.577e-10  2.529e-10  2.613e-08 
 -1.774e-05  1.503e-10  4.566e-10 -2.084e-11 -3.797e-10  4.575e-10  0.000e+00  8.484e-11  2.286e-10 -1.117e-09  2.282e-10 
 -1.774e-05  1.503e-10  4.566e-10 -2.084e-11 -3.797e-10  4.575e-10  0.000e+00  8.484e-11  2.286e-10 -1.117e-09  2.282e-10  4.144e-11  1.394e-10  2.614e-08 
 -3.741e-05 -8.646e-11 -7.765e-10  4.132e-10  6.063e-10 -6.693e-10  0.000e+00  2.762e-10  4.990e-10  1.425e-09 -4.378e-11 
 -3.741e-05 -8.646e-11 -7.765e-10  4.132e-10  6.063e-10 -6.693e-10  0.000e+00  2.762e-10  4.990e-10  1.425e-09 -4.378e-11 -2.145e-10 -2.682e-10 -8.087e-11  2.623e-08 
 PARAMETER  CORRELATION COEFFICIENTS  
       NO.  GLOBAL      1      3      4      6      8      9     20     21     22     23     24     25     27     28     30
        1  0.29593   1.000 -0.088  0.120  0.082  0.038 -0.027  0.000 -0.217 -0.096  0.033 -0.154 -0.005  0.004 -0.001 -0.003
        3  0.27497  -0.088  1.000 -0.087 -0.148  0.074 -0.003  0.000  0.199  0.070 -0.054  0.117  0.018 -0.006  0.012 -0.007
        4  0.26300   0.120 -0.087  1.000  0.042 -0.186  0.076  0.000 -0.084 -0.075  0.092 -0.079  0.020  0.020  0.013 -0.022
        6  0.23622   0.082 -0.148  0.042  1.000  0.014 -0.006  0.000 -0.017 -0.042  0.162 -0.077 -0.011 -0.017 -0.001  0.016
        8  0.25491   0.038  0.074 -0.186  0.014  1.000 -0.109  0.000  0.037  0.034 -0.032  0.115 -0.023 -0.018 -0.014  0.022
        9  0.17953  -0.027 -0.003  0.076 -0.006 -0.109  1.000  0.000 -0.082 -0.067 -0.007  0.044  0.026  0.011  0.018 -0.026
       20  0.00000   0.000  0.000  0.000  0.000  0.000  0.000  1.000  0.000  0.000  0.000  0.000  0.000  0.000  0.000  0.000
       21  0.33247  -0.217  0.199 -0.084 -0.017  0.037 -0.082  0.000  1.000  0.120 -0.114  0.121  0.001 -0.016  0.002  0.005
       22  0.18516  -0.096  0.070 -0.075 -0.042  0.034 -0.067  0.000  0.120  1.000  0.004  0.093  0.000 -0.021  0.004  0.009
       23  0.22625   0.033 -0.054  0.092  0.162 -0.032 -0.007  0.000 -0.114  0.004  1.000 -0.080 -0.036 -0.011 -0.022  0.028
       24  0.25708  -0.154  0.117 -0.079 -0.077  0.115  0.044  0.000  0.121  0.093 -0.080  1.000  0.009 -0.005  0.005 -0.001
       25  0.05721  -0.005  0.018  0.020 -0.011 -0.023  0.026  0.000  0.001  0.000 -0.036  0.009  1.000  0.010  0.002 -0.008
       27  0.04258   0.004 -0.006  0.020 -0.017 -0.018  0.011  0.000 -0.016 -0.021 -0.011 -0.005  0.010  1.000  0.005 -0.010
       28  0.03666  -0.001  0.012  0.013 -0.001 -0.014  0.018  0.000  0.002  0.004 -0.022  0.005  0.002  0.005  1.000 -0.003
       30  0.05112  -0.003 -0.007 -0.022  0.016  0.022 -0.026  0.000  0.005  0.009  0.028 -0.001 -0.008 -0.010 -0.003  1.000
MINUIT - FIT ONLY 1-y
 **********
 **   51 **RES 
 **********
                   PARAMETER   16  beta_vw RESTORED TO VARIABLE.
                   PARAMETER   14  alpha_vw RESTORED TO VARIABLE.
                   PARAMETER   13  beta_y RESTORED TO VARIABLE.
                   PARAMETER   11  alpha_y RESTORED TO VARIABLE.
                   PARAMETER   10  beta_2CBO RESTORED TO VARIABLE.
 **********
 **   52 **FIX            0
 **********
 PARAMETER    0  IS UNDEFINED. IGNORED.
 **********
 **   53 **FIX            1
 **********
 **********
 **   54 **FIX            2
 **********
 PARAMETER    2  IS CONSTANT.   IGNORED.
 **********
 **   55 **FIX            3
 **********
 **********
 **   56 **FIX            4
 **********
 **********
 **   57 **FIX            5
 **********
 PARAMETER    5  IS CONSTANT.   IGNORED.
 **********
 **   58 **FIX            6
 **********
 **********
 **   59 **FIX            7
 **********
 PARAMETER    7  IS CONSTANT.   IGNORED.
 **********
 **   60 **FIX            8
 **********
 **********
 **   61 **FIX            9
 **********
 **********
 **   62 **FIX           13
 **********
 **********
 **   63 **FIX           14
 **********
 **********
 **   64 **FIX           15
 **********
 PARAMETER   15  IS CONSTANT.   IGNORED.
 **********
 **   65 **FIX           16
 **********
 **********
 **   66 **MIGRAD
 **********
 START MIGRAD MINIMIZATION.  STRATEGY  1.  CONVERGENCE WHEN EDM .LT. 1.00e-04
 FCN=819.359 FROM MIGRAD    STATUS=INITIATE      717 CALLS        5638 TOTAL
                     EDM= unknown      STRATEGY= 1      NO ERROR MATRIX       
  EXT PARAMETER               CURRENT GUESS       STEP         FIRST   
  NO.   NAME      VALUE            ERROR          SIZE      DERIVATIVE 
   1  N0           1.54676e+06     fixed    
   2  tau          6.44019e+01   constant   
   3  A0           3.54003e-01     fixed    
   4  phi          4.11942e+00     fixed    
   5  R           -6.00679e+01   constant   
   6  alpha_CBO    8.94128e-03     fixed    
   7  w_CBO        2.32735e+00   constant   
   8  beta_CBO     1.15959e-02     fixed    
   9  alpha_2CBO  -4.94948e-04     fixed    
  10  beta_2CBO    4.91668e-05   1.60532e-04   0.00000e+00   1.39374e+04
  11  alpha_y      0.00000e+00   1.00000e-03   0.00000e+00   1.26325e+05
  12  w_y          1.38984e+01   constant   
  13  beta_y      -4.04825e-04     fixed    
  14  alpha_vw     0.00000e+00     fixed    
  15  w_vw         1.43156e+01   constant   
  16  beta_vw      0.00000e+00     fixed    
  17  LM          -2.99379e-05   constant   
  18  zeta_y       0.00000e+00   constant   
  19  zeta_vw      0.00000e+00   constant   
  20  T_CBO        1.00000e+02   5.20646e+02   0.00000e+00   0.00000e+00
  21  alpha_A0     4.96419e-04   3.22996e-04   0.00000e+00   2.70210e-02
  22  beta_A0      6.10541e-03   3.25304e-04   0.00000e+00   2.44640e-02
  23  alpha_phi   -4.87227e-04   3.10978e-04   0.00000e+00   4.88291e+00
  24  beta_phi     1.34133e-03   3.13591e-04   0.00000e+00  -1.97485e-03
  25  alpha_vw_m_cbo   8.85469e-04   1.62392e-04   0.00000e+00   4.16692e-01
  26  w_vw_m_cbo   1.20142e+01   constant   
  27  beta_vw_m_cbo  -5.53648e-04   1.61633e-04   0.00000e+00  -2.05900e+00
  28  alpha_vw_p_cbo   2.45372e-04   1.61683e-04   0.00000e+00   1.01349e+00
  29  w_vw_p_cbo   1.67139e+01   constant   
  30  beta_vw_p_cbo  -7.48483e-04   1.61944e-04   0.00000e+00   4.69285e-01
 MIGRAD MINIMIZATION HAS CONVERGED.
 MIGRAD WILL VERIFY CONVERGENCE AND ERROR MATRIX.
  MNHESS FAILS AND WILL RETURN DIAGONAL MATRIX. 
 FCN=712.559 FROM MIGRAD    STATUS=CONVERGED     817 CALLS        5738 TOTAL
                     EDM=6.57493e-07    STRATEGY= 1  ERROR MATRIX UNCERTAINTY 100.0 per cent
  EXT PARAMETER                APPROXIMATE        STEP         FIRST   
  NO.   NAME      VALUE            ERROR          SIZE      DERIVATIVE 
   1  N0           1.54676e+06     fixed    
   2  tau          6.44019e+01   constant   
   3  A0           3.54003e-01     fixed    
   4  phi          4.11942e+00     fixed    
   5  R           -6.00679e+01   constant   
   6  alpha_CBO    8.94128e-03     fixed    
   7  w_CBO        2.32735e+00   constant   
   8  beta_CBO     1.15959e-02     fixed    
   9  alpha_2CBO  -4.94948e-04     fixed    
  10  beta_2CBO   -1.13699e-04   1.60479e-04   2.09316e-06   1.07785e+00
  11  alpha_y     -1.67290e-03   1.62220e-04   2.11587e-06  -7.64313e-02
  12  w_y          1.38984e+01   constant   
  13  beta_y      -4.04825e-04     fixed    
  14  alpha_vw     0.00000e+00     fixed    
  15  w_vw         1.43156e+01   constant   
  16  beta_vw      0.00000e+00     fixed    
  17  LM          -2.99379e-05   constant   
  18  zeta_y       0.00000e+00   constant   
  19  zeta_vw      0.00000e+00   constant   
  20  T_CBO        1.00000e+02   7.59439e+02  -0.00000e+00   0.00000e+00
  21  alpha_A0     5.45599e-04   3.05594e-04   3.57075e-07  -2.74919e+00
  22  beta_A0      6.18613e-03   3.13463e-04   1.40075e-06  -2.47440e+00
  23  alpha_phi   -4.60416e-04   3.01394e-04  -4.11996e-07  -8.38816e-02
  24  beta_phi     1.32064e-03   3.14236e-04   2.41159e-07  -2.05765e+00
  25  alpha_vw_m_cbo   8.12595e-04   1.61837e-04  -2.50722e-07  -1.89102e+00
  26  w_vw_m_cbo   1.20142e+01   constant   
  27  beta_vw_m_cbo  -4.91347e-04   1.60956e-04  -7.60630e-07  -1.23332e+00
  28  alpha_vw_p_cbo   1.51087e-04   1.61688e-04   4.21047e-07   5.91742e-01
  29  w_vw_p_cbo   1.67139e+01   constant   
  30  beta_vw_p_cbo  -7.00321e-04   1.61103e-04   1.84464e-07   7.76878e-01
 EXTERNAL ERROR MATRIX.    NDIM=  31    NPAR= 11    ERR DEF=1
  2.575e-08 
  0.000e+00  2.632e-08 
  0.000e+00  0.000e+00  5.421e+05 
  0.000e+00  0.000e+00  0.000e+00  9.339e-08 
  0.000e+00  0.000e+00  0.000e+00  0.000e+00  9.826e-08 
  0.000e+00  0.000e+00  0.000e+00  0.000e+00  0.000e+00  9.084e-08 
  0.000e+00  0.000e+00  0.000e+00  0.000e+00  0.000e+00  0.000e+00  9.874e-08 
  0.000e+00  0.000e+00  0.000e+00  0.000e+00  0.000e+00  0.000e+00  0.000e+00  2.619e-08 
  0.000e+00  0.000e+00  0.000e+00  0.000e+00  0.000e+00  0.000e+00  0.000e+00  0.000e+00  2.591e-08 
  0.000e+00  0.000e+00  0.000e+00  0.000e+00  0.000e+00  0.000e+00  0.000e+00  0.000e+00  0.000e+00  2.614e-08 
  0.000e+00  0.000e+00  0.000e+00  0.000e+00  0.000e+00  0.000e+00  0.000e+00  0.000e+00  0.000e+00  0.000e+00  2.595e-08 
ERR MATRIX APPROXIMATE
 PARAMETER  CORRELATION COEFFICIENTS  
       NO.  GLOBAL     10     11     20     21     22     23     24     25     27     28     30
       10  0.00000   1.000  0.000  0.000  0.000  0.000  0.000  0.000  0.000  0.000  0.000  0.000
       11  0.00000   0.000  1.000  0.000  0.000  0.000  0.000  0.000  0.000  0.000  0.000  0.000
       20  0.00000   0.000  0.000  1.000  0.000  0.000  0.000  0.000  0.000  0.000  0.000  0.000
       21  0.00000   0.000  0.000  0.000  1.000  0.000  0.000  0.000  0.000  0.000  0.000  0.000
       22  0.00000   0.000  0.000  0.000  0.000  1.000  0.000  0.000  0.000  0.000  0.000  0.000
       23  0.00000   0.000  0.000  0.000  0.000  0.000  1.000  0.000  0.000  0.000  0.000  0.000
       24  0.00000   0.000  0.000  0.000  0.000  0.000  0.000  1.000  0.000  0.000  0.000  0.000
       25  0.00000   0.000  0.000  0.000  0.000  0.000  0.000  0.000  1.000  0.000  0.000  0.000
       27  0.00000   0.000  0.000  0.000  0.000  0.000  0.000  0.000  0.000  1.000  0.000  0.000
       28  0.00000   0.000  0.000  0.000  0.000  0.000  0.000  0.000  0.000  0.000  1.000  0.000
       30  0.00000   0.000  0.000  0.000  0.000  0.000  0.000  0.000  0.000  0.000  0.000  1.000
 ERR MATRIX APPROXIMATE
MINUIT - FIT ONLY 2-y
 **********
 **   67 **RES 
 **********
                   PARAMETER   16  beta_vw RESTORED TO VARIABLE.
                   PARAMETER   14  alpha_vw RESTORED TO VARIABLE.
                   PARAMETER   13  beta_y RESTORED TO VARIABLE.
                   PARAMETER    9  alpha_2CBO RESTORED TO VARIABLE.
                   PARAMETER    8  beta_CBO RESTORED TO VARIABLE.
                   PARAMETER    6  alpha_CBO RESTORED TO VARIABLE.
                   PARAMETER    4  phi RESTORED TO VARIABLE.
                   PARAMETER    3  A0 RESTORED TO VARIABLE.
                   PARAMETER    1  N0 RESTORED TO VARIABLE.
 **********
 **   68 **FIX            0
 **********
 PARAMETER    0  IS UNDEFINED. IGNORED.
 **********
 **   69 **FIX            1
 **********
 **********
 **   70 **FIX            2
 **********
 PARAMETER    2  IS CONSTANT.   IGNORED.
 **********
 **   71 **FIX            3
 **********
 **********
 **   72 **FIX            4
 **********
 **********
 **   73 **FIX            5
 **********
 PARAMETER    5  IS CONSTANT.   IGNORED.
 **********
 **   74 **FIX            6
 **********
 **********
 **   75 **FIX            7
 **********
 PARAMETER    7  IS CONSTANT.   IGNORED.
 **********
 **   76 **FIX            8
 **********
 **********
 **   77 **FIX            9
 **********
 **********
 **   78 **FIX           10
 **********
 **********
 **   79 **FIX           11
 **********
 **********
 **   80 **FIX           12
 **********
 PARAMETER   12  IS CONSTANT.   IGNORED.
 **********
 **   81 **FIX           16
 **********
 **********
 **   82 **MIGRAD
 **********
 START MIGRAD MINIMIZATION.  STRATEGY  1.  CONVERGENCE WHEN EDM .LT. 1.00e-04
 FCN=712.559 FROM MIGRAD    STATUS=INITIATE      717 CALLS        6455 TOTAL
                     EDM= unknown      STRATEGY= 1      NO ERROR MATRIX       
  EXT PARAMETER               CURRENT GUESS       STEP         FIRST   
  NO.   NAME      VALUE            ERROR          SIZE      DERIVATIVE 
   1  N0           1.54676e+06     fixed    
   2  tau          6.44019e+01   constant   
   3  A0           3.54003e-01     fixed    
   4  phi          4.11942e+00     fixed    
   5  R           -6.00679e+01   constant   
   6  alpha_CBO    8.94128e-03     fixed    
   7  w_CBO        2.32735e+00   constant   
   8  beta_CBO     1.15959e-02     fixed    
   9  alpha_2CBO  -4.94948e-04     fixed    
  10  beta_2CBO   -1.13699e-04     fixed    
  11  alpha_y     -1.67290e-03     fixed    
  12  w_y          1.38984e+01   constant   
  13  beta_y      -4.04825e-04   1.60638e-04   0.00000e+00  -4.70806e+03
  14  alpha_vw     0.00000e+00   1.00000e-03   0.00000e+00   1.78271e+05
  15  w_vw         1.43156e+01   constant   
  16  beta_vw      0.00000e+00     fixed    
  17  LM          -2.99379e-05   constant   
  18  zeta_y       0.00000e+00   constant   
  19  zeta_vw      0.00000e+00   constant   
  20  T_CBO        1.00000e+02   7.59439e+02   0.00000e+00   0.00000e+00
  21  alpha_A0     5.45599e-04   3.05594e-04   0.00000e+00  -2.74919e+00
  22  beta_A0      6.18613e-03   3.13463e-04   0.00000e+00  -2.47440e+00
  23  alpha_phi   -4.60416e-04   3.01394e-04   0.00000e+00  -8.38831e-02
  24  beta_phi     1.32064e-03   3.14236e-04   0.00000e+00  -2.05766e+00
  25  alpha_vw_m_cbo   8.12595e-04   1.61837e-04   0.00000e+00  -1.89102e+00
  26  w_vw_m_cbo   1.20142e+01   constant   
  27  beta_vw_m_cbo  -4.91347e-04   1.60956e-04   0.00000e+00  -1.23331e+00
  28  alpha_vw_p_cbo   1.51087e-04   1.61688e-04   0.00000e+00   5.91740e-01
  29  w_vw_p_cbo   1.67139e+01   constant   
  30  beta_vw_p_cbo  -7.00321e-04   1.61103e-04   0.00000e+00   7.76883e-01
 MIGRAD MINIMIZATION HAS CONVERGED.
 MIGRAD WILL VERIFY CONVERGENCE AND ERROR MATRIX.
  MNHESS FAILS AND WILL RETURN DIAGONAL MATRIX. 
 FCN=464.022 FROM MIGRAD    STATUS=CONVERGED     840 CALLS        6578 TOTAL
                     EDM=1.83489e-07    STRATEGY= 1  ERROR MATRIX UNCERTAINTY 100.0 per cent
  EXT PARAMETER                APPROXIMATE        STEP         FIRST   
  NO.   NAME      VALUE            ERROR          SIZE      DERIVATIVE 
   1  N0           1.54676e+06     fixed    
   2  tau          6.44019e+01   constant   
   3  A0           3.54003e-01     fixed    
   4  phi          4.11942e+00     fixed    
   5  R           -6.00679e+01   constant   
   6  alpha_CBO    8.94128e-03     fixed    
   7  w_CBO        2.32735e+00   constant   
   8  beta_CBO     1.15959e-02     fixed    
   9  alpha_2CBO  -4.94948e-04     fixed    
  10  beta_2CBO   -1.13699e-04     fixed    
  11  alpha_y     -1.67290e-03     fixed    
  12  w_y          1.38984e+01   constant   
  13  beta_y       6.87201e-04   1.60582e-04   1.69084e-06   7.94244e-02
  14  alpha_vw    -2.75945e-03   1.61735e-04   1.70298e-06   5.98755e-01
  15  w_vw         1.43156e+01   constant   
  16  beta_vw      0.00000e+00     fixed    
  17  LM          -2.99379e-05   constant   
  18  zeta_y       0.00000e+00   constant   
  19  zeta_vw      0.00000e+00   constant   
  20  T_CBO        1.00000e+02   9.44762e+02  -0.00000e+00   0.00000e+00
  21  alpha_A0     6.21235e-04   3.05598e-04  -2.90756e-08   1.21049e+00
  22  beta_A0      6.09961e-03   3.13480e-04  -8.28780e-07   8.92495e-01
  23  alpha_phi   -4.74229e-04   3.01390e-04   7.27525e-07  -9.72476e-01
  24  beta_phi     1.24114e-03   3.14263e-04  -1.23357e-07   9.11557e-01
  25  alpha_vw_m_cbo   7.04799e-04   1.61837e-04  -1.12845e-07  -2.00249e+00
  26  w_vw_m_cbo   1.20142e+01   constant   
  27  beta_vw_m_cbo  -3.72313e-04   1.60956e-04   5.24817e-08   2.75873e-02
  28  alpha_vw_p_cbo   1.57049e-04   1.61688e-04   2.90154e-08   1.79020e+00
  29  w_vw_p_cbo   1.67139e+01   constant   
  30  beta_vw_p_cbo  -5.30003e-04   1.61103e-04  -2.11163e-07  -1.19391e+00
 EXTERNAL ERROR MATRIX.    NDIM=  31    NPAR= 11    ERR DEF=1
  2.579e-08 
  0.000e+00  2.616e-08 
  0.000e+00  0.000e+00  1.153e+06 
  0.000e+00  0.000e+00  0.000e+00  9.339e-08 
  0.000e+00  0.000e+00  0.000e+00  0.000e+00  9.827e-08 
  0.000e+00  0.000e+00  0.000e+00  0.000e+00  0.000e+00  9.084e-08 
  0.000e+00  0.000e+00  0.000e+00  0.000e+00  0.000e+00  0.000e+00  9.876e-08 
  0.000e+00  0.000e+00  0.000e+00  0.000e+00  0.000e+00  0.000e+00  0.000e+00  2.619e-08 
  0.000e+00  0.000e+00  0.000e+00  0.000e+00  0.000e+00  0.000e+00  0.000e+00  0.000e+00  2.591e-08 
  0.000e+00  0.000e+00  0.000e+00  0.000e+00  0.000e+00  0.000e+00  0.000e+00  0.000e+00  0.000e+00  2.614e-08 
  0.000e+00  0.000e+00  0.000e+00  0.000e+00  0.000e+00  0.000e+00  0.000e+00  0.000e+00  0.000e+00  0.000e+00  2.595e-08 
ERR MATRIX APPROXIMATE
 PARAMETER  CORRELATION COEFFICIENTS  
       NO.  GLOBAL     13     14     20     21     22     23     24     25     27     28     30
       13  0.00000   1.000  0.000  0.000  0.000  0.000  0.000  0.000  0.000  0.000  0.000  0.000
       14  0.00000   0.000  1.000  0.000  0.000  0.000  0.000  0.000  0.000  0.000  0.000  0.000
       20  0.00000   0.000  0.000  1.000  0.000  0.000  0.000  0.000  0.000  0.000  0.000  0.000
       21  0.00000   0.000  0.000  0.000  1.000  0.000  0.000  0.000  0.000  0.000  0.000  0.000
       22  0.00000   0.000  0.000  0.000  0.000  1.000  0.000  0.000  0.000  0.000  0.000  0.000
       23  0.00000   0.000  0.000  0.000  0.000  0.000  1.000  0.000  0.000  0.000  0.000  0.000
       24  0.00000   0.000  0.000  0.000  0.000  0.000  0.000  1.000  0.000  0.000  0.000  0.000
       25  0.00000   0.000  0.000  0.000  0.000  0.000  0.000  0.000  1.000  0.000  0.000  0.000
       27  0.00000   0.000  0.000  0.000  0.000  0.000  0.000  0.000  0.000  1.000  0.000  0.000
       28  0.00000   0.000  0.000  0.000  0.000  0.000  0.000  0.000  0.000  0.000  1.000  0.000
       30  0.00000   0.000  0.000  0.000  0.000  0.000  0.000  0.000  0.000  0.000  0.000  1.000
 ERR MATRIX APPROXIMATE
MINUIT - FIT ALTOGETHER
 **********
 **   83 **RES 
 **********
                   PARAMETER   16  beta_vw RESTORED TO VARIABLE.
                   PARAMETER   11  alpha_y RESTORED TO VARIABLE.
                   PARAMETER   10  beta_2CBO RESTORED TO VARIABLE.
                   PARAMETER    9  alpha_2CBO RESTORED TO VARIABLE.
                   PARAMETER    8  beta_CBO RESTORED TO VARIABLE.
                   PARAMETER    6  alpha_CBO RESTORED TO VARIABLE.
                   PARAMETER    4  phi RESTORED TO VARIABLE.
                   PARAMETER    3  A0 RESTORED TO VARIABLE.
                   PARAMETER    1  N0 RESTORED TO VARIABLE.
 **********
 **   84 **MIGRAD
 **********
 START MIGRAD MINIMIZATION.  STRATEGY  1.  CONVERGENCE WHEN EDM .LT. 1.00e-04
 FCN=464.022 FROM MIGRAD    STATUS=INITIATE     2031 CALLS        8609 TOTAL
                     EDM= unknown      STRATEGY= 1      NO ERROR MATRIX       
  EXT PARAMETER               CURRENT GUESS       STEP         FIRST   
  NO.   NAME      VALUE            ERROR          SIZE      DERIVATIVE 
   1  N0           1.54676e+06   8.83144e+01   0.00000e+00  -9.32451e-03
   2  tau          6.44019e+01   constant   
   3  A0           3.54003e-01   8.08028e-05   0.00000e+00  -5.03063e+01
   4  phi          4.11942e+00   2.22987e-04   0.00000e+00   2.53001e+03
   5  R           -6.00679e+01   constant   
   6  alpha_CBO    8.94128e-03   1.60524e-04   0.00000e+00  -2.31498e+03
   7  w_CBO        2.32735e+00   constant   
   8  beta_CBO     1.15959e-02   1.70215e-04   0.00000e+00  -5.36925e+03
   9  alpha_2CBO  -4.94948e-04   1.56971e-04   0.00000e+00   2.94466e+03
  10  beta_2CBO   -1.13699e-04   1.60479e-04   0.00000e+00  -1.66392e+03
  11  alpha_y     -1.67290e-03   1.62220e-04   0.00000e+00   2.64005e+04
  12  w_y          1.38984e+01   constant   
  13  beta_y       6.87201e-04   1.60582e-04   0.00000e+00   7.94281e-02
  14  alpha_vw    -2.75945e-03   1.61735e-04   0.00000e+00   5.98760e-01
  15  w_vw         1.43156e+01   constant   
  16  beta_vw      0.00000e+00   1.00000e-03   0.00000e+00  -2.35550e+05
  17  LM          -2.99379e-05   constant   
  18  zeta_y       0.00000e+00   constant   
  19  zeta_vw      0.00000e+00   constant   
  20  T_CBO        1.00000e+02   9.44762e+02   0.00000e+00   0.00000e+00
  21  alpha_A0     6.21235e-04   3.05598e-04   0.00000e+00   1.21049e+00
  22  beta_A0      6.09961e-03   3.13480e-04   0.00000e+00   8.92497e-01
  23  alpha_phi   -4.74229e-04   3.01390e-04   0.00000e+00  -9.72461e-01
  24  beta_phi     1.24114e-03   3.14263e-04   0.00000e+00   9.11537e-01
  25  alpha_vw_m_cbo   7.04799e-04   1.61837e-04   0.00000e+00  -2.00249e+00
  26  w_vw_m_cbo   1.20142e+01   constant   
  27  beta_vw_m_cbo  -3.72313e-04   1.60956e-04   0.00000e+00   2.75905e-02
  28  alpha_vw_p_cbo   1.57049e-04   1.61688e-04   0.00000e+00   1.79020e+00
  29  w_vw_p_cbo   1.67139e+01   constant   
  30  beta_vw_p_cbo  -5.30003e-04   1.61103e-04   0.00000e+00  -1.19392e+00
 MIGRAD MINIMIZATION HAS CONVERGED.
 FCN=65.6811 FROM MIGRAD    STATUS=CONVERGED    2322 CALLS        8900 TOTAL
                     EDM=2.09553e-07    STRATEGY= 1  ERROR MATRIX UNCERTAINTY   1.2 per cent
  EXT PARAMETER                                   STEP         FIRST   
  NO.   NAME      VALUE            ERROR          SIZE      DERIVATIVE 
   1  N0           1.54676e+06   8.67336e+01   1.25212e-01   9.34319e-07
   2  tau          6.44019e+01   constant   
   3  A0           3.54001e-01   7.64606e-05   6.23493e-09   1.20279e-02
   4  phi          4.11944e+00   2.14585e-04  -2.09637e-07  -2.37453e+00
   5  R           -6.00679e+01   constant   
   6  alpha_CBO    8.94067e-03   1.55591e-04   7.87596e-08   1.51946e-01
   7  w_CBO        2.32735e+00   constant   
   8  beta_CBO     1.15730e-02   1.67623e-04  -5.26435e-08  -1.04354e+00
   9  alpha_2CBO  -4.61728e-04   1.68764e-04  -8.74095e-08  -3.60221e-01
  10  beta_2CBO   -1.34344e-04   1.59604e-04   1.69495e-07   1.04475e-01
  11  alpha_y     -6.67946e-04   1.78408e-04   6.56583e-08   4.88975e-01
  12  w_y          1.38984e+01   constant   
  13  beta_y       1.01754e-03   1.79862e-04  -1.61697e-07  -2.28549e+00
  14  alpha_vw    -2.77116e-03   1.83147e-04   5.06014e-08  -2.23281e+00
  15  w_vw         1.43156e+01   constant   
  16  beta_vw      3.49635e-03   1.76405e-04   2.11031e-09   1.78314e-02
  17  LM          -2.99379e-05   constant   
  18  zeta_y       0.00000e+00   constant   
  19  zeta_vw      0.00000e+00   constant   
  20  T_CBO        1.00000e+02   5.20646e+02  -0.00000e+00   0.00000e+00
  21  alpha_A0     4.58157e-04   2.96385e-04   9.46813e-09  -6.42210e-01
  22  beta_A0      6.11522e-03   3.09659e-04   1.77725e-07   3.65445e-01
  23  alpha_phi   -4.73827e-04   2.97233e-04   1.13155e-07  -6.20232e-02
  24  beta_phi     1.37809e-03   3.23133e-04  -2.29273e-07   1.03622e+00
  25  alpha_vw_m_cbo   9.49012e-04   1.64301e-04   1.33729e-07  -9.05300e-01
  26  w_vw_m_cbo   1.20142e+01   constant   
  27  beta_vw_m_cbo  -2.26507e-04   1.60388e-04  -1.41067e-07  -3.96386e-02
  28  alpha_vw_p_cbo   3.36003e-04   1.62305e-04   1.81299e-07  -9.07068e-01
  29  w_vw_p_cbo   1.67139e+01   constant   
  30  beta_vw_p_cbo  -4.72273e-04   1.63306e-04  -7.33979e-08   8.13543e-01
 EXTERNAL ERROR MATRIX.    NDIM=  31    NPAR= 20    ERR DEF=1
 ELEMENTS ABOVE DIAGONAL ARE NOT PRINTED.
  7.523e+03 
  2.729e-04  5.846e-09 
  9.147e-04 -4.653e-10  4.605e-08 
  8.207e-04 -4.729e-10 -3.774e-10  2.421e-08 
  7.780e-04  2.163e-10 -2.515e-09  5.431e-10  2.810e-08 
 -1.414e-03  6.468e-11  2.379e-09 -5.714e-11 -1.879e-09  2.848e-08 
  1.322e-04 -8.874e-11  5.092e-10 -1.764e-10  1.137e-09 -1.192e-09  2.547e-08 
 -9.792e-05 -3.371e-10  1.742e-09 -2.963e-10 -1.083e-09  8.875e-10 -7.581e-10  3.183e-08 
 -6.454e-04  6.399e-10 -3.212e-09 -9.854e-11  5.236e-10 -8.888e-10  3.936e-10 -9.678e-10  3.235e-08 
  8.243e-04 -3.055e-10  1.911e-09  1.203e-09 -1.871e-09  9.168e-10  7.492e-10  3.300e-09 -7.828e-09  3.354e-08 
 -3.961e-04 -6.471e-11  8.953e-10 -3.216e-10 -1.052e-09  8.742e-10 -4.828e-10  1.217e-08  2.668e-09  3.031e-10  3.112e-08 
  0.000e+00  0.000e+00  0.000e+00  0.000e+00  0.000e+00  0.000e+00  0.000e+00  0.000e+00  0.000e+00  0.000e+00  0.000e+00 
  0.000e+00  0.000e+00  0.000e+00  0.000e+00  0.000e+00  0.000e+00  0.000e+00  0.000e+00  0.000e+00  0.000e+00  0.000e+00  1.800e+05 
 -2.161e-03  1.631e-09 -1.991e-10  2.680e-09  1.355e-09 -3.684e-09  6.268e-10 -2.709e-09  3.143e-09 -5.776e-09 -1.727e-09 
 -2.161e-03  1.631e-09 -1.991e-10  2.680e-09  1.355e-09 -3.684e-09  6.268e-10 -2.709e-09  3.143e-09 -5.776e-09 -1.727e-09  0.000e+00  8.784e-08 
 -9.912e-05 -3.537e-10  9.471e-10 -1.208e-09  1.218e-09 -4.112e-10 -1.167e-09 -1.220e-09  1.974e-09  2.754e-10 -6.517e-12 
 -9.912e-05 -3.537e-10  9.471e-10 -1.208e-09  1.218e-09 -4.112e-10 -1.167e-09 -1.220e-09  1.974e-09  2.754e-10 -6.517e-12  0.000e+00  2.561e-09  9.589e-08 
 -1.269e-03  5.651e-10  2.692e-09  1.552e-09 -2.421e-10 -7.481e-10 -1.972e-10  8.037e-10 -1.880e-09  1.705e-09  1.452e-10 
 -1.269e-03  5.651e-10  2.692e-09  1.552e-09 -2.421e-10 -7.481e-10 -1.972e-10  8.037e-10 -1.880e-09  1.705e-09  1.452e-10  0.000e+00 -6.147e-09  2.461e-10  8.835e-08 
 -2.064e-03  6.282e-11  2.227e-09 -9.343e-10 -1.634e-09  3.006e-09 -2.008e-09  1.346e-10  2.227e-09 -1.907e-09  1.374e-09 
 -2.064e-03  6.282e-11  2.227e-09 -9.343e-10 -1.634e-09  3.006e-09 -2.008e-09  1.346e-10  2.227e-09 -1.907e-09  1.374e-09  0.000e+00 -1.380e-09 -8.115e-10 -1.189e-09  1.044e-07 
 -2.479e-04  6.605e-13  1.356e-09  5.493e-11 -5.761e-10  8.720e-10 -8.377e-11  2.317e-09  2.073e-10  9.572e-10  2.387e-09 
 -2.479e-04  6.605e-13  1.356e-09  5.493e-11 -5.761e-10  8.720e-10 -8.377e-11  2.317e-09  2.073e-10  9.572e-10  2.387e-09  0.000e+00 -7.366e-10  1.107e-11  1.789e-10  1.147e-10  2.699e-08 
 -4.133e-04 -1.484e-11 -4.623e-10 -4.032e-10 -3.478e-10  2.298e-10 -5.998e-10 -5.280e-10  8.218e-10 -1.204e-09  1.209e-09 
 -4.133e-04 -1.484e-11 -4.623e-10 -4.032e-10 -3.478e-10  2.298e-10 -5.998e-10 -5.280e-10  8.218e-10 -1.204e-09  1.209e-09  0.000e+00 -1.678e-10 -3.238e-10 -3.566e-10  1.555e-09  3.267e-10  2.572e-08 
 -1.440e-04  1.060e-10  1.154e-09  2.465e-10 -2.401e-10  5.856e-10  2.648e-10  2.237e-09  7.487e-10  4.041e-10  1.803e-09 
 -1.440e-04  1.060e-10  1.154e-09  2.465e-10 -2.401e-10  5.856e-10  2.648e-10  2.237e-09  7.487e-10  4.041e-10  1.803e-09  0.000e+00 -1.313e-10  4.283e-10  3.954e-11 -3.837e-10  5.341e-10  5.813e-10  2.634e-08 
  3.094e-05  1.145e-10 -1.285e-09 -1.373e-10  6.584e-10 -7.368e-10  9.582e-11 -9.427e-10  1.780e-09 -2.203e-09  3.414e-10 
  3.094e-05  1.145e-10 -1.285e-09 -1.373e-10  6.584e-10 -7.368e-10  9.582e-11 -9.427e-10  1.780e-09 -2.203e-09  3.414e-10  0.000e+00  1.488e-09  2.582e-10 -4.604e-10  2.046e-10 -3.981e-10  1.732e-10 -1.859e-10  2.667e-08 
 PARAMETER  CORRELATION COEFFICIENTS  
       NO.  GLOBAL      1      3      4      6      8      9     10     11     13     14     16     20     21     22     23     24
        1  0.20837   1.000  0.041  0.049  0.061  0.054 -0.097  0.010 -0.006 -0.041  0.052 -0.026  0.000 -0.084 -0.004 -0.049 -0.074
        3  0.12377   0.041  1.000 -0.028 -0.040  0.017  0.005 -0.007 -0.025  0.047 -0.022 -0.005  0.000  0.072 -0.015  0.025  0.003
        4  0.16839   0.049 -0.028  1.000 -0.011 -0.070  0.066  0.015  0.046 -0.083  0.049  0.024  0.000 -0.003  0.014  0.042  0.032
        6  0.12732   0.061 -0.040 -0.011  1.000  0.021 -0.002 -0.007 -0.011 -0.004  0.042 -0.012  0.000  0.058 -0.025  0.034 -0.019
        8  0.14142   0.054  0.017 -0.070  0.021  1.000 -0.066  0.043 -0.036  0.017 -0.061 -0.036  0.000  0.027  0.023 -0.005 -0.030
        9  0.17669  -0.097  0.005  0.066 -0.002 -0.066  1.000 -0.044  0.029 -0.029  0.030  0.029  0.000 -0.074 -0.008 -0.015  0.055
       10  0.09473   0.010 -0.007  0.015 -0.007  0.043 -0.044  1.000 -0.027  0.014  0.026 -0.017  0.000  0.013 -0.024 -0.004 -0.039
       11  0.41230  -0.006 -0.025  0.046 -0.011 -0.036  0.029 -0.027  1.000 -0.030  0.101  0.387  0.000 -0.051 -0.022  0.015  0.002
       13  0.28356  -0.041  0.047 -0.083 -0.004  0.017 -0.029  0.014 -0.030  1.000 -0.238  0.084  0.000  0.059  0.035 -0.035  0.038
       14  0.29431   0.052 -0.022  0.049  0.042 -0.061  0.030  0.026  0.101 -0.238  1.000  0.009  0.000 -0.106  0.005  0.031 -0.032
       16  0.40795  -0.026 -0.005  0.024 -0.012 -0.036  0.029 -0.017  0.387  0.084  0.009  1.000  0.000 -0.033 -0.000  0.003  0.024
       20  0.00000   0.000  0.000  0.000  0.000  0.000  0.000  0.000  0.000  0.000  0.000  0.000  1.000  0.000  0.000  0.000  0.000
       21  0.21208  -0.084  0.072 -0.003  0.058  0.027 -0.074  0.013 -0.051  0.059 -0.106 -0.033  0.000  1.000  0.028 -0.070 -0.014
       22  0.07617  -0.004 -0.015  0.014 -0.025  0.023 -0.008 -0.024 -0.022  0.035  0.005 -0.000  0.000  0.028  1.000  0.003 -0.008
       23  0.12507  -0.049  0.025  0.042  0.034 -0.005 -0.015 -0.004  0.015 -0.035  0.031  0.003  0.000 -0.070  0.003  1.000 -0.012
       24  0.12093  -0.074  0.003  0.032 -0.019 -0.030  0.055 -0.039  0.002  0.038 -0.032  0.024  0.000 -0.014 -0.008 -0.012  1.000
       25  0.11307  -0.017  0.000  0.038  0.002 -0.021  0.031 -0.003  0.079  0.007  0.032  0.082  0.000 -0.015  0.000  0.004  0.002
                     1.000  0.012  0.020 -0.015
       27  0.08884  -0.030 -0.001 -0.013 -0.016 -0.013  0.008 -0.023 -0.018  0.028 -0.041  0.043  0.000 -0.004 -0.007 -0.007  0.030
                     0.012  1.000  0.022  0.007
       28  0.10287  -0.010  0.009  0.033  0.010 -0.009  0.021  0.010  0.077  0.026  0.014  0.063  0.000 -0.003  0.009  0.001 -0.007
                     0.020  0.022  1.000 -0.007
       30  0.10305   0.002  0.009 -0.037 -0.005  0.024 -0.027  0.004 -0.032  0.061 -0.074  0.012  0.000  0.031  0.005 -0.009  0.004
                    -0.015  0.007 -0.007  1.000
MINUIT - MINOS
 **********
 **   85 **RES 
 **********
 CALL TO MNFREE IGNORED.  THERE ARE NO FIXED PARAMETERS
 **********
 **   86 **MIG      2.5e+04        0.01
 **********
 START MIGRAD MINIMIZATION.  STRATEGY  1.  CONVERGENCE WHEN EDM .LT. 1.00e-05
 FCN=65.6811 FROM MIGRAD    STATUS=INITIATE       40 CALLS        8940 TOTAL
                     EDM=1.90625e-07    STRATEGY= 1  ERROR MATRIX UNCERTAINTY   1.2 per cent
  EXT PARAMETER                                   STEP         FIRST   
  NO.   NAME      VALUE            ERROR          SIZE      DERIVATIVE 
   1  N0           1.54676e+06   8.67336e+01   1.25212e-01   9.34319e-07
   2  tau          6.44019e+01   constant   
   3  A0           3.54001e-01   7.64606e-05   6.23493e-09   1.20085e-02
   4  phi          4.11944e+00   2.14585e-04  -2.09637e-07  -2.37453e+00
   5  R           -6.00679e+01   constant   
   6  alpha_CBO    8.94067e-03   1.55591e-04   7.87596e-08   1.51938e-01
   7  w_CBO        2.32735e+00   constant   
   8  beta_CBO     1.15730e-02   1.67623e-04  -5.26435e-08  -1.04354e+00
   9  alpha_2CBO  -4.61728e-04   1.68764e-04  -8.74095e-08  -3.60225e-01
  10  beta_2CBO   -1.34344e-04   1.59604e-04   1.69495e-07   1.04477e-01
  11  alpha_y     -6.67946e-04   1.78408e-04   6.56583e-08   4.88975e-01
  12  w_y          1.38984e+01   constant   
  13  beta_y       1.01754e-03   1.79862e-04  -1.61697e-07  -2.28549e+00
  14  alpha_vw    -2.77116e-03   1.83147e-04   5.06014e-08  -2.23281e+00
  15  w_vw         1.43156e+01   constant   
  16  beta_vw      3.49635e-03   1.76405e-04   2.11031e-09   1.78289e-02
  17  LM          -2.99379e-05   constant   
  18  zeta_y       0.00000e+00   constant   
  19  zeta_vw      0.00000e+00   constant   
  20  T_CBO        1.00000e+02   5.20646e+02  -0.00000e+00   0.00000e+00
  21  alpha_A0     4.58157e-04   2.96385e-04   9.46813e-09  -6.42211e-01
  22  beta_A0      6.11522e-03   3.09659e-04   1.77725e-07   3.65444e-01
  23  alpha_phi   -4.73827e-04   2.97233e-04   1.13155e-07  -6.20235e-02
  24  beta_phi     1.37809e-03   3.23133e-04  -2.29273e-07   1.03621e+00
  25  alpha_vw_m_cbo   9.49012e-04   1.64301e-04   1.33729e-07  -9.05299e-01
  26  w_vw_m_cbo   1.20142e+01   constant   
  27  beta_vw_m_cbo  -2.26507e-04   1.60388e-04  -1.41067e-07  -3.96430e-02
  28  alpha_vw_p_cbo   3.36003e-04   1.62305e-04   1.81299e-07  -9.07066e-01
  29  w_vw_p_cbo   1.67139e+01   constant   
  30  beta_vw_p_cbo  -4.72273e-04   1.63306e-04  -7.33979e-08   8.13540e-01
 MIGRAD MINIMIZATION HAS CONVERGED.
 FCN=65.6811 FROM MIGRAD    STATUS=CONVERGED      82 CALLS        8982 TOTAL
                     EDM=7.18836e-09    STRATEGY= 1  ERROR MATRIX UNCERTAINTY   0.7 per cent
  EXT PARAMETER                                   STEP         FIRST   
  NO.   NAME      VALUE            ERROR          SIZE      DERIVATIVE 
   1  N0           1.54676e+06   8.64586e+01  -1.78296e-03  -4.22812e-07
   2  tau          6.44019e+01   constant   
   3  A0           3.54001e-01   7.63894e-05   4.47901e-10   3.49660e-01
   4  phi          4.11944e+00   2.22190e-04   4.65394e-08  -3.61967e-01
   5  R           -6.00679e+01   constant   
   6  alpha_CBO    8.94067e-03   1.55343e-04   6.46062e-10   2.58585e-01
   7  w_CBO        2.32735e+00   constant   
   8  beta_CBO     1.15730e-02   1.64502e-04   9.05028e-09   5.03224e-01
   9  alpha_2CBO  -4.61723e-04   1.67694e-04   5.18198e-09   3.38689e-01
  10  beta_2CBO   -1.34342e-04   1.59160e-04   2.30348e-09   2.52424e-01
  11  alpha_y     -6.67947e-04   1.78397e-04  -1.61471e-09   5.47297e-03
  12  w_y          1.38984e+01   constant   
  13  beta_y       1.01756e-03   1.77959e-04   2.17587e-08   1.33472e-01
  14  alpha_vw    -2.77114e-03   1.78092e-04   2.63225e-08   3.47322e-01
  15  w_vw         1.43156e+01   constant   
  16  beta_vw      3.49635e-03   1.76416e-04   1.40759e-09  -1.35064e-02
  17  LM          -2.99379e-05   constant   
  18  zeta_y       0.00000e+00   constant   
  19  zeta_vw      0.00000e+00   constant   
  20  T_CBO        1.00000e+02   5.20646e+02  -0.00000e+00   0.00000e+00
  21  alpha_A0     4.58180e-04   2.95396e-04   2.30773e-08   2.24247e-02
  22  beta_A0      6.11521e-03   3.10406e-04  -1.02852e-08   1.19600e-01
  23  alpha_phi   -4.73823e-04   2.97318e-04   4.12961e-09  -3.15974e-02
  24  beta_phi     1.37804e-03   3.24177e-04  -4.56631e-08   6.89148e-02
  25  alpha_vw_m_cbo   9.49026e-04   1.64598e-04   1.31671e-08  -8.67151e-02
  26  w_vw_m_cbo   1.20142e+01   constant   
  27  beta_vw_m_cbo  -2.26507e-04   1.60352e-04  -6.12554e-10  -6.33951e-02
  28  alpha_vw_p_cbo   3.36016e-04   1.61488e-04   1.30287e-08   8.96555e-02
  29  w_vw_p_cbo   1.67139e+01   constant   
  30  beta_vw_p_cbo  -4.72284e-04   1.62763e-04  -1.10841e-08  -7.43501e-02
 EXTERNAL ERROR MATRIX.    NDIM=  31    NPAR= 20    ERR DEF=1
 ELEMENTS ABOVE DIAGONAL ARE NOT PRINTED.
  7.475e+03 
  2.965e-04  5.835e-09 
  1.221e-03 -6.828e-10  4.937e-08 
  8.866e-04 -5.021e-10 -1.076e-09  2.413e-08 
  1.000e-03  1.047e-10 -3.837e-09  2.297e-10  2.706e-08 
 -1.283e-03 -7.342e-13  1.579e-09 -2.405e-10 -2.490e-09  2.812e-08 
  2.152e-04 -1.283e-10 -1.450e-10 -2.848e-10  7.473e-10 -1.421e-09  2.533e-08 
 -1.170e-04 -3.259e-10  1.729e-09 -2.628e-10 -9.970e-10  9.390e-10 -7.218e-10  3.183e-08 
 -3.933e-04  4.919e-10 -2.974e-09 -5.439e-10 -6.152e-10 -1.567e-09 -8.773e-11 -9.144e-10  3.167e-08 
  1.175e-03 -5.039e-10  1.651e-09  6.149e-10 -3.466e-09 -3.063e-11  9.377e-11  3.389e-09 -8.982e-09  3.172e-08 
 -3.877e-04 -7.093e-11  1.006e-09 -3.418e-10 -1.088e-09  8.524e-10 -5.013e-10  1.217e-08  2.682e-09  3.031e-10  3.112e-08 
  0.000e+00  0.000e+00  0.000e+00  0.000e+00  0.000e+00  0.000e+00  0.000e+00  0.000e+00  0.000e+00  0.000e+00  0.000e+00 
  0.000e+00  0.000e+00  0.000e+00  0.000e+00  0.000e+00  0.000e+00  0.000e+00  0.000e+00  0.000e+00  0.000e+00  0.000e+00  1.800e+05 
 -1.906e-03  1.479e-09  1.963e-10  2.220e-09  2.038e-10 -4.370e-09  1.354e-10 -2.659e-09  2.507e-09 -6.887e-09 -1.709e-09 
 -1.906e-03  1.479e-09  1.963e-10  2.220e-09  2.038e-10 -4.370e-09  1.354e-10 -2.659e-09  2.507e-09 -6.887e-09 -1.709e-09  0.000e+00  8.726e-08 
 -9.661e-05 -3.355e-10 -6.353e-10 -1.130e-09  1.174e-09 -4.306e-10 -1.136e-09 -1.179e-09  1.411e-09 -3.330e-10 -5.572e-11 
 -9.661e-05 -3.355e-10 -6.353e-10 -1.130e-09  1.174e-09 -4.306e-10 -1.136e-09 -1.179e-09  1.411e-09 -3.330e-10 -5.572e-11  0.000e+00  1.944e-09  9.635e-08 
 -1.254e-03  5.511e-10  3.138e-09  1.504e-09 -2.995e-10 -7.841e-10 -2.351e-10  7.957e-10 -1.767e-09  1.800e-09  1.594e-10 
 -1.254e-03  5.511e-10  3.138e-09  1.504e-09 -2.995e-10 -7.841e-10 -2.351e-10  7.957e-10 -1.767e-09  1.800e-09  1.594e-10  0.000e+00 -6.018e-09  8.545e-11  8.840e-08 
 -2.464e-03  3.188e-10  1.766e-10 -1.397e-10  1.414e-10  4.070e-09 -1.205e-09  9.257e-11  2.721e-09 -7.033e-10  1.301e-09 
 -2.464e-03  3.188e-10  1.766e-10 -1.397e-10  1.414e-10  4.070e-09 -1.205e-09  9.257e-11  2.721e-09 -7.033e-10  1.301e-09  0.000e+00 -1.013e-09  5.792e-10 -1.538e-09  1.051e-07 
 -1.378e-04 -7.083e-11  2.013e-09 -1.682e-10 -1.062e-09  5.803e-10 -3.066e-10  2.326e-09  1.045e-10  6.619e-10  2.410e-09 
 -1.378e-04 -7.083e-11  2.013e-09 -1.682e-10 -1.062e-09  5.803e-10 -3.066e-10  2.326e-09  1.045e-10  6.619e-10  2.410e-09  0.000e+00 -8.010e-10 -3.988e-10  2.843e-10 -1.532e-10  2.709e-08 
 -4.370e-04 -3.575e-12 -2.674e-10 -3.725e-10 -2.358e-10  2.955e-10 -5.594e-10 -5.386e-10  9.624e-10 -1.013e-09  1.214e-09 
 -4.370e-04 -3.575e-12 -2.674e-10 -3.725e-10 -2.358e-10  2.955e-10 -5.594e-10 -5.386e-10  9.624e-10 -1.013e-09  1.214e-09  0.000e+00 -2.407e-11 -3.350e-10 -3.450e-10  1.318e-09  3.925e-10  2.571e-08 
  9.334e-06  1.634e-11  1.268e-09 -2.276e-11 -9.333e-10  1.728e-10 -2.727e-11  2.270e-09  3.239e-10 -3.091e-10  1.810e-09 
  9.334e-06  1.634e-11  1.268e-09 -2.276e-11 -9.333e-10  1.728e-10 -2.727e-11  2.270e-09  3.239e-10 -3.091e-10  1.810e-09  0.000e+00 -5.298e-10  9.467e-11  1.046e-10 -5.607e-11  4.636e-10  6.666e-10  2.608e-08 
 -9.752e-05  1.899e-10 -1.406e-09  8.956e-11  1.239e-09 -3.911e-10  3.411e-10 -9.699e-10  2.127e-09 -1.615e-09  3.347e-10 
 -9.752e-05  1.899e-10 -1.406e-09  8.956e-11  1.239e-09 -3.911e-10  3.411e-10 -9.699e-10  2.127e-09 -1.615e-09  3.347e-10  0.000e+00  1.812e-09  5.453e-10 -5.175e-10 -4.809e-11 -3.455e-10  1.015e-10  3.078e-11  2.649e-08 
 PARAMETER  CORRELATION COEFFICIENTS  
       NO.  GLOBAL      1      3      4      6      8      9     10     11     13     14     16     20     21     22     23     24
        1  0.22334   1.000  0.045  0.064  0.066  0.070 -0.088  0.016 -0.008 -0.026  0.076 -0.025  0.000 -0.075 -0.004 -0.049 -0.088
        3  0.12409   0.045  1.000 -0.040 -0.042  0.008 -0.000 -0.011 -0.024  0.036 -0.037 -0.005  0.000  0.066 -0.014  0.024  0.013
        4  0.18657   0.064 -0.040  1.000 -0.031 -0.105  0.042 -0.004  0.044 -0.075  0.042  0.026  0.000  0.003 -0.009  0.048  0.002
        6  0.12195   0.066 -0.042 -0.031  1.000  0.009 -0.009 -0.012 -0.009 -0.020  0.022 -0.012  0.000  0.048 -0.023  0.033 -0.003
        8  0.21771   0.070  0.008 -0.105  0.009  1.000 -0.090  0.029 -0.034 -0.021 -0.118 -0.037  0.000  0.004  0.023 -0.006  0.003
        9  0.19455  -0.088 -0.000  0.042 -0.009 -0.090  1.000 -0.053  0.031 -0.053 -0.001  0.029  0.000 -0.088 -0.008 -0.016  0.075
       10  0.07785   0.016 -0.011 -0.004 -0.012  0.029 -0.053  1.000 -0.025 -0.003  0.003 -0.018  0.000  0.003 -0.023 -0.005 -0.023
       11  0.41292  -0.008 -0.024  0.044 -0.009 -0.034  0.031 -0.025  1.000 -0.029  0.107  0.387  0.000 -0.050 -0.021  0.015  0.002
       13  0.32777  -0.026  0.036 -0.075 -0.020 -0.021 -0.053 -0.003 -0.029  1.000 -0.283  0.085  0.000  0.048  0.026 -0.033  0.047
       14  0.35518   0.076 -0.037  0.042  0.022 -0.118 -0.001  0.003  0.107 -0.283  1.000  0.010  0.000 -0.131 -0.006  0.034 -0.012
       16  0.40810  -0.025 -0.005  0.026 -0.012 -0.037  0.029 -0.018  0.387  0.085  0.010  1.000  0.000 -0.033 -0.001  0.003  0.023
       20  0.00000   0.000  0.000  0.000  0.000  0.000  0.000  0.000  0.000  0.000  0.000  0.000  1.000  0.000  0.000  0.000  0.000
       21  0.21715  -0.075  0.066  0.003  0.048  0.004 -0.088  0.003 -0.050  0.048 -0.131 -0.033  0.000  1.000  0.021 -0.069 -0.011
       22  0.06223  -0.004 -0.014 -0.009 -0.023  0.023 -0.008 -0.023 -0.021  0.026 -0.006 -0.001  0.000  0.021  1.000  0.001  0.006
       23  0.12647  -0.049  0.024  0.048  0.033 -0.006 -0.016 -0.005  0.015 -0.033  0.034  0.003  0.000 -0.069  0.001  1.000 -0.016
       24  0.13033  -0.088  0.013  0.002 -0.003  0.003  0.075 -0.023  0.002  0.047 -0.012  0.023  0.000 -0.011  0.006 -0.016  1.000
       25  0.11812  -0.010 -0.006  0.055 -0.007 -0.039  0.021 -0.012  0.079  0.004  0.023  0.083  0.000 -0.016 -0.008  0.006 -0.003
                     1.000  0.015  0.017 -0.013
       27  0.08691  -0.032 -0.000 -0.008 -0.015 -0.009  0.011 -0.022 -0.019  0.034 -0.035  0.043  0.000 -0.001 -0.007 -0.007  0.025
                     0.015  1.000  0.026  0.004
       28  0.10331   0.001  0.001  0.035 -0.001 -0.035  0.006 -0.001  0.079  0.011 -0.011  0.064  0.000 -0.011  0.002  0.002 -0.001
                     0.017  0.026  1.000  0.001
       30  0.10859  -0.007  0.015 -0.039  0.004  0.046 -0.014  0.013 -0.033  0.073 -0.056  0.012  0.000  0.038  0.011 -0.011 -0.001
                    -0.013  0.004  0.001  1.000
 **********
 **   87 **MINO      2.5e+04
 **********
    THE POSITIVE MINOS ERROR OF PARAMETER  20, T_CBO EXCEEDS ITS LIMIT.
    THE NEGATIVE MINOS ERROR OF PARAMETER  20, T_CBO EXCEEDS ITS LIMIT.
 FCN=65.6811 FROM MINOS     STATUS=PROBLEMS     7868 CALLS       16850 TOTAL
                     EDM=7.18836e-09    STRATEGY= 1  ERROR MATRIX UNCERTAINTY   0.7 per cent
  EXT PARAMETER                  PARABOLIC         MINOS ERRORS        
  NO.   NAME      VALUE            ERROR      NEGATIVE      POSITIVE   
   1  N0           1.54676e+06   8.64586e+01  -9.46457e+01   9.46515e+01
   2  tau          6.44019e+01   constant   
   3  A0           3.54001e-01   7.63894e-05  -8.29380e-05   8.29355e-05
   4  phi          4.11944e+00   2.22190e-04  -2.27512e-04   2.27536e-04
   5  R           -6.00679e+01   constant   
   6  alpha_CBO    8.94067e-03   1.55343e-04  -1.67583e-04   1.67578e-04
   7  w_CBO        2.32735e+00   constant   
   8  beta_CBO     1.15730e-02   1.64502e-04  -1.70732e-04   1.70714e-04
   9  alpha_2CBO  -4.61723e-04   1.67694e-04  -1.67534e-04   1.67527e-04
  10  beta_2CBO   -1.34342e-04   1.59160e-04  -1.64791e-04   1.64786e-04
  11  alpha_y     -6.67947e-04   1.78397e-04  -1.78394e-04   1.78393e-04
  12  w_y          1.38984e+01   constant   
  13  beta_y       1.01756e-03   1.77959e-04  -1.75012e-04   1.75012e-04
  14  alpha_vw    -2.77114e-03   1.78092e-04  -1.76894e-04   1.76885e-04
  15  w_vw         1.43156e+01   constant   
  16  beta_vw      3.49635e-03   1.76416e-04  -1.76410e-04   1.76411e-04
  17  LM          -2.99379e-05   constant   
  18  zeta_y       0.00000e+00   constant   
  19  zeta_vw      0.00000e+00   constant   
  20  T_CBO        1.00000e+02   5.20646e+02   at limit      at limit   
  21  alpha_A0     4.58180e-04   2.95396e-04  -3.27581e-04   3.27565e-04
  22  beta_A0      6.11521e-03   3.10406e-04  -3.29180e-04   3.29132e-04
  23  alpha_phi   -4.73823e-04   2.97318e-04  -3.12879e-04   3.12904e-04
  24  beta_phi     1.37804e-03   3.24177e-04  -3.30026e-04   3.30008e-04
  25  alpha_vw_m_cbo   9.49026e-04   1.64598e-04  -1.63208e-04   1.63210e-04
  26  w_vw_m_cbo   1.20142e+01   constant   
  27  beta_vw_m_cbo  -2.26507e-04   1.60352e-04  -1.61662e-04   1.61665e-04
  28  alpha_vw_p_cbo   3.36016e-04   1.61488e-04  -1.62455e-04   1.62452e-04
  29  w_vw_p_cbo   1.67139e+01   constant   
  30  beta_vw_p_cbo  -4.72284e-04   1.62763e-04  -1.62176e-04   1.62177e-04
 **********
 **   88 **SHO COR 
 **********
 PARAMETER  CORRELATION COEFFICIENTS  
       NO.  GLOBAL      1      3      4      6      8      9     10     11     13     14     16     20     21     22     23     24
        1  0.22334   1.000  0.045  0.064  0.066  0.070 -0.088  0.016 -0.008 -0.026  0.076 -0.025  0.000 -0.075 -0.004 -0.049 -0.088
        3  0.12409   0.045  1.000 -0.040 -0.042  0.008 -0.000 -0.011 -0.024  0.036 -0.037 -0.005  0.000  0.066 -0.014  0.024  0.013
        4  0.18657   0.064 -0.040  1.000 -0.031 -0.105  0.042 -0.004  0.044 -0.075  0.042  0.026  0.000  0.003 -0.009  0.048  0.002
        6  0.12195   0.066 -0.042 -0.031  1.000  0.009 -0.009 -0.012 -0.009 -0.020  0.022 -0.012  0.000  0.048 -0.023  0.033 -0.003
        8  0.21771   0.070  0.008 -0.105  0.009  1.000 -0.090  0.029 -0.034 -0.021 -0.118 -0.037  0.000  0.004  0.023 -0.006  0.003
        9  0.19455  -0.088 -0.000  0.042 -0.009 -0.090  1.000 -0.053  0.031 -0.053 -0.001  0.029  0.000 -0.088 -0.008 -0.016  0.075
       10  0.07785   0.016 -0.011 -0.004 -0.012  0.029 -0.053  1.000 -0.025 -0.003  0.003 -0.018  0.000  0.003 -0.023 -0.005 -0.023
       11  0.41292  -0.008 -0.024  0.044 -0.009 -0.034  0.031 -0.025  1.000 -0.029  0.107  0.387  0.000 -0.050 -0.021  0.015  0.002
       13  0.32777  -0.026  0.036 -0.075 -0.020 -0.021 -0.053 -0.003 -0.029  1.000 -0.283  0.085  0.000  0.048  0.026 -0.033  0.047
       14  0.35518   0.076 -0.037  0.042  0.022 -0.118 -0.001  0.003  0.107 -0.283  1.000  0.010  0.000 -0.131 -0.006  0.034 -0.012
       16  0.40810  -0.025 -0.005  0.026 -0.012 -0.037  0.029 -0.018  0.387  0.085  0.010  1.000  0.000 -0.033 -0.001  0.003  0.023
       20  0.00000   0.000  0.000  0.000  0.000  0.000  0.000  0.000  0.000  0.000  0.000  0.000  1.000  0.000  0.000  0.000  0.000
       21  0.21715  -0.075  0.066  0.003  0.048  0.004 -0.088  0.003 -0.050  0.048 -0.131 -0.033  0.000  1.000  0.021 -0.069 -0.011
       22  0.06223  -0.004 -0.014 -0.009 -0.023  0.023 -0.008 -0.023 -0.021  0.026 -0.006 -0.001  0.000  0.021  1.000  0.001  0.006
       23  0.12647  -0.049  0.024  0.048  0.033 -0.006 -0.016 -0.005  0.015 -0.033  0.034  0.003  0.000 -0.069  0.001  1.000 -0.016
       24  0.13033  -0.088  0.013  0.002 -0.003  0.003  0.075 -0.023  0.002  0.047 -0.012  0.023  0.000 -0.011  0.006 -0.016  1.000
       25  0.11812  -0.010 -0.006  0.055 -0.007 -0.039  0.021 -0.012  0.079  0.004  0.023  0.083  0.000 -0.016 -0.008  0.006 -0.003
                     1.000  0.015  0.017 -0.013
       27  0.08691  -0.032 -0.000 -0.008 -0.015 -0.009  0.011 -0.022 -0.019  0.034 -0.035  0.043  0.000 -0.001 -0.007 -0.007  0.025
                     0.015  1.000  0.026  0.004
       28  0.10331   0.001  0.001  0.035 -0.001 -0.035  0.006 -0.001  0.079  0.011 -0.011  0.064  0.000 -0.011  0.002  0.002 -0.001
                     0.017  0.026  1.000  0.001
       30  0.10859  -0.007  0.015 -0.039  0.004  0.046 -0.014  0.013 -0.033  0.073 -0.056  0.012  0.000  0.038  0.011 -0.011 -0.001
                    -0.013  0.004  0.001  1.000
 ELEMENTS ABOVE DIAGONAL ARE NOT PRINTED.
