 + ++++++++++++++++++++++++++++++++++++++++++++++++++++++++++++++++++++ +
 +                                                                      +
 +           You have chose to blind your fitting according to          +
 +                omega_ref * (1 + (R +/- deltaR) *10^{-6})             +
 +                                                                      +
 + ++++++++++++++++++++++++++++++++++++++++++++++++++++++++++++++++++++ +
In main()...
reading format from ./formats/formatB_sBin_constraintOn.txt
Parameters after format file: pBinTau 0 pBinPhi 0 constraintau 1 includeMopTerm 0 constrainMop 0 c_e_scale 0.000000 
Opening file /gm2data/tbarrett/gm2fr/studies/run23_bunch_corrections/CorrectedFourier_Run3b.root.
reading reference data from /gm2data/zkhechad/cboTemplates/Run4CBOTemplates/templateFits3_floatBoth/noRF/sBin_constraintOn_cE0.0_seed0_noRF_calo23.root (fixing 5-param to these terms)
windowBins = 69
fitting sliding window 69 from bin 205 at 30.436800 to bin 274 at 40.880800 (69 bins)

Reading data from /gm2data/cornell/histograms/aMethod/histogram_a_noRF.root
 **********
 **    1 **SET PRINTOUT            1
 **********
 **********
 **    2 **SET NOWARNINGS 
 **********
 PARAMETER DEFINITIONS:
    NO.   NAME         VALUE      STEP SIZE      LIMITS
     1 N0           3.09594e+06  1.00000e+02     no limits
     2 tau          6.44117e+01  constant
     3 A0           3.43404e-01  1.00000e-04     no limits
     4 phi          4.11981e+00  1.00000e-02     no limits
     5 R           -6.16435e+01  constant
     6 alpha_CBO    0.00000e+00  1.00000e-03     no limits
     7 w_CBO        2.32735e+00  constant
     8 beta_CBO     0.00000e+00  1.00000e-03     no limits
     9 alpha_2CBO   0.00000e+00  1.00000e-03     no limits
    10 beta_2CBO    0.00000e+00  1.00000e-03     no limits
    11 alpha_y      0.00000e+00  1.00000e-03     no limits
    12 w_y          1.38984e+01  constant
    13 beta_y       0.00000e+00  1.00000e-03     no limits
    14 alpha_vw     0.00000e+00  1.00000e-03     no limits
    15 w_vw         1.43156e+01  constant
    16 beta_vw      0.00000e+00  1.00000e-03     no limits
    17 LM           2.43950e-04  constant
    18 zeta_y       0.00000e+00  constant
    19 zeta_vw      0.00000e+00  constant
    20 T_CBO        1.00000e+02  1.00000e+00    0.00000e+00  1.00000e+03
    21 alpha_A0     0.00000e+00  1.00000e-03     no limits
    22 beta_A0      0.00000e+00  1.00000e-03     no limits
    23 alpha_phi    0.00000e+00  1.00000e-03     no limits
    24 beta_phi     0.00000e+00  1.00000e-03     no limits
    25 alpha_vw_m_cbo   0.00000e+00  1.00000e-03     no limits
    26 w_vw_m_cbo   1.20142e+01  constant
    27 beta_vw_m_cbo   0.00000e+00  1.00000e-03     no limits
    28 alpha_vw_p_cbo   0.00000e+00  1.00000e-04     no limits
    29 w_vw_p_cbo   1.67139e+01  constant
    30 beta_vw_p_cbo   0.00000e+00  1.00000e-04     no limits
MINUIT - FIT ONLY WIGGLE
 **********
 **    3 **FIX            5
 **********
 PARAMETER    5  IS CONSTANT.   IGNORED.
 **********
 **    4 **FIX            6
 **********
 **********
 **    5 **FIX            7
 **********
 PARAMETER    7  IS CONSTANT.   IGNORED.
 **********
 **    6 **FIX            8
 **********
 **********
 **    7 **FIX            9
 **********
 **********
 **    8 **FIX           10
 **********
 **********
 **    9 **FIX           11
 **********
 **********
 **   10 **FIX           12
 **********
 PARAMETER   12  IS CONSTANT.   IGNORED.
 **********
 **   11 **FIX           13
 **********
 **********
 **   12 **FIX           14
 **********
 **********
 **   13 **FIX           15
 **********
 PARAMETER   15  IS CONSTANT.   IGNORED.
 **********
 **   14 **FIX           16
 **********
 **********
 **   15 **MIGRAD
 **********
 FIRST CALL TO USER FUNCTION AT NEW START POINT, WITH IFLAG=4.
 START MIGRAD MINIMIZATION.  STRATEGY  1.  CONVERGENCE WHEN EDM .LT. 1.00e-04
 FCN=3.28561e+08 FROM MIGRAD    STATUS=INITIATE      843 CALLS         844 TOTAL
                     EDM= unknown      STRATEGY= 1      NO ERROR MATRIX       
  EXT PARAMETER               CURRENT GUESS       STEP         FIRST   
  NO.   NAME      VALUE            ERROR          SIZE      DERIVATIVE 
   1  N0           3.09594e+06   1.00000e+02   0.00000e+00   4.24452e+02
   2  tau          6.44117e+01   constant   
   3  A0           3.43404e-01   1.00000e-04   0.00000e+00  -2.40066e+08
   4  phi          4.11981e+00   1.00000e-02   0.00000e+00  -1.27077e+06
   5  R           -6.16435e+01   constant   
   6  alpha_CBO    0.00000e+00     fixed    
   7  w_CBO        2.32735e+00   constant   
   8  beta_CBO     0.00000e+00     fixed    
   9  alpha_2CBO   0.00000e+00     fixed    
  10  beta_2CBO    0.00000e+00     fixed    
  11  alpha_y      0.00000e+00     fixed    
  12  w_y          1.38984e+01   constant   
  13  beta_y       0.00000e+00     fixed    
  14  alpha_vw     0.00000e+00     fixed    
  15  w_vw         1.43156e+01   constant   
  16  beta_vw      0.00000e+00     fixed    
  17  LM           2.43950e-04   constant   
  18  zeta_y       0.00000e+00   constant   
  19  zeta_vw      0.00000e+00   constant   
  20  T_CBO        1.00000e+02   1.00000e+00   0.00000e+00   0.00000e+00
  21  alpha_A0     0.00000e+00   1.00000e-03   0.00000e+00   1.88635e+07
  22  beta_A0      0.00000e+00   1.00000e-03   0.00000e+00   4.11186e+07
  23  alpha_phi    0.00000e+00   1.00000e-03   0.00000e+00  -5.19799e+07
  24  beta_phi     0.00000e+00   1.00000e-03   0.00000e+00   2.29774e+07
  25  alpha_vw_m_cbo   0.00000e+00   1.00000e-03   0.00000e+00  -9.34961e+06
  26  w_vw_m_cbo   1.20142e+01   constant   
  27  beta_vw_m_cbo   0.00000e+00   1.00000e-03   0.00000e+00  -1.93289e+06
  28  alpha_vw_p_cbo   0.00000e+00   1.00000e-04   0.00000e+00   4.60882e+06
  29  w_vw_p_cbo   1.67139e+01   constant   
  30  beta_vw_p_cbo   0.00000e+00   1.00000e-04   0.00000e+00   7.54902e+06
 MIGRAD MINIMIZATION HAS CONVERGED.
 FCN=15448.9 FROM MIGRAD    STATUS=CONVERGED    1201 CALLS        1202 TOTAL
                     EDM=1.59831e-06    STRATEGY= 1  ERROR MATRIX UNCERTAINTY   0.6 per cent
  EXT PARAMETER                                   STEP         FIRST   
  NO.   NAME      VALUE            ERROR          SIZE      DERIVATIVE 
   1  N0           1.54793e+06   9.11859e+01  -3.35105e-01   3.82992e-06
   2  tau          6.44117e+01   constant   
   3  A0           3.42830e-01   6.84238e-05   1.41461e-06  -2.40473e+01
   4  phi          4.12614e+00   2.24677e-04  -4.33582e-06   4.54797e+00
   5  R           -6.16435e+01   constant   
   6  alpha_CBO    0.00000e+00     fixed    
   7  w_CBO        2.32735e+00   constant   
   8  beta_CBO     0.00000e+00     fixed    
   9  alpha_2CBO   0.00000e+00     fixed    
  10  beta_2CBO    0.00000e+00     fixed    
  11  alpha_y      0.00000e+00     fixed    
  12  w_y          1.38984e+01   constant   
  13  beta_y       0.00000e+00     fixed    
  14  alpha_vw     0.00000e+00     fixed    
  15  w_vw         1.43156e+01   constant   
  16  beta_vw      0.00000e+00     fixed    
  17  LM           2.43950e-04   constant   
  18  zeta_y       0.00000e+00   constant   
  19  zeta_vw      0.00000e+00   constant   
  20  T_CBO        1.00000e+02   5.20646e+02  -0.00000e+00   0.00000e+00
  21  alpha_A0     2.54469e-03   1.92260e-04   2.08419e-06  -3.08490e-01
  22  beta_A0     -4.81724e-03   2.48101e-04   5.28995e-07   8.59498e-01
  23  alpha_phi    1.20720e-03   3.09923e-04  -1.21871e-07  -2.18454e+00
  24  beta_phi     1.08553e-03   3.34141e-04   5.28664e-06   4.67129e-01
  25  alpha_vw_m_cbo   8.77478e-04   1.29800e-04  -5.81410e-06   3.28199e-01
  26  w_vw_m_cbo   1.20142e+01   constant   
  27  beta_vw_m_cbo   2.02511e-04   8.44852e-05   2.08279e-06   1.99178e+01
  28  alpha_vw_p_cbo  -1.91785e-04   9.21829e-05   2.71468e-06  -4.34028e+00
  29  w_vw_p_cbo   1.67139e+01   constant   
  30  beta_vw_p_cbo  -4.50868e-04   1.07102e-04   4.22094e-06   5.84846e+00
 EXTERNAL ERROR MATRIX.    NDIM=  31    NPAR= 12    ERR DEF=1
 ELEMENTS ABOVE DIAGONAL ARE NOT PRINTED.
  8.315e+03 
  1.410e-03  4.682e-09 
 -1.319e-04  3.625e-10  5.048e-08 
  0.000e+00  0.000e+00  0.000e+00  1.800e+05 
 -1.704e-03  9.478e-10 -1.618e-09  0.000e+00  3.696e-08 
 -3.446e-03 -3.897e-10  3.221e-09  0.000e+00  2.360e-08  6.155e-08 
  5.849e-03  1.339e-09  4.740e-09  0.000e+00  5.535e-09 -8.006e-10  9.605e-08 
 -2.230e-03  1.562e-10  1.495e-08  0.000e+00  1.252e-08 -6.699e-09  1.047e-08  1.116e-07 
  2.135e-04  1.319e-11  3.218e-11  0.000e+00  3.624e-10 -9.288e-10 -1.055e-09  1.250e-09  1.685e-08 
  2.941e-05  1.041e-09 -2.552e-09  0.000e+00  1.359e-09  1.847e-09 -2.515e-09 -1.049e-09 -2.186e-09  7.138e-09 
 -1.073e-04 -2.172e-12  7.043e-10  0.000e+00 -1.244e-10  2.710e-10  8.297e-10  6.550e-10 -5.019e-09  9.712e-10  8.498e-09 
 -1.869e-04 -5.582e-11 -4.998e-10  0.000e+00 -2.737e-10  4.932e-10  4.264e-10 -6.862e-10 -7.602e-09  1.575e-09  3.563e-09 
 -1.869e-04 -5.582e-11 -4.998e-10  0.000e+00 -2.737e-10  4.932e-10  4.264e-10 -6.862e-10 -7.602e-09  1.575e-09  3.563e-09  1.147e-08 
 PARAMETER  CORRELATION COEFFICIENTS  
       NO.  GLOBAL      1      3      4     20     21     22     23     24     25     27     28     30
        1  0.35100   1.000  0.226 -0.006  0.000 -0.097 -0.152  0.207 -0.073  0.018  0.004 -0.013 -0.019
        3  0.31151   0.226  1.000  0.024  0.000  0.072 -0.023  0.063  0.007  0.001  0.180 -0.000 -0.008
        4  0.29600  -0.006  0.024  1.000  0.000 -0.037  0.058  0.068  0.199  0.001 -0.134  0.034 -0.021
       20  0.00000   0.000  0.000  0.000  1.000  0.000  0.000  0.000  0.000  0.000  0.000  0.000  0.000
       21  0.57434  -0.097  0.072 -0.037  0.000  1.000  0.495  0.093  0.195  0.015  0.084 -0.007 -0.013
       22  0.55684  -0.152 -0.023  0.058  0.000  0.495  1.000 -0.010 -0.081 -0.029  0.088  0.012  0.019
       23  0.28591   0.207  0.063  0.068  0.000  0.093 -0.010  1.000  0.101 -0.026 -0.096  0.029  0.013
       24  0.37818  -0.073  0.007  0.199  0.000  0.195 -0.081  0.101  1.000  0.029 -0.037  0.021 -0.019
       25  0.60487   0.018  0.001  0.001  0.000  0.015 -0.029 -0.026  0.029  1.000 -0.199 -0.419 -0.547
       27  0.34583   0.004  0.180 -0.134  0.000  0.084  0.088 -0.096 -0.037 -0.199  1.000  0.125  0.174
       28  0.45218  -0.013 -0.000  0.034  0.000 -0.007  0.012  0.029  0.021 -0.419  0.125  1.000  0.361
       30  0.56958  -0.019 -0.008 -0.021  0.000 -0.013  0.019  0.013 -0.019 -0.547  0.174  0.361  1.000
MINUIT - FIT ONLY 1-CBO + wiggle
 **********
 **   16 **RES 
 **********
                   PARAMETER   16  beta_vw RESTORED TO VARIABLE.
                   PARAMETER   14  alpha_vw RESTORED TO VARIABLE.
                   PARAMETER   13  beta_y RESTORED TO VARIABLE.
                   PARAMETER   11  alpha_y RESTORED TO VARIABLE.
                   PARAMETER   10  beta_2CBO RESTORED TO VARIABLE.
                   PARAMETER    9  alpha_2CBO RESTORED TO VARIABLE.
                   PARAMETER    8  beta_CBO RESTORED TO VARIABLE.
                   PARAMETER    6  alpha_CBO RESTORED TO VARIABLE.
 **********
 **   17 **FIX            8
 **********
 **********
 **   18 **FIX            9
 **********
 **********
 **   19 **FIX           11
 **********
 **********
 **   20 **FIX           12
 **********
 PARAMETER   12  IS CONSTANT.   IGNORED.
 **********
 **   21 **FIX           14
 **********
 **********
 **   22 **FIX           15
 **********
 PARAMETER   15  IS CONSTANT.   IGNORED.
 **********
 **   23 **FIX           16
 **********
 **********
 **   24 **MIGRAD
 **********
 START MIGRAD MINIMIZATION.  STRATEGY  1.  CONVERGENCE WHEN EDM .LT. 1.00e-04
 FCN=15448.9 FROM MIGRAD    STATUS=INITIATE     1225 CALLS        2427 TOTAL
                     EDM= unknown      STRATEGY= 1      NO ERROR MATRIX       
  EXT PARAMETER               CURRENT GUESS       STEP         FIRST   
  NO.   NAME      VALUE            ERROR          SIZE      DERIVATIVE 
   1  N0           1.54793e+06   9.11859e+01   0.00000e+00   3.82992e-06
   2  tau          6.44117e+01   constant   
   3  A0           3.42830e-01   6.84238e-05   0.00000e+00  -2.40473e+01
   4  phi          4.12614e+00   2.24677e-04   0.00000e+00   4.54797e+00
   5  R           -6.16435e+01   constant   
   6  alpha_CBO    0.00000e+00   1.00000e-03   0.00000e+00   1.36915e+06
   7  w_CBO        2.32735e+00   constant   
   8  beta_CBO     0.00000e+00     fixed    
   9  alpha_2CBO   0.00000e+00     fixed    
  10  beta_2CBO    0.00000e+00   1.00000e-03   0.00000e+00  -2.66050e+03
  11  alpha_y      0.00000e+00     fixed    
  12  w_y          1.38984e+01   constant   
  13  beta_y       0.00000e+00   1.00000e-03   0.00000e+00  -6.59485e+04
  14  alpha_vw     0.00000e+00     fixed    
  15  w_vw         1.43156e+01   constant   
  16  beta_vw      0.00000e+00     fixed    
  17  LM           2.43950e-04   constant   
  18  zeta_y       0.00000e+00   constant   
  19  zeta_vw      0.00000e+00   constant   
  20  T_CBO        1.00000e+02   5.20646e+02   0.00000e+00   0.00000e+00
  21  alpha_A0     2.54469e-03   1.92260e-04   0.00000e+00  -3.08487e-01
  22  beta_A0     -4.81724e-03   2.48101e-04   0.00000e+00   8.59501e-01
  23  alpha_phi    1.20720e-03   3.09923e-04   0.00000e+00  -2.18454e+00
  24  beta_phi     1.08553e-03   3.34141e-04   0.00000e+00   4.67130e-01
  25  alpha_vw_m_cbo   8.77478e-04   1.29800e-04   0.00000e+00   3.28205e-01
  26  w_vw_m_cbo   1.20142e+01   constant   
  27  beta_vw_m_cbo   2.02511e-04   8.44852e-05   0.00000e+00   1.99178e+01
  28  alpha_vw_p_cbo  -1.91785e-04   9.21829e-05   0.00000e+00  -4.34028e+00
  29  w_vw_p_cbo   1.67139e+01   constant   
  30  beta_vw_p_cbo  -4.50868e-04   1.07102e-04   0.00000e+00   5.84845e+00
 MIGRAD MINIMIZATION HAS CONVERGED.
 FCN=2720.12 FROM MIGRAD    STATUS=CONVERGED    1445 CALLS        2647 TOTAL
                     EDM=1.5291e-06    STRATEGY= 1  ERROR MATRIX UNCERTAINTY   3.3 per cent
  EXT PARAMETER                                   STEP         FIRST   
  NO.   NAME      VALUE            ERROR          SIZE      DERIVATIVE 
   1  N0           1.54808e+06   8.54720e+01  -2.57157e-01   1.39890e-05
   2  tau          6.44117e+01   constant   
   3  A0           3.43313e-01   6.60766e-05  -6.19377e-08   1.91915e+01
   4  phi          4.11979e+00   2.31546e-04   8.43825e-07   1.69820e+00
   5  R           -6.16435e+01   constant   
   6  alpha_CBO   -1.85569e-02   1.64672e-04  -1.49363e-08   1.47127e-02
   7  w_CBO        2.32735e+00   constant   
   8  beta_CBO     0.00000e+00     fixed    
   9  alpha_2CBO   0.00000e+00     fixed    
  10  beta_2CBO    8.43957e-06   1.57320e-04  -5.49492e-07  -5.61837e+00
  11  alpha_y      0.00000e+00     fixed    
  12  w_y          1.38984e+01   constant   
  13  beta_y       7.12918e-04   1.57152e-04  -1.42634e-07   4.32472e-01
  14  alpha_vw     0.00000e+00     fixed    
  15  w_vw         1.43156e+01   constant   
  16  beta_vw      0.00000e+00     fixed    
  17  LM           2.43950e-04   constant   
  18  zeta_y       0.00000e+00   constant   
  19  zeta_vw      0.00000e+00   constant   
  20  T_CBO        1.00000e+02   5.20646e+02  -0.00000e+00   0.00000e+00
  21  alpha_A0    -5.77420e-03   2.92143e-04  -7.74553e-07  -1.48267e-01
  22  beta_A0     -4.04732e-03   2.78127e-04   6.55471e-07  -5.87464e-01
  23  alpha_phi   -5.72576e-04   3.00282e-04  -8.23901e-07   3.54892e+00
  24  beta_phi    -2.05524e-03   3.39912e-04  -1.69961e-07  -2.91044e-01
  25  alpha_vw_m_cbo   6.81889e-04   1.56909e-04  -2.61454e-07  -8.43517e-01
  26  w_vw_m_cbo   1.20142e+01   constant   
  27  beta_vw_m_cbo   1.89881e-04   1.55429e-04  -9.61120e-09  -2.43586e+00
  28  alpha_vw_p_cbo  -1.17231e-04   1.56583e-04   1.03980e-07   1.21841e+00
  29  w_vw_p_cbo   1.67139e+01   constant   
  30  beta_vw_p_cbo  -3.88623e-04   1.56150e-04   3.20445e-07  -2.04993e+00
 EXTERNAL ERROR MATRIX.    NDIM=  31    NPAR= 15    ERR DEF=1
 ELEMENTS ABOVE DIAGONAL ARE NOT PRINTED.
  7.305e+03 
  7.387e-04  4.366e-09 
 -7.982e-04 -5.593e-10  5.361e-08 
 -1.467e-04 -7.005e-10  9.271e-09  2.712e-08 
  1.314e-03  3.314e-10  2.709e-09  1.006e-10  2.475e-08 
  3.628e-04  6.640e-11 -1.088e-10  1.533e-10  1.038e-10  2.470e-08 
  0.000e+00  0.000e+00  0.000e+00  0.000e+00  0.000e+00  0.000e+00  1.800e+05 
 -1.546e-03  5.732e-10  4.980e-09  1.213e-08 -4.766e-09 -2.150e-10  0.000e+00  8.535e-08 
 -3.708e-03  9.971e-11  3.407e-10 -1.197e-09 -3.197e-09 -2.807e-10  0.000e+00 -1.390e-09  7.735e-08 
  3.119e-03 -5.900e-10  5.366e-09  2.607e-09 -8.365e-11  5.867e-11  0.000e+00  5.309e-09 -1.566e-12  9.017e-08 
 -1.300e-03  5.922e-10  1.717e-08  4.622e-09  8.084e-09  5.233e-11  0.000e+00  5.012e-09 -3.355e-09  1.269e-08  1.155e-07 
  5.450e-04  9.754e-11  5.964e-10  2.999e-10 -5.887e-11  3.082e-11  0.000e+00 -3.001e-10 -7.609e-10  5.528e-12  7.980e-10 
  5.450e-04  9.754e-11  5.964e-10  2.999e-10 -5.887e-11  3.082e-11  0.000e+00 -3.001e-10 -7.609e-10  5.528e-12  7.980e-10  2.462e-08 
  1.590e-04  4.453e-12 -7.925e-10  1.979e-11  1.086e-10 -1.501e-11  0.000e+00 -2.417e-10  4.444e-11 -4.356e-10 -1.509e-09 
  1.590e-04  4.453e-12 -7.925e-10  1.979e-11  1.086e-10 -1.501e-11  0.000e+00 -2.417e-10  4.444e-11 -4.356e-10 -1.509e-09  2.764e-11  2.416e-08 
 -2.929e-04 -5.812e-11  6.632e-11 -1.180e-10 -1.702e-10 -1.955e-11  0.000e+00  2.837e-10  4.137e-10  3.220e-11  2.156e-10 
 -2.929e-04 -5.812e-11  6.632e-11 -1.180e-10 -1.702e-10 -1.955e-11  0.000e+00  2.837e-10  4.137e-10  3.220e-11  2.156e-10 -4.356e-11 -3.032e-11  2.452e-08 
 -5.580e-04 -1.687e-10 -5.455e-10 -1.095e-10  1.174e-10 -9.339e-11  0.000e+00 -7.109e-11  1.088e-09 -4.338e-10 -6.383e-10 
 -5.580e-04 -1.687e-10 -5.455e-10 -1.095e-10  1.174e-10 -9.339e-11  0.000e+00 -7.109e-11  1.088e-09 -4.338e-10 -6.383e-10 -5.835e-11 -3.574e-11  6.499e-11  2.438e-08 
 PARAMETER  CORRELATION COEFFICIENTS  
       NO.  GLOBAL      1      3      4      6     10     13     20     21     22     23     24     25     27     28     30
        1  0.28304   1.000  0.131 -0.040 -0.010  0.098  0.027  0.000 -0.062 -0.156  0.122 -0.045  0.041  0.012 -0.022 -0.042
        3  0.17323   0.131  1.000 -0.037 -0.064  0.032  0.006  0.000  0.030  0.005 -0.030  0.026  0.009  0.000 -0.006 -0.016
        4  0.32460  -0.040 -0.037  1.000  0.243  0.074 -0.003  0.000  0.074  0.005  0.077  0.218  0.016 -0.022  0.002 -0.015
        6  0.34668  -0.010 -0.064  0.243  1.000  0.004  0.006  0.000  0.252 -0.026  0.053  0.083  0.012  0.001 -0.005 -0.004
       10  0.22889   0.098  0.032  0.074  0.004  1.000  0.004  0.000 -0.104 -0.073 -0.002  0.151 -0.002  0.004 -0.007  0.005
       13  0.02894   0.027  0.006 -0.003  0.006  0.004  1.000  0.000 -0.005 -0.006  0.001  0.001  0.001 -0.001 -0.001 -0.004
       20  0.00000   0.000  0.000  0.000  0.000  0.000  0.000  1.000  0.000  0.000  0.000  0.000  0.000  0.000  0.000  0.000
       21  0.29217  -0.062  0.030  0.074  0.252 -0.104 -0.005  0.000  1.000 -0.017  0.061  0.050 -0.007 -0.005  0.006 -0.002
       22  0.18009  -0.156  0.005  0.005 -0.026 -0.073 -0.006  0.000 -0.017  1.000 -0.000 -0.035 -0.017  0.001  0.009  0.025
       23  0.20631   0.122 -0.030  0.077  0.053 -0.002  0.001  0.000  0.061 -0.000  1.000  0.124  0.000 -0.009  0.001 -0.009
       24  0.29617  -0.045  0.026  0.218  0.083  0.151  0.001  0.000  0.050 -0.035  0.124  1.000  0.015 -0.029  0.004 -0.012
       25  0.05097   0.041  0.009  0.016  0.012 -0.002  0.001  0.000 -0.007 -0.017  0.000  0.015  1.000  0.001 -0.002 -0.002
       27  0.03700   0.012  0.000 -0.022  0.001  0.004 -0.001  0.000 -0.005  0.001 -0.009 -0.029  0.001  1.000 -0.001 -0.001
       28  0.02523  -0.022 -0.006  0.002 -0.005 -0.007 -0.001  0.000  0.006  0.009  0.001  0.004 -0.002 -0.001  1.000  0.003
       30  0.05291  -0.042 -0.016 -0.015 -0.004  0.005 -0.004  0.000 -0.002  0.025 -0.009 -0.012 -0.002 -0.001  0.003  1.000
MINUIT - FIT ONLY 2-CBO
 **********
 **   25 **RES 
 **********
                   PARAMETER   16  beta_vw RESTORED TO VARIABLE.
                   PARAMETER   14  alpha_vw RESTORED TO VARIABLE.
                   PARAMETER   11  alpha_y RESTORED TO VARIABLE.
                   PARAMETER    9  alpha_2CBO RESTORED TO VARIABLE.
                   PARAMETER    8  beta_CBO RESTORED TO VARIABLE.
 **********
 **   26 **FIX            0
 **********
 PARAMETER    0  IS UNDEFINED. IGNORED.
 **********
 **   27 **FIX            1
 **********
 **********
 **   28 **FIX            2
 **********
 PARAMETER    2  IS CONSTANT.   IGNORED.
 **********
 **   29 **FIX            3
 **********
 **********
 **   30 **FIX            4
 **********
 **********
 **   31 **FIX            5
 **********
 PARAMETER    5  IS CONSTANT.   IGNORED.
 **********
 **   32 **FIX            6
 **********
 **********
 **   33 **FIX            7
 **********
 PARAMETER    7  IS CONSTANT.   IGNORED.
 **********
 **   34 **FIX           10
 **********
 **********
 **   35 **FIX           11
 **********
 **********
 **   36 **FIX           12
 **********
 PARAMETER   12  IS CONSTANT.   IGNORED.
 **********
 **   37 **FIX           13
 **********
 **********
 **   38 **FIX           14
 **********
 **********
 **   39 **FIX           15
 **********
 PARAMETER   15  IS CONSTANT.   IGNORED.
 **********
 **   40 **FIX           16
 **********
 **********
 **   41 **MIGRAD
 **********
 START MIGRAD MINIMIZATION.  STRATEGY  1.  CONVERGENCE WHEN EDM .LT. 1.00e-04
 FCN=2720.12 FROM MIGRAD    STATUS=INITIATE      719 CALLS        3366 TOTAL
                     EDM= unknown      STRATEGY= 1      NO ERROR MATRIX       
  EXT PARAMETER               CURRENT GUESS       STEP         FIRST   
  NO.   NAME      VALUE            ERROR          SIZE      DERIVATIVE 
   1  N0           1.54808e+06     fixed    
   2  tau          6.44117e+01   constant   
   3  A0           3.43313e-01     fixed    
   4  phi          4.11979e+00     fixed    
   5  R           -6.16435e+01   constant   
   6  alpha_CBO   -1.85569e-02     fixed    
   7  w_CBO        2.32735e+00   constant   
   8  beta_CBO     0.00000e+00   1.00000e-03   0.00000e+00   1.06444e+05
   9  alpha_2CBO   0.00000e+00   1.00000e-03   0.00000e+00   2.50546e+04
  10  beta_2CBO    8.43957e-06     fixed    
  11  alpha_y      0.00000e+00     fixed    
  12  w_y          1.38984e+01   constant   
  13  beta_y       7.12918e-04     fixed    
  14  alpha_vw     0.00000e+00     fixed    
  15  w_vw         1.43156e+01   constant   
  16  beta_vw      0.00000e+00     fixed    
  17  LM           2.43950e-04   constant   
  18  zeta_y       0.00000e+00   constant   
  19  zeta_vw      0.00000e+00   constant   
  20  T_CBO        1.00000e+02   5.20646e+02   0.00000e+00   0.00000e+00
  21  alpha_A0    -5.77420e-03   2.92143e-04   0.00000e+00  -1.48263e-01
  22  beta_A0     -4.04732e-03   2.78127e-04   0.00000e+00  -5.87461e-01
  23  alpha_phi   -5.72576e-04   3.00282e-04   0.00000e+00   3.54892e+00
  24  beta_phi    -2.05524e-03   3.39912e-04   0.00000e+00  -2.91030e-01
  25  alpha_vw_m_cbo   6.81889e-04   1.56909e-04   0.00000e+00  -8.43518e-01
  26  w_vw_m_cbo   1.20142e+01   constant   
  27  beta_vw_m_cbo   1.89881e-04   1.55429e-04   0.00000e+00  -2.43587e+00
  28  alpha_vw_p_cbo  -1.17231e-04   1.56583e-04   0.00000e+00   1.21841e+00
  29  w_vw_p_cbo   1.67139e+01   constant   
  30  beta_vw_p_cbo  -3.88623e-04   1.56150e-04   0.00000e+00  -2.04994e+00
 MIGRAD MINIMIZATION HAS CONVERGED.
 MIGRAD WILL VERIFY CONVERGENCE AND ERROR MATRIX.
  MNHESS FAILS AND WILL RETURN DIAGONAL MATRIX. 
 FCN=2642.25 FROM MIGRAD    STATUS=CONVERGED     844 CALLS        3491 TOTAL
                     EDM=6.26904e-08    STRATEGY= 1  ERROR MATRIX UNCERTAINTY 100.0 per cent
  EXT PARAMETER                APPROXIMATE        STEP         FIRST   
  NO.   NAME      VALUE            ERROR          SIZE      DERIVATIVE 
   1  N0           1.54808e+06     fixed    
   2  tau          6.44117e+01   constant   
   3  A0           3.43313e-01     fixed    
   4  phi          4.11979e+00     fixed    
   5  R           -6.16435e+01   constant   
   6  alpha_CBO   -1.85569e-02     fixed    
   7  w_CBO        2.32735e+00   constant   
   8  beta_CBO    -1.38721e-03   1.57744e-04   3.95997e-06   2.19275e-01
   9  alpha_2CBO  -3.22876e-04   1.55950e-04   3.91494e-06  -1.37571e+00
  10  beta_2CBO    8.43957e-06     fixed    
  11  alpha_y      0.00000e+00     fixed    
  12  w_y          1.38984e+01   constant   
  13  beta_y       7.12918e-04     fixed    
  14  alpha_vw     0.00000e+00     fixed    
  15  w_vw         1.43156e+01   constant   
  16  beta_vw      0.00000e+00     fixed    
  17  LM           2.43950e-04   constant   
  18  zeta_y       0.00000e+00   constant   
  19  zeta_vw      0.00000e+00   constant   
  20  T_CBO        1.00000e+02   7.59439e+02  -0.00000e+00   0.00000e+00
  21  alpha_A0    -5.68998e-03   2.79355e-04  -7.38475e-07  -1.56709e-02
  22  beta_A0     -4.61049e-03   2.73392e-04  -4.39451e-08  -4.21000e-01
  23  alpha_phi   -7.31765e-04   2.99863e-04  -1.30610e-07   1.00146e+00
  24  beta_phi    -2.03579e-03   3.25501e-04  -6.60305e-07  -3.39058e-01
  25  alpha_vw_m_cbo   6.62036e-04   1.56913e-04  -1.14833e-07   1.04125e+00
  26  w_vw_m_cbo   1.20142e+01   constant   
  27  beta_vw_m_cbo   1.87797e-04   1.55258e-04   1.23117e-07  -1.83703e-01
  28  alpha_vw_p_cbo  -1.05163e-04   1.56471e-04  -8.17152e-09  -2.70030e-01
  29  w_vw_p_cbo   1.67139e+01   constant   
  30  beta_vw_p_cbo  -3.71738e-04   1.55690e-04   1.08605e-07  -9.35422e-01
 EXTERNAL ERROR MATRIX.    NDIM=  31    NPAR= 11    ERR DEF=1
  2.488e-08 
  0.000e+00  2.432e-08 
  0.000e+00  0.000e+00  5.421e+05 
  0.000e+00  0.000e+00  0.000e+00  7.804e-08 
  0.000e+00  0.000e+00  0.000e+00  0.000e+00  7.474e-08 
  0.000e+00  0.000e+00  0.000e+00  0.000e+00  0.000e+00  8.992e-08 
  0.000e+00  0.000e+00  0.000e+00  0.000e+00  0.000e+00  0.000e+00  1.060e-07 
  0.000e+00  0.000e+00  0.000e+00  0.000e+00  0.000e+00  0.000e+00  0.000e+00  2.462e-08 
  0.000e+00  0.000e+00  0.000e+00  0.000e+00  0.000e+00  0.000e+00  0.000e+00  0.000e+00  2.411e-08 
  0.000e+00  0.000e+00  0.000e+00  0.000e+00  0.000e+00  0.000e+00  0.000e+00  0.000e+00  0.000e+00  2.448e-08 
  0.000e+00  0.000e+00  0.000e+00  0.000e+00  0.000e+00  0.000e+00  0.000e+00  0.000e+00  0.000e+00  0.000e+00  2.424e-08 
ERR MATRIX APPROXIMATE
 PARAMETER  CORRELATION COEFFICIENTS  
       NO.  GLOBAL      8      9     20     21     22     23     24     25     27     28     30
        8  0.00000   1.000  0.000  0.000  0.000  0.000  0.000  0.000  0.000  0.000  0.000  0.000
        9  0.00000   0.000  1.000  0.000  0.000  0.000  0.000  0.000  0.000  0.000  0.000  0.000
       20  0.00000   0.000  0.000  1.000  0.000  0.000  0.000  0.000  0.000  0.000  0.000  0.000
       21  0.00000   0.000  0.000  0.000  1.000  0.000  0.000  0.000  0.000  0.000  0.000  0.000
       22  0.00000   0.000  0.000  0.000  0.000  1.000  0.000  0.000  0.000  0.000  0.000  0.000
       23  0.00000   0.000  0.000  0.000  0.000  0.000  1.000  0.000  0.000  0.000  0.000  0.000
       24  0.00000   0.000  0.000  0.000  0.000  0.000  0.000  1.000  0.000  0.000  0.000  0.000
       25  0.00000   0.000  0.000  0.000  0.000  0.000  0.000  0.000  1.000  0.000  0.000  0.000
       27  0.00000   0.000  0.000  0.000  0.000  0.000  0.000  0.000  0.000  1.000  0.000  0.000
       28  0.00000   0.000  0.000  0.000  0.000  0.000  0.000  0.000  0.000  0.000  1.000  0.000
       30  0.00000   0.000  0.000  0.000  0.000  0.000  0.000  0.000  0.000  0.000  0.000  1.000
 ERR MATRIX APPROXIMATE
MINUIT - FIT wiggle + 1-CBO + 2-CBO
 **********
 **   42 **RES 
 **********
                   PARAMETER   16  beta_vw RESTORED TO VARIABLE.
                   PARAMETER   14  alpha_vw RESTORED TO VARIABLE.
                   PARAMETER   13  beta_y RESTORED TO VARIABLE.
                   PARAMETER   11  alpha_y RESTORED TO VARIABLE.
                   PARAMETER   10  beta_2CBO RESTORED TO VARIABLE.
                   PARAMETER    6  alpha_CBO RESTORED TO VARIABLE.
                   PARAMETER    4  phi RESTORED TO VARIABLE.
                   PARAMETER    3  A0 RESTORED TO VARIABLE.
                   PARAMETER    1  N0 RESTORED TO VARIABLE.
 **********
 **   43 **FIX           10
 **********
 **********
 **   44 **FIX           11
 **********
 **********
 **   45 **FIX           12
 **********
 PARAMETER   12  IS CONSTANT.   IGNORED.
 **********
 **   46 **FIX           13
 **********
 **********
 **   47 **FIX           14
 **********
 **********
 **   48 **FIX           15
 **********
 PARAMETER   15  IS CONSTANT.   IGNORED.
 **********
 **   49 **FIX           16
 **********
 **********
 **   50 **MIGRAD
 **********
 START MIGRAD MINIMIZATION.  STRATEGY  1.  CONVERGENCE WHEN EDM .LT. 1.00e-04
 FCN=2642.25 FROM MIGRAD    STATUS=INITIATE     1219 CALLS        4710 TOTAL
                     EDM= unknown      STRATEGY= 1      NO ERROR MATRIX       
  EXT PARAMETER               CURRENT GUESS       STEP         FIRST   
  NO.   NAME      VALUE            ERROR          SIZE      DERIVATIVE 
   1  N0           1.54808e+06   8.54720e+01   0.00000e+00  -8.41355e-04
   2  tau          6.44117e+01   constant   
   3  A0           3.43313e-01   6.60766e-05   0.00000e+00  -3.77514e+04
   4  phi          4.11979e+00   2.31546e-04   0.00000e+00  -6.77149e+03
   5  R           -6.16435e+01   constant   
   6  alpha_CBO   -1.85569e-02   1.64672e-04   0.00000e+00   1.28445e+03
   7  w_CBO        2.32735e+00   constant   
   8  beta_CBO    -1.38721e-03   1.57744e-04   0.00000e+00   2.19272e-01
   9  alpha_2CBO  -3.22876e-04   1.55950e-04   0.00000e+00  -1.37571e+00
  10  beta_2CBO    8.43957e-06     fixed    
  11  alpha_y      0.00000e+00     fixed    
  12  w_y          1.38984e+01   constant   
  13  beta_y       7.12918e-04     fixed    
  14  alpha_vw     0.00000e+00     fixed    
  15  w_vw         1.43156e+01   constant   
  16  beta_vw      0.00000e+00     fixed    
  17  LM           2.43950e-04   constant   
  18  zeta_y       0.00000e+00   constant   
  19  zeta_vw      0.00000e+00   constant   
  20  T_CBO        1.00000e+02   7.59439e+02   0.00000e+00   0.00000e+00
  21  alpha_A0    -5.68998e-03   2.79355e-04   0.00000e+00  -1.56700e-02
  22  beta_A0     -4.61049e-03   2.73392e-04   0.00000e+00  -4.21003e-01
  23  alpha_phi   -7.31765e-04   2.99863e-04   0.00000e+00   1.00143e+00
  24  beta_phi    -2.03579e-03   3.25501e-04   0.00000e+00  -3.39072e-01
  25  alpha_vw_m_cbo   6.62036e-04   1.56913e-04   0.00000e+00   1.04125e+00
  26  w_vw_m_cbo   1.20142e+01   constant   
  27  beta_vw_m_cbo   1.87797e-04   1.55258e-04   0.00000e+00  -1.83698e-01
  28  alpha_vw_p_cbo  -1.05163e-04   1.56471e-04   0.00000e+00  -2.70037e-01
  29  w_vw_p_cbo   1.67139e+01   constant   
  30  beta_vw_p_cbo  -3.71738e-04   1.55690e-04   0.00000e+00  -9.35424e-01
 MIGRAD MINIMIZATION HAS CONVERGED.
 MIGRAD WILL VERIFY CONVERGENCE AND ERROR MATRIX.
  MNHESS FAILS AND WILL RETURN DIAGONAL MATRIX. 
 FCN=2639.83 FROM MIGRAD    STATUS=CONVERGED    1392 CALLS        4883 TOTAL
                     EDM=2.26455e-06    STRATEGY= 1  ERROR MATRIX UNCERTAINTY 100.0 per cent
  EXT PARAMETER                APPROXIMATE        STEP         FIRST   
  NO.   NAME      VALUE            ERROR          SIZE      DERIVATIVE 
   1  N0           1.54811e+06   8.54201e+01   2.14315e+00   1.41284e-05
   2  tau          6.44117e+01   constant   
   3  A0           3.43408e-01   6.70565e-05   1.68260e-06   3.19055e+00
   4  phi          4.11998e+00   2.20511e-04   5.53312e-06  -3.89156e+00
   5  R           -6.16435e+01   constant   
   6  alpha_CBO   -1.85562e-02   1.54466e-04   3.87591e-06   1.25625e+00
   7  w_CBO        2.32735e+00   constant   
   8  beta_CBO    -1.43566e-03   1.57743e-04   3.95813e-06   4.19406e+00
   9  alpha_2CBO  -3.09949e-04   1.55950e-04   3.91314e-06  -7.64126e+00
  10  beta_2CBO    8.43957e-06     fixed    
  11  alpha_y      0.00000e+00     fixed    
  12  w_y          1.38984e+01   constant   
  13  beta_y       7.12918e-04     fixed    
  14  alpha_vw     0.00000e+00     fixed    
  15  w_vw         1.43156e+01   constant   
  16  beta_vw      0.00000e+00     fixed    
  17  LM           2.43950e-04   constant   
  18  zeta_y       0.00000e+00   constant   
  19  zeta_vw      0.00000e+00   constant   
  20  T_CBO        1.00000e+02   9.44762e+02  -0.00000e+00   0.00000e+00
  21  alpha_A0    -5.66872e-03   2.79275e-04   5.04930e-08  -5.91810e+00
  22  beta_A0     -4.62090e-03   2.73311e-04   3.16952e-07  -1.44327e+00
  23  alpha_phi   -6.79735e-04   2.99811e-04   2.07974e-07   9.01796e-01
  24  beta_phi    -1.97695e-03   3.25465e-04   4.67349e-07  -1.87237e-02
  25  alpha_vw_m_cbo   6.59700e-04   1.56913e-04   1.16689e-07   2.83022e-01
  26  w_vw_m_cbo   1.20142e+01   constant   
  27  beta_vw_m_cbo   1.83813e-04   1.55258e-04  -4.63115e-09   1.72393e+00
  28  alpha_vw_p_cbo  -1.02871e-04   1.56471e-04  -3.82560e-08  -7.72694e-01
  29  w_vw_p_cbo   1.67139e+01   constant   
  30  beta_vw_p_cbo  -3.70434e-04   1.55690e-04  -1.00758e-07   5.96156e-02
 EXTERNAL ERROR MATRIX.    NDIM=  31    NPAR= 15    ERR DEF=1
 ELEMENTS ABOVE DIAGONAL ARE NOT PRINTED.
  7.297e+03 
  0.000e+00  4.497e-09 
  0.000e+00  0.000e+00  4.862e-08 
  0.000e+00  0.000e+00  0.000e+00  2.386e-08 
  0.000e+00  0.000e+00  0.000e+00  0.000e+00  2.488e-08 
  0.000e+00  0.000e+00  0.000e+00  0.000e+00  0.000e+00  2.432e-08 
  0.000e+00  0.000e+00  0.000e+00  0.000e+00  0.000e+00  0.000e+00  1.153e+06 
  0.000e+00  0.000e+00  0.000e+00  0.000e+00  0.000e+00  0.000e+00  0.000e+00  7.799e-08 
  0.000e+00  0.000e+00  0.000e+00  0.000e+00  0.000e+00  0.000e+00  0.000e+00  0.000e+00  7.470e-08 
  0.000e+00  0.000e+00  0.000e+00  0.000e+00  0.000e+00  0.000e+00  0.000e+00  0.000e+00  0.000e+00  8.989e-08 
  0.000e+00  0.000e+00  0.000e+00  0.000e+00  0.000e+00  0.000e+00  0.000e+00  0.000e+00  0.000e+00  0.000e+00  1.059e-07 
  0.000e+00  0.000e+00  0.000e+00  0.000e+00  0.000e+00  0.000e+00  0.000e+00  0.000e+00  0.000e+00  0.000e+00  0.000e+00 
  0.000e+00  0.000e+00  0.000e+00  0.000e+00  0.000e+00  0.000e+00  0.000e+00  0.000e+00  0.000e+00  0.000e+00  0.000e+00  2.462e-08 
  0.000e+00  0.000e+00  0.000e+00  0.000e+00  0.000e+00  0.000e+00  0.000e+00  0.000e+00  0.000e+00  0.000e+00  0.000e+00 
  0.000e+00  0.000e+00  0.000e+00  0.000e+00  0.000e+00  0.000e+00  0.000e+00  0.000e+00  0.000e+00  0.000e+00  0.000e+00  0.000e+00  2.411e-08 
  0.000e+00  0.000e+00  0.000e+00  0.000e+00  0.000e+00  0.000e+00  0.000e+00  0.000e+00  0.000e+00  0.000e+00  0.000e+00 
  0.000e+00  0.000e+00  0.000e+00  0.000e+00  0.000e+00  0.000e+00  0.000e+00  0.000e+00  0.000e+00  0.000e+00  0.000e+00  0.000e+00  0.000e+00  2.448e-08 
  0.000e+00  0.000e+00  0.000e+00  0.000e+00  0.000e+00  0.000e+00  0.000e+00  0.000e+00  0.000e+00  0.000e+00  0.000e+00 
  0.000e+00  0.000e+00  0.000e+00  0.000e+00  0.000e+00  0.000e+00  0.000e+00  0.000e+00  0.000e+00  0.000e+00  0.000e+00  0.000e+00  0.000e+00  0.000e+00  2.424e-08 
ERR MATRIX APPROXIMATE
 PARAMETER  CORRELATION COEFFICIENTS  
       NO.  GLOBAL      1      3      4      6      8      9     20     21     22     23     24     25     27     28     30
        1  0.00000   1.000  0.000  0.000  0.000  0.000  0.000  0.000  0.000  0.000  0.000  0.000  0.000  0.000  0.000  0.000
        3  0.00000   0.000  1.000  0.000  0.000  0.000  0.000  0.000  0.000  0.000  0.000  0.000  0.000  0.000  0.000  0.000
        4  0.00000   0.000  0.000  1.000  0.000  0.000  0.000  0.000  0.000  0.000  0.000  0.000  0.000  0.000  0.000  0.000
        6  0.00000   0.000  0.000  0.000  1.000  0.000  0.000  0.000  0.000  0.000  0.000  0.000  0.000  0.000  0.000  0.000
        8  0.00000   0.000  0.000  0.000  0.000  1.000  0.000  0.000  0.000  0.000  0.000  0.000  0.000  0.000  0.000  0.000
        9  0.00000   0.000  0.000  0.000  0.000  0.000  1.000  0.000  0.000  0.000  0.000  0.000  0.000  0.000  0.000  0.000
       20  0.00000   0.000  0.000  0.000  0.000  0.000  0.000  1.000  0.000  0.000  0.000  0.000  0.000  0.000  0.000  0.000
       21  0.00000   0.000  0.000  0.000  0.000  0.000  0.000  0.000  1.000  0.000  0.000  0.000  0.000  0.000  0.000  0.000
       22  0.00000   0.000  0.000  0.000  0.000  0.000  0.000  0.000  0.000  1.000  0.000  0.000  0.000  0.000  0.000  0.000
       23  0.00000   0.000  0.000  0.000  0.000  0.000  0.000  0.000  0.000  0.000  1.000  0.000  0.000  0.000  0.000  0.000
       24  0.00000   0.000  0.000  0.000  0.000  0.000  0.000  0.000  0.000  0.000  0.000  1.000  0.000  0.000  0.000  0.000
       25  0.00000   0.000  0.000  0.000  0.000  0.000  0.000  0.000  0.000  0.000  0.000  0.000  1.000  0.000  0.000  0.000
       27  0.00000   0.000  0.000  0.000  0.000  0.000  0.000  0.000  0.000  0.000  0.000  0.000  0.000  1.000  0.000  0.000
       28  0.00000   0.000  0.000  0.000  0.000  0.000  0.000  0.000  0.000  0.000  0.000  0.000  0.000  0.000  1.000  0.000
       30  0.00000   0.000  0.000  0.000  0.000  0.000  0.000  0.000  0.000  0.000  0.000  0.000  0.000  0.000  0.000  1.000
 ERR MATRIX APPROXIMATE
MINUIT - FIT ONLY 1-y
 **********
 **   51 **RES 
 **********
                   PARAMETER   16  beta_vw RESTORED TO VARIABLE.
                   PARAMETER   14  alpha_vw RESTORED TO VARIABLE.
                   PARAMETER   13  beta_y RESTORED TO VARIABLE.
                   PARAMETER   11  alpha_y RESTORED TO VARIABLE.
                   PARAMETER   10  beta_2CBO RESTORED TO VARIABLE.
 **********
 **   52 **FIX            0
 **********
 PARAMETER    0  IS UNDEFINED. IGNORED.
 **********
 **   53 **FIX            1
 **********
 **********
 **   54 **FIX            2
 **********
 PARAMETER    2  IS CONSTANT.   IGNORED.
 **********
 **   55 **FIX            3
 **********
 **********
 **   56 **FIX            4
 **********
 **********
 **   57 **FIX            5
 **********
 PARAMETER    5  IS CONSTANT.   IGNORED.
 **********
 **   58 **FIX            6
 **********
 **********
 **   59 **FIX            7
 **********
 PARAMETER    7  IS CONSTANT.   IGNORED.
 **********
 **   60 **FIX            8
 **********
 **********
 **   61 **FIX            9
 **********
 **********
 **   62 **FIX           13
 **********
 **********
 **   63 **FIX           14
 **********
 **********
 **   64 **FIX           15
 **********
 PARAMETER   15  IS CONSTANT.   IGNORED.
 **********
 **   65 **FIX           16
 **********
 **********
 **   66 **MIGRAD
 **********
 START MIGRAD MINIMIZATION.  STRATEGY  1.  CONVERGENCE WHEN EDM .LT. 1.00e-04
 FCN=2639.83 FROM MIGRAD    STATUS=INITIATE      717 CALLS        5600 TOTAL
                     EDM= unknown      STRATEGY= 1      NO ERROR MATRIX       
  EXT PARAMETER               CURRENT GUESS       STEP         FIRST   
  NO.   NAME      VALUE            ERROR          SIZE      DERIVATIVE 
   1  N0           1.54811e+06     fixed    
   2  tau          6.44117e+01   constant   
   3  A0           3.43408e-01     fixed    
   4  phi          4.11998e+00     fixed    
   5  R           -6.16435e+01   constant   
   6  alpha_CBO   -1.85562e-02     fixed    
   7  w_CBO        2.32735e+00   constant   
   8  beta_CBO    -1.43566e-03     fixed    
   9  alpha_2CBO  -3.09949e-04     fixed    
  10  beta_2CBO    8.43957e-06   1.57320e-04   0.00000e+00   1.49363e+03
  11  alpha_y      0.00000e+00   1.00000e-03   0.00000e+00   6.76283e+04
  12  w_y          1.38984e+01   constant   
  13  beta_y       7.12918e-04     fixed    
  14  alpha_vw     0.00000e+00     fixed    
  15  w_vw         1.43156e+01   constant   
  16  beta_vw      0.00000e+00     fixed    
  17  LM           2.43950e-04   constant   
  18  zeta_y       0.00000e+00   constant   
  19  zeta_vw      0.00000e+00   constant   
  20  T_CBO        1.00000e+02   9.44762e+02   0.00000e+00   0.00000e+00
  21  alpha_A0    -5.66872e-03   2.79275e-04   0.00000e+00  -5.91810e+00
  22  beta_A0     -4.62090e-03   2.73311e-04   0.00000e+00  -1.44327e+00
  23  alpha_phi   -6.79735e-04   2.99811e-04   0.00000e+00   9.01772e-01
  24  beta_phi    -1.97695e-03   3.25465e-04   0.00000e+00  -1.87306e-02
  25  alpha_vw_m_cbo   6.59700e-04   1.56913e-04   0.00000e+00   2.83024e-01
  26  w_vw_m_cbo   1.20142e+01   constant   
  27  beta_vw_m_cbo   1.83813e-04   1.55258e-04   0.00000e+00   1.72392e+00
  28  alpha_vw_p_cbo  -1.02871e-04   1.56471e-04   0.00000e+00  -7.72690e-01
  29  w_vw_p_cbo   1.67139e+01   constant   
  30  beta_vw_p_cbo  -3.70434e-04   1.55690e-04   0.00000e+00   5.96154e-02
 MIGRAD MINIMIZATION HAS CONVERGED.
 MIGRAD WILL VERIFY CONVERGENCE AND ERROR MATRIX.
  MNHESS FAILS AND WILL RETURN DIAGONAL MATRIX. 
 FCN=2612.08 FROM MIGRAD    STATUS=CONVERGED     818 CALLS        5701 TOTAL
                     EDM=4.56958e-07    STRATEGY= 1  ERROR MATRIX UNCERTAINTY 100.0 per cent
  EXT PARAMETER                APPROXIMATE        STEP         FIRST   
  NO.   NAME      VALUE            ERROR          SIZE      DERIVATIVE 
   1  N0           1.54811e+06     fixed    
   2  tau          6.44117e+01   constant   
   3  A0           3.43408e-01     fixed    
   4  phi          4.11998e+00     fixed    
   5  R           -6.16435e+01   constant   
   6  alpha_CBO   -1.85562e-02     fixed    
   7  w_CBO        2.32735e+00   constant   
   8  beta_CBO    -1.43566e-03     fixed    
   9  alpha_2CBO  -3.09949e-04     fixed    
  10  beta_2CBO   -3.92382e-06   1.56208e-04   3.89896e-06   2.75074e+00
  11  alpha_y     -8.20408e-04   1.55070e-04   3.87056e-06  -8.34750e-02
  12  w_y          1.38984e+01   constant   
  13  beta_y       7.12918e-04     fixed    
  14  alpha_vw     0.00000e+00     fixed    
  15  w_vw         1.43156e+01   constant   
  16  beta_vw      0.00000e+00     fixed    
  17  LM           2.43950e-04   constant   
  18  zeta_y       0.00000e+00   constant   
  19  zeta_vw      0.00000e+00   constant   
  20  T_CBO        1.00000e+02   8.96179e+02  -0.00000e+00   0.00000e+00
  21  alpha_A0    -5.67418e-03   2.79274e-04   5.17904e-08  -9.11997e-01
  22  beta_A0     -4.61114e-03   2.73310e-04   4.66251e-07  -6.36343e-01
  23  alpha_phi   -6.93209e-04   2.99813e-04  -2.88661e-08   2.26953e-01
  24  beta_phi    -2.03589e-03   3.25460e-04  -1.24761e-06   1.76459e+00
  25  alpha_vw_m_cbo   6.78603e-04   1.56913e-04  -2.37005e-07  -1.83460e+00
  26  w_vw_m_cbo   1.20142e+01   constant   
  27  beta_vw_m_cbo   1.26857e-04   1.55258e-04   4.51580e-07   3.47668e+00
  28  alpha_vw_p_cbo  -6.60369e-05   1.56471e-04  -3.29345e-07  -3.65527e+00
  29  w_vw_p_cbo   1.67139e+01   constant   
  30  beta_vw_p_cbo  -3.84667e-04   1.55690e-04   1.49205e-07   3.51578e-01
 EXTERNAL ERROR MATRIX.    NDIM=  31    NPAR= 11    ERR DEF=1
  2.440e-08 
  0.000e+00  2.405e-08 
  0.000e+00  0.000e+00  1.785e+06 
  0.000e+00  0.000e+00  0.000e+00  7.799e-08 
  0.000e+00  0.000e+00  0.000e+00  0.000e+00  7.470e-08 
  0.000e+00  0.000e+00  0.000e+00  0.000e+00  0.000e+00  8.989e-08 
  0.000e+00  0.000e+00  0.000e+00  0.000e+00  0.000e+00  0.000e+00  1.059e-07 
  0.000e+00  0.000e+00  0.000e+00  0.000e+00  0.000e+00  0.000e+00  0.000e+00  2.462e-08 
  0.000e+00  0.000e+00  0.000e+00  0.000e+00  0.000e+00  0.000e+00  0.000e+00  0.000e+00  2.411e-08 
  0.000e+00  0.000e+00  0.000e+00  0.000e+00  0.000e+00  0.000e+00  0.000e+00  0.000e+00  0.000e+00  2.448e-08 
  0.000e+00  0.000e+00  0.000e+00  0.000e+00  0.000e+00  0.000e+00  0.000e+00  0.000e+00  0.000e+00  0.000e+00  2.424e-08 
ERR MATRIX APPROXIMATE
 PARAMETER  CORRELATION COEFFICIENTS  
       NO.  GLOBAL     10     11     20     21     22     23     24     25     27     28     30
       10  0.00000   1.000  0.000  0.000  0.000  0.000  0.000  0.000  0.000  0.000  0.000  0.000
       11  0.00000   0.000  1.000  0.000  0.000  0.000  0.000  0.000  0.000  0.000  0.000  0.000
       20  0.00000   0.000  0.000  1.000  0.000  0.000  0.000  0.000  0.000  0.000  0.000  0.000
       21  0.00000   0.000  0.000  0.000  1.000  0.000  0.000  0.000  0.000  0.000  0.000  0.000
       22  0.00000   0.000  0.000  0.000  0.000  1.000  0.000  0.000  0.000  0.000  0.000  0.000
       23  0.00000   0.000  0.000  0.000  0.000  0.000  1.000  0.000  0.000  0.000  0.000  0.000
       24  0.00000   0.000  0.000  0.000  0.000  0.000  0.000  1.000  0.000  0.000  0.000  0.000
       25  0.00000   0.000  0.000  0.000  0.000  0.000  0.000  0.000  1.000  0.000  0.000  0.000
       27  0.00000   0.000  0.000  0.000  0.000  0.000  0.000  0.000  0.000  1.000  0.000  0.000
       28  0.00000   0.000  0.000  0.000  0.000  0.000  0.000  0.000  0.000  0.000  1.000  0.000
       30  0.00000   0.000  0.000  0.000  0.000  0.000  0.000  0.000  0.000  0.000  0.000  1.000
 ERR MATRIX APPROXIMATE
MINUIT - FIT ONLY 2-y
 **********
 **   67 **RES 
 **********
                   PARAMETER   16  beta_vw RESTORED TO VARIABLE.
                   PARAMETER   14  alpha_vw RESTORED TO VARIABLE.
                   PARAMETER   13  beta_y RESTORED TO VARIABLE.
                   PARAMETER    9  alpha_2CBO RESTORED TO VARIABLE.
                   PARAMETER    8  beta_CBO RESTORED TO VARIABLE.
                   PARAMETER    6  alpha_CBO RESTORED TO VARIABLE.
                   PARAMETER    4  phi RESTORED TO VARIABLE.
                   PARAMETER    3  A0 RESTORED TO VARIABLE.
                   PARAMETER    1  N0 RESTORED TO VARIABLE.
 **********
 **   68 **FIX            0
 **********
 PARAMETER    0  IS UNDEFINED. IGNORED.
 **********
 **   69 **FIX            1
 **********
 **********
 **   70 **FIX            2
 **********
 PARAMETER    2  IS CONSTANT.   IGNORED.
 **********
 **   71 **FIX            3
 **********
 **********
 **   72 **FIX            4
 **********
 **********
 **   73 **FIX            5
 **********
 PARAMETER    5  IS CONSTANT.   IGNORED.
 **********
 **   74 **FIX            6
 **********
 **********
 **   75 **FIX            7
 **********
 PARAMETER    7  IS CONSTANT.   IGNORED.
 **********
 **   76 **FIX            8
 **********
 **********
 **   77 **FIX            9
 **********
 **********
 **   78 **FIX           10
 **********
 **********
 **   79 **FIX           11
 **********
 **********
 **   80 **FIX           12
 **********
 PARAMETER   12  IS CONSTANT.   IGNORED.
 **********
 **   81 **FIX           16
 **********
 **********
 **   82 **MIGRAD
 **********
 START MIGRAD MINIMIZATION.  STRATEGY  1.  CONVERGENCE WHEN EDM .LT. 1.00e-04
 FCN=2612.08 FROM MIGRAD    STATUS=INITIATE      717 CALLS        6418 TOTAL
                     EDM= unknown      STRATEGY= 1      NO ERROR MATRIX       
  EXT PARAMETER               CURRENT GUESS       STEP         FIRST   
  NO.   NAME      VALUE            ERROR          SIZE      DERIVATIVE 
   1  N0           1.54811e+06     fixed    
   2  tau          6.44117e+01   constant   
   3  A0           3.43408e-01     fixed    
   4  phi          4.11998e+00     fixed    
   5  R           -6.16435e+01   constant   
   6  alpha_CBO   -1.85562e-02     fixed    
   7  w_CBO        2.32735e+00   constant   
   8  beta_CBO    -1.43566e-03     fixed    
   9  alpha_2CBO  -3.09949e-04     fixed    
  10  beta_2CBO   -3.92382e-06     fixed    
  11  alpha_y     -8.20408e-04     fixed    
  12  w_y          1.38984e+01   constant   
  13  beta_y       7.12918e-04   1.57152e-04   0.00000e+00   1.65241e+03
  14  alpha_vw     0.00000e+00   1.00000e-03   0.00000e+00   1.58372e+05
  15  w_vw         1.43156e+01   constant   
  16  beta_vw      0.00000e+00     fixed    
  17  LM           2.43950e-04   constant   
  18  zeta_y       0.00000e+00   constant   
  19  zeta_vw      0.00000e+00   constant   
  20  T_CBO        1.00000e+02   8.96179e+02   0.00000e+00   0.00000e+00
  21  alpha_A0    -5.67418e-03   2.79274e-04   0.00000e+00  -9.11998e-01
  22  beta_A0     -4.61114e-03   2.73310e-04   0.00000e+00  -6.36342e-01
  23  alpha_phi   -6.93209e-04   2.99813e-04   0.00000e+00   2.26957e-01
  24  beta_phi    -2.03589e-03   3.25460e-04   0.00000e+00   1.76458e+00
  25  alpha_vw_m_cbo   6.78603e-04   1.56913e-04   0.00000e+00  -1.83461e+00
  26  w_vw_m_cbo   1.20142e+01   constant   
  27  beta_vw_m_cbo   1.26857e-04   1.55258e-04   0.00000e+00   3.47668e+00
  28  alpha_vw_p_cbo  -6.60369e-05   1.56471e-04   0.00000e+00  -3.65527e+00
  29  w_vw_p_cbo   1.67139e+01   constant   
  30  beta_vw_p_cbo  -3.84667e-04   1.55690e-04   0.00000e+00   3.51578e-01
 MIGRAD MINIMIZATION HAS CONVERGED.
 MIGRAD WILL VERIFY CONVERGENCE AND ERROR MATRIX.
  MNHESS FAILS AND WILL RETURN DIAGONAL MATRIX. 
 FCN=2436.09 FROM MIGRAD    STATUS=CONVERGED     818 CALLS        6519 TOTAL
                     EDM=1.17262e-06    STRATEGY= 1  ERROR MATRIX UNCERTAINTY 100.0 per cent
  EXT PARAMETER                APPROXIMATE        STEP         FIRST   
  NO.   NAME      VALUE            ERROR          SIZE      DERIVATIVE 
   1  N0           1.54811e+06     fixed    
   2  tau          6.44117e+01   constant   
   3  A0           3.43408e-01     fixed    
   4  phi          4.11998e+00     fixed    
   5  R           -6.16435e+01   constant   
   6  alpha_CBO   -1.85562e-02     fixed    
   7  w_CBO        2.32735e+00   constant   
   8  beta_CBO    -1.43566e-03     fixed    
   9  alpha_2CBO  -3.09949e-04     fixed    
  10  beta_2CBO   -3.92382e-06     fixed    
  11  alpha_y     -8.20408e-04     fixed    
  12  w_y          1.38984e+01   constant   
  13  beta_y      -1.02738e-04   1.57108e-04   3.78708e-06  -4.47506e-01
  14  alpha_vw    -2.21396e-03   1.55863e-04   3.75707e-06   9.86300e-01
  15  w_vw         1.43156e+01   constant   
  16  beta_vw      0.00000e+00     fixed    
  17  LM           2.43950e-04   constant   
  18  zeta_y       0.00000e+00   constant   
  19  zeta_vw      0.00000e+00   constant   
  20  T_CBO        1.00000e+02   9.26237e+02  -0.00000e+00   0.00000e+00
  21  alpha_A0    -5.63185e-03   2.79273e-04   4.28056e-07  -1.94345e+00
  22  beta_A0     -4.54248e-03   2.73308e-04   6.44237e-07   1.98272e+00
  23  alpha_phi   -5.87096e-04   2.99800e-04   1.05635e-06  -4.88305e+00
  24  beta_phi    -2.08644e-03   3.25436e-04   2.06599e-06   2.41743e-01
  25  alpha_vw_m_cbo   6.45688e-04   1.56913e-04  -1.09081e-06  -3.24108e+00
  26  w_vw_m_cbo   1.20142e+01   constant   
  27  beta_vw_m_cbo   1.45512e-04   1.55259e-04  -5.48980e-07   2.21050e+00
  28  alpha_vw_p_cbo  -6.09615e-05   1.56471e-04  -4.77983e-07  -3.11390e+00
  29  w_vw_p_cbo   1.67139e+01   constant   
  30  beta_vw_p_cbo  -3.65411e-04   1.55690e-04  -2.73737e-07  -1.10060e+00
 EXTERNAL ERROR MATRIX.    NDIM=  31    NPAR= 11    ERR DEF=1
  2.468e-08 
  0.000e+00  2.429e-08 
  0.000e+00  0.000e+00  1.606e+06 
  0.000e+00  0.000e+00  0.000e+00  7.799e-08 
  0.000e+00  0.000e+00  0.000e+00  0.000e+00  7.470e-08 
  0.000e+00  0.000e+00  0.000e+00  0.000e+00  0.000e+00  8.988e-08 
  0.000e+00  0.000e+00  0.000e+00  0.000e+00  0.000e+00  0.000e+00  1.059e-07 
  0.000e+00  0.000e+00  0.000e+00  0.000e+00  0.000e+00  0.000e+00  0.000e+00  2.462e-08 
  0.000e+00  0.000e+00  0.000e+00  0.000e+00  0.000e+00  0.000e+00  0.000e+00  0.000e+00  2.411e-08 
  0.000e+00  0.000e+00  0.000e+00  0.000e+00  0.000e+00  0.000e+00  0.000e+00  0.000e+00  0.000e+00  2.448e-08 
  0.000e+00  0.000e+00  0.000e+00  0.000e+00  0.000e+00  0.000e+00  0.000e+00  0.000e+00  0.000e+00  0.000e+00  2.424e-08 
ERR MATRIX APPROXIMATE
 PARAMETER  CORRELATION COEFFICIENTS  
       NO.  GLOBAL     13     14     20     21     22     23     24     25     27     28     30
       13  0.00000   1.000  0.000  0.000  0.000  0.000  0.000  0.000  0.000  0.000  0.000  0.000
       14  0.00000   0.000  1.000  0.000  0.000  0.000  0.000  0.000  0.000  0.000  0.000  0.000
       20  0.00000   0.000  0.000  1.000  0.000  0.000  0.000  0.000  0.000  0.000  0.000  0.000
       21  0.00000   0.000  0.000  0.000  1.000  0.000  0.000  0.000  0.000  0.000  0.000  0.000
       22  0.00000   0.000  0.000  0.000  0.000  1.000  0.000  0.000  0.000  0.000  0.000  0.000
       23  0.00000   0.000  0.000  0.000  0.000  0.000  1.000  0.000  0.000  0.000  0.000  0.000
       24  0.00000   0.000  0.000  0.000  0.000  0.000  0.000  1.000  0.000  0.000  0.000  0.000
       25  0.00000   0.000  0.000  0.000  0.000  0.000  0.000  0.000  1.000  0.000  0.000  0.000
       27  0.00000   0.000  0.000  0.000  0.000  0.000  0.000  0.000  0.000  1.000  0.000  0.000
       28  0.00000   0.000  0.000  0.000  0.000  0.000  0.000  0.000  0.000  0.000  1.000  0.000
       30  0.00000   0.000  0.000  0.000  0.000  0.000  0.000  0.000  0.000  0.000  0.000  1.000
 ERR MATRIX APPROXIMATE
MINUIT - FIT ALTOGETHER
 **********
 **   83 **RES 
 **********
                   PARAMETER   16  beta_vw RESTORED TO VARIABLE.
                   PARAMETER   11  alpha_y RESTORED TO VARIABLE.
                   PARAMETER   10  beta_2CBO RESTORED TO VARIABLE.
                   PARAMETER    9  alpha_2CBO RESTORED TO VARIABLE.
                   PARAMETER    8  beta_CBO RESTORED TO VARIABLE.
                   PARAMETER    6  alpha_CBO RESTORED TO VARIABLE.
                   PARAMETER    4  phi RESTORED TO VARIABLE.
                   PARAMETER    3  A0 RESTORED TO VARIABLE.
                   PARAMETER    1  N0 RESTORED TO VARIABLE.
 **********
 **   84 **MIGRAD
 **********
 START MIGRAD MINIMIZATION.  STRATEGY  1.  CONVERGENCE WHEN EDM .LT. 1.00e-04
 FCN=2436.09 FROM MIGRAD    STATUS=INITIATE     2031 CALLS        8550 TOTAL
                     EDM= unknown      STRATEGY= 1      NO ERROR MATRIX       
  EXT PARAMETER               CURRENT GUESS       STEP         FIRST   
  NO.   NAME      VALUE            ERROR          SIZE      DERIVATIVE 
   1  N0           1.54811e+06   8.54201e+01   0.00000e+00   7.42039e-03
   2  tau          6.44117e+01   constant   
   3  A0           3.43408e-01   6.70565e-05   0.00000e+00  -7.13925e+03
   4  phi          4.11998e+00   2.20511e-04   0.00000e+00   1.36202e+03
   5  R           -6.16435e+01   constant   
   6  alpha_CBO   -1.85562e-02   1.54466e-04   0.00000e+00   1.65151e+03
   7  w_CBO        2.32735e+00   constant   
   8  beta_CBO    -1.43566e-03   1.57743e-04   0.00000e+00   4.53067e+03
   9  alpha_2CBO  -3.09949e-04   1.55950e-04   0.00000e+00  -3.16701e+03
  10  beta_2CBO   -3.92382e-06   1.56208e-04   0.00000e+00   3.12034e+03
  11  alpha_y     -8.20408e-04   1.55070e-04   0.00000e+00   4.55096e+04
  12  w_y          1.38984e+01   constant   
  13  beta_y      -1.02738e-04   1.57108e-04   0.00000e+00  -4.47503e-01
  14  alpha_vw    -2.21396e-03   1.55863e-04   0.00000e+00   9.86303e-01
  15  w_vw         1.43156e+01   constant   
  16  beta_vw      0.00000e+00   1.00000e-03   0.00000e+00   5.72787e+05
  17  LM           2.43950e-04   constant   
  18  zeta_y       0.00000e+00   constant   
  19  zeta_vw      0.00000e+00   constant   
  20  T_CBO        1.00000e+02   9.26237e+02   0.00000e+00   0.00000e+00
  21  alpha_A0    -5.63185e-03   2.79273e-04   0.00000e+00  -1.94345e+00
  22  beta_A0     -4.54248e-03   2.73308e-04   0.00000e+00   1.98272e+00
  23  alpha_phi   -5.87096e-04   2.99800e-04   0.00000e+00  -4.88307e+00
  24  beta_phi    -2.08644e-03   3.25436e-04   0.00000e+00   2.41777e-01
  25  alpha_vw_m_cbo   6.45688e-04   1.56913e-04   0.00000e+00  -3.24109e+00
  26  w_vw_m_cbo   1.20142e+01   constant   
  27  beta_vw_m_cbo   1.45512e-04   1.55259e-04   0.00000e+00   2.21050e+00
  28  alpha_vw_p_cbo  -6.09615e-05   1.56471e-04   0.00000e+00  -3.11390e+00
  29  w_vw_p_cbo   1.67139e+01   constant   
  30  beta_vw_p_cbo  -3.65411e-04   1.55690e-04   0.00000e+00  -1.10060e+00
 MIGRAD MINIMIZATION HAS CONVERGED.
 FCN=108.519 FROM MIGRAD    STATUS=CONVERGED    2323 CALLS        8842 TOTAL
                     EDM=1.84903e-06    STRATEGY= 1  ERROR MATRIX UNCERTAINTY   1.4 per cent
  EXT PARAMETER                                   STEP         FIRST   
  NO.   NAME      VALUE            ERROR          SIZE      DERIVATIVE 
   1  N0           1.54804e+06   8.39329e+01   5.24812e-02   7.66126e-06
   2  tau          6.44117e+01   constant   
   3  A0           3.43461e-01   6.65791e-05  -6.55242e-08  -7.90320e+00
   4  phi          4.12000e+00   2.25689e-04  -1.81513e-07  -8.31856e-01
   5  R           -6.16435e+01   constant   
   6  alpha_CBO   -1.86258e-02   1.55070e-04   1.18596e-07   1.19020e+00
   7  w_CBO        2.32735e+00   constant   
   8  beta_CBO    -1.62768e-03   1.54822e-04  -3.16309e-07  -3.80693e+00
   9  alpha_2CBO  -1.89508e-04   1.60084e-04  -3.81794e-07  -1.68782e+00
  10  beta_2CBO   -1.18912e-04   1.54860e-04   1.63993e-07  -1.59827e+00
  11  alpha_y      1.30569e-03   1.67063e-04  -6.42497e-08   3.52896e+00
  12  w_y          1.38984e+01   constant   
  13  beta_y      -2.34568e-03   1.71795e-04  -1.25133e-07   3.71817e+00
  14  alpha_vw    -2.46557e-03   1.66787e-04  -2.75536e-07   1.96559e+00
  15  w_vw         1.43156e+01   constant   
  16  beta_vw     -8.29218e-03   1.72580e-04  -2.59484e-09   1.39033e+00
  17  LM           2.43950e-04   constant   
  18  zeta_y       0.00000e+00   constant   
  19  zeta_vw      0.00000e+00   constant   
  20  T_CBO        1.00000e+02   5.20646e+02  -0.00000e+00   0.00000e+00
  21  alpha_A0    -5.56192e-03   2.82407e-04   1.20418e-07  -3.21417e-01
  22  beta_A0     -4.36142e-03   2.72751e-04  -1.01255e-07   6.16798e+00
  23  alpha_phi   -3.33847e-04   3.13105e-04  -2.78522e-07   3.56723e+00
  24  beta_phi    -2.06074e-03   3.27653e-04  -2.29759e-08   3.02009e+00
  25  alpha_vw_m_cbo   5.84548e-04   1.56930e-04   1.03923e-07  -1.78741e-01
  26  w_vw_m_cbo   1.20142e+01   constant   
  27  beta_vw_m_cbo   1.59757e-04   1.55305e-04   1.33455e-07   3.10311e-01
  28  alpha_vw_p_cbo  -1.26229e-04   1.56516e-04  -3.09076e-08  -1.33594e-01
  29  w_vw_p_cbo   1.67139e+01   constant   
  30  beta_vw_p_cbo  -2.24605e-04   1.55568e-04   1.35492e-07   1.01713e+00
 EXTERNAL ERROR MATRIX.    NDIM=  31    NPAR= 20    ERR DEF=1
 ELEMENTS ABOVE DIAGONAL ARE NOT PRINTED.
  7.045e+03 
  2.828e-04  4.433e-09 
  6.104e-04  4.041e-10  5.094e-08 
  2.380e-04  3.858e-10  3.436e-09  2.405e-08 
  3.533e-04 -5.968e-10 -2.830e-09  1.506e-10  2.397e-08 
  3.545e-04  2.278e-10  1.944e-09  6.010e-10 -1.407e-10  2.563e-08 
 -2.193e-04  7.437e-11  5.236e-10 -6.858e-10  5.910e-10 -1.382e-09  2.398e-08 
 -8.197e-04  3.593e-11 -2.323e-09 -1.445e-09  1.404e-09 -2.826e-10 -6.459e-10  2.791e-08 
 -8.849e-04 -1.744e-10 -4.141e-09 -1.179e-09  2.210e-09 -3.538e-10  5.052e-12 -1.178e-09  2.951e-08 
  2.481e-04 -9.329e-10 -3.084e-09 -3.522e-09  2.352e-09  2.881e-10 -3.834e-10  4.408e-09  7.414e-09  2.782e-08 
  1.890e-04 -1.341e-10 -4.694e-11  3.013e-10  3.515e-10 -2.977e-10  3.700e-10 -9.682e-09  7.915e-09  4.902e-10  2.978e-08 
  0.000e+00  0.000e+00  0.000e+00  0.000e+00  0.000e+00  0.000e+00  0.000e+00  0.000e+00  0.000e+00  0.000e+00  0.000e+00 
  0.000e+00  0.000e+00  0.000e+00  0.000e+00  0.000e+00  0.000e+00  0.000e+00  0.000e+00  0.000e+00  0.000e+00  0.000e+00  1.800e+05 
 -1.043e-04  7.068e-10  2.644e-09  2.477e-09 -1.500e-09  1.933e-10 -4.278e-11 -3.270e-09 -4.927e-09 -2.415e-09  3.576e-11 
 -1.043e-04  7.068e-10  2.644e-09  2.477e-09 -1.500e-09  1.933e-10 -4.278e-11 -3.270e-09 -4.927e-09 -2.415e-09  3.576e-11  0.000e+00  7.975e-08 
 -8.753e-04  9.760e-10  2.718e-09 -1.813e-09  4.435e-09  4.777e-09 -2.186e-09  9.852e-10  9.038e-10  3.158e-09 -8.763e-10 
 -8.753e-04  9.760e-10  2.718e-09 -1.813e-09  4.435e-09  4.777e-09 -2.186e-09  9.852e-10  9.038e-10  3.158e-09 -8.763e-10  0.000e+00 -1.401e-09  7.439e-08 
  8.472e-04  9.472e-10  6.924e-09  1.557e-09  3.065e-10  6.883e-09 -1.239e-09 -6.412e-10 -2.113e-09 -5.227e-09 -1.015e-09 
  8.472e-04  9.472e-10  6.924e-09  1.557e-09  3.065e-10  6.883e-09 -1.239e-09 -6.412e-10 -2.113e-09 -5.227e-09 -1.015e-09  0.000e+00  4.848e-09  2.653e-09  9.803e-08 
  1.101e-04  1.001e-09  4.192e-09  2.381e-09 -2.152e-10  5.325e-09  3.365e-11 -1.822e-09 -3.789e-09 -3.009e-09 -9.222e-11 
  1.101e-04  1.001e-09  4.192e-09  2.381e-09 -2.152e-10  5.325e-09  3.365e-11 -1.822e-09 -3.789e-09 -3.009e-09 -9.222e-11  0.000e+00  3.046e-09 -3.527e-10  5.301e-09  1.074e-07 
 -1.930e-04  1.058e-10  3.853e-11  8.470e-11  5.097e-11 -4.886e-10  5.351e-11 -5.125e-10 -6.976e-10 -2.553e-11  2.662e-10 
 -1.930e-04  1.058e-10  3.853e-11  8.470e-11  5.097e-11 -4.886e-10  5.351e-11 -5.125e-10 -6.976e-10 -2.553e-11  2.662e-10  0.000e+00 -9.205e-11 -1.307e-09 -4.690e-10 -4.203e-10  2.463e-08 
 -1.676e-04 -1.807e-11 -6.352e-10 -2.124e-10  1.234e-10  1.384e-10  4.497e-10  1.515e-09 -8.574e-10  2.004e-11 -2.521e-10 
 -1.676e-04 -1.807e-11 -6.352e-10 -2.124e-10  1.234e-10  1.384e-10  4.497e-10  1.515e-09 -8.574e-10  2.004e-11 -2.521e-10  0.000e+00 -1.043e-10 -1.301e-09 -2.051e-09 -2.028e-09  8.473e-11  2.412e-08 
  3.358e-06  1.125e-10  4.725e-10  3.996e-10 -1.785e-10  3.003e-12 -1.660e-10 -9.578e-10 -3.521e-10 -9.282e-11  3.287e-10 
  3.358e-06  1.125e-10  4.725e-10  3.996e-10 -1.785e-10  3.003e-12 -1.660e-10 -9.578e-10 -3.521e-10 -9.282e-11  3.287e-10  0.000e+00  1.172e-10  2.763e-10  1.377e-09  1.004e-09 -7.480e-11 -4.237e-11  2.450e-08 
 -2.315e-04  1.945e-10  1.247e-10  3.136e-10 -4.603e-11  2.797e-10  2.656e-10  4.803e-10 -1.845e-09 -2.879e-10 -5.891e-10 
 -2.315e-04  1.945e-10  1.247e-10  3.136e-10 -4.603e-11  2.797e-10  2.656e-10  4.803e-10 -1.845e-09 -2.879e-10 -5.891e-10  0.000e+00  1.639e-10 -1.468e-09 -4.905e-10 -1.036e-09 -1.487e-11 -2.436e-11 -2.615e-11  2.420e-08 
 PARAMETER  CORRELATION COEFFICIENTS  
       NO.  GLOBAL      1      3      4      6      8      9     10     11     13     14     16     20     21     22     23     24
        1  0.14261   1.000  0.051  0.032  0.018  0.027  0.026 -0.017 -0.058 -0.061  0.018  0.013  0.000 -0.004 -0.038  0.032  0.004
        3  0.15325   0.051  1.000  0.027  0.037 -0.058  0.021  0.007  0.003 -0.015 -0.084 -0.012  0.000  0.038  0.054  0.045  0.046
        4  0.21165   0.032  0.027  1.000  0.098 -0.081  0.054  0.015 -0.062 -0.107 -0.082 -0.001  0.000  0.041  0.044  0.098  0.057
        6  0.18789   0.018  0.037  0.098  1.000  0.006  0.024 -0.029 -0.056 -0.044 -0.136  0.011  0.000  0.057 -0.043  0.032  0.047
        8  0.19376   0.027 -0.058 -0.081  0.006  1.000 -0.006  0.025  0.054  0.083  0.091  0.013  0.000 -0.034  0.105  0.006 -0.004
        9  0.21264   0.026  0.021  0.054  0.024 -0.006  1.000 -0.056 -0.011 -0.013  0.011 -0.011  0.000  0.004  0.109  0.137  0.102
       10  0.09989  -0.017  0.007  0.015 -0.029  0.025 -0.056  1.000 -0.025  0.000 -0.015  0.014  0.000 -0.001 -0.052 -0.026  0.001
       11  0.39570  -0.058  0.003 -0.062 -0.056  0.054 -0.011 -0.025  1.000 -0.041  0.158 -0.336  0.000 -0.069  0.022 -0.012 -0.033
       13  0.40804  -0.061 -0.015 -0.107 -0.044  0.083 -0.013  0.000 -0.041  1.000  0.259  0.267  0.000 -0.102  0.019 -0.039 -0.067
       14  0.36426   0.018 -0.084 -0.082 -0.136  0.091  0.011 -0.015  0.158  0.259  1.000  0.017  0.000 -0.051  0.069 -0.100 -0.055
       16  0.42222   0.013 -0.012 -0.001  0.011  0.013 -0.011  0.014 -0.336  0.267  0.017  1.000  0.000  0.001 -0.019 -0.019 -0.002
       20  0.00000   0.000  0.000  0.000  0.000  0.000  0.000  0.000  0.000  0.000  0.000  0.000  1.000  0.000  0.000  0.000  0.000
       21  0.15205  -0.004  0.038  0.041  0.057 -0.034  0.004 -0.001 -0.069 -0.102 -0.051  0.001  0.000  1.000 -0.018  0.055  0.033
       22  0.21061  -0.038  0.054  0.044 -0.043  0.105  0.109 -0.052  0.022  0.019  0.069 -0.019  0.000 -0.018  1.000  0.031 -0.004
       23  0.21105   0.032  0.045  0.098  0.032  0.006  0.137 -0.026 -0.012 -0.039 -0.100 -0.019  0.000  0.055  0.031  1.000  0.052
       24  0.15937   0.004  0.046  0.057  0.047 -0.004  0.102  0.001 -0.033 -0.067 -0.055 -0.002  0.000  0.033 -0.004  0.052  1.000
       25  0.05786  -0.015  0.010  0.001  0.003  0.002 -0.019  0.002 -0.020 -0.026 -0.001  0.010  0.000 -0.002 -0.031 -0.010 -0.008
                     1.000  0.003 -0.003 -0.001
       27  0.09989  -0.013 -0.002 -0.018 -0.009  0.005  0.006  0.019  0.058 -0.032  0.001 -0.009  0.000 -0.002 -0.031 -0.042 -0.040
                     0.003  1.000 -0.002 -0.001
       28  0.05632   0.000  0.011  0.013  0.016 -0.007  0.000 -0.007 -0.037 -0.013 -0.004  0.012  0.000  0.003  0.006  0.028  0.020
                    -0.003 -0.002  1.000 -0.001
       30  0.09282  -0.018  0.019  0.004  0.013 -0.002  0.011  0.011  0.018 -0.069 -0.011 -0.022  0.000  0.004 -0.035 -0.010 -0.020
                    -0.001 -0.001 -0.001  1.000
MINUIT - MINOS
 **********
 **   85 **RES 
 **********
 CALL TO MNFREE IGNORED.  THERE ARE NO FIXED PARAMETERS
 **********
 **   86 **MIG      2.5e+04        0.01
 **********
 START MIGRAD MINIMIZATION.  STRATEGY  1.  CONVERGENCE WHEN EDM .LT. 1.00e-05
 FCN=108.519 FROM MIGRAD    STATUS=INITIATE       40 CALLS        8882 TOTAL
                     EDM=1.67057e-06    STRATEGY= 1  ERROR MATRIX UNCERTAINTY   1.4 per cent
  EXT PARAMETER                                   STEP         FIRST   
  NO.   NAME      VALUE            ERROR          SIZE      DERIVATIVE 
   1  N0           1.54804e+06   8.39329e+01   5.24812e-02   7.66126e-06
   2  tau          6.44117e+01   constant   
   3  A0           3.43461e-01   6.65791e-05  -6.55242e-08  -7.90321e+00
   4  phi          4.12000e+00   2.25689e-04  -1.81513e-07  -8.31856e-01
   5  R           -6.16435e+01   constant   
   6  alpha_CBO   -1.86258e-02   1.55070e-04   1.18596e-07   1.19020e+00
   7  w_CBO        2.32735e+00   constant   
   8  beta_CBO    -1.62768e-03   1.54822e-04  -3.16309e-07  -3.80694e+00
   9  alpha_2CBO  -1.89508e-04   1.60084e-04  -3.81794e-07  -1.68782e+00
  10  beta_2CBO   -1.18912e-04   1.54860e-04   1.63993e-07  -1.59827e+00
  11  alpha_y      1.30569e-03   1.67063e-04  -6.42497e-08   3.52897e+00
  12  w_y          1.38984e+01   constant   
  13  beta_y      -2.34568e-03   1.71795e-04  -1.25133e-07   3.71817e+00
  14  alpha_vw    -2.46557e-03   1.66787e-04  -2.75536e-07   1.96559e+00
  15  w_vw         1.43156e+01   constant   
  16  beta_vw     -8.29218e-03   1.72580e-04  -2.59484e-09   1.39034e+00
  17  LM           2.43950e-04   constant   
  18  zeta_y       0.00000e+00   constant   
  19  zeta_vw      0.00000e+00   constant   
  20  T_CBO        1.00000e+02   5.20646e+02  -0.00000e+00   0.00000e+00
  21  alpha_A0    -5.56192e-03   2.82407e-04   1.20418e-07  -3.21419e-01
  22  beta_A0     -4.36142e-03   2.72751e-04  -1.01255e-07   6.16798e+00
  23  alpha_phi   -3.33847e-04   3.13105e-04  -2.78522e-07   3.56722e+00
  24  beta_phi    -2.06074e-03   3.27653e-04  -2.29759e-08   3.02008e+00
  25  alpha_vw_m_cbo   5.84548e-04   1.56930e-04   1.03923e-07  -1.78740e-01
  26  w_vw_m_cbo   1.20142e+01   constant   
  27  beta_vw_m_cbo   1.59757e-04   1.55305e-04   1.33455e-07   3.10309e-01
  28  alpha_vw_p_cbo  -1.26229e-04   1.56516e-04  -3.09076e-08  -1.33600e-01
  29  w_vw_p_cbo   1.67139e+01   constant   
  30  beta_vw_p_cbo  -2.24605e-04   1.55568e-04   1.35492e-07   1.01713e+00
 MIGRAD MINIMIZATION HAS CONVERGED.
 FCN=108.519 FROM MIGRAD    STATUS=CONVERGED      82 CALLS        8924 TOTAL
                     EDM=5.5276e-08    STRATEGY= 1  ERROR MATRIX UNCERTAINTY   0.8 per cent
  EXT PARAMETER                                   STEP         FIRST   
  NO.   NAME      VALUE            ERROR          SIZE      DERIVATIVE 
   1  N0           1.54804e+06   8.38509e+01  -2.23054e-02  -3.88136e-07
   2  tau          6.44117e+01   constant   
   3  A0           3.43461e-01   6.64751e-05   1.11798e-08   6.17259e-01
   4  phi          4.12000e+00   2.25498e-04   3.55495e-09   8.48606e-01
   5  R           -6.16435e+01   constant   
   6  alpha_CBO   -1.86258e-02   1.55241e-04  -4.75642e-09   7.09854e-01
   7  w_CBO        2.32735e+00   constant   
   8  beta_CBO    -1.62766e-03   1.54514e-04   1.87204e-08   4.52165e-01
   9  alpha_2CBO  -1.89523e-04   1.59984e-04  -1.46834e-08  -2.60151e-01
  10  beta_2CBO   -1.18879e-04   1.53377e-04   3.25582e-08   1.06303e+00
  11  alpha_y      1.30565e-03   1.68780e-04  -4.20753e-08   7.85568e-01
  12  w_y          1.38984e+01   constant   
  13  beta_y      -2.34573e-03   1.73693e-04  -5.60953e-08   7.44266e-01
  14  alpha_vw    -2.46562e-03   1.67856e-04  -4.73126e-08   3.62027e-01
  15  w_vw         1.43156e+01   constant   
  16  beta_vw     -8.29220e-03   1.72588e-04  -1.53335e-08   2.79255e-02
  17  LM           2.43950e-04   constant   
  18  zeta_y       0.00000e+00   constant   
  19  zeta_vw      0.00000e+00   constant   
  20  T_CBO        1.00000e+02   5.20646e+02  -0.00000e+00   0.00000e+00
  21  alpha_A0    -5.56190e-03   2.81749e-04   2.23938e-08   3.81348e-01
  22  beta_A0     -4.36165e-03   2.70027e-04  -2.31145e-07  -4.17903e-01
  23  alpha_phi   -3.34027e-04   3.23876e-04  -1.80558e-07   5.21060e-01
  24  beta_phi    -2.06090e-03   3.28748e-04  -1.56230e-07  -5.00525e-02
  25  alpha_vw_m_cbo   5.84559e-04   1.56725e-04   1.11662e-08   4.38879e-01
  26  w_vw_m_cbo   1.20142e+01   constant   
  27  beta_vw_m_cbo   1.59765e-04   1.55027e-04   7.61820e-09   8.22375e-01
  28  alpha_vw_p_cbo  -1.26230e-04   1.56501e-04  -1.08554e-09  -3.13458e-01
  29  w_vw_p_cbo   1.67139e+01   constant   
  30  beta_vw_p_cbo  -2.24605e-04   1.55575e-04  -1.66431e-10   9.90089e-01
 EXTERNAL ERROR MATRIX.    NDIM=  31    NPAR= 20    ERR DEF=1
 ELEMENTS ABOVE DIAGONAL ARE NOT PRINTED.
  7.031e+03 
  3.000e-04  4.419e-09 
  8.807e-04  2.670e-10  5.085e-08 
  3.609e-04  3.264e-10  3.474e-09  2.410e-08 
  4.157e-04 -6.368e-10 -3.065e-09  5.827e-11  2.387e-08 
  3.257e-04  2.491e-10  2.125e-09  6.777e-10 -8.300e-11  2.559e-08 
 -5.263e-05 -2.426e-11  1.058e-10 -8.339e-10  3.768e-10 -1.244e-09  2.352e-08 
 -6.798e-04 -1.464e-11 -1.840e-09 -1.178e-09  1.382e-09 -2.279e-10 -5.736e-10  2.849e-08 
 -7.718e-04 -2.050e-10 -3.485e-09 -8.383e-10  2.243e-09 -3.291e-10  2.086e-10 -5.473e-10  3.017e-08 
  3.178e-04 -9.459e-10 -2.526e-09 -3.240e-09  2.401e-09  2.920e-10 -1.744e-10  4.891e-09  7.903e-09  2.818e-08 
  1.864e-04 -1.256e-10  1.378e-10  3.872e-10  3.886e-10 -3.130e-10  4.745e-10 -9.573e-09  8.009e-09  5.527e-10  2.979e-08 
  0.000e+00  0.000e+00  0.000e+00  0.000e+00  0.000e+00  0.000e+00  0.000e+00  0.000e+00  0.000e+00  0.000e+00  0.000e+00 
  0.000e+00  0.000e+00  0.000e+00  0.000e+00  0.000e+00  0.000e+00  0.000e+00  0.000e+00  0.000e+00  0.000e+00  0.000e+00  1.800e+05 
  8.749e-05  6.002e-10  2.344e-09  2.391e-09 -1.712e-09  3.394e-10 -4.699e-10 -3.075e-09 -4.593e-09 -2.108e-09  1.607e-10 
  8.749e-05  6.002e-10  2.344e-09  2.391e-09 -1.712e-09  3.394e-10 -4.699e-10 -3.075e-09 -4.593e-09 -2.108e-09  1.607e-10  0.000e+00  7.938e-08 
 -1.018e-03  1.155e-09  5.518e-09 -5.399e-10  5.082e-09  4.478e-09 -4.590e-10  2.435e-09  2.075e-09  3.881e-09 -9.034e-10 
 -1.018e-03  1.155e-09  5.518e-09 -5.399e-10  5.082e-09  4.478e-09 -4.590e-10  2.435e-09  2.075e-09  3.881e-09 -9.034e-10  0.000e+00  5.865e-10  7.291e-08 
  1.215e-03  8.465e-10  9.035e-09  2.654e-09  4.096e-10  6.965e-09 -5.902e-10  1.395e-09  8.594e-12 -3.645e-09 -7.066e-10 
  1.215e-03  8.465e-10  9.035e-09  2.654e-09  4.096e-10  6.965e-09 -5.902e-10  1.395e-09  8.594e-12 -3.645e-09 -7.066e-10  0.000e+00  5.919e-09  6.467e-09  1.049e-07 
  1.133e-04  1.072e-09  6.069e-09  3.263e-09  1.386e-10  5.188e-09  1.056e-09 -6.551e-10 -2.746e-09 -2.309e-09 -4.214e-11 
  1.133e-04  1.072e-09  6.069e-09  3.263e-09  1.386e-10  5.188e-09  1.056e-09 -6.551e-10 -2.746e-09 -2.309e-09 -4.214e-11  0.000e+00  4.290e-09 -3.206e-10  8.685e-09  1.081e-07 
 -1.253e-04  6.672e-11 -1.064e-10  3.613e-11 -3.126e-11 -4.342e-10 -1.186e-10 -4.679e-10 -6.014e-10  6.838e-11  3.093e-10 
 -1.253e-04  6.672e-11 -1.064e-10  3.613e-11 -3.126e-11 -4.342e-10 -1.186e-10 -4.679e-10 -6.014e-10  6.838e-11  3.093e-10  0.000e+00 -2.490e-10 -6.061e-10 -1.616e-10  3.534e-12  2.456e-08 
 -3.899e-05 -8.607e-11 -7.472e-10 -2.280e-10 -1.884e-12  2.298e-10  2.119e-10  1.701e-09 -5.844e-10  2.590e-10 -1.661e-10 
 -3.899e-05 -8.607e-11 -7.472e-10 -2.280e-10 -1.884e-12  2.298e-10  2.119e-10  1.701e-09 -5.844e-10  2.590e-10 -1.661e-10  0.000e+00 -2.942e-10  3.170e-11 -1.173e-09 -1.161e-09 -3.936e-13  2.403e-08 
 -4.722e-05  1.383e-10  4.936e-10  3.950e-10 -1.336e-10 -3.126e-11 -8.508e-11 -1.045e-09 -4.721e-10 -1.953e-10  2.942e-10 
 -4.722e-05  1.383e-10  4.936e-10  3.950e-10 -1.336e-10 -3.126e-11 -8.508e-11 -1.045e-09 -4.721e-10 -1.953e-10  2.942e-10  0.000e+00  1.767e-10 -2.479e-10  9.908e-10  6.541e-10 -4.653e-11 -1.907e-11  2.449e-08 
 -7.319e-05  1.152e-10  1.014e-10  3.483e-10 -1.785e-10  3.838e-10  3.567e-11  7.802e-10 -1.446e-09  4.865e-11 -4.803e-10 
 -7.319e-05  1.152e-10  1.014e-10  3.483e-10 -1.785e-10  3.838e-10  3.567e-11  7.802e-10 -1.446e-09  4.865e-11 -4.803e-10  0.000e+00  6.323e-12  1.722e-10  7.945e-10  7.352e-11 -9.367e-11 -7.750e-11 -1.882e-11  2.420e-08 
 PARAMETER  CORRELATION COEFFICIENTS  
       NO.  GLOBAL      1      3      4      6      8      9     10     11     13     14     16     20     21     22     23     24
        1  0.14557   1.000  0.054  0.047  0.028  0.032  0.024 -0.004 -0.048 -0.053  0.023  0.013  0.000  0.004 -0.045  0.045  0.004
        3  0.15667   0.054  1.000  0.018  0.032 -0.062  0.023 -0.002 -0.001 -0.018 -0.085 -0.011  0.000  0.032  0.064  0.039  0.049
        4  0.23950   0.047  0.018  1.000  0.099 -0.088  0.059  0.003 -0.048 -0.089 -0.067  0.004  0.000  0.037  0.091  0.124  0.082
        6  0.18230   0.028  0.032  0.099  1.000  0.002  0.027 -0.035 -0.045 -0.031 -0.124  0.014  0.000  0.055 -0.013  0.053  0.064
        8  0.20719   0.032 -0.062 -0.088  0.002  1.000 -0.003  0.016  0.053  0.084  0.093  0.015  0.000 -0.039  0.122  0.008  0.003
        9  0.20162   0.024  0.023  0.059  0.027 -0.003  1.000 -0.051 -0.008 -0.012  0.011 -0.011  0.000  0.008  0.104  0.134  0.099
       10  0.07755  -0.004 -0.002  0.003 -0.035  0.016 -0.051  1.000 -0.022  0.008 -0.007  0.018  0.000 -0.011 -0.011 -0.012  0.021
       11  0.39642  -0.048 -0.001 -0.048 -0.045  0.053 -0.008 -0.022  1.000 -0.019  0.173 -0.329  0.000 -0.065  0.053  0.026 -0.012
       13  0.40887  -0.053 -0.018 -0.089 -0.031  0.084 -0.012  0.008 -0.019  1.000  0.271  0.267  0.000 -0.094  0.044  0.000 -0.048
       14  0.37292   0.023 -0.085 -0.067 -0.124  0.093  0.011 -0.007  0.173  0.271  1.000  0.019  0.000 -0.045  0.086 -0.067 -0.042
       16  0.42166   0.013 -0.011  0.004  0.014  0.015 -0.011  0.018 -0.329  0.267  0.019  1.000  0.000  0.003 -0.019 -0.013 -0.001
       20  0.00000   0.000  0.000  0.000  0.000  0.000  0.000  0.000  0.000  0.000  0.000  0.000  1.000  0.000  0.000  0.000  0.000
       21  0.15125   0.004  0.032  0.037  0.055 -0.039  0.008 -0.011 -0.065 -0.094 -0.045  0.003  0.000  1.000  0.008  0.065  0.046
       22  0.23761  -0.045  0.064  0.091 -0.013  0.122  0.104 -0.011  0.053  0.044  0.086 -0.019  0.000  0.008  1.000  0.074 -0.004
       23  0.22901   0.045  0.039  0.124  0.053  0.008  0.134 -0.012  0.026  0.000 -0.067 -0.013  0.000  0.065  0.074  1.000  0.082
       24  0.16946   0.004  0.049  0.082  0.064  0.003  0.099  0.021 -0.012 -0.048 -0.042 -0.001  0.000  0.046 -0.004  0.082  1.000
       25  0.04470  -0.010  0.006 -0.003  0.001 -0.001 -0.017 -0.005 -0.018 -0.022  0.003  0.011  0.000 -0.006 -0.014 -0.003  0.000
                     1.000 -0.000 -0.002 -0.004
       27  0.08358  -0.003 -0.008 -0.021 -0.009 -0.000  0.009  0.009  0.065 -0.022  0.010 -0.006  0.000 -0.007  0.001 -0.023 -0.023
                    -0.000  1.000 -0.001 -0.003
       28  0.05497  -0.004  0.013  0.014  0.016 -0.006 -0.001 -0.004 -0.040 -0.017 -0.007  0.011  0.000  0.004 -0.006  0.020  0.013
                    -0.002 -0.001  1.000 -0.001
       30  0.06972  -0.006  0.011  0.003  0.014 -0.007  0.015  0.001  0.030 -0.053  0.002 -0.018  0.000  0.000  0.004  0.016  0.001
                    -0.004 -0.003 -0.001  1.000
 **********
 **   87 **MINO      2.5e+04
 **********
    THE POSITIVE MINOS ERROR OF PARAMETER  20, T_CBO EXCEEDS ITS LIMIT.
    THE NEGATIVE MINOS ERROR OF PARAMETER  20, T_CBO EXCEEDS ITS LIMIT.
 FCN=108.519 FROM MINOS     STATUS=PROBLEMS     7234 CALLS       16158 TOTAL
                     EDM=5.5276e-08    STRATEGY= 1  ERROR MATRIX UNCERTAINTY   0.8 per cent
  EXT PARAMETER                  PARABOLIC         MINOS ERRORS        
  NO.   NAME      VALUE            ERROR      NEGATIVE      POSITIVE   
   1  N0           1.54804e+06   8.38509e+01  -9.13636e+01   9.13612e+01
   2  tau          6.44117e+01   constant   
   3  A0           3.43461e-01   6.64751e-05  -7.01244e-05   7.01210e-05
   4  phi          4.12000e+00   2.25498e-04  -2.34137e-04   2.34077e-04
   5  R           -6.16435e+01   constant   
   6  alpha_CBO   -1.86258e-02   1.55241e-04  -1.64695e-04   1.64661e-04
   7  w_CBO        2.32735e+00   constant   
   8  beta_CBO    -1.62766e-03   1.54514e-04  -1.64525e-04   1.64521e-04
   9  alpha_2CBO  -1.89523e-04   1.59984e-04  -1.59911e-04   1.59916e-04
  10  beta_2CBO   -1.18879e-04   1.53377e-04  -1.60493e-04   1.60465e-04
  11  alpha_y      1.30565e-03   1.68780e-04  -1.71431e-04   1.71402e-04
  12  w_y          1.38984e+01   constant   
  13  beta_y      -2.34573e-03   1.73693e-04  -1.75653e-04   1.75627e-04
  14  alpha_vw    -2.46562e-03   1.67856e-04  -1.73457e-04   1.73430e-04
  15  w_vw         1.43156e+01   constant   
  16  beta_vw     -8.29220e-03   1.72588e-04  -1.72411e-04   1.72412e-04
  17  LM           2.43950e-04   constant   
  18  zeta_y       0.00000e+00   constant   
  19  zeta_vw      0.00000e+00   constant   
  20  T_CBO        1.00000e+02   5.20646e+02   at limit      at limit   
  21  alpha_A0    -5.56190e-03   2.81749e-04  -2.92135e-04   2.92090e-04
  22  beta_A0     -4.36165e-03   2.70027e-04  -2.85706e-04   2.85752e-04
  23  alpha_phi   -3.34027e-04   3.23876e-04  -3.15407e-04   3.15331e-04
  24  beta_phi    -2.06090e-03   3.28748e-04  -3.42542e-04   3.42518e-04
  25  alpha_vw_m_cbo   5.84559e-04   1.56725e-04  -1.57386e-04   1.57375e-04
  26  w_vw_m_cbo   1.20142e+01   constant   
  27  beta_vw_m_cbo   1.59765e-04   1.55027e-04  -1.55879e-04   1.55859e-04
  28  alpha_vw_p_cbo  -1.26230e-04   1.56501e-04  -1.56855e-04   1.56865e-04
  29  w_vw_p_cbo   1.67139e+01   constant   
  30  beta_vw_p_cbo  -2.24605e-04   1.55575e-04  -1.56239e-04   1.56217e-04
 **********
 **   88 **SHO COR 
 **********
 PARAMETER  CORRELATION COEFFICIENTS  
       NO.  GLOBAL      1      3      4      6      8      9     10     11     13     14     16     20     21     22     23     24
        1  0.14557   1.000  0.054  0.047  0.028  0.032  0.024 -0.004 -0.048 -0.053  0.023  0.013  0.000  0.004 -0.045  0.045  0.004
        3  0.15667   0.054  1.000  0.018  0.032 -0.062  0.023 -0.002 -0.001 -0.018 -0.085 -0.011  0.000  0.032  0.064  0.039  0.049
        4  0.23950   0.047  0.018  1.000  0.099 -0.088  0.059  0.003 -0.048 -0.089 -0.067  0.004  0.000  0.037  0.091  0.124  0.082
        6  0.18230   0.028  0.032  0.099  1.000  0.002  0.027 -0.035 -0.045 -0.031 -0.124  0.014  0.000  0.055 -0.013  0.053  0.064
        8  0.20719   0.032 -0.062 -0.088  0.002  1.000 -0.003  0.016  0.053  0.084  0.093  0.015  0.000 -0.039  0.122  0.008  0.003
        9  0.20162   0.024  0.023  0.059  0.027 -0.003  1.000 -0.051 -0.008 -0.012  0.011 -0.011  0.000  0.008  0.104  0.134  0.099
       10  0.07755  -0.004 -0.002  0.003 -0.035  0.016 -0.051  1.000 -0.022  0.008 -0.007  0.018  0.000 -0.011 -0.011 -0.012  0.021
       11  0.39642  -0.048 -0.001 -0.048 -0.045  0.053 -0.008 -0.022  1.000 -0.019  0.173 -0.329  0.000 -0.065  0.053  0.026 -0.012
       13  0.40887  -0.053 -0.018 -0.089 -0.031  0.084 -0.012  0.008 -0.019  1.000  0.271  0.267  0.000 -0.094  0.044  0.000 -0.048
       14  0.37292   0.023 -0.085 -0.067 -0.124  0.093  0.011 -0.007  0.173  0.271  1.000  0.019  0.000 -0.045  0.086 -0.067 -0.042
       16  0.42166   0.013 -0.011  0.004  0.014  0.015 -0.011  0.018 -0.329  0.267  0.019  1.000  0.000  0.003 -0.019 -0.013 -0.001
       20  0.00000   0.000  0.000  0.000  0.000  0.000  0.000  0.000  0.000  0.000  0.000  0.000  1.000  0.000  0.000  0.000  0.000
       21  0.15125   0.004  0.032  0.037  0.055 -0.039  0.008 -0.011 -0.065 -0.094 -0.045  0.003  0.000  1.000  0.008  0.065  0.046
       22  0.23761  -0.045  0.064  0.091 -0.013  0.122  0.104 -0.011  0.053  0.044  0.086 -0.019  0.000  0.008  1.000  0.074 -0.004
       23  0.22901   0.045  0.039  0.124  0.053  0.008  0.134 -0.012  0.026  0.000 -0.067 -0.013  0.000  0.065  0.074  1.000  0.082
       24  0.16946   0.004  0.049  0.082  0.064  0.003  0.099  0.021 -0.012 -0.048 -0.042 -0.001  0.000  0.046 -0.004  0.082  1.000
       25  0.04470  -0.010  0.006 -0.003  0.001 -0.001 -0.017 -0.005 -0.018 -0.022  0.003  0.011  0.000 -0.006 -0.014 -0.003  0.000
                     1.000 -0.000 -0.002 -0.004
       27  0.08358  -0.003 -0.008 -0.021 -0.009 -0.000  0.009  0.009  0.065 -0.022  0.010 -0.006  0.000 -0.007  0.001 -0.023 -0.023
                    -0.000  1.000 -0.001 -0.003
       28  0.05497  -0.004  0.013  0.014  0.016 -0.006 -0.001 -0.004 -0.040 -0.017 -0.007  0.011  0.000  0.004 -0.006  0.020  0.013
                    -0.002 -0.001  1.000 -0.001
       30  0.06972  -0.006  0.011  0.003  0.014 -0.007  0.015  0.001  0.030 -0.053  0.002 -0.018  0.000  0.000  0.004  0.016  0.001
                    -0.004 -0.003 -0.001  1.000
 ELEMENTS ABOVE DIAGONAL ARE NOT PRINTED.
