 + ++++++++++++++++++++++++++++++++++++++++++++++++++++++++++++++++++++ +
 +                                                                      +
 +           You have chose to blind your fitting according to          +
 +                omega_ref * (1 + (R +/- deltaR) *10^{-6})             +
 +                                                                      +
 + ++++++++++++++++++++++++++++++++++++++++++++++++++++++++++++++++++++ +
In main()...
reading format from ./formats/formatB_sBin_constraintOn.txt
Parameters after format file: pBinTau 0 pBinPhi 0 constraintau 1 includeMopTerm 0 constrainMop 0 c_e_scale 0.000000 
Opening file /gm2data/tbarrett/gm2fr/studies/run23_bunch_corrections/CorrectedFourier_Run3b.root.
reading reference data from /gm2data/zkhechad/cboTemplates/Run4CBOTemplates/templateFits3_floatBoth/noRF/sBin_constraintOn_cE0.0_seed0_noRF_calo0.root (fixing 5-param to these terms)
windowBins = 69
fitting sliding window 2170 from bin 2306 at 343.906000 to bin 2375 at 354.350000 (69 bins)

Reading data from /gm2data/cornell/histograms/aMethod/histogram_a_noRF.root
 **********
 **    1 **SET PRINTOUT            1
 **********
 **********
 **    2 **SET NOWARNINGS 
 **********
 PARAMETER DEFINITIONS:
    NO.   NAME         VALUE      STEP SIZE      LIMITS
     1 N0           7.53891e+07  1.00000e+02     no limits
     2 tau          6.43999e+01  constant
     3 A0           3.53537e-01  1.00000e-04     no limits
     4 phi          4.11945e+00  1.00000e-02     no limits
     5 R           -6.07583e+01  constant
     6 alpha_CBO    0.00000e+00  1.00000e-03     no limits
     7 w_CBO        2.32735e+00  constant
     8 beta_CBO     0.00000e+00  1.00000e-03     no limits
     9 alpha_2CBO   0.00000e+00  1.00000e-03     no limits
    10 beta_2CBO    0.00000e+00  1.00000e-03     no limits
    11 alpha_y      0.00000e+00  1.00000e-03     no limits
    12 w_y          1.38984e+01  constant
    13 beta_y       0.00000e+00  1.00000e-03     no limits
    14 alpha_vw     0.00000e+00  1.00000e-03     no limits
    15 w_vw         1.43156e+01  constant
    16 beta_vw      0.00000e+00  1.00000e-03     no limits
    17 LM          -1.79993e-04  constant
    18 zeta_y       0.00000e+00  constant
    19 zeta_vw      0.00000e+00  constant
    20 T_CBO        1.00000e+02  1.00000e+00    0.00000e+00  1.00000e+03
    21 alpha_A0     0.00000e+00  1.00000e-03     no limits
    22 beta_A0      0.00000e+00  1.00000e-03     no limits
    23 alpha_phi    0.00000e+00  1.00000e-03     no limits
    24 beta_phi     0.00000e+00  1.00000e-03     no limits
    25 alpha_vw_m_cbo   0.00000e+00  1.00000e-03     no limits
    26 w_vw_m_cbo   1.20142e+01  constant
    27 beta_vw_m_cbo   0.00000e+00  1.00000e-03     no limits
    28 alpha_vw_p_cbo   0.00000e+00  1.00000e-04     no limits
    29 w_vw_p_cbo   1.67139e+01  constant
    30 beta_vw_p_cbo   0.00000e+00  1.00000e-04     no limits
MINUIT - FIT ONLY WIGGLE
 **********
 **    3 **FIX            5
 **********
 PARAMETER    5  IS CONSTANT.   IGNORED.
 **********
 **    4 **FIX            6
 **********
 **********
 **    5 **FIX            7
 **********
 PARAMETER    7  IS CONSTANT.   IGNORED.
 **********
 **    6 **FIX            8
 **********
 **********
 **    7 **FIX            9
 **********
 **********
 **    8 **FIX           10
 **********
 **********
 **    9 **FIX           11
 **********
 **********
 **   10 **FIX           12
 **********
 PARAMETER   12  IS CONSTANT.   IGNORED.
 **********
 **   11 **FIX           13
 **********
 **********
 **   12 **FIX           14
 **********
 **********
 **   13 **FIX           15
 **********
 PARAMETER   15  IS CONSTANT.   IGNORED.
 **********
 **   14 **FIX           16
 **********
 **********
 **   15 **MIGRAD
 **********
 FIRST CALL TO USER FUNCTION AT NEW START POINT, WITH IFLAG=4.
 START MIGRAD MINIMIZATION.  STRATEGY  1.  CONVERGENCE WHEN EDM .LT. 1.00e-04
 FCN=6.1092e+07 FROM MIGRAD    STATUS=INITIATE      845 CALLS         846 TOTAL
                     EDM= unknown      STRATEGY= 1      NO ERROR MATRIX       
  EXT PARAMETER               CURRENT GUESS       STEP         FIRST   
  NO.   NAME      VALUE            ERROR          SIZE      DERIVATIVE 
   1  N0           7.53891e+07   1.00000e+02   0.00000e+00   3.24106e+00
   2  tau          6.43999e+01   constant   
   3  A0           3.53537e-01   1.00000e-04   0.00000e+00  -2.41075e+07
   4  phi          4.11945e+00   1.00000e-02   0.00000e+00   1.00830e+07
   5  R           -6.07583e+01   constant   
   6  alpha_CBO    0.00000e+00     fixed    
   7  w_CBO        2.32735e+00   constant   
   8  beta_CBO     0.00000e+00     fixed    
   9  alpha_2CBO   0.00000e+00     fixed    
  10  beta_2CBO    0.00000e+00     fixed    
  11  alpha_y      0.00000e+00     fixed    
  12  w_y          1.38984e+01   constant   
  13  beta_y       0.00000e+00     fixed    
  14  alpha_vw     0.00000e+00     fixed    
  15  w_vw         1.43156e+01   constant   
  16  beta_vw      0.00000e+00     fixed    
  17  LM          -1.79993e-04   constant   
  18  zeta_y       0.00000e+00   constant   
  19  zeta_vw      0.00000e+00   constant   
  20  T_CBO        1.00000e+02   1.00000e+00   0.00000e+00   0.00000e+00
  21  alpha_A0     0.00000e+00   1.00000e-03   0.00000e+00  -1.06204e+07
  22  beta_A0      0.00000e+00   1.00000e-03   0.00000e+00   7.46998e+05
  23  alpha_phi    0.00000e+00   1.00000e-03   0.00000e+00  -2.01013e+06
  24  beta_phi     0.00000e+00   1.00000e-03   0.00000e+00  -8.51217e+06
  25  alpha_vw_m_cbo   0.00000e+00   1.00000e-03   0.00000e+00   1.53893e+06
  26  w_vw_m_cbo   1.20142e+01   constant   
  27  beta_vw_m_cbo   0.00000e+00   1.00000e-03   0.00000e+00  -1.16711e+06
  28  alpha_vw_p_cbo   0.00000e+00   1.00000e-04   0.00000e+00   1.68875e+06
  29  w_vw_p_cbo   1.67139e+01   constant   
  30  beta_vw_p_cbo   0.00000e+00   1.00000e-04   0.00000e+00   3.79307e+05
 MIGRAD MINIMIZATION HAS CONVERGED.
 FCN=66.0891 FROM MIGRAD    STATUS=CONVERGED    1206 CALLS        1207 TOTAL
                     EDM=2.11067e-07    STRATEGY= 1  ERROR MATRIX UNCERTAINTY   1.2 per cent
  EXT PARAMETER                                   STEP         FIRST   
  NO.   NAME      VALUE            ERROR          SIZE      DERIVATIVE 
   1  N0           3.76900e+07   5.14746e+03   8.44020e+00  -1.26844e-08
   2  tau          6.43999e+01   constant   
   3  A0           3.53395e-01   1.63198e-04  -1.76036e-08   2.28696e+00
   4  phi          4.11948e+00   4.37600e-04   1.22285e-06  -2.07571e+00
   5  R           -6.07583e+01   constant   
   6  alpha_CBO    0.00000e+00     fixed    
   7  w_CBO        2.32735e+00   constant   
   8  beta_CBO     0.00000e+00     fixed    
   9  alpha_2CBO   0.00000e+00     fixed    
  10  beta_2CBO    0.00000e+00     fixed    
  11  alpha_y      0.00000e+00     fixed    
  12  w_y          1.38984e+01   constant   
  13  beta_y       0.00000e+00     fixed    
  14  alpha_vw     0.00000e+00     fixed    
  15  w_vw         1.43156e+01   constant   
  16  beta_vw      0.00000e+00     fixed    
  17  LM          -1.79993e-04   constant   
  18  zeta_y       0.00000e+00   constant   
  19  zeta_vw      0.00000e+00   constant   
  20  T_CBO        1.00000e+02   5.20646e+02  -0.00000e+00   0.00000e+00
  21  alpha_A0    -3.54858e-04   6.58602e-04   9.13130e-07  -1.67358e-02
  22  beta_A0     -2.43151e-03   6.74356e-04  -3.39177e-06   6.61249e-01
  23  alpha_phi   -4.49350e-06   6.86930e-04   3.61379e-06  -6.70220e-02
  24  beta_phi     4.05574e-04   6.10374e-04  -1.45875e-06  -9.93989e-01
  25  alpha_vw_m_cbo  -1.22041e-04   2.03500e-04   3.27826e-07   2.76199e+00
  26  w_vw_m_cbo   1.20142e+01   constant   
  27  beta_vw_m_cbo   3.66328e-04   2.79739e-04   1.37670e-06   1.19144e+00
  28  alpha_vw_p_cbo   2.14638e-04   2.37176e-04  -5.88047e-07   8.27013e-01
  29  w_vw_p_cbo   1.67139e+01   constant   
  30  beta_vw_p_cbo   4.24426e-05   2.38222e-04  -1.07835e-06  -1.55478e+00
 EXTERNAL ERROR MATRIX.    NDIM=  31    NPAR= 12    ERR DEF=1
 ELEMENTS ABOVE DIAGONAL ARE NOT PRINTED.
  2.650e+07 
  8.359e-02  2.663e-08 
 -4.462e-01  1.677e-08  1.915e-07 
  0.000e+00  0.000e+00  0.000e+00  1.800e+05 
  7.518e-01 -7.309e-09 -5.523e-08  0.000e+00  4.338e-07 
 -8.782e-02  8.890e-09  7.359e-08  0.000e+00 -3.461e-08  4.548e-07 
  2.918e-01 -1.505e-08 -1.710e-08  0.000e+00  7.609e-08 -5.674e-08  4.719e-07 
  6.635e-01  2.330e-08 -8.595e-08  0.000e+00 -3.783e-08  9.627e-08  4.317e-08  3.726e-07 
 -4.804e-02  3.400e-09  1.466e-08  0.000e+00 -1.344e-08  2.067e-09  3.657e-08 -5.050e-09  4.141e-08 
  1.911e-02 -2.840e-10  1.941e-08  0.000e+00 -4.454e-09 -7.549e-09  2.362e-09  2.501e-08 -6.261e-09  7.825e-08 
 -4.313e-02  3.696e-09  8.447e-10  0.000e+00 -1.045e-08  9.558e-09  2.334e-08 -1.400e-08  9.699e-09 -3.008e-08  5.625e-08 
 -1.227e-04  1.507e-09 -1.473e-08  0.000e+00 -1.669e-10  1.034e-08 -3.471e-09 -1.025e-08  4.444e-09 -3.260e-08  2.155e-08 
 -1.227e-04  1.507e-09 -1.473e-08  0.000e+00 -1.669e-10  1.034e-08 -3.471e-09 -1.025e-08  4.444e-09 -3.260e-08  2.155e-08  5.675e-08 
 PARAMETER  CORRELATION COEFFICIENTS  
       NO.  GLOBAL      1      3      4     20     21     22     23     24     25     27     28     30
        1  0.34930   1.000  0.100 -0.198  0.000  0.222 -0.025  0.083  0.211 -0.046  0.013 -0.035 -0.000
        3  0.50782   0.100  1.000  0.235  0.000 -0.068  0.081 -0.134  0.234  0.102 -0.006  0.095  0.039
        4  0.66657  -0.198  0.235  1.000  0.000 -0.192  0.249 -0.057 -0.322  0.165  0.159  0.008 -0.141
       20  0.00000   0.000  0.000  0.000  1.000  0.000  0.000  0.000  0.000  0.000  0.000  0.000  0.000
       21  0.40988   0.222 -0.068 -0.192  0.000  1.000 -0.078  0.168 -0.094 -0.100 -0.024 -0.067 -0.001
       22  0.50092  -0.025  0.081  0.249  0.000 -0.078  1.000 -0.122  0.234  0.015 -0.040  0.060  0.064
       23  0.47030   0.083 -0.134 -0.057  0.000  0.168 -0.122  1.000  0.103  0.262  0.012  0.143 -0.021
       24  0.66197   0.211  0.234 -0.322  0.000 -0.094  0.234  0.103  1.000 -0.041  0.146 -0.097 -0.070
       25  0.39176  -0.046  0.102  0.165  0.000 -0.100  0.015  0.262 -0.041  1.000 -0.110  0.201  0.092
       27  0.60422   0.013 -0.006  0.159  0.000 -0.024 -0.040  0.012  0.146 -0.110  1.000 -0.453 -0.489
       28  0.54695  -0.035  0.095  0.008  0.000 -0.067  0.060  0.143 -0.097  0.201 -0.453  1.000  0.381
       30  0.53787  -0.000  0.039 -0.141  0.000 -0.001  0.064 -0.021 -0.070  0.092 -0.489  0.381  1.000
MINUIT - FIT ONLY 1-CBO + wiggle
 **********
 **   16 **RES 
 **********
                   PARAMETER   16  beta_vw RESTORED TO VARIABLE.
                   PARAMETER   14  alpha_vw RESTORED TO VARIABLE.
                   PARAMETER   13  beta_y RESTORED TO VARIABLE.
                   PARAMETER   11  alpha_y RESTORED TO VARIABLE.
                   PARAMETER   10  beta_2CBO RESTORED TO VARIABLE.
                   PARAMETER    9  alpha_2CBO RESTORED TO VARIABLE.
                   PARAMETER    8  beta_CBO RESTORED TO VARIABLE.
                   PARAMETER    6  alpha_CBO RESTORED TO VARIABLE.
 **********
 **   17 **FIX            8
 **********
 **********
 **   18 **FIX            9
 **********
 **********
 **   19 **FIX           11
 **********
 **********
 **   20 **FIX           12
 **********
 PARAMETER   12  IS CONSTANT.   IGNORED.
 **********
 **   21 **FIX           14
 **********
 **********
 **   22 **FIX           15
 **********
 PARAMETER   15  IS CONSTANT.   IGNORED.
 **********
 **   23 **FIX           16
 **********
 **********
 **   24 **MIGRAD
 **********
 START MIGRAD MINIMIZATION.  STRATEGY  1.  CONVERGENCE WHEN EDM .LT. 1.00e-04
 FCN=66.0891 FROM MIGRAD    STATUS=INITIATE     1225 CALLS        2432 TOTAL
                     EDM= unknown      STRATEGY= 1      NO ERROR MATRIX       
  EXT PARAMETER               CURRENT GUESS       STEP         FIRST   
  NO.   NAME      VALUE            ERROR          SIZE      DERIVATIVE 
   1  N0           3.76900e+07   5.14746e+03   0.00000e+00  -1.26844e-08
   2  tau          6.43999e+01   constant   
   3  A0           3.53395e-01   1.63198e-04   0.00000e+00   2.28696e+00
   4  phi          4.11948e+00   4.37600e-04   0.00000e+00  -2.07571e+00
   5  R           -6.07583e+01   constant   
   6  alpha_CBO    0.00000e+00   1.00000e-03   0.00000e+00  -1.57155e+04
   7  w_CBO        2.32735e+00   constant   
   8  beta_CBO     0.00000e+00     fixed    
   9  alpha_2CBO   0.00000e+00     fixed    
  10  beta_2CBO    0.00000e+00   1.00000e-03   0.00000e+00  -5.47946e+02
  11  alpha_y      0.00000e+00     fixed    
  12  w_y          1.38984e+01   constant   
  13  beta_y       0.00000e+00   1.00000e-03   0.00000e+00  -4.19423e+03
  14  alpha_vw     0.00000e+00     fixed    
  15  w_vw         1.43156e+01   constant   
  16  beta_vw      0.00000e+00     fixed    
  17  LM          -1.79993e-04   constant   
  18  zeta_y       0.00000e+00   constant   
  19  zeta_vw      0.00000e+00   constant   
  20  T_CBO        1.00000e+02   5.20646e+02   0.00000e+00   0.00000e+00
  21  alpha_A0    -3.54858e-04   6.58602e-04   0.00000e+00  -1.67361e-02
  22  beta_A0     -2.43151e-03   6.74356e-04   0.00000e+00   6.61250e-01
  23  alpha_phi   -4.49350e-06   6.86930e-04   0.00000e+00  -6.70109e-02
  24  beta_phi     4.05574e-04   6.10374e-04   0.00000e+00  -9.93969e-01
  25  alpha_vw_m_cbo  -1.22041e-04   2.03500e-04   0.00000e+00   2.76199e+00
  26  w_vw_m_cbo   1.20142e+01   constant   
  27  beta_vw_m_cbo   3.66328e-04   2.79739e-04   0.00000e+00   1.19144e+00
  28  alpha_vw_p_cbo   2.14638e-04   2.37176e-04   0.00000e+00   8.27013e-01
  29  w_vw_p_cbo   1.67139e+01   constant   
  30  beta_vw_p_cbo   4.24426e-05   2.38222e-04   0.00000e+00  -1.55478e+00
 MIGRAD MINIMIZATION HAS CONVERGED.
 MIGRAD WILL VERIFY CONVERGENCE AND ERROR MATRIX.
  MNHESS FAILS AND WILL RETURN DIAGONAL MATRIX. 
 FCN=56.6943 FROM MIGRAD    STATUS=CONVERGED    1398 CALLS        2605 TOTAL
                     EDM=7.05963e-06    STRATEGY= 1  ERROR MATRIX UNCERTAINTY 100.0 per cent
  EXT PARAMETER                APPROXIMATE        STEP         FIRST   
  NO.   NAME      VALUE            ERROR          SIZE      DERIVATIVE 
   1  N0           3.76910e+07   4.82328e+03   1.79725e+01   5.72304e-07
   2  tau          6.43999e+01   constant   
   3  A0           3.53532e-01   1.67099e-04   6.19740e-07  -2.60583e+00
   4  phi          4.11957e+00   4.85039e-04   1.96436e-06  -1.58891e+00
   5  R           -6.07583e+01   constant   
   6  alpha_CBO    1.11905e-03   3.55423e-04   1.31820e-06  -4.10721e-01
   7  w_CBO        2.32735e+00   constant   
   8  beta_CBO     0.00000e+00     fixed    
   9  alpha_2CBO   0.00000e+00     fixed    
  10  beta_2CBO    6.71430e-05   3.61259e-04   1.33985e-06   5.45888e+00
  11  alpha_y      0.00000e+00     fixed    
  12  w_y          1.38984e+01   constant   
  13  beta_y       2.78063e-04   3.61220e-04   1.33970e-06   8.52341e-01
  14  alpha_vw     0.00000e+00     fixed    
  15  w_vw         1.43156e+01   constant   
  16  beta_vw      0.00000e+00     fixed    
  17  LM          -1.79993e-04   constant   
  18  zeta_y       0.00000e+00   constant   
  19  zeta_vw      0.00000e+00   constant   
  20  T_CBO        1.00000e+02   7.59439e+02  -0.00000e+00   0.00000e+00
  21  alpha_A0    -2.02640e-04   6.38754e-04  -2.15610e-06  -4.46763e-02
  22  beta_A0     -2.21556e-03   7.03039e-04   1.30508e-06  -2.79325e+00
  23  alpha_phi   -4.30454e-04   6.93677e-04  -7.75897e-07  -1.18254e+00
  24  beta_phi     4.18951e-04   6.78475e-04  -1.41685e-06   2.62174e+00
  25  alpha_vw_m_cbo  -1.25926e-04   3.63819e-04  -2.05052e-07   1.58352e+00
  26  w_vw_m_cbo   1.20142e+01   constant   
  27  beta_vw_m_cbo   3.62057e-04   3.60101e-04  -2.46384e-07   1.22980e+00
  28  alpha_vw_p_cbo   2.40696e-04   3.58982e-04   6.58941e-08  -2.77435e+00
  29  w_vw_p_cbo   1.67139e+01   constant   
  30  beta_vw_p_cbo   5.97764e-05   3.64984e-04   2.56016e-07  -2.08787e+00
 EXTERNAL ERROR MATRIX.    NDIM=  31    NPAR= 15    ERR DEF=1
 ELEMENTS ABOVE DIAGONAL ARE NOT PRINTED.
  2.326e+07 
  0.000e+00  2.792e-08 
  0.000e+00  0.000e+00  2.353e-07 
  0.000e+00  0.000e+00  0.000e+00  1.263e-07 
  0.000e+00  0.000e+00  0.000e+00  0.000e+00  1.305e-07 
  0.000e+00  0.000e+00  0.000e+00  0.000e+00  0.000e+00  1.305e-07 
  0.000e+00  0.000e+00  0.000e+00  0.000e+00  0.000e+00  0.000e+00  5.421e+05 
  0.000e+00  0.000e+00  0.000e+00  0.000e+00  0.000e+00  0.000e+00  0.000e+00  4.080e-07 
  0.000e+00  0.000e+00  0.000e+00  0.000e+00  0.000e+00  0.000e+00  0.000e+00  0.000e+00  4.943e-07 
  0.000e+00  0.000e+00  0.000e+00  0.000e+00  0.000e+00  0.000e+00  0.000e+00  0.000e+00  0.000e+00  4.812e-07 
  0.000e+00  0.000e+00  0.000e+00  0.000e+00  0.000e+00  0.000e+00  0.000e+00  0.000e+00  0.000e+00  0.000e+00  4.603e-07 
  0.000e+00  0.000e+00  0.000e+00  0.000e+00  0.000e+00  0.000e+00  0.000e+00  0.000e+00  0.000e+00  0.000e+00  0.000e+00 
  0.000e+00  0.000e+00  0.000e+00  0.000e+00  0.000e+00  0.000e+00  0.000e+00  0.000e+00  0.000e+00  0.000e+00  0.000e+00  1.324e-07 
  0.000e+00  0.000e+00  0.000e+00  0.000e+00  0.000e+00  0.000e+00  0.000e+00  0.000e+00  0.000e+00  0.000e+00  0.000e+00 
  0.000e+00  0.000e+00  0.000e+00  0.000e+00  0.000e+00  0.000e+00  0.000e+00  0.000e+00  0.000e+00  0.000e+00  0.000e+00  0.000e+00  1.297e-07 
  0.000e+00  0.000e+00  0.000e+00  0.000e+00  0.000e+00  0.000e+00  0.000e+00  0.000e+00  0.000e+00  0.000e+00  0.000e+00 
  0.000e+00  0.000e+00  0.000e+00  0.000e+00  0.000e+00  0.000e+00  0.000e+00  0.000e+00  0.000e+00  0.000e+00  0.000e+00  0.000e+00  0.000e+00  1.289e-07 
  0.000e+00  0.000e+00  0.000e+00  0.000e+00  0.000e+00  0.000e+00  0.000e+00  0.000e+00  0.000e+00  0.000e+00  0.000e+00 
  0.000e+00  0.000e+00  0.000e+00  0.000e+00  0.000e+00  0.000e+00  0.000e+00  0.000e+00  0.000e+00  0.000e+00  0.000e+00  0.000e+00  0.000e+00  0.000e+00  1.332e-07 
ERR MATRIX APPROXIMATE
 PARAMETER  CORRELATION COEFFICIENTS  
       NO.  GLOBAL      1      3      4      6     10     13     20     21     22     23     24     25     27     28     30
        1  0.00000   1.000  0.000  0.000  0.000  0.000  0.000  0.000  0.000  0.000  0.000  0.000  0.000  0.000  0.000  0.000
        3  0.00000   0.000  1.000  0.000  0.000  0.000  0.000  0.000  0.000  0.000  0.000  0.000  0.000  0.000  0.000  0.000
        4  0.00000   0.000  0.000  1.000  0.000  0.000  0.000  0.000  0.000  0.000  0.000  0.000  0.000  0.000  0.000  0.000
        6  0.00000   0.000  0.000  0.000  1.000  0.000  0.000  0.000  0.000  0.000  0.000  0.000  0.000  0.000  0.000  0.000
       10  0.00000   0.000  0.000  0.000  0.000  1.000  0.000  0.000  0.000  0.000  0.000  0.000  0.000  0.000  0.000  0.000
       13  0.00000   0.000  0.000  0.000  0.000  0.000  1.000  0.000  0.000  0.000  0.000  0.000  0.000  0.000  0.000  0.000
       20  0.00000   0.000  0.000  0.000  0.000  0.000  0.000  1.000  0.000  0.000  0.000  0.000  0.000  0.000  0.000  0.000
       21  0.00000   0.000  0.000  0.000  0.000  0.000  0.000  0.000  1.000  0.000  0.000  0.000  0.000  0.000  0.000  0.000
       22  0.00000   0.000  0.000  0.000  0.000  0.000  0.000  0.000  0.000  1.000  0.000  0.000  0.000  0.000  0.000  0.000
       23  0.00000   0.000  0.000  0.000  0.000  0.000  0.000  0.000  0.000  0.000  1.000  0.000  0.000  0.000  0.000  0.000
       24  0.00000   0.000  0.000  0.000  0.000  0.000  0.000  0.000  0.000  0.000  0.000  1.000  0.000  0.000  0.000  0.000
       25  0.00000   0.000  0.000  0.000  0.000  0.000  0.000  0.000  0.000  0.000  0.000  0.000  1.000  0.000  0.000  0.000
       27  0.00000   0.000  0.000  0.000  0.000  0.000  0.000  0.000  0.000  0.000  0.000  0.000  0.000  1.000  0.000  0.000
       28  0.00000   0.000  0.000  0.000  0.000  0.000  0.000  0.000  0.000  0.000  0.000  0.000  0.000  0.000  1.000  0.000
       30  0.00000   0.000  0.000  0.000  0.000  0.000  0.000  0.000  0.000  0.000  0.000  0.000  0.000  0.000  0.000  1.000
 ERR MATRIX APPROXIMATE
MINUIT - FIT ONLY 2-CBO
 **********
 **   25 **RES 
 **********
                   PARAMETER   16  beta_vw RESTORED TO VARIABLE.
                   PARAMETER   14  alpha_vw RESTORED TO VARIABLE.
                   PARAMETER   11  alpha_y RESTORED TO VARIABLE.
                   PARAMETER    9  alpha_2CBO RESTORED TO VARIABLE.
                   PARAMETER    8  beta_CBO RESTORED TO VARIABLE.
 **********
 **   26 **FIX            0
 **********
 PARAMETER    0  IS UNDEFINED. IGNORED.
 **********
 **   27 **FIX            1
 **********
 **********
 **   28 **FIX            2
 **********
 PARAMETER    2  IS CONSTANT.   IGNORED.
 **********
 **   29 **FIX            3
 **********
 **********
 **   30 **FIX            4
 **********
 **********
 **   31 **FIX            5
 **********
 PARAMETER    5  IS CONSTANT.   IGNORED.
 **********
 **   32 **FIX            6
 **********
 **********
 **   33 **FIX            7
 **********
 PARAMETER    7  IS CONSTANT.   IGNORED.
 **********
 **   34 **FIX           10
 **********
 **********
 **   35 **FIX           11
 **********
 **********
 **   36 **FIX           12
 **********
 PARAMETER   12  IS CONSTANT.   IGNORED.
 **********
 **   37 **FIX           13
 **********
 **********
 **   38 **FIX           14
 **********
 **********
 **   39 **FIX           15
 **********
 PARAMETER   15  IS CONSTANT.   IGNORED.
 **********
 **   40 **FIX           16
 **********
 **********
 **   41 **MIGRAD
 **********
 START MIGRAD MINIMIZATION.  STRATEGY  1.  CONVERGENCE WHEN EDM .LT. 1.00e-04
 FCN=56.6943 FROM MIGRAD    STATUS=INITIATE      719 CALLS        3324 TOTAL
                     EDM= unknown      STRATEGY= 1      NO ERROR MATRIX       
  EXT PARAMETER               CURRENT GUESS       STEP         FIRST   
  NO.   NAME      VALUE            ERROR          SIZE      DERIVATIVE 
   1  N0           3.76910e+07     fixed    
   2  tau          6.43999e+01   constant   
   3  A0           3.53532e-01     fixed    
   4  phi          4.11957e+00     fixed    
   5  R           -6.07583e+01   constant   
   6  alpha_CBO    1.11905e-03     fixed    
   7  w_CBO        2.32735e+00   constant   
   8  beta_CBO     0.00000e+00   1.00000e-03   0.00000e+00   2.88456e+03
   9  alpha_2CBO   0.00000e+00   1.00000e-03   0.00000e+00   9.75463e+03
  10  beta_2CBO    6.71430e-05     fixed    
  11  alpha_y      0.00000e+00     fixed    
  12  w_y          1.38984e+01   constant   
  13  beta_y       2.78063e-04     fixed    
  14  alpha_vw     0.00000e+00     fixed    
  15  w_vw         1.43156e+01   constant   
  16  beta_vw      0.00000e+00     fixed    
  17  LM          -1.79993e-04   constant   
  18  zeta_y       0.00000e+00   constant   
  19  zeta_vw      0.00000e+00   constant   
  20  T_CBO        1.00000e+02   7.59439e+02   0.00000e+00   0.00000e+00
  21  alpha_A0    -2.02640e-04   6.38754e-04   0.00000e+00  -4.46766e-02
  22  beta_A0     -2.21556e-03   7.03039e-04   0.00000e+00  -2.79325e+00
  23  alpha_phi   -4.30454e-04   6.93677e-04   0.00000e+00  -1.18252e+00
  24  beta_phi     4.18951e-04   6.78475e-04   0.00000e+00   2.62172e+00
  25  alpha_vw_m_cbo  -1.25926e-04   3.63819e-04   0.00000e+00   1.58352e+00
  26  w_vw_m_cbo   1.20142e+01   constant   
  27  beta_vw_m_cbo   3.62057e-04   3.60101e-04   0.00000e+00   1.22980e+00
  28  alpha_vw_p_cbo   2.40696e-04   3.58982e-04   0.00000e+00  -2.77435e+00
  29  w_vw_p_cbo   1.67139e+01   constant   
  30  beta_vw_p_cbo   5.97764e-05   3.64984e-04   0.00000e+00  -2.08787e+00
 MIGRAD MINIMIZATION HAS CONVERGED.
 MIGRAD WILL VERIFY CONVERGENCE AND ERROR MATRIX.
  MNHESS FAILS AND WILL RETURN DIAGONAL MATRIX. 
 FCN=53.1998 FROM MIGRAD    STATUS=CONVERGED     820 CALLS        3425 TOTAL
                     EDM=4.54415e-07    STRATEGY= 1  ERROR MATRIX UNCERTAINTY 100.0 per cent
  EXT PARAMETER                APPROXIMATE        STEP         FIRST   
  NO.   NAME      VALUE            ERROR          SIZE      DERIVATIVE 
   1  N0           3.76910e+07     fixed    
   2  tau          6.43999e+01   constant   
   3  A0           3.53532e-01     fixed    
   4  phi          4.11957e+00     fixed    
   5  R           -6.07583e+01   constant   
   6  alpha_CBO    1.11905e-03     fixed    
   7  w_CBO        2.32735e+00   constant   
   8  beta_CBO    -1.71954e-04   3.68844e-04   1.32590e-06  -2.27397e+00
   9  alpha_2CBO  -6.65808e-04   3.62636e-04   1.30359e-06  -8.68359e-01
  10  beta_2CBO    6.71430e-05     fixed    
  11  alpha_y      0.00000e+00     fixed    
  12  w_y          1.38984e+01   constant   
  13  beta_y       2.78063e-04     fixed    
  14  alpha_vw     0.00000e+00     fixed    
  15  w_vw         1.43156e+01   constant   
  16  beta_vw      0.00000e+00     fixed    
  17  LM          -1.79993e-04   constant   
  18  zeta_y       0.00000e+00   constant   
  19  zeta_vw      0.00000e+00   constant   
  20  T_CBO        1.00000e+02   9.44762e+02  -0.00000e+00   0.00000e+00
  21  alpha_A0    -4.02047e-04   6.38867e-04  -1.16854e-06   1.50653e-01
  22  beta_A0     -2.25601e-03   7.02930e-04   1.81042e-06  -2.60924e-01
  23  alpha_phi   -4.96913e-04   6.93808e-04  -2.34458e-06  -5.52703e-01
  24  beta_phi     6.39218e-04   6.78329e-04  -1.27967e-06   1.96720e-01
  25  alpha_vw_m_cbo  -1.28291e-04   3.63818e-04   3.65485e-08   7.83248e-02
  26  w_vw_m_cbo   1.20142e+01   constant   
  27  beta_vw_m_cbo   3.60849e-04   3.60100e-04   6.86350e-07   1.36088e+00
  28  alpha_vw_p_cbo   2.36096e-04   3.58981e-04  -5.50001e-08  -5.56379e-02
  29  w_vw_p_cbo   1.67139e+01   constant   
  30  beta_vw_p_cbo   6.30471e-05   3.64984e-04  -3.08407e-07  -7.70712e-01
 EXTERNAL ERROR MATRIX.    NDIM=  31    NPAR= 11    ERR DEF=1
  1.360e-07 
  0.000e+00  1.315e-07 
  0.000e+00  0.000e+00  1.153e+06 
  0.000e+00  0.000e+00  0.000e+00  4.082e-07 
  0.000e+00  0.000e+00  0.000e+00  0.000e+00  4.941e-07 
  0.000e+00  0.000e+00  0.000e+00  0.000e+00  0.000e+00  4.814e-07 
  0.000e+00  0.000e+00  0.000e+00  0.000e+00  0.000e+00  0.000e+00  4.601e-07 
  0.000e+00  0.000e+00  0.000e+00  0.000e+00  0.000e+00  0.000e+00  0.000e+00  1.324e-07 
  0.000e+00  0.000e+00  0.000e+00  0.000e+00  0.000e+00  0.000e+00  0.000e+00  0.000e+00  1.297e-07 
  0.000e+00  0.000e+00  0.000e+00  0.000e+00  0.000e+00  0.000e+00  0.000e+00  0.000e+00  0.000e+00  1.289e-07 
  0.000e+00  0.000e+00  0.000e+00  0.000e+00  0.000e+00  0.000e+00  0.000e+00  0.000e+00  0.000e+00  0.000e+00  1.332e-07 
ERR MATRIX APPROXIMATE
 PARAMETER  CORRELATION COEFFICIENTS  
       NO.  GLOBAL      8      9     20     21     22     23     24     25     27     28     30
        8  0.00000   1.000  0.000  0.000  0.000  0.000  0.000  0.000  0.000  0.000  0.000  0.000
        9  0.00000   0.000  1.000  0.000  0.000  0.000  0.000  0.000  0.000  0.000  0.000  0.000
       20  0.00000   0.000  0.000  1.000  0.000  0.000  0.000  0.000  0.000  0.000  0.000  0.000
       21  0.00000   0.000  0.000  0.000  1.000  0.000  0.000  0.000  0.000  0.000  0.000  0.000
       22  0.00000   0.000  0.000  0.000  0.000  1.000  0.000  0.000  0.000  0.000  0.000  0.000
       23  0.00000   0.000  0.000  0.000  0.000  0.000  1.000  0.000  0.000  0.000  0.000  0.000
       24  0.00000   0.000  0.000  0.000  0.000  0.000  0.000  1.000  0.000  0.000  0.000  0.000
       25  0.00000   0.000  0.000  0.000  0.000  0.000  0.000  0.000  1.000  0.000  0.000  0.000
       27  0.00000   0.000  0.000  0.000  0.000  0.000  0.000  0.000  0.000  1.000  0.000  0.000
       28  0.00000   0.000  0.000  0.000  0.000  0.000  0.000  0.000  0.000  0.000  1.000  0.000
       30  0.00000   0.000  0.000  0.000  0.000  0.000  0.000  0.000  0.000  0.000  0.000  1.000
 ERR MATRIX APPROXIMATE
MINUIT - FIT wiggle + 1-CBO + 2-CBO
 **********
 **   42 **RES 
 **********
                   PARAMETER   16  beta_vw RESTORED TO VARIABLE.
                   PARAMETER   14  alpha_vw RESTORED TO VARIABLE.
                   PARAMETER   13  beta_y RESTORED TO VARIABLE.
                   PARAMETER   11  alpha_y RESTORED TO VARIABLE.
                   PARAMETER   10  beta_2CBO RESTORED TO VARIABLE.
                   PARAMETER    6  alpha_CBO RESTORED TO VARIABLE.
                   PARAMETER    4  phi RESTORED TO VARIABLE.
                   PARAMETER    3  A0 RESTORED TO VARIABLE.
                   PARAMETER    1  N0 RESTORED TO VARIABLE.
 **********
 **   43 **FIX           10
 **********
 **********
 **   44 **FIX           11
 **********
 **********
 **   45 **FIX           12
 **********
 PARAMETER   12  IS CONSTANT.   IGNORED.
 **********
 **   46 **FIX           13
 **********
 **********
 **   47 **FIX           14
 **********
 **********
 **   48 **FIX           15
 **********
 PARAMETER   15  IS CONSTANT.   IGNORED.
 **********
 **   49 **FIX           16
 **********
 **********
 **   50 **MIGRAD
 **********
 START MIGRAD MINIMIZATION.  STRATEGY  1.  CONVERGENCE WHEN EDM .LT. 1.00e-04
 FCN=53.1998 FROM MIGRAD    STATUS=INITIATE     1219 CALLS        4644 TOTAL
                     EDM= unknown      STRATEGY= 1      NO ERROR MATRIX       
  EXT PARAMETER               CURRENT GUESS       STEP         FIRST   
  NO.   NAME      VALUE            ERROR          SIZE      DERIVATIVE 
   1  N0           3.76910e+07   4.82328e+03   0.00000e+00  -2.18622e-05
   2  tau          6.43999e+01   constant   
   3  A0           3.53532e-01   1.67099e-04   0.00000e+00  -5.50157e+02
   4  phi          4.11957e+00   4.85039e-04   0.00000e+00  -8.15364e+01
   5  R           -6.07583e+01   constant   
   6  alpha_CBO    1.11905e-03   3.55423e-04   0.00000e+00   5.60005e+02
   7  w_CBO        2.32735e+00   constant   
   8  beta_CBO    -1.71954e-04   3.68844e-04   0.00000e+00  -2.27396e+00
   9  alpha_2CBO  -6.65808e-04   3.62636e-04   0.00000e+00  -8.68359e-01
  10  beta_2CBO    6.71430e-05     fixed    
  11  alpha_y      0.00000e+00     fixed    
  12  w_y          1.38984e+01   constant   
  13  beta_y       2.78063e-04     fixed    
  14  alpha_vw     0.00000e+00     fixed    
  15  w_vw         1.43156e+01   constant   
  16  beta_vw      0.00000e+00     fixed    
  17  LM          -1.79993e-04   constant   
  18  zeta_y       0.00000e+00   constant   
  19  zeta_vw      0.00000e+00   constant   
  20  T_CBO        1.00000e+02   9.44762e+02   0.00000e+00   0.00000e+00
  21  alpha_A0    -4.02047e-04   6.38867e-04   0.00000e+00   1.50653e-01
  22  beta_A0     -2.25601e-03   7.02930e-04   0.00000e+00  -2.60924e-01
  23  alpha_phi   -4.96913e-04   6.93808e-04   0.00000e+00  -5.52708e-01
  24  beta_phi     6.39218e-04   6.78329e-04   0.00000e+00   1.96755e-01
  25  alpha_vw_m_cbo  -1.28291e-04   3.63818e-04   0.00000e+00   7.83255e-02
  26  w_vw_m_cbo   1.20142e+01   constant   
  27  beta_vw_m_cbo   3.60849e-04   3.60100e-04   0.00000e+00   1.36088e+00
  28  alpha_vw_p_cbo   2.36096e-04   3.58981e-04   0.00000e+00  -5.56378e-02
  29  w_vw_p_cbo   1.67139e+01   constant   
  30  beta_vw_p_cbo   6.30471e-05   3.64984e-04   0.00000e+00  -7.70711e-01
 MIGRAD MINIMIZATION HAS CONVERGED.
 MIGRAD WILL VERIFY CONVERGENCE AND ERROR MATRIX.
  MNHESS FAILS AND WILL RETURN DIAGONAL MATRIX. 
 FCN=53.1858 FROM MIGRAD    STATUS=CONVERGED    1329 CALLS        4754 TOTAL
                     EDM=3.35132e-06    STRATEGY= 1  ERROR MATRIX UNCERTAINTY 100.0 per cent
  EXT PARAMETER                APPROXIMATE        STEP         FIRST   
  NO.   NAME      VALUE            ERROR          SIZE      DERIVATIVE 
   1  N0           3.76913e+07   4.82331e+03   1.79726e+01  -2.41528e-07
   2  tau          6.43999e+01   constant   
   3  A0           3.53538e-01   1.67105e-04   6.00622e-07   7.03482e+00
   4  phi          4.11957e+00   4.85026e-04   1.96436e-06   7.08557e-01
   5  R           -6.07583e+01   constant   
   6  alpha_CBO    1.08559e-03   3.55417e-04   1.27747e-06  -7.12917e-03
   7  w_CBO        2.32735e+00   constant   
   8  beta_CBO    -1.69415e-04   3.68841e-04   1.32572e-06   2.86319e+00
   9  alpha_2CBO  -6.69416e-04   3.62634e-04   1.30341e-06  -2.20024e+00
  10  beta_2CBO    6.71430e-05     fixed    
  11  alpha_y      0.00000e+00     fixed    
  12  w_y          1.38984e+01   constant   
  13  beta_y       2.78063e-04     fixed    
  14  alpha_vw     0.00000e+00     fixed    
  15  w_vw         1.43156e+01   constant   
  16  beta_vw      0.00000e+00     fixed    
  17  LM          -1.79993e-04   constant   
  18  zeta_y       0.00000e+00   constant   
  19  zeta_vw      0.00000e+00   constant   
  20  T_CBO        1.00000e+02   8.96179e+02  -0.00000e+00   0.00000e+00
  21  alpha_A0    -4.04781e-04   6.38854e-04   1.54496e-06   7.93537e-01
  22  beta_A0     -2.25381e-03   7.02915e-04  -4.89242e-07   2.29189e+00
  23  alpha_phi   -4.84863e-04   6.93804e-04  -7.39748e-08  -1.32999e-01
  24  beta_phi     6.47575e-04   6.78323e-04   1.41403e-06   2.83113e-01
  25  alpha_vw_m_cbo  -1.28869e-04   3.63816e-04  -1.26683e-07  -2.30255e-01
  26  w_vw_m_cbo   1.20142e+01   constant   
  27  beta_vw_m_cbo   3.61812e-04   3.60098e-04   1.99674e-08   7.49760e-01
  28  alpha_vw_p_cbo   2.35268e-04   3.58979e-04  -1.30945e-07  -3.52162e-01
  29  w_vw_p_cbo   1.67139e+01   constant   
  30  beta_vw_p_cbo   6.26083e-05   3.64981e-04   6.99272e-08  -3.64590e-01
 EXTERNAL ERROR MATRIX.    NDIM=  31    NPAR= 15    ERR DEF=1
 ELEMENTS ABOVE DIAGONAL ARE NOT PRINTED.
  2.326e+07 
  0.000e+00  2.792e-08 
  0.000e+00  0.000e+00  2.353e-07 
  0.000e+00  0.000e+00  0.000e+00  1.263e-07 
  0.000e+00  0.000e+00  0.000e+00  0.000e+00  1.360e-07 
  0.000e+00  0.000e+00  0.000e+00  0.000e+00  0.000e+00  1.315e-07 
  0.000e+00  0.000e+00  0.000e+00  0.000e+00  0.000e+00  0.000e+00  1.785e+06 
  0.000e+00  0.000e+00  0.000e+00  0.000e+00  0.000e+00  0.000e+00  0.000e+00  4.081e-07 
  0.000e+00  0.000e+00  0.000e+00  0.000e+00  0.000e+00  0.000e+00  0.000e+00  0.000e+00  4.941e-07 
  0.000e+00  0.000e+00  0.000e+00  0.000e+00  0.000e+00  0.000e+00  0.000e+00  0.000e+00  0.000e+00  4.814e-07 
  0.000e+00  0.000e+00  0.000e+00  0.000e+00  0.000e+00  0.000e+00  0.000e+00  0.000e+00  0.000e+00  0.000e+00  4.601e-07 
  0.000e+00  0.000e+00  0.000e+00  0.000e+00  0.000e+00  0.000e+00  0.000e+00  0.000e+00  0.000e+00  0.000e+00  0.000e+00 
  0.000e+00  0.000e+00  0.000e+00  0.000e+00  0.000e+00  0.000e+00  0.000e+00  0.000e+00  0.000e+00  0.000e+00  0.000e+00  1.324e-07 
  0.000e+00  0.000e+00  0.000e+00  0.000e+00  0.000e+00  0.000e+00  0.000e+00  0.000e+00  0.000e+00  0.000e+00  0.000e+00 
  0.000e+00  0.000e+00  0.000e+00  0.000e+00  0.000e+00  0.000e+00  0.000e+00  0.000e+00  0.000e+00  0.000e+00  0.000e+00  0.000e+00  1.297e-07 
  0.000e+00  0.000e+00  0.000e+00  0.000e+00  0.000e+00  0.000e+00  0.000e+00  0.000e+00  0.000e+00  0.000e+00  0.000e+00 
  0.000e+00  0.000e+00  0.000e+00  0.000e+00  0.000e+00  0.000e+00  0.000e+00  0.000e+00  0.000e+00  0.000e+00  0.000e+00  0.000e+00  0.000e+00  1.289e-07 
  0.000e+00  0.000e+00  0.000e+00  0.000e+00  0.000e+00  0.000e+00  0.000e+00  0.000e+00  0.000e+00  0.000e+00  0.000e+00 
  0.000e+00  0.000e+00  0.000e+00  0.000e+00  0.000e+00  0.000e+00  0.000e+00  0.000e+00  0.000e+00  0.000e+00  0.000e+00  0.000e+00  0.000e+00  0.000e+00  1.332e-07 
ERR MATRIX APPROXIMATE
 PARAMETER  CORRELATION COEFFICIENTS  
       NO.  GLOBAL      1      3      4      6      8      9     20     21     22     23     24     25     27     28     30
        1  0.00000   1.000  0.000  0.000  0.000  0.000  0.000  0.000  0.000  0.000  0.000  0.000  0.000  0.000  0.000  0.000
        3  0.00000   0.000  1.000  0.000  0.000  0.000  0.000  0.000  0.000  0.000  0.000  0.000  0.000  0.000  0.000  0.000
        4  0.00000   0.000  0.000  1.000  0.000  0.000  0.000  0.000  0.000  0.000  0.000  0.000  0.000  0.000  0.000  0.000
        6  0.00000   0.000  0.000  0.000  1.000  0.000  0.000  0.000  0.000  0.000  0.000  0.000  0.000  0.000  0.000  0.000
        8  0.00000   0.000  0.000  0.000  0.000  1.000  0.000  0.000  0.000  0.000  0.000  0.000  0.000  0.000  0.000  0.000
        9  0.00000   0.000  0.000  0.000  0.000  0.000  1.000  0.000  0.000  0.000  0.000  0.000  0.000  0.000  0.000  0.000
       20  0.00000   0.000  0.000  0.000  0.000  0.000  0.000  1.000  0.000  0.000  0.000  0.000  0.000  0.000  0.000  0.000
       21  0.00000   0.000  0.000  0.000  0.000  0.000  0.000  0.000  1.000  0.000  0.000  0.000  0.000  0.000  0.000  0.000
       22  0.00000   0.000  0.000  0.000  0.000  0.000  0.000  0.000  0.000  1.000  0.000  0.000  0.000  0.000  0.000  0.000
       23  0.00000   0.000  0.000  0.000  0.000  0.000  0.000  0.000  0.000  0.000  1.000  0.000  0.000  0.000  0.000  0.000
       24  0.00000   0.000  0.000  0.000  0.000  0.000  0.000  0.000  0.000  0.000  0.000  1.000  0.000  0.000  0.000  0.000
       25  0.00000   0.000  0.000  0.000  0.000  0.000  0.000  0.000  0.000  0.000  0.000  0.000  1.000  0.000  0.000  0.000
       27  0.00000   0.000  0.000  0.000  0.000  0.000  0.000  0.000  0.000  0.000  0.000  0.000  0.000  1.000  0.000  0.000
       28  0.00000   0.000  0.000  0.000  0.000  0.000  0.000  0.000  0.000  0.000  0.000  0.000  0.000  0.000  1.000  0.000
       30  0.00000   0.000  0.000  0.000  0.000  0.000  0.000  0.000  0.000  0.000  0.000  0.000  0.000  0.000  0.000  1.000
 ERR MATRIX APPROXIMATE
MINUIT - FIT ONLY 1-y
 **********
 **   51 **RES 
 **********
                   PARAMETER   16  beta_vw RESTORED TO VARIABLE.
                   PARAMETER   14  alpha_vw RESTORED TO VARIABLE.
                   PARAMETER   13  beta_y RESTORED TO VARIABLE.
                   PARAMETER   11  alpha_y RESTORED TO VARIABLE.
                   PARAMETER   10  beta_2CBO RESTORED TO VARIABLE.
 **********
 **   52 **FIX            0
 **********
 PARAMETER    0  IS UNDEFINED. IGNORED.
 **********
 **   53 **FIX            1
 **********
 **********
 **   54 **FIX            2
 **********
 PARAMETER    2  IS CONSTANT.   IGNORED.
 **********
 **   55 **FIX            3
 **********
 **********
 **   56 **FIX            4
 **********
 **********
 **   57 **FIX            5
 **********
 PARAMETER    5  IS CONSTANT.   IGNORED.
 **********
 **   58 **FIX            6
 **********
 **********
 **   59 **FIX            7
 **********
 PARAMETER    7  IS CONSTANT.   IGNORED.
 **********
 **   60 **FIX            8
 **********
 **********
 **   61 **FIX            9
 **********
 **********
 **   62 **FIX           13
 **********
 **********
 **   63 **FIX           14
 **********
 **********
 **   64 **FIX           15
 **********
 PARAMETER   15  IS CONSTANT.   IGNORED.
 **********
 **   65 **FIX           16
 **********
 **********
 **   66 **MIGRAD
 **********
 START MIGRAD MINIMIZATION.  STRATEGY  1.  CONVERGENCE WHEN EDM .LT. 1.00e-04
 FCN=53.1858 FROM MIGRAD    STATUS=INITIATE      717 CALLS        5471 TOTAL
                     EDM= unknown      STRATEGY= 1      NO ERROR MATRIX       
  EXT PARAMETER               CURRENT GUESS       STEP         FIRST   
  NO.   NAME      VALUE            ERROR          SIZE      DERIVATIVE 
   1  N0           3.76913e+07     fixed    
   2  tau          6.43999e+01   constant   
   3  A0           3.53538e-01     fixed    
   4  phi          4.11957e+00     fixed    
   5  R           -6.07583e+01   constant   
   6  alpha_CBO    1.08559e-03     fixed    
   7  w_CBO        2.32735e+00   constant   
   8  beta_CBO    -1.69415e-04     fixed    
   9  alpha_2CBO  -6.69416e-04     fixed    
  10  beta_2CBO    6.71430e-05   3.61259e-04   0.00000e+00   2.59196e+02
  11  alpha_y      0.00000e+00   1.00000e-03   0.00000e+00  -3.99784e+03
  12  w_y          1.38984e+01   constant   
  13  beta_y       2.78063e-04     fixed    
  14  alpha_vw     0.00000e+00     fixed    
  15  w_vw         1.43156e+01   constant   
  16  beta_vw      0.00000e+00     fixed    
  17  LM          -1.79993e-04   constant   
  18  zeta_y       0.00000e+00   constant   
  19  zeta_vw      0.00000e+00   constant   
  20  T_CBO        1.00000e+02   8.96179e+02   0.00000e+00   0.00000e+00
  21  alpha_A0    -4.04781e-04   6.38854e-04   0.00000e+00   7.93537e-01
  22  beta_A0     -2.25381e-03   7.02915e-04   0.00000e+00   2.29189e+00
  23  alpha_phi   -4.84863e-04   6.93804e-04   0.00000e+00  -1.32958e-01
  24  beta_phi     6.47575e-04   6.78323e-04   0.00000e+00   2.83124e-01
  25  alpha_vw_m_cbo  -1.28869e-04   3.63816e-04   0.00000e+00  -2.30256e-01
  26  w_vw_m_cbo   1.20142e+01   constant   
  27  beta_vw_m_cbo   3.61812e-04   3.60098e-04   0.00000e+00   7.49760e-01
  28  alpha_vw_p_cbo   2.35268e-04   3.58979e-04   0.00000e+00  -3.52164e-01
  29  w_vw_p_cbo   1.67139e+01   constant   
  30  beta_vw_p_cbo   6.26083e-05   3.64981e-04   0.00000e+00  -3.64591e-01
 MIGRAD MINIMIZATION HAS CONVERGED.
 MIGRAD WILL VERIFY CONVERGENCE AND ERROR MATRIX.
  MNHESS FAILS AND WILL RETURN DIAGONAL MATRIX. 
 FCN=52.6536 FROM MIGRAD    STATUS=CONVERGED     794 CALLS        5548 TOTAL
                     EDM=1.43264e-06    STRATEGY= 1  ERROR MATRIX UNCERTAINTY 100.0 per cent
  EXT PARAMETER                APPROXIMATE        STEP         FIRST   
  NO.   NAME      VALUE            ERROR          SIZE      DERIVATIVE 
   1  N0           3.76913e+07     fixed    
   2  tau          6.43999e+01   constant   
   3  A0           3.53538e-01     fixed    
   4  phi          4.11957e+00     fixed    
   5  R           -6.07583e+01   constant   
   6  alpha_CBO    1.08559e-03     fixed    
   7  w_CBO        2.32735e+00   constant   
   8  beta_CBO    -1.69415e-04     fixed    
   9  alpha_2CBO  -6.69416e-04     fixed    
  10  beta_2CBO    5.46866e-05   3.61256e-04   1.29207e-06  -3.05308e+00
  11  alpha_y      2.65441e-04   3.62673e-04   1.29713e-06  -2.66883e-01
  12  w_y          1.38984e+01   constant   
  13  beta_y       2.78063e-04     fixed    
  14  alpha_vw     0.00000e+00     fixed    
  15  w_vw         1.43156e+01   constant   
  16  beta_vw      0.00000e+00     fixed    
  17  LM          -1.79993e-04   constant   
  18  zeta_y       0.00000e+00   constant   
  19  zeta_vw      0.00000e+00   constant   
  20  T_CBO        1.00000e+02   9.26237e+02  -0.00000e+00   0.00000e+00
  21  alpha_A0    -3.96466e-04   6.38854e-04   1.57749e-06  -9.57126e-01
  22  beta_A0     -2.26339e-03   7.02914e-04   1.86337e-06   1.02917e+00
  23  alpha_phi   -4.80711e-04   6.93810e-04   2.19027e-06  -4.15680e-01
  24  beta_phi     6.40271e-04   6.78321e-04  -4.16827e-07   8.99647e-02
  25  alpha_vw_m_cbo  -1.17289e-04   3.63816e-04   4.76484e-07  -7.39537e-01
  26  w_vw_m_cbo   1.20142e+01   constant   
  27  beta_vw_m_cbo   3.79672e-04   3.60098e-04  -1.59984e-07   2.12592e+00
  28  alpha_vw_p_cbo   2.47758e-04   3.58979e-04   7.22165e-07  -4.84592e-01
  29  w_vw_p_cbo   1.67139e+01   constant   
  30  beta_vw_p_cbo   5.41326e-05   3.64981e-04   4.96455e-07  -1.68058e+00
 EXTERNAL ERROR MATRIX.    NDIM=  31    NPAR= 11    ERR DEF=1
  1.305e-07 
  0.000e+00  1.315e-07 
  0.000e+00  0.000e+00  1.606e+06 
  0.000e+00  0.000e+00  0.000e+00  4.081e-07 
  0.000e+00  0.000e+00  0.000e+00  0.000e+00  4.941e-07 
  0.000e+00  0.000e+00  0.000e+00  0.000e+00  0.000e+00  4.814e-07 
  0.000e+00  0.000e+00  0.000e+00  0.000e+00  0.000e+00  0.000e+00  4.601e-07 
  0.000e+00  0.000e+00  0.000e+00  0.000e+00  0.000e+00  0.000e+00  0.000e+00  1.324e-07 
  0.000e+00  0.000e+00  0.000e+00  0.000e+00  0.000e+00  0.000e+00  0.000e+00  0.000e+00  1.297e-07 
  0.000e+00  0.000e+00  0.000e+00  0.000e+00  0.000e+00  0.000e+00  0.000e+00  0.000e+00  0.000e+00  1.289e-07 
  0.000e+00  0.000e+00  0.000e+00  0.000e+00  0.000e+00  0.000e+00  0.000e+00  0.000e+00  0.000e+00  0.000e+00  1.332e-07 
ERR MATRIX APPROXIMATE
 PARAMETER  CORRELATION COEFFICIENTS  
       NO.  GLOBAL     10     11     20     21     22     23     24     25     27     28     30
       10  0.00000   1.000  0.000  0.000  0.000  0.000  0.000  0.000  0.000  0.000  0.000  0.000
       11  0.00000   0.000  1.000  0.000  0.000  0.000  0.000  0.000  0.000  0.000  0.000  0.000
       20  0.00000   0.000  0.000  1.000  0.000  0.000  0.000  0.000  0.000  0.000  0.000  0.000
       21  0.00000   0.000  0.000  0.000  1.000  0.000  0.000  0.000  0.000  0.000  0.000  0.000
       22  0.00000   0.000  0.000  0.000  0.000  1.000  0.000  0.000  0.000  0.000  0.000  0.000
       23  0.00000   0.000  0.000  0.000  0.000  0.000  1.000  0.000  0.000  0.000  0.000  0.000
       24  0.00000   0.000  0.000  0.000  0.000  0.000  0.000  1.000  0.000  0.000  0.000  0.000
       25  0.00000   0.000  0.000  0.000  0.000  0.000  0.000  0.000  1.000  0.000  0.000  0.000
       27  0.00000   0.000  0.000  0.000  0.000  0.000  0.000  0.000  0.000  1.000  0.000  0.000
       28  0.00000   0.000  0.000  0.000  0.000  0.000  0.000  0.000  0.000  0.000  1.000  0.000
       30  0.00000   0.000  0.000  0.000  0.000  0.000  0.000  0.000  0.000  0.000  0.000  1.000
 ERR MATRIX APPROXIMATE
MINUIT - FIT ONLY 2-y
 **********
 **   67 **RES 
 **********
                   PARAMETER   16  beta_vw RESTORED TO VARIABLE.
                   PARAMETER   14  alpha_vw RESTORED TO VARIABLE.
                   PARAMETER   13  beta_y RESTORED TO VARIABLE.
                   PARAMETER    9  alpha_2CBO RESTORED TO VARIABLE.
                   PARAMETER    8  beta_CBO RESTORED TO VARIABLE.
                   PARAMETER    6  alpha_CBO RESTORED TO VARIABLE.
                   PARAMETER    4  phi RESTORED TO VARIABLE.
                   PARAMETER    3  A0 RESTORED TO VARIABLE.
                   PARAMETER    1  N0 RESTORED TO VARIABLE.
 **********
 **   68 **FIX            0
 **********
 PARAMETER    0  IS UNDEFINED. IGNORED.
 **********
 **   69 **FIX            1
 **********
 **********
 **   70 **FIX            2
 **********
 PARAMETER    2  IS CONSTANT.   IGNORED.
 **********
 **   71 **FIX            3
 **********
 **********
 **   72 **FIX            4
 **********
 **********
 **   73 **FIX            5
 **********
 PARAMETER    5  IS CONSTANT.   IGNORED.
 **********
 **   74 **FIX            6
 **********
 **********
 **   75 **FIX            7
 **********
 PARAMETER    7  IS CONSTANT.   IGNORED.
 **********
 **   76 **FIX            8
 **********
 **********
 **   77 **FIX            9
 **********
 **********
 **   78 **FIX           10
 **********
 **********
 **   79 **FIX           11
 **********
 **********
 **   80 **FIX           12
 **********
 PARAMETER   12  IS CONSTANT.   IGNORED.
 **********
 **   81 **FIX           16
 **********
 **********
 **   82 **MIGRAD
 **********
 START MIGRAD MINIMIZATION.  STRATEGY  1.  CONVERGENCE WHEN EDM .LT. 1.00e-04
 FCN=52.6536 FROM MIGRAD    STATUS=INITIATE      717 CALLS        6265 TOTAL
                     EDM= unknown      STRATEGY= 1      NO ERROR MATRIX       
  EXT PARAMETER               CURRENT GUESS       STEP         FIRST   
  NO.   NAME      VALUE            ERROR          SIZE      DERIVATIVE 
   1  N0           3.76913e+07     fixed    
   2  tau          6.43999e+01   constant   
   3  A0           3.53538e-01     fixed    
   4  phi          4.11957e+00     fixed    
   5  R           -6.07583e+01   constant   
   6  alpha_CBO    1.08559e-03     fixed    
   7  w_CBO        2.32735e+00   constant   
   8  beta_CBO    -1.69415e-04     fixed    
   9  alpha_2CBO  -6.69416e-04     fixed    
  10  beta_2CBO    5.46866e-05     fixed    
  11  alpha_y      2.65441e-04     fixed    
  12  w_y          1.38984e+01   constant   
  13  beta_y       2.78063e-04   3.61220e-04   0.00000e+00  -5.51196e+00
  14  alpha_vw     0.00000e+00   1.00000e-03   0.00000e+00  -4.13703e+03
  15  w_vw         1.43156e+01   constant   
  16  beta_vw      0.00000e+00     fixed    
  17  LM          -1.79993e-04   constant   
  18  zeta_y       0.00000e+00   constant   
  19  zeta_vw      0.00000e+00   constant   
  20  T_CBO        1.00000e+02   9.26237e+02   0.00000e+00   0.00000e+00
  21  alpha_A0    -3.96466e-04   6.38854e-04   0.00000e+00  -9.57126e-01
  22  beta_A0     -2.26339e-03   7.02914e-04   0.00000e+00   1.02917e+00
  23  alpha_phi   -4.80711e-04   6.93810e-04   0.00000e+00  -4.15697e-01
  24  beta_phi     6.40271e-04   6.78321e-04   0.00000e+00   8.99706e-02
  25  alpha_vw_m_cbo  -1.17289e-04   3.63816e-04   0.00000e+00  -7.39537e-01
  26  w_vw_m_cbo   1.20142e+01   constant   
  27  beta_vw_m_cbo   3.79672e-04   3.60098e-04   0.00000e+00   2.12592e+00
  28  alpha_vw_p_cbo   2.47758e-04   3.58979e-04   0.00000e+00  -4.84591e-01
  29  w_vw_p_cbo   1.67139e+01   constant   
  30  beta_vw_p_cbo   5.41326e-05   3.64981e-04   0.00000e+00  -1.68058e+00
 MIGRAD MINIMIZATION HAS CONVERGED.
 MIGRAD WILL VERIFY CONVERGENCE AND ERROR MATRIX.
  MNHESS FAILS AND WILL RETURN DIAGONAL MATRIX. 
 FCN=52.0033 FROM MIGRAD    STATUS=CONVERGED     794 CALLS        6342 TOTAL
                     EDM=5.30139e-06    STRATEGY= 1  ERROR MATRIX UNCERTAINTY 100.0 per cent
  EXT PARAMETER                APPROXIMATE        STEP         FIRST   
  NO.   NAME      VALUE            ERROR          SIZE      DERIVATIVE 
   1  N0           3.76913e+07     fixed    
   2  tau          6.43999e+01   constant   
   3  A0           3.53538e-01     fixed    
   4  phi          4.11957e+00     fixed    
   5  R           -6.07583e+01   constant   
   6  alpha_CBO    1.08559e-03     fixed    
   7  w_CBO        2.32735e+00   constant   
   8  beta_CBO    -1.69415e-04     fixed    
   9  alpha_2CBO  -6.69416e-04     fixed    
  10  beta_2CBO    5.46866e-05     fixed    
  11  alpha_y      2.65441e-04     fixed    
  12  w_y          1.38984e+01   constant   
  13  beta_y       3.90348e-04   3.61217e-04   1.28407e-06  -4.47810e-01
  14  alpha_vw     3.14268e-04   3.63126e-04   1.29086e-06   4.79935e-02
  15  w_vw         1.43156e+01   constant   
  16  beta_vw      0.00000e+00     fixed    
  17  LM          -1.79993e-04   constant   
  18  zeta_y       0.00000e+00   constant   
  19  zeta_vw      0.00000e+00   constant   
  20  T_CBO        1.00000e+02   9.08947e+02  -0.00000e+00   0.00000e+00
  21  alpha_A0    -3.93307e-04   6.38854e-04   1.32103e-06   3.06024e+00
  22  beta_A0     -2.25666e-03   7.02911e-04   6.58743e-06   1.30551e+00
  23  alpha_phi   -4.76172e-04   6.93807e-04   1.12342e-07   8.78065e-01
  24  beta_phi     6.39399e-04   6.78317e-04   2.95252e-07  -3.87581e-01
  25  alpha_vw_m_cbo  -1.22439e-04   3.63816e-04  -6.37003e-06  -5.34796e+00
  26  w_vw_m_cbo   1.20142e+01   constant   
  27  beta_vw_m_cbo   3.97411e-04   3.60098e-04   1.42689e-06  -1.22355e+00
  28  alpha_vw_p_cbo   2.65754e-04   3.58979e-04   5.75724e-06   4.54316e+00
  29  w_vw_p_cbo   1.67139e+01   constant   
  30  beta_vw_p_cbo   6.51109e-05   3.64981e-04   5.18347e-06   1.61391e+00
 EXTERNAL ERROR MATRIX.    NDIM=  31    NPAR= 11    ERR DEF=1
  1.305e-07 
  0.000e+00  1.319e-07 
  0.000e+00  0.000e+00  1.716e+06 
  0.000e+00  0.000e+00  0.000e+00  4.081e-07 
  0.000e+00  0.000e+00  0.000e+00  0.000e+00  4.941e-07 
  0.000e+00  0.000e+00  0.000e+00  0.000e+00  0.000e+00  4.814e-07 
  0.000e+00  0.000e+00  0.000e+00  0.000e+00  0.000e+00  0.000e+00  4.601e-07 
  0.000e+00  0.000e+00  0.000e+00  0.000e+00  0.000e+00  0.000e+00  0.000e+00  1.324e-07 
  0.000e+00  0.000e+00  0.000e+00  0.000e+00  0.000e+00  0.000e+00  0.000e+00  0.000e+00  1.297e-07 
  0.000e+00  0.000e+00  0.000e+00  0.000e+00  0.000e+00  0.000e+00  0.000e+00  0.000e+00  0.000e+00  1.289e-07 
  0.000e+00  0.000e+00  0.000e+00  0.000e+00  0.000e+00  0.000e+00  0.000e+00  0.000e+00  0.000e+00  0.000e+00  1.332e-07 
ERR MATRIX APPROXIMATE
 PARAMETER  CORRELATION COEFFICIENTS  
       NO.  GLOBAL     13     14     20     21     22     23     24     25     27     28     30
       13  0.00000   1.000  0.000  0.000  0.000  0.000  0.000  0.000  0.000  0.000  0.000  0.000
       14  0.00000   0.000  1.000  0.000  0.000  0.000  0.000  0.000  0.000  0.000  0.000  0.000
       20  0.00000   0.000  0.000  1.000  0.000  0.000  0.000  0.000  0.000  0.000  0.000  0.000
       21  0.00000   0.000  0.000  0.000  1.000  0.000  0.000  0.000  0.000  0.000  0.000  0.000
       22  0.00000   0.000  0.000  0.000  0.000  1.000  0.000  0.000  0.000  0.000  0.000  0.000
       23  0.00000   0.000  0.000  0.000  0.000  0.000  1.000  0.000  0.000  0.000  0.000  0.000
       24  0.00000   0.000  0.000  0.000  0.000  0.000  0.000  1.000  0.000  0.000  0.000  0.000
       25  0.00000   0.000  0.000  0.000  0.000  0.000  0.000  0.000  1.000  0.000  0.000  0.000
       27  0.00000   0.000  0.000  0.000  0.000  0.000  0.000  0.000  0.000  1.000  0.000  0.000
       28  0.00000   0.000  0.000  0.000  0.000  0.000  0.000  0.000  0.000  0.000  1.000  0.000
       30  0.00000   0.000  0.000  0.000  0.000  0.000  0.000  0.000  0.000  0.000  0.000  1.000
 ERR MATRIX APPROXIMATE
MINUIT - FIT ALTOGETHER
 **********
 **   83 **RES 
 **********
                   PARAMETER   16  beta_vw RESTORED TO VARIABLE.
                   PARAMETER   11  alpha_y RESTORED TO VARIABLE.
                   PARAMETER   10  beta_2CBO RESTORED TO VARIABLE.
                   PARAMETER    9  alpha_2CBO RESTORED TO VARIABLE.
                   PARAMETER    8  beta_CBO RESTORED TO VARIABLE.
                   PARAMETER    6  alpha_CBO RESTORED TO VARIABLE.
                   PARAMETER    4  phi RESTORED TO VARIABLE.
                   PARAMETER    3  A0 RESTORED TO VARIABLE.
                   PARAMETER    1  N0 RESTORED TO VARIABLE.
 **********
 **   84 **MIGRAD
 **********
 START MIGRAD MINIMIZATION.  STRATEGY  1.  CONVERGENCE WHEN EDM .LT. 1.00e-04
 FCN=52.0033 FROM MIGRAD    STATUS=INITIATE     2031 CALLS        8373 TOTAL
                     EDM= unknown      STRATEGY= 1      NO ERROR MATRIX       
  EXT PARAMETER               CURRENT GUESS       STEP         FIRST   
  NO.   NAME      VALUE            ERROR          SIZE      DERIVATIVE 
   1  N0           3.76913e+07   4.82331e+03   0.00000e+00   6.22321e-06
   2  tau          6.43999e+01   constant   
   3  A0           3.53538e-01   1.67105e-04   0.00000e+00   8.65906e+01
   4  phi          4.11957e+00   4.85026e-04   0.00000e+00   6.02544e+01
   5  R           -6.07583e+01   constant   
   6  alpha_CBO    1.08559e-03   3.55417e-04   0.00000e+00  -8.21725e+01
   7  w_CBO        2.32735e+00   constant   
   8  beta_CBO    -1.69415e-04   3.68841e-04   0.00000e+00   9.10183e+01
   9  alpha_2CBO  -6.69416e-04   3.62634e-04   0.00000e+00  -3.43449e+00
  10  beta_2CBO    5.46866e-05   3.61256e-04   0.00000e+00  -3.44183e+01
  11  alpha_y      2.65441e-04   3.62673e-04   0.00000e+00   8.18537e+02
  12  w_y          1.38984e+01   constant   
  13  beta_y       3.90348e-04   3.61217e-04   0.00000e+00  -4.47810e-01
  14  alpha_vw     3.14268e-04   3.63126e-04   0.00000e+00   4.79936e-02
  15  w_vw         1.43156e+01   constant   
  16  beta_vw      0.00000e+00   1.00000e-03   0.00000e+00  -6.35166e+03
  17  LM          -1.79993e-04   constant   
  18  zeta_y       0.00000e+00   constant   
  19  zeta_vw      0.00000e+00   constant   
  20  T_CBO        1.00000e+02   9.08947e+02   0.00000e+00   0.00000e+00
  21  alpha_A0    -3.93307e-04   6.38854e-04   0.00000e+00   3.06024e+00
  22  beta_A0     -2.25666e-03   7.02911e-04   0.00000e+00   1.30551e+00
  23  alpha_phi   -4.76172e-04   6.93807e-04   0.00000e+00   8.78089e-01
  24  beta_phi     6.39399e-04   6.78317e-04   0.00000e+00  -3.87616e-01
  25  alpha_vw_m_cbo  -1.22439e-04   3.63816e-04   0.00000e+00  -5.34796e+00
  26  w_vw_m_cbo   1.20142e+01   constant   
  27  beta_vw_m_cbo   3.97411e-04   3.60098e-04   0.00000e+00  -1.22355e+00
  28  alpha_vw_p_cbo   2.65754e-04   3.58979e-04   0.00000e+00   4.54316e+00
  29  w_vw_p_cbo   1.67139e+01   constant   
  30  beta_vw_p_cbo   6.51109e-05   3.64981e-04   0.00000e+00   1.61391e+00
 MIGRAD MINIMIZATION HAS CONVERGED.
 MIGRAD WILL VERIFY CONVERGENCE AND ERROR MATRIX.
  MNHESS FAILS AND WILL RETURN DIAGONAL MATRIX. 
 FCN=50.2172 FROM MIGRAD    STATUS=CONVERGED    2224 CALLS        8566 TOTAL
                     EDM=5.78642e-06    STRATEGY= 1  ERROR MATRIX UNCERTAINTY 100.0 per cent
  EXT PARAMETER                APPROXIMATE        STEP         FIRST   
  NO.   NAME      VALUE            ERROR          SIZE      DERIVATIVE 
   1  N0           3.76914e+07   4.82333e+03   1.79727e+01   1.20258e-07
   2  tau          6.43999e+01   constant   
   3  A0           3.53535e-01   1.67106e-04   5.83941e-07  -6.63286e+00
   4  phi          4.11958e+00   4.85028e-04   1.96437e-06  -1.54912e+00
   5  R           -6.07583e+01   constant   
   6  alpha_CBO    1.08020e-03   3.55415e-04   1.24198e-06   4.12438e+00
   7  w_CBO        2.32735e+00   constant   
   8  beta_CBO    -1.56681e-04   3.68840e-04   1.28889e-06   8.64876e-01
   9  alpha_2CBO  -6.80351e-04   3.62632e-04   1.26720e-06  -3.96393e+00
  10  beta_2CBO    4.21806e-05   3.61254e-04   1.26238e-06  -5.29589e-01
  11  alpha_y      1.22873e-05   3.62671e-04   1.26733e-06  -9.81368e-01
  12  w_y          1.38984e+01   constant   
  13  beta_y       2.83009e-04   3.61216e-04   1.26225e-06   2.62005e+00
  14  alpha_vw     3.19739e-04   3.63124e-04   1.26892e-06   5.85693e+00
  15  w_vw         1.43156e+01   constant   
  16  beta_vw      5.30300e-04   3.60770e-04   1.26069e-06  -1.84739e-01
  17  LM          -1.79993e-04   constant   
  18  zeta_y       0.00000e+00   constant   
  19  zeta_vw      0.00000e+00   constant   
  20  T_CBO        1.00000e+02   9.19429e+02  -0.00000e+00   0.00000e+00
  21  alpha_A0    -4.19653e-04   6.38862e-04  -1.59865e-06   1.77827e+00
  22  beta_A0     -2.27358e-03   7.02928e-04  -5.37419e-07  -7.24237e-01
  23  alpha_phi   -4.96320e-04   6.93803e-04  -6.30726e-07   1.52644e+00
  24  beta_phi     6.62133e-04   6.78322e-04   9.97368e-07  -5.58427e-01
  25  alpha_vw_m_cbo  -1.64088e-04   3.63815e-04  -5.76610e-07  -3.12467e+00
  26  w_vw_m_cbo   1.20142e+01   constant   
  27  beta_vw_m_cbo   3.80011e-04   3.60096e-04   1.35040e-06   4.37858e-01
  28  alpha_vw_p_cbo   2.47640e-04   3.58977e-04   1.70445e-07  -1.55596e+00
  29  w_vw_p_cbo   1.67139e+01   constant   
  30  beta_vw_p_cbo   8.68327e-05   3.64980e-04  -1.17152e-06  -1.59233e+00
 EXTERNAL ERROR MATRIX.    NDIM=  31    NPAR= 20    ERR DEF=1
 ELEMENTS ABOVE DIAGONAL ARE NOT PRINTED.
  2.326e+07 
  0.000e+00  2.792e-08 
  0.000e+00  0.000e+00  2.353e-07 
  0.000e+00  0.000e+00  0.000e+00  1.263e-07 
  0.000e+00  0.000e+00  0.000e+00  0.000e+00  1.360e-07 
  0.000e+00  0.000e+00  0.000e+00  0.000e+00  0.000e+00  1.315e-07 
  0.000e+00  0.000e+00  0.000e+00  0.000e+00  0.000e+00  0.000e+00  1.305e-07 
  0.000e+00  0.000e+00  0.000e+00  0.000e+00  0.000e+00  0.000e+00  0.000e+00  1.315e-07 
  0.000e+00  0.000e+00  0.000e+00  0.000e+00  0.000e+00  0.000e+00  0.000e+00  0.000e+00  1.305e-07 
  0.000e+00  0.000e+00  0.000e+00  0.000e+00  0.000e+00  0.000e+00  0.000e+00  0.000e+00  0.000e+00  1.319e-07 
  0.000e+00  0.000e+00  0.000e+00  0.000e+00  0.000e+00  0.000e+00  0.000e+00  0.000e+00  0.000e+00  0.000e+00  1.302e-07 
  0.000e+00  0.000e+00  0.000e+00  0.000e+00  0.000e+00  0.000e+00  0.000e+00  0.000e+00  0.000e+00  0.000e+00  0.000e+00 
  0.000e+00  0.000e+00  0.000e+00  0.000e+00  0.000e+00  0.000e+00  0.000e+00  0.000e+00  0.000e+00  0.000e+00  0.000e+00  1.652e+06 
  0.000e+00  0.000e+00  0.000e+00  0.000e+00  0.000e+00  0.000e+00  0.000e+00  0.000e+00  0.000e+00  0.000e+00  0.000e+00 
  0.000e+00  0.000e+00  0.000e+00  0.000e+00  0.000e+00  0.000e+00  0.000e+00  0.000e+00  0.000e+00  0.000e+00  0.000e+00  0.000e+00  4.081e-07 
  0.000e+00  0.000e+00  0.000e+00  0.000e+00  0.000e+00  0.000e+00  0.000e+00  0.000e+00  0.000e+00  0.000e+00  0.000e+00 
  0.000e+00  0.000e+00  0.000e+00  0.000e+00  0.000e+00  0.000e+00  0.000e+00  0.000e+00  0.000e+00  0.000e+00  0.000e+00  0.000e+00  0.000e+00  4.941e-07 
  0.000e+00  0.000e+00  0.000e+00  0.000e+00  0.000e+00  0.000e+00  0.000e+00  0.000e+00  0.000e+00  0.000e+00  0.000e+00 
  0.000e+00  0.000e+00  0.000e+00  0.000e+00  0.000e+00  0.000e+00  0.000e+00  0.000e+00  0.000e+00  0.000e+00  0.000e+00  0.000e+00  0.000e+00  0.000e+00  4.814e-07 
  0.000e+00  0.000e+00  0.000e+00  0.000e+00  0.000e+00  0.000e+00  0.000e+00  0.000e+00  0.000e+00  0.000e+00  0.000e+00 
  0.000e+00  0.000e+00  0.000e+00  0.000e+00  0.000e+00  0.000e+00  0.000e+00  0.000e+00  0.000e+00  0.000e+00  0.000e+00  0.000e+00  0.000e+00  0.000e+00  0.000e+00  4.601e-07 
  0.000e+00  0.000e+00  0.000e+00  0.000e+00  0.000e+00  0.000e+00  0.000e+00  0.000e+00  0.000e+00  0.000e+00  0.000e+00 
  0.000e+00  0.000e+00  0.000e+00  0.000e+00  0.000e+00  0.000e+00  0.000e+00  0.000e+00  0.000e+00  0.000e+00  0.000e+00  0.000e+00  0.000e+00  0.000e+00  0.000e+00  0.000e+00  1.324e-07 
  0.000e+00  0.000e+00  0.000e+00  0.000e+00  0.000e+00  0.000e+00  0.000e+00  0.000e+00  0.000e+00  0.000e+00  0.000e+00 
  0.000e+00  0.000e+00  0.000e+00  0.000e+00  0.000e+00  0.000e+00  0.000e+00  0.000e+00  0.000e+00  0.000e+00  0.000e+00  0.000e+00  0.000e+00  0.000e+00  0.000e+00  0.000e+00  0.000e+00  1.297e-07 
  0.000e+00  0.000e+00  0.000e+00  0.000e+00  0.000e+00  0.000e+00  0.000e+00  0.000e+00  0.000e+00  0.000e+00  0.000e+00 
  0.000e+00  0.000e+00  0.000e+00  0.000e+00  0.000e+00  0.000e+00  0.000e+00  0.000e+00  0.000e+00  0.000e+00  0.000e+00  0.000e+00  0.000e+00  0.000e+00  0.000e+00  0.000e+00  0.000e+00  0.000e+00  1.289e-07 
  0.000e+00  0.000e+00  0.000e+00  0.000e+00  0.000e+00  0.000e+00  0.000e+00  0.000e+00  0.000e+00  0.000e+00  0.000e+00 
  0.000e+00  0.000e+00  0.000e+00  0.000e+00  0.000e+00  0.000e+00  0.000e+00  0.000e+00  0.000e+00  0.000e+00  0.000e+00  0.000e+00  0.000e+00  0.000e+00  0.000e+00  0.000e+00  0.000e+00  0.000e+00  0.000e+00  1.332e-07 
ERR MATRIX APPROXIMATE
 PARAMETER  CORRELATION COEFFICIENTS  
       NO.  GLOBAL      1      3      4      6      8      9     10     11     13     14     16     20     21     22     23     24
        1  0.00000   1.000  0.000  0.000  0.000  0.000  0.000  0.000  0.000  0.000  0.000  0.000  0.000  0.000  0.000  0.000  0.000
        3  0.00000   0.000  1.000  0.000  0.000  0.000  0.000  0.000  0.000  0.000  0.000  0.000  0.000  0.000  0.000  0.000  0.000
        4  0.00000   0.000  0.000  1.000  0.000  0.000  0.000  0.000  0.000  0.000  0.000  0.000  0.000  0.000  0.000  0.000  0.000
        6  0.00000   0.000  0.000  0.000  1.000  0.000  0.000  0.000  0.000  0.000  0.000  0.000  0.000  0.000  0.000  0.000  0.000
        8  0.00000   0.000  0.000  0.000  0.000  1.000  0.000  0.000  0.000  0.000  0.000  0.000  0.000  0.000  0.000  0.000  0.000
        9  0.00000   0.000  0.000  0.000  0.000  0.000  1.000  0.000  0.000  0.000  0.000  0.000  0.000  0.000  0.000  0.000  0.000
       10  0.00000   0.000  0.000  0.000  0.000  0.000  0.000  1.000  0.000  0.000  0.000  0.000  0.000  0.000  0.000  0.000  0.000
       11  0.00000   0.000  0.000  0.000  0.000  0.000  0.000  0.000  1.000  0.000  0.000  0.000  0.000  0.000  0.000  0.000  0.000
       13  0.00000   0.000  0.000  0.000  0.000  0.000  0.000  0.000  0.000  1.000  0.000  0.000  0.000  0.000  0.000  0.000  0.000
       14  0.00000   0.000  0.000  0.000  0.000  0.000  0.000  0.000  0.000  0.000  1.000  0.000  0.000  0.000  0.000  0.000  0.000
       16  0.00000   0.000  0.000  0.000  0.000  0.000  0.000  0.000  0.000  0.000  0.000  1.000  0.000  0.000  0.000  0.000  0.000
       20  0.00000   0.000  0.000  0.000  0.000  0.000  0.000  0.000  0.000  0.000  0.000  0.000  1.000  0.000  0.000  0.000  0.000
       21  0.00000   0.000  0.000  0.000  0.000  0.000  0.000  0.000  0.000  0.000  0.000  0.000  0.000  1.000  0.000  0.000  0.000
       22  0.00000   0.000  0.000  0.000  0.000  0.000  0.000  0.000  0.000  0.000  0.000  0.000  0.000  0.000  1.000  0.000  0.000
       23  0.00000   0.000  0.000  0.000  0.000  0.000  0.000  0.000  0.000  0.000  0.000  0.000  0.000  0.000  0.000  1.000  0.000
       24  0.00000   0.000  0.000  0.000  0.000  0.000  0.000  0.000  0.000  0.000  0.000  0.000  0.000  0.000  0.000  0.000  1.000
       25  0.00000   0.000  0.000  0.000  0.000  0.000  0.000  0.000  0.000  0.000  0.000  0.000  0.000  0.000  0.000  0.000  0.000
                     1.000  0.000  0.000  0.000
       27  0.00000   0.000  0.000  0.000  0.000  0.000  0.000  0.000  0.000  0.000  0.000  0.000  0.000  0.000  0.000  0.000  0.000
                     0.000  1.000  0.000  0.000
       28  0.00000   0.000  0.000  0.000  0.000  0.000  0.000  0.000  0.000  0.000  0.000  0.000  0.000  0.000  0.000  0.000  0.000
                     0.000  0.000  1.000  0.000
       30  0.00000   0.000  0.000  0.000  0.000  0.000  0.000  0.000  0.000  0.000  0.000  0.000  0.000  0.000  0.000  0.000  0.000
                     0.000  0.000  0.000  1.000
 ERR MATRIX APPROXIMATE
MINUIT - MINOS
 **********
 **   85 **RES 
 **********
 CALL TO MNFREE IGNORED.  THERE ARE NO FIXED PARAMETERS
 **********
 **   86 **MIG      2.5e+04        0.01
 **********
 START MIGRAD MINIMIZATION.  STRATEGY  1.  CONVERGENCE WHEN EDM .LT. 1.00e-05
 FCN=50.2172 FROM MIGRAD    STATUS=INITIATE       40 CALLS        8606 TOTAL
                     EDM=1.68147e-05    STRATEGY= 1  ERROR MATRIX UNCERTAINTY 100.0 per cent
  EXT PARAMETER                APPROXIMATE        STEP         FIRST   
  NO.   NAME      VALUE            ERROR          SIZE      DERIVATIVE 
   1  N0           3.76914e+07   4.82333e+03   1.79727e+01   1.20258e-07
   2  tau          6.43999e+01   constant   
   3  A0           3.53535e-01   1.67106e-04   5.83941e-07  -6.63286e+00
   4  phi          4.11958e+00   4.85028e-04   1.96437e-06  -1.54912e+00
   5  R           -6.07583e+01   constant   
   6  alpha_CBO    1.08020e-03   3.55415e-04   1.24198e-06   4.12438e+00
   7  w_CBO        2.32735e+00   constant   
   8  beta_CBO    -1.56681e-04   3.68840e-04   1.28889e-06   8.64876e-01
   9  alpha_2CBO  -6.80351e-04   3.62632e-04   1.26720e-06  -3.96393e+00
  10  beta_2CBO    4.21806e-05   3.61254e-04   1.26238e-06  -5.29590e-01
  11  alpha_y      1.22873e-05   3.62671e-04   1.26733e-06  -9.81367e-01
  12  w_y          1.38984e+01   constant   
  13  beta_y       2.83009e-04   3.61216e-04   1.26225e-06   2.62005e+00
  14  alpha_vw     3.19739e-04   3.63124e-04   1.26892e-06   5.85693e+00
  15  w_vw         1.43156e+01   constant   
  16  beta_vw      5.30300e-04   3.60770e-04   1.26069e-06  -1.84740e-01
  17  LM          -1.79993e-04   constant   
  18  zeta_y       0.00000e+00   constant   
  19  zeta_vw      0.00000e+00   constant   
  20  T_CBO        1.00000e+02   9.19429e+02  -0.00000e+00   0.00000e+00
  21  alpha_A0    -4.19653e-04   6.38862e-04  -1.59865e-06   1.77827e+00
  22  beta_A0     -2.27358e-03   7.02928e-04  -5.37419e-07  -7.24236e-01
  23  alpha_phi   -4.96320e-04   6.93803e-04  -6.30726e-07   1.52641e+00
  24  beta_phi     6.62133e-04   6.78322e-04   9.97368e-07  -5.58449e-01
  25  alpha_vw_m_cbo  -1.64088e-04   3.63815e-04  -5.76610e-07  -3.12467e+00
  26  w_vw_m_cbo   1.20142e+01   constant   
  27  beta_vw_m_cbo   3.80011e-04   3.60096e-04   1.35040e-06   4.37859e-01
  28  alpha_vw_p_cbo   2.47640e-04   3.58977e-04   1.70445e-07  -1.55596e+00
  29  w_vw_p_cbo   1.67139e+01   constant   
  30  beta_vw_p_cbo   8.68327e-05   3.64980e-04  -1.17152e-06  -1.59233e+00
 MIGRAD MINIMIZATION HAS CONVERGED.
 MIGRAD WILL VERIFY CONVERGENCE AND ERROR MATRIX.
  MNHESS FAILS AND WILL RETURN DIAGONAL MATRIX. 
 FCN=50.2172 FROM MIGRAD    STATUS=CONVERGED     149 CALLS        8715 TOTAL
                     EDM=5.80893e-08    STRATEGY= 1  ERROR MATRIX UNCERTAINTY 100.0 per cent
  EXT PARAMETER                APPROXIMATE        STEP         FIRST   
  NO.   NAME      VALUE            ERROR          SIZE      DERIVATIVE 
   1  N0           3.76914e+07   4.82333e+03   1.79727e+01   6.55424e-09
   2  tau          6.43999e+01   constant   
   3  A0           3.53535e-01   1.67106e-04   5.83941e-07  -2.88794e-01
   4  phi          4.11958e+00   4.85028e-04   1.96437e-06  -8.46159e-02
   5  R           -6.07583e+01   constant   
   6  alpha_CBO    1.08000e-03   3.55415e-04   1.24198e-06   5.51454e-02
   7  w_CBO        2.32735e+00   constant   
   8  beta_CBO    -1.56751e-04   3.68840e-04   1.28889e-06  -3.28965e-01
   9  alpha_2CBO  -6.80132e-04   3.62632e-04   1.26720e-06   2.50233e-01
  10  beta_2CBO    4.22261e-05   3.61254e-04   1.26238e-06  -2.44394e-01
  11  alpha_y      1.24308e-05   3.62671e-04   1.26733e-06   1.20671e-02
  12  w_y          1.38984e+01   constant   
  13  beta_y       2.82657e-04   3.61216e-04   1.26225e-06  -3.45529e-02
  14  alpha_vw     3.19221e-04   3.63124e-04   1.26892e-06   2.81120e-01
  15  w_vw         1.43156e+01   constant   
  16  beta_vw      5.30321e-04   3.60770e-04   1.26069e-06  -4.16097e-03
  17  LM          -1.79993e-04   constant   
  18  zeta_y       0.00000e+00   constant   
  19  zeta_vw      0.00000e+00   constant   
  20  T_CBO        1.00000e+02   9.13244e+02  -0.00000e+00   0.00000e+00
  21  alpha_A0    -4.20215e-04   6.38862e-04  -1.72008e-07  -1.18788e-01
  22  beta_A0     -2.27323e-03   7.02928e-04   1.52015e-07   1.28883e-01
  23  alpha_phi   -4.96669e-04   6.93804e-04   4.52962e-08   1.61102e-01
  24  beta_phi     6.62175e-04   6.78324e-04  -9.57897e-08   1.23706e-02
  25  alpha_vw_m_cbo  -1.63839e-04   3.63815e-04   2.66297e-08   1.57953e-01
  26  w_vw_m_cbo   1.20142e+01   constant   
  27  beta_vw_m_cbo   3.79975e-04   3.60096e-04  -6.00112e-09   7.92295e-03
  28  alpha_vw_p_cbo   2.47733e-04   3.58977e-04  -1.43924e-08   2.20591e-01
  29  w_vw_p_cbo   1.67139e+01   constant   
  30  beta_vw_p_cbo   8.69238e-05   3.64980e-04  -2.26607e-08   2.68021e-01
 EXTERNAL ERROR MATRIX.    NDIM=  31    NPAR= 20    ERR DEF=1
 ELEMENTS ABOVE DIAGONAL ARE NOT PRINTED.
  2.326e+07 
  0.000e+00  2.792e-08 
  0.000e+00  0.000e+00  2.353e-07 
  0.000e+00  0.000e+00  0.000e+00  1.263e-07 
  0.000e+00  0.000e+00  0.000e+00  0.000e+00  1.360e-07 
  0.000e+00  0.000e+00  0.000e+00  0.000e+00  0.000e+00  1.315e-07 
  0.000e+00  0.000e+00  0.000e+00  0.000e+00  0.000e+00  0.000e+00  1.305e-07 
  0.000e+00  0.000e+00  0.000e+00  0.000e+00  0.000e+00  0.000e+00  0.000e+00  1.315e-07 
  0.000e+00  0.000e+00  0.000e+00  0.000e+00  0.000e+00  0.000e+00  0.000e+00  0.000e+00  1.305e-07 
  0.000e+00  0.000e+00  0.000e+00  0.000e+00  0.000e+00  0.000e+00  0.000e+00  0.000e+00  0.000e+00  1.319e-07 
  0.000e+00  0.000e+00  0.000e+00  0.000e+00  0.000e+00  0.000e+00  0.000e+00  0.000e+00  0.000e+00  0.000e+00  1.302e-07 
  0.000e+00  0.000e+00  0.000e+00  0.000e+00  0.000e+00  0.000e+00  0.000e+00  0.000e+00  0.000e+00  0.000e+00  0.000e+00 
  0.000e+00  0.000e+00  0.000e+00  0.000e+00  0.000e+00  0.000e+00  0.000e+00  0.000e+00  0.000e+00  0.000e+00  0.000e+00  1.691e+06 
  0.000e+00  0.000e+00  0.000e+00  0.000e+00  0.000e+00  0.000e+00  0.000e+00  0.000e+00  0.000e+00  0.000e+00  0.000e+00 
  0.000e+00  0.000e+00  0.000e+00  0.000e+00  0.000e+00  0.000e+00  0.000e+00  0.000e+00  0.000e+00  0.000e+00  0.000e+00  0.000e+00  4.081e-07 
  0.000e+00  0.000e+00  0.000e+00  0.000e+00  0.000e+00  0.000e+00  0.000e+00  0.000e+00  0.000e+00  0.000e+00  0.000e+00 
  0.000e+00  0.000e+00  0.000e+00  0.000e+00  0.000e+00  0.000e+00  0.000e+00  0.000e+00  0.000e+00  0.000e+00  0.000e+00  0.000e+00  0.000e+00  4.941e-07 
  0.000e+00  0.000e+00  0.000e+00  0.000e+00  0.000e+00  0.000e+00  0.000e+00  0.000e+00  0.000e+00  0.000e+00  0.000e+00 
  0.000e+00  0.000e+00  0.000e+00  0.000e+00  0.000e+00  0.000e+00  0.000e+00  0.000e+00  0.000e+00  0.000e+00  0.000e+00  0.000e+00  0.000e+00  0.000e+00  4.814e-07 
  0.000e+00  0.000e+00  0.000e+00  0.000e+00  0.000e+00  0.000e+00  0.000e+00  0.000e+00  0.000e+00  0.000e+00  0.000e+00 
  0.000e+00  0.000e+00  0.000e+00  0.000e+00  0.000e+00  0.000e+00  0.000e+00  0.000e+00  0.000e+00  0.000e+00  0.000e+00  0.000e+00  0.000e+00  0.000e+00  0.000e+00  4.601e-07 
  0.000e+00  0.000e+00  0.000e+00  0.000e+00  0.000e+00  0.000e+00  0.000e+00  0.000e+00  0.000e+00  0.000e+00  0.000e+00 
  0.000e+00  0.000e+00  0.000e+00  0.000e+00  0.000e+00  0.000e+00  0.000e+00  0.000e+00  0.000e+00  0.000e+00  0.000e+00  0.000e+00  0.000e+00  0.000e+00  0.000e+00  0.000e+00  1.324e-07 
  0.000e+00  0.000e+00  0.000e+00  0.000e+00  0.000e+00  0.000e+00  0.000e+00  0.000e+00  0.000e+00  0.000e+00  0.000e+00 
  0.000e+00  0.000e+00  0.000e+00  0.000e+00  0.000e+00  0.000e+00  0.000e+00  0.000e+00  0.000e+00  0.000e+00  0.000e+00  0.000e+00  0.000e+00  0.000e+00  0.000e+00  0.000e+00  0.000e+00  1.297e-07 
  0.000e+00  0.000e+00  0.000e+00  0.000e+00  0.000e+00  0.000e+00  0.000e+00  0.000e+00  0.000e+00  0.000e+00  0.000e+00 
  0.000e+00  0.000e+00  0.000e+00  0.000e+00  0.000e+00  0.000e+00  0.000e+00  0.000e+00  0.000e+00  0.000e+00  0.000e+00  0.000e+00  0.000e+00  0.000e+00  0.000e+00  0.000e+00  0.000e+00  0.000e+00  1.289e-07 
  0.000e+00  0.000e+00  0.000e+00  0.000e+00  0.000e+00  0.000e+00  0.000e+00  0.000e+00  0.000e+00  0.000e+00  0.000e+00 
  0.000e+00  0.000e+00  0.000e+00  0.000e+00  0.000e+00  0.000e+00  0.000e+00  0.000e+00  0.000e+00  0.000e+00  0.000e+00  0.000e+00  0.000e+00  0.000e+00  0.000e+00  0.000e+00  0.000e+00  0.000e+00  0.000e+00  1.332e-07 
ERR MATRIX APPROXIMATE
 PARAMETER  CORRELATION COEFFICIENTS  
       NO.  GLOBAL      1      3      4      6      8      9     10     11     13     14     16     20     21     22     23     24
        1  0.00000   1.000  0.000  0.000  0.000  0.000  0.000  0.000  0.000  0.000  0.000  0.000  0.000  0.000  0.000  0.000  0.000
        3  0.00000   0.000  1.000  0.000  0.000  0.000  0.000  0.000  0.000  0.000  0.000  0.000  0.000  0.000  0.000  0.000  0.000
        4  0.00000   0.000  0.000  1.000  0.000  0.000  0.000  0.000  0.000  0.000  0.000  0.000  0.000  0.000  0.000  0.000  0.000
        6  0.00000   0.000  0.000  0.000  1.000  0.000  0.000  0.000  0.000  0.000  0.000  0.000  0.000  0.000  0.000  0.000  0.000
        8  0.00000   0.000  0.000  0.000  0.000  1.000  0.000  0.000  0.000  0.000  0.000  0.000  0.000  0.000  0.000  0.000  0.000
        9  0.00000   0.000  0.000  0.000  0.000  0.000  1.000  0.000  0.000  0.000  0.000  0.000  0.000  0.000  0.000  0.000  0.000
       10  0.00000   0.000  0.000  0.000  0.000  0.000  0.000  1.000  0.000  0.000  0.000  0.000  0.000  0.000  0.000  0.000  0.000
       11  0.00000   0.000  0.000  0.000  0.000  0.000  0.000  0.000  1.000  0.000  0.000  0.000  0.000  0.000  0.000  0.000  0.000
       13  0.00000   0.000  0.000  0.000  0.000  0.000  0.000  0.000  0.000  1.000  0.000  0.000  0.000  0.000  0.000  0.000  0.000
       14  0.00000   0.000  0.000  0.000  0.000  0.000  0.000  0.000  0.000  0.000  1.000  0.000  0.000  0.000  0.000  0.000  0.000
       16  0.00000   0.000  0.000  0.000  0.000  0.000  0.000  0.000  0.000  0.000  0.000  1.000  0.000  0.000  0.000  0.000  0.000
       20  0.00000   0.000  0.000  0.000  0.000  0.000  0.000  0.000  0.000  0.000  0.000  0.000  1.000  0.000  0.000  0.000  0.000
       21  0.00000   0.000  0.000  0.000  0.000  0.000  0.000  0.000  0.000  0.000  0.000  0.000  0.000  1.000  0.000  0.000  0.000
       22  0.00000   0.000  0.000  0.000  0.000  0.000  0.000  0.000  0.000  0.000  0.000  0.000  0.000  0.000  1.000  0.000  0.000
       23  0.00000   0.000  0.000  0.000  0.000  0.000  0.000  0.000  0.000  0.000  0.000  0.000  0.000  0.000  0.000  1.000  0.000
       24  0.00000   0.000  0.000  0.000  0.000  0.000  0.000  0.000  0.000  0.000  0.000  0.000  0.000  0.000  0.000  0.000  1.000
       25  0.00000   0.000  0.000  0.000  0.000  0.000  0.000  0.000  0.000  0.000  0.000  0.000  0.000  0.000  0.000  0.000  0.000
                     1.000  0.000  0.000  0.000
       27  0.00000   0.000  0.000  0.000  0.000  0.000  0.000  0.000  0.000  0.000  0.000  0.000  0.000  0.000  0.000  0.000  0.000
                     0.000  1.000  0.000  0.000
       28  0.00000   0.000  0.000  0.000  0.000  0.000  0.000  0.000  0.000  0.000  0.000  0.000  0.000  0.000  0.000  0.000  0.000
                     0.000  0.000  1.000  0.000
       30  0.00000   0.000  0.000  0.000  0.000  0.000  0.000  0.000  0.000  0.000  0.000  0.000  0.000  0.000  0.000  0.000  0.000
                     0.000  0.000  0.000  1.000
 ERR MATRIX APPROXIMATE
 **********
 **   87 **MINO      2.5e+04
 **********
  MNHESS FAILS AND WILL RETURN DIAGONAL MATRIX. 
    THE POSITIVE MINOS ERROR OF PARAMETER  20, T_CBO EXCEEDS ITS LIMIT.
    THE NEGATIVE MINOS ERROR OF PARAMETER  20, T_CBO EXCEEDS ITS LIMIT.
 FCN=50.2172 FROM MINOS     STATUS=PROBLEMS     8604 CALLS       17344 TOTAL
                     EDM=5.80893e-08    STRATEGY= 1  ERROR MATRIX UNCERTAINTY 100.0 per cent
  EXT PARAMETER                  PARABOLIC         MINOS ERRORS        
  NO.   NAME      VALUE            ERROR      NEGATIVE      POSITIVE   
   1  N0           3.76914e+07   4.82333e+03  -5.16589e+03   5.16580e+03
   2  tau          6.43999e+01   constant   
   3  A0           3.53535e-01   1.67106e-04  -1.79199e-04   1.79203e-04
   4  phi          4.11958e+00   4.85028e-04  -5.07243e-04   5.07267e-04
   5  R           -6.07583e+01   constant   
   6  alpha_CBO    1.08000e-03   3.55415e-04  -3.77615e-04   3.77611e-04
   7  w_CBO        2.32735e+00   constant   
   8  beta_CBO    -1.56751e-04   3.68840e-04  -3.84357e-04   3.84405e-04
   9  alpha_2CBO  -6.80132e-04   3.62632e-04  -3.74132e-04   3.74102e-04
  10  beta_2CBO    4.22261e-05   3.61254e-04  -3.71002e-04   3.71026e-04
  11  alpha_y      1.24308e-05   3.62671e-04  -3.99850e-04   3.99856e-04
  12  w_y          1.38984e+01   constant   
  13  beta_y       2.82657e-04   3.61216e-04  -3.98004e-04   3.97991e-04
  14  alpha_vw     3.19221e-04   3.63124e-04  -3.96612e-04   3.96568e-04
  15  w_vw         1.43156e+01   constant   
  16  beta_vw      5.30321e-04   3.60770e-04  -3.99487e-04   3.99487e-04
  17  LM          -1.79993e-04   constant   
  18  zeta_y       0.00000e+00   constant   
  19  zeta_vw      0.00000e+00   constant   
  20  T_CBO        1.00000e+02   9.60674e+02   at limit      at limit   
  21  alpha_A0    -4.20215e-04   6.38862e-04  -6.81650e-04   6.81675e-04
  22  beta_A0     -2.27323e-03   7.02928e-04  -7.43993e-04   7.43796e-04
  23  alpha_phi   -4.96669e-04   6.93804e-04  -7.24355e-04   7.24356e-04
  24  beta_phi     6.62175e-04   6.78324e-04  -7.05087e-04   7.04980e-04
  25  alpha_vw_m_cbo  -1.63839e-04   3.63815e-04  -3.66810e-04   3.66789e-04
  26  w_vw_m_cbo   1.20142e+01   constant   
  27  beta_vw_m_cbo   3.79975e-04   3.60096e-04  -3.62126e-04   3.62121e-04
  28  alpha_vw_p_cbo   2.47733e-04   3.58977e-04  -3.61316e-04   3.61285e-04
  29  w_vw_p_cbo   1.67139e+01   constant   
  30  beta_vw_p_cbo   8.69238e-05   3.64980e-04  -3.66364e-04   3.66327e-04
 **********
 **   88 **SHO COR 
 **********
 PARAMETER  CORRELATION COEFFICIENTS  
       NO.  GLOBAL      1      3      4      6      8      9     10     11     13     14     16     20     21     22     23     24
        1  0.00000   1.000  0.000  0.000  0.000  0.000  0.000  0.000  0.000  0.000  0.000  0.000  0.000  0.000  0.000  0.000  0.000
        3  0.00000   0.000  1.000  0.000  0.000  0.000  0.000  0.000  0.000  0.000  0.000  0.000  0.000  0.000  0.000  0.000  0.000
        4  0.00000   0.000  0.000  1.000  0.000  0.000  0.000  0.000  0.000  0.000  0.000  0.000  0.000  0.000  0.000  0.000  0.000
        6  0.00000   0.000  0.000  0.000  1.000  0.000  0.000  0.000  0.000  0.000  0.000  0.000  0.000  0.000  0.000  0.000  0.000
        8  0.00000   0.000  0.000  0.000  0.000  1.000  0.000  0.000  0.000  0.000  0.000  0.000  0.000  0.000  0.000  0.000  0.000
        9  0.00000   0.000  0.000  0.000  0.000  0.000  1.000  0.000  0.000  0.000  0.000  0.000  0.000  0.000  0.000  0.000  0.000
       10  0.00000   0.000  0.000  0.000  0.000  0.000  0.000  1.000  0.000  0.000  0.000  0.000  0.000  0.000  0.000  0.000  0.000
       11  0.00000   0.000  0.000  0.000  0.000  0.000  0.000  0.000  1.000  0.000  0.000  0.000  0.000  0.000  0.000  0.000  0.000
       13  0.00000   0.000  0.000  0.000  0.000  0.000  0.000  0.000  0.000  1.000  0.000  0.000  0.000  0.000  0.000  0.000  0.000
       14  0.00000   0.000  0.000  0.000  0.000  0.000  0.000  0.000  0.000  0.000  1.000  0.000  0.000  0.000  0.000  0.000  0.000
       16  0.00000   0.000  0.000  0.000  0.000  0.000  0.000  0.000  0.000  0.000  0.000  1.000  0.000  0.000  0.000  0.000  0.000
       20  0.00000   0.000  0.000  0.000  0.000  0.000  0.000  0.000  0.000  0.000  0.000  0.000  1.000  0.000  0.000  0.000  0.000
       21  0.00000   0.000  0.000  0.000  0.000  0.000  0.000  0.000  0.000  0.000  0.000  0.000  0.000  1.000  0.000  0.000  0.000
       22  0.00000   0.000  0.000  0.000  0.000  0.000  0.000  0.000  0.000  0.000  0.000  0.000  0.000  0.000  1.000  0.000  0.000
       23  0.00000   0.000  0.000  0.000  0.000  0.000  0.000  0.000  0.000  0.000  0.000  0.000  0.000  0.000  0.000  1.000  0.000
       24  0.00000   0.000  0.000  0.000  0.000  0.000  0.000  0.000  0.000  0.000  0.000  0.000  0.000  0.000  0.000  0.000  1.000
       25  0.00000   0.000  0.000  0.000  0.000  0.000  0.000  0.000  0.000  0.000  0.000  0.000  0.000  0.000  0.000  0.000  0.000
                     1.000  0.000  0.000  0.000
       27  0.00000   0.000  0.000  0.000  0.000  0.000  0.000  0.000  0.000  0.000  0.000  0.000  0.000  0.000  0.000  0.000  0.000
                     0.000  1.000  0.000  0.000
       28  0.00000   0.000  0.000  0.000  0.000  0.000  0.000  0.000  0.000  0.000  0.000  0.000  0.000  0.000  0.000  0.000  0.000
                     0.000  0.000  1.000  0.000
       30  0.00000   0.000  0.000  0.000  0.000  0.000  0.000  0.000  0.000  0.000  0.000  0.000  0.000  0.000  0.000  0.000  0.000
                     0.000  0.000  0.000  1.000
 ERR MATRIX APPROXIMATE
 ELEMENTS ABOVE DIAGONAL ARE NOT PRINTED.
