 + ++++++++++++++++++++++++++++++++++++++++++++++++++++++++++++++++++++ +
 +                                                                      +
 +           You have chose to blind your fitting according to          +
 +                omega_ref * (1 + (R +/- deltaR) *10^{-6})             +
 +                                                                      +
 + ++++++++++++++++++++++++++++++++++++++++++++++++++++++++++++++++++++ +
In main()...
reading format from ./formats/formatB_sBin_constraintOn.txt
Parameters after format file: pBinTau 0 pBinPhi 0 constraintau 1 includeMopTerm 0 constrainMop 0 c_e_scale 0.000000 
Opening file /gm2data/tbarrett/gm2fr/studies/run23_bunch_corrections/CorrectedFourier_Run3b.root.
reading reference data from /gm2data/zkhechad/cboTemplates/Run4CBOTemplates/templateFits3_floatBoth/noRF/sBin_constraintOn_cE0.0_seed0_noRF_calo10.root (fixing 5-param to these terms)
windowBins = 69
fitting sliding window 34 from bin 170 at 25.214800 to bin 239 at 35.658800 (69 bins)

Reading data from /gm2data/cornell/histograms/aMethod/histogram_a_noRF.root
 **********
 **    1 **SET PRINTOUT            1
 **********
 **********
 **    2 **SET NOWARNINGS 
 **********
 PARAMETER DEFINITIONS:
    NO.   NAME         VALUE      STEP SIZE      LIMITS
     1 N0           3.07363e+06  1.00000e+02     no limits
     2 tau          6.44053e+01  constant
     3 A0           3.48557e-01  1.00000e-04     no limits
     4 phi          4.11550e+00  1.00000e-02     no limits
     5 R           -6.09851e+01  constant
     6 alpha_CBO    0.00000e+00  1.00000e-03     no limits
     7 w_CBO        2.32735e+00  constant
     8 beta_CBO     0.00000e+00  1.00000e-03     no limits
     9 alpha_2CBO   0.00000e+00  1.00000e-03     no limits
    10 beta_2CBO    0.00000e+00  1.00000e-03     no limits
    11 alpha_y      0.00000e+00  1.00000e-03     no limits
    12 w_y          1.38984e+01  constant
    13 beta_y       0.00000e+00  1.00000e-03     no limits
    14 alpha_vw     0.00000e+00  1.00000e-03     no limits
    15 w_vw         1.43156e+01  constant
    16 beta_vw      0.00000e+00  1.00000e-03     no limits
    17 LM           6.10387e-05  constant
    18 zeta_y       0.00000e+00  constant
    19 zeta_vw      0.00000e+00  constant
    20 T_CBO        1.00000e+02  1.00000e+00    0.00000e+00  1.00000e+03
    21 alpha_A0     0.00000e+00  1.00000e-03     no limits
    22 beta_A0      0.00000e+00  1.00000e-03     no limits
    23 alpha_phi    0.00000e+00  1.00000e-03     no limits
    24 beta_phi     0.00000e+00  1.00000e-03     no limits
    25 alpha_vw_m_cbo   0.00000e+00  1.00000e-03     no limits
    26 w_vw_m_cbo   1.20142e+01  constant
    27 beta_vw_m_cbo   0.00000e+00  1.00000e-03     no limits
    28 alpha_vw_p_cbo   0.00000e+00  1.00000e-04     no limits
    29 w_vw_p_cbo   1.67139e+01  constant
    30 beta_vw_p_cbo   0.00000e+00  1.00000e-04     no limits
MINUIT - FIT ONLY WIGGLE
 **********
 **    3 **FIX            5
 **********
 PARAMETER    5  IS CONSTANT.   IGNORED.
 **********
 **    4 **FIX            6
 **********
 **********
 **    5 **FIX            7
 **********
 PARAMETER    7  IS CONSTANT.   IGNORED.
 **********
 **    6 **FIX            8
 **********
 **********
 **    7 **FIX            9
 **********
 **********
 **    8 **FIX           10
 **********
 **********
 **    9 **FIX           11
 **********
 **********
 **   10 **FIX           12
 **********
 PARAMETER   12  IS CONSTANT.   IGNORED.
 **********
 **   11 **FIX           13
 **********
 **********
 **   12 **FIX           14
 **********
 **********
 **   13 **FIX           15
 **********
 PARAMETER   15  IS CONSTANT.   IGNORED.
 **********
 **   14 **FIX           16
 **********
 **********
 **   15 **MIGRAD
 **********
 FIRST CALL TO USER FUNCTION AT NEW START POINT, WITH IFLAG=4.
 START MIGRAD MINIMIZATION.  STRATEGY  1.  CONVERGENCE WHEN EDM .LT. 1.00e-04
 FCN=3.54743e+08 FROM MIGRAD    STATUS=INITIATE      843 CALLS         844 TOTAL
                     EDM= unknown      STRATEGY= 1      NO ERROR MATRIX       
  EXT PARAMETER               CURRENT GUESS       STEP         FIRST   
  NO.   NAME      VALUE            ERROR          SIZE      DERIVATIVE 
   1  N0           3.07363e+06   1.00000e+02   0.00000e+00   4.61254e+02
   2  tau          6.44053e+01   constant   
   3  A0           3.48557e-01   1.00000e-04   0.00000e+00  -1.25351e+08
   4  phi          4.11550e+00   1.00000e-02   0.00000e+00   5.92745e+07
   5  R           -6.09851e+01   constant   
   6  alpha_CBO    0.00000e+00     fixed    
   7  w_CBO        2.32735e+00   constant   
   8  beta_CBO     0.00000e+00     fixed    
   9  alpha_2CBO   0.00000e+00     fixed    
  10  beta_2CBO    0.00000e+00     fixed    
  11  alpha_y      0.00000e+00     fixed    
  12  w_y          1.38984e+01   constant   
  13  beta_y       0.00000e+00     fixed    
  14  alpha_vw     0.00000e+00     fixed    
  15  w_vw         1.43156e+01   constant   
  16  beta_vw      0.00000e+00     fixed    
  17  LM           6.10387e-05   constant   
  18  zeta_y       0.00000e+00   constant   
  19  zeta_vw      0.00000e+00   constant   
  20  T_CBO        1.00000e+02   1.00000e+00   0.00000e+00   0.00000e+00
  21  alpha_A0     0.00000e+00   1.00000e-03   0.00000e+00  -5.81860e+07
  22  beta_A0      0.00000e+00   1.00000e-03   0.00000e+00   1.89010e+07
  23  alpha_phi    0.00000e+00   1.00000e-03   0.00000e+00  -2.29899e+07
  24  beta_phi     0.00000e+00   1.00000e-03   0.00000e+00  -4.42796e+07
  25  alpha_vw_m_cbo   0.00000e+00   1.00000e-03   0.00000e+00  -1.14856e+07
  26  w_vw_m_cbo   1.20142e+01   constant   
  27  beta_vw_m_cbo   0.00000e+00   1.00000e-03   0.00000e+00  -1.57672e+06
  28  alpha_vw_p_cbo   0.00000e+00   1.00000e-04   0.00000e+00  -1.89491e+06
  29  w_vw_p_cbo   1.67139e+01   constant   
  30  beta_vw_p_cbo   0.00000e+00   1.00000e-04   0.00000e+00   9.85421e+06
 MIGRAD MINIMIZATION HAS CONVERGED.
 FCN=17814.3 FROM MIGRAD    STATUS=CONVERGED    1204 CALLS        1205 TOTAL
                     EDM=3.13404e-07    STRATEGY= 1  ERROR MATRIX UNCERTAINTY   0.9 per cent
  EXT PARAMETER                                   STEP         FIRST   
  NO.   NAME      VALUE            ERROR          SIZE      DERIVATIVE 
   1  N0           1.53571e+06   8.71552e+01   1.82333e-01  -4.65408e-06
   2  tau          6.44053e+01   constant   
   3  A0           3.46063e-01   6.77451e-05  -7.95070e-08   9.03697e+00
   4  phi          4.11331e+00   1.95204e-04   4.58326e-07  -5.42603e+00
   5  R           -6.09851e+01   constant   
   6  alpha_CBO    0.00000e+00     fixed    
   7  w_CBO        2.32735e+00   constant   
   8  beta_CBO     0.00000e+00     fixed    
   9  alpha_2CBO   0.00000e+00     fixed    
  10  beta_2CBO    0.00000e+00     fixed    
  11  alpha_y      0.00000e+00     fixed    
  12  w_y          1.38984e+01   constant   
  13  beta_y       0.00000e+00     fixed    
  14  alpha_vw     0.00000e+00     fixed    
  15  w_vw         1.43156e+01   constant   
  16  beta_vw      0.00000e+00     fixed    
  17  LM           6.10387e-05   constant   
  18  zeta_y       0.00000e+00   constant   
  19  zeta_vw      0.00000e+00   constant   
  20  T_CBO        1.00000e+02   5.20646e+02  -0.00000e+00   0.00000e+00
  21  alpha_A0     2.00959e-03   2.73889e-04   3.52529e-08   1.64192e+00
  22  beta_A0     -2.27432e-03   2.91054e-04  -1.58236e-06   2.22756e+00
  23  alpha_phi    9.18423e-03   2.98150e-04   1.54521e-06   3.35239e-01
  24  beta_phi    -7.43124e-04   2.54355e-04   2.63720e-07  -2.56556e+00
  25  alpha_vw_m_cbo   1.08441e-03   9.56531e-05   5.38986e-07  -7.38663e-01
  26  w_vw_m_cbo   1.20142e+01   constant   
  27  beta_vw_m_cbo   1.37244e-05   9.70258e-05  -8.26515e-07  -7.20332e+00
  28  alpha_vw_p_cbo  -7.47931e-04   1.07557e-04   9.39790e-07   3.14376e+00
  29  w_vw_p_cbo   1.67139e+01   constant   
  30  beta_vw_p_cbo   2.09970e-04   9.00215e-05  -4.36420e-07   1.93995e+00
 EXTERNAL ERROR MATRIX.    NDIM=  31    NPAR= 12    ERR DEF=1
 ELEMENTS ABOVE DIAGONAL ARE NOT PRINTED.
  7.596e+03 
  5.344e-04  4.589e-09 
 -3.276e-03  2.718e-09  3.810e-08 
  0.000e+00  0.000e+00  0.000e+00  1.800e+05 
  5.165e-03 -1.124e-09 -4.684e-09  0.000e+00  7.502e-08 
 -2.110e-03  1.753e-09  1.340e-08  0.000e+00 -7.637e-09  8.471e-08 
  3.083e-03 -1.730e-09 -4.143e-09  0.000e+00  1.025e-08 -8.845e-09  8.889e-08 
  4.232e-03  4.662e-09 -1.237e-08  0.000e+00 -2.123e-09  2.049e-08  4.082e-09  6.470e-08 
  3.456e-04 -4.715e-10  1.447e-09  0.000e+00  2.645e-09 -4.587e-11 -2.849e-09  5.182e-09  9.150e-09 
  1.328e-04  5.076e-11 -3.567e-09  0.000e+00  3.600e-09  2.672e-09 -3.568e-09 -3.469e-09 -2.685e-09  9.414e-09 
 -2.946e-06 -7.972e-10  2.476e-09  0.000e+00 -1.450e-09 -4.680e-09 -5.983e-10  3.907e-09  4.046e-09 -4.355e-09  1.157e-08 
 -3.130e-04  6.502e-10 -5.361e-10  0.000e+00 -2.796e-09  1.033e-09  3.157e-09 -3.739e-09 -2.934e-09  2.120e-09 -3.420e-09 
 -3.130e-04  6.502e-10 -5.361e-10  0.000e+00 -2.796e-09  1.033e-09  3.157e-09 -3.739e-09 -2.934e-09  2.120e-09 -3.420e-09  8.104e-09 
 PARAMETER  CORRELATION COEFFICIENTS  
       NO.  GLOBAL      1      3      4     20     21     22     23     24     25     27     28     30
        1  0.35090   1.000  0.091 -0.193  0.000  0.216 -0.083  0.119  0.191  0.041  0.016 -0.000 -0.040
        3  0.50835   0.091  1.000  0.206  0.000 -0.061  0.089 -0.086  0.271 -0.073  0.008 -0.109  0.107
        4  0.60724  -0.193  0.206  1.000  0.000 -0.088  0.236 -0.071 -0.249  0.078 -0.188  0.118 -0.031
       20  0.00000   0.000  0.000  0.000  1.000  0.000  0.000  0.000  0.000  0.000  0.000  0.000  0.000
       21  0.36759   0.216 -0.061 -0.088  0.000  1.000 -0.096  0.125 -0.030  0.101  0.135 -0.049 -0.113
       22  0.54058  -0.083  0.089  0.236  0.000 -0.096  1.000 -0.102  0.277 -0.002  0.095 -0.150  0.039
       23  0.35006   0.119 -0.086 -0.071  0.000  0.125 -0.102  1.000  0.054 -0.100 -0.123 -0.019  0.118
       24  0.66112   0.191  0.271 -0.249  0.000 -0.030  0.277  0.054  1.000  0.213 -0.141  0.143 -0.163
       25  0.51769   0.041 -0.073  0.078  0.000  0.101 -0.002 -0.100  0.213  1.000 -0.289  0.393 -0.341
       27  0.53589   0.016  0.008 -0.188  0.000  0.135  0.095 -0.123 -0.141 -0.289  1.000 -0.417  0.243
       28  0.57870  -0.000 -0.109  0.118  0.000 -0.049 -0.150 -0.019  0.143  0.393 -0.417  1.000 -0.353
       30  0.47636  -0.040  0.107 -0.031  0.000 -0.113  0.039  0.118 -0.163 -0.341  0.243 -0.353  1.000
MINUIT - FIT ONLY 1-CBO + wiggle
 **********
 **   16 **RES 
 **********
                   PARAMETER   16  beta_vw RESTORED TO VARIABLE.
                   PARAMETER   14  alpha_vw RESTORED TO VARIABLE.
                   PARAMETER   13  beta_y RESTORED TO VARIABLE.
                   PARAMETER   11  alpha_y RESTORED TO VARIABLE.
                   PARAMETER   10  beta_2CBO RESTORED TO VARIABLE.
                   PARAMETER    9  alpha_2CBO RESTORED TO VARIABLE.
                   PARAMETER    8  beta_CBO RESTORED TO VARIABLE.
                   PARAMETER    6  alpha_CBO RESTORED TO VARIABLE.
 **********
 **   17 **FIX            8
 **********
 **********
 **   18 **FIX            9
 **********
 **********
 **   19 **FIX           11
 **********
 **********
 **   20 **FIX           12
 **********
 PARAMETER   12  IS CONSTANT.   IGNORED.
 **********
 **   21 **FIX           14
 **********
 **********
 **   22 **FIX           15
 **********
 PARAMETER   15  IS CONSTANT.   IGNORED.
 **********
 **   23 **FIX           16
 **********
 **********
 **   24 **MIGRAD
 **********
 START MIGRAD MINIMIZATION.  STRATEGY  1.  CONVERGENCE WHEN EDM .LT. 1.00e-04
 FCN=17814.3 FROM MIGRAD    STATUS=INITIATE     1225 CALLS        2430 TOTAL
                     EDM= unknown      STRATEGY= 1      NO ERROR MATRIX       
  EXT PARAMETER               CURRENT GUESS       STEP         FIRST   
  NO.   NAME      VALUE            ERROR          SIZE      DERIVATIVE 
   1  N0           1.53571e+06   8.71552e+01   0.00000e+00  -4.65408e-06
   2  tau          6.44053e+01   constant   
   3  A0           3.46063e-01   6.77451e-05   0.00000e+00   9.03697e+00
   4  phi          4.11331e+00   1.95204e-04   0.00000e+00  -5.42603e+00
   5  R           -6.09851e+01   constant   
   6  alpha_CBO    0.00000e+00   1.00000e-03   0.00000e+00  -1.57967e+06
   7  w_CBO        2.32735e+00   constant   
   8  beta_CBO     0.00000e+00     fixed    
   9  alpha_2CBO   0.00000e+00     fixed    
  10  beta_2CBO    0.00000e+00   1.00000e-03   0.00000e+00  -3.63705e+04
  11  alpha_y      0.00000e+00     fixed    
  12  w_y          1.38984e+01   constant   
  13  beta_y       0.00000e+00   1.00000e-03   0.00000e+00  -3.03018e+05
  14  alpha_vw     0.00000e+00     fixed    
  15  w_vw         1.43156e+01   constant   
  16  beta_vw      0.00000e+00     fixed    
  17  LM           6.10387e-05   constant   
  18  zeta_y       0.00000e+00   constant   
  19  zeta_vw      0.00000e+00   constant   
  20  T_CBO        1.00000e+02   5.20646e+02   0.00000e+00   0.00000e+00
  21  alpha_A0     2.00959e-03   2.73889e-04   0.00000e+00   1.64191e+00
  22  beta_A0     -2.27432e-03   2.91054e-04   0.00000e+00   2.22755e+00
  23  alpha_phi    9.18423e-03   2.98150e-04   0.00000e+00   3.35223e-01
  24  beta_phi    -7.43124e-04   2.54355e-04   0.00000e+00  -2.56553e+00
  25  alpha_vw_m_cbo   1.08441e-03   9.56531e-05   0.00000e+00  -7.38671e-01
  26  w_vw_m_cbo   1.20142e+01   constant   
  27  beta_vw_m_cbo   1.37244e-05   9.70258e-05   0.00000e+00  -7.20333e+00
  28  alpha_vw_p_cbo  -7.47931e-04   1.07557e-04   0.00000e+00   3.14377e+00
  29  w_vw_p_cbo   1.67139e+01   constant   
  30  beta_vw_p_cbo   2.09970e-04   9.00215e-05   0.00000e+00   1.93996e+00
 MIGRAD MINIMIZATION HAS CONVERGED.
 FCN=1789.96 FROM MIGRAD    STATUS=CONVERGED    1446 CALLS        2651 TOTAL
                     EDM=5.23627e-06    STRATEGY= 1  ERROR MATRIX UNCERTAINTY   4.0 per cent
  EXT PARAMETER                                   STEP         FIRST   
  NO.   NAME      VALUE            ERROR          SIZE      DERIVATIVE 
   1  N0           1.53656e+06   8.76188e+01  -7.84253e-01   5.80359e-06
   2  tau          6.44053e+01   constant   
   3  A0           3.48442e-01   7.60304e-05   1.43031e-08   2.16174e+01
   4  phi          4.11579e+00   2.12030e-04   3.34897e-07  -9.31520e+00
   5  R           -6.09851e+01   constant   
   6  alpha_CBO    1.95826e-02   1.57332e-04   3.51278e-08  -8.75949e-01
   7  w_CBO        2.32735e+00   constant   
   8  beta_CBO     0.00000e+00     fixed    
   9  alpha_2CBO   0.00000e+00     fixed    
  10  beta_2CBO    7.20158e-04   1.53214e-04  -6.05579e-07   6.85601e-02
  11  alpha_y      0.00000e+00     fixed    
  12  w_y          1.38984e+01   constant   
  13  beta_y       3.51865e-03   1.51175e-04  -1.89732e-07   5.01515e+00
  14  alpha_vw     0.00000e+00     fixed    
  15  w_vw         1.43156e+01   constant   
  16  beta_vw      0.00000e+00     fixed    
  17  LM           6.10387e-05   constant   
  18  zeta_y       0.00000e+00   constant   
  19  zeta_vw      0.00000e+00   constant   
  20  T_CBO        1.00000e+02   5.20646e+02  -0.00000e+00   0.00000e+00
  21  alpha_A0     5.64219e-03   2.79855e-04  -3.48536e-06  -3.65881e-01
  22  beta_A0      1.73754e-03   3.22370e-04  -1.04683e-06  -9.27217e-02
  23  alpha_phi    1.42649e-03   3.10789e-04  -3.55405e-06   4.38569e+00
  24  beta_phi     3.30389e-04   2.92403e-04  -3.05710e-06  -6.54186e+00
  25  alpha_vw_m_cbo   1.15790e-03   1.50941e-04   7.99282e-08   6.70961e+00
  26  w_vw_m_cbo   1.20142e+01   constant   
  27  beta_vw_m_cbo  -4.01899e-06   1.49142e-04  -9.70209e-07  -3.07570e+00
  28  alpha_vw_p_cbo  -9.40633e-04   1.51777e-04   5.71852e-07  -2.86579e+00
  29  w_vw_p_cbo   1.67139e+01   constant   
  30  beta_vw_p_cbo   4.97557e-04   1.49360e-04   5.21390e-08   1.37961e+01
 EXTERNAL ERROR MATRIX.    NDIM=  31    NPAR= 15    ERR DEF=1
 ELEMENTS ABOVE DIAGONAL ARE NOT PRINTED.
  7.677e+03 
  7.057e-04  5.781e-09 
 -3.040e-03  1.445e-09  4.496e-08 
  1.026e-03  2.961e-09  3.084e-09  2.475e-08 
  1.824e-04  8.583e-10  6.941e-10  4.552e-10  2.347e-08 
 -2.096e-04  1.870e-10  4.531e-10  9.648e-11 -3.789e-10  2.285e-08 
  0.000e+00  0.000e+00  0.000e+00  0.000e+00  0.000e+00  0.000e+00  1.800e+05 
  5.276e-03 -1.372e-09 -5.219e-09  4.401e-09 -2.003e-09  6.117e-10  0.000e+00  7.832e-08 
 -1.996e-03  5.116e-09  3.828e-09  4.715e-09  8.452e-09  9.800e-10  0.000e+00 -5.637e-09  1.039e-07 
  2.883e-03 -1.900e-09 -5.215e-09 -9.934e-09  3.529e-09 -5.760e-11  0.000e+00  4.893e-09 -1.086e-08  9.659e-08 
  4.153e-03  1.006e-09 -1.590e-09  1.227e-09  3.363e-09 -1.685e-10  0.000e+00 -1.016e-09  5.458e-09  1.611e-09  8.550e-08 
  1.851e-04 -3.469e-12  3.601e-10  8.196e-11  2.276e-10  8.000e-11  0.000e+00 -2.784e-12  4.671e-10 -1.840e-10  7.191e-11 
  1.851e-04 -3.469e-12  3.601e-10  8.196e-11  2.276e-10  8.000e-11  0.000e+00 -2.784e-12  4.671e-10 -1.840e-10  7.191e-11  2.278e-08 
  1.126e-04 -1.577e-10 -7.509e-10 -8.182e-11  3.497e-10  2.437e-10  0.000e+00 -3.237e-10 -1.407e-09  5.607e-10 -7.472e-10 
  1.126e-04 -1.577e-10 -7.509e-10 -8.182e-11  3.497e-10  2.437e-10  0.000e+00 -3.237e-10 -1.407e-09  5.607e-10 -7.472e-10  9.154e-11  2.224e-08 
  4.009e-05  5.470e-11  2.693e-10 -1.947e-10 -3.002e-10 -2.473e-10  0.000e+00  2.112e-10  6.515e-10 -2.601e-10  4.455e-10 
  4.009e-05  5.470e-11  2.693e-10 -1.947e-10 -3.002e-10 -2.473e-10  0.000e+00  2.112e-10  6.515e-10 -2.601e-10  4.455e-10 -5.907e-11  4.949e-11  2.304e-08 
 -2.360e-04 -2.147e-11  3.240e-10  3.257e-10  1.765e-10  2.792e-10  0.000e+00  3.162e-10 -4.023e-10 -2.327e-10 -1.777e-10 
 -2.360e-04 -2.147e-11  3.240e-10  3.257e-10  1.765e-10  2.792e-10  0.000e+00  3.162e-10 -4.023e-10 -2.327e-10 -1.777e-10 -1.881e-11  1.638e-10 -1.298e-10  2.231e-08 
 PARAMETER  CORRELATION COEFFICIENTS  
       NO.  GLOBAL      1      3      4      6     10     13     20     21     22     23     24     25     27     28     30
        1  0.35672   1.000  0.106 -0.164  0.074  0.014 -0.016  0.000  0.215 -0.071  0.106  0.162  0.014  0.009  0.003 -0.018
        3  0.35099   0.106  1.000  0.090  0.248  0.074  0.016  0.000 -0.064  0.209 -0.080  0.045 -0.000 -0.014  0.005 -0.002
        4  0.22439  -0.164  0.090  1.000  0.092  0.021  0.014  0.000 -0.088  0.056 -0.079 -0.026  0.011 -0.024  0.008  0.010
        6  0.34670   0.074  0.248  0.092  1.000  0.019  0.004  0.000  0.100  0.093 -0.203  0.027  0.003 -0.003 -0.008  0.014
       10  0.21666   0.014  0.074  0.021  0.019  1.000 -0.016  0.000 -0.047  0.171  0.074  0.075  0.010  0.015 -0.013  0.008
       13  0.04697  -0.016  0.016  0.014  0.004 -0.016  1.000  0.000  0.014  0.020 -0.001 -0.004  0.004  0.011 -0.011  0.012
       20  0.00000   0.000  0.000  0.000  0.000  0.000  0.000  1.000  0.000  0.000  0.000  0.000  0.000  0.000  0.000  0.000
       21  0.27553   0.215 -0.064 -0.088  0.100 -0.047  0.014  0.000  1.000 -0.062  0.056 -0.012 -0.000 -0.008  0.005  0.008
       22  0.30226  -0.071  0.209  0.056  0.093  0.171  0.020  0.000 -0.062  1.000 -0.108  0.058  0.010 -0.029  0.013 -0.008
       23  0.27485   0.106 -0.080 -0.079 -0.203  0.074 -0.001  0.000  0.056 -0.108  1.000  0.018 -0.004  0.012 -0.006 -0.005
       24  0.19348   0.162  0.045 -0.026  0.027  0.075 -0.004  0.000 -0.012  0.058  0.018  1.000  0.002 -0.017  0.010 -0.004
       25  0.02547   0.014 -0.000  0.011  0.003  0.010  0.004  0.000 -0.000  0.010 -0.004  0.002  1.000  0.004 -0.003 -0.001
       27  0.05128   0.009 -0.014 -0.024 -0.003  0.015  0.011  0.000 -0.008 -0.029  0.012 -0.017  0.004  1.000  0.002  0.007
       28  0.03139   0.003  0.005  0.008 -0.008 -0.013 -0.011  0.000  0.005  0.013 -0.006  0.010 -0.003  0.002  1.000 -0.006
       30  0.03409  -0.018 -0.002  0.010  0.014  0.008  0.012  0.000  0.008 -0.008 -0.005 -0.004 -0.001  0.007 -0.006  1.000
MINUIT - FIT ONLY 2-CBO
 **********
 **   25 **RES 
 **********
                   PARAMETER   16  beta_vw RESTORED TO VARIABLE.
                   PARAMETER   14  alpha_vw RESTORED TO VARIABLE.
                   PARAMETER   11  alpha_y RESTORED TO VARIABLE.
                   PARAMETER    9  alpha_2CBO RESTORED TO VARIABLE.
                   PARAMETER    8  beta_CBO RESTORED TO VARIABLE.
 **********
 **   26 **FIX            0
 **********
 PARAMETER    0  IS UNDEFINED. IGNORED.
 **********
 **   27 **FIX            1
 **********
 **********
 **   28 **FIX            2
 **********
 PARAMETER    2  IS CONSTANT.   IGNORED.
 **********
 **   29 **FIX            3
 **********
 **********
 **   30 **FIX            4
 **********
 **********
 **   31 **FIX            5
 **********
 PARAMETER    5  IS CONSTANT.   IGNORED.
 **********
 **   32 **FIX            6
 **********
 **********
 **   33 **FIX            7
 **********
 PARAMETER    7  IS CONSTANT.   IGNORED.
 **********
 **   34 **FIX           10
 **********
 **********
 **   35 **FIX           11
 **********
 **********
 **   36 **FIX           12
 **********
 PARAMETER   12  IS CONSTANT.   IGNORED.
 **********
 **   37 **FIX           13
 **********
 **********
 **   38 **FIX           14
 **********
 **********
 **   39 **FIX           15
 **********
 PARAMETER   15  IS CONSTANT.   IGNORED.
 **********
 **   40 **FIX           16
 **********
 **********
 **   41 **MIGRAD
 **********
 START MIGRAD MINIMIZATION.  STRATEGY  1.  CONVERGENCE WHEN EDM .LT. 1.00e-04
 FCN=1789.96 FROM MIGRAD    STATUS=INITIATE      719 CALLS        3370 TOTAL
                     EDM= unknown      STRATEGY= 1      NO ERROR MATRIX       
  EXT PARAMETER               CURRENT GUESS       STEP         FIRST   
  NO.   NAME      VALUE            ERROR          SIZE      DERIVATIVE 
   1  N0           1.53656e+06     fixed    
   2  tau          6.44053e+01   constant   
   3  A0           3.48442e-01     fixed    
   4  phi          4.11579e+00     fixed    
   5  R           -6.09851e+01   constant   
   6  alpha_CBO    1.95826e-02     fixed    
   7  w_CBO        2.32735e+00   constant   
   8  beta_CBO     0.00000e+00   1.00000e-03   0.00000e+00   1.85084e+05
   9  alpha_2CBO   0.00000e+00   1.00000e-03   0.00000e+00   7.05179e+02
  10  beta_2CBO    7.20158e-04     fixed    
  11  alpha_y      0.00000e+00     fixed    
  12  w_y          1.38984e+01   constant   
  13  beta_y       3.51865e-03     fixed    
  14  alpha_vw     0.00000e+00     fixed    
  15  w_vw         1.43156e+01   constant   
  16  beta_vw      0.00000e+00     fixed    
  17  LM           6.10387e-05   constant   
  18  zeta_y       0.00000e+00   constant   
  19  zeta_vw      0.00000e+00   constant   
  20  T_CBO        1.00000e+02   5.20646e+02   0.00000e+00   0.00000e+00
  21  alpha_A0     5.64219e-03   2.79855e-04   0.00000e+00  -3.65879e-01
  22  beta_A0      1.73754e-03   3.22370e-04   0.00000e+00  -9.27212e-02
  23  alpha_phi    1.42649e-03   3.10789e-04   0.00000e+00   4.38570e+00
  24  beta_phi     3.30389e-04   2.92403e-04   0.00000e+00  -6.54185e+00
  25  alpha_vw_m_cbo   1.15790e-03   1.50941e-04   0.00000e+00   6.70960e+00
  26  w_vw_m_cbo   1.20142e+01   constant   
  27  beta_vw_m_cbo  -4.01899e-06   1.49142e-04   0.00000e+00  -3.07569e+00
  28  alpha_vw_p_cbo  -9.40633e-04   1.51777e-04   0.00000e+00  -2.86581e+00
  29  w_vw_p_cbo   1.67139e+01   constant   
  30  beta_vw_p_cbo   4.97557e-04   1.49360e-04   0.00000e+00   1.37961e+01
 MIGRAD MINIMIZATION HAS CONVERGED.
 MIGRAD WILL VERIFY CONVERGENCE AND ERROR MATRIX.
  MNHESS FAILS AND WILL RETURN DIAGONAL MATRIX. 
 FCN=1581.85 FROM MIGRAD    STATUS=CONVERGED     844 CALLS        3495 TOTAL
                     EDM=9.97147e-08    STRATEGY= 1  ERROR MATRIX UNCERTAINTY 100.0 per cent
  EXT PARAMETER                APPROXIMATE        STEP         FIRST   
  NO.   NAME      VALUE            ERROR          SIZE      DERIVATIVE 
   1  N0           1.53656e+06     fixed    
   2  tau          6.44053e+01   constant   
   3  A0           3.48442e-01     fixed    
   4  phi          4.11579e+00     fixed    
   5  R           -6.09851e+01   constant   
   6  alpha_CBO    1.95826e-02     fixed    
   7  w_CBO        2.32735e+00   constant   
   8  beta_CBO    -2.24926e-03   1.53358e-04   2.97918e-06  -1.94579e-02
   9  alpha_2CBO   9.20783e-05   1.51634e-04   2.94567e-06  -1.81256e+00
  10  beta_2CBO    7.20158e-04     fixed    
  11  alpha_y      0.00000e+00     fixed    
  12  w_y          1.38984e+01   constant   
  13  beta_y       3.51865e-03     fixed    
  14  alpha_vw     0.00000e+00     fixed    
  15  w_vw         1.43156e+01   constant   
  16  beta_vw      0.00000e+00     fixed    
  17  LM           6.10387e-05   constant   
  18  zeta_y       0.00000e+00   constant   
  19  zeta_vw      0.00000e+00   constant   
  20  T_CBO        1.00000e+02   7.59439e+02  -0.00000e+00   0.00000e+00
  21  alpha_A0     5.54708e-03   2.67266e-04  -4.48350e-08   1.38746e+00
  22  beta_A0      1.26658e-03   3.03804e-04   5.70095e-07  -8.80923e-01
  23  alpha_phi    1.40638e-03   2.93917e-04  -1.14209e-06  -1.19445e-01
  24  beta_phi     8.26193e-04   2.84759e-04   4.46163e-07   1.50372e-01
  25  alpha_vw_m_cbo   1.09940e-03   1.51054e-04   1.19086e-07   6.04662e-01
  26  w_vw_m_cbo   1.20142e+01   constant   
  27  beta_vw_m_cbo  -5.76455e-06   1.49674e-04   4.75879e-08   9.16933e-01
  28  alpha_vw_p_cbo  -9.53499e-04   1.51647e-04  -8.37583e-09  -4.33636e-01
  29  w_vw_p_cbo   1.67139e+01   constant   
  30  beta_vw_p_cbo   5.51024e-04   1.49104e-04  -6.61892e-08  -1.00971e+00
 EXTERNAL ERROR MATRIX.    NDIM=  31    NPAR= 11    ERR DEF=1
  2.352e-08 
  0.000e+00  2.299e-08 
  0.000e+00  0.000e+00  5.421e+05 
  0.000e+00  0.000e+00  0.000e+00  7.143e-08 
  0.000e+00  0.000e+00  0.000e+00  0.000e+00  9.230e-08 
  0.000e+00  0.000e+00  0.000e+00  0.000e+00  0.000e+00  8.639e-08 
  0.000e+00  0.000e+00  0.000e+00  0.000e+00  0.000e+00  0.000e+00  8.109e-08 
  0.000e+00  0.000e+00  0.000e+00  0.000e+00  0.000e+00  0.000e+00  0.000e+00  2.282e-08 
  0.000e+00  0.000e+00  0.000e+00  0.000e+00  0.000e+00  0.000e+00  0.000e+00  0.000e+00  2.240e-08 
  0.000e+00  0.000e+00  0.000e+00  0.000e+00  0.000e+00  0.000e+00  0.000e+00  0.000e+00  0.000e+00  2.300e-08 
  0.000e+00  0.000e+00  0.000e+00  0.000e+00  0.000e+00  0.000e+00  0.000e+00  0.000e+00  0.000e+00  0.000e+00  2.223e-08 
ERR MATRIX APPROXIMATE
 PARAMETER  CORRELATION COEFFICIENTS  
       NO.  GLOBAL      8      9     20     21     22     23     24     25     27     28     30
        8  0.00000   1.000  0.000  0.000  0.000  0.000  0.000  0.000  0.000  0.000  0.000  0.000
        9  0.00000   0.000  1.000  0.000  0.000  0.000  0.000  0.000  0.000  0.000  0.000  0.000
       20  0.00000   0.000  0.000  1.000  0.000  0.000  0.000  0.000  0.000  0.000  0.000  0.000
       21  0.00000   0.000  0.000  0.000  1.000  0.000  0.000  0.000  0.000  0.000  0.000  0.000
       22  0.00000   0.000  0.000  0.000  0.000  1.000  0.000  0.000  0.000  0.000  0.000  0.000
       23  0.00000   0.000  0.000  0.000  0.000  0.000  1.000  0.000  0.000  0.000  0.000  0.000
       24  0.00000   0.000  0.000  0.000  0.000  0.000  0.000  1.000  0.000  0.000  0.000  0.000
       25  0.00000   0.000  0.000  0.000  0.000  0.000  0.000  0.000  1.000  0.000  0.000  0.000
       27  0.00000   0.000  0.000  0.000  0.000  0.000  0.000  0.000  0.000  1.000  0.000  0.000
       28  0.00000   0.000  0.000  0.000  0.000  0.000  0.000  0.000  0.000  0.000  1.000  0.000
       30  0.00000   0.000  0.000  0.000  0.000  0.000  0.000  0.000  0.000  0.000  0.000  1.000
 ERR MATRIX APPROXIMATE
MINUIT - FIT wiggle + 1-CBO + 2-CBO
 **********
 **   42 **RES 
 **********
                   PARAMETER   16  beta_vw RESTORED TO VARIABLE.
                   PARAMETER   14  alpha_vw RESTORED TO VARIABLE.
                   PARAMETER   13  beta_y RESTORED TO VARIABLE.
                   PARAMETER   11  alpha_y RESTORED TO VARIABLE.
                   PARAMETER   10  beta_2CBO RESTORED TO VARIABLE.
                   PARAMETER    6  alpha_CBO RESTORED TO VARIABLE.
                   PARAMETER    4  phi RESTORED TO VARIABLE.
                   PARAMETER    3  A0 RESTORED TO VARIABLE.
                   PARAMETER    1  N0 RESTORED TO VARIABLE.
 **********
 **   43 **FIX           10
 **********
 **********
 **   44 **FIX           11
 **********
 **********
 **   45 **FIX           12
 **********
 PARAMETER   12  IS CONSTANT.   IGNORED.
 **********
 **   46 **FIX           13
 **********
 **********
 **   47 **FIX           14
 **********
 **********
 **   48 **FIX           15
 **********
 PARAMETER   15  IS CONSTANT.   IGNORED.
 **********
 **   49 **FIX           16
 **********
 **********
 **   50 **MIGRAD
 **********
 START MIGRAD MINIMIZATION.  STRATEGY  1.  CONVERGENCE WHEN EDM .LT. 1.00e-04
 FCN=1581.85 FROM MIGRAD    STATUS=INITIATE     1219 CALLS        4714 TOTAL
                     EDM= unknown      STRATEGY= 1      NO ERROR MATRIX       
  EXT PARAMETER               CURRENT GUESS       STEP         FIRST   
  NO.   NAME      VALUE            ERROR          SIZE      DERIVATIVE 
   1  N0           1.53656e+06   8.76188e+01   0.00000e+00   1.39150e-02
   2  tau          6.44053e+01   constant   
   3  A0           3.48442e-01   7.60304e-05   0.00000e+00  -2.38536e+04
   4  phi          4.11579e+00   2.12030e-04   0.00000e+00   2.54504e+04
   5  R           -6.09851e+01   constant   
   6  alpha_CBO    1.95826e-02   1.57332e-04   0.00000e+00   2.05407e+03
   7  w_CBO        2.32735e+00   constant   
   8  beta_CBO    -2.24926e-03   1.53358e-04   0.00000e+00  -1.94581e-02
   9  alpha_2CBO   9.20783e-05   1.51634e-04   0.00000e+00  -1.81256e+00
  10  beta_2CBO    7.20158e-04     fixed    
  11  alpha_y      0.00000e+00     fixed    
  12  w_y          1.38984e+01   constant   
  13  beta_y       3.51865e-03     fixed    
  14  alpha_vw     0.00000e+00     fixed    
  15  w_vw         1.43156e+01   constant   
  16  beta_vw      0.00000e+00     fixed    
  17  LM           6.10387e-05   constant   
  18  zeta_y       0.00000e+00   constant   
  19  zeta_vw      0.00000e+00   constant   
  20  T_CBO        1.00000e+02   7.59439e+02   0.00000e+00   0.00000e+00
  21  alpha_A0     5.54708e-03   2.67266e-04   0.00000e+00   1.38745e+00
  22  beta_A0      1.26658e-03   3.03804e-04   0.00000e+00  -8.80922e-01
  23  alpha_phi    1.40638e-03   2.93917e-04   0.00000e+00  -1.19470e-01
  24  beta_phi     8.26193e-04   2.84759e-04   0.00000e+00   1.50371e-01
  25  alpha_vw_m_cbo   1.09940e-03   1.51054e-04   0.00000e+00   6.04663e-01
  26  w_vw_m_cbo   1.20142e+01   constant   
  27  beta_vw_m_cbo  -5.76455e-06   1.49674e-04   0.00000e+00   9.16922e-01
  28  alpha_vw_p_cbo  -9.53499e-04   1.51647e-04   0.00000e+00  -4.33639e-01
  29  w_vw_p_cbo   1.67139e+01   constant   
  30  beta_vw_p_cbo   5.51024e-04   1.49104e-04   0.00000e+00  -1.00971e+00
 MIGRAD MINIMIZATION HAS CONVERGED.
 MIGRAD WILL VERIFY CONVERGENCE AND ERROR MATRIX.
  MNHESS FAILS AND WILL RETURN DIAGONAL MATRIX. 
 FCN=1574.21 FROM MIGRAD    STATUS=CONVERGED    1393 CALLS        4888 TOTAL
                     EDM=3.95481e-06    STRATEGY= 1  ERROR MATRIX UNCERTAINTY 100.0 per cent
  EXT PARAMETER                APPROXIMATE        STEP         FIRST   
  NO.   NAME      VALUE            ERROR          SIZE      DERIVATIVE 
   1  N0           1.53656e+06   8.17162e+01   1.58345e+00   1.95352e-05
   2  tau          6.44053e+01   constant   
   3  A0           3.48487e-01   6.99077e-05   1.35477e-06   2.47762e+01
   4  phi          4.11524e+00   2.04514e-04   3.96336e-06   6.36429e-01
   5  R           -6.09851e+01   constant   
   6  alpha_CBO    1.95445e-02   1.47536e-04   2.85915e-06   8.96032e+00
   7  w_CBO        2.32735e+00   constant   
   8  beta_CBO    -2.33183e-03   1.53363e-04   2.97207e-06   1.59422e+00
   9  alpha_2CBO   1.19478e-04   1.51638e-04   2.93866e-06  -6.88386e+00
  10  beta_2CBO    7.20158e-04     fixed    
  11  alpha_y      0.00000e+00     fixed    
  12  w_y          1.38984e+01   constant   
  13  beta_y       3.51865e-03     fixed    
  14  alpha_vw     0.00000e+00     fixed    
  15  w_vw         1.43156e+01   constant   
  16  beta_vw      0.00000e+00     fixed    
  17  LM           6.10387e-05   constant   
  18  zeta_y       0.00000e+00   constant   
  19  zeta_vw      0.00000e+00   constant   
  20  T_CBO        1.00000e+02   9.44762e+02  -0.00000e+00   0.00000e+00
  21  alpha_A0     5.55906e-03   2.67220e-04   7.97737e-07   3.06862e+00
  22  beta_A0      1.26903e-03   3.03756e-04  -6.95514e-07  -7.24228e-01
  23  alpha_phi    1.45539e-03   2.93922e-04  -6.61391e-07  -5.81905e+00
  24  beta_phi     8.40138e-04   2.84750e-04  -7.74315e-07   1.56172e+00
  25  alpha_vw_m_cbo   1.09069e-03   1.51059e-04   1.34725e-07  -2.03939e+00
  26  w_vw_m_cbo   1.20142e+01   constant   
  27  beta_vw_m_cbo  -8.06534e-06   1.49679e-04   1.57604e-07  -4.09088e-01
  28  alpha_vw_p_cbo  -9.54715e-04   1.51652e-04  -4.00858e-08  -1.03884e+00
  29  w_vw_p_cbo   1.67139e+01   constant   
  30  beta_vw_p_cbo   5.58640e-04   1.49109e-04  -2.17030e-07   2.55109e+00
 EXTERNAL ERROR MATRIX.    NDIM=  31    NPAR= 15    ERR DEF=1
 ELEMENTS ABOVE DIAGONAL ARE NOT PRINTED.
  6.678e+03 
  0.000e+00  4.887e-09 
  0.000e+00  0.000e+00  4.183e-08 
  0.000e+00  0.000e+00  0.000e+00  2.177e-08 
  0.000e+00  0.000e+00  0.000e+00  0.000e+00  2.352e-08 
  0.000e+00  0.000e+00  0.000e+00  0.000e+00  0.000e+00  2.299e-08 
  0.000e+00  0.000e+00  0.000e+00  0.000e+00  0.000e+00  0.000e+00  1.153e+06 
  0.000e+00  0.000e+00  0.000e+00  0.000e+00  0.000e+00  0.000e+00  0.000e+00  7.141e-08 
  0.000e+00  0.000e+00  0.000e+00  0.000e+00  0.000e+00  0.000e+00  0.000e+00  0.000e+00  9.227e-08 
  0.000e+00  0.000e+00  0.000e+00  0.000e+00  0.000e+00  0.000e+00  0.000e+00  0.000e+00  0.000e+00  8.639e-08 
  0.000e+00  0.000e+00  0.000e+00  0.000e+00  0.000e+00  0.000e+00  0.000e+00  0.000e+00  0.000e+00  0.000e+00  8.108e-08 
  0.000e+00  0.000e+00  0.000e+00  0.000e+00  0.000e+00  0.000e+00  0.000e+00  0.000e+00  0.000e+00  0.000e+00  0.000e+00 
  0.000e+00  0.000e+00  0.000e+00  0.000e+00  0.000e+00  0.000e+00  0.000e+00  0.000e+00  0.000e+00  0.000e+00  0.000e+00  2.282e-08 
  0.000e+00  0.000e+00  0.000e+00  0.000e+00  0.000e+00  0.000e+00  0.000e+00  0.000e+00  0.000e+00  0.000e+00  0.000e+00 
  0.000e+00  0.000e+00  0.000e+00  0.000e+00  0.000e+00  0.000e+00  0.000e+00  0.000e+00  0.000e+00  0.000e+00  0.000e+00  0.000e+00  2.240e-08 
  0.000e+00  0.000e+00  0.000e+00  0.000e+00  0.000e+00  0.000e+00  0.000e+00  0.000e+00  0.000e+00  0.000e+00  0.000e+00 
  0.000e+00  0.000e+00  0.000e+00  0.000e+00  0.000e+00  0.000e+00  0.000e+00  0.000e+00  0.000e+00  0.000e+00  0.000e+00  0.000e+00  0.000e+00  2.300e-08 
  0.000e+00  0.000e+00  0.000e+00  0.000e+00  0.000e+00  0.000e+00  0.000e+00  0.000e+00  0.000e+00  0.000e+00  0.000e+00 
  0.000e+00  0.000e+00  0.000e+00  0.000e+00  0.000e+00  0.000e+00  0.000e+00  0.000e+00  0.000e+00  0.000e+00  0.000e+00  0.000e+00  0.000e+00  0.000e+00  2.223e-08 
ERR MATRIX APPROXIMATE
 PARAMETER  CORRELATION COEFFICIENTS  
       NO.  GLOBAL      1      3      4      6      8      9     20     21     22     23     24     25     27     28     30
        1  0.00000   1.000  0.000  0.000  0.000  0.000  0.000  0.000  0.000  0.000  0.000  0.000  0.000  0.000  0.000  0.000
        3  0.00000   0.000  1.000  0.000  0.000  0.000  0.000  0.000  0.000  0.000  0.000  0.000  0.000  0.000  0.000  0.000
        4  0.00000   0.000  0.000  1.000  0.000  0.000  0.000  0.000  0.000  0.000  0.000  0.000  0.000  0.000  0.000  0.000
        6  0.00000   0.000  0.000  0.000  1.000  0.000  0.000  0.000  0.000  0.000  0.000  0.000  0.000  0.000  0.000  0.000
        8  0.00000   0.000  0.000  0.000  0.000  1.000  0.000  0.000  0.000  0.000  0.000  0.000  0.000  0.000  0.000  0.000
        9  0.00000   0.000  0.000  0.000  0.000  0.000  1.000  0.000  0.000  0.000  0.000  0.000  0.000  0.000  0.000  0.000
       20  0.00000   0.000  0.000  0.000  0.000  0.000  0.000  1.000  0.000  0.000  0.000  0.000  0.000  0.000  0.000  0.000
       21  0.00000   0.000  0.000  0.000  0.000  0.000  0.000  0.000  1.000  0.000  0.000  0.000  0.000  0.000  0.000  0.000
       22  0.00000   0.000  0.000  0.000  0.000  0.000  0.000  0.000  0.000  1.000  0.000  0.000  0.000  0.000  0.000  0.000
       23  0.00000   0.000  0.000  0.000  0.000  0.000  0.000  0.000  0.000  0.000  1.000  0.000  0.000  0.000  0.000  0.000
       24  0.00000   0.000  0.000  0.000  0.000  0.000  0.000  0.000  0.000  0.000  0.000  1.000  0.000  0.000  0.000  0.000
       25  0.00000   0.000  0.000  0.000  0.000  0.000  0.000  0.000  0.000  0.000  0.000  0.000  1.000  0.000  0.000  0.000
       27  0.00000   0.000  0.000  0.000  0.000  0.000  0.000  0.000  0.000  0.000  0.000  0.000  0.000  1.000  0.000  0.000
       28  0.00000   0.000  0.000  0.000  0.000  0.000  0.000  0.000  0.000  0.000  0.000  0.000  0.000  0.000  1.000  0.000
       30  0.00000   0.000  0.000  0.000  0.000  0.000  0.000  0.000  0.000  0.000  0.000  0.000  0.000  0.000  0.000  1.000
 ERR MATRIX APPROXIMATE
MINUIT - FIT ONLY 1-y
 **********
 **   51 **RES 
 **********
                   PARAMETER   16  beta_vw RESTORED TO VARIABLE.
                   PARAMETER   14  alpha_vw RESTORED TO VARIABLE.
                   PARAMETER   13  beta_y RESTORED TO VARIABLE.
                   PARAMETER   11  alpha_y RESTORED TO VARIABLE.
                   PARAMETER   10  beta_2CBO RESTORED TO VARIABLE.
 **********
 **   52 **FIX            0
 **********
 PARAMETER    0  IS UNDEFINED. IGNORED.
 **********
 **   53 **FIX            1
 **********
 **********
 **   54 **FIX            2
 **********
 PARAMETER    2  IS CONSTANT.   IGNORED.
 **********
 **   55 **FIX            3
 **********
 **********
 **   56 **FIX            4
 **********
 **********
 **   57 **FIX            5
 **********
 PARAMETER    5  IS CONSTANT.   IGNORED.
 **********
 **   58 **FIX            6
 **********
 **********
 **   59 **FIX            7
 **********
 PARAMETER    7  IS CONSTANT.   IGNORED.
 **********
 **   60 **FIX            8
 **********
 **********
 **   61 **FIX            9
 **********
 **********
 **   62 **FIX           13
 **********
 **********
 **   63 **FIX           14
 **********
 **********
 **   64 **FIX           15
 **********
 PARAMETER   15  IS CONSTANT.   IGNORED.
 **********
 **   65 **FIX           16
 **********
 **********
 **   66 **MIGRAD
 **********
 START MIGRAD MINIMIZATION.  STRATEGY  1.  CONVERGENCE WHEN EDM .LT. 1.00e-04
 FCN=1574.21 FROM MIGRAD    STATUS=INITIATE      717 CALLS        5605 TOTAL
                     EDM= unknown      STRATEGY= 1      NO ERROR MATRIX       
  EXT PARAMETER               CURRENT GUESS       STEP         FIRST   
  NO.   NAME      VALUE            ERROR          SIZE      DERIVATIVE 
   1  N0           1.53656e+06     fixed    
   2  tau          6.44053e+01   constant   
   3  A0           3.48487e-01     fixed    
   4  phi          4.11524e+00     fixed    
   5  R           -6.09851e+01   constant   
   6  alpha_CBO    1.95445e-02     fixed    
   7  w_CBO        2.32735e+00   constant   
   8  beta_CBO    -2.33183e-03     fixed    
   9  alpha_2CBO   1.19478e-04     fixed    
  10  beta_2CBO    7.20158e-04   1.53214e-04   0.00000e+00   1.13765e+04
  11  alpha_y      0.00000e+00   1.00000e-03   0.00000e+00  -3.41963e+04
  12  w_y          1.38984e+01   constant   
  13  beta_y       3.51865e-03     fixed    
  14  alpha_vw     0.00000e+00     fixed    
  15  w_vw         1.43156e+01   constant   
  16  beta_vw      0.00000e+00     fixed    
  17  LM           6.10387e-05   constant   
  18  zeta_y       0.00000e+00   constant   
  19  zeta_vw      0.00000e+00   constant   
  20  T_CBO        1.00000e+02   9.44762e+02   0.00000e+00   0.00000e+00
  21  alpha_A0     5.55906e-03   2.67220e-04   0.00000e+00   3.06861e+00
  22  beta_A0      1.26903e-03   3.03756e-04   0.00000e+00  -7.24232e-01
  23  alpha_phi    1.45539e-03   2.93922e-04   0.00000e+00  -5.81904e+00
  24  beta_phi     8.40138e-04   2.84750e-04   0.00000e+00   1.56174e+00
  25  alpha_vw_m_cbo   1.09069e-03   1.51059e-04   0.00000e+00  -2.03939e+00
  26  w_vw_m_cbo   1.20142e+01   constant   
  27  beta_vw_m_cbo  -8.06534e-06   1.49679e-04   0.00000e+00  -4.09087e-01
  28  alpha_vw_p_cbo  -9.54715e-04   1.51652e-04   0.00000e+00  -1.03883e+00
  29  w_vw_p_cbo   1.67139e+01   constant   
  30  beta_vw_p_cbo   5.58640e-04   1.49109e-04   0.00000e+00   2.55109e+00
 MIGRAD MINIMIZATION HAS CONVERGED.
 MIGRAD WILL VERIFY CONVERGENCE AND ERROR MATRIX.
  MNHESS FAILS AND WILL RETURN DIAGONAL MATRIX. 
 FCN=1566.91 FROM MIGRAD    STATUS=CONVERGED     817 CALLS        5705 TOTAL
                     EDM=3.77089e-07    STRATEGY= 1  ERROR MATRIX UNCERTAINTY 100.0 per cent
  EXT PARAMETER                APPROXIMATE        STEP         FIRST   
  NO.   NAME      VALUE            ERROR          SIZE      DERIVATIVE 
   1  N0           1.53656e+06     fixed    
   2  tau          6.44053e+01   constant   
   3  A0           3.48487e-01     fixed    
   4  phi          4.11524e+00     fixed    
   5  R           -6.09851e+01   constant   
   6  alpha_CBO    1.95445e-02     fixed    
   7  w_CBO        2.32735e+00   constant   
   8  beta_CBO    -2.33183e-03     fixed    
   9  alpha_2CBO   1.19478e-04     fixed    
  10  beta_2CBO    5.95778e-04   1.49122e-04   2.88319e-06   1.54274e+00
  11  alpha_y      3.85479e-04   1.49837e-04   2.89701e-06   6.48916e-01
  12  w_y          1.38984e+01   constant   
  13  beta_y       3.51865e-03     fixed    
  14  alpha_vw     0.00000e+00     fixed    
  15  w_vw         1.43156e+01   constant   
  16  beta_vw      0.00000e+00     fixed    
  17  LM           6.10387e-05   constant   
  18  zeta_y       0.00000e+00   constant   
  19  zeta_vw      0.00000e+00   constant   
  20  T_CBO        1.00000e+02   8.96179e+02  -0.00000e+00   0.00000e+00
  21  alpha_A0     5.57669e-03   2.67221e-04   8.00894e-07   1.53860e+00
  22  beta_A0      1.21207e-03   3.03757e-04  -1.06487e-06   1.93920e+00
  23  alpha_phi    1.43953e-03   2.93923e-04  -3.70605e-07  -5.26485e-02
  24  beta_phi     8.13123e-04   2.84754e-04  -4.57782e-07   5.15082e-01
  25  alpha_vw_m_cbo   1.09153e-03   1.51059e-04  -1.62461e-07  -2.85319e+00
  26  w_vw_m_cbo   1.20142e+01   constant   
  27  beta_vw_m_cbo  -4.03849e-05   1.49679e-04   4.38576e-07   2.43434e-01
  28  alpha_vw_p_cbo  -9.36679e-04   1.51652e-04  -3.35777e-07  -2.75892e+00
  29  w_vw_p_cbo   1.67139e+01   constant   
  30  beta_vw_p_cbo   5.68994e-04   1.49109e-04  -1.37739e-08   2.56887e+00
 EXTERNAL ERROR MATRIX.    NDIM=  31    NPAR= 11    ERR DEF=1
  2.224e-08 
  0.000e+00  2.245e-08 
  0.000e+00  0.000e+00  1.785e+06 
  0.000e+00  0.000e+00  0.000e+00  7.141e-08 
  0.000e+00  0.000e+00  0.000e+00  0.000e+00  9.227e-08 
  0.000e+00  0.000e+00  0.000e+00  0.000e+00  0.000e+00  8.639e-08 
  0.000e+00  0.000e+00  0.000e+00  0.000e+00  0.000e+00  0.000e+00  8.108e-08 
  0.000e+00  0.000e+00  0.000e+00  0.000e+00  0.000e+00  0.000e+00  0.000e+00  2.282e-08 
  0.000e+00  0.000e+00  0.000e+00  0.000e+00  0.000e+00  0.000e+00  0.000e+00  0.000e+00  2.240e-08 
  0.000e+00  0.000e+00  0.000e+00  0.000e+00  0.000e+00  0.000e+00  0.000e+00  0.000e+00  0.000e+00  2.300e-08 
  0.000e+00  0.000e+00  0.000e+00  0.000e+00  0.000e+00  0.000e+00  0.000e+00  0.000e+00  0.000e+00  0.000e+00  2.223e-08 
ERR MATRIX APPROXIMATE
 PARAMETER  CORRELATION COEFFICIENTS  
       NO.  GLOBAL     10     11     20     21     22     23     24     25     27     28     30
       10  0.00000   1.000  0.000  0.000  0.000  0.000  0.000  0.000  0.000  0.000  0.000  0.000
       11  0.00000   0.000  1.000  0.000  0.000  0.000  0.000  0.000  0.000  0.000  0.000  0.000
       20  0.00000   0.000  0.000  1.000  0.000  0.000  0.000  0.000  0.000  0.000  0.000  0.000
       21  0.00000   0.000  0.000  0.000  1.000  0.000  0.000  0.000  0.000  0.000  0.000  0.000
       22  0.00000   0.000  0.000  0.000  0.000  1.000  0.000  0.000  0.000  0.000  0.000  0.000
       23  0.00000   0.000  0.000  0.000  0.000  0.000  1.000  0.000  0.000  0.000  0.000  0.000
       24  0.00000   0.000  0.000  0.000  0.000  0.000  0.000  1.000  0.000  0.000  0.000  0.000
       25  0.00000   0.000  0.000  0.000  0.000  0.000  0.000  0.000  1.000  0.000  0.000  0.000
       27  0.00000   0.000  0.000  0.000  0.000  0.000  0.000  0.000  0.000  1.000  0.000  0.000
       28  0.00000   0.000  0.000  0.000  0.000  0.000  0.000  0.000  0.000  0.000  1.000  0.000
       30  0.00000   0.000  0.000  0.000  0.000  0.000  0.000  0.000  0.000  0.000  0.000  1.000
 ERR MATRIX APPROXIMATE
MINUIT - FIT ONLY 2-y
 **********
 **   67 **RES 
 **********
                   PARAMETER   16  beta_vw RESTORED TO VARIABLE.
                   PARAMETER   14  alpha_vw RESTORED TO VARIABLE.
                   PARAMETER   13  beta_y RESTORED TO VARIABLE.
                   PARAMETER    9  alpha_2CBO RESTORED TO VARIABLE.
                   PARAMETER    8  beta_CBO RESTORED TO VARIABLE.
                   PARAMETER    6  alpha_CBO RESTORED TO VARIABLE.
                   PARAMETER    4  phi RESTORED TO VARIABLE.
                   PARAMETER    3  A0 RESTORED TO VARIABLE.
                   PARAMETER    1  N0 RESTORED TO VARIABLE.
 **********
 **   68 **FIX            0
 **********
 PARAMETER    0  IS UNDEFINED. IGNORED.
 **********
 **   69 **FIX            1
 **********
 **********
 **   70 **FIX            2
 **********
 PARAMETER    2  IS CONSTANT.   IGNORED.
 **********
 **   71 **FIX            3
 **********
 **********
 **   72 **FIX            4
 **********
 **********
 **   73 **FIX            5
 **********
 PARAMETER    5  IS CONSTANT.   IGNORED.
 **********
 **   74 **FIX            6
 **********
 **********
 **   75 **FIX            7
 **********
 PARAMETER    7  IS CONSTANT.   IGNORED.
 **********
 **   76 **FIX            8
 **********
 **********
 **   77 **FIX            9
 **********
 **********
 **   78 **FIX           10
 **********
 **********
 **   79 **FIX           11
 **********
 **********
 **   80 **FIX           12
 **********
 PARAMETER   12  IS CONSTANT.   IGNORED.
 **********
 **   81 **FIX           16
 **********
 **********
 **   82 **MIGRAD
 **********
 START MIGRAD MINIMIZATION.  STRATEGY  1.  CONVERGENCE WHEN EDM .LT. 1.00e-04
 FCN=1566.91 FROM MIGRAD    STATUS=INITIATE      717 CALLS        6422 TOTAL
                     EDM= unknown      STRATEGY= 1      NO ERROR MATRIX       
  EXT PARAMETER               CURRENT GUESS       STEP         FIRST   
  NO.   NAME      VALUE            ERROR          SIZE      DERIVATIVE 
   1  N0           1.53656e+06     fixed    
   2  tau          6.44053e+01   constant   
   3  A0           3.48487e-01     fixed    
   4  phi          4.11524e+00     fixed    
   5  R           -6.09851e+01   constant   
   6  alpha_CBO    1.95445e-02     fixed    
   7  w_CBO        2.32735e+00   constant   
   8  beta_CBO    -2.33183e-03     fixed    
   9  alpha_2CBO   1.19478e-04     fixed    
  10  beta_2CBO    5.95778e-04     fixed    
  11  alpha_y      3.85479e-04     fixed    
  12  w_y          1.38984e+01   constant   
  13  beta_y       3.51865e-03   1.51175e-04   0.00000e+00  -2.67624e+03
  14  alpha_vw     0.00000e+00   1.00000e-03   0.00000e+00  -2.54502e+05
  15  w_vw         1.43156e+01   constant   
  16  beta_vw      0.00000e+00     fixed    
  17  LM           6.10387e-05   constant   
  18  zeta_y       0.00000e+00   constant   
  19  zeta_vw      0.00000e+00   constant   
  20  T_CBO        1.00000e+02   8.96179e+02   0.00000e+00   0.00000e+00
  21  alpha_A0     5.57669e-03   2.67221e-04   0.00000e+00   1.53860e+00
  22  beta_A0      1.21207e-03   3.03757e-04   0.00000e+00   1.93920e+00
  23  alpha_phi    1.43953e-03   2.93923e-04   0.00000e+00  -5.26470e-02
  24  beta_phi     8.13123e-04   2.84754e-04   0.00000e+00   5.15070e-01
  25  alpha_vw_m_cbo   1.09153e-03   1.51059e-04   0.00000e+00  -2.85320e+00
  26  w_vw_m_cbo   1.20142e+01   constant   
  27  beta_vw_m_cbo  -4.03849e-05   1.49679e-04   0.00000e+00   2.43440e-01
  28  alpha_vw_p_cbo  -9.36679e-04   1.51652e-04   0.00000e+00  -2.75892e+00
  29  w_vw_p_cbo   1.67139e+01   constant   
  30  beta_vw_p_cbo   5.68994e-04   1.49109e-04   0.00000e+00   2.56888e+00
 MIGRAD MINIMIZATION HAS CONVERGED.
 MIGRAD WILL VERIFY CONVERGENCE AND ERROR MATRIX.
  MNHESS FAILS AND WILL RETURN DIAGONAL MATRIX. 
 FCN=1197.95 FROM MIGRAD    STATUS=CONVERGED     816 CALLS        6521 TOTAL
                     EDM=2.12203e-07    STRATEGY= 1  ERROR MATRIX UNCERTAINTY 100.0 per cent
  EXT PARAMETER                APPROXIMATE        STEP         FIRST   
  NO.   NAME      VALUE            ERROR          SIZE      DERIVATIVE 
   1  N0           1.53656e+06     fixed    
   2  tau          6.44053e+01   constant   
   3  A0           3.48487e-01     fixed    
   4  phi          4.11524e+00     fixed    
   5  R           -6.09851e+01   constant   
   6  alpha_CBO    1.95445e-02     fixed    
   7  w_CBO        2.32735e+00   constant   
   8  beta_CBO    -2.33183e-03     fixed    
   9  alpha_2CBO   1.19478e-04     fixed    
  10  beta_2CBO    5.95778e-04     fixed    
  11  alpha_y      3.85479e-04     fixed    
  12  w_y          1.38984e+01   constant   
  13  beta_y       3.61968e-03   1.50898e-04   2.55125e-06   4.84062e-02
  14  alpha_vw     2.89846e-03   1.50300e-04   2.54114e-06   7.62790e-04
  15  w_vw         1.43156e+01   constant   
  16  beta_vw      0.00000e+00     fixed    
  17  LM           6.10387e-05   constant   
  18  zeta_y       0.00000e+00   constant   
  19  zeta_vw      0.00000e+00   constant   
  20  T_CBO        1.00000e+02   9.26237e+02  -0.00000e+00   0.00000e+00
  21  alpha_A0     5.51968e-03   2.67226e-04   3.31186e-07   1.53191e+00
  22  beta_A0      1.19876e-03   3.03766e-04   1.38937e-06  -4.26117e-01
  23  alpha_phi    1.44111e-03   2.93928e-04  -3.31846e-07   1.47089e+00
  24  beta_phi     8.53047e-04   2.84755e-04  -4.59692e-08  -4.92573e-01
  25  alpha_vw_m_cbo   1.28050e-03   1.51059e-04  -1.33907e-08   1.92263e+00
  26  w_vw_m_cbo   1.20142e+01   constant   
  27  beta_vw_m_cbo  -3.34083e-05   1.49679e-04   1.44183e-08   1.99140e+00
  28  alpha_vw_p_cbo  -1.06481e-03   1.51652e-04   2.12840e-07  -1.30684e+00
  29  w_vw_p_cbo   1.67139e+01   constant   
  30  beta_vw_p_cbo   6.80145e-04   1.49109e-04   5.49431e-07  -8.54681e-01
 EXTERNAL ERROR MATRIX.    NDIM=  31    NPAR= 11    ERR DEF=1
  2.277e-08 
  0.000e+00  2.259e-08 
  0.000e+00  0.000e+00  1.606e+06 
  0.000e+00  0.000e+00  0.000e+00  7.141e-08 
  0.000e+00  0.000e+00  0.000e+00  0.000e+00  9.227e-08 
  0.000e+00  0.000e+00  0.000e+00  0.000e+00  0.000e+00  8.639e-08 
  0.000e+00  0.000e+00  0.000e+00  0.000e+00  0.000e+00  0.000e+00  8.109e-08 
  0.000e+00  0.000e+00  0.000e+00  0.000e+00  0.000e+00  0.000e+00  0.000e+00  2.282e-08 
  0.000e+00  0.000e+00  0.000e+00  0.000e+00  0.000e+00  0.000e+00  0.000e+00  0.000e+00  2.240e-08 
  0.000e+00  0.000e+00  0.000e+00  0.000e+00  0.000e+00  0.000e+00  0.000e+00  0.000e+00  0.000e+00  2.300e-08 
  0.000e+00  0.000e+00  0.000e+00  0.000e+00  0.000e+00  0.000e+00  0.000e+00  0.000e+00  0.000e+00  0.000e+00  2.223e-08 
ERR MATRIX APPROXIMATE
 PARAMETER  CORRELATION COEFFICIENTS  
       NO.  GLOBAL     13     14     20     21     22     23     24     25     27     28     30
       13  0.00000   1.000  0.000  0.000  0.000  0.000  0.000  0.000  0.000  0.000  0.000  0.000
       14  0.00000   0.000  1.000  0.000  0.000  0.000  0.000  0.000  0.000  0.000  0.000  0.000
       20  0.00000   0.000  0.000  1.000  0.000  0.000  0.000  0.000  0.000  0.000  0.000  0.000
       21  0.00000   0.000  0.000  0.000  1.000  0.000  0.000  0.000  0.000  0.000  0.000  0.000
       22  0.00000   0.000  0.000  0.000  0.000  1.000  0.000  0.000  0.000  0.000  0.000  0.000
       23  0.00000   0.000  0.000  0.000  0.000  0.000  1.000  0.000  0.000  0.000  0.000  0.000
       24  0.00000   0.000  0.000  0.000  0.000  0.000  0.000  1.000  0.000  0.000  0.000  0.000
       25  0.00000   0.000  0.000  0.000  0.000  0.000  0.000  0.000  1.000  0.000  0.000  0.000
       27  0.00000   0.000  0.000  0.000  0.000  0.000  0.000  0.000  0.000  1.000  0.000  0.000
       28  0.00000   0.000  0.000  0.000  0.000  0.000  0.000  0.000  0.000  0.000  1.000  0.000
       30  0.00000   0.000  0.000  0.000  0.000  0.000  0.000  0.000  0.000  0.000  0.000  1.000
 ERR MATRIX APPROXIMATE
MINUIT - FIT ALTOGETHER
 **********
 **   83 **RES 
 **********
                   PARAMETER   16  beta_vw RESTORED TO VARIABLE.
                   PARAMETER   11  alpha_y RESTORED TO VARIABLE.
                   PARAMETER   10  beta_2CBO RESTORED TO VARIABLE.
                   PARAMETER    9  alpha_2CBO RESTORED TO VARIABLE.
                   PARAMETER    8  beta_CBO RESTORED TO VARIABLE.
                   PARAMETER    6  alpha_CBO RESTORED TO VARIABLE.
                   PARAMETER    4  phi RESTORED TO VARIABLE.
                   PARAMETER    3  A0 RESTORED TO VARIABLE.
                   PARAMETER    1  N0 RESTORED TO VARIABLE.
 **********
 **   84 **MIGRAD
 **********
 START MIGRAD MINIMIZATION.  STRATEGY  1.  CONVERGENCE WHEN EDM .LT. 1.00e-04
 FCN=1197.95 FROM MIGRAD    STATUS=INITIATE     2031 CALLS        8552 TOTAL
                     EDM= unknown      STRATEGY= 1      NO ERROR MATRIX       
  EXT PARAMETER               CURRENT GUESS       STEP         FIRST   
  NO.   NAME      VALUE            ERROR          SIZE      DERIVATIVE 
   1  N0           1.53656e+06   8.17162e+01   0.00000e+00  -3.44775e-03
   2  tau          6.44053e+01   constant   
   3  A0           3.48487e-01   6.99077e-05   0.00000e+00   5.19487e+03
   4  phi          4.11524e+00   2.04514e-04   0.00000e+00  -4.62891e+02
   5  R           -6.09851e+01   constant   
   6  alpha_CBO    1.95445e-02   1.47536e-04   0.00000e+00  -7.70670e+02
   7  w_CBO        2.32735e+00   constant   
   8  beta_CBO    -2.33183e-03   1.53363e-04   0.00000e+00  -1.65398e+03
   9  alpha_2CBO   1.19478e-04   1.51638e-04   0.00000e+00   2.42847e+03
  10  beta_2CBO    5.95778e-04   1.49122e-04   0.00000e+00  -6.32440e+02
  11  alpha_y      3.85479e-04   1.49837e-04   0.00000e+00   1.00413e+05
  12  w_y          1.38984e+01   constant   
  13  beta_y       3.61968e-03   1.50898e-04   0.00000e+00   4.84048e-02
  14  alpha_vw     2.89846e-03   1.50300e-04   0.00000e+00   7.68740e-04
  15  w_vw         1.43156e+01   constant   
  16  beta_vw      0.00000e+00   1.00000e-03   0.00000e+00  -3.69111e+05
  17  LM           6.10387e-05   constant   
  18  zeta_y       0.00000e+00   constant   
  19  zeta_vw      0.00000e+00   constant   
  20  T_CBO        1.00000e+02   9.26237e+02   0.00000e+00   0.00000e+00
  21  alpha_A0     5.51968e-03   2.67226e-04   0.00000e+00   1.53191e+00
  22  beta_A0      1.19876e-03   3.03766e-04   0.00000e+00  -4.26119e-01
  23  alpha_phi    1.44111e-03   2.93928e-04   0.00000e+00   1.47088e+00
  24  beta_phi     8.53047e-04   2.84755e-04   0.00000e+00  -4.92567e-01
  25  alpha_vw_m_cbo   1.28050e-03   1.51059e-04   0.00000e+00   1.92263e+00
  26  w_vw_m_cbo   1.20142e+01   constant   
  27  beta_vw_m_cbo  -3.34083e-05   1.49679e-04   0.00000e+00   1.99140e+00
  28  alpha_vw_p_cbo  -1.06481e-03   1.51652e-04   0.00000e+00  -1.30684e+00
  29  w_vw_p_cbo   1.67139e+01   constant   
  30  beta_vw_p_cbo   6.80145e-04   1.49109e-04   0.00000e+00  -8.54682e-01
 MIGRAD MINIMIZATION HAS CONVERGED.
 FCN=160.873 FROM MIGRAD    STATUS=CONVERGED    2280 CALLS        8801 TOTAL
                     EDM=8.99248e-06    STRATEGY= 1  ERROR MATRIX UNCERTAINTY   2.8 per cent
  EXT PARAMETER                                   STEP         FIRST   
  NO.   NAME      VALUE            ERROR          SIZE      DERIVATIVE 
   1  N0           1.53665e+06   8.40945e+01  -5.73363e-01  -1.82274e-06
   2  tau          6.44053e+01   constant   
   3  A0           3.48459e-01   6.98407e-05   9.87991e-08  -3.87064e-01
   4  phi          4.11542e+00   2.06232e-04   2.75055e-08  -5.76574e+00
   5  R           -6.09851e+01   constant   
   6  alpha_CBO    1.95018e-02   1.47361e-04  -3.58266e-07  -3.62389e+00
   7  w_CBO        2.32735e+00   constant   
   8  beta_CBO    -2.08841e-03   1.53550e-04  -5.92734e-07  -2.76868e+00
   9  alpha_2CBO  -8.38233e-05   1.59231e-04   1.83387e-07  -1.00142e+01
  10  beta_2CBO    5.36317e-04   1.46435e-04   5.09056e-07   1.50904e+01
  11  alpha_y     -1.21252e-03   1.62654e-04  -1.34178e-06   1.86964e+00
  12  w_y          1.38984e+01   constant   
  13  beta_y       1.44177e-03   1.66253e-04   1.42922e-07  -4.20706e+00
  14  alpha_vw     3.45412e-03   1.65390e-04   8.35489e-07  -1.56514e+01
  15  w_vw         1.43156e+01   constant   
  16  beta_vw      5.18039e-03   1.65971e-04  -2.02078e-07   6.46695e+00
  17  LM           6.10387e-05   constant   
  18  zeta_y       0.00000e+00   constant   
  19  zeta_vw      0.00000e+00   constant   
  20  T_CBO        1.00000e+02   5.20646e+02  -0.00000e+00   0.00000e+00
  21  alpha_A0     5.23324e-03   2.71903e-04  -4.27314e-07  -2.84286e+00
  22  beta_A0      1.10027e-03   3.05134e-04   5.57926e-07  -7.44369e+00
  23  alpha_phi    1.31524e-03   2.94211e-04  -2.25749e-07  -5.48719e-01
  24  beta_phi     1.12283e-03   2.90119e-04  -1.00242e-06   2.43343e+00
  25  alpha_vw_m_cbo   1.29326e-03   1.51238e-04   1.60174e-07   1.29272e+01
  26  w_vw_m_cbo   1.20142e+01   constant   
  27  beta_vw_m_cbo   4.56473e-04   1.49569e-04  -3.03861e-07  -1.07132e+01
  28  alpha_vw_p_cbo  -1.19539e-03   1.52402e-04  -4.60282e-07  -2.20958e+00
  29  w_vw_p_cbo   1.67139e+01   constant   
  30  beta_vw_p_cbo   3.49081e-04   1.48738e-04   5.03531e-07   1.34472e+01
 EXTERNAL ERROR MATRIX.    NDIM=  31    NPAR= 20    ERR DEF=1
 ELEMENTS ABOVE DIAGONAL ARE NOT PRINTED.
  7.072e+03 
  4.730e-05  4.878e-09 
 -3.781e-04 -2.581e-10  4.253e-08 
  1.381e-04  2.979e-10 -4.873e-10  2.172e-08 
 -3.164e-05  3.762e-12  6.580e-10 -8.438e-10  2.358e-08 
 -3.656e-04  5.333e-10 -1.076e-09  3.361e-10 -1.895e-09  2.535e-08 
  1.191e-04 -1.639e-11  4.918e-10 -1.278e-10  2.999e-10 -4.308e-11  2.144e-08 
  8.514e-04  3.550e-10 -1.801e-09  7.618e-10 -1.156e-09  5.174e-10  2.552e-10  2.646e-08 
 -8.231e-04  1.638e-10 -1.381e-11 -7.558e-10 -9.559e-10  2.403e-10  1.299e-10  1.971e-09  2.764e-08 
 -1.687e-03  3.191e-11  2.268e-09 -2.064e-09 -5.056e-10 -1.660e-09  4.367e-10 -6.220e-09  7.183e-11  2.735e-08 
  6.636e-04  2.251e-11  5.095e-10 -2.785e-11  8.737e-10 -6.757e-10 -3.868e-10 -1.550e-09 -1.120e-08  1.476e-09  2.755e-08 
  0.000e+00  0.000e+00  0.000e+00  0.000e+00  0.000e+00  0.000e+00  0.000e+00  0.000e+00  0.000e+00  0.000e+00  0.000e+00 
  0.000e+00  0.000e+00  0.000e+00  0.000e+00  0.000e+00  0.000e+00  0.000e+00  0.000e+00  0.000e+00  0.000e+00  0.000e+00  1.800e+05 
  1.541e-03 -4.040e-11 -3.890e-09  3.580e-09  1.761e-10  4.902e-09  8.579e-11  6.677e-09 -3.000e-10 -3.622e-09  4.164e-10 
  1.541e-03 -4.040e-11 -3.890e-09  3.580e-09  1.761e-10  4.902e-09  8.579e-11  6.677e-09 -3.000e-10 -3.622e-09  4.164e-10  0.000e+00  7.393e-08 
 -1.184e-03 -3.181e-12 -5.708e-10  3.651e-10 -8.150e-10  2.092e-09  1.228e-09 -2.054e-09  1.766e-09  3.060e-09 -7.974e-10 
 -1.184e-03 -3.181e-12 -5.708e-10  3.651e-10 -8.150e-10  2.092e-09  1.228e-09 -2.054e-09  1.766e-09  3.060e-09 -7.974e-10  0.000e+00 -3.154e-09  9.311e-08 
  1.243e-04  9.621e-11 -4.874e-10  2.367e-10 -3.249e-10  4.164e-10  9.015e-11  8.110e-10  2.554e-11 -1.071e-09 -4.494e-10 
  1.243e-04  9.621e-11 -4.874e-10  2.367e-10 -3.249e-10  4.164e-10  9.015e-11  8.110e-10  2.554e-11 -1.071e-09 -4.494e-10  0.000e+00  1.363e-09 -2.891e-10  8.656e-08 
  4.449e-04 -2.289e-10  1.074e-09 -9.638e-10  9.975e-10 -3.447e-09  2.701e-10 -6.564e-10 -1.147e-09 -9.837e-10  1.095e-09 
  4.449e-04 -2.289e-10  1.074e-09 -9.638e-10  9.975e-10 -3.447e-09  2.701e-10 -6.564e-10 -1.147e-09 -9.837e-10  1.095e-09  0.000e+00 -9.778e-10 -2.493e-09 -4.164e-10  8.417e-08 
 -4.718e-05 -1.812e-10  6.474e-10 -1.883e-10  5.392e-10 -8.481e-10  3.141e-11 -6.107e-10  8.497e-10  8.621e-10 -2.771e-10 
 -4.718e-05 -1.812e-10  6.474e-10 -1.883e-10  5.392e-10 -8.481e-10  3.141e-11 -6.107e-10  8.497e-10  8.621e-10 -2.771e-10  0.000e+00 -1.703e-09 -3.202e-10 -1.876e-10  8.793e-10  2.287e-08 
 -1.285e-04 -8.572e-11  1.715e-10 -1.810e-10  1.609e-10 -6.715e-10  5.740e-10 -1.443e-09 -9.611e-10  5.744e-10  2.328e-09 
 -1.285e-04 -8.572e-11  1.715e-10 -1.810e-10  1.609e-10 -6.715e-10  5.740e-10 -1.443e-09 -9.611e-10  5.744e-10  2.328e-09  0.000e+00 -1.216e-09 -9.922e-10 -2.861e-10  4.243e-10  1.413e-10  2.237e-08 
  4.023e-04  2.665e-11 -3.769e-10  1.090e-10  8.917e-11 -2.490e-10 -8.367e-11  1.283e-09 -6.395e-10 -1.414e-09 -3.254e-10 
  4.023e-04  2.665e-11 -3.769e-10  1.090e-10  8.917e-11 -2.490e-10 -8.367e-11  1.283e-09 -6.395e-10 -1.414e-09 -3.254e-10  0.000e+00  1.097e-09 -8.493e-10  1.608e-10  5.852e-10  1.755e-10 -1.828e-11  2.323e-08 
 -3.165e-04  6.706e-11 -9.235e-11  3.044e-10 -4.871e-10  1.019e-09  4.156e-11  1.114e-10  2.151e-09  2.783e-10 -1.943e-09 
 -3.165e-04  6.706e-11 -9.235e-11  3.044e-10 -4.871e-10  1.019e-09  4.156e-11  1.114e-10  2.151e-09  2.783e-10 -1.943e-09  0.000e+00  4.744e-10  9.543e-10  1.203e-10 -1.324e-09 -6.699e-10 -4.543e-10  1.076e-10  2.212e-08 
 PARAMETER  CORRELATION COEFFICIENTS  
       NO.  GLOBAL      1      3      4      6      8      9     10     11     13     14     16     20     21     22     23     24
        1  0.16625   1.000  0.008 -0.022  0.011 -0.002 -0.027  0.010  0.062 -0.059 -0.121  0.048  0.000  0.067 -0.046  0.005  0.018
        3  0.07372   0.008  1.000 -0.018  0.029  0.000  0.048 -0.002  0.031  0.014  0.003  0.002  0.000 -0.002 -0.000  0.005 -0.011
        4  0.10885  -0.022 -0.018  1.000 -0.016  0.021 -0.033  0.016 -0.054 -0.000  0.067  0.015  0.000 -0.069 -0.009 -0.008  0.018
        6  0.13655   0.011  0.029 -0.016  1.000 -0.037  0.014 -0.006  0.032 -0.031 -0.085 -0.001  0.000  0.089  0.008  0.005 -0.023
        8  0.11992  -0.002  0.000  0.021 -0.037  1.000 -0.077  0.013 -0.046 -0.037 -0.020  0.034  0.000  0.004 -0.017 -0.007  0.022
        9  0.19141  -0.027  0.048 -0.033  0.014 -0.077  1.000 -0.002  0.020  0.009 -0.063 -0.026  0.000  0.113  0.043  0.009 -0.075
       10  0.05625   0.010 -0.002  0.016 -0.006  0.013 -0.002  1.000  0.011  0.005  0.018 -0.016  0.000  0.002  0.027  0.002  0.006
       11  0.29497   0.062  0.031 -0.054  0.032 -0.046  0.020  0.011  1.000  0.073 -0.231 -0.057  0.000  0.151 -0.041  0.017 -0.014
       13  0.42139  -0.059  0.014 -0.000 -0.031 -0.037  0.009  0.005  0.073  1.000  0.003 -0.406  0.000 -0.007  0.035  0.001 -0.024
       14  0.29701  -0.121  0.003  0.067 -0.085 -0.020 -0.063  0.018 -0.231  0.003  1.000  0.054  0.000 -0.081  0.061 -0.022 -0.021
       16  0.42259   0.048  0.002  0.015 -0.001  0.034 -0.026 -0.016 -0.057 -0.406  0.054  1.000  0.000  0.009 -0.016 -0.009  0.023
       20  0.00000   0.000  0.000  0.000  0.000  0.000  0.000  0.000  0.000  0.000  0.000  0.000  1.000  0.000  0.000  0.000  0.000
       21  0.23094   0.067 -0.002 -0.069  0.089  0.004  0.113  0.002  0.151 -0.007 -0.081  0.009  0.000  1.000 -0.038  0.017 -0.012
       22  0.11451  -0.046 -0.000 -0.009  0.008 -0.017  0.043  0.027 -0.041  0.035  0.061 -0.016  0.000 -0.038  1.000 -0.003 -0.028
       23  0.03278   0.005  0.005 -0.008  0.005 -0.007  0.009  0.002  0.017  0.001 -0.022 -0.009  0.000  0.017 -0.003  1.000 -0.005
       24  0.09976   0.018 -0.011  0.018 -0.023  0.022 -0.075  0.006 -0.014 -0.024 -0.021  0.023  0.000 -0.012 -0.028 -0.005  1.000
       25  0.08584  -0.004 -0.017  0.021 -0.008  0.023 -0.035  0.001 -0.025  0.034  0.034 -0.011  0.000 -0.041 -0.007 -0.004  0.020
                     1.000  0.006  0.008 -0.030
       27  0.12027  -0.010 -0.008  0.006 -0.008  0.007 -0.028  0.026 -0.059 -0.039  0.023  0.094  0.000 -0.030 -0.022 -0.007  0.010
                     0.006  1.000 -0.001 -0.020
       28  0.08642   0.031  0.003 -0.012  0.005  0.004 -0.010 -0.004  0.052 -0.025 -0.056 -0.013  0.000  0.026 -0.018  0.004  0.013
                     0.008 -0.001  1.000  0.005
       30  0.12033  -0.025  0.006 -0.003  0.014 -0.021  0.043  0.002  0.005  0.087  0.011 -0.079  0.000  0.012  0.021  0.003 -0.031
                    -0.030 -0.020  0.005  1.000
MINUIT - MINOS
 **********
 **   85 **RES 
 **********
 CALL TO MNFREE IGNORED.  THERE ARE NO FIXED PARAMETERS
 **********
 **   86 **MIG      2.5e+04        0.01
 **********
 START MIGRAD MINIMIZATION.  STRATEGY  1.  CONVERGENCE WHEN EDM .LT. 1.00e-05
 FCN=160.873 FROM MIGRAD    STATUS=INITIATE       40 CALLS        8841 TOTAL
                     EDM=8.82612e-06    STRATEGY= 1  ERROR MATRIX UNCERTAINTY   2.8 per cent
  EXT PARAMETER                                   STEP         FIRST   
  NO.   NAME      VALUE            ERROR          SIZE      DERIVATIVE 
   1  N0           1.53665e+06   8.40945e+01  -5.73363e-01  -1.82274e-06
   2  tau          6.44053e+01   constant   
   3  A0           3.48459e-01   6.98407e-05   9.87991e-08  -3.87050e-01
   4  phi          4.11542e+00   2.06232e-04   2.75055e-08  -5.76574e+00
   5  R           -6.09851e+01   constant   
   6  alpha_CBO    1.95018e-02   1.47361e-04  -3.58266e-07  -3.62389e+00
   7  w_CBO        2.32735e+00   constant   
   8  beta_CBO    -2.08841e-03   1.53550e-04  -5.92734e-07  -2.76868e+00
   9  alpha_2CBO  -8.38233e-05   1.59231e-04   1.83387e-07  -1.00142e+01
  10  beta_2CBO    5.36317e-04   1.46435e-04   5.09056e-07   1.50904e+01
  11  alpha_y     -1.21252e-03   1.62654e-04  -1.34178e-06   1.86964e+00
  12  w_y          1.38984e+01   constant   
  13  beta_y       1.44177e-03   1.66253e-04   1.42922e-07  -4.20706e+00
  14  alpha_vw     3.45412e-03   1.65390e-04   8.35489e-07  -1.56514e+01
  15  w_vw         1.43156e+01   constant   
  16  beta_vw      5.18039e-03   1.65971e-04  -2.02078e-07   6.46695e+00
  17  LM           6.10387e-05   constant   
  18  zeta_y       0.00000e+00   constant   
  19  zeta_vw      0.00000e+00   constant   
  20  T_CBO        1.00000e+02   5.20646e+02  -0.00000e+00   0.00000e+00
  21  alpha_A0     5.23324e-03   2.71903e-04  -4.27314e-07  -2.84286e+00
  22  beta_A0      1.10027e-03   3.05134e-04   5.57926e-07  -7.44369e+00
  23  alpha_phi    1.31524e-03   2.94211e-04  -2.25749e-07  -5.48690e-01
  24  beta_phi     1.12283e-03   2.90119e-04  -1.00242e-06   2.43346e+00
  25  alpha_vw_m_cbo   1.29326e-03   1.51238e-04   1.60174e-07   1.29272e+01
  26  w_vw_m_cbo   1.20142e+01   constant   
  27  beta_vw_m_cbo   4.56473e-04   1.49569e-04  -3.03861e-07  -1.07132e+01
  28  alpha_vw_p_cbo  -1.19539e-03   1.52402e-04  -4.60282e-07  -2.20958e+00
  29  w_vw_p_cbo   1.67139e+01   constant   
  30  beta_vw_p_cbo   3.49081e-04   1.48738e-04   5.03531e-07   1.34472e+01
 MIGRAD MINIMIZATION HAS CONVERGED.
 FCN=160.873 FROM MIGRAD    STATUS=CONVERGED      81 CALLS        8882 TOTAL
                     EDM=4.92841e-07    STRATEGY= 1  ERROR MATRIX UNCERTAINTY   1.4 per cent
  EXT PARAMETER                                   STEP         FIRST   
  NO.   NAME      VALUE            ERROR          SIZE      DERIVATIVE 
   1  N0           1.53665e+06   8.40131e+01  -1.55671e-02  -8.47622e-07
   2  tau          6.44053e+01   constant   
   3  A0           3.48459e-01   6.98114e-05   4.29748e-09  -4.86250e+00
   4  phi          4.11542e+00   2.06683e-04   1.18753e-07  -2.16061e-01
   5  R           -6.09851e+01   constant   
   6  alpha_CBO    1.95018e-02   1.47652e-04   2.72504e-08  -3.07703e+00
   7  w_CBO        2.32735e+00   constant   
   8  beta_CBO    -2.08840e-03   1.52883e-04   1.01828e-08  -4.43436e+00
   9  alpha_2CBO  -8.36984e-05   1.60871e-04   1.24974e-07  -1.30977e+00
  10  beta_2CBO    5.36169e-04   1.45864e-04  -1.48712e-07  -8.15132e-01
  11  alpha_y     -1.21259e-03   1.64213e-04  -6.83991e-08   4.17368e+00
  12  w_y          1.38984e+01   constant   
  13  beta_y       1.44184e-03   1.66358e-04   7.15990e-08   5.98662e-02
  14  alpha_vw     3.45432e-03   1.63465e-04   2.05438e-07   1.46502e+00
  15  w_vw         1.43156e+01   constant   
  16  beta_vw      5.18032e-03   1.66938e-04  -7.37394e-08   1.87555e+00
  17  LM           6.10387e-05   constant   
  18  zeta_y       0.00000e+00   constant   
  19  zeta_vw      0.00000e+00   constant   
  20  T_CBO        1.00000e+02   5.20646e+02  -0.00000e+00   0.00000e+00
  21  alpha_A0     5.23332e-03   2.73157e-04   8.16768e-08  -1.34151e+00
  22  beta_A0      1.10063e-03   2.98462e-04   3.64582e-07   1.11854e+00
  23  alpha_phi    1.31526e-03   2.93370e-04   1.66451e-08   1.17921e+00
  24  beta_phi     1.12269e-03   2.90867e-04  -1.36305e-07   2.97064e-01
  25  alpha_vw_m_cbo   1.29312e-03   1.50080e-04  -1.39411e-07  -1.15592e+00
  26  w_vw_m_cbo   1.20142e+01   constant   
  27  beta_vw_m_cbo   4.56577e-04   1.50705e-04   1.04795e-07  -1.04889e+00
  28  alpha_vw_p_cbo  -1.19538e-03   1.52414e-04   7.86972e-09  -1.16172e+00
  29  w_vw_p_cbo   1.67139e+01   constant   
  30  beta_vw_p_cbo   3.48957e-04   1.49738e-04  -1.23858e-07   7.34313e-01
 EXTERNAL ERROR MATRIX.    NDIM=  31    NPAR= 20    ERR DEF=1
 ELEMENTS ABOVE DIAGONAL ARE NOT PRINTED.
  7.058e+03 
  2.237e-05  4.874e-09 
 -3.460e-04 -9.558e-11  4.272e-08 
  6.966e-05  3.063e-10  8.175e-12  2.180e-08 
 -1.485e-04 -2.804e-11  1.388e-09 -8.455e-10  2.337e-08 
 -3.584e-04  6.942e-10 -7.206e-10  8.477e-10 -1.186e-09  2.588e-08 
  4.945e-05 -2.312e-10  4.338e-10 -7.592e-10 -6.800e-10 -3.213e-10  2.128e-08 
  9.284e-04  2.979e-10 -2.478e-09  5.117e-10 -1.363e-09 -2.288e-10  1.067e-09  2.697e-08 
 -7.993e-04  2.635e-10  7.181e-11 -4.554e-10 -5.056e-10  4.290e-10  1.314e-10  1.568e-09  2.768e-08 
 -1.577e-03  3.339e-10  2.266e-09 -1.186e-09  8.789e-10 -1.354e-09  7.794e-10 -7.324e-09  1.869e-11  2.672e-08 
  6.819e-04 -6.378e-11  1.651e-10 -3.214e-10  5.057e-10 -1.114e-09 -3.864e-11 -1.081e-09 -1.140e-08  1.034e-09  2.787e-08 
  0.000e+00  0.000e+00  0.000e+00  0.000e+00  0.000e+00  0.000e+00  0.000e+00  0.000e+00  0.000e+00  0.000e+00  0.000e+00 
  0.000e+00  0.000e+00  0.000e+00  0.000e+00  0.000e+00  0.000e+00  0.000e+00  0.000e+00  0.000e+00  0.000e+00  0.000e+00  1.800e+05 
  1.463e-03  3.282e-11 -3.159e-09  3.883e-09  4.532e-10  5.719e-09 -7.766e-10  6.085e-09  1.325e-10 -2.456e-09 -1.060e-10 
  1.463e-03  3.282e-11 -3.159e-09  3.883e-09  4.532e-10  5.719e-09 -7.766e-10  6.085e-09  1.325e-10 -2.456e-09 -1.060e-10  0.000e+00  7.461e-08 
 -9.409e-04  5.512e-10 -8.625e-10  1.940e-09  1.750e-09  2.362e-09  2.229e-09 -3.953e-09  1.493e-09  1.379e-09 -1.445e-09 
 -9.409e-04  5.512e-10 -8.625e-10  1.940e-09  1.750e-09  2.362e-09  2.229e-09 -3.953e-09  1.493e-09  1.379e-09 -1.445e-09  0.000e+00 -1.170e-09  8.908e-08 
  2.442e-04  1.631e-10 -1.150e-09  3.486e-10  3.471e-11 -1.879e-10  1.022e-09  8.601e-10 -3.894e-10 -2.406e-09 -1.715e-10 
  2.442e-04  1.631e-10 -1.150e-09  3.486e-10  3.471e-11 -1.879e-10  1.022e-09  8.601e-10 -3.894e-10 -2.406e-09 -1.715e-10  0.000e+00  1.259e-09 -2.826e-09  8.607e-08 
  4.221e-04 -4.101e-10  7.757e-10 -1.527e-09  1.909e-10 -3.935e-09  4.516e-10  1.388e-10 -1.298e-09 -1.145e-09  1.531e-09 
  4.221e-04 -4.101e-10  7.757e-10 -1.527e-09  1.909e-10 -3.935e-09  4.516e-10  1.388e-10 -1.298e-09 -1.145e-09  1.531e-09  0.000e+00 -1.842e-09 -2.464e-09  2.947e-10  8.460e-08 
 -1.255e-04 -3.875e-10  6.706e-10 -7.850e-10 -4.085e-10 -1.035e-09 -2.310e-10  1.339e-10  8.993e-10  1.334e-09  1.254e-11 
 -1.255e-04 -3.875e-10  6.706e-10 -7.850e-10 -4.085e-10 -1.035e-09 -2.310e-10  1.339e-10  8.993e-10  1.334e-09  1.254e-11  0.000e+00 -2.488e-09  8.999e-10  7.311e-10  9.646e-10  2.252e-08 
 -1.195e-04  5.032e-11  4.518e-10  2.491e-10  7.620e-10 -2.480e-10  3.647e-10 -2.065e-09 -8.137e-10  7.971e-10  1.969e-09 
 -1.195e-04  5.032e-11  4.518e-10  2.491e-10  7.620e-10 -2.480e-10  3.647e-10 -2.065e-09 -8.137e-10  7.971e-10  1.969e-09  0.000e+00 -5.362e-10 -8.295e-10 -8.030e-10  3.451e-11  7.759e-12  2.271e-08 
  3.741e-04  2.585e-11 -1.838e-10  1.307e-10  7.003e-11 -5.380e-11 -3.342e-10  1.200e-09 -5.218e-10 -1.063e-09 -4.338e-10 
  3.741e-04  2.585e-11 -1.838e-10  1.307e-10  7.003e-11 -5.380e-11 -3.342e-10  1.200e-09 -5.218e-10 -1.063e-09 -4.338e-10  0.000e+00  1.199e-09 -2.134e-10  2.222e-10  3.679e-10 -6.326e-11  1.463e-10  2.323e-08 
 -3.422e-04 -9.949e-11 -3.334e-10 -2.095e-10 -1.231e-09  6.037e-10  1.658e-10  8.277e-10  2.033e-09  1.900e-10 -1.561e-09 
 -3.422e-04 -9.949e-11 -3.334e-10 -2.095e-10 -1.231e-09  6.037e-10  1.658e-10  8.277e-10  2.033e-09  1.900e-10 -1.561e-09  0.000e+00 -3.017e-10  1.089e-09  7.839e-10 -9.617e-10 -6.321e-10 -7.843e-10 -9.144e-11  2.242e-08 
 PARAMETER  CORRELATION COEFFICIENTS  
       NO.  GLOBAL      1      3      4      6      8      9     10     11     13     14     16     20     21     22     23     24
        1  0.15941   1.000  0.004 -0.020  0.006 -0.012 -0.027  0.004  0.067 -0.057 -0.115  0.049  0.000  0.064 -0.038  0.010  0.017
        3  0.10516   0.004  1.000 -0.007  0.030 -0.003  0.062 -0.023  0.026  0.023  0.029 -0.005  0.000  0.002  0.026  0.008 -0.020
        4  0.11541  -0.020 -0.007  1.000  0.000  0.044 -0.022  0.014 -0.073  0.002  0.067  0.005  0.000 -0.056 -0.014 -0.019  0.013
        6  0.14261   0.006  0.030  0.000  1.000 -0.037  0.036 -0.035  0.021 -0.019 -0.049 -0.013  0.000  0.096  0.044  0.008 -0.036
        8  0.12728  -0.012 -0.003  0.044 -0.037  1.000 -0.048 -0.030 -0.054 -0.020  0.035  0.020  0.000  0.011  0.038  0.001  0.004
        9  0.20000  -0.027  0.062 -0.022  0.036 -0.048  1.000 -0.014 -0.009  0.016 -0.051 -0.041  0.000  0.130  0.049 -0.004 -0.084
       10  0.11485   0.004 -0.023  0.014 -0.035 -0.030 -0.014  1.000  0.045  0.005  0.033 -0.002  0.000 -0.019  0.051  0.024  0.011
       11  0.34196   0.067  0.026 -0.073  0.021 -0.054 -0.009  0.045  1.000  0.057 -0.273 -0.039  0.000  0.136 -0.081  0.018  0.003
       13  0.42305  -0.057  0.023  0.002 -0.019 -0.020  0.016  0.005  0.057  1.000  0.001 -0.410  0.000  0.003  0.030 -0.008 -0.027
       14  0.32008  -0.115  0.029  0.067 -0.049  0.035 -0.051  0.033 -0.273  0.001  1.000  0.038  0.000 -0.055  0.028 -0.050 -0.024
       16  0.42222   0.049 -0.005  0.005 -0.013  0.020 -0.041 -0.002 -0.039 -0.410  0.038  1.000  0.000 -0.002 -0.029 -0.004  0.032
       20  0.00000   0.000  0.000  0.000  0.000  0.000  0.000  0.000  0.000  0.000  0.000  0.000  1.000  0.000  0.000  0.000  0.000
       21  0.23195   0.064  0.002 -0.056  0.096  0.011  0.130 -0.019  0.136  0.003 -0.055 -0.002  0.000  1.000 -0.014  0.016 -0.023
       22  0.15087  -0.038  0.026 -0.014  0.044  0.038  0.049  0.051 -0.081  0.030  0.028 -0.029  0.000 -0.014  1.000 -0.032 -0.028
       23  0.07868   0.010  0.008 -0.019  0.008  0.001 -0.004  0.024  0.018 -0.008 -0.050 -0.004  0.000  0.016 -0.032  1.000  0.003
       24  0.10898   0.017 -0.020  0.013 -0.036  0.004 -0.084  0.011  0.003 -0.027 -0.024  0.032  0.000 -0.023 -0.028  0.003  1.000
       25  0.12347  -0.010 -0.037  0.022 -0.035 -0.018 -0.043 -0.011  0.005  0.036  0.054  0.001  0.000 -0.061  0.020  0.017  0.022
                     1.000  0.000 -0.003 -0.028
       27  0.12670  -0.009  0.005  0.015  0.011  0.033 -0.010  0.017 -0.083 -0.032  0.032  0.078  0.000 -0.013 -0.018 -0.018  0.001
                     0.000  1.000  0.006 -0.035
       28  0.07688   0.029  0.002 -0.006  0.006  0.003 -0.002 -0.015  0.048 -0.021 -0.043 -0.017  0.000  0.029 -0.005  0.005  0.008
                    -0.003  0.006  1.000 -0.004
       30  0.12599  -0.027 -0.010 -0.011 -0.009 -0.054  0.025  0.008  0.034  0.082  0.008 -0.062  0.000 -0.007  0.024  0.018 -0.022
                    -0.028 -0.035 -0.004  1.000
 **********
 **   87 **MINO      2.5e+04
 **********
    THE POSITIVE MINOS ERROR OF PARAMETER  20, T_CBO EXCEEDS ITS LIMIT.
    THE NEGATIVE MINOS ERROR OF PARAMETER  20, T_CBO EXCEEDS ITS LIMIT.
 FCN=160.873 FROM MINOS     STATUS=PROBLEMS     7432 CALLS       16314 TOTAL
                     EDM=4.92841e-07    STRATEGY= 1  ERROR MATRIX UNCERTAINTY   1.4 per cent
  EXT PARAMETER                  PARABOLIC         MINOS ERRORS        
  NO.   NAME      VALUE            ERROR      NEGATIVE      POSITIVE   
   1  N0           1.53665e+06   8.40131e+01  -8.75711e+01   8.75883e+01
   2  tau          6.44053e+01   constant   
   3  A0           3.48459e-01   6.98114e-05  -7.50300e-05   7.50616e-05
   4  phi          4.11542e+00   2.06683e-04  -2.13851e-04   2.13894e-04
   5  R           -6.09851e+01   constant   
   6  alpha_CBO    1.95018e-02   1.47652e-04  -1.57404e-04   1.57510e-04
   7  w_CBO        2.32735e+00   constant   
   8  beta_CBO    -2.08840e-03   1.52883e-04  -1.59159e-04   1.59270e-04
   9  alpha_2CBO  -8.36984e-05   1.60871e-04  -1.56525e-04   1.56560e-04
  10  beta_2CBO    5.36169e-04   1.45864e-04  -1.53140e-04   1.53152e-04
  11  alpha_y     -1.21259e-03   1.64213e-04  -1.64300e-04   1.64203e-04
  12  w_y          1.38984e+01   constant   
  13  beta_y       1.44184e-03   1.66358e-04  -1.66824e-04   1.66839e-04
  14  alpha_vw     3.45432e-03   1.63465e-04  -1.64257e-04   1.64263e-04
  15  w_vw         1.43156e+01   constant   
  16  beta_vw      5.18032e-03   1.66938e-04  -1.66425e-04   1.66383e-04
  17  LM           6.10387e-05   constant   
  18  zeta_y       0.00000e+00   constant   
  19  zeta_vw      0.00000e+00   constant   
  20  T_CBO        1.00000e+02   5.20646e+02   at limit      at limit   
  21  alpha_A0     5.23332e-03   2.73157e-04  -2.82170e-04   2.82291e-04
  22  beta_A0      1.10063e-03   2.98462e-04  -3.21997e-04   3.21936e-04
  23  alpha_phi    1.31526e-03   2.93370e-04  -3.06862e-04   3.06743e-04
  24  beta_phi     1.12269e-03   2.90867e-04  -2.95800e-04   2.95731e-04
  25  alpha_vw_m_cbo   1.29312e-03   1.50080e-04  -1.51958e-04   1.51986e-04
  26  w_vw_m_cbo   1.20142e+01   constant   
  27  beta_vw_m_cbo   4.56577e-04   1.50705e-04  -1.50967e-04   1.50997e-04
  28  alpha_vw_p_cbo  -1.19538e-03   1.52414e-04  -1.52271e-04   1.52294e-04
  29  w_vw_p_cbo   1.67139e+01   constant   
  30  beta_vw_p_cbo   3.48957e-04   1.49738e-04  -1.50168e-04   1.50149e-04
 **********
 **   88 **SHO COR 
 **********
 PARAMETER  CORRELATION COEFFICIENTS  
       NO.  GLOBAL      1      3      4      6      8      9     10     11     13     14     16     20     21     22     23     24
        1  0.15941   1.000  0.004 -0.020  0.006 -0.012 -0.027  0.004  0.067 -0.057 -0.115  0.049  0.000  0.064 -0.038  0.010  0.017
        3  0.10516   0.004  1.000 -0.007  0.030 -0.003  0.062 -0.023  0.026  0.023  0.029 -0.005  0.000  0.002  0.026  0.008 -0.020
        4  0.11541  -0.020 -0.007  1.000  0.000  0.044 -0.022  0.014 -0.073  0.002  0.067  0.005  0.000 -0.056 -0.014 -0.019  0.013
        6  0.14261   0.006  0.030  0.000  1.000 -0.037  0.036 -0.035  0.021 -0.019 -0.049 -0.013  0.000  0.096  0.044  0.008 -0.036
        8  0.12728  -0.012 -0.003  0.044 -0.037  1.000 -0.048 -0.030 -0.054 -0.020  0.035  0.020  0.000  0.011  0.038  0.001  0.004
        9  0.20000  -0.027  0.062 -0.022  0.036 -0.048  1.000 -0.014 -0.009  0.016 -0.051 -0.041  0.000  0.130  0.049 -0.004 -0.084
       10  0.11485   0.004 -0.023  0.014 -0.035 -0.030 -0.014  1.000  0.045  0.005  0.033 -0.002  0.000 -0.019  0.051  0.024  0.011
       11  0.34196   0.067  0.026 -0.073  0.021 -0.054 -0.009  0.045  1.000  0.057 -0.273 -0.039  0.000  0.136 -0.081  0.018  0.003
       13  0.42305  -0.057  0.023  0.002 -0.019 -0.020  0.016  0.005  0.057  1.000  0.001 -0.410  0.000  0.003  0.030 -0.008 -0.027
       14  0.32008  -0.115  0.029  0.067 -0.049  0.035 -0.051  0.033 -0.273  0.001  1.000  0.038  0.000 -0.055  0.028 -0.050 -0.024
       16  0.42222   0.049 -0.005  0.005 -0.013  0.020 -0.041 -0.002 -0.039 -0.410  0.038  1.000  0.000 -0.002 -0.029 -0.004  0.032
       20  0.00000   0.000  0.000  0.000  0.000  0.000  0.000  0.000  0.000  0.000  0.000  0.000  1.000  0.000  0.000  0.000  0.000
       21  0.23195   0.064  0.002 -0.056  0.096  0.011  0.130 -0.019  0.136  0.003 -0.055 -0.002  0.000  1.000 -0.014  0.016 -0.023
       22  0.15087  -0.038  0.026 -0.014  0.044  0.038  0.049  0.051 -0.081  0.030  0.028 -0.029  0.000 -0.014  1.000 -0.032 -0.028
       23  0.07868   0.010  0.008 -0.019  0.008  0.001 -0.004  0.024  0.018 -0.008 -0.050 -0.004  0.000  0.016 -0.032  1.000  0.003
       24  0.10898   0.017 -0.020  0.013 -0.036  0.004 -0.084  0.011  0.003 -0.027 -0.024  0.032  0.000 -0.023 -0.028  0.003  1.000
       25  0.12347  -0.010 -0.037  0.022 -0.035 -0.018 -0.043 -0.011  0.005  0.036  0.054  0.001  0.000 -0.061  0.020  0.017  0.022
                     1.000  0.000 -0.003 -0.028
       27  0.12670  -0.009  0.005  0.015  0.011  0.033 -0.010  0.017 -0.083 -0.032  0.032  0.078  0.000 -0.013 -0.018 -0.018  0.001
                     0.000  1.000  0.006 -0.035
       28  0.07688   0.029  0.002 -0.006  0.006  0.003 -0.002 -0.015  0.048 -0.021 -0.043 -0.017  0.000  0.029 -0.005  0.005  0.008
                    -0.003  0.006  1.000 -0.004
       30  0.12599  -0.027 -0.010 -0.011 -0.009 -0.054  0.025  0.008  0.034  0.082  0.008 -0.062  0.000 -0.007  0.024  0.018 -0.022
                    -0.028 -0.035 -0.004  1.000
 ELEMENTS ABOVE DIAGONAL ARE NOT PRINTED.
